<?xml version="1.0" encoding="UTF-8"?>
<testsuite xmlns:xsi="http://www.w3.org/2001/XMLSchema-instance" xsi:noNamespaceSchemaLocation="https://maven.apache.org/surefire/maven-surefire-plugin/xsd/surefire-test-report-3.0.xsd" version="3.0" name="runners.posts.GetPostsFeedExcelTestRunner" time="6.477" tests="1" errors="0" skipped="0" failures="0">
  <properties>
    <property name="java.specification.version" value="17"/>
    <property name="sun.cpu.isalist" value="amd64"/>
    <property name="sun.jnu.encoding" value="Cp1252"/>
    <property name="java.class.path" value="C:\Users\monst\karate-tests\target\test-classes;C:\Users\monst\karate-tests\target\classes;C:\Users\monst\.m2\repository\com\intuit\karate\karate-junit5\1.4.1\karate-junit5-1.4.1.jar;C:\Users\monst\.m2\repository\com\intuit\karate\karate-core\1.4.1\karate-core-1.4.1.jar;C:\Users\monst\.m2\repository\org\graalvm\js\js-scriptengine\22.3.3\js-scriptengine-22.3.3.jar;C:\Users\monst\.m2\repository\org\graalvm\sdk\graal-sdk\22.3.3\graal-sdk-22.3.3.jar;C:\Users\monst\.m2\repository\org\graalvm\js\js\22.3.3\js-22.3.3.jar;C:\Users\monst\.m2\repository\org\graalvm\regex\regex\22.3.3\regex-22.3.3.jar;C:\Users\monst\.m2\repository\org\graalvm\truffle\truffle-api\22.3.3\truffle-api-22.3.3.jar;C:\Users\monst\.m2\repository\com\ibm\icu\icu4j\71.1\icu4j-71.1.jar;C:\Users\monst\.m2\repository\org\thymeleaf\thymeleaf\3.1.2.RELEASE\thymeleaf-3.1.2.RELEASE.jar;C:\Users\monst\.m2\repository\ognl\ognl\3.3.4\ognl-3.3.4.jar;C:\Users\monst\.m2\repository\org\javassist\javassist\3.29.0-GA\javassist-3.29.0-GA.jar;C:\Users\monst\.m2\repository\org\attoparser\attoparser\2.0.7.RELEASE\attoparser-2.0.7.RELEASE.jar;C:\Users\monst\.m2\repository\org\unbescape\unbescape\1.1.6.RELEASE\unbescape-1.1.6.RELEASE.jar;C:\Users\monst\.m2\repository\org\slf4j\slf4j-api\2.0.7\slf4j-api-2.0.7.jar;C:\Users\monst\.m2\repository\com\linecorp\armeria\armeria\1.25.2\armeria-1.25.2.jar;C:\Users\monst\.m2\repository\com\fasterxml\jackson\core\jackson-core\2.15.2\jackson-core-2.15.2.jar;C:\Users\monst\.m2\repository\com\fasterxml\jackson\core\jackson-annotations\2.15.2\jackson-annotations-2.15.2.jar;C:\Users\monst\.m2\repository\com\fasterxml\jackson\core\jackson-databind\2.15.2\jackson-databind-2.15.2.jar;C:\Users\monst\.m2\repository\com\fasterxml\jackson\datatype\jackson-datatype-jdk8\2.15.2\jackson-datatype-jdk8-2.15.2.jar;C:\Users\monst\.m2\repository\com\fasterxml\jackson\datatype\jackson-datatype-jsr310\2.15.2\jackson-datatype-jsr310-2.15.2.jar;C:\Users\monst\.m2\repository\io\micrometer\micrometer-core\1.11.3\micrometer-core-1.11.3.jar;C:\Users\monst\.m2\repository\io\micrometer\micrometer-commons\1.11.3\micrometer-commons-1.11.3.jar;C:\Users\monst\.m2\repository\io\micrometer\micrometer-observation\1.11.3\micrometer-observation-1.11.3.jar;C:\Users\monst\.m2\repository\org\hdrhistogram\HdrHistogram\2.1.12\HdrHistogram-2.1.12.jar;C:\Users\monst\.m2\repository\org\latencyutils\LatencyUtils\2.0.3\LatencyUtils-2.0.3.jar;C:\Users\monst\.m2\repository\io\netty\netty-transport\4.1.96.Final\netty-transport-4.1.96.Final.jar;C:\Users\monst\.m2\repository\io\netty\netty-common\4.1.96.Final\netty-common-4.1.96.Final.jar;C:\Users\monst\.m2\repository\io\netty\netty-buffer\4.1.96.Final\netty-buffer-4.1.96.Final.jar;C:\Users\monst\.m2\repository\io\netty\netty-resolver\4.1.96.Final\netty-resolver-4.1.96.Final.jar;C:\Users\monst\.m2\repository\io\netty\netty-codec-haproxy\4.1.96.Final\netty-codec-haproxy-4.1.96.Final.jar;C:\Users\monst\.m2\repository\io\netty\netty-codec\4.1.96.Final\netty-codec-4.1.96.Final.jar;C:\Users\monst\.m2\repository\io\netty\netty-codec-http2\4.1.96.Final\netty-codec-http2-4.1.96.Final.jar;C:\Users\monst\.m2\repository\io\netty\netty-handler\4.1.96.Final\netty-handler-4.1.96.Final.jar;C:\Users\monst\.m2\repository\io\netty\netty-codec-http\4.1.96.Final\netty-codec-http-4.1.96.Final.jar;C:\Users\monst\.m2\repository\io\netty\netty-resolver-dns\4.1.96.Final\netty-resolver-dns-4.1.96.Final.jar;C:\Users\monst\.m2\repository\io\netty\netty-codec-dns\4.1.96.Final\netty-codec-dns-4.1.96.Final.jar;C:\Users\monst\.m2\repository\org\reactivestreams\reactive-streams\1.0.4\reactive-streams-1.0.4.jar;C:\Users\monst\.m2\repository\com\google\code\findbugs\jsr305\3.0.2\jsr305-3.0.2.jar;C:\Users\monst\.m2\repository\io\netty\netty-handler-proxy\4.1.96.Final\netty-handler-proxy-4.1.96.Final.jar;C:\Users\monst\.m2\repository\io\netty\netty-codec-socks\4.1.96.Final\netty-codec-socks-4.1.96.Final.jar;C:\Users\monst\.m2\repository\io\netty\netty-transport-native-unix-common\4.1.96.Final\netty-transport-native-unix-common-4.1.96.Final-linux-x86_64.jar;C:\Users\monst\.m2\repository\io\netty\netty-transport-native-epoll\4.1.96.Final\netty-transport-native-epoll-4.1.96.Final-linux-x86_64.jar;C:\Users\monst\.m2\repository\io\netty\netty-transport-native-unix-common\4.1.96.Final\netty-transport-native-unix-common-4.1.96.Final.jar;C:\Users\monst\.m2\repository\io\netty\netty-transport-classes-epoll\4.1.96.Final\netty-transport-classes-epoll-4.1.96.Final.jar;C:\Users\monst\.m2\repository\io\netty\netty-transport-native-unix-common\4.1.96.Final\netty-transport-native-unix-common-4.1.96.Final-linux-aarch_64.jar;C:\Users\monst\.m2\repository\io\netty\netty-transport-native-epoll\4.1.96.Final\netty-transport-native-epoll-4.1.96.Final-linux-aarch_64.jar;C:\Users\monst\.m2\repository\io\netty\netty-transport-native-unix-common\4.1.96.Final\netty-transport-native-unix-common-4.1.96.Final-osx-x86_64.jar;C:\Users\monst\.m2\repository\io\netty\netty-transport-native-kqueue\4.1.96.Final\netty-transport-native-kqueue-4.1.96.Final-osx-x86_64.jar;C:\Users\monst\.m2\repository\io\netty\netty-transport-classes-kqueue\4.1.96.Final\netty-transport-classes-kqueue-4.1.96.Final.jar;C:\Users\monst\.m2\repository\io\netty\netty-resolver-dns-native-macos\4.1.96.Final\netty-resolver-dns-native-macos-4.1.96.Final-osx-x86_64.jar;C:\Users\monst\.m2\repository\io\netty\netty-resolver-dns-classes-macos\4.1.96.Final\netty-resolver-dns-classes-macos-4.1.96.Final.jar;C:\Users\monst\.m2\repository\io\netty\netty-transport-native-unix-common\4.1.96.Final\netty-transport-native-unix-common-4.1.96.Final-osx-aarch_64.jar;C:\Users\monst\.m2\repository\io\netty\netty-transport-native-kqueue\4.1.96.Final\netty-transport-native-kqueue-4.1.96.Final-osx-aarch_64.jar;C:\Users\monst\.m2\repository\io\netty\netty-resolver-dns-native-macos\4.1.96.Final\netty-resolver-dns-native-macos-4.1.96.Final-osx-aarch_64.jar;C:\Users\monst\.m2\repository\io\netty\netty-tcnative-boringssl-static\2.0.61.Final\netty-tcnative-boringssl-static-2.0.61.Final-linux-x86_64.jar;C:\Users\monst\.m2\repository\io\netty\netty-tcnative-classes\2.0.61.Final\netty-tcnative-classes-2.0.61.Final.jar;C:\Users\monst\.m2\repository\io\netty\netty-tcnative-boringssl-static\2.0.61.Final\netty-tcnative-boringssl-static-2.0.61.Final-linux-aarch_64.jar;C:\Users\monst\.m2\repository\io\netty\netty-tcnative-boringssl-static\2.0.61.Final\netty-tcnative-boringssl-static-2.0.61.Final-osx-x86_64.jar;C:\Users\monst\.m2\repository\io\netty\netty-tcnative-boringssl-static\2.0.61.Final\netty-tcnative-boringssl-static-2.0.61.Final-osx-aarch_64.jar;C:\Users\monst\.m2\repository\io\netty\netty-tcnative-boringssl-static\2.0.61.Final\netty-tcnative-boringssl-static-2.0.61.Final-windows-x86_64.jar;C:\Users\monst\.m2\repository\com\aayushatharva\brotli4j\brotli4j\1.12.0\brotli4j-1.12.0.jar;C:\Users\monst\.m2\repository\com\aayushatharva\brotli4j\service\1.12.0\service-1.12.0.jar;C:\Users\monst\.m2\repository\com\aayushatharva\brotli4j\native-windows-x86_64\1.12.0\native-windows-x86_64-1.12.0.jar;C:\Users\monst\.m2\repository\org\apache\httpcomponents\httpclient\4.5.14\httpclient-4.5.14.jar;C:\Users\monst\.m2\repository\org\apache\httpcomponents\httpcore\4.4.16\httpcore-4.4.16.jar;C:\Users\monst\.m2\repository\ch\qos\logback\logback-classic\1.4.11\logback-classic-1.4.11.jar;C:\Users\monst\.m2\repository\ch\qos\logback\logback-core\1.4.11\logback-core-1.4.11.jar;C:\Users\monst\.m2\repository\org\slf4j\jcl-over-slf4j\2.0.9\jcl-over-slf4j-2.0.9.jar;C:\Users\monst\.m2\repository\org\antlr\antlr4-runtime\4.11.1\antlr4-runtime-4.11.1.jar;C:\Users\monst\.m2\repository\com\jayway\jsonpath\json-path\2.8.0\json-path-2.8.0.jar;C:\Users\monst\.m2\repository\net\minidev\json-smart\2.4.10\json-smart-2.4.10.jar;C:\Users\monst\.m2\repository\net\minidev\accessors-smart\2.4.9\accessors-smart-2.4.9.jar;C:\Users\monst\.m2\repository\org\ow2\asm\asm\9.3\asm-9.3.jar;C:\Users\monst\.m2\repository\org\yaml\snakeyaml\2.0\snakeyaml-2.0.jar;C:\Users\monst\.m2\repository\de\siegmar\fastcsv\2.2.1\fastcsv-2.2.1.jar;C:\Users\monst\.m2\repository\info\picocli\picocli\4.7.1\picocli-4.7.1.jar;C:\Users\monst\.m2\repository\io\github\classgraph\classgraph\4.8.160\classgraph-4.8.160.jar;C:\Users\monst\.m2\repository\io\github\t12y\resemble\1.0.2\resemble-1.0.2.jar;C:\Users\monst\.m2\repository\io\github\t12y\ssim\1.0.0\ssim-1.0.0.jar;C:\Users\monst\.m2\repository\org\junit\jupiter\junit-jupiter-api\5.9.3\junit-jupiter-api-5.9.3.jar;C:\Users\monst\.m2\repository\org\opentest4j\opentest4j\1.2.0\opentest4j-1.2.0.jar;C:\Users\monst\.m2\repository\org\junit\platform\junit-platform-commons\1.9.3\junit-platform-commons-1.9.3.jar;C:\Users\monst\.m2\repository\org\apiguardian\apiguardian-api\1.1.2\apiguardian-api-1.1.2.jar;C:\Users\monst\.m2\repository\org\junit\jupiter\junit-jupiter-engine\5.9.3\junit-jupiter-engine-5.9.3.jar;C:\Users\monst\.m2\repository\org\junit\platform\junit-platform-engine\1.9.3\junit-platform-engine-1.9.3.jar;C:\Users\monst\.m2\repository\org\apache\poi\poi\5.2.4\poi-5.2.4.jar;C:\Users\monst\.m2\repository\commons-codec\commons-codec\1.16.0\commons-codec-1.16.0.jar;C:\Users\monst\.m2\repository\org\apache\commons\commons-collections4\4.4\commons-collections4-4.4.jar;C:\Users\monst\.m2\repository\org\apache\commons\commons-math3\3.6.1\commons-math3-3.6.1.jar;C:\Users\monst\.m2\repository\commons-io\commons-io\2.13.0\commons-io-2.13.0.jar;C:\Users\monst\.m2\repository\com\zaxxer\SparseBitSet\1.3\SparseBitSet-1.3.jar;C:\Users\monst\.m2\repository\org\apache\logging\log4j\log4j-api\2.20.0\log4j-api-2.20.0.jar;C:\Users\monst\.m2\repository\org\apache\poi\poi-ooxml\5.2.4\poi-ooxml-5.2.4.jar;C:\Users\monst\.m2\repository\org\apache\poi\poi-ooxml-lite\5.2.4\poi-ooxml-lite-5.2.4.jar;C:\Users\monst\.m2\repository\org\apache\xmlbeans\xmlbeans\5.1.1\xmlbeans-5.1.1.jar;C:\Users\monst\.m2\repository\org\apache\commons\commons-compress\1.24.0\commons-compress-1.24.0.jar;C:\Users\monst\.m2\repository\com\github\virtuald\curvesapi\1.08\curvesapi-1.08.jar;"/>
    <property name="java.vm.vendor" value="Oracle Corporation"/>
    <property name="sun.arch.data.model" value="64"/>
    <property name="user.variant" value=""/>
    <property name="java.vendor.url" value="https://java.oracle.com/"/>
    <property name="user.timezone" value="Asia/Saigon"/>
    <property name="os.name" value="Windows 11"/>
    <property name="java.vm.specification.version" value="17"/>
    <property name="sun.java.launcher" value="SUN_STANDARD"/>
    <property name="user.country" value="US"/>
    <property name="sun.boot.library.path" value="C:\Program Files\Java\jdk-17\bin"/>
    <property name="sun.java.command" value="C:\Users\monst\AppData\Local\Temp\surefire10601710711766329250\surefirebooter-20250620232159993_3.jar C:\Users\monst\AppData\Local\Temp\surefire10601710711766329250 2025-06-20T23-21-59_672-jvmRun1 surefire-20250620232159993_1tmp surefire_0-20250620232159993_2tmp"/>
    <property name="jdk.debug" value="release"/>
    <property name="test" value="runners.posts.GetPostsFeedExcelTestRunner"/>
    <property name="surefire.test.class.path" value="C:\Users\monst\karate-tests\target\test-classes;C:\Users\monst\karate-tests\target\classes;C:\Users\monst\.m2\repository\com\intuit\karate\karate-junit5\1.4.1\karate-junit5-1.4.1.jar;C:\Users\monst\.m2\repository\com\intuit\karate\karate-core\1.4.1\karate-core-1.4.1.jar;C:\Users\monst\.m2\repository\org\graalvm\js\js-scriptengine\22.3.3\js-scriptengine-22.3.3.jar;C:\Users\monst\.m2\repository\org\graalvm\sdk\graal-sdk\22.3.3\graal-sdk-22.3.3.jar;C:\Users\monst\.m2\repository\org\graalvm\js\js\22.3.3\js-22.3.3.jar;C:\Users\monst\.m2\repository\org\graalvm\regex\regex\22.3.3\regex-22.3.3.jar;C:\Users\monst\.m2\repository\org\graalvm\truffle\truffle-api\22.3.3\truffle-api-22.3.3.jar;C:\Users\monst\.m2\repository\com\ibm\icu\icu4j\71.1\icu4j-71.1.jar;C:\Users\monst\.m2\repository\org\thymeleaf\thymeleaf\3.1.2.RELEASE\thymeleaf-3.1.2.RELEASE.jar;C:\Users\monst\.m2\repository\ognl\ognl\3.3.4\ognl-3.3.4.jar;C:\Users\monst\.m2\repository\org\javassist\javassist\3.29.0-GA\javassist-3.29.0-GA.jar;C:\Users\monst\.m2\repository\org\attoparser\attoparser\2.0.7.RELEASE\attoparser-2.0.7.RELEASE.jar;C:\Users\monst\.m2\repository\org\unbescape\unbescape\1.1.6.RELEASE\unbescape-1.1.6.RELEASE.jar;C:\Users\monst\.m2\repository\org\slf4j\slf4j-api\2.0.7\slf4j-api-2.0.7.jar;C:\Users\monst\.m2\repository\com\linecorp\armeria\armeria\1.25.2\armeria-1.25.2.jar;C:\Users\monst\.m2\repository\com\fasterxml\jackson\core\jackson-core\2.15.2\jackson-core-2.15.2.jar;C:\Users\monst\.m2\repository\com\fasterxml\jackson\core\jackson-annotations\2.15.2\jackson-annotations-2.15.2.jar;C:\Users\monst\.m2\repository\com\fasterxml\jackson\core\jackson-databind\2.15.2\jackson-databind-2.15.2.jar;C:\Users\monst\.m2\repository\com\fasterxml\jackson\datatype\jackson-datatype-jdk8\2.15.2\jackson-datatype-jdk8-2.15.2.jar;C:\Users\monst\.m2\repository\com\fasterxml\jackson\datatype\jackson-datatype-jsr310\2.15.2\jackson-datatype-jsr310-2.15.2.jar;C:\Users\monst\.m2\repository\io\micrometer\micrometer-core\1.11.3\micrometer-core-1.11.3.jar;C:\Users\monst\.m2\repository\io\micrometer\micrometer-commons\1.11.3\micrometer-commons-1.11.3.jar;C:\Users\monst\.m2\repository\io\micrometer\micrometer-observation\1.11.3\micrometer-observation-1.11.3.jar;C:\Users\monst\.m2\repository\org\hdrhistogram\HdrHistogram\2.1.12\HdrHistogram-2.1.12.jar;C:\Users\monst\.m2\repository\org\latencyutils\LatencyUtils\2.0.3\LatencyUtils-2.0.3.jar;C:\Users\monst\.m2\repository\io\netty\netty-transport\4.1.96.Final\netty-transport-4.1.96.Final.jar;C:\Users\monst\.m2\repository\io\netty\netty-common\4.1.96.Final\netty-common-4.1.96.Final.jar;C:\Users\monst\.m2\repository\io\netty\netty-buffer\4.1.96.Final\netty-buffer-4.1.96.Final.jar;C:\Users\monst\.m2\repository\io\netty\netty-resolver\4.1.96.Final\netty-resolver-4.1.96.Final.jar;C:\Users\monst\.m2\repository\io\netty\netty-codec-haproxy\4.1.96.Final\netty-codec-haproxy-4.1.96.Final.jar;C:\Users\monst\.m2\repository\io\netty\netty-codec\4.1.96.Final\netty-codec-4.1.96.Final.jar;C:\Users\monst\.m2\repository\io\netty\netty-codec-http2\4.1.96.Final\netty-codec-http2-4.1.96.Final.jar;C:\Users\monst\.m2\repository\io\netty\netty-handler\4.1.96.Final\netty-handler-4.1.96.Final.jar;C:\Users\monst\.m2\repository\io\netty\netty-codec-http\4.1.96.Final\netty-codec-http-4.1.96.Final.jar;C:\Users\monst\.m2\repository\io\netty\netty-resolver-dns\4.1.96.Final\netty-resolver-dns-4.1.96.Final.jar;C:\Users\monst\.m2\repository\io\netty\netty-codec-dns\4.1.96.Final\netty-codec-dns-4.1.96.Final.jar;C:\Users\monst\.m2\repository\org\reactivestreams\reactive-streams\1.0.4\reactive-streams-1.0.4.jar;C:\Users\monst\.m2\repository\com\google\code\findbugs\jsr305\3.0.2\jsr305-3.0.2.jar;C:\Users\monst\.m2\repository\io\netty\netty-handler-proxy\4.1.96.Final\netty-handler-proxy-4.1.96.Final.jar;C:\Users\monst\.m2\repository\io\netty\netty-codec-socks\4.1.96.Final\netty-codec-socks-4.1.96.Final.jar;C:\Users\monst\.m2\repository\io\netty\netty-transport-native-unix-common\4.1.96.Final\netty-transport-native-unix-common-4.1.96.Final-linux-x86_64.jar;C:\Users\monst\.m2\repository\io\netty\netty-transport-native-epoll\4.1.96.Final\netty-transport-native-epoll-4.1.96.Final-linux-x86_64.jar;C:\Users\monst\.m2\repository\io\netty\netty-transport-native-unix-common\4.1.96.Final\netty-transport-native-unix-common-4.1.96.Final.jar;C:\Users\monst\.m2\repository\io\netty\netty-transport-classes-epoll\4.1.96.Final\netty-transport-classes-epoll-4.1.96.Final.jar;C:\Users\monst\.m2\repository\io\netty\netty-transport-native-unix-common\4.1.96.Final\netty-transport-native-unix-common-4.1.96.Final-linux-aarch_64.jar;C:\Users\monst\.m2\repository\io\netty\netty-transport-native-epoll\4.1.96.Final\netty-transport-native-epoll-4.1.96.Final-linux-aarch_64.jar;C:\Users\monst\.m2\repository\io\netty\netty-transport-native-unix-common\4.1.96.Final\netty-transport-native-unix-common-4.1.96.Final-osx-x86_64.jar;C:\Users\monst\.m2\repository\io\netty\netty-transport-native-kqueue\4.1.96.Final\netty-transport-native-kqueue-4.1.96.Final-osx-x86_64.jar;C:\Users\monst\.m2\repository\io\netty\netty-transport-classes-kqueue\4.1.96.Final\netty-transport-classes-kqueue-4.1.96.Final.jar;C:\Users\monst\.m2\repository\io\netty\netty-resolver-dns-native-macos\4.1.96.Final\netty-resolver-dns-native-macos-4.1.96.Final-osx-x86_64.jar;C:\Users\monst\.m2\repository\io\netty\netty-resolver-dns-classes-macos\4.1.96.Final\netty-resolver-dns-classes-macos-4.1.96.Final.jar;C:\Users\monst\.m2\repository\io\netty\netty-transport-native-unix-common\4.1.96.Final\netty-transport-native-unix-common-4.1.96.Final-osx-aarch_64.jar;C:\Users\monst\.m2\repository\io\netty\netty-transport-native-kqueue\4.1.96.Final\netty-transport-native-kqueue-4.1.96.Final-osx-aarch_64.jar;C:\Users\monst\.m2\repository\io\netty\netty-resolver-dns-native-macos\4.1.96.Final\netty-resolver-dns-native-macos-4.1.96.Final-osx-aarch_64.jar;C:\Users\monst\.m2\repository\io\netty\netty-tcnative-boringssl-static\2.0.61.Final\netty-tcnative-boringssl-static-2.0.61.Final-linux-x86_64.jar;C:\Users\monst\.m2\repository\io\netty\netty-tcnative-classes\2.0.61.Final\netty-tcnative-classes-2.0.61.Final.jar;C:\Users\monst\.m2\repository\io\netty\netty-tcnative-boringssl-static\2.0.61.Final\netty-tcnative-boringssl-static-2.0.61.Final-linux-aarch_64.jar;C:\Users\monst\.m2\repository\io\netty\netty-tcnative-boringssl-static\2.0.61.Final\netty-tcnative-boringssl-static-2.0.61.Final-osx-x86_64.jar;C:\Users\monst\.m2\repository\io\netty\netty-tcnative-boringssl-static\2.0.61.Final\netty-tcnative-boringssl-static-2.0.61.Final-osx-aarch_64.jar;C:\Users\monst\.m2\repository\io\netty\netty-tcnative-boringssl-static\2.0.61.Final\netty-tcnative-boringssl-static-2.0.61.Final-windows-x86_64.jar;C:\Users\monst\.m2\repository\com\aayushatharva\brotli4j\brotli4j\1.12.0\brotli4j-1.12.0.jar;C:\Users\monst\.m2\repository\com\aayushatharva\brotli4j\service\1.12.0\service-1.12.0.jar;C:\Users\monst\.m2\repository\com\aayushatharva\brotli4j\native-windows-x86_64\1.12.0\native-windows-x86_64-1.12.0.jar;C:\Users\monst\.m2\repository\org\apache\httpcomponents\httpclient\4.5.14\httpclient-4.5.14.jar;C:\Users\monst\.m2\repository\org\apache\httpcomponents\httpcore\4.4.16\httpcore-4.4.16.jar;C:\Users\monst\.m2\repository\ch\qos\logback\logback-classic\1.4.11\logback-classic-1.4.11.jar;C:\Users\monst\.m2\repository\ch\qos\logback\logback-core\1.4.11\logback-core-1.4.11.jar;C:\Users\monst\.m2\repository\org\slf4j\jcl-over-slf4j\2.0.9\jcl-over-slf4j-2.0.9.jar;C:\Users\monst\.m2\repository\org\antlr\antlr4-runtime\4.11.1\antlr4-runtime-4.11.1.jar;C:\Users\monst\.m2\repository\com\jayway\jsonpath\json-path\2.8.0\json-path-2.8.0.jar;C:\Users\monst\.m2\repository\net\minidev\json-smart\2.4.10\json-smart-2.4.10.jar;C:\Users\monst\.m2\repository\net\minidev\accessors-smart\2.4.9\accessors-smart-2.4.9.jar;C:\Users\monst\.m2\repository\org\ow2\asm\asm\9.3\asm-9.3.jar;C:\Users\monst\.m2\repository\org\yaml\snakeyaml\2.0\snakeyaml-2.0.jar;C:\Users\monst\.m2\repository\de\siegmar\fastcsv\2.2.1\fastcsv-2.2.1.jar;C:\Users\monst\.m2\repository\info\picocli\picocli\4.7.1\picocli-4.7.1.jar;C:\Users\monst\.m2\repository\io\github\classgraph\classgraph\4.8.160\classgraph-4.8.160.jar;C:\Users\monst\.m2\repository\io\github\t12y\resemble\1.0.2\resemble-1.0.2.jar;C:\Users\monst\.m2\repository\io\github\t12y\ssim\1.0.0\ssim-1.0.0.jar;C:\Users\monst\.m2\repository\org\junit\jupiter\junit-jupiter-api\5.9.3\junit-jupiter-api-5.9.3.jar;C:\Users\monst\.m2\repository\org\opentest4j\opentest4j\1.2.0\opentest4j-1.2.0.jar;C:\Users\monst\.m2\repository\org\junit\platform\junit-platform-commons\1.9.3\junit-platform-commons-1.9.3.jar;C:\Users\monst\.m2\repository\org\apiguardian\apiguardian-api\1.1.2\apiguardian-api-1.1.2.jar;C:\Users\monst\.m2\repository\org\junit\jupiter\junit-jupiter-engine\5.9.3\junit-jupiter-engine-5.9.3.jar;C:\Users\monst\.m2\repository\org\junit\platform\junit-platform-engine\1.9.3\junit-platform-engine-1.9.3.jar;C:\Users\monst\.m2\repository\org\apache\poi\poi\5.2.4\poi-5.2.4.jar;C:\Users\monst\.m2\repository\commons-codec\commons-codec\1.16.0\commons-codec-1.16.0.jar;C:\Users\monst\.m2\repository\org\apache\commons\commons-collections4\4.4\commons-collections4-4.4.jar;C:\Users\monst\.m2\repository\org\apache\commons\commons-math3\3.6.1\commons-math3-3.6.1.jar;C:\Users\monst\.m2\repository\commons-io\commons-io\2.13.0\commons-io-2.13.0.jar;C:\Users\monst\.m2\repository\com\zaxxer\SparseBitSet\1.3\SparseBitSet-1.3.jar;C:\Users\monst\.m2\repository\org\apache\logging\log4j\log4j-api\2.20.0\log4j-api-2.20.0.jar;C:\Users\monst\.m2\repository\org\apache\poi\poi-ooxml\5.2.4\poi-ooxml-5.2.4.jar;C:\Users\monst\.m2\repository\org\apache\poi\poi-ooxml-lite\5.2.4\poi-ooxml-lite-5.2.4.jar;C:\Users\monst\.m2\repository\org\apache\xmlbeans\xmlbeans\5.1.1\xmlbeans-5.1.1.jar;C:\Users\monst\.m2\repository\org\apache\commons\commons-compress\1.24.0\commons-compress-1.24.0.jar;C:\Users\monst\.m2\repository\com\github\virtuald\curvesapi\1.08\curvesapi-1.08.jar;"/>
    <property name="sun.cpu.endian" value="little"/>
    <property name="user.home" value="C:\Users\monst"/>
    <property name="user.language" value="en"/>
    <property name="java.specification.vendor" value="Oracle Corporation"/>
    <property name="java.version.date" value="2023-10-17"/>
    <property name="java.home" value="C:\Program Files\Java\jdk-17"/>
    <property name="file.separator" value="\"/>
    <property name="basedir" value="C:\Users\monst\karate-tests"/>
    <property name="java.vm.compressedOopsMode" value="Zero based"/>
    <property name="line.separator" value="&#10;"/>
    <property name="java.vm.specification.vendor" value="Oracle Corporation"/>
    <property name="java.specification.name" value="Java Platform API Specification"/>
    <property name="surefire.real.class.path" value="C:\Users\monst\AppData\Local\Temp\surefire10601710711766329250\surefirebooter-20250620232159993_3.jar"/>
    <property name="user.script" value=""/>
    <property name="sun.management.compiler" value="HotSpot 64-Bit Tiered Compilers"/>
    <property name="java.runtime.version" value="17.0.9+11-LTS-201"/>
    <property name="user.name" value="monst"/>
    <property name="path.separator" value=";"/>
    <property name="os.version" value="10.0"/>
    <property name="java.runtime.name" value="Java(TM) SE Runtime Environment"/>
    <property name="file.encoding" value="Cp1252"/>
    <property name="java.vm.name" value="Java HotSpot(TM) 64-Bit Server VM"/>
    <property name="localRepository" value="C:\Users\monst\.m2\repository"/>
    <property name="java.vendor.url.bug" value="https://bugreport.java.com/bugreport/"/>
    <property name="java.io.tmpdir" value="C:\Users\monst\AppData\Local\Temp\"/>
    <property name="java.version" value="17.0.9"/>
    <property name="user.dir" value="C:\Users\monst\karate-tests"/>
    <property name="os.arch" value="amd64"/>
    <property name="java.vm.specification.name" value="Java Virtual Machine Specification"/>
    <property name="sun.os.patch.level" value=""/>
    <property name="native.encoding" value="Cp1252"/>
    <property name="java.library.path" value="C:\Program Files\Java\jdk-17\bin;C:\WINDOWS\Sun\Java\bin;C:\WINDOWS\system32;C:\WINDOWS;C:\Users\monst\bin;C:\Program Files\Git\mingw64\bin;C:\Program Files\Git\usr\local\bin;C:\Program Files\Git\usr\bin;C:\Program Files\Git\usr\bin;C:\Program Files\Git\mingw64\bin;C:\Program Files\Git\usr\bin;C:\Users\monst\bin;C:\Program Files\Eclipse Adoptium\jdk-17.0.12.7-hotspot\bin;C:\Program Files\Common Files\Oracle\Java\javapath;C:\Program Files (x86)\VMware\VMware Workstation\bin;C:\Windows\system32;C:\Windows;C:\Windows\System32\Wbem;C:\Windows\System32\WindowsPowerShell\v1.0;C:\Windows\System32\OpenSSH;C:\Program Files (x86)\NVIDIA Corporation\PhysX\Common;C:\Program Files\NVIDIA Corporation\NVIDIA NvDLISR;C:\WINDOWS\system32;C:\WINDOWS;C:\WINDOWS\System32\Wbem;C:\WINDOWS\System32\WindowsPowerShell\v1.0;C:\WINDOWS\System32\OpenSSH;C:\Program Files\Azure Data Studio\bin;C:\Program Files (x86)\Microsoft SQL Server\160\Tools\Binn;C:\Program Files\Microsoft SQL Server\160\Tools\Binn;C:\Program Files\Microsoft SQL Server\Client SDK\ODBC\170\Tools\Binn;C:\Program Files\Microsoft SQL Server\160\DTS\Binn;C:\Program Files (x86)\Microsoft SQL Server\160\DTS\Binn;C:\ProgramData\chocolatey\bin;C:\Program Files\Docker\Docker\resources\bin;C:\Program Files\nodejs;C:\Program Files\MySQL\MySQL Server 8.0\bin;C:\Program Files\Git\cmd;C:\Program Files (x86)\Windows Kits\10\Windows Performance Toolkit;C:\Program Files\dotnet;C:\Program Files\Microsoft SQL Server\150\Tools\Binn;C:\Program Files\Apache\apache-maven-3.9.9\bin;C:\Users\monst\AppData\Local\Android\Sdk\platform-tools;C:\Program Files\Cloudflare\Cloudflare WARP;C:\Users\monst\AppData\Local\Programs\Python\Python313\Scripts;C:\dev\flutter\bin;C:\Users\monst\.dotnet\tools;C:\Users\monst\AppData\Local\Programs\Microsoft VS Code\bin;C:\Users\monst\AppData\Local\Programs\Python\Python313;C:\Users\monst\AppData\Local\Programs\cursor\resources\app\bin;C:\Users\monst\AppData\Roaming\npm;C:\Program Files\Git\usr\bin\vendor_perl;C:\Program Files\Git\usr\bin\core_perl;."/>
    <property name="java.vm.info" value="mixed mode, sharing"/>
    <property name="java.vendor" value="Oracle Corporation"/>
    <property name="java.vm.version" value="17.0.9+11-LTS-201"/>
    <property name="sun.io.unicode.encoding" value="UnicodeLittle"/>
    <property name="java.class.version" value="61.0"/>
  </properties>
  <testcase name="[1:16] Chạy tất cả test cases getPostsFeed từ Excel" classname="features/posts/get-posts-feed-excel" time="5.838">
    <system-out><![CDATA[23:22:01.121 [main] DEBUG com.intuit.karate.Suite -- [config] classpath:karate-config.js
23:22:01.924 [main] INFO com.intuit.karate -- karate.env system property was: null 
23:22:01.961 [main] INFO com.intuit.karate -- karate.env system property was: null 
23:22:02.648 [main] INFO com.intuit.karate -- Headers found: [
  "bearerToken",
  "page",
  "limit",
  "testDescription",
  "expectedStatus",
  "expectedResult",
  "responseStatus",
  "result"
]
 
23:22:02.723 [main] INFO com.intuit.karate -- Read data from Excel: [
  {
    "bearerToken": "",
    "page": "1",
    "limit": "10",
    "testDescription": "Get posts feed h?p l? v?i page=1, limit=10",
    "expectedStatus": 200.0,
    "expectedResult": "{\"message\": \"Feed\", \"statusCode\": 200, \"status\": \"success\", \"data\": []}",
    "responseStatus": "",
    "result": ""
  },
  {
    "bearerToken": "",
    "page": "2",
    "limit": "5",
    "testDescription": "Get posts feed v?i page=2, limit=5",
    "expectedStatus": 200.0,
    "expectedResult": "{\"message\": \"Feed\", \"statusCode\": 200, \"status\": \"success\", \"data\": []}",
    "responseStatus": "",
    "result": ""
  },
  {
    "bearerToken": "",
    "page": "",
    "limit": "10",
    "testDescription": "Get posts feed không có page (default), limit=10",
    "expectedStatus": 200.0,
    "expectedResult": "{\"message\": \"Feed\", \"statusCode\": 200, \"status\": \"success\", \"data\": []}",
    "responseStatus": "",
    "result": ""
  },
  {
    "bearerToken": "",
    "page": "1",
    "limit": "",
    "testDescription": "Get posts feed page=1, không có limit (default)",
    "expectedStatus": 200.0,
    "expectedResult": "{\"message\": \"Feed\", \"statusCode\": 200, \"status\": \"success\", \"data\": []}",
    "responseStatus": "",
    "result": ""
  },
  {
    "bearerToken": "NO_TOKEN",
    "page": "1",
    "limit": "10",
    "testDescription": "Thi?u token xác th?c",
    "expectedStatus": 401.0,
    "expectedResult": "{\"error\": \"Unauthorized\"}",
    "responseStatus": "",
    "result": ""
  },
  {
    "bearerToken": "INVALID_TOKEN",
    "page": "1",
    "limit": "10",
    "testDescription": "Token không h?p l?",
    "expectedStatus": 401.0,
    "expectedResult": "{\"error\": \"Invalid or expired token\"}",
    "responseStatus": "",
    "result": ""
  },
  {
    "bearerToken": "",
    "page": "-1",
    "limit": "10",
    "testDescription": "Page s? âm",
    "expectedStatus": 400.0,
    "expectedResult": "{\"error\": \"Page must be positive number\"}",
    "responseStatus": "",
    "result": ""
  },
  {
    "bearerToken": "",
    "page": "1",
    "limit": "-5",
    "testDescription": "Limit s? âm",
    "expectedStatus": 400.0,
    "expectedResult": "{\"error\": \"Limit must be positive number\"}",
    "responseStatus": "",
    "result": ""
  },
  {
    "bearerToken": "",
    "page": "0",
    "limit": "10",
    "testDescription": "Page = 0",
    "expectedStatus": 400.0,
    "expectedResult": "{\"error\": \"Page must be positive number\"}",
    "responseStatus": "",
    "result": ""
  },
  {
    "bearerToken": "",
    "page": "1",
    "limit": "0",
    "testDescription": "Limit = 0",
    "expectedStatus": 400.0,
    "expectedResult": "{\"error\": \"Limit must be positive number\"}",
    "responseStatus": "",
    "result": ""
  },
  {
    "bearerToken": "",
    "page": "1",
    "limit": "1000",
    "testDescription": "Limit quá l?n (1000)",
    "expectedStatus": 400.0,
    "expectedResult": "{\"error\": \"Limit exceeds maximum allowed\"}",
    "responseStatus": "",
    "result": ""
  },
  {
    "bearerToken": "",
    "page": "9999",
    "limit": "10",
    "testDescription": "Page r?t l?n (9999) - không có d? li?u",
    "expectedStatus": 200.0,
    "expectedResult": "{\"message\": \"Feed\", \"statusCode\": 200, \"status\": \"success\", \"data\": []}",
    "responseStatus": "",
    "result": ""
  },
  {
    "bearerToken": "",
    "page": "1' OR '1'='1",
    "limit": "10",
    "testDescription": "Ki?m tra SQL Injection trong page",
    "expectedStatus": 400.0,
    "expectedResult": "{\"error\": \"Invalid page parameter\"}",
    "responseStatus": "",
    "result": ""
  },
  {
    "bearerToken": "",
    "page": "1",
    "limit": "10' OR '1'='1",
    "testDescription": "Ki?m tra SQL Injection trong limit",
    "expectedStatus": 400.0,
    "expectedResult": "{\"error\": \"Invalid limit parameter\"}",
    "responseStatus": "",
    "result": ""
  },
  {
    "bearerToken": "",
    "page": "abc",
    "limit": "xyz",
    "testDescription": "Page và limit v?i giá tr? string không h?p l?",
    "expectedStatus": 400.0,
    "expectedResult": "{\"error\": \"Invalid parameter format\"}",
    "responseStatus": "",
    "result": ""
  },
  {
    "bearerToken": "",
    "page": "1",
    "limit": "1",
    "testDescription": "Limit = 1 (minimum valid)",
    "expectedStatus": 200.0,
    "expectedResult": "{\"message\": \"Feed\", \"statusCode\": 200, \"status\": \"success\", \"data\": []}",
    "responseStatus": "",
    "result": ""
  },
  {
    "bearerToken": "",
    "page": "1",
    "limit": "50",
    "testDescription": "Limit = 50 (maximum valid)",
    "expectedStatus": 200.0,
    "expectedResult": "{\"message\": \"Feed\", \"statusCode\": 200, \"status\": \"success\", \"data\": []}",
    "responseStatus": "",
    "result": ""
  },
  {
    "bearerToken": "",
    "page": "",
    "limit": "",
    "testDescription": "Không có query parameters (s? d?ng default)",
    "expectedStatus": 200.0,
    "expectedResult": "{\"message\": \"Feed\", \"statusCode\": 200, \"status\": \"success\", \"data\": []}",
    "responseStatus": "",
    "result": ""
  }
]
 
23:22:02.751 [main] INFO com.intuit.karate -- [print] ??c ???c 18 test cases t? Excel sheet: getPostsFeed 
23:22:02.766 [main] DEBUG com.jayway.jsonpath.internal.path.CompiledPath -- Evaluating path: $
23:22:02.770 [main] INFO com.intuit.karate -- [print] S? d?ng global bearer token t? config: eyJhbGciOiJIUzI1NiIsInR5cCI6IkpXVCJ9.eyJzdWIiOiIwODUxNWIwNS0yZDNlLTQ3ODktYWQ2MC1kYjM1NTI1YTQ5NzAiLCJ1c2VybmFtZSI6Im5hbSIsInJvbGUiOjAsImlhdCI6MTc1MDQzMzEyOCwiZXhwIjoxNzUwNDM2NzI4fQ.LLNWdGI7R_rFyU4cQg2wm-V3Jq9O_6TIXzyRgCE6Uf4 
23:22:02.779 [main] INFO com.intuit.karate -- [print] B?t ??u ch?y t?ng test case... 
23:22:02.783 [main] INFO com.intuit.karate -- ?ang ch?y test case #1: Get posts feed h?p l? v?i page=1, limit=10 
23:22:02.783 [main] INFO com.intuit.karate -- S? d?ng global bearer token t? config: eyJhbGciOiJIUzI1NiIsInR5cCI6IkpXVCJ9.eyJzdWIiOiIwODUxNWIwNS0yZDNlLTQ3ODktYWQ2MC1kYjM1NTI1YTQ5NzAiLCJ1c2VybmFtZSI6Im5hbSIsInJvbGUiOjAsImlhdCI6MTc1MDQzMzEyOCwiZXhwIjoxNzUwNDM2NzI4fQ.LLNWdGI7R_rFyU4cQg2wm-V3Jq9O_6TIXzyRgCE6Uf4 
23:22:02.805 [main] INFO com.intuit.karate -- karate.env system property was: null 
23:22:02.815 [main] DEBUG com.jayway.jsonpath.internal.path.CompiledPath -- Evaluating path: $
23:22:02.818 [main] DEBUG com.jayway.jsonpath.internal.path.CompiledPath -- Evaluating path: $
23:22:03.051 [main] DEBUG org.apache.http.client.protocol.RequestAddCookies -- CookieSpec selected: karate
23:22:03.056 [main] DEBUG org.apache.http.client.protocol.RequestAuthCache -- Auth cache not set in the context
23:22:03.058 [main] DEBUG com.intuit.karate -- request:
1 > GET http://localhost:3000/posts/feed?limit=10&page=1
1 > Authorization: Bearer eyJhbGciOiJIUzI1NiIsInR5cCI6IkpXVCJ9.eyJzdWIiOiIwODUxNWIwNS0yZDNlLTQ3ODktYWQ2MC1kYjM1NTI1YTQ5NzAiLCJ1c2VybmFtZSI6Im5hbSIsInJvbGUiOjAsImlhdCI6MTc1MDQzMzEyOCwiZXhwIjoxNzUwNDM2NzI4fQ.LLNWdGI7R_rFyU4cQg2wm-V3Jq9O_6TIXzyRgCE6Uf4
1 > Host: localhost:3000
1 > Connection: Keep-Alive
1 > User-Agent: Apache-HttpClient/4.5.14 (Java/17.0.9)
1 > Accept-Encoding: gzip,deflate


23:22:03.059 [main] DEBUG org.apache.http.impl.conn.PoolingHttpClientConnectionManager -- Connection request: [route: {}->http://localhost:3000][total available: 0; route allocated: 0 of 5; total allocated: 0 of 10]
23:22:03.067 [main] DEBUG org.apache.http.impl.conn.PoolingHttpClientConnectionManager -- Connection leased: [id: 0][route: {}->http://localhost:3000][total available: 0; route allocated: 1 of 5; total allocated: 1 of 10]
23:22:03.068 [main] DEBUG org.apache.http.impl.execchain.MainClientExec -- Opening connection {}->http://localhost:3000
23:22:03.076 [main] DEBUG org.apache.http.impl.conn.DefaultHttpClientConnectionOperator -- Connecting to localhost/127.0.0.1:3000
23:22:03.078 [main] DEBUG org.apache.http.impl.conn.DefaultHttpClientConnectionOperator -- Connection established 127.0.0.1:64598<->127.0.0.1:3000
23:22:03.078 [main] DEBUG org.apache.http.impl.conn.DefaultManagedHttpClientConnection -- http-outgoing-0: set socket timeout to 5000
23:22:03.078 [main] DEBUG org.apache.http.impl.execchain.MainClientExec -- Executing request GET /posts/feed?limit=10&page=1 HTTP/1.1
23:22:03.078 [main] DEBUG org.apache.http.impl.execchain.MainClientExec -- Proxy auth state: UNCHALLENGED
23:22:03.079 [main] DEBUG org.apache.http.headers -- http-outgoing-0 >> GET /posts/feed?limit=10&page=1 HTTP/1.1
23:22:03.081 [main] DEBUG org.apache.http.headers -- http-outgoing-0 >> Authorization: Bearer eyJhbGciOiJIUzI1NiIsInR5cCI6IkpXVCJ9.eyJzdWIiOiIwODUxNWIwNS0yZDNlLTQ3ODktYWQ2MC1kYjM1NTI1YTQ5NzAiLCJ1c2VybmFtZSI6Im5hbSIsInJvbGUiOjAsImlhdCI6MTc1MDQzMzEyOCwiZXhwIjoxNzUwNDM2NzI4fQ.LLNWdGI7R_rFyU4cQg2wm-V3Jq9O_6TIXzyRgCE6Uf4
23:22:03.081 [main] DEBUG org.apache.http.headers -- http-outgoing-0 >> Host: localhost:3000
23:22:03.081 [main] DEBUG org.apache.http.headers -- http-outgoing-0 >> Connection: Keep-Alive
23:22:03.081 [main] DEBUG org.apache.http.headers -- http-outgoing-0 >> User-Agent: Apache-HttpClient/4.5.14 (Java/17.0.9)
23:22:03.081 [main] DEBUG org.apache.http.headers -- http-outgoing-0 >> Accept-Encoding: gzip,deflate
23:22:03.081 [main] DEBUG org.apache.http.wire -- http-outgoing-0 >> "GET /posts/feed?limit=10&page=1 HTTP/1.1[\r][\n]"
23:22:03.081 [main] DEBUG org.apache.http.wire -- http-outgoing-0 >> "Authorization: Bearer eyJhbGciOiJIUzI1NiIsInR5cCI6IkpXVCJ9.eyJzdWIiOiIwODUxNWIwNS0yZDNlLTQ3ODktYWQ2MC1kYjM1NTI1YTQ5NzAiLCJ1c2VybmFtZSI6Im5hbSIsInJvbGUiOjAsImlhdCI6MTc1MDQzMzEyOCwiZXhwIjoxNzUwNDM2NzI4fQ.LLNWdGI7R_rFyU4cQg2wm-V3Jq9O_6TIXzyRgCE6Uf4[\r][\n]"
23:22:03.081 [main] DEBUG org.apache.http.wire -- http-outgoing-0 >> "Host: localhost:3000[\r][\n]"
23:22:03.081 [main] DEBUG org.apache.http.wire -- http-outgoing-0 >> "Connection: Keep-Alive[\r][\n]"
23:22:03.081 [main] DEBUG org.apache.http.wire -- http-outgoing-0 >> "User-Agent: Apache-HttpClient/4.5.14 (Java/17.0.9)[\r][\n]"
23:22:03.081 [main] DEBUG org.apache.http.wire -- http-outgoing-0 >> "Accept-Encoding: gzip,deflate[\r][\n]"
23:22:03.081 [main] DEBUG org.apache.http.wire -- http-outgoing-0 >> "[\r][\n]"
23:22:03.240 [main] DEBUG org.apache.http.wire -- http-outgoing-0 << "HTTP/1.1 200 OK[\r][\n]"
23:22:03.240 [main] DEBUG org.apache.http.wire -- http-outgoing-0 << "X-Powered-By: Express[\r][\n]"
23:22:03.240 [main] DEBUG org.apache.http.wire -- http-outgoing-0 << "Access-Control-Allow-Origin: *[\r][\n]"
23:22:03.240 [main] DEBUG org.apache.http.wire -- http-outgoing-0 << "Content-Type: application/json; charset=utf-8[\r][\n]"
23:22:03.240 [main] DEBUG org.apache.http.wire -- http-outgoing-0 << "Content-Length: 10395[\r][\n]"
23:22:03.240 [main] DEBUG org.apache.http.wire -- http-outgoing-0 << "ETag: W/"289b-+h99kJ77qnjR0tew0IdOP5eLWcY"[\r][\n]"
23:22:03.240 [main] DEBUG org.apache.http.wire -- http-outgoing-0 << "Date: Fri, 20 Jun 2025 16:22:03 GMT[\r][\n]"
23:22:03.240 [main] DEBUG org.apache.http.wire -- http-outgoing-0 << "Connection: keep-alive[\r][\n]"
23:22:03.240 [main] DEBUG org.apache.http.wire -- http-outgoing-0 << "Keep-Alive: timeout=5[\r][\n]"
23:22:03.240 [main] DEBUG org.apache.http.wire -- http-outgoing-0 << "[\r][\n]"
23:22:03.241 [main] DEBUG org.apache.http.wire -- http-outgoing-0 << "{"message":"Feed","statusCode":200,"status":"success","data":[{"id":"007fcd52-ae77-4c58-988d-36ef78edc29b","authorId":"dacf294e-491b-47ff-bd74-bfe5ddbfbdf9","imageUrl":["https://res.cloudinary.com/dizcvrefo/image/upload/v1748598131/nestjs_uploads/tsh3n10qz6mojbkiayhx.jpg","https://res.cloudinary.com/dizcvrefo/image/upload/v1748598131/nestjs_uploads/no5fdmt60yg8li6gvwao.jpg","https://res.cloudinary.com/dizcvrefo/image/upload/v1748598131/nestjs_uploads/lbn3umepxtqxjcw51mv0.jpg","https://res.cloudinary.com/dizcvrefo/image/upload/v1748598131/nestjs_uploads/e4nufb9kmremurdaanw5.jpg","https://res.cloudinary.com/dizcvrefo/image/upload/v1748598131/nestjs_uploads/pqwqj0gdwqfqqyct54hz.jpg","https://res.cloudinary.com/dizcvrefo/image/upload/v1748598130/nestjs_uploads/dics8pfhps2jfskadthz.jpg"],"caption":"Th[0xe1][0xbb][0x83] thao [0xc4][0x91]i[0xe1][0xbb][0x87]n t[0xe1][0xbb][0xad]","location":null,"tags":[],"isPublic":true,"likeCount":0,"commentCount":0,"sharedCount":0,"createdAt":"2025-05-30T09:42:13.811Z","updatedAt":"2025-05-30T09:42:13.811Z","author":{"username":"chinh","profilePic":"https://hebbkx1anhila5yf.public.blob.vercel-storage.com/image-hiZZ98WEvmBOkk3oAqffc3ReiwtEIO.png"},"_count":{"likes":3,"comments":0},"score":0.021540593846365398,"isLike":true,"isToday":false,"isFollowing":true,"isSelf":false},{"id":"479ed759-3811-4b84-8141-bff184fae4b8","authorId":"dacf294e-491b-47ff-bd74-bfe5ddbfbdf9","imageUrl":["https://res.cloudinary.com/dizcvrefo/image/upload/v1748596741/nestjs_uploads/g8vk3zn2rfop6caitmfb.jpg","https://res.cloudinary.com/dizcvrefo/image/upload/v1748596741/nestjs_uploads/cqcspqsifpg0ndthyuax.jpg","https://res.cloudinary.com/dizcvrefo/image/upload/v1748596741/nestjs_uploads/hc3svmdbfotscvcctfoq.jpg","https://res.cloudinary.com/dizcvrefo/image/upload/v1748596742/nestjs_uploads/fxjvluy2vpyfuspukumf.jpg","https://res.cloudinary.com/dizcvrefo/image/upload/v1748596741/nestjs_uploads/sb38euks3gzg5f92uiig.jpg"],"caption":"Village","location":null,"tags":[],"isPublic":true,"likeCount":0,"commentCount":0,"sharedCount":0,"createdAt":"2025-05-30T09:19:04.180Z","updatedAt":"2025-05-30T09:19:04.180Z","author":{"username":"chinh","profilePic":"https://hebbkx1anhila5yf.public.blob.vercel-storage.com/image-hiZZ98WEvmBOkk3oAqffc3ReiwtEIO.png"},"_count":{"likes":3,"comments":0},"score":0.021524323698696907,"isLike":true,"isToday":false,"isFollowing":true,"isSelf":false},{"id":"9ef01284-6f35-4f8a-9d58-3f5891acc766","authorId":"dacf294e-491b-47ff-bd74-bfe5ddbfbdf9","imageUrl":["https://res.cloudinary.com/dizcvrefo/image/upload/v1748596489/nestjs_uploads/ue1yvhe1qzvlc2pmkjee.jpg","https://res.cloudinary.com/dizcvrefo/image/upload/v1748596493/nestjs_uploads/bm3pcnpqmnppnsuq0pv9.jpg","https://res.cloudinary.com/dizcvrefo/image/upload/v1748596489/nestjs_uploads/q6nipodzp1mdnpm1p13g.jpg","https://res.cloudinary.com/dizcvrefo/image/upload/v1748596489/nestjs_uploads/icygr75zfmxk0ehqsnwo.jpg","https://res.cloudinary.com/dizcvrefo/image/upload/v1748596489/nestjs_uploads/ghgd01xzcaxpra5httqg.jpg","https://res.cloudinary.com/dizcvrefo/image/upload/v1748596489/nestjs_uploads/o53mpfip4l7dbjbd7wcw.jpg"],"caption":"Nh[0xe1][0xba][0xad]u","location":null,"tags":[],"isPublic":true,"likeCount":0,"commentCount":0,"sharedCount":0,"createdAt":"2025-05-30T09:14:54.972Z","updatedAt":"2025-05-30T09:14:54.972Z","author":{"username":"chinh","profilePic":"https://hebbkx1anhila5yf.public.blob.vercel-storage.com/image-hiZZ98WEvmBOkk3oAqffc3ReiwtEIO.png"},"_count":{"likes":3,"comments":0},"score":0.02152140850779658,"isLike":true,"isToday":false,"isFollowing":true,"isSelf":false},{"id":"9c4e8842-ced5-492b-9423-890177a28564","authorId":"2b84aa24-668a-40e2-af1c-ad4fc4fa5a6f","imageUrl":["https://res.cloudinary.com/dizcvrefo/image/upload/v1748659538/nestjs_uploads/n4mg888um8bynequtdtp.jpg","https://res.cloudinary.com/dizcvrefo/image/upload/v1748659538/nestjs_uploads/mfqojpf1bufduxfh0j0n.jpg","https://res.cloudinary.com/dizcvrefo/image/upload/v1748659538/nestjs_uploads/vx9qkwao5v4hdeqiplsp.jpg","https://res.cloudinary.com/dizcvrefo/image/upload/v1748659538/nestjs_uploads/r2sv0p0echvnrwqxoswu.jpg"],"caption":"Ha noi nay tro gio","location":null,"tags":[],"isPublic":true,"likeCount":0,"commentCount":0,"sharedCount":0,"createdAt":"2025-05-31T02:45:39.688Z","updatedAt":"2025-05-31T02:45:39.688Z","author":{"username":"quang1","profilePic":"https://res.cloudinary.com/dizcvrefo/image/upload/v1749027586/nestjs_uploads/xehairydt9rzlbmbmv4c.jpg"},"_count":{"likes":2,"comments":0},"score":0.01823314570456595,"isLike":false,"isToday":false,"isFollowing":true,"isSelf":false},{"id":"e3f481cc-53c6-41c8-9a28-cd2f9c4f2f46","authorId":"2b84aa24-668a-40e2-af1c-ad4fc4fa5a6f","imageUrl":["https://res.cloudinary.com/dizcvrefo/image/upload/v1749027663/nestjs_uploads/nuuktb6j4oy5jnuyt3ws.jpg","https://res.cloudinary.com/dizcvrefo/image/upload/v1749027663/nestjs_uploads/aa03sao5n7bkhyhhrovx.jpg","https://res.cloudinary.com/dizcvrefo/image/upload/v1749027663/nestjs_uploads/hic88kwvdqoltmqsueim.jpg","https://res.cloudinary.com/dizcvrefo/image/upload/v1749027664/nestjs_uploads/hrnmt9e7g7pavf2fxwyw.png","https://res.cloudinary.com/dizcvrefo/image/upload/v1749027664/nestjs_uploads/oxa2hbuxzj3lngjbubpf.jpg","https://res.cloudinary.com/dizcvrefo/image/upload/v1749027663/nestjs_uploads/scrigmpzvmixwv9ddfnl.jpg","https://res.cloudinary.com/dizcvrefo/image/upload/v1749027664/nestjs_uploads/wpnyt5jyz8lgj2bvprin.jpg"],"caption":"Buon that, hom nay toi thi truot","location":null,"tags":[],"isPublic":true,"likeCount":0,"commentCount":0,"sharedCount":0,"createdAt":"2025-06-04T09:01:06.391Z","updatedAt":"2025-06-04T09:01:06.391Z","author":{"username":"quang1","profilePic":"https://res.cloudinary.com/dizcvrefo/image/upload/v1749027586/nestjs_uploads/xehairydt9rzlbmbmv4c.jpg"},"_count":{"likes":1,"comments":0},"score":0.017886842113003662,"isLike":false,"isToday":false,"isFollowing":true,"isSelf":false},{"id":"c8151412-bc98-49ec-88ff-57b89cc2ce67","authorId":"08515b05-2d3e-4789-ad60-db35525a4970","imageUrl":["https://res.cloudinary.com/dizcvrefo/image/upload/v1748933672/nestjs_uploads/rpehmvwkwptjktjzllxz.jpg","https://res.cloudinary.com/dizcvrefo/image/upload/v1748933672/nestjs_uploads/xl8wce3gldsuaekfnfwo.jpg","https://res.cloudinary.com/dizcvrefo/image/upload/v1748933671/nestjs_uploads/ee1ntt1feukxfszhma1b.jpg"],"caption":"Moi di hom nay","location":null,"tags":[],"isPublic":true,"likeCount":0,"commentCount":0,"sharedCount":0,"createdAt":"2025-06-03T06:54:33.756Z","updatedAt":"2025-06-03T06:54:33.756Z","author":{"username":"nam","profilePic":"https://res.cloudinary.com/dizcvrefo/image/upload/v1749266646/nestjs_uploads/zk9zrpeidnovxibfqdxr.png"},"_count":{"likes":3,"comments":0},"score":0.014372696829812862,"isLike":true,"isToday":false,"isFollowing":false,"isSelf":true},{"id":"45a2d709-c6c9-4887-9235-dbbd2d381827","authorId":"08515b05-2d3e-4789-ad60-db35525a4970","imageUrl":["https://res.cloudinary.com/dizcvrefo/image/upload/v1748932129/nestjs_uploads/ecwyixgm9kf0zdng7bdp.png","https://res.cloudinary.com/dizcvrefo/image/upload/v1748932129/nestjs_uploads/uhl3z1wamgjxl5o4vq1l.jpg","https://res.cloudinary.com/dizcvrefo/image/upload/v1748932129/nestjs_uploads/pavlktzorkfcm5pp31io.jpg","https://res.cloudinary.com/dizcvrefo/image/upload/v1748932129/nestjs_uploads/knew9jcdpmwaleoa6oov.jpg"],"caption":"Di choi di anh em oi","location":null,"tags":[],"isPublic":true,"likeCount":0,"commentCount":0,"sharedCount":0,"createdAt":"2025-06-03T06:28:51.322Z","updatedAt":"2025-06-03T06:28:51.322Z","author":{"username":"nam","profilePic":"https://res.cloudinary.com/dizcvrefo/image/upload/v1749266646/nestjs_uploads/zk9zrpeidnovxibfqdxr.png"},"_count":{"likes":3,"comments":0},"score":0.014357960685586429,"isLike":true,"isToday":false,"isFollowing":false,"isSelf":true},{"id":"bd9fb1fc-af49-4625-aa11-a458424d17ca","authorId":"08515b05-2d3e-4789-ad60-db35525a4970","imageUrl":["https://res.cloudinary.com/dizcvrefo/image/upload/v1749400565/nest"
23:22:03.242 [main] DEBUG org.apache.http.headers -- http-outgoing-0 << HTTP/1.1 200 OK
23:22:03.244 [main] DEBUG org.apache.http.headers -- http-outgoing-0 << X-Powered-By: Express
23:22:03.244 [main] DEBUG org.apache.http.headers -- http-outgoing-0 << Access-Control-Allow-Origin: *
23:22:03.244 [main] DEBUG org.apache.http.headers -- http-outgoing-0 << Content-Type: application/json; charset=utf-8
23:22:03.244 [main] DEBUG org.apache.http.headers -- http-outgoing-0 << Content-Length: 10395
23:22:03.244 [main] DEBUG org.apache.http.headers -- http-outgoing-0 << ETag: W/"289b-+h99kJ77qnjR0tew0IdOP5eLWcY"
23:22:03.244 [main] DEBUG org.apache.http.headers -- http-outgoing-0 << Date: Fri, 20 Jun 2025 16:22:03 GMT
23:22:03.244 [main] DEBUG org.apache.http.headers -- http-outgoing-0 << Connection: keep-alive
23:22:03.244 [main] DEBUG org.apache.http.headers -- http-outgoing-0 << Keep-Alive: timeout=5
23:22:03.246 [main] DEBUG org.apache.http.impl.execchain.MainClientExec -- Connection can be kept alive for 5000 MILLISECONDS
23:22:03.248 [main] DEBUG org.apache.http.wire -- http-outgoing-0 << "js_uploads/srvf0b7b2fnsab8uqc8g.jpg","https://res.cloudinary.com/dizcvrefo/image/upload/v1749400565/nestjs_uploads/u2gybzjxkewsxa1atyq4.jpg","https://res.cloudinary.com/dizcvrefo/image/upload/v1749400565/nestjs_uploads/lottkkizhi1ngodzx4pp.jpg"],"caption":"toi la NAM BO","location":null,"tags":[],"isPublic":true,"likeCount":0,"commentCount":0,"sharedCount":0,"createdAt":"2025-06-08T16:36:04.450Z","updatedAt":"2025-06-08T16:36:04.450Z","author":{"username":"nam","profilePic":"https://res.cloudinary.com/dizcvrefo/image/upload/v1749266646/nestjs_uploads/zk9zrpeidnovxibfqdxr.png"},"_count":{"likes":2,"comments":0},"score":0.013900166833760025,"isLike":true,"isToday":false,"isFollowing":false,"isSelf":true},{"id":"8a0e35ce-0f39-4475-b2d2-15c217983926","authorId":"08515b05-2d3e-4789-ad60-db35525a4970","imageUrl":["https://res.cloudinary.com/dizcvrefo/image/upload/v1748597950/nestjs_uploads/siabu4jmaf7nfak5xkgc.jpg","https://res.cloudinary.com/dizcvrefo/image/upload/v1748597951/nestjs_uploads/bufde4typyni9j408ua4.jp"
23:22:03.248 [main] DEBUG org.apache.http.wire -- http-outgoing-0 << "g","https://res.cloudinary.com/dizcvrefo/image/upload/v1748597951/nestjs_uploads/yk6tjdkirr4a7ons7iz5.jpg"],"caption":"[0xc4][0x82]n g[0xc3][0xac] kh[0xc3][0xb4]ng","location":null,"tags":[],"isPublic":true,"likeCount":0,"commentCount":0,"sharedCount":0,"createdAt":"2025-05-30T09:39:13.647Z","updatedAt":"2025-05-30T09:39:13.647Z","author":{"username":"nam","profilePic":"https://res.cloudinary.com/dizcvrefo/image/upload/v1749266646/nestjs_uploads/zk9zrpeidnovxibfqdxr.png"},"_count":{"likes":3,"comments":0},"score":0.011748263483735458,"isLike":true,"isToday":false,"isFollowing":false,"isSelf":true},{"id":"b96886bd-5f00-41af-a440-152f360f1657","authorId":"08515b05-2d3e-4789-ad60-db35525a4970","imageUrl":["https://res.cloudinary.com/dizcvrefo/image/upload/v1748597371/nestjs_uploads/vce2gudp9o4mm4fn8xt0.jpg","https://res.cloudinary.com/dizcvrefo/image/upload/v1748597372/nestjs_uploads/u691vkjqxrek1dv0wtbm.jpg","https://res.cloudinary.com/dizcvrefo/image/upload/v1748597371/nestjs_uploads/feqbcopm8ge8maj3hu6k.jpg"],"caption":"ok","location":nul"
23:22:03.248 [main] DEBUG org.apache.http.wire -- http-outgoing-0 << "l,"tags":[],"isPublic":true,"likeCount":0,"commentCount":0,"sharedCount":0,"createdAt":"2025-05-30T09:29:34.405Z","updatedAt":"2025-05-30T09:29:34.405Z","author":{"username":"nam","profilePic":"https://res.cloudinary.com/dizcvrefo/image/upload/v1749266646/nestjs_uploads/zk9zrpeidnovxibfqdxr.png"},"_count":{"likes":3,"comments":0},"score":0.011744563354898117,"isLike":true,"isToday":false,"isFollowing":false,"isSelf":true}]}"
23:22:03.248 [main] DEBUG org.apache.http.impl.conn.PoolingHttpClientConnectionManager -- Connection [id: 0][route: {}->http://localhost:3000] can be kept alive for 5.0 seconds
23:22:03.248 [main] DEBUG org.apache.http.impl.conn.DefaultManagedHttpClientConnection -- http-outgoing-0: set socket timeout to 0
23:22:03.248 [main] DEBUG org.apache.http.impl.conn.PoolingHttpClientConnectionManager -- Connection released: [id: 0][route: {}->http://localhost:3000][total available: 1; route allocated: 1 of 5; total allocated: 1 of 10]
23:22:03.248 [main] DEBUG org.apache.http.impl.conn.PoolingHttpClientConnectionManager -- Connection manager is shutting down
23:22:03.248 [main] DEBUG org.apache.http.impl.conn.DefaultManagedHttpClientConnection -- http-outgoing-0: Close connection
23:22:03.250 [main] DEBUG org.apache.http.impl.conn.PoolingHttpClientConnectionManager -- Connection manager shut down
23:22:03.252 [main] DEBUG com.intuit.karate -- response time in milliseconds: 190
1 < 200
1 < X-Powered-By: Express
1 < Access-Control-Allow-Origin: *
1 < Content-Type: application/json; charset=utf-8
1 < Content-Length: 10395
1 < ETag: W/"289b-+h99kJ77qnjR0tew0IdOP5eLWcY"
1 < Date: Fri, 20 Jun 2025 16:22:03 GMT
1 < Connection: keep-alive
1 < Keep-Alive: timeout=5
{
  "message": "Feed",
  "statusCode": 200,
  "status": "success",
  "data": [
    {
      "id": "007fcd52-ae77-4c58-988d-36ef78edc29b",
      "authorId": "dacf294e-491b-47ff-bd74-bfe5ddbfbdf9",
      "imageUrl": [
        "https://res.cloudinary.com/dizcvrefo/image/upload/v1748598131/nestjs_uploads/tsh3n10qz6mojbkiayhx.jpg",
        "https://res.cloudinary.com/dizcvrefo/image/upload/v1748598131/nestjs_uploads/no5fdmt60yg8li6gvwao.jpg",
        "https://res.cloudinary.com/dizcvrefo/image/upload/v1748598131/nestjs_uploads/lbn3umepxtqxjcw51mv0.jpg",
        "https://res.cloudinary.com/dizcvrefo/image/upload/v1748598131/nestjs_uploads/e4nufb9kmremurdaanw5.jpg",
        "https://res.cloudinary.com/dizcvrefo/image/upload/v1748598131/nestjs_uploads/pqwqj0gdwqfqqyct54hz.jpg",
        "https://res.cloudinary.com/dizcvrefo/image/upload/v1748598130/nestjs_uploads/dics8pfhps2jfskadthz.jpg"
      ],
      "caption": "Th? thao ?i?n t?",
      "location": null,
      "tags": [
      ],
      "isPublic": true,
      "likeCount": 0,
      "commentCount": 0,
      "sharedCount": 0,
      "createdAt": "2025-05-30T09:42:13.811Z",
      "updatedAt": "2025-05-30T09:42:13.811Z",
      "author": {
        "username": "chinh",
        "profilePic": "https://hebbkx1anhila5yf.public.blob.vercel-storage.com/image-hiZZ98WEvmBOkk3oAqffc3ReiwtEIO.png"
      },
      "_count": {
        "likes": 3,
        "comments": 0
      },
      "score": 0.021540593846365398,
      "isLike": true,
      "isToday": false,
      "isFollowing": true,
      "isSelf": false
    },
    {
      "id": "479ed759-3811-4b84-8141-bff184fae4b8",
      "authorId": "dacf294e-491b-47ff-bd74-bfe5ddbfbdf9",
      "imageUrl": [
        "https://res.cloudinary.com/dizcvrefo/image/upload/v1748596741/nestjs_uploads/g8vk3zn2rfop6caitmfb.jpg",
        "https://res.cloudinary.com/dizcvrefo/image/upload/v1748596741/nestjs_uploads/cqcspqsifpg0ndthyuax.jpg",
        "https://res.cloudinary.com/dizcvrefo/image/upload/v1748596741/nestjs_uploads/hc3svmdbfotscvcctfoq.jpg",
        "https://res.cloudinary.com/dizcvrefo/image/upload/v1748596742/nestjs_uploads/fxjvluy2vpyfuspukumf.jpg",
        "https://res.cloudinary.com/dizcvrefo/image/upload/v1748596741/nestjs_uploads/sb38euks3gzg5f92uiig.jpg"
      ],
      "caption": "Village",
      "location": null,
      "tags": [
      ],
      "isPublic": true,
      "likeCount": 0,
      "commentCount": 0,
      "sharedCount": 0,
      "createdAt": "2025-05-30T09:19:04.180Z",
      "updatedAt": "2025-05-30T09:19:04.180Z",
      "author": {
        "username": "chinh",
        "profilePic": "https://hebbkx1anhila5yf.public.blob.vercel-storage.com/image-hiZZ98WEvmBOkk3oAqffc3ReiwtEIO.png"
      },
      "_count": {
        "likes": 3,
        "comments": 0
      },
      "score": 0.021524323698696907,
      "isLike": true,
      "isToday": false,
      "isFollowing": true,
      "isSelf": false
    },
    {
      "id": "9ef01284-6f35-4f8a-9d58-3f5891acc766",
      "authorId": "dacf294e-491b-47ff-bd74-bfe5ddbfbdf9",
      "imageUrl": [
        "https://res.cloudinary.com/dizcvrefo/image/upload/v1748596489/nestjs_uploads/ue1yvhe1qzvlc2pmkjee.jpg",
        "https://res.cloudinary.com/dizcvrefo/image/upload/v1748596493/nestjs_uploads/bm3pcnpqmnppnsuq0pv9.jpg",
        "https://res.cloudinary.com/dizcvrefo/image/upload/v1748596489/nestjs_uploads/q6nipodzp1mdnpm1p13g.jpg",
        "https://res.cloudinary.com/dizcvrefo/image/upload/v1748596489/nestjs_uploads/icygr75zfmxk0ehqsnwo.jpg",
        "https://res.cloudinary.com/dizcvrefo/image/upload/v1748596489/nestjs_uploads/ghgd01xzcaxpra5httqg.jpg",
        "https://res.cloudinary.com/dizcvrefo/image/upload/v1748596489/nestjs_uploads/o53mpfip4l7dbjbd7wcw.jpg"
      ],
      "caption": "Nh?u",
      "location": null,
      "tags": [
      ],
      "isPublic": true,
      "likeCount": 0,
      "commentCount": 0,
      "sharedCount": 0,
      "createdAt": "2025-05-30T09:14:54.972Z",
      "updatedAt": "2025-05-30T09:14:54.972Z",
      "author": {
        "username": "chinh",
        "profilePic": "https://hebbkx1anhila5yf.public.blob.vercel-storage.com/image-hiZZ98WEvmBOkk3oAqffc3ReiwtEIO.png"
      },
      "_count": {
        "likes": 3,
        "comments": 0
      },
      "score": 0.02152140850779658,
      "isLike": true,
      "isToday": false,
      "isFollowing": true,
      "isSelf": false
    },
    {
      "id": "9c4e8842-ced5-492b-9423-890177a28564",
      "authorId": "2b84aa24-668a-40e2-af1c-ad4fc4fa5a6f",
      "imageUrl": [
        "https://res.cloudinary.com/dizcvrefo/image/upload/v1748659538/nestjs_uploads/n4mg888um8bynequtdtp.jpg",
        "https://res.cloudinary.com/dizcvrefo/image/upload/v1748659538/nestjs_uploads/mfqojpf1bufduxfh0j0n.jpg",
        "https://res.cloudinary.com/dizcvrefo/image/upload/v1748659538/nestjs_uploads/vx9qkwao5v4hdeqiplsp.jpg",
        "https://res.cloudinary.com/dizcvrefo/image/upload/v1748659538/nestjs_uploads/r2sv0p0echvnrwqxoswu.jpg"
      ],
      "caption": "Ha noi nay tro gio",
      "location": null,
      "tags": [
      ],
      "isPublic": true,
      "likeCount": 0,
      "commentCount": 0,
      "sharedCount": 0,
      "createdAt": "2025-05-31T02:45:39.688Z",
      "updatedAt": "2025-05-31T02:45:39.688Z",
      "author": {
        "username": "quang1",
        "profilePic": "https://res.cloudinary.com/dizcvrefo/image/upload/v1749027586/nestjs_uploads/xehairydt9rzlbmbmv4c.jpg"
      },
      "_count": {
        "likes": 2,
        "comments": 0
      },
      "score": 0.01823314570456595,
      "isLike": false,
      "isToday": false,
      "isFollowing": true,
      "isSelf": false
    },
    {
      "id": "e3f481cc-53c6-41c8-9a28-cd2f9c4f2f46",
      "authorId": "2b84aa24-668a-40e2-af1c-ad4fc4fa5a6f",
      "imageUrl": [
        "https://res.cloudinary.com/dizcvrefo/image/upload/v1749027663/nestjs_uploads/nuuktb6j4oy5jnuyt3ws.jpg",
        "https://res.cloudinary.com/dizcvrefo/image/upload/v1749027663/nestjs_uploads/aa03sao5n7bkhyhhrovx.jpg",
        "https://res.cloudinary.com/dizcvrefo/image/upload/v1749027663/nestjs_uploads/hic88kwvdqoltmqsueim.jpg",
        "https://res.cloudinary.com/dizcvrefo/image/upload/v1749027664/nestjs_uploads/hrnmt9e7g7pavf2fxwyw.png",
        "https://res.cloudinary.com/dizcvrefo/image/upload/v1749027664/nestjs_uploads/oxa2hbuxzj3lngjbubpf.jpg",
        "https://res.cloudinary.com/dizcvrefo/image/upload/v1749027663/nestjs_uploads/scrigmpzvmixwv9ddfnl.jpg",
        "https://res.cloudinary.com/dizcvrefo/image/upload/v1749027664/nestjs_uploads/wpnyt5jyz8lgj2bvprin.jpg"
      ],
      "caption": "Buon that, hom nay toi thi truot",
      "location": null,
      "tags": [
      ],
      "isPublic": true,
      "likeCount": 0,
      "commentCount": 0,
      "sharedCount": 0,
      "createdAt": "2025-06-04T09:01:06.391Z",
      "updatedAt": "2025-06-04T09:01:06.391Z",
      "author": {
        "username": "quang1",
        "profilePic": "https://res.cloudinary.com/dizcvrefo/image/upload/v1749027586/nestjs_uploads/xehairydt9rzlbmbmv4c.jpg"
      },
      "_count": {
        "likes": 1,
        "comments": 0
      },
      "score": 0.017886842113003662,
      "isLike": false,
      "isToday": false,
      "isFollowing": true,
      "isSelf": false
    },
    {
      "id": "c8151412-bc98-49ec-88ff-57b89cc2ce67",
      "authorId": "08515b05-2d3e-4789-ad60-db35525a4970",
      "imageUrl": [
        "https://res.cloudinary.com/dizcvrefo/image/upload/v1748933672/nestjs_uploads/rpehmvwkwptjktjzllxz.jpg",
        "https://res.cloudinary.com/dizcvrefo/image/upload/v1748933672/nestjs_uploads/xl8wce3gldsuaekfnfwo.jpg",
        "https://res.cloudinary.com/dizcvrefo/image/upload/v1748933671/nestjs_uploads/ee1ntt1feukxfszhma1b.jpg"
      ],
      "caption": "Moi di hom nay",
      "location": null,
      "tags": [
      ],
      "isPublic": true,
      "likeCount": 0,
      "commentCount": 0,
      "sharedCount": 0,
      "createdAt": "2025-06-03T06:54:33.756Z",
      "updatedAt": "2025-06-03T06:54:33.756Z",
      "author": {
        "username": "nam",
        "profilePic": "https://res.cloudinary.com/dizcvrefo/image/upload/v1749266646/nestjs_uploads/zk9zrpeidnovxibfqdxr.png"
      },
      "_count": {
        "likes": 3,
        "comments": 0
      },
      "score": 0.014372696829812862,
      "isLike": true,
      "isToday": false,
      "isFollowing": false,
      "isSelf": true
    },
    {
      "id": "45a2d709-c6c9-4887-9235-dbbd2d381827",
      "authorId": "08515b05-2d3e-4789-ad60-db35525a4970",
      "imageUrl": [
        "https://res.cloudinary.com/dizcvrefo/image/upload/v1748932129/nestjs_uploads/ecwyixgm9kf0zdng7bdp.png",
        "https://res.cloudinary.com/dizcvrefo/image/upload/v1748932129/nestjs_uploads/uhl3z1wamgjxl5o4vq1l.jpg",
        "https://res.cloudinary.com/dizcvrefo/image/upload/v1748932129/nestjs_uploads/pavlktzorkfcm5pp31io.jpg",
        "https://res.cloudinary.com/dizcvrefo/image/upload/v1748932129/nestjs_uploads/knew9jcdpmwaleoa6oov.jpg"
      ],
      "caption": "Di choi di anh em oi",
      "location": null,
      "tags": [
      ],
      "isPublic": true,
      "likeCount": 0,
      "commentCount": 0,
      "sharedCount": 0,
      "createdAt": "2025-06-03T06:28:51.322Z",
      "updatedAt": "2025-06-03T06:28:51.322Z",
      "author": {
        "username": "nam",
        "profilePic": "https://res.cloudinary.com/dizcvrefo/image/upload/v1749266646/nestjs_uploads/zk9zrpeidnovxibfqdxr.png"
      },
      "_count": {
        "likes": 3,
        "comments": 0
      },
      "score": 0.014357960685586429,
      "isLike": true,
      "isToday": false,
      "isFollowing": false,
      "isSelf": true
    },
    {
      "id": "bd9fb1fc-af49-4625-aa11-a458424d17ca",
      "authorId": "08515b05-2d3e-4789-ad60-db35525a4970",
      "imageUrl": [
        "https://res.cloudinary.com/dizcvrefo/image/upload/v1749400565/nestjs_uploads/srvf0b7b2fnsab8uqc8g.jpg",
        "https://res.cloudinary.com/dizcvrefo/image/upload/v1749400565/nestjs_uploads/u2gybzjxkewsxa1atyq4.jpg",
        "https://res.cloudinary.com/dizcvrefo/image/upload/v1749400565/nestjs_uploads/lottkkizhi1ngodzx4pp.jpg"
      ],
      "caption": "toi la NAM BO",
      "location": null,
      "tags": [
      ],
      "isPublic": true,
      "likeCount": 0,
      "commentCount": 0,
      "sharedCount": 0,
      "createdAt": "2025-06-08T16:36:04.450Z",
      "updatedAt": "2025-06-08T16:36:04.450Z",
      "author": {
        "username": "nam",
        "profilePic": "https://res.cloudinary.com/dizcvrefo/image/upload/v1749266646/nestjs_uploads/zk9zrpeidnovxibfqdxr.png"
      },
      "_count": {
        "likes": 2,
        "comments": 0
      },
      "score": 0.013900166833760025,
      "isLike": true,
      "isToday": false,
      "isFollowing": false,
      "isSelf": true
    },
    {
      "id": "8a0e35ce-0f39-4475-b2d2-15c217983926",
      "authorId": "08515b05-2d3e-4789-ad60-db35525a4970",
      "imageUrl": [
        "https://res.cloudinary.com/dizcvrefo/image/upload/v1748597950/nestjs_uploads/siabu4jmaf7nfak5xkgc.jpg",
        "https://res.cloudinary.com/dizcvrefo/image/upload/v1748597951/nestjs_uploads/bufde4typyni9j408ua4.jpg",
        "https://res.cloudinary.com/dizcvrefo/image/upload/v1748597951/nestjs_uploads/yk6tjdkirr4a7ons7iz5.jpg"
      ],
      "caption": "?n gì không",
      "location": null,
      "tags": [
      ],
      "isPublic": true,
      "likeCount": 0,
      "commentCount": 0,
      "sharedCount": 0,
      "createdAt": "2025-05-30T09:39:13.647Z",
      "updatedAt": "2025-05-30T09:39:13.647Z",
      "author": {
        "username": "nam",
        "profilePic": "https://res.cloudinary.com/dizcvrefo/image/upload/v1749266646/nestjs_uploads/zk9zrpeidnovxibfqdxr.png"
      },
      "_count": {
        "likes": 3,
        "comments": 0
      },
      "score": 0.011748263483735458,
      "isLike": true,
      "isToday": false,
      "isFollowing": false,
      "isSelf": true
    },
    {
      "id": "b96886bd-5f00-41af-a440-152f360f1657",
      "authorId": "08515b05-2d3e-4789-ad60-db35525a4970",
      "imageUrl": [
        "https://res.cloudinary.com/dizcvrefo/image/upload/v1748597371/nestjs_uploads/vce2gudp9o4mm4fn8xt0.jpg",
        "https://res.cloudinary.com/dizcvrefo/image/upload/v1748597372/nestjs_uploads/u691vkjqxrek1dv0wtbm.jpg",
        "https://res.cloudinary.com/dizcvrefo/image/upload/v1748597371/nestjs_uploads/feqbcopm8ge8maj3hu6k.jpg"
      ],
      "caption": "ok",
      "location": null,
      "tags": [
      ],
      "isPublic": true,
      "likeCount": 0,
      "commentCount": 0,
      "sharedCount": 0,
      "createdAt": "2025-05-30T09:29:34.405Z",
      "updatedAt": "2025-05-30T09:29:34.405Z",
      "author": {
        "username": "nam",
        "profilePic": "https://res.cloudinary.com/dizcvrefo/image/upload/v1749266646/nestjs_uploads/zk9zrpeidnovxibfqdxr.png"
      },
      "_count": {
        "likes": 3,
        "comments": 0
      },
      "score": 0.011744563354898117,
      "isLike": true,
      "isToday": false,
      "isFollowing": false,
      "isSelf": true
    }
  ]
}


23:22:03.259 [main] INFO com.intuit.karate -- [print] Calling getPostsFeed API v?i bearerToken: eyJhbGciOiJIUzI1NiIsInR5cCI6IkpXVCJ9.eyJzdWIiOiIwODUxNWIwNS0yZDNlLTQ3ODktYWQ2MC1kYjM1NTI1YTQ5NzAiLCJ1c2VybmFtZSI6Im5hbSIsInJvbGUiOjAsImlhdCI6MTc1MDQzMzEyOCwiZXhwIjoxNzUwNDM2NzI4fQ.LLNWdGI7R_rFyU4cQg2wm-V3Jq9O_6TIXzyRgCE6Uf4 
23:22:03.260 [main] INFO com.intuit.karate -- [print] Query params: {
  "page": "1",
  "limit": "10"
}
 
23:22:03.261 [main] INFO com.intuit.karate -- [print] Response status: 200 body: {
  "message": "Feed",
  "statusCode": 200,
  "status": "success",
  "data": [
    {
      "id": "007fcd52-ae77-4c58-988d-36ef78edc29b",
      "authorId": "dacf294e-491b-47ff-bd74-bfe5ddbfbdf9",
      "imageUrl": [
        "https://res.cloudinary.com/dizcvrefo/image/upload/v1748598131/nestjs_uploads/tsh3n10qz6mojbkiayhx.jpg",
        "https://res.cloudinary.com/dizcvrefo/image/upload/v1748598131/nestjs_uploads/no5fdmt60yg8li6gvwao.jpg",
        "https://res.cloudinary.com/dizcvrefo/image/upload/v1748598131/nestjs_uploads/lbn3umepxtqxjcw51mv0.jpg",
        "https://res.cloudinary.com/dizcvrefo/image/upload/v1748598131/nestjs_uploads/e4nufb9kmremurdaanw5.jpg",
        "https://res.cloudinary.com/dizcvrefo/image/upload/v1748598131/nestjs_uploads/pqwqj0gdwqfqqyct54hz.jpg",
        "https://res.cloudinary.com/dizcvrefo/image/upload/v1748598130/nestjs_uploads/dics8pfhps2jfskadthz.jpg"
      ],
      "caption": "Th? thao ?i?n t?",
      "location": null,
      "tags": [
      ],
      "isPublic": true,
      "likeCount": 0,
      "commentCount": 0,
      "sharedCount": 0,
      "createdAt": "2025-05-30T09:42:13.811Z",
      "updatedAt": "2025-05-30T09:42:13.811Z",
      "author": {
        "username": "chinh",
        "profilePic": "https://hebbkx1anhila5yf.public.blob.vercel-storage.com/image-hiZZ98WEvmBOkk3oAqffc3ReiwtEIO.png"
      },
      "_count": {
        "likes": 3,
        "comments": 0
      },
      "score": 0.021540593846365398,
      "isLike": true,
      "isToday": false,
      "isFollowing": true,
      "isSelf": false
    },
    {
      "id": "479ed759-3811-4b84-8141-bff184fae4b8",
      "authorId": "dacf294e-491b-47ff-bd74-bfe5ddbfbdf9",
      "imageUrl": [
        "https://res.cloudinary.com/dizcvrefo/image/upload/v1748596741/nestjs_uploads/g8vk3zn2rfop6caitmfb.jpg",
        "https://res.cloudinary.com/dizcvrefo/image/upload/v1748596741/nestjs_uploads/cqcspqsifpg0ndthyuax.jpg",
        "https://res.cloudinary.com/dizcvrefo/image/upload/v1748596741/nestjs_uploads/hc3svmdbfotscvcctfoq.jpg",
        "https://res.cloudinary.com/dizcvrefo/image/upload/v1748596742/nestjs_uploads/fxjvluy2vpyfuspukumf.jpg",
        "https://res.cloudinary.com/dizcvrefo/image/upload/v1748596741/nestjs_uploads/sb38euks3gzg5f92uiig.jpg"
      ],
      "caption": "Village",
      "location": null,
      "tags": [
      ],
      "isPublic": true,
      "likeCount": 0,
      "commentCount": 0,
      "sharedCount": 0,
      "createdAt": "2025-05-30T09:19:04.180Z",
      "updatedAt": "2025-05-30T09:19:04.180Z",
      "author": {
        "username": "chinh",
        "profilePic": "https://hebbkx1anhila5yf.public.blob.vercel-storage.com/image-hiZZ98WEvmBOkk3oAqffc3ReiwtEIO.png"
      },
      "_count": {
        "likes": 3,
        "comments": 0
      },
      "score": 0.021524323698696907,
      "isLike": true,
      "isToday": false,
      "isFollowing": true,
      "isSelf": false
    },
    {
      "id": "9ef01284-6f35-4f8a-9d58-3f5891acc766",
      "authorId": "dacf294e-491b-47ff-bd74-bfe5ddbfbdf9",
      "imageUrl": [
        "https://res.cloudinary.com/dizcvrefo/image/upload/v1748596489/nestjs_uploads/ue1yvhe1qzvlc2pmkjee.jpg",
        "https://res.cloudinary.com/dizcvrefo/image/upload/v1748596493/nestjs_uploads/bm3pcnpqmnppnsuq0pv9.jpg",
        "https://res.cloudinary.com/dizcvrefo/image/upload/v1748596489/nestjs_uploads/q6nipodzp1mdnpm1p13g.jpg",
        "https://res.cloudinary.com/dizcvrefo/image/upload/v1748596489/nestjs_uploads/icygr75zfmxk0ehqsnwo.jpg",
        "https://res.cloudinary.com/dizcvrefo/image/upload/v1748596489/nestjs_uploads/ghgd01xzcaxpra5httqg.jpg",
        "https://res.cloudinary.com/dizcvrefo/image/upload/v1748596489/nestjs_uploads/o53mpfip4l7dbjbd7wcw.jpg"
      ],
      "caption": "Nh?u",
      "location": null,
      "tags": [
      ],
      "isPublic": true,
      "likeCount": 0,
      "commentCount": 0,
      "sharedCount": 0,
      "createdAt": "2025-05-30T09:14:54.972Z",
      "updatedAt": "2025-05-30T09:14:54.972Z",
      "author": {
        "username": "chinh",
        "profilePic": "https://hebbkx1anhila5yf.public.blob.vercel-storage.com/image-hiZZ98WEvmBOkk3oAqffc3ReiwtEIO.png"
      },
      "_count": {
        "likes": 3,
        "comments": 0
      },
      "score": 0.02152140850779658,
      "isLike": true,
      "isToday": false,
      "isFollowing": true,
      "isSelf": false
    },
    {
      "id": "9c4e8842-ced5-492b-9423-890177a28564",
      "authorId": "2b84aa24-668a-40e2-af1c-ad4fc4fa5a6f",
      "imageUrl": [
        "https://res.cloudinary.com/dizcvrefo/image/upload/v1748659538/nestjs_uploads/n4mg888um8bynequtdtp.jpg",
        "https://res.cloudinary.com/dizcvrefo/image/upload/v1748659538/nestjs_uploads/mfqojpf1bufduxfh0j0n.jpg",
        "https://res.cloudinary.com/dizcvrefo/image/upload/v1748659538/nestjs_uploads/vx9qkwao5v4hdeqiplsp.jpg",
        "https://res.cloudinary.com/dizcvrefo/image/upload/v1748659538/nestjs_uploads/r2sv0p0echvnrwqxoswu.jpg"
      ],
      "caption": "Ha noi nay tro gio",
      "location": null,
      "tags": [
      ],
      "isPublic": true,
      "likeCount": 0,
      "commentCount": 0,
      "sharedCount": 0,
      "createdAt": "2025-05-31T02:45:39.688Z",
      "updatedAt": "2025-05-31T02:45:39.688Z",
      "author": {
        "username": "quang1",
        "profilePic": "https://res.cloudinary.com/dizcvrefo/image/upload/v1749027586/nestjs_uploads/xehairydt9rzlbmbmv4c.jpg"
      },
      "_count": {
        "likes": 2,
        "comments": 0
      },
      "score": 0.01823314570456595,
      "isLike": false,
      "isToday": false,
      "isFollowing": true,
      "isSelf": false
    },
    {
      "id": "e3f481cc-53c6-41c8-9a28-cd2f9c4f2f46",
      "authorId": "2b84aa24-668a-40e2-af1c-ad4fc4fa5a6f",
      "imageUrl": [
        "https://res.cloudinary.com/dizcvrefo/image/upload/v1749027663/nestjs_uploads/nuuktb6j4oy5jnuyt3ws.jpg",
        "https://res.cloudinary.com/dizcvrefo/image/upload/v1749027663/nestjs_uploads/aa03sao5n7bkhyhhrovx.jpg",
        "https://res.cloudinary.com/dizcvrefo/image/upload/v1749027663/nestjs_uploads/hic88kwvdqoltmqsueim.jpg",
        "https://res.cloudinary.com/dizcvrefo/image/upload/v1749027664/nestjs_uploads/hrnmt9e7g7pavf2fxwyw.png",
        "https://res.cloudinary.com/dizcvrefo/image/upload/v1749027664/nestjs_uploads/oxa2hbuxzj3lngjbubpf.jpg",
        "https://res.cloudinary.com/dizcvrefo/image/upload/v1749027663/nestjs_uploads/scrigmpzvmixwv9ddfnl.jpg",
        "https://res.cloudinary.com/dizcvrefo/image/upload/v1749027664/nestjs_uploads/wpnyt5jyz8lgj2bvprin.jpg"
      ],
      "caption": "Buon that, hom nay toi thi truot",
      "location": null,
      "tags": [
      ],
      "isPublic": true,
      "likeCount": 0,
      "commentCount": 0,
      "sharedCount": 0,
      "createdAt": "2025-06-04T09:01:06.391Z",
      "updatedAt": "2025-06-04T09:01:06.391Z",
      "author": {
        "username": "quang1",
        "profilePic": "https://res.cloudinary.com/dizcvrefo/image/upload/v1749027586/nestjs_uploads/xehairydt9rzlbmbmv4c.jpg"
      },
      "_count": {
        "likes": 1,
        "comments": 0
      },
      "score": 0.017886842113003662,
      "isLike": false,
      "isToday": false,
      "isFollowing": true,
      "isSelf": false
    },
    {
      "id": "c8151412-bc98-49ec-88ff-57b89cc2ce67",
      "authorId": "08515b05-2d3e-4789-ad60-db35525a4970",
      "imageUrl": [
        "https://res.cloudinary.com/dizcvrefo/image/upload/v1748933672/nestjs_uploads/rpehmvwkwptjktjzllxz.jpg",
        "https://res.cloudinary.com/dizcvrefo/image/upload/v1748933672/nestjs_uploads/xl8wce3gldsuaekfnfwo.jpg",
        "https://res.cloudinary.com/dizcvrefo/image/upload/v1748933671/nestjs_uploads/ee1ntt1feukxfszhma1b.jpg"
      ],
      "caption": "Moi di hom nay",
      "location": null,
      "tags": [
      ],
      "isPublic": true,
      "likeCount": 0,
      "commentCount": 0,
      "sharedCount": 0,
      "createdAt": "2025-06-03T06:54:33.756Z",
      "updatedAt": "2025-06-03T06:54:33.756Z",
      "author": {
        "username": "nam",
        "profilePic": "https://res.cloudinary.com/dizcvrefo/image/upload/v1749266646/nestjs_uploads/zk9zrpeidnovxibfqdxr.png"
      },
      "_count": {
        "likes": 3,
        "comments": 0
      },
      "score": 0.014372696829812862,
      "isLike": true,
      "isToday": false,
      "isFollowing": false,
      "isSelf": true
    },
    {
      "id": "45a2d709-c6c9-4887-9235-dbbd2d381827",
      "authorId": "08515b05-2d3e-4789-ad60-db35525a4970",
      "imageUrl": [
        "https://res.cloudinary.com/dizcvrefo/image/upload/v1748932129/nestjs_uploads/ecwyixgm9kf0zdng7bdp.png",
        "https://res.cloudinary.com/dizcvrefo/image/upload/v1748932129/nestjs_uploads/uhl3z1wamgjxl5o4vq1l.jpg",
        "https://res.cloudinary.com/dizcvrefo/image/upload/v1748932129/nestjs_uploads/pavlktzorkfcm5pp31io.jpg",
        "https://res.cloudinary.com/dizcvrefo/image/upload/v1748932129/nestjs_uploads/knew9jcdpmwaleoa6oov.jpg"
      ],
      "caption": "Di choi di anh em oi",
      "location": null,
      "tags": [
      ],
      "isPublic": true,
      "likeCount": 0,
      "commentCount": 0,
      "sharedCount": 0,
      "createdAt": "2025-06-03T06:28:51.322Z",
      "updatedAt": "2025-06-03T06:28:51.322Z",
      "author": {
        "username": "nam",
        "profilePic": "https://res.cloudinary.com/dizcvrefo/image/upload/v1749266646/nestjs_uploads/zk9zrpeidnovxibfqdxr.png"
      },
      "_count": {
        "likes": 3,
        "comments": 0
      },
      "score": 0.014357960685586429,
      "isLike": true,
      "isToday": false,
      "isFollowing": false,
      "isSelf": true
    },
    {
      "id": "bd9fb1fc-af49-4625-aa11-a458424d17ca",
      "authorId": "08515b05-2d3e-4789-ad60-db35525a4970",
      "imageUrl": [
        "https://res.cloudinary.com/dizcvrefo/image/upload/v1749400565/nestjs_uploads/srvf0b7b2fnsab8uqc8g.jpg",
        "https://res.cloudinary.com/dizcvrefo/image/upload/v1749400565/nestjs_uploads/u2gybzjxkewsxa1atyq4.jpg",
        "https://res.cloudinary.com/dizcvrefo/image/upload/v1749400565/nestjs_uploads/lottkkizhi1ngodzx4pp.jpg"
      ],
      "caption": "toi la NAM BO",
      "location": null,
      "tags": [
      ],
      "isPublic": true,
      "likeCount": 0,
      "commentCount": 0,
      "sharedCount": 0,
      "createdAt": "2025-06-08T16:36:04.450Z",
      "updatedAt": "2025-06-08T16:36:04.450Z",
      "author": {
        "username": "nam",
        "profilePic": "https://res.cloudinary.com/dizcvrefo/image/upload/v1749266646/nestjs_uploads/zk9zrpeidnovxibfqdxr.png"
      },
      "_count": {
        "likes": 2,
        "comments": 0
      },
      "score": 0.013900166833760025,
      "isLike": true,
      "isToday": false,
      "isFollowing": false,
      "isSelf": true
    },
    {
      "id": "8a0e35ce-0f39-4475-b2d2-15c217983926",
      "authorId": "08515b05-2d3e-4789-ad60-db35525a4970",
      "imageUrl": [
        "https://res.cloudinary.com/dizcvrefo/image/upload/v1748597950/nestjs_uploads/siabu4jmaf7nfak5xkgc.jpg",
        "https://res.cloudinary.com/dizcvrefo/image/upload/v1748597951/nestjs_uploads/bufde4typyni9j408ua4.jpg",
        "https://res.cloudinary.com/dizcvrefo/image/upload/v1748597951/nestjs_uploads/yk6tjdkirr4a7ons7iz5.jpg"
      ],
      "caption": "?n gì không",
      "location": null,
      "tags": [
      ],
      "isPublic": true,
      "likeCount": 0,
      "commentCount": 0,
      "sharedCount": 0,
      "createdAt": "2025-05-30T09:39:13.647Z",
      "updatedAt": "2025-05-30T09:39:13.647Z",
      "author": {
        "username": "nam",
        "profilePic": "https://res.cloudinary.com/dizcvrefo/image/upload/v1749266646/nestjs_uploads/zk9zrpeidnovxibfqdxr.png"
      },
      "_count": {
        "likes": 3,
        "comments": 0
      },
      "score": 0.011748263483735458,
      "isLike": true,
      "isToday": false,
      "isFollowing": false,
      "isSelf": true
    },
    {
      "id": "b96886bd-5f00-41af-a440-152f360f1657",
      "authorId": "08515b05-2d3e-4789-ad60-db35525a4970",
      "imageUrl": [
        "https://res.cloudinary.com/dizcvrefo/image/upload/v1748597371/nestjs_uploads/vce2gudp9o4mm4fn8xt0.jpg",
        "https://res.cloudinary.com/dizcvrefo/image/upload/v1748597372/nestjs_uploads/u691vkjqxrek1dv0wtbm.jpg",
        "https://res.cloudinary.com/dizcvrefo/image/upload/v1748597371/nestjs_uploads/feqbcopm8ge8maj3hu6k.jpg"
      ],
      "caption": "ok",
      "location": null,
      "tags": [
      ],
      "isPublic": true,
      "likeCount": 0,
      "commentCount": 0,
      "sharedCount": 0,
      "createdAt": "2025-05-30T09:29:34.405Z",
      "updatedAt": "2025-05-30T09:29:34.405Z",
      "author": {
        "username": "nam",
        "profilePic": "https://res.cloudinary.com/dizcvrefo/image/upload/v1749266646/nestjs_uploads/zk9zrpeidnovxibfqdxr.png"
      },
      "_count": {
        "likes": 3,
        "comments": 0
      },
      "score": 0.011744563354898117,
      "isLike": true,
      "isToday": false,
      "isFollowing": false,
      "isSelf": true
    }
  ]
}
 
23:22:03.288 [main] INFO com.intuit.karate -- Test Case Data: {
  "bearerToken": "",
  "page": "1",
  "limit": "10",
  "testDescription": "Get posts feed h?p l? v?i page=1, limit=10",
  "expectedStatus": 200.0,
  "expectedResult": "{\"message\": \"Feed\", \"statusCode\": 200, \"status\": \"success\", \"data\": []}",
  "responseStatus": "",
  "result": ""
}
 
23:22:03.289 [main] INFO com.intuit.karate -- Expected Status: 200.0 
23:22:03.289 [main] INFO com.intuit.karate -- Actual Status: 200 
23:22:03.291 [main] INFO com.intuit.karate -- Test case #1 - Status: 200, Result: {"message":"Feed","statusCode":200,"status":"success","data":[{"id":"007fcd52-ae77-4c58-988d-36ef78edc29b","authorId":"dacf294e-491b-47ff-bd74-bfe5ddbfbdf9","imageUrl":["https://res.cloudinary.com/dizcvrefo/image/upload/v1748598131/nestjs_uploads/tsh3n10qz6mojbkiayhx.jpg","https://res.cloudinary.com/dizcvrefo/image/upload/v1748598131/nestjs_uploads/no5fdmt60yg8li6gvwao.jpg","https://res.cloudinary.com/dizcvrefo/image/upload/v1748598131/nestjs_uploads/lbn3umepxtqxjcw51mv0.jpg","https://res.cloudinary.com/dizcvrefo/image/upload/v1748598131/nestjs_uploads/e4nufb9kmremurdaanw5.jpg","https://res.cloudinary.com/dizcvrefo/image/upload/v1748598131/nestjs_uploads/pqwqj0gdwqfqqyct54hz.jpg","https://res.cloudinary.com/dizcvrefo/image/upload/v1748598130/nestjs_uploads/dics8pfhps2jfskadthz.jpg"],"caption":"Th? thao ?i?n t?","location":null,"tags":[],"isPublic":true,"likeCount":0,"commentCount":0,"sharedCount":0,"createdAt":"2025-05-30T09:42:13.811Z","updatedAt":"2025-05-30T09:42:13.811Z","author":{"username":"chinh","profilePic":"https://hebbkx1anhila5yf.public.blob.vercel-storage.com/image-hiZZ98WEvmBOkk3oAqffc3ReiwtEIO.png"},"_count":{"likes":3,"comments":0},"score":0.021540593846365398,"isLike":true,"isToday":false,"isFollowing":true,"isSelf":false},{"id":"479ed759-3811-4b84-8141-bff184fae4b8","authorId":"dacf294e-491b-47ff-bd74-bfe5ddbfbdf9","imageUrl":["https://res.cloudinary.com/dizcvrefo/image/upload/v1748596741/nestjs_uploads/g8vk3zn2rfop6caitmfb.jpg","https://res.cloudinary.com/dizcvrefo/image/upload/v1748596741/nestjs_uploads/cqcspqsifpg0ndthyuax.jpg","https://res.cloudinary.com/dizcvrefo/image/upload/v1748596741/nestjs_uploads/hc3svmdbfotscvcctfoq.jpg","https://res.cloudinary.com/dizcvrefo/image/upload/v1748596742/nestjs_uploads/fxjvluy2vpyfuspukumf.jpg","https://res.cloudinary.com/dizcvrefo/image/upload/v1748596741/nestjs_uploads/sb38euks3gzg5f92uiig.jpg"],"caption":"Village","location":null,"tags":[],"isPublic":true,"likeCount":0,"commentCount":0,"sharedCount":0,"createdAt":"2025-05-30T09:19:04.180Z","updatedAt":"2025-05-30T09:19:04.180Z","author":{"username":"chinh","profilePic":"https://hebbkx1anhila5yf.public.blob.vercel-storage.com/image-hiZZ98WEvmBOkk3oAqffc3ReiwtEIO.png"},"_count":{"likes":3,"comments":0},"score":0.021524323698696907,"isLike":true,"isToday":false,"isFollowing":true,"isSelf":false},{"id":"9ef01284-6f35-4f8a-9d58-3f5891acc766","authorId":"dacf294e-491b-47ff-bd74-bfe5ddbfbdf9","imageUrl":["https://res.cloudinary.com/dizcvrefo/image/upload/v1748596489/nestjs_uploads/ue1yvhe1qzvlc2pmkjee.jpg","https://res.cloudinary.com/dizcvrefo/image/upload/v1748596493/nestjs_uploads/bm3pcnpqmnppnsuq0pv9.jpg","https://res.cloudinary.com/dizcvrefo/image/upload/v1748596489/nestjs_uploads/q6nipodzp1mdnpm1p13g.jpg","https://res.cloudinary.com/dizcvrefo/image/upload/v1748596489/nestjs_uploads/icygr75zfmxk0ehqsnwo.jpg","https://res.cloudinary.com/dizcvrefo/image/upload/v1748596489/nestjs_uploads/ghgd01xzcaxpra5httqg.jpg","https://res.cloudinary.com/dizcvrefo/image/upload/v1748596489/nestjs_uploads/o53mpfip4l7dbjbd7wcw.jpg"],"caption":"Nh?u","location":null,"tags":[],"isPublic":true,"likeCount":0,"commentCount":0,"sharedCount":0,"createdAt":"2025-05-30T09:14:54.972Z","updatedAt":"2025-05-30T09:14:54.972Z","author":{"username":"chinh","profilePic":"https://hebbkx1anhila5yf.public.blob.vercel-storage.com/image-hiZZ98WEvmBOkk3oAqffc3ReiwtEIO.png"},"_count":{"likes":3,"comments":0},"score":0.02152140850779658,"isLike":true,"isToday":false,"isFollowing":true,"isSelf":false},{"id":"9c4e8842-ced5-492b-9423-890177a28564","authorId":"2b84aa24-668a-40e2-af1c-ad4fc4fa5a6f","imageUrl":["https://res.cloudinary.com/dizcvrefo/image/upload/v1748659538/nestjs_uploads/n4mg888um8bynequtdtp.jpg","https://res.cloudinary.com/dizcvrefo/image/upload/v1748659538/nestjs_uploads/mfqojpf1bufduxfh0j0n.jpg","https://res.cloudinary.com/dizcvrefo/image/upload/v1748659538/nestjs_uploads/vx9qkwao5v4hdeqiplsp.jpg","https://res.cloudinary.com/dizcvrefo/image/upload/v1748659538/nestjs_uploads/r2sv0p0echvnrwqxoswu.jpg"],"caption":"Ha noi nay tro gio","location":null,"tags":[],"isPublic":true,"likeCount":0,"commentCount":0,"sharedCount":0,"createdAt":"2025-05-31T02:45:39.688Z","updatedAt":"2025-05-31T02:45:39.688Z","author":{"username":"quang1","profilePic":"https://res.cloudinary.com/dizcvrefo/image/upload/v1749027586/nestjs_uploads/xehairydt9rzlbmbmv4c.jpg"},"_count":{"likes":2,"comments":0},"score":0.01823314570456595,"isLike":false,"isToday":false,"isFollowing":true,"isSelf":false},{"id":"e3f481cc-53c6-41c8-9a28-cd2f9c4f2f46","authorId":"2b84aa24-668a-40e2-af1c-ad4fc4fa5a6f","imageUrl":["https://res.cloudinary.com/dizcvrefo/image/upload/v1749027663/nestjs_uploads/nuuktb6j4oy5jnuyt3ws.jpg","https://res.cloudinary.com/dizcvrefo/image/upload/v1749027663/nestjs_uploads/aa03sao5n7bkhyhhrovx.jpg","https://res.cloudinary.com/dizcvrefo/image/upload/v1749027663/nestjs_uploads/hic88kwvdqoltmqsueim.jpg","https://res.cloudinary.com/dizcvrefo/image/upload/v1749027664/nestjs_uploads/hrnmt9e7g7pavf2fxwyw.png","https://res.cloudinary.com/dizcvrefo/image/upload/v1749027664/nestjs_uploads/oxa2hbuxzj3lngjbubpf.jpg","https://res.cloudinary.com/dizcvrefo/image/upload/v1749027663/nestjs_uploads/scrigmpzvmixwv9ddfnl.jpg","https://res.cloudinary.com/dizcvrefo/image/upload/v1749027664/nestjs_uploads/wpnyt5jyz8lgj2bvprin.jpg"],"caption":"Buon that, hom nay toi thi truot","location":null,"tags":[],"isPublic":true,"likeCount":0,"commentCount":0,"sharedCount":0,"createdAt":"2025-06-04T09:01:06.391Z","updatedAt":"2025-06-04T09:01:06.391Z","author":{"username":"quang1","profilePic":"https://res.cloudinary.com/dizcvrefo/image/upload/v1749027586/nestjs_uploads/xehairydt9rzlbmbmv4c.jpg"},"_count":{"likes":1,"comments":0},"score":0.017886842113003662,"isLike":false,"isToday":false,"isFollowing":true,"isSelf":false},{"id":"c8151412-bc98-49ec-88ff-57b89cc2ce67","authorId":"08515b05-2d3e-4789-ad60-db35525a4970","imageUrl":["https://res.cloudinary.com/dizcvrefo/image/upload/v1748933672/nestjs_uploads/rpehmvwkwptjktjzllxz.jpg","https://res.cloudinary.com/dizcvrefo/image/upload/v1748933672/nestjs_uploads/xl8wce3gldsuaekfnfwo.jpg","https://res.cloudinary.com/dizcvrefo/image/upload/v1748933671/nestjs_uploads/ee1ntt1feukxfszhma1b.jpg"],"caption":"Moi di hom nay","location":null,"tags":[],"isPublic":true,"likeCount":0,"commentCount":0,"sharedCount":0,"createdAt":"2025-06-03T06:54:33.756Z","updatedAt":"2025-06-03T06:54:33.756Z","author":{"username":"nam","profilePic":"https://res.cloudinary.com/dizcvrefo/image/upload/v1749266646/nestjs_uploads/zk9zrpeidnovxibfqdxr.png"},"_count":{"likes":3,"comments":0},"score":0.014372696829812862,"isLike":true,"isToday":false,"isFollowing":false,"isSelf":true},{"id":"45a2d709-c6c9-4887-9235-dbbd2d381827","authorId":"08515b05-2d3e-4789-ad60-db35525a4970","imageUrl":["https://res.cloudinary.com/dizcvrefo/image/upload/v1748932129/nestjs_uploads/ecwyixgm9kf0zdng7bdp.png","https://res.cloudinary.com/dizcvrefo/image/upload/v1748932129/nestjs_uploads/uhl3z1wamgjxl5o4vq1l.jpg","https://res.cloudinary.com/dizcvrefo/image/upload/v1748932129/nestjs_uploads/pavlktzorkfcm5pp31io.jpg","https://res.cloudinary.com/dizcvrefo/image/upload/v1748932129/nestjs_uploads/knew9jcdpmwaleoa6oov.jpg"],"caption":"Di choi di anh em oi","location":null,"tags":[],"isPublic":true,"likeCount":0,"commentCount":0,"sharedCount":0,"createdAt":"2025-06-03T06:28:51.322Z","updatedAt":"2025-06-03T06:28:51.322Z","author":{"username":"nam","profilePic":"https://res.cloudinary.com/dizcvrefo/image/upload/v1749266646/nestjs_uploads/zk9zrpeidnovxibfqdxr.png"},"_count":{"likes":3,"comments":0},"score":0.014357960685586429,"isLike":true,"isToday":false,"isFollowing":false,"isSelf":true},{"id":"bd9fb1fc-af49-4625-aa11-a458424d17ca","authorId":"08515b05-2d3e-4789-ad60-db35525a4970","imageUrl":["https://res.cloudinary.com/dizcvrefo/image/upload/v1749400565/nestjs_uploads/srvf0b7b2fnsab8uqc8g.jpg","https://res.cloudinary.com/dizcvrefo/image/upload/v1749400565/nestjs_uploads/u2gybzjxkewsxa1atyq4.jpg","https://res.cloudinary.com/dizcvrefo/image/upload/v1749400565/nestjs_uploads/lottkkizhi1ngodzx4pp.jpg"],"caption":"toi la NAM BO","location":null,"tags":[],"isPublic":true,"likeCount":0,"commentCount":0,"sharedCount":0,"createdAt":"2025-06-08T16:36:04.450Z","updatedAt":"2025-06-08T16:36:04.450Z","author":{"username":"nam","profilePic":"https://res.cloudinary.com/dizcvrefo/image/upload/v1749266646/nestjs_uploads/zk9zrpeidnovxibfqdxr.png"},"_count":{"likes":2,"comments":0},"score":0.013900166833760025,"isLike":true,"isToday":false,"isFollowing":false,"isSelf":true},{"id":"8a0e35ce-0f39-4475-b2d2-15c217983926","authorId":"08515b05-2d3e-4789-ad60-db35525a4970","imageUrl":["https://res.cloudinary.com/dizcvrefo/image/upload/v1748597950/nestjs_uploads/siabu4jmaf7nfak5xkgc.jpg","https://res.cloudinary.com/dizcvrefo/image/upload/v1748597951/nestjs_uploads/bufde4typyni9j408ua4.jpg","https://res.cloudinary.com/dizcvrefo/image/upload/v1748597951/nestjs_uploads/yk6tjdkirr4a7ons7iz5.jpg"],"caption":"?n gì không","location":null,"tags":[],"isPublic":true,"likeCount":0,"commentCount":0,"sharedCount":0,"createdAt":"2025-05-30T09:39:13.647Z","updatedAt":"2025-05-30T09:39:13.647Z","author":{"username":"nam","profilePic":"https://res.cloudinary.com/dizcvrefo/image/upload/v1749266646/nestjs_uploads/zk9zrpeidnovxibfqdxr.png"},"_count":{"likes":3,"comments":0},"score":0.011748263483735458,"isLike":true,"isToday":false,"isFollowing":false,"isSelf":true},{"id":"b96886bd-5f00-41af-a440-152f360f1657","authorId":"08515b05-2d3e-4789-ad60-db35525a4970","imageUrl":["https://res.cloudinary.com/dizcvrefo/image/upload/v1748597371/nestjs_uploads/vce2gudp9o4mm4fn8xt0.jpg","https://res.cloudinary.com/dizcvrefo/image/upload/v1748597372/nestjs_uploads/u691vkjqxrek1dv0wtbm.jpg","https://res.cloudinary.com/dizcvrefo/image/upload/v1748597371/nestjs_uploads/feqbcopm8ge8maj3hu6k.jpg"],"caption":"ok","location":null,"tags":[],"isPublic":true,"likeCount":0,"commentCount":0,"sharedCount":0,"createdAt":"2025-05-30T09:29:34.405Z","updatedAt":"2025-05-30T09:29:34.405Z","author":{"username":"nam","profilePic":"https://res.cloudinary.com/dizcvrefo/image/upload/v1749266646/nestjs_uploads/zk9zrpeidnovxibfqdxr.png"},"_count":{"likes":3,"comments":0},"score":0.011744563354898117,"isLike":true,"isToday":false,"isFollowing":false,"isSelf":true}]} 
23:22:03.294 [main] INFO com.intuit.karate -- ?ang ch?y test case #2: Get posts feed v?i page=2, limit=5 
23:22:03.295 [main] INFO com.intuit.karate -- S? d?ng global bearer token t? config: eyJhbGciOiJIUzI1NiIsInR5cCI6IkpXVCJ9.eyJzdWIiOiIwODUxNWIwNS0yZDNlLTQ3ODktYWQ2MC1kYjM1NTI1YTQ5NzAiLCJ1c2VybmFtZSI6Im5hbSIsInJvbGUiOjAsImlhdCI6MTc1MDQzMzEyOCwiZXhwIjoxNzUwNDM2NzI4fQ.LLNWdGI7R_rFyU4cQg2wm-V3Jq9O_6TIXzyRgCE6Uf4 
23:22:03.308 [main] INFO com.intuit.karate -- karate.env system property was: null 
23:22:03.311 [main] DEBUG com.jayway.jsonpath.internal.path.CompiledPath -- Evaluating path: $
23:22:03.311 [main] DEBUG com.jayway.jsonpath.internal.path.CompiledPath -- Evaluating path: $
23:22:03.314 [main] DEBUG org.apache.http.client.protocol.RequestAddCookies -- CookieSpec selected: karate
23:22:03.314 [main] DEBUG org.apache.http.client.protocol.RequestAuthCache -- Auth cache not set in the context
23:22:03.314 [main] DEBUG com.intuit.karate -- request:
1 > GET http://localhost:3000/posts/feed?limit=5&page=2
1 > Authorization: Bearer eyJhbGciOiJIUzI1NiIsInR5cCI6IkpXVCJ9.eyJzdWIiOiIwODUxNWIwNS0yZDNlLTQ3ODktYWQ2MC1kYjM1NTI1YTQ5NzAiLCJ1c2VybmFtZSI6Im5hbSIsInJvbGUiOjAsImlhdCI6MTc1MDQzMzEyOCwiZXhwIjoxNzUwNDM2NzI4fQ.LLNWdGI7R_rFyU4cQg2wm-V3Jq9O_6TIXzyRgCE6Uf4
1 > Host: localhost:3000
1 > Connection: Keep-Alive
1 > User-Agent: Apache-HttpClient/4.5.14 (Java/17.0.9)
1 > Accept-Encoding: gzip,deflate


23:22:03.314 [main] DEBUG org.apache.http.impl.conn.PoolingHttpClientConnectionManager -- Connection request: [route: {}->http://localhost:3000][total available: 0; route allocated: 0 of 5; total allocated: 0 of 10]
23:22:03.315 [main] DEBUG org.apache.http.impl.conn.PoolingHttpClientConnectionManager -- Connection leased: [id: 1][route: {}->http://localhost:3000][total available: 0; route allocated: 1 of 5; total allocated: 1 of 10]
23:22:03.315 [main] DEBUG org.apache.http.impl.execchain.MainClientExec -- Opening connection {}->http://localhost:3000
23:22:03.315 [main] DEBUG org.apache.http.impl.conn.DefaultHttpClientConnectionOperator -- Connecting to localhost/127.0.0.1:3000
23:22:03.315 [main] DEBUG org.apache.http.impl.conn.DefaultHttpClientConnectionOperator -- Connection established 127.0.0.1:64599<->127.0.0.1:3000
23:22:03.315 [main] DEBUG org.apache.http.impl.conn.DefaultManagedHttpClientConnection -- http-outgoing-1: set socket timeout to 5000
23:22:03.315 [main] DEBUG org.apache.http.impl.execchain.MainClientExec -- Executing request GET /posts/feed?limit=5&page=2 HTTP/1.1
23:22:03.315 [main] DEBUG org.apache.http.impl.execchain.MainClientExec -- Proxy auth state: UNCHALLENGED
23:22:03.315 [main] DEBUG org.apache.http.headers -- http-outgoing-1 >> GET /posts/feed?limit=5&page=2 HTTP/1.1
23:22:03.315 [main] DEBUG org.apache.http.headers -- http-outgoing-1 >> Authorization: Bearer eyJhbGciOiJIUzI1NiIsInR5cCI6IkpXVCJ9.eyJzdWIiOiIwODUxNWIwNS0yZDNlLTQ3ODktYWQ2MC1kYjM1NTI1YTQ5NzAiLCJ1c2VybmFtZSI6Im5hbSIsInJvbGUiOjAsImlhdCI6MTc1MDQzMzEyOCwiZXhwIjoxNzUwNDM2NzI4fQ.LLNWdGI7R_rFyU4cQg2wm-V3Jq9O_6TIXzyRgCE6Uf4
23:22:03.315 [main] DEBUG org.apache.http.headers -- http-outgoing-1 >> Host: localhost:3000
23:22:03.315 [main] DEBUG org.apache.http.headers -- http-outgoing-1 >> Connection: Keep-Alive
23:22:03.315 [main] DEBUG org.apache.http.headers -- http-outgoing-1 >> User-Agent: Apache-HttpClient/4.5.14 (Java/17.0.9)
23:22:03.315 [main] DEBUG org.apache.http.headers -- http-outgoing-1 >> Accept-Encoding: gzip,deflate
23:22:03.315 [main] DEBUG org.apache.http.wire -- http-outgoing-1 >> "GET /posts/feed?limit=5&page=2 HTTP/1.1[\r][\n]"
23:22:03.315 [main] DEBUG org.apache.http.wire -- http-outgoing-1 >> "Authorization: Bearer eyJhbGciOiJIUzI1NiIsInR5cCI6IkpXVCJ9.eyJzdWIiOiIwODUxNWIwNS0yZDNlLTQ3ODktYWQ2MC1kYjM1NTI1YTQ5NzAiLCJ1c2VybmFtZSI6Im5hbSIsInJvbGUiOjAsImlhdCI6MTc1MDQzMzEyOCwiZXhwIjoxNzUwNDM2NzI4fQ.LLNWdGI7R_rFyU4cQg2wm-V3Jq9O_6TIXzyRgCE6Uf4[\r][\n]"
23:22:03.315 [main] DEBUG org.apache.http.wire -- http-outgoing-1 >> "Host: localhost:3000[\r][\n]"
23:22:03.317 [main] DEBUG org.apache.http.wire -- http-outgoing-1 >> "Connection: Keep-Alive[\r][\n]"
23:22:03.317 [main] DEBUG org.apache.http.wire -- http-outgoing-1 >> "User-Agent: Apache-HttpClient/4.5.14 (Java/17.0.9)[\r][\n]"
23:22:03.317 [main] DEBUG org.apache.http.wire -- http-outgoing-1 >> "Accept-Encoding: gzip,deflate[\r][\n]"
23:22:03.317 [main] DEBUG org.apache.http.wire -- http-outgoing-1 >> "[\r][\n]"
23:22:03.472 [main] DEBUG org.apache.http.wire -- http-outgoing-1 << "HTTP/1.1 200 OK[\r][\n]"
23:22:03.472 [main] DEBUG org.apache.http.wire -- http-outgoing-1 << "X-Powered-By: Express[\r][\n]"
23:22:03.472 [main] DEBUG org.apache.http.wire -- http-outgoing-1 << "Access-Control-Allow-Origin: *[\r][\n]"
23:22:03.472 [main] DEBUG org.apache.http.wire -- http-outgoing-1 << "Content-Type: application/json; charset=utf-8[\r][\n]"
23:22:03.472 [main] DEBUG org.apache.http.wire -- http-outgoing-1 << "Content-Length: 12780[\r][\n]"
23:22:03.472 [main] DEBUG org.apache.http.wire -- http-outgoing-1 << "ETag: W/"31ec-Jln4jrOFQxka/gOBB0Xm9pCUR5g"[\r][\n]"
23:22:03.472 [main] DEBUG org.apache.http.wire -- http-outgoing-1 << "Date: Fri, 20 Jun 2025 16:22:03 GMT[\r][\n]"
23:22:03.473 [main] DEBUG org.apache.http.wire -- http-outgoing-1 << "Connection: keep-alive[\r][\n]"
23:22:03.473 [main] DEBUG org.apache.http.wire -- http-outgoing-1 << "Keep-Alive: timeout=5[\r][\n]"
23:22:03.473 [main] DEBUG org.apache.http.wire -- http-outgoing-1 << "[\r][\n]"
23:22:03.473 [main] DEBUG org.apache.http.wire -- http-outgoing-1 << "{"message":"Feed","statusCode":200,"status":"success","data":[{"id":"c8151412-bc98-49ec-88ff-57b89cc2ce67","authorId":"08515b05-2d3e-4789-ad60-db35525a4970","imageUrl":["https://res.cloudinary.com/dizcvrefo/image/upload/v1748933672/nestjs_uploads/rpehmvwkwptjktjzllxz.jpg","https://res.cloudinary.com/dizcvrefo/image/upload/v1748933672/nestjs_uploads/xl8wce3gldsuaekfnfwo.jpg","https://res.cloudinary.com/dizcvrefo/image/upload/v1748933671/nestjs_uploads/ee1ntt1feukxfszhma1b.jpg"],"caption":"Moi di hom nay","location":null,"tags":[],"isPublic":true,"likeCount":0,"commentCount":0,"sharedCount":0,"createdAt":"2025-06-03T06:54:33.756Z","updatedAt":"2025-06-03T06:54:33.756Z","author":{"username":"nam","profilePic":"https://res.cloudinary.com/dizcvrefo/image/upload/v1749266646/nestjs_uploads/zk9zrpeidnovxibfqdxr.png"},"_count":{"likes":3,"comments":0},"score":0.014372694611050979,"isLike":true,"isToday":false,"isFollowing":false,"isSelf":true},{"id":"45a2d709-c6c9-4887-9235-dbbd2d381827","authorId":"08515b05-2d3e-4789-ad60-db35525a4970","imageUrl":["https://res.cloudinary.com/dizcvrefo/image/upload/v1748932129/nestjs_uploads/ecwyixgm9kf0zdng7bdp.png","https://res.cloudinary.com/dizcvrefo/image/upload/v1748932129/nestjs_uploads/uhl3z1wamgjxl5o4vq1l.jpg","https://res.cloudinary.com/dizcvrefo/image/upload/v1748932129/nestjs_uploads/pavlktzorkfcm5pp31io.jpg","https://res.cloudinary.com/dizcvrefo/image/upload/v1748932129/nestjs_uploads/knew9jcdpmwaleoa6oov.jpg"],"caption":"Di choi di anh em oi","location":null,"tags":[],"isPublic":true,"likeCount":0,"commentCount":0,"sharedCount":0,"createdAt":"2025-06-03T06:28:51.322Z","updatedAt":"2025-06-03T06:28:51.322Z","author":{"username":"nam","profilePic":"https://res.cloudinary.com/dizcvrefo/image/upload/v1749266646/nestjs_uploads/zk9zrpeidnovxibfqdxr.png"},"_count":{"likes":3,"comments":0},"score":0.014357958471371947,"isLike":true,"isToday":false,"isFollowing":false,"isSelf":true},{"id":"bd9fb1fc-af49-4625-aa11-a458424d17ca","authorId":"08515b05-2d3e-4789-ad60-db35525a4970","imageUrl":["https://res.cloudinary.com/dizcvrefo/image/upload/v1749400565/nestjs_uploads/srvf0b7b2fnsab8uqc8g.jpg","https://res.cloudinary.com/dizcvrefo/image/upload/v1749400565/nestjs_uploads/u2gybzjxkewsxa1atyq4.jpg","https://res.cloudinary.com/dizcvrefo/image/upload/v1749400565/nestjs_uploads/lottkkizhi1ngodzx4pp.jpg"],"caption":"toi la NAM BO","location":null,"tags":[],"isPublic":true,"likeCount":0,"commentCount":0,"sharedCount":0,"createdAt":"2025-06-08T16:36:04.450Z","updatedAt":"2025-06-08T16:36:04.450Z","author":{"username":"nam","profilePic":"https://res.cloudinary.com/dizcvrefo/image/upload/v1749266646/nestjs_uploads/zk9zrpeidnovxibfqdxr.png"},"_count":{"likes":2,"comments":0},"score":0.01390016372085822,"isLike":true,"isToday":false,"isFollowing":false,"isSelf":true},{"id":"8a0e35ce-0f39-4475-b2d2-15c217983926","authorId":"08515b05-2d3e-4789-ad60-db35525a4970","imageUrl":["https://res.cloudinary.com/dizcvrefo/image/upload/v1748597950/nestjs_uploads/siabu4jmaf7nfak5xkgc.jpg","https://res.cloudinary.com/dizcvrefo/image/upload/v1748597951/nestjs_uploads/bufde4typyni9j408ua4.jpg","https://res.cloudinary.com/dizcvrefo/image/upload/v1748597951/nestjs_uploads/yk6tjdkirr4a7ons7iz5.jpg"],"caption":"[0xc4][0x82]n g[0xc3][0xac] kh[0xc3][0xb4]ng","location":null,"tags":[],"isPublic":true,"likeCount":0,"commentCount":0,"sharedCount":0,"createdAt":"2025-05-30T09:39:13.647Z","updatedAt":"2025-05-30T09:39:13.647Z","author":{"username":"nam","profilePic":"https://res.cloudinary.com/dizcvrefo/image/upload/v1749266646/nestjs_uploads/zk9zrpeidnovxibfqdxr.png"},"_count":{"likes":3,"comments":0},"score":0.011748262001280404,"isLike":true,"isToday":false,"isFollowing":false,"isSelf":true},{"id":"b96886bd-5f00-41af-a440-152f360f1657","authorId":"08515b05-2d3e-4789-ad60-db35525a4970","imageUrl":["https://res.cloudinary.com/dizcvrefo/image/upload/v1748597371/nestjs_uploads/vce2gudp9o4mm4fn8xt0.jpg","https://res.cloudinary.com/dizcvrefo/image/upload/v1748597372/nestjs_uploads/u691vkjqxrek1dv0wtbm.jpg","https://res.cloudinary.com/dizcvrefo/image/upload/v1748597371/nestjs_uploads/feqbcopm8ge8maj3hu6k.jpg"],"caption":"ok","location":null,"tags":[],"isPublic":true,"likeCount":0,"commentCount":0,"sharedCount":0,"createdAt":"2025-05-30T09:29:34.405Z","updatedAt":"2025-05-30T09:29:34.405Z","author":{"username":"nam","profilePic":"https://res.cloudinary.com/dizcvrefo/image/upload/v1749266646/nestjs_uploads/zk9zrpeidnovxibfqdxr.png"},"_count":{"likes":3,"comments":0},"score":0.011744561873376717,"isLike":true,"isToday":false,"isFollowing":false,"isSelf":true},{"id":"d79e9a48-ca20-40fd-bb11-ed7302657db9","authorId":"08515b05-2d3e-4789-ad60-db35525a4970","imageUrl":["https://res.cloudinary.com/dizcvrefo/image/upload/v1749382783/nestjs_uploads/buqh5wktqj3y5etgfxok.jpg","https://res.cloudinary.com/dizcvrefo/image/upload/v1749382789/nestjs_uploads/wjm5idulrdjhv7yuc477.jpg","https://res.cloudinary.com/dizcvrefo/image/upload/v1749382781/nestjs_uploads/ztoyccvbrahzxkbm7mxb.jpg","https://res.cloudinary.com/dizcvrefo/image/upload/v1749383075/nestjs_uploads/yjbnpjozb3x4suirhe9d.jpg","https://res.cloudinary.com/dizcvrefo/image/upload/v1749383076/nestjs_uploads/wurnhokpsyvvjg60iceu.jpg"],"caption":"H[0xc3][0xb4]m nay l[0xc3][0xa0] th[0xe1][0xbb][0xa9] 7 em th[0xc3][0xad]ch [0xc4][0x91]i th[0xc3][0xad]ch [0xc4][0x91]i v[0xc3][0xa0]o bar u[0xe1][0xbb][0x91]ng [0xf0][0x9f][0x8d][0xba] [0xf0][0x9f][0x92][0x83][0xf0][0x9f][0x92][0x83][0xf0][0x9f][0x92][0x83]","location":null,"tags":[],"isPublic":true,"likeCount":0,"commentCount":0,"sharedCount":0,"createdAt":"2025-05-28T09:56:16.976Z","updatedAt":"2025-06-08T11:44:37.991Z","author":{"username":"nam","profilePic":"https://res.cloudinary.com/dizcvrefo/image/upload/v1749266646/nestjs_uploads/zk9zrpeidnovxibfqdxr.png"},"_count":{"likes":3,"comments":0},"score":0.010744416474335187,"isLike":true,"isToday":false,"isFollowing":false,"isSelf":true},{"id":"028cfac7-688b-4f4d-832d-1dd681b89e64","authorId":"08515b05-2d3e-4789-ad60-db35525a4970","imageUrl":["https://res.cloudinary.com/dizcvrefo/image/upload/v1748964089/nestjs_uploads/r2x7j8rz3gfsze8o0fe7.jpg","https://res.cloudinary.com/dizcvrefo/image/upload/v1748964089/nestjs_uploads/ebic5ju0e6btkxv2g526.jpg","https://res.cloudinary.com/dizcvrefo/image/upload/v1748964089/nestjs_uploads/ngkhumq5qjehuoqmvxqv.jpg"],"caption":"Di uong bia","location":null,"tags":[],"isPublic":true,"likeCount":0,"commentCount":0,"sharedCount":0,"createdAt":"2025-06-03T15:21:31.678Z","updatedAt":"2025-06-03T15:21:31.678Z","author":{"username":"nam","profilePic":"https://res.cloudinary.com/dizcvrefo/image/upload/v1749266646/nestjs_uploads/zk9zrpeidnovxibfqdxr.png"},"_count":{"likes":2,"comments":0},"score":0.009779739929861728,"isLike":true,"isToday":false,"isFollowing":false,"isSelf":true},{"id":"7918bc4d-383d-462e-afab-91099bc69905","authorId":"08515b05-2d3e-4789-ad60-db35525a4970","imageUrl":["https://res.cloudinary.com/dizcvrefo/image/upload/v1749449962/nestjs_uploads/h3loqo8k5fpmi2ipdtof.jpg"],"caption":"[0xc4][0x90][0xe1][0xba][0xb9]p trai th[0xc3][0xac] m[0xe1][0xbb][0x9b]i c[0xc3][0xb3] nhi[0xe1][0xbb][0x81]u [0xc4][0x91][0xe1][0xbb][0xa9]a y[0xc3][0xaa]u h[0xe1][0xba][0xb9] h[0xe1][0xba][0xb9]","location":null,"tags":[],"isPublic":true,"likeCount":0,"commentCount":0,"sharedCount":0,"createdAt":"2025-06-09T06:19:23.318Z","updatedAt":"2025-06-09T06:19:23.318Z","author":{"username":"nam","profilePic":"https://res.cloudinary.com/dizcvrefo/image/upload/v1749266646/nestjs_uploads/zk9zrpeidnovxibfqdxr.png"},"_count":{"likes":1,"comments":0},"score":0.007298085147779124,"isLike":true,"isToday":false,"isFollowing":false,"isSelf":true},{"id":"0c10c426-3d53-443a-8155-39234544c693","authorId":"08515b05-2d3e-4789-ad60-db35525a4970","imageUrl":["https://res.cloudinary.com/dizcvrefo/image/upload/v1749397668/nestjs_uploads/umpwoepazt6it2racqhe.webp","https://res.cloudinary.com/dizcvrefo/image/upload/v1749397668/nestjs_uploads/hcj53nurl5lpudcfaz3f.webp","https://res.cloudinary.com/dizcvrefo/image/upload/v1749397668/nestjs_uploads/qv1vfbg7k6lkeldhb7e3.webp","https://res.cloudinary.com/dizcvrefo/image/upload/v1749397668/nestjs_uploads/c6ruaxtyahilompxxej9.webp"],"caption":"Tr[0xe1][0xbb][0x9d]i xanh m[0xc3][0xa2]y tr[0xe1][0xba][0xaf]n"
23:22:03.474 [main] DEBUG org.apache.http.headers -- http-outgoing-1 << HTTP/1.1 200 OK
23:22:03.474 [main] DEBUG org.apache.http.headers -- http-outgoing-1 << X-Powered-By: Express
23:22:03.474 [main] DEBUG org.apache.http.headers -- http-outgoing-1 << Access-Control-Allow-Origin: *
23:22:03.474 [main] DEBUG org.apache.http.headers -- http-outgoing-1 << Content-Type: application/json; charset=utf-8
23:22:03.474 [main] DEBUG org.apache.http.headers -- http-outgoing-1 << Content-Length: 12780
23:22:03.474 [main] DEBUG org.apache.http.headers -- http-outgoing-1 << ETag: W/"31ec-Jln4jrOFQxka/gOBB0Xm9pCUR5g"
23:22:03.474 [main] DEBUG org.apache.http.headers -- http-outgoing-1 << Date: Fri, 20 Jun 2025 16:22:03 GMT
23:22:03.474 [main] DEBUG org.apache.http.headers -- http-outgoing-1 << Connection: keep-alive
23:22:03.474 [main] DEBUG org.apache.http.headers -- http-outgoing-1 << Keep-Alive: timeout=5
23:22:03.474 [main] DEBUG org.apache.http.impl.execchain.MainClientExec -- Connection can be kept alive for 5000 MILLISECONDS
23:22:03.474 [main] DEBUG org.apache.http.wire -- http-outgoing-1 << "g","location":null,"tags":[],"isPublic":true,"likeCount":0,"commentCount":0,"sharedCount":0,"createdAt":"2025-06-08T15:47:50.242Z","updatedAt":"2025-06-08T15:47:50.242Z","author":{"username":"nam","profilePic":"https://res.cloudinary.com/dizcvrefo/image/upload/v1749266646/nestjs_uploads/zk9zrpeidnovxibfqdxr.png"},"_count":{"likes":1,"comments":0},"score":0.006930719180543645,"isLike":false,"isToday":false,"isFollowing":false,"isSelf":true},{"id":"d296ef84-ae0f-4d14-a91a-15dd66bc0dac","authorId":"08515b05-2d3e-4789-ad60-db35525a4970","imageUrl":["https://res.cloudinary.com/dizcvrefo/image/upload/v1749397436/nestjs_uploads/w9d8ldmhonbzeenkcxpb.jpg","https://res.cloudinary.com/dizcvrefo/image/upload/v1749397436/nestjs_uploads/g8xrn89xfaz4ssvslueo.jpg","https://res.cloudinary.com/dizcvrefo/image/upload/v1749397436/nestjs_uploads/wggtlkgkwlcrmgrhskup.jpg"],"caption":"[0xc4][0x90][0xe1][0xbb][0xab]ng t[0xc3][0xac]m nhau v[0xc3][0xa0]o h[0xc3][0xb4]m gi[0xc3][0xb3] m[0xc6][0xb0]a t[0xc6][0xa1]i b[0xe1][0xbb][0x9d]i","location":null,"tags":[],"isPublic":true,"likeCount":0,"commentCount":0,"sharedCount":0,"createdAt"
23:22:03.474 [main] DEBUG org.apache.http.wire -- http-outgoing-1 << "":"2025-06-08T15:43:57.895Z","updatedAt":"2025-06-08T15:43:57.895Z","author":{"username":"nam","profilePic":"https://res.cloudinary.com/dizcvrefo/image/upload/v1749266646/nestjs_uploads/zk9zrpeidnovxibfqdxr.png"},"_count":{"likes":1,"comments":0},"score":0.006929169421941816,"isLike":true,"isToday":false,"isFollowing":false,"isSelf":true},{"id":"f1eae5ad-ef38-43e0-a9b8-1c1e0c2f6efd","authorId":"08515b05-2d3e-4789-ad60-db35525a4970","imageUrl":["https://res.cloudinary.com/dizcvrefo/image/upload/v1749397189/nestjs_uploads/n24psljoc11kfpxrlozi.jpg","https://res.cloudinary.com/dizcvrefo/image/upload/v1749397188/nestjs_uploads/ebdf0uii6p2yc3m30ruv.webp","https://res.cloudinary.com/dizcvrefo/image/upload/v1749397188/nestjs_uploads/vrc16ao0luptsqlvep2z.webp"],"caption":"Trong [0xc4][0x91][0xe1][0xba][0xa7]m g[0xc3][0xac] [0xc4][0x91][0xe1][0xba][0xb9]p b[0xe1][0xba][0xb1]ng sen","location":null,"tags":[],"isPublic":true,"likeCount":0,"commentCount":0,"sharedCount":0,"createdAt":"2025-06-08T15:39:50.851Z","updatedAt":"2025-06-08T15:39:50.851Z","author":{"username":"nam","profilePic":"https:"
23:22:03.474 [main] DEBUG org.apache.http.wire -- http-outgoing-1 << "//res.cloudinary.com/dizcvrefo/image/upload/v1749266646/nestjs_uploads/zk9zrpeidnovxibfqdxr.png"},"_count":{"likes":1,"comments":0},"score":0.006927522394130186,"isLike":true,"isToday":false,"isFollowing":false,"isSelf":true},{"id":"52cfd912-292f-4fbf-9240-3000d608dcd4","authorId":"e7b38cb7-6701-40d9-a3bd-f53fc4d43457","imageUrl":["https://res.cloudinary.com/dizcvrefo/image/upload/v1749316896/nestjs_uploads/lc1jqjzblqshqho7eavx.jpg"],"caption":"This is my first post","location":null,"tags":[],"isPublic":true,"likeCount":0,"commentCount":0,"sharedCount":0,"createdAt":"2025-05-14T05:28:07.619Z","updatedAt":"2025-06-07T17:21:37.389Z","author":{"username":"ductrong","profilePic":null},"_count":{"likes":3,"comments":0},"score":0.006674833341741357,"isLike":true,"isToday":false,"isFollowing":false,"isSelf":false},{"id":"546e44ab-45c4-4412-83c9-4a2cd786d46f","authorId":"08515b05-2d3e-4789-ad60-db35525a4970","imageUrl":["https://res.cloudinary.com/dizcvrefo/image/upload/v1749223872/nestjs_uploads/u1lkztc9gc8jfijtppib"
23:22:03.474 [main] DEBUG org.apache.http.wire -- http-outgoing-1 << ".jpg","https://res.cloudinary.com/dizcvrefo/image/upload/v1749223872/nestjs_uploads/hvbjhzpqvpw9kjrejiko.jpg","https://res.cloudinary.com/dizcvrefo/image/upload/v1749223872/nestjs_uploads/a9s8eujvzsy7sminvaaw.jpg","https://res.cloudinary.com/dizcvrefo/image/upload/v1749223872/nestjs_uploads/l0darr6gsfvyaz3udhvr.jpg"],"caption":"Th[0xe1][0xbb][0x9d]i ti[0xe1][0xba][0xbf]t n[0xc3][0xb3]ng nh[0xc6][0xb0] c[0xc3][0xa1]i l[0xc3][0xb2]","location":null,"tags":[],"isPublic":true,"likeCount":0,"commentCount":0,"sharedCount":0,"createdAt":"2025-06-06T15:31:13.422Z","updatedAt":"2025-06-06T15:31:13.422Z","author":{"username":"nam","profilePic":"https://res.cloudinary.com/dizcvrefo/image/upload/v1749266646/nestjs_uploads/zk9zrpeidnovxibfqdxr.png"},"_count":{"likes":1,"comments":0},"score":0.005937409565057462,"isLike":true,"isToday":false,"isFollowing":false,"isSelf":true},{"id":"d227a0c8-1c22-46cc-b7d2-4cdc49559d5a","authorId":"08515b05-2d3e-4789-ad60-db35525a4970","imageUrl":["https://res.cloudinary.com/dizcvrefo/image/upload/v1749396710/nestjs_uploads/rbfbkt8z02milpnwumdf.jpg","https:/"
23:22:03.474 [main] DEBUG org.apache.http.wire -- http-outgoing-1 << "/res.cloudinary.com/dizcvrefo/image/upload/v1749396710/nestjs_uploads/vgcadq2d5bc0n7ccenbd.jpg","https://res.cloudinary.com/dizcvrefo/image/upload/v1749396710/nestjs_uploads/mnxecfqiyziizzhgvpkx.jpg","https://res.cloudinary.com/dizcvrefo/image/upload/v1749396710/nestjs_uploads/ejjhcrbzulhtddkxenrb.jpg"],"caption":"Qu[0xe1][0xbb][0x91]c t[0xe1][0xba][0xbf] thi[0xe1][0xba][0xbf]u nhi","location":null,"tags":[],"isPublic":true,"likeCount":0,"commentCount":0,"sharedCount":0,"createdAt":"2025-06-08T15:31:52.624Z","updatedAt":"2025-06-08T15:31:52.624Z","author":{"username":"nam","profilePic":"https://res.cloudinary.com/dizcvrefo/image/upload/v1749266646/nestjs_uploads/zk9zrpeidnovxibfqdxr.png"},"_count":{"likes":0,"comments":0},"score":0,"isLike":false,"isToday":false,"isFollowing":false,"isSelf":true}]}"
23:22:03.475 [main] DEBUG org.apache.http.impl.conn.PoolingHttpClientConnectionManager -- Connection [id: 1][route: {}->http://localhost:3000] can be kept alive for 5.0 seconds
23:22:03.475 [main] DEBUG org.apache.http.impl.conn.DefaultManagedHttpClientConnection -- http-outgoing-1: set socket timeout to 0
23:22:03.475 [main] DEBUG org.apache.http.impl.conn.PoolingHttpClientConnectionManager -- Connection released: [id: 1][route: {}->http://localhost:3000][total available: 1; route allocated: 1 of 5; total allocated: 1 of 10]
23:22:03.475 [main] DEBUG org.apache.http.impl.conn.PoolingHttpClientConnectionManager -- Connection manager is shutting down
23:22:03.475 [main] DEBUG org.apache.http.impl.conn.DefaultManagedHttpClientConnection -- http-outgoing-1: Close connection
23:22:03.475 [main] DEBUG org.apache.http.impl.conn.PoolingHttpClientConnectionManager -- Connection manager shut down
23:22:03.477 [main] DEBUG com.intuit.karate -- response time in milliseconds: 161
1 < 200
1 < X-Powered-By: Express
1 < Access-Control-Allow-Origin: *
1 < Content-Type: application/json; charset=utf-8
1 < Content-Length: 12780
1 < ETag: W/"31ec-Jln4jrOFQxka/gOBB0Xm9pCUR5g"
1 < Date: Fri, 20 Jun 2025 16:22:03 GMT
1 < Connection: keep-alive
1 < Keep-Alive: timeout=5
{
  "message": "Feed",
  "statusCode": 200,
  "status": "success",
  "data": [
    {
      "id": "c8151412-bc98-49ec-88ff-57b89cc2ce67",
      "authorId": "08515b05-2d3e-4789-ad60-db35525a4970",
      "imageUrl": [
        "https://res.cloudinary.com/dizcvrefo/image/upload/v1748933672/nestjs_uploads/rpehmvwkwptjktjzllxz.jpg",
        "https://res.cloudinary.com/dizcvrefo/image/upload/v1748933672/nestjs_uploads/xl8wce3gldsuaekfnfwo.jpg",
        "https://res.cloudinary.com/dizcvrefo/image/upload/v1748933671/nestjs_uploads/ee1ntt1feukxfszhma1b.jpg"
      ],
      "caption": "Moi di hom nay",
      "location": null,
      "tags": [
      ],
      "isPublic": true,
      "likeCount": 0,
      "commentCount": 0,
      "sharedCount": 0,
      "createdAt": "2025-06-03T06:54:33.756Z",
      "updatedAt": "2025-06-03T06:54:33.756Z",
      "author": {
        "username": "nam",
        "profilePic": "https://res.cloudinary.com/dizcvrefo/image/upload/v1749266646/nestjs_uploads/zk9zrpeidnovxibfqdxr.png"
      },
      "_count": {
        "likes": 3,
        "comments": 0
      },
      "score": 0.014372694611050979,
      "isLike": true,
      "isToday": false,
      "isFollowing": false,
      "isSelf": true
    },
    {
      "id": "45a2d709-c6c9-4887-9235-dbbd2d381827",
      "authorId": "08515b05-2d3e-4789-ad60-db35525a4970",
      "imageUrl": [
        "https://res.cloudinary.com/dizcvrefo/image/upload/v1748932129/nestjs_uploads/ecwyixgm9kf0zdng7bdp.png",
        "https://res.cloudinary.com/dizcvrefo/image/upload/v1748932129/nestjs_uploads/uhl3z1wamgjxl5o4vq1l.jpg",
        "https://res.cloudinary.com/dizcvrefo/image/upload/v1748932129/nestjs_uploads/pavlktzorkfcm5pp31io.jpg",
        "https://res.cloudinary.com/dizcvrefo/image/upload/v1748932129/nestjs_uploads/knew9jcdpmwaleoa6oov.jpg"
      ],
      "caption": "Di choi di anh em oi",
      "location": null,
      "tags": [
      ],
      "isPublic": true,
      "likeCount": 0,
      "commentCount": 0,
      "sharedCount": 0,
      "createdAt": "2025-06-03T06:28:51.322Z",
      "updatedAt": "2025-06-03T06:28:51.322Z",
      "author": {
        "username": "nam",
        "profilePic": "https://res.cloudinary.com/dizcvrefo/image/upload/v1749266646/nestjs_uploads/zk9zrpeidnovxibfqdxr.png"
      },
      "_count": {
        "likes": 3,
        "comments": 0
      },
      "score": 0.014357958471371947,
      "isLike": true,
      "isToday": false,
      "isFollowing": false,
      "isSelf": true
    },
    {
      "id": "bd9fb1fc-af49-4625-aa11-a458424d17ca",
      "authorId": "08515b05-2d3e-4789-ad60-db35525a4970",
      "imageUrl": [
        "https://res.cloudinary.com/dizcvrefo/image/upload/v1749400565/nestjs_uploads/srvf0b7b2fnsab8uqc8g.jpg",
        "https://res.cloudinary.com/dizcvrefo/image/upload/v1749400565/nestjs_uploads/u2gybzjxkewsxa1atyq4.jpg",
        "https://res.cloudinary.com/dizcvrefo/image/upload/v1749400565/nestjs_uploads/lottkkizhi1ngodzx4pp.jpg"
      ],
      "caption": "toi la NAM BO",
      "location": null,
      "tags": [
      ],
      "isPublic": true,
      "likeCount": 0,
      "commentCount": 0,
      "sharedCount": 0,
      "createdAt": "2025-06-08T16:36:04.450Z",
      "updatedAt": "2025-06-08T16:36:04.450Z",
      "author": {
        "username": "nam",
        "profilePic": "https://res.cloudinary.com/dizcvrefo/image/upload/v1749266646/nestjs_uploads/zk9zrpeidnovxibfqdxr.png"
      },
      "_count": {
        "likes": 2,
        "comments": 0
      },
      "score": 0.01390016372085822,
      "isLike": true,
      "isToday": false,
      "isFollowing": false,
      "isSelf": true
    },
    {
      "id": "8a0e35ce-0f39-4475-b2d2-15c217983926",
      "authorId": "08515b05-2d3e-4789-ad60-db35525a4970",
      "imageUrl": [
        "https://res.cloudinary.com/dizcvrefo/image/upload/v1748597950/nestjs_uploads/siabu4jmaf7nfak5xkgc.jpg",
        "https://res.cloudinary.com/dizcvrefo/image/upload/v1748597951/nestjs_uploads/bufde4typyni9j408ua4.jpg",
        "https://res.cloudinary.com/dizcvrefo/image/upload/v1748597951/nestjs_uploads/yk6tjdkirr4a7ons7iz5.jpg"
      ],
      "caption": "?n gì không",
      "location": null,
      "tags": [
      ],
      "isPublic": true,
      "likeCount": 0,
      "commentCount": 0,
      "sharedCount": 0,
      "createdAt": "2025-05-30T09:39:13.647Z",
      "updatedAt": "2025-05-30T09:39:13.647Z",
      "author": {
        "username": "nam",
        "profilePic": "https://res.cloudinary.com/dizcvrefo/image/upload/v1749266646/nestjs_uploads/zk9zrpeidnovxibfqdxr.png"
      },
      "_count": {
        "likes": 3,
        "comments": 0
      },
      "score": 0.011748262001280404,
      "isLike": true,
      "isToday": false,
      "isFollowing": false,
      "isSelf": true
    },
    {
      "id": "b96886bd-5f00-41af-a440-152f360f1657",
      "authorId": "08515b05-2d3e-4789-ad60-db35525a4970",
      "imageUrl": [
        "https://res.cloudinary.com/dizcvrefo/image/upload/v1748597371/nestjs_uploads/vce2gudp9o4mm4fn8xt0.jpg",
        "https://res.cloudinary.com/dizcvrefo/image/upload/v1748597372/nestjs_uploads/u691vkjqxrek1dv0wtbm.jpg",
        "https://res.cloudinary.com/dizcvrefo/image/upload/v1748597371/nestjs_uploads/feqbcopm8ge8maj3hu6k.jpg"
      ],
      "caption": "ok",
      "location": null,
      "tags": [
      ],
      "isPublic": true,
      "likeCount": 0,
      "commentCount": 0,
      "sharedCount": 0,
      "createdAt": "2025-05-30T09:29:34.405Z",
      "updatedAt": "2025-05-30T09:29:34.405Z",
      "author": {
        "username": "nam",
        "profilePic": "https://res.cloudinary.com/dizcvrefo/image/upload/v1749266646/nestjs_uploads/zk9zrpeidnovxibfqdxr.png"
      },
      "_count": {
        "likes": 3,
        "comments": 0
      },
      "score": 0.011744561873376717,
      "isLike": true,
      "isToday": false,
      "isFollowing": false,
      "isSelf": true
    },
    {
      "id": "d79e9a48-ca20-40fd-bb11-ed7302657db9",
      "authorId": "08515b05-2d3e-4789-ad60-db35525a4970",
      "imageUrl": [
        "https://res.cloudinary.com/dizcvrefo/image/upload/v1749382783/nestjs_uploads/buqh5wktqj3y5etgfxok.jpg",
        "https://res.cloudinary.com/dizcvrefo/image/upload/v1749382789/nestjs_uploads/wjm5idulrdjhv7yuc477.jpg",
        "https://res.cloudinary.com/dizcvrefo/image/upload/v1749382781/nestjs_uploads/ztoyccvbrahzxkbm7mxb.jpg",
        "https://res.cloudinary.com/dizcvrefo/image/upload/v1749383075/nestjs_uploads/yjbnpjozb3x4suirhe9d.jpg",
        "https://res.cloudinary.com/dizcvrefo/image/upload/v1749383076/nestjs_uploads/wurnhokpsyvvjg60iceu.jpg"
      ],
      "caption": "Hôm nay là th? 7 em thích ?i thích ?i vào bar u?ng ? ???",
      "location": null,
      "tags": [
      ],
      "isPublic": true,
      "likeCount": 0,
      "commentCount": 0,
      "sharedCount": 0,
      "createdAt": "2025-05-28T09:56:16.976Z",
      "updatedAt": "2025-06-08T11:44:37.991Z",
      "author": {
        "username": "nam",
        "profilePic": "https://res.cloudinary.com/dizcvrefo/image/upload/v1749266646/nestjs_uploads/zk9zrpeidnovxibfqdxr.png"
      },
      "_count": {
        "likes": 3,
        "comments": 0
      },
      "score": 0.010744416474335187,
      "isLike": true,
      "isToday": false,
      "isFollowing": false,
      "isSelf": true
    },
    {
      "id": "028cfac7-688b-4f4d-832d-1dd681b89e64",
      "authorId": "08515b05-2d3e-4789-ad60-db35525a4970",
      "imageUrl": [
        "https://res.cloudinary.com/dizcvrefo/image/upload/v1748964089/nestjs_uploads/r2x7j8rz3gfsze8o0fe7.jpg",
        "https://res.cloudinary.com/dizcvrefo/image/upload/v1748964089/nestjs_uploads/ebic5ju0e6btkxv2g526.jpg",
        "https://res.cloudinary.com/dizcvrefo/image/upload/v1748964089/nestjs_uploads/ngkhumq5qjehuoqmvxqv.jpg"
      ],
      "caption": "Di uong bia",
      "location": null,
      "tags": [
      ],
      "isPublic": true,
      "likeCount": 0,
      "commentCount": 0,
      "sharedCount": 0,
      "createdAt": "2025-06-03T15:21:31.678Z",
      "updatedAt": "2025-06-03T15:21:31.678Z",
      "author": {
        "username": "nam",
        "profilePic": "https://res.cloudinary.com/dizcvrefo/image/upload/v1749266646/nestjs_uploads/zk9zrpeidnovxibfqdxr.png"
      },
      "_count": {
        "likes": 2,
        "comments": 0
      },
      "score": 0.009779739929861728,
      "isLike": true,
      "isToday": false,
      "isFollowing": false,
      "isSelf": true
    },
    {
      "id": "7918bc4d-383d-462e-afab-91099bc69905",
      "authorId": "08515b05-2d3e-4789-ad60-db35525a4970",
      "imageUrl": [
        "https://res.cloudinary.com/dizcvrefo/image/upload/v1749449962/nestjs_uploads/h3loqo8k5fpmi2ipdtof.jpg"
      ],
      "caption": "??p trai thì m?i có nhi?u ??a yêu h? h?",
      "location": null,
      "tags": [
      ],
      "isPublic": true,
      "likeCount": 0,
      "commentCount": 0,
      "sharedCount": 0,
      "createdAt": "2025-06-09T06:19:23.318Z",
      "updatedAt": "2025-06-09T06:19:23.318Z",
      "author": {
        "username": "nam",
        "profilePic": "https://res.cloudinary.com/dizcvrefo/image/upload/v1749266646/nestjs_uploads/zk9zrpeidnovxibfqdxr.png"
      },
      "_count": {
        "likes": 1,
        "comments": 0
      },
      "score": 0.007298085147779124,
      "isLike": true,
      "isToday": false,
      "isFollowing": false,
      "isSelf": true
    },
    {
      "id": "0c10c426-3d53-443a-8155-39234544c693",
      "authorId": "08515b05-2d3e-4789-ad60-db35525a4970",
      "imageUrl": [
        "https://res.cloudinary.com/dizcvrefo/image/upload/v1749397668/nestjs_uploads/umpwoepazt6it2racqhe.webp",
        "https://res.cloudinary.com/dizcvrefo/image/upload/v1749397668/nestjs_uploads/hcj53nurl5lpudcfaz3f.webp",
        "https://res.cloudinary.com/dizcvrefo/image/upload/v1749397668/nestjs_uploads/qv1vfbg7k6lkeldhb7e3.webp",
        "https://res.cloudinary.com/dizcvrefo/image/upload/v1749397668/nestjs_uploads/c6ruaxtyahilompxxej9.webp"
      ],
      "caption": "Tr?i xanh mây tr?ng",
      "location": null,
      "tags": [
      ],
      "isPublic": true,
      "likeCount": 0,
      "commentCount": 0,
      "sharedCount": 0,
      "createdAt": "2025-06-08T15:47:50.242Z",
      "updatedAt": "2025-06-08T15:47:50.242Z",
      "author": {
        "username": "nam",
        "profilePic": "https://res.cloudinary.com/dizcvrefo/image/upload/v1749266646/nestjs_uploads/zk9zrpeidnovxibfqdxr.png"
      },
      "_count": {
        "likes": 1,
        "comments": 0
      },
      "score": 0.006930719180543645,
      "isLike": false,
      "isToday": false,
      "isFollowing": false,
      "isSelf": true
    },
    {
      "id": "d296ef84-ae0f-4d14-a91a-15dd66bc0dac",
      "authorId": "08515b05-2d3e-4789-ad60-db35525a4970",
      "imageUrl": [
        "https://res.cloudinary.com/dizcvrefo/image/upload/v1749397436/nestjs_uploads/w9d8ldmhonbzeenkcxpb.jpg",
        "https://res.cloudinary.com/dizcvrefo/image/upload/v1749397436/nestjs_uploads/g8xrn89xfaz4ssvslueo.jpg",
        "https://res.cloudinary.com/dizcvrefo/image/upload/v1749397436/nestjs_uploads/wggtlkgkwlcrmgrhskup.jpg"
      ],
      "caption": "??ng tìm nhau vào hôm gió m?a t?i b?i",
      "location": null,
      "tags": [
      ],
      "isPublic": true,
      "likeCount": 0,
      "commentCount": 0,
      "sharedCount": 0,
      "createdAt": "2025-06-08T15:43:57.895Z",
      "updatedAt": "2025-06-08T15:43:57.895Z",
      "author": {
        "username": "nam",
        "profilePic": "https://res.cloudinary.com/dizcvrefo/image/upload/v1749266646/nestjs_uploads/zk9zrpeidnovxibfqdxr.png"
      },
      "_count": {
        "likes": 1,
        "comments": 0
      },
      "score": 0.006929169421941816,
      "isLike": true,
      "isToday": false,
      "isFollowing": false,
      "isSelf": true
    },
    {
      "id": "f1eae5ad-ef38-43e0-a9b8-1c1e0c2f6efd",
      "authorId": "08515b05-2d3e-4789-ad60-db35525a4970",
      "imageUrl": [
        "https://res.cloudinary.com/dizcvrefo/image/upload/v1749397189/nestjs_uploads/n24psljoc11kfpxrlozi.jpg",
        "https://res.cloudinary.com/dizcvrefo/image/upload/v1749397188/nestjs_uploads/ebdf0uii6p2yc3m30ruv.webp",
        "https://res.cloudinary.com/dizcvrefo/image/upload/v1749397188/nestjs_uploads/vrc16ao0luptsqlvep2z.webp"
      ],
      "caption": "Trong ??m gì ??p b?ng sen",
      "location": null,
      "tags": [
      ],
      "isPublic": true,
      "likeCount": 0,
      "commentCount": 0,
      "sharedCount": 0,
      "createdAt": "2025-06-08T15:39:50.851Z",
      "updatedAt": "2025-06-08T15:39:50.851Z",
      "author": {
        "username": "nam",
        "profilePic": "https://res.cloudinary.com/dizcvrefo/image/upload/v1749266646/nestjs_uploads/zk9zrpeidnovxibfqdxr.png"
      },
      "_count": {
        "likes": 1,
        "comments": 0
      },
      "score": 0.006927522394130186,
      "isLike": true,
      "isToday": false,
      "isFollowing": false,
      "isSelf": true
    },
    {
      "id": "52cfd912-292f-4fbf-9240-3000d608dcd4",
      "authorId": "e7b38cb7-6701-40d9-a3bd-f53fc4d43457",
      "imageUrl": [
        "https://res.cloudinary.com/dizcvrefo/image/upload/v1749316896/nestjs_uploads/lc1jqjzblqshqho7eavx.jpg"
      ],
      "caption": "This is my first post",
      "location": null,
      "tags": [
      ],
      "isPublic": true,
      "likeCount": 0,
      "commentCount": 0,
      "sharedCount": 0,
      "createdAt": "2025-05-14T05:28:07.619Z",
      "updatedAt": "2025-06-07T17:21:37.389Z",
      "author": {
        "username": "ductrong",
        "profilePic": null
      },
      "_count": {
        "likes": 3,
        "comments": 0
      },
      "score": 0.006674833341741357,
      "isLike": true,
      "isToday": false,
      "isFollowing": false,
      "isSelf": false
    },
    {
      "id": "546e44ab-45c4-4412-83c9-4a2cd786d46f",
      "authorId": "08515b05-2d3e-4789-ad60-db35525a4970",
      "imageUrl": [
        "https://res.cloudinary.com/dizcvrefo/image/upload/v1749223872/nestjs_uploads/u1lkztc9gc8jfijtppib.jpg",
        "https://res.cloudinary.com/dizcvrefo/image/upload/v1749223872/nestjs_uploads/hvbjhzpqvpw9kjrejiko.jpg",
        "https://res.cloudinary.com/dizcvrefo/image/upload/v1749223872/nestjs_uploads/a9s8eujvzsy7sminvaaw.jpg",
        "https://res.cloudinary.com/dizcvrefo/image/upload/v1749223872/nestjs_uploads/l0darr6gsfvyaz3udhvr.jpg"
      ],
      "caption": "Th?i ti?t nóng nh? cái lò",
      "location": null,
      "tags": [
      ],
      "isPublic": true,
      "likeCount": 0,
      "commentCount": 0,
      "sharedCount": 0,
      "createdAt": "2025-06-06T15:31:13.422Z",
      "updatedAt": "2025-06-06T15:31:13.422Z",
      "author": {
        "username": "nam",
        "profilePic": "https://res.cloudinary.com/dizcvrefo/image/upload/v1749266646/nestjs_uploads/zk9zrpeidnovxibfqdxr.png"
      },
      "_count": {
        "likes": 1,
        "comments": 0
      },
      "score": 0.005937409565057462,
      "isLike": true,
      "isToday": false,
      "isFollowing": false,
      "isSelf": true
    },
    {
      "id": "d227a0c8-1c22-46cc-b7d2-4cdc49559d5a",
      "authorId": "08515b05-2d3e-4789-ad60-db35525a4970",
      "imageUrl": [
        "https://res.cloudinary.com/dizcvrefo/image/upload/v1749396710/nestjs_uploads/rbfbkt8z02milpnwumdf.jpg",
        "https://res.cloudinary.com/dizcvrefo/image/upload/v1749396710/nestjs_uploads/vgcadq2d5bc0n7ccenbd.jpg",
        "https://res.cloudinary.com/dizcvrefo/image/upload/v1749396710/nestjs_uploads/mnxecfqiyziizzhgvpkx.jpg",
        "https://res.cloudinary.com/dizcvrefo/image/upload/v1749396710/nestjs_uploads/ejjhcrbzulhtddkxenrb.jpg"
      ],
      "caption": "Qu?c t? thi?u nhi",
      "location": null,
      "tags": [
      ],
      "isPublic": true,
      "likeCount": 0,
      "commentCount": 0,
      "sharedCount": 0,
      "createdAt": "2025-06-08T15:31:52.624Z",
      "updatedAt": "2025-06-08T15:31:52.624Z",
      "author": {
        "username": "nam",
        "profilePic": "https://res.cloudinary.com/dizcvrefo/image/upload/v1749266646/nestjs_uploads/zk9zrpeidnovxibfqdxr.png"
      },
      "_count": {
        "likes": 0,
        "comments": 0
      },
      "score": 0,
      "isLike": false,
      "isToday": false,
      "isFollowing": false,
      "isSelf": true
    }
  ]
}


23:22:03.482 [main] INFO com.intuit.karate -- [print] Calling getPostsFeed API v?i bearerToken: eyJhbGciOiJIUzI1NiIsInR5cCI6IkpXVCJ9.eyJzdWIiOiIwODUxNWIwNS0yZDNlLTQ3ODktYWQ2MC1kYjM1NTI1YTQ5NzAiLCJ1c2VybmFtZSI6Im5hbSIsInJvbGUiOjAsImlhdCI6MTc1MDQzMzEyOCwiZXhwIjoxNzUwNDM2NzI4fQ.LLNWdGI7R_rFyU4cQg2wm-V3Jq9O_6TIXzyRgCE6Uf4 
23:22:03.483 [main] INFO com.intuit.karate -- [print] Query params: {
  "page": "2",
  "limit": "5"
}
 
23:22:03.483 [main] INFO com.intuit.karate -- [print] Response status: 200 body: {
  "message": "Feed",
  "statusCode": 200,
  "status": "success",
  "data": [
    {
      "id": "c8151412-bc98-49ec-88ff-57b89cc2ce67",
      "authorId": "08515b05-2d3e-4789-ad60-db35525a4970",
      "imageUrl": [
        "https://res.cloudinary.com/dizcvrefo/image/upload/v1748933672/nestjs_uploads/rpehmvwkwptjktjzllxz.jpg",
        "https://res.cloudinary.com/dizcvrefo/image/upload/v1748933672/nestjs_uploads/xl8wce3gldsuaekfnfwo.jpg",
        "https://res.cloudinary.com/dizcvrefo/image/upload/v1748933671/nestjs_uploads/ee1ntt1feukxfszhma1b.jpg"
      ],
      "caption": "Moi di hom nay",
      "location": null,
      "tags": [
      ],
      "isPublic": true,
      "likeCount": 0,
      "commentCount": 0,
      "sharedCount": 0,
      "createdAt": "2025-06-03T06:54:33.756Z",
      "updatedAt": "2025-06-03T06:54:33.756Z",
      "author": {
        "username": "nam",
        "profilePic": "https://res.cloudinary.com/dizcvrefo/image/upload/v1749266646/nestjs_uploads/zk9zrpeidnovxibfqdxr.png"
      },
      "_count": {
        "likes": 3,
        "comments": 0
      },
      "score": 0.014372694611050979,
      "isLike": true,
      "isToday": false,
      "isFollowing": false,
      "isSelf": true
    },
    {
      "id": "45a2d709-c6c9-4887-9235-dbbd2d381827",
      "authorId": "08515b05-2d3e-4789-ad60-db35525a4970",
      "imageUrl": [
        "https://res.cloudinary.com/dizcvrefo/image/upload/v1748932129/nestjs_uploads/ecwyixgm9kf0zdng7bdp.png",
        "https://res.cloudinary.com/dizcvrefo/image/upload/v1748932129/nestjs_uploads/uhl3z1wamgjxl5o4vq1l.jpg",
        "https://res.cloudinary.com/dizcvrefo/image/upload/v1748932129/nestjs_uploads/pavlktzorkfcm5pp31io.jpg",
        "https://res.cloudinary.com/dizcvrefo/image/upload/v1748932129/nestjs_uploads/knew9jcdpmwaleoa6oov.jpg"
      ],
      "caption": "Di choi di anh em oi",
      "location": null,
      "tags": [
      ],
      "isPublic": true,
      "likeCount": 0,
      "commentCount": 0,
      "sharedCount": 0,
      "createdAt": "2025-06-03T06:28:51.322Z",
      "updatedAt": "2025-06-03T06:28:51.322Z",
      "author": {
        "username": "nam",
        "profilePic": "https://res.cloudinary.com/dizcvrefo/image/upload/v1749266646/nestjs_uploads/zk9zrpeidnovxibfqdxr.png"
      },
      "_count": {
        "likes": 3,
        "comments": 0
      },
      "score": 0.014357958471371947,
      "isLike": true,
      "isToday": false,
      "isFollowing": false,
      "isSelf": true
    },
    {
      "id": "bd9fb1fc-af49-4625-aa11-a458424d17ca",
      "authorId": "08515b05-2d3e-4789-ad60-db35525a4970",
      "imageUrl": [
        "https://res.cloudinary.com/dizcvrefo/image/upload/v1749400565/nestjs_uploads/srvf0b7b2fnsab8uqc8g.jpg",
        "https://res.cloudinary.com/dizcvrefo/image/upload/v1749400565/nestjs_uploads/u2gybzjxkewsxa1atyq4.jpg",
        "https://res.cloudinary.com/dizcvrefo/image/upload/v1749400565/nestjs_uploads/lottkkizhi1ngodzx4pp.jpg"
      ],
      "caption": "toi la NAM BO",
      "location": null,
      "tags": [
      ],
      "isPublic": true,
      "likeCount": 0,
      "commentCount": 0,
      "sharedCount": 0,
      "createdAt": "2025-06-08T16:36:04.450Z",
      "updatedAt": "2025-06-08T16:36:04.450Z",
      "author": {
        "username": "nam",
        "profilePic": "https://res.cloudinary.com/dizcvrefo/image/upload/v1749266646/nestjs_uploads/zk9zrpeidnovxibfqdxr.png"
      },
      "_count": {
        "likes": 2,
        "comments": 0
      },
      "score": 0.01390016372085822,
      "isLike": true,
      "isToday": false,
      "isFollowing": false,
      "isSelf": true
    },
    {
      "id": "8a0e35ce-0f39-4475-b2d2-15c217983926",
      "authorId": "08515b05-2d3e-4789-ad60-db35525a4970",
      "imageUrl": [
        "https://res.cloudinary.com/dizcvrefo/image/upload/v1748597950/nestjs_uploads/siabu4jmaf7nfak5xkgc.jpg",
        "https://res.cloudinary.com/dizcvrefo/image/upload/v1748597951/nestjs_uploads/bufde4typyni9j408ua4.jpg",
        "https://res.cloudinary.com/dizcvrefo/image/upload/v1748597951/nestjs_uploads/yk6tjdkirr4a7ons7iz5.jpg"
      ],
      "caption": "?n gì không",
      "location": null,
      "tags": [
      ],
      "isPublic": true,
      "likeCount": 0,
      "commentCount": 0,
      "sharedCount": 0,
      "createdAt": "2025-05-30T09:39:13.647Z",
      "updatedAt": "2025-05-30T09:39:13.647Z",
      "author": {
        "username": "nam",
        "profilePic": "https://res.cloudinary.com/dizcvrefo/image/upload/v1749266646/nestjs_uploads/zk9zrpeidnovxibfqdxr.png"
      },
      "_count": {
        "likes": 3,
        "comments": 0
      },
      "score": 0.011748262001280404,
      "isLike": true,
      "isToday": false,
      "isFollowing": false,
      "isSelf": true
    },
    {
      "id": "b96886bd-5f00-41af-a440-152f360f1657",
      "authorId": "08515b05-2d3e-4789-ad60-db35525a4970",
      "imageUrl": [
        "https://res.cloudinary.com/dizcvrefo/image/upload/v1748597371/nestjs_uploads/vce2gudp9o4mm4fn8xt0.jpg",
        "https://res.cloudinary.com/dizcvrefo/image/upload/v1748597372/nestjs_uploads/u691vkjqxrek1dv0wtbm.jpg",
        "https://res.cloudinary.com/dizcvrefo/image/upload/v1748597371/nestjs_uploads/feqbcopm8ge8maj3hu6k.jpg"
      ],
      "caption": "ok",
      "location": null,
      "tags": [
      ],
      "isPublic": true,
      "likeCount": 0,
      "commentCount": 0,
      "sharedCount": 0,
      "createdAt": "2025-05-30T09:29:34.405Z",
      "updatedAt": "2025-05-30T09:29:34.405Z",
      "author": {
        "username": "nam",
        "profilePic": "https://res.cloudinary.com/dizcvrefo/image/upload/v1749266646/nestjs_uploads/zk9zrpeidnovxibfqdxr.png"
      },
      "_count": {
        "likes": 3,
        "comments": 0
      },
      "score": 0.011744561873376717,
      "isLike": true,
      "isToday": false,
      "isFollowing": false,
      "isSelf": true
    },
    {
      "id": "d79e9a48-ca20-40fd-bb11-ed7302657db9",
      "authorId": "08515b05-2d3e-4789-ad60-db35525a4970",
      "imageUrl": [
        "https://res.cloudinary.com/dizcvrefo/image/upload/v1749382783/nestjs_uploads/buqh5wktqj3y5etgfxok.jpg",
        "https://res.cloudinary.com/dizcvrefo/image/upload/v1749382789/nestjs_uploads/wjm5idulrdjhv7yuc477.jpg",
        "https://res.cloudinary.com/dizcvrefo/image/upload/v1749382781/nestjs_uploads/ztoyccvbrahzxkbm7mxb.jpg",
        "https://res.cloudinary.com/dizcvrefo/image/upload/v1749383075/nestjs_uploads/yjbnpjozb3x4suirhe9d.jpg",
        "https://res.cloudinary.com/dizcvrefo/image/upload/v1749383076/nestjs_uploads/wurnhokpsyvvjg60iceu.jpg"
      ],
      "caption": "Hôm nay là th? 7 em thích ?i thích ?i vào bar u?ng ? ???",
      "location": null,
      "tags": [
      ],
      "isPublic": true,
      "likeCount": 0,
      "commentCount": 0,
      "sharedCount": 0,
      "createdAt": "2025-05-28T09:56:16.976Z",
      "updatedAt": "2025-06-08T11:44:37.991Z",
      "author": {
        "username": "nam",
        "profilePic": "https://res.cloudinary.com/dizcvrefo/image/upload/v1749266646/nestjs_uploads/zk9zrpeidnovxibfqdxr.png"
      },
      "_count": {
        "likes": 3,
        "comments": 0
      },
      "score": 0.010744416474335187,
      "isLike": true,
      "isToday": false,
      "isFollowing": false,
      "isSelf": true
    },
    {
      "id": "028cfac7-688b-4f4d-832d-1dd681b89e64",
      "authorId": "08515b05-2d3e-4789-ad60-db35525a4970",
      "imageUrl": [
        "https://res.cloudinary.com/dizcvrefo/image/upload/v1748964089/nestjs_uploads/r2x7j8rz3gfsze8o0fe7.jpg",
        "https://res.cloudinary.com/dizcvrefo/image/upload/v1748964089/nestjs_uploads/ebic5ju0e6btkxv2g526.jpg",
        "https://res.cloudinary.com/dizcvrefo/image/upload/v1748964089/nestjs_uploads/ngkhumq5qjehuoqmvxqv.jpg"
      ],
      "caption": "Di uong bia",
      "location": null,
      "tags": [
      ],
      "isPublic": true,
      "likeCount": 0,
      "commentCount": 0,
      "sharedCount": 0,
      "createdAt": "2025-06-03T15:21:31.678Z",
      "updatedAt": "2025-06-03T15:21:31.678Z",
      "author": {
        "username": "nam",
        "profilePic": "https://res.cloudinary.com/dizcvrefo/image/upload/v1749266646/nestjs_uploads/zk9zrpeidnovxibfqdxr.png"
      },
      "_count": {
        "likes": 2,
        "comments": 0
      },
      "score": 0.009779739929861728,
      "isLike": true,
      "isToday": false,
      "isFollowing": false,
      "isSelf": true
    },
    {
      "id": "7918bc4d-383d-462e-afab-91099bc69905",
      "authorId": "08515b05-2d3e-4789-ad60-db35525a4970",
      "imageUrl": [
        "https://res.cloudinary.com/dizcvrefo/image/upload/v1749449962/nestjs_uploads/h3loqo8k5fpmi2ipdtof.jpg"
      ],
      "caption": "??p trai thì m?i có nhi?u ??a yêu h? h?",
      "location": null,
      "tags": [
      ],
      "isPublic": true,
      "likeCount": 0,
      "commentCount": 0,
      "sharedCount": 0,
      "createdAt": "2025-06-09T06:19:23.318Z",
      "updatedAt": "2025-06-09T06:19:23.318Z",
      "author": {
        "username": "nam",
        "profilePic": "https://res.cloudinary.com/dizcvrefo/image/upload/v1749266646/nestjs_uploads/zk9zrpeidnovxibfqdxr.png"
      },
      "_count": {
        "likes": 1,
        "comments": 0
      },
      "score": 0.007298085147779124,
      "isLike": true,
      "isToday": false,
      "isFollowing": false,
      "isSelf": true
    },
    {
      "id": "0c10c426-3d53-443a-8155-39234544c693",
      "authorId": "08515b05-2d3e-4789-ad60-db35525a4970",
      "imageUrl": [
        "https://res.cloudinary.com/dizcvrefo/image/upload/v1749397668/nestjs_uploads/umpwoepazt6it2racqhe.webp",
        "https://res.cloudinary.com/dizcvrefo/image/upload/v1749397668/nestjs_uploads/hcj53nurl5lpudcfaz3f.webp",
        "https://res.cloudinary.com/dizcvrefo/image/upload/v1749397668/nestjs_uploads/qv1vfbg7k6lkeldhb7e3.webp",
        "https://res.cloudinary.com/dizcvrefo/image/upload/v1749397668/nestjs_uploads/c6ruaxtyahilompxxej9.webp"
      ],
      "caption": "Tr?i xanh mây tr?ng",
      "location": null,
      "tags": [
      ],
      "isPublic": true,
      "likeCount": 0,
      "commentCount": 0,
      "sharedCount": 0,
      "createdAt": "2025-06-08T15:47:50.242Z",
      "updatedAt": "2025-06-08T15:47:50.242Z",
      "author": {
        "username": "nam",
        "profilePic": "https://res.cloudinary.com/dizcvrefo/image/upload/v1749266646/nestjs_uploads/zk9zrpeidnovxibfqdxr.png"
      },
      "_count": {
        "likes": 1,
        "comments": 0
      },
      "score": 0.006930719180543645,
      "isLike": false,
      "isToday": false,
      "isFollowing": false,
      "isSelf": true
    },
    {
      "id": "d296ef84-ae0f-4d14-a91a-15dd66bc0dac",
      "authorId": "08515b05-2d3e-4789-ad60-db35525a4970",
      "imageUrl": [
        "https://res.cloudinary.com/dizcvrefo/image/upload/v1749397436/nestjs_uploads/w9d8ldmhonbzeenkcxpb.jpg",
        "https://res.cloudinary.com/dizcvrefo/image/upload/v1749397436/nestjs_uploads/g8xrn89xfaz4ssvslueo.jpg",
        "https://res.cloudinary.com/dizcvrefo/image/upload/v1749397436/nestjs_uploads/wggtlkgkwlcrmgrhskup.jpg"
      ],
      "caption": "??ng tìm nhau vào hôm gió m?a t?i b?i",
      "location": null,
      "tags": [
      ],
      "isPublic": true,
      "likeCount": 0,
      "commentCount": 0,
      "sharedCount": 0,
      "createdAt": "2025-06-08T15:43:57.895Z",
      "updatedAt": "2025-06-08T15:43:57.895Z",
      "author": {
        "username": "nam",
        "profilePic": "https://res.cloudinary.com/dizcvrefo/image/upload/v1749266646/nestjs_uploads/zk9zrpeidnovxibfqdxr.png"
      },
      "_count": {
        "likes": 1,
        "comments": 0
      },
      "score": 0.006929169421941816,
      "isLike": true,
      "isToday": false,
      "isFollowing": false,
      "isSelf": true
    },
    {
      "id": "f1eae5ad-ef38-43e0-a9b8-1c1e0c2f6efd",
      "authorId": "08515b05-2d3e-4789-ad60-db35525a4970",
      "imageUrl": [
        "https://res.cloudinary.com/dizcvrefo/image/upload/v1749397189/nestjs_uploads/n24psljoc11kfpxrlozi.jpg",
        "https://res.cloudinary.com/dizcvrefo/image/upload/v1749397188/nestjs_uploads/ebdf0uii6p2yc3m30ruv.webp",
        "https://res.cloudinary.com/dizcvrefo/image/upload/v1749397188/nestjs_uploads/vrc16ao0luptsqlvep2z.webp"
      ],
      "caption": "Trong ??m gì ??p b?ng sen",
      "location": null,
      "tags": [
      ],
      "isPublic": true,
      "likeCount": 0,
      "commentCount": 0,
      "sharedCount": 0,
      "createdAt": "2025-06-08T15:39:50.851Z",
      "updatedAt": "2025-06-08T15:39:50.851Z",
      "author": {
        "username": "nam",
        "profilePic": "https://res.cloudinary.com/dizcvrefo/image/upload/v1749266646/nestjs_uploads/zk9zrpeidnovxibfqdxr.png"
      },
      "_count": {
        "likes": 1,
        "comments": 0
      },
      "score": 0.006927522394130186,
      "isLike": true,
      "isToday": false,
      "isFollowing": false,
      "isSelf": true
    },
    {
      "id": "52cfd912-292f-4fbf-9240-3000d608dcd4",
      "authorId": "e7b38cb7-6701-40d9-a3bd-f53fc4d43457",
      "imageUrl": [
        "https://res.cloudinary.com/dizcvrefo/image/upload/v1749316896/nestjs_uploads/lc1jqjzblqshqho7eavx.jpg"
      ],
      "caption": "This is my first post",
      "location": null,
      "tags": [
      ],
      "isPublic": true,
      "likeCount": 0,
      "commentCount": 0,
      "sharedCount": 0,
      "createdAt": "2025-05-14T05:28:07.619Z",
      "updatedAt": "2025-06-07T17:21:37.389Z",
      "author": {
        "username": "ductrong",
        "profilePic": null
      },
      "_count": {
        "likes": 3,
        "comments": 0
      },
      "score": 0.006674833341741357,
      "isLike": true,
      "isToday": false,
      "isFollowing": false,
      "isSelf": false
    },
    {
      "id": "546e44ab-45c4-4412-83c9-4a2cd786d46f",
      "authorId": "08515b05-2d3e-4789-ad60-db35525a4970",
      "imageUrl": [
        "https://res.cloudinary.com/dizcvrefo/image/upload/v1749223872/nestjs_uploads/u1lkztc9gc8jfijtppib.jpg",
        "https://res.cloudinary.com/dizcvrefo/image/upload/v1749223872/nestjs_uploads/hvbjhzpqvpw9kjrejiko.jpg",
        "https://res.cloudinary.com/dizcvrefo/image/upload/v1749223872/nestjs_uploads/a9s8eujvzsy7sminvaaw.jpg",
        "https://res.cloudinary.com/dizcvrefo/image/upload/v1749223872/nestjs_uploads/l0darr6gsfvyaz3udhvr.jpg"
      ],
      "caption": "Th?i ti?t nóng nh? cái lò",
      "location": null,
      "tags": [
      ],
      "isPublic": true,
      "likeCount": 0,
      "commentCount": 0,
      "sharedCount": 0,
      "createdAt": "2025-06-06T15:31:13.422Z",
      "updatedAt": "2025-06-06T15:31:13.422Z",
      "author": {
        "username": "nam",
        "profilePic": "https://res.cloudinary.com/dizcvrefo/image/upload/v1749266646/nestjs_uploads/zk9zrpeidnovxibfqdxr.png"
      },
      "_count": {
        "likes": 1,
        "comments": 0
      },
      "score": 0.005937409565057462,
      "isLike": true,
      "isToday": false,
      "isFollowing": false,
      "isSelf": true
    },
    {
      "id": "d227a0c8-1c22-46cc-b7d2-4cdc49559d5a",
      "authorId": "08515b05-2d3e-4789-ad60-db35525a4970",
      "imageUrl": [
        "https://res.cloudinary.com/dizcvrefo/image/upload/v1749396710/nestjs_uploads/rbfbkt8z02milpnwumdf.jpg",
        "https://res.cloudinary.com/dizcvrefo/image/upload/v1749396710/nestjs_uploads/vgcadq2d5bc0n7ccenbd.jpg",
        "https://res.cloudinary.com/dizcvrefo/image/upload/v1749396710/nestjs_uploads/mnxecfqiyziizzhgvpkx.jpg",
        "https://res.cloudinary.com/dizcvrefo/image/upload/v1749396710/nestjs_uploads/ejjhcrbzulhtddkxenrb.jpg"
      ],
      "caption": "Qu?c t? thi?u nhi",
      "location": null,
      "tags": [
      ],
      "isPublic": true,
      "likeCount": 0,
      "commentCount": 0,
      "sharedCount": 0,
      "createdAt": "2025-06-08T15:31:52.624Z",
      "updatedAt": "2025-06-08T15:31:52.624Z",
      "author": {
        "username": "nam",
        "profilePic": "https://res.cloudinary.com/dizcvrefo/image/upload/v1749266646/nestjs_uploads/zk9zrpeidnovxibfqdxr.png"
      },
      "_count": {
        "likes": 0,
        "comments": 0
      },
      "score": 0,
      "isLike": false,
      "isToday": false,
      "isFollowing": false,
      "isSelf": true
    }
  ]
}
 
23:22:03.511 [main] INFO com.intuit.karate -- Test Case Data: {
  "bearerToken": "",
  "page": "2",
  "limit": "5",
  "testDescription": "Get posts feed v?i page=2, limit=5",
  "expectedStatus": 200.0,
  "expectedResult": "{\"message\": \"Feed\", \"statusCode\": 200, \"status\": \"success\", \"data\": []}",
  "responseStatus": "",
  "result": ""
}
 
23:22:03.511 [main] INFO com.intuit.karate -- Expected Status: 200.0 
23:22:03.511 [main] INFO com.intuit.karate -- Actual Status: 200 
23:22:03.512 [main] INFO com.intuit.karate -- Test case #2 - Status: 200, Result: {"message":"Feed","statusCode":200,"status":"success","data":[{"id":"c8151412-bc98-49ec-88ff-57b89cc2ce67","authorId":"08515b05-2d3e-4789-ad60-db35525a4970","imageUrl":["https://res.cloudinary.com/dizcvrefo/image/upload/v1748933672/nestjs_uploads/rpehmvwkwptjktjzllxz.jpg","https://res.cloudinary.com/dizcvrefo/image/upload/v1748933672/nestjs_uploads/xl8wce3gldsuaekfnfwo.jpg","https://res.cloudinary.com/dizcvrefo/image/upload/v1748933671/nestjs_uploads/ee1ntt1feukxfszhma1b.jpg"],"caption":"Moi di hom nay","location":null,"tags":[],"isPublic":true,"likeCount":0,"commentCount":0,"sharedCount":0,"createdAt":"2025-06-03T06:54:33.756Z","updatedAt":"2025-06-03T06:54:33.756Z","author":{"username":"nam","profilePic":"https://res.cloudinary.com/dizcvrefo/image/upload/v1749266646/nestjs_uploads/zk9zrpeidnovxibfqdxr.png"},"_count":{"likes":3,"comments":0},"score":0.014372694611050979,"isLike":true,"isToday":false,"isFollowing":false,"isSelf":true},{"id":"45a2d709-c6c9-4887-9235-dbbd2d381827","authorId":"08515b05-2d3e-4789-ad60-db35525a4970","imageUrl":["https://res.cloudinary.com/dizcvrefo/image/upload/v1748932129/nestjs_uploads/ecwyixgm9kf0zdng7bdp.png","https://res.cloudinary.com/dizcvrefo/image/upload/v1748932129/nestjs_uploads/uhl3z1wamgjxl5o4vq1l.jpg","https://res.cloudinary.com/dizcvrefo/image/upload/v1748932129/nestjs_uploads/pavlktzorkfcm5pp31io.jpg","https://res.cloudinary.com/dizcvrefo/image/upload/v1748932129/nestjs_uploads/knew9jcdpmwaleoa6oov.jpg"],"caption":"Di choi di anh em oi","location":null,"tags":[],"isPublic":true,"likeCount":0,"commentCount":0,"sharedCount":0,"createdAt":"2025-06-03T06:28:51.322Z","updatedAt":"2025-06-03T06:28:51.322Z","author":{"username":"nam","profilePic":"https://res.cloudinary.com/dizcvrefo/image/upload/v1749266646/nestjs_uploads/zk9zrpeidnovxibfqdxr.png"},"_count":{"likes":3,"comments":0},"score":0.014357958471371947,"isLike":true,"isToday":false,"isFollowing":false,"isSelf":true},{"id":"bd9fb1fc-af49-4625-aa11-a458424d17ca","authorId":"08515b05-2d3e-4789-ad60-db35525a4970","imageUrl":["https://res.cloudinary.com/dizcvrefo/image/upload/v1749400565/nestjs_uploads/srvf0b7b2fnsab8uqc8g.jpg","https://res.cloudinary.com/dizcvrefo/image/upload/v1749400565/nestjs_uploads/u2gybzjxkewsxa1atyq4.jpg","https://res.cloudinary.com/dizcvrefo/image/upload/v1749400565/nestjs_uploads/lottkkizhi1ngodzx4pp.jpg"],"caption":"toi la NAM BO","location":null,"tags":[],"isPublic":true,"likeCount":0,"commentCount":0,"sharedCount":0,"createdAt":"2025-06-08T16:36:04.450Z","updatedAt":"2025-06-08T16:36:04.450Z","author":{"username":"nam","profilePic":"https://res.cloudinary.com/dizcvrefo/image/upload/v1749266646/nestjs_uploads/zk9zrpeidnovxibfqdxr.png"},"_count":{"likes":2,"comments":0},"score":0.01390016372085822,"isLike":true,"isToday":false,"isFollowing":false,"isSelf":true},{"id":"8a0e35ce-0f39-4475-b2d2-15c217983926","authorId":"08515b05-2d3e-4789-ad60-db35525a4970","imageUrl":["https://res.cloudinary.com/dizcvrefo/image/upload/v1748597950/nestjs_uploads/siabu4jmaf7nfak5xkgc.jpg","https://res.cloudinary.com/dizcvrefo/image/upload/v1748597951/nestjs_uploads/bufde4typyni9j408ua4.jpg","https://res.cloudinary.com/dizcvrefo/image/upload/v1748597951/nestjs_uploads/yk6tjdkirr4a7ons7iz5.jpg"],"caption":"?n gì không","location":null,"tags":[],"isPublic":true,"likeCount":0,"commentCount":0,"sharedCount":0,"createdAt":"2025-05-30T09:39:13.647Z","updatedAt":"2025-05-30T09:39:13.647Z","author":{"username":"nam","profilePic":"https://res.cloudinary.com/dizcvrefo/image/upload/v1749266646/nestjs_uploads/zk9zrpeidnovxibfqdxr.png"},"_count":{"likes":3,"comments":0},"score":0.011748262001280404,"isLike":true,"isToday":false,"isFollowing":false,"isSelf":true},{"id":"b96886bd-5f00-41af-a440-152f360f1657","authorId":"08515b05-2d3e-4789-ad60-db35525a4970","imageUrl":["https://res.cloudinary.com/dizcvrefo/image/upload/v1748597371/nestjs_uploads/vce2gudp9o4mm4fn8xt0.jpg","https://res.cloudinary.com/dizcvrefo/image/upload/v1748597372/nestjs_uploads/u691vkjqxrek1dv0wtbm.jpg","https://res.cloudinary.com/dizcvrefo/image/upload/v1748597371/nestjs_uploads/feqbcopm8ge8maj3hu6k.jpg"],"caption":"ok","location":null,"tags":[],"isPublic":true,"likeCount":0,"commentCount":0,"sharedCount":0,"createdAt":"2025-05-30T09:29:34.405Z","updatedAt":"2025-05-30T09:29:34.405Z","author":{"username":"nam","profilePic":"https://res.cloudinary.com/dizcvrefo/image/upload/v1749266646/nestjs_uploads/zk9zrpeidnovxibfqdxr.png"},"_count":{"likes":3,"comments":0},"score":0.011744561873376717,"isLike":true,"isToday":false,"isFollowing":false,"isSelf":true},{"id":"d79e9a48-ca20-40fd-bb11-ed7302657db9","authorId":"08515b05-2d3e-4789-ad60-db35525a4970","imageUrl":["https://res.cloudinary.com/dizcvrefo/image/upload/v1749382783/nestjs_uploads/buqh5wktqj3y5etgfxok.jpg","https://res.cloudinary.com/dizcvrefo/image/upload/v1749382789/nestjs_uploads/wjm5idulrdjhv7yuc477.jpg","https://res.cloudinary.com/dizcvrefo/image/upload/v1749382781/nestjs_uploads/ztoyccvbrahzxkbm7mxb.jpg","https://res.cloudinary.com/dizcvrefo/image/upload/v1749383075/nestjs_uploads/yjbnpjozb3x4suirhe9d.jpg","https://res.cloudinary.com/dizcvrefo/image/upload/v1749383076/nestjs_uploads/wurnhokpsyvvjg60iceu.jpg"],"caption":"Hôm nay là th? 7 em thích ?i thích ?i vào bar u?ng ? ???","location":null,"tags":[],"isPublic":true,"likeCount":0,"commentCount":0,"sharedCount":0,"createdAt":"2025-05-28T09:56:16.976Z","updatedAt":"2025-06-08T11:44:37.991Z","author":{"username":"nam","profilePic":"https://res.cloudinary.com/dizcvrefo/image/upload/v1749266646/nestjs_uploads/zk9zrpeidnovxibfqdxr.png"},"_count":{"likes":3,"comments":0},"score":0.010744416474335187,"isLike":true,"isToday":false,"isFollowing":false,"isSelf":true},{"id":"028cfac7-688b-4f4d-832d-1dd681b89e64","authorId":"08515b05-2d3e-4789-ad60-db35525a4970","imageUrl":["https://res.cloudinary.com/dizcvrefo/image/upload/v1748964089/nestjs_uploads/r2x7j8rz3gfsze8o0fe7.jpg","https://res.cloudinary.com/dizcvrefo/image/upload/v1748964089/nestjs_uploads/ebic5ju0e6btkxv2g526.jpg","https://res.cloudinary.com/dizcvrefo/image/upload/v1748964089/nestjs_uploads/ngkhumq5qjehuoqmvxqv.jpg"],"caption":"Di uong bia","location":null,"tags":[],"isPublic":true,"likeCount":0,"commentCount":0,"sharedCount":0,"createdAt":"2025-06-03T15:21:31.678Z","updatedAt":"2025-06-03T15:21:31.678Z","author":{"username":"nam","profilePic":"https://res.cloudinary.com/dizcvrefo/image/upload/v1749266646/nestjs_uploads/zk9zrpeidnovxibfqdxr.png"},"_count":{"likes":2,"comments":0},"score":0.009779739929861728,"isLike":true,"isToday":false,"isFollowing":false,"isSelf":true},{"id":"7918bc4d-383d-462e-afab-91099bc69905","authorId":"08515b05-2d3e-4789-ad60-db35525a4970","imageUrl":["https://res.cloudinary.com/dizcvrefo/image/upload/v1749449962/nestjs_uploads/h3loqo8k5fpmi2ipdtof.jpg"],"caption":"??p trai thì m?i có nhi?u ??a yêu h? h?","location":null,"tags":[],"isPublic":true,"likeCount":0,"commentCount":0,"sharedCount":0,"createdAt":"2025-06-09T06:19:23.318Z","updatedAt":"2025-06-09T06:19:23.318Z","author":{"username":"nam","profilePic":"https://res.cloudinary.com/dizcvrefo/image/upload/v1749266646/nestjs_uploads/zk9zrpeidnovxibfqdxr.png"},"_count":{"likes":1,"comments":0},"score":0.007298085147779124,"isLike":true,"isToday":false,"isFollowing":false,"isSelf":true},{"id":"0c10c426-3d53-443a-8155-39234544c693","authorId":"08515b05-2d3e-4789-ad60-db35525a4970","imageUrl":["https://res.cloudinary.com/dizcvrefo/image/upload/v1749397668/nestjs_uploads/umpwoepazt6it2racqhe.webp","https://res.cloudinary.com/dizcvrefo/image/upload/v1749397668/nestjs_uploads/hcj53nurl5lpudcfaz3f.webp","https://res.cloudinary.com/dizcvrefo/image/upload/v1749397668/nestjs_uploads/qv1vfbg7k6lkeldhb7e3.webp","https://res.cloudinary.com/dizcvrefo/image/upload/v1749397668/nestjs_uploads/c6ruaxtyahilompxxej9.webp"],"caption":"Tr?i xanh mây tr?ng","location":null,"tags":[],"isPublic":true,"likeCount":0,"commentCount":0,"sharedCount":0,"createdAt":"2025-06-08T15:47:50.242Z","updatedAt":"2025-06-08T15:47:50.242Z","author":{"username":"nam","profilePic":"https://res.cloudinary.com/dizcvrefo/image/upload/v1749266646/nestjs_uploads/zk9zrpeidnovxibfqdxr.png"},"_count":{"likes":1,"comments":0},"score":0.006930719180543645,"isLike":false,"isToday":false,"isFollowing":false,"isSelf":true},{"id":"d296ef84-ae0f-4d14-a91a-15dd66bc0dac","authorId":"08515b05-2d3e-4789-ad60-db35525a4970","imageUrl":["https://res.cloudinary.com/dizcvrefo/image/upload/v1749397436/nestjs_uploads/w9d8ldmhonbzeenkcxpb.jpg","https://res.cloudinary.com/dizcvrefo/image/upload/v1749397436/nestjs_uploads/g8xrn89xfaz4ssvslueo.jpg","https://res.cloudinary.com/dizcvrefo/image/upload/v1749397436/nestjs_uploads/wggtlkgkwlcrmgrhskup.jpg"],"caption":"??ng tìm nhau vào hôm gió m?a t?i b?i","location":null,"tags":[],"isPublic":true,"likeCount":0,"commentCount":0,"sharedCount":0,"createdAt":"2025-06-08T15:43:57.895Z","updatedAt":"2025-06-08T15:43:57.895Z","author":{"username":"nam","profilePic":"https://res.cloudinary.com/dizcvrefo/image/upload/v1749266646/nestjs_uploads/zk9zrpeidnovxibfqdxr.png"},"_count":{"likes":1,"comments":0},"score":0.006929169421941816,"isLike":true,"isToday":false,"isFollowing":false,"isSelf":true},{"id":"f1eae5ad-ef38-43e0-a9b8-1c1e0c2f6efd","authorId":"08515b05-2d3e-4789-ad60-db35525a4970","imageUrl":["https://res.cloudinary.com/dizcvrefo/image/upload/v1749397189/nestjs_uploads/n24psljoc11kfpxrlozi.jpg","https://res.cloudinary.com/dizcvrefo/image/upload/v1749397188/nestjs_uploads/ebdf0uii6p2yc3m30ruv.webp","https://res.cloudinary.com/dizcvrefo/image/upload/v1749397188/nestjs_uploads/vrc16ao0luptsqlvep2z.webp"],"caption":"Trong ??m gì ??p b?ng sen","location":null,"tags":[],"isPublic":true,"likeCount":0,"commentCount":0,"sharedCount":0,"createdAt":"2025-06-08T15:39:50.851Z","updatedAt":"2025-06-08T15:39:50.851Z","author":{"username":"nam","profilePic":"https://res.cloudinary.com/dizcvrefo/image/upload/v1749266646/nestjs_uploads/zk9zrpeidnovxibfqdxr.png"},"_count":{"likes":1,"comments":0},"score":0.006927522394130186,"isLike":true,"isToday":false,"isFollowing":false,"isSelf":true},{"id":"52cfd912-292f-4fbf-9240-3000d608dcd4","authorId":"e7b38cb7-6701-40d9-a3bd-f53fc4d43457","imageUrl":["https://res.cloudinary.com/dizcvrefo/image/upload/v1749316896/nestjs_uploads/lc1jqjzblqshqho7eavx.jpg"],"caption":"This is my first post","location":null,"tags":[],"isPublic":true,"likeCount":0,"commentCount":0,"sharedCount":0,"createdAt":"2025-05-14T05:28:07.619Z","updatedAt":"2025-06-07T17:21:37.389Z","author":{"username":"ductrong","profilePic":null},"_count":{"likes":3,"comments":0},"score":0.006674833341741357,"isLike":true,"isToday":false,"isFollowing":false,"isSelf":false},{"id":"546e44ab-45c4-4412-83c9-4a2cd786d46f","authorId":"08515b05-2d3e-4789-ad60-db35525a4970","imageUrl":["https://res.cloudinary.com/dizcvrefo/image/upload/v1749223872/nestjs_uploads/u1lkztc9gc8jfijtppib.jpg","https://res.cloudinary.com/dizcvrefo/image/upload/v1749223872/nestjs_uploads/hvbjhzpqvpw9kjrejiko.jpg","https://res.cloudinary.com/dizcvrefo/image/upload/v1749223872/nestjs_uploads/a9s8eujvzsy7sminvaaw.jpg","https://res.cloudinary.com/dizcvrefo/image/upload/v1749223872/nestjs_uploads/l0darr6gsfvyaz3udhvr.jpg"],"caption":"Th?i ti?t nóng nh? cái lò","location":null,"tags":[],"isPublic":true,"likeCount":0,"commentCount":0,"sharedCount":0,"createdAt":"2025-06-06T15:31:13.422Z","updatedAt":"2025-06-06T15:31:13.422Z","author":{"username":"nam","profilePic":"https://res.cloudinary.com/dizcvrefo/image/upload/v1749266646/nestjs_uploads/zk9zrpeidnovxibfqdxr.png"},"_count":{"likes":1,"comments":0},"score":0.005937409565057462,"isLike":true,"isToday":false,"isFollowing":false,"isSelf":true},{"id":"d227a0c8-1c22-46cc-b7d2-4cdc49559d5a","authorId":"08515b05-2d3e-4789-ad60-db35525a4970","imageUrl":["https://res.cloudinary.com/dizcvrefo/image/upload/v1749396710/nestjs_uploads/rbfbkt8z02milpnwumdf.jpg","https://res.cloudinary.com/dizcvrefo/image/upload/v1749396710/nestjs_uploads/vgcadq2d5bc0n7ccenbd.jpg","https://res.cloudinary.com/dizcvrefo/image/upload/v1749396710/nestjs_uploads/mnxecfqiyziizzhgvpkx.jpg","https://res.cloudinary.com/dizcvrefo/image/upload/v1749396710/nestjs_uploads/ejjhcrbzulhtddkxenrb.jpg"],"caption":"Qu?c t? thi?u nhi","location":null,"tags":[],"isPublic":true,"likeCount":0,"commentCount":0,"sharedCount":0,"createdAt":"2025-06-08T15:31:52.624Z","updatedAt":"2025-06-08T15:31:52.624Z","author":{"username":"nam","profilePic":"https://res.cloudinary.com/dizcvrefo/image/upload/v1749266646/nestjs_uploads/zk9zrpeidnovxibfqdxr.png"},"_count":{"likes":0,"comments":0},"score":0,"isLike":false,"isToday":false,"isFollowing":false,"isSelf":true}]} 
23:22:03.513 [main] INFO com.intuit.karate -- ?ang ch?y test case #3: Get posts feed không có page (default), limit=10 
23:22:03.513 [main] INFO com.intuit.karate -- S? d?ng global bearer token t? config: eyJhbGciOiJIUzI1NiIsInR5cCI6IkpXVCJ9.eyJzdWIiOiIwODUxNWIwNS0yZDNlLTQ3ODktYWQ2MC1kYjM1NTI1YTQ5NzAiLCJ1c2VybmFtZSI6Im5hbSIsInJvbGUiOjAsImlhdCI6MTc1MDQzMzEyOCwiZXhwIjoxNzUwNDM2NzI4fQ.LLNWdGI7R_rFyU4cQg2wm-V3Jq9O_6TIXzyRgCE6Uf4 
23:22:03.528 [main] INFO com.intuit.karate -- karate.env system property was: null 
23:22:03.532 [main] DEBUG com.jayway.jsonpath.internal.path.CompiledPath -- Evaluating path: $
23:22:03.532 [main] DEBUG com.jayway.jsonpath.internal.path.CompiledPath -- Evaluating path: $
23:22:03.537 [main] DEBUG org.apache.http.client.protocol.RequestAddCookies -- CookieSpec selected: karate
23:22:03.537 [main] DEBUG org.apache.http.client.protocol.RequestAuthCache -- Auth cache not set in the context
23:22:03.537 [main] DEBUG com.intuit.karate -- request:
1 > GET http://localhost:3000/posts/feed?limit=10
1 > Authorization: Bearer eyJhbGciOiJIUzI1NiIsInR5cCI6IkpXVCJ9.eyJzdWIiOiIwODUxNWIwNS0yZDNlLTQ3ODktYWQ2MC1kYjM1NTI1YTQ5NzAiLCJ1c2VybmFtZSI6Im5hbSIsInJvbGUiOjAsImlhdCI6MTc1MDQzMzEyOCwiZXhwIjoxNzUwNDM2NzI4fQ.LLNWdGI7R_rFyU4cQg2wm-V3Jq9O_6TIXzyRgCE6Uf4
1 > Host: localhost:3000
1 > Connection: Keep-Alive
1 > User-Agent: Apache-HttpClient/4.5.14 (Java/17.0.9)
1 > Accept-Encoding: gzip,deflate


23:22:03.537 [main] DEBUG org.apache.http.impl.conn.PoolingHttpClientConnectionManager -- Connection request: [route: {}->http://localhost:3000][total available: 0; route allocated: 0 of 5; total allocated: 0 of 10]
23:22:03.537 [main] DEBUG org.apache.http.impl.conn.PoolingHttpClientConnectionManager -- Connection leased: [id: 2][route: {}->http://localhost:3000][total available: 0; route allocated: 1 of 5; total allocated: 1 of 10]
23:22:03.537 [main] DEBUG org.apache.http.impl.execchain.MainClientExec -- Opening connection {}->http://localhost:3000
23:22:03.538 [main] DEBUG org.apache.http.impl.conn.DefaultHttpClientConnectionOperator -- Connecting to localhost/127.0.0.1:3000
23:22:03.538 [main] DEBUG org.apache.http.impl.conn.DefaultHttpClientConnectionOperator -- Connection established 127.0.0.1:64600<->127.0.0.1:3000
23:22:03.538 [main] DEBUG org.apache.http.impl.conn.DefaultManagedHttpClientConnection -- http-outgoing-2: set socket timeout to 5000
23:22:03.538 [main] DEBUG org.apache.http.impl.execchain.MainClientExec -- Executing request GET /posts/feed?limit=10 HTTP/1.1
23:22:03.538 [main] DEBUG org.apache.http.impl.execchain.MainClientExec -- Proxy auth state: UNCHALLENGED
23:22:03.538 [main] DEBUG org.apache.http.headers -- http-outgoing-2 >> GET /posts/feed?limit=10 HTTP/1.1
23:22:03.538 [main] DEBUG org.apache.http.headers -- http-outgoing-2 >> Authorization: Bearer eyJhbGciOiJIUzI1NiIsInR5cCI6IkpXVCJ9.eyJzdWIiOiIwODUxNWIwNS0yZDNlLTQ3ODktYWQ2MC1kYjM1NTI1YTQ5NzAiLCJ1c2VybmFtZSI6Im5hbSIsInJvbGUiOjAsImlhdCI6MTc1MDQzMzEyOCwiZXhwIjoxNzUwNDM2NzI4fQ.LLNWdGI7R_rFyU4cQg2wm-V3Jq9O_6TIXzyRgCE6Uf4
23:22:03.538 [main] DEBUG org.apache.http.headers -- http-outgoing-2 >> Host: localhost:3000
23:22:03.538 [main] DEBUG org.apache.http.headers -- http-outgoing-2 >> Connection: Keep-Alive
23:22:03.538 [main] DEBUG org.apache.http.headers -- http-outgoing-2 >> User-Agent: Apache-HttpClient/4.5.14 (Java/17.0.9)
23:22:03.538 [main] DEBUG org.apache.http.headers -- http-outgoing-2 >> Accept-Encoding: gzip,deflate
23:22:03.538 [main] DEBUG org.apache.http.wire -- http-outgoing-2 >> "GET /posts/feed?limit=10 HTTP/1.1[\r][\n]"
23:22:03.538 [main] DEBUG org.apache.http.wire -- http-outgoing-2 >> "Authorization: Bearer eyJhbGciOiJIUzI1NiIsInR5cCI6IkpXVCJ9.eyJzdWIiOiIwODUxNWIwNS0yZDNlLTQ3ODktYWQ2MC1kYjM1NTI1YTQ5NzAiLCJ1c2VybmFtZSI6Im5hbSIsInJvbGUiOjAsImlhdCI6MTc1MDQzMzEyOCwiZXhwIjoxNzUwNDM2NzI4fQ.LLNWdGI7R_rFyU4cQg2wm-V3Jq9O_6TIXzyRgCE6Uf4[\r][\n]"
23:22:03.538 [main] DEBUG org.apache.http.wire -- http-outgoing-2 >> "Host: localhost:3000[\r][\n]"
23:22:03.538 [main] DEBUG org.apache.http.wire -- http-outgoing-2 >> "Connection: Keep-Alive[\r][\n]"
23:22:03.538 [main] DEBUG org.apache.http.wire -- http-outgoing-2 >> "User-Agent: Apache-HttpClient/4.5.14 (Java/17.0.9)[\r][\n]"
23:22:03.538 [main] DEBUG org.apache.http.wire -- http-outgoing-2 >> "Accept-Encoding: gzip,deflate[\r][\n]"
23:22:03.538 [main] DEBUG org.apache.http.wire -- http-outgoing-2 >> "[\r][\n]"
23:22:03.568 [main] DEBUG org.apache.http.wire -- http-outgoing-2 << "HTTP/1.1 400 Bad Request[\r][\n]"
23:22:03.568 [main] DEBUG org.apache.http.wire -- http-outgoing-2 << "X-Powered-By: Express[\r][\n]"
23:22:03.568 [main] DEBUG org.apache.http.wire -- http-outgoing-2 << "Access-Control-Allow-Origin: *[\r][\n]"
23:22:03.568 [main] DEBUG org.apache.http.wire -- http-outgoing-2 << "Content-Type: application/json; charset=utf-8[\r][\n]"
23:22:03.568 [main] DEBUG org.apache.http.wire -- http-outgoing-2 << "Content-Length: 158[\r][\n]"
23:22:03.568 [main] DEBUG org.apache.http.wire -- http-outgoing-2 << "ETag: W/"9e-ovbwt3xE9sNpEOe1pvWyYcC9kYc"[\r][\n]"
23:22:03.568 [main] DEBUG org.apache.http.wire -- http-outgoing-2 << "Date: Fri, 20 Jun 2025 16:22:03 GMT[\r][\n]"
23:22:03.568 [main] DEBUG org.apache.http.wire -- http-outgoing-2 << "Connection: keep-alive[\r][\n]"
23:22:03.568 [main] DEBUG org.apache.http.wire -- http-outgoing-2 << "Keep-Alive: timeout=5[\r][\n]"
23:22:03.568 [main] DEBUG org.apache.http.wire -- http-outgoing-2 << "[\r][\n]"
23:22:03.568 [main] DEBUG org.apache.http.wire -- http-outgoing-2 << "{"success":false,"statusCode":400,"message":"Kh[0xc3][0xb4]ng c[0xc3][0xb3] d[0xe1][0xbb][0xaf] li[0xe1][0xbb][0x87]u [0xc4][0x91][0xc6][0xb0][0xe1][0xbb][0xa3]c g[0xe1][0xbb][0xad]i l[0xc3][0xaa]n","path":"/posts/feed?limit=10","timestamp":"2025-06-20T16:22:03.568Z"}"
23:22:03.568 [main] DEBUG org.apache.http.headers -- http-outgoing-2 << HTTP/1.1 400 Bad Request
23:22:03.568 [main] DEBUG org.apache.http.headers -- http-outgoing-2 << X-Powered-By: Express
23:22:03.568 [main] DEBUG org.apache.http.headers -- http-outgoing-2 << Access-Control-Allow-Origin: *
23:22:03.568 [main] DEBUG org.apache.http.headers -- http-outgoing-2 << Content-Type: application/json; charset=utf-8
23:22:03.568 [main] DEBUG org.apache.http.headers -- http-outgoing-2 << Content-Length: 158
23:22:03.568 [main] DEBUG org.apache.http.headers -- http-outgoing-2 << ETag: W/"9e-ovbwt3xE9sNpEOe1pvWyYcC9kYc"
23:22:03.568 [main] DEBUG org.apache.http.headers -- http-outgoing-2 << Date: Fri, 20 Jun 2025 16:22:03 GMT
23:22:03.568 [main] DEBUG org.apache.http.headers -- http-outgoing-2 << Connection: keep-alive
23:22:03.568 [main] DEBUG org.apache.http.headers -- http-outgoing-2 << Keep-Alive: timeout=5
23:22:03.568 [main] DEBUG org.apache.http.impl.execchain.MainClientExec -- Connection can be kept alive for 5000 MILLISECONDS
23:22:03.568 [main] DEBUG org.apache.http.impl.conn.PoolingHttpClientConnectionManager -- Connection [id: 2][route: {}->http://localhost:3000] can be kept alive for 5.0 seconds
23:22:03.568 [main] DEBUG org.apache.http.impl.conn.DefaultManagedHttpClientConnection -- http-outgoing-2: set socket timeout to 0
23:22:03.568 [main] DEBUG org.apache.http.impl.conn.PoolingHttpClientConnectionManager -- Connection released: [id: 2][route: {}->http://localhost:3000][total available: 1; route allocated: 1 of 5; total allocated: 1 of 10]
23:22:03.570 [main] DEBUG org.apache.http.impl.conn.PoolingHttpClientConnectionManager -- Connection manager is shutting down
23:22:03.570 [main] DEBUG org.apache.http.impl.conn.DefaultManagedHttpClientConnection -- http-outgoing-2: Close connection
23:22:03.570 [main] DEBUG org.apache.http.impl.conn.PoolingHttpClientConnectionManager -- Connection manager shut down
23:22:03.570 [main] DEBUG com.intuit.karate -- response time in milliseconds: 33
1 < 400
1 < X-Powered-By: Express
1 < Access-Control-Allow-Origin: *
1 < Content-Type: application/json; charset=utf-8
1 < Content-Length: 158
1 < ETag: W/"9e-ovbwt3xE9sNpEOe1pvWyYcC9kYc"
1 < Date: Fri, 20 Jun 2025 16:22:03 GMT
1 < Connection: keep-alive
1 < Keep-Alive: timeout=5
{
  "success": false,
  "statusCode": 400,
  "message": "Không có d? li?u ???c g?i lên",
  "path": "/posts/feed?limit=10",
  "timestamp": "2025-06-20T16:22:03.568Z"
}


23:22:03.572 [main] INFO com.intuit.karate -- [print] Calling getPostsFeed API v?i bearerToken: eyJhbGciOiJIUzI1NiIsInR5cCI6IkpXVCJ9.eyJzdWIiOiIwODUxNWIwNS0yZDNlLTQ3ODktYWQ2MC1kYjM1NTI1YTQ5NzAiLCJ1c2VybmFtZSI6Im5hbSIsInJvbGUiOjAsImlhdCI6MTc1MDQzMzEyOCwiZXhwIjoxNzUwNDM2NzI4fQ.LLNWdGI7R_rFyU4cQg2wm-V3Jq9O_6TIXzyRgCE6Uf4 
23:22:03.573 [main] INFO com.intuit.karate -- [print] Query params: {
  "limit": "10"
}
 
23:22:03.574 [main] INFO com.intuit.karate -- [print] Response status: 400 body: {
  "success": false,
  "statusCode": 400,
  "message": "Không có d? li?u ???c g?i lên",
  "path": "/posts/feed?limit=10",
  "timestamp": "2025-06-20T16:22:03.568Z"
}
 
23:22:03.576 [main] INFO com.intuit.karate -- STATUS MISMATCH - Expected: 200, Actual: 400 
23:22:03.576 [main] INFO com.intuit.karate -- Test Case Data: {
  "bearerToken": "",
  "page": "",
  "limit": "10",
  "testDescription": "Get posts feed không có page (default), limit=10",
  "expectedStatus": 200.0,
  "expectedResult": "{\"message\": \"Feed\", \"statusCode\": 200, \"status\": \"success\", \"data\": []}",
  "responseStatus": "",
  "result": ""
}
 
23:22:03.576 [main] INFO com.intuit.karate -- Expected Status: 200.0 
23:22:03.576 [main] INFO com.intuit.karate -- Actual Status: 400 
23:22:03.576 [main] INFO com.intuit.karate -- Test case #3 - Status: 400, Result: {"success":false,"statusCode":400,"message":"Không có d? li?u ???c g?i lên","path":"/posts/feed?limit=10","timestamp":"2025-06-20T16:22:03.568Z"} 
23:22:03.577 [main] INFO com.intuit.karate -- ?ang ch?y test case #4: Get posts feed page=1, không có limit (default) 
23:22:03.577 [main] INFO com.intuit.karate -- S? d?ng global bearer token t? config: eyJhbGciOiJIUzI1NiIsInR5cCI6IkpXVCJ9.eyJzdWIiOiIwODUxNWIwNS0yZDNlLTQ3ODktYWQ2MC1kYjM1NTI1YTQ5NzAiLCJ1c2VybmFtZSI6Im5hbSIsInJvbGUiOjAsImlhdCI6MTc1MDQzMzEyOCwiZXhwIjoxNzUwNDM2NzI4fQ.LLNWdGI7R_rFyU4cQg2wm-V3Jq9O_6TIXzyRgCE6Uf4 
23:22:03.585 [main] INFO com.intuit.karate -- karate.env system property was: null 
23:22:03.587 [main] DEBUG com.jayway.jsonpath.internal.path.CompiledPath -- Evaluating path: $
23:22:03.587 [main] DEBUG com.jayway.jsonpath.internal.path.CompiledPath -- Evaluating path: $
23:22:03.589 [main] DEBUG org.apache.http.client.protocol.RequestAddCookies -- CookieSpec selected: karate
23:22:03.589 [main] DEBUG org.apache.http.client.protocol.RequestAuthCache -- Auth cache not set in the context
23:22:03.589 [main] DEBUG com.intuit.karate -- request:
1 > GET http://localhost:3000/posts/feed?page=1
1 > Authorization: Bearer eyJhbGciOiJIUzI1NiIsInR5cCI6IkpXVCJ9.eyJzdWIiOiIwODUxNWIwNS0yZDNlLTQ3ODktYWQ2MC1kYjM1NTI1YTQ5NzAiLCJ1c2VybmFtZSI6Im5hbSIsInJvbGUiOjAsImlhdCI6MTc1MDQzMzEyOCwiZXhwIjoxNzUwNDM2NzI4fQ.LLNWdGI7R_rFyU4cQg2wm-V3Jq9O_6TIXzyRgCE6Uf4
1 > Host: localhost:3000
1 > Connection: Keep-Alive
1 > User-Agent: Apache-HttpClient/4.5.14 (Java/17.0.9)
1 > Accept-Encoding: gzip,deflate


23:22:03.589 [main] DEBUG org.apache.http.impl.conn.PoolingHttpClientConnectionManager -- Connection request: [route: {}->http://localhost:3000][total available: 0; route allocated: 0 of 5; total allocated: 0 of 10]
23:22:03.589 [main] DEBUG org.apache.http.impl.conn.PoolingHttpClientConnectionManager -- Connection leased: [id: 3][route: {}->http://localhost:3000][total available: 0; route allocated: 1 of 5; total allocated: 1 of 10]
23:22:03.590 [main] DEBUG org.apache.http.impl.execchain.MainClientExec -- Opening connection {}->http://localhost:3000
23:22:03.590 [main] DEBUG org.apache.http.impl.conn.DefaultHttpClientConnectionOperator -- Connecting to localhost/127.0.0.1:3000
23:22:03.591 [main] DEBUG org.apache.http.impl.conn.DefaultHttpClientConnectionOperator -- Connection established 127.0.0.1:64602<->127.0.0.1:3000
23:22:03.591 [main] DEBUG org.apache.http.impl.conn.DefaultManagedHttpClientConnection -- http-outgoing-3: set socket timeout to 5000
23:22:03.591 [main] DEBUG org.apache.http.impl.execchain.MainClientExec -- Executing request GET /posts/feed?page=1 HTTP/1.1
23:22:03.591 [main] DEBUG org.apache.http.impl.execchain.MainClientExec -- Proxy auth state: UNCHALLENGED
23:22:03.591 [main] DEBUG org.apache.http.headers -- http-outgoing-3 >> GET /posts/feed?page=1 HTTP/1.1
23:22:03.591 [main] DEBUG org.apache.http.headers -- http-outgoing-3 >> Authorization: Bearer eyJhbGciOiJIUzI1NiIsInR5cCI6IkpXVCJ9.eyJzdWIiOiIwODUxNWIwNS0yZDNlLTQ3ODktYWQ2MC1kYjM1NTI1YTQ5NzAiLCJ1c2VybmFtZSI6Im5hbSIsInJvbGUiOjAsImlhdCI6MTc1MDQzMzEyOCwiZXhwIjoxNzUwNDM2NzI4fQ.LLNWdGI7R_rFyU4cQg2wm-V3Jq9O_6TIXzyRgCE6Uf4
23:22:03.591 [main] DEBUG org.apache.http.headers -- http-outgoing-3 >> Host: localhost:3000
23:22:03.591 [main] DEBUG org.apache.http.headers -- http-outgoing-3 >> Connection: Keep-Alive
23:22:03.591 [main] DEBUG org.apache.http.headers -- http-outgoing-3 >> User-Agent: Apache-HttpClient/4.5.14 (Java/17.0.9)
23:22:03.591 [main] DEBUG org.apache.http.headers -- http-outgoing-3 >> Accept-Encoding: gzip,deflate
23:22:03.591 [main] DEBUG org.apache.http.wire -- http-outgoing-3 >> "GET /posts/feed?page=1 HTTP/1.1[\r][\n]"
23:22:03.591 [main] DEBUG org.apache.http.wire -- http-outgoing-3 >> "Authorization: Bearer eyJhbGciOiJIUzI1NiIsInR5cCI6IkpXVCJ9.eyJzdWIiOiIwODUxNWIwNS0yZDNlLTQ3ODktYWQ2MC1kYjM1NTI1YTQ5NzAiLCJ1c2VybmFtZSI6Im5hbSIsInJvbGUiOjAsImlhdCI6MTc1MDQzMzEyOCwiZXhwIjoxNzUwNDM2NzI4fQ.LLNWdGI7R_rFyU4cQg2wm-V3Jq9O_6TIXzyRgCE6Uf4[\r][\n]"
23:22:03.591 [main] DEBUG org.apache.http.wire -- http-outgoing-3 >> "Host: localhost:3000[\r][\n]"
23:22:03.591 [main] DEBUG org.apache.http.wire -- http-outgoing-3 >> "Connection: Keep-Alive[\r][\n]"
23:22:03.591 [main] DEBUG org.apache.http.wire -- http-outgoing-3 >> "User-Agent: Apache-HttpClient/4.5.14 (Java/17.0.9)[\r][\n]"
23:22:03.591 [main] DEBUG org.apache.http.wire -- http-outgoing-3 >> "Accept-Encoding: gzip,deflate[\r][\n]"
23:22:03.591 [main] DEBUG org.apache.http.wire -- http-outgoing-3 >> "[\r][\n]"
23:22:03.620 [main] DEBUG org.apache.http.wire -- http-outgoing-3 << "HTTP/1.1 400 Bad Request[\r][\n]"
23:22:03.620 [main] DEBUG org.apache.http.wire -- http-outgoing-3 << "X-Powered-By: Express[\r][\n]"
23:22:03.620 [main] DEBUG org.apache.http.wire -- http-outgoing-3 << "Access-Control-Allow-Origin: *[\r][\n]"
23:22:03.620 [main] DEBUG org.apache.http.wire -- http-outgoing-3 << "Content-Type: application/json; charset=utf-8[\r][\n]"
23:22:03.621 [main] DEBUG org.apache.http.wire -- http-outgoing-3 << "Content-Length: 156[\r][\n]"
23:22:03.621 [main] DEBUG org.apache.http.wire -- http-outgoing-3 << "ETag: W/"9c-HDxdYynyKBcA1EX17YStcOdcicI"[\r][\n]"
23:22:03.621 [main] DEBUG org.apache.http.wire -- http-outgoing-3 << "Date: Fri, 20 Jun 2025 16:22:03 GMT[\r][\n]"
23:22:03.621 [main] DEBUG org.apache.http.wire -- http-outgoing-3 << "Connection: keep-alive[\r][\n]"
23:22:03.621 [main] DEBUG org.apache.http.wire -- http-outgoing-3 << "Keep-Alive: timeout=5[\r][\n]"
23:22:03.621 [main] DEBUG org.apache.http.wire -- http-outgoing-3 << "[\r][\n]"
23:22:03.621 [main] DEBUG org.apache.http.wire -- http-outgoing-3 << "{"success":false,"statusCode":400,"message":"Kh[0xc3][0xb4]ng c[0xc3][0xb3] d[0xe1][0xbb][0xaf] li[0xe1][0xbb][0x87]u [0xc4][0x91][0xc6][0xb0][0xe1][0xbb][0xa3]c g[0xe1][0xbb][0xad]i l[0xc3][0xaa]n","path":"/posts/feed?page=1","timestamp":"2025-06-20T16:22:03.620Z"}"
23:22:03.621 [main] DEBUG org.apache.http.headers -- http-outgoing-3 << HTTP/1.1 400 Bad Request
23:22:03.621 [main] DEBUG org.apache.http.headers -- http-outgoing-3 << X-Powered-By: Express
23:22:03.621 [main] DEBUG org.apache.http.headers -- http-outgoing-3 << Access-Control-Allow-Origin: *
23:22:03.621 [main] DEBUG org.apache.http.headers -- http-outgoing-3 << Content-Type: application/json; charset=utf-8
23:22:03.621 [main] DEBUG org.apache.http.headers -- http-outgoing-3 << Content-Length: 156
23:22:03.621 [main] DEBUG org.apache.http.headers -- http-outgoing-3 << ETag: W/"9c-HDxdYynyKBcA1EX17YStcOdcicI"
23:22:03.621 [main] DEBUG org.apache.http.headers -- http-outgoing-3 << Date: Fri, 20 Jun 2025 16:22:03 GMT
23:22:03.621 [main] DEBUG org.apache.http.headers -- http-outgoing-3 << Connection: keep-alive
23:22:03.621 [main] DEBUG org.apache.http.headers -- http-outgoing-3 << Keep-Alive: timeout=5
23:22:03.622 [main] DEBUG org.apache.http.impl.execchain.MainClientExec -- Connection can be kept alive for 5000 MILLISECONDS
23:22:03.622 [main] DEBUG org.apache.http.impl.conn.PoolingHttpClientConnectionManager -- Connection [id: 3][route: {}->http://localhost:3000] can be kept alive for 5.0 seconds
23:22:03.622 [main] DEBUG org.apache.http.impl.conn.DefaultManagedHttpClientConnection -- http-outgoing-3: set socket timeout to 0
23:22:03.622 [main] DEBUG org.apache.http.impl.conn.PoolingHttpClientConnectionManager -- Connection released: [id: 3][route: {}->http://localhost:3000][total available: 1; route allocated: 1 of 5; total allocated: 1 of 10]
23:22:03.622 [main] DEBUG org.apache.http.impl.conn.PoolingHttpClientConnectionManager -- Connection manager is shutting down
23:22:03.622 [main] DEBUG org.apache.http.impl.conn.DefaultManagedHttpClientConnection -- http-outgoing-3: Close connection
23:22:03.622 [main] DEBUG org.apache.http.impl.conn.PoolingHttpClientConnectionManager -- Connection manager shut down
23:22:03.622 [main] DEBUG com.intuit.karate -- response time in milliseconds: 33
1 < 400
1 < X-Powered-By: Express
1 < Access-Control-Allow-Origin: *
1 < Content-Type: application/json; charset=utf-8
1 < Content-Length: 156
1 < ETag: W/"9c-HDxdYynyKBcA1EX17YStcOdcicI"
1 < Date: Fri, 20 Jun 2025 16:22:03 GMT
1 < Connection: keep-alive
1 < Keep-Alive: timeout=5
{
  "success": false,
  "statusCode": 400,
  "message": "Không có d? li?u ???c g?i lên",
  "path": "/posts/feed?page=1",
  "timestamp": "2025-06-20T16:22:03.620Z"
}


23:22:03.624 [main] INFO com.intuit.karate -- [print] Calling getPostsFeed API v?i bearerToken: eyJhbGciOiJIUzI1NiIsInR5cCI6IkpXVCJ9.eyJzdWIiOiIwODUxNWIwNS0yZDNlLTQ3ODktYWQ2MC1kYjM1NTI1YTQ5NzAiLCJ1c2VybmFtZSI6Im5hbSIsInJvbGUiOjAsImlhdCI6MTc1MDQzMzEyOCwiZXhwIjoxNzUwNDM2NzI4fQ.LLNWdGI7R_rFyU4cQg2wm-V3Jq9O_6TIXzyRgCE6Uf4 
23:22:03.625 [main] INFO com.intuit.karate -- [print] Query params: {
  "page": "1"
}
 
23:22:03.625 [main] INFO com.intuit.karate -- [print] Response status: 400 body: {
  "success": false,
  "statusCode": 400,
  "message": "Không có d? li?u ???c g?i lên",
  "path": "/posts/feed?page=1",
  "timestamp": "2025-06-20T16:22:03.620Z"
}
 
23:22:03.626 [main] INFO com.intuit.karate -- STATUS MISMATCH - Expected: 200, Actual: 400 
23:22:03.626 [main] INFO com.intuit.karate -- Test Case Data: {
  "bearerToken": "",
  "page": "1",
  "limit": "",
  "testDescription": "Get posts feed page=1, không có limit (default)",
  "expectedStatus": 200.0,
  "expectedResult": "{\"message\": \"Feed\", \"statusCode\": 200, \"status\": \"success\", \"data\": []}",
  "responseStatus": "",
  "result": ""
}
 
23:22:03.626 [main] INFO com.intuit.karate -- Expected Status: 200.0 
23:22:03.626 [main] INFO com.intuit.karate -- Actual Status: 400 
23:22:03.626 [main] INFO com.intuit.karate -- Test case #4 - Status: 400, Result: {"success":false,"statusCode":400,"message":"Không có d? li?u ???c g?i lên","path":"/posts/feed?page=1","timestamp":"2025-06-20T16:22:03.620Z"} 
23:22:03.627 [main] INFO com.intuit.karate -- ?ang ch?y test case #5: Thi?u token xác th?c 
23:22:03.627 [main] INFO com.intuit.karate -- Test case không s? d?ng token 
23:22:03.634 [main] INFO com.intuit.karate -- karate.env system property was: null 
23:22:03.635 [main] DEBUG com.jayway.jsonpath.internal.path.CompiledPath -- Evaluating path: $
23:22:03.646 [main] DEBUG com.jayway.jsonpath.internal.path.CompiledPath -- Evaluating path: $
23:22:03.648 [main] DEBUG org.apache.http.client.protocol.RequestAddCookies -- CookieSpec selected: karate
23:22:03.648 [main] DEBUG org.apache.http.client.protocol.RequestAuthCache -- Auth cache not set in the context
23:22:03.648 [main] DEBUG com.intuit.karate -- request:
1 > GET http://localhost:3000/posts/feed?limit=10&page=1
1 > Authorization: #(Authorization)
1 > Host: localhost:3000
1 > Connection: Keep-Alive
1 > User-Agent: Apache-HttpClient/4.5.14 (Java/17.0.9)
1 > Accept-Encoding: gzip,deflate


23:22:03.648 [main] DEBUG org.apache.http.impl.conn.PoolingHttpClientConnectionManager -- Connection request: [route: {}->http://localhost:3000][total available: 0; route allocated: 0 of 5; total allocated: 0 of 10]
23:22:03.648 [main] DEBUG org.apache.http.impl.conn.PoolingHttpClientConnectionManager -- Connection leased: [id: 4][route: {}->http://localhost:3000][total available: 0; route allocated: 1 of 5; total allocated: 1 of 10]
23:22:03.648 [main] DEBUG org.apache.http.impl.execchain.MainClientExec -- Opening connection {}->http://localhost:3000
23:22:03.648 [main] DEBUG org.apache.http.impl.conn.DefaultHttpClientConnectionOperator -- Connecting to localhost/127.0.0.1:3000
23:22:03.649 [main] DEBUG org.apache.http.impl.conn.DefaultHttpClientConnectionOperator -- Connection established 127.0.0.1:64603<->127.0.0.1:3000
23:22:03.649 [main] DEBUG org.apache.http.impl.conn.DefaultManagedHttpClientConnection -- http-outgoing-4: set socket timeout to 5000
23:22:03.649 [main] DEBUG org.apache.http.impl.execchain.MainClientExec -- Executing request GET /posts/feed?limit=10&page=1 HTTP/1.1
23:22:03.649 [main] DEBUG org.apache.http.impl.execchain.MainClientExec -- Proxy auth state: UNCHALLENGED
23:22:03.649 [main] DEBUG org.apache.http.headers -- http-outgoing-4 >> GET /posts/feed?limit=10&page=1 HTTP/1.1
23:22:03.649 [main] DEBUG org.apache.http.headers -- http-outgoing-4 >> Authorization: #(Authorization)
23:22:03.649 [main] DEBUG org.apache.http.headers -- http-outgoing-4 >> Host: localhost:3000
23:22:03.649 [main] DEBUG org.apache.http.headers -- http-outgoing-4 >> Connection: Keep-Alive
23:22:03.649 [main] DEBUG org.apache.http.headers -- http-outgoing-4 >> User-Agent: Apache-HttpClient/4.5.14 (Java/17.0.9)
23:22:03.649 [main] DEBUG org.apache.http.headers -- http-outgoing-4 >> Accept-Encoding: gzip,deflate
23:22:03.649 [main] DEBUG org.apache.http.wire -- http-outgoing-4 >> "GET /posts/feed?limit=10&page=1 HTTP/1.1[\r][\n]"
23:22:03.649 [main] DEBUG org.apache.http.wire -- http-outgoing-4 >> "Authorization: #(Authorization)[\r][\n]"
23:22:03.649 [main] DEBUG org.apache.http.wire -- http-outgoing-4 >> "Host: localhost:3000[\r][\n]"
23:22:03.649 [main] DEBUG org.apache.http.wire -- http-outgoing-4 >> "Connection: Keep-Alive[\r][\n]"
23:22:03.649 [main] DEBUG org.apache.http.wire -- http-outgoing-4 >> "User-Agent: Apache-HttpClient/4.5.14 (Java/17.0.9)[\r][\n]"
23:22:03.649 [main] DEBUG org.apache.http.wire -- http-outgoing-4 >> "Accept-Encoding: gzip,deflate[\r][\n]"
23:22:03.649 [main] DEBUG org.apache.http.wire -- http-outgoing-4 >> "[\r][\n]"
23:22:03.650 [main] DEBUG org.apache.http.wire -- http-outgoing-4 << "HTTP/1.1 401 Unauthorized[\r][\n]"
23:22:03.650 [main] DEBUG org.apache.http.wire -- http-outgoing-4 << "X-Powered-By: Express[\r][\n]"
23:22:03.650 [main] DEBUG org.apache.http.wire -- http-outgoing-4 << "Access-Control-Allow-Origin: *[\r][\n]"
23:22:03.650 [main] DEBUG org.apache.http.wire -- http-outgoing-4 << "Content-Type: application/json; charset=utf-8[\r][\n]"
23:22:03.650 [main] DEBUG org.apache.http.wire -- http-outgoing-4 << "Content-Length: 135[\r][\n]"
23:22:03.650 [main] DEBUG org.apache.http.wire -- http-outgoing-4 << "ETag: W/"87-ngVnun+Jhzj3wGAWAF1R0JEiVWk"[\r][\n]"
23:22:03.650 [main] DEBUG org.apache.http.wire -- http-outgoing-4 << "Date: Fri, 20 Jun 2025 16:22:03 GMT[\r][\n]"
23:22:03.650 [main] DEBUG org.apache.http.wire -- http-outgoing-4 << "Connection: keep-alive[\r][\n]"
23:22:03.650 [main] DEBUG org.apache.http.wire -- http-outgoing-4 << "Keep-Alive: timeout=5[\r][\n]"
23:22:03.650 [main] DEBUG org.apache.http.wire -- http-outgoing-4 << "[\r][\n]"
23:22:03.650 [main] DEBUG org.apache.http.wire -- http-outgoing-4 << "{"success":false,"statusCode":401,"message":"Unauthorized","path":"/posts/feed?limit=10&page=1","timestamp":"2025-06-20T16:22:03.650Z"}"
23:22:03.650 [main] DEBUG org.apache.http.headers -- http-outgoing-4 << HTTP/1.1 401 Unauthorized
23:22:03.650 [main] DEBUG org.apache.http.headers -- http-outgoing-4 << X-Powered-By: Express
23:22:03.650 [main] DEBUG org.apache.http.headers -- http-outgoing-4 << Access-Control-Allow-Origin: *
23:22:03.650 [main] DEBUG org.apache.http.headers -- http-outgoing-4 << Content-Type: application/json; charset=utf-8
23:22:03.650 [main] DEBUG org.apache.http.headers -- http-outgoing-4 << Content-Length: 135
23:22:03.650 [main] DEBUG org.apache.http.headers -- http-outgoing-4 << ETag: W/"87-ngVnun+Jhzj3wGAWAF1R0JEiVWk"
23:22:03.650 [main] DEBUG org.apache.http.headers -- http-outgoing-4 << Date: Fri, 20 Jun 2025 16:22:03 GMT
23:22:03.650 [main] DEBUG org.apache.http.headers -- http-outgoing-4 << Connection: keep-alive
23:22:03.650 [main] DEBUG org.apache.http.headers -- http-outgoing-4 << Keep-Alive: timeout=5
23:22:03.651 [main] DEBUG org.apache.http.impl.execchain.MainClientExec -- Connection can be kept alive for 5000 MILLISECONDS
23:22:03.651 [main] DEBUG org.apache.http.impl.auth.HttpAuthenticator -- Authentication required
23:22:03.651 [main] DEBUG org.apache.http.impl.auth.HttpAuthenticator -- localhost:3000 requested authentication
23:22:03.651 [main] DEBUG org.apache.http.impl.auth.HttpAuthenticator -- Response contains no authentication challenges
23:22:03.651 [main] DEBUG org.apache.http.impl.conn.PoolingHttpClientConnectionManager -- Connection [id: 4][route: {}->http://localhost:3000] can be kept alive for 5.0 seconds
23:22:03.651 [main] DEBUG org.apache.http.impl.conn.DefaultManagedHttpClientConnection -- http-outgoing-4: set socket timeout to 0
23:22:03.651 [main] DEBUG org.apache.http.impl.conn.PoolingHttpClientConnectionManager -- Connection released: [id: 4][route: {}->http://localhost:3000][total available: 1; route allocated: 1 of 5; total allocated: 1 of 10]
23:22:03.651 [main] DEBUG org.apache.http.impl.conn.PoolingHttpClientConnectionManager -- Connection manager is shutting down
23:22:03.651 [main] DEBUG org.apache.http.impl.conn.DefaultManagedHttpClientConnection -- http-outgoing-4: Close connection
23:22:03.651 [main] DEBUG org.apache.http.impl.conn.PoolingHttpClientConnectionManager -- Connection manager shut down
23:22:03.651 [main] DEBUG com.intuit.karate -- response time in milliseconds: 3
1 < 401
1 < X-Powered-By: Express
1 < Access-Control-Allow-Origin: *
1 < Content-Type: application/json; charset=utf-8
1 < Content-Length: 135
1 < ETag: W/"87-ngVnun+Jhzj3wGAWAF1R0JEiVWk"
1 < Date: Fri, 20 Jun 2025 16:22:03 GMT
1 < Connection: keep-alive
1 < Keep-Alive: timeout=5
{
  "success": false,
  "statusCode": 401,
  "message": "Unauthorized",
  "path": "/posts/feed?limit=10&page=1",
  "timestamp": "2025-06-20T16:22:03.650Z"
}


23:22:03.653 [main] INFO com.intuit.karate -- [print] Calling getPostsFeed API v?i bearerToken:  
23:22:03.654 [main] INFO com.intuit.karate -- [print] Query params: {
  "page": "1",
  "limit": "10"
}
 
23:22:03.654 [main] INFO com.intuit.karate -- [print] Response status: 401 body: {
  "success": false,
  "statusCode": 401,
  "message": "Unauthorized",
  "path": "/posts/feed?limit=10&page=1",
  "timestamp": "2025-06-20T16:22:03.650Z"
}
 
23:22:03.655 [main] INFO com.intuit.karate -- Test Case Data: {
  "bearerToken": "NO_TOKEN",
  "page": "1",
  "limit": "10",
  "testDescription": "Thi?u token xác th?c",
  "expectedStatus": 401.0,
  "expectedResult": "{\"error\": \"Unauthorized\"}",
  "responseStatus": "",
  "result": ""
}
 
23:22:03.655 [main] INFO com.intuit.karate -- Expected Status: 401.0 
23:22:03.655 [main] INFO com.intuit.karate -- Actual Status: 401 
23:22:03.655 [main] INFO com.intuit.karate -- Test case #5 - Status: 401, Result: {"success":false,"statusCode":401,"message":"Unauthorized","path":"/posts/feed?limit=10&page=1","timestamp":"2025-06-20T16:22:03.650Z"} 
23:22:03.655 [main] INFO com.intuit.karate -- ?ang ch?y test case #6: Token không h?p l? 
23:22:03.656 [main] INFO com.intuit.karate -- Test case s? d?ng token không h?p l? 
23:22:03.662 [main] INFO com.intuit.karate -- karate.env system property was: null 
23:22:03.664 [main] DEBUG com.jayway.jsonpath.internal.path.CompiledPath -- Evaluating path: $
23:22:03.664 [main] DEBUG com.jayway.jsonpath.internal.path.CompiledPath -- Evaluating path: $
23:22:03.665 [main] DEBUG org.apache.http.client.protocol.RequestAddCookies -- CookieSpec selected: karate
23:22:03.666 [main] DEBUG org.apache.http.client.protocol.RequestAuthCache -- Auth cache not set in the context
23:22:03.666 [main] DEBUG com.intuit.karate -- request:
1 > GET http://localhost:3000/posts/feed?limit=10&page=1
1 > Authorization: Bearer invalid_token_123
1 > Host: localhost:3000
1 > Connection: Keep-Alive
1 > User-Agent: Apache-HttpClient/4.5.14 (Java/17.0.9)
1 > Accept-Encoding: gzip,deflate


23:22:03.666 [main] DEBUG org.apache.http.impl.conn.PoolingHttpClientConnectionManager -- Connection request: [route: {}->http://localhost:3000][total available: 0; route allocated: 0 of 5; total allocated: 0 of 10]
23:22:03.666 [main] DEBUG org.apache.http.impl.conn.PoolingHttpClientConnectionManager -- Connection leased: [id: 5][route: {}->http://localhost:3000][total available: 0; route allocated: 1 of 5; total allocated: 1 of 10]
23:22:03.666 [main] DEBUG org.apache.http.impl.execchain.MainClientExec -- Opening connection {}->http://localhost:3000
23:22:03.666 [main] DEBUG org.apache.http.impl.conn.DefaultHttpClientConnectionOperator -- Connecting to localhost/127.0.0.1:3000
23:22:03.666 [main] DEBUG org.apache.http.impl.conn.DefaultHttpClientConnectionOperator -- Connection established 127.0.0.1:64604<->127.0.0.1:3000
23:22:03.666 [main] DEBUG org.apache.http.impl.conn.DefaultManagedHttpClientConnection -- http-outgoing-5: set socket timeout to 5000
23:22:03.666 [main] DEBUG org.apache.http.impl.execchain.MainClientExec -- Executing request GET /posts/feed?limit=10&page=1 HTTP/1.1
23:22:03.666 [main] DEBUG org.apache.http.impl.execchain.MainClientExec -- Proxy auth state: UNCHALLENGED
23:22:03.667 [main] DEBUG org.apache.http.headers -- http-outgoing-5 >> GET /posts/feed?limit=10&page=1 HTTP/1.1
23:22:03.667 [main] DEBUG org.apache.http.headers -- http-outgoing-5 >> Authorization: Bearer invalid_token_123
23:22:03.667 [main] DEBUG org.apache.http.headers -- http-outgoing-5 >> Host: localhost:3000
23:22:03.667 [main] DEBUG org.apache.http.headers -- http-outgoing-5 >> Connection: Keep-Alive
23:22:03.667 [main] DEBUG org.apache.http.headers -- http-outgoing-5 >> User-Agent: Apache-HttpClient/4.5.14 (Java/17.0.9)
23:22:03.667 [main] DEBUG org.apache.http.headers -- http-outgoing-5 >> Accept-Encoding: gzip,deflate
23:22:03.667 [main] DEBUG org.apache.http.wire -- http-outgoing-5 >> "GET /posts/feed?limit=10&page=1 HTTP/1.1[\r][\n]"
23:22:03.667 [main] DEBUG org.apache.http.wire -- http-outgoing-5 >> "Authorization: Bearer invalid_token_123[\r][\n]"
23:22:03.667 [main] DEBUG org.apache.http.wire -- http-outgoing-5 >> "Host: localhost:3000[\r][\n]"
23:22:03.667 [main] DEBUG org.apache.http.wire -- http-outgoing-5 >> "Connection: Keep-Alive[\r][\n]"
23:22:03.667 [main] DEBUG org.apache.http.wire -- http-outgoing-5 >> "User-Agent: Apache-HttpClient/4.5.14 (Java/17.0.9)[\r][\n]"
23:22:03.667 [main] DEBUG org.apache.http.wire -- http-outgoing-5 >> "Accept-Encoding: gzip,deflate[\r][\n]"
23:22:03.667 [main] DEBUG org.apache.http.wire -- http-outgoing-5 >> "[\r][\n]"
23:22:03.668 [main] DEBUG org.apache.http.wire -- http-outgoing-5 << "HTTP/1.1 401 Unauthorized[\r][\n]"
23:22:03.668 [main] DEBUG org.apache.http.wire -- http-outgoing-5 << "X-Powered-By: Express[\r][\n]"
23:22:03.668 [main] DEBUG org.apache.http.wire -- http-outgoing-5 << "Access-Control-Allow-Origin: *[\r][\n]"
23:22:03.668 [main] DEBUG org.apache.http.wire -- http-outgoing-5 << "Content-Type: application/json; charset=utf-8[\r][\n]"
23:22:03.668 [main] DEBUG org.apache.http.wire -- http-outgoing-5 << "Content-Length: 135[\r][\n]"
23:22:03.668 [main] DEBUG org.apache.http.wire -- http-outgoing-5 << "ETag: W/"87-glUX/5VPdMEEVs9iDEU1wuvpVi8"[\r][\n]"
23:22:03.668 [main] DEBUG org.apache.http.wire -- http-outgoing-5 << "Date: Fri, 20 Jun 2025 16:22:03 GMT[\r][\n]"
23:22:03.668 [main] DEBUG org.apache.http.wire -- http-outgoing-5 << "Connection: keep-alive[\r][\n]"
23:22:03.668 [main] DEBUG org.apache.http.wire -- http-outgoing-5 << "Keep-Alive: timeout=5[\r][\n]"
23:22:03.668 [main] DEBUG org.apache.http.wire -- http-outgoing-5 << "[\r][\n]"
23:22:03.668 [main] DEBUG org.apache.http.wire -- http-outgoing-5 << "{"success":false,"statusCode":401,"message":"Unauthorized","path":"/posts/feed?limit=10&page=1","timestamp":"2025-06-20T16:22:03.668Z"}"
23:22:03.668 [main] DEBUG org.apache.http.headers -- http-outgoing-5 << HTTP/1.1 401 Unauthorized
23:22:03.668 [main] DEBUG org.apache.http.headers -- http-outgoing-5 << X-Powered-By: Express
23:22:03.668 [main] DEBUG org.apache.http.headers -- http-outgoing-5 << Access-Control-Allow-Origin: *
23:22:03.668 [main] DEBUG org.apache.http.headers -- http-outgoing-5 << Content-Type: application/json; charset=utf-8
23:22:03.668 [main] DEBUG org.apache.http.headers -- http-outgoing-5 << Content-Length: 135
23:22:03.668 [main] DEBUG org.apache.http.headers -- http-outgoing-5 << ETag: W/"87-glUX/5VPdMEEVs9iDEU1wuvpVi8"
23:22:03.668 [main] DEBUG org.apache.http.headers -- http-outgoing-5 << Date: Fri, 20 Jun 2025 16:22:03 GMT
23:22:03.668 [main] DEBUG org.apache.http.headers -- http-outgoing-5 << Connection: keep-alive
23:22:03.668 [main] DEBUG org.apache.http.headers -- http-outgoing-5 << Keep-Alive: timeout=5
23:22:03.668 [main] DEBUG org.apache.http.impl.execchain.MainClientExec -- Connection can be kept alive for 5000 MILLISECONDS
23:22:03.668 [main] DEBUG org.apache.http.impl.auth.HttpAuthenticator -- Authentication required
23:22:03.668 [main] DEBUG org.apache.http.impl.auth.HttpAuthenticator -- localhost:3000 requested authentication
23:22:03.669 [main] DEBUG org.apache.http.impl.auth.HttpAuthenticator -- Response contains no authentication challenges
23:22:03.669 [main] DEBUG org.apache.http.impl.conn.PoolingHttpClientConnectionManager -- Connection [id: 5][route: {}->http://localhost:3000] can be kept alive for 5.0 seconds
23:22:03.669 [main] DEBUG org.apache.http.impl.conn.DefaultManagedHttpClientConnection -- http-outgoing-5: set socket timeout to 0
23:22:03.669 [main] DEBUG org.apache.http.impl.conn.PoolingHttpClientConnectionManager -- Connection released: [id: 5][route: {}->http://localhost:3000][total available: 1; route allocated: 1 of 5; total allocated: 1 of 10]
23:22:03.669 [main] DEBUG org.apache.http.impl.conn.PoolingHttpClientConnectionManager -- Connection manager is shutting down
23:22:03.669 [main] DEBUG org.apache.http.impl.conn.DefaultManagedHttpClientConnection -- http-outgoing-5: Close connection
23:22:03.669 [main] DEBUG org.apache.http.impl.conn.PoolingHttpClientConnectionManager -- Connection manager shut down
23:22:03.669 [main] DEBUG com.intuit.karate -- response time in milliseconds: 3
1 < 401
1 < X-Powered-By: Express
1 < Access-Control-Allow-Origin: *
1 < Content-Type: application/json; charset=utf-8
1 < Content-Length: 135
1 < ETag: W/"87-glUX/5VPdMEEVs9iDEU1wuvpVi8"
1 < Date: Fri, 20 Jun 2025 16:22:03 GMT
1 < Connection: keep-alive
1 < Keep-Alive: timeout=5
{
  "success": false,
  "statusCode": 401,
  "message": "Unauthorized",
  "path": "/posts/feed?limit=10&page=1",
  "timestamp": "2025-06-20T16:22:03.668Z"
}


23:22:03.672 [main] INFO com.intuit.karate -- [print] Calling getPostsFeed API v?i bearerToken: invalid_token_123 
23:22:03.673 [main] INFO com.intuit.karate -- [print] Query params: {
  "page": "1",
  "limit": "10"
}
 
23:22:03.673 [main] INFO com.intuit.karate -- [print] Response status: 401 body: {
  "success": false,
  "statusCode": 401,
  "message": "Unauthorized",
  "path": "/posts/feed?limit=10&page=1",
  "timestamp": "2025-06-20T16:22:03.668Z"
}
 
23:22:03.673 [main] INFO com.intuit.karate -- Test Case Data: {
  "bearerToken": "INVALID_TOKEN",
  "page": "1",
  "limit": "10",
  "testDescription": "Token không h?p l?",
  "expectedStatus": 401.0,
  "expectedResult": "{\"error\": \"Invalid or expired token\"}",
  "responseStatus": "",
  "result": ""
}
 
23:22:03.673 [main] INFO com.intuit.karate -- Expected Status: 401.0 
23:22:03.674 [main] INFO com.intuit.karate -- Actual Status: 401 
23:22:03.674 [main] INFO com.intuit.karate -- Test case #6 - Status: 401, Result: {"success":false,"statusCode":401,"message":"Unauthorized","path":"/posts/feed?limit=10&page=1","timestamp":"2025-06-20T16:22:03.668Z"} 
23:22:03.675 [main] INFO com.intuit.karate -- ?ang ch?y test case #7: Page s? âm 
23:22:03.675 [main] INFO com.intuit.karate -- S? d?ng global bearer token t? config: eyJhbGciOiJIUzI1NiIsInR5cCI6IkpXVCJ9.eyJzdWIiOiIwODUxNWIwNS0yZDNlLTQ3ODktYWQ2MC1kYjM1NTI1YTQ5NzAiLCJ1c2VybmFtZSI6Im5hbSIsInJvbGUiOjAsImlhdCI6MTc1MDQzMzEyOCwiZXhwIjoxNzUwNDM2NzI4fQ.LLNWdGI7R_rFyU4cQg2wm-V3Jq9O_6TIXzyRgCE6Uf4 
23:22:03.684 [main] INFO com.intuit.karate -- karate.env system property was: null 
23:22:03.686 [main] DEBUG com.jayway.jsonpath.internal.path.CompiledPath -- Evaluating path: $
23:22:03.686 [main] DEBUG com.jayway.jsonpath.internal.path.CompiledPath -- Evaluating path: $
23:22:03.688 [main] DEBUG org.apache.http.client.protocol.RequestAddCookies -- CookieSpec selected: karate
23:22:03.689 [main] DEBUG org.apache.http.client.protocol.RequestAuthCache -- Auth cache not set in the context
23:22:03.689 [main] DEBUG com.intuit.karate -- request:
1 > GET http://localhost:3000/posts/feed?limit=10&page=-1
1 > Authorization: Bearer eyJhbGciOiJIUzI1NiIsInR5cCI6IkpXVCJ9.eyJzdWIiOiIwODUxNWIwNS0yZDNlLTQ3ODktYWQ2MC1kYjM1NTI1YTQ5NzAiLCJ1c2VybmFtZSI6Im5hbSIsInJvbGUiOjAsImlhdCI6MTc1MDQzMzEyOCwiZXhwIjoxNzUwNDM2NzI4fQ.LLNWdGI7R_rFyU4cQg2wm-V3Jq9O_6TIXzyRgCE6Uf4
1 > Host: localhost:3000
1 > Connection: Keep-Alive
1 > User-Agent: Apache-HttpClient/4.5.14 (Java/17.0.9)
1 > Accept-Encoding: gzip,deflate


23:22:03.689 [main] DEBUG org.apache.http.impl.conn.PoolingHttpClientConnectionManager -- Connection request: [route: {}->http://localhost:3000][total available: 0; route allocated: 0 of 5; total allocated: 0 of 10]
23:22:03.689 [main] DEBUG org.apache.http.impl.conn.PoolingHttpClientConnectionManager -- Connection leased: [id: 6][route: {}->http://localhost:3000][total available: 0; route allocated: 1 of 5; total allocated: 1 of 10]
23:22:03.689 [main] DEBUG org.apache.http.impl.execchain.MainClientExec -- Opening connection {}->http://localhost:3000
23:22:03.689 [main] DEBUG org.apache.http.impl.conn.DefaultHttpClientConnectionOperator -- Connecting to localhost/127.0.0.1:3000
23:22:03.690 [main] DEBUG org.apache.http.impl.conn.DefaultHttpClientConnectionOperator -- Connection established 127.0.0.1:64605<->127.0.0.1:3000
23:22:03.690 [main] DEBUG org.apache.http.impl.conn.DefaultManagedHttpClientConnection -- http-outgoing-6: set socket timeout to 5000
23:22:03.690 [main] DEBUG org.apache.http.impl.execchain.MainClientExec -- Executing request GET /posts/feed?limit=10&page=-1 HTTP/1.1
23:22:03.690 [main] DEBUG org.apache.http.impl.execchain.MainClientExec -- Proxy auth state: UNCHALLENGED
23:22:03.691 [main] DEBUG org.apache.http.headers -- http-outgoing-6 >> GET /posts/feed?limit=10&page=-1 HTTP/1.1
23:22:03.691 [main] DEBUG org.apache.http.headers -- http-outgoing-6 >> Authorization: Bearer eyJhbGciOiJIUzI1NiIsInR5cCI6IkpXVCJ9.eyJzdWIiOiIwODUxNWIwNS0yZDNlLTQ3ODktYWQ2MC1kYjM1NTI1YTQ5NzAiLCJ1c2VybmFtZSI6Im5hbSIsInJvbGUiOjAsImlhdCI6MTc1MDQzMzEyOCwiZXhwIjoxNzUwNDM2NzI4fQ.LLNWdGI7R_rFyU4cQg2wm-V3Jq9O_6TIXzyRgCE6Uf4
23:22:03.691 [main] DEBUG org.apache.http.headers -- http-outgoing-6 >> Host: localhost:3000
23:22:03.691 [main] DEBUG org.apache.http.headers -- http-outgoing-6 >> Connection: Keep-Alive
23:22:03.691 [main] DEBUG org.apache.http.headers -- http-outgoing-6 >> User-Agent: Apache-HttpClient/4.5.14 (Java/17.0.9)
23:22:03.691 [main] DEBUG org.apache.http.headers -- http-outgoing-6 >> Accept-Encoding: gzip,deflate
23:22:03.691 [main] DEBUG org.apache.http.wire -- http-outgoing-6 >> "GET /posts/feed?limit=10&page=-1 HTTP/1.1[\r][\n]"
23:22:03.691 [main] DEBUG org.apache.http.wire -- http-outgoing-6 >> "Authorization: Bearer eyJhbGciOiJIUzI1NiIsInR5cCI6IkpXVCJ9.eyJzdWIiOiIwODUxNWIwNS0yZDNlLTQ3ODktYWQ2MC1kYjM1NTI1YTQ5NzAiLCJ1c2VybmFtZSI6Im5hbSIsInJvbGUiOjAsImlhdCI6MTc1MDQzMzEyOCwiZXhwIjoxNzUwNDM2NzI4fQ.LLNWdGI7R_rFyU4cQg2wm-V3Jq9O_6TIXzyRgCE6Uf4[\r][\n]"
23:22:03.691 [main] DEBUG org.apache.http.wire -- http-outgoing-6 >> "Host: localhost:3000[\r][\n]"
23:22:03.691 [main] DEBUG org.apache.http.wire -- http-outgoing-6 >> "Connection: Keep-Alive[\r][\n]"
23:22:03.691 [main] DEBUG org.apache.http.wire -- http-outgoing-6 >> "User-Agent: Apache-HttpClient/4.5.14 (Java/17.0.9)[\r][\n]"
23:22:03.691 [main] DEBUG org.apache.http.wire -- http-outgoing-6 >> "Accept-Encoding: gzip,deflate[\r][\n]"
23:22:03.691 [main] DEBUG org.apache.http.wire -- http-outgoing-6 >> "[\r][\n]"
23:22:03.846 [main] DEBUG org.apache.http.wire -- http-outgoing-6 << "HTTP/1.1 200 OK[\r][\n]"
23:22:03.846 [main] DEBUG org.apache.http.wire -- http-outgoing-6 << "X-Powered-By: Express[\r][\n]"
23:22:03.847 [main] DEBUG org.apache.http.wire -- http-outgoing-6 << "Access-Control-Allow-Origin: *[\r][\n]"
23:22:03.847 [main] DEBUG org.apache.http.wire -- http-outgoing-6 << "Content-Type: application/json; charset=utf-8[\r][\n]"
23:22:03.847 [main] DEBUG org.apache.http.wire -- http-outgoing-6 << "Content-Length: 64[\r][\n]"
23:22:03.847 [main] DEBUG org.apache.http.wire -- http-outgoing-6 << "ETag: W/"40-QKGrNuSvhxBhDWq7IF5CIJDpZK4"[\r][\n]"
23:22:03.847 [main] DEBUG org.apache.http.wire -- http-outgoing-6 << "Date: Fri, 20 Jun 2025 16:22:03 GMT[\r][\n]"
23:22:03.847 [main] DEBUG org.apache.http.wire -- http-outgoing-6 << "Connection: keep-alive[\r][\n]"
23:22:03.847 [main] DEBUG org.apache.http.wire -- http-outgoing-6 << "Keep-Alive: timeout=5[\r][\n]"
23:22:03.847 [main] DEBUG org.apache.http.wire -- http-outgoing-6 << "[\r][\n]"
23:22:03.847 [main] DEBUG org.apache.http.wire -- http-outgoing-6 << "{"message":"Feed","statusCode":200,"status":"success","data":[]}"
23:22:03.847 [main] DEBUG org.apache.http.headers -- http-outgoing-6 << HTTP/1.1 200 OK
23:22:03.847 [main] DEBUG org.apache.http.headers -- http-outgoing-6 << X-Powered-By: Express
23:22:03.847 [main] DEBUG org.apache.http.headers -- http-outgoing-6 << Access-Control-Allow-Origin: *
23:22:03.847 [main] DEBUG org.apache.http.headers -- http-outgoing-6 << Content-Type: application/json; charset=utf-8
23:22:03.847 [main] DEBUG org.apache.http.headers -- http-outgoing-6 << Content-Length: 64
23:22:03.847 [main] DEBUG org.apache.http.headers -- http-outgoing-6 << ETag: W/"40-QKGrNuSvhxBhDWq7IF5CIJDpZK4"
23:22:03.847 [main] DEBUG org.apache.http.headers -- http-outgoing-6 << Date: Fri, 20 Jun 2025 16:22:03 GMT
23:22:03.847 [main] DEBUG org.apache.http.headers -- http-outgoing-6 << Connection: keep-alive
23:22:03.847 [main] DEBUG org.apache.http.headers -- http-outgoing-6 << Keep-Alive: timeout=5
23:22:03.847 [main] DEBUG org.apache.http.impl.execchain.MainClientExec -- Connection can be kept alive for 5000 MILLISECONDS
23:22:03.847 [main] DEBUG org.apache.http.impl.conn.PoolingHttpClientConnectionManager -- Connection [id: 6][route: {}->http://localhost:3000] can be kept alive for 5.0 seconds
23:22:03.847 [main] DEBUG org.apache.http.impl.conn.DefaultManagedHttpClientConnection -- http-outgoing-6: set socket timeout to 0
23:22:03.847 [main] DEBUG org.apache.http.impl.conn.PoolingHttpClientConnectionManager -- Connection released: [id: 6][route: {}->http://localhost:3000][total available: 1; route allocated: 1 of 5; total allocated: 1 of 10]
23:22:03.847 [main] DEBUG org.apache.http.impl.conn.PoolingHttpClientConnectionManager -- Connection manager is shutting down
23:22:03.847 [main] DEBUG org.apache.http.impl.conn.DefaultManagedHttpClientConnection -- http-outgoing-6: Close connection
23:22:03.847 [main] DEBUG org.apache.http.impl.conn.PoolingHttpClientConnectionManager -- Connection manager shut down
23:22:03.848 [main] DEBUG com.intuit.karate -- response time in milliseconds: 158
1 < 200
1 < X-Powered-By: Express
1 < Access-Control-Allow-Origin: *
1 < Content-Type: application/json; charset=utf-8
1 < Content-Length: 64
1 < ETag: W/"40-QKGrNuSvhxBhDWq7IF5CIJDpZK4"
1 < Date: Fri, 20 Jun 2025 16:22:03 GMT
1 < Connection: keep-alive
1 < Keep-Alive: timeout=5
{
  "message": "Feed",
  "statusCode": 200,
  "status": "success",
  "data": [
  ]
}


23:22:03.850 [main] INFO com.intuit.karate -- [print] Calling getPostsFeed API v?i bearerToken: eyJhbGciOiJIUzI1NiIsInR5cCI6IkpXVCJ9.eyJzdWIiOiIwODUxNWIwNS0yZDNlLTQ3ODktYWQ2MC1kYjM1NTI1YTQ5NzAiLCJ1c2VybmFtZSI6Im5hbSIsInJvbGUiOjAsImlhdCI6MTc1MDQzMzEyOCwiZXhwIjoxNzUwNDM2NzI4fQ.LLNWdGI7R_rFyU4cQg2wm-V3Jq9O_6TIXzyRgCE6Uf4 
23:22:03.850 [main] INFO com.intuit.karate -- [print] Query params: {
  "page": "-1",
  "limit": "10"
}
 
23:22:03.850 [main] INFO com.intuit.karate -- [print] Response status: 200 body: {
  "message": "Feed",
  "statusCode": 200,
  "status": "success",
  "data": [
  ]
}
 
23:22:03.851 [main] INFO com.intuit.karate -- STATUS MISMATCH - Expected: 400, Actual: 200 
23:22:03.851 [main] INFO com.intuit.karate -- Test Case Data: {
  "bearerToken": "",
  "page": "-1",
  "limit": "10",
  "testDescription": "Page s? âm",
  "expectedStatus": 400.0,
  "expectedResult": "{\"error\": \"Page must be positive number\"}",
  "responseStatus": "",
  "result": ""
}
 
23:22:03.851 [main] INFO com.intuit.karate -- Expected Status: 400.0 
23:22:03.851 [main] INFO com.intuit.karate -- Actual Status: 200 
23:22:03.851 [main] INFO com.intuit.karate -- Test case #7 - Status: 200, Result: {"message":"Feed","statusCode":200,"status":"success","data":[]} 
23:22:03.852 [main] INFO com.intuit.karate -- ?ang ch?y test case #8: Limit s? âm 
23:22:03.852 [main] INFO com.intuit.karate -- S? d?ng global bearer token t? config: eyJhbGciOiJIUzI1NiIsInR5cCI6IkpXVCJ9.eyJzdWIiOiIwODUxNWIwNS0yZDNlLTQ3ODktYWQ2MC1kYjM1NTI1YTQ5NzAiLCJ1c2VybmFtZSI6Im5hbSIsInJvbGUiOjAsImlhdCI6MTc1MDQzMzEyOCwiZXhwIjoxNzUwNDM2NzI4fQ.LLNWdGI7R_rFyU4cQg2wm-V3Jq9O_6TIXzyRgCE6Uf4 
23:22:03.856 [main] INFO com.intuit.karate -- karate.env system property was: null 
23:22:03.858 [main] DEBUG com.jayway.jsonpath.internal.path.CompiledPath -- Evaluating path: $
23:22:03.858 [main] DEBUG com.jayway.jsonpath.internal.path.CompiledPath -- Evaluating path: $
23:22:03.860 [main] DEBUG org.apache.http.client.protocol.RequestAddCookies -- CookieSpec selected: karate
23:22:03.860 [main] DEBUG org.apache.http.client.protocol.RequestAuthCache -- Auth cache not set in the context
23:22:03.860 [main] DEBUG com.intuit.karate -- request:
1 > GET http://localhost:3000/posts/feed?limit=-5&page=1
1 > Authorization: Bearer eyJhbGciOiJIUzI1NiIsInR5cCI6IkpXVCJ9.eyJzdWIiOiIwODUxNWIwNS0yZDNlLTQ3ODktYWQ2MC1kYjM1NTI1YTQ5NzAiLCJ1c2VybmFtZSI6Im5hbSIsInJvbGUiOjAsImlhdCI6MTc1MDQzMzEyOCwiZXhwIjoxNzUwNDM2NzI4fQ.LLNWdGI7R_rFyU4cQg2wm-V3Jq9O_6TIXzyRgCE6Uf4
1 > Host: localhost:3000
1 > Connection: Keep-Alive
1 > User-Agent: Apache-HttpClient/4.5.14 (Java/17.0.9)
1 > Accept-Encoding: gzip,deflate


23:22:03.860 [main] DEBUG org.apache.http.impl.conn.PoolingHttpClientConnectionManager -- Connection request: [route: {}->http://localhost:3000][total available: 0; route allocated: 0 of 5; total allocated: 0 of 10]
23:22:03.860 [main] DEBUG org.apache.http.impl.conn.PoolingHttpClientConnectionManager -- Connection leased: [id: 7][route: {}->http://localhost:3000][total available: 0; route allocated: 1 of 5; total allocated: 1 of 10]
23:22:03.860 [main] DEBUG org.apache.http.impl.execchain.MainClientExec -- Opening connection {}->http://localhost:3000
23:22:03.860 [main] DEBUG org.apache.http.impl.conn.DefaultHttpClientConnectionOperator -- Connecting to localhost/127.0.0.1:3000
23:22:03.861 [main] DEBUG org.apache.http.impl.conn.DefaultHttpClientConnectionOperator -- Connection established 127.0.0.1:64606<->127.0.0.1:3000
23:22:03.861 [main] DEBUG org.apache.http.impl.conn.DefaultManagedHttpClientConnection -- http-outgoing-7: set socket timeout to 5000
23:22:03.861 [main] DEBUG org.apache.http.impl.execchain.MainClientExec -- Executing request GET /posts/feed?limit=-5&page=1 HTTP/1.1
23:22:03.861 [main] DEBUG org.apache.http.impl.execchain.MainClientExec -- Proxy auth state: UNCHALLENGED
23:22:03.861 [main] DEBUG org.apache.http.headers -- http-outgoing-7 >> GET /posts/feed?limit=-5&page=1 HTTP/1.1
23:22:03.861 [main] DEBUG org.apache.http.headers -- http-outgoing-7 >> Authorization: Bearer eyJhbGciOiJIUzI1NiIsInR5cCI6IkpXVCJ9.eyJzdWIiOiIwODUxNWIwNS0yZDNlLTQ3ODktYWQ2MC1kYjM1NTI1YTQ5NzAiLCJ1c2VybmFtZSI6Im5hbSIsInJvbGUiOjAsImlhdCI6MTc1MDQzMzEyOCwiZXhwIjoxNzUwNDM2NzI4fQ.LLNWdGI7R_rFyU4cQg2wm-V3Jq9O_6TIXzyRgCE6Uf4
23:22:03.861 [main] DEBUG org.apache.http.headers -- http-outgoing-7 >> Host: localhost:3000
23:22:03.861 [main] DEBUG org.apache.http.headers -- http-outgoing-7 >> Connection: Keep-Alive
23:22:03.861 [main] DEBUG org.apache.http.headers -- http-outgoing-7 >> User-Agent: Apache-HttpClient/4.5.14 (Java/17.0.9)
23:22:03.861 [main] DEBUG org.apache.http.headers -- http-outgoing-7 >> Accept-Encoding: gzip,deflate
23:22:03.861 [main] DEBUG org.apache.http.wire -- http-outgoing-7 >> "GET /posts/feed?limit=-5&page=1 HTTP/1.1[\r][\n]"
23:22:03.861 [main] DEBUG org.apache.http.wire -- http-outgoing-7 >> "Authorization: Bearer eyJhbGciOiJIUzI1NiIsInR5cCI6IkpXVCJ9.eyJzdWIiOiIwODUxNWIwNS0yZDNlLTQ3ODktYWQ2MC1kYjM1NTI1YTQ5NzAiLCJ1c2VybmFtZSI6Im5hbSIsInJvbGUiOjAsImlhdCI6MTc1MDQzMzEyOCwiZXhwIjoxNzUwNDM2NzI4fQ.LLNWdGI7R_rFyU4cQg2wm-V3Jq9O_6TIXzyRgCE6Uf4[\r][\n]"
23:22:03.861 [main] DEBUG org.apache.http.wire -- http-outgoing-7 >> "Host: localhost:3000[\r][\n]"
23:22:03.861 [main] DEBUG org.apache.http.wire -- http-outgoing-7 >> "Connection: Keep-Alive[\r][\n]"
23:22:03.861 [main] DEBUG org.apache.http.wire -- http-outgoing-7 >> "User-Agent: Apache-HttpClient/4.5.14 (Java/17.0.9)[\r][\n]"
23:22:03.861 [main] DEBUG org.apache.http.wire -- http-outgoing-7 >> "Accept-Encoding: gzip,deflate[\r][\n]"
23:22:03.861 [main] DEBUG org.apache.http.wire -- http-outgoing-7 >> "[\r][\n]"
23:22:04.019 [main] DEBUG org.apache.http.wire -- http-outgoing-7 << "HTTP/1.1 200 OK[\r][\n]"
23:22:04.019 [main] DEBUG org.apache.http.wire -- http-outgoing-7 << "X-Powered-By: Express[\r][\n]"
23:22:04.019 [main] DEBUG org.apache.http.wire -- http-outgoing-7 << "Access-Control-Allow-Origin: *[\r][\n]"
23:22:04.019 [main] DEBUG org.apache.http.wire -- http-outgoing-7 << "Content-Type: application/json; charset=utf-8[\r][\n]"
23:22:04.019 [main] DEBUG org.apache.http.wire -- http-outgoing-7 << "Content-Length: 64[\r][\n]"
23:22:04.019 [main] DEBUG org.apache.http.wire -- http-outgoing-7 << "ETag: W/"40-QKGrNuSvhxBhDWq7IF5CIJDpZK4"[\r][\n]"
23:22:04.020 [main] DEBUG org.apache.http.wire -- http-outgoing-7 << "Date: Fri, 20 Jun 2025 16:22:04 GMT[\r][\n]"
23:22:04.020 [main] DEBUG org.apache.http.wire -- http-outgoing-7 << "Connection: keep-alive[\r][\n]"
23:22:04.020 [main] DEBUG org.apache.http.wire -- http-outgoing-7 << "Keep-Alive: timeout=5[\r][\n]"
23:22:04.020 [main] DEBUG org.apache.http.wire -- http-outgoing-7 << "[\r][\n]"
23:22:04.020 [main] DEBUG org.apache.http.wire -- http-outgoing-7 << "{"message":"Feed","statusCode":200,"status":"success","data":[]}"
23:22:04.020 [main] DEBUG org.apache.http.headers -- http-outgoing-7 << HTTP/1.1 200 OK
23:22:04.020 [main] DEBUG org.apache.http.headers -- http-outgoing-7 << X-Powered-By: Express
23:22:04.020 [main] DEBUG org.apache.http.headers -- http-outgoing-7 << Access-Control-Allow-Origin: *
23:22:04.020 [main] DEBUG org.apache.http.headers -- http-outgoing-7 << Content-Type: application/json; charset=utf-8
23:22:04.020 [main] DEBUG org.apache.http.headers -- http-outgoing-7 << Content-Length: 64
23:22:04.020 [main] DEBUG org.apache.http.headers -- http-outgoing-7 << ETag: W/"40-QKGrNuSvhxBhDWq7IF5CIJDpZK4"
23:22:04.020 [main] DEBUG org.apache.http.headers -- http-outgoing-7 << Date: Fri, 20 Jun 2025 16:22:04 GMT
23:22:04.020 [main] DEBUG org.apache.http.headers -- http-outgoing-7 << Connection: keep-alive
23:22:04.020 [main] DEBUG org.apache.http.headers -- http-outgoing-7 << Keep-Alive: timeout=5
23:22:04.020 [main] DEBUG org.apache.http.impl.execchain.MainClientExec -- Connection can be kept alive for 5000 MILLISECONDS
23:22:04.020 [main] DEBUG org.apache.http.impl.conn.PoolingHttpClientConnectionManager -- Connection [id: 7][route: {}->http://localhost:3000] can be kept alive for 5.0 seconds
23:22:04.020 [main] DEBUG org.apache.http.impl.conn.DefaultManagedHttpClientConnection -- http-outgoing-7: set socket timeout to 0
23:22:04.020 [main] DEBUG org.apache.http.impl.conn.PoolingHttpClientConnectionManager -- Connection released: [id: 7][route: {}->http://localhost:3000][total available: 1; route allocated: 1 of 5; total allocated: 1 of 10]
23:22:04.020 [main] DEBUG org.apache.http.impl.conn.PoolingHttpClientConnectionManager -- Connection manager is shutting down
23:22:04.020 [main] DEBUG org.apache.http.impl.conn.DefaultManagedHttpClientConnection -- http-outgoing-7: Close connection
23:22:04.021 [main] DEBUG org.apache.http.impl.conn.PoolingHttpClientConnectionManager -- Connection manager shut down
23:22:04.021 [main] DEBUG com.intuit.karate -- response time in milliseconds: 160
1 < 200
1 < X-Powered-By: Express
1 < Access-Control-Allow-Origin: *
1 < Content-Type: application/json; charset=utf-8
1 < Content-Length: 64
1 < ETag: W/"40-QKGrNuSvhxBhDWq7IF5CIJDpZK4"
1 < Date: Fri, 20 Jun 2025 16:22:04 GMT
1 < Connection: keep-alive
1 < Keep-Alive: timeout=5
{
  "message": "Feed",
  "statusCode": 200,
  "status": "success",
  "data": [
  ]
}


23:22:04.023 [main] INFO com.intuit.karate -- [print] Calling getPostsFeed API v?i bearerToken: eyJhbGciOiJIUzI1NiIsInR5cCI6IkpXVCJ9.eyJzdWIiOiIwODUxNWIwNS0yZDNlLTQ3ODktYWQ2MC1kYjM1NTI1YTQ5NzAiLCJ1c2VybmFtZSI6Im5hbSIsInJvbGUiOjAsImlhdCI6MTc1MDQzMzEyOCwiZXhwIjoxNzUwNDM2NzI4fQ.LLNWdGI7R_rFyU4cQg2wm-V3Jq9O_6TIXzyRgCE6Uf4 
23:22:04.023 [main] INFO com.intuit.karate -- [print] Query params: {
  "page": "1",
  "limit": "-5"
}
 
23:22:04.023 [main] INFO com.intuit.karate -- [print] Response status: 200 body: {
  "message": "Feed",
  "statusCode": 200,
  "status": "success",
  "data": [
  ]
}
 
23:22:04.024 [main] INFO com.intuit.karate -- STATUS MISMATCH - Expected: 400, Actual: 200 
23:22:04.024 [main] INFO com.intuit.karate -- Test Case Data: {
  "bearerToken": "",
  "page": "1",
  "limit": "-5",
  "testDescription": "Limit s? âm",
  "expectedStatus": 400.0,
  "expectedResult": "{\"error\": \"Limit must be positive number\"}",
  "responseStatus": "",
  "result": ""
}
 
23:22:04.024 [main] INFO com.intuit.karate -- Expected Status: 400.0 
23:22:04.024 [main] INFO com.intuit.karate -- Actual Status: 200 
23:22:04.024 [main] INFO com.intuit.karate -- Test case #8 - Status: 200, Result: {"message":"Feed","statusCode":200,"status":"success","data":[]} 
23:22:04.025 [main] INFO com.intuit.karate -- ?ang ch?y test case #9: Page = 0 
23:22:04.025 [main] INFO com.intuit.karate -- S? d?ng global bearer token t? config: eyJhbGciOiJIUzI1NiIsInR5cCI6IkpXVCJ9.eyJzdWIiOiIwODUxNWIwNS0yZDNlLTQ3ODktYWQ2MC1kYjM1NTI1YTQ5NzAiLCJ1c2VybmFtZSI6Im5hbSIsInJvbGUiOjAsImlhdCI6MTc1MDQzMzEyOCwiZXhwIjoxNzUwNDM2NzI4fQ.LLNWdGI7R_rFyU4cQg2wm-V3Jq9O_6TIXzyRgCE6Uf4 
23:22:04.030 [main] INFO com.intuit.karate -- karate.env system property was: null 
23:22:04.031 [main] DEBUG com.jayway.jsonpath.internal.path.CompiledPath -- Evaluating path: $
23:22:04.031 [main] DEBUG com.jayway.jsonpath.internal.path.CompiledPath -- Evaluating path: $
23:22:04.032 [main] DEBUG org.apache.http.client.protocol.RequestAddCookies -- CookieSpec selected: karate
23:22:04.032 [main] DEBUG org.apache.http.client.protocol.RequestAuthCache -- Auth cache not set in the context
23:22:04.032 [main] DEBUG com.intuit.karate -- request:
1 > GET http://localhost:3000/posts/feed?limit=10&page=0
1 > Authorization: Bearer eyJhbGciOiJIUzI1NiIsInR5cCI6IkpXVCJ9.eyJzdWIiOiIwODUxNWIwNS0yZDNlLTQ3ODktYWQ2MC1kYjM1NTI1YTQ5NzAiLCJ1c2VybmFtZSI6Im5hbSIsInJvbGUiOjAsImlhdCI6MTc1MDQzMzEyOCwiZXhwIjoxNzUwNDM2NzI4fQ.LLNWdGI7R_rFyU4cQg2wm-V3Jq9O_6TIXzyRgCE6Uf4
1 > Host: localhost:3000
1 > Connection: Keep-Alive
1 > User-Agent: Apache-HttpClient/4.5.14 (Java/17.0.9)
1 > Accept-Encoding: gzip,deflate


23:22:04.032 [main] DEBUG org.apache.http.impl.conn.PoolingHttpClientConnectionManager -- Connection request: [route: {}->http://localhost:3000][total available: 0; route allocated: 0 of 5; total allocated: 0 of 10]
23:22:04.032 [main] DEBUG org.apache.http.impl.conn.PoolingHttpClientConnectionManager -- Connection leased: [id: 8][route: {}->http://localhost:3000][total available: 0; route allocated: 1 of 5; total allocated: 1 of 10]
23:22:04.032 [main] DEBUG org.apache.http.impl.execchain.MainClientExec -- Opening connection {}->http://localhost:3000
23:22:04.033 [main] DEBUG org.apache.http.impl.conn.DefaultHttpClientConnectionOperator -- Connecting to localhost/127.0.0.1:3000
23:22:04.033 [main] DEBUG org.apache.http.impl.conn.DefaultHttpClientConnectionOperator -- Connection established 127.0.0.1:64607<->127.0.0.1:3000
23:22:04.033 [main] DEBUG org.apache.http.impl.conn.DefaultManagedHttpClientConnection -- http-outgoing-8: set socket timeout to 5000
23:22:04.033 [main] DEBUG org.apache.http.impl.execchain.MainClientExec -- Executing request GET /posts/feed?limit=10&page=0 HTTP/1.1
23:22:04.033 [main] DEBUG org.apache.http.impl.execchain.MainClientExec -- Proxy auth state: UNCHALLENGED
23:22:04.033 [main] DEBUG org.apache.http.headers -- http-outgoing-8 >> GET /posts/feed?limit=10&page=0 HTTP/1.1
23:22:04.033 [main] DEBUG org.apache.http.headers -- http-outgoing-8 >> Authorization: Bearer eyJhbGciOiJIUzI1NiIsInR5cCI6IkpXVCJ9.eyJzdWIiOiIwODUxNWIwNS0yZDNlLTQ3ODktYWQ2MC1kYjM1NTI1YTQ5NzAiLCJ1c2VybmFtZSI6Im5hbSIsInJvbGUiOjAsImlhdCI6MTc1MDQzMzEyOCwiZXhwIjoxNzUwNDM2NzI4fQ.LLNWdGI7R_rFyU4cQg2wm-V3Jq9O_6TIXzyRgCE6Uf4
23:22:04.033 [main] DEBUG org.apache.http.headers -- http-outgoing-8 >> Host: localhost:3000
23:22:04.033 [main] DEBUG org.apache.http.headers -- http-outgoing-8 >> Connection: Keep-Alive
23:22:04.033 [main] DEBUG org.apache.http.headers -- http-outgoing-8 >> User-Agent: Apache-HttpClient/4.5.14 (Java/17.0.9)
23:22:04.033 [main] DEBUG org.apache.http.headers -- http-outgoing-8 >> Accept-Encoding: gzip,deflate
23:22:04.033 [main] DEBUG org.apache.http.wire -- http-outgoing-8 >> "GET /posts/feed?limit=10&page=0 HTTP/1.1[\r][\n]"
23:22:04.033 [main] DEBUG org.apache.http.wire -- http-outgoing-8 >> "Authorization: Bearer eyJhbGciOiJIUzI1NiIsInR5cCI6IkpXVCJ9.eyJzdWIiOiIwODUxNWIwNS0yZDNlLTQ3ODktYWQ2MC1kYjM1NTI1YTQ5NzAiLCJ1c2VybmFtZSI6Im5hbSIsInJvbGUiOjAsImlhdCI6MTc1MDQzMzEyOCwiZXhwIjoxNzUwNDM2NzI4fQ.LLNWdGI7R_rFyU4cQg2wm-V3Jq9O_6TIXzyRgCE6Uf4[\r][\n]"
23:22:04.033 [main] DEBUG org.apache.http.wire -- http-outgoing-8 >> "Host: localhost:3000[\r][\n]"
23:22:04.033 [main] DEBUG org.apache.http.wire -- http-outgoing-8 >> "Connection: Keep-Alive[\r][\n]"
23:22:04.033 [main] DEBUG org.apache.http.wire -- http-outgoing-8 >> "User-Agent: Apache-HttpClient/4.5.14 (Java/17.0.9)[\r][\n]"
23:22:04.033 [main] DEBUG org.apache.http.wire -- http-outgoing-8 >> "Accept-Encoding: gzip,deflate[\r][\n]"
23:22:04.033 [main] DEBUG org.apache.http.wire -- http-outgoing-8 >> "[\r][\n]"
23:22:04.191 [main] DEBUG org.apache.http.wire -- http-outgoing-8 << "HTTP/1.1 200 OK[\r][\n]"
23:22:04.191 [main] DEBUG org.apache.http.wire -- http-outgoing-8 << "X-Powered-By: Express[\r][\n]"
23:22:04.191 [main] DEBUG org.apache.http.wire -- http-outgoing-8 << "Access-Control-Allow-Origin: *[\r][\n]"
23:22:04.191 [main] DEBUG org.apache.http.wire -- http-outgoing-8 << "Content-Type: application/json; charset=utf-8[\r][\n]"
23:22:04.191 [main] DEBUG org.apache.http.wire -- http-outgoing-8 << "Content-Length: 64[\r][\n]"
23:22:04.191 [main] DEBUG org.apache.http.wire -- http-outgoing-8 << "ETag: W/"40-QKGrNuSvhxBhDWq7IF5CIJDpZK4"[\r][\n]"
23:22:04.191 [main] DEBUG org.apache.http.wire -- http-outgoing-8 << "Date: Fri, 20 Jun 2025 16:22:04 GMT[\r][\n]"
23:22:04.191 [main] DEBUG org.apache.http.wire -- http-outgoing-8 << "Connection: keep-alive[\r][\n]"
23:22:04.191 [main] DEBUG org.apache.http.wire -- http-outgoing-8 << "Keep-Alive: timeout=5[\r][\n]"
23:22:04.191 [main] DEBUG org.apache.http.wire -- http-outgoing-8 << "[\r][\n]"
23:22:04.191 [main] DEBUG org.apache.http.wire -- http-outgoing-8 << "{"message":"Feed","statusCode":200,"status":"success","data":[]}"
23:22:04.191 [main] DEBUG org.apache.http.headers -- http-outgoing-8 << HTTP/1.1 200 OK
23:22:04.191 [main] DEBUG org.apache.http.headers -- http-outgoing-8 << X-Powered-By: Express
23:22:04.191 [main] DEBUG org.apache.http.headers -- http-outgoing-8 << Access-Control-Allow-Origin: *
23:22:04.191 [main] DEBUG org.apache.http.headers -- http-outgoing-8 << Content-Type: application/json; charset=utf-8
23:22:04.191 [main] DEBUG org.apache.http.headers -- http-outgoing-8 << Content-Length: 64
23:22:04.191 [main] DEBUG org.apache.http.headers -- http-outgoing-8 << ETag: W/"40-QKGrNuSvhxBhDWq7IF5CIJDpZK4"
23:22:04.191 [main] DEBUG org.apache.http.headers -- http-outgoing-8 << Date: Fri, 20 Jun 2025 16:22:04 GMT
23:22:04.191 [main] DEBUG org.apache.http.headers -- http-outgoing-8 << Connection: keep-alive
23:22:04.191 [main] DEBUG org.apache.http.headers -- http-outgoing-8 << Keep-Alive: timeout=5
23:22:04.191 [main] DEBUG org.apache.http.impl.execchain.MainClientExec -- Connection can be kept alive for 5000 MILLISECONDS
23:22:04.191 [main] DEBUG org.apache.http.impl.conn.PoolingHttpClientConnectionManager -- Connection [id: 8][route: {}->http://localhost:3000] can be kept alive for 5.0 seconds
23:22:04.191 [main] DEBUG org.apache.http.impl.conn.DefaultManagedHttpClientConnection -- http-outgoing-8: set socket timeout to 0
23:22:04.191 [main] DEBUG org.apache.http.impl.conn.PoolingHttpClientConnectionManager -- Connection released: [id: 8][route: {}->http://localhost:3000][total available: 1; route allocated: 1 of 5; total allocated: 1 of 10]
23:22:04.191 [main] DEBUG org.apache.http.impl.conn.PoolingHttpClientConnectionManager -- Connection manager is shutting down
23:22:04.191 [main] DEBUG org.apache.http.impl.conn.DefaultManagedHttpClientConnection -- http-outgoing-8: Close connection
23:22:04.192 [main] DEBUG org.apache.http.impl.conn.PoolingHttpClientConnectionManager -- Connection manager shut down
23:22:04.192 [main] DEBUG com.intuit.karate -- response time in milliseconds: 159
1 < 200
1 < X-Powered-By: Express
1 < Access-Control-Allow-Origin: *
1 < Content-Type: application/json; charset=utf-8
1 < Content-Length: 64
1 < ETag: W/"40-QKGrNuSvhxBhDWq7IF5CIJDpZK4"
1 < Date: Fri, 20 Jun 2025 16:22:04 GMT
1 < Connection: keep-alive
1 < Keep-Alive: timeout=5
{
  "message": "Feed",
  "statusCode": 200,
  "status": "success",
  "data": [
  ]
}


23:22:04.192 [main] INFO com.intuit.karate -- [print] Calling getPostsFeed API v?i bearerToken: eyJhbGciOiJIUzI1NiIsInR5cCI6IkpXVCJ9.eyJzdWIiOiIwODUxNWIwNS0yZDNlLTQ3ODktYWQ2MC1kYjM1NTI1YTQ5NzAiLCJ1c2VybmFtZSI6Im5hbSIsInJvbGUiOjAsImlhdCI6MTc1MDQzMzEyOCwiZXhwIjoxNzUwNDM2NzI4fQ.LLNWdGI7R_rFyU4cQg2wm-V3Jq9O_6TIXzyRgCE6Uf4 
23:22:04.193 [main] INFO com.intuit.karate -- [print] Query params: {
  "page": "0",
  "limit": "10"
}
 
23:22:04.193 [main] INFO com.intuit.karate -- [print] Response status: 200 body: {
  "message": "Feed",
  "statusCode": 200,
  "status": "success",
  "data": [
  ]
}
 
23:22:04.194 [main] INFO com.intuit.karate -- STATUS MISMATCH - Expected: 400, Actual: 200 
23:22:04.194 [main] INFO com.intuit.karate -- Test Case Data: {
  "bearerToken": "",
  "page": "0",
  "limit": "10",
  "testDescription": "Page = 0",
  "expectedStatus": 400.0,
  "expectedResult": "{\"error\": \"Page must be positive number\"}",
  "responseStatus": "",
  "result": ""
}
 
23:22:04.194 [main] INFO com.intuit.karate -- Expected Status: 400.0 
23:22:04.194 [main] INFO com.intuit.karate -- Actual Status: 200 
23:22:04.194 [main] INFO com.intuit.karate -- Test case #9 - Status: 200, Result: {"message":"Feed","statusCode":200,"status":"success","data":[]} 
23:22:04.195 [main] INFO com.intuit.karate -- ?ang ch?y test case #10: Limit = 0 
23:22:04.195 [main] INFO com.intuit.karate -- S? d?ng global bearer token t? config: eyJhbGciOiJIUzI1NiIsInR5cCI6IkpXVCJ9.eyJzdWIiOiIwODUxNWIwNS0yZDNlLTQ3ODktYWQ2MC1kYjM1NTI1YTQ5NzAiLCJ1c2VybmFtZSI6Im5hbSIsInJvbGUiOjAsImlhdCI6MTc1MDQzMzEyOCwiZXhwIjoxNzUwNDM2NzI4fQ.LLNWdGI7R_rFyU4cQg2wm-V3Jq9O_6TIXzyRgCE6Uf4 
23:22:04.199 [main] INFO com.intuit.karate -- karate.env system property was: null 
23:22:04.200 [main] DEBUG com.jayway.jsonpath.internal.path.CompiledPath -- Evaluating path: $
23:22:04.200 [main] DEBUG com.jayway.jsonpath.internal.path.CompiledPath -- Evaluating path: $
23:22:04.202 [main] DEBUG org.apache.http.client.protocol.RequestAddCookies -- CookieSpec selected: karate
23:22:04.202 [main] DEBUG org.apache.http.client.protocol.RequestAuthCache -- Auth cache not set in the context
23:22:04.202 [main] DEBUG com.intuit.karate -- request:
1 > GET http://localhost:3000/posts/feed?limit=0&page=1
1 > Authorization: Bearer eyJhbGciOiJIUzI1NiIsInR5cCI6IkpXVCJ9.eyJzdWIiOiIwODUxNWIwNS0yZDNlLTQ3ODktYWQ2MC1kYjM1NTI1YTQ5NzAiLCJ1c2VybmFtZSI6Im5hbSIsInJvbGUiOjAsImlhdCI6MTc1MDQzMzEyOCwiZXhwIjoxNzUwNDM2NzI4fQ.LLNWdGI7R_rFyU4cQg2wm-V3Jq9O_6TIXzyRgCE6Uf4
1 > Host: localhost:3000
1 > Connection: Keep-Alive
1 > User-Agent: Apache-HttpClient/4.5.14 (Java/17.0.9)
1 > Accept-Encoding: gzip,deflate


23:22:04.202 [main] DEBUG org.apache.http.impl.conn.PoolingHttpClientConnectionManager -- Connection request: [route: {}->http://localhost:3000][total available: 0; route allocated: 0 of 5; total allocated: 0 of 10]
23:22:04.202 [main] DEBUG org.apache.http.impl.conn.PoolingHttpClientConnectionManager -- Connection leased: [id: 9][route: {}->http://localhost:3000][total available: 0; route allocated: 1 of 5; total allocated: 1 of 10]
23:22:04.202 [main] DEBUG org.apache.http.impl.execchain.MainClientExec -- Opening connection {}->http://localhost:3000
23:22:04.202 [main] DEBUG org.apache.http.impl.conn.DefaultHttpClientConnectionOperator -- Connecting to localhost/127.0.0.1:3000
23:22:04.202 [main] DEBUG org.apache.http.impl.conn.DefaultHttpClientConnectionOperator -- Connection established 127.0.0.1:64608<->127.0.0.1:3000
23:22:04.202 [main] DEBUG org.apache.http.impl.conn.DefaultManagedHttpClientConnection -- http-outgoing-9: set socket timeout to 5000
23:22:04.202 [main] DEBUG org.apache.http.impl.execchain.MainClientExec -- Executing request GET /posts/feed?limit=0&page=1 HTTP/1.1
23:22:04.202 [main] DEBUG org.apache.http.impl.execchain.MainClientExec -- Proxy auth state: UNCHALLENGED
23:22:04.203 [main] DEBUG org.apache.http.headers -- http-outgoing-9 >> GET /posts/feed?limit=0&page=1 HTTP/1.1
23:22:04.203 [main] DEBUG org.apache.http.headers -- http-outgoing-9 >> Authorization: Bearer eyJhbGciOiJIUzI1NiIsInR5cCI6IkpXVCJ9.eyJzdWIiOiIwODUxNWIwNS0yZDNlLTQ3ODktYWQ2MC1kYjM1NTI1YTQ5NzAiLCJ1c2VybmFtZSI6Im5hbSIsInJvbGUiOjAsImlhdCI6MTc1MDQzMzEyOCwiZXhwIjoxNzUwNDM2NzI4fQ.LLNWdGI7R_rFyU4cQg2wm-V3Jq9O_6TIXzyRgCE6Uf4
23:22:04.203 [main] DEBUG org.apache.http.headers -- http-outgoing-9 >> Host: localhost:3000
23:22:04.203 [main] DEBUG org.apache.http.headers -- http-outgoing-9 >> Connection: Keep-Alive
23:22:04.203 [main] DEBUG org.apache.http.headers -- http-outgoing-9 >> User-Agent: Apache-HttpClient/4.5.14 (Java/17.0.9)
23:22:04.203 [main] DEBUG org.apache.http.headers -- http-outgoing-9 >> Accept-Encoding: gzip,deflate
23:22:04.203 [main] DEBUG org.apache.http.wire -- http-outgoing-9 >> "GET /posts/feed?limit=0&page=1 HTTP/1.1[\r][\n]"
23:22:04.203 [main] DEBUG org.apache.http.wire -- http-outgoing-9 >> "Authorization: Bearer eyJhbGciOiJIUzI1NiIsInR5cCI6IkpXVCJ9.eyJzdWIiOiIwODUxNWIwNS0yZDNlLTQ3ODktYWQ2MC1kYjM1NTI1YTQ5NzAiLCJ1c2VybmFtZSI6Im5hbSIsInJvbGUiOjAsImlhdCI6MTc1MDQzMzEyOCwiZXhwIjoxNzUwNDM2NzI4fQ.LLNWdGI7R_rFyU4cQg2wm-V3Jq9O_6TIXzyRgCE6Uf4[\r][\n]"
23:22:04.203 [main] DEBUG org.apache.http.wire -- http-outgoing-9 >> "Host: localhost:3000[\r][\n]"
23:22:04.203 [main] DEBUG org.apache.http.wire -- http-outgoing-9 >> "Connection: Keep-Alive[\r][\n]"
23:22:04.203 [main] DEBUG org.apache.http.wire -- http-outgoing-9 >> "User-Agent: Apache-HttpClient/4.5.14 (Java/17.0.9)[\r][\n]"
23:22:04.203 [main] DEBUG org.apache.http.wire -- http-outgoing-9 >> "Accept-Encoding: gzip,deflate[\r][\n]"
23:22:04.203 [main] DEBUG org.apache.http.wire -- http-outgoing-9 >> "[\r][\n]"
23:22:04.362 [main] DEBUG org.apache.http.wire -- http-outgoing-9 << "HTTP/1.1 200 OK[\r][\n]"
23:22:04.362 [main] DEBUG org.apache.http.wire -- http-outgoing-9 << "X-Powered-By: Express[\r][\n]"
23:22:04.362 [main] DEBUG org.apache.http.wire -- http-outgoing-9 << "Access-Control-Allow-Origin: *[\r][\n]"
23:22:04.362 [main] DEBUG org.apache.http.wire -- http-outgoing-9 << "Content-Type: application/json; charset=utf-8[\r][\n]"
23:22:04.362 [main] DEBUG org.apache.http.wire -- http-outgoing-9 << "Content-Length: 64[\r][\n]"
23:22:04.362 [main] DEBUG org.apache.http.wire -- http-outgoing-9 << "ETag: W/"40-QKGrNuSvhxBhDWq7IF5CIJDpZK4"[\r][\n]"
23:22:04.362 [main] DEBUG org.apache.http.wire -- http-outgoing-9 << "Date: Fri, 20 Jun 2025 16:22:04 GMT[\r][\n]"
23:22:04.362 [main] DEBUG org.apache.http.wire -- http-outgoing-9 << "Connection: keep-alive[\r][\n]"
23:22:04.362 [main] DEBUG org.apache.http.wire -- http-outgoing-9 << "Keep-Alive: timeout=5[\r][\n]"
23:22:04.362 [main] DEBUG org.apache.http.wire -- http-outgoing-9 << "[\r][\n]"
23:22:04.362 [main] DEBUG org.apache.http.wire -- http-outgoing-9 << "{"message":"Feed","statusCode":200,"status":"success","data":[]}"
23:22:04.362 [main] DEBUG org.apache.http.headers -- http-outgoing-9 << HTTP/1.1 200 OK
23:22:04.362 [main] DEBUG org.apache.http.headers -- http-outgoing-9 << X-Powered-By: Express
23:22:04.362 [main] DEBUG org.apache.http.headers -- http-outgoing-9 << Access-Control-Allow-Origin: *
23:22:04.362 [main] DEBUG org.apache.http.headers -- http-outgoing-9 << Content-Type: application/json; charset=utf-8
23:22:04.362 [main] DEBUG org.apache.http.headers -- http-outgoing-9 << Content-Length: 64
23:22:04.362 [main] DEBUG org.apache.http.headers -- http-outgoing-9 << ETag: W/"40-QKGrNuSvhxBhDWq7IF5CIJDpZK4"
23:22:04.362 [main] DEBUG org.apache.http.headers -- http-outgoing-9 << Date: Fri, 20 Jun 2025 16:22:04 GMT
23:22:04.362 [main] DEBUG org.apache.http.headers -- http-outgoing-9 << Connection: keep-alive
23:22:04.362 [main] DEBUG org.apache.http.headers -- http-outgoing-9 << Keep-Alive: timeout=5
23:22:04.362 [main] DEBUG org.apache.http.impl.execchain.MainClientExec -- Connection can be kept alive for 5000 MILLISECONDS
23:22:04.363 [main] DEBUG org.apache.http.impl.conn.PoolingHttpClientConnectionManager -- Connection [id: 9][route: {}->http://localhost:3000] can be kept alive for 5.0 seconds
23:22:04.363 [main] DEBUG org.apache.http.impl.conn.DefaultManagedHttpClientConnection -- http-outgoing-9: set socket timeout to 0
23:22:04.363 [main] DEBUG org.apache.http.impl.conn.PoolingHttpClientConnectionManager -- Connection released: [id: 9][route: {}->http://localhost:3000][total available: 1; route allocated: 1 of 5; total allocated: 1 of 10]
23:22:04.363 [main] DEBUG org.apache.http.impl.conn.PoolingHttpClientConnectionManager -- Connection manager is shutting down
23:22:04.363 [main] DEBUG org.apache.http.impl.conn.DefaultManagedHttpClientConnection -- http-outgoing-9: Close connection
23:22:04.363 [main] DEBUG org.apache.http.impl.conn.PoolingHttpClientConnectionManager -- Connection manager shut down
23:22:04.363 [main] DEBUG com.intuit.karate -- response time in milliseconds: 161
1 < 200
1 < X-Powered-By: Express
1 < Access-Control-Allow-Origin: *
1 < Content-Type: application/json; charset=utf-8
1 < Content-Length: 64
1 < ETag: W/"40-QKGrNuSvhxBhDWq7IF5CIJDpZK4"
1 < Date: Fri, 20 Jun 2025 16:22:04 GMT
1 < Connection: keep-alive
1 < Keep-Alive: timeout=5
{
  "message": "Feed",
  "statusCode": 200,
  "status": "success",
  "data": [
  ]
}


23:22:04.364 [main] INFO com.intuit.karate -- [print] Calling getPostsFeed API v?i bearerToken: eyJhbGciOiJIUzI1NiIsInR5cCI6IkpXVCJ9.eyJzdWIiOiIwODUxNWIwNS0yZDNlLTQ3ODktYWQ2MC1kYjM1NTI1YTQ5NzAiLCJ1c2VybmFtZSI6Im5hbSIsInJvbGUiOjAsImlhdCI6MTc1MDQzMzEyOCwiZXhwIjoxNzUwNDM2NzI4fQ.LLNWdGI7R_rFyU4cQg2wm-V3Jq9O_6TIXzyRgCE6Uf4 
23:22:04.364 [main] INFO com.intuit.karate -- [print] Query params: {
  "page": "1",
  "limit": "0"
}
 
23:22:04.364 [main] INFO com.intuit.karate -- [print] Response status: 200 body: {
  "message": "Feed",
  "statusCode": 200,
  "status": "success",
  "data": [
  ]
}
 
23:22:04.365 [main] INFO com.intuit.karate -- STATUS MISMATCH - Expected: 400, Actual: 200 
23:22:04.365 [main] INFO com.intuit.karate -- Test Case Data: {
  "bearerToken": "",
  "page": "1",
  "limit": "0",
  "testDescription": "Limit = 0",
  "expectedStatus": 400.0,
  "expectedResult": "{\"error\": \"Limit must be positive number\"}",
  "responseStatus": "",
  "result": ""
}
 
23:22:04.365 [main] INFO com.intuit.karate -- Expected Status: 400.0 
23:22:04.365 [main] INFO com.intuit.karate -- Actual Status: 200 
23:22:04.365 [main] INFO com.intuit.karate -- Test case #10 - Status: 200, Result: {"message":"Feed","statusCode":200,"status":"success","data":[]} 
23:22:04.366 [main] INFO com.intuit.karate -- ?ang ch?y test case #11: Limit quá l?n (1000) 
23:22:04.366 [main] INFO com.intuit.karate -- S? d?ng global bearer token t? config: eyJhbGciOiJIUzI1NiIsInR5cCI6IkpXVCJ9.eyJzdWIiOiIwODUxNWIwNS0yZDNlLTQ3ODktYWQ2MC1kYjM1NTI1YTQ5NzAiLCJ1c2VybmFtZSI6Im5hbSIsInJvbGUiOjAsImlhdCI6MTc1MDQzMzEyOCwiZXhwIjoxNzUwNDM2NzI4fQ.LLNWdGI7R_rFyU4cQg2wm-V3Jq9O_6TIXzyRgCE6Uf4 
23:22:04.371 [main] INFO com.intuit.karate -- karate.env system property was: null 
23:22:04.372 [main] DEBUG com.jayway.jsonpath.internal.path.CompiledPath -- Evaluating path: $
23:22:04.372 [main] DEBUG com.jayway.jsonpath.internal.path.CompiledPath -- Evaluating path: $
23:22:04.373 [main] DEBUG org.apache.http.client.protocol.RequestAddCookies -- CookieSpec selected: karate
23:22:04.373 [main] DEBUG org.apache.http.client.protocol.RequestAuthCache -- Auth cache not set in the context
23:22:04.373 [main] DEBUG com.intuit.karate -- request:
1 > GET http://localhost:3000/posts/feed?limit=1000&page=1
1 > Authorization: Bearer eyJhbGciOiJIUzI1NiIsInR5cCI6IkpXVCJ9.eyJzdWIiOiIwODUxNWIwNS0yZDNlLTQ3ODktYWQ2MC1kYjM1NTI1YTQ5NzAiLCJ1c2VybmFtZSI6Im5hbSIsInJvbGUiOjAsImlhdCI6MTc1MDQzMzEyOCwiZXhwIjoxNzUwNDM2NzI4fQ.LLNWdGI7R_rFyU4cQg2wm-V3Jq9O_6TIXzyRgCE6Uf4
1 > Host: localhost:3000
1 > Connection: Keep-Alive
1 > User-Agent: Apache-HttpClient/4.5.14 (Java/17.0.9)
1 > Accept-Encoding: gzip,deflate


23:22:04.374 [main] DEBUG org.apache.http.impl.conn.PoolingHttpClientConnectionManager -- Connection request: [route: {}->http://localhost:3000][total available: 0; route allocated: 0 of 5; total allocated: 0 of 10]
23:22:04.374 [main] DEBUG org.apache.http.impl.conn.PoolingHttpClientConnectionManager -- Connection leased: [id: 10][route: {}->http://localhost:3000][total available: 0; route allocated: 1 of 5; total allocated: 1 of 10]
23:22:04.374 [main] DEBUG org.apache.http.impl.execchain.MainClientExec -- Opening connection {}->http://localhost:3000
23:22:04.374 [main] DEBUG org.apache.http.impl.conn.DefaultHttpClientConnectionOperator -- Connecting to localhost/127.0.0.1:3000
23:22:04.374 [main] DEBUG org.apache.http.impl.conn.DefaultHttpClientConnectionOperator -- Connection established 127.0.0.1:64609<->127.0.0.1:3000
23:22:04.374 [main] DEBUG org.apache.http.impl.conn.DefaultManagedHttpClientConnection -- http-outgoing-10: set socket timeout to 5000
23:22:04.374 [main] DEBUG org.apache.http.impl.execchain.MainClientExec -- Executing request GET /posts/feed?limit=1000&page=1 HTTP/1.1
23:22:04.374 [main] DEBUG org.apache.http.impl.execchain.MainClientExec -- Proxy auth state: UNCHALLENGED
23:22:04.374 [main] DEBUG org.apache.http.headers -- http-outgoing-10 >> GET /posts/feed?limit=1000&page=1 HTTP/1.1
23:22:04.374 [main] DEBUG org.apache.http.headers -- http-outgoing-10 >> Authorization: Bearer eyJhbGciOiJIUzI1NiIsInR5cCI6IkpXVCJ9.eyJzdWIiOiIwODUxNWIwNS0yZDNlLTQ3ODktYWQ2MC1kYjM1NTI1YTQ5NzAiLCJ1c2VybmFtZSI6Im5hbSIsInJvbGUiOjAsImlhdCI6MTc1MDQzMzEyOCwiZXhwIjoxNzUwNDM2NzI4fQ.LLNWdGI7R_rFyU4cQg2wm-V3Jq9O_6TIXzyRgCE6Uf4
23:22:04.374 [main] DEBUG org.apache.http.headers -- http-outgoing-10 >> Host: localhost:3000
23:22:04.374 [main] DEBUG org.apache.http.headers -- http-outgoing-10 >> Connection: Keep-Alive
23:22:04.374 [main] DEBUG org.apache.http.headers -- http-outgoing-10 >> User-Agent: Apache-HttpClient/4.5.14 (Java/17.0.9)
23:22:04.374 [main] DEBUG org.apache.http.headers -- http-outgoing-10 >> Accept-Encoding: gzip,deflate
23:22:04.374 [main] DEBUG org.apache.http.wire -- http-outgoing-10 >> "GET /posts/feed?limit=1000&page=1 HTTP/1.1[\r][\n]"
23:22:04.375 [main] DEBUG org.apache.http.wire -- http-outgoing-10 >> "Authorization: Bearer eyJhbGciOiJIUzI1NiIsInR5cCI6IkpXVCJ9.eyJzdWIiOiIwODUxNWIwNS0yZDNlLTQ3ODktYWQ2MC1kYjM1NTI1YTQ5NzAiLCJ1c2VybmFtZSI6Im5hbSIsInJvbGUiOjAsImlhdCI6MTc1MDQzMzEyOCwiZXhwIjoxNzUwNDM2NzI4fQ.LLNWdGI7R_rFyU4cQg2wm-V3Jq9O_6TIXzyRgCE6Uf4[\r][\n]"
23:22:04.375 [main] DEBUG org.apache.http.wire -- http-outgoing-10 >> "Host: localhost:3000[\r][\n]"
23:22:04.375 [main] DEBUG org.apache.http.wire -- http-outgoing-10 >> "Connection: Keep-Alive[\r][\n]"
23:22:04.375 [main] DEBUG org.apache.http.wire -- http-outgoing-10 >> "User-Agent: Apache-HttpClient/4.5.14 (Java/17.0.9)[\r][\n]"
23:22:04.375 [main] DEBUG org.apache.http.wire -- http-outgoing-10 >> "Accept-Encoding: gzip,deflate[\r][\n]"
23:22:04.375 [main] DEBUG org.apache.http.wire -- http-outgoing-10 >> "[\r][\n]"
23:22:04.532 [main] DEBUG org.apache.http.wire -- http-outgoing-10 << "HTTP/1.1 200 OK[\r][\n]"
23:22:04.532 [main] DEBUG org.apache.http.wire -- http-outgoing-10 << "X-Powered-By: Express[\r][\n]"
23:22:04.532 [main] DEBUG org.apache.http.wire -- http-outgoing-10 << "Access-Control-Allow-Origin: *[\r][\n]"
23:22:04.532 [main] DEBUG org.apache.http.wire -- http-outgoing-10 << "Content-Type: application/json; charset=utf-8[\r][\n]"
23:22:04.532 [main] DEBUG org.apache.http.wire -- http-outgoing-10 << "Content-Length: 18582[\r][\n]"
23:22:04.532 [main] DEBUG org.apache.http.wire -- http-outgoing-10 << "ETag: W/"4896-T7LS+hBQsRhZSKsvQryxOcjim0o"[\r][\n]"
23:22:04.532 [main] DEBUG org.apache.http.wire -- http-outgoing-10 << "Date: Fri, 20 Jun 2025 16:22:04 GMT[\r][\n]"
23:22:04.532 [main] DEBUG org.apache.http.wire -- http-outgoing-10 << "Connection: keep-alive[\r][\n]"
23:22:04.532 [main] DEBUG org.apache.http.wire -- http-outgoing-10 << "Keep-Alive: timeout=5[\r][\n]"
23:22:04.532 [main] DEBUG org.apache.http.wire -- http-outgoing-10 << "[\r][\n]"
23:22:04.533 [main] DEBUG org.apache.http.wire -- http-outgoing-10 << "{"message":"Feed","statusCode":200,"status":"success","data":[{"id":"007fcd52-ae77-4c58-988d-36ef78edc29b","authorId":"dacf294e-491b-47ff-bd74-bfe5ddbfbdf9","imageUrl":["https://res.cloudinary.com/dizcvrefo/image/upload/v1748598131/nestjs_uploads/tsh3n10qz6mojbkiayhx.jpg","https://res.cloudinary.com/dizcvrefo/image/upload/v1748598131/nestjs_uploads/no5fdmt60yg8li6gvwao.jpg","https://res.cloudinary.com/dizcvrefo/image/upload/v1748598131/nestjs_uploads/lbn3umepxtqxjcw51mv0.jpg","https://res.cloudinary.com/dizcvrefo/image/upload/v1748598131/nestjs_uploads/e4nufb9kmremurdaanw5.jpg","https://res.cloudinary.com/dizcvrefo/image/upload/v1748598131/nestjs_uploads/pqwqj0gdwqfqqyct54hz.jpg","https://res.cloudinary.com/dizcvrefo/image/upload/v1748598130/nestjs_uploads/dics8pfhps2jfskadthz.jpg"],"caption":"Th[0xe1][0xbb][0x83] thao [0xc4][0x91]i[0xe1][0xbb][0x87]n t[0xe1][0xbb][0xad]","location":null,"tags":[],"isPublic":true,"likeCount":0,"commentCount":0,"sharedCount":0,"createdAt":"2025-05-30T09:42:13.811Z","updatedAt":"2025-05-30T09:42:13.811Z","author":{"username":"chinh","profilePic":"https://hebbkx1anhila5yf.public.blob.vercel-storage.com/image-hiZZ98WEvmBOkk3oAqffc3ReiwtEIO.png"},"_count":{"likes":3,"comments":0},"score":0.021540578707882077,"isLike":true,"isToday":false,"isFollowing":true,"isSelf":false},{"id":"479ed759-3811-4b84-8141-bff184fae4b8","authorId":"dacf294e-491b-47ff-bd74-bfe5ddbfbdf9","imageUrl":["https://res.cloudinary.com/dizcvrefo/image/upload/v1748596741/nestjs_uploads/g8vk3zn2rfop6caitmfb.jpg","https://res.cloudinary.com/dizcvrefo/image/upload/v1748596741/nestjs_uploads/cqcspqsifpg0ndthyuax.jpg","https://res.cloudinary.com/dizcvrefo/image/upload/v1748596741/nestjs_uploads/hc3svmdbfotscvcctfoq.jpg","https://res.cloudinary.com/dizcvrefo/image/upload/v1748596742/nestjs_uploads/fxjvluy2vpyfuspukumf.jpg","https://res.cloudinary.com/dizcvrefo/image/upload/v1748596741/nestjs_uploads/sb38euks3gzg5f92uiig.jpg"],"caption":"Village","location":null,"tags":[],"isPublic":true,"likeCount":0,"commentCount":0,"sharedCount":0,"createdAt":"2025-05-30T09:19:04.180Z","updatedAt":"2025-05-30T09:19:04.180Z","author":{"username":"chinh","profilePic":"https://hebbkx1anhila5yf.public.blob.vercel-storage.com/image-hiZZ98WEvmBOkk3oAqffc3ReiwtEIO.png"},"_count":{"likes":3,"comments":0},"score":0.021524308583073894,"isLike":true,"isToday":false,"isFollowing":true,"isSelf":false},{"id":"9ef01284-6f35-4f8a-9d58-3f5891acc766","authorId":"dacf294e-491b-47ff-bd74-bfe5ddbfbdf9","imageUrl":["https://res.cloudinary.com/dizcvrefo/image/upload/v1748596489/nestjs_uploads/ue1yvhe1qzvlc2pmkjee.jpg","https://res.cloudinary.com/dizcvrefo/image/upload/v1748596493/nestjs_uploads/bm3pcnpqmnppnsuq0pv9.jpg","https://res.cloudinary.com/dizcvrefo/image/upload/v1748596489/nestjs_uploads/q6nipodzp1mdnpm1p13g.jpg","https://res.cloudinary.com/dizcvrefo/image/upload/v1748596489/nestjs_uploads/icygr75zfmxk0ehqsnwo.jpg","https://res.cloudinary.com/dizcvrefo/image/upload/v1748596489/nestjs_uploads/ghgd01xzcaxpra5httqg.jpg","https://res.cloudinary.com/dizcvrefo/image/upload/v1748596489/nestjs_uploads/o53mpfip4l7dbjbd7wcw.jpg"],"caption":"Nh[0xe1][0xba][0xad]u","location":null,"tags":[],"isPublic":true,"likeCount":0,"commentCount":0,"sharedCount":0,"createdAt":"2025-05-30T09:14:54.972Z","updatedAt":"2025-05-30T09:14:54.972Z","author":{"username":"chinh","profilePic":"https://hebbkx1anhila5yf.public.blob.vercel-storage.com/image-hiZZ98WEvmBOkk3oAqffc3ReiwtEIO.png"},"_count":{"likes":3,"comments":0},"score":0.021521393396267716,"isLike":true,"isToday":false,"isFollowing":true,"isSelf":false},{"id":"9c4e8842-ced5-492b-9423-890177a28564","authorId":"2b84aa24-668a-40e2-af1c-ad4fc4fa5a6f","imageUrl":["https://res.cloudinary.com/dizcvrefo/image/upload/v1748659538/nestjs_uploads/n4mg888um8bynequtdtp.jpg","https://res.cloudinary.com/dizcvrefo/image/upload/v1748659538/nestjs_uploads/mfqojpf1bufduxfh0j0n.jpg","https://res.cloudinary.com/dizcvrefo/image/upload/v1748659538/nestjs_uploads/vx9qkwao5v4hdeqiplsp.jpg","https://res.cloudinary.com/dizcvrefo/image/upload/v1748659538/nestjs_uploads/r2sv0p0echvnrwqxoswu.jpg"],"caption":"Ha noi nay tro gio","location":null,"tags":[],"isPublic":true,"likeCount":0,"commentCount":0,"sharedCount":0,"createdAt":"2025-05-31T02:45:39.688Z","updatedAt":"2025-05-31T02:45:39.688Z","author":{"username":"quang1","profilePic":"https://res.cloudinary.com/dizcvrefo/image/upload/v1749027586/nestjs_uploads/xehairydt9rzlbmbmv4c.jpg"},"_count":{"likes":2,"comments":0},"score":0.018233132447714413,"isLike":false,"isToday":false,"isFollowing":true,"isSelf":false},{"id":"e3f481cc-53c6-41c8-9a28-cd2f9c4f2f46","authorId":"2b84aa24-668a-40e2-af1c-ad4fc4fa5a6f","imageUrl":["https://res.cloudinary.com/dizcvrefo/image/upload/v1749027663/nestjs_uploads/nuuktb6j4oy5jnuyt3ws.jpg","https://res.cloudinary.com/dizcvrefo/image/upload/v1749027663/nestjs_uploads/aa03sao5n7bkhyhhrovx.jpg","https://res.cloudinary.com/dizcvrefo/image/upload/v1749027663/nestjs_uploads/hic88kwvdqoltmqsueim.jpg","https://res.cloudinary.com/dizcvrefo/image/upload/v1749027664/nestjs_uploads/hrnmt9e7g7pavf2fxwyw.png","https://res.cloudinary.com/dizcvrefo/image/upload/v1749027664/nestjs_uploads/oxa2hbuxzj3lngjbubpf.jpg","https://res.cloudinary.com/dizcvrefo/image/upload/v1749027663/nestjs_uploads/scrigmpzvmixwv9ddfnl.jpg","https://res.cloudinary.com/dizcvrefo/image/upload/v1749027664/nestjs_uploads/wpnyt5jyz8lgj2bvprin.jpg"],"caption":"Buon that, hom nay toi thi truot","location":null,"tags":[],"isPublic":true,"likeCount":0,"commentCount":0,"sharedCount":0,"createdAt":"2025-06-04T09:01:06.391Z","updatedAt":"2025-06-04T09:01:06.391Z","author":{"username":"quang1","profilePic":"https://res.cloudinary.com/dizcvrefo/image/upload/v1749027586/nestjs_uploads/xehairydt9rzlbmbmv4c.jpg"},"_count":{"likes":1,"comments":0},"score":0.017886825709790766,"isLike":false,"isToday":false,"isFollowing":true,"isSelf":false},{"id":"c8151412-bc98-49ec-88ff-57b89cc2ce67","authorId":"08515b05-2d3e-4789-ad60-db35525a4970","imageUrl":["https://res.cloudinary.com/dizcvrefo/image/upload/v1748933672/nestjs_uploads/rpehmvwkwptjktjzllxz.jpg","https://res.cloudinary.com/dizcvrefo/image/upload/v1748933672/nestjs_uploads/xl8wce3gldsuaekfnfwo.jpg","https://res.cloudinary.com/dizcvrefo/image/upload/v1748933671/nestjs_uploads/ee1ntt1feukxfszhma1b.jpg"],"caption":"Moi di hom nay","location":null,"tags":[],"isPublic":true,"likeCount":0,"commentCount":0,"sharedCount":0,"createdAt":"2025-06-03T06:54:33.756Z","updatedAt":"2025-06-03T06:54:33.756Z","author":{"username":"nam","profilePic":"https://res.cloudinary.com/dizcvrefo/image/upload/v1749266646/nestjs_uploads/zk9zrpeidnovxibfqdxr.png"},"_count":{"likes":3,"comments":0},"score":0.014372684473613158,"isLike":true,"isToday":false,"isFollowing":false,"isSelf":true},{"id":"45a2d709-c6c9-4887-9235-dbbd2d381827","authorId":"08515b05-2d3e-4789-ad60-db35525a4970","imageUrl":["https://res.cloudinary.com/dizcvrefo/image/upload/v1748932129/nestjs_uploads/ecwyixgm9kf0zdng7bdp.png","https://res.cloudinary.com/dizcvrefo/image/upload/v1748932129/nestjs_uploads/uhl3z1wamgjxl5o4vq1l.jpg","https://res.cloudinary.com/dizcvrefo/image/upload/v1748932129/nestjs_uploads/pavlktzorkfcm5pp31io.jpg","https://res.cloudinary.com/dizcvrefo/image/upload/v1748932129/nestjs_uploads/knew9jcdpmwaleoa6oov.jpg"],"caption":"Di choi di anh em oi","location":null,"tags":[],"isPublic":true,"likeCount":0,"commentCount":0,"sharedCount":0,"createdAt":"2025-06-03T06:28:51.322Z","updatedAt":"2025-06-03T06:28:51.322Z","author":{"username":"nam","profilePic":"https://res.cloudinary.com/dizcvrefo/image/upload/v1749266646/nestjs_uploads/zk9zrpeidnovxibfqdxr.png"},"_count":{"likes":3,"comments":0},"score":0.014357948354711032,"isLike":true,"isToday":false,"isFollowing":false,"isSelf":true},{"id":"bd9fb1fc-af49-4625-aa11-a458424d17ca","authorId":"08515b05-2d3e-4789-ad60-db35525a4970","imageUrl":["https://res.cloudinary.com/dizcvrefo/image/upload/v1749400565/ne"
23:22:04.533 [main] DEBUG org.apache.http.headers -- http-outgoing-10 << HTTP/1.1 200 OK
23:22:04.533 [main] DEBUG org.apache.http.headers -- http-outgoing-10 << X-Powered-By: Express
23:22:04.533 [main] DEBUG org.apache.http.headers -- http-outgoing-10 << Access-Control-Allow-Origin: *
23:22:04.533 [main] DEBUG org.apache.http.headers -- http-outgoing-10 << Content-Type: application/json; charset=utf-8
23:22:04.533 [main] DEBUG org.apache.http.headers -- http-outgoing-10 << Content-Length: 18582
23:22:04.533 [main] DEBUG org.apache.http.headers -- http-outgoing-10 << ETag: W/"4896-T7LS+hBQsRhZSKsvQryxOcjim0o"
23:22:04.533 [main] DEBUG org.apache.http.headers -- http-outgoing-10 << Date: Fri, 20 Jun 2025 16:22:04 GMT
23:22:04.533 [main] DEBUG org.apache.http.headers -- http-outgoing-10 << Connection: keep-alive
23:22:04.533 [main] DEBUG org.apache.http.headers -- http-outgoing-10 << Keep-Alive: timeout=5
23:22:04.533 [main] DEBUG org.apache.http.impl.execchain.MainClientExec -- Connection can be kept alive for 5000 MILLISECONDS
23:22:04.533 [main] DEBUG org.apache.http.wire -- http-outgoing-10 << "stjs_uploads/srvf0b7b2fnsab8uqc8g.jpg","https://res.cloudinary.com/dizcvrefo/image/upload/v1749400565/nestjs_uploads/u2gybzjxkewsxa1atyq4.jpg","https://res.cloudinary.com/dizcvrefo/image/upload/v1749400565/nestjs_uploads/lottkkizhi1ngodzx4pp.jpg"],"caption":"toi la NAM BO","location":null,"tags":[],"isPublic":true,"likeCount":0,"commentCount":0,"sharedCount":0,"createdAt":"2025-06-08T16:36:04.450Z","updatedAt":"2025-06-08T16:36:04.450Z","author":{"username":"nam","profilePic":"https://res.cloudinary.com/dizcvrefo/image/upload/v1749266646/nestjs_uploads/zk9zrpeidnovxibfqdxr.png"},"_count":{"likes":2,"comments":0},"score":0.01390014949813496,"isLike":true,"isToday":false,"isFollowing":false,"isSelf":true},{"id":"8a0e35ce-0f39-4475-b2d2-15c217983926","authorId":"08515b05-2d3e-4789-ad60-db35525a4970","imageUrl":["https://res.cloudinary.com/dizcvrefo/image/upload/v1748597950/nestjs_uploads/siabu4jmaf7nfak5xkgc.jpg","https://res.cloudinary.com/dizcvrefo/image/upload/v1748597951/nestjs_uploads/bufde4typyni9j408ua4.j"
23:22:04.533 [main] DEBUG org.apache.http.wire -- http-outgoing-10 << "pg","https://res.cloudinary.com/dizcvrefo/image/upload/v1748597951/nestjs_uploads/yk6tjdkirr4a7ons7iz5.jpg"],"caption":"[0xc4][0x82]n g[0xc3][0xac] kh[0xc3][0xb4]ng","location":null,"tags":[],"isPublic":true,"likeCount":0,"commentCount":0,"sharedCount":0,"createdAt":"2025-05-30T09:39:13.647Z","updatedAt":"2025-05-30T09:39:13.647Z","author":{"username":"nam","profilePic":"https://res.cloudinary.com/dizcvrefo/image/upload/v1749266646/nestjs_uploads/zk9zrpeidnovxibfqdxr.png"},"_count":{"likes":3,"comments":0},"score":0.01174825522799914,"isLike":true,"isToday":false,"isFollowing":false,"isSelf":true},{"id":"b96886bd-5f00-41af-a440-152f360f1657","authorId":"08515b05-2d3e-4789-ad60-db35525a4970","imageUrl":["https://res.cloudinary.com/dizcvrefo/image/upload/v1748597371/nestjs_uploads/vce2gudp9o4mm4fn8xt0.jpg","https://res.cloudinary.com/dizcvrefo/image/upload/v1748597372/nestjs_uploads/u691vkjqxrek1dv0wtbm.jpg","https://res.cloudinary.com/dizcvrefo/image/upload/v1748597371/nestjs_uploads/feqbcopm8ge8maj3hu6k.jpg"],"caption":"ok","location":nul"
23:22:04.533 [main] DEBUG org.apache.http.wire -- http-outgoing-10 << "l,"tags":[],"isPublic":true,"likeCount":0,"commentCount":0,"sharedCount":0,"createdAt":"2025-05-30T09:29:34.405Z","updatedAt":"2025-05-30T09:29:34.405Z","author":{"username":"nam","profilePic":"https://res.cloudinary.com/dizcvrefo/image/upload/v1749266646/nestjs_uploads/zk9zrpeidnovxibfqdxr.png"},"_count":{"likes":3,"comments":0},"score":0.011744555104361284,"isLike":true,"isToday":false,"isFollowing":false,"isSelf":true},{"id":"d79e9a48-ca20-40fd-bb11-ed7302657db9","authorId":"08515b05-2d3e-4789-ad60-db35525a4970","imageUrl":["https://res.cloudinary.com/dizcvrefo/image/upload/v1749382783/nestjs_uploads/buqh5wktqj3y5etgfxok.jpg","https://res.cloudinary.com/dizcvrefo/image/upload/v1749382789/nestjs_uploads/wjm5idulrdjhv7yuc477.jpg","https://res.cloudinary.com/dizcvrefo/image/upload/v1749382781/nestjs_uploads/ztoyccvbrahzxkbm7mxb.jpg","https://res.cloudinary.com/dizcvrefo/image/upload/v1749383075/nestjs_uploads/yjbnpjozb3x4suirhe9d.jpg","https://res.cloudinary.com/dizcvrefo/image/upload/v1749383076/nestjs_uploa"
23:22:04.533 [main] DEBUG org.apache.http.wire -- http-outgoing-10 << "ds/wurnhokpsyvvjg60iceu.jpg"],"caption":"H[0xc3][0xb4]m nay l[0xc3][0xa0] th[0xe1][0xbb][0xa9] 7 em th[0xc3][0xad]ch [0xc4][0x91]i th[0xc3][0xad]ch [0xc4][0x91]i v[0xc3][0xa0]o bar u[0xe1][0xbb][0x91]ng [0xf0][0x9f][0x8d][0xba] [0xf0][0x9f][0x92][0x83][0xf0][0x9f][0x92][0x83][0xf0][0x9f][0x92][0x83]","location":null,"tags":[],"isPublic":true,"likeCount":0,"commentCount":0,"sharedCount":0,"createdAt":"2025-05-28T09:56:16.976Z","updatedAt":"2025-06-08T11:44:37.991Z","author":{"username":"nam","profilePic":"https://res.cloudinary.com/dizcvrefo/image/upload/v1749266646/nestjs_uploads/zk9zrpeidnovxibfqdxr.png"},"_count":{"likes":3,"comments":0},"score":0.010744410809105095,"isLike":true,"isToday":false,"isFollowing":false,"isSelf":true},{"id":"028cfac7-688b-4f4d-832d-1dd681b89e64","authorId":"08515b05-2d3e-4789-ad60-db35525a4970","imageUrl":["https://res.cloudinary.com/dizcvrefo/image/upload/v1748964089/nestjs_uploads/r2x7j8rz3gfsze8o0fe7.jpg","https://res.cloudinary.com/dizcvrefo/image/upload/v1748964089/nestjs_uploads/ebic5ju0e6btkxv2g526.jpg","https://res.cloudinary.com/dizcvrefo/image/upload/v1748964089/nestjs_uploads/ngkhumq5qjehuoqmvxqv.jpg"],"caption":"Di uong bia","location":null,"t"
23:22:04.533 [main] DEBUG org.apache.http.wire -- http-outgoing-10 << "ags":[],"isPublic":true,"likeCount":0,"commentCount":0,"sharedCount":0,"createdAt":"2025-06-03T15:21:31.678Z","updatedAt":"2025-06-03T15:21:31.678Z","author":{"username":"nam","profilePic":"https://res.cloudinary.com/dizcvrefo/image/upload/v1749266646/nestjs_uploads/zk9zrpeidnovxibfqdxr.png"},"_count":{"likes":2,"comments":0},"score":0.009779732889456251,"isLike":true,"isToday":false,"isFollowing":false,"isSelf":true},{"id":"7918bc4d-383d-462e-afab-91099bc69905","authorId":"08515b05-2d3e-4789-ad60-db35525a4970","imageUrl":["https://res.cloudinary.com/dizcvrefo/image/upload/v1749449962/nestjs_uploads/h3loqo8k5fpmi2ipdtof.jpg"],"caption":"[0xc4][0x90][0xe1][0xba][0xb9]p trai th[0xc3][0xac] m[0xe1][0xbb][0x9b]i c[0xc3][0xb3] nhi[0xe1][0xbb][0x81]u [0xc4][0x91][0xe1][0xbb][0xa9]a y[0xc3][0xaa]u h[0xe1][0xba][0xb9] h[0xe1][0xba][0xb9]","location":null,"tags":[],"isPublic":true,"likeCount":0,"commentCount":0,"sharedCount":0,"createdAt":"2025-06-09T06:19:23.318Z","updatedAt":"2025-06-09T06:19:23.318Z","author":{"username":"nam","profilePic":"https://res.cloudinary.com/dizcvrefo/image/upload/v1749266646/nestjs_uploads/zk9zrpeidnovxibfqdxr.png"},"_count":"
23:22:04.533 [main] DEBUG org.apache.http.wire -- http-outgoing-10 << "{"likes":1,"comments":0},"score":0.007298077306430655,"isLike":true,"isToday":false,"isFollowing":false,"isSelf":true},{"id":"0c10c426-3d53-443a-8155-39234544c693","authorId":"08515b05-2d3e-4789-ad60-db35525a4970","imageUrl":["https://res.cloudinary.com/dizcvrefo/image/upload/v1749397668/nestjs_uploads/umpwoepazt6it2racqhe.webp","https://res.cloudinary.com/dizcvrefo/image/upload/v1749397668/nestjs_uploads/hcj53nurl5lpudcfaz3f.webp","https://res.cloudinary.com/dizcvrefo/image/upload/v1749397668/nestjs_uploads/qv1vfbg7k6lkeldhb7e3.webp","https://res.cloudinary.com/dizcvrefo/image/upload/v1749397668/nestjs_uploads/c6ruaxtyahilompxxej9.webp"],"caption":"Tr[0xe1][0xbb][0x9d]i xanh m[0xc3][0xa2]y tr[0xe1][0xba][0xaf]ng","location":null,"tags":[],"isPublic":true,"likeCount":0,"commentCount":0,"sharedCount":0,"createdAt":"2025-06-08T15:47:50.242Z","updatedAt":"2025-06-08T15:47:50.242Z","author":{"username":"nam","profilePic":"https://res.cloudinary.com/dizcvrefo/image/upload/v1749266646/nestjs_uploads/zk9zrpeidnovxibfqdxr.png"},"_count":{"likes":1,"comment"
23:22:04.533 [main] DEBUG org.apache.http.wire -- http-outgoing-10 << "s":0},"score":0.006930712108750798,"isLike":false,"isToday":false,"isFollowing":false,"isSelf":true},{"id":"d296ef84-ae0f-4d14-a91a-15dd66bc0dac","authorId":"08515b05-2d3e-4789-ad60-db35525a4970","imageUrl":["https://res.cloudinary.com/dizcvrefo/image/upload/v1749397436/nestjs_uploads/w9d8ldmhonbzeenkcxpb.jpg","https://res.cloudinary.com/dizcvrefo/image/upload/v1749397436/nestjs_uploads/g8xrn89xfaz4ssvslueo.jpg","https://res.cloudinary.com/dizcvrefo/image/upload/v1749397436/nestjs_uploads/wggtlkgkwlcrmgrhskup.jpg"],"caption":"[0xc4][0x90][0xe1][0xbb][0xab]ng t[0xc3][0xac]m nhau v[0xc3][0xa0]o h[0xc3][0xb4]m gi[0xc3][0xb3] m[0xc6][0xb0]a t[0xc6][0xa1]i b[0xe1][0xbb][0x9d]i","location":null,"tags":[],"isPublic":true,"likeCount":0,"commentCount":0,"sharedCount":0,"createdAt":"2025-06-08T15:43:57.895Z","updatedAt":"2025-06-08T15:43:57.895Z","author":{"username":"nam","profilePic":"https://res.cloudinary.com/dizcvrefo/image/upload/v1749266646/nestjs_uploads/zk9zrpeidnovxibfqdxr.png"},"_count":{"likes":1,"comments":0},"score":0.0069291623533112206,"isLike":true,"isToday":false,"isFollowing":false,"isSelf":true},{"
23:22:04.533 [main] DEBUG org.apache.http.wire -- http-outgoing-10 << ""id":"f1eae5ad-ef38-43e0-a9b8-1c1e0c2f6efd","authorId":"08515b05-2d3e-4789-ad60-db35525a4970","imageUrl":["https://res.cloudinary.com/dizcvrefo/image/upload/v1749397189/nestjs_uploads/n24psljoc11kfpxrlozi.jpg","https://res.cloudinary.com/dizcvrefo/image/upload/v1749397188/nestjs_uploads/ebdf0uii6p2yc3m30ruv.webp","https://res.cloudinary.com/dizcvrefo/image/upload/v1749397188/nestjs_uploads/vrc16ao0luptsqlvep2z.webp"],"caption":"Trong [0xc4][0x91][0xe1][0xba][0xa7]m g[0xc3][0xac] [0xc4][0x91][0xe1][0xba][0xb9]p b[0xe1][0xba][0xb1]ng sen","location":null,"tags":[],"isPublic":true,"likeCount":0,"commentCount":0,"sharedCount":0,"createdAt":"2025-06-08T15:39:50.851Z","updatedAt":"2025-06-08T15:39:50.851Z","author":{"username":"nam","profilePic":"https://res.cloudinary.com/dizcvrefo/image/upload/v1749266646/nestjs_uploads/zk9zrpeidnovxibfqdxr.png"},"_count":{"likes":1,"comments":0},"score":0.006927515328859544,"isLike":true,"isToday":false,"isFollowing":false,"isSelf":true},{"id":"52cfd912-292f-4fbf-9240-3000d608dcd4","authorId":"e7b38cb7-6701-40d9-a3bd-f53fc4d43457","imageUrl":["https://"
23:22:04.534 [main] DEBUG org.apache.http.wire -- http-outgoing-10 << "res.cloudinary.com/dizcvrefo/image/upload/v1749316896/nestjs_uploads/lc1jqjzblqshqho7eavx.jpg"],"caption":"This is my first post","location":null,"tags":[],"isPublic":true,"likeCount":0,"commentCount":0,"sharedCount":0,"createdAt":"2025-05-14T05:28:07.619Z","updatedAt":"2025-06-07T17:21:37.389Z","author":{"username":"ductrong","profilePic":null},"_count":{"likes":3,"comments":0},"score":0.006674831155325215,"isLike":true,"isToday":false,"isFollowing":false,"isSelf":false},{"id":"546e44ab-45c4-4412-83c9-4a2cd786d46f","authorId":"08515b05-2d3e-4789-ad60-db35525a4970","imageUrl":["https://res.cloudinary.com/dizcvrefo/image/upload/v1749223872/nestjs_uploads/u1lkztc9gc8jfijtppib.jpg","https://res.cloudinary.com/dizcvrefo/image/upload/v1749223872/nestjs_uploads/hvbjhzpqvpw9kjrejiko.jpg","https://res.cloudinary.com/dizcvrefo/image/upload/v1749223872/nestjs_uploads/a9s8eujvzsy7sminvaaw.jpg","https://res.cloudinary.com/dizcvrefo/image/upload/v1749223872/nestjs_uploads/l0darr6gsfvyaz3udhvr.jpg"],"caption":"Th[0xe1][0xbb][0x9d]i ti[0xe1][0xba][0xbf]"
23:22:04.534 [main] DEBUG org.apache.http.wire -- http-outgoing-10 << "t n[0xc3][0xb3]ng nh[0xc6][0xb0] c[0xc3][0xa1]i l[0xc3][0xb2]","location":null,"tags":[],"isPublic":true,"likeCount":0,"commentCount":0,"sharedCount":0,"createdAt":"2025-06-06T15:31:13.422Z","updatedAt":"2025-06-06T15:31:13.422Z","author":{"username":"nam","profilePic":"https://res.cloudinary.com/dizcvrefo/image/upload/v1749266646/nestjs_uploads/zk9zrpeidnovxibfqdxr.png"},"_count":{"likes":1,"comments":0},"score":0.005937404375061682,"isLike":true,"isToday":false,"isFollowing":false,"isSelf":true},{"id":"d227a0c8-1c22-46cc-b7d2-4cdc49559d5a","authorId":"08515b05-2d3e-4789-ad60-db35525a4970","imageUrl":["https://res.cloudinary.com/dizcvrefo/image/upload/v1749396710/nestjs_uploads/rbfbkt8z02milpnwumdf.jpg","https://res.cloudinary.com/dizcvrefo/image/upload/v1749396710/nestjs_uploads/vgcadq2d5bc0n7ccenbd.jpg","https://res.cloudinary.com/dizcvrefo/image/upload/v1749396710/nestjs_uploads/mnxecfqiyziizzhgvpkx.jpg","https://res.cloudinary.com/dizcvrefo/image/upload/v1749396710/nestjs_uploads/ejjhcrbzulhtddkxenrb.jpg"],"caption":"Qu[0xe1][0xbb][0x91]c t[0xe1][0xba][0xbf] thi[0xe1][0xba][0xbf]u nhi",""
23:22:04.534 [main] DEBUG org.apache.http.wire -- http-outgoing-10 << "location":null,"tags":[],"isPublic":true,"likeCount":0,"commentCount":0,"sharedCount":0,"createdAt":"2025-06-08T15:31:52.624Z","updatedAt":"2025-06-08T15:31:52.624Z","author":{"username":"nam","profilePic":"https://res.cloudinary.com/dizcvrefo/image/upload/v1749266646/nestjs_uploads/zk9zrpeidnovxibfqdxr.png"},"_count":{"likes":0,"comments":0},"score":0,"isLike":false,"isToday":false,"isFollowing":false,"isSelf":true}]}"
23:22:04.534 [main] DEBUG org.apache.http.impl.conn.PoolingHttpClientConnectionManager -- Connection [id: 10][route: {}->http://localhost:3000] can be kept alive for 5.0 seconds
23:22:04.534 [main] DEBUG org.apache.http.impl.conn.DefaultManagedHttpClientConnection -- http-outgoing-10: set socket timeout to 0
23:22:04.534 [main] DEBUG org.apache.http.impl.conn.PoolingHttpClientConnectionManager -- Connection released: [id: 10][route: {}->http://localhost:3000][total available: 1; route allocated: 1 of 5; total allocated: 1 of 10]
23:22:04.534 [main] DEBUG org.apache.http.impl.conn.PoolingHttpClientConnectionManager -- Connection manager is shutting down
23:22:04.534 [main] DEBUG org.apache.http.impl.conn.DefaultManagedHttpClientConnection -- http-outgoing-10: Close connection
23:22:04.534 [main] DEBUG org.apache.http.impl.conn.PoolingHttpClientConnectionManager -- Connection manager shut down
23:22:04.535 [main] DEBUG com.intuit.karate -- response time in milliseconds: 160
1 < 200
1 < X-Powered-By: Express
1 < Access-Control-Allow-Origin: *
1 < Content-Type: application/json; charset=utf-8
1 < Content-Length: 18582
1 < ETag: W/"4896-T7LS+hBQsRhZSKsvQryxOcjim0o"
1 < Date: Fri, 20 Jun 2025 16:22:04 GMT
1 < Connection: keep-alive
1 < Keep-Alive: timeout=5
{
  "message": "Feed",
  "statusCode": 200,
  "status": "success",
  "data": [
    {
      "id": "007fcd52-ae77-4c58-988d-36ef78edc29b",
      "authorId": "dacf294e-491b-47ff-bd74-bfe5ddbfbdf9",
      "imageUrl": [
        "https://res.cloudinary.com/dizcvrefo/image/upload/v1748598131/nestjs_uploads/tsh3n10qz6mojbkiayhx.jpg",
        "https://res.cloudinary.com/dizcvrefo/image/upload/v1748598131/nestjs_uploads/no5fdmt60yg8li6gvwao.jpg",
        "https://res.cloudinary.com/dizcvrefo/image/upload/v1748598131/nestjs_uploads/lbn3umepxtqxjcw51mv0.jpg",
        "https://res.cloudinary.com/dizcvrefo/image/upload/v1748598131/nestjs_uploads/e4nufb9kmremurdaanw5.jpg",
        "https://res.cloudinary.com/dizcvrefo/image/upload/v1748598131/nestjs_uploads/pqwqj0gdwqfqqyct54hz.jpg",
        "https://res.cloudinary.com/dizcvrefo/image/upload/v1748598130/nestjs_uploads/dics8pfhps2jfskadthz.jpg"
      ],
      "caption": "Th? thao ?i?n t?",
      "location": null,
      "tags": [
      ],
      "isPublic": true,
      "likeCount": 0,
      "commentCount": 0,
      "sharedCount": 0,
      "createdAt": "2025-05-30T09:42:13.811Z",
      "updatedAt": "2025-05-30T09:42:13.811Z",
      "author": {
        "username": "chinh",
        "profilePic": "https://hebbkx1anhila5yf.public.blob.vercel-storage.com/image-hiZZ98WEvmBOkk3oAqffc3ReiwtEIO.png"
      },
      "_count": {
        "likes": 3,
        "comments": 0
      },
      "score": 0.021540578707882077,
      "isLike": true,
      "isToday": false,
      "isFollowing": true,
      "isSelf": false
    },
    {
      "id": "479ed759-3811-4b84-8141-bff184fae4b8",
      "authorId": "dacf294e-491b-47ff-bd74-bfe5ddbfbdf9",
      "imageUrl": [
        "https://res.cloudinary.com/dizcvrefo/image/upload/v1748596741/nestjs_uploads/g8vk3zn2rfop6caitmfb.jpg",
        "https://res.cloudinary.com/dizcvrefo/image/upload/v1748596741/nestjs_uploads/cqcspqsifpg0ndthyuax.jpg",
        "https://res.cloudinary.com/dizcvrefo/image/upload/v1748596741/nestjs_uploads/hc3svmdbfotscvcctfoq.jpg",
        "https://res.cloudinary.com/dizcvrefo/image/upload/v1748596742/nestjs_uploads/fxjvluy2vpyfuspukumf.jpg",
        "https://res.cloudinary.com/dizcvrefo/image/upload/v1748596741/nestjs_uploads/sb38euks3gzg5f92uiig.jpg"
      ],
      "caption": "Village",
      "location": null,
      "tags": [
      ],
      "isPublic": true,
      "likeCount": 0,
      "commentCount": 0,
      "sharedCount": 0,
      "createdAt": "2025-05-30T09:19:04.180Z",
      "updatedAt": "2025-05-30T09:19:04.180Z",
      "author": {
        "username": "chinh",
        "profilePic": "https://hebbkx1anhila5yf.public.blob.vercel-storage.com/image-hiZZ98WEvmBOkk3oAqffc3ReiwtEIO.png"
      },
      "_count": {
        "likes": 3,
        "comments": 0
      },
      "score": 0.021524308583073894,
      "isLike": true,
      "isToday": false,
      "isFollowing": true,
      "isSelf": false
    },
    {
      "id": "9ef01284-6f35-4f8a-9d58-3f5891acc766",
      "authorId": "dacf294e-491b-47ff-bd74-bfe5ddbfbdf9",
      "imageUrl": [
        "https://res.cloudinary.com/dizcvrefo/image/upload/v1748596489/nestjs_uploads/ue1yvhe1qzvlc2pmkjee.jpg",
        "https://res.cloudinary.com/dizcvrefo/image/upload/v1748596493/nestjs_uploads/bm3pcnpqmnppnsuq0pv9.jpg",
        "https://res.cloudinary.com/dizcvrefo/image/upload/v1748596489/nestjs_uploads/q6nipodzp1mdnpm1p13g.jpg",
        "https://res.cloudinary.com/dizcvrefo/image/upload/v1748596489/nestjs_uploads/icygr75zfmxk0ehqsnwo.jpg",
        "https://res.cloudinary.com/dizcvrefo/image/upload/v1748596489/nestjs_uploads/ghgd01xzcaxpra5httqg.jpg",
        "https://res.cloudinary.com/dizcvrefo/image/upload/v1748596489/nestjs_uploads/o53mpfip4l7dbjbd7wcw.jpg"
      ],
      "caption": "Nh?u",
      "location": null,
      "tags": [
      ],
      "isPublic": true,
      "likeCount": 0,
      "commentCount": 0,
      "sharedCount": 0,
      "createdAt": "2025-05-30T09:14:54.972Z",
      "updatedAt": "2025-05-30T09:14:54.972Z",
      "author": {
        "username": "chinh",
        "profilePic": "https://hebbkx1anhila5yf.public.blob.vercel-storage.com/image-hiZZ98WEvmBOkk3oAqffc3ReiwtEIO.png"
      },
      "_count": {
        "likes": 3,
        "comments": 0
      },
      "score": 0.021521393396267716,
      "isLike": true,
      "isToday": false,
      "isFollowing": true,
      "isSelf": false
    },
    {
      "id": "9c4e8842-ced5-492b-9423-890177a28564",
      "authorId": "2b84aa24-668a-40e2-af1c-ad4fc4fa5a6f",
      "imageUrl": [
        "https://res.cloudinary.com/dizcvrefo/image/upload/v1748659538/nestjs_uploads/n4mg888um8bynequtdtp.jpg",
        "https://res.cloudinary.com/dizcvrefo/image/upload/v1748659538/nestjs_uploads/mfqojpf1bufduxfh0j0n.jpg",
        "https://res.cloudinary.com/dizcvrefo/image/upload/v1748659538/nestjs_uploads/vx9qkwao5v4hdeqiplsp.jpg",
        "https://res.cloudinary.com/dizcvrefo/image/upload/v1748659538/nestjs_uploads/r2sv0p0echvnrwqxoswu.jpg"
      ],
      "caption": "Ha noi nay tro gio",
      "location": null,
      "tags": [
      ],
      "isPublic": true,
      "likeCount": 0,
      "commentCount": 0,
      "sharedCount": 0,
      "createdAt": "2025-05-31T02:45:39.688Z",
      "updatedAt": "2025-05-31T02:45:39.688Z",
      "author": {
        "username": "quang1",
        "profilePic": "https://res.cloudinary.com/dizcvrefo/image/upload/v1749027586/nestjs_uploads/xehairydt9rzlbmbmv4c.jpg"
      },
      "_count": {
        "likes": 2,
        "comments": 0
      },
      "score": 0.018233132447714413,
      "isLike": false,
      "isToday": false,
      "isFollowing": true,
      "isSelf": false
    },
    {
      "id": "e3f481cc-53c6-41c8-9a28-cd2f9c4f2f46",
      "authorId": "2b84aa24-668a-40e2-af1c-ad4fc4fa5a6f",
      "imageUrl": [
        "https://res.cloudinary.com/dizcvrefo/image/upload/v1749027663/nestjs_uploads/nuuktb6j4oy5jnuyt3ws.jpg",
        "https://res.cloudinary.com/dizcvrefo/image/upload/v1749027663/nestjs_uploads/aa03sao5n7bkhyhhrovx.jpg",
        "https://res.cloudinary.com/dizcvrefo/image/upload/v1749027663/nestjs_uploads/hic88kwvdqoltmqsueim.jpg",
        "https://res.cloudinary.com/dizcvrefo/image/upload/v1749027664/nestjs_uploads/hrnmt9e7g7pavf2fxwyw.png",
        "https://res.cloudinary.com/dizcvrefo/image/upload/v1749027664/nestjs_uploads/oxa2hbuxzj3lngjbubpf.jpg",
        "https://res.cloudinary.com/dizcvrefo/image/upload/v1749027663/nestjs_uploads/scrigmpzvmixwv9ddfnl.jpg",
        "https://res.cloudinary.com/dizcvrefo/image/upload/v1749027664/nestjs_uploads/wpnyt5jyz8lgj2bvprin.jpg"
      ],
      "caption": "Buon that, hom nay toi thi truot",
      "location": null,
      "tags": [
      ],
      "isPublic": true,
      "likeCount": 0,
      "commentCount": 0,
      "sharedCount": 0,
      "createdAt": "2025-06-04T09:01:06.391Z",
      "updatedAt": "2025-06-04T09:01:06.391Z",
      "author": {
        "username": "quang1",
        "profilePic": "https://res.cloudinary.com/dizcvrefo/image/upload/v1749027586/nestjs_uploads/xehairydt9rzlbmbmv4c.jpg"
      },
      "_count": {
        "likes": 1,
        "comments": 0
      },
      "score": 0.017886825709790766,
      "isLike": false,
      "isToday": false,
      "isFollowing": true,
      "isSelf": false
    },
    {
      "id": "c8151412-bc98-49ec-88ff-57b89cc2ce67",
      "authorId": "08515b05-2d3e-4789-ad60-db35525a4970",
      "imageUrl": [
        "https://res.cloudinary.com/dizcvrefo/image/upload/v1748933672/nestjs_uploads/rpehmvwkwptjktjzllxz.jpg",
        "https://res.cloudinary.com/dizcvrefo/image/upload/v1748933672/nestjs_uploads/xl8wce3gldsuaekfnfwo.jpg",
        "https://res.cloudinary.com/dizcvrefo/image/upload/v1748933671/nestjs_uploads/ee1ntt1feukxfszhma1b.jpg"
      ],
      "caption": "Moi di hom nay",
      "location": null,
      "tags": [
      ],
      "isPublic": true,
      "likeCount": 0,
      "commentCount": 0,
      "sharedCount": 0,
      "createdAt": "2025-06-03T06:54:33.756Z",
      "updatedAt": "2025-06-03T06:54:33.756Z",
      "author": {
        "username": "nam",
        "profilePic": "https://res.cloudinary.com/dizcvrefo/image/upload/v1749266646/nestjs_uploads/zk9zrpeidnovxibfqdxr.png"
      },
      "_count": {
        "likes": 3,
        "comments": 0
      },
      "score": 0.014372684473613158,
      "isLike": true,
      "isToday": false,
      "isFollowing": false,
      "isSelf": true
    },
    {
      "id": "45a2d709-c6c9-4887-9235-dbbd2d381827",
      "authorId": "08515b05-2d3e-4789-ad60-db35525a4970",
      "imageUrl": [
        "https://res.cloudinary.com/dizcvrefo/image/upload/v1748932129/nestjs_uploads/ecwyixgm9kf0zdng7bdp.png",
        "https://res.cloudinary.com/dizcvrefo/image/upload/v1748932129/nestjs_uploads/uhl3z1wamgjxl5o4vq1l.jpg",
        "https://res.cloudinary.com/dizcvrefo/image/upload/v1748932129/nestjs_uploads/pavlktzorkfcm5pp31io.jpg",
        "https://res.cloudinary.com/dizcvrefo/image/upload/v1748932129/nestjs_uploads/knew9jcdpmwaleoa6oov.jpg"
      ],
      "caption": "Di choi di anh em oi",
      "location": null,
      "tags": [
      ],
      "isPublic": true,
      "likeCount": 0,
      "commentCount": 0,
      "sharedCount": 0,
      "createdAt": "2025-06-03T06:28:51.322Z",
      "updatedAt": "2025-06-03T06:28:51.322Z",
      "author": {
        "username": "nam",
        "profilePic": "https://res.cloudinary.com/dizcvrefo/image/upload/v1749266646/nestjs_uploads/zk9zrpeidnovxibfqdxr.png"
      },
      "_count": {
        "likes": 3,
        "comments": 0
      },
      "score": 0.014357948354711032,
      "isLike": true,
      "isToday": false,
      "isFollowing": false,
      "isSelf": true
    },
    {
      "id": "bd9fb1fc-af49-4625-aa11-a458424d17ca",
      "authorId": "08515b05-2d3e-4789-ad60-db35525a4970",
      "imageUrl": [
        "https://res.cloudinary.com/dizcvrefo/image/upload/v1749400565/nestjs_uploads/srvf0b7b2fnsab8uqc8g.jpg",
        "https://res.cloudinary.com/dizcvrefo/image/upload/v1749400565/nestjs_uploads/u2gybzjxkewsxa1atyq4.jpg",
        "https://res.cloudinary.com/dizcvrefo/image/upload/v1749400565/nestjs_uploads/lottkkizhi1ngodzx4pp.jpg"
      ],
      "caption": "toi la NAM BO",
      "location": null,
      "tags": [
      ],
      "isPublic": true,
      "likeCount": 0,
      "commentCount": 0,
      "sharedCount": 0,
      "createdAt": "2025-06-08T16:36:04.450Z",
      "updatedAt": "2025-06-08T16:36:04.450Z",
      "author": {
        "username": "nam",
        "profilePic": "https://res.cloudinary.com/dizcvrefo/image/upload/v1749266646/nestjs_uploads/zk9zrpeidnovxibfqdxr.png"
      },
      "_count": {
        "likes": 2,
        "comments": 0
      },
      "score": 0.01390014949813496,
      "isLike": true,
      "isToday": false,
      "isFollowing": false,
      "isSelf": true
    },
    {
      "id": "8a0e35ce-0f39-4475-b2d2-15c217983926",
      "authorId": "08515b05-2d3e-4789-ad60-db35525a4970",
      "imageUrl": [
        "https://res.cloudinary.com/dizcvrefo/image/upload/v1748597950/nestjs_uploads/siabu4jmaf7nfak5xkgc.jpg",
        "https://res.cloudinary.com/dizcvrefo/image/upload/v1748597951/nestjs_uploads/bufde4typyni9j408ua4.jpg",
        "https://res.cloudinary.com/dizcvrefo/image/upload/v1748597951/nestjs_uploads/yk6tjdkirr4a7ons7iz5.jpg"
      ],
      "caption": "?n gì không",
      "location": null,
      "tags": [
      ],
      "isPublic": true,
      "likeCount": 0,
      "commentCount": 0,
      "sharedCount": 0,
      "createdAt": "2025-05-30T09:39:13.647Z",
      "updatedAt": "2025-05-30T09:39:13.647Z",
      "author": {
        "username": "nam",
        "profilePic": "https://res.cloudinary.com/dizcvrefo/image/upload/v1749266646/nestjs_uploads/zk9zrpeidnovxibfqdxr.png"
      },
      "_count": {
        "likes": 3,
        "comments": 0
      },
      "score": 0.01174825522799914,
      "isLike": true,
      "isToday": false,
      "isFollowing": false,
      "isSelf": true
    },
    {
      "id": "b96886bd-5f00-41af-a440-152f360f1657",
      "authorId": "08515b05-2d3e-4789-ad60-db35525a4970",
      "imageUrl": [
        "https://res.cloudinary.com/dizcvrefo/image/upload/v1748597371/nestjs_uploads/vce2gudp9o4mm4fn8xt0.jpg",
        "https://res.cloudinary.com/dizcvrefo/image/upload/v1748597372/nestjs_uploads/u691vkjqxrek1dv0wtbm.jpg",
        "https://res.cloudinary.com/dizcvrefo/image/upload/v1748597371/nestjs_uploads/feqbcopm8ge8maj3hu6k.jpg"
      ],
      "caption": "ok",
      "location": null,
      "tags": [
      ],
      "isPublic": true,
      "likeCount": 0,
      "commentCount": 0,
      "sharedCount": 0,
      "createdAt": "2025-05-30T09:29:34.405Z",
      "updatedAt": "2025-05-30T09:29:34.405Z",
      "author": {
        "username": "nam",
        "profilePic": "https://res.cloudinary.com/dizcvrefo/image/upload/v1749266646/nestjs_uploads/zk9zrpeidnovxibfqdxr.png"
      },
      "_count": {
        "likes": 3,
        "comments": 0
      },
      "score": 0.011744555104361284,
      "isLike": true,
      "isToday": false,
      "isFollowing": false,
      "isSelf": true
    },
    {
      "id": "d79e9a48-ca20-40fd-bb11-ed7302657db9",
      "authorId": "08515b05-2d3e-4789-ad60-db35525a4970",
      "imageUrl": [
        "https://res.cloudinary.com/dizcvrefo/image/upload/v1749382783/nestjs_uploads/buqh5wktqj3y5etgfxok.jpg",
        "https://res.cloudinary.com/dizcvrefo/image/upload/v1749382789/nestjs_uploads/wjm5idulrdjhv7yuc477.jpg",
        "https://res.cloudinary.com/dizcvrefo/image/upload/v1749382781/nestjs_uploads/ztoyccvbrahzxkbm7mxb.jpg",
        "https://res.cloudinary.com/dizcvrefo/image/upload/v1749383075/nestjs_uploads/yjbnpjozb3x4suirhe9d.jpg",
        "https://res.cloudinary.com/dizcvrefo/image/upload/v1749383076/nestjs_uploads/wurnhokpsyvvjg60iceu.jpg"
      ],
      "caption": "Hôm nay là th? 7 em thích ?i thích ?i vào bar u?ng ? ???",
      "location": null,
      "tags": [
      ],
      "isPublic": true,
      "likeCount": 0,
      "commentCount": 0,
      "sharedCount": 0,
      "createdAt": "2025-05-28T09:56:16.976Z",
      "updatedAt": "2025-06-08T11:44:37.991Z",
      "author": {
        "username": "nam",
        "profilePic": "https://res.cloudinary.com/dizcvrefo/image/upload/v1749266646/nestjs_uploads/zk9zrpeidnovxibfqdxr.png"
      },
      "_count": {
        "likes": 3,
        "comments": 0
      },
      "score": 0.010744410809105095,
      "isLike": true,
      "isToday": false,
      "isFollowing": false,
      "isSelf": true
    },
    {
      "id": "028cfac7-688b-4f4d-832d-1dd681b89e64",
      "authorId": "08515b05-2d3e-4789-ad60-db35525a4970",
      "imageUrl": [
        "https://res.cloudinary.com/dizcvrefo/image/upload/v1748964089/nestjs_uploads/r2x7j8rz3gfsze8o0fe7.jpg",
        "https://res.cloudinary.com/dizcvrefo/image/upload/v1748964089/nestjs_uploads/ebic5ju0e6btkxv2g526.jpg",
        "https://res.cloudinary.com/dizcvrefo/image/upload/v1748964089/nestjs_uploads/ngkhumq5qjehuoqmvxqv.jpg"
      ],
      "caption": "Di uong bia",
      "location": null,
      "tags": [
      ],
      "isPublic": true,
      "likeCount": 0,
      "commentCount": 0,
      "sharedCount": 0,
      "createdAt": "2025-06-03T15:21:31.678Z",
      "updatedAt": "2025-06-03T15:21:31.678Z",
      "author": {
        "username": "nam",
        "profilePic": "https://res.cloudinary.com/dizcvrefo/image/upload/v1749266646/nestjs_uploads/zk9zrpeidnovxibfqdxr.png"
      },
      "_count": {
        "likes": 2,
        "comments": 0
      },
      "score": 0.009779732889456251,
      "isLike": true,
      "isToday": false,
      "isFollowing": false,
      "isSelf": true
    },
    {
      "id": "7918bc4d-383d-462e-afab-91099bc69905",
      "authorId": "08515b05-2d3e-4789-ad60-db35525a4970",
      "imageUrl": [
        "https://res.cloudinary.com/dizcvrefo/image/upload/v1749449962/nestjs_uploads/h3loqo8k5fpmi2ipdtof.jpg"
      ],
      "caption": "??p trai thì m?i có nhi?u ??a yêu h? h?",
      "location": null,
      "tags": [
      ],
      "isPublic": true,
      "likeCount": 0,
      "commentCount": 0,
      "sharedCount": 0,
      "createdAt": "2025-06-09T06:19:23.318Z",
      "updatedAt": "2025-06-09T06:19:23.318Z",
      "author": {
        "username": "nam",
        "profilePic": "https://res.cloudinary.com/dizcvrefo/image/upload/v1749266646/nestjs_uploads/zk9zrpeidnovxibfqdxr.png"
      },
      "_count": {
        "likes": 1,
        "comments": 0
      },
      "score": 0.007298077306430655,
      "isLike": true,
      "isToday": false,
      "isFollowing": false,
      "isSelf": true
    },
    {
      "id": "0c10c426-3d53-443a-8155-39234544c693",
      "authorId": "08515b05-2d3e-4789-ad60-db35525a4970",
      "imageUrl": [
        "https://res.cloudinary.com/dizcvrefo/image/upload/v1749397668/nestjs_uploads/umpwoepazt6it2racqhe.webp",
        "https://res.cloudinary.com/dizcvrefo/image/upload/v1749397668/nestjs_uploads/hcj53nurl5lpudcfaz3f.webp",
        "https://res.cloudinary.com/dizcvrefo/image/upload/v1749397668/nestjs_uploads/qv1vfbg7k6lkeldhb7e3.webp",
        "https://res.cloudinary.com/dizcvrefo/image/upload/v1749397668/nestjs_uploads/c6ruaxtyahilompxxej9.webp"
      ],
      "caption": "Tr?i xanh mây tr?ng",
      "location": null,
      "tags": [
      ],
      "isPublic": true,
      "likeCount": 0,
      "commentCount": 0,
      "sharedCount": 0,
      "createdAt": "2025-06-08T15:47:50.242Z",
      "updatedAt": "2025-06-08T15:47:50.242Z",
      "author": {
        "username": "nam",
        "profilePic": "https://res.cloudinary.com/dizcvrefo/image/upload/v1749266646/nestjs_uploads/zk9zrpeidnovxibfqdxr.png"
      },
      "_count": {
        "likes": 1,
        "comments": 0
      },
      "score": 0.006930712108750798,
      "isLike": false,
      "isToday": false,
      "isFollowing": false,
      "isSelf": true
    },
    {
      "id": "d296ef84-ae0f-4d14-a91a-15dd66bc0dac",
      "authorId": "08515b05-2d3e-4789-ad60-db35525a4970",
      "imageUrl": [
        "https://res.cloudinary.com/dizcvrefo/image/upload/v1749397436/nestjs_uploads/w9d8ldmhonbzeenkcxpb.jpg",
        "https://res.cloudinary.com/dizcvrefo/image/upload/v1749397436/nestjs_uploads/g8xrn89xfaz4ssvslueo.jpg",
        "https://res.cloudinary.com/dizcvrefo/image/upload/v1749397436/nestjs_uploads/wggtlkgkwlcrmgrhskup.jpg"
      ],
      "caption": "??ng tìm nhau vào hôm gió m?a t?i b?i",
      "location": null,
      "tags": [
      ],
      "isPublic": true,
      "likeCount": 0,
      "commentCount": 0,
      "sharedCount": 0,
      "createdAt": "2025-06-08T15:43:57.895Z",
      "updatedAt": "2025-06-08T15:43:57.895Z",
      "author": {
        "username": "nam",
        "profilePic": "https://res.cloudinary.com/dizcvrefo/image/upload/v1749266646/nestjs_uploads/zk9zrpeidnovxibfqdxr.png"
      },
      "_count": {
        "likes": 1,
        "comments": 0
      },
      "score": 0.0069291623533112206,
      "isLike": true,
      "isToday": false,
      "isFollowing": false,
      "isSelf": true
    },
    {
      "id": "f1eae5ad-ef38-43e0-a9b8-1c1e0c2f6efd",
      "authorId": "08515b05-2d3e-4789-ad60-db35525a4970",
      "imageUrl": [
        "https://res.cloudinary.com/dizcvrefo/image/upload/v1749397189/nestjs_uploads/n24psljoc11kfpxrlozi.jpg",
        "https://res.cloudinary.com/dizcvrefo/image/upload/v1749397188/nestjs_uploads/ebdf0uii6p2yc3m30ruv.webp",
        "https://res.cloudinary.com/dizcvrefo/image/upload/v1749397188/nestjs_uploads/vrc16ao0luptsqlvep2z.webp"
      ],
      "caption": "Trong ??m gì ??p b?ng sen",
      "location": null,
      "tags": [
      ],
      "isPublic": true,
      "likeCount": 0,
      "commentCount": 0,
      "sharedCount": 0,
      "createdAt": "2025-06-08T15:39:50.851Z",
      "updatedAt": "2025-06-08T15:39:50.851Z",
      "author": {
        "username": "nam",
        "profilePic": "https://res.cloudinary.com/dizcvrefo/image/upload/v1749266646/nestjs_uploads/zk9zrpeidnovxibfqdxr.png"
      },
      "_count": {
        "likes": 1,
        "comments": 0
      },
      "score": 0.006927515328859544,
      "isLike": true,
      "isToday": false,
      "isFollowing": false,
      "isSelf": true
    },
    {
      "id": "52cfd912-292f-4fbf-9240-3000d608dcd4",
      "authorId": "e7b38cb7-6701-40d9-a3bd-f53fc4d43457",
      "imageUrl": [
        "https://res.cloudinary.com/dizcvrefo/image/upload/v1749316896/nestjs_uploads/lc1jqjzblqshqho7eavx.jpg"
      ],
      "caption": "This is my first post",
      "location": null,
      "tags": [
      ],
      "isPublic": true,
      "likeCount": 0,
      "commentCount": 0,
      "sharedCount": 0,
      "createdAt": "2025-05-14T05:28:07.619Z",
      "updatedAt": "2025-06-07T17:21:37.389Z",
      "author": {
        "username": "ductrong",
        "profilePic": null
      },
      "_count": {
        "likes": 3,
        "comments": 0
      },
      "score": 0.006674831155325215,
      "isLike": true,
      "isToday": false,
      "isFollowing": false,
      "isSelf": false
    },
    {
      "id": "546e44ab-45c4-4412-83c9-4a2cd786d46f",
      "authorId": "08515b05-2d3e-4789-ad60-db35525a4970",
      "imageUrl": [
        "https://res.cloudinary.com/dizcvrefo/image/upload/v1749223872/nestjs_uploads/u1lkztc9gc8jfijtppib.jpg",
        "https://res.cloudinary.com/dizcvrefo/image/upload/v1749223872/nestjs_uploads/hvbjhzpqvpw9kjrejiko.jpg",
        "https://res.cloudinary.com/dizcvrefo/image/upload/v1749223872/nestjs_uploads/a9s8eujvzsy7sminvaaw.jpg",
        "https://res.cloudinary.com/dizcvrefo/image/upload/v1749223872/nestjs_uploads/l0darr6gsfvyaz3udhvr.jpg"
      ],
      "caption": "Th?i ti?t nóng nh? cái lò",
      "location": null,
      "tags": [
      ],
      "isPublic": true,
      "likeCount": 0,
      "commentCount": 0,
      "sharedCount": 0,
      "createdAt": "2025-06-06T15:31:13.422Z",
      "updatedAt": "2025-06-06T15:31:13.422Z",
      "author": {
        "username": "nam",
        "profilePic": "https://res.cloudinary.com/dizcvrefo/image/upload/v1749266646/nestjs_uploads/zk9zrpeidnovxibfqdxr.png"
      },
      "_count": {
        "likes": 1,
        "comments": 0
      },
      "score": 0.005937404375061682,
      "isLike": true,
      "isToday": false,
      "isFollowing": false,
      "isSelf": true
    },
    {
      "id": "d227a0c8-1c22-46cc-b7d2-4cdc49559d5a",
      "authorId": "08515b05-2d3e-4789-ad60-db35525a4970",
      "imageUrl": [
        "https://res.cloudinary.com/dizcvrefo/image/upload/v1749396710/nestjs_uploads/rbfbkt8z02milpnwumdf.jpg",
        "https://res.cloudinary.com/dizcvrefo/image/upload/v1749396710/nestjs_uploads/vgcadq2d5bc0n7ccenbd.jpg",
        "https://res.cloudinary.com/dizcvrefo/image/upload/v1749396710/nestjs_uploads/mnxecfqiyziizzhgvpkx.jpg",
        "https://res.cloudinary.com/dizcvrefo/image/upload/v1749396710/nestjs_uploads/ejjhcrbzulhtddkxenrb.jpg"
      ],
      "caption": "Qu?c t? thi?u nhi",
      "location": null,
      "tags": [
      ],
      "isPublic": true,
      "likeCount": 0,
      "commentCount": 0,
      "sharedCount": 0,
      "createdAt": "2025-06-08T15:31:52.624Z",
      "updatedAt": "2025-06-08T15:31:52.624Z",
      "author": {
        "username": "nam",
        "profilePic": "https://res.cloudinary.com/dizcvrefo/image/upload/v1749266646/nestjs_uploads/zk9zrpeidnovxibfqdxr.png"
      },
      "_count": {
        "likes": 0,
        "comments": 0
      },
      "score": 0,
      "isLike": false,
      "isToday": false,
      "isFollowing": false,
      "isSelf": true
    }
  ]
}


23:22:04.538 [main] INFO com.intuit.karate -- [print] Calling getPostsFeed API v?i bearerToken: eyJhbGciOiJIUzI1NiIsInR5cCI6IkpXVCJ9.eyJzdWIiOiIwODUxNWIwNS0yZDNlLTQ3ODktYWQ2MC1kYjM1NTI1YTQ5NzAiLCJ1c2VybmFtZSI6Im5hbSIsInJvbGUiOjAsImlhdCI6MTc1MDQzMzEyOCwiZXhwIjoxNzUwNDM2NzI4fQ.LLNWdGI7R_rFyU4cQg2wm-V3Jq9O_6TIXzyRgCE6Uf4 
23:22:04.539 [main] INFO com.intuit.karate -- [print] Query params: {
  "page": "1",
  "limit": "1000"
}
 
23:22:04.539 [main] INFO com.intuit.karate -- [print] Response status: 200 body: {
  "message": "Feed",
  "statusCode": 200,
  "status": "success",
  "data": [
    {
      "id": "007fcd52-ae77-4c58-988d-36ef78edc29b",
      "authorId": "dacf294e-491b-47ff-bd74-bfe5ddbfbdf9",
      "imageUrl": [
        "https://res.cloudinary.com/dizcvrefo/image/upload/v1748598131/nestjs_uploads/tsh3n10qz6mojbkiayhx.jpg",
        "https://res.cloudinary.com/dizcvrefo/image/upload/v1748598131/nestjs_uploads/no5fdmt60yg8li6gvwao.jpg",
        "https://res.cloudinary.com/dizcvrefo/image/upload/v1748598131/nestjs_uploads/lbn3umepxtqxjcw51mv0.jpg",
        "https://res.cloudinary.com/dizcvrefo/image/upload/v1748598131/nestjs_uploads/e4nufb9kmremurdaanw5.jpg",
        "https://res.cloudinary.com/dizcvrefo/image/upload/v1748598131/nestjs_uploads/pqwqj0gdwqfqqyct54hz.jpg",
        "https://res.cloudinary.com/dizcvrefo/image/upload/v1748598130/nestjs_uploads/dics8pfhps2jfskadthz.jpg"
      ],
      "caption": "Th? thao ?i?n t?",
      "location": null,
      "tags": [
      ],
      "isPublic": true,
      "likeCount": 0,
      "commentCount": 0,
      "sharedCount": 0,
      "createdAt": "2025-05-30T09:42:13.811Z",
      "updatedAt": "2025-05-30T09:42:13.811Z",
      "author": {
        "username": "chinh",
        "profilePic": "https://hebbkx1anhila5yf.public.blob.vercel-storage.com/image-hiZZ98WEvmBOkk3oAqffc3ReiwtEIO.png"
      },
      "_count": {
        "likes": 3,
        "comments": 0
      },
      "score": 0.021540578707882077,
      "isLike": true,
      "isToday": false,
      "isFollowing": true,
      "isSelf": false
    },
    {
      "id": "479ed759-3811-4b84-8141-bff184fae4b8",
      "authorId": "dacf294e-491b-47ff-bd74-bfe5ddbfbdf9",
      "imageUrl": [
        "https://res.cloudinary.com/dizcvrefo/image/upload/v1748596741/nestjs_uploads/g8vk3zn2rfop6caitmfb.jpg",
        "https://res.cloudinary.com/dizcvrefo/image/upload/v1748596741/nestjs_uploads/cqcspqsifpg0ndthyuax.jpg",
        "https://res.cloudinary.com/dizcvrefo/image/upload/v1748596741/nestjs_uploads/hc3svmdbfotscvcctfoq.jpg",
        "https://res.cloudinary.com/dizcvrefo/image/upload/v1748596742/nestjs_uploads/fxjvluy2vpyfuspukumf.jpg",
        "https://res.cloudinary.com/dizcvrefo/image/upload/v1748596741/nestjs_uploads/sb38euks3gzg5f92uiig.jpg"
      ],
      "caption": "Village",
      "location": null,
      "tags": [
      ],
      "isPublic": true,
      "likeCount": 0,
      "commentCount": 0,
      "sharedCount": 0,
      "createdAt": "2025-05-30T09:19:04.180Z",
      "updatedAt": "2025-05-30T09:19:04.180Z",
      "author": {
        "username": "chinh",
        "profilePic": "https://hebbkx1anhila5yf.public.blob.vercel-storage.com/image-hiZZ98WEvmBOkk3oAqffc3ReiwtEIO.png"
      },
      "_count": {
        "likes": 3,
        "comments": 0
      },
      "score": 0.021524308583073894,
      "isLike": true,
      "isToday": false,
      "isFollowing": true,
      "isSelf": false
    },
    {
      "id": "9ef01284-6f35-4f8a-9d58-3f5891acc766",
      "authorId": "dacf294e-491b-47ff-bd74-bfe5ddbfbdf9",
      "imageUrl": [
        "https://res.cloudinary.com/dizcvrefo/image/upload/v1748596489/nestjs_uploads/ue1yvhe1qzvlc2pmkjee.jpg",
        "https://res.cloudinary.com/dizcvrefo/image/upload/v1748596493/nestjs_uploads/bm3pcnpqmnppnsuq0pv9.jpg",
        "https://res.cloudinary.com/dizcvrefo/image/upload/v1748596489/nestjs_uploads/q6nipodzp1mdnpm1p13g.jpg",
        "https://res.cloudinary.com/dizcvrefo/image/upload/v1748596489/nestjs_uploads/icygr75zfmxk0ehqsnwo.jpg",
        "https://res.cloudinary.com/dizcvrefo/image/upload/v1748596489/nestjs_uploads/ghgd01xzcaxpra5httqg.jpg",
        "https://res.cloudinary.com/dizcvrefo/image/upload/v1748596489/nestjs_uploads/o53mpfip4l7dbjbd7wcw.jpg"
      ],
      "caption": "Nh?u",
      "location": null,
      "tags": [
      ],
      "isPublic": true,
      "likeCount": 0,
      "commentCount": 0,
      "sharedCount": 0,
      "createdAt": "2025-05-30T09:14:54.972Z",
      "updatedAt": "2025-05-30T09:14:54.972Z",
      "author": {
        "username": "chinh",
        "profilePic": "https://hebbkx1anhila5yf.public.blob.vercel-storage.com/image-hiZZ98WEvmBOkk3oAqffc3ReiwtEIO.png"
      },
      "_count": {
        "likes": 3,
        "comments": 0
      },
      "score": 0.021521393396267716,
      "isLike": true,
      "isToday": false,
      "isFollowing": true,
      "isSelf": false
    },
    {
      "id": "9c4e8842-ced5-492b-9423-890177a28564",
      "authorId": "2b84aa24-668a-40e2-af1c-ad4fc4fa5a6f",
      "imageUrl": [
        "https://res.cloudinary.com/dizcvrefo/image/upload/v1748659538/nestjs_uploads/n4mg888um8bynequtdtp.jpg",
        "https://res.cloudinary.com/dizcvrefo/image/upload/v1748659538/nestjs_uploads/mfqojpf1bufduxfh0j0n.jpg",
        "https://res.cloudinary.com/dizcvrefo/image/upload/v1748659538/nestjs_uploads/vx9qkwao5v4hdeqiplsp.jpg",
        "https://res.cloudinary.com/dizcvrefo/image/upload/v1748659538/nestjs_uploads/r2sv0p0echvnrwqxoswu.jpg"
      ],
      "caption": "Ha noi nay tro gio",
      "location": null,
      "tags": [
      ],
      "isPublic": true,
      "likeCount": 0,
      "commentCount": 0,
      "sharedCount": 0,
      "createdAt": "2025-05-31T02:45:39.688Z",
      "updatedAt": "2025-05-31T02:45:39.688Z",
      "author": {
        "username": "quang1",
        "profilePic": "https://res.cloudinary.com/dizcvrefo/image/upload/v1749027586/nestjs_uploads/xehairydt9rzlbmbmv4c.jpg"
      },
      "_count": {
        "likes": 2,
        "comments": 0
      },
      "score": 0.018233132447714413,
      "isLike": false,
      "isToday": false,
      "isFollowing": true,
      "isSelf": false
    },
    {
      "id": "e3f481cc-53c6-41c8-9a28-cd2f9c4f2f46",
      "authorId": "2b84aa24-668a-40e2-af1c-ad4fc4fa5a6f",
      "imageUrl": [
        "https://res.cloudinary.com/dizcvrefo/image/upload/v1749027663/nestjs_uploads/nuuktb6j4oy5jnuyt3ws.jpg",
        "https://res.cloudinary.com/dizcvrefo/image/upload/v1749027663/nestjs_uploads/aa03sao5n7bkhyhhrovx.jpg",
        "https://res.cloudinary.com/dizcvrefo/image/upload/v1749027663/nestjs_uploads/hic88kwvdqoltmqsueim.jpg",
        "https://res.cloudinary.com/dizcvrefo/image/upload/v1749027664/nestjs_uploads/hrnmt9e7g7pavf2fxwyw.png",
        "https://res.cloudinary.com/dizcvrefo/image/upload/v1749027664/nestjs_uploads/oxa2hbuxzj3lngjbubpf.jpg",
        "https://res.cloudinary.com/dizcvrefo/image/upload/v1749027663/nestjs_uploads/scrigmpzvmixwv9ddfnl.jpg",
        "https://res.cloudinary.com/dizcvrefo/image/upload/v1749027664/nestjs_uploads/wpnyt5jyz8lgj2bvprin.jpg"
      ],
      "caption": "Buon that, hom nay toi thi truot",
      "location": null,
      "tags": [
      ],
      "isPublic": true,
      "likeCount": 0,
      "commentCount": 0,
      "sharedCount": 0,
      "createdAt": "2025-06-04T09:01:06.391Z",
      "updatedAt": "2025-06-04T09:01:06.391Z",
      "author": {
        "username": "quang1",
        "profilePic": "https://res.cloudinary.com/dizcvrefo/image/upload/v1749027586/nestjs_uploads/xehairydt9rzlbmbmv4c.jpg"
      },
      "_count": {
        "likes": 1,
        "comments": 0
      },
      "score": 0.017886825709790766,
      "isLike": false,
      "isToday": false,
      "isFollowing": true,
      "isSelf": false
    },
    {
      "id": "c8151412-bc98-49ec-88ff-57b89cc2ce67",
      "authorId": "08515b05-2d3e-4789-ad60-db35525a4970",
      "imageUrl": [
        "https://res.cloudinary.com/dizcvrefo/image/upload/v1748933672/nestjs_uploads/rpehmvwkwptjktjzllxz.jpg",
        "https://res.cloudinary.com/dizcvrefo/image/upload/v1748933672/nestjs_uploads/xl8wce3gldsuaekfnfwo.jpg",
        "https://res.cloudinary.com/dizcvrefo/image/upload/v1748933671/nestjs_uploads/ee1ntt1feukxfszhma1b.jpg"
      ],
      "caption": "Moi di hom nay",
      "location": null,
      "tags": [
      ],
      "isPublic": true,
      "likeCount": 0,
      "commentCount": 0,
      "sharedCount": 0,
      "createdAt": "2025-06-03T06:54:33.756Z",
      "updatedAt": "2025-06-03T06:54:33.756Z",
      "author": {
        "username": "nam",
        "profilePic": "https://res.cloudinary.com/dizcvrefo/image/upload/v1749266646/nestjs_uploads/zk9zrpeidnovxibfqdxr.png"
      },
      "_count": {
        "likes": 3,
        "comments": 0
      },
      "score": 0.014372684473613158,
      "isLike": true,
      "isToday": false,
      "isFollowing": false,
      "isSelf": true
    },
    {
      "id": "45a2d709-c6c9-4887-9235-dbbd2d381827",
      "authorId": "08515b05-2d3e-4789-ad60-db35525a4970",
      "imageUrl": [
        "https://res.cloudinary.com/dizcvrefo/image/upload/v1748932129/nestjs_uploads/ecwyixgm9kf0zdng7bdp.png",
        "https://res.cloudinary.com/dizcvrefo/image/upload/v1748932129/nestjs_uploads/uhl3z1wamgjxl5o4vq1l.jpg",
        "https://res.cloudinary.com/dizcvrefo/image/upload/v1748932129/nestjs_uploads/pavlktzorkfcm5pp31io.jpg",
        "https://res.cloudinary.com/dizcvrefo/image/upload/v1748932129/nestjs_uploads/knew9jcdpmwaleoa6oov.jpg"
      ],
      "caption": "Di choi di anh em oi",
      "location": null,
      "tags": [
      ],
      "isPublic": true,
      "likeCount": 0,
      "commentCount": 0,
      "sharedCount": 0,
      "createdAt": "2025-06-03T06:28:51.322Z",
      "updatedAt": "2025-06-03T06:28:51.322Z",
      "author": {
        "username": "nam",
        "profilePic": "https://res.cloudinary.com/dizcvrefo/image/upload/v1749266646/nestjs_uploads/zk9zrpeidnovxibfqdxr.png"
      },
      "_count": {
        "likes": 3,
        "comments": 0
      },
      "score": 0.014357948354711032,
      "isLike": true,
      "isToday": false,
      "isFollowing": false,
      "isSelf": true
    },
    {
      "id": "bd9fb1fc-af49-4625-aa11-a458424d17ca",
      "authorId": "08515b05-2d3e-4789-ad60-db35525a4970",
      "imageUrl": [
        "https://res.cloudinary.com/dizcvrefo/image/upload/v1749400565/nestjs_uploads/srvf0b7b2fnsab8uqc8g.jpg",
        "https://res.cloudinary.com/dizcvrefo/image/upload/v1749400565/nestjs_uploads/u2gybzjxkewsxa1atyq4.jpg",
        "https://res.cloudinary.com/dizcvrefo/image/upload/v1749400565/nestjs_uploads/lottkkizhi1ngodzx4pp.jpg"
      ],
      "caption": "toi la NAM BO",
      "location": null,
      "tags": [
      ],
      "isPublic": true,
      "likeCount": 0,
      "commentCount": 0,
      "sharedCount": 0,
      "createdAt": "2025-06-08T16:36:04.450Z",
      "updatedAt": "2025-06-08T16:36:04.450Z",
      "author": {
        "username": "nam",
        "profilePic": "https://res.cloudinary.com/dizcvrefo/image/upload/v1749266646/nestjs_uploads/zk9zrpeidnovxibfqdxr.png"
      },
      "_count": {
        "likes": 2,
        "comments": 0
      },
      "score": 0.01390014949813496,
      "isLike": true,
      "isToday": false,
      "isFollowing": false,
      "isSelf": true
    },
    {
      "id": "8a0e35ce-0f39-4475-b2d2-15c217983926",
      "authorId": "08515b05-2d3e-4789-ad60-db35525a4970",
      "imageUrl": [
        "https://res.cloudinary.com/dizcvrefo/image/upload/v1748597950/nestjs_uploads/siabu4jmaf7nfak5xkgc.jpg",
        "https://res.cloudinary.com/dizcvrefo/image/upload/v1748597951/nestjs_uploads/bufde4typyni9j408ua4.jpg",
        "https://res.cloudinary.com/dizcvrefo/image/upload/v1748597951/nestjs_uploads/yk6tjdkirr4a7ons7iz5.jpg"
      ],
      "caption": "?n gì không",
      "location": null,
      "tags": [
      ],
      "isPublic": true,
      "likeCount": 0,
      "commentCount": 0,
      "sharedCount": 0,
      "createdAt": "2025-05-30T09:39:13.647Z",
      "updatedAt": "2025-05-30T09:39:13.647Z",
      "author": {
        "username": "nam",
        "profilePic": "https://res.cloudinary.com/dizcvrefo/image/upload/v1749266646/nestjs_uploads/zk9zrpeidnovxibfqdxr.png"
      },
      "_count": {
        "likes": 3,
        "comments": 0
      },
      "score": 0.01174825522799914,
      "isLike": true,
      "isToday": false,
      "isFollowing": false,
      "isSelf": true
    },
    {
      "id": "b96886bd-5f00-41af-a440-152f360f1657",
      "authorId": "08515b05-2d3e-4789-ad60-db35525a4970",
      "imageUrl": [
        "https://res.cloudinary.com/dizcvrefo/image/upload/v1748597371/nestjs_uploads/vce2gudp9o4mm4fn8xt0.jpg",
        "https://res.cloudinary.com/dizcvrefo/image/upload/v1748597372/nestjs_uploads/u691vkjqxrek1dv0wtbm.jpg",
        "https://res.cloudinary.com/dizcvrefo/image/upload/v1748597371/nestjs_uploads/feqbcopm8ge8maj3hu6k.jpg"
      ],
      "caption": "ok",
      "location": null,
      "tags": [
      ],
      "isPublic": true,
      "likeCount": 0,
      "commentCount": 0,
      "sharedCount": 0,
      "createdAt": "2025-05-30T09:29:34.405Z",
      "updatedAt": "2025-05-30T09:29:34.405Z",
      "author": {
        "username": "nam",
        "profilePic": "https://res.cloudinary.com/dizcvrefo/image/upload/v1749266646/nestjs_uploads/zk9zrpeidnovxibfqdxr.png"
      },
      "_count": {
        "likes": 3,
        "comments": 0
      },
      "score": 0.011744555104361284,
      "isLike": true,
      "isToday": false,
      "isFollowing": false,
      "isSelf": true
    },
    {
      "id": "d79e9a48-ca20-40fd-bb11-ed7302657db9",
      "authorId": "08515b05-2d3e-4789-ad60-db35525a4970",
      "imageUrl": [
        "https://res.cloudinary.com/dizcvrefo/image/upload/v1749382783/nestjs_uploads/buqh5wktqj3y5etgfxok.jpg",
        "https://res.cloudinary.com/dizcvrefo/image/upload/v1749382789/nestjs_uploads/wjm5idulrdjhv7yuc477.jpg",
        "https://res.cloudinary.com/dizcvrefo/image/upload/v1749382781/nestjs_uploads/ztoyccvbrahzxkbm7mxb.jpg",
        "https://res.cloudinary.com/dizcvrefo/image/upload/v1749383075/nestjs_uploads/yjbnpjozb3x4suirhe9d.jpg",
        "https://res.cloudinary.com/dizcvrefo/image/upload/v1749383076/nestjs_uploads/wurnhokpsyvvjg60iceu.jpg"
      ],
      "caption": "Hôm nay là th? 7 em thích ?i thích ?i vào bar u?ng ? ???",
      "location": null,
      "tags": [
      ],
      "isPublic": true,
      "likeCount": 0,
      "commentCount": 0,
      "sharedCount": 0,
      "createdAt": "2025-05-28T09:56:16.976Z",
      "updatedAt": "2025-06-08T11:44:37.991Z",
      "author": {
        "username": "nam",
        "profilePic": "https://res.cloudinary.com/dizcvrefo/image/upload/v1749266646/nestjs_uploads/zk9zrpeidnovxibfqdxr.png"
      },
      "_count": {
        "likes": 3,
        "comments": 0
      },
      "score": 0.010744410809105095,
      "isLike": true,
      "isToday": false,
      "isFollowing": false,
      "isSelf": true
    },
    {
      "id": "028cfac7-688b-4f4d-832d-1dd681b89e64",
      "authorId": "08515b05-2d3e-4789-ad60-db35525a4970",
      "imageUrl": [
        "https://res.cloudinary.com/dizcvrefo/image/upload/v1748964089/nestjs_uploads/r2x7j8rz3gfsze8o0fe7.jpg",
        "https://res.cloudinary.com/dizcvrefo/image/upload/v1748964089/nestjs_uploads/ebic5ju0e6btkxv2g526.jpg",
        "https://res.cloudinary.com/dizcvrefo/image/upload/v1748964089/nestjs_uploads/ngkhumq5qjehuoqmvxqv.jpg"
      ],
      "caption": "Di uong bia",
      "location": null,
      "tags": [
      ],
      "isPublic": true,
      "likeCount": 0,
      "commentCount": 0,
      "sharedCount": 0,
      "createdAt": "2025-06-03T15:21:31.678Z",
      "updatedAt": "2025-06-03T15:21:31.678Z",
      "author": {
        "username": "nam",
        "profilePic": "https://res.cloudinary.com/dizcvrefo/image/upload/v1749266646/nestjs_uploads/zk9zrpeidnovxibfqdxr.png"
      },
      "_count": {
        "likes": 2,
        "comments": 0
      },
      "score": 0.009779732889456251,
      "isLike": true,
      "isToday": false,
      "isFollowing": false,
      "isSelf": true
    },
    {
      "id": "7918bc4d-383d-462e-afab-91099bc69905",
      "authorId": "08515b05-2d3e-4789-ad60-db35525a4970",
      "imageUrl": [
        "https://res.cloudinary.com/dizcvrefo/image/upload/v1749449962/nestjs_uploads/h3loqo8k5fpmi2ipdtof.jpg"
      ],
      "caption": "??p trai thì m?i có nhi?u ??a yêu h? h?",
      "location": null,
      "tags": [
      ],
      "isPublic": true,
      "likeCount": 0,
      "commentCount": 0,
      "sharedCount": 0,
      "createdAt": "2025-06-09T06:19:23.318Z",
      "updatedAt": "2025-06-09T06:19:23.318Z",
      "author": {
        "username": "nam",
        "profilePic": "https://res.cloudinary.com/dizcvrefo/image/upload/v1749266646/nestjs_uploads/zk9zrpeidnovxibfqdxr.png"
      },
      "_count": {
        "likes": 1,
        "comments": 0
      },
      "score": 0.007298077306430655,
      "isLike": true,
      "isToday": false,
      "isFollowing": false,
      "isSelf": true
    },
    {
      "id": "0c10c426-3d53-443a-8155-39234544c693",
      "authorId": "08515b05-2d3e-4789-ad60-db35525a4970",
      "imageUrl": [
        "https://res.cloudinary.com/dizcvrefo/image/upload/v1749397668/nestjs_uploads/umpwoepazt6it2racqhe.webp",
        "https://res.cloudinary.com/dizcvrefo/image/upload/v1749397668/nestjs_uploads/hcj53nurl5lpudcfaz3f.webp",
        "https://res.cloudinary.com/dizcvrefo/image/upload/v1749397668/nestjs_uploads/qv1vfbg7k6lkeldhb7e3.webp",
        "https://res.cloudinary.com/dizcvrefo/image/upload/v1749397668/nestjs_uploads/c6ruaxtyahilompxxej9.webp"
      ],
      "caption": "Tr?i xanh mây tr?ng",
      "location": null,
      "tags": [
      ],
      "isPublic": true,
      "likeCount": 0,
      "commentCount": 0,
      "sharedCount": 0,
      "createdAt": "2025-06-08T15:47:50.242Z",
      "updatedAt": "2025-06-08T15:47:50.242Z",
      "author": {
        "username": "nam",
        "profilePic": "https://res.cloudinary.com/dizcvrefo/image/upload/v1749266646/nestjs_uploads/zk9zrpeidnovxibfqdxr.png"
      },
      "_count": {
        "likes": 1,
        "comments": 0
      },
      "score": 0.006930712108750798,
      "isLike": false,
      "isToday": false,
      "isFollowing": false,
      "isSelf": true
    },
    {
      "id": "d296ef84-ae0f-4d14-a91a-15dd66bc0dac",
      "authorId": "08515b05-2d3e-4789-ad60-db35525a4970",
      "imageUrl": [
        "https://res.cloudinary.com/dizcvrefo/image/upload/v1749397436/nestjs_uploads/w9d8ldmhonbzeenkcxpb.jpg",
        "https://res.cloudinary.com/dizcvrefo/image/upload/v1749397436/nestjs_uploads/g8xrn89xfaz4ssvslueo.jpg",
        "https://res.cloudinary.com/dizcvrefo/image/upload/v1749397436/nestjs_uploads/wggtlkgkwlcrmgrhskup.jpg"
      ],
      "caption": "??ng tìm nhau vào hôm gió m?a t?i b?i",
      "location": null,
      "tags": [
      ],
      "isPublic": true,
      "likeCount": 0,
      "commentCount": 0,
      "sharedCount": 0,
      "createdAt": "2025-06-08T15:43:57.895Z",
      "updatedAt": "2025-06-08T15:43:57.895Z",
      "author": {
        "username": "nam",
        "profilePic": "https://res.cloudinary.com/dizcvrefo/image/upload/v1749266646/nestjs_uploads/zk9zrpeidnovxibfqdxr.png"
      },
      "_count": {
        "likes": 1,
        "comments": 0
      },
      "score": 0.0069291623533112206,
      "isLike": true,
      "isToday": false,
      "isFollowing": false,
      "isSelf": true
    },
    {
      "id": "f1eae5ad-ef38-43e0-a9b8-1c1e0c2f6efd",
      "authorId": "08515b05-2d3e-4789-ad60-db35525a4970",
      "imageUrl": [
        "https://res.cloudinary.com/dizcvrefo/image/upload/v1749397189/nestjs_uploads/n24psljoc11kfpxrlozi.jpg",
        "https://res.cloudinary.com/dizcvrefo/image/upload/v1749397188/nestjs_uploads/ebdf0uii6p2yc3m30ruv.webp",
        "https://res.cloudinary.com/dizcvrefo/image/upload/v1749397188/nestjs_uploads/vrc16ao0luptsqlvep2z.webp"
      ],
      "caption": "Trong ??m gì ??p b?ng sen",
      "location": null,
      "tags": [
      ],
      "isPublic": true,
      "likeCount": 0,
      "commentCount": 0,
      "sharedCount": 0,
      "createdAt": "2025-06-08T15:39:50.851Z",
      "updatedAt": "2025-06-08T15:39:50.851Z",
      "author": {
        "username": "nam",
        "profilePic": "https://res.cloudinary.com/dizcvrefo/image/upload/v1749266646/nestjs_uploads/zk9zrpeidnovxibfqdxr.png"
      },
      "_count": {
        "likes": 1,
        "comments": 0
      },
      "score": 0.006927515328859544,
      "isLike": true,
      "isToday": false,
      "isFollowing": false,
      "isSelf": true
    },
    {
      "id": "52cfd912-292f-4fbf-9240-3000d608dcd4",
      "authorId": "e7b38cb7-6701-40d9-a3bd-f53fc4d43457",
      "imageUrl": [
        "https://res.cloudinary.com/dizcvrefo/image/upload/v1749316896/nestjs_uploads/lc1jqjzblqshqho7eavx.jpg"
      ],
      "caption": "This is my first post",
      "location": null,
      "tags": [
      ],
      "isPublic": true,
      "likeCount": 0,
      "commentCount": 0,
      "sharedCount": 0,
      "createdAt": "2025-05-14T05:28:07.619Z",
      "updatedAt": "2025-06-07T17:21:37.389Z",
      "author": {
        "username": "ductrong",
        "profilePic": null
      },
      "_count": {
        "likes": 3,
        "comments": 0
      },
      "score": 0.006674831155325215,
      "isLike": true,
      "isToday": false,
      "isFollowing": false,
      "isSelf": false
    },
    {
      "id": "546e44ab-45c4-4412-83c9-4a2cd786d46f",
      "authorId": "08515b05-2d3e-4789-ad60-db35525a4970",
      "imageUrl": [
        "https://res.cloudinary.com/dizcvrefo/image/upload/v1749223872/nestjs_uploads/u1lkztc9gc8jfijtppib.jpg",
        "https://res.cloudinary.com/dizcvrefo/image/upload/v1749223872/nestjs_uploads/hvbjhzpqvpw9kjrejiko.jpg",
        "https://res.cloudinary.com/dizcvrefo/image/upload/v1749223872/nestjs_uploads/a9s8eujvzsy7sminvaaw.jpg",
        "https://res.cloudinary.com/dizcvrefo/image/upload/v1749223872/nestjs_uploads/l0darr6gsfvyaz3udhvr.jpg"
      ],
      "caption": "Th?i ti?t nóng nh? cái lò",
      "location": null,
      "tags": [
      ],
      "isPublic": true,
      "likeCount": 0,
      "commentCount": 0,
      "sharedCount": 0,
      "createdAt": "2025-06-06T15:31:13.422Z",
      "updatedAt": "2025-06-06T15:31:13.422Z",
      "author": {
        "username": "nam",
        "profilePic": "https://res.cloudinary.com/dizcvrefo/image/upload/v1749266646/nestjs_uploads/zk9zrpeidnovxibfqdxr.png"
      },
      "_count": {
        "likes": 1,
        "comments": 0
      },
      "score": 0.005937404375061682,
      "isLike": true,
      "isToday": false,
      "isFollowing": false,
      "isSelf": true
    },
    {
      "id": "d227a0c8-1c22-46cc-b7d2-4cdc49559d5a",
      "authorId": "08515b05-2d3e-4789-ad60-db35525a4970",
      "imageUrl": [
        "https://res.cloudinary.com/dizcvrefo/image/upload/v1749396710/nestjs_uploads/rbfbkt8z02milpnwumdf.jpg",
        "https://res.cloudinary.com/dizcvrefo/image/upload/v1749396710/nestjs_uploads/vgcadq2d5bc0n7ccenbd.jpg",
        "https://res.cloudinary.com/dizcvrefo/image/upload/v1749396710/nestjs_uploads/mnxecfqiyziizzhgvpkx.jpg",
        "https://res.cloudinary.com/dizcvrefo/image/upload/v1749396710/nestjs_uploads/ejjhcrbzulhtddkxenrb.jpg"
      ],
      "caption": "Qu?c t? thi?u nhi",
      "location": null,
      "tags": [
      ],
      "isPublic": true,
      "likeCount": 0,
      "commentCount": 0,
      "sharedCount": 0,
      "createdAt": "2025-06-08T15:31:52.624Z",
      "updatedAt": "2025-06-08T15:31:52.624Z",
      "author": {
        "username": "nam",
        "profilePic": "https://res.cloudinary.com/dizcvrefo/image/upload/v1749266646/nestjs_uploads/zk9zrpeidnovxibfqdxr.png"
      },
      "_count": {
        "likes": 0,
        "comments": 0
      },
      "score": 0,
      "isLike": false,
      "isToday": false,
      "isFollowing": false,
      "isSelf": true
    }
  ]
}
 
23:22:04.551 [main] INFO com.intuit.karate -- STATUS MISMATCH - Expected: 400, Actual: 200 
23:22:04.551 [main] INFO com.intuit.karate -- Test Case Data: {
  "bearerToken": "",
  "page": "1",
  "limit": "1000",
  "testDescription": "Limit quá l?n (1000)",
  "expectedStatus": 400.0,
  "expectedResult": "{\"error\": \"Limit exceeds maximum allowed\"}",
  "responseStatus": "",
  "result": ""
}
 
23:22:04.551 [main] INFO com.intuit.karate -- Expected Status: 400.0 
23:22:04.551 [main] INFO com.intuit.karate -- Actual Status: 200 
23:22:04.551 [main] INFO com.intuit.karate -- Test case #11 - Status: 200, Result: {"message":"Feed","statusCode":200,"status":"success","data":[{"id":"007fcd52-ae77-4c58-988d-36ef78edc29b","authorId":"dacf294e-491b-47ff-bd74-bfe5ddbfbdf9","imageUrl":["https://res.cloudinary.com/dizcvrefo/image/upload/v1748598131/nestjs_uploads/tsh3n10qz6mojbkiayhx.jpg","https://res.cloudinary.com/dizcvrefo/image/upload/v1748598131/nestjs_uploads/no5fdmt60yg8li6gvwao.jpg","https://res.cloudinary.com/dizcvrefo/image/upload/v1748598131/nestjs_uploads/lbn3umepxtqxjcw51mv0.jpg","https://res.cloudinary.com/dizcvrefo/image/upload/v1748598131/nestjs_uploads/e4nufb9kmremurdaanw5.jpg","https://res.cloudinary.com/dizcvrefo/image/upload/v1748598131/nestjs_uploads/pqwqj0gdwqfqqyct54hz.jpg","https://res.cloudinary.com/dizcvrefo/image/upload/v1748598130/nestjs_uploads/dics8pfhps2jfskadthz.jpg"],"caption":"Th? thao ?i?n t?","location":null,"tags":[],"isPublic":true,"likeCount":0,"commentCount":0,"sharedCount":0,"createdAt":"2025-05-30T09:42:13.811Z","updatedAt":"2025-05-30T09:42:13.811Z","author":{"username":"chinh","profilePic":"https://hebbkx1anhila5yf.public.blob.vercel-storage.com/image-hiZZ98WEvmBOkk3oAqffc3ReiwtEIO.png"},"_count":{"likes":3,"comments":0},"score":0.021540578707882077,"isLike":true,"isToday":false,"isFollowing":true,"isSelf":false},{"id":"479ed759-3811-4b84-8141-bff184fae4b8","authorId":"dacf294e-491b-47ff-bd74-bfe5ddbfbdf9","imageUrl":["https://res.cloudinary.com/dizcvrefo/image/upload/v1748596741/nestjs_uploads/g8vk3zn2rfop6caitmfb.jpg","https://res.cloudinary.com/dizcvrefo/image/upload/v1748596741/nestjs_uploads/cqcspqsifpg0ndthyuax.jpg","https://res.cloudinary.com/dizcvrefo/image/upload/v1748596741/nestjs_uploads/hc3svmdbfotscvcctfoq.jpg","https://res.cloudinary.com/dizcvrefo/image/upload/v1748596742/nestjs_uploads/fxjvluy2vpyfuspukumf.jpg","https://res.cloudinary.com/dizcvrefo/image/upload/v1748596741/nestjs_uploads/sb38euks3gzg5f92uiig.jpg"],"caption":"Village","location":null,"tags":[],"isPublic":true,"likeCount":0,"commentCount":0,"sharedCount":0,"createdAt":"2025-05-30T09:19:04.180Z","updatedAt":"2025-05-30T09:19:04.180Z","author":{"username":"chinh","profilePic":"https://hebbkx1anhila5yf.public.blob.vercel-storage.com/image-hiZZ98WEvmBOkk3oAqffc3ReiwtEIO.png"},"_count":{"likes":3,"comments":0},"score":0.021524308583073894,"isLike":true,"isToday":false,"isFollowing":true,"isSelf":false},{"id":"9ef01284-6f35-4f8a-9d58-3f5891acc766","authorId":"dacf294e-491b-47ff-bd74-bfe5ddbfbdf9","imageUrl":["https://res.cloudinary.com/dizcvrefo/image/upload/v1748596489/nestjs_uploads/ue1yvhe1qzvlc2pmkjee.jpg","https://res.cloudinary.com/dizcvrefo/image/upload/v1748596493/nestjs_uploads/bm3pcnpqmnppnsuq0pv9.jpg","https://res.cloudinary.com/dizcvrefo/image/upload/v1748596489/nestjs_uploads/q6nipodzp1mdnpm1p13g.jpg","https://res.cloudinary.com/dizcvrefo/image/upload/v1748596489/nestjs_uploads/icygr75zfmxk0ehqsnwo.jpg","https://res.cloudinary.com/dizcvrefo/image/upload/v1748596489/nestjs_uploads/ghgd01xzcaxpra5httqg.jpg","https://res.cloudinary.com/dizcvrefo/image/upload/v1748596489/nestjs_uploads/o53mpfip4l7dbjbd7wcw.jpg"],"caption":"Nh?u","location":null,"tags":[],"isPublic":true,"likeCount":0,"commentCount":0,"sharedCount":0,"createdAt":"2025-05-30T09:14:54.972Z","updatedAt":"2025-05-30T09:14:54.972Z","author":{"username":"chinh","profilePic":"https://hebbkx1anhila5yf.public.blob.vercel-storage.com/image-hiZZ98WEvmBOkk3oAqffc3ReiwtEIO.png"},"_count":{"likes":3,"comments":0},"score":0.021521393396267716,"isLike":true,"isToday":false,"isFollowing":true,"isSelf":false},{"id":"9c4e8842-ced5-492b-9423-890177a28564","authorId":"2b84aa24-668a-40e2-af1c-ad4fc4fa5a6f","imageUrl":["https://res.cloudinary.com/dizcvrefo/image/upload/v1748659538/nestjs_uploads/n4mg888um8bynequtdtp.jpg","https://res.cloudinary.com/dizcvrefo/image/upload/v1748659538/nestjs_uploads/mfqojpf1bufduxfh0j0n.jpg","https://res.cloudinary.com/dizcvrefo/image/upload/v1748659538/nestjs_uploads/vx9qkwao5v4hdeqiplsp.jpg","https://res.cloudinary.com/dizcvrefo/image/upload/v1748659538/nestjs_uploads/r2sv0p0echvnrwqxoswu.jpg"],"caption":"Ha noi nay tro gio","location":null,"tags":[],"isPublic":true,"likeCount":0,"commentCount":0,"sharedCount":0,"createdAt":"2025-05-31T02:45:39.688Z","updatedAt":"2025-05-31T02:45:39.688Z","author":{"username":"quang1","profilePic":"https://res.cloudinary.com/dizcvrefo/image/upload/v1749027586/nestjs_uploads/xehairydt9rzlbmbmv4c.jpg"},"_count":{"likes":2,"comments":0},"score":0.018233132447714413,"isLike":false,"isToday":false,"isFollowing":true,"isSelf":false},{"id":"e3f481cc-53c6-41c8-9a28-cd2f9c4f2f46","authorId":"2b84aa24-668a-40e2-af1c-ad4fc4fa5a6f","imageUrl":["https://res.cloudinary.com/dizcvrefo/image/upload/v1749027663/nestjs_uploads/nuuktb6j4oy5jnuyt3ws.jpg","https://res.cloudinary.com/dizcvrefo/image/upload/v1749027663/nestjs_uploads/aa03sao5n7bkhyhhrovx.jpg","https://res.cloudinary.com/dizcvrefo/image/upload/v1749027663/nestjs_uploads/hic88kwvdqoltmqsueim.jpg","https://res.cloudinary.com/dizcvrefo/image/upload/v1749027664/nestjs_uploads/hrnmt9e7g7pavf2fxwyw.png","https://res.cloudinary.com/dizcvrefo/image/upload/v1749027664/nestjs_uploads/oxa2hbuxzj3lngjbubpf.jpg","https://res.cloudinary.com/dizcvrefo/image/upload/v1749027663/nestjs_uploads/scrigmpzvmixwv9ddfnl.jpg","https://res.cloudinary.com/dizcvrefo/image/upload/v1749027664/nestjs_uploads/wpnyt5jyz8lgj2bvprin.jpg"],"caption":"Buon that, hom nay toi thi truot","location":null,"tags":[],"isPublic":true,"likeCount":0,"commentCount":0,"sharedCount":0,"createdAt":"2025-06-04T09:01:06.391Z","updatedAt":"2025-06-04T09:01:06.391Z","author":{"username":"quang1","profilePic":"https://res.cloudinary.com/dizcvrefo/image/upload/v1749027586/nestjs_uploads/xehairydt9rzlbmbmv4c.jpg"},"_count":{"likes":1,"comments":0},"score":0.017886825709790766,"isLike":false,"isToday":false,"isFollowing":true,"isSelf":false},{"id":"c8151412-bc98-49ec-88ff-57b89cc2ce67","authorId":"08515b05-2d3e-4789-ad60-db35525a4970","imageUrl":["https://res.cloudinary.com/dizcvrefo/image/upload/v1748933672/nestjs_uploads/rpehmvwkwptjktjzllxz.jpg","https://res.cloudinary.com/dizcvrefo/image/upload/v1748933672/nestjs_uploads/xl8wce3gldsuaekfnfwo.jpg","https://res.cloudinary.com/dizcvrefo/image/upload/v1748933671/nestjs_uploads/ee1ntt1feukxfszhma1b.jpg"],"caption":"Moi di hom nay","location":null,"tags":[],"isPublic":true,"likeCount":0,"commentCount":0,"sharedCount":0,"createdAt":"2025-06-03T06:54:33.756Z","updatedAt":"2025-06-03T06:54:33.756Z","author":{"username":"nam","profilePic":"https://res.cloudinary.com/dizcvrefo/image/upload/v1749266646/nestjs_uploads/zk9zrpeidnovxibfqdxr.png"},"_count":{"likes":3,"comments":0},"score":0.014372684473613158,"isLike":true,"isToday":false,"isFollowing":false,"isSelf":true},{"id":"45a2d709-c6c9-4887-9235-dbbd2d381827","authorId":"08515b05-2d3e-4789-ad60-db35525a4970","imageUrl":["https://res.cloudinary.com/dizcvrefo/image/upload/v1748932129/nestjs_uploads/ecwyixgm9kf0zdng7bdp.png","https://res.cloudinary.com/dizcvrefo/image/upload/v1748932129/nestjs_uploads/uhl3z1wamgjxl5o4vq1l.jpg","https://res.cloudinary.com/dizcvrefo/image/upload/v1748932129/nestjs_uploads/pavlktzorkfcm5pp31io.jpg","https://res.cloudinary.com/dizcvrefo/image/upload/v1748932129/nestjs_uploads/knew9jcdpmwaleoa6oov.jpg"],"caption":"Di choi di anh em oi","location":null,"tags":[],"isPublic":true,"likeCount":0,"commentCount":0,"sharedCount":0,"createdAt":"2025-06-03T06:28:51.322Z","updatedAt":"2025-06-03T06:28:51.322Z","author":{"username":"nam","profilePic":"https://res.cloudinary.com/dizcvrefo/image/upload/v1749266646/nestjs_uploads/zk9zrpeidnovxibfqdxr.png"},"_count":{"likes":3,"comments":0},"score":0.014357948354711032,"isLike":true,"isToday":false,"isFollowing":false,"isSelf":true},{"id":"bd9fb1fc-af49-4625-aa11-a458424d17ca","authorId":"08515b05-2d3e-4789-ad60-db35525a4970","imageUrl":["https://res.cloudinary.com/dizcvrefo/image/upload/v1749400565/nestjs_uploads/srvf0b7b2fnsab8uqc8g.jpg","https://res.cloudinary.com/dizcvrefo/image/upload/v1749400565/nestjs_uploads/u2gybzjxkewsxa1atyq4.jpg","https://res.cloudinary.com/dizcvrefo/image/upload/v1749400565/nestjs_uploads/lottkkizhi1ngodzx4pp.jpg"],"caption":"toi la NAM BO","location":null,"tags":[],"isPublic":true,"likeCount":0,"commentCount":0,"sharedCount":0,"createdAt":"2025-06-08T16:36:04.450Z","updatedAt":"2025-06-08T16:36:04.450Z","author":{"username":"nam","profilePic":"https://res.cloudinary.com/dizcvrefo/image/upload/v1749266646/nestjs_uploads/zk9zrpeidnovxibfqdxr.png"},"_count":{"likes":2,"comments":0},"score":0.01390014949813496,"isLike":true,"isToday":false,"isFollowing":false,"isSelf":true},{"id":"8a0e35ce-0f39-4475-b2d2-15c217983926","authorId":"08515b05-2d3e-4789-ad60-db35525a4970","imageUrl":["https://res.cloudinary.com/dizcvrefo/image/upload/v1748597950/nestjs_uploads/siabu4jmaf7nfak5xkgc.jpg","https://res.cloudinary.com/dizcvrefo/image/upload/v1748597951/nestjs_uploads/bufde4typyni9j408ua4.jpg","https://res.cloudinary.com/dizcvrefo/image/upload/v1748597951/nestjs_uploads/yk6tjdkirr4a7ons7iz5.jpg"],"caption":"?n gì không","location":null,"tags":[],"isPublic":true,"likeCount":0,"commentCount":0,"sharedCount":0,"createdAt":"2025-05-30T09:39:13.647Z","updatedAt":"2025-05-30T09:39:13.647Z","author":{"username":"nam","profilePic":"https://res.cloudinary.com/dizcvrefo/image/upload/v1749266646/nestjs_uploads/zk9zrpeidnovxibfqdxr.png"},"_count":{"likes":3,"comments":0},"score":0.01174825522799914,"isLike":true,"isToday":false,"isFollowing":false,"isSelf":true},{"id":"b96886bd-5f00-41af-a440-152f360f1657","authorId":"08515b05-2d3e-4789-ad60-db35525a4970","imageUrl":["https://res.cloudinary.com/dizcvrefo/image/upload/v1748597371/nestjs_uploads/vce2gudp9o4mm4fn8xt0.jpg","https://res.cloudinary.com/dizcvrefo/image/upload/v1748597372/nestjs_uploads/u691vkjqxrek1dv0wtbm.jpg","https://res.cloudinary.com/dizcvrefo/image/upload/v1748597371/nestjs_uploads/feqbcopm8ge8maj3hu6k.jpg"],"caption":"ok","location":null,"tags":[],"isPublic":true,"likeCount":0,"commentCount":0,"sharedCount":0,"createdAt":"2025-05-30T09:29:34.405Z","updatedAt":"2025-05-30T09:29:34.405Z","author":{"username":"nam","profilePic":"https://res.cloudinary.com/dizcvrefo/image/upload/v1749266646/nestjs_uploads/zk9zrpeidnovxibfqdxr.png"},"_count":{"likes":3,"comments":0},"score":0.011744555104361284,"isLike":true,"isToday":false,"isFollowing":false,"isSelf":true},{"id":"d79e9a48-ca20-40fd-bb11-ed7302657db9","authorId":"08515b05-2d3e-4789-ad60-db35525a4970","imageUrl":["https://res.cloudinary.com/dizcvrefo/image/upload/v1749382783/nestjs_uploads/buqh5wktqj3y5etgfxok.jpg","https://res.cloudinary.com/dizcvrefo/image/upload/v1749382789/nestjs_uploads/wjm5idulrdjhv7yuc477.jpg","https://res.cloudinary.com/dizcvrefo/image/upload/v1749382781/nestjs_uploads/ztoyccvbrahzxkbm7mxb.jpg","https://res.cloudinary.com/dizcvrefo/image/upload/v1749383075/nestjs_uploads/yjbnpjozb3x4suirhe9d.jpg","https://res.cloudinary.com/dizcvrefo/image/upload/v1749383076/nestjs_uploads/wurnhokpsyvvjg60iceu.jpg"],"caption":"Hôm nay là th? 7 em thích ?i thích ?i vào bar u?ng ? ???","location":null,"tags":[],"isPublic":true,"likeCount":0,"commentCount":0,"sharedCount":0,"createdAt":"2025-05-28T09:56:16.976Z","updatedAt":"2025-06-08T11:44:37.991Z","author":{"username":"nam","profilePic":"https://res.cloudinary.com/dizcvrefo/image/upload/v1749266646/nestjs_uploads/zk9zrpeidnovxibfqdxr.png"},"_count":{"likes":3,"comments":0},"score":0.010744410809105095,"isLike":true,"isToday":false,"isFollowing":false,"isSelf":true},{"id":"028cfac7-688b-4f4d-832d-1dd681b89e64","authorId":"08515b05-2d3e-4789-ad60-db35525a4970","imageUrl":["https://res.cloudinary.com/dizcvrefo/image/upload/v1748964089/nestjs_uploads/r2x7j8rz3gfsze8o0fe7.jpg","https://res.cloudinary.com/dizcvrefo/image/upload/v1748964089/nestjs_uploads/ebic5ju0e6btkxv2g526.jpg","https://res.cloudinary.com/dizcvrefo/image/upload/v1748964089/nestjs_uploads/ngkhumq5qjehuoqmvxqv.jpg"],"caption":"Di uong bia","location":null,"tags":[],"isPublic":true,"likeCount":0,"commentCount":0,"sharedCount":0,"createdAt":"2025-06-03T15:21:31.678Z","updatedAt":"2025-06-03T15:21:31.678Z","author":{"username":"nam","profilePic":"https://res.cloudinary.com/dizcvrefo/image/upload/v1749266646/nestjs_uploads/zk9zrpeidnovxibfqdxr.png"},"_count":{"likes":2,"comments":0},"score":0.009779732889456251,"isLike":true,"isToday":false,"isFollowing":false,"isSelf":true},{"id":"7918bc4d-383d-462e-afab-91099bc69905","authorId":"08515b05-2d3e-4789-ad60-db35525a4970","imageUrl":["https://res.cloudinary.com/dizcvrefo/image/upload/v1749449962/nestjs_uploads/h3loqo8k5fpmi2ipdtof.jpg"],"caption":"??p trai thì m?i có nhi?u ??a yêu h? h?","location":null,"tags":[],"isPublic":true,"likeCount":0,"commentCount":0,"sharedCount":0,"createdAt":"2025-06-09T06:19:23.318Z","updatedAt":"2025-06-09T06:19:23.318Z","author":{"username":"nam","profilePic":"https://res.cloudinary.com/dizcvrefo/image/upload/v1749266646/nestjs_uploads/zk9zrpeidnovxibfqdxr.png"},"_count":{"likes":1,"comments":0},"score":0.007298077306430655,"isLike":true,"isToday":false,"isFollowing":false,"isSelf":true},{"id":"0c10c426-3d53-443a-8155-39234544c693","authorId":"08515b05-2d3e-4789-ad60-db35525a4970","imageUrl":["https://res.cloudinary.com/dizcvrefo/image/upload/v1749397668/nestjs_uploads/umpwoepazt6it2racqhe.webp","https://res.cloudinary.com/dizcvrefo/image/upload/v1749397668/nestjs_uploads/hcj53nurl5lpudcfaz3f.webp","https://res.cloudinary.com/dizcvrefo/image/upload/v1749397668/nestjs_uploads/qv1vfbg7k6lkeldhb7e3.webp","https://res.cloudinary.com/dizcvrefo/image/upload/v1749397668/nestjs_uploads/c6ruaxtyahilompxxej9.webp"],"caption":"Tr?i xanh mây tr?ng","location":null,"tags":[],"isPublic":true,"likeCount":0,"commentCount":0,"sharedCount":0,"createdAt":"2025-06-08T15:47:50.242Z","updatedAt":"2025-06-08T15:47:50.242Z","author":{"username":"nam","profilePic":"https://res.cloudinary.com/dizcvrefo/image/upload/v1749266646/nestjs_uploads/zk9zrpeidnovxibfqdxr.png"},"_count":{"likes":1,"comments":0},"score":0.006930712108750798,"isLike":false,"isToday":false,"isFollowing":false,"isSelf":true},{"id":"d296ef84-ae0f-4d14-a91a-15dd66bc0dac","authorId":"08515b05-2d3e-4789-ad60-db35525a4970","imageUrl":["https://res.cloudinary.com/dizcvrefo/image/upload/v1749397436/nestjs_uploads/w9d8ldmhonbzeenkcxpb.jpg","https://res.cloudinary.com/dizcvrefo/image/upload/v1749397436/nestjs_uploads/g8xrn89xfaz4ssvslueo.jpg","https://res.cloudinary.com/dizcvrefo/image/upload/v1749397436/nestjs_uploads/wggtlkgkwlcrmgrhskup.jpg"],"caption":"??ng tìm nhau vào hôm gió m?a t?i b?i","location":null,"tags":[],"isPublic":true,"likeCount":0,"commentCount":0,"sharedCount":0,"createdAt":"2025-06-08T15:43:57.895Z","updatedAt":"2025-06-08T15:43:57.895Z","author":{"username":"nam","profilePic":"https://res.cloudinary.com/dizcvrefo/image/upload/v1749266646/nestjs_uploads/zk9zrpeidnovxibfqdxr.png"},"_count":{"likes":1,"comments":0},"score":0.0069291623533112206,"isLike":true,"isToday":false,"isFollowing":false,"isSelf":true},{"id":"f1eae5ad-ef38-43e0-a9b8-1c1e0c2f6efd","authorId":"08515b05-2d3e-4789-ad60-db35525a4970","imageUrl":["https://res.cloudinary.com/dizcvrefo/image/upload/v1749397189/nestjs_uploads/n24psljoc11kfpxrlozi.jpg","https://res.cloudinary.com/dizcvrefo/image/upload/v1749397188/nestjs_uploads/ebdf0uii6p2yc3m30ruv.webp","https://res.cloudinary.com/dizcvrefo/image/upload/v1749397188/nestjs_uploads/vrc16ao0luptsqlvep2z.webp"],"caption":"Trong ??m gì ??p b?ng sen","location":null,"tags":[],"isPublic":true,"likeCount":0,"commentCount":0,"sharedCount":0,"createdAt":"2025-06-08T15:39:50.851Z","updatedAt":"2025-06-08T15:39:50.851Z","author":{"username":"nam","profilePic":"https://res.cloudinary.com/dizcvrefo/image/upload/v1749266646/nestjs_uploads/zk9zrpeidnovxibfqdxr.png"},"_count":{"likes":1,"comments":0},"score":0.006927515328859544,"isLike":true,"isToday":false,"isFollowing":false,"isSelf":true},{"id":"52cfd912-292f-4fbf-9240-3000d608dcd4","authorId":"e7b38cb7-6701-40d9-a3bd-f53fc4d43457","imageUrl":["https://res.cloudinary.com/dizcvrefo/image/upload/v1749316896/nestjs_uploads/lc1jqjzblqshqho7eavx.jpg"],"caption":"This is my first post","location":null,"tags":[],"isPublic":true,"likeCount":0,"commentCount":0,"sharedCount":0,"createdAt":"2025-05-14T05:28:07.619Z","updatedAt":"2025-06-07T17:21:37.389Z","author":{"username":"ductrong","profilePic":null},"_count":{"likes":3,"comments":0},"score":0.006674831155325215,"isLike":true,"isToday":false,"isFollowing":false,"isSelf":false},{"id":"546e44ab-45c4-4412-83c9-4a2cd786d46f","authorId":"08515b05-2d3e-4789-ad60-db35525a4970","imageUrl":["https://res.cloudinary.com/dizcvrefo/image/upload/v1749223872/nestjs_uploads/u1lkztc9gc8jfijtppib.jpg","https://res.cloudinary.com/dizcvrefo/image/upload/v1749223872/nestjs_uploads/hvbjhzpqvpw9kjrejiko.jpg","https://res.cloudinary.com/dizcvrefo/image/upload/v1749223872/nestjs_uploads/a9s8eujvzsy7sminvaaw.jpg","https://res.cloudinary.com/dizcvrefo/image/upload/v1749223872/nestjs_uploads/l0darr6gsfvyaz3udhvr.jpg"],"caption":"Th?i ti?t nóng nh? cái lò","location":null,"tags":[],"isPublic":true,"likeCount":0,"commentCount":0,"sharedCount":0,"createdAt":"2025-06-06T15:31:13.422Z","updatedAt":"2025-06-06T15:31:13.422Z","author":{"username":"nam","profilePic":"https://res.cloudinary.com/dizcvrefo/image/upload/v1749266646/nestjs_uploads/zk9zrpeidnovxibfqdxr.png"},"_count":{"likes":1,"comments":0},"score":0.005937404375061682,"isLike":true,"isToday":false,"isFollowing":false,"isSelf":true},{"id":"d227a0c8-1c22-46cc-b7d2-4cdc49559d5a","authorId":"08515b05-2d3e-4789-ad60-db35525a4970","imageUrl":["https://res.cloudinary.com/dizcvrefo/image/upload/v1749396710/nestjs_uploads/rbfbkt8z02milpnwumdf.jpg","https://res.cloudinary.com/dizcvrefo/image/upload/v1749396710/nestjs_uploads/vgcadq2d5bc0n7ccenbd.jpg","https://res.cloudinary.com/dizcvrefo/image/upload/v1749396710/nestjs_uploads/mnxecfqiyziizzhgvpkx.jpg","https://res.cloudinary.com/dizcvrefo/image/upload/v1749396710/nestjs_uploads/ejjhcrbzulhtddkxenrb.jpg"],"caption":"Qu?c t? thi?u nhi","location":null,"tags":[],"isPublic":true,"likeCount":0,"commentCount":0,"sharedCount":0,"createdAt":"2025-06-08T15:31:52.624Z","updatedAt":"2025-06-08T15:31:52.624Z","author":{"username":"nam","profilePic":"https://res.cloudinary.com/dizcvrefo/image/upload/v1749266646/nestjs_uploads/zk9zrpeidnovxibfqdxr.png"},"_count":{"likes":0,"comments":0},"score":0,"isLike":false,"isToday":false,"isFollowing":false,"isSelf":true}]} 
23:22:04.552 [main] INFO com.intuit.karate -- ?ang ch?y test case #12: Page r?t l?n (9999) - không có d? li?u 
23:22:04.552 [main] INFO com.intuit.karate -- S? d?ng global bearer token t? config: eyJhbGciOiJIUzI1NiIsInR5cCI6IkpXVCJ9.eyJzdWIiOiIwODUxNWIwNS0yZDNlLTQ3ODktYWQ2MC1kYjM1NTI1YTQ5NzAiLCJ1c2VybmFtZSI6Im5hbSIsInJvbGUiOjAsImlhdCI6MTc1MDQzMzEyOCwiZXhwIjoxNzUwNDM2NzI4fQ.LLNWdGI7R_rFyU4cQg2wm-V3Jq9O_6TIXzyRgCE6Uf4 
23:22:04.557 [main] INFO com.intuit.karate -- karate.env system property was: null 
23:22:04.559 [main] DEBUG com.jayway.jsonpath.internal.path.CompiledPath -- Evaluating path: $
23:22:04.559 [main] DEBUG com.jayway.jsonpath.internal.path.CompiledPath -- Evaluating path: $
23:22:04.560 [main] DEBUG org.apache.http.client.protocol.RequestAddCookies -- CookieSpec selected: karate
23:22:04.560 [main] DEBUG org.apache.http.client.protocol.RequestAuthCache -- Auth cache not set in the context
23:22:04.560 [main] DEBUG com.intuit.karate -- request:
1 > GET http://localhost:3000/posts/feed?limit=10&page=9999
1 > Authorization: Bearer eyJhbGciOiJIUzI1NiIsInR5cCI6IkpXVCJ9.eyJzdWIiOiIwODUxNWIwNS0yZDNlLTQ3ODktYWQ2MC1kYjM1NTI1YTQ5NzAiLCJ1c2VybmFtZSI6Im5hbSIsInJvbGUiOjAsImlhdCI6MTc1MDQzMzEyOCwiZXhwIjoxNzUwNDM2NzI4fQ.LLNWdGI7R_rFyU4cQg2wm-V3Jq9O_6TIXzyRgCE6Uf4
1 > Host: localhost:3000
1 > Connection: Keep-Alive
1 > User-Agent: Apache-HttpClient/4.5.14 (Java/17.0.9)
1 > Accept-Encoding: gzip,deflate


23:22:04.562 [main] DEBUG org.apache.http.impl.conn.PoolingHttpClientConnectionManager -- Connection request: [route: {}->http://localhost:3000][total available: 0; route allocated: 0 of 5; total allocated: 0 of 10]
23:22:04.562 [main] DEBUG org.apache.http.impl.conn.PoolingHttpClientConnectionManager -- Connection leased: [id: 11][route: {}->http://localhost:3000][total available: 0; route allocated: 1 of 5; total allocated: 1 of 10]
23:22:04.562 [main] DEBUG org.apache.http.impl.execchain.MainClientExec -- Opening connection {}->http://localhost:3000
23:22:04.562 [main] DEBUG org.apache.http.impl.conn.DefaultHttpClientConnectionOperator -- Connecting to localhost/127.0.0.1:3000
23:22:04.562 [main] DEBUG org.apache.http.impl.conn.DefaultHttpClientConnectionOperator -- Connection established 127.0.0.1:64610<->127.0.0.1:3000
23:22:04.562 [main] DEBUG org.apache.http.impl.conn.DefaultManagedHttpClientConnection -- http-outgoing-11: set socket timeout to 5000
23:22:04.562 [main] DEBUG org.apache.http.impl.execchain.MainClientExec -- Executing request GET /posts/feed?limit=10&page=9999 HTTP/1.1
23:22:04.563 [main] DEBUG org.apache.http.impl.execchain.MainClientExec -- Proxy auth state: UNCHALLENGED
23:22:04.563 [main] DEBUG org.apache.http.headers -- http-outgoing-11 >> GET /posts/feed?limit=10&page=9999 HTTP/1.1
23:22:04.563 [main] DEBUG org.apache.http.headers -- http-outgoing-11 >> Authorization: Bearer eyJhbGciOiJIUzI1NiIsInR5cCI6IkpXVCJ9.eyJzdWIiOiIwODUxNWIwNS0yZDNlLTQ3ODktYWQ2MC1kYjM1NTI1YTQ5NzAiLCJ1c2VybmFtZSI6Im5hbSIsInJvbGUiOjAsImlhdCI6MTc1MDQzMzEyOCwiZXhwIjoxNzUwNDM2NzI4fQ.LLNWdGI7R_rFyU4cQg2wm-V3Jq9O_6TIXzyRgCE6Uf4
23:22:04.563 [main] DEBUG org.apache.http.headers -- http-outgoing-11 >> Host: localhost:3000
23:22:04.563 [main] DEBUG org.apache.http.headers -- http-outgoing-11 >> Connection: Keep-Alive
23:22:04.563 [main] DEBUG org.apache.http.headers -- http-outgoing-11 >> User-Agent: Apache-HttpClient/4.5.14 (Java/17.0.9)
23:22:04.563 [main] DEBUG org.apache.http.headers -- http-outgoing-11 >> Accept-Encoding: gzip,deflate
23:22:04.563 [main] DEBUG org.apache.http.wire -- http-outgoing-11 >> "GET /posts/feed?limit=10&page=9999 HTTP/1.1[\r][\n]"
23:22:04.563 [main] DEBUG org.apache.http.wire -- http-outgoing-11 >> "Authorization: Bearer eyJhbGciOiJIUzI1NiIsInR5cCI6IkpXVCJ9.eyJzdWIiOiIwODUxNWIwNS0yZDNlLTQ3ODktYWQ2MC1kYjM1NTI1YTQ5NzAiLCJ1c2VybmFtZSI6Im5hbSIsInJvbGUiOjAsImlhdCI6MTc1MDQzMzEyOCwiZXhwIjoxNzUwNDM2NzI4fQ.LLNWdGI7R_rFyU4cQg2wm-V3Jq9O_6TIXzyRgCE6Uf4[\r][\n]"
23:22:04.563 [main] DEBUG org.apache.http.wire -- http-outgoing-11 >> "Host: localhost:3000[\r][\n]"
23:22:04.563 [main] DEBUG org.apache.http.wire -- http-outgoing-11 >> "Connection: Keep-Alive[\r][\n]"
23:22:04.563 [main] DEBUG org.apache.http.wire -- http-outgoing-11 >> "User-Agent: Apache-HttpClient/4.5.14 (Java/17.0.9)[\r][\n]"
23:22:04.563 [main] DEBUG org.apache.http.wire -- http-outgoing-11 >> "Accept-Encoding: gzip,deflate[\r][\n]"
23:22:04.563 [main] DEBUG org.apache.http.wire -- http-outgoing-11 >> "[\r][\n]"
23:22:04.719 [main] DEBUG org.apache.http.wire -- http-outgoing-11 << "HTTP/1.1 200 OK[\r][\n]"
23:22:04.719 [main] DEBUG org.apache.http.wire -- http-outgoing-11 << "X-Powered-By: Express[\r][\n]"
23:22:04.719 [main] DEBUG org.apache.http.wire -- http-outgoing-11 << "Access-Control-Allow-Origin: *[\r][\n]"
23:22:04.719 [main] DEBUG org.apache.http.wire -- http-outgoing-11 << "Content-Type: application/json; charset=utf-8[\r][\n]"
23:22:04.719 [main] DEBUG org.apache.http.wire -- http-outgoing-11 << "Content-Length: 64[\r][\n]"
23:22:04.719 [main] DEBUG org.apache.http.wire -- http-outgoing-11 << "ETag: W/"40-QKGrNuSvhxBhDWq7IF5CIJDpZK4"[\r][\n]"
23:22:04.719 [main] DEBUG org.apache.http.wire -- http-outgoing-11 << "Date: Fri, 20 Jun 2025 16:22:04 GMT[\r][\n]"
23:22:04.719 [main] DEBUG org.apache.http.wire -- http-outgoing-11 << "Connection: keep-alive[\r][\n]"
23:22:04.719 [main] DEBUG org.apache.http.wire -- http-outgoing-11 << "Keep-Alive: timeout=5[\r][\n]"
23:22:04.719 [main] DEBUG org.apache.http.wire -- http-outgoing-11 << "[\r][\n]"
23:22:04.719 [main] DEBUG org.apache.http.wire -- http-outgoing-11 << "{"message":"Feed","statusCode":200,"status":"success","data":[]}"
23:22:04.720 [main] DEBUG org.apache.http.headers -- http-outgoing-11 << HTTP/1.1 200 OK
23:22:04.720 [main] DEBUG org.apache.http.headers -- http-outgoing-11 << X-Powered-By: Express
23:22:04.720 [main] DEBUG org.apache.http.headers -- http-outgoing-11 << Access-Control-Allow-Origin: *
23:22:04.720 [main] DEBUG org.apache.http.headers -- http-outgoing-11 << Content-Type: application/json; charset=utf-8
23:22:04.720 [main] DEBUG org.apache.http.headers -- http-outgoing-11 << Content-Length: 64
23:22:04.720 [main] DEBUG org.apache.http.headers -- http-outgoing-11 << ETag: W/"40-QKGrNuSvhxBhDWq7IF5CIJDpZK4"
23:22:04.720 [main] DEBUG org.apache.http.headers -- http-outgoing-11 << Date: Fri, 20 Jun 2025 16:22:04 GMT
23:22:04.720 [main] DEBUG org.apache.http.headers -- http-outgoing-11 << Connection: keep-alive
23:22:04.720 [main] DEBUG org.apache.http.headers -- http-outgoing-11 << Keep-Alive: timeout=5
23:22:04.720 [main] DEBUG org.apache.http.impl.execchain.MainClientExec -- Connection can be kept alive for 5000 MILLISECONDS
23:22:04.720 [main] DEBUG org.apache.http.impl.conn.PoolingHttpClientConnectionManager -- Connection [id: 11][route: {}->http://localhost:3000] can be kept alive for 5.0 seconds
23:22:04.720 [main] DEBUG org.apache.http.impl.conn.DefaultManagedHttpClientConnection -- http-outgoing-11: set socket timeout to 0
23:22:04.720 [main] DEBUG org.apache.http.impl.conn.PoolingHttpClientConnectionManager -- Connection released: [id: 11][route: {}->http://localhost:3000][total available: 1; route allocated: 1 of 5; total allocated: 1 of 10]
23:22:04.720 [main] DEBUG org.apache.http.impl.conn.PoolingHttpClientConnectionManager -- Connection manager is shutting down
23:22:04.720 [main] DEBUG org.apache.http.impl.conn.DefaultManagedHttpClientConnection -- http-outgoing-11: Close connection
23:22:04.720 [main] DEBUG org.apache.http.impl.conn.PoolingHttpClientConnectionManager -- Connection manager shut down
23:22:04.720 [main] DEBUG com.intuit.karate -- response time in milliseconds: 158
1 < 200
1 < X-Powered-By: Express
1 < Access-Control-Allow-Origin: *
1 < Content-Type: application/json; charset=utf-8
1 < Content-Length: 64
1 < ETag: W/"40-QKGrNuSvhxBhDWq7IF5CIJDpZK4"
1 < Date: Fri, 20 Jun 2025 16:22:04 GMT
1 < Connection: keep-alive
1 < Keep-Alive: timeout=5
{
  "message": "Feed",
  "statusCode": 200,
  "status": "success",
  "data": [
  ]
}


23:22:04.723 [main] INFO com.intuit.karate -- [print] Calling getPostsFeed API v?i bearerToken: eyJhbGciOiJIUzI1NiIsInR5cCI6IkpXVCJ9.eyJzdWIiOiIwODUxNWIwNS0yZDNlLTQ3ODktYWQ2MC1kYjM1NTI1YTQ5NzAiLCJ1c2VybmFtZSI6Im5hbSIsInJvbGUiOjAsImlhdCI6MTc1MDQzMzEyOCwiZXhwIjoxNzUwNDM2NzI4fQ.LLNWdGI7R_rFyU4cQg2wm-V3Jq9O_6TIXzyRgCE6Uf4 
23:22:04.723 [main] INFO com.intuit.karate -- [print] Query params: {
  "page": "9999",
  "limit": "10"
}
 
23:22:04.723 [main] INFO com.intuit.karate -- [print] Response status: 200 body: {
  "message": "Feed",
  "statusCode": 200,
  "status": "success",
  "data": [
  ]
}
 
23:22:04.724 [main] INFO com.intuit.karate -- Test Case Data: {
  "bearerToken": "",
  "page": "9999",
  "limit": "10",
  "testDescription": "Page r?t l?n (9999) - không có d? li?u",
  "expectedStatus": 200.0,
  "expectedResult": "{\"message\": \"Feed\", \"statusCode\": 200, \"status\": \"success\", \"data\": []}",
  "responseStatus": "",
  "result": ""
}
 
23:22:04.724 [main] INFO com.intuit.karate -- Expected Status: 200.0 
23:22:04.724 [main] INFO com.intuit.karate -- Actual Status: 200 
23:22:04.724 [main] INFO com.intuit.karate -- Test case #12 - Status: 200, Result: {"message":"Feed","statusCode":200,"status":"success","data":[]} 
23:22:04.724 [main] INFO com.intuit.karate -- ?ang ch?y test case #13: Ki?m tra SQL Injection trong page 
23:22:04.725 [main] INFO com.intuit.karate -- S? d?ng global bearer token t? config: eyJhbGciOiJIUzI1NiIsInR5cCI6IkpXVCJ9.eyJzdWIiOiIwODUxNWIwNS0yZDNlLTQ3ODktYWQ2MC1kYjM1NTI1YTQ5NzAiLCJ1c2VybmFtZSI6Im5hbSIsInJvbGUiOjAsImlhdCI6MTc1MDQzMzEyOCwiZXhwIjoxNzUwNDM2NzI4fQ.LLNWdGI7R_rFyU4cQg2wm-V3Jq9O_6TIXzyRgCE6Uf4 
23:22:04.728 [main] INFO com.intuit.karate -- karate.env system property was: null 
23:22:04.729 [main] DEBUG com.jayway.jsonpath.internal.path.CompiledPath -- Evaluating path: $
23:22:04.729 [main] DEBUG com.jayway.jsonpath.internal.path.CompiledPath -- Evaluating path: $
23:22:04.731 [main] DEBUG org.apache.http.client.protocol.RequestAddCookies -- CookieSpec selected: karate
23:22:04.731 [main] DEBUG org.apache.http.client.protocol.RequestAuthCache -- Auth cache not set in the context
23:22:04.731 [main] DEBUG com.intuit.karate -- request:
1 > GET http://localhost:3000/posts/feed?limit=10&page=1%27+OR+%271%27%3D%271
1 > Authorization: Bearer eyJhbGciOiJIUzI1NiIsInR5cCI6IkpXVCJ9.eyJzdWIiOiIwODUxNWIwNS0yZDNlLTQ3ODktYWQ2MC1kYjM1NTI1YTQ5NzAiLCJ1c2VybmFtZSI6Im5hbSIsInJvbGUiOjAsImlhdCI6MTc1MDQzMzEyOCwiZXhwIjoxNzUwNDM2NzI4fQ.LLNWdGI7R_rFyU4cQg2wm-V3Jq9O_6TIXzyRgCE6Uf4
1 > Host: localhost:3000
1 > Connection: Keep-Alive
1 > User-Agent: Apache-HttpClient/4.5.14 (Java/17.0.9)
1 > Accept-Encoding: gzip,deflate


23:22:04.731 [main] DEBUG org.apache.http.impl.conn.PoolingHttpClientConnectionManager -- Connection request: [route: {}->http://localhost:3000][total available: 0; route allocated: 0 of 5; total allocated: 0 of 10]
23:22:04.731 [main] DEBUG org.apache.http.impl.conn.PoolingHttpClientConnectionManager -- Connection leased: [id: 12][route: {}->http://localhost:3000][total available: 0; route allocated: 1 of 5; total allocated: 1 of 10]
23:22:04.731 [main] DEBUG org.apache.http.impl.execchain.MainClientExec -- Opening connection {}->http://localhost:3000
23:22:04.731 [main] DEBUG org.apache.http.impl.conn.DefaultHttpClientConnectionOperator -- Connecting to localhost/127.0.0.1:3000
23:22:04.732 [main] DEBUG org.apache.http.impl.conn.DefaultHttpClientConnectionOperator -- Connection established 127.0.0.1:64611<->127.0.0.1:3000
23:22:04.732 [main] DEBUG org.apache.http.impl.conn.DefaultManagedHttpClientConnection -- http-outgoing-12: set socket timeout to 5000
23:22:04.732 [main] DEBUG org.apache.http.impl.execchain.MainClientExec -- Executing request GET /posts/feed?limit=10&page=1%27+OR+%271%27%3D%271 HTTP/1.1
23:22:04.732 [main] DEBUG org.apache.http.impl.execchain.MainClientExec -- Proxy auth state: UNCHALLENGED
23:22:04.732 [main] DEBUG org.apache.http.headers -- http-outgoing-12 >> GET /posts/feed?limit=10&page=1%27+OR+%271%27%3D%271 HTTP/1.1
23:22:04.732 [main] DEBUG org.apache.http.headers -- http-outgoing-12 >> Authorization: Bearer eyJhbGciOiJIUzI1NiIsInR5cCI6IkpXVCJ9.eyJzdWIiOiIwODUxNWIwNS0yZDNlLTQ3ODktYWQ2MC1kYjM1NTI1YTQ5NzAiLCJ1c2VybmFtZSI6Im5hbSIsInJvbGUiOjAsImlhdCI6MTc1MDQzMzEyOCwiZXhwIjoxNzUwNDM2NzI4fQ.LLNWdGI7R_rFyU4cQg2wm-V3Jq9O_6TIXzyRgCE6Uf4
23:22:04.732 [main] DEBUG org.apache.http.headers -- http-outgoing-12 >> Host: localhost:3000
23:22:04.732 [main] DEBUG org.apache.http.headers -- http-outgoing-12 >> Connection: Keep-Alive
23:22:04.732 [main] DEBUG org.apache.http.headers -- http-outgoing-12 >> User-Agent: Apache-HttpClient/4.5.14 (Java/17.0.9)
23:22:04.732 [main] DEBUG org.apache.http.headers -- http-outgoing-12 >> Accept-Encoding: gzip,deflate
23:22:04.732 [main] DEBUG org.apache.http.wire -- http-outgoing-12 >> "GET /posts/feed?limit=10&page=1%27+OR+%271%27%3D%271 HTTP/1.1[\r][\n]"
23:22:04.732 [main] DEBUG org.apache.http.wire -- http-outgoing-12 >> "Authorization: Bearer eyJhbGciOiJIUzI1NiIsInR5cCI6IkpXVCJ9.eyJzdWIiOiIwODUxNWIwNS0yZDNlLTQ3ODktYWQ2MC1kYjM1NTI1YTQ5NzAiLCJ1c2VybmFtZSI6Im5hbSIsInJvbGUiOjAsImlhdCI6MTc1MDQzMzEyOCwiZXhwIjoxNzUwNDM2NzI4fQ.LLNWdGI7R_rFyU4cQg2wm-V3Jq9O_6TIXzyRgCE6Uf4[\r][\n]"
23:22:04.732 [main] DEBUG org.apache.http.wire -- http-outgoing-12 >> "Host: localhost:3000[\r][\n]"
23:22:04.732 [main] DEBUG org.apache.http.wire -- http-outgoing-12 >> "Connection: Keep-Alive[\r][\n]"
23:22:04.732 [main] DEBUG org.apache.http.wire -- http-outgoing-12 >> "User-Agent: Apache-HttpClient/4.5.14 (Java/17.0.9)[\r][\n]"
23:22:04.732 [main] DEBUG org.apache.http.wire -- http-outgoing-12 >> "Accept-Encoding: gzip,deflate[\r][\n]"
23:22:04.732 [main] DEBUG org.apache.http.wire -- http-outgoing-12 >> "[\r][\n]"
23:22:04.914 [main] DEBUG org.apache.http.wire -- http-outgoing-12 << "HTTP/1.1 200 OK[\r][\n]"
23:22:04.914 [main] DEBUG org.apache.http.wire -- http-outgoing-12 << "X-Powered-By: Express[\r][\n]"
23:22:04.914 [main] DEBUG org.apache.http.wire -- http-outgoing-12 << "Access-Control-Allow-Origin: *[\r][\n]"
23:22:04.914 [main] DEBUG org.apache.http.wire -- http-outgoing-12 << "Content-Type: application/json; charset=utf-8[\r][\n]"
23:22:04.914 [main] DEBUG org.apache.http.wire -- http-outgoing-12 << "Content-Length: 64[\r][\n]"
23:22:04.914 [main] DEBUG org.apache.http.wire -- http-outgoing-12 << "ETag: W/"40-QKGrNuSvhxBhDWq7IF5CIJDpZK4"[\r][\n]"
23:22:04.914 [main] DEBUG org.apache.http.wire -- http-outgoing-12 << "Date: Fri, 20 Jun 2025 16:22:04 GMT[\r][\n]"
23:22:04.914 [main] DEBUG org.apache.http.wire -- http-outgoing-12 << "Connection: keep-alive[\r][\n]"
23:22:04.915 [main] DEBUG org.apache.http.wire -- http-outgoing-12 << "Keep-Alive: timeout=5[\r][\n]"
23:22:04.915 [main] DEBUG org.apache.http.wire -- http-outgoing-12 << "[\r][\n]"
23:22:04.915 [main] DEBUG org.apache.http.wire -- http-outgoing-12 << "{"message":"Feed","statusCode":200,"status":"success","data":[]}"
23:22:04.915 [main] DEBUG org.apache.http.headers -- http-outgoing-12 << HTTP/1.1 200 OK
23:22:04.915 [main] DEBUG org.apache.http.headers -- http-outgoing-12 << X-Powered-By: Express
23:22:04.915 [main] DEBUG org.apache.http.headers -- http-outgoing-12 << Access-Control-Allow-Origin: *
23:22:04.915 [main] DEBUG org.apache.http.headers -- http-outgoing-12 << Content-Type: application/json; charset=utf-8
23:22:04.915 [main] DEBUG org.apache.http.headers -- http-outgoing-12 << Content-Length: 64
23:22:04.915 [main] DEBUG org.apache.http.headers -- http-outgoing-12 << ETag: W/"40-QKGrNuSvhxBhDWq7IF5CIJDpZK4"
23:22:04.915 [main] DEBUG org.apache.http.headers -- http-outgoing-12 << Date: Fri, 20 Jun 2025 16:22:04 GMT
23:22:04.915 [main] DEBUG org.apache.http.headers -- http-outgoing-12 << Connection: keep-alive
23:22:04.915 [main] DEBUG org.apache.http.headers -- http-outgoing-12 << Keep-Alive: timeout=5
23:22:04.915 [main] DEBUG org.apache.http.impl.execchain.MainClientExec -- Connection can be kept alive for 5000 MILLISECONDS
23:22:04.915 [main] DEBUG org.apache.http.impl.conn.PoolingHttpClientConnectionManager -- Connection [id: 12][route: {}->http://localhost:3000] can be kept alive for 5.0 seconds
23:22:04.915 [main] DEBUG org.apache.http.impl.conn.DefaultManagedHttpClientConnection -- http-outgoing-12: set socket timeout to 0
23:22:04.915 [main] DEBUG org.apache.http.impl.conn.PoolingHttpClientConnectionManager -- Connection released: [id: 12][route: {}->http://localhost:3000][total available: 1; route allocated: 1 of 5; total allocated: 1 of 10]
23:22:04.915 [main] DEBUG org.apache.http.impl.conn.PoolingHttpClientConnectionManager -- Connection manager is shutting down
23:22:04.915 [main] DEBUG org.apache.http.impl.conn.DefaultManagedHttpClientConnection -- http-outgoing-12: Close connection
23:22:04.915 [main] DEBUG org.apache.http.impl.conn.PoolingHttpClientConnectionManager -- Connection manager shut down
23:22:04.915 [main] DEBUG com.intuit.karate -- response time in milliseconds: 184
1 < 200
1 < X-Powered-By: Express
1 < Access-Control-Allow-Origin: *
1 < Content-Type: application/json; charset=utf-8
1 < Content-Length: 64
1 < ETag: W/"40-QKGrNuSvhxBhDWq7IF5CIJDpZK4"
1 < Date: Fri, 20 Jun 2025 16:22:04 GMT
1 < Connection: keep-alive
1 < Keep-Alive: timeout=5
{
  "message": "Feed",
  "statusCode": 200,
  "status": "success",
  "data": [
  ]
}


23:22:04.916 [main] INFO com.intuit.karate -- [print] Calling getPostsFeed API v?i bearerToken: eyJhbGciOiJIUzI1NiIsInR5cCI6IkpXVCJ9.eyJzdWIiOiIwODUxNWIwNS0yZDNlLTQ3ODktYWQ2MC1kYjM1NTI1YTQ5NzAiLCJ1c2VybmFtZSI6Im5hbSIsInJvbGUiOjAsImlhdCI6MTc1MDQzMzEyOCwiZXhwIjoxNzUwNDM2NzI4fQ.LLNWdGI7R_rFyU4cQg2wm-V3Jq9O_6TIXzyRgCE6Uf4 
23:22:04.916 [main] INFO com.intuit.karate -- [print] Query params: {
  "page": "1' OR '1'='1",
  "limit": "10"
}
 
23:22:04.916 [main] INFO com.intuit.karate -- [print] Response status: 200 body: {
  "message": "Feed",
  "statusCode": 200,
  "status": "success",
  "data": [
  ]
}
 
23:22:04.917 [main] INFO com.intuit.karate -- STATUS MISMATCH - Expected: 400, Actual: 200 
23:22:04.917 [main] INFO com.intuit.karate -- Test Case Data: {
  "bearerToken": "",
  "page": "1' OR '1'='1",
  "limit": "10",
  "testDescription": "Ki?m tra SQL Injection trong page",
  "expectedStatus": 400.0,
  "expectedResult": "{\"error\": \"Invalid page parameter\"}",
  "responseStatus": "",
  "result": ""
}
 
23:22:04.917 [main] INFO com.intuit.karate -- Expected Status: 400.0 
23:22:04.917 [main] INFO com.intuit.karate -- Actual Status: 200 
23:22:04.917 [main] INFO com.intuit.karate -- Test case #13 - Status: 200, Result: {"message":"Feed","statusCode":200,"status":"success","data":[]} 
23:22:04.917 [main] INFO com.intuit.karate -- ?ang ch?y test case #14: Ki?m tra SQL Injection trong limit 
23:22:04.918 [main] INFO com.intuit.karate -- S? d?ng global bearer token t? config: eyJhbGciOiJIUzI1NiIsInR5cCI6IkpXVCJ9.eyJzdWIiOiIwODUxNWIwNS0yZDNlLTQ3ODktYWQ2MC1kYjM1NTI1YTQ5NzAiLCJ1c2VybmFtZSI6Im5hbSIsInJvbGUiOjAsImlhdCI6MTc1MDQzMzEyOCwiZXhwIjoxNzUwNDM2NzI4fQ.LLNWdGI7R_rFyU4cQg2wm-V3Jq9O_6TIXzyRgCE6Uf4 
23:22:04.924 [main] INFO com.intuit.karate -- karate.env system property was: null 
23:22:04.925 [main] DEBUG com.jayway.jsonpath.internal.path.CompiledPath -- Evaluating path: $
23:22:04.925 [main] DEBUG com.jayway.jsonpath.internal.path.CompiledPath -- Evaluating path: $
23:22:04.926 [main] DEBUG org.apache.http.client.protocol.RequestAddCookies -- CookieSpec selected: karate
23:22:04.926 [main] DEBUG org.apache.http.client.protocol.RequestAuthCache -- Auth cache not set in the context
23:22:04.926 [main] DEBUG com.intuit.karate -- request:
1 > GET http://localhost:3000/posts/feed?limit=10%27+OR+%271%27%3D%271&page=1
1 > Authorization: Bearer eyJhbGciOiJIUzI1NiIsInR5cCI6IkpXVCJ9.eyJzdWIiOiIwODUxNWIwNS0yZDNlLTQ3ODktYWQ2MC1kYjM1NTI1YTQ5NzAiLCJ1c2VybmFtZSI6Im5hbSIsInJvbGUiOjAsImlhdCI6MTc1MDQzMzEyOCwiZXhwIjoxNzUwNDM2NzI4fQ.LLNWdGI7R_rFyU4cQg2wm-V3Jq9O_6TIXzyRgCE6Uf4
1 > Host: localhost:3000
1 > Connection: Keep-Alive
1 > User-Agent: Apache-HttpClient/4.5.14 (Java/17.0.9)
1 > Accept-Encoding: gzip,deflate


23:22:04.927 [main] DEBUG org.apache.http.impl.conn.PoolingHttpClientConnectionManager -- Connection request: [route: {}->http://localhost:3000][total available: 0; route allocated: 0 of 5; total allocated: 0 of 10]
23:22:04.927 [main] DEBUG org.apache.http.impl.conn.PoolingHttpClientConnectionManager -- Connection leased: [id: 13][route: {}->http://localhost:3000][total available: 0; route allocated: 1 of 5; total allocated: 1 of 10]
23:22:04.927 [main] DEBUG org.apache.http.impl.execchain.MainClientExec -- Opening connection {}->http://localhost:3000
23:22:04.927 [main] DEBUG org.apache.http.impl.conn.DefaultHttpClientConnectionOperator -- Connecting to localhost/127.0.0.1:3000
23:22:04.928 [main] DEBUG org.apache.http.impl.conn.DefaultHttpClientConnectionOperator -- Connection established 127.0.0.1:64612<->127.0.0.1:3000
23:22:04.928 [main] DEBUG org.apache.http.impl.conn.DefaultManagedHttpClientConnection -- http-outgoing-13: set socket timeout to 5000
23:22:04.928 [main] DEBUG org.apache.http.impl.execchain.MainClientExec -- Executing request GET /posts/feed?limit=10%27+OR+%271%27%3D%271&page=1 HTTP/1.1
23:22:04.928 [main] DEBUG org.apache.http.impl.execchain.MainClientExec -- Proxy auth state: UNCHALLENGED
23:22:04.928 [main] DEBUG org.apache.http.headers -- http-outgoing-13 >> GET /posts/feed?limit=10%27+OR+%271%27%3D%271&page=1 HTTP/1.1
23:22:04.928 [main] DEBUG org.apache.http.headers -- http-outgoing-13 >> Authorization: Bearer eyJhbGciOiJIUzI1NiIsInR5cCI6IkpXVCJ9.eyJzdWIiOiIwODUxNWIwNS0yZDNlLTQ3ODktYWQ2MC1kYjM1NTI1YTQ5NzAiLCJ1c2VybmFtZSI6Im5hbSIsInJvbGUiOjAsImlhdCI6MTc1MDQzMzEyOCwiZXhwIjoxNzUwNDM2NzI4fQ.LLNWdGI7R_rFyU4cQg2wm-V3Jq9O_6TIXzyRgCE6Uf4
23:22:04.928 [main] DEBUG org.apache.http.headers -- http-outgoing-13 >> Host: localhost:3000
23:22:04.928 [main] DEBUG org.apache.http.headers -- http-outgoing-13 >> Connection: Keep-Alive
23:22:04.928 [main] DEBUG org.apache.http.headers -- http-outgoing-13 >> User-Agent: Apache-HttpClient/4.5.14 (Java/17.0.9)
23:22:04.928 [main] DEBUG org.apache.http.headers -- http-outgoing-13 >> Accept-Encoding: gzip,deflate
23:22:04.928 [main] DEBUG org.apache.http.wire -- http-outgoing-13 >> "GET /posts/feed?limit=10%27+OR+%271%27%3D%271&page=1 HTTP/1.1[\r][\n]"
23:22:04.928 [main] DEBUG org.apache.http.wire -- http-outgoing-13 >> "Authorization: Bearer eyJhbGciOiJIUzI1NiIsInR5cCI6IkpXVCJ9.eyJzdWIiOiIwODUxNWIwNS0yZDNlLTQ3ODktYWQ2MC1kYjM1NTI1YTQ5NzAiLCJ1c2VybmFtZSI6Im5hbSIsInJvbGUiOjAsImlhdCI6MTc1MDQzMzEyOCwiZXhwIjoxNzUwNDM2NzI4fQ.LLNWdGI7R_rFyU4cQg2wm-V3Jq9O_6TIXzyRgCE6Uf4[\r][\n]"
23:22:04.928 [main] DEBUG org.apache.http.wire -- http-outgoing-13 >> "Host: localhost:3000[\r][\n]"
23:22:04.928 [main] DEBUG org.apache.http.wire -- http-outgoing-13 >> "Connection: Keep-Alive[\r][\n]"
23:22:04.928 [main] DEBUG org.apache.http.wire -- http-outgoing-13 >> "User-Agent: Apache-HttpClient/4.5.14 (Java/17.0.9)[\r][\n]"
23:22:04.928 [main] DEBUG org.apache.http.wire -- http-outgoing-13 >> "Accept-Encoding: gzip,deflate[\r][\n]"
23:22:04.928 [main] DEBUG org.apache.http.wire -- http-outgoing-13 >> "[\r][\n]"
23:22:05.109 [main] DEBUG org.apache.http.wire -- http-outgoing-13 << "HTTP/1.1 200 OK[\r][\n]"
23:22:05.109 [main] DEBUG org.apache.http.wire -- http-outgoing-13 << "X-Powered-By: Express[\r][\n]"
23:22:05.109 [main] DEBUG org.apache.http.wire -- http-outgoing-13 << "Access-Control-Allow-Origin: *[\r][\n]"
23:22:05.109 [main] DEBUG org.apache.http.wire -- http-outgoing-13 << "Content-Type: application/json; charset=utf-8[\r][\n]"
23:22:05.109 [main] DEBUG org.apache.http.wire -- http-outgoing-13 << "Content-Length: 64[\r][\n]"
23:22:05.109 [main] DEBUG org.apache.http.wire -- http-outgoing-13 << "ETag: W/"40-QKGrNuSvhxBhDWq7IF5CIJDpZK4"[\r][\n]"
23:22:05.109 [main] DEBUG org.apache.http.wire -- http-outgoing-13 << "Date: Fri, 20 Jun 2025 16:22:05 GMT[\r][\n]"
23:22:05.109 [main] DEBUG org.apache.http.wire -- http-outgoing-13 << "Connection: keep-alive[\r][\n]"
23:22:05.109 [main] DEBUG org.apache.http.wire -- http-outgoing-13 << "Keep-Alive: timeout=5[\r][\n]"
23:22:05.109 [main] DEBUG org.apache.http.wire -- http-outgoing-13 << "[\r][\n]"
23:22:05.109 [main] DEBUG org.apache.http.wire -- http-outgoing-13 << "{"message":"Feed","statusCode":200,"status":"success","data":[]}"
23:22:05.109 [main] DEBUG org.apache.http.headers -- http-outgoing-13 << HTTP/1.1 200 OK
23:22:05.109 [main] DEBUG org.apache.http.headers -- http-outgoing-13 << X-Powered-By: Express
23:22:05.109 [main] DEBUG org.apache.http.headers -- http-outgoing-13 << Access-Control-Allow-Origin: *
23:22:05.109 [main] DEBUG org.apache.http.headers -- http-outgoing-13 << Content-Type: application/json; charset=utf-8
23:22:05.109 [main] DEBUG org.apache.http.headers -- http-outgoing-13 << Content-Length: 64
23:22:05.109 [main] DEBUG org.apache.http.headers -- http-outgoing-13 << ETag: W/"40-QKGrNuSvhxBhDWq7IF5CIJDpZK4"
23:22:05.109 [main] DEBUG org.apache.http.headers -- http-outgoing-13 << Date: Fri, 20 Jun 2025 16:22:05 GMT
23:22:05.109 [main] DEBUG org.apache.http.headers -- http-outgoing-13 << Connection: keep-alive
23:22:05.109 [main] DEBUG org.apache.http.headers -- http-outgoing-13 << Keep-Alive: timeout=5
23:22:05.110 [main] DEBUG org.apache.http.impl.execchain.MainClientExec -- Connection can be kept alive for 5000 MILLISECONDS
23:22:05.110 [main] DEBUG org.apache.http.impl.conn.PoolingHttpClientConnectionManager -- Connection [id: 13][route: {}->http://localhost:3000] can be kept alive for 5.0 seconds
23:22:05.110 [main] DEBUG org.apache.http.impl.conn.DefaultManagedHttpClientConnection -- http-outgoing-13: set socket timeout to 0
23:22:05.110 [main] DEBUG org.apache.http.impl.conn.PoolingHttpClientConnectionManager -- Connection released: [id: 13][route: {}->http://localhost:3000][total available: 1; route allocated: 1 of 5; total allocated: 1 of 10]
23:22:05.110 [main] DEBUG org.apache.http.impl.conn.PoolingHttpClientConnectionManager -- Connection manager is shutting down
23:22:05.110 [main] DEBUG org.apache.http.impl.conn.DefaultManagedHttpClientConnection -- http-outgoing-13: Close connection
23:22:05.110 [main] DEBUG org.apache.http.impl.conn.PoolingHttpClientConnectionManager -- Connection manager shut down
23:22:05.110 [main] DEBUG com.intuit.karate -- response time in milliseconds: 183
1 < 200
1 < X-Powered-By: Express
1 < Access-Control-Allow-Origin: *
1 < Content-Type: application/json; charset=utf-8
1 < Content-Length: 64
1 < ETag: W/"40-QKGrNuSvhxBhDWq7IF5CIJDpZK4"
1 < Date: Fri, 20 Jun 2025 16:22:05 GMT
1 < Connection: keep-alive
1 < Keep-Alive: timeout=5
{
  "message": "Feed",
  "statusCode": 200,
  "status": "success",
  "data": [
  ]
}


23:22:05.111 [main] INFO com.intuit.karate -- [print] Calling getPostsFeed API v?i bearerToken: eyJhbGciOiJIUzI1NiIsInR5cCI6IkpXVCJ9.eyJzdWIiOiIwODUxNWIwNS0yZDNlLTQ3ODktYWQ2MC1kYjM1NTI1YTQ5NzAiLCJ1c2VybmFtZSI6Im5hbSIsInJvbGUiOjAsImlhdCI6MTc1MDQzMzEyOCwiZXhwIjoxNzUwNDM2NzI4fQ.LLNWdGI7R_rFyU4cQg2wm-V3Jq9O_6TIXzyRgCE6Uf4 
23:22:05.111 [main] INFO com.intuit.karate -- [print] Query params: {
  "page": "1",
  "limit": "10' OR '1'='1"
}
 
23:22:05.111 [main] INFO com.intuit.karate -- [print] Response status: 200 body: {
  "message": "Feed",
  "statusCode": 200,
  "status": "success",
  "data": [
  ]
}
 
23:22:05.112 [main] INFO com.intuit.karate -- STATUS MISMATCH - Expected: 400, Actual: 200 
23:22:05.113 [main] INFO com.intuit.karate -- Test Case Data: {
  "bearerToken": "",
  "page": "1",
  "limit": "10' OR '1'='1",
  "testDescription": "Ki?m tra SQL Injection trong limit",
  "expectedStatus": 400.0,
  "expectedResult": "{\"error\": \"Invalid limit parameter\"}",
  "responseStatus": "",
  "result": ""
}
 
23:22:05.113 [main] INFO com.intuit.karate -- Expected Status: 400.0 
23:22:05.113 [main] INFO com.intuit.karate -- Actual Status: 200 
23:22:05.113 [main] INFO com.intuit.karate -- Test case #14 - Status: 200, Result: {"message":"Feed","statusCode":200,"status":"success","data":[]} 
23:22:05.113 [main] INFO com.intuit.karate -- ?ang ch?y test case #15: Page và limit v?i giá tr? string không h?p l? 
23:22:05.113 [main] INFO com.intuit.karate -- S? d?ng global bearer token t? config: eyJhbGciOiJIUzI1NiIsInR5cCI6IkpXVCJ9.eyJzdWIiOiIwODUxNWIwNS0yZDNlLTQ3ODktYWQ2MC1kYjM1NTI1YTQ5NzAiLCJ1c2VybmFtZSI6Im5hbSIsInJvbGUiOjAsImlhdCI6MTc1MDQzMzEyOCwiZXhwIjoxNzUwNDM2NzI4fQ.LLNWdGI7R_rFyU4cQg2wm-V3Jq9O_6TIXzyRgCE6Uf4 
23:22:05.118 [main] INFO com.intuit.karate -- karate.env system property was: null 
23:22:05.119 [main] DEBUG com.jayway.jsonpath.internal.path.CompiledPath -- Evaluating path: $
23:22:05.119 [main] DEBUG com.jayway.jsonpath.internal.path.CompiledPath -- Evaluating path: $
23:22:05.120 [main] DEBUG org.apache.http.client.protocol.RequestAddCookies -- CookieSpec selected: karate
23:22:05.120 [main] DEBUG org.apache.http.client.protocol.RequestAuthCache -- Auth cache not set in the context
23:22:05.120 [main] DEBUG com.intuit.karate -- request:
1 > GET http://localhost:3000/posts/feed?limit=xyz&page=abc
1 > Authorization: Bearer eyJhbGciOiJIUzI1NiIsInR5cCI6IkpXVCJ9.eyJzdWIiOiIwODUxNWIwNS0yZDNlLTQ3ODktYWQ2MC1kYjM1NTI1YTQ5NzAiLCJ1c2VybmFtZSI6Im5hbSIsInJvbGUiOjAsImlhdCI6MTc1MDQzMzEyOCwiZXhwIjoxNzUwNDM2NzI4fQ.LLNWdGI7R_rFyU4cQg2wm-V3Jq9O_6TIXzyRgCE6Uf4
1 > Host: localhost:3000
1 > Connection: Keep-Alive
1 > User-Agent: Apache-HttpClient/4.5.14 (Java/17.0.9)
1 > Accept-Encoding: gzip,deflate


23:22:05.120 [main] DEBUG org.apache.http.impl.conn.PoolingHttpClientConnectionManager -- Connection request: [route: {}->http://localhost:3000][total available: 0; route allocated: 0 of 5; total allocated: 0 of 10]
23:22:05.121 [main] DEBUG org.apache.http.impl.conn.PoolingHttpClientConnectionManager -- Connection leased: [id: 14][route: {}->http://localhost:3000][total available: 0; route allocated: 1 of 5; total allocated: 1 of 10]
23:22:05.121 [main] DEBUG org.apache.http.impl.execchain.MainClientExec -- Opening connection {}->http://localhost:3000
23:22:05.121 [main] DEBUG org.apache.http.impl.conn.DefaultHttpClientConnectionOperator -- Connecting to localhost/127.0.0.1:3000
23:22:05.121 [main] DEBUG org.apache.http.impl.conn.DefaultHttpClientConnectionOperator -- Connection established 127.0.0.1:64613<->127.0.0.1:3000
23:22:05.121 [main] DEBUG org.apache.http.impl.conn.DefaultManagedHttpClientConnection -- http-outgoing-14: set socket timeout to 5000
23:22:05.121 [main] DEBUG org.apache.http.impl.execchain.MainClientExec -- Executing request GET /posts/feed?limit=xyz&page=abc HTTP/1.1
23:22:05.121 [main] DEBUG org.apache.http.impl.execchain.MainClientExec -- Proxy auth state: UNCHALLENGED
23:22:05.121 [main] DEBUG org.apache.http.headers -- http-outgoing-14 >> GET /posts/feed?limit=xyz&page=abc HTTP/1.1
23:22:05.121 [main] DEBUG org.apache.http.headers -- http-outgoing-14 >> Authorization: Bearer eyJhbGciOiJIUzI1NiIsInR5cCI6IkpXVCJ9.eyJzdWIiOiIwODUxNWIwNS0yZDNlLTQ3ODktYWQ2MC1kYjM1NTI1YTQ5NzAiLCJ1c2VybmFtZSI6Im5hbSIsInJvbGUiOjAsImlhdCI6MTc1MDQzMzEyOCwiZXhwIjoxNzUwNDM2NzI4fQ.LLNWdGI7R_rFyU4cQg2wm-V3Jq9O_6TIXzyRgCE6Uf4
23:22:05.121 [main] DEBUG org.apache.http.headers -- http-outgoing-14 >> Host: localhost:3000
23:22:05.121 [main] DEBUG org.apache.http.headers -- http-outgoing-14 >> Connection: Keep-Alive
23:22:05.121 [main] DEBUG org.apache.http.headers -- http-outgoing-14 >> User-Agent: Apache-HttpClient/4.5.14 (Java/17.0.9)
23:22:05.121 [main] DEBUG org.apache.http.headers -- http-outgoing-14 >> Accept-Encoding: gzip,deflate
23:22:05.121 [main] DEBUG org.apache.http.wire -- http-outgoing-14 >> "GET /posts/feed?limit=xyz&page=abc HTTP/1.1[\r][\n]"
23:22:05.121 [main] DEBUG org.apache.http.wire -- http-outgoing-14 >> "Authorization: Bearer eyJhbGciOiJIUzI1NiIsInR5cCI6IkpXVCJ9.eyJzdWIiOiIwODUxNWIwNS0yZDNlLTQ3ODktYWQ2MC1kYjM1NTI1YTQ5NzAiLCJ1c2VybmFtZSI6Im5hbSIsInJvbGUiOjAsImlhdCI6MTc1MDQzMzEyOCwiZXhwIjoxNzUwNDM2NzI4fQ.LLNWdGI7R_rFyU4cQg2wm-V3Jq9O_6TIXzyRgCE6Uf4[\r][\n]"
23:22:05.121 [main] DEBUG org.apache.http.wire -- http-outgoing-14 >> "Host: localhost:3000[\r][\n]"
23:22:05.121 [main] DEBUG org.apache.http.wire -- http-outgoing-14 >> "Connection: Keep-Alive[\r][\n]"
23:22:05.121 [main] DEBUG org.apache.http.wire -- http-outgoing-14 >> "User-Agent: Apache-HttpClient/4.5.14 (Java/17.0.9)[\r][\n]"
23:22:05.121 [main] DEBUG org.apache.http.wire -- http-outgoing-14 >> "Accept-Encoding: gzip,deflate[\r][\n]"
23:22:05.121 [main] DEBUG org.apache.http.wire -- http-outgoing-14 >> "[\r][\n]"
23:22:05.270 [main] DEBUG org.apache.http.wire -- http-outgoing-14 << "HTTP/1.1 200 OK[\r][\n]"
23:22:05.270 [main] DEBUG org.apache.http.wire -- http-outgoing-14 << "X-Powered-By: Express[\r][\n]"
23:22:05.270 [main] DEBUG org.apache.http.wire -- http-outgoing-14 << "Access-Control-Allow-Origin: *[\r][\n]"
23:22:05.270 [main] DEBUG org.apache.http.wire -- http-outgoing-14 << "Content-Type: application/json; charset=utf-8[\r][\n]"
23:22:05.270 [main] DEBUG org.apache.http.wire -- http-outgoing-14 << "Content-Length: 64[\r][\n]"
23:22:05.270 [main] DEBUG org.apache.http.wire -- http-outgoing-14 << "ETag: W/"40-QKGrNuSvhxBhDWq7IF5CIJDpZK4"[\r][\n]"
23:22:05.270 [main] DEBUG org.apache.http.wire -- http-outgoing-14 << "Date: Fri, 20 Jun 2025 16:22:05 GMT[\r][\n]"
23:22:05.270 [main] DEBUG org.apache.http.wire -- http-outgoing-14 << "Connection: keep-alive[\r][\n]"
23:22:05.270 [main] DEBUG org.apache.http.wire -- http-outgoing-14 << "Keep-Alive: timeout=5[\r][\n]"
23:22:05.270 [main] DEBUG org.apache.http.wire -- http-outgoing-14 << "[\r][\n]"
23:22:05.270 [main] DEBUG org.apache.http.wire -- http-outgoing-14 << "{"message":"Feed","statusCode":200,"status":"success","data":[]}"
23:22:05.270 [main] DEBUG org.apache.http.headers -- http-outgoing-14 << HTTP/1.1 200 OK
23:22:05.270 [main] DEBUG org.apache.http.headers -- http-outgoing-14 << X-Powered-By: Express
23:22:05.270 [main] DEBUG org.apache.http.headers -- http-outgoing-14 << Access-Control-Allow-Origin: *
23:22:05.270 [main] DEBUG org.apache.http.headers -- http-outgoing-14 << Content-Type: application/json; charset=utf-8
23:22:05.270 [main] DEBUG org.apache.http.headers -- http-outgoing-14 << Content-Length: 64
23:22:05.270 [main] DEBUG org.apache.http.headers -- http-outgoing-14 << ETag: W/"40-QKGrNuSvhxBhDWq7IF5CIJDpZK4"
23:22:05.270 [main] DEBUG org.apache.http.headers -- http-outgoing-14 << Date: Fri, 20 Jun 2025 16:22:05 GMT
23:22:05.270 [main] DEBUG org.apache.http.headers -- http-outgoing-14 << Connection: keep-alive
23:22:05.270 [main] DEBUG org.apache.http.headers -- http-outgoing-14 << Keep-Alive: timeout=5
23:22:05.270 [main] DEBUG org.apache.http.impl.execchain.MainClientExec -- Connection can be kept alive for 5000 MILLISECONDS
23:22:05.271 [main] DEBUG org.apache.http.impl.conn.PoolingHttpClientConnectionManager -- Connection [id: 14][route: {}->http://localhost:3000] can be kept alive for 5.0 seconds
23:22:05.271 [main] DEBUG org.apache.http.impl.conn.DefaultManagedHttpClientConnection -- http-outgoing-14: set socket timeout to 0
23:22:05.271 [main] DEBUG org.apache.http.impl.conn.PoolingHttpClientConnectionManager -- Connection released: [id: 14][route: {}->http://localhost:3000][total available: 1; route allocated: 1 of 5; total allocated: 1 of 10]
23:22:05.271 [main] DEBUG org.apache.http.impl.conn.PoolingHttpClientConnectionManager -- Connection manager is shutting down
23:22:05.271 [main] DEBUG org.apache.http.impl.conn.DefaultManagedHttpClientConnection -- http-outgoing-14: Close connection
23:22:05.271 [main] DEBUG org.apache.http.impl.conn.PoolingHttpClientConnectionManager -- Connection manager shut down
23:22:05.271 [main] DEBUG com.intuit.karate -- response time in milliseconds: 151
1 < 200
1 < X-Powered-By: Express
1 < Access-Control-Allow-Origin: *
1 < Content-Type: application/json; charset=utf-8
1 < Content-Length: 64
1 < ETag: W/"40-QKGrNuSvhxBhDWq7IF5CIJDpZK4"
1 < Date: Fri, 20 Jun 2025 16:22:05 GMT
1 < Connection: keep-alive
1 < Keep-Alive: timeout=5
{
  "message": "Feed",
  "statusCode": 200,
  "status": "success",
  "data": [
  ]
}


23:22:05.272 [main] INFO com.intuit.karate -- [print] Calling getPostsFeed API v?i bearerToken: eyJhbGciOiJIUzI1NiIsInR5cCI6IkpXVCJ9.eyJzdWIiOiIwODUxNWIwNS0yZDNlLTQ3ODktYWQ2MC1kYjM1NTI1YTQ5NzAiLCJ1c2VybmFtZSI6Im5hbSIsInJvbGUiOjAsImlhdCI6MTc1MDQzMzEyOCwiZXhwIjoxNzUwNDM2NzI4fQ.LLNWdGI7R_rFyU4cQg2wm-V3Jq9O_6TIXzyRgCE6Uf4 
23:22:05.272 [main] INFO com.intuit.karate -- [print] Query params: {
  "page": "abc",
  "limit": "xyz"
}
 
23:22:05.272 [main] INFO com.intuit.karate -- [print] Response status: 200 body: {
  "message": "Feed",
  "statusCode": 200,
  "status": "success",
  "data": [
  ]
}
 
23:22:05.273 [main] INFO com.intuit.karate -- STATUS MISMATCH - Expected: 400, Actual: 200 
23:22:05.273 [main] INFO com.intuit.karate -- Test Case Data: {
  "bearerToken": "",
  "page": "abc",
  "limit": "xyz",
  "testDescription": "Page và limit v?i giá tr? string không h?p l?",
  "expectedStatus": 400.0,
  "expectedResult": "{\"error\": \"Invalid parameter format\"}",
  "responseStatus": "",
  "result": ""
}
 
23:22:05.273 [main] INFO com.intuit.karate -- Expected Status: 400.0 
23:22:05.273 [main] INFO com.intuit.karate -- Actual Status: 200 
23:22:05.273 [main] INFO com.intuit.karate -- Test case #15 - Status: 200, Result: {"message":"Feed","statusCode":200,"status":"success","data":[]} 
23:22:05.273 [main] INFO com.intuit.karate -- ?ang ch?y test case #16: Limit = 1 (minimum valid) 
23:22:05.274 [main] INFO com.intuit.karate -- S? d?ng global bearer token t? config: eyJhbGciOiJIUzI1NiIsInR5cCI6IkpXVCJ9.eyJzdWIiOiIwODUxNWIwNS0yZDNlLTQ3ODktYWQ2MC1kYjM1NTI1YTQ5NzAiLCJ1c2VybmFtZSI6Im5hbSIsInJvbGUiOjAsImlhdCI6MTc1MDQzMzEyOCwiZXhwIjoxNzUwNDM2NzI4fQ.LLNWdGI7R_rFyU4cQg2wm-V3Jq9O_6TIXzyRgCE6Uf4 
23:22:05.278 [main] INFO com.intuit.karate -- karate.env system property was: null 
23:22:05.279 [main] DEBUG com.jayway.jsonpath.internal.path.CompiledPath -- Evaluating path: $
23:22:05.280 [main] DEBUG com.jayway.jsonpath.internal.path.CompiledPath -- Evaluating path: $
23:22:05.281 [main] DEBUG org.apache.http.client.protocol.RequestAddCookies -- CookieSpec selected: karate
23:22:05.282 [main] DEBUG org.apache.http.client.protocol.RequestAuthCache -- Auth cache not set in the context
23:22:05.282 [main] DEBUG com.intuit.karate -- request:
1 > GET http://localhost:3000/posts/feed?limit=1&page=1
1 > Authorization: Bearer eyJhbGciOiJIUzI1NiIsInR5cCI6IkpXVCJ9.eyJzdWIiOiIwODUxNWIwNS0yZDNlLTQ3ODktYWQ2MC1kYjM1NTI1YTQ5NzAiLCJ1c2VybmFtZSI6Im5hbSIsInJvbGUiOjAsImlhdCI6MTc1MDQzMzEyOCwiZXhwIjoxNzUwNDM2NzI4fQ.LLNWdGI7R_rFyU4cQg2wm-V3Jq9O_6TIXzyRgCE6Uf4
1 > Host: localhost:3000
1 > Connection: Keep-Alive
1 > User-Agent: Apache-HttpClient/4.5.14 (Java/17.0.9)
1 > Accept-Encoding: gzip,deflate


23:22:05.282 [main] DEBUG org.apache.http.impl.conn.PoolingHttpClientConnectionManager -- Connection request: [route: {}->http://localhost:3000][total available: 0; route allocated: 0 of 5; total allocated: 0 of 10]
23:22:05.282 [main] DEBUG org.apache.http.impl.conn.PoolingHttpClientConnectionManager -- Connection leased: [id: 15][route: {}->http://localhost:3000][total available: 0; route allocated: 1 of 5; total allocated: 1 of 10]
23:22:05.282 [main] DEBUG org.apache.http.impl.execchain.MainClientExec -- Opening connection {}->http://localhost:3000
23:22:05.282 [main] DEBUG org.apache.http.impl.conn.DefaultHttpClientConnectionOperator -- Connecting to localhost/127.0.0.1:3000
23:22:05.282 [main] DEBUG org.apache.http.impl.conn.DefaultHttpClientConnectionOperator -- Connection established 127.0.0.1:64614<->127.0.0.1:3000
23:22:05.282 [main] DEBUG org.apache.http.impl.conn.DefaultManagedHttpClientConnection -- http-outgoing-15: set socket timeout to 5000
23:22:05.282 [main] DEBUG org.apache.http.impl.execchain.MainClientExec -- Executing request GET /posts/feed?limit=1&page=1 HTTP/1.1
23:22:05.282 [main] DEBUG org.apache.http.impl.execchain.MainClientExec -- Proxy auth state: UNCHALLENGED
23:22:05.283 [main] DEBUG org.apache.http.headers -- http-outgoing-15 >> GET /posts/feed?limit=1&page=1 HTTP/1.1
23:22:05.283 [main] DEBUG org.apache.http.headers -- http-outgoing-15 >> Authorization: Bearer eyJhbGciOiJIUzI1NiIsInR5cCI6IkpXVCJ9.eyJzdWIiOiIwODUxNWIwNS0yZDNlLTQ3ODktYWQ2MC1kYjM1NTI1YTQ5NzAiLCJ1c2VybmFtZSI6Im5hbSIsInJvbGUiOjAsImlhdCI6MTc1MDQzMzEyOCwiZXhwIjoxNzUwNDM2NzI4fQ.LLNWdGI7R_rFyU4cQg2wm-V3Jq9O_6TIXzyRgCE6Uf4
23:22:05.283 [main] DEBUG org.apache.http.headers -- http-outgoing-15 >> Host: localhost:3000
23:22:05.283 [main] DEBUG org.apache.http.headers -- http-outgoing-15 >> Connection: Keep-Alive
23:22:05.283 [main] DEBUG org.apache.http.headers -- http-outgoing-15 >> User-Agent: Apache-HttpClient/4.5.14 (Java/17.0.9)
23:22:05.283 [main] DEBUG org.apache.http.headers -- http-outgoing-15 >> Accept-Encoding: gzip,deflate
23:22:05.283 [main] DEBUG org.apache.http.wire -- http-outgoing-15 >> "GET /posts/feed?limit=1&page=1 HTTP/1.1[\r][\n]"
23:22:05.283 [main] DEBUG org.apache.http.wire -- http-outgoing-15 >> "Authorization: Bearer eyJhbGciOiJIUzI1NiIsInR5cCI6IkpXVCJ9.eyJzdWIiOiIwODUxNWIwNS0yZDNlLTQ3ODktYWQ2MC1kYjM1NTI1YTQ5NzAiLCJ1c2VybmFtZSI6Im5hbSIsInJvbGUiOjAsImlhdCI6MTc1MDQzMzEyOCwiZXhwIjoxNzUwNDM2NzI4fQ.LLNWdGI7R_rFyU4cQg2wm-V3Jq9O_6TIXzyRgCE6Uf4[\r][\n]"
23:22:05.283 [main] DEBUG org.apache.http.wire -- http-outgoing-15 >> "Host: localhost:3000[\r][\n]"
23:22:05.283 [main] DEBUG org.apache.http.wire -- http-outgoing-15 >> "Connection: Keep-Alive[\r][\n]"
23:22:05.283 [main] DEBUG org.apache.http.wire -- http-outgoing-15 >> "User-Agent: Apache-HttpClient/4.5.14 (Java/17.0.9)[\r][\n]"
23:22:05.283 [main] DEBUG org.apache.http.wire -- http-outgoing-15 >> "Accept-Encoding: gzip,deflate[\r][\n]"
23:22:05.283 [main] DEBUG org.apache.http.wire -- http-outgoing-15 >> "[\r][\n]"
23:22:05.447 [main] DEBUG org.apache.http.wire -- http-outgoing-15 << "HTTP/1.1 200 OK[\r][\n]"
23:22:05.447 [main] DEBUG org.apache.http.wire -- http-outgoing-15 << "X-Powered-By: Express[\r][\n]"
23:22:05.447 [main] DEBUG org.apache.http.wire -- http-outgoing-15 << "Access-Control-Allow-Origin: *[\r][\n]"
23:22:05.447 [main] DEBUG org.apache.http.wire -- http-outgoing-15 << "Content-Type: application/json; charset=utf-8[\r][\n]"
23:22:05.447 [main] DEBUG org.apache.http.wire -- http-outgoing-15 << "Content-Length: 1268[\r][\n]"
23:22:05.447 [main] DEBUG org.apache.http.wire -- http-outgoing-15 << "ETag: W/"4f4-Pd+0m89yBY2if5cjTu54qkbC/Cs"[\r][\n]"
23:22:05.447 [main] DEBUG org.apache.http.wire -- http-outgoing-15 << "Date: Fri, 20 Jun 2025 16:22:05 GMT[\r][\n]"
23:22:05.447 [main] DEBUG org.apache.http.wire -- http-outgoing-15 << "Connection: keep-alive[\r][\n]"
23:22:05.447 [main] DEBUG org.apache.http.wire -- http-outgoing-15 << "Keep-Alive: timeout=5[\r][\n]"
23:22:05.447 [main] DEBUG org.apache.http.wire -- http-outgoing-15 << "[\r][\n]"
23:22:05.447 [main] DEBUG org.apache.http.wire -- http-outgoing-15 << "{"message":"Feed","statusCode":200,"status":"success","data":[{"id":"007fcd52-ae77-4c58-988d-36ef78edc29b","authorId":"dacf294e-491b-47ff-bd74-bfe5ddbfbdf9","imageUrl":["https://res.cloudinary.com/dizcvrefo/image/upload/v1748598131/nestjs_uploads/tsh3n10qz6mojbkiayhx.jpg","https://res.cloudinary.com/dizcvrefo/image/upload/v1748598131/nestjs_uploads/no5fdmt60yg8li6gvwao.jpg","https://res.cloudinary.com/dizcvrefo/image/upload/v1748598131/nestjs_uploads/lbn3umepxtqxjcw51mv0.jpg","https://res.cloudinary.com/dizcvrefo/image/upload/v1748598131/nestjs_uploads/e4nufb9kmremurdaanw5.jpg","https://res.cloudinary.com/dizcvrefo/image/upload/v1748598131/nestjs_uploads/pqwqj0gdwqfqqyct54hz.jpg","https://res.cloudinary.com/dizcvrefo/image/upload/v1748598130/nestjs_uploads/dics8pfhps2jfskadthz.jpg"],"caption":"Th[0xe1][0xbb][0x83] thao [0xc4][0x91]i[0xe1][0xbb][0x87]n t[0xe1][0xbb][0xad]","location":null,"tags":[],"isPublic":true,"likeCount":0,"commentCount":0,"sharedCount":0,"createdAt":"2025-05-30T09:42:13.811Z","updatedAt":"2025-05-30T09:42:13.811Z","author":{"username":"chinh","profilePic":"https://hebbkx1anhila5yf.public.blob.vercel-storage.com/image-hiZZ98WEvmBOkk3oAqffc3ReiwtEIO.png"},"_count":{"likes":3,"comments":0},"score":0.021540568115643245,"isLike":true,"isToday":false,"isFollowing":true,"isSelf":false}]}"
23:22:05.447 [main] DEBUG org.apache.http.headers -- http-outgoing-15 << HTTP/1.1 200 OK
23:22:05.447 [main] DEBUG org.apache.http.headers -- http-outgoing-15 << X-Powered-By: Express
23:22:05.447 [main] DEBUG org.apache.http.headers -- http-outgoing-15 << Access-Control-Allow-Origin: *
23:22:05.447 [main] DEBUG org.apache.http.headers -- http-outgoing-15 << Content-Type: application/json; charset=utf-8
23:22:05.447 [main] DEBUG org.apache.http.headers -- http-outgoing-15 << Content-Length: 1268
23:22:05.447 [main] DEBUG org.apache.http.headers -- http-outgoing-15 << ETag: W/"4f4-Pd+0m89yBY2if5cjTu54qkbC/Cs"
23:22:05.447 [main] DEBUG org.apache.http.headers -- http-outgoing-15 << Date: Fri, 20 Jun 2025 16:22:05 GMT
23:22:05.447 [main] DEBUG org.apache.http.headers -- http-outgoing-15 << Connection: keep-alive
23:22:05.447 [main] DEBUG org.apache.http.headers -- http-outgoing-15 << Keep-Alive: timeout=5
23:22:05.447 [main] DEBUG org.apache.http.impl.execchain.MainClientExec -- Connection can be kept alive for 5000 MILLISECONDS
23:22:05.448 [main] DEBUG org.apache.http.impl.conn.PoolingHttpClientConnectionManager -- Connection [id: 15][route: {}->http://localhost:3000] can be kept alive for 5.0 seconds
23:22:05.448 [main] DEBUG org.apache.http.impl.conn.DefaultManagedHttpClientConnection -- http-outgoing-15: set socket timeout to 0
23:22:05.448 [main] DEBUG org.apache.http.impl.conn.PoolingHttpClientConnectionManager -- Connection released: [id: 15][route: {}->http://localhost:3000][total available: 1; route allocated: 1 of 5; total allocated: 1 of 10]
23:22:05.448 [main] DEBUG org.apache.http.impl.conn.PoolingHttpClientConnectionManager -- Connection manager is shutting down
23:22:05.448 [main] DEBUG org.apache.http.impl.conn.DefaultManagedHttpClientConnection -- http-outgoing-15: Close connection
23:22:05.448 [main] DEBUG org.apache.http.impl.conn.PoolingHttpClientConnectionManager -- Connection manager shut down
23:22:05.448 [main] DEBUG com.intuit.karate -- response time in milliseconds: 166
1 < 200
1 < X-Powered-By: Express
1 < Access-Control-Allow-Origin: *
1 < Content-Type: application/json; charset=utf-8
1 < Content-Length: 1268
1 < ETag: W/"4f4-Pd+0m89yBY2if5cjTu54qkbC/Cs"
1 < Date: Fri, 20 Jun 2025 16:22:05 GMT
1 < Connection: keep-alive
1 < Keep-Alive: timeout=5
{
  "message": "Feed",
  "statusCode": 200,
  "status": "success",
  "data": [
    {
      "id": "007fcd52-ae77-4c58-988d-36ef78edc29b",
      "authorId": "dacf294e-491b-47ff-bd74-bfe5ddbfbdf9",
      "imageUrl": [
        "https://res.cloudinary.com/dizcvrefo/image/upload/v1748598131/nestjs_uploads/tsh3n10qz6mojbkiayhx.jpg",
        "https://res.cloudinary.com/dizcvrefo/image/upload/v1748598131/nestjs_uploads/no5fdmt60yg8li6gvwao.jpg",
        "https://res.cloudinary.com/dizcvrefo/image/upload/v1748598131/nestjs_uploads/lbn3umepxtqxjcw51mv0.jpg",
        "https://res.cloudinary.com/dizcvrefo/image/upload/v1748598131/nestjs_uploads/e4nufb9kmremurdaanw5.jpg",
        "https://res.cloudinary.com/dizcvrefo/image/upload/v1748598131/nestjs_uploads/pqwqj0gdwqfqqyct54hz.jpg",
        "https://res.cloudinary.com/dizcvrefo/image/upload/v1748598130/nestjs_uploads/dics8pfhps2jfskadthz.jpg"
      ],
      "caption": "Th? thao ?i?n t?",
      "location": null,
      "tags": [
      ],
      "isPublic": true,
      "likeCount": 0,
      "commentCount": 0,
      "sharedCount": 0,
      "createdAt": "2025-05-30T09:42:13.811Z",
      "updatedAt": "2025-05-30T09:42:13.811Z",
      "author": {
        "username": "chinh",
        "profilePic": "https://hebbkx1anhila5yf.public.blob.vercel-storage.com/image-hiZZ98WEvmBOkk3oAqffc3ReiwtEIO.png"
      },
      "_count": {
        "likes": 3,
        "comments": 0
      },
      "score": 0.021540568115643245,
      "isLike": true,
      "isToday": false,
      "isFollowing": true,
      "isSelf": false
    }
  ]
}


23:22:05.448 [main] INFO com.intuit.karate -- [print] Calling getPostsFeed API v?i bearerToken: eyJhbGciOiJIUzI1NiIsInR5cCI6IkpXVCJ9.eyJzdWIiOiIwODUxNWIwNS0yZDNlLTQ3ODktYWQ2MC1kYjM1NTI1YTQ5NzAiLCJ1c2VybmFtZSI6Im5hbSIsInJvbGUiOjAsImlhdCI6MTc1MDQzMzEyOCwiZXhwIjoxNzUwNDM2NzI4fQ.LLNWdGI7R_rFyU4cQg2wm-V3Jq9O_6TIXzyRgCE6Uf4 
23:22:05.449 [main] INFO com.intuit.karate -- [print] Query params: {
  "page": "1",
  "limit": "1"
}
 
23:22:05.449 [main] INFO com.intuit.karate -- [print] Response status: 200 body: {
  "message": "Feed",
  "statusCode": 200,
  "status": "success",
  "data": [
    {
      "id": "007fcd52-ae77-4c58-988d-36ef78edc29b",
      "authorId": "dacf294e-491b-47ff-bd74-bfe5ddbfbdf9",
      "imageUrl": [
        "https://res.cloudinary.com/dizcvrefo/image/upload/v1748598131/nestjs_uploads/tsh3n10qz6mojbkiayhx.jpg",
        "https://res.cloudinary.com/dizcvrefo/image/upload/v1748598131/nestjs_uploads/no5fdmt60yg8li6gvwao.jpg",
        "https://res.cloudinary.com/dizcvrefo/image/upload/v1748598131/nestjs_uploads/lbn3umepxtqxjcw51mv0.jpg",
        "https://res.cloudinary.com/dizcvrefo/image/upload/v1748598131/nestjs_uploads/e4nufb9kmremurdaanw5.jpg",
        "https://res.cloudinary.com/dizcvrefo/image/upload/v1748598131/nestjs_uploads/pqwqj0gdwqfqqyct54hz.jpg",
        "https://res.cloudinary.com/dizcvrefo/image/upload/v1748598130/nestjs_uploads/dics8pfhps2jfskadthz.jpg"
      ],
      "caption": "Th? thao ?i?n t?",
      "location": null,
      "tags": [
      ],
      "isPublic": true,
      "likeCount": 0,
      "commentCount": 0,
      "sharedCount": 0,
      "createdAt": "2025-05-30T09:42:13.811Z",
      "updatedAt": "2025-05-30T09:42:13.811Z",
      "author": {
        "username": "chinh",
        "profilePic": "https://hebbkx1anhila5yf.public.blob.vercel-storage.com/image-hiZZ98WEvmBOkk3oAqffc3ReiwtEIO.png"
      },
      "_count": {
        "likes": 3,
        "comments": 0
      },
      "score": 0.021540568115643245,
      "isLike": true,
      "isToday": false,
      "isFollowing": true,
      "isSelf": false
    }
  ]
}
 
23:22:05.452 [main] INFO com.intuit.karate -- Test Case Data: {
  "bearerToken": "",
  "page": "1",
  "limit": "1",
  "testDescription": "Limit = 1 (minimum valid)",
  "expectedStatus": 200.0,
  "expectedResult": "{\"message\": \"Feed\", \"statusCode\": 200, \"status\": \"success\", \"data\": []}",
  "responseStatus": "",
  "result": ""
}
 
23:22:05.452 [main] INFO com.intuit.karate -- Expected Status: 200.0 
23:22:05.452 [main] INFO com.intuit.karate -- Actual Status: 200 
23:22:05.452 [main] INFO com.intuit.karate -- Test case #16 - Status: 200, Result: {"message":"Feed","statusCode":200,"status":"success","data":[{"id":"007fcd52-ae77-4c58-988d-36ef78edc29b","authorId":"dacf294e-491b-47ff-bd74-bfe5ddbfbdf9","imageUrl":["https://res.cloudinary.com/dizcvrefo/image/upload/v1748598131/nestjs_uploads/tsh3n10qz6mojbkiayhx.jpg","https://res.cloudinary.com/dizcvrefo/image/upload/v1748598131/nestjs_uploads/no5fdmt60yg8li6gvwao.jpg","https://res.cloudinary.com/dizcvrefo/image/upload/v1748598131/nestjs_uploads/lbn3umepxtqxjcw51mv0.jpg","https://res.cloudinary.com/dizcvrefo/image/upload/v1748598131/nestjs_uploads/e4nufb9kmremurdaanw5.jpg","https://res.cloudinary.com/dizcvrefo/image/upload/v1748598131/nestjs_uploads/pqwqj0gdwqfqqyct54hz.jpg","https://res.cloudinary.com/dizcvrefo/image/upload/v1748598130/nestjs_uploads/dics8pfhps2jfskadthz.jpg"],"caption":"Th? thao ?i?n t?","location":null,"tags":[],"isPublic":true,"likeCount":0,"commentCount":0,"sharedCount":0,"createdAt":"2025-05-30T09:42:13.811Z","updatedAt":"2025-05-30T09:42:13.811Z","author":{"username":"chinh","profilePic":"https://hebbkx1anhila5yf.public.blob.vercel-storage.com/image-hiZZ98WEvmBOkk3oAqffc3ReiwtEIO.png"},"_count":{"likes":3,"comments":0},"score":0.021540568115643245,"isLike":true,"isToday":false,"isFollowing":true,"isSelf":false}]} 
23:22:05.452 [main] INFO com.intuit.karate -- ?ang ch?y test case #17: Limit = 50 (maximum valid) 
23:22:05.453 [main] INFO com.intuit.karate -- S? d?ng global bearer token t? config: eyJhbGciOiJIUzI1NiIsInR5cCI6IkpXVCJ9.eyJzdWIiOiIwODUxNWIwNS0yZDNlLTQ3ODktYWQ2MC1kYjM1NTI1YTQ5NzAiLCJ1c2VybmFtZSI6Im5hbSIsInJvbGUiOjAsImlhdCI6MTc1MDQzMzEyOCwiZXhwIjoxNzUwNDM2NzI4fQ.LLNWdGI7R_rFyU4cQg2wm-V3Jq9O_6TIXzyRgCE6Uf4 
23:22:05.457 [main] INFO com.intuit.karate -- karate.env system property was: null 
23:22:05.458 [main] DEBUG com.jayway.jsonpath.internal.path.CompiledPath -- Evaluating path: $
23:22:05.459 [main] DEBUG com.jayway.jsonpath.internal.path.CompiledPath -- Evaluating path: $
23:22:05.460 [main] DEBUG org.apache.http.client.protocol.RequestAddCookies -- CookieSpec selected: karate
23:22:05.460 [main] DEBUG org.apache.http.client.protocol.RequestAuthCache -- Auth cache not set in the context
23:22:05.460 [main] DEBUG com.intuit.karate -- request:
1 > GET http://localhost:3000/posts/feed?limit=50&page=1
1 > Authorization: Bearer eyJhbGciOiJIUzI1NiIsInR5cCI6IkpXVCJ9.eyJzdWIiOiIwODUxNWIwNS0yZDNlLTQ3ODktYWQ2MC1kYjM1NTI1YTQ5NzAiLCJ1c2VybmFtZSI6Im5hbSIsInJvbGUiOjAsImlhdCI6MTc1MDQzMzEyOCwiZXhwIjoxNzUwNDM2NzI4fQ.LLNWdGI7R_rFyU4cQg2wm-V3Jq9O_6TIXzyRgCE6Uf4
1 > Host: localhost:3000
1 > Connection: Keep-Alive
1 > User-Agent: Apache-HttpClient/4.5.14 (Java/17.0.9)
1 > Accept-Encoding: gzip,deflate


23:22:05.460 [main] DEBUG org.apache.http.impl.conn.PoolingHttpClientConnectionManager -- Connection request: [route: {}->http://localhost:3000][total available: 0; route allocated: 0 of 5; total allocated: 0 of 10]
23:22:05.460 [main] DEBUG org.apache.http.impl.conn.PoolingHttpClientConnectionManager -- Connection leased: [id: 16][route: {}->http://localhost:3000][total available: 0; route allocated: 1 of 5; total allocated: 1 of 10]
23:22:05.460 [main] DEBUG org.apache.http.impl.execchain.MainClientExec -- Opening connection {}->http://localhost:3000
23:22:05.461 [main] DEBUG org.apache.http.impl.conn.DefaultHttpClientConnectionOperator -- Connecting to localhost/127.0.0.1:3000
23:22:05.461 [main] DEBUG org.apache.http.impl.conn.DefaultHttpClientConnectionOperator -- Connection established 127.0.0.1:64615<->127.0.0.1:3000
23:22:05.461 [main] DEBUG org.apache.http.impl.conn.DefaultManagedHttpClientConnection -- http-outgoing-16: set socket timeout to 5000
23:22:05.461 [main] DEBUG org.apache.http.impl.execchain.MainClientExec -- Executing request GET /posts/feed?limit=50&page=1 HTTP/1.1
23:22:05.461 [main] DEBUG org.apache.http.impl.execchain.MainClientExec -- Proxy auth state: UNCHALLENGED
23:22:05.461 [main] DEBUG org.apache.http.headers -- http-outgoing-16 >> GET /posts/feed?limit=50&page=1 HTTP/1.1
23:22:05.461 [main] DEBUG org.apache.http.headers -- http-outgoing-16 >> Authorization: Bearer eyJhbGciOiJIUzI1NiIsInR5cCI6IkpXVCJ9.eyJzdWIiOiIwODUxNWIwNS0yZDNlLTQ3ODktYWQ2MC1kYjM1NTI1YTQ5NzAiLCJ1c2VybmFtZSI6Im5hbSIsInJvbGUiOjAsImlhdCI6MTc1MDQzMzEyOCwiZXhwIjoxNzUwNDM2NzI4fQ.LLNWdGI7R_rFyU4cQg2wm-V3Jq9O_6TIXzyRgCE6Uf4
23:22:05.461 [main] DEBUG org.apache.http.headers -- http-outgoing-16 >> Host: localhost:3000
23:22:05.461 [main] DEBUG org.apache.http.headers -- http-outgoing-16 >> Connection: Keep-Alive
23:22:05.461 [main] DEBUG org.apache.http.headers -- http-outgoing-16 >> User-Agent: Apache-HttpClient/4.5.14 (Java/17.0.9)
23:22:05.461 [main] DEBUG org.apache.http.headers -- http-outgoing-16 >> Accept-Encoding: gzip,deflate
23:22:05.461 [main] DEBUG org.apache.http.wire -- http-outgoing-16 >> "GET /posts/feed?limit=50&page=1 HTTP/1.1[\r][\n]"
23:22:05.461 [main] DEBUG org.apache.http.wire -- http-outgoing-16 >> "Authorization: Bearer eyJhbGciOiJIUzI1NiIsInR5cCI6IkpXVCJ9.eyJzdWIiOiIwODUxNWIwNS0yZDNlLTQ3ODktYWQ2MC1kYjM1NTI1YTQ5NzAiLCJ1c2VybmFtZSI6Im5hbSIsInJvbGUiOjAsImlhdCI6MTc1MDQzMzEyOCwiZXhwIjoxNzUwNDM2NzI4fQ.LLNWdGI7R_rFyU4cQg2wm-V3Jq9O_6TIXzyRgCE6Uf4[\r][\n]"
23:22:05.461 [main] DEBUG org.apache.http.wire -- http-outgoing-16 >> "Host: localhost:3000[\r][\n]"
23:22:05.461 [main] DEBUG org.apache.http.wire -- http-outgoing-16 >> "Connection: Keep-Alive[\r][\n]"
23:22:05.461 [main] DEBUG org.apache.http.wire -- http-outgoing-16 >> "User-Agent: Apache-HttpClient/4.5.14 (Java/17.0.9)[\r][\n]"
23:22:05.461 [main] DEBUG org.apache.http.wire -- http-outgoing-16 >> "Accept-Encoding: gzip,deflate[\r][\n]"
23:22:05.461 [main] DEBUG org.apache.http.wire -- http-outgoing-16 >> "[\r][\n]"
23:22:05.621 [main] DEBUG org.apache.http.wire -- http-outgoing-16 << "HTTP/1.1 200 OK[\r][\n]"
23:22:05.621 [main] DEBUG org.apache.http.wire -- http-outgoing-16 << "X-Powered-By: Express[\r][\n]"
23:22:05.621 [main] DEBUG org.apache.http.wire -- http-outgoing-16 << "Access-Control-Allow-Origin: *[\r][\n]"
23:22:05.621 [main] DEBUG org.apache.http.wire -- http-outgoing-16 << "Content-Type: application/json; charset=utf-8[\r][\n]"
23:22:05.621 [main] DEBUG org.apache.http.wire -- http-outgoing-16 << "Content-Length: 18579[\r][\n]"
23:22:05.621 [main] DEBUG org.apache.http.wire -- http-outgoing-16 << "ETag: W/"4893-Raxe7KzWaa90Shv1oiOTQbA3Y9o"[\r][\n]"
23:22:05.621 [main] DEBUG org.apache.http.wire -- http-outgoing-16 << "Date: Fri, 20 Jun 2025 16:22:05 GMT[\r][\n]"
23:22:05.621 [main] DEBUG org.apache.http.wire -- http-outgoing-16 << "Connection: keep-alive[\r][\n]"
23:22:05.621 [main] DEBUG org.apache.http.wire -- http-outgoing-16 << "Keep-Alive: timeout=5[\r][\n]"
23:22:05.621 [main] DEBUG org.apache.http.wire -- http-outgoing-16 << "[\r][\n]"
23:22:05.621 [main] DEBUG org.apache.http.wire -- http-outgoing-16 << "{"message":"Feed","statusCode":200,"status":"success","data":[{"id":"007fcd52-ae77-4c58-988d-36ef78edc29b","authorId":"dacf294e-491b-47ff-bd74-bfe5ddbfbdf9","imageUrl":["https://res.cloudinary.com/dizcvrefo/image/upload/v1748598131/nestjs_uploads/tsh3n10qz6mojbkiayhx.jpg","https://res.cloudinary.com/dizcvrefo/image/upload/v1748598131/nestjs_uploads/no5fdmt60yg8li6gvwao.jpg","https://res.cloudinary.com/dizcvrefo/image/upload/v1748598131/nestjs_uploads/lbn3umepxtqxjcw51mv0.jpg","https://res.cloudinary.com/dizcvrefo/image/upload/v1748598131/nestjs_uploads/e4nufb9kmremurdaanw5.jpg","https://res.cloudinary.com/dizcvrefo/image/upload/v1748598131/nestjs_uploads/pqwqj0gdwqfqqyct54hz.jpg","https://res.cloudinary.com/dizcvrefo/image/upload/v1748598130/nestjs_uploads/dics8pfhps2jfskadthz.jpg"],"caption":"Th[0xe1][0xbb][0x83] thao [0xc4][0x91]i[0xe1][0xbb][0x87]n t[0xe1][0xbb][0xad]","location":null,"tags":[],"isPublic":true,"likeCount":0,"commentCount":0,"sharedCount":0,"createdAt":"2025-05-30T09:42:13.811Z","updatedAt":"2025-05-30T09:42:13.811Z","author":{"username":"chinh","profilePic":"https://hebbkx1anhila5yf.public.blob.vercel-storage.com/image-hiZZ98WEvmBOkk3oAqffc3ReiwtEIO.png"},"_count":{"likes":3,"comments":0},"score":0.02154056593626796,"isLike":true,"isToday":false,"isFollowing":true,"isSelf":false},{"id":"479ed759-3811-4b84-8141-bff184fae4b8","authorId":"dacf294e-491b-47ff-bd74-bfe5ddbfbdf9","imageUrl":["https://res.cloudinary.com/dizcvrefo/image/upload/v1748596741/nestjs_uploads/g8vk3zn2rfop6caitmfb.jpg","https://res.cloudinary.com/dizcvrefo/image/upload/v1748596741/nestjs_uploads/cqcspqsifpg0ndthyuax.jpg","https://res.cloudinary.com/dizcvrefo/image/upload/v1748596741/nestjs_uploads/hc3svmdbfotscvcctfoq.jpg","https://res.cloudinary.com/dizcvrefo/image/upload/v1748596742/nestjs_uploads/fxjvluy2vpyfuspukumf.jpg","https://res.cloudinary.com/dizcvrefo/image/upload/v1748596741/nestjs_uploads/sb38euks3gzg5f92uiig.jpg"],"caption":"Village","location":null,"tags":[],"isPublic":true,"likeCount":0,"commentCount":0,"sharedCount":0,"createdAt":"2025-05-30T09:19:04.180Z","updatedAt":"2025-05-30T09:19:04.180Z","author":{"username":"chinh","profilePic":"https://hebbkx1anhila5yf.public.blob.vercel-storage.com/image-hiZZ98WEvmBOkk3oAqffc3ReiwtEIO.png"},"_count":{"likes":3,"comments":0},"score":0.02152429583074591,"isLike":true,"isToday":false,"isFollowing":true,"isSelf":false},{"id":"9ef01284-6f35-4f8a-9d58-3f5891acc766","authorId":"dacf294e-491b-47ff-bd74-bfe5ddbfbdf9","imageUrl":["https://res.cloudinary.com/dizcvrefo/image/upload/v1748596489/nestjs_uploads/ue1yvhe1qzvlc2pmkjee.jpg","https://res.cloudinary.com/dizcvrefo/image/upload/v1748596493/nestjs_uploads/bm3pcnpqmnppnsuq0pv9.jpg","https://res.cloudinary.com/dizcvrefo/image/upload/v1748596489/nestjs_uploads/q6nipodzp1mdnpm1p13g.jpg","https://res.cloudinary.com/dizcvrefo/image/upload/v1748596489/nestjs_uploads/icygr75zfmxk0ehqsnwo.jpg","https://res.cloudinary.com/dizcvrefo/image/upload/v1748596489/nestjs_uploads/ghgd01xzcaxpra5httqg.jpg","https://res.cloudinary.com/dizcvrefo/image/upload/v1748596489/nestjs_uploads/o53mpfip4l7dbjbd7wcw.jpg"],"caption":"Nh[0xe1][0xba][0xad]u","location":null,"tags":[],"isPublic":true,"likeCount":0,"commentCount":0,"sharedCount":0,"createdAt":"2025-05-30T09:14:54.972Z","updatedAt":"2025-05-30T09:14:54.972Z","author":{"username":"chinh","profilePic":"https://hebbkx1anhila5yf.public.blob.vercel-storage.com/image-hiZZ98WEvmBOkk3oAqffc3ReiwtEIO.png"},"_count":{"likes":3,"comments":0},"score":0.02152138064739377,"isLike":true,"isToday":false,"isFollowing":true,"isSelf":false},{"id":"9c4e8842-ced5-492b-9423-890177a28564","authorId":"2b84aa24-668a-40e2-af1c-ad4fc4fa5a6f","imageUrl":["https://res.cloudinary.com/dizcvrefo/image/upload/v1748659538/nestjs_uploads/n4mg888um8bynequtdtp.jpg","https://res.cloudinary.com/dizcvrefo/image/upload/v1748659538/nestjs_uploads/mfqojpf1bufduxfh0j0n.jpg","https://res.cloudinary.com/dizcvrefo/image/upload/v1748659538/nestjs_uploads/vx9qkwao5v4hdeqiplsp.jpg","https://res.cloudinary.com/dizcvrefo/image/upload/v1748659538/nestjs_uploads/r2sv0p0echvnrwqxoswu.jpg"],"caption":"Ha noi nay tro gio","location":null,"tags":[],"isPublic":true,"likeCount":0,"commentCount":0,"sharedCount":0,"createdAt":"2025-05-31T02:45:39.688Z","updatedAt":"2025-05-31T02:45:39.688Z","author":{"username":"quang1","profilePic":"https://res.cloudinary.com/dizcvrefo/image/upload/v1749027586/nestjs_uploads/xehairydt9rzlbmbmv4c.jpg"},"_count":{"likes":2,"comments":0},"score":0.018233121263543508,"isLike":false,"isToday":false,"isFollowing":true,"isSelf":false},{"id":"e3f481cc-53c6-41c8-9a28-cd2f9c4f2f46","authorId":"2b84aa24-668a-40e2-af1c-ad4fc4fa5a6f","imageUrl":["https://res.cloudinary.com/dizcvrefo/image/upload/v1749027663/nestjs_uploads/nuuktb6j4oy5jnuyt3ws.jpg","https://res.cloudinary.com/dizcvrefo/image/upload/v1749027663/nestjs_uploads/aa03sao5n7bkhyhhrovx.jpg","https://res.cloudinary.com/dizcvrefo/image/upload/v1749027663/nestjs_uploads/hic88kwvdqoltmqsueim.jpg","https://res.cloudinary.com/dizcvrefo/image/upload/v1749027664/nestjs_uploads/hrnmt9e7g7pavf2fxwyw.png","https://res.cloudinary.com/dizcvrefo/image/upload/v1749027664/nestjs_uploads/oxa2hbuxzj3lngjbubpf.jpg","https://res.cloudinary.com/dizcvrefo/image/upload/v1749027663/nestjs_uploads/scrigmpzvmixwv9ddfnl.jpg","https://res.cloudinary.com/dizcvrefo/image/upload/v1749027664/nestjs_uploads/wpnyt5jyz8lgj2bvprin.jpg"],"caption":"Buon that, hom nay toi thi truot","location":null,"tags":[],"isPublic":true,"likeCount":0,"commentCount":0,"sharedCount":0,"createdAt":"2025-06-04T09:01:06.391Z","updatedAt":"2025-06-04T09:01:06.391Z","author":{"username":"quang1","profilePic":"https://res.cloudinary.com/dizcvrefo/image/upload/v1749027586/nestjs_uploads/xehairydt9rzlbmbmv4c.jpg"},"_count":{"likes":1,"comments":0},"score":0.017886811871190282,"isLike":false,"isToday":false,"isFollowing":true,"isSelf":false},{"id":"c8151412-bc98-49ec-88ff-57b89cc2ce67","authorId":"08515b05-2d3e-4789-ad60-db35525a4970","imageUrl":["https://res.cloudinary.com/dizcvrefo/image/upload/v1748933672/nestjs_uploads/rpehmvwkwptjktjzllxz.jpg","https://res.cloudinary.com/dizcvrefo/image/upload/v1748933672/nestjs_uploads/xl8wce3gldsuaekfnfwo.jpg","https://res.cloudinary.com/dizcvrefo/image/upload/v1748933671/nestjs_uploads/ee1ntt1feukxfszhma1b.jpg"],"caption":"Moi di hom nay","location":null,"tags":[],"isPublic":true,"likeCount":0,"commentCount":0,"sharedCount":0,"createdAt":"2025-06-03T06:54:33.756Z","updatedAt":"2025-06-03T06:54:33.756Z","author":{"username":"nam","profilePic":"https://res.cloudinary.com/dizcvrefo/image/upload/v1749266646/nestjs_uploads/zk9zrpeidnovxibfqdxr.png"},"_count":{"likes":3,"comments":0},"score":0.014372674049281631,"isLike":true,"isToday":false,"isFollowing":false,"isSelf":true},{"id":"45a2d709-c6c9-4887-9235-dbbd2d381827","authorId":"08515b05-2d3e-4789-ad60-db35525a4970","imageUrl":["https://res.cloudinary.com/dizcvrefo/image/upload/v1748932129/nestjs_uploads/ecwyixgm9kf0zdng7bdp.png","https://res.cloudinary.com/dizcvrefo/image/upload/v1748932129/nestjs_uploads/uhl3z1wamgjxl5o4vq1l.jpg","https://res.cloudinary.com/dizcvrefo/image/upload/v1748932129/nestjs_uploads/pavlktzorkfcm5pp31io.jpg","https://res.cloudinary.com/dizcvrefo/image/upload/v1748932129/nestjs_uploads/knew9jcdpmwaleoa6oov.jpg"],"caption":"Di choi di anh em oi","location":null,"tags":[],"isPublic":true,"likeCount":0,"commentCount":0,"sharedCount":0,"createdAt":"2025-06-03T06:28:51.322Z","updatedAt":"2025-06-03T06:28:51.322Z","author":{"username":"nam","profilePic":"https://res.cloudinary.com/dizcvrefo/image/upload/v1749266646/nestjs_uploads/zk9zrpeidnovxibfqdxr.png"},"_count":{"likes":3,"comments":0},"score":0.014357937951744391,"isLike":true,"isToday":false,"isFollowing":false,"isSelf":true},{"id":"bd9fb1fc-af49-4625-aa11-a458424d17ca","authorId":"08515b05-2d3e-4789-ad60-db35525a4970","imageUrl":["https://res.cloudinary.com/dizcvrefo/image/upload/v1749400565/nestj"
23:22:05.621 [main] DEBUG org.apache.http.headers -- http-outgoing-16 << HTTP/1.1 200 OK
23:22:05.621 [main] DEBUG org.apache.http.headers -- http-outgoing-16 << X-Powered-By: Express
23:22:05.621 [main] DEBUG org.apache.http.headers -- http-outgoing-16 << Access-Control-Allow-Origin: *
23:22:05.621 [main] DEBUG org.apache.http.headers -- http-outgoing-16 << Content-Type: application/json; charset=utf-8
23:22:05.621 [main] DEBUG org.apache.http.headers -- http-outgoing-16 << Content-Length: 18579
23:22:05.621 [main] DEBUG org.apache.http.headers -- http-outgoing-16 << ETag: W/"4893-Raxe7KzWaa90Shv1oiOTQbA3Y9o"
23:22:05.621 [main] DEBUG org.apache.http.headers -- http-outgoing-16 << Date: Fri, 20 Jun 2025 16:22:05 GMT
23:22:05.621 [main] DEBUG org.apache.http.headers -- http-outgoing-16 << Connection: keep-alive
23:22:05.621 [main] DEBUG org.apache.http.headers -- http-outgoing-16 << Keep-Alive: timeout=5
23:22:05.621 [main] DEBUG org.apache.http.impl.execchain.MainClientExec -- Connection can be kept alive for 5000 MILLISECONDS
23:22:05.621 [main] DEBUG org.apache.http.wire -- http-outgoing-16 << "s_uploads/srvf0b7b2fnsab8uqc8g.jpg","https://res.cloudinary.com/dizcvrefo/image/upload/v1749400565/nestjs_uploads/u2gybzjxkewsxa1atyq4.jpg","https://res.cloudinary.com/dizcvrefo/image/upload/v1749400565/nestjs_uploads/lottkkizhi1ngodzx4pp.jpg"],"caption":"toi la NAM BO","location":null,"tags":[],"isPublic":true,"likeCount":0,"commentCount":0,"sharedCount":0,"createdAt":"2025-06-08T16:36:04.450Z","updatedAt":"2025-06-08T16:36:04.450Z","author":{"username":"nam","profilePic":"https://res.cloudinary.com/dizcvrefo/image/upload/v1749266646/nestjs_uploads/zk9zrpeidnovxibfqdxr.png"},"_count":{"likes":2,"comments":0},"score":0.013900134872912143,"isLike":true,"isToday":false,"isFollowing":false,"isSelf":true},{"id":"8a0e35ce-0f39-4475-b2d2-15c217983926","authorId":"08515b05-2d3e-4789-ad60-db35525a4970","imageUrl":["https://res.cloudinary.com/dizcvrefo/image/upload/v1748597950/nestjs_uploads/siabu4jmaf7nfak5xkgc.jpg","https://res.cloudinary.com/dizcvrefo/image/upload/v1748597951/nestjs_uploads/bufde4typyni9j408ua4.jpg"
23:22:05.623 [main] DEBUG org.apache.http.wire -- http-outgoing-16 << "","https://res.cloudinary.com/dizcvrefo/image/upload/v1748597951/nestjs_uploads/yk6tjdkirr4a7ons7iz5.jpg"],"caption":"[0xc4][0x82]n g[0xc3][0xac] kh[0xc3][0xb4]ng","location":null,"tags":[],"isPublic":true,"likeCount":0,"commentCount":0,"sharedCount":0,"createdAt":"2025-05-30T09:39:13.647Z","updatedAt":"2025-05-30T09:39:13.647Z","author":{"username":"nam","profilePic":"https://res.cloudinary.com/dizcvrefo/image/upload/v1749266646/nestjs_uploads/zk9zrpeidnovxibfqdxr.png"},"_count":{"likes":3,"comments":0},"score":0.01174824826302938,"isLike":true,"isToday":false,"isFollowing":false,"isSelf":true},{"id":"b96886bd-5f00-41af-a440-152f360f1657","authorId":"08515b05-2d3e-4789-ad60-db35525a4970","imageUrl":["https://res.cloudinary.com/dizcvrefo/image/upload/v1748597371/nestjs_uploads/vce2gudp9o4mm4fn8xt0.jpg","https://res.cloudinary.com/dizcvrefo/image/upload/v1748597372/nestjs_uploads/u691vkjqxrek1dv0wtbm.jpg","https://res.cloudinary.com/dizcvrefo/image/upload/v1748597371/nestjs_uploads/feqbcopm8ge8maj3hu6k.jpg"],"caption":"ok","location":null,"
23:22:05.623 [main] DEBUG org.apache.http.wire -- http-outgoing-16 << ""tags":[],"isPublic":true,"likeCount":0,"commentCount":0,"sharedCount":0,"createdAt":"2025-05-30T09:29:34.405Z","updatedAt":"2025-05-30T09:29:34.405Z","author":{"username":"nam","profilePic":"https://res.cloudinary.com/dizcvrefo/image/upload/v1749266646/nestjs_uploads/zk9zrpeidnovxibfqdxr.png"},"_count":{"likes":3,"comments":0},"score":0.011744548143778082,"isLike":true,"isToday":false,"isFollowing":false,"isSelf":true},{"id":"d79e9a48-ca20-40fd-bb11-ed7302657db9","authorId":"08515b05-2d3e-4789-ad60-db35525a4970","imageUrl":["https://res.cloudinary.com/dizcvrefo/image/upload/v1749382783/nestjs_uploads/buqh5wktqj3y5etgfxok.jpg","https://res.cloudinary.com/dizcvrefo/image/upload/v1749382789/nestjs_uploads/wjm5idulrdjhv7yuc477.jpg","https://res.cloudinary.com/dizcvrefo/image/upload/v1749382781/nestjs_uploads/ztoyccvbrahzxkbm7mxb.jpg","https://res.cloudinary.com/dizcvrefo/image/upload/v1749383075/nestjs_uploads/yjbnpjozb3x4suirhe9d.jpg","https://res.cloudinary.com/dizcvrefo/image/upload/v1749383076/nestjs_uploads"
23:22:05.623 [main] DEBUG org.apache.http.wire -- http-outgoing-16 << "/wurnhokpsyvvjg60iceu.jpg"],"caption":"H[0xc3][0xb4]m nay l[0xc3][0xa0] th[0xe1][0xbb][0xa9] 7 em th[0xc3][0xad]ch [0xc4][0x91]i th[0xc3][0xad]ch [0xc4][0x91]i v[0xc3][0xa0]o bar u[0xe1][0xbb][0x91]ng [0xf0][0x9f][0x8d][0xba] [0xf0][0x9f][0x92][0x83][0xf0][0x9f][0x92][0x83][0xf0][0x9f][0x92][0x83]","location":null,"tags":[],"isPublic":true,"likeCount":0,"commentCount":0,"sharedCount":0,"createdAt":"2025-05-28T09:56:16.976Z","updatedAt":"2025-06-08T11:44:37.991Z","author":{"username":"nam","profilePic":"https://res.cloudinary.com/dizcvrefo/image/upload/v1749266646/nestjs_uploads/zk9zrpeidnovxibfqdxr.png"},"_count":{"likes":3,"comments":0},"score":0.010744404983544533,"isLike":true,"isToday":false,"isFollowing":false,"isSelf":true},{"id":"028cfac7-688b-4f4d-832d-1dd681b89e64","authorId":"08515b05-2d3e-4789-ad60-db35525a4970","imageUrl":["https://res.cloudinary.com/dizcvrefo/image/upload/v1748964089/nestjs_uploads/r2x7j8rz3gfsze8o0fe7.jpg","https://res.cloudinary.com/dizcvrefo/image/upload/v1748964089/nestjs_uploads/ebic5ju0e6btkxv2g526.jpg","https://res.cloudinary.com/dizcvrefo/image/upload/v1748964089/nestjs_uploads/ngkhumq5qjehuoqmvxqv.jpg"],"caption":"Di uong bia","location":null,"tag"
23:22:05.623 [main] DEBUG org.apache.http.wire -- http-outgoing-16 << "s":[],"isPublic":true,"likeCount":0,"commentCount":0,"sharedCount":0,"createdAt":"2025-06-03T15:21:31.678Z","updatedAt":"2025-06-03T15:21:31.678Z","author":{"username":"nam","profilePic":"https://res.cloudinary.com/dizcvrefo/image/upload/v1749266646/nestjs_uploads/zk9zrpeidnovxibfqdxr.png"},"_count":{"likes":2,"comments":0},"score":0.009779725649804583,"isLike":true,"isToday":false,"isFollowing":false,"isSelf":true},{"id":"7918bc4d-383d-462e-afab-91099bc69905","authorId":"08515b05-2d3e-4789-ad60-db35525a4970","imageUrl":["https://res.cloudinary.com/dizcvrefo/image/upload/v1749449962/nestjs_uploads/h3loqo8k5fpmi2ipdtof.jpg"],"caption":"[0xc4][0x90][0xe1][0xba][0xb9]p trai th[0xc3][0xac] m[0xe1][0xbb][0x9b]i c[0xc3][0xb3] nhi[0xe1][0xbb][0x81]u [0xc4][0x91][0xe1][0xbb][0xa9]a y[0xc3][0xaa]u h[0xe1][0xba][0xb9] h[0xe1][0xba][0xb9]","location":null,"tags":[],"isPublic":true,"likeCount":0,"commentCount":0,"sharedCount":0,"createdAt":"2025-06-09T06:19:23.318Z","updatedAt":"2025-06-09T06:19:23.318Z","author":{"username":"nam","profilePic":"https://res.cloudinary.com/dizcvrefo/image/upload/v1749266646/nestjs_uploads/zk9zrpeidnovxibfqdxr.png"},"_count":{""
23:22:05.623 [main] DEBUG org.apache.http.wire -- http-outgoing-16 << "likes":1,"comments":0},"score":0.007298069243174803,"isLike":true,"isToday":false,"isFollowing":false,"isSelf":true},{"id":"0c10c426-3d53-443a-8155-39234544c693","authorId":"08515b05-2d3e-4789-ad60-db35525a4970","imageUrl":["https://res.cloudinary.com/dizcvrefo/image/upload/v1749397668/nestjs_uploads/umpwoepazt6it2racqhe.webp","https://res.cloudinary.com/dizcvrefo/image/upload/v1749397668/nestjs_uploads/hcj53nurl5lpudcfaz3f.webp","https://res.cloudinary.com/dizcvrefo/image/upload/v1749397668/nestjs_uploads/qv1vfbg7k6lkeldhb7e3.webp","https://res.cloudinary.com/dizcvrefo/image/upload/v1749397668/nestjs_uploads/c6ruaxtyahilompxxej9.webp"],"caption":"Tr[0xe1][0xbb][0x9d]i xanh m[0xc3][0xa2]y tr[0xe1][0xba][0xaf]ng","location":null,"tags":[],"isPublic":true,"likeCount":0,"commentCount":0,"sharedCount":0,"createdAt":"2025-06-08T15:47:50.242Z","updatedAt":"2025-06-08T15:47:50.242Z","author":{"username":"nam","profilePic":"https://res.cloudinary.com/dizcvrefo/image/upload/v1749266646/nestjs_uploads/zk9zrpeidnovxibfqdxr.png"},"_count":{"likes":1,"comments""
23:22:05.623 [main] DEBUG org.apache.http.wire -- http-outgoing-16 << ":0},"score":0.006930704836827918,"isLike":false,"isToday":false,"isFollowing":false,"isSelf":true},{"id":"d296ef84-ae0f-4d14-a91a-15dd66bc0dac","authorId":"08515b05-2d3e-4789-ad60-db35525a4970","imageUrl":["https://res.cloudinary.com/dizcvrefo/image/upload/v1749397436/nestjs_uploads/w9d8ldmhonbzeenkcxpb.jpg","https://res.cloudinary.com/dizcvrefo/image/upload/v1749397436/nestjs_uploads/g8xrn89xfaz4ssvslueo.jpg","https://res.cloudinary.com/dizcvrefo/image/upload/v1749397436/nestjs_uploads/wggtlkgkwlcrmgrhskup.jpg"],"caption":"[0xc4][0x90][0xe1][0xbb][0xab]ng t[0xc3][0xac]m nhau v[0xc3][0xa0]o h[0xc3][0xb4]m gi[0xc3][0xb3] m[0xc6][0xb0]a t[0xc6][0xa1]i b[0xe1][0xbb][0x9d]i","location":null,"tags":[],"isPublic":true,"likeCount":0,"commentCount":0,"sharedCount":0,"createdAt":"2025-06-08T15:43:57.895Z","updatedAt":"2025-06-08T15:43:57.895Z","author":{"username":"nam","profilePic":"https://res.cloudinary.com/dizcvrefo/image/upload/v1749266646/nestjs_uploads/zk9zrpeidnovxibfqdxr.png"},"_count":{"likes":1,"comments":0},"score":0.006929155084640082,"isLike":true,"isToday":false,"isFollowing":false,"isSelf":true},{"id"
23:22:05.623 [main] DEBUG org.apache.http.wire -- http-outgoing-16 << "":"f1eae5ad-ef38-43e0-a9b8-1c1e0c2f6efd","authorId":"08515b05-2d3e-4789-ad60-db35525a4970","imageUrl":["https://res.cloudinary.com/dizcvrefo/image/upload/v1749397189/nestjs_uploads/n24psljoc11kfpxrlozi.jpg","https://res.cloudinary.com/dizcvrefo/image/upload/v1749397188/nestjs_uploads/ebdf0uii6p2yc3m30ruv.webp","https://res.cloudinary.com/dizcvrefo/image/upload/v1749397188/nestjs_uploads/vrc16ao0luptsqlvep2z.webp"],"caption":"Trong [0xc4][0x91][0xe1][0xba][0xa7]m g[0xc3][0xac] [0xc4][0x91][0xe1][0xba][0xb9]p b[0xe1][0xba][0xb1]ng sen","location":null,"tags":[],"isPublic":true,"likeCount":0,"commentCount":0,"sharedCount":0,"createdAt":"2025-06-08T15:39:50.851Z","updatedAt":"2025-06-08T15:39:50.851Z","author":{"username":"nam","profilePic":"https://res.cloudinary.com/dizcvrefo/image/upload/v1749266646/nestjs_uploads/zk9zrpeidnovxibfqdxr.png"},"_count":{"likes":1,"comments":0},"score":0.006927508063643439,"isLike":true,"isToday":false,"isFollowing":false,"isSelf":true},{"id":"52cfd912-292f-4fbf-9240-3000d608dcd4","authorId":"e7b38cb7-6701-40d9-a3bd-f53fc4d43457","imageUrl":["https://res"
23:22:05.623 [main] DEBUG org.apache.http.wire -- http-outgoing-16 << ".cloudinary.com/dizcvrefo/image/upload/v1749316896/nestjs_uploads/lc1jqjzblqshqho7eavx.jpg"],"caption":"This is my first post","location":null,"tags":[],"isPublic":true,"likeCount":0,"commentCount":0,"sharedCount":0,"createdAt":"2025-05-14T05:28:07.619Z","updatedAt":"2025-06-07T17:21:37.389Z","author":{"username":"ductrong","profilePic":null},"_count":{"likes":3,"comments":0},"score":0.0066748289070308634,"isLike":true,"isToday":false,"isFollowing":false,"isSelf":false},{"id":"546e44ab-45c4-4412-83c9-4a2cd786d46f","authorId":"08515b05-2d3e-4789-ad60-db35525a4970","imageUrl":["https://res.cloudinary.com/dizcvrefo/image/upload/v1749223872/nestjs_uploads/u1lkztc9gc8jfijtppib.jpg","https://res.cloudinary.com/dizcvrefo/image/upload/v1749223872/nestjs_uploads/hvbjhzpqvpw9kjrejiko.jpg","https://res.cloudinary.com/dizcvrefo/image/upload/v1749223872/nestjs_uploads/a9s8eujvzsy7sminvaaw.jpg","https://res.cloudinary.com/dizcvrefo/image/upload/v1749223872/nestjs_uploads/l0darr6gsfvyaz3udhvr.jpg"],"caption":"Th[0xe1][0xbb][0x9d]i ti[0xe1][0xba][0xbf]t "
23:22:05.623 [main] DEBUG org.apache.http.wire -- http-outgoing-16 << "n[0xc3][0xb3]ng nh[0xc6][0xb0] c[0xc3][0xa1]i l[0xc3][0xb2]","location":null,"tags":[],"isPublic":true,"likeCount":0,"commentCount":0,"sharedCount":0,"createdAt":"2025-06-06T15:31:13.422Z","updatedAt":"2025-06-06T15:31:13.422Z","author":{"username":"nam","profilePic":"https://res.cloudinary.com/dizcvrefo/image/upload/v1749266646/nestjs_uploads/zk9zrpeidnovxibfqdxr.png"},"_count":{"likes":1,"comments":0},"score":0.00593739903818869,"isLike":true,"isToday":false,"isFollowing":false,"isSelf":true},{"id":"d227a0c8-1c22-46cc-b7d2-4cdc49559d5a","authorId":"08515b05-2d3e-4789-ad60-db35525a4970","imageUrl":["https://res.cloudinary.com/dizcvrefo/image/upload/v1749396710/nestjs_uploads/rbfbkt8z02milpnwumdf.jpg","https://res.cloudinary.com/dizcvrefo/image/upload/v1749396710/nestjs_uploads/vgcadq2d5bc0n7ccenbd.jpg","https://res.cloudinary.com/dizcvrefo/image/upload/v1749396710/nestjs_uploads/mnxecfqiyziizzhgvpkx.jpg","https://res.cloudinary.com/dizcvrefo/image/upload/v1749396710/nestjs_uploads/ejjhcrbzulhtddkxenrb.jpg"],"caption":"Qu[0xe1][0xbb][0x91]c t[0xe1][0xba][0xbf] thi[0xe1][0xba][0xbf]u nhi","loc"
23:22:05.623 [main] DEBUG org.apache.http.wire -- http-outgoing-16 << "ation":null,"tags":[],"isPublic":true,"likeCount":0,"commentCount":0,"sharedCount":0,"createdAt":"2025-06-08T15:31:52.624Z","updatedAt":"2025-06-08T15:31:52.624Z","author":{"username":"nam","profilePic":"https://res.cloudinary.com/dizcvrefo/image/upload/v1749266646/nestjs_uploads/zk9zrpeidnovxibfqdxr.png"},"_count":{"likes":0,"comments":0},"score":0,"isLike":false,"isToday":false,"isFollowing":false,"isSelf":true}]}"
23:22:05.623 [main] DEBUG org.apache.http.impl.conn.PoolingHttpClientConnectionManager -- Connection [id: 16][route: {}->http://localhost:3000] can be kept alive for 5.0 seconds
23:22:05.623 [main] DEBUG org.apache.http.impl.conn.DefaultManagedHttpClientConnection -- http-outgoing-16: set socket timeout to 0
23:22:05.623 [main] DEBUG org.apache.http.impl.conn.PoolingHttpClientConnectionManager -- Connection released: [id: 16][route: {}->http://localhost:3000][total available: 1; route allocated: 1 of 5; total allocated: 1 of 10]
23:22:05.623 [main] DEBUG org.apache.http.impl.conn.PoolingHttpClientConnectionManager -- Connection manager is shutting down
23:22:05.623 [main] DEBUG org.apache.http.impl.conn.DefaultManagedHttpClientConnection -- http-outgoing-16: Close connection
23:22:05.623 [main] DEBUG org.apache.http.impl.conn.PoolingHttpClientConnectionManager -- Connection manager shut down
23:22:05.624 [main] DEBUG com.intuit.karate -- response time in milliseconds: 163
1 < 200
1 < X-Powered-By: Express
1 < Access-Control-Allow-Origin: *
1 < Content-Type: application/json; charset=utf-8
1 < Content-Length: 18579
1 < ETag: W/"4893-Raxe7KzWaa90Shv1oiOTQbA3Y9o"
1 < Date: Fri, 20 Jun 2025 16:22:05 GMT
1 < Connection: keep-alive
1 < Keep-Alive: timeout=5
{
  "message": "Feed",
  "statusCode": 200,
  "status": "success",
  "data": [
    {
      "id": "007fcd52-ae77-4c58-988d-36ef78edc29b",
      "authorId": "dacf294e-491b-47ff-bd74-bfe5ddbfbdf9",
      "imageUrl": [
        "https://res.cloudinary.com/dizcvrefo/image/upload/v1748598131/nestjs_uploads/tsh3n10qz6mojbkiayhx.jpg",
        "https://res.cloudinary.com/dizcvrefo/image/upload/v1748598131/nestjs_uploads/no5fdmt60yg8li6gvwao.jpg",
        "https://res.cloudinary.com/dizcvrefo/image/upload/v1748598131/nestjs_uploads/lbn3umepxtqxjcw51mv0.jpg",
        "https://res.cloudinary.com/dizcvrefo/image/upload/v1748598131/nestjs_uploads/e4nufb9kmremurdaanw5.jpg",
        "https://res.cloudinary.com/dizcvrefo/image/upload/v1748598131/nestjs_uploads/pqwqj0gdwqfqqyct54hz.jpg",
        "https://res.cloudinary.com/dizcvrefo/image/upload/v1748598130/nestjs_uploads/dics8pfhps2jfskadthz.jpg"
      ],
      "caption": "Th? thao ?i?n t?",
      "location": null,
      "tags": [
      ],
      "isPublic": true,
      "likeCount": 0,
      "commentCount": 0,
      "sharedCount": 0,
      "createdAt": "2025-05-30T09:42:13.811Z",
      "updatedAt": "2025-05-30T09:42:13.811Z",
      "author": {
        "username": "chinh",
        "profilePic": "https://hebbkx1anhila5yf.public.blob.vercel-storage.com/image-hiZZ98WEvmBOkk3oAqffc3ReiwtEIO.png"
      },
      "_count": {
        "likes": 3,
        "comments": 0
      },
      "score": 0.02154056593626796,
      "isLike": true,
      "isToday": false,
      "isFollowing": true,
      "isSelf": false
    },
    {
      "id": "479ed759-3811-4b84-8141-bff184fae4b8",
      "authorId": "dacf294e-491b-47ff-bd74-bfe5ddbfbdf9",
      "imageUrl": [
        "https://res.cloudinary.com/dizcvrefo/image/upload/v1748596741/nestjs_uploads/g8vk3zn2rfop6caitmfb.jpg",
        "https://res.cloudinary.com/dizcvrefo/image/upload/v1748596741/nestjs_uploads/cqcspqsifpg0ndthyuax.jpg",
        "https://res.cloudinary.com/dizcvrefo/image/upload/v1748596741/nestjs_uploads/hc3svmdbfotscvcctfoq.jpg",
        "https://res.cloudinary.com/dizcvrefo/image/upload/v1748596742/nestjs_uploads/fxjvluy2vpyfuspukumf.jpg",
        "https://res.cloudinary.com/dizcvrefo/image/upload/v1748596741/nestjs_uploads/sb38euks3gzg5f92uiig.jpg"
      ],
      "caption": "Village",
      "location": null,
      "tags": [
      ],
      "isPublic": true,
      "likeCount": 0,
      "commentCount": 0,
      "sharedCount": 0,
      "createdAt": "2025-05-30T09:19:04.180Z",
      "updatedAt": "2025-05-30T09:19:04.180Z",
      "author": {
        "username": "chinh",
        "profilePic": "https://hebbkx1anhila5yf.public.blob.vercel-storage.com/image-hiZZ98WEvmBOkk3oAqffc3ReiwtEIO.png"
      },
      "_count": {
        "likes": 3,
        "comments": 0
      },
      "score": 0.02152429583074591,
      "isLike": true,
      "isToday": false,
      "isFollowing": true,
      "isSelf": false
    },
    {
      "id": "9ef01284-6f35-4f8a-9d58-3f5891acc766",
      "authorId": "dacf294e-491b-47ff-bd74-bfe5ddbfbdf9",
      "imageUrl": [
        "https://res.cloudinary.com/dizcvrefo/image/upload/v1748596489/nestjs_uploads/ue1yvhe1qzvlc2pmkjee.jpg",
        "https://res.cloudinary.com/dizcvrefo/image/upload/v1748596493/nestjs_uploads/bm3pcnpqmnppnsuq0pv9.jpg",
        "https://res.cloudinary.com/dizcvrefo/image/upload/v1748596489/nestjs_uploads/q6nipodzp1mdnpm1p13g.jpg",
        "https://res.cloudinary.com/dizcvrefo/image/upload/v1748596489/nestjs_uploads/icygr75zfmxk0ehqsnwo.jpg",
        "https://res.cloudinary.com/dizcvrefo/image/upload/v1748596489/nestjs_uploads/ghgd01xzcaxpra5httqg.jpg",
        "https://res.cloudinary.com/dizcvrefo/image/upload/v1748596489/nestjs_uploads/o53mpfip4l7dbjbd7wcw.jpg"
      ],
      "caption": "Nh?u",
      "location": null,
      "tags": [
      ],
      "isPublic": true,
      "likeCount": 0,
      "commentCount": 0,
      "sharedCount": 0,
      "createdAt": "2025-05-30T09:14:54.972Z",
      "updatedAt": "2025-05-30T09:14:54.972Z",
      "author": {
        "username": "chinh",
        "profilePic": "https://hebbkx1anhila5yf.public.blob.vercel-storage.com/image-hiZZ98WEvmBOkk3oAqffc3ReiwtEIO.png"
      },
      "_count": {
        "likes": 3,
        "comments": 0
      },
      "score": 0.02152138064739377,
      "isLike": true,
      "isToday": false,
      "isFollowing": true,
      "isSelf": false
    },
    {
      "id": "9c4e8842-ced5-492b-9423-890177a28564",
      "authorId": "2b84aa24-668a-40e2-af1c-ad4fc4fa5a6f",
      "imageUrl": [
        "https://res.cloudinary.com/dizcvrefo/image/upload/v1748659538/nestjs_uploads/n4mg888um8bynequtdtp.jpg",
        "https://res.cloudinary.com/dizcvrefo/image/upload/v1748659538/nestjs_uploads/mfqojpf1bufduxfh0j0n.jpg",
        "https://res.cloudinary.com/dizcvrefo/image/upload/v1748659538/nestjs_uploads/vx9qkwao5v4hdeqiplsp.jpg",
        "https://res.cloudinary.com/dizcvrefo/image/upload/v1748659538/nestjs_uploads/r2sv0p0echvnrwqxoswu.jpg"
      ],
      "caption": "Ha noi nay tro gio",
      "location": null,
      "tags": [
      ],
      "isPublic": true,
      "likeCount": 0,
      "commentCount": 0,
      "sharedCount": 0,
      "createdAt": "2025-05-31T02:45:39.688Z",
      "updatedAt": "2025-05-31T02:45:39.688Z",
      "author": {
        "username": "quang1",
        "profilePic": "https://res.cloudinary.com/dizcvrefo/image/upload/v1749027586/nestjs_uploads/xehairydt9rzlbmbmv4c.jpg"
      },
      "_count": {
        "likes": 2,
        "comments": 0
      },
      "score": 0.018233121263543508,
      "isLike": false,
      "isToday": false,
      "isFollowing": true,
      "isSelf": false
    },
    {
      "id": "e3f481cc-53c6-41c8-9a28-cd2f9c4f2f46",
      "authorId": "2b84aa24-668a-40e2-af1c-ad4fc4fa5a6f",
      "imageUrl": [
        "https://res.cloudinary.com/dizcvrefo/image/upload/v1749027663/nestjs_uploads/nuuktb6j4oy5jnuyt3ws.jpg",
        "https://res.cloudinary.com/dizcvrefo/image/upload/v1749027663/nestjs_uploads/aa03sao5n7bkhyhhrovx.jpg",
        "https://res.cloudinary.com/dizcvrefo/image/upload/v1749027663/nestjs_uploads/hic88kwvdqoltmqsueim.jpg",
        "https://res.cloudinary.com/dizcvrefo/image/upload/v1749027664/nestjs_uploads/hrnmt9e7g7pavf2fxwyw.png",
        "https://res.cloudinary.com/dizcvrefo/image/upload/v1749027664/nestjs_uploads/oxa2hbuxzj3lngjbubpf.jpg",
        "https://res.cloudinary.com/dizcvrefo/image/upload/v1749027663/nestjs_uploads/scrigmpzvmixwv9ddfnl.jpg",
        "https://res.cloudinary.com/dizcvrefo/image/upload/v1749027664/nestjs_uploads/wpnyt5jyz8lgj2bvprin.jpg"
      ],
      "caption": "Buon that, hom nay toi thi truot",
      "location": null,
      "tags": [
      ],
      "isPublic": true,
      "likeCount": 0,
      "commentCount": 0,
      "sharedCount": 0,
      "createdAt": "2025-06-04T09:01:06.391Z",
      "updatedAt": "2025-06-04T09:01:06.391Z",
      "author": {
        "username": "quang1",
        "profilePic": "https://res.cloudinary.com/dizcvrefo/image/upload/v1749027586/nestjs_uploads/xehairydt9rzlbmbmv4c.jpg"
      },
      "_count": {
        "likes": 1,
        "comments": 0
      },
      "score": 0.017886811871190282,
      "isLike": false,
      "isToday": false,
      "isFollowing": true,
      "isSelf": false
    },
    {
      "id": "c8151412-bc98-49ec-88ff-57b89cc2ce67",
      "authorId": "08515b05-2d3e-4789-ad60-db35525a4970",
      "imageUrl": [
        "https://res.cloudinary.com/dizcvrefo/image/upload/v1748933672/nestjs_uploads/rpehmvwkwptjktjzllxz.jpg",
        "https://res.cloudinary.com/dizcvrefo/image/upload/v1748933672/nestjs_uploads/xl8wce3gldsuaekfnfwo.jpg",
        "https://res.cloudinary.com/dizcvrefo/image/upload/v1748933671/nestjs_uploads/ee1ntt1feukxfszhma1b.jpg"
      ],
      "caption": "Moi di hom nay",
      "location": null,
      "tags": [
      ],
      "isPublic": true,
      "likeCount": 0,
      "commentCount": 0,
      "sharedCount": 0,
      "createdAt": "2025-06-03T06:54:33.756Z",
      "updatedAt": "2025-06-03T06:54:33.756Z",
      "author": {
        "username": "nam",
        "profilePic": "https://res.cloudinary.com/dizcvrefo/image/upload/v1749266646/nestjs_uploads/zk9zrpeidnovxibfqdxr.png"
      },
      "_count": {
        "likes": 3,
        "comments": 0
      },
      "score": 0.014372674049281631,
      "isLike": true,
      "isToday": false,
      "isFollowing": false,
      "isSelf": true
    },
    {
      "id": "45a2d709-c6c9-4887-9235-dbbd2d381827",
      "authorId": "08515b05-2d3e-4789-ad60-db35525a4970",
      "imageUrl": [
        "https://res.cloudinary.com/dizcvrefo/image/upload/v1748932129/nestjs_uploads/ecwyixgm9kf0zdng7bdp.png",
        "https://res.cloudinary.com/dizcvrefo/image/upload/v1748932129/nestjs_uploads/uhl3z1wamgjxl5o4vq1l.jpg",
        "https://res.cloudinary.com/dizcvrefo/image/upload/v1748932129/nestjs_uploads/pavlktzorkfcm5pp31io.jpg",
        "https://res.cloudinary.com/dizcvrefo/image/upload/v1748932129/nestjs_uploads/knew9jcdpmwaleoa6oov.jpg"
      ],
      "caption": "Di choi di anh em oi",
      "location": null,
      "tags": [
      ],
      "isPublic": true,
      "likeCount": 0,
      "commentCount": 0,
      "sharedCount": 0,
      "createdAt": "2025-06-03T06:28:51.322Z",
      "updatedAt": "2025-06-03T06:28:51.322Z",
      "author": {
        "username": "nam",
        "profilePic": "https://res.cloudinary.com/dizcvrefo/image/upload/v1749266646/nestjs_uploads/zk9zrpeidnovxibfqdxr.png"
      },
      "_count": {
        "likes": 3,
        "comments": 0
      },
      "score": 0.014357937951744391,
      "isLike": true,
      "isToday": false,
      "isFollowing": false,
      "isSelf": true
    },
    {
      "id": "bd9fb1fc-af49-4625-aa11-a458424d17ca",
      "authorId": "08515b05-2d3e-4789-ad60-db35525a4970",
      "imageUrl": [
        "https://res.cloudinary.com/dizcvrefo/image/upload/v1749400565/nestjs_uploads/srvf0b7b2fnsab8uqc8g.jpg",
        "https://res.cloudinary.com/dizcvrefo/image/upload/v1749400565/nestjs_uploads/u2gybzjxkewsxa1atyq4.jpg",
        "https://res.cloudinary.com/dizcvrefo/image/upload/v1749400565/nestjs_uploads/lottkkizhi1ngodzx4pp.jpg"
      ],
      "caption": "toi la NAM BO",
      "location": null,
      "tags": [
      ],
      "isPublic": true,
      "likeCount": 0,
      "commentCount": 0,
      "sharedCount": 0,
      "createdAt": "2025-06-08T16:36:04.450Z",
      "updatedAt": "2025-06-08T16:36:04.450Z",
      "author": {
        "username": "nam",
        "profilePic": "https://res.cloudinary.com/dizcvrefo/image/upload/v1749266646/nestjs_uploads/zk9zrpeidnovxibfqdxr.png"
      },
      "_count": {
        "likes": 2,
        "comments": 0
      },
      "score": 0.013900134872912143,
      "isLike": true,
      "isToday": false,
      "isFollowing": false,
      "isSelf": true
    },
    {
      "id": "8a0e35ce-0f39-4475-b2d2-15c217983926",
      "authorId": "08515b05-2d3e-4789-ad60-db35525a4970",
      "imageUrl": [
        "https://res.cloudinary.com/dizcvrefo/image/upload/v1748597950/nestjs_uploads/siabu4jmaf7nfak5xkgc.jpg",
        "https://res.cloudinary.com/dizcvrefo/image/upload/v1748597951/nestjs_uploads/bufde4typyni9j408ua4.jpg",
        "https://res.cloudinary.com/dizcvrefo/image/upload/v1748597951/nestjs_uploads/yk6tjdkirr4a7ons7iz5.jpg"
      ],
      "caption": "?n gì không",
      "location": null,
      "tags": [
      ],
      "isPublic": true,
      "likeCount": 0,
      "commentCount": 0,
      "sharedCount": 0,
      "createdAt": "2025-05-30T09:39:13.647Z",
      "updatedAt": "2025-05-30T09:39:13.647Z",
      "author": {
        "username": "nam",
        "profilePic": "https://res.cloudinary.com/dizcvrefo/image/upload/v1749266646/nestjs_uploads/zk9zrpeidnovxibfqdxr.png"
      },
      "_count": {
        "likes": 3,
        "comments": 0
      },
      "score": 0.01174824826302938,
      "isLike": true,
      "isToday": false,
      "isFollowing": false,
      "isSelf": true
    },
    {
      "id": "b96886bd-5f00-41af-a440-152f360f1657",
      "authorId": "08515b05-2d3e-4789-ad60-db35525a4970",
      "imageUrl": [
        "https://res.cloudinary.com/dizcvrefo/image/upload/v1748597371/nestjs_uploads/vce2gudp9o4mm4fn8xt0.jpg",
        "https://res.cloudinary.com/dizcvrefo/image/upload/v1748597372/nestjs_uploads/u691vkjqxrek1dv0wtbm.jpg",
        "https://res.cloudinary.com/dizcvrefo/image/upload/v1748597371/nestjs_uploads/feqbcopm8ge8maj3hu6k.jpg"
      ],
      "caption": "ok",
      "location": null,
      "tags": [
      ],
      "isPublic": true,
      "likeCount": 0,
      "commentCount": 0,
      "sharedCount": 0,
      "createdAt": "2025-05-30T09:29:34.405Z",
      "updatedAt": "2025-05-30T09:29:34.405Z",
      "author": {
        "username": "nam",
        "profilePic": "https://res.cloudinary.com/dizcvrefo/image/upload/v1749266646/nestjs_uploads/zk9zrpeidnovxibfqdxr.png"
      },
      "_count": {
        "likes": 3,
        "comments": 0
      },
      "score": 0.011744548143778082,
      "isLike": true,
      "isToday": false,
      "isFollowing": false,
      "isSelf": true
    },
    {
      "id": "d79e9a48-ca20-40fd-bb11-ed7302657db9",
      "authorId": "08515b05-2d3e-4789-ad60-db35525a4970",
      "imageUrl": [
        "https://res.cloudinary.com/dizcvrefo/image/upload/v1749382783/nestjs_uploads/buqh5wktqj3y5etgfxok.jpg",
        "https://res.cloudinary.com/dizcvrefo/image/upload/v1749382789/nestjs_uploads/wjm5idulrdjhv7yuc477.jpg",
        "https://res.cloudinary.com/dizcvrefo/image/upload/v1749382781/nestjs_uploads/ztoyccvbrahzxkbm7mxb.jpg",
        "https://res.cloudinary.com/dizcvrefo/image/upload/v1749383075/nestjs_uploads/yjbnpjozb3x4suirhe9d.jpg",
        "https://res.cloudinary.com/dizcvrefo/image/upload/v1749383076/nestjs_uploads/wurnhokpsyvvjg60iceu.jpg"
      ],
      "caption": "Hôm nay là th? 7 em thích ?i thích ?i vào bar u?ng ? ???",
      "location": null,
      "tags": [
      ],
      "isPublic": true,
      "likeCount": 0,
      "commentCount": 0,
      "sharedCount": 0,
      "createdAt": "2025-05-28T09:56:16.976Z",
      "updatedAt": "2025-06-08T11:44:37.991Z",
      "author": {
        "username": "nam",
        "profilePic": "https://res.cloudinary.com/dizcvrefo/image/upload/v1749266646/nestjs_uploads/zk9zrpeidnovxibfqdxr.png"
      },
      "_count": {
        "likes": 3,
        "comments": 0
      },
      "score": 0.010744404983544533,
      "isLike": true,
      "isToday": false,
      "isFollowing": false,
      "isSelf": true
    },
    {
      "id": "028cfac7-688b-4f4d-832d-1dd681b89e64",
      "authorId": "08515b05-2d3e-4789-ad60-db35525a4970",
      "imageUrl": [
        "https://res.cloudinary.com/dizcvrefo/image/upload/v1748964089/nestjs_uploads/r2x7j8rz3gfsze8o0fe7.jpg",
        "https://res.cloudinary.com/dizcvrefo/image/upload/v1748964089/nestjs_uploads/ebic5ju0e6btkxv2g526.jpg",
        "https://res.cloudinary.com/dizcvrefo/image/upload/v1748964089/nestjs_uploads/ngkhumq5qjehuoqmvxqv.jpg"
      ],
      "caption": "Di uong bia",
      "location": null,
      "tags": [
      ],
      "isPublic": true,
      "likeCount": 0,
      "commentCount": 0,
      "sharedCount": 0,
      "createdAt": "2025-06-03T15:21:31.678Z",
      "updatedAt": "2025-06-03T15:21:31.678Z",
      "author": {
        "username": "nam",
        "profilePic": "https://res.cloudinary.com/dizcvrefo/image/upload/v1749266646/nestjs_uploads/zk9zrpeidnovxibfqdxr.png"
      },
      "_count": {
        "likes": 2,
        "comments": 0
      },
      "score": 0.009779725649804583,
      "isLike": true,
      "isToday": false,
      "isFollowing": false,
      "isSelf": true
    },
    {
      "id": "7918bc4d-383d-462e-afab-91099bc69905",
      "authorId": "08515b05-2d3e-4789-ad60-db35525a4970",
      "imageUrl": [
        "https://res.cloudinary.com/dizcvrefo/image/upload/v1749449962/nestjs_uploads/h3loqo8k5fpmi2ipdtof.jpg"
      ],
      "caption": "??p trai thì m?i có nhi?u ??a yêu h? h?",
      "location": null,
      "tags": [
      ],
      "isPublic": true,
      "likeCount": 0,
      "commentCount": 0,
      "sharedCount": 0,
      "createdAt": "2025-06-09T06:19:23.318Z",
      "updatedAt": "2025-06-09T06:19:23.318Z",
      "author": {
        "username": "nam",
        "profilePic": "https://res.cloudinary.com/dizcvrefo/image/upload/v1749266646/nestjs_uploads/zk9zrpeidnovxibfqdxr.png"
      },
      "_count": {
        "likes": 1,
        "comments": 0
      },
      "score": 0.007298069243174803,
      "isLike": true,
      "isToday": false,
      "isFollowing": false,
      "isSelf": true
    },
    {
      "id": "0c10c426-3d53-443a-8155-39234544c693",
      "authorId": "08515b05-2d3e-4789-ad60-db35525a4970",
      "imageUrl": [
        "https://res.cloudinary.com/dizcvrefo/image/upload/v1749397668/nestjs_uploads/umpwoepazt6it2racqhe.webp",
        "https://res.cloudinary.com/dizcvrefo/image/upload/v1749397668/nestjs_uploads/hcj53nurl5lpudcfaz3f.webp",
        "https://res.cloudinary.com/dizcvrefo/image/upload/v1749397668/nestjs_uploads/qv1vfbg7k6lkeldhb7e3.webp",
        "https://res.cloudinary.com/dizcvrefo/image/upload/v1749397668/nestjs_uploads/c6ruaxtyahilompxxej9.webp"
      ],
      "caption": "Tr?i xanh mây tr?ng",
      "location": null,
      "tags": [
      ],
      "isPublic": true,
      "likeCount": 0,
      "commentCount": 0,
      "sharedCount": 0,
      "createdAt": "2025-06-08T15:47:50.242Z",
      "updatedAt": "2025-06-08T15:47:50.242Z",
      "author": {
        "username": "nam",
        "profilePic": "https://res.cloudinary.com/dizcvrefo/image/upload/v1749266646/nestjs_uploads/zk9zrpeidnovxibfqdxr.png"
      },
      "_count": {
        "likes": 1,
        "comments": 0
      },
      "score": 0.006930704836827918,
      "isLike": false,
      "isToday": false,
      "isFollowing": false,
      "isSelf": true
    },
    {
      "id": "d296ef84-ae0f-4d14-a91a-15dd66bc0dac",
      "authorId": "08515b05-2d3e-4789-ad60-db35525a4970",
      "imageUrl": [
        "https://res.cloudinary.com/dizcvrefo/image/upload/v1749397436/nestjs_uploads/w9d8ldmhonbzeenkcxpb.jpg",
        "https://res.cloudinary.com/dizcvrefo/image/upload/v1749397436/nestjs_uploads/g8xrn89xfaz4ssvslueo.jpg",
        "https://res.cloudinary.com/dizcvrefo/image/upload/v1749397436/nestjs_uploads/wggtlkgkwlcrmgrhskup.jpg"
      ],
      "caption": "??ng tìm nhau vào hôm gió m?a t?i b?i",
      "location": null,
      "tags": [
      ],
      "isPublic": true,
      "likeCount": 0,
      "commentCount": 0,
      "sharedCount": 0,
      "createdAt": "2025-06-08T15:43:57.895Z",
      "updatedAt": "2025-06-08T15:43:57.895Z",
      "author": {
        "username": "nam",
        "profilePic": "https://res.cloudinary.com/dizcvrefo/image/upload/v1749266646/nestjs_uploads/zk9zrpeidnovxibfqdxr.png"
      },
      "_count": {
        "likes": 1,
        "comments": 0
      },
      "score": 0.006929155084640082,
      "isLike": true,
      "isToday": false,
      "isFollowing": false,
      "isSelf": true
    },
    {
      "id": "f1eae5ad-ef38-43e0-a9b8-1c1e0c2f6efd",
      "authorId": "08515b05-2d3e-4789-ad60-db35525a4970",
      "imageUrl": [
        "https://res.cloudinary.com/dizcvrefo/image/upload/v1749397189/nestjs_uploads/n24psljoc11kfpxrlozi.jpg",
        "https://res.cloudinary.com/dizcvrefo/image/upload/v1749397188/nestjs_uploads/ebdf0uii6p2yc3m30ruv.webp",
        "https://res.cloudinary.com/dizcvrefo/image/upload/v1749397188/nestjs_uploads/vrc16ao0luptsqlvep2z.webp"
      ],
      "caption": "Trong ??m gì ??p b?ng sen",
      "location": null,
      "tags": [
      ],
      "isPublic": true,
      "likeCount": 0,
      "commentCount": 0,
      "sharedCount": 0,
      "createdAt": "2025-06-08T15:39:50.851Z",
      "updatedAt": "2025-06-08T15:39:50.851Z",
      "author": {
        "username": "nam",
        "profilePic": "https://res.cloudinary.com/dizcvrefo/image/upload/v1749266646/nestjs_uploads/zk9zrpeidnovxibfqdxr.png"
      },
      "_count": {
        "likes": 1,
        "comments": 0
      },
      "score": 0.006927508063643439,
      "isLike": true,
      "isToday": false,
      "isFollowing": false,
      "isSelf": true
    },
    {
      "id": "52cfd912-292f-4fbf-9240-3000d608dcd4",
      "authorId": "e7b38cb7-6701-40d9-a3bd-f53fc4d43457",
      "imageUrl": [
        "https://res.cloudinary.com/dizcvrefo/image/upload/v1749316896/nestjs_uploads/lc1jqjzblqshqho7eavx.jpg"
      ],
      "caption": "This is my first post",
      "location": null,
      "tags": [
      ],
      "isPublic": true,
      "likeCount": 0,
      "commentCount": 0,
      "sharedCount": 0,
      "createdAt": "2025-05-14T05:28:07.619Z",
      "updatedAt": "2025-06-07T17:21:37.389Z",
      "author": {
        "username": "ductrong",
        "profilePic": null
      },
      "_count": {
        "likes": 3,
        "comments": 0
      },
      "score": 0.0066748289070308634,
      "isLike": true,
      "isToday": false,
      "isFollowing": false,
      "isSelf": false
    },
    {
      "id": "546e44ab-45c4-4412-83c9-4a2cd786d46f",
      "authorId": "08515b05-2d3e-4789-ad60-db35525a4970",
      "imageUrl": [
        "https://res.cloudinary.com/dizcvrefo/image/upload/v1749223872/nestjs_uploads/u1lkztc9gc8jfijtppib.jpg",
        "https://res.cloudinary.com/dizcvrefo/image/upload/v1749223872/nestjs_uploads/hvbjhzpqvpw9kjrejiko.jpg",
        "https://res.cloudinary.com/dizcvrefo/image/upload/v1749223872/nestjs_uploads/a9s8eujvzsy7sminvaaw.jpg",
        "https://res.cloudinary.com/dizcvrefo/image/upload/v1749223872/nestjs_uploads/l0darr6gsfvyaz3udhvr.jpg"
      ],
      "caption": "Th?i ti?t nóng nh? cái lò",
      "location": null,
      "tags": [
      ],
      "isPublic": true,
      "likeCount": 0,
      "commentCount": 0,
      "sharedCount": 0,
      "createdAt": "2025-06-06T15:31:13.422Z",
      "updatedAt": "2025-06-06T15:31:13.422Z",
      "author": {
        "username": "nam",
        "profilePic": "https://res.cloudinary.com/dizcvrefo/image/upload/v1749266646/nestjs_uploads/zk9zrpeidnovxibfqdxr.png"
      },
      "_count": {
        "likes": 1,
        "comments": 0
      },
      "score": 0.00593739903818869,
      "isLike": true,
      "isToday": false,
      "isFollowing": false,
      "isSelf": true
    },
    {
      "id": "d227a0c8-1c22-46cc-b7d2-4cdc49559d5a",
      "authorId": "08515b05-2d3e-4789-ad60-db35525a4970",
      "imageUrl": [
        "https://res.cloudinary.com/dizcvrefo/image/upload/v1749396710/nestjs_uploads/rbfbkt8z02milpnwumdf.jpg",
        "https://res.cloudinary.com/dizcvrefo/image/upload/v1749396710/nestjs_uploads/vgcadq2d5bc0n7ccenbd.jpg",
        "https://res.cloudinary.com/dizcvrefo/image/upload/v1749396710/nestjs_uploads/mnxecfqiyziizzhgvpkx.jpg",
        "https://res.cloudinary.com/dizcvrefo/image/upload/v1749396710/nestjs_uploads/ejjhcrbzulhtddkxenrb.jpg"
      ],
      "caption": "Qu?c t? thi?u nhi",
      "location": null,
      "tags": [
      ],
      "isPublic": true,
      "likeCount": 0,
      "commentCount": 0,
      "sharedCount": 0,
      "createdAt": "2025-06-08T15:31:52.624Z",
      "updatedAt": "2025-06-08T15:31:52.624Z",
      "author": {
        "username": "nam",
        "profilePic": "https://res.cloudinary.com/dizcvrefo/image/upload/v1749266646/nestjs_uploads/zk9zrpeidnovxibfqdxr.png"
      },
      "_count": {
        "likes": 0,
        "comments": 0
      },
      "score": 0,
      "isLike": false,
      "isToday": false,
      "isFollowing": false,
      "isSelf": true
    }
  ]
}


23:22:05.626 [main] INFO com.intuit.karate -- [print] Calling getPostsFeed API v?i bearerToken: eyJhbGciOiJIUzI1NiIsInR5cCI6IkpXVCJ9.eyJzdWIiOiIwODUxNWIwNS0yZDNlLTQ3ODktYWQ2MC1kYjM1NTI1YTQ5NzAiLCJ1c2VybmFtZSI6Im5hbSIsInJvbGUiOjAsImlhdCI6MTc1MDQzMzEyOCwiZXhwIjoxNzUwNDM2NzI4fQ.LLNWdGI7R_rFyU4cQg2wm-V3Jq9O_6TIXzyRgCE6Uf4 
23:22:05.627 [main] INFO com.intuit.karate -- [print] Query params: {
  "page": "1",
  "limit": "50"
}
 
23:22:05.627 [main] INFO com.intuit.karate -- [print] Response status: 200 body: {
  "message": "Feed",
  "statusCode": 200,
  "status": "success",
  "data": [
    {
      "id": "007fcd52-ae77-4c58-988d-36ef78edc29b",
      "authorId": "dacf294e-491b-47ff-bd74-bfe5ddbfbdf9",
      "imageUrl": [
        "https://res.cloudinary.com/dizcvrefo/image/upload/v1748598131/nestjs_uploads/tsh3n10qz6mojbkiayhx.jpg",
        "https://res.cloudinary.com/dizcvrefo/image/upload/v1748598131/nestjs_uploads/no5fdmt60yg8li6gvwao.jpg",
        "https://res.cloudinary.com/dizcvrefo/image/upload/v1748598131/nestjs_uploads/lbn3umepxtqxjcw51mv0.jpg",
        "https://res.cloudinary.com/dizcvrefo/image/upload/v1748598131/nestjs_uploads/e4nufb9kmremurdaanw5.jpg",
        "https://res.cloudinary.com/dizcvrefo/image/upload/v1748598131/nestjs_uploads/pqwqj0gdwqfqqyct54hz.jpg",
        "https://res.cloudinary.com/dizcvrefo/image/upload/v1748598130/nestjs_uploads/dics8pfhps2jfskadthz.jpg"
      ],
      "caption": "Th? thao ?i?n t?",
      "location": null,
      "tags": [
      ],
      "isPublic": true,
      "likeCount": 0,
      "commentCount": 0,
      "sharedCount": 0,
      "createdAt": "2025-05-30T09:42:13.811Z",
      "updatedAt": "2025-05-30T09:42:13.811Z",
      "author": {
        "username": "chinh",
        "profilePic": "https://hebbkx1anhila5yf.public.blob.vercel-storage.com/image-hiZZ98WEvmBOkk3oAqffc3ReiwtEIO.png"
      },
      "_count": {
        "likes": 3,
        "comments": 0
      },
      "score": 0.02154056593626796,
      "isLike": true,
      "isToday": false,
      "isFollowing": true,
      "isSelf": false
    },
    {
      "id": "479ed759-3811-4b84-8141-bff184fae4b8",
      "authorId": "dacf294e-491b-47ff-bd74-bfe5ddbfbdf9",
      "imageUrl": [
        "https://res.cloudinary.com/dizcvrefo/image/upload/v1748596741/nestjs_uploads/g8vk3zn2rfop6caitmfb.jpg",
        "https://res.cloudinary.com/dizcvrefo/image/upload/v1748596741/nestjs_uploads/cqcspqsifpg0ndthyuax.jpg",
        "https://res.cloudinary.com/dizcvrefo/image/upload/v1748596741/nestjs_uploads/hc3svmdbfotscvcctfoq.jpg",
        "https://res.cloudinary.com/dizcvrefo/image/upload/v1748596742/nestjs_uploads/fxjvluy2vpyfuspukumf.jpg",
        "https://res.cloudinary.com/dizcvrefo/image/upload/v1748596741/nestjs_uploads/sb38euks3gzg5f92uiig.jpg"
      ],
      "caption": "Village",
      "location": null,
      "tags": [
      ],
      "isPublic": true,
      "likeCount": 0,
      "commentCount": 0,
      "sharedCount": 0,
      "createdAt": "2025-05-30T09:19:04.180Z",
      "updatedAt": "2025-05-30T09:19:04.180Z",
      "author": {
        "username": "chinh",
        "profilePic": "https://hebbkx1anhila5yf.public.blob.vercel-storage.com/image-hiZZ98WEvmBOkk3oAqffc3ReiwtEIO.png"
      },
      "_count": {
        "likes": 3,
        "comments": 0
      },
      "score": 0.02152429583074591,
      "isLike": true,
      "isToday": false,
      "isFollowing": true,
      "isSelf": false
    },
    {
      "id": "9ef01284-6f35-4f8a-9d58-3f5891acc766",
      "authorId": "dacf294e-491b-47ff-bd74-bfe5ddbfbdf9",
      "imageUrl": [
        "https://res.cloudinary.com/dizcvrefo/image/upload/v1748596489/nestjs_uploads/ue1yvhe1qzvlc2pmkjee.jpg",
        "https://res.cloudinary.com/dizcvrefo/image/upload/v1748596493/nestjs_uploads/bm3pcnpqmnppnsuq0pv9.jpg",
        "https://res.cloudinary.com/dizcvrefo/image/upload/v1748596489/nestjs_uploads/q6nipodzp1mdnpm1p13g.jpg",
        "https://res.cloudinary.com/dizcvrefo/image/upload/v1748596489/nestjs_uploads/icygr75zfmxk0ehqsnwo.jpg",
        "https://res.cloudinary.com/dizcvrefo/image/upload/v1748596489/nestjs_uploads/ghgd01xzcaxpra5httqg.jpg",
        "https://res.cloudinary.com/dizcvrefo/image/upload/v1748596489/nestjs_uploads/o53mpfip4l7dbjbd7wcw.jpg"
      ],
      "caption": "Nh?u",
      "location": null,
      "tags": [
      ],
      "isPublic": true,
      "likeCount": 0,
      "commentCount": 0,
      "sharedCount": 0,
      "createdAt": "2025-05-30T09:14:54.972Z",
      "updatedAt": "2025-05-30T09:14:54.972Z",
      "author": {
        "username": "chinh",
        "profilePic": "https://hebbkx1anhila5yf.public.blob.vercel-storage.com/image-hiZZ98WEvmBOkk3oAqffc3ReiwtEIO.png"
      },
      "_count": {
        "likes": 3,
        "comments": 0
      },
      "score": 0.02152138064739377,
      "isLike": true,
      "isToday": false,
      "isFollowing": true,
      "isSelf": false
    },
    {
      "id": "9c4e8842-ced5-492b-9423-890177a28564",
      "authorId": "2b84aa24-668a-40e2-af1c-ad4fc4fa5a6f",
      "imageUrl": [
        "https://res.cloudinary.com/dizcvrefo/image/upload/v1748659538/nestjs_uploads/n4mg888um8bynequtdtp.jpg",
        "https://res.cloudinary.com/dizcvrefo/image/upload/v1748659538/nestjs_uploads/mfqojpf1bufduxfh0j0n.jpg",
        "https://res.cloudinary.com/dizcvrefo/image/upload/v1748659538/nestjs_uploads/vx9qkwao5v4hdeqiplsp.jpg",
        "https://res.cloudinary.com/dizcvrefo/image/upload/v1748659538/nestjs_uploads/r2sv0p0echvnrwqxoswu.jpg"
      ],
      "caption": "Ha noi nay tro gio",
      "location": null,
      "tags": [
      ],
      "isPublic": true,
      "likeCount": 0,
      "commentCount": 0,
      "sharedCount": 0,
      "createdAt": "2025-05-31T02:45:39.688Z",
      "updatedAt": "2025-05-31T02:45:39.688Z",
      "author": {
        "username": "quang1",
        "profilePic": "https://res.cloudinary.com/dizcvrefo/image/upload/v1749027586/nestjs_uploads/xehairydt9rzlbmbmv4c.jpg"
      },
      "_count": {
        "likes": 2,
        "comments": 0
      },
      "score": 0.018233121263543508,
      "isLike": false,
      "isToday": false,
      "isFollowing": true,
      "isSelf": false
    },
    {
      "id": "e3f481cc-53c6-41c8-9a28-cd2f9c4f2f46",
      "authorId": "2b84aa24-668a-40e2-af1c-ad4fc4fa5a6f",
      "imageUrl": [
        "https://res.cloudinary.com/dizcvrefo/image/upload/v1749027663/nestjs_uploads/nuuktb6j4oy5jnuyt3ws.jpg",
        "https://res.cloudinary.com/dizcvrefo/image/upload/v1749027663/nestjs_uploads/aa03sao5n7bkhyhhrovx.jpg",
        "https://res.cloudinary.com/dizcvrefo/image/upload/v1749027663/nestjs_uploads/hic88kwvdqoltmqsueim.jpg",
        "https://res.cloudinary.com/dizcvrefo/image/upload/v1749027664/nestjs_uploads/hrnmt9e7g7pavf2fxwyw.png",
        "https://res.cloudinary.com/dizcvrefo/image/upload/v1749027664/nestjs_uploads/oxa2hbuxzj3lngjbubpf.jpg",
        "https://res.cloudinary.com/dizcvrefo/image/upload/v1749027663/nestjs_uploads/scrigmpzvmixwv9ddfnl.jpg",
        "https://res.cloudinary.com/dizcvrefo/image/upload/v1749027664/nestjs_uploads/wpnyt5jyz8lgj2bvprin.jpg"
      ],
      "caption": "Buon that, hom nay toi thi truot",
      "location": null,
      "tags": [
      ],
      "isPublic": true,
      "likeCount": 0,
      "commentCount": 0,
      "sharedCount": 0,
      "createdAt": "2025-06-04T09:01:06.391Z",
      "updatedAt": "2025-06-04T09:01:06.391Z",
      "author": {
        "username": "quang1",
        "profilePic": "https://res.cloudinary.com/dizcvrefo/image/upload/v1749027586/nestjs_uploads/xehairydt9rzlbmbmv4c.jpg"
      },
      "_count": {
        "likes": 1,
        "comments": 0
      },
      "score": 0.017886811871190282,
      "isLike": false,
      "isToday": false,
      "isFollowing": true,
      "isSelf": false
    },
    {
      "id": "c8151412-bc98-49ec-88ff-57b89cc2ce67",
      "authorId": "08515b05-2d3e-4789-ad60-db35525a4970",
      "imageUrl": [
        "https://res.cloudinary.com/dizcvrefo/image/upload/v1748933672/nestjs_uploads/rpehmvwkwptjktjzllxz.jpg",
        "https://res.cloudinary.com/dizcvrefo/image/upload/v1748933672/nestjs_uploads/xl8wce3gldsuaekfnfwo.jpg",
        "https://res.cloudinary.com/dizcvrefo/image/upload/v1748933671/nestjs_uploads/ee1ntt1feukxfszhma1b.jpg"
      ],
      "caption": "Moi di hom nay",
      "location": null,
      "tags": [
      ],
      "isPublic": true,
      "likeCount": 0,
      "commentCount": 0,
      "sharedCount": 0,
      "createdAt": "2025-06-03T06:54:33.756Z",
      "updatedAt": "2025-06-03T06:54:33.756Z",
      "author": {
        "username": "nam",
        "profilePic": "https://res.cloudinary.com/dizcvrefo/image/upload/v1749266646/nestjs_uploads/zk9zrpeidnovxibfqdxr.png"
      },
      "_count": {
        "likes": 3,
        "comments": 0
      },
      "score": 0.014372674049281631,
      "isLike": true,
      "isToday": false,
      "isFollowing": false,
      "isSelf": true
    },
    {
      "id": "45a2d709-c6c9-4887-9235-dbbd2d381827",
      "authorId": "08515b05-2d3e-4789-ad60-db35525a4970",
      "imageUrl": [
        "https://res.cloudinary.com/dizcvrefo/image/upload/v1748932129/nestjs_uploads/ecwyixgm9kf0zdng7bdp.png",
        "https://res.cloudinary.com/dizcvrefo/image/upload/v1748932129/nestjs_uploads/uhl3z1wamgjxl5o4vq1l.jpg",
        "https://res.cloudinary.com/dizcvrefo/image/upload/v1748932129/nestjs_uploads/pavlktzorkfcm5pp31io.jpg",
        "https://res.cloudinary.com/dizcvrefo/image/upload/v1748932129/nestjs_uploads/knew9jcdpmwaleoa6oov.jpg"
      ],
      "caption": "Di choi di anh em oi",
      "location": null,
      "tags": [
      ],
      "isPublic": true,
      "likeCount": 0,
      "commentCount": 0,
      "sharedCount": 0,
      "createdAt": "2025-06-03T06:28:51.322Z",
      "updatedAt": "2025-06-03T06:28:51.322Z",
      "author": {
        "username": "nam",
        "profilePic": "https://res.cloudinary.com/dizcvrefo/image/upload/v1749266646/nestjs_uploads/zk9zrpeidnovxibfqdxr.png"
      },
      "_count": {
        "likes": 3,
        "comments": 0
      },
      "score": 0.014357937951744391,
      "isLike": true,
      "isToday": false,
      "isFollowing": false,
      "isSelf": true
    },
    {
      "id": "bd9fb1fc-af49-4625-aa11-a458424d17ca",
      "authorId": "08515b05-2d3e-4789-ad60-db35525a4970",
      "imageUrl": [
        "https://res.cloudinary.com/dizcvrefo/image/upload/v1749400565/nestjs_uploads/srvf0b7b2fnsab8uqc8g.jpg",
        "https://res.cloudinary.com/dizcvrefo/image/upload/v1749400565/nestjs_uploads/u2gybzjxkewsxa1atyq4.jpg",
        "https://res.cloudinary.com/dizcvrefo/image/upload/v1749400565/nestjs_uploads/lottkkizhi1ngodzx4pp.jpg"
      ],
      "caption": "toi la NAM BO",
      "location": null,
      "tags": [
      ],
      "isPublic": true,
      "likeCount": 0,
      "commentCount": 0,
      "sharedCount": 0,
      "createdAt": "2025-06-08T16:36:04.450Z",
      "updatedAt": "2025-06-08T16:36:04.450Z",
      "author": {
        "username": "nam",
        "profilePic": "https://res.cloudinary.com/dizcvrefo/image/upload/v1749266646/nestjs_uploads/zk9zrpeidnovxibfqdxr.png"
      },
      "_count": {
        "likes": 2,
        "comments": 0
      },
      "score": 0.013900134872912143,
      "isLike": true,
      "isToday": false,
      "isFollowing": false,
      "isSelf": true
    },
    {
      "id": "8a0e35ce-0f39-4475-b2d2-15c217983926",
      "authorId": "08515b05-2d3e-4789-ad60-db35525a4970",
      "imageUrl": [
        "https://res.cloudinary.com/dizcvrefo/image/upload/v1748597950/nestjs_uploads/siabu4jmaf7nfak5xkgc.jpg",
        "https://res.cloudinary.com/dizcvrefo/image/upload/v1748597951/nestjs_uploads/bufde4typyni9j408ua4.jpg",
        "https://res.cloudinary.com/dizcvrefo/image/upload/v1748597951/nestjs_uploads/yk6tjdkirr4a7ons7iz5.jpg"
      ],
      "caption": "?n gì không",
      "location": null,
      "tags": [
      ],
      "isPublic": true,
      "likeCount": 0,
      "commentCount": 0,
      "sharedCount": 0,
      "createdAt": "2025-05-30T09:39:13.647Z",
      "updatedAt": "2025-05-30T09:39:13.647Z",
      "author": {
        "username": "nam",
        "profilePic": "https://res.cloudinary.com/dizcvrefo/image/upload/v1749266646/nestjs_uploads/zk9zrpeidnovxibfqdxr.png"
      },
      "_count": {
        "likes": 3,
        "comments": 0
      },
      "score": 0.01174824826302938,
      "isLike": true,
      "isToday": false,
      "isFollowing": false,
      "isSelf": true
    },
    {
      "id": "b96886bd-5f00-41af-a440-152f360f1657",
      "authorId": "08515b05-2d3e-4789-ad60-db35525a4970",
      "imageUrl": [
        "https://res.cloudinary.com/dizcvrefo/image/upload/v1748597371/nestjs_uploads/vce2gudp9o4mm4fn8xt0.jpg",
        "https://res.cloudinary.com/dizcvrefo/image/upload/v1748597372/nestjs_uploads/u691vkjqxrek1dv0wtbm.jpg",
        "https://res.cloudinary.com/dizcvrefo/image/upload/v1748597371/nestjs_uploads/feqbcopm8ge8maj3hu6k.jpg"
      ],
      "caption": "ok",
      "location": null,
      "tags": [
      ],
      "isPublic": true,
      "likeCount": 0,
      "commentCount": 0,
      "sharedCount": 0,
      "createdAt": "2025-05-30T09:29:34.405Z",
      "updatedAt": "2025-05-30T09:29:34.405Z",
      "author": {
        "username": "nam",
        "profilePic": "https://res.cloudinary.com/dizcvrefo/image/upload/v1749266646/nestjs_uploads/zk9zrpeidnovxibfqdxr.png"
      },
      "_count": {
        "likes": 3,
        "comments": 0
      },
      "score": 0.011744548143778082,
      "isLike": true,
      "isToday": false,
      "isFollowing": false,
      "isSelf": true
    },
    {
      "id": "d79e9a48-ca20-40fd-bb11-ed7302657db9",
      "authorId": "08515b05-2d3e-4789-ad60-db35525a4970",
      "imageUrl": [
        "https://res.cloudinary.com/dizcvrefo/image/upload/v1749382783/nestjs_uploads/buqh5wktqj3y5etgfxok.jpg",
        "https://res.cloudinary.com/dizcvrefo/image/upload/v1749382789/nestjs_uploads/wjm5idulrdjhv7yuc477.jpg",
        "https://res.cloudinary.com/dizcvrefo/image/upload/v1749382781/nestjs_uploads/ztoyccvbrahzxkbm7mxb.jpg",
        "https://res.cloudinary.com/dizcvrefo/image/upload/v1749383075/nestjs_uploads/yjbnpjozb3x4suirhe9d.jpg",
        "https://res.cloudinary.com/dizcvrefo/image/upload/v1749383076/nestjs_uploads/wurnhokpsyvvjg60iceu.jpg"
      ],
      "caption": "Hôm nay là th? 7 em thích ?i thích ?i vào bar u?ng ? ???",
      "location": null,
      "tags": [
      ],
      "isPublic": true,
      "likeCount": 0,
      "commentCount": 0,
      "sharedCount": 0,
      "createdAt": "2025-05-28T09:56:16.976Z",
      "updatedAt": "2025-06-08T11:44:37.991Z",
      "author": {
        "username": "nam",
        "profilePic": "https://res.cloudinary.com/dizcvrefo/image/upload/v1749266646/nestjs_uploads/zk9zrpeidnovxibfqdxr.png"
      },
      "_count": {
        "likes": 3,
        "comments": 0
      },
      "score": 0.010744404983544533,
      "isLike": true,
      "isToday": false,
      "isFollowing": false,
      "isSelf": true
    },
    {
      "id": "028cfac7-688b-4f4d-832d-1dd681b89e64",
      "authorId": "08515b05-2d3e-4789-ad60-db35525a4970",
      "imageUrl": [
        "https://res.cloudinary.com/dizcvrefo/image/upload/v1748964089/nestjs_uploads/r2x7j8rz3gfsze8o0fe7.jpg",
        "https://res.cloudinary.com/dizcvrefo/image/upload/v1748964089/nestjs_uploads/ebic5ju0e6btkxv2g526.jpg",
        "https://res.cloudinary.com/dizcvrefo/image/upload/v1748964089/nestjs_uploads/ngkhumq5qjehuoqmvxqv.jpg"
      ],
      "caption": "Di uong bia",
      "location": null,
      "tags": [
      ],
      "isPublic": true,
      "likeCount": 0,
      "commentCount": 0,
      "sharedCount": 0,
      "createdAt": "2025-06-03T15:21:31.678Z",
      "updatedAt": "2025-06-03T15:21:31.678Z",
      "author": {
        "username": "nam",
        "profilePic": "https://res.cloudinary.com/dizcvrefo/image/upload/v1749266646/nestjs_uploads/zk9zrpeidnovxibfqdxr.png"
      },
      "_count": {
        "likes": 2,
        "comments": 0
      },
      "score": 0.009779725649804583,
      "isLike": true,
      "isToday": false,
      "isFollowing": false,
      "isSelf": true
    },
    {
      "id": "7918bc4d-383d-462e-afab-91099bc69905",
      "authorId": "08515b05-2d3e-4789-ad60-db35525a4970",
      "imageUrl": [
        "https://res.cloudinary.com/dizcvrefo/image/upload/v1749449962/nestjs_uploads/h3loqo8k5fpmi2ipdtof.jpg"
      ],
      "caption": "??p trai thì m?i có nhi?u ??a yêu h? h?",
      "location": null,
      "tags": [
      ],
      "isPublic": true,
      "likeCount": 0,
      "commentCount": 0,
      "sharedCount": 0,
      "createdAt": "2025-06-09T06:19:23.318Z",
      "updatedAt": "2025-06-09T06:19:23.318Z",
      "author": {
        "username": "nam",
        "profilePic": "https://res.cloudinary.com/dizcvrefo/image/upload/v1749266646/nestjs_uploads/zk9zrpeidnovxibfqdxr.png"
      },
      "_count": {
        "likes": 1,
        "comments": 0
      },
      "score": 0.007298069243174803,
      "isLike": true,
      "isToday": false,
      "isFollowing": false,
      "isSelf": true
    },
    {
      "id": "0c10c426-3d53-443a-8155-39234544c693",
      "authorId": "08515b05-2d3e-4789-ad60-db35525a4970",
      "imageUrl": [
        "https://res.cloudinary.com/dizcvrefo/image/upload/v1749397668/nestjs_uploads/umpwoepazt6it2racqhe.webp",
        "https://res.cloudinary.com/dizcvrefo/image/upload/v1749397668/nestjs_uploads/hcj53nurl5lpudcfaz3f.webp",
        "https://res.cloudinary.com/dizcvrefo/image/upload/v1749397668/nestjs_uploads/qv1vfbg7k6lkeldhb7e3.webp",
        "https://res.cloudinary.com/dizcvrefo/image/upload/v1749397668/nestjs_uploads/c6ruaxtyahilompxxej9.webp"
      ],
      "caption": "Tr?i xanh mây tr?ng",
      "location": null,
      "tags": [
      ],
      "isPublic": true,
      "likeCount": 0,
      "commentCount": 0,
      "sharedCount": 0,
      "createdAt": "2025-06-08T15:47:50.242Z",
      "updatedAt": "2025-06-08T15:47:50.242Z",
      "author": {
        "username": "nam",
        "profilePic": "https://res.cloudinary.com/dizcvrefo/image/upload/v1749266646/nestjs_uploads/zk9zrpeidnovxibfqdxr.png"
      },
      "_count": {
        "likes": 1,
        "comments": 0
      },
      "score": 0.006930704836827918,
      "isLike": false,
      "isToday": false,
      "isFollowing": false,
      "isSelf": true
    },
    {
      "id": "d296ef84-ae0f-4d14-a91a-15dd66bc0dac",
      "authorId": "08515b05-2d3e-4789-ad60-db35525a4970",
      "imageUrl": [
        "https://res.cloudinary.com/dizcvrefo/image/upload/v1749397436/nestjs_uploads/w9d8ldmhonbzeenkcxpb.jpg",
        "https://res.cloudinary.com/dizcvrefo/image/upload/v1749397436/nestjs_uploads/g8xrn89xfaz4ssvslueo.jpg",
        "https://res.cloudinary.com/dizcvrefo/image/upload/v1749397436/nestjs_uploads/wggtlkgkwlcrmgrhskup.jpg"
      ],
      "caption": "??ng tìm nhau vào hôm gió m?a t?i b?i",
      "location": null,
      "tags": [
      ],
      "isPublic": true,
      "likeCount": 0,
      "commentCount": 0,
      "sharedCount": 0,
      "createdAt": "2025-06-08T15:43:57.895Z",
      "updatedAt": "2025-06-08T15:43:57.895Z",
      "author": {
        "username": "nam",
        "profilePic": "https://res.cloudinary.com/dizcvrefo/image/upload/v1749266646/nestjs_uploads/zk9zrpeidnovxibfqdxr.png"
      },
      "_count": {
        "likes": 1,
        "comments": 0
      },
      "score": 0.006929155084640082,
      "isLike": true,
      "isToday": false,
      "isFollowing": false,
      "isSelf": true
    },
    {
      "id": "f1eae5ad-ef38-43e0-a9b8-1c1e0c2f6efd",
      "authorId": "08515b05-2d3e-4789-ad60-db35525a4970",
      "imageUrl": [
        "https://res.cloudinary.com/dizcvrefo/image/upload/v1749397189/nestjs_uploads/n24psljoc11kfpxrlozi.jpg",
        "https://res.cloudinary.com/dizcvrefo/image/upload/v1749397188/nestjs_uploads/ebdf0uii6p2yc3m30ruv.webp",
        "https://res.cloudinary.com/dizcvrefo/image/upload/v1749397188/nestjs_uploads/vrc16ao0luptsqlvep2z.webp"
      ],
      "caption": "Trong ??m gì ??p b?ng sen",
      "location": null,
      "tags": [
      ],
      "isPublic": true,
      "likeCount": 0,
      "commentCount": 0,
      "sharedCount": 0,
      "createdAt": "2025-06-08T15:39:50.851Z",
      "updatedAt": "2025-06-08T15:39:50.851Z",
      "author": {
        "username": "nam",
        "profilePic": "https://res.cloudinary.com/dizcvrefo/image/upload/v1749266646/nestjs_uploads/zk9zrpeidnovxibfqdxr.png"
      },
      "_count": {
        "likes": 1,
        "comments": 0
      },
      "score": 0.006927508063643439,
      "isLike": true,
      "isToday": false,
      "isFollowing": false,
      "isSelf": true
    },
    {
      "id": "52cfd912-292f-4fbf-9240-3000d608dcd4",
      "authorId": "e7b38cb7-6701-40d9-a3bd-f53fc4d43457",
      "imageUrl": [
        "https://res.cloudinary.com/dizcvrefo/image/upload/v1749316896/nestjs_uploads/lc1jqjzblqshqho7eavx.jpg"
      ],
      "caption": "This is my first post",
      "location": null,
      "tags": [
      ],
      "isPublic": true,
      "likeCount": 0,
      "commentCount": 0,
      "sharedCount": 0,
      "createdAt": "2025-05-14T05:28:07.619Z",
      "updatedAt": "2025-06-07T17:21:37.389Z",
      "author": {
        "username": "ductrong",
        "profilePic": null
      },
      "_count": {
        "likes": 3,
        "comments": 0
      },
      "score": 0.0066748289070308634,
      "isLike": true,
      "isToday": false,
      "isFollowing": false,
      "isSelf": false
    },
    {
      "id": "546e44ab-45c4-4412-83c9-4a2cd786d46f",
      "authorId": "08515b05-2d3e-4789-ad60-db35525a4970",
      "imageUrl": [
        "https://res.cloudinary.com/dizcvrefo/image/upload/v1749223872/nestjs_uploads/u1lkztc9gc8jfijtppib.jpg",
        "https://res.cloudinary.com/dizcvrefo/image/upload/v1749223872/nestjs_uploads/hvbjhzpqvpw9kjrejiko.jpg",
        "https://res.cloudinary.com/dizcvrefo/image/upload/v1749223872/nestjs_uploads/a9s8eujvzsy7sminvaaw.jpg",
        "https://res.cloudinary.com/dizcvrefo/image/upload/v1749223872/nestjs_uploads/l0darr6gsfvyaz3udhvr.jpg"
      ],
      "caption": "Th?i ti?t nóng nh? cái lò",
      "location": null,
      "tags": [
      ],
      "isPublic": true,
      "likeCount": 0,
      "commentCount": 0,
      "sharedCount": 0,
      "createdAt": "2025-06-06T15:31:13.422Z",
      "updatedAt": "2025-06-06T15:31:13.422Z",
      "author": {
        "username": "nam",
        "profilePic": "https://res.cloudinary.com/dizcvrefo/image/upload/v1749266646/nestjs_uploads/zk9zrpeidnovxibfqdxr.png"
      },
      "_count": {
        "likes": 1,
        "comments": 0
      },
      "score": 0.00593739903818869,
      "isLike": true,
      "isToday": false,
      "isFollowing": false,
      "isSelf": true
    },
    {
      "id": "d227a0c8-1c22-46cc-b7d2-4cdc49559d5a",
      "authorId": "08515b05-2d3e-4789-ad60-db35525a4970",
      "imageUrl": [
        "https://res.cloudinary.com/dizcvrefo/image/upload/v1749396710/nestjs_uploads/rbfbkt8z02milpnwumdf.jpg",
        "https://res.cloudinary.com/dizcvrefo/image/upload/v1749396710/nestjs_uploads/vgcadq2d5bc0n7ccenbd.jpg",
        "https://res.cloudinary.com/dizcvrefo/image/upload/v1749396710/nestjs_uploads/mnxecfqiyziizzhgvpkx.jpg",
        "https://res.cloudinary.com/dizcvrefo/image/upload/v1749396710/nestjs_uploads/ejjhcrbzulhtddkxenrb.jpg"
      ],
      "caption": "Qu?c t? thi?u nhi",
      "location": null,
      "tags": [
      ],
      "isPublic": true,
      "likeCount": 0,
      "commentCount": 0,
      "sharedCount": 0,
      "createdAt": "2025-06-08T15:31:52.624Z",
      "updatedAt": "2025-06-08T15:31:52.624Z",
      "author": {
        "username": "nam",
        "profilePic": "https://res.cloudinary.com/dizcvrefo/image/upload/v1749266646/nestjs_uploads/zk9zrpeidnovxibfqdxr.png"
      },
      "_count": {
        "likes": 0,
        "comments": 0
      },
      "score": 0,
      "isLike": false,
      "isToday": false,
      "isFollowing": false,
      "isSelf": true
    }
  ]
}
 
23:22:05.634 [main] INFO com.intuit.karate -- Test Case Data: {
  "bearerToken": "",
  "page": "1",
  "limit": "50",
  "testDescription": "Limit = 50 (maximum valid)",
  "expectedStatus": 200.0,
  "expectedResult": "{\"message\": \"Feed\", \"statusCode\": 200, \"status\": \"success\", \"data\": []}",
  "responseStatus": "",
  "result": ""
}
 
23:22:05.636 [main] INFO com.intuit.karate -- Expected Status: 200.0 
23:22:05.636 [main] INFO com.intuit.karate -- Actual Status: 200 
23:22:05.636 [main] INFO com.intuit.karate -- Test case #17 - Status: 200, Result: {"message":"Feed","statusCode":200,"status":"success","data":[{"id":"007fcd52-ae77-4c58-988d-36ef78edc29b","authorId":"dacf294e-491b-47ff-bd74-bfe5ddbfbdf9","imageUrl":["https://res.cloudinary.com/dizcvrefo/image/upload/v1748598131/nestjs_uploads/tsh3n10qz6mojbkiayhx.jpg","https://res.cloudinary.com/dizcvrefo/image/upload/v1748598131/nestjs_uploads/no5fdmt60yg8li6gvwao.jpg","https://res.cloudinary.com/dizcvrefo/image/upload/v1748598131/nestjs_uploads/lbn3umepxtqxjcw51mv0.jpg","https://res.cloudinary.com/dizcvrefo/image/upload/v1748598131/nestjs_uploads/e4nufb9kmremurdaanw5.jpg","https://res.cloudinary.com/dizcvrefo/image/upload/v1748598131/nestjs_uploads/pqwqj0gdwqfqqyct54hz.jpg","https://res.cloudinary.com/dizcvrefo/image/upload/v1748598130/nestjs_uploads/dics8pfhps2jfskadthz.jpg"],"caption":"Th? thao ?i?n t?","location":null,"tags":[],"isPublic":true,"likeCount":0,"commentCount":0,"sharedCount":0,"createdAt":"2025-05-30T09:42:13.811Z","updatedAt":"2025-05-30T09:42:13.811Z","author":{"username":"chinh","profilePic":"https://hebbkx1anhila5yf.public.blob.vercel-storage.com/image-hiZZ98WEvmBOkk3oAqffc3ReiwtEIO.png"},"_count":{"likes":3,"comments":0},"score":0.02154056593626796,"isLike":true,"isToday":false,"isFollowing":true,"isSelf":false},{"id":"479ed759-3811-4b84-8141-bff184fae4b8","authorId":"dacf294e-491b-47ff-bd74-bfe5ddbfbdf9","imageUrl":["https://res.cloudinary.com/dizcvrefo/image/upload/v1748596741/nestjs_uploads/g8vk3zn2rfop6caitmfb.jpg","https://res.cloudinary.com/dizcvrefo/image/upload/v1748596741/nestjs_uploads/cqcspqsifpg0ndthyuax.jpg","https://res.cloudinary.com/dizcvrefo/image/upload/v1748596741/nestjs_uploads/hc3svmdbfotscvcctfoq.jpg","https://res.cloudinary.com/dizcvrefo/image/upload/v1748596742/nestjs_uploads/fxjvluy2vpyfuspukumf.jpg","https://res.cloudinary.com/dizcvrefo/image/upload/v1748596741/nestjs_uploads/sb38euks3gzg5f92uiig.jpg"],"caption":"Village","location":null,"tags":[],"isPublic":true,"likeCount":0,"commentCount":0,"sharedCount":0,"createdAt":"2025-05-30T09:19:04.180Z","updatedAt":"2025-05-30T09:19:04.180Z","author":{"username":"chinh","profilePic":"https://hebbkx1anhila5yf.public.blob.vercel-storage.com/image-hiZZ98WEvmBOkk3oAqffc3ReiwtEIO.png"},"_count":{"likes":3,"comments":0},"score":0.02152429583074591,"isLike":true,"isToday":false,"isFollowing":true,"isSelf":false},{"id":"9ef01284-6f35-4f8a-9d58-3f5891acc766","authorId":"dacf294e-491b-47ff-bd74-bfe5ddbfbdf9","imageUrl":["https://res.cloudinary.com/dizcvrefo/image/upload/v1748596489/nestjs_uploads/ue1yvhe1qzvlc2pmkjee.jpg","https://res.cloudinary.com/dizcvrefo/image/upload/v1748596493/nestjs_uploads/bm3pcnpqmnppnsuq0pv9.jpg","https://res.cloudinary.com/dizcvrefo/image/upload/v1748596489/nestjs_uploads/q6nipodzp1mdnpm1p13g.jpg","https://res.cloudinary.com/dizcvrefo/image/upload/v1748596489/nestjs_uploads/icygr75zfmxk0ehqsnwo.jpg","https://res.cloudinary.com/dizcvrefo/image/upload/v1748596489/nestjs_uploads/ghgd01xzcaxpra5httqg.jpg","https://res.cloudinary.com/dizcvrefo/image/upload/v1748596489/nestjs_uploads/o53mpfip4l7dbjbd7wcw.jpg"],"caption":"Nh?u","location":null,"tags":[],"isPublic":true,"likeCount":0,"commentCount":0,"sharedCount":0,"createdAt":"2025-05-30T09:14:54.972Z","updatedAt":"2025-05-30T09:14:54.972Z","author":{"username":"chinh","profilePic":"https://hebbkx1anhila5yf.public.blob.vercel-storage.com/image-hiZZ98WEvmBOkk3oAqffc3ReiwtEIO.png"},"_count":{"likes":3,"comments":0},"score":0.02152138064739377,"isLike":true,"isToday":false,"isFollowing":true,"isSelf":false},{"id":"9c4e8842-ced5-492b-9423-890177a28564","authorId":"2b84aa24-668a-40e2-af1c-ad4fc4fa5a6f","imageUrl":["https://res.cloudinary.com/dizcvrefo/image/upload/v1748659538/nestjs_uploads/n4mg888um8bynequtdtp.jpg","https://res.cloudinary.com/dizcvrefo/image/upload/v1748659538/nestjs_uploads/mfqojpf1bufduxfh0j0n.jpg","https://res.cloudinary.com/dizcvrefo/image/upload/v1748659538/nestjs_uploads/vx9qkwao5v4hdeqiplsp.jpg","https://res.cloudinary.com/dizcvrefo/image/upload/v1748659538/nestjs_uploads/r2sv0p0echvnrwqxoswu.jpg"],"caption":"Ha noi nay tro gio","location":null,"tags":[],"isPublic":true,"likeCount":0,"commentCount":0,"sharedCount":0,"createdAt":"2025-05-31T02:45:39.688Z","updatedAt":"2025-05-31T02:45:39.688Z","author":{"username":"quang1","profilePic":"https://res.cloudinary.com/dizcvrefo/image/upload/v1749027586/nestjs_uploads/xehairydt9rzlbmbmv4c.jpg"},"_count":{"likes":2,"comments":0},"score":0.018233121263543508,"isLike":false,"isToday":false,"isFollowing":true,"isSelf":false},{"id":"e3f481cc-53c6-41c8-9a28-cd2f9c4f2f46","authorId":"2b84aa24-668a-40e2-af1c-ad4fc4fa5a6f","imageUrl":["https://res.cloudinary.com/dizcvrefo/image/upload/v1749027663/nestjs_uploads/nuuktb6j4oy5jnuyt3ws.jpg","https://res.cloudinary.com/dizcvrefo/image/upload/v1749027663/nestjs_uploads/aa03sao5n7bkhyhhrovx.jpg","https://res.cloudinary.com/dizcvrefo/image/upload/v1749027663/nestjs_uploads/hic88kwvdqoltmqsueim.jpg","https://res.cloudinary.com/dizcvrefo/image/upload/v1749027664/nestjs_uploads/hrnmt9e7g7pavf2fxwyw.png","https://res.cloudinary.com/dizcvrefo/image/upload/v1749027664/nestjs_uploads/oxa2hbuxzj3lngjbubpf.jpg","https://res.cloudinary.com/dizcvrefo/image/upload/v1749027663/nestjs_uploads/scrigmpzvmixwv9ddfnl.jpg","https://res.cloudinary.com/dizcvrefo/image/upload/v1749027664/nestjs_uploads/wpnyt5jyz8lgj2bvprin.jpg"],"caption":"Buon that, hom nay toi thi truot","location":null,"tags":[],"isPublic":true,"likeCount":0,"commentCount":0,"sharedCount":0,"createdAt":"2025-06-04T09:01:06.391Z","updatedAt":"2025-06-04T09:01:06.391Z","author":{"username":"quang1","profilePic":"https://res.cloudinary.com/dizcvrefo/image/upload/v1749027586/nestjs_uploads/xehairydt9rzlbmbmv4c.jpg"},"_count":{"likes":1,"comments":0},"score":0.017886811871190282,"isLike":false,"isToday":false,"isFollowing":true,"isSelf":false},{"id":"c8151412-bc98-49ec-88ff-57b89cc2ce67","authorId":"08515b05-2d3e-4789-ad60-db35525a4970","imageUrl":["https://res.cloudinary.com/dizcvrefo/image/upload/v1748933672/nestjs_uploads/rpehmvwkwptjktjzllxz.jpg","https://res.cloudinary.com/dizcvrefo/image/upload/v1748933672/nestjs_uploads/xl8wce3gldsuaekfnfwo.jpg","https://res.cloudinary.com/dizcvrefo/image/upload/v1748933671/nestjs_uploads/ee1ntt1feukxfszhma1b.jpg"],"caption":"Moi di hom nay","location":null,"tags":[],"isPublic":true,"likeCount":0,"commentCount":0,"sharedCount":0,"createdAt":"2025-06-03T06:54:33.756Z","updatedAt":"2025-06-03T06:54:33.756Z","author":{"username":"nam","profilePic":"https://res.cloudinary.com/dizcvrefo/image/upload/v1749266646/nestjs_uploads/zk9zrpeidnovxibfqdxr.png"},"_count":{"likes":3,"comments":0},"score":0.014372674049281631,"isLike":true,"isToday":false,"isFollowing":false,"isSelf":true},{"id":"45a2d709-c6c9-4887-9235-dbbd2d381827","authorId":"08515b05-2d3e-4789-ad60-db35525a4970","imageUrl":["https://res.cloudinary.com/dizcvrefo/image/upload/v1748932129/nestjs_uploads/ecwyixgm9kf0zdng7bdp.png","https://res.cloudinary.com/dizcvrefo/image/upload/v1748932129/nestjs_uploads/uhl3z1wamgjxl5o4vq1l.jpg","https://res.cloudinary.com/dizcvrefo/image/upload/v1748932129/nestjs_uploads/pavlktzorkfcm5pp31io.jpg","https://res.cloudinary.com/dizcvrefo/image/upload/v1748932129/nestjs_uploads/knew9jcdpmwaleoa6oov.jpg"],"caption":"Di choi di anh em oi","location":null,"tags":[],"isPublic":true,"likeCount":0,"commentCount":0,"sharedCount":0,"createdAt":"2025-06-03T06:28:51.322Z","updatedAt":"2025-06-03T06:28:51.322Z","author":{"username":"nam","profilePic":"https://res.cloudinary.com/dizcvrefo/image/upload/v1749266646/nestjs_uploads/zk9zrpeidnovxibfqdxr.png"},"_count":{"likes":3,"comments":0},"score":0.014357937951744391,"isLike":true,"isToday":false,"isFollowing":false,"isSelf":true},{"id":"bd9fb1fc-af49-4625-aa11-a458424d17ca","authorId":"08515b05-2d3e-4789-ad60-db35525a4970","imageUrl":["https://res.cloudinary.com/dizcvrefo/image/upload/v1749400565/nestjs_uploads/srvf0b7b2fnsab8uqc8g.jpg","https://res.cloudinary.com/dizcvrefo/image/upload/v1749400565/nestjs_uploads/u2gybzjxkewsxa1atyq4.jpg","https://res.cloudinary.com/dizcvrefo/image/upload/v1749400565/nestjs_uploads/lottkkizhi1ngodzx4pp.jpg"],"caption":"toi la NAM BO","location":null,"tags":[],"isPublic":true,"likeCount":0,"commentCount":0,"sharedCount":0,"createdAt":"2025-06-08T16:36:04.450Z","updatedAt":"2025-06-08T16:36:04.450Z","author":{"username":"nam","profilePic":"https://res.cloudinary.com/dizcvrefo/image/upload/v1749266646/nestjs_uploads/zk9zrpeidnovxibfqdxr.png"},"_count":{"likes":2,"comments":0},"score":0.013900134872912143,"isLike":true,"isToday":false,"isFollowing":false,"isSelf":true},{"id":"8a0e35ce-0f39-4475-b2d2-15c217983926","authorId":"08515b05-2d3e-4789-ad60-db35525a4970","imageUrl":["https://res.cloudinary.com/dizcvrefo/image/upload/v1748597950/nestjs_uploads/siabu4jmaf7nfak5xkgc.jpg","https://res.cloudinary.com/dizcvrefo/image/upload/v1748597951/nestjs_uploads/bufde4typyni9j408ua4.jpg","https://res.cloudinary.com/dizcvrefo/image/upload/v1748597951/nestjs_uploads/yk6tjdkirr4a7ons7iz5.jpg"],"caption":"?n gì không","location":null,"tags":[],"isPublic":true,"likeCount":0,"commentCount":0,"sharedCount":0,"createdAt":"2025-05-30T09:39:13.647Z","updatedAt":"2025-05-30T09:39:13.647Z","author":{"username":"nam","profilePic":"https://res.cloudinary.com/dizcvrefo/image/upload/v1749266646/nestjs_uploads/zk9zrpeidnovxibfqdxr.png"},"_count":{"likes":3,"comments":0},"score":0.01174824826302938,"isLike":true,"isToday":false,"isFollowing":false,"isSelf":true},{"id":"b96886bd-5f00-41af-a440-152f360f1657","authorId":"08515b05-2d3e-4789-ad60-db35525a4970","imageUrl":["https://res.cloudinary.com/dizcvrefo/image/upload/v1748597371/nestjs_uploads/vce2gudp9o4mm4fn8xt0.jpg","https://res.cloudinary.com/dizcvrefo/image/upload/v1748597372/nestjs_uploads/u691vkjqxrek1dv0wtbm.jpg","https://res.cloudinary.com/dizcvrefo/image/upload/v1748597371/nestjs_uploads/feqbcopm8ge8maj3hu6k.jpg"],"caption":"ok","location":null,"tags":[],"isPublic":true,"likeCount":0,"commentCount":0,"sharedCount":0,"createdAt":"2025-05-30T09:29:34.405Z","updatedAt":"2025-05-30T09:29:34.405Z","author":{"username":"nam","profilePic":"https://res.cloudinary.com/dizcvrefo/image/upload/v1749266646/nestjs_uploads/zk9zrpeidnovxibfqdxr.png"},"_count":{"likes":3,"comments":0},"score":0.011744548143778082,"isLike":true,"isToday":false,"isFollowing":false,"isSelf":true},{"id":"d79e9a48-ca20-40fd-bb11-ed7302657db9","authorId":"08515b05-2d3e-4789-ad60-db35525a4970","imageUrl":["https://res.cloudinary.com/dizcvrefo/image/upload/v1749382783/nestjs_uploads/buqh5wktqj3y5etgfxok.jpg","https://res.cloudinary.com/dizcvrefo/image/upload/v1749382789/nestjs_uploads/wjm5idulrdjhv7yuc477.jpg","https://res.cloudinary.com/dizcvrefo/image/upload/v1749382781/nestjs_uploads/ztoyccvbrahzxkbm7mxb.jpg","https://res.cloudinary.com/dizcvrefo/image/upload/v1749383075/nestjs_uploads/yjbnpjozb3x4suirhe9d.jpg","https://res.cloudinary.com/dizcvrefo/image/upload/v1749383076/nestjs_uploads/wurnhokpsyvvjg60iceu.jpg"],"caption":"Hôm nay là th? 7 em thích ?i thích ?i vào bar u?ng ? ???","location":null,"tags":[],"isPublic":true,"likeCount":0,"commentCount":0,"sharedCount":0,"createdAt":"2025-05-28T09:56:16.976Z","updatedAt":"2025-06-08T11:44:37.991Z","author":{"username":"nam","profilePic":"https://res.cloudinary.com/dizcvrefo/image/upload/v1749266646/nestjs_uploads/zk9zrpeidnovxibfqdxr.png"},"_count":{"likes":3,"comments":0},"score":0.010744404983544533,"isLike":true,"isToday":false,"isFollowing":false,"isSelf":true},{"id":"028cfac7-688b-4f4d-832d-1dd681b89e64","authorId":"08515b05-2d3e-4789-ad60-db35525a4970","imageUrl":["https://res.cloudinary.com/dizcvrefo/image/upload/v1748964089/nestjs_uploads/r2x7j8rz3gfsze8o0fe7.jpg","https://res.cloudinary.com/dizcvrefo/image/upload/v1748964089/nestjs_uploads/ebic5ju0e6btkxv2g526.jpg","https://res.cloudinary.com/dizcvrefo/image/upload/v1748964089/nestjs_uploads/ngkhumq5qjehuoqmvxqv.jpg"],"caption":"Di uong bia","location":null,"tags":[],"isPublic":true,"likeCount":0,"commentCount":0,"sharedCount":0,"createdAt":"2025-06-03T15:21:31.678Z","updatedAt":"2025-06-03T15:21:31.678Z","author":{"username":"nam","profilePic":"https://res.cloudinary.com/dizcvrefo/image/upload/v1749266646/nestjs_uploads/zk9zrpeidnovxibfqdxr.png"},"_count":{"likes":2,"comments":0},"score":0.009779725649804583,"isLike":true,"isToday":false,"isFollowing":false,"isSelf":true},{"id":"7918bc4d-383d-462e-afab-91099bc69905","authorId":"08515b05-2d3e-4789-ad60-db35525a4970","imageUrl":["https://res.cloudinary.com/dizcvrefo/image/upload/v1749449962/nestjs_uploads/h3loqo8k5fpmi2ipdtof.jpg"],"caption":"??p trai thì m?i có nhi?u ??a yêu h? h?","location":null,"tags":[],"isPublic":true,"likeCount":0,"commentCount":0,"sharedCount":0,"createdAt":"2025-06-09T06:19:23.318Z","updatedAt":"2025-06-09T06:19:23.318Z","author":{"username":"nam","profilePic":"https://res.cloudinary.com/dizcvrefo/image/upload/v1749266646/nestjs_uploads/zk9zrpeidnovxibfqdxr.png"},"_count":{"likes":1,"comments":0},"score":0.007298069243174803,"isLike":true,"isToday":false,"isFollowing":false,"isSelf":true},{"id":"0c10c426-3d53-443a-8155-39234544c693","authorId":"08515b05-2d3e-4789-ad60-db35525a4970","imageUrl":["https://res.cloudinary.com/dizcvrefo/image/upload/v1749397668/nestjs_uploads/umpwoepazt6it2racqhe.webp","https://res.cloudinary.com/dizcvrefo/image/upload/v1749397668/nestjs_uploads/hcj53nurl5lpudcfaz3f.webp","https://res.cloudinary.com/dizcvrefo/image/upload/v1749397668/nestjs_uploads/qv1vfbg7k6lkeldhb7e3.webp","https://res.cloudinary.com/dizcvrefo/image/upload/v1749397668/nestjs_uploads/c6ruaxtyahilompxxej9.webp"],"caption":"Tr?i xanh mây tr?ng","location":null,"tags":[],"isPublic":true,"likeCount":0,"commentCount":0,"sharedCount":0,"createdAt":"2025-06-08T15:47:50.242Z","updatedAt":"2025-06-08T15:47:50.242Z","author":{"username":"nam","profilePic":"https://res.cloudinary.com/dizcvrefo/image/upload/v1749266646/nestjs_uploads/zk9zrpeidnovxibfqdxr.png"},"_count":{"likes":1,"comments":0},"score":0.006930704836827918,"isLike":false,"isToday":false,"isFollowing":false,"isSelf":true},{"id":"d296ef84-ae0f-4d14-a91a-15dd66bc0dac","authorId":"08515b05-2d3e-4789-ad60-db35525a4970","imageUrl":["https://res.cloudinary.com/dizcvrefo/image/upload/v1749397436/nestjs_uploads/w9d8ldmhonbzeenkcxpb.jpg","https://res.cloudinary.com/dizcvrefo/image/upload/v1749397436/nestjs_uploads/g8xrn89xfaz4ssvslueo.jpg","https://res.cloudinary.com/dizcvrefo/image/upload/v1749397436/nestjs_uploads/wggtlkgkwlcrmgrhskup.jpg"],"caption":"??ng tìm nhau vào hôm gió m?a t?i b?i","location":null,"tags":[],"isPublic":true,"likeCount":0,"commentCount":0,"sharedCount":0,"createdAt":"2025-06-08T15:43:57.895Z","updatedAt":"2025-06-08T15:43:57.895Z","author":{"username":"nam","profilePic":"https://res.cloudinary.com/dizcvrefo/image/upload/v1749266646/nestjs_uploads/zk9zrpeidnovxibfqdxr.png"},"_count":{"likes":1,"comments":0},"score":0.006929155084640082,"isLike":true,"isToday":false,"isFollowing":false,"isSelf":true},{"id":"f1eae5ad-ef38-43e0-a9b8-1c1e0c2f6efd","authorId":"08515b05-2d3e-4789-ad60-db35525a4970","imageUrl":["https://res.cloudinary.com/dizcvrefo/image/upload/v1749397189/nestjs_uploads/n24psljoc11kfpxrlozi.jpg","https://res.cloudinary.com/dizcvrefo/image/upload/v1749397188/nestjs_uploads/ebdf0uii6p2yc3m30ruv.webp","https://res.cloudinary.com/dizcvrefo/image/upload/v1749397188/nestjs_uploads/vrc16ao0luptsqlvep2z.webp"],"caption":"Trong ??m gì ??p b?ng sen","location":null,"tags":[],"isPublic":true,"likeCount":0,"commentCount":0,"sharedCount":0,"createdAt":"2025-06-08T15:39:50.851Z","updatedAt":"2025-06-08T15:39:50.851Z","author":{"username":"nam","profilePic":"https://res.cloudinary.com/dizcvrefo/image/upload/v1749266646/nestjs_uploads/zk9zrpeidnovxibfqdxr.png"},"_count":{"likes":1,"comments":0},"score":0.006927508063643439,"isLike":true,"isToday":false,"isFollowing":false,"isSelf":true},{"id":"52cfd912-292f-4fbf-9240-3000d608dcd4","authorId":"e7b38cb7-6701-40d9-a3bd-f53fc4d43457","imageUrl":["https://res.cloudinary.com/dizcvrefo/image/upload/v1749316896/nestjs_uploads/lc1jqjzblqshqho7eavx.jpg"],"caption":"This is my first post","location":null,"tags":[],"isPublic":true,"likeCount":0,"commentCount":0,"sharedCount":0,"createdAt":"2025-05-14T05:28:07.619Z","updatedAt":"2025-06-07T17:21:37.389Z","author":{"username":"ductrong","profilePic":null},"_count":{"likes":3,"comments":0},"score":0.0066748289070308634,"isLike":true,"isToday":false,"isFollowing":false,"isSelf":false},{"id":"546e44ab-45c4-4412-83c9-4a2cd786d46f","authorId":"08515b05-2d3e-4789-ad60-db35525a4970","imageUrl":["https://res.cloudinary.com/dizcvrefo/image/upload/v1749223872/nestjs_uploads/u1lkztc9gc8jfijtppib.jpg","https://res.cloudinary.com/dizcvrefo/image/upload/v1749223872/nestjs_uploads/hvbjhzpqvpw9kjrejiko.jpg","https://res.cloudinary.com/dizcvrefo/image/upload/v1749223872/nestjs_uploads/a9s8eujvzsy7sminvaaw.jpg","https://res.cloudinary.com/dizcvrefo/image/upload/v1749223872/nestjs_uploads/l0darr6gsfvyaz3udhvr.jpg"],"caption":"Th?i ti?t nóng nh? cái lò","location":null,"tags":[],"isPublic":true,"likeCount":0,"commentCount":0,"sharedCount":0,"createdAt":"2025-06-06T15:31:13.422Z","updatedAt":"2025-06-06T15:31:13.422Z","author":{"username":"nam","profilePic":"https://res.cloudinary.com/dizcvrefo/image/upload/v1749266646/nestjs_uploads/zk9zrpeidnovxibfqdxr.png"},"_count":{"likes":1,"comments":0},"score":0.00593739903818869,"isLike":true,"isToday":false,"isFollowing":false,"isSelf":true},{"id":"d227a0c8-1c22-46cc-b7d2-4cdc49559d5a","authorId":"08515b05-2d3e-4789-ad60-db35525a4970","imageUrl":["https://res.cloudinary.com/dizcvrefo/image/upload/v1749396710/nestjs_uploads/rbfbkt8z02milpnwumdf.jpg","https://res.cloudinary.com/dizcvrefo/image/upload/v1749396710/nestjs_uploads/vgcadq2d5bc0n7ccenbd.jpg","https://res.cloudinary.com/dizcvrefo/image/upload/v1749396710/nestjs_uploads/mnxecfqiyziizzhgvpkx.jpg","https://res.cloudinary.com/dizcvrefo/image/upload/v1749396710/nestjs_uploads/ejjhcrbzulhtddkxenrb.jpg"],"caption":"Qu?c t? thi?u nhi","location":null,"tags":[],"isPublic":true,"likeCount":0,"commentCount":0,"sharedCount":0,"createdAt":"2025-06-08T15:31:52.624Z","updatedAt":"2025-06-08T15:31:52.624Z","author":{"username":"nam","profilePic":"https://res.cloudinary.com/dizcvrefo/image/upload/v1749266646/nestjs_uploads/zk9zrpeidnovxibfqdxr.png"},"_count":{"likes":0,"comments":0},"score":0,"isLike":false,"isToday":false,"isFollowing":false,"isSelf":true}]} 
23:22:05.636 [main] INFO com.intuit.karate -- ?ang ch?y test case #18: Không có query parameters (s? d?ng default) 
23:22:05.636 [main] INFO com.intuit.karate -- S? d?ng global bearer token t? config: eyJhbGciOiJIUzI1NiIsInR5cCI6IkpXVCJ9.eyJzdWIiOiIwODUxNWIwNS0yZDNlLTQ3ODktYWQ2MC1kYjM1NTI1YTQ5NzAiLCJ1c2VybmFtZSI6Im5hbSIsInJvbGUiOjAsImlhdCI6MTc1MDQzMzEyOCwiZXhwIjoxNzUwNDM2NzI4fQ.LLNWdGI7R_rFyU4cQg2wm-V3Jq9O_6TIXzyRgCE6Uf4 
23:22:05.641 [main] INFO com.intuit.karate -- karate.env system property was: null 
23:22:05.643 [main] DEBUG com.jayway.jsonpath.internal.path.CompiledPath -- Evaluating path: $
23:22:05.643 [main] DEBUG com.jayway.jsonpath.internal.path.CompiledPath -- Evaluating path: $
23:22:05.644 [main] DEBUG org.apache.http.client.protocol.RequestAddCookies -- CookieSpec selected: karate
23:22:05.644 [main] DEBUG org.apache.http.client.protocol.RequestAuthCache -- Auth cache not set in the context
23:22:05.644 [main] DEBUG com.intuit.karate -- request:
1 > GET http://localhost:3000/posts/feed
1 > Authorization: Bearer eyJhbGciOiJIUzI1NiIsInR5cCI6IkpXVCJ9.eyJzdWIiOiIwODUxNWIwNS0yZDNlLTQ3ODktYWQ2MC1kYjM1NTI1YTQ5NzAiLCJ1c2VybmFtZSI6Im5hbSIsInJvbGUiOjAsImlhdCI6MTc1MDQzMzEyOCwiZXhwIjoxNzUwNDM2NzI4fQ.LLNWdGI7R_rFyU4cQg2wm-V3Jq9O_6TIXzyRgCE6Uf4
1 > Host: localhost:3000
1 > Connection: Keep-Alive
1 > User-Agent: Apache-HttpClient/4.5.14 (Java/17.0.9)
1 > Accept-Encoding: gzip,deflate


23:22:05.644 [main] DEBUG org.apache.http.impl.conn.PoolingHttpClientConnectionManager -- Connection request: [route: {}->http://localhost:3000][total available: 0; route allocated: 0 of 5; total allocated: 0 of 10]
23:22:05.644 [main] DEBUG org.apache.http.impl.conn.PoolingHttpClientConnectionManager -- Connection leased: [id: 17][route: {}->http://localhost:3000][total available: 0; route allocated: 1 of 5; total allocated: 1 of 10]
23:22:05.644 [main] DEBUG org.apache.http.impl.execchain.MainClientExec -- Opening connection {}->http://localhost:3000
23:22:05.645 [main] DEBUG org.apache.http.impl.conn.DefaultHttpClientConnectionOperator -- Connecting to localhost/127.0.0.1:3000
23:22:05.645 [main] DEBUG org.apache.http.impl.conn.DefaultHttpClientConnectionOperator -- Connection established 127.0.0.1:64616<->127.0.0.1:3000
23:22:05.645 [main] DEBUG org.apache.http.impl.conn.DefaultManagedHttpClientConnection -- http-outgoing-17: set socket timeout to 5000
23:22:05.645 [main] DEBUG org.apache.http.impl.execchain.MainClientExec -- Executing request GET /posts/feed HTTP/1.1
23:22:05.645 [main] DEBUG org.apache.http.impl.execchain.MainClientExec -- Proxy auth state: UNCHALLENGED
23:22:05.645 [main] DEBUG org.apache.http.headers -- http-outgoing-17 >> GET /posts/feed HTTP/1.1
23:22:05.645 [main] DEBUG org.apache.http.headers -- http-outgoing-17 >> Authorization: Bearer eyJhbGciOiJIUzI1NiIsInR5cCI6IkpXVCJ9.eyJzdWIiOiIwODUxNWIwNS0yZDNlLTQ3ODktYWQ2MC1kYjM1NTI1YTQ5NzAiLCJ1c2VybmFtZSI6Im5hbSIsInJvbGUiOjAsImlhdCI6MTc1MDQzMzEyOCwiZXhwIjoxNzUwNDM2NzI4fQ.LLNWdGI7R_rFyU4cQg2wm-V3Jq9O_6TIXzyRgCE6Uf4
23:22:05.645 [main] DEBUG org.apache.http.headers -- http-outgoing-17 >> Host: localhost:3000
23:22:05.645 [main] DEBUG org.apache.http.headers -- http-outgoing-17 >> Connection: Keep-Alive
23:22:05.645 [main] DEBUG org.apache.http.headers -- http-outgoing-17 >> User-Agent: Apache-HttpClient/4.5.14 (Java/17.0.9)
23:22:05.645 [main] DEBUG org.apache.http.headers -- http-outgoing-17 >> Accept-Encoding: gzip,deflate
23:22:05.645 [main] DEBUG org.apache.http.wire -- http-outgoing-17 >> "GET /posts/feed HTTP/1.1[\r][\n]"
23:22:05.645 [main] DEBUG org.apache.http.wire -- http-outgoing-17 >> "Authorization: Bearer eyJhbGciOiJIUzI1NiIsInR5cCI6IkpXVCJ9.eyJzdWIiOiIwODUxNWIwNS0yZDNlLTQ3ODktYWQ2MC1kYjM1NTI1YTQ5NzAiLCJ1c2VybmFtZSI6Im5hbSIsInJvbGUiOjAsImlhdCI6MTc1MDQzMzEyOCwiZXhwIjoxNzUwNDM2NzI4fQ.LLNWdGI7R_rFyU4cQg2wm-V3Jq9O_6TIXzyRgCE6Uf4[\r][\n]"
23:22:05.645 [main] DEBUG org.apache.http.wire -- http-outgoing-17 >> "Host: localhost:3000[\r][\n]"
23:22:05.645 [main] DEBUG org.apache.http.wire -- http-outgoing-17 >> "Connection: Keep-Alive[\r][\n]"
23:22:05.645 [main] DEBUG org.apache.http.wire -- http-outgoing-17 >> "User-Agent: Apache-HttpClient/4.5.14 (Java/17.0.9)[\r][\n]"
23:22:05.645 [main] DEBUG org.apache.http.wire -- http-outgoing-17 >> "Accept-Encoding: gzip,deflate[\r][\n]"
23:22:05.645 [main] DEBUG org.apache.http.wire -- http-outgoing-17 >> "[\r][\n]"
23:22:05.676 [main] DEBUG org.apache.http.wire -- http-outgoing-17 << "HTTP/1.1 400 Bad Request[\r][\n]"
23:22:05.676 [main] DEBUG org.apache.http.wire -- http-outgoing-17 << "X-Powered-By: Express[\r][\n]"
23:22:05.676 [main] DEBUG org.apache.http.wire -- http-outgoing-17 << "Access-Control-Allow-Origin: *[\r][\n]"
23:22:05.676 [main] DEBUG org.apache.http.wire -- http-outgoing-17 << "Content-Type: application/json; charset=utf-8[\r][\n]"
23:22:05.676 [main] DEBUG org.apache.http.wire -- http-outgoing-17 << "Content-Length: 149[\r][\n]"
23:22:05.676 [main] DEBUG org.apache.http.wire -- http-outgoing-17 << "ETag: W/"95-AWNKWh073DNcncQnkQqcRSqYXik"[\r][\n]"
23:22:05.676 [main] DEBUG org.apache.http.wire -- http-outgoing-17 << "Date: Fri, 20 Jun 2025 16:22:05 GMT[\r][\n]"
23:22:05.676 [main] DEBUG org.apache.http.wire -- http-outgoing-17 << "Connection: keep-alive[\r][\n]"
23:22:05.676 [main] DEBUG org.apache.http.wire -- http-outgoing-17 << "Keep-Alive: timeout=5[\r][\n]"
23:22:05.676 [main] DEBUG org.apache.http.wire -- http-outgoing-17 << "[\r][\n]"
23:22:05.676 [main] DEBUG org.apache.http.wire -- http-outgoing-17 << "{"success":false,"statusCode":400,"message":"Kh[0xc3][0xb4]ng c[0xc3][0xb3] d[0xe1][0xbb][0xaf] li[0xe1][0xbb][0x87]u [0xc4][0x91][0xc6][0xb0][0xe1][0xbb][0xa3]c g[0xe1][0xbb][0xad]i l[0xc3][0xaa]n","path":"/posts/feed","timestamp":"2025-06-20T16:22:05.675Z"}"
23:22:05.676 [main] DEBUG org.apache.http.headers -- http-outgoing-17 << HTTP/1.1 400 Bad Request
23:22:05.676 [main] DEBUG org.apache.http.headers -- http-outgoing-17 << X-Powered-By: Express
23:22:05.676 [main] DEBUG org.apache.http.headers -- http-outgoing-17 << Access-Control-Allow-Origin: *
23:22:05.676 [main] DEBUG org.apache.http.headers -- http-outgoing-17 << Content-Type: application/json; charset=utf-8
23:22:05.676 [main] DEBUG org.apache.http.headers -- http-outgoing-17 << Content-Length: 149
23:22:05.676 [main] DEBUG org.apache.http.headers -- http-outgoing-17 << ETag: W/"95-AWNKWh073DNcncQnkQqcRSqYXik"
23:22:05.676 [main] DEBUG org.apache.http.headers -- http-outgoing-17 << Date: Fri, 20 Jun 2025 16:22:05 GMT
23:22:05.676 [main] DEBUG org.apache.http.headers -- http-outgoing-17 << Connection: keep-alive
23:22:05.676 [main] DEBUG org.apache.http.headers -- http-outgoing-17 << Keep-Alive: timeout=5
23:22:05.676 [main] DEBUG org.apache.http.impl.execchain.MainClientExec -- Connection can be kept alive for 5000 MILLISECONDS
23:22:05.676 [main] DEBUG org.apache.http.impl.conn.PoolingHttpClientConnectionManager -- Connection [id: 17][route: {}->http://localhost:3000] can be kept alive for 5.0 seconds
23:22:05.676 [main] DEBUG org.apache.http.impl.conn.DefaultManagedHttpClientConnection -- http-outgoing-17: set socket timeout to 0
23:22:05.676 [main] DEBUG org.apache.http.impl.conn.PoolingHttpClientConnectionManager -- Connection released: [id: 17][route: {}->http://localhost:3000][total available: 1; route allocated: 1 of 5; total allocated: 1 of 10]
23:22:05.676 [main] DEBUG org.apache.http.impl.conn.PoolingHttpClientConnectionManager -- Connection manager is shutting down
23:22:05.676 [main] DEBUG org.apache.http.impl.conn.DefaultManagedHttpClientConnection -- http-outgoing-17: Close connection
23:22:05.676 [main] DEBUG org.apache.http.impl.conn.PoolingHttpClientConnectionManager -- Connection manager shut down
23:22:05.676 [main] DEBUG com.intuit.karate -- response time in milliseconds: 32
1 < 400
1 < X-Powered-By: Express
1 < Access-Control-Allow-Origin: *
1 < Content-Type: application/json; charset=utf-8
1 < Content-Length: 149
1 < ETag: W/"95-AWNKWh073DNcncQnkQqcRSqYXik"
1 < Date: Fri, 20 Jun 2025 16:22:05 GMT
1 < Connection: keep-alive
1 < Keep-Alive: timeout=5
{
  "success": false,
  "statusCode": 400,
  "message": "Không có d? li?u ???c g?i lên",
  "path": "/posts/feed",
  "timestamp": "2025-06-20T16:22:05.675Z"
}


23:22:05.677 [main] INFO com.intuit.karate -- [print] Calling getPostsFeed API v?i bearerToken: eyJhbGciOiJIUzI1NiIsInR5cCI6IkpXVCJ9.eyJzdWIiOiIwODUxNWIwNS0yZDNlLTQ3ODktYWQ2MC1kYjM1NTI1YTQ5NzAiLCJ1c2VybmFtZSI6Im5hbSIsInJvbGUiOjAsImlhdCI6MTc1MDQzMzEyOCwiZXhwIjoxNzUwNDM2NzI4fQ.LLNWdGI7R_rFyU4cQg2wm-V3Jq9O_6TIXzyRgCE6Uf4 
23:22:05.677 [main] INFO com.intuit.karate -- [print] Query params: {
}
 
23:22:05.677 [main] INFO com.intuit.karate -- [print] Response status: 400 body: {
  "success": false,
  "statusCode": 400,
  "message": "Không có d? li?u ???c g?i lên",
  "path": "/posts/feed",
  "timestamp": "2025-06-20T16:22:05.675Z"
}
 
23:22:05.678 [main] INFO com.intuit.karate -- STATUS MISMATCH - Expected: 200, Actual: 400 
23:22:05.678 [main] INFO com.intuit.karate -- Test Case Data: {
  "bearerToken": "",
  "page": "",
  "limit": "",
  "testDescription": "Không có query parameters (s? d?ng default)",
  "expectedStatus": 200.0,
  "expectedResult": "{\"message\": \"Feed\", \"statusCode\": 200, \"status\": \"success\", \"data\": []}",
  "responseStatus": "",
  "result": ""
}
 
23:22:05.678 [main] INFO com.intuit.karate -- Expected Status: 200.0 
23:22:05.678 [main] INFO com.intuit.karate -- Actual Status: 400 
23:22:05.678 [main] INFO com.intuit.karate -- Test case #18 - Status: 400, Result: {"success":false,"statusCode":400,"message":"Không có d? li?u ???c g?i lên","path":"/posts/feed","timestamp":"2025-06-20T16:22:05.675Z"} 
23:22:05.679 [main] DEBUG com.intuit.karate.core.ScenarioEngine -- over-writing existing variable 'testResults' with new value: results
23:22:05.679 [main] INFO com.intuit.karate -- [print] Hoàn thành t?t c? test cases getPostsFeed. ?ang ghi k?t qu? vào Excel... 
23:22:05.680 [main] INFO com.intuit.karate -- [print] Ghi k?t qu? vào Excel... 
23:22:05.963 [main] INFO com.intuit.karate -- ?ã ghi k?t qu? getPostsFeed vào Excel thành công! 
23:22:05.965 [main] DEBUG com.jayway.jsonpath.internal.path.CompiledPath -- Evaluating path: $
23:22:05.965 [main] DEBUG com.jayway.jsonpath.internal.path.CompiledPath -- Evaluating path: $
23:22:05.965 [main] DEBUG com.jayway.jsonpath.internal.path.CompiledPath -- Evaluating path: $
23:22:05.965 [main] DEBUG com.jayway.jsonpath.internal.path.CompiledPath -- Evaluating path: $
23:22:05.965 [main] DEBUG com.jayway.jsonpath.internal.path.CompiledPath -- Evaluating path: $
23:22:05.966 [main] DEBUG com.jayway.jsonpath.internal.path.CompiledPath -- Evaluating path: $
23:22:05.966 [main] DEBUG com.jayway.jsonpath.internal.path.CompiledPath -- Evaluating path: $
23:22:05.966 [main] DEBUG com.jayway.jsonpath.internal.path.CompiledPath -- Evaluating path: $
23:22:05.966 [main] DEBUG com.jayway.jsonpath.internal.path.CompiledPath -- Evaluating path: $
23:22:05.966 [main] DEBUG com.jayway.jsonpath.internal.path.CompiledPath -- Evaluating path: $
23:22:05.966 [main] DEBUG com.jayway.jsonpath.internal.path.CompiledPath -- Evaluating path: $
23:22:05.966 [main] DEBUG com.jayway.jsonpath.internal.path.CompiledPath -- Evaluating path: $
23:22:05.966 [main] DEBUG com.jayway.jsonpath.internal.path.CompiledPath -- Evaluating path: $
23:22:05.967 [main] DEBUG com.jayway.jsonpath.internal.path.CompiledPath -- Evaluating path: $
23:22:05.967 [main] DEBUG com.jayway.jsonpath.internal.path.CompiledPath -- Evaluating path: $
23:22:05.967 [main] DEBUG com.jayway.jsonpath.internal.path.CompiledPath -- Evaluating path: $
23:22:05.967 [main] DEBUG com.jayway.jsonpath.internal.path.CompiledPath -- Evaluating path: $
23:22:05.967 [main] DEBUG com.jayway.jsonpath.internal.path.CompiledPath -- Evaluating path: $
23:22:05.983 [main] DEBUG com.jayway.jsonpath.internal.path.CompiledPath -- Evaluating path: $
23:22:05.983 [main] DEBUG com.jayway.jsonpath.internal.path.CompiledPath -- Evaluating path: $
23:22:05.983 [main] DEBUG com.jayway.jsonpath.internal.path.CompiledPath -- Evaluating path: $
23:22:05.983 [main] DEBUG com.jayway.jsonpath.internal.path.CompiledPath -- Evaluating path: $
23:22:05.983 [main] DEBUG com.jayway.jsonpath.internal.path.CompiledPath -- Evaluating path: $
23:22:05.983 [main] DEBUG com.jayway.jsonpath.internal.path.CompiledPath -- Evaluating path: $
23:22:05.983 [main] DEBUG com.jayway.jsonpath.internal.path.CompiledPath -- Evaluating path: $
23:22:05.983 [main] DEBUG com.jayway.jsonpath.internal.path.CompiledPath -- Evaluating path: $
23:22:05.983 [main] DEBUG com.jayway.jsonpath.internal.path.CompiledPath -- Evaluating path: $
23:22:05.983 [main] DEBUG com.jayway.jsonpath.internal.path.CompiledPath -- Evaluating path: $
23:22:05.983 [main] DEBUG com.jayway.jsonpath.internal.path.CompiledPath -- Evaluating path: $
23:22:05.983 [main] DEBUG com.jayway.jsonpath.internal.path.CompiledPath -- Evaluating path: $
23:22:05.983 [main] DEBUG com.jayway.jsonpath.internal.path.CompiledPath -- Evaluating path: $
23:22:05.983 [main] DEBUG com.jayway.jsonpath.internal.path.CompiledPath -- Evaluating path: $
23:22:05.984 [main] DEBUG com.jayway.jsonpath.internal.path.CompiledPath -- Evaluating path: $
23:22:05.984 [main] DEBUG com.jayway.jsonpath.internal.path.CompiledPath -- Evaluating path: $
23:22:05.984 [main] DEBUG com.jayway.jsonpath.internal.path.CompiledPath -- Evaluating path: $
23:22:05.984 [main] DEBUG com.jayway.jsonpath.internal.path.CompiledPath -- Evaluating path: $
23:22:06.017 [main] DEBUG org.thymeleaf.TemplateEngine -- [THYMELEAF] INITIALIZING TEMPLATE ENGINE
23:22:06.126 [main] DEBUG org.thymeleaf.TemplateEngine.CONFIG -- Initializing Thymeleaf Template engine configuration...
[THYMELEAF] TEMPLATE ENGINE CONFIGURATION:
[THYMELEAF] * Thymeleaf version: 3.1.2.RELEASE (built 2023-07-30T19:25:50+0000)
[THYMELEAF] * Cache Manager implementation: org.thymeleaf.cache.StandardCacheManager
[THYMELEAF] * Template resolvers:
[THYMELEAF]     * [1] com.intuit.karate.template.ResourceHtmlTemplateResolver
[THYMELEAF] * Message resolvers:
[THYMELEAF]     * org.thymeleaf.messageresolver.StandardMessageResolver
[THYMELEAF] * Link builders:
[THYMELEAF]     * org.thymeleaf.linkbuilder.StandardLinkBuilder
[THYMELEAF] * Dialect [1 of 2]: Standard (com.intuit.karate.template.KarateStandardDialect)
[THYMELEAF]     * Prefix: "th"
[THYMELEAF]     * Processors for Template Mode: HTML
[THYMELEAF]         * Element Tag Processors by [matching element and attribute name] [precedence]:
[THYMELEAF]             * [* {th:include,data-th-include}] [100]: org.thymeleaf.standard.processor.StandardIncludeTagProcessor
[THYMELEAF]             * [* {th:insert,data-th-insert}] [100]: org.thymeleaf.standard.processor.StandardInsertTagProcessor
[THYMELEAF]             * [* {th:replace,data-th-replace}] [100]: org.thymeleaf.standard.processor.StandardReplaceTagProcessor
[THYMELEAF]             * [* {th:each,data-th-each}] [200]: com.intuit.karate.template.KarateEachTagProcessor
[THYMELEAF]             * [* {th:switch,data-th-switch}] [250]: org.thymeleaf.standard.processor.StandardSwitchTagProcessor
[THYMELEAF]             * [* {th:case,data-th-case}] [275]: org.thymeleaf.standard.processor.StandardCaseTagProcessor
[THYMELEAF]             * [* {th:if,data-th-if}] [300]: org.thymeleaf.standard.processor.StandardIfTagProcessor
[THYMELEAF]             * [* {th:unless,data-th-unless}] [400]: org.thymeleaf.standard.processor.StandardUnlessTagProcessor
[THYMELEAF]             * [* {th:object,data-th-object}] [500]: org.thymeleaf.standard.processor.StandardObjectTagProcessor
[THYMELEAF]             * [* {th:with,data-th-with}] [600]: com.intuit.karate.template.KarateWithTagProcessor
[THYMELEAF]             * [* {th:attr,data-th-attr}] [700]: com.intuit.karate.template.KarateAttributeTagProcessor.KarateAttrTagProcessor
[THYMELEAF]             * [* {th:attrappend,data-th-attrappend}] [900]: com.intuit.karate.template.KarateAttributeTagProcessor.KarateAttrappendTagProcessor
[THYMELEAF]             * [* {th:attrprepend,data-th-attrprepend}] [900]: com.intuit.karate.template.KarateAttributeTagProcessor.KarateAttrprependTagProcessor
[THYMELEAF]             * [* {th:alt-title,data-th-alt-title}] [990]: org.thymeleaf.standard.processor.StandardAltTitleTagProcessor
[THYMELEAF]             * [* {th:lang-xmllang,data-th-lang-xmllang}] [990]: org.thymeleaf.standard.processor.StandardLangXmlLangTagProcessor
[THYMELEAF]             * [* {th:action,data-th-action}] [1000]: org.thymeleaf.standard.processor.StandardActionTagProcessor
[THYMELEAF]             * [* {th:selected,data-th-selected}] [1000]: org.thymeleaf.standard.processor.StandardConditionalFixedValueTagProcessor
[THYMELEAF]             * [* {th:autoplay,data-th-autoplay}] [1000]: org.thymeleaf.standard.processor.StandardConditionalFixedValueTagProcessor
[THYMELEAF]             * [* {th:loop,data-th-loop}] [1000]: org.thymeleaf.standard.processor.StandardConditionalFixedValueTagProcessor
[THYMELEAF]             * [* {th:multiple,data-th-multiple}] [1000]: org.thymeleaf.standard.processor.StandardConditionalFixedValueTagProcessor
[THYMELEAF]             * [* {th:defer,data-th-defer}] [1000]: org.thymeleaf.standard.processor.StandardConditionalFixedValueTagProcessor
[THYMELEAF]             * [* {th:open,data-th-open}] [1000]: org.thymeleaf.standard.processor.StandardConditionalFixedValueTagProcessor
[THYMELEAF]             * [* {th:hidden,data-th-hidden}] [1000]: org.thymeleaf.standard.processor.StandardConditionalFixedValueTagProcessor
[THYMELEAF]             * [* {th:readonly,data-th-readonly}] [1000]: org.thymeleaf.standard.processor.StandardConditionalFixedValueTagProcessor
[THYMELEAF]             * [* {th:pubdate,data-th-pubdate}] [1000]: org.thymeleaf.standard.processor.StandardConditionalFixedValueTagProcessor
[THYMELEAF]             * [* {th:reversed,data-th-reversed}] [1000]: org.thymeleaf.standard.processor.StandardConditionalFixedValueTagProcessor
[THYMELEAF]             * [* {th:checked,data-th-checked}] [1000]: org.thymeleaf.standard.processor.StandardConditionalFixedValueTagProcessor
[THYMELEAF]             * [* {th:async,data-th-async}] [1000]: org.thymeleaf.standard.processor.StandardConditionalFixedValueTagProcessor
[THYMELEAF]             * [* {th:default,data-th-default}] [1000]: org.thymeleaf.standard.processor.StandardConditionalFixedValueTagProcessor
[THYMELEAF]             * [* {th:nowrap,data-th-nowrap}] [1000]: org.thymeleaf.standard.processor.StandardConditionalFixedValueTagProcessor
[THYMELEAF]             * [* {th:autofocus,data-th-autofocus}] [1000]: org.thymeleaf.standard.processor.StandardConditionalFixedValueTagProcessor
[THYMELEAF]             * [* {th:controls,data-th-controls}] [1000]: org.thymeleaf.standard.processor.StandardConditionalFixedValueTagProcessor
[THYMELEAF]             * [* {th:novalidate,data-th-novalidate}] [1000]: org.thymeleaf.standard.processor.StandardConditionalFixedValueTagProcessor
[THYMELEAF]             * [* {th:ismap,data-th-ismap}] [1000]: org.thymeleaf.standard.processor.StandardConditionalFixedValueTagProcessor
[THYMELEAF]             * [* {th:formnovalidate,data-th-formnovalidate}] [1000]: org.thymeleaf.standard.processor.StandardConditionalFixedValueTagProcessor
[THYMELEAF]             * [* {th:scoped,data-th-scoped}] [1000]: org.thymeleaf.standard.processor.StandardConditionalFixedValueTagProcessor
[THYMELEAF]             * [* {th:declare,data-th-declare}] [1000]: org.thymeleaf.standard.processor.StandardConditionalFixedValueTagProcessor
[THYMELEAF]             * [* {th:required,data-th-required}] [1000]: org.thymeleaf.standard.processor.StandardConditionalFixedValueTagProcessor
[THYMELEAF]             * [* {th:disabled,data-th-disabled}] [1000]: org.thymeleaf.standard.processor.StandardConditionalFixedValueTagProcessor
[THYMELEAF]             * [* {th:seamless,data-th-seamless}] [1000]: org.thymeleaf.standard.processor.StandardConditionalFixedValueTagProcessor
[THYMELEAF]             * [* {th:ontimeupdate,data-th-ontimeupdate}] [1000]: org.thymeleaf.standard.processor.StandardDOMEventAttributeTagProcessor
[THYMELEAF]             * [* {th:ondragenter,data-th-ondragenter}] [1000]: org.thymeleaf.standard.processor.StandardDOMEventAttributeTagProcessor
[THYMELEAF]             * [* {th:onmousewheel,data-th-onmousewheel}] [1000]: org.thymeleaf.standard.processor.StandardDOMEventAttributeTagProcessor
[THYMELEAF]             * [* {th:ondragstart,data-th-ondragstart}] [1000]: org.thymeleaf.standard.processor.StandardDOMEventAttributeTagProcessor
[THYMELEAF]             * [* {th:oncanplay,data-th-oncanplay}] [1000]: org.thymeleaf.standard.processor.StandardDOMEventAttributeTagProcessor
[THYMELEAF]             * [* {th:onstalled,data-th-onstalled}] [1000]: org.thymeleaf.standard.processor.StandardDOMEventAttributeTagProcessor
[THYMELEAF]             * [* {th:onabort,data-th-onabort}] [1000]: org.thymeleaf.standard.processor.StandardDOMEventAttributeTagProcessor
[THYMELEAF]             * [* {th:ondblclick,data-th-ondblclick}] [1000]: org.thymeleaf.standard.processor.StandardDOMEventAttributeTagProcessor
[THYMELEAF]             * [* {th:onblur,data-th-onblur}] [1000]: org.thymeleaf.standard.processor.StandardDOMEventAttributeTagProcessor
[THYMELEAF]             * [* {th:oninvalid,data-th-oninvalid}] [1000]: org.thymeleaf.standard.processor.StandardDOMEventAttributeTagProcessor
[THYMELEAF]             * [* {th:ondragend,data-th-ondragend}] [1000]: org.thymeleaf.standard.processor.StandardDOMEventAttributeTagProcessor
[THYMELEAF]             * [* {th:onshow,data-th-onshow}] [1000]: org.thymeleaf.standard.processor.StandardDOMEventAttributeTagProcessor
[THYMELEAF]             * [* {th:onselect,data-th-onselect}] [1000]: org.thymeleaf.standard.processor.StandardDOMEventAttributeTagProcessor
[THYMELEAF]             * [* {th:onprogress,data-th-onprogress}] [1000]: org.thymeleaf.standard.processor.StandardDOMEventAttributeTagProcessor
[THYMELEAF]             * [* {th:onmouseout,data-th-onmouseout}] [1000]: org.thymeleaf.standard.processor.StandardDOMEventAttributeTagProcessor
[THYMELEAF]             * [* {th:onkeypress,data-th-onkeypress}] [1000]: org.thymeleaf.standard.processor.StandardDOMEventAttributeTagProcessor
[THYMELEAF]             * [* {th:onmousedown,data-th-onmousedown}] [1000]: org.thymeleaf.standard.processor.StandardDOMEventAttributeTagProcessor
[THYMELEAF]             * [* {th:onmousemove,data-th-onmousemove}] [1000]: org.thymeleaf.standard.processor.StandardDOMEventAttributeTagProcessor
[THYMELEAF]             * [* {th:onbeforeprint,data-th-onbeforeprint}] [1000]: org.thymeleaf.standard.processor.StandardDOMEventAttributeTagProcessor
[THYMELEAF]             * [* {th:onchange,data-th-onchange}] [1000]: org.thymeleaf.standard.processor.StandardDOMEventAttributeTagProcessor
[THYMELEAF]             * [* {th:onoffline,data-th-onoffline}] [1000]: org.thymeleaf.standard.processor.StandardDOMEventAttributeTagProcessor
[THYMELEAF]             * [* {th:onbeforeunload,data-th-onbeforeunload}] [1000]: org.thymeleaf.standard.processor.StandardDOMEventAttributeTagProcessor
[THYMELEAF]             * [* {th:onmessage,data-th-onmessage}] [1000]: org.thymeleaf.standard.processor.StandardDOMEventAttributeTagProcessor
[THYMELEAF]             * [* {th:onmouseover,data-th-onmouseover}] [1000]: org.thymeleaf.standard.processor.StandardDOMEventAttributeTagProcessor
[THYMELEAF]             * [* {th:onloadedmetadata,data-th-onloadedmetadata}] [1000]: org.thymeleaf.standard.processor.StandardDOMEventAttributeTagProcessor
[THYMELEAF]             * [* {th:onratechange,data-th-onratechange}] [1000]: org.thymeleaf.standard.processor.StandardDOMEventAttributeTagProcessor
[THYMELEAF]             * [* {th:onunload,data-th-onunload}] [1000]: org.thymeleaf.standard.processor.StandardDOMEventAttributeTagProcessor
[THYMELEAF]             * [* {th:onpause,data-th-onpause}] [1000]: org.thymeleaf.standard.processor.StandardDOMEventAttributeTagProcessor
[THYMELEAF]             * [* {th:onsubmit,data-th-onsubmit}] [1000]: org.thymeleaf.standard.processor.StandardDOMEventAttributeTagProcessor
[THYMELEAF]             * [* {th:onredo,data-th-onredo}] [1000]: org.thymeleaf.standard.processor.StandardDOMEventAttributeTagProcessor
[THYMELEAF]             * [* {th:onsuspend,data-th-onsuspend}] [1000]: org.thymeleaf.standard.processor.StandardDOMEventAttributeTagProcessor
[THYMELEAF]             * [* {th:oninput,data-th-oninput}] [1000]: org.thymeleaf.standard.processor.StandardDOMEventAttributeTagProcessor
[THYMELEAF]             * [* {th:onreset,data-th-onreset}] [1000]: org.thymeleaf.standard.processor.StandardDOMEventAttributeTagProcessor
[THYMELEAF]             * [* {th:onseeking,data-th-onseeking}] [1000]: org.thymeleaf.standard.processor.StandardDOMEventAttributeTagProcessor
[THYMELEAF]             * [* {th:ondragover,data-th-ondragover}] [1000]: org.thymeleaf.standard.processor.StandardDOMEventAttributeTagProcessor
[THYMELEAF]             * [* {th:onkeydown,data-th-onkeydown}] [1000]: org.thymeleaf.standard.processor.StandardDOMEventAttributeTagProcessor
[THYMELEAF]             * [* {th:onundo,data-th-onundo}] [1000]: org.thymeleaf.standard.processor.StandardDOMEventAttributeTagProcessor
[THYMELEAF]             * [* {th:onwaiting,data-th-onwaiting}] [1000]: org.thymeleaf.standard.processor.StandardDOMEventAttributeTagProcessor
[THYMELEAF]             * [* {th:onclick,data-th-onclick}] [1000]: org.thymeleaf.standard.processor.StandardDOMEventAttributeTagProcessor
[THYMELEAF]             * [* {th:onloadstart,data-th-onloadstart}] [1000]: org.thymeleaf.standard.processor.StandardDOMEventAttributeTagProcessor
[THYMELEAF]             * [* {th:onafterprint,data-th-onafterprint}] [1000]: org.thymeleaf.standard.processor.StandardDOMEventAttributeTagProcessor
[THYMELEAF]             * [* {th:onloadeddata,data-th-onloadeddata}] [1000]: org.thymeleaf.standard.processor.StandardDOMEventAttributeTagProcessor
[THYMELEAF]             * [* {th:onstorage,data-th-onstorage}] [1000]: org.thymeleaf.standard.processor.StandardDOMEventAttributeTagProcessor
[THYMELEAF]             * [* {th:onkeyup,data-th-onkeyup}] [1000]: org.thymeleaf.standard.processor.StandardDOMEventAttributeTagProcessor
[THYMELEAF]             * [* {th:ondrag,data-th-ondrag}] [1000]: org.thymeleaf.standard.processor.StandardDOMEventAttributeTagProcessor
[THYMELEAF]             * [* {th:ondurationchange,data-th-ondurationchange}] [1000]: org.thymeleaf.standard.processor.StandardDOMEventAttributeTagProcessor
[THYMELEAF]             * [* {th:onplaying,data-th-onplaying}] [1000]: org.thymeleaf.standard.processor.StandardDOMEventAttributeTagProcessor
[THYMELEAF]             * [* {th:onscroll,data-th-onscroll}] [1000]: org.thymeleaf.standard.processor.StandardDOMEventAttributeTagProcessor
[THYMELEAF]             * [* {th:onfocus,data-th-onfocus}] [1000]: org.thymeleaf.standard.processor.StandardDOMEventAttributeTagProcessor
[THYMELEAF]             * [* {th:onmouseup,data-th-onmouseup}] [1000]: org.thymeleaf.standard.processor.StandardDOMEventAttributeTagProcessor
[THYMELEAF]             * [* {th:onreadystatechange,data-th-onreadystatechange}] [1000]: org.thymeleaf.standard.processor.StandardDOMEventAttributeTagProcessor
[THYMELEAF]             * [* {th:onpopstate,data-th-onpopstate}] [1000]: org.thymeleaf.standard.processor.StandardDOMEventAttributeTagProcessor
[THYMELEAF]             * [* {th:onload,data-th-onload}] [1000]: org.thymeleaf.standard.processor.StandardDOMEventAttributeTagProcessor
[THYMELEAF]             * [* {th:oncanplaythrough,data-th-oncanplaythrough}] [1000]: org.thymeleaf.standard.processor.StandardDOMEventAttributeTagProcessor
[THYMELEAF]             * [* {th:oncontextmenu,data-th-oncontextmenu}] [1000]: org.thymeleaf.standard.processor.StandardDOMEventAttributeTagProcessor
[THYMELEAF]             * [* {th:onplay,data-th-onplay}] [1000]: org.thymeleaf.standard.processor.StandardDOMEventAttributeTagProcessor
[THYMELEAF]             * [* {th:ononline,data-th-ononline}] [1000]: org.thymeleaf.standard.processor.StandardDOMEventAttributeTagProcessor
[THYMELEAF]             * [* {th:onerror,data-th-onerror}] [1000]: org.thymeleaf.standard.processor.StandardDOMEventAttributeTagProcessor
[THYMELEAF]             * [* {th:onformchange,data-th-onformchange}] [1000]: org.thymeleaf.standard.processor.StandardDOMEventAttributeTagProcessor
[THYMELEAF]             * [* {th:ondrop,data-th-ondrop}] [1000]: org.thymeleaf.standard.processor.StandardDOMEventAttributeTagProcessor
[THYMELEAF]             * [* {th:onemptied,data-th-onemptied}] [1000]: org.thymeleaf.standard.processor.StandardDOMEventAttributeTagProcessor
[THYMELEAF]             * [* {th:onhashchange,data-th-onhashchange}] [1000]: org.thymeleaf.standard.processor.StandardDOMEventAttributeTagProcessor
[THYMELEAF]             * [* {th:ondragleave,data-th-ondragleave}] [1000]: org.thymeleaf.standard.processor.StandardDOMEventAttributeTagProcessor
[THYMELEAF]             * [* {th:onended,data-th-onended}] [1000]: org.thymeleaf.standard.processor.StandardDOMEventAttributeTagProcessor
[THYMELEAF]             * [* {th:onresize,data-th-onresize}] [1000]: org.thymeleaf.standard.processor.StandardDOMEventAttributeTagProcessor
[THYMELEAF]             * [* {th:onforminput,data-th-onforminput}] [1000]: org.thymeleaf.standard.processor.StandardDOMEventAttributeTagProcessor
[THYMELEAF]             * [* {th:onseeked,data-th-onseeked}] [1000]: org.thymeleaf.standard.processor.StandardDOMEventAttributeTagProcessor
[THYMELEAF]             * [* {th:onvolumechange,data-th-onvolumechange}] [1000]: org.thymeleaf.standard.processor.StandardDOMEventAttributeTagProcessor
[THYMELEAF]             * [* {th:href,data-th-href}] [1000]: org.thymeleaf.standard.processor.StandardHrefTagProcessor
[THYMELEAF]             * [* {th:inline,data-th-inline}] [1000]: org.thymeleaf.standard.processor.StandardInlineHTMLTagProcessor
[THYMELEAF]             * [* {th:method,data-th-method}] [1000]: org.thymeleaf.standard.processor.StandardMethodTagProcessor
[THYMELEAF]             * [* {th:type,data-th-type}] [1000]: org.thymeleaf.standard.processor.StandardNonRemovableAttributeTagProcessor
[THYMELEAF]             * [* {th:name,data-th-name}] [1000]: org.thymeleaf.standard.processor.StandardNonRemovableAttributeTagProcessor
[THYMELEAF]             * [* {th:hspace,data-th-hspace}] [1000]: org.thymeleaf.standard.processor.StandardRemovableAttributeTagProcessor
[THYMELEAF]             * [* {th:bgcolor,data-th-bgcolor}] [1000]: org.thymeleaf.standard.processor.StandardRemovableAttributeTagProcessor
[THYMELEAF]             * [* {th:id,data-th-id}] [1000]: org.thymeleaf.standard.processor.StandardRemovableAttributeTagProcessor
[THYMELEAF]             * [* {th:rules,data-th-rules}] [1000]: org.thymeleaf.standard.processor.StandardRemovableAttributeTagProcessor
[THYMELEAF]             * [* {th:colspan,data-th-colspan}] [1000]: org.thymeleaf.standard.processor.StandardRemovableAttributeTagProcessor
[THYMELEAF]             * [* {th:cellspacing,data-th-cellspacing}] [1000]: org.thymeleaf.standard.processor.StandardRemovableAttributeTagProcessor
[THYMELEAF]             * [* {th:high,data-th-high}] [1000]: org.thymeleaf.standard.processor.StandardRemovableAttributeTagProcessor
[THYMELEAF]             * [* {th:kind,data-th-kind}] [1000]: org.thymeleaf.standard.processor.StandardRemovableAttributeTagProcessor
[THYMELEAF]             * [* {th:hreflang,data-th-hreflang}] [1000]: org.thymeleaf.standard.processor.StandardRemovableAttributeTagProcessor
[THYMELEAF]             * [* {th:cols,data-th-cols}] [1000]: org.thymeleaf.standard.processor.StandardRemovableAttributeTagProcessor
[THYMELEAF]             * [* {th:valuetype,data-th-valuetype}] [1000]: org.thymeleaf.standard.processor.StandardRemovableAttributeTagProcessor
[THYMELEAF]             * [* {th:scheme,data-th-scheme}] [1000]: org.thymeleaf.standard.processor.StandardRemovableAttributeTagProcessor
[THYMELEAF]             * [* {th:size,data-th-size}] [1000]: org.thymeleaf.standard.processor.StandardRemovableAttributeTagProcessor
[THYMELEAF]             * [* {th:height,data-th-height}] [1000]: org.thymeleaf.standard.processor.StandardRemovableAttributeTagProcessor
[THYMELEAF]             * [* {th:marginwidth,data-th-marginwidth}] [1000]: org.thymeleaf.standard.processor.StandardRemovableAttributeTagProcessor
[THYMELEAF]             * [* {th:cite,data-th-cite}] [1000]: org.thymeleaf.standard.processor.StandardRemovableAttributeTagProcessor
[THYMELEAF]             * [* {th:span,data-th-span}] [1000]: org.thymeleaf.standard.processor.StandardRemovableAttributeTagProcessor
[THYMELEAF]             * [* {th:form,data-th-form}] [1000]: org.thymeleaf.standard.processor.StandardRemovableAttributeTagProcessor
[THYMELEAF]             * [* {th:lang,data-th-lang}] [1000]: org.thymeleaf.standard.processor.StandardRemovableAttributeTagProcessor
[THYMELEAF]             * [* {th:pattern,data-th-pattern}] [1000]: org.thymeleaf.standard.processor.StandardRemovableAttributeTagProcessor
[THYMELEAF]             * [* {th:dropzone,data-th-dropzone}] [1000]: org.thymeleaf.standard.processor.StandardRemovableAttributeTagProcessor
[THYMELEAF]             * [* {th:compact,data-th-compact}] [1000]: org.thymeleaf.standard.processor.StandardRemovableAttributeTagProcessor
[THYMELEAF]             * [* {th:charset,data-th-charset}] [1000]: org.thymeleaf.standard.processor.StandardRemovableAttributeTagProcessor
[THYMELEAF]             * [* {th:axis,data-th-axis}] [1000]: org.thymeleaf.standard.processor.StandardRemovableAttributeTagProcessor
[THYMELEAF]             * [* {th:formmethod,data-th-formmethod}] [1000]: org.thymeleaf.standard.processor.StandardRemovableAttributeTagProcessor
[THYMELEAF]             * [* {th:srclang,data-th-srclang}] [1000]: org.thymeleaf.standard.processor.StandardRemovableAttributeTagProcessor
[THYMELEAF]             * [* {th:radiogroup,data-th-radiogroup}] [1000]: org.thymeleaf.standard.processor.StandardRemovableAttributeTagProcessor
[THYMELEAF]             * [* {th:frame,data-th-frame}] [1000]: org.thymeleaf.standard.processor.StandardRemovableAttributeTagProcessor
[THYMELEAF]             * [* {th:scope,data-th-scope}] [1000]: org.thymeleaf.standard.processor.StandardRemovableAttributeTagProcessor
[THYMELEAF]             * [* {th:contextmenu,data-th-contextmenu}] [1000]: org.thymeleaf.standard.processor.StandardRemovableAttributeTagProcessor
[THYMELEAF]             * [* {th:max,data-th-max}] [1000]: org.thymeleaf.standard.processor.StandardRemovableAttributeTagProcessor
[THYMELEAF]             * [* {th:http-equiv,data-th-http-equiv}] [1000]: org.thymeleaf.standard.processor.StandardRemovableAttributeTagProcessor
[THYMELEAF]             * [* {th:placeholder,data-th-placeholder}] [1000]: org.thymeleaf.standard.processor.StandardRemovableAttributeTagProcessor
[THYMELEAF]             * [* {th:abbr,data-th-abbr}] [1000]: org.thymeleaf.standard.processor.StandardRemovableAttributeTagProcessor
[THYMELEAF]             * [* {th:classid,data-th-classid}] [1000]: org.thymeleaf.standard.processor.StandardRemovableAttributeTagProcessor
[THYMELEAF]             * [* {th:style,data-th-style}] [1000]: org.thymeleaf.standard.processor.StandardRemovableAttributeTagProcessor
[THYMELEAF]             * [* {th:label,data-th-label}] [1000]: org.thymeleaf.standard.processor.StandardRemovableAttributeTagProcessor
[THYMELEAF]             * [* {th:title,data-th-title}] [1000]: org.thymeleaf.standard.processor.StandardRemovableAttributeTagProcessor
[THYMELEAF]             * [* {th:vspace,data-th-vspace}] [1000]: org.thymeleaf.standard.processor.StandardRemovableAttributeTagProcessor
[THYMELEAF]             * [* {th:step,data-th-step}] [1000]: org.thymeleaf.standard.processor.StandardRemovableAttributeTagProcessor
[THYMELEAF]             * [* {th:usemap,data-th-usemap}] [1000]: org.thymeleaf.standard.processor.StandardRemovableAttributeTagProcessor
[THYMELEAF]             * [* {th:target,data-th-target}] [1000]: org.thymeleaf.standard.processor.StandardRemovableAttributeTagProcessor
[THYMELEAF]             * [* {th:draggable,data-th-draggable}] [1000]: org.thymeleaf.standard.processor.StandardRemovableAttributeTagProcessor
[THYMELEAF]             * [* {th:formtarget,data-th-formtarget}] [1000]: org.thymeleaf.standard.processor.StandardRemovableAttributeTagProcessor
[THYMELEAF]             * [* {th:start,data-th-start}] [1000]: org.thymeleaf.standard.processor.StandardRemovableAttributeTagProcessor
[THYMELEAF]             * [* {th:rel,data-th-rel}] [1000]: org.thymeleaf.standard.processor.StandardRemovableAttributeTagProcessor
[THYMELEAF]             * [* {th:icon,data-th-icon}] [1000]: org.thymeleaf.standard.processor.StandardRemovableAttributeTagProcessor
[THYMELEAF]             * [* {th:codetype,data-th-codetype}] [1000]: org.thymeleaf.standard.processor.StandardRemovableAttributeTagProcessor
[THYMELEAF]             * [* {th:media,data-th-media}] [1000]: org.thymeleaf.standard.processor.StandardRemovableAttributeTagProcessor
[THYMELEAF]             * [* {th:manifest,data-th-manifest}] [1000]: org.thymeleaf.standard.processor.StandardRemovableAttributeTagProcessor
[THYMELEAF]             * [* {th:longdesc,data-th-longdesc}] [1000]: org.thymeleaf.standard.processor.StandardRemovableAttributeTagProcessor
[THYMELEAF]             * [* {th:autocomplete,data-th-autocomplete}] [1000]: org.thymeleaf.standard.processor.StandardRemovableAttributeTagProcessor
[THYMELEAF]             * [* {th:formaction,data-th-formaction}] [1000]: org.thymeleaf.standard.processor.StandardRemovableAttributeTagProcessor
[THYMELEAF]             * [* {th:low,data-th-low}] [1000]: org.thymeleaf.standard.processor.StandardRemovableAttributeTagProcessor
[THYMELEAF]             * [* {th:challenge,data-th-challenge}] [1000]: org.thymeleaf.standard.processor.StandardRemovableAttributeTagProcessor
[THYMELEAF]             * [* {th:accept,data-th-accept}] [1000]: org.thymeleaf.standard.processor.StandardRemovableAttributeTagProcessor
[THYMELEAF]             * [* {th:audio,data-th-audio}] [1000]: org.thymeleaf.standard.processor.StandardRemovableAttributeTagProcessor
[THYMELEAF]             * [* {th:frameborder,data-th-frameborder}] [1000]: org.thymeleaf.standard.processor.StandardRemovableAttributeTagProcessor
[THYMELEAF]             * [* {th:marginheight,data-th-marginheight}] [1000]: org.thymeleaf.standard.processor.StandardRemovableAttributeTagProcessor
[THYMELEAF]             * [* {th:tabindex,data-th-tabindex}] [1000]: org.thymeleaf.standard.processor.StandardRemovableAttributeTagProcessor
[THYMELEAF]             * [* {th:for,data-th-for}] [1000]: org.thymeleaf.standard.processor.StandardRemovableAttributeTagProcessor
[THYMELEAF]             * [* {th:poster,data-th-poster}] [1000]: org.thymeleaf.standard.processor.StandardRemovableAttributeTagProcessor
[THYMELEAF]             * [* {th:accept-charset,data-th-accept-charset}] [1000]: org.thymeleaf.standard.processor.StandardRemovableAttributeTagProcessor
[THYMELEAF]             * [* {th:background,data-th-background}] [1000]: org.thymeleaf.standard.processor.StandardRemovableAttributeTagProcessor
[THYMELEAF]             * [* {th:sizes,data-th-sizes}] [1000]: org.thymeleaf.standard.processor.StandardRemovableAttributeTagProcessor
[THYMELEAF]             * [* {th:formenctype,data-th-formenctype}] [1000]: org.thymeleaf.standard.processor.StandardRemovableAttributeTagProcessor
[THYMELEAF]             * [* {th:keytype,data-th-keytype}] [1000]: org.thymeleaf.standard.processor.StandardRemovableAttributeTagProcessor
[THYMELEAF]             * [* {th:enctype,data-th-enctype}] [1000]: org.thymeleaf.standard.processor.StandardRemovableAttributeTagProcessor
[THYMELEAF]             * [* {th:content,data-th-content}] [1000]: org.thymeleaf.standard.processor.StandardRemovableAttributeTagProcessor
[THYMELEAF]             * [* {th:alt,data-th-alt}] [1000]: org.thymeleaf.standard.processor.StandardRemovableAttributeTagProcessor
[THYMELEAF]             * [* {th:maxlength,data-th-maxlength}] [1000]: org.thymeleaf.standard.processor.StandardRemovableAttributeTagProcessor
[THYMELEAF]             * [* {th:datetime,data-th-datetime}] [1000]: org.thymeleaf.standard.processor.StandardRemovableAttributeTagProcessor
[THYMELEAF]             * [* {th:dir,data-th-dir}] [1000]: org.thymeleaf.standard.processor.StandardRemovableAttributeTagProcessor
[THYMELEAF]             * [* {th:rowspan,data-th-rowspan}] [1000]: org.thymeleaf.standard.processor.StandardRemovableAttributeTagProcessor
[THYMELEAF]             * [* {th:cellpadding,data-th-cellpadding}] [1000]: org.thymeleaf.standard.processor.StandardRemovableAttributeTagProcessor
[THYMELEAF]             * [* {th:wrap,data-th-wrap}] [1000]: org.thymeleaf.standard.processor.StandardRemovableAttributeTagProcessor
[THYMELEAF]             * [* {th:width,data-th-width}] [1000]: org.thymeleaf.standard.processor.StandardRemovableAttributeTagProcessor
[THYMELEAF]             * [* {th:standby,data-th-standby}] [1000]: org.thymeleaf.standard.processor.StandardRemovableAttributeTagProcessor
[THYMELEAF]             * [* {th:spellcheck,data-th-spellcheck}] [1000]: org.thymeleaf.standard.processor.StandardRemovableAttributeTagProcessor
[THYMELEAF]             * [* {th:class,data-th-class}] [1000]: org.thymeleaf.standard.processor.StandardRemovableAttributeTagProcessor
[THYMELEAF]             * [* {th:min,data-th-min}] [1000]: org.thymeleaf.standard.processor.StandardRemovableAttributeTagProcessor
[THYMELEAF]             * [* {th:align,data-th-align}] [1000]: org.thymeleaf.standard.processor.StandardRemovableAttributeTagProcessor
[THYMELEAF]             * [* {th:summary,data-th-summary}] [1000]: org.thymeleaf.standard.processor.StandardRemovableAttributeTagProcessor
[THYMELEAF]             * [* {th:archive,data-th-archive}] [1000]: org.thymeleaf.standard.processor.StandardRemovableAttributeTagProcessor
[THYMELEAF]             * [* {th:headers,data-th-headers}] [1000]: org.thymeleaf.standard.processor.StandardRemovableAttributeTagProcessor
[THYMELEAF]             * [* {th:codebase,data-th-codebase}] [1000]: org.thymeleaf.standard.processor.StandardRemovableAttributeTagProcessor
[THYMELEAF]             * [* {th:rows,data-th-rows}] [1000]: org.thymeleaf.standard.processor.StandardRemovableAttributeTagProcessor
[THYMELEAF]             * [* {th:data,data-th-data}] [1000]: org.thymeleaf.standard.processor.StandardRemovableAttributeTagProcessor
[THYMELEAF]             * [* {th:sandbox,data-th-sandbox}] [1000]: org.thymeleaf.standard.processor.StandardRemovableAttributeTagProcessor
[THYMELEAF]             * [* {th:border,data-th-border}] [1000]: org.thymeleaf.standard.processor.StandardRemovableAttributeTagProcessor
[THYMELEAF]             * [* {th:rev,data-th-rev}] [1000]: org.thymeleaf.standard.processor.StandardRemovableAttributeTagProcessor
[THYMELEAF]             * [* {th:list,data-th-list}] [1000]: org.thymeleaf.standard.processor.StandardRemovableAttributeTagProcessor
[THYMELEAF]             * [* {th:accesskey,data-th-accesskey}] [1000]: org.thymeleaf.standard.processor.StandardRemovableAttributeTagProcessor
[THYMELEAF]             * [* {th:contenteditable,data-th-contenteditable}] [1000]: org.thymeleaf.standard.processor.StandardRemovableAttributeTagProcessor
[THYMELEAF]             * [* {th:optimum,data-th-optimum}] [1000]: org.thymeleaf.standard.processor.StandardRemovableAttributeTagProcessor
[THYMELEAF]             * [* {th:scrolling,data-th-scrolling}] [1000]: org.thymeleaf.standard.processor.StandardRemovableAttributeTagProcessor
[THYMELEAF]             * [* {th:preload,data-th-preload}] [1000]: org.thymeleaf.standard.processor.StandardRemovableAttributeTagProcessor
[THYMELEAF]             * [* {th:src,data-th-src}] [1000]: org.thymeleaf.standard.processor.StandardSrcTagProcessor
[THYMELEAF]             * [* {th:value,data-th-value}] [1000]: org.thymeleaf.standard.processor.StandardValueTagProcessor
[THYMELEAF]             * [* {th:xmlbase,data-th-xmlbase}] [1000]: org.thymeleaf.standard.processor.StandardXmlBaseTagProcessor
[THYMELEAF]             * [* {th:xmllang,data-th-xmllang}] [1000]: org.thymeleaf.standard.processor.StandardXmlLangTagProcessor
[THYMELEAF]             * [* {xmlns:th}] [1000]: org.thymeleaf.standard.processor.StandardXmlNsTagProcessor
[THYMELEAF]             * [* {th:xmlspace,data-th-xmlspace}] [1000]: org.thymeleaf.standard.processor.StandardXmlSpaceTagProcessor
[THYMELEAF]             * [* {th:classappend,data-th-classappend}] [1100]: org.thymeleaf.standard.processor.StandardClassappendTagProcessor
[THYMELEAF]             * [* {th:styleappend,data-th-styleappend}] [1100]: org.thymeleaf.standard.processor.StandardStyleappendTagProcessor
[THYMELEAF]             * [* {th:text,data-th-text}] [1300]: org.thymeleaf.standard.processor.StandardTextTagProcessor
[THYMELEAF]             * [* {th:utext,data-th-utext}] [1400]: org.thymeleaf.standard.processor.StandardUtextTagProcessor
[THYMELEAF]             * [* {th:fragment,data-th-fragment}] [1500]: org.thymeleaf.standard.processor.StandardFragmentTagProcessor
[THYMELEAF]             * [* {th:assert,data-th-assert}] [1550]: org.thymeleaf.standard.processor.StandardAssertTagProcessor
[THYMELEAF]             * [* {th:remove,data-th-remove}] [1600]: org.thymeleaf.standard.processor.StandardRemoveTagProcessor
[THYMELEAF]             * [* {th:ref,data-th-ref}] [10000]: org.thymeleaf.standard.processor.StandardRefAttributeTagProcessor
[THYMELEAF]             * [{th:block,th-block} *] [100000]: org.thymeleaf.standard.processor.StandardBlockTagProcessor
[THYMELEAF]             * [* th:*] [2147483647]: org.thymeleaf.standard.processor.StandardDefaultAttributesTagProcessor
[THYMELEAF]         * Text Processors by [precedence]:
[THYMELEAF]             * [1000]: org.thymeleaf.standard.processor.StandardInliningTextProcessor
[THYMELEAF]         * DOCTYPE Processors by [precedence]:
[THYMELEAF]             * [1000]: org.thymeleaf.standard.processor.StandardTranslationDocTypeProcessor
[THYMELEAF]         * CDATA Section Processors by [precedence]:
[THYMELEAF]             * [1000]: org.thymeleaf.standard.processor.StandardInliningCDATASectionProcessor
[THYMELEAF]         * Comment Processors by [precedence]:
[THYMELEAF]             * [1000]: org.thymeleaf.standard.processor.StandardInliningCommentProcessor
[THYMELEAF]             * [1100]: org.thymeleaf.standard.processor.StandardConditionalCommentProcessor
[THYMELEAF]     * Processors for Template Mode: XML
[THYMELEAF]         * Element Tag Processors by [matching element and attribute name] [precedence]:
[THYMELEAF]             * [* {th:include}] [100]: org.thymeleaf.standard.processor.StandardIncludeTagProcessor
[THYMELEAF]             * [* {th:insert}] [100]: org.thymeleaf.standard.processor.StandardInsertTagProcessor
[THYMELEAF]             * [* {th:replace}] [100]: org.thymeleaf.standard.processor.StandardReplaceTagProcessor
[THYMELEAF]             * [* {th:each}] [200]: com.intuit.karate.template.KarateEachTagProcessor
[THYMELEAF]             * [* {th:switch}] [250]: org.thymeleaf.standard.processor.StandardSwitchTagProcessor
[THYMELEAF]             * [* {th:case}] [275]: org.thymeleaf.standard.processor.StandardCaseTagProcessor
[THYMELEAF]             * [* {th:if}] [300]: org.thymeleaf.standard.processor.StandardIfTagProcessor
[THYMELEAF]             * [* {th:unless}] [400]: org.thymeleaf.standard.processor.StandardUnlessTagProcessor
[THYMELEAF]             * [* {th:object}] [500]: org.thymeleaf.standard.processor.StandardObjectTagProcessor
[THYMELEAF]             * [* {th:with}] [600]: com.intuit.karate.template.KarateWithTagProcessor
[THYMELEAF]             * [* {th:attr}] [700]: com.intuit.karate.template.KarateAttributeTagProcessor.KarateAttrTagProcessor
[THYMELEAF]             * [* {th:attrappend}] [900]: com.intuit.karate.template.KarateAttributeTagProcessor.KarateAttrappendTagProcessor
[THYMELEAF]             * [* {th:attrprepend}] [900]: com.intuit.karate.template.KarateAttributeTagProcessor.KarateAttrprependTagProcessor
[THYMELEAF]             * [* {th:inline}] [1000]: org.thymeleaf.standard.processor.StandardInlineXMLTagProcessor
[THYMELEAF]             * [* {xmlns:th}] [1000]: org.thymeleaf.standard.processor.StandardXmlNsTagProcessor
[THYMELEAF]             * [* {th:text}] [1300]: org.thymeleaf.standard.processor.StandardTextTagProcessor
[THYMELEAF]             * [* {th:utext}] [1400]: org.thymeleaf.standard.processor.StandardUtextTagProcessor
[THYMELEAF]             * [* {th:fragment}] [1500]: org.thymeleaf.standard.processor.StandardFragmentTagProcessor
[THYMELEAF]             * [* {th:assert}] [1550]: org.thymeleaf.standard.processor.StandardAssertTagProcessor
[THYMELEAF]             * [* {th:remove}] [1600]: org.thymeleaf.standard.processor.StandardRemoveTagProcessor
[THYMELEAF]             * [* {th:ref}] [10000]: org.thymeleaf.standard.processor.StandardRefAttributeTagProcessor
[THYMELEAF]             * [{th:block} *] [100000]: org.thymeleaf.standard.processor.StandardBlockTagProcessor
[THYMELEAF]             * [* th:*] [2147483647]: org.thymeleaf.standard.processor.StandardDefaultAttributesTagProcessor
[THYMELEAF]         * Text Processors by [precedence]:
[THYMELEAF]             * [1000]: org.thymeleaf.standard.processor.StandardInliningTextProcessor
[THYMELEAF]         * CDATA Section Processors by [precedence]:
[THYMELEAF]             * [1000]: org.thymeleaf.standard.processor.StandardInliningCDATASectionProcessor
[THYMELEAF]         * Comment Processors by [precedence]:
[THYMELEAF]             * [1000]: org.thymeleaf.standard.processor.StandardInliningCommentProcessor
[THYMELEAF]     * Processors for Template Mode: TEXT
[THYMELEAF]         * Element Tag Processors by [matching element and attribute name] [precedence]:
[THYMELEAF]             * [* {th:insert}] [100]: org.thymeleaf.standard.processor.StandardInsertTagProcessor
[THYMELEAF]             * [* {th:replace}] [100]: org.thymeleaf.standard.processor.StandardReplaceTagProcessor
[THYMELEAF]             * [* {th:each}] [200]: com.intuit.karate.template.KarateEachTagProcessor
[THYMELEAF]             * [* {th:switch}] [250]: org.thymeleaf.standard.processor.StandardSwitchTagProcessor
[THYMELEAF]             * [* {th:case}] [275]: org.thymeleaf.standard.processor.StandardCaseTagProcessor
[THYMELEAF]             * [* {th:if}] [300]: org.thymeleaf.standard.processor.StandardIfTagProcessor
[THYMELEAF]             * [* {th:unless}] [400]: org.thymeleaf.standard.processor.StandardUnlessTagProcessor
[THYMELEAF]             * [* {th:object}] [500]: org.thymeleaf.standard.processor.StandardObjectTagProcessor
[THYMELEAF]             * [* {th:with}] [600]: com.intuit.karate.template.KarateWithTagProcessor
[THYMELEAF]             * [* {th:inline}] [1000]: org.thymeleaf.standard.processor.StandardInlineTextualTagProcessor
[THYMELEAF]             * [* {th:text}] [1300]: org.thymeleaf.standard.processor.StandardTextTagProcessor
[THYMELEAF]             * [* {th:utext}] [1400]: org.thymeleaf.standard.processor.StandardUtextTagProcessor
[THYMELEAF]             * [* {th:assert}] [1550]: org.thymeleaf.standard.processor.StandardAssertTagProcessor
[THYMELEAF]             * [* {th:remove}] [1600]: org.thymeleaf.standard.processor.StandardRemoveTagProcessor
[THYMELEAF]             * [{th:block} *] [100000]: org.thymeleaf.standard.processor.StandardBlockTagProcessor
[THYMELEAF]             * [* 100000] [org.thymeleaf.standard.processor.StandardBlockTagProcessor]: {}
[THYMELEAF]         * Text Processors by [precedence]:
[THYMELEAF]             * [1000]: org.thymeleaf.standard.processor.StandardInliningTextProcessor
[THYMELEAF]     * Processors for Template Mode: JAVASCRIPT
[THYMELEAF]         * Element Tag Processors by [matching element and attribute name] [precedence]:
[THYMELEAF]             * [* {th:insert}] [100]: org.thymeleaf.standard.processor.StandardInsertTagProcessor
[THYMELEAF]             * [* {th:replace}] [100]: org.thymeleaf.standard.processor.StandardReplaceTagProcessor
[THYMELEAF]             * [* {th:each}] [200]: com.intuit.karate.template.KarateEachTagProcessor
[THYMELEAF]             * [* {th:switch}] [250]: org.thymeleaf.standard.processor.StandardSwitchTagProcessor
[THYMELEAF]             * [* {th:case}] [275]: org.thymeleaf.standard.processor.StandardCaseTagProcessor
[THYMELEAF]             * [* {th:if}] [300]: org.thymeleaf.standard.processor.StandardIfTagProcessor
[THYMELEAF]             * [* {th:unless}] [400]: org.thymeleaf.standard.processor.StandardUnlessTagProcessor
[THYMELEAF]             * [* {th:object}] [500]: org.thymeleaf.standard.processor.StandardObjectTagProcessor
[THYMELEAF]             * [* {th:with}] [600]: com.intuit.karate.template.KarateWithTagProcessor
[THYMELEAF]             * [* {th:inline}] [1000]: org.thymeleaf.standard.processor.StandardInlineTextualTagProcessor
[THYMELEAF]             * [* {th:text}] [1300]: org.thymeleaf.standard.processor.StandardTextTagProcessor
[THYMELEAF]             * [* {th:utext}] [1400]: org.thymeleaf.standard.processor.StandardUtextTagProcessor
[THYMELEAF]             * [* {th:assert}] [1550]: org.thymeleaf.standard.processor.StandardAssertTagProcessor
[THYMELEAF]             * [* {th:remove}] [1600]: org.thymeleaf.standard.processor.StandardRemoveTagProcessor
[THYMELEAF]             * [* 100000] [org.thymeleaf.standard.processor.StandardBlockTagProcessor]: {}
[THYMELEAF]             * [{th:block} *] [100000]: org.thymeleaf.standard.processor.StandardBlockTagProcessor
[THYMELEAF]         * Text Processors by [precedence]:
[THYMELEAF]             * [1000]: org.thymeleaf.standard.processor.StandardInliningTextProcessor
[THYMELEAF]     * Processors for Template Mode: CSS
[THYMELEAF]         * Element Tag Processors by [matching element and attribute name] [precedence]:
[THYMELEAF]             * [* {th:insert}] [100]: org.thymeleaf.standard.processor.StandardInsertTagProcessor
[THYMELEAF]             * [* {th:replace}] [100]: org.thymeleaf.standard.processor.StandardReplaceTagProcessor
[THYMELEAF]             * [* {th:each}] [200]: com.intuit.karate.template.KarateEachTagProcessor
[THYMELEAF]             * [* {th:switch}] [250]: org.thymeleaf.standard.processor.StandardSwitchTagProcessor
[THYMELEAF]             * [* {th:case}] [275]: org.thymeleaf.standard.processor.StandardCaseTagProcessor
[THYMELEAF]             * [* {th:if}] [300]: org.thymeleaf.standard.processor.StandardIfTagProcessor
[THYMELEAF]             * [* {th:unless}] [400]: org.thymeleaf.standard.processor.StandardUnlessTagProcessor
[THYMELEAF]             * [* {th:object}] [500]: org.thymeleaf.standard.processor.StandardObjectTagProcessor
[THYMELEAF]             * [* {th:with}] [600]: com.intuit.karate.template.KarateWithTagProcessor
[THYMELEAF]             * [* {th:inline}] [1000]: org.thymeleaf.standard.processor.StandardInlineTextualTagProcessor
[THYMELEAF]             * [* {th:text}] [1300]: org.thymeleaf.standard.processor.StandardTextTagProcessor
[THYMELEAF]             * [* {th:utext}] [1400]: org.thymeleaf.standard.processor.StandardUtextTagProcessor
[THYMELEAF]             * [* {th:assert}] [1550]: org.thymeleaf.standard.processor.StandardAssertTagProcessor
[THYMELEAF]             * [* {th:remove}] [1600]: org.thymeleaf.standard.processor.StandardRemoveTagProcessor
[THYMELEAF]             * [* 100000] [org.thymeleaf.standard.processor.StandardBlockTagProcessor]: {}
[THYMELEAF]             * [{th:block} *] [100000]: org.thymeleaf.standard.processor.StandardBlockTagProcessor
[THYMELEAF]         * Text Processors by [precedence]:
[THYMELEAF]             * [1000]: org.thymeleaf.standard.processor.StandardInliningTextProcessor
[THYMELEAF]     * Expression Objects:
[THYMELEAF]         * #ctx
[THYMELEAF]         * #root
[THYMELEAF]         * #vars
[THYMELEAF]         * #object
[THYMELEAF]         * #locale
[THYMELEAF]         * #conversions
[THYMELEAF]         * #uris
[THYMELEAF]         * #temporals
[THYMELEAF]         * #calendars
[THYMELEAF]         * #dates
[THYMELEAF]         * #bools
[THYMELEAF]         * #numbers
[THYMELEAF]         * #objects
[THYMELEAF]         * #strings
[THYMELEAF]         * #arrays
[THYMELEAF]         * #lists
[THYMELEAF]         * #sets
[THYMELEAF]         * #maps
[THYMELEAF]         * #aggregates
[THYMELEAF]         * #messages
[THYMELEAF]         * #ids
[THYMELEAF]         * #execInfo
[THYMELEAF]         * #request
[THYMELEAF]         * #response
[THYMELEAF]         * #session
[THYMELEAF]         * #servletContext
[THYMELEAF]     * Execution Attributes:
[THYMELEAF]         * "StandardExpressionParser": com.intuit.karate.template.KarateStandardDialect@660296d5
[THYMELEAF]         * "StandardJavaScriptSerializer": org.thymeleaf.standard.serializer.StandardJavaScriptSerializer@4ca0b9b1
[THYMELEAF]         * "StandardCSSSerializer": org.thymeleaf.standard.serializer.StandardCSSSerializer@5d800a56
[THYMELEAF]         * "StandardVariableExpressionEvaluator": com.intuit.karate.template.KarateStandardDialect@660296d5
[THYMELEAF]         * "StandardConversionService": org.thymeleaf.standard.expression.StandardConversionService@1be77a76
[THYMELEAF] * Dialect [2 of 2]: karate (com.intuit.karate.template.KarateScriptDialect)
[THYMELEAF]     * Prefix: "ka"
[THYMELEAF]     * Processors for Template Mode: HTML
[THYMELEAF]         * Element Tag Processors by [matching element and attribute name] [precedence]:
[THYMELEAF]             * [* {src}] [1000]: com.intuit.karate.template.KaScriptAttrProcessor
[THYMELEAF]         * Element Model Processors by [matching element and attribute name] [precedence]:
[THYMELEAF]             * [{script} {ka:scope,data-ka-scope}] [1000]: com.intuit.karate.template.KaScriptElemProcessor
[THYMELEAF]             * [* {ka:set,data-ka-set}] [1000]: com.intuit.karate.template.KaSetElemProcessor
[THYMELEAF] TEMPLATE ENGINE CONFIGURED OK
23:22:06.127 [main] DEBUG org.thymeleaf.TemplateEngine -- [THYMELEAF] TEMPLATE ENGINE INITIALIZED
---------------------------------------------------------
feature: classpath:features/posts/get-posts-feed-excel.feature
scenarios:  1 | passed:  1 | failed:  0 | time: 4.0041
---------------------------------------------------------

Karate version: 1.4.1
======================================================
elapsed:   6.14 | threads:    1 | thread time: 4.00 
features:     1 | skipped:    0 | efficiency: 0.65
scenarios:    1 | passed:     1 | failed: 0
======================================================
23:22:06.898 [main] DEBUG org.thymeleaf.TemplateEngine -- [THYMELEAF] INITIALIZING TEMPLATE ENGINE
23:22:06.914 [main] DEBUG org.thymeleaf.TemplateEngine.CONFIG -- Initializing Thymeleaf Template engine configuration...
[THYMELEAF] TEMPLATE ENGINE CONFIGURATION:
[THYMELEAF] * Thymeleaf version: 3.1.2.RELEASE (built 2023-07-30T19:25:50+0000)
[THYMELEAF] * Cache Manager implementation: org.thymeleaf.cache.StandardCacheManager
[THYMELEAF] * Template resolvers:
[THYMELEAF]     * [1] com.intuit.karate.template.ResourceHtmlTemplateResolver
[THYMELEAF] * Message resolvers:
[THYMELEAF]     * org.thymeleaf.messageresolver.StandardMessageResolver
[THYMELEAF] * Link builders:
[THYMELEAF]     * org.thymeleaf.linkbuilder.StandardLinkBuilder
[THYMELEAF] * Dialect [1 of 2]: Standard (com.intuit.karate.template.KarateStandardDialect)
[THYMELEAF]     * Prefix: "th"
[THYMELEAF]     * Processors for Template Mode: HTML
[THYMELEAF]         * Element Tag Processors by [matching element and attribute name] [precedence]:
[THYMELEAF]             * [* {th:include,data-th-include}] [100]: org.thymeleaf.standard.processor.StandardIncludeTagProcessor
[THYMELEAF]             * [* {th:insert,data-th-insert}] [100]: org.thymeleaf.standard.processor.StandardInsertTagProcessor
[THYMELEAF]             * [* {th:replace,data-th-replace}] [100]: org.thymeleaf.standard.processor.StandardReplaceTagProcessor
[THYMELEAF]             * [* {th:each,data-th-each}] [200]: com.intuit.karate.template.KarateEachTagProcessor
[THYMELEAF]             * [* {th:switch,data-th-switch}] [250]: org.thymeleaf.standard.processor.StandardSwitchTagProcessor
[THYMELEAF]             * [* {th:case,data-th-case}] [275]: org.thymeleaf.standard.processor.StandardCaseTagProcessor
[THYMELEAF]             * [* {th:if,data-th-if}] [300]: org.thymeleaf.standard.processor.StandardIfTagProcessor
[THYMELEAF]             * [* {th:unless,data-th-unless}] [400]: org.thymeleaf.standard.processor.StandardUnlessTagProcessor
[THYMELEAF]             * [* {th:object,data-th-object}] [500]: org.thymeleaf.standard.processor.StandardObjectTagProcessor
[THYMELEAF]             * [* {th:with,data-th-with}] [600]: com.intuit.karate.template.KarateWithTagProcessor
[THYMELEAF]             * [* {th:attr,data-th-attr}] [700]: com.intuit.karate.template.KarateAttributeTagProcessor.KarateAttrTagProcessor
[THYMELEAF]             * [* {th:attrappend,data-th-attrappend}] [900]: com.intuit.karate.template.KarateAttributeTagProcessor.KarateAttrappendTagProcessor
[THYMELEAF]             * [* {th:attrprepend,data-th-attrprepend}] [900]: com.intuit.karate.template.KarateAttributeTagProcessor.KarateAttrprependTagProcessor
[THYMELEAF]             * [* {th:alt-title,data-th-alt-title}] [990]: org.thymeleaf.standard.processor.StandardAltTitleTagProcessor
[THYMELEAF]             * [* {th:lang-xmllang,data-th-lang-xmllang}] [990]: org.thymeleaf.standard.processor.StandardLangXmlLangTagProcessor
[THYMELEAF]             * [* {th:action,data-th-action}] [1000]: org.thymeleaf.standard.processor.StandardActionTagProcessor
[THYMELEAF]             * [* {th:checked,data-th-checked}] [1000]: org.thymeleaf.standard.processor.StandardConditionalFixedValueTagProcessor
[THYMELEAF]             * [* {th:hidden,data-th-hidden}] [1000]: org.thymeleaf.standard.processor.StandardConditionalFixedValueTagProcessor
[THYMELEAF]             * [* {th:default,data-th-default}] [1000]: org.thymeleaf.standard.processor.StandardConditionalFixedValueTagProcessor
[THYMELEAF]             * [* {th:open,data-th-open}] [1000]: org.thymeleaf.standard.processor.StandardConditionalFixedValueTagProcessor
[THYMELEAF]             * [* {th:novalidate,data-th-novalidate}] [1000]: org.thymeleaf.standard.processor.StandardConditionalFixedValueTagProcessor
[THYMELEAF]             * [* {th:selected,data-th-selected}] [1000]: org.thymeleaf.standard.processor.StandardConditionalFixedValueTagProcessor
[THYMELEAF]             * [* {th:loop,data-th-loop}] [1000]: org.thymeleaf.standard.processor.StandardConditionalFixedValueTagProcessor
[THYMELEAF]             * [* {th:autoplay,data-th-autoplay}] [1000]: org.thymeleaf.standard.processor.StandardConditionalFixedValueTagProcessor
[THYMELEAF]             * [* {th:formnovalidate,data-th-formnovalidate}] [1000]: org.thymeleaf.standard.processor.StandardConditionalFixedValueTagProcessor
[THYMELEAF]             * [* {th:nowrap,data-th-nowrap}] [1000]: org.thymeleaf.standard.processor.StandardConditionalFixedValueTagProcessor
[THYMELEAF]             * [* {th:seamless,data-th-seamless}] [1000]: org.thymeleaf.standard.processor.StandardConditionalFixedValueTagProcessor
[THYMELEAF]             * [* {th:scoped,data-th-scoped}] [1000]: org.thymeleaf.standard.processor.StandardConditionalFixedValueTagProcessor
[THYMELEAF]             * [* {th:declare,data-th-declare}] [1000]: org.thymeleaf.standard.processor.StandardConditionalFixedValueTagProcessor
[THYMELEAF]             * [* {th:async,data-th-async}] [1000]: org.thymeleaf.standard.processor.StandardConditionalFixedValueTagProcessor
[THYMELEAF]             * [* {th:required,data-th-required}] [1000]: org.thymeleaf.standard.processor.StandardConditionalFixedValueTagProcessor
[THYMELEAF]             * [* {th:controls,data-th-controls}] [1000]: org.thymeleaf.standard.processor.StandardConditionalFixedValueTagProcessor
[THYMELEAF]             * [* {th:multiple,data-th-multiple}] [1000]: org.thymeleaf.standard.processor.StandardConditionalFixedValueTagProcessor
[THYMELEAF]             * [* {th:autofocus,data-th-autofocus}] [1000]: org.thymeleaf.standard.processor.StandardConditionalFixedValueTagProcessor
[THYMELEAF]             * [* {th:disabled,data-th-disabled}] [1000]: org.thymeleaf.standard.processor.StandardConditionalFixedValueTagProcessor
[THYMELEAF]             * [* {th:ismap,data-th-ismap}] [1000]: org.thymeleaf.standard.processor.StandardConditionalFixedValueTagProcessor
[THYMELEAF]             * [* {th:readonly,data-th-readonly}] [1000]: org.thymeleaf.standard.processor.StandardConditionalFixedValueTagProcessor
[THYMELEAF]             * [* {th:defer,data-th-defer}] [1000]: org.thymeleaf.standard.processor.StandardConditionalFixedValueTagProcessor
[THYMELEAF]             * [* {th:pubdate,data-th-pubdate}] [1000]: org.thymeleaf.standard.processor.StandardConditionalFixedValueTagProcessor
[THYMELEAF]             * [* {th:reversed,data-th-reversed}] [1000]: org.thymeleaf.standard.processor.StandardConditionalFixedValueTagProcessor
[THYMELEAF]             * [* {th:onpopstate,data-th-onpopstate}] [1000]: org.thymeleaf.standard.processor.StandardDOMEventAttributeTagProcessor
[THYMELEAF]             * [* {th:onreset,data-th-onreset}] [1000]: org.thymeleaf.standard.processor.StandardDOMEventAttributeTagProcessor
[THYMELEAF]             * [* {th:onended,data-th-onended}] [1000]: org.thymeleaf.standard.processor.StandardDOMEventAttributeTagProcessor
[THYMELEAF]             * [* {th:onselect,data-th-onselect}] [1000]: org.thymeleaf.standard.processor.StandardDOMEventAttributeTagProcessor
[THYMELEAF]             * [* {th:onbeforeprint,data-th-onbeforeprint}] [1000]: org.thymeleaf.standard.processor.StandardDOMEventAttributeTagProcessor
[THYMELEAF]             * [* {th:onresize,data-th-onresize}] [1000]: org.thymeleaf.standard.processor.StandardDOMEventAttributeTagProcessor
[THYMELEAF]             * [* {th:onloadeddata,data-th-onloadeddata}] [1000]: org.thymeleaf.standard.processor.StandardDOMEventAttributeTagProcessor
[THYMELEAF]             * [* {th:oncanplaythrough,data-th-oncanplaythrough}] [1000]: org.thymeleaf.standard.processor.StandardDOMEventAttributeTagProcessor
[THYMELEAF]             * [* {th:onplay,data-th-onplay}] [1000]: org.thymeleaf.standard.processor.StandardDOMEventAttributeTagProcessor
[THYMELEAF]             * [* {th:onkeypress,data-th-onkeypress}] [1000]: org.thymeleaf.standard.processor.StandardDOMEventAttributeTagProcessor
[THYMELEAF]             * [* {th:onabort,data-th-onabort}] [1000]: org.thymeleaf.standard.processor.StandardDOMEventAttributeTagProcessor
[THYMELEAF]             * [* {th:onkeydown,data-th-onkeydown}] [1000]: org.thymeleaf.standard.processor.StandardDOMEventAttributeTagProcessor
[THYMELEAF]             * [* {th:onseeking,data-th-onseeking}] [1000]: org.thymeleaf.standard.processor.StandardDOMEventAttributeTagProcessor
[THYMELEAF]             * [* {th:onseeked,data-th-onseeked}] [1000]: org.thymeleaf.standard.processor.StandardDOMEventAttributeTagProcessor
[THYMELEAF]             * [* {th:onscroll,data-th-onscroll}] [1000]: org.thymeleaf.standard.processor.StandardDOMEventAttributeTagProcessor
[THYMELEAF]             * [* {th:onplaying,data-th-onplaying}] [1000]: org.thymeleaf.standard.processor.StandardDOMEventAttributeTagProcessor
[THYMELEAF]             * [* {th:onmouseup,data-th-onmouseup}] [1000]: org.thymeleaf.standard.processor.StandardDOMEventAttributeTagProcessor
[THYMELEAF]             * [* {th:onclick,data-th-onclick}] [1000]: org.thymeleaf.standard.processor.StandardDOMEventAttributeTagProcessor
[THYMELEAF]             * [* {th:onstorage,data-th-onstorage}] [1000]: org.thymeleaf.standard.processor.StandardDOMEventAttributeTagProcessor
[THYMELEAF]             * [* {th:oninput,data-th-oninput}] [1000]: org.thymeleaf.standard.processor.StandardDOMEventAttributeTagProcessor
[THYMELEAF]             * [* {th:onload,data-th-onload}] [1000]: org.thymeleaf.standard.processor.StandardDOMEventAttributeTagProcessor
[THYMELEAF]             * [* {th:onchange,data-th-onchange}] [1000]: org.thymeleaf.standard.processor.StandardDOMEventAttributeTagProcessor
[THYMELEAF]             * [* {th:onwaiting,data-th-onwaiting}] [1000]: org.thymeleaf.standard.processor.StandardDOMEventAttributeTagProcessor
[THYMELEAF]             * [* {th:onstalled,data-th-onstalled}] [1000]: org.thymeleaf.standard.processor.StandardDOMEventAttributeTagProcessor
[THYMELEAF]             * [* {th:onloadedmetadata,data-th-onloadedmetadata}] [1000]: org.thymeleaf.standard.processor.StandardDOMEventAttributeTagProcessor
[THYMELEAF]             * [* {th:onforminput,data-th-onforminput}] [1000]: org.thymeleaf.standard.processor.StandardDOMEventAttributeTagProcessor
[THYMELEAF]             * [* {th:onshow,data-th-onshow}] [1000]: org.thymeleaf.standard.processor.StandardDOMEventAttributeTagProcessor
[THYMELEAF]             * [* {th:onoffline,data-th-onoffline}] [1000]: org.thymeleaf.standard.processor.StandardDOMEventAttributeTagProcessor
[THYMELEAF]             * [* {th:onratechange,data-th-onratechange}] [1000]: org.thymeleaf.standard.processor.StandardDOMEventAttributeTagProcessor
[THYMELEAF]             * [* {th:onafterprint,data-th-onafterprint}] [1000]: org.thymeleaf.standard.processor.StandardDOMEventAttributeTagProcessor
[THYMELEAF]             * [* {th:ononline,data-th-ononline}] [1000]: org.thymeleaf.standard.processor.StandardDOMEventAttributeTagProcessor
[THYMELEAF]             * [* {th:ondragend,data-th-ondragend}] [1000]: org.thymeleaf.standard.processor.StandardDOMEventAttributeTagProcessor
[THYMELEAF]             * [* {th:onpause,data-th-onpause}] [1000]: org.thymeleaf.standard.processor.StandardDOMEventAttributeTagProcessor
[THYMELEAF]             * [* {th:onmousemove,data-th-onmousemove}] [1000]: org.thymeleaf.standard.processor.StandardDOMEventAttributeTagProcessor
[THYMELEAF]             * [* {th:onmessage,data-th-onmessage}] [1000]: org.thymeleaf.standard.processor.StandardDOMEventAttributeTagProcessor
[THYMELEAF]             * [* {th:ontimeupdate,data-th-ontimeupdate}] [1000]: org.thymeleaf.standard.processor.StandardDOMEventAttributeTagProcessor
[THYMELEAF]             * [* {th:ondblclick,data-th-ondblclick}] [1000]: org.thymeleaf.standard.processor.StandardDOMEventAttributeTagProcessor
[THYMELEAF]             * [* {th:onbeforeunload,data-th-onbeforeunload}] [1000]: org.thymeleaf.standard.processor.StandardDOMEventAttributeTagProcessor
[THYMELEAF]             * [* {th:ondrag,data-th-ondrag}] [1000]: org.thymeleaf.standard.processor.StandardDOMEventAttributeTagProcessor
[THYMELEAF]             * [* {th:onsuspend,data-th-onsuspend}] [1000]: org.thymeleaf.standard.processor.StandardDOMEventAttributeTagProcessor
[THYMELEAF]             * [* {th:ondragstart,data-th-ondragstart}] [1000]: org.thymeleaf.standard.processor.StandardDOMEventAttributeTagProcessor
[THYMELEAF]             * [* {th:oncontextmenu,data-th-oncontextmenu}] [1000]: org.thymeleaf.standard.processor.StandardDOMEventAttributeTagProcessor
[THYMELEAF]             * [* {th:ondragenter,data-th-ondragenter}] [1000]: org.thymeleaf.standard.processor.StandardDOMEventAttributeTagProcessor
[THYMELEAF]             * [* {th:onmouseout,data-th-onmouseout}] [1000]: org.thymeleaf.standard.processor.StandardDOMEventAttributeTagProcessor
[THYMELEAF]             * [* {th:onemptied,data-th-onemptied}] [1000]: org.thymeleaf.standard.processor.StandardDOMEventAttributeTagProcessor
[THYMELEAF]             * [* {th:onhashchange,data-th-onhashchange}] [1000]: org.thymeleaf.standard.processor.StandardDOMEventAttributeTagProcessor
[THYMELEAF]             * [* {th:ondragleave,data-th-ondragleave}] [1000]: org.thymeleaf.standard.processor.StandardDOMEventAttributeTagProcessor
[THYMELEAF]             * [* {th:ondragover,data-th-ondragover}] [1000]: org.thymeleaf.standard.processor.StandardDOMEventAttributeTagProcessor
[THYMELEAF]             * [* {th:onkeyup,data-th-onkeyup}] [1000]: org.thymeleaf.standard.processor.StandardDOMEventAttributeTagProcessor
[THYMELEAF]             * [* {th:onloadstart,data-th-onloadstart}] [1000]: org.thymeleaf.standard.processor.StandardDOMEventAttributeTagProcessor
[THYMELEAF]             * [* {th:onmousedown,data-th-onmousedown}] [1000]: org.thymeleaf.standard.processor.StandardDOMEventAttributeTagProcessor
[THYMELEAF]             * [* {th:oninvalid,data-th-oninvalid}] [1000]: org.thymeleaf.standard.processor.StandardDOMEventAttributeTagProcessor
[THYMELEAF]             * [* {th:oncanplay,data-th-oncanplay}] [1000]: org.thymeleaf.standard.processor.StandardDOMEventAttributeTagProcessor
[THYMELEAF]             * [* {th:onredo,data-th-onredo}] [1000]: org.thymeleaf.standard.processor.StandardDOMEventAttributeTagProcessor
[THYMELEAF]             * [* {th:ondurationchange,data-th-ondurationchange}] [1000]: org.thymeleaf.standard.processor.StandardDOMEventAttributeTagProcessor
[THYMELEAF]             * [* {th:onmouseover,data-th-onmouseover}] [1000]: org.thymeleaf.standard.processor.StandardDOMEventAttributeTagProcessor
[THYMELEAF]             * [* {th:onvolumechange,data-th-onvolumechange}] [1000]: org.thymeleaf.standard.processor.StandardDOMEventAttributeTagProcessor
[THYMELEAF]             * [* {th:onreadystatechange,data-th-onreadystatechange}] [1000]: org.thymeleaf.standard.processor.StandardDOMEventAttributeTagProcessor
[THYMELEAF]             * [* {th:onerror,data-th-onerror}] [1000]: org.thymeleaf.standard.processor.StandardDOMEventAttributeTagProcessor
[THYMELEAF]             * [* {th:onsubmit,data-th-onsubmit}] [1000]: org.thymeleaf.standard.processor.StandardDOMEventAttributeTagProcessor
[THYMELEAF]             * [* {th:onundo,data-th-onundo}] [1000]: org.thymeleaf.standard.processor.StandardDOMEventAttributeTagProcessor
[THYMELEAF]             * [* {th:onunload,data-th-onunload}] [1000]: org.thymeleaf.standard.processor.StandardDOMEventAttributeTagProcessor
[THYMELEAF]             * [* {th:ondrop,data-th-ondrop}] [1000]: org.thymeleaf.standard.processor.StandardDOMEventAttributeTagProcessor
[THYMELEAF]             * [* {th:onmousewheel,data-th-onmousewheel}] [1000]: org.thymeleaf.standard.processor.StandardDOMEventAttributeTagProcessor
[THYMELEAF]             * [* {th:onfocus,data-th-onfocus}] [1000]: org.thymeleaf.standard.processor.StandardDOMEventAttributeTagProcessor
[THYMELEAF]             * [* {th:onformchange,data-th-onformchange}] [1000]: org.thymeleaf.standard.processor.StandardDOMEventAttributeTagProcessor
[THYMELEAF]             * [* {th:onblur,data-th-onblur}] [1000]: org.thymeleaf.standard.processor.StandardDOMEventAttributeTagProcessor
[THYMELEAF]             * [* {th:onprogress,data-th-onprogress}] [1000]: org.thymeleaf.standard.processor.StandardDOMEventAttributeTagProcessor
[THYMELEAF]             * [* {th:href,data-th-href}] [1000]: org.thymeleaf.standard.processor.StandardHrefTagProcessor
[THYMELEAF]             * [* {th:inline,data-th-inline}] [1000]: org.thymeleaf.standard.processor.StandardInlineHTMLTagProcessor
[THYMELEAF]             * [* {th:method,data-th-method}] [1000]: org.thymeleaf.standard.processor.StandardMethodTagProcessor
[THYMELEAF]             * [* {th:type,data-th-type}] [1000]: org.thymeleaf.standard.processor.StandardNonRemovableAttributeTagProcessor
[THYMELEAF]             * [* {th:name,data-th-name}] [1000]: org.thymeleaf.standard.processor.StandardNonRemovableAttributeTagProcessor
[THYMELEAF]             * [* {th:sizes,data-th-sizes}] [1000]: org.thymeleaf.standard.processor.StandardRemovableAttributeTagProcessor
[THYMELEAF]             * [* {th:formtarget,data-th-formtarget}] [1000]: org.thymeleaf.standard.processor.StandardRemovableAttributeTagProcessor
[THYMELEAF]             * [* {th:max,data-th-max}] [1000]: org.thymeleaf.standard.processor.StandardRemovableAttributeTagProcessor
[THYMELEAF]             * [* {th:maxlength,data-th-maxlength}] [1000]: org.thymeleaf.standard.processor.StandardRemovableAttributeTagProcessor
[THYMELEAF]             * [* {th:class,data-th-class}] [1000]: org.thymeleaf.standard.processor.StandardRemovableAttributeTagProcessor
[THYMELEAF]             * [* {th:headers,data-th-headers}] [1000]: org.thymeleaf.standard.processor.StandardRemovableAttributeTagProcessor
[THYMELEAF]             * [* {th:target,data-th-target}] [1000]: org.thymeleaf.standard.processor.StandardRemovableAttributeTagProcessor
[THYMELEAF]             * [* {th:bgcolor,data-th-bgcolor}] [1000]: org.thymeleaf.standard.processor.StandardRemovableAttributeTagProcessor
[THYMELEAF]             * [* {th:cols,data-th-cols}] [1000]: org.thymeleaf.standard.processor.StandardRemovableAttributeTagProcessor
[THYMELEAF]             * [* {th:spellcheck,data-th-spellcheck}] [1000]: org.thymeleaf.standard.processor.StandardRemovableAttributeTagProcessor
[THYMELEAF]             * [* {th:dropzone,data-th-dropzone}] [1000]: org.thymeleaf.standard.processor.StandardRemovableAttributeTagProcessor
[THYMELEAF]             * [* {th:low,data-th-low}] [1000]: org.thymeleaf.standard.processor.StandardRemovableAttributeTagProcessor
[THYMELEAF]             * [* {th:list,data-th-list}] [1000]: org.thymeleaf.standard.processor.StandardRemovableAttributeTagProcessor
[THYMELEAF]             * [* {th:summary,data-th-summary}] [1000]: org.thymeleaf.standard.processor.StandardRemovableAttributeTagProcessor
[THYMELEAF]             * [* {th:srclang,data-th-srclang}] [1000]: org.thymeleaf.standard.processor.StandardRemovableAttributeTagProcessor
[THYMELEAF]             * [* {th:challenge,data-th-challenge}] [1000]: org.thymeleaf.standard.processor.StandardRemovableAttributeTagProcessor
[THYMELEAF]             * [* {th:placeholder,data-th-placeholder}] [1000]: org.thymeleaf.standard.processor.StandardRemovableAttributeTagProcessor
[THYMELEAF]             * [* {th:span,data-th-span}] [1000]: org.thymeleaf.standard.processor.StandardRemovableAttributeTagProcessor
[THYMELEAF]             * [* {th:usemap,data-th-usemap}] [1000]: org.thymeleaf.standard.processor.StandardRemovableAttributeTagProcessor
[THYMELEAF]             * [* {th:content,data-th-content}] [1000]: org.thymeleaf.standard.processor.StandardRemovableAttributeTagProcessor
[THYMELEAF]             * [* {th:axis,data-th-axis}] [1000]: org.thymeleaf.standard.processor.StandardRemovableAttributeTagProcessor
[THYMELEAF]             * [* {th:lang,data-th-lang}] [1000]: org.thymeleaf.standard.processor.StandardRemovableAttributeTagProcessor
[THYMELEAF]             * [* {th:frameborder,data-th-frameborder}] [1000]: org.thymeleaf.standard.processor.StandardRemovableAttributeTagProcessor
[THYMELEAF]             * [* {th:for,data-th-for}] [1000]: org.thymeleaf.standard.processor.StandardRemovableAttributeTagProcessor
[THYMELEAF]             * [* {th:rel,data-th-rel}] [1000]: org.thymeleaf.standard.processor.StandardRemovableAttributeTagProcessor
[THYMELEAF]             * [* {th:formmethod,data-th-formmethod}] [1000]: org.thymeleaf.standard.processor.StandardRemovableAttributeTagProcessor
[THYMELEAF]             * [* {th:sandbox,data-th-sandbox}] [1000]: org.thymeleaf.standard.processor.StandardRemovableAttributeTagProcessor
[THYMELEAF]             * [* {th:cellspacing,data-th-cellspacing}] [1000]: org.thymeleaf.standard.processor.StandardRemovableAttributeTagProcessor
[THYMELEAF]             * [* {th:codetype,data-th-codetype}] [1000]: org.thymeleaf.standard.processor.StandardRemovableAttributeTagProcessor
[THYMELEAF]             * [* {th:background,data-th-background}] [1000]: org.thymeleaf.standard.processor.StandardRemovableAttributeTagProcessor
[THYMELEAF]             * [* {th:wrap,data-th-wrap}] [1000]: org.thymeleaf.standard.processor.StandardRemovableAttributeTagProcessor
[THYMELEAF]             * [* {th:border,data-th-border}] [1000]: org.thymeleaf.standard.processor.StandardRemovableAttributeTagProcessor
[THYMELEAF]             * [* {th:accesskey,data-th-accesskey}] [1000]: org.thymeleaf.standard.processor.StandardRemovableAttributeTagProcessor
[THYMELEAF]             * [* {th:keytype,data-th-keytype}] [1000]: org.thymeleaf.standard.processor.StandardRemovableAttributeTagProcessor
[THYMELEAF]             * [* {th:width,data-th-width}] [1000]: org.thymeleaf.standard.processor.StandardRemovableAttributeTagProcessor
[THYMELEAF]             * [* {th:contenteditable,data-th-contenteditable}] [1000]: org.thymeleaf.standard.processor.StandardRemovableAttributeTagProcessor
[THYMELEAF]             * [* {th:hspace,data-th-hspace}] [1000]: org.thymeleaf.standard.processor.StandardRemovableAttributeTagProcessor
[THYMELEAF]             * [* {th:contextmenu,data-th-contextmenu}] [1000]: org.thymeleaf.standard.processor.StandardRemovableAttributeTagProcessor
[THYMELEAF]             * [* {th:codebase,data-th-codebase}] [1000]: org.thymeleaf.standard.processor.StandardRemovableAttributeTagProcessor
[THYMELEAF]             * [* {th:rev,data-th-rev}] [1000]: org.thymeleaf.standard.processor.StandardRemovableAttributeTagProcessor
[THYMELEAF]             * [* {th:min,data-th-min}] [1000]: org.thymeleaf.standard.processor.StandardRemovableAttributeTagProcessor
[THYMELEAF]             * [* {th:radiogroup,data-th-radiogroup}] [1000]: org.thymeleaf.standard.processor.StandardRemovableAttributeTagProcessor
[THYMELEAF]             * [* {th:scheme,data-th-scheme}] [1000]: org.thymeleaf.standard.processor.StandardRemovableAttributeTagProcessor
[THYMELEAF]             * [* {th:marginheight,data-th-marginheight}] [1000]: org.thymeleaf.standard.processor.StandardRemovableAttributeTagProcessor
[THYMELEAF]             * [* {th:longdesc,data-th-longdesc}] [1000]: org.thymeleaf.standard.processor.StandardRemovableAttributeTagProcessor
[THYMELEAF]             * [* {th:http-equiv,data-th-http-equiv}] [1000]: org.thymeleaf.standard.processor.StandardRemovableAttributeTagProcessor
[THYMELEAF]             * [* {th:accept,data-th-accept}] [1000]: org.thymeleaf.standard.processor.StandardRemovableAttributeTagProcessor
[THYMELEAF]             * [* {th:colspan,data-th-colspan}] [1000]: org.thymeleaf.standard.processor.StandardRemovableAttributeTagProcessor
[THYMELEAF]             * [* {th:rules,data-th-rules}] [1000]: org.thymeleaf.standard.processor.StandardRemovableAttributeTagProcessor
[THYMELEAF]             * [* {th:id,data-th-id}] [1000]: org.thymeleaf.standard.processor.StandardRemovableAttributeTagProcessor
[THYMELEAF]             * [* {th:size,data-th-size}] [1000]: org.thymeleaf.standard.processor.StandardRemovableAttributeTagProcessor
[THYMELEAF]             * [* {th:audio,data-th-audio}] [1000]: org.thymeleaf.standard.processor.StandardRemovableAttributeTagProcessor
[THYMELEAF]             * [* {th:draggable,data-th-draggable}] [1000]: org.thymeleaf.standard.processor.StandardRemovableAttributeTagProcessor
[THYMELEAF]             * [* {th:enctype,data-th-enctype}] [1000]: org.thymeleaf.standard.processor.StandardRemovableAttributeTagProcessor
[THYMELEAF]             * [* {th:poster,data-th-poster}] [1000]: org.thymeleaf.standard.processor.StandardRemovableAttributeTagProcessor
[THYMELEAF]             * [* {th:pattern,data-th-pattern}] [1000]: org.thymeleaf.standard.processor.StandardRemovableAttributeTagProcessor
[THYMELEAF]             * [* {th:tabindex,data-th-tabindex}] [1000]: org.thymeleaf.standard.processor.StandardRemovableAttributeTagProcessor
[THYMELEAF]             * [* {th:scope,data-th-scope}] [1000]: org.thymeleaf.standard.processor.StandardRemovableAttributeTagProcessor
[THYMELEAF]             * [* {th:datetime,data-th-datetime}] [1000]: org.thymeleaf.standard.processor.StandardRemovableAttributeTagProcessor
[THYMELEAF]             * [* {th:cellpadding,data-th-cellpadding}] [1000]: org.thymeleaf.standard.processor.StandardRemovableAttributeTagProcessor
[THYMELEAF]             * [* {th:optimum,data-th-optimum}] [1000]: org.thymeleaf.standard.processor.StandardRemovableAttributeTagProcessor
[THYMELEAF]             * [* {th:alt,data-th-alt}] [1000]: org.thymeleaf.standard.processor.StandardRemovableAttributeTagProcessor
[THYMELEAF]             * [* {th:frame,data-th-frame}] [1000]: org.thymeleaf.standard.processor.StandardRemovableAttributeTagProcessor
[THYMELEAF]             * [* {th:formaction,data-th-formaction}] [1000]: org.thymeleaf.standard.processor.StandardRemovableAttributeTagProcessor
[THYMELEAF]             * [* {th:valuetype,data-th-valuetype}] [1000]: org.thymeleaf.standard.processor.StandardRemovableAttributeTagProcessor
[THYMELEAF]             * [* {th:accept-charset,data-th-accept-charset}] [1000]: org.thymeleaf.standard.processor.StandardRemovableAttributeTagProcessor
[THYMELEAF]             * [* {th:kind,data-th-kind}] [1000]: org.thymeleaf.standard.processor.StandardRemovableAttributeTagProcessor
[THYMELEAF]             * [* {th:scrolling,data-th-scrolling}] [1000]: org.thymeleaf.standard.processor.StandardRemovableAttributeTagProcessor
[THYMELEAF]             * [* {th:marginwidth,data-th-marginwidth}] [1000]: org.thymeleaf.standard.processor.StandardRemovableAttributeTagProcessor
[THYMELEAF]             * [* {th:archive,data-th-archive}] [1000]: org.thymeleaf.standard.processor.StandardRemovableAttributeTagProcessor
[THYMELEAF]             * [* {th:align,data-th-align}] [1000]: org.thymeleaf.standard.processor.StandardRemovableAttributeTagProcessor
[THYMELEAF]             * [* {th:manifest,data-th-manifest}] [1000]: org.thymeleaf.standard.processor.StandardRemovableAttributeTagProcessor
[THYMELEAF]             * [* {th:standby,data-th-standby}] [1000]: org.thymeleaf.standard.processor.StandardRemovableAttributeTagProcessor
[THYMELEAF]             * [* {th:formenctype,data-th-formenctype}] [1000]: org.thymeleaf.standard.processor.StandardRemovableAttributeTagProcessor
[THYMELEAF]             * [* {th:compact,data-th-compact}] [1000]: org.thymeleaf.standard.processor.StandardRemovableAttributeTagProcessor
[THYMELEAF]             * [* {th:abbr,data-th-abbr}] [1000]: org.thymeleaf.standard.processor.StandardRemovableAttributeTagProcessor
[THYMELEAF]             * [* {th:label,data-th-label}] [1000]: org.thymeleaf.standard.processor.StandardRemovableAttributeTagProcessor
[THYMELEAF]             * [* {th:style,data-th-style}] [1000]: org.thymeleaf.standard.processor.StandardRemovableAttributeTagProcessor
[THYMELEAF]             * [* {th:preload,data-th-preload}] [1000]: org.thymeleaf.standard.processor.StandardRemovableAttributeTagProcessor
[THYMELEAF]             * [* {th:rows,data-th-rows}] [1000]: org.thymeleaf.standard.processor.StandardRemovableAttributeTagProcessor
[THYMELEAF]             * [* {th:icon,data-th-icon}] [1000]: org.thymeleaf.standard.processor.StandardRemovableAttributeTagProcessor
[THYMELEAF]             * [* {th:dir,data-th-dir}] [1000]: org.thymeleaf.standard.processor.StandardRemovableAttributeTagProcessor
[THYMELEAF]             * [* {th:height,data-th-height}] [1000]: org.thymeleaf.standard.processor.StandardRemovableAttributeTagProcessor
[THYMELEAF]             * [* {th:data,data-th-data}] [1000]: org.thymeleaf.standard.processor.StandardRemovableAttributeTagProcessor
[THYMELEAF]             * [* {th:step,data-th-step}] [1000]: org.thymeleaf.standard.processor.StandardRemovableAttributeTagProcessor
[THYMELEAF]             * [* {th:autocomplete,data-th-autocomplete}] [1000]: org.thymeleaf.standard.processor.StandardRemovableAttributeTagProcessor
[THYMELEAF]             * [* {th:cite,data-th-cite}] [1000]: org.thymeleaf.standard.processor.StandardRemovableAttributeTagProcessor
[THYMELEAF]             * [* {th:classid,data-th-classid}] [1000]: org.thymeleaf.standard.processor.StandardRemovableAttributeTagProcessor
[THYMELEAF]             * [* {th:title,data-th-title}] [1000]: org.thymeleaf.standard.processor.StandardRemovableAttributeTagProcessor
[THYMELEAF]             * [* {th:rowspan,data-th-rowspan}] [1000]: org.thymeleaf.standard.processor.StandardRemovableAttributeTagProcessor
[THYMELEAF]             * [* {th:hreflang,data-th-hreflang}] [1000]: org.thymeleaf.standard.processor.StandardRemovableAttributeTagProcessor
[THYMELEAF]             * [* {th:start,data-th-start}] [1000]: org.thymeleaf.standard.processor.StandardRemovableAttributeTagProcessor
[THYMELEAF]             * [* {th:vspace,data-th-vspace}] [1000]: org.thymeleaf.standard.processor.StandardRemovableAttributeTagProcessor
[THYMELEAF]             * [* {th:high,data-th-high}] [1000]: org.thymeleaf.standard.processor.StandardRemovableAttributeTagProcessor
[THYMELEAF]             * [* {th:charset,data-th-charset}] [1000]: org.thymeleaf.standard.processor.StandardRemovableAttributeTagProcessor
[THYMELEAF]             * [* {th:media,data-th-media}] [1000]: org.thymeleaf.standard.processor.StandardRemovableAttributeTagProcessor
[THYMELEAF]             * [* {th:form,data-th-form}] [1000]: org.thymeleaf.standard.processor.StandardRemovableAttributeTagProcessor
[THYMELEAF]             * [* {th:src,data-th-src}] [1000]: org.thymeleaf.standard.processor.StandardSrcTagProcessor
[THYMELEAF]             * [* {th:value,data-th-value}] [1000]: org.thymeleaf.standard.processor.StandardValueTagProcessor
[THYMELEAF]             * [* {th:xmlbase,data-th-xmlbase}] [1000]: org.thymeleaf.standard.processor.StandardXmlBaseTagProcessor
[THYMELEAF]             * [* {th:xmllang,data-th-xmllang}] [1000]: org.thymeleaf.standard.processor.StandardXmlLangTagProcessor
[THYMELEAF]             * [* {xmlns:th}] [1000]: org.thymeleaf.standard.processor.StandardXmlNsTagProcessor
[THYMELEAF]             * [* {th:xmlspace,data-th-xmlspace}] [1000]: org.thymeleaf.standard.processor.StandardXmlSpaceTagProcessor
[THYMELEAF]             * [* {th:classappend,data-th-classappend}] [1100]: org.thymeleaf.standard.processor.StandardClassappendTagProcessor
[THYMELEAF]             * [* {th:styleappend,data-th-styleappend}] [1100]: org.thymeleaf.standard.processor.StandardStyleappendTagProcessor
[THYMELEAF]             * [* {th:text,data-th-text}] [1300]: org.thymeleaf.standard.processor.StandardTextTagProcessor
[THYMELEAF]             * [* {th:utext,data-th-utext}] [1400]: org.thymeleaf.standard.processor.StandardUtextTagProcessor
[THYMELEAF]             * [* {th:fragment,data-th-fragment}] [1500]: org.thymeleaf.standard.processor.StandardFragmentTagProcessor
[THYMELEAF]             * [* {th:assert,data-th-assert}] [1550]: org.thymeleaf.standard.processor.StandardAssertTagProcessor
[THYMELEAF]             * [* {th:remove,data-th-remove}] [1600]: org.thymeleaf.standard.processor.StandardRemoveTagProcessor
[THYMELEAF]             * [* {th:ref,data-th-ref}] [10000]: org.thymeleaf.standard.processor.StandardRefAttributeTagProcessor
[THYMELEAF]             * [{th:block,th-block} *] [100000]: org.thymeleaf.standard.processor.StandardBlockTagProcessor
[THYMELEAF]             * [* th:*] [2147483647]: org.thymeleaf.standard.processor.StandardDefaultAttributesTagProcessor
[THYMELEAF]         * Text Processors by [precedence]:
[THYMELEAF]             * [1000]: org.thymeleaf.standard.processor.StandardInliningTextProcessor
[THYMELEAF]         * DOCTYPE Processors by [precedence]:
[THYMELEAF]             * [1000]: org.thymeleaf.standard.processor.StandardTranslationDocTypeProcessor
[THYMELEAF]         * CDATA Section Processors by [precedence]:
[THYMELEAF]             * [1000]: org.thymeleaf.standard.processor.StandardInliningCDATASectionProcessor
[THYMELEAF]         * Comment Processors by [precedence]:
[THYMELEAF]             * [1000]: org.thymeleaf.standard.processor.StandardInliningCommentProcessor
[THYMELEAF]             * [1100]: org.thymeleaf.standard.processor.StandardConditionalCommentProcessor
[THYMELEAF]     * Processors for Template Mode: XML
[THYMELEAF]         * Element Tag Processors by [matching element and attribute name] [precedence]:
[THYMELEAF]             * [* {th:include}] [100]: org.thymeleaf.standard.processor.StandardIncludeTagProcessor
[THYMELEAF]             * [* {th:insert}] [100]: org.thymeleaf.standard.processor.StandardInsertTagProcessor
[THYMELEAF]             * [* {th:replace}] [100]: org.thymeleaf.standard.processor.StandardReplaceTagProcessor
[THYMELEAF]             * [* {th:each}] [200]: com.intuit.karate.template.KarateEachTagProcessor
[THYMELEAF]             * [* {th:switch}] [250]: org.thymeleaf.standard.processor.StandardSwitchTagProcessor
[THYMELEAF]             * [* {th:case}] [275]: org.thymeleaf.standard.processor.StandardCaseTagProcessor
[THYMELEAF]             * [* {th:if}] [300]: org.thymeleaf.standard.processor.StandardIfTagProcessor
[THYMELEAF]             * [* {th:unless}] [400]: org.thymeleaf.standard.processor.StandardUnlessTagProcessor
[THYMELEAF]             * [* {th:object}] [500]: org.thymeleaf.standard.processor.StandardObjectTagProcessor
[THYMELEAF]             * [* {th:with}] [600]: com.intuit.karate.template.KarateWithTagProcessor
[THYMELEAF]             * [* {th:attr}] [700]: com.intuit.karate.template.KarateAttributeTagProcessor.KarateAttrTagProcessor
[THYMELEAF]             * [* {th:attrappend}] [900]: com.intuit.karate.template.KarateAttributeTagProcessor.KarateAttrappendTagProcessor
[THYMELEAF]             * [* {th:attrprepend}] [900]: com.intuit.karate.template.KarateAttributeTagProcessor.KarateAttrprependTagProcessor
[THYMELEAF]             * [* {th:inline}] [1000]: org.thymeleaf.standard.processor.StandardInlineXMLTagProcessor
[THYMELEAF]             * [* {xmlns:th}] [1000]: org.thymeleaf.standard.processor.StandardXmlNsTagProcessor
[THYMELEAF]             * [* {th:text}] [1300]: org.thymeleaf.standard.processor.StandardTextTagProcessor
[THYMELEAF]             * [* {th:utext}] [1400]: org.thymeleaf.standard.processor.StandardUtextTagProcessor
[THYMELEAF]             * [* {th:fragment}] [1500]: org.thymeleaf.standard.processor.StandardFragmentTagProcessor
[THYMELEAF]             * [* {th:assert}] [1550]: org.thymeleaf.standard.processor.StandardAssertTagProcessor
[THYMELEAF]             * [* {th:remove}] [1600]: org.thymeleaf.standard.processor.StandardRemoveTagProcessor
[THYMELEAF]             * [* {th:ref}] [10000]: org.thymeleaf.standard.processor.StandardRefAttributeTagProcessor
[THYMELEAF]             * [{th:block} *] [100000]: org.thymeleaf.standard.processor.StandardBlockTagProcessor
[THYMELEAF]             * [* th:*] [2147483647]: org.thymeleaf.standard.processor.StandardDefaultAttributesTagProcessor
[THYMELEAF]         * Text Processors by [precedence]:
[THYMELEAF]             * [1000]: org.thymeleaf.standard.processor.StandardInliningTextProcessor
[THYMELEAF]         * CDATA Section Processors by [precedence]:
[THYMELEAF]             * [1000]: org.thymeleaf.standard.processor.StandardInliningCDATASectionProcessor
[THYMELEAF]         * Comment Processors by [precedence]:
[THYMELEAF]             * [1000]: org.thymeleaf.standard.processor.StandardInliningCommentProcessor
[THYMELEAF]     * Processors for Template Mode: TEXT
[THYMELEAF]         * Element Tag Processors by [matching element and attribute name] [precedence]:
[THYMELEAF]             * [* {th:insert}] [100]: org.thymeleaf.standard.processor.StandardInsertTagProcessor
[THYMELEAF]             * [* {th:replace}] [100]: org.thymeleaf.standard.processor.StandardReplaceTagProcessor
[THYMELEAF]             * [* {th:each}] [200]: com.intuit.karate.template.KarateEachTagProcessor
[THYMELEAF]             * [* {th:switch}] [250]: org.thymeleaf.standard.processor.StandardSwitchTagProcessor
[THYMELEAF]             * [* {th:case}] [275]: org.thymeleaf.standard.processor.StandardCaseTagProcessor
[THYMELEAF]             * [* {th:if}] [300]: org.thymeleaf.standard.processor.StandardIfTagProcessor
[THYMELEAF]             * [* {th:unless}] [400]: org.thymeleaf.standard.processor.StandardUnlessTagProcessor
[THYMELEAF]             * [* {th:object}] [500]: org.thymeleaf.standard.processor.StandardObjectTagProcessor
[THYMELEAF]             * [* {th:with}] [600]: com.intuit.karate.template.KarateWithTagProcessor
[THYMELEAF]             * [* {th:inline}] [1000]: org.thymeleaf.standard.processor.StandardInlineTextualTagProcessor
[THYMELEAF]             * [* {th:text}] [1300]: org.thymeleaf.standard.processor.StandardTextTagProcessor
[THYMELEAF]             * [* {th:utext}] [1400]: org.thymeleaf.standard.processor.StandardUtextTagProcessor
[THYMELEAF]             * [* {th:assert}] [1550]: org.thymeleaf.standard.processor.StandardAssertTagProcessor
[THYMELEAF]             * [* {th:remove}] [1600]: org.thymeleaf.standard.processor.StandardRemoveTagProcessor
[THYMELEAF]             * [* 100000] [org.thymeleaf.standard.processor.StandardBlockTagProcessor]: {}
[THYMELEAF]             * [{th:block} *] [100000]: org.thymeleaf.standard.processor.StandardBlockTagProcessor
[THYMELEAF]         * Text Processors by [precedence]:
[THYMELEAF]             * [1000]: org.thymeleaf.standard.processor.StandardInliningTextProcessor
[THYMELEAF]     * Processors for Template Mode: JAVASCRIPT
[THYMELEAF]         * Element Tag Processors by [matching element and attribute name] [precedence]:
[THYMELEAF]             * [* {th:insert}] [100]: org.thymeleaf.standard.processor.StandardInsertTagProcessor
[THYMELEAF]             * [* {th:replace}] [100]: org.thymeleaf.standard.processor.StandardReplaceTagProcessor
[THYMELEAF]             * [* {th:each}] [200]: com.intuit.karate.template.KarateEachTagProcessor
[THYMELEAF]             * [* {th:switch}] [250]: org.thymeleaf.standard.processor.StandardSwitchTagProcessor
[THYMELEAF]             * [* {th:case}] [275]: org.thymeleaf.standard.processor.StandardCaseTagProcessor
[THYMELEAF]             * [* {th:if}] [300]: org.thymeleaf.standard.processor.StandardIfTagProcessor
[THYMELEAF]             * [* {th:unless}] [400]: org.thymeleaf.standard.processor.StandardUnlessTagProcessor
[THYMELEAF]             * [* {th:object}] [500]: org.thymeleaf.standard.processor.StandardObjectTagProcessor
[THYMELEAF]             * [* {th:with}] [600]: com.intuit.karate.template.KarateWithTagProcessor
[THYMELEAF]             * [* {th:inline}] [1000]: org.thymeleaf.standard.processor.StandardInlineTextualTagProcessor
[THYMELEAF]             * [* {th:text}] [1300]: org.thymeleaf.standard.processor.StandardTextTagProcessor
[THYMELEAF]             * [* {th:utext}] [1400]: org.thymeleaf.standard.processor.StandardUtextTagProcessor
[THYMELEAF]             * [* {th:assert}] [1550]: org.thymeleaf.standard.processor.StandardAssertTagProcessor
[THYMELEAF]             * [* {th:remove}] [1600]: org.thymeleaf.standard.processor.StandardRemoveTagProcessor
[THYMELEAF]             * [* 100000] [org.thymeleaf.standard.processor.StandardBlockTagProcessor]: {}
[THYMELEAF]             * [{th:block} *] [100000]: org.thymeleaf.standard.processor.StandardBlockTagProcessor
[THYMELEAF]         * Text Processors by [precedence]:
[THYMELEAF]             * [1000]: org.thymeleaf.standard.processor.StandardInliningTextProcessor
[THYMELEAF]     * Processors for Template Mode: CSS
[THYMELEAF]         * Element Tag Processors by [matching element and attribute name] [precedence]:
[THYMELEAF]             * [* {th:insert}] [100]: org.thymeleaf.standard.processor.StandardInsertTagProcessor
[THYMELEAF]             * [* {th:replace}] [100]: org.thymeleaf.standard.processor.StandardReplaceTagProcessor
[THYMELEAF]             * [* {th:each}] [200]: com.intuit.karate.template.KarateEachTagProcessor
[THYMELEAF]             * [* {th:switch}] [250]: org.thymeleaf.standard.processor.StandardSwitchTagProcessor
[THYMELEAF]             * [* {th:case}] [275]: org.thymeleaf.standard.processor.StandardCaseTagProcessor
[THYMELEAF]             * [* {th:if}] [300]: org.thymeleaf.standard.processor.StandardIfTagProcessor
[THYMELEAF]             * [* {th:unless}] [400]: org.thymeleaf.standard.processor.StandardUnlessTagProcessor
[THYMELEAF]             * [* {th:object}] [500]: org.thymeleaf.standard.processor.StandardObjectTagProcessor
[THYMELEAF]             * [* {th:with}] [600]: com.intuit.karate.template.KarateWithTagProcessor
[THYMELEAF]             * [* {th:inline}] [1000]: org.thymeleaf.standard.processor.StandardInlineTextualTagProcessor
[THYMELEAF]             * [* {th:text}] [1300]: org.thymeleaf.standard.processor.StandardTextTagProcessor
[THYMELEAF]             * [* {th:utext}] [1400]: org.thymeleaf.standard.processor.StandardUtextTagProcessor
[THYMELEAF]             * [* {th:assert}] [1550]: org.thymeleaf.standard.processor.StandardAssertTagProcessor
[THYMELEAF]             * [* {th:remove}] [1600]: org.thymeleaf.standard.processor.StandardRemoveTagProcessor
[THYMELEAF]             * [{th:block} *] [100000]: org.thymeleaf.standard.processor.StandardBlockTagProcessor
[THYMELEAF]             * [* 100000] [org.thymeleaf.standard.processor.StandardBlockTagProcessor]: {}
[THYMELEAF]         * Text Processors by [precedence]:
[THYMELEAF]             * [1000]: org.thymeleaf.standard.processor.StandardInliningTextProcessor
[THYMELEAF]     * Expression Objects:
[THYMELEAF]         * #ctx
[THYMELEAF]         * #root
[THYMELEAF]         * #vars
[THYMELEAF]         * #object
[THYMELEAF]         * #locale
[THYMELEAF]         * #conversions
[THYMELEAF]         * #uris
[THYMELEAF]         * #temporals
[THYMELEAF]         * #calendars
[THYMELEAF]         * #dates
[THYMELEAF]         * #bools
[THYMELEAF]         * #numbers
[THYMELEAF]         * #objects
[THYMELEAF]         * #strings
[THYMELEAF]         * #arrays
[THYMELEAF]         * #lists
[THYMELEAF]         * #sets
[THYMELEAF]         * #maps
[THYMELEAF]         * #aggregates
[THYMELEAF]         * #messages
[THYMELEAF]         * #ids
[THYMELEAF]         * #execInfo
[THYMELEAF]         * #request
[THYMELEAF]         * #response
[THYMELEAF]         * #session
[THYMELEAF]         * #servletContext
[THYMELEAF]     * Execution Attributes:
[THYMELEAF]         * "StandardExpressionParser": com.intuit.karate.template.KarateStandardDialect@79445efb
[THYMELEAF]         * "StandardJavaScriptSerializer": org.thymeleaf.standard.serializer.StandardJavaScriptSerializer@1ac3a6f
[THYMELEAF]         * "StandardCSSSerializer": org.thymeleaf.standard.serializer.StandardCSSSerializer@fee7ca
[THYMELEAF]         * "StandardVariableExpressionEvaluator": com.intuit.karate.template.KarateStandardDialect@79445efb
[THYMELEAF]         * "StandardConversionService": org.thymeleaf.standard.expression.StandardConversionService@29c80149
[THYMELEAF] * Dialect [2 of 2]: karate (com.intuit.karate.template.KarateScriptDialect)
[THYMELEAF]     * Prefix: "ka"
[THYMELEAF]     * Processors for Template Mode: HTML
[THYMELEAF]         * Element Tag Processors by [matching element and attribute name] [precedence]:
[THYMELEAF]             * [* {src}] [1000]: com.intuit.karate.template.KaScriptAttrProcessor
[THYMELEAF]         * Element Model Processors by [matching element and attribute name] [precedence]:
[THYMELEAF]             * [{script} {ka:scope,data-ka-scope}] [1000]: com.intuit.karate.template.KaScriptElemProcessor
[THYMELEAF]             * [* {ka:set,data-ka-set}] [1000]: com.intuit.karate.template.KaSetElemProcessor
[THYMELEAF] TEMPLATE ENGINE CONFIGURED OK
23:22:06.915 [main] DEBUG org.thymeleaf.TemplateEngine -- [THYMELEAF] TEMPLATE ENGINE INITIALIZED
23:22:06.921 [main] DEBUG org.thymeleaf.TemplateEngine -- [THYMELEAF] INITIALIZING TEMPLATE ENGINE
23:22:06.932 [main] DEBUG org.thymeleaf.TemplateEngine.CONFIG -- Initializing Thymeleaf Template engine configuration...
[THYMELEAF] TEMPLATE ENGINE CONFIGURATION:
[THYMELEAF] * Thymeleaf version: 3.1.2.RELEASE (built 2023-07-30T19:25:50+0000)
[THYMELEAF] * Cache Manager implementation: org.thymeleaf.cache.StandardCacheManager
[THYMELEAF] * Template resolvers:
[THYMELEAF]     * [1] com.intuit.karate.template.ResourceHtmlTemplateResolver
[THYMELEAF] * Message resolvers:
[THYMELEAF]     * org.thymeleaf.messageresolver.StandardMessageResolver
[THYMELEAF] * Link builders:
[THYMELEAF]     * org.thymeleaf.linkbuilder.StandardLinkBuilder
[THYMELEAF] * Dialect [1 of 2]: Standard (com.intuit.karate.template.KarateStandardDialect)
[THYMELEAF]     * Prefix: "th"
[THYMELEAF]     * Processors for Template Mode: HTML
[THYMELEAF]         * Element Tag Processors by [matching element and attribute name] [precedence]:
[THYMELEAF]             * [* {th:include,data-th-include}] [100]: org.thymeleaf.standard.processor.StandardIncludeTagProcessor
[THYMELEAF]             * [* {th:insert,data-th-insert}] [100]: org.thymeleaf.standard.processor.StandardInsertTagProcessor
[THYMELEAF]             * [* {th:replace,data-th-replace}] [100]: org.thymeleaf.standard.processor.StandardReplaceTagProcessor
[THYMELEAF]             * [* {th:each,data-th-each}] [200]: com.intuit.karate.template.KarateEachTagProcessor
[THYMELEAF]             * [* {th:switch,data-th-switch}] [250]: org.thymeleaf.standard.processor.StandardSwitchTagProcessor
[THYMELEAF]             * [* {th:case,data-th-case}] [275]: org.thymeleaf.standard.processor.StandardCaseTagProcessor
[THYMELEAF]             * [* {th:if,data-th-if}] [300]: org.thymeleaf.standard.processor.StandardIfTagProcessor
[THYMELEAF]             * [* {th:unless,data-th-unless}] [400]: org.thymeleaf.standard.processor.StandardUnlessTagProcessor
[THYMELEAF]             * [* {th:object,data-th-object}] [500]: org.thymeleaf.standard.processor.StandardObjectTagProcessor
[THYMELEAF]             * [* {th:with,data-th-with}] [600]: com.intuit.karate.template.KarateWithTagProcessor
[THYMELEAF]             * [* {th:attr,data-th-attr}] [700]: com.intuit.karate.template.KarateAttributeTagProcessor.KarateAttrTagProcessor
[THYMELEAF]             * [* {th:attrappend,data-th-attrappend}] [900]: com.intuit.karate.template.KarateAttributeTagProcessor.KarateAttrappendTagProcessor
[THYMELEAF]             * [* {th:attrprepend,data-th-attrprepend}] [900]: com.intuit.karate.template.KarateAttributeTagProcessor.KarateAttrprependTagProcessor
[THYMELEAF]             * [* {th:alt-title,data-th-alt-title}] [990]: org.thymeleaf.standard.processor.StandardAltTitleTagProcessor
[THYMELEAF]             * [* {th:lang-xmllang,data-th-lang-xmllang}] [990]: org.thymeleaf.standard.processor.StandardLangXmlLangTagProcessor
[THYMELEAF]             * [* {th:action,data-th-action}] [1000]: org.thymeleaf.standard.processor.StandardActionTagProcessor
[THYMELEAF]             * [* {th:selected,data-th-selected}] [1000]: org.thymeleaf.standard.processor.StandardConditionalFixedValueTagProcessor
[THYMELEAF]             * [* {th:defer,data-th-defer}] [1000]: org.thymeleaf.standard.processor.StandardConditionalFixedValueTagProcessor
[THYMELEAF]             * [* {th:reversed,data-th-reversed}] [1000]: org.thymeleaf.standard.processor.StandardConditionalFixedValueTagProcessor
[THYMELEAF]             * [* {th:loop,data-th-loop}] [1000]: org.thymeleaf.standard.processor.StandardConditionalFixedValueTagProcessor
[THYMELEAF]             * [* {th:controls,data-th-controls}] [1000]: org.thymeleaf.standard.processor.StandardConditionalFixedValueTagProcessor
[THYMELEAF]             * [* {th:autoplay,data-th-autoplay}] [1000]: org.thymeleaf.standard.processor.StandardConditionalFixedValueTagProcessor
[THYMELEAF]             * [* {th:seamless,data-th-seamless}] [1000]: org.thymeleaf.standard.processor.StandardConditionalFixedValueTagProcessor
[THYMELEAF]             * [* {th:async,data-th-async}] [1000]: org.thymeleaf.standard.processor.StandardConditionalFixedValueTagProcessor
[THYMELEAF]             * [* {th:pubdate,data-th-pubdate}] [1000]: org.thymeleaf.standard.processor.StandardConditionalFixedValueTagProcessor
[THYMELEAF]             * [* {th:checked,data-th-checked}] [1000]: org.thymeleaf.standard.processor.StandardConditionalFixedValueTagProcessor
[THYMELEAF]             * [* {th:hidden,data-th-hidden}] [1000]: org.thymeleaf.standard.processor.StandardConditionalFixedValueTagProcessor
[THYMELEAF]             * [* {th:disabled,data-th-disabled}] [1000]: org.thymeleaf.standard.processor.StandardConditionalFixedValueTagProcessor
[THYMELEAF]             * [* {th:default,data-th-default}] [1000]: org.thymeleaf.standard.processor.StandardConditionalFixedValueTagProcessor
[THYMELEAF]             * [* {th:novalidate,data-th-novalidate}] [1000]: org.thymeleaf.standard.processor.StandardConditionalFixedValueTagProcessor
[THYMELEAF]             * [* {th:autofocus,data-th-autofocus}] [1000]: org.thymeleaf.standard.processor.StandardConditionalFixedValueTagProcessor
[THYMELEAF]             * [* {th:formnovalidate,data-th-formnovalidate}] [1000]: org.thymeleaf.standard.processor.StandardConditionalFixedValueTagProcessor
[THYMELEAF]             * [* {th:nowrap,data-th-nowrap}] [1000]: org.thymeleaf.standard.processor.StandardConditionalFixedValueTagProcessor
[THYMELEAF]             * [* {th:scoped,data-th-scoped}] [1000]: org.thymeleaf.standard.processor.StandardConditionalFixedValueTagProcessor
[THYMELEAF]             * [* {th:required,data-th-required}] [1000]: org.thymeleaf.standard.processor.StandardConditionalFixedValueTagProcessor
[THYMELEAF]             * [* {th:declare,data-th-declare}] [1000]: org.thymeleaf.standard.processor.StandardConditionalFixedValueTagProcessor
[THYMELEAF]             * [* {th:open,data-th-open}] [1000]: org.thymeleaf.standard.processor.StandardConditionalFixedValueTagProcessor
[THYMELEAF]             * [* {th:ismap,data-th-ismap}] [1000]: org.thymeleaf.standard.processor.StandardConditionalFixedValueTagProcessor
[THYMELEAF]             * [* {th:readonly,data-th-readonly}] [1000]: org.thymeleaf.standard.processor.StandardConditionalFixedValueTagProcessor
[THYMELEAF]             * [* {th:multiple,data-th-multiple}] [1000]: org.thymeleaf.standard.processor.StandardConditionalFixedValueTagProcessor
[THYMELEAF]             * [* {th:onredo,data-th-onredo}] [1000]: org.thymeleaf.standard.processor.StandardDOMEventAttributeTagProcessor
[THYMELEAF]             * [* {th:onmouseout,data-th-onmouseout}] [1000]: org.thymeleaf.standard.processor.StandardDOMEventAttributeTagProcessor
[THYMELEAF]             * [* {th:ondrop,data-th-ondrop}] [1000]: org.thymeleaf.standard.processor.StandardDOMEventAttributeTagProcessor
[THYMELEAF]             * [* {th:onemptied,data-th-onemptied}] [1000]: org.thymeleaf.standard.processor.StandardDOMEventAttributeTagProcessor
[THYMELEAF]             * [* {th:onunload,data-th-onunload}] [1000]: org.thymeleaf.standard.processor.StandardDOMEventAttributeTagProcessor
[THYMELEAF]             * [* {th:onshow,data-th-onshow}] [1000]: org.thymeleaf.standard.processor.StandardDOMEventAttributeTagProcessor
[THYMELEAF]             * [* {th:onmouseup,data-th-onmouseup}] [1000]: org.thymeleaf.standard.processor.StandardDOMEventAttributeTagProcessor
[THYMELEAF]             * [* {th:onload,data-th-onload}] [1000]: org.thymeleaf.standard.processor.StandardDOMEventAttributeTagProcessor
[THYMELEAF]             * [* {th:onpause,data-th-onpause}] [1000]: org.thymeleaf.standard.processor.StandardDOMEventAttributeTagProcessor
[THYMELEAF]             * [* {th:onsubmit,data-th-onsubmit}] [1000]: org.thymeleaf.standard.processor.StandardDOMEventAttributeTagProcessor
[THYMELEAF]             * [* {th:onloadeddata,data-th-onloadeddata}] [1000]: org.thymeleaf.standard.processor.StandardDOMEventAttributeTagProcessor
[THYMELEAF]             * [* {th:onkeydown,data-th-onkeydown}] [1000]: org.thymeleaf.standard.processor.StandardDOMEventAttributeTagProcessor
[THYMELEAF]             * [* {th:onseeked,data-th-onseeked}] [1000]: org.thymeleaf.standard.processor.StandardDOMEventAttributeTagProcessor
[THYMELEAF]             * [* {th:oncanplay,data-th-oncanplay}] [1000]: org.thymeleaf.standard.processor.StandardDOMEventAttributeTagProcessor
[THYMELEAF]             * [* {th:onstorage,data-th-onstorage}] [1000]: org.thymeleaf.standard.processor.StandardDOMEventAttributeTagProcessor
[THYMELEAF]             * [* {th:oncanplaythrough,data-th-oncanplaythrough}] [1000]: org.thymeleaf.standard.processor.StandardDOMEventAttributeTagProcessor
[THYMELEAF]             * [* {th:onresize,data-th-onresize}] [1000]: org.thymeleaf.standard.processor.StandardDOMEventAttributeTagProcessor
[THYMELEAF]             * [* {th:oninput,data-th-oninput}] [1000]: org.thymeleaf.standard.processor.StandardDOMEventAttributeTagProcessor
[THYMELEAF]             * [* {th:oncontextmenu,data-th-oncontextmenu}] [1000]: org.thymeleaf.standard.processor.StandardDOMEventAttributeTagProcessor
[THYMELEAF]             * [* {th:ontimeupdate,data-th-ontimeupdate}] [1000]: org.thymeleaf.standard.processor.StandardDOMEventAttributeTagProcessor
[THYMELEAF]             * [* {th:onratechange,data-th-onratechange}] [1000]: org.thymeleaf.standard.processor.StandardDOMEventAttributeTagProcessor
[THYMELEAF]             * [* {th:onmessage,data-th-onmessage}] [1000]: org.thymeleaf.standard.processor.StandardDOMEventAttributeTagProcessor
[THYMELEAF]             * [* {th:onplay,data-th-onplay}] [1000]: org.thymeleaf.standard.processor.StandardDOMEventAttributeTagProcessor
[THYMELEAF]             * [* {th:onsuspend,data-th-onsuspend}] [1000]: org.thymeleaf.standard.processor.StandardDOMEventAttributeTagProcessor
[THYMELEAF]             * [* {th:onclick,data-th-onclick}] [1000]: org.thymeleaf.standard.processor.StandardDOMEventAttributeTagProcessor
[THYMELEAF]             * [* {th:ondragenter,data-th-ondragenter}] [1000]: org.thymeleaf.standard.processor.StandardDOMEventAttributeTagProcessor
[THYMELEAF]             * [* {th:onloadstart,data-th-onloadstart}] [1000]: org.thymeleaf.standard.processor.StandardDOMEventAttributeTagProcessor
[THYMELEAF]             * [* {th:onundo,data-th-onundo}] [1000]: org.thymeleaf.standard.processor.StandardDOMEventAttributeTagProcessor
[THYMELEAF]             * [* {th:onwaiting,data-th-onwaiting}] [1000]: org.thymeleaf.standard.processor.StandardDOMEventAttributeTagProcessor
[THYMELEAF]             * [* {th:onmousewheel,data-th-onmousewheel}] [1000]: org.thymeleaf.standard.processor.StandardDOMEventAttributeTagProcessor
[THYMELEAF]             * [* {th:onforminput,data-th-onforminput}] [1000]: org.thymeleaf.standard.processor.StandardDOMEventAttributeTagProcessor
[THYMELEAF]             * [* {th:onreadystatechange,data-th-onreadystatechange}] [1000]: org.thymeleaf.standard.processor.StandardDOMEventAttributeTagProcessor
[THYMELEAF]             * [* {th:ondrag,data-th-ondrag}] [1000]: org.thymeleaf.standard.processor.StandardDOMEventAttributeTagProcessor
[THYMELEAF]             * [* {th:onabort,data-th-onabort}] [1000]: org.thymeleaf.standard.processor.StandardDOMEventAttributeTagProcessor
[THYMELEAF]             * [* {th:ondurationchange,data-th-ondurationchange}] [1000]: org.thymeleaf.standard.processor.StandardDOMEventAttributeTagProcessor
[THYMELEAF]             * [* {th:ondblclick,data-th-ondblclick}] [1000]: org.thymeleaf.standard.processor.StandardDOMEventAttributeTagProcessor
[THYMELEAF]             * [* {th:onkeypress,data-th-onkeypress}] [1000]: org.thymeleaf.standard.processor.StandardDOMEventAttributeTagProcessor
[THYMELEAF]             * [* {th:onplaying,data-th-onplaying}] [1000]: org.thymeleaf.standard.processor.StandardDOMEventAttributeTagProcessor
[THYMELEAF]             * [* {th:onprogress,data-th-onprogress}] [1000]: org.thymeleaf.standard.processor.StandardDOMEventAttributeTagProcessor
[THYMELEAF]             * [* {th:onselect,data-th-onselect}] [1000]: org.thymeleaf.standard.processor.StandardDOMEventAttributeTagProcessor
[THYMELEAF]             * [* {th:onpopstate,data-th-onpopstate}] [1000]: org.thymeleaf.standard.processor.StandardDOMEventAttributeTagProcessor
[THYMELEAF]             * [* {th:onmouseover,data-th-onmouseover}] [1000]: org.thymeleaf.standard.processor.StandardDOMEventAttributeTagProcessor
[THYMELEAF]             * [* {th:onblur,data-th-onblur}] [1000]: org.thymeleaf.standard.processor.StandardDOMEventAttributeTagProcessor
[THYMELEAF]             * [* {th:onvolumechange,data-th-onvolumechange}] [1000]: org.thymeleaf.standard.processor.StandardDOMEventAttributeTagProcessor
[THYMELEAF]             * [* {th:onstalled,data-th-onstalled}] [1000]: org.thymeleaf.standard.processor.StandardDOMEventAttributeTagProcessor
[THYMELEAF]             * [* {th:onbeforeprint,data-th-onbeforeprint}] [1000]: org.thymeleaf.standard.processor.StandardDOMEventAttributeTagProcessor
[THYMELEAF]             * [* {th:onreset,data-th-onreset}] [1000]: org.thymeleaf.standard.processor.StandardDOMEventAttributeTagProcessor
[THYMELEAF]             * [* {th:onoffline,data-th-onoffline}] [1000]: org.thymeleaf.standard.processor.StandardDOMEventAttributeTagProcessor
[THYMELEAF]             * [* {th:ondragleave,data-th-ondragleave}] [1000]: org.thymeleaf.standard.processor.StandardDOMEventAttributeTagProcessor
[THYMELEAF]             * [* {th:onscroll,data-th-onscroll}] [1000]: org.thymeleaf.standard.processor.StandardDOMEventAttributeTagProcessor
[THYMELEAF]             * [* {th:onafterprint,data-th-onafterprint}] [1000]: org.thymeleaf.standard.processor.StandardDOMEventAttributeTagProcessor
[THYMELEAF]             * [* {th:ondragend,data-th-ondragend}] [1000]: org.thymeleaf.standard.processor.StandardDOMEventAttributeTagProcessor
[THYMELEAF]             * [* {th:ondragover,data-th-ondragover}] [1000]: org.thymeleaf.standard.processor.StandardDOMEventAttributeTagProcessor
[THYMELEAF]             * [* {th:onchange,data-th-onchange}] [1000]: org.thymeleaf.standard.processor.StandardDOMEventAttributeTagProcessor
[THYMELEAF]             * [* {th:onended,data-th-onended}] [1000]: org.thymeleaf.standard.processor.StandardDOMEventAttributeTagProcessor
[THYMELEAF]             * [* {th:onformchange,data-th-onformchange}] [1000]: org.thymeleaf.standard.processor.StandardDOMEventAttributeTagProcessor
[THYMELEAF]             * [* {th:oninvalid,data-th-oninvalid}] [1000]: org.thymeleaf.standard.processor.StandardDOMEventAttributeTagProcessor
[THYMELEAF]             * [* {th:onbeforeunload,data-th-onbeforeunload}] [1000]: org.thymeleaf.standard.processor.StandardDOMEventAttributeTagProcessor
[THYMELEAF]             * [* {th:ononline,data-th-ononline}] [1000]: org.thymeleaf.standard.processor.StandardDOMEventAttributeTagProcessor
[THYMELEAF]             * [* {th:onhashchange,data-th-onhashchange}] [1000]: org.thymeleaf.standard.processor.StandardDOMEventAttributeTagProcessor
[THYMELEAF]             * [* {th:onmousedown,data-th-onmousedown}] [1000]: org.thymeleaf.standard.processor.StandardDOMEventAttributeTagProcessor
[THYMELEAF]             * [* {th:onseeking,data-th-onseeking}] [1000]: org.thymeleaf.standard.processor.StandardDOMEventAttributeTagProcessor
[THYMELEAF]             * [* {th:ondragstart,data-th-ondragstart}] [1000]: org.thymeleaf.standard.processor.StandardDOMEventAttributeTagProcessor
[THYMELEAF]             * [* {th:onmousemove,data-th-onmousemove}] [1000]: org.thymeleaf.standard.processor.StandardDOMEventAttributeTagProcessor
[THYMELEAF]             * [* {th:onerror,data-th-onerror}] [1000]: org.thymeleaf.standard.processor.StandardDOMEventAttributeTagProcessor
[THYMELEAF]             * [* {th:onkeyup,data-th-onkeyup}] [1000]: org.thymeleaf.standard.processor.StandardDOMEventAttributeTagProcessor
[THYMELEAF]             * [* {th:onloadedmetadata,data-th-onloadedmetadata}] [1000]: org.thymeleaf.standard.processor.StandardDOMEventAttributeTagProcessor
[THYMELEAF]             * [* {th:onfocus,data-th-onfocus}] [1000]: org.thymeleaf.standard.processor.StandardDOMEventAttributeTagProcessor
[THYMELEAF]             * [* {th:href,data-th-href}] [1000]: org.thymeleaf.standard.processor.StandardHrefTagProcessor
[THYMELEAF]             * [* {th:inline,data-th-inline}] [1000]: org.thymeleaf.standard.processor.StandardInlineHTMLTagProcessor
[THYMELEAF]             * [* {th:method,data-th-method}] [1000]: org.thymeleaf.standard.processor.StandardMethodTagProcessor
[THYMELEAF]             * [* {th:type,data-th-type}] [1000]: org.thymeleaf.standard.processor.StandardNonRemovableAttributeTagProcessor
[THYMELEAF]             * [* {th:name,data-th-name}] [1000]: org.thymeleaf.standard.processor.StandardNonRemovableAttributeTagProcessor
[THYMELEAF]             * [* {th:marginheight,data-th-marginheight}] [1000]: org.thymeleaf.standard.processor.StandardRemovableAttributeTagProcessor
[THYMELEAF]             * [* {th:keytype,data-th-keytype}] [1000]: org.thymeleaf.standard.processor.StandardRemovableAttributeTagProcessor
[THYMELEAF]             * [* {th:cols,data-th-cols}] [1000]: org.thymeleaf.standard.processor.StandardRemovableAttributeTagProcessor
[THYMELEAF]             * [* {th:rows,data-th-rows}] [1000]: org.thymeleaf.standard.processor.StandardRemovableAttributeTagProcessor
[THYMELEAF]             * [* {th:enctype,data-th-enctype}] [1000]: org.thymeleaf.standard.processor.StandardRemovableAttributeTagProcessor
[THYMELEAF]             * [* {th:http-equiv,data-th-http-equiv}] [1000]: org.thymeleaf.standard.processor.StandardRemovableAttributeTagProcessor
[THYMELEAF]             * [* {th:spellcheck,data-th-spellcheck}] [1000]: org.thymeleaf.standard.processor.StandardRemovableAttributeTagProcessor
[THYMELEAF]             * [* {th:cellspacing,data-th-cellspacing}] [1000]: org.thymeleaf.standard.processor.StandardRemovableAttributeTagProcessor
[THYMELEAF]             * [* {th:formaction,data-th-formaction}] [1000]: org.thymeleaf.standard.processor.StandardRemovableAttributeTagProcessor
[THYMELEAF]             * [* {th:rowspan,data-th-rowspan}] [1000]: org.thymeleaf.standard.processor.StandardRemovableAttributeTagProcessor
[THYMELEAF]             * [* {th:height,data-th-height}] [1000]: org.thymeleaf.standard.processor.StandardRemovableAttributeTagProcessor
[THYMELEAF]             * [* {th:sizes,data-th-sizes}] [1000]: org.thymeleaf.standard.processor.StandardRemovableAttributeTagProcessor
[THYMELEAF]             * [* {th:headers,data-th-headers}] [1000]: org.thymeleaf.standard.processor.StandardRemovableAttributeTagProcessor
[THYMELEAF]             * [* {th:border,data-th-border}] [1000]: org.thymeleaf.standard.processor.StandardRemovableAttributeTagProcessor
[THYMELEAF]             * [* {th:formmethod,data-th-formmethod}] [1000]: org.thymeleaf.standard.processor.StandardRemovableAttributeTagProcessor
[THYMELEAF]             * [* {th:label,data-th-label}] [1000]: org.thymeleaf.standard.processor.StandardRemovableAttributeTagProcessor
[THYMELEAF]             * [* {th:axis,data-th-axis}] [1000]: org.thymeleaf.standard.processor.StandardRemovableAttributeTagProcessor
[THYMELEAF]             * [* {th:charset,data-th-charset}] [1000]: org.thymeleaf.standard.processor.StandardRemovableAttributeTagProcessor
[THYMELEAF]             * [* {th:min,data-th-min}] [1000]: org.thymeleaf.standard.processor.StandardRemovableAttributeTagProcessor
[THYMELEAF]             * [* {th:frameborder,data-th-frameborder}] [1000]: org.thymeleaf.standard.processor.StandardRemovableAttributeTagProcessor
[THYMELEAF]             * [* {th:for,data-th-for}] [1000]: org.thymeleaf.standard.processor.StandardRemovableAttributeTagProcessor
[THYMELEAF]             * [* {th:valuetype,data-th-valuetype}] [1000]: org.thymeleaf.standard.processor.StandardRemovableAttributeTagProcessor
[THYMELEAF]             * [* {th:challenge,data-th-challenge}] [1000]: org.thymeleaf.standard.processor.StandardRemovableAttributeTagProcessor
[THYMELEAF]             * [* {th:target,data-th-target}] [1000]: org.thymeleaf.standard.processor.StandardRemovableAttributeTagProcessor
[THYMELEAF]             * [* {th:data,data-th-data}] [1000]: org.thymeleaf.standard.processor.StandardRemovableAttributeTagProcessor
[THYMELEAF]             * [* {th:colspan,data-th-colspan}] [1000]: org.thymeleaf.standard.processor.StandardRemovableAttributeTagProcessor
[THYMELEAF]             * [* {th:bgcolor,data-th-bgcolor}] [1000]: org.thymeleaf.standard.processor.StandardRemovableAttributeTagProcessor
[THYMELEAF]             * [* {th:draggable,data-th-draggable}] [1000]: org.thymeleaf.standard.processor.StandardRemovableAttributeTagProcessor
[THYMELEAF]             * [* {th:max,data-th-max}] [1000]: org.thymeleaf.standard.processor.StandardRemovableAttributeTagProcessor
[THYMELEAF]             * [* {th:span,data-th-span}] [1000]: org.thymeleaf.standard.processor.StandardRemovableAttributeTagProcessor
[THYMELEAF]             * [* {th:contextmenu,data-th-contextmenu}] [1000]: org.thymeleaf.standard.processor.StandardRemovableAttributeTagProcessor
[THYMELEAF]             * [* {th:archive,data-th-archive}] [1000]: org.thymeleaf.standard.processor.StandardRemovableAttributeTagProcessor
[THYMELEAF]             * [* {th:scheme,data-th-scheme}] [1000]: org.thymeleaf.standard.processor.StandardRemovableAttributeTagProcessor
[THYMELEAF]             * [* {th:content,data-th-content}] [1000]: org.thymeleaf.standard.processor.StandardRemovableAttributeTagProcessor
[THYMELEAF]             * [* {th:dropzone,data-th-dropzone}] [1000]: org.thymeleaf.standard.processor.StandardRemovableAttributeTagProcessor
[THYMELEAF]             * [* {th:class,data-th-class}] [1000]: org.thymeleaf.standard.processor.StandardRemovableAttributeTagProcessor
[THYMELEAF]             * [* {th:rel,data-th-rel}] [1000]: org.thymeleaf.standard.processor.StandardRemovableAttributeTagProcessor
[THYMELEAF]             * [* {th:usemap,data-th-usemap}] [1000]: org.thymeleaf.standard.processor.StandardRemovableAttributeTagProcessor
[THYMELEAF]             * [* {th:optimum,data-th-optimum}] [1000]: org.thymeleaf.standard.processor.StandardRemovableAttributeTagProcessor
[THYMELEAF]             * [* {th:formenctype,data-th-formenctype}] [1000]: org.thymeleaf.standard.processor.StandardRemovableAttributeTagProcessor
[THYMELEAF]             * [* {th:marginwidth,data-th-marginwidth}] [1000]: org.thymeleaf.standard.processor.StandardRemovableAttributeTagProcessor
[THYMELEAF]             * [* {th:accept,data-th-accept}] [1000]: org.thymeleaf.standard.processor.StandardRemovableAttributeTagProcessor
[THYMELEAF]             * [* {th:compact,data-th-compact}] [1000]: org.thymeleaf.standard.processor.StandardRemovableAttributeTagProcessor
[THYMELEAF]             * [* {th:abbr,data-th-abbr}] [1000]: org.thymeleaf.standard.processor.StandardRemovableAttributeTagProcessor
[THYMELEAF]             * [* {th:rev,data-th-rev}] [1000]: org.thymeleaf.standard.processor.StandardRemovableAttributeTagProcessor
[THYMELEAF]             * [* {th:kind,data-th-kind}] [1000]: org.thymeleaf.standard.processor.StandardRemovableAttributeTagProcessor
[THYMELEAF]             * [* {th:radiogroup,data-th-radiogroup}] [1000]: org.thymeleaf.standard.processor.StandardRemovableAttributeTagProcessor
[THYMELEAF]             * [* {th:wrap,data-th-wrap}] [1000]: org.thymeleaf.standard.processor.StandardRemovableAttributeTagProcessor
[THYMELEAF]             * [* {th:autocomplete,data-th-autocomplete}] [1000]: org.thymeleaf.standard.processor.StandardRemovableAttributeTagProcessor
[THYMELEAF]             * [* {th:id,data-th-id}] [1000]: org.thymeleaf.standard.processor.StandardRemovableAttributeTagProcessor
[THYMELEAF]             * [* {th:low,data-th-low}] [1000]: org.thymeleaf.standard.processor.StandardRemovableAttributeTagProcessor
[THYMELEAF]             * [* {th:accept-charset,data-th-accept-charset}] [1000]: org.thymeleaf.standard.processor.StandardRemovableAttributeTagProcessor
[THYMELEAF]             * [* {th:rules,data-th-rules}] [1000]: org.thymeleaf.standard.processor.StandardRemovableAttributeTagProcessor
[THYMELEAF]             * [* {th:summary,data-th-summary}] [1000]: org.thymeleaf.standard.processor.StandardRemovableAttributeTagProcessor
[THYMELEAF]             * [* {th:lang,data-th-lang}] [1000]: org.thymeleaf.standard.processor.StandardRemovableAttributeTagProcessor
[THYMELEAF]             * [* {th:scrolling,data-th-scrolling}] [1000]: org.thymeleaf.standard.processor.StandardRemovableAttributeTagProcessor
[THYMELEAF]             * [* {th:dir,data-th-dir}] [1000]: org.thymeleaf.standard.processor.StandardRemovableAttributeTagProcessor
[THYMELEAF]             * [* {th:form,data-th-form}] [1000]: org.thymeleaf.standard.processor.StandardRemovableAttributeTagProcessor
[THYMELEAF]             * [* {th:placeholder,data-th-placeholder}] [1000]: org.thymeleaf.standard.processor.StandardRemovableAttributeTagProcessor
[THYMELEAF]             * [* {th:codebase,data-th-codebase}] [1000]: org.thymeleaf.standard.processor.StandardRemovableAttributeTagProcessor
[THYMELEAF]             * [* {th:formtarget,data-th-formtarget}] [1000]: org.thymeleaf.standard.processor.StandardRemovableAttributeTagProcessor
[THYMELEAF]             * [* {th:width,data-th-width}] [1000]: org.thymeleaf.standard.processor.StandardRemovableAttributeTagProcessor
[THYMELEAF]             * [* {th:alt,data-th-alt}] [1000]: org.thymeleaf.standard.processor.StandardRemovableAttributeTagProcessor
[THYMELEAF]             * [* {th:hspace,data-th-hspace}] [1000]: org.thymeleaf.standard.processor.StandardRemovableAttributeTagProcessor
[THYMELEAF]             * [* {th:tabindex,data-th-tabindex}] [1000]: org.thymeleaf.standard.processor.StandardRemovableAttributeTagProcessor
[THYMELEAF]             * [* {th:step,data-th-step}] [1000]: org.thymeleaf.standard.processor.StandardRemovableAttributeTagProcessor
[THYMELEAF]             * [* {th:preload,data-th-preload}] [1000]: org.thymeleaf.standard.processor.StandardRemovableAttributeTagProcessor
[THYMELEAF]             * [* {th:high,data-th-high}] [1000]: org.thymeleaf.standard.processor.StandardRemovableAttributeTagProcessor
[THYMELEAF]             * [* {th:audio,data-th-audio}] [1000]: org.thymeleaf.standard.processor.StandardRemovableAttributeTagProcessor
[THYMELEAF]             * [* {th:accesskey,data-th-accesskey}] [1000]: org.thymeleaf.standard.processor.StandardRemovableAttributeTagProcessor
[THYMELEAF]             * [* {th:pattern,data-th-pattern}] [1000]: org.thymeleaf.standard.processor.StandardRemovableAttributeTagProcessor
[THYMELEAF]             * [* {th:cite,data-th-cite}] [1000]: org.thymeleaf.standard.processor.StandardRemovableAttributeTagProcessor
[THYMELEAF]             * [* {th:hreflang,data-th-hreflang}] [1000]: org.thymeleaf.standard.processor.StandardRemovableAttributeTagProcessor
[THYMELEAF]             * [* {th:align,data-th-align}] [1000]: org.thymeleaf.standard.processor.StandardRemovableAttributeTagProcessor
[THYMELEAF]             * [* {th:maxlength,data-th-maxlength}] [1000]: org.thymeleaf.standard.processor.StandardRemovableAttributeTagProcessor
[THYMELEAF]             * [* {th:poster,data-th-poster}] [1000]: org.thymeleaf.standard.processor.StandardRemovableAttributeTagProcessor
[THYMELEAF]             * [* {th:vspace,data-th-vspace}] [1000]: org.thymeleaf.standard.processor.StandardRemovableAttributeTagProcessor
[THYMELEAF]             * [* {th:background,data-th-background}] [1000]: org.thymeleaf.standard.processor.StandardRemovableAttributeTagProcessor
[THYMELEAF]             * [* {th:icon,data-th-icon}] [1000]: org.thymeleaf.standard.processor.StandardRemovableAttributeTagProcessor
[THYMELEAF]             * [* {th:media,data-th-media}] [1000]: org.thymeleaf.standard.processor.StandardRemovableAttributeTagProcessor
[THYMELEAF]             * [* {th:title,data-th-title}] [1000]: org.thymeleaf.standard.processor.StandardRemovableAttributeTagProcessor
[THYMELEAF]             * [* {th:scope,data-th-scope}] [1000]: org.thymeleaf.standard.processor.StandardRemovableAttributeTagProcessor
[THYMELEAF]             * [* {th:cellpadding,data-th-cellpadding}] [1000]: org.thymeleaf.standard.processor.StandardRemovableAttributeTagProcessor
[THYMELEAF]             * [* {th:size,data-th-size}] [1000]: org.thymeleaf.standard.processor.StandardRemovableAttributeTagProcessor
[THYMELEAF]             * [* {th:classid,data-th-classid}] [1000]: org.thymeleaf.standard.processor.StandardRemovableAttributeTagProcessor
[THYMELEAF]             * [* {th:datetime,data-th-datetime}] [1000]: org.thymeleaf.standard.processor.StandardRemovableAttributeTagProcessor
[THYMELEAF]             * [* {th:frame,data-th-frame}] [1000]: org.thymeleaf.standard.processor.StandardRemovableAttributeTagProcessor
[THYMELEAF]             * [* {th:start,data-th-start}] [1000]: org.thymeleaf.standard.processor.StandardRemovableAttributeTagProcessor
[THYMELEAF]             * [* {th:srclang,data-th-srclang}] [1000]: org.thymeleaf.standard.processor.StandardRemovableAttributeTagProcessor
[THYMELEAF]             * [* {th:list,data-th-list}] [1000]: org.thymeleaf.standard.processor.StandardRemovableAttributeTagProcessor
[THYMELEAF]             * [* {th:standby,data-th-standby}] [1000]: org.thymeleaf.standard.processor.StandardRemovableAttributeTagProcessor
[THYMELEAF]             * [* {th:sandbox,data-th-sandbox}] [1000]: org.thymeleaf.standard.processor.StandardRemovableAttributeTagProcessor
[THYMELEAF]             * [* {th:codetype,data-th-codetype}] [1000]: org.thymeleaf.standard.processor.StandardRemovableAttributeTagProcessor
[THYMELEAF]             * [* {th:manifest,data-th-manifest}] [1000]: org.thymeleaf.standard.processor.StandardRemovableAttributeTagProcessor
[THYMELEAF]             * [* {th:contenteditable,data-th-contenteditable}] [1000]: org.thymeleaf.standard.processor.StandardRemovableAttributeTagProcessor
[THYMELEAF]             * [* {th:style,data-th-style}] [1000]: org.thymeleaf.standard.processor.StandardRemovableAttributeTagProcessor
[THYMELEAF]             * [* {th:longdesc,data-th-longdesc}] [1000]: org.thymeleaf.standard.processor.StandardRemovableAttributeTagProcessor
[THYMELEAF]             * [* {th:src,data-th-src}] [1000]: org.thymeleaf.standard.processor.StandardSrcTagProcessor
[THYMELEAF]             * [* {th:value,data-th-value}] [1000]: org.thymeleaf.standard.processor.StandardValueTagProcessor
[THYMELEAF]             * [* {th:xmlbase,data-th-xmlbase}] [1000]: org.thymeleaf.standard.processor.StandardXmlBaseTagProcessor
[THYMELEAF]             * [* {th:xmllang,data-th-xmllang}] [1000]: org.thymeleaf.standard.processor.StandardXmlLangTagProcessor
[THYMELEAF]             * [* {xmlns:th}] [1000]: org.thymeleaf.standard.processor.StandardXmlNsTagProcessor
[THYMELEAF]             * [* {th:xmlspace,data-th-xmlspace}] [1000]: org.thymeleaf.standard.processor.StandardXmlSpaceTagProcessor
[THYMELEAF]             * [* {th:classappend,data-th-classappend}] [1100]: org.thymeleaf.standard.processor.StandardClassappendTagProcessor
[THYMELEAF]             * [* {th:styleappend,data-th-styleappend}] [1100]: org.thymeleaf.standard.processor.StandardStyleappendTagProcessor
[THYMELEAF]             * [* {th:text,data-th-text}] [1300]: org.thymeleaf.standard.processor.StandardTextTagProcessor
[THYMELEAF]             * [* {th:utext,data-th-utext}] [1400]: org.thymeleaf.standard.processor.StandardUtextTagProcessor
[THYMELEAF]             * [* {th:fragment,data-th-fragment}] [1500]: org.thymeleaf.standard.processor.StandardFragmentTagProcessor
[THYMELEAF]             * [* {th:assert,data-th-assert}] [1550]: org.thymeleaf.standard.processor.StandardAssertTagProcessor
[THYMELEAF]             * [* {th:remove,data-th-remove}] [1600]: org.thymeleaf.standard.processor.StandardRemoveTagProcessor
[THYMELEAF]             * [* {th:ref,data-th-ref}] [10000]: org.thymeleaf.standard.processor.StandardRefAttributeTagProcessor
[THYMELEAF]             * [{th:block,th-block} *] [100000]: org.thymeleaf.standard.processor.StandardBlockTagProcessor
[THYMELEAF]             * [* th:*] [2147483647]: org.thymeleaf.standard.processor.StandardDefaultAttributesTagProcessor
[THYMELEAF]         * Text Processors by [precedence]:
[THYMELEAF]             * [1000]: org.thymeleaf.standard.processor.StandardInliningTextProcessor
[THYMELEAF]         * DOCTYPE Processors by [precedence]:
[THYMELEAF]             * [1000]: org.thymeleaf.standard.processor.StandardTranslationDocTypeProcessor
[THYMELEAF]         * CDATA Section Processors by [precedence]:
[THYMELEAF]             * [1000]: org.thymeleaf.standard.processor.StandardInliningCDATASectionProcessor
[THYMELEAF]         * Comment Processors by [precedence]:
[THYMELEAF]             * [1000]: org.thymeleaf.standard.processor.StandardInliningCommentProcessor
[THYMELEAF]             * [1100]: org.thymeleaf.standard.processor.StandardConditionalCommentProcessor
[THYMELEAF]     * Processors for Template Mode: XML
[THYMELEAF]         * Element Tag Processors by [matching element and attribute name] [precedence]:
[THYMELEAF]             * [* {th:include}] [100]: org.thymeleaf.standard.processor.StandardIncludeTagProcessor
[THYMELEAF]             * [* {th:insert}] [100]: org.thymeleaf.standard.processor.StandardInsertTagProcessor
[THYMELEAF]             * [* {th:replace}] [100]: org.thymeleaf.standard.processor.StandardReplaceTagProcessor
[THYMELEAF]             * [* {th:each}] [200]: com.intuit.karate.template.KarateEachTagProcessor
[THYMELEAF]             * [* {th:switch}] [250]: org.thymeleaf.standard.processor.StandardSwitchTagProcessor
[THYMELEAF]             * [* {th:case}] [275]: org.thymeleaf.standard.processor.StandardCaseTagProcessor
[THYMELEAF]             * [* {th:if}] [300]: org.thymeleaf.standard.processor.StandardIfTagProcessor
[THYMELEAF]             * [* {th:unless}] [400]: org.thymeleaf.standard.processor.StandardUnlessTagProcessor
[THYMELEAF]             * [* {th:object}] [500]: org.thymeleaf.standard.processor.StandardObjectTagProcessor
[THYMELEAF]             * [* {th:with}] [600]: com.intuit.karate.template.KarateWithTagProcessor
[THYMELEAF]             * [* {th:attr}] [700]: com.intuit.karate.template.KarateAttributeTagProcessor.KarateAttrTagProcessor
[THYMELEAF]             * [* {th:attrappend}] [900]: com.intuit.karate.template.KarateAttributeTagProcessor.KarateAttrappendTagProcessor
[THYMELEAF]             * [* {th:attrprepend}] [900]: com.intuit.karate.template.KarateAttributeTagProcessor.KarateAttrprependTagProcessor
[THYMELEAF]             * [* {th:inline}] [1000]: org.thymeleaf.standard.processor.StandardInlineXMLTagProcessor
[THYMELEAF]             * [* {xmlns:th}] [1000]: org.thymeleaf.standard.processor.StandardXmlNsTagProcessor
[THYMELEAF]             * [* {th:text}] [1300]: org.thymeleaf.standard.processor.StandardTextTagProcessor
[THYMELEAF]             * [* {th:utext}] [1400]: org.thymeleaf.standard.processor.StandardUtextTagProcessor
[THYMELEAF]             * [* {th:fragment}] [1500]: org.thymeleaf.standard.processor.StandardFragmentTagProcessor
[THYMELEAF]             * [* {th:assert}] [1550]: org.thymeleaf.standard.processor.StandardAssertTagProcessor
[THYMELEAF]             * [* {th:remove}] [1600]: org.thymeleaf.standard.processor.StandardRemoveTagProcessor
[THYMELEAF]             * [* {th:ref}] [10000]: org.thymeleaf.standard.processor.StandardRefAttributeTagProcessor
[THYMELEAF]             * [{th:block} *] [100000]: org.thymeleaf.standard.processor.StandardBlockTagProcessor
[THYMELEAF]             * [* th:*] [2147483647]: org.thymeleaf.standard.processor.StandardDefaultAttributesTagProcessor
[THYMELEAF]         * Text Processors by [precedence]:
[THYMELEAF]             * [1000]: org.thymeleaf.standard.processor.StandardInliningTextProcessor
[THYMELEAF]         * CDATA Section Processors by [precedence]:
[THYMELEAF]             * [1000]: org.thymeleaf.standard.processor.StandardInliningCDATASectionProcessor
[THYMELEAF]         * Comment Processors by [precedence]:
[THYMELEAF]             * [1000]: org.thymeleaf.standard.processor.StandardInliningCommentProcessor
[THYMELEAF]     * Processors for Template Mode: TEXT
[THYMELEAF]         * Element Tag Processors by [matching element and attribute name] [precedence]:
[THYMELEAF]             * [* {th:insert}] [100]: org.thymeleaf.standard.processor.StandardInsertTagProcessor
[THYMELEAF]             * [* {th:replace}] [100]: org.thymeleaf.standard.processor.StandardReplaceTagProcessor
[THYMELEAF]             * [* {th:each}] [200]: com.intuit.karate.template.KarateEachTagProcessor
[THYMELEAF]             * [* {th:switch}] [250]: org.thymeleaf.standard.processor.StandardSwitchTagProcessor
[THYMELEAF]             * [* {th:case}] [275]: org.thymeleaf.standard.processor.StandardCaseTagProcessor
[THYMELEAF]             * [* {th:if}] [300]: org.thymeleaf.standard.processor.StandardIfTagProcessor
[THYMELEAF]             * [* {th:unless}] [400]: org.thymeleaf.standard.processor.StandardUnlessTagProcessor
[THYMELEAF]             * [* {th:object}] [500]: org.thymeleaf.standard.processor.StandardObjectTagProcessor
[THYMELEAF]             * [* {th:with}] [600]: com.intuit.karate.template.KarateWithTagProcessor
[THYMELEAF]             * [* {th:inline}] [1000]: org.thymeleaf.standard.processor.StandardInlineTextualTagProcessor
[THYMELEAF]             * [* {th:text}] [1300]: org.thymeleaf.standard.processor.StandardTextTagProcessor
[THYMELEAF]             * [* {th:utext}] [1400]: org.thymeleaf.standard.processor.StandardUtextTagProcessor
[THYMELEAF]             * [* {th:assert}] [1550]: org.thymeleaf.standard.processor.StandardAssertTagProcessor
[THYMELEAF]             * [* {th:remove}] [1600]: org.thymeleaf.standard.processor.StandardRemoveTagProcessor
[THYMELEAF]             * [* 100000] [org.thymeleaf.standard.processor.StandardBlockTagProcessor]: {}
[THYMELEAF]             * [{th:block} *] [100000]: org.thymeleaf.standard.processor.StandardBlockTagProcessor
[THYMELEAF]         * Text Processors by [precedence]:
[THYMELEAF]             * [1000]: org.thymeleaf.standard.processor.StandardInliningTextProcessor
[THYMELEAF]     * Processors for Template Mode: JAVASCRIPT
[THYMELEAF]         * Element Tag Processors by [matching element and attribute name] [precedence]:
[THYMELEAF]             * [* {th:insert}] [100]: org.thymeleaf.standard.processor.StandardInsertTagProcessor
[THYMELEAF]             * [* {th:replace}] [100]: org.thymeleaf.standard.processor.StandardReplaceTagProcessor
[THYMELEAF]             * [* {th:each}] [200]: com.intuit.karate.template.KarateEachTagProcessor
[THYMELEAF]             * [* {th:switch}] [250]: org.thymeleaf.standard.processor.StandardSwitchTagProcessor
[THYMELEAF]             * [* {th:case}] [275]: org.thymeleaf.standard.processor.StandardCaseTagProcessor
[THYMELEAF]             * [* {th:if}] [300]: org.thymeleaf.standard.processor.StandardIfTagProcessor
[THYMELEAF]             * [* {th:unless}] [400]: org.thymeleaf.standard.processor.StandardUnlessTagProcessor
[THYMELEAF]             * [* {th:object}] [500]: org.thymeleaf.standard.processor.StandardObjectTagProcessor
[THYMELEAF]             * [* {th:with}] [600]: com.intuit.karate.template.KarateWithTagProcessor
[THYMELEAF]             * [* {th:inline}] [1000]: org.thymeleaf.standard.processor.StandardInlineTextualTagProcessor
[THYMELEAF]             * [* {th:text}] [1300]: org.thymeleaf.standard.processor.StandardTextTagProcessor
[THYMELEAF]             * [* {th:utext}] [1400]: org.thymeleaf.standard.processor.StandardUtextTagProcessor
[THYMELEAF]             * [* {th:assert}] [1550]: org.thymeleaf.standard.processor.StandardAssertTagProcessor
[THYMELEAF]             * [* {th:remove}] [1600]: org.thymeleaf.standard.processor.StandardRemoveTagProcessor
[THYMELEAF]             * [{th:block} *] [100000]: org.thymeleaf.standard.processor.StandardBlockTagProcessor
[THYMELEAF]             * [* 100000] [org.thymeleaf.standard.processor.StandardBlockTagProcessor]: {}
[THYMELEAF]         * Text Processors by [precedence]:
[THYMELEAF]             * [1000]: org.thymeleaf.standard.processor.StandardInliningTextProcessor
[THYMELEAF]     * Processors for Template Mode: CSS
[THYMELEAF]         * Element Tag Processors by [matching element and attribute name] [precedence]:
[THYMELEAF]             * [* {th:insert}] [100]: org.thymeleaf.standard.processor.StandardInsertTagProcessor
[THYMELEAF]             * [* {th:replace}] [100]: org.thymeleaf.standard.processor.StandardReplaceTagProcessor
[THYMELEAF]             * [* {th:each}] [200]: com.intuit.karate.template.KarateEachTagProcessor
[THYMELEAF]             * [* {th:switch}] [250]: org.thymeleaf.standard.processor.StandardSwitchTagProcessor
[THYMELEAF]             * [* {th:case}] [275]: org.thymeleaf.standard.processor.StandardCaseTagProcessor
[THYMELEAF]             * [* {th:if}] [300]: org.thymeleaf.standard.processor.StandardIfTagProcessor
[THYMELEAF]             * [* {th:unless}] [400]: org.thymeleaf.standard.processor.StandardUnlessTagProcessor
[THYMELEAF]             * [* {th:object}] [500]: org.thymeleaf.standard.processor.StandardObjectTagProcessor
[THYMELEAF]             * [* {th:with}] [600]: com.intuit.karate.template.KarateWithTagProcessor
[THYMELEAF]             * [* {th:inline}] [1000]: org.thymeleaf.standard.processor.StandardInlineTextualTagProcessor
[THYMELEAF]             * [* {th:text}] [1300]: org.thymeleaf.standard.processor.StandardTextTagProcessor
[THYMELEAF]             * [* {th:utext}] [1400]: org.thymeleaf.standard.processor.StandardUtextTagProcessor
[THYMELEAF]             * [* {th:assert}] [1550]: org.thymeleaf.standard.processor.StandardAssertTagProcessor
[THYMELEAF]             * [* {th:remove}] [1600]: org.thymeleaf.standard.processor.StandardRemoveTagProcessor
[THYMELEAF]             * [* 100000] [org.thymeleaf.standard.processor.StandardBlockTagProcessor]: {}
[THYMELEAF]             * [{th:block} *] [100000]: org.thymeleaf.standard.processor.StandardBlockTagProcessor
[THYMELEAF]         * Text Processors by [precedence]:
[THYMELEAF]             * [1000]: org.thymeleaf.standard.processor.StandardInliningTextProcessor
[THYMELEAF]     * Expression Objects:
[THYMELEAF]         * #ctx
[THYMELEAF]         * #root
[THYMELEAF]         * #vars
[THYMELEAF]         * #object
[THYMELEAF]         * #locale
[THYMELEAF]         * #conversions
[THYMELEAF]         * #uris
[THYMELEAF]         * #temporals
[THYMELEAF]         * #calendars
[THYMELEAF]         * #dates
[THYMELEAF]         * #bools
[THYMELEAF]         * #numbers
[THYMELEAF]         * #objects
[THYMELEAF]         * #strings
[THYMELEAF]         * #arrays
[THYMELEAF]         * #lists
[THYMELEAF]         * #sets
[THYMELEAF]         * #maps
[THYMELEAF]         * #aggregates
[THYMELEAF]         * #messages
[THYMELEAF]         * #ids
[THYMELEAF]         * #execInfo
[THYMELEAF]         * #request
[THYMELEAF]         * #response
[THYMELEAF]         * #session
[THYMELEAF]         * #servletContext
[THYMELEAF]     * Execution Attributes:
[THYMELEAF]         * "StandardExpressionParser": com.intuit.karate.template.KarateStandardDialect@8315e4a
[THYMELEAF]         * "StandardJavaScriptSerializer": org.thymeleaf.standard.serializer.StandardJavaScriptSerializer@65b5b5ed
[THYMELEAF]         * "StandardCSSSerializer": org.thymeleaf.standard.serializer.StandardCSSSerializer@6595ffce
[THYMELEAF]         * "StandardVariableExpressionEvaluator": com.intuit.karate.template.KarateStandardDialect@8315e4a
[THYMELEAF]         * "StandardConversionService": org.thymeleaf.standard.expression.StandardConversionService@795eddda
[THYMELEAF] * Dialect [2 of 2]: karate (com.intuit.karate.template.KarateScriptDialect)
[THYMELEAF]     * Prefix: "ka"
[THYMELEAF]     * Processors for Template Mode: HTML
[THYMELEAF]         * Element Tag Processors by [matching element and attribute name] [precedence]:
[THYMELEAF]             * [* {src}] [1000]: com.intuit.karate.template.KaScriptAttrProcessor
[THYMELEAF]         * Element Model Processors by [matching element and attribute name] [precedence]:
[THYMELEAF]             * [{script} {ka:scope,data-ka-scope}] [1000]: com.intuit.karate.template.KaScriptElemProcessor
[THYMELEAF]             * [* {ka:set,data-ka-set}] [1000]: com.intuit.karate.template.KaSetElemProcessor
[THYMELEAF] TEMPLATE ENGINE CONFIGURED OK
23:22:06.932 [main] DEBUG org.thymeleaf.TemplateEngine -- [THYMELEAF] TEMPLATE ENGINE INITIALIZED
23:22:06.947 [main] DEBUG org.thymeleaf.TemplateEngine -- [THYMELEAF] INITIALIZING TEMPLATE ENGINE
23:22:06.960 [main] DEBUG org.thymeleaf.TemplateEngine.CONFIG -- Initializing Thymeleaf Template engine configuration...
[THYMELEAF] TEMPLATE ENGINE CONFIGURATION:
[THYMELEAF] * Thymeleaf version: 3.1.2.RELEASE (built 2023-07-30T19:25:50+0000)
[THYMELEAF] * Cache Manager implementation: org.thymeleaf.cache.StandardCacheManager
[THYMELEAF] * Template resolvers:
[THYMELEAF]     * [1] com.intuit.karate.template.ResourceHtmlTemplateResolver
[THYMELEAF] * Message resolvers:
[THYMELEAF]     * org.thymeleaf.messageresolver.StandardMessageResolver
[THYMELEAF] * Link builders:
[THYMELEAF]     * org.thymeleaf.linkbuilder.StandardLinkBuilder
[THYMELEAF] * Dialect [1 of 2]: Standard (com.intuit.karate.template.KarateStandardDialect)
[THYMELEAF]     * Prefix: "th"
[THYMELEAF]     * Processors for Template Mode: HTML
[THYMELEAF]         * Element Tag Processors by [matching element and attribute name] [precedence]:
[THYMELEAF]             * [* {th:include,data-th-include}] [100]: org.thymeleaf.standard.processor.StandardIncludeTagProcessor
[THYMELEAF]             * [* {th:insert,data-th-insert}] [100]: org.thymeleaf.standard.processor.StandardInsertTagProcessor
[THYMELEAF]             * [* {th:replace,data-th-replace}] [100]: org.thymeleaf.standard.processor.StandardReplaceTagProcessor
[THYMELEAF]             * [* {th:each,data-th-each}] [200]: com.intuit.karate.template.KarateEachTagProcessor
[THYMELEAF]             * [* {th:switch,data-th-switch}] [250]: org.thymeleaf.standard.processor.StandardSwitchTagProcessor
[THYMELEAF]             * [* {th:case,data-th-case}] [275]: org.thymeleaf.standard.processor.StandardCaseTagProcessor
[THYMELEAF]             * [* {th:if,data-th-if}] [300]: org.thymeleaf.standard.processor.StandardIfTagProcessor
[THYMELEAF]             * [* {th:unless,data-th-unless}] [400]: org.thymeleaf.standard.processor.StandardUnlessTagProcessor
[THYMELEAF]             * [* {th:object,data-th-object}] [500]: org.thymeleaf.standard.processor.StandardObjectTagProcessor
[THYMELEAF]             * [* {th:with,data-th-with}] [600]: com.intuit.karate.template.KarateWithTagProcessor
[THYMELEAF]             * [* {th:attr,data-th-attr}] [700]: com.intuit.karate.template.KarateAttributeTagProcessor.KarateAttrTagProcessor
[THYMELEAF]             * [* {th:attrappend,data-th-attrappend}] [900]: com.intuit.karate.template.KarateAttributeTagProcessor.KarateAttrappendTagProcessor
[THYMELEAF]             * [* {th:attrprepend,data-th-attrprepend}] [900]: com.intuit.karate.template.KarateAttributeTagProcessor.KarateAttrprependTagProcessor
[THYMELEAF]             * [* {th:alt-title,data-th-alt-title}] [990]: org.thymeleaf.standard.processor.StandardAltTitleTagProcessor
[THYMELEAF]             * [* {th:lang-xmllang,data-th-lang-xmllang}] [990]: org.thymeleaf.standard.processor.StandardLangXmlLangTagProcessor
[THYMELEAF]             * [* {th:action,data-th-action}] [1000]: org.thymeleaf.standard.processor.StandardActionTagProcessor
[THYMELEAF]             * [* {th:defer,data-th-defer}] [1000]: org.thymeleaf.standard.processor.StandardConditionalFixedValueTagProcessor
[THYMELEAF]             * [* {th:controls,data-th-controls}] [1000]: org.thymeleaf.standard.processor.StandardConditionalFixedValueTagProcessor
[THYMELEAF]             * [* {th:nowrap,data-th-nowrap}] [1000]: org.thymeleaf.standard.processor.StandardConditionalFixedValueTagProcessor
[THYMELEAF]             * [* {th:ismap,data-th-ismap}] [1000]: org.thymeleaf.standard.processor.StandardConditionalFixedValueTagProcessor
[THYMELEAF]             * [* {th:open,data-th-open}] [1000]: org.thymeleaf.standard.processor.StandardConditionalFixedValueTagProcessor
[THYMELEAF]             * [* {th:scoped,data-th-scoped}] [1000]: org.thymeleaf.standard.processor.StandardConditionalFixedValueTagProcessor
[THYMELEAF]             * [* {th:default,data-th-default}] [1000]: org.thymeleaf.standard.processor.StandardConditionalFixedValueTagProcessor
[THYMELEAF]             * [* {th:required,data-th-required}] [1000]: org.thymeleaf.standard.processor.StandardConditionalFixedValueTagProcessor
[THYMELEAF]             * [* {th:hidden,data-th-hidden}] [1000]: org.thymeleaf.standard.processor.StandardConditionalFixedValueTagProcessor
[THYMELEAF]             * [* {th:readonly,data-th-readonly}] [1000]: org.thymeleaf.standard.processor.StandardConditionalFixedValueTagProcessor
[THYMELEAF]             * [* {th:async,data-th-async}] [1000]: org.thymeleaf.standard.processor.StandardConditionalFixedValueTagProcessor
[THYMELEAF]             * [* {th:autoplay,data-th-autoplay}] [1000]: org.thymeleaf.standard.processor.StandardConditionalFixedValueTagProcessor
[THYMELEAF]             * [* {th:autofocus,data-th-autofocus}] [1000]: org.thymeleaf.standard.processor.StandardConditionalFixedValueTagProcessor
[THYMELEAF]             * [* {th:loop,data-th-loop}] [1000]: org.thymeleaf.standard.processor.StandardConditionalFixedValueTagProcessor
[THYMELEAF]             * [* {th:selected,data-th-selected}] [1000]: org.thymeleaf.standard.processor.StandardConditionalFixedValueTagProcessor
[THYMELEAF]             * [* {th:reversed,data-th-reversed}] [1000]: org.thymeleaf.standard.processor.StandardConditionalFixedValueTagProcessor
[THYMELEAF]             * [* {th:pubdate,data-th-pubdate}] [1000]: org.thymeleaf.standard.processor.StandardConditionalFixedValueTagProcessor
[THYMELEAF]             * [* {th:disabled,data-th-disabled}] [1000]: org.thymeleaf.standard.processor.StandardConditionalFixedValueTagProcessor
[THYMELEAF]             * [* {th:formnovalidate,data-th-formnovalidate}] [1000]: org.thymeleaf.standard.processor.StandardConditionalFixedValueTagProcessor
[THYMELEAF]             * [* {th:seamless,data-th-seamless}] [1000]: org.thymeleaf.standard.processor.StandardConditionalFixedValueTagProcessor
[THYMELEAF]             * [* {th:novalidate,data-th-novalidate}] [1000]: org.thymeleaf.standard.processor.StandardConditionalFixedValueTagProcessor
[THYMELEAF]             * [* {th:multiple,data-th-multiple}] [1000]: org.thymeleaf.standard.processor.StandardConditionalFixedValueTagProcessor
[THYMELEAF]             * [* {th:checked,data-th-checked}] [1000]: org.thymeleaf.standard.processor.StandardConditionalFixedValueTagProcessor
[THYMELEAF]             * [* {th:declare,data-th-declare}] [1000]: org.thymeleaf.standard.processor.StandardConditionalFixedValueTagProcessor
[THYMELEAF]             * [* {th:onratechange,data-th-onratechange}] [1000]: org.thymeleaf.standard.processor.StandardDOMEventAttributeTagProcessor
[THYMELEAF]             * [* {th:onbeforeunload,data-th-onbeforeunload}] [1000]: org.thymeleaf.standard.processor.StandardDOMEventAttributeTagProcessor
[THYMELEAF]             * [* {th:onmouseover,data-th-onmouseover}] [1000]: org.thymeleaf.standard.processor.StandardDOMEventAttributeTagProcessor
[THYMELEAF]             * [* {th:onmousewheel,data-th-onmousewheel}] [1000]: org.thymeleaf.standard.processor.StandardDOMEventAttributeTagProcessor
[THYMELEAF]             * [* {th:onmousedown,data-th-onmousedown}] [1000]: org.thymeleaf.standard.processor.StandardDOMEventAttributeTagProcessor
[THYMELEAF]             * [* {th:onloadstart,data-th-onloadstart}] [1000]: org.thymeleaf.standard.processor.StandardDOMEventAttributeTagProcessor
[THYMELEAF]             * [* {th:onoffline,data-th-onoffline}] [1000]: org.thymeleaf.standard.processor.StandardDOMEventAttributeTagProcessor
[THYMELEAF]             * [* {th:onerror,data-th-onerror}] [1000]: org.thymeleaf.standard.processor.StandardDOMEventAttributeTagProcessor
[THYMELEAF]             * [* {th:onabort,data-th-onabort}] [1000]: org.thymeleaf.standard.processor.StandardDOMEventAttributeTagProcessor
[THYMELEAF]             * [* {th:onplay,data-th-onplay}] [1000]: org.thymeleaf.standard.processor.StandardDOMEventAttributeTagProcessor
[THYMELEAF]             * [* {th:onresize,data-th-onresize}] [1000]: org.thymeleaf.standard.processor.StandardDOMEventAttributeTagProcessor
[THYMELEAF]             * [* {th:oninput,data-th-oninput}] [1000]: org.thymeleaf.standard.processor.StandardDOMEventAttributeTagProcessor
[THYMELEAF]             * [* {th:onseeked,data-th-onseeked}] [1000]: org.thymeleaf.standard.processor.StandardDOMEventAttributeTagProcessor
[THYMELEAF]             * [* {th:onended,data-th-onended}] [1000]: org.thymeleaf.standard.processor.StandardDOMEventAttributeTagProcessor
[THYMELEAF]             * [* {th:onloadedmetadata,data-th-onloadedmetadata}] [1000]: org.thymeleaf.standard.processor.StandardDOMEventAttributeTagProcessor
[THYMELEAF]             * [* {th:onkeypress,data-th-onkeypress}] [1000]: org.thymeleaf.standard.processor.StandardDOMEventAttributeTagProcessor
[THYMELEAF]             * [* {th:onblur,data-th-onblur}] [1000]: org.thymeleaf.standard.processor.StandardDOMEventAttributeTagProcessor
[THYMELEAF]             * [* {th:oncontextmenu,data-th-oncontextmenu}] [1000]: org.thymeleaf.standard.processor.StandardDOMEventAttributeTagProcessor
[THYMELEAF]             * [* {th:ondrag,data-th-ondrag}] [1000]: org.thymeleaf.standard.processor.StandardDOMEventAttributeTagProcessor
[THYMELEAF]             * [* {th:onmouseout,data-th-onmouseout}] [1000]: org.thymeleaf.standard.processor.StandardDOMEventAttributeTagProcessor
[THYMELEAF]             * [* {th:onkeydown,data-th-onkeydown}] [1000]: org.thymeleaf.standard.processor.StandardDOMEventAttributeTagProcessor
[THYMELEAF]             * [* {th:onpopstate,data-th-onpopstate}] [1000]: org.thymeleaf.standard.processor.StandardDOMEventAttributeTagProcessor
[THYMELEAF]             * [* {th:onformchange,data-th-onformchange}] [1000]: org.thymeleaf.standard.processor.StandardDOMEventAttributeTagProcessor
[THYMELEAF]             * [* {th:ondragend,data-th-ondragend}] [1000]: org.thymeleaf.standard.processor.StandardDOMEventAttributeTagProcessor
[THYMELEAF]             * [* {th:onkeyup,data-th-onkeyup}] [1000]: org.thymeleaf.standard.processor.StandardDOMEventAttributeTagProcessor
[THYMELEAF]             * [* {th:ontimeupdate,data-th-ontimeupdate}] [1000]: org.thymeleaf.standard.processor.StandardDOMEventAttributeTagProcessor
[THYMELEAF]             * [* {th:ondblclick,data-th-ondblclick}] [1000]: org.thymeleaf.standard.processor.StandardDOMEventAttributeTagProcessor
[THYMELEAF]             * [* {th:ondragover,data-th-ondragover}] [1000]: org.thymeleaf.standard.processor.StandardDOMEventAttributeTagProcessor
[THYMELEAF]             * [* {th:onundo,data-th-onundo}] [1000]: org.thymeleaf.standard.processor.StandardDOMEventAttributeTagProcessor
[THYMELEAF]             * [* {th:onmessage,data-th-onmessage}] [1000]: org.thymeleaf.standard.processor.StandardDOMEventAttributeTagProcessor
[THYMELEAF]             * [* {th:onload,data-th-onload}] [1000]: org.thymeleaf.standard.processor.StandardDOMEventAttributeTagProcessor
[THYMELEAF]             * [* {th:ondragenter,data-th-ondragenter}] [1000]: org.thymeleaf.standard.processor.StandardDOMEventAttributeTagProcessor
[THYMELEAF]             * [* {th:oncanplaythrough,data-th-oncanplaythrough}] [1000]: org.thymeleaf.standard.processor.StandardDOMEventAttributeTagProcessor
[THYMELEAF]             * [* {th:onstorage,data-th-onstorage}] [1000]: org.thymeleaf.standard.processor.StandardDOMEventAttributeTagProcessor
[THYMELEAF]             * [* {th:onforminput,data-th-onforminput}] [1000]: org.thymeleaf.standard.processor.StandardDOMEventAttributeTagProcessor
[THYMELEAF]             * [* {th:onseeking,data-th-onseeking}] [1000]: org.thymeleaf.standard.processor.StandardDOMEventAttributeTagProcessor
[THYMELEAF]             * [* {th:oninvalid,data-th-oninvalid}] [1000]: org.thymeleaf.standard.processor.StandardDOMEventAttributeTagProcessor
[THYMELEAF]             * [* {th:oncanplay,data-th-oncanplay}] [1000]: org.thymeleaf.standard.processor.StandardDOMEventAttributeTagProcessor
[THYMELEAF]             * [* {th:onfocus,data-th-onfocus}] [1000]: org.thymeleaf.standard.processor.StandardDOMEventAttributeTagProcessor
[THYMELEAF]             * [* {th:onemptied,data-th-onemptied}] [1000]: org.thymeleaf.standard.processor.StandardDOMEventAttributeTagProcessor
[THYMELEAF]             * [* {th:ondrop,data-th-ondrop}] [1000]: org.thymeleaf.standard.processor.StandardDOMEventAttributeTagProcessor
[THYMELEAF]             * [* {th:onunload,data-th-onunload}] [1000]: org.thymeleaf.standard.processor.StandardDOMEventAttributeTagProcessor
[THYMELEAF]             * [* {th:onprogress,data-th-onprogress}] [1000]: org.thymeleaf.standard.processor.StandardDOMEventAttributeTagProcessor
[THYMELEAF]             * [* {th:onselect,data-th-onselect}] [1000]: org.thymeleaf.standard.processor.StandardDOMEventAttributeTagProcessor
[THYMELEAF]             * [* {th:onscroll,data-th-onscroll}] [1000]: org.thymeleaf.standard.processor.StandardDOMEventAttributeTagProcessor
[THYMELEAF]             * [* {th:ondragstart,data-th-ondragstart}] [1000]: org.thymeleaf.standard.processor.StandardDOMEventAttributeTagProcessor
[THYMELEAF]             * [* {th:ondurationchange,data-th-ondurationchange}] [1000]: org.thymeleaf.standard.processor.StandardDOMEventAttributeTagProcessor
[THYMELEAF]             * [* {th:onloadeddata,data-th-onloadeddata}] [1000]: org.thymeleaf.standard.processor.StandardDOMEventAttributeTagProcessor
[THYMELEAF]             * [* {th:onreset,data-th-onreset}] [1000]: org.thymeleaf.standard.processor.StandardDOMEventAttributeTagProcessor
[THYMELEAF]             * [* {th:onstalled,data-th-onstalled}] [1000]: org.thymeleaf.standard.processor.StandardDOMEventAttributeTagProcessor
[THYMELEAF]             * [* {th:onchange,data-th-onchange}] [1000]: org.thymeleaf.standard.processor.StandardDOMEventAttributeTagProcessor
[THYMELEAF]             * [* {th:onmouseup,data-th-onmouseup}] [1000]: org.thymeleaf.standard.processor.StandardDOMEventAttributeTagProcessor
[THYMELEAF]             * [* {th:onafterprint,data-th-onafterprint}] [1000]: org.thymeleaf.standard.processor.StandardDOMEventAttributeTagProcessor
[THYMELEAF]             * [* {th:onpause,data-th-onpause}] [1000]: org.thymeleaf.standard.processor.StandardDOMEventAttributeTagProcessor
[THYMELEAF]             * [* {th:onwaiting,data-th-onwaiting}] [1000]: org.thymeleaf.standard.processor.StandardDOMEventAttributeTagProcessor
[THYMELEAF]             * [* {th:onredo,data-th-onredo}] [1000]: org.thymeleaf.standard.processor.StandardDOMEventAttributeTagProcessor
[THYMELEAF]             * [* {th:onshow,data-th-onshow}] [1000]: org.thymeleaf.standard.processor.StandardDOMEventAttributeTagProcessor
[THYMELEAF]             * [* {th:onbeforeprint,data-th-onbeforeprint}] [1000]: org.thymeleaf.standard.processor.StandardDOMEventAttributeTagProcessor
[THYMELEAF]             * [* {th:onsubmit,data-th-onsubmit}] [1000]: org.thymeleaf.standard.processor.StandardDOMEventAttributeTagProcessor
[THYMELEAF]             * [* {th:onsuspend,data-th-onsuspend}] [1000]: org.thymeleaf.standard.processor.StandardDOMEventAttributeTagProcessor
[THYMELEAF]             * [* {th:onplaying,data-th-onplaying}] [1000]: org.thymeleaf.standard.processor.StandardDOMEventAttributeTagProcessor
[THYMELEAF]             * [* {th:ondragleave,data-th-ondragleave}] [1000]: org.thymeleaf.standard.processor.StandardDOMEventAttributeTagProcessor
[THYMELEAF]             * [* {th:onmousemove,data-th-onmousemove}] [1000]: org.thymeleaf.standard.processor.StandardDOMEventAttributeTagProcessor
[THYMELEAF]             * [* {th:onhashchange,data-th-onhashchange}] [1000]: org.thymeleaf.standard.processor.StandardDOMEventAttributeTagProcessor
[THYMELEAF]             * [* {th:onreadystatechange,data-th-onreadystatechange}] [1000]: org.thymeleaf.standard.processor.StandardDOMEventAttributeTagProcessor
[THYMELEAF]             * [* {th:onvolumechange,data-th-onvolumechange}] [1000]: org.thymeleaf.standard.processor.StandardDOMEventAttributeTagProcessor
[THYMELEAF]             * [* {th:ononline,data-th-ononline}] [1000]: org.thymeleaf.standard.processor.StandardDOMEventAttributeTagProcessor
[THYMELEAF]             * [* {th:onclick,data-th-onclick}] [1000]: org.thymeleaf.standard.processor.StandardDOMEventAttributeTagProcessor
[THYMELEAF]             * [* {th:href,data-th-href}] [1000]: org.thymeleaf.standard.processor.StandardHrefTagProcessor
[THYMELEAF]             * [* {th:inline,data-th-inline}] [1000]: org.thymeleaf.standard.processor.StandardInlineHTMLTagProcessor
[THYMELEAF]             * [* {th:method,data-th-method}] [1000]: org.thymeleaf.standard.processor.StandardMethodTagProcessor
[THYMELEAF]             * [* {th:type,data-th-type}] [1000]: org.thymeleaf.standard.processor.StandardNonRemovableAttributeTagProcessor
[THYMELEAF]             * [* {th:name,data-th-name}] [1000]: org.thymeleaf.standard.processor.StandardNonRemovableAttributeTagProcessor
[THYMELEAF]             * [* {th:style,data-th-style}] [1000]: org.thymeleaf.standard.processor.StandardRemovableAttributeTagProcessor
[THYMELEAF]             * [* {th:rev,data-th-rev}] [1000]: org.thymeleaf.standard.processor.StandardRemovableAttributeTagProcessor
[THYMELEAF]             * [* {th:marginwidth,data-th-marginwidth}] [1000]: org.thymeleaf.standard.processor.StandardRemovableAttributeTagProcessor
[THYMELEAF]             * [* {th:scope,data-th-scope}] [1000]: org.thymeleaf.standard.processor.StandardRemovableAttributeTagProcessor
[THYMELEAF]             * [* {th:rowspan,data-th-rowspan}] [1000]: org.thymeleaf.standard.processor.StandardRemovableAttributeTagProcessor
[THYMELEAF]             * [* {th:dir,data-th-dir}] [1000]: org.thymeleaf.standard.processor.StandardRemovableAttributeTagProcessor
[THYMELEAF]             * [* {th:media,data-th-media}] [1000]: org.thymeleaf.standard.processor.StandardRemovableAttributeTagProcessor
[THYMELEAF]             * [* {th:sandbox,data-th-sandbox}] [1000]: org.thymeleaf.standard.processor.StandardRemovableAttributeTagProcessor
[THYMELEAF]             * [* {th:border,data-th-border}] [1000]: org.thymeleaf.standard.processor.StandardRemovableAttributeTagProcessor
[THYMELEAF]             * [* {th:max,data-th-max}] [1000]: org.thymeleaf.standard.processor.StandardRemovableAttributeTagProcessor
[THYMELEAF]             * [* {th:cite,data-th-cite}] [1000]: org.thymeleaf.standard.processor.StandardRemovableAttributeTagProcessor
[THYMELEAF]             * [* {th:bgcolor,data-th-bgcolor}] [1000]: org.thymeleaf.standard.processor.StandardRemovableAttributeTagProcessor
[THYMELEAF]             * [* {th:radiogroup,data-th-radiogroup}] [1000]: org.thymeleaf.standard.processor.StandardRemovableAttributeTagProcessor
[THYMELEAF]             * [* {th:accept-charset,data-th-accept-charset}] [1000]: org.thymeleaf.standard.processor.StandardRemovableAttributeTagProcessor
[THYMELEAF]             * [* {th:marginheight,data-th-marginheight}] [1000]: org.thymeleaf.standard.processor.StandardRemovableAttributeTagProcessor
[THYMELEAF]             * [* {th:usemap,data-th-usemap}] [1000]: org.thymeleaf.standard.processor.StandardRemovableAttributeTagProcessor
[THYMELEAF]             * [* {th:longdesc,data-th-longdesc}] [1000]: org.thymeleaf.standard.processor.StandardRemovableAttributeTagProcessor
[THYMELEAF]             * [* {th:frame,data-th-frame}] [1000]: org.thymeleaf.standard.processor.StandardRemovableAttributeTagProcessor
[THYMELEAF]             * [* {th:wrap,data-th-wrap}] [1000]: org.thymeleaf.standard.processor.StandardRemovableAttributeTagProcessor
[THYMELEAF]             * [* {th:cellpadding,data-th-cellpadding}] [1000]: org.thymeleaf.standard.processor.StandardRemovableAttributeTagProcessor
[THYMELEAF]             * [* {th:axis,data-th-axis}] [1000]: org.thymeleaf.standard.processor.StandardRemovableAttributeTagProcessor
[THYMELEAF]             * [* {th:contextmenu,data-th-contextmenu}] [1000]: org.thymeleaf.standard.processor.StandardRemovableAttributeTagProcessor
[THYMELEAF]             * [* {th:class,data-th-class}] [1000]: org.thymeleaf.standard.processor.StandardRemovableAttributeTagProcessor
[THYMELEAF]             * [* {th:label,data-th-label}] [1000]: org.thymeleaf.standard.processor.StandardRemovableAttributeTagProcessor
[THYMELEAF]             * [* {th:id,data-th-id}] [1000]: org.thymeleaf.standard.processor.StandardRemovableAttributeTagProcessor
[THYMELEAF]             * [* {th:cellspacing,data-th-cellspacing}] [1000]: org.thymeleaf.standard.processor.StandardRemovableAttributeTagProcessor
[THYMELEAF]             * [* {th:vspace,data-th-vspace}] [1000]: org.thymeleaf.standard.processor.StandardRemovableAttributeTagProcessor
[THYMELEAF]             * [* {th:placeholder,data-th-placeholder}] [1000]: org.thymeleaf.standard.processor.StandardRemovableAttributeTagProcessor
[THYMELEAF]             * [* {th:codebase,data-th-codebase}] [1000]: org.thymeleaf.standard.processor.StandardRemovableAttributeTagProcessor
[THYMELEAF]             * [* {th:tabindex,data-th-tabindex}] [1000]: org.thymeleaf.standard.processor.StandardRemovableAttributeTagProcessor
[THYMELEAF]             * [* {th:rules,data-th-rules}] [1000]: org.thymeleaf.standard.processor.StandardRemovableAttributeTagProcessor
[THYMELEAF]             * [* {th:cols,data-th-cols}] [1000]: org.thymeleaf.standard.processor.StandardRemovableAttributeTagProcessor
[THYMELEAF]             * [* {th:formaction,data-th-formaction}] [1000]: org.thymeleaf.standard.processor.StandardRemovableAttributeTagProcessor
[THYMELEAF]             * [* {th:accesskey,data-th-accesskey}] [1000]: org.thymeleaf.standard.processor.StandardRemovableAttributeTagProcessor
[THYMELEAF]             * [* {th:http-equiv,data-th-http-equiv}] [1000]: org.thymeleaf.standard.processor.StandardRemovableAttributeTagProcessor
[THYMELEAF]             * [* {th:standby,data-th-standby}] [1000]: org.thymeleaf.standard.processor.StandardRemovableAttributeTagProcessor
[THYMELEAF]             * [* {th:contenteditable,data-th-contenteditable}] [1000]: org.thymeleaf.standard.processor.StandardRemovableAttributeTagProcessor
[THYMELEAF]             * [* {th:size,data-th-size}] [1000]: org.thymeleaf.standard.processor.StandardRemovableAttributeTagProcessor
[THYMELEAF]             * [* {th:scrolling,data-th-scrolling}] [1000]: org.thymeleaf.standard.processor.StandardRemovableAttributeTagProcessor
[THYMELEAF]             * [* {th:step,data-th-step}] [1000]: org.thymeleaf.standard.processor.StandardRemovableAttributeTagProcessor
[THYMELEAF]             * [* {th:enctype,data-th-enctype}] [1000]: org.thymeleaf.standard.processor.StandardRemovableAttributeTagProcessor
[THYMELEAF]             * [* {th:poster,data-th-poster}] [1000]: org.thymeleaf.standard.processor.StandardRemovableAttributeTagProcessor
[THYMELEAF]             * [* {th:optimum,data-th-optimum}] [1000]: org.thymeleaf.standard.processor.StandardRemovableAttributeTagProcessor
[THYMELEAF]             * [* {th:form,data-th-form}] [1000]: org.thymeleaf.standard.processor.StandardRemovableAttributeTagProcessor
[THYMELEAF]             * [* {th:width,data-th-width}] [1000]: org.thymeleaf.standard.processor.StandardRemovableAttributeTagProcessor
[THYMELEAF]             * [* {th:data,data-th-data}] [1000]: org.thymeleaf.standard.processor.StandardRemovableAttributeTagProcessor
[THYMELEAF]             * [* {th:keytype,data-th-keytype}] [1000]: org.thymeleaf.standard.processor.StandardRemovableAttributeTagProcessor
[THYMELEAF]             * [* {th:scheme,data-th-scheme}] [1000]: org.thymeleaf.standard.processor.StandardRemovableAttributeTagProcessor
[THYMELEAF]             * [* {th:srclang,data-th-srclang}] [1000]: org.thymeleaf.standard.processor.StandardRemovableAttributeTagProcessor
[THYMELEAF]             * [* {th:formenctype,data-th-formenctype}] [1000]: org.thymeleaf.standard.processor.StandardRemovableAttributeTagProcessor
[THYMELEAF]             * [* {th:span,data-th-span}] [1000]: org.thymeleaf.standard.processor.StandardRemovableAttributeTagProcessor
[THYMELEAF]             * [* {th:colspan,data-th-colspan}] [1000]: org.thymeleaf.standard.processor.StandardRemovableAttributeTagProcessor
[THYMELEAF]             * [* {th:compact,data-th-compact}] [1000]: org.thymeleaf.standard.processor.StandardRemovableAttributeTagProcessor
[THYMELEAF]             * [* {th:classid,data-th-classid}] [1000]: org.thymeleaf.standard.processor.StandardRemovableAttributeTagProcessor
[THYMELEAF]             * [* {th:datetime,data-th-datetime}] [1000]: org.thymeleaf.standard.processor.StandardRemovableAttributeTagProcessor
[THYMELEAF]             * [* {th:hreflang,data-th-hreflang}] [1000]: org.thymeleaf.standard.processor.StandardRemovableAttributeTagProcessor
[THYMELEAF]             * [* {th:alt,data-th-alt}] [1000]: org.thymeleaf.standard.processor.StandardRemovableAttributeTagProcessor
[THYMELEAF]             * [* {th:min,data-th-min}] [1000]: org.thymeleaf.standard.processor.StandardRemovableAttributeTagProcessor
[THYMELEAF]             * [* {th:valuetype,data-th-valuetype}] [1000]: org.thymeleaf.standard.processor.StandardRemovableAttributeTagProcessor
[THYMELEAF]             * [* {th:maxlength,data-th-maxlength}] [1000]: org.thymeleaf.standard.processor.StandardRemovableAttributeTagProcessor
[THYMELEAF]             * [* {th:align,data-th-align}] [1000]: org.thymeleaf.standard.processor.StandardRemovableAttributeTagProcessor
[THYMELEAF]             * [* {th:height,data-th-height}] [1000]: org.thymeleaf.standard.processor.StandardRemovableAttributeTagProcessor
[THYMELEAF]             * [* {th:archive,data-th-archive}] [1000]: org.thymeleaf.standard.processor.StandardRemovableAttributeTagProcessor
[THYMELEAF]             * [* {th:icon,data-th-icon}] [1000]: org.thymeleaf.standard.processor.StandardRemovableAttributeTagProcessor
[THYMELEAF]             * [* {th:headers,data-th-headers}] [1000]: org.thymeleaf.standard.processor.StandardRemovableAttributeTagProcessor
[THYMELEAF]             * [* {th:for,data-th-for}] [1000]: org.thymeleaf.standard.processor.StandardRemovableAttributeTagProcessor
[THYMELEAF]             * [* {th:high,data-th-high}] [1000]: org.thymeleaf.standard.processor.StandardRemovableAttributeTagProcessor
[THYMELEAF]             * [* {th:manifest,data-th-manifest}] [1000]: org.thymeleaf.standard.processor.StandardRemovableAttributeTagProcessor
[THYMELEAF]             * [* {th:start,data-th-start}] [1000]: org.thymeleaf.standard.processor.StandardRemovableAttributeTagProcessor
[THYMELEAF]             * [* {th:challenge,data-th-challenge}] [1000]: org.thymeleaf.standard.processor.StandardRemovableAttributeTagProcessor
[THYMELEAF]             * [* {th:audio,data-th-audio}] [1000]: org.thymeleaf.standard.processor.StandardRemovableAttributeTagProcessor
[THYMELEAF]             * [* {th:hspace,data-th-hspace}] [1000]: org.thymeleaf.standard.processor.StandardRemovableAttributeTagProcessor
[THYMELEAF]             * [* {th:autocomplete,data-th-autocomplete}] [1000]: org.thymeleaf.standard.processor.StandardRemovableAttributeTagProcessor
[THYMELEAF]             * [* {th:lang,data-th-lang}] [1000]: org.thymeleaf.standard.processor.StandardRemovableAttributeTagProcessor
[THYMELEAF]             * [* {th:list,data-th-list}] [1000]: org.thymeleaf.standard.processor.StandardRemovableAttributeTagProcessor
[THYMELEAF]             * [* {th:draggable,data-th-draggable}] [1000]: org.thymeleaf.standard.processor.StandardRemovableAttributeTagProcessor
[THYMELEAF]             * [* {th:formmethod,data-th-formmethod}] [1000]: org.thymeleaf.standard.processor.StandardRemovableAttributeTagProcessor
[THYMELEAF]             * [* {th:frameborder,data-th-frameborder}] [1000]: org.thymeleaf.standard.processor.StandardRemovableAttributeTagProcessor
[THYMELEAF]             * [* {th:dropzone,data-th-dropzone}] [1000]: org.thymeleaf.standard.processor.StandardRemovableAttributeTagProcessor
[THYMELEAF]             * [* {th:rel,data-th-rel}] [1000]: org.thymeleaf.standard.processor.StandardRemovableAttributeTagProcessor
[THYMELEAF]             * [* {th:abbr,data-th-abbr}] [1000]: org.thymeleaf.standard.processor.StandardRemovableAttributeTagProcessor
[THYMELEAF]             * [* {th:summary,data-th-summary}] [1000]: org.thymeleaf.standard.processor.StandardRemovableAttributeTagProcessor
[THYMELEAF]             * [* {th:charset,data-th-charset}] [1000]: org.thymeleaf.standard.processor.StandardRemovableAttributeTagProcessor
[THYMELEAF]             * [* {th:target,data-th-target}] [1000]: org.thymeleaf.standard.processor.StandardRemovableAttributeTagProcessor
[THYMELEAF]             * [* {th:kind,data-th-kind}] [1000]: org.thymeleaf.standard.processor.StandardRemovableAttributeTagProcessor
[THYMELEAF]             * [* {th:formtarget,data-th-formtarget}] [1000]: org.thymeleaf.standard.processor.StandardRemovableAttributeTagProcessor
[THYMELEAF]             * [* {th:background,data-th-background}] [1000]: org.thymeleaf.standard.processor.StandardRemovableAttributeTagProcessor
[THYMELEAF]             * [* {th:preload,data-th-preload}] [1000]: org.thymeleaf.standard.processor.StandardRemovableAttributeTagProcessor
[THYMELEAF]             * [* {th:content,data-th-content}] [1000]: org.thymeleaf.standard.processor.StandardRemovableAttributeTagProcessor
[THYMELEAF]             * [* {th:rows,data-th-rows}] [1000]: org.thymeleaf.standard.processor.StandardRemovableAttributeTagProcessor
[THYMELEAF]             * [* {th:spellcheck,data-th-spellcheck}] [1000]: org.thymeleaf.standard.processor.StandardRemovableAttributeTagProcessor
[THYMELEAF]             * [* {th:pattern,data-th-pattern}] [1000]: org.thymeleaf.standard.processor.StandardRemovableAttributeTagProcessor
[THYMELEAF]             * [* {th:title,data-th-title}] [1000]: org.thymeleaf.standard.processor.StandardRemovableAttributeTagProcessor
[THYMELEAF]             * [* {th:accept,data-th-accept}] [1000]: org.thymeleaf.standard.processor.StandardRemovableAttributeTagProcessor
[THYMELEAF]             * [* {th:low,data-th-low}] [1000]: org.thymeleaf.standard.processor.StandardRemovableAttributeTagProcessor
[THYMELEAF]             * [* {th:codetype,data-th-codetype}] [1000]: org.thymeleaf.standard.processor.StandardRemovableAttributeTagProcessor
[THYMELEAF]             * [* {th:sizes,data-th-sizes}] [1000]: org.thymeleaf.standard.processor.StandardRemovableAttributeTagProcessor
[THYMELEAF]             * [* {th:src,data-th-src}] [1000]: org.thymeleaf.standard.processor.StandardSrcTagProcessor
[THYMELEAF]             * [* {th:value,data-th-value}] [1000]: org.thymeleaf.standard.processor.StandardValueTagProcessor
[THYMELEAF]             * [* {th:xmlbase,data-th-xmlbase}] [1000]: org.thymeleaf.standard.processor.StandardXmlBaseTagProcessor
[THYMELEAF]             * [* {th:xmllang,data-th-xmllang}] [1000]: org.thymeleaf.standard.processor.StandardXmlLangTagProcessor
[THYMELEAF]             * [* {xmlns:th}] [1000]: org.thymeleaf.standard.processor.StandardXmlNsTagProcessor
[THYMELEAF]             * [* {th:xmlspace,data-th-xmlspace}] [1000]: org.thymeleaf.standard.processor.StandardXmlSpaceTagProcessor
[THYMELEAF]             * [* {th:classappend,data-th-classappend}] [1100]: org.thymeleaf.standard.processor.StandardClassappendTagProcessor
[THYMELEAF]             * [* {th:styleappend,data-th-styleappend}] [1100]: org.thymeleaf.standard.processor.StandardStyleappendTagProcessor
[THYMELEAF]             * [* {th:text,data-th-text}] [1300]: org.thymeleaf.standard.processor.StandardTextTagProcessor
[THYMELEAF]             * [* {th:utext,data-th-utext}] [1400]: org.thymeleaf.standard.processor.StandardUtextTagProcessor
[THYMELEAF]             * [* {th:fragment,data-th-fragment}] [1500]: org.thymeleaf.standard.processor.StandardFragmentTagProcessor
[THYMELEAF]             * [* {th:assert,data-th-assert}] [1550]: org.thymeleaf.standard.processor.StandardAssertTagProcessor
[THYMELEAF]             * [* {th:remove,data-th-remove}] [1600]: org.thymeleaf.standard.processor.StandardRemoveTagProcessor
[THYMELEAF]             * [* {th:ref,data-th-ref}] [10000]: org.thymeleaf.standard.processor.StandardRefAttributeTagProcessor
[THYMELEAF]             * [{th:block,th-block} *] [100000]: org.thymeleaf.standard.processor.StandardBlockTagProcessor
[THYMELEAF]             * [* th:*] [2147483647]: org.thymeleaf.standard.processor.StandardDefaultAttributesTagProcessor
[THYMELEAF]         * Text Processors by [precedence]:
[THYMELEAF]             * [1000]: org.thymeleaf.standard.processor.StandardInliningTextProcessor
[THYMELEAF]         * DOCTYPE Processors by [precedence]:
[THYMELEAF]             * [1000]: org.thymeleaf.standard.processor.StandardTranslationDocTypeProcessor
[THYMELEAF]         * CDATA Section Processors by [precedence]:
[THYMELEAF]             * [1000]: org.thymeleaf.standard.processor.StandardInliningCDATASectionProcessor
[THYMELEAF]         * Comment Processors by [precedence]:
[THYMELEAF]             * [1000]: org.thymeleaf.standard.processor.StandardInliningCommentProcessor
[THYMELEAF]             * [1100]: org.thymeleaf.standard.processor.StandardConditionalCommentProcessor
[THYMELEAF]     * Processors for Template Mode: XML
[THYMELEAF]         * Element Tag Processors by [matching element and attribute name] [precedence]:
[THYMELEAF]             * [* {th:include}] [100]: org.thymeleaf.standard.processor.StandardIncludeTagProcessor
[THYMELEAF]             * [* {th:insert}] [100]: org.thymeleaf.standard.processor.StandardInsertTagProcessor
[THYMELEAF]             * [* {th:replace}] [100]: org.thymeleaf.standard.processor.StandardReplaceTagProcessor
[THYMELEAF]             * [* {th:each}] [200]: com.intuit.karate.template.KarateEachTagProcessor
[THYMELEAF]             * [* {th:switch}] [250]: org.thymeleaf.standard.processor.StandardSwitchTagProcessor
[THYMELEAF]             * [* {th:case}] [275]: org.thymeleaf.standard.processor.StandardCaseTagProcessor
[THYMELEAF]             * [* {th:if}] [300]: org.thymeleaf.standard.processor.StandardIfTagProcessor
[THYMELEAF]             * [* {th:unless}] [400]: org.thymeleaf.standard.processor.StandardUnlessTagProcessor
[THYMELEAF]             * [* {th:object}] [500]: org.thymeleaf.standard.processor.StandardObjectTagProcessor
[THYMELEAF]             * [* {th:with}] [600]: com.intuit.karate.template.KarateWithTagProcessor
[THYMELEAF]             * [* {th:attr}] [700]: com.intuit.karate.template.KarateAttributeTagProcessor.KarateAttrTagProcessor
[THYMELEAF]             * [* {th:attrappend}] [900]: com.intuit.karate.template.KarateAttributeTagProcessor.KarateAttrappendTagProcessor
[THYMELEAF]             * [* {th:attrprepend}] [900]: com.intuit.karate.template.KarateAttributeTagProcessor.KarateAttrprependTagProcessor
[THYMELEAF]             * [* {th:inline}] [1000]: org.thymeleaf.standard.processor.StandardInlineXMLTagProcessor
[THYMELEAF]             * [* {xmlns:th}] [1000]: org.thymeleaf.standard.processor.StandardXmlNsTagProcessor
[THYMELEAF]             * [* {th:text}] [1300]: org.thymeleaf.standard.processor.StandardTextTagProcessor
[THYMELEAF]             * [* {th:utext}] [1400]: org.thymeleaf.standard.processor.StandardUtextTagProcessor
[THYMELEAF]             * [* {th:fragment}] [1500]: org.thymeleaf.standard.processor.StandardFragmentTagProcessor
[THYMELEAF]             * [* {th:assert}] [1550]: org.thymeleaf.standard.processor.StandardAssertTagProcessor
[THYMELEAF]             * [* {th:remove}] [1600]: org.thymeleaf.standard.processor.StandardRemoveTagProcessor
[THYMELEAF]             * [* {th:ref}] [10000]: org.thymeleaf.standard.processor.StandardRefAttributeTagProcessor
[THYMELEAF]             * [{th:block} *] [100000]: org.thymeleaf.standard.processor.StandardBlockTagProcessor
[THYMELEAF]             * [* th:*] [2147483647]: org.thymeleaf.standard.processor.StandardDefaultAttributesTagProcessor
[THYMELEAF]         * Text Processors by [precedence]:
[THYMELEAF]             * [1000]: org.thymeleaf.standard.processor.StandardInliningTextProcessor
[THYMELEAF]         * CDATA Section Processors by [precedence]:
[THYMELEAF]             * [1000]: org.thymeleaf.standard.processor.StandardInliningCDATASectionProcessor
[THYMELEAF]         * Comment Processors by [precedence]:
[THYMELEAF]             * [1000]: org.thymeleaf.standard.processor.StandardInliningCommentProcessor
[THYMELEAF]     * Processors for Template Mode: TEXT
[THYMELEAF]         * Element Tag Processors by [matching element and attribute name] [precedence]:
[THYMELEAF]             * [* {th:insert}] [100]: org.thymeleaf.standard.processor.StandardInsertTagProcessor
[THYMELEAF]             * [* {th:replace}] [100]: org.thymeleaf.standard.processor.StandardReplaceTagProcessor
[THYMELEAF]             * [* {th:each}] [200]: com.intuit.karate.template.KarateEachTagProcessor
[THYMELEAF]             * [* {th:switch}] [250]: org.thymeleaf.standard.processor.StandardSwitchTagProcessor
[THYMELEAF]             * [* {th:case}] [275]: org.thymeleaf.standard.processor.StandardCaseTagProcessor
[THYMELEAF]             * [* {th:if}] [300]: org.thymeleaf.standard.processor.StandardIfTagProcessor
[THYMELEAF]             * [* {th:unless}] [400]: org.thymeleaf.standard.processor.StandardUnlessTagProcessor
[THYMELEAF]             * [* {th:object}] [500]: org.thymeleaf.standard.processor.StandardObjectTagProcessor
[THYMELEAF]             * [* {th:with}] [600]: com.intuit.karate.template.KarateWithTagProcessor
[THYMELEAF]             * [* {th:inline}] [1000]: org.thymeleaf.standard.processor.StandardInlineTextualTagProcessor
[THYMELEAF]             * [* {th:text}] [1300]: org.thymeleaf.standard.processor.StandardTextTagProcessor
[THYMELEAF]             * [* {th:utext}] [1400]: org.thymeleaf.standard.processor.StandardUtextTagProcessor
[THYMELEAF]             * [* {th:assert}] [1550]: org.thymeleaf.standard.processor.StandardAssertTagProcessor
[THYMELEAF]             * [* {th:remove}] [1600]: org.thymeleaf.standard.processor.StandardRemoveTagProcessor
[THYMELEAF]             * [* 100000] [org.thymeleaf.standard.processor.StandardBlockTagProcessor]: {}
[THYMELEAF]             * [{th:block} *] [100000]: org.thymeleaf.standard.processor.StandardBlockTagProcessor
[THYMELEAF]         * Text Processors by [precedence]:
[THYMELEAF]             * [1000]: org.thymeleaf.standard.processor.StandardInliningTextProcessor
[THYMELEAF]     * Processors for Template Mode: JAVASCRIPT
[THYMELEAF]         * Element Tag Processors by [matching element and attribute name] [precedence]:
[THYMELEAF]             * [* {th:insert}] [100]: org.thymeleaf.standard.processor.StandardInsertTagProcessor
[THYMELEAF]             * [* {th:replace}] [100]: org.thymeleaf.standard.processor.StandardReplaceTagProcessor
[THYMELEAF]             * [* {th:each}] [200]: com.intuit.karate.template.KarateEachTagProcessor
[THYMELEAF]             * [* {th:switch}] [250]: org.thymeleaf.standard.processor.StandardSwitchTagProcessor
[THYMELEAF]             * [* {th:case}] [275]: org.thymeleaf.standard.processor.StandardCaseTagProcessor
[THYMELEAF]             * [* {th:if}] [300]: org.thymeleaf.standard.processor.StandardIfTagProcessor
[THYMELEAF]             * [* {th:unless}] [400]: org.thymeleaf.standard.processor.StandardUnlessTagProcessor
[THYMELEAF]             * [* {th:object}] [500]: org.thymeleaf.standard.processor.StandardObjectTagProcessor
[THYMELEAF]             * [* {th:with}] [600]: com.intuit.karate.template.KarateWithTagProcessor
[THYMELEAF]             * [* {th:inline}] [1000]: org.thymeleaf.standard.processor.StandardInlineTextualTagProcessor
[THYMELEAF]             * [* {th:text}] [1300]: org.thymeleaf.standard.processor.StandardTextTagProcessor
[THYMELEAF]             * [* {th:utext}] [1400]: org.thymeleaf.standard.processor.StandardUtextTagProcessor
[THYMELEAF]             * [* {th:assert}] [1550]: org.thymeleaf.standard.processor.StandardAssertTagProcessor
[THYMELEAF]             * [* {th:remove}] [1600]: org.thymeleaf.standard.processor.StandardRemoveTagProcessor
[THYMELEAF]             * [{th:block} *] [100000]: org.thymeleaf.standard.processor.StandardBlockTagProcessor
[THYMELEAF]             * [* 100000] [org.thymeleaf.standard.processor.StandardBlockTagProcessor]: {}
[THYMELEAF]         * Text Processors by [precedence]:
[THYMELEAF]             * [1000]: org.thymeleaf.standard.processor.StandardInliningTextProcessor
[THYMELEAF]     * Processors for Template Mode: CSS
[THYMELEAF]         * Element Tag Processors by [matching element and attribute name] [precedence]:
[THYMELEAF]             * [* {th:insert}] [100]: org.thymeleaf.standard.processor.StandardInsertTagProcessor
[THYMELEAF]             * [* {th:replace}] [100]: org.thymeleaf.standard.processor.StandardReplaceTagProcessor
[THYMELEAF]             * [* {th:each}] [200]: com.intuit.karate.template.KarateEachTagProcessor
[THYMELEAF]             * [* {th:switch}] [250]: org.thymeleaf.standard.processor.StandardSwitchTagProcessor
[THYMELEAF]             * [* {th:case}] [275]: org.thymeleaf.standard.processor.StandardCaseTagProcessor
[THYMELEAF]             * [* {th:if}] [300]: org.thymeleaf.standard.processor.StandardIfTagProcessor
[THYMELEAF]             * [* {th:unless}] [400]: org.thymeleaf.standard.processor.StandardUnlessTagProcessor
[THYMELEAF]             * [* {th:object}] [500]: org.thymeleaf.standard.processor.StandardObjectTagProcessor
[THYMELEAF]             * [* {th:with}] [600]: com.intuit.karate.template.KarateWithTagProcessor
[THYMELEAF]             * [* {th:inline}] [1000]: org.thymeleaf.standard.processor.StandardInlineTextualTagProcessor
[THYMELEAF]             * [* {th:text}] [1300]: org.thymeleaf.standard.processor.StandardTextTagProcessor
[THYMELEAF]             * [* {th:utext}] [1400]: org.thymeleaf.standard.processor.StandardUtextTagProcessor
[THYMELEAF]             * [* {th:assert}] [1550]: org.thymeleaf.standard.processor.StandardAssertTagProcessor
[THYMELEAF]             * [* {th:remove}] [1600]: org.thymeleaf.standard.processor.StandardRemoveTagProcessor
[THYMELEAF]             * [* 100000] [org.thymeleaf.standard.processor.StandardBlockTagProcessor]: {}
[THYMELEAF]             * [{th:block} *] [100000]: org.thymeleaf.standard.processor.StandardBlockTagProcessor
[THYMELEAF]         * Text Processors by [precedence]:
[THYMELEAF]             * [1000]: org.thymeleaf.standard.processor.StandardInliningTextProcessor
[THYMELEAF]     * Expression Objects:
[THYMELEAF]         * #ctx
[THYMELEAF]         * #root
[THYMELEAF]         * #vars
[THYMELEAF]         * #object
[THYMELEAF]         * #locale
[THYMELEAF]         * #conversions
[THYMELEAF]         * #uris
[THYMELEAF]         * #temporals
[THYMELEAF]         * #calendars
[THYMELEAF]         * #dates
[THYMELEAF]         * #bools
[THYMELEAF]         * #numbers
[THYMELEAF]         * #objects
[THYMELEAF]         * #strings
[THYMELEAF]         * #arrays
[THYMELEAF]         * #lists
[THYMELEAF]         * #sets
[THYMELEAF]         * #maps
[THYMELEAF]         * #aggregates
[THYMELEAF]         * #messages
[THYMELEAF]         * #ids
[THYMELEAF]         * #execInfo
[THYMELEAF]         * #request
[THYMELEAF]         * #response
[THYMELEAF]         * #session
[THYMELEAF]         * #servletContext
[THYMELEAF]     * Execution Attributes:
[THYMELEAF]         * "StandardExpressionParser": com.intuit.karate.template.KarateStandardDialect@185a0811
[THYMELEAF]         * "StandardJavaScriptSerializer": org.thymeleaf.standard.serializer.StandardJavaScriptSerializer@686fb58a
[THYMELEAF]         * "StandardCSSSerializer": org.thymeleaf.standard.serializer.StandardCSSSerializer@2c4be45f
[THYMELEAF]         * "StandardVariableExpressionEvaluator": com.intuit.karate.template.KarateStandardDialect@185a0811
[THYMELEAF]         * "StandardConversionService": org.thymeleaf.standard.expression.StandardConversionService@4be7acd9
[THYMELEAF] * Dialect [2 of 2]: karate (com.intuit.karate.template.KarateScriptDialect)
[THYMELEAF]     * Prefix: "ka"
[THYMELEAF]     * Processors for Template Mode: HTML
[THYMELEAF]         * Element Tag Processors by [matching element and attribute name] [precedence]:
[THYMELEAF]             * [* {src}] [1000]: com.intuit.karate.template.KaScriptAttrProcessor
[THYMELEAF]         * Element Model Processors by [matching element and attribute name] [precedence]:
[THYMELEAF]             * [{script} {ka:scope,data-ka-scope}] [1000]: com.intuit.karate.template.KaScriptElemProcessor
[THYMELEAF]             * [* {ka:set,data-ka-set}] [1000]: com.intuit.karate.template.KaSetElemProcessor
[THYMELEAF] TEMPLATE ENGINE CONFIGURED OK
23:22:06.960 [main] DEBUG org.thymeleaf.TemplateEngine -- [THYMELEAF] TEMPLATE ENGINE INITIALIZED

HTML report: (paste into browser to view) | Karate version: 1.4.1
file:///C:/Users/monst/karate-tests/target/karate-reports/karate-summary.html
===================================================================

]]></system-out>
    <system-err><![CDATA[ERROR StatusLogger Log4j2 could not find a logging implementation. Please add log4j-core to the classpath. Using SimpleLogger to log to the console...
]]></system-err>
  </testcase>
</testsuite>