<?xml version="1.0" encoding="UTF-8"?>
<testsuite xmlns:xsi="http://www.w3.org/2001/XMLSchema-instance" xsi:noNamespaceSchemaLocation="https://maven.apache.org/surefire/maven-surefire-plugin/xsd/surefire-test-report-3.0.xsd" version="3.0" name="runners.posts.GetPostsFeedExcelTestRunner" time="8.841" tests="1" errors="0" skipped="0" failures="0">
  <properties>
    <property name="java.specification.version" value="17"/>
    <property name="sun.cpu.isalist" value="amd64"/>
    <property name="sun.jnu.encoding" value="Cp1252"/>
    <property name="java.class.path" value="C:\Users\monst\karate-tests\target\test-classes;C:\Users\monst\karate-tests\target\classes;C:\Users\monst\.m2\repository\com\intuit\karate\karate-junit5\1.4.1\karate-junit5-1.4.1.jar;C:\Users\monst\.m2\repository\com\intuit\karate\karate-core\1.4.1\karate-core-1.4.1.jar;C:\Users\monst\.m2\repository\org\graalvm\js\js-scriptengine\22.3.3\js-scriptengine-22.3.3.jar;C:\Users\monst\.m2\repository\org\graalvm\sdk\graal-sdk\22.3.3\graal-sdk-22.3.3.jar;C:\Users\monst\.m2\repository\org\graalvm\js\js\22.3.3\js-22.3.3.jar;C:\Users\monst\.m2\repository\org\graalvm\regex\regex\22.3.3\regex-22.3.3.jar;C:\Users\monst\.m2\repository\org\graalvm\truffle\truffle-api\22.3.3\truffle-api-22.3.3.jar;C:\Users\monst\.m2\repository\com\ibm\icu\icu4j\71.1\icu4j-71.1.jar;C:\Users\monst\.m2\repository\org\thymeleaf\thymeleaf\3.1.2.RELEASE\thymeleaf-3.1.2.RELEASE.jar;C:\Users\monst\.m2\repository\ognl\ognl\3.3.4\ognl-3.3.4.jar;C:\Users\monst\.m2\repository\org\javassist\javassist\3.29.0-GA\javassist-3.29.0-GA.jar;C:\Users\monst\.m2\repository\org\attoparser\attoparser\2.0.7.RELEASE\attoparser-2.0.7.RELEASE.jar;C:\Users\monst\.m2\repository\org\unbescape\unbescape\1.1.6.RELEASE\unbescape-1.1.6.RELEASE.jar;C:\Users\monst\.m2\repository\org\slf4j\slf4j-api\2.0.7\slf4j-api-2.0.7.jar;C:\Users\monst\.m2\repository\com\linecorp\armeria\armeria\1.25.2\armeria-1.25.2.jar;C:\Users\monst\.m2\repository\com\fasterxml\jackson\core\jackson-core\2.15.2\jackson-core-2.15.2.jar;C:\Users\monst\.m2\repository\com\fasterxml\jackson\core\jackson-annotations\2.15.2\jackson-annotations-2.15.2.jar;C:\Users\monst\.m2\repository\com\fasterxml\jackson\core\jackson-databind\2.15.2\jackson-databind-2.15.2.jar;C:\Users\monst\.m2\repository\com\fasterxml\jackson\datatype\jackson-datatype-jdk8\2.15.2\jackson-datatype-jdk8-2.15.2.jar;C:\Users\monst\.m2\repository\com\fasterxml\jackson\datatype\jackson-datatype-jsr310\2.15.2\jackson-datatype-jsr310-2.15.2.jar;C:\Users\monst\.m2\repository\io\micrometer\micrometer-core\1.11.3\micrometer-core-1.11.3.jar;C:\Users\monst\.m2\repository\io\micrometer\micrometer-commons\1.11.3\micrometer-commons-1.11.3.jar;C:\Users\monst\.m2\repository\io\micrometer\micrometer-observation\1.11.3\micrometer-observation-1.11.3.jar;C:\Users\monst\.m2\repository\org\hdrhistogram\HdrHistogram\2.1.12\HdrHistogram-2.1.12.jar;C:\Users\monst\.m2\repository\org\latencyutils\LatencyUtils\2.0.3\LatencyUtils-2.0.3.jar;C:\Users\monst\.m2\repository\io\netty\netty-transport\4.1.96.Final\netty-transport-4.1.96.Final.jar;C:\Users\monst\.m2\repository\io\netty\netty-common\4.1.96.Final\netty-common-4.1.96.Final.jar;C:\Users\monst\.m2\repository\io\netty\netty-buffer\4.1.96.Final\netty-buffer-4.1.96.Final.jar;C:\Users\monst\.m2\repository\io\netty\netty-resolver\4.1.96.Final\netty-resolver-4.1.96.Final.jar;C:\Users\monst\.m2\repository\io\netty\netty-codec-haproxy\4.1.96.Final\netty-codec-haproxy-4.1.96.Final.jar;C:\Users\monst\.m2\repository\io\netty\netty-codec\4.1.96.Final\netty-codec-4.1.96.Final.jar;C:\Users\monst\.m2\repository\io\netty\netty-codec-http2\4.1.96.Final\netty-codec-http2-4.1.96.Final.jar;C:\Users\monst\.m2\repository\io\netty\netty-handler\4.1.96.Final\netty-handler-4.1.96.Final.jar;C:\Users\monst\.m2\repository\io\netty\netty-codec-http\4.1.96.Final\netty-codec-http-4.1.96.Final.jar;C:\Users\monst\.m2\repository\io\netty\netty-resolver-dns\4.1.96.Final\netty-resolver-dns-4.1.96.Final.jar;C:\Users\monst\.m2\repository\io\netty\netty-codec-dns\4.1.96.Final\netty-codec-dns-4.1.96.Final.jar;C:\Users\monst\.m2\repository\org\reactivestreams\reactive-streams\1.0.4\reactive-streams-1.0.4.jar;C:\Users\monst\.m2\repository\com\google\code\findbugs\jsr305\3.0.2\jsr305-3.0.2.jar;C:\Users\monst\.m2\repository\io\netty\netty-handler-proxy\4.1.96.Final\netty-handler-proxy-4.1.96.Final.jar;C:\Users\monst\.m2\repository\io\netty\netty-codec-socks\4.1.96.Final\netty-codec-socks-4.1.96.Final.jar;C:\Users\monst\.m2\repository\io\netty\netty-transport-native-unix-common\4.1.96.Final\netty-transport-native-unix-common-4.1.96.Final-linux-x86_64.jar;C:\Users\monst\.m2\repository\io\netty\netty-transport-native-epoll\4.1.96.Final\netty-transport-native-epoll-4.1.96.Final-linux-x86_64.jar;C:\Users\monst\.m2\repository\io\netty\netty-transport-native-unix-common\4.1.96.Final\netty-transport-native-unix-common-4.1.96.Final.jar;C:\Users\monst\.m2\repository\io\netty\netty-transport-classes-epoll\4.1.96.Final\netty-transport-classes-epoll-4.1.96.Final.jar;C:\Users\monst\.m2\repository\io\netty\netty-transport-native-unix-common\4.1.96.Final\netty-transport-native-unix-common-4.1.96.Final-linux-aarch_64.jar;C:\Users\monst\.m2\repository\io\netty\netty-transport-native-epoll\4.1.96.Final\netty-transport-native-epoll-4.1.96.Final-linux-aarch_64.jar;C:\Users\monst\.m2\repository\io\netty\netty-transport-native-unix-common\4.1.96.Final\netty-transport-native-unix-common-4.1.96.Final-osx-x86_64.jar;C:\Users\monst\.m2\repository\io\netty\netty-transport-native-kqueue\4.1.96.Final\netty-transport-native-kqueue-4.1.96.Final-osx-x86_64.jar;C:\Users\monst\.m2\repository\io\netty\netty-transport-classes-kqueue\4.1.96.Final\netty-transport-classes-kqueue-4.1.96.Final.jar;C:\Users\monst\.m2\repository\io\netty\netty-resolver-dns-native-macos\4.1.96.Final\netty-resolver-dns-native-macos-4.1.96.Final-osx-x86_64.jar;C:\Users\monst\.m2\repository\io\netty\netty-resolver-dns-classes-macos\4.1.96.Final\netty-resolver-dns-classes-macos-4.1.96.Final.jar;C:\Users\monst\.m2\repository\io\netty\netty-transport-native-unix-common\4.1.96.Final\netty-transport-native-unix-common-4.1.96.Final-osx-aarch_64.jar;C:\Users\monst\.m2\repository\io\netty\netty-transport-native-kqueue\4.1.96.Final\netty-transport-native-kqueue-4.1.96.Final-osx-aarch_64.jar;C:\Users\monst\.m2\repository\io\netty\netty-resolver-dns-native-macos\4.1.96.Final\netty-resolver-dns-native-macos-4.1.96.Final-osx-aarch_64.jar;C:\Users\monst\.m2\repository\io\netty\netty-tcnative-boringssl-static\2.0.61.Final\netty-tcnative-boringssl-static-2.0.61.Final-linux-x86_64.jar;C:\Users\monst\.m2\repository\io\netty\netty-tcnative-classes\2.0.61.Final\netty-tcnative-classes-2.0.61.Final.jar;C:\Users\monst\.m2\repository\io\netty\netty-tcnative-boringssl-static\2.0.61.Final\netty-tcnative-boringssl-static-2.0.61.Final-linux-aarch_64.jar;C:\Users\monst\.m2\repository\io\netty\netty-tcnative-boringssl-static\2.0.61.Final\netty-tcnative-boringssl-static-2.0.61.Final-osx-x86_64.jar;C:\Users\monst\.m2\repository\io\netty\netty-tcnative-boringssl-static\2.0.61.Final\netty-tcnative-boringssl-static-2.0.61.Final-osx-aarch_64.jar;C:\Users\monst\.m2\repository\io\netty\netty-tcnative-boringssl-static\2.0.61.Final\netty-tcnative-boringssl-static-2.0.61.Final-windows-x86_64.jar;C:\Users\monst\.m2\repository\com\aayushatharva\brotli4j\brotli4j\1.12.0\brotli4j-1.12.0.jar;C:\Users\monst\.m2\repository\com\aayushatharva\brotli4j\service\1.12.0\service-1.12.0.jar;C:\Users\monst\.m2\repository\com\aayushatharva\brotli4j\native-windows-x86_64\1.12.0\native-windows-x86_64-1.12.0.jar;C:\Users\monst\.m2\repository\org\apache\httpcomponents\httpclient\4.5.14\httpclient-4.5.14.jar;C:\Users\monst\.m2\repository\org\apache\httpcomponents\httpcore\4.4.16\httpcore-4.4.16.jar;C:\Users\monst\.m2\repository\ch\qos\logback\logback-classic\1.4.11\logback-classic-1.4.11.jar;C:\Users\monst\.m2\repository\ch\qos\logback\logback-core\1.4.11\logback-core-1.4.11.jar;C:\Users\monst\.m2\repository\org\slf4j\jcl-over-slf4j\2.0.9\jcl-over-slf4j-2.0.9.jar;C:\Users\monst\.m2\repository\org\antlr\antlr4-runtime\4.11.1\antlr4-runtime-4.11.1.jar;C:\Users\monst\.m2\repository\com\jayway\jsonpath\json-path\2.8.0\json-path-2.8.0.jar;C:\Users\monst\.m2\repository\net\minidev\json-smart\2.4.10\json-smart-2.4.10.jar;C:\Users\monst\.m2\repository\net\minidev\accessors-smart\2.4.9\accessors-smart-2.4.9.jar;C:\Users\monst\.m2\repository\org\ow2\asm\asm\9.3\asm-9.3.jar;C:\Users\monst\.m2\repository\org\yaml\snakeyaml\2.0\snakeyaml-2.0.jar;C:\Users\monst\.m2\repository\de\siegmar\fastcsv\2.2.1\fastcsv-2.2.1.jar;C:\Users\monst\.m2\repository\info\picocli\picocli\4.7.1\picocli-4.7.1.jar;C:\Users\monst\.m2\repository\io\github\classgraph\classgraph\4.8.160\classgraph-4.8.160.jar;C:\Users\monst\.m2\repository\io\github\t12y\resemble\1.0.2\resemble-1.0.2.jar;C:\Users\monst\.m2\repository\io\github\t12y\ssim\1.0.0\ssim-1.0.0.jar;C:\Users\monst\.m2\repository\org\junit\jupiter\junit-jupiter-api\5.9.3\junit-jupiter-api-5.9.3.jar;C:\Users\monst\.m2\repository\org\opentest4j\opentest4j\1.2.0\opentest4j-1.2.0.jar;C:\Users\monst\.m2\repository\org\junit\platform\junit-platform-commons\1.9.3\junit-platform-commons-1.9.3.jar;C:\Users\monst\.m2\repository\org\apiguardian\apiguardian-api\1.1.2\apiguardian-api-1.1.2.jar;C:\Users\monst\.m2\repository\org\junit\jupiter\junit-jupiter-engine\5.9.3\junit-jupiter-engine-5.9.3.jar;C:\Users\monst\.m2\repository\org\junit\platform\junit-platform-engine\1.9.3\junit-platform-engine-1.9.3.jar;C:\Users\monst\.m2\repository\org\apache\poi\poi\5.2.4\poi-5.2.4.jar;C:\Users\monst\.m2\repository\commons-codec\commons-codec\1.16.0\commons-codec-1.16.0.jar;C:\Users\monst\.m2\repository\org\apache\commons\commons-collections4\4.4\commons-collections4-4.4.jar;C:\Users\monst\.m2\repository\org\apache\commons\commons-math3\3.6.1\commons-math3-3.6.1.jar;C:\Users\monst\.m2\repository\commons-io\commons-io\2.13.0\commons-io-2.13.0.jar;C:\Users\monst\.m2\repository\com\zaxxer\SparseBitSet\1.3\SparseBitSet-1.3.jar;C:\Users\monst\.m2\repository\org\apache\logging\log4j\log4j-api\2.20.0\log4j-api-2.20.0.jar;C:\Users\monst\.m2\repository\org\apache\poi\poi-ooxml\5.2.4\poi-ooxml-5.2.4.jar;C:\Users\monst\.m2\repository\org\apache\poi\poi-ooxml-lite\5.2.4\poi-ooxml-lite-5.2.4.jar;C:\Users\monst\.m2\repository\org\apache\xmlbeans\xmlbeans\5.1.1\xmlbeans-5.1.1.jar;C:\Users\monst\.m2\repository\org\apache\commons\commons-compress\1.24.0\commons-compress-1.24.0.jar;C:\Users\monst\.m2\repository\com\github\virtuald\curvesapi\1.08\curvesapi-1.08.jar;"/>
    <property name="java.vm.vendor" value="Oracle Corporation"/>
    <property name="sun.arch.data.model" value="64"/>
    <property name="user.variant" value=""/>
    <property name="java.vendor.url" value="https://java.oracle.com/"/>
    <property name="user.timezone" value="Asia/Saigon"/>
    <property name="os.name" value="Windows 11"/>
    <property name="java.vm.specification.version" value="17"/>
    <property name="sun.java.launcher" value="SUN_STANDARD"/>
    <property name="user.country" value="US"/>
    <property name="sun.boot.library.path" value="C:\Program Files\Java\jdk-17\bin"/>
    <property name="sun.java.command" value="C:\Users\monst\AppData\Local\Temp\surefire6607287921071156514\surefirebooter-20250623234751818_3.jar C:\Users\monst\AppData\Local\Temp\surefire6607287921071156514 2025-06-23T23-47-51_359-jvmRun1 surefire-20250623234751818_1tmp surefire_0-20250623234751818_2tmp"/>
    <property name="jdk.debug" value="release"/>
    <property name="test" value="GetPostsFeedExcelTestRunner"/>
    <property name="surefire.test.class.path" value="C:\Users\monst\karate-tests\target\test-classes;C:\Users\monst\karate-tests\target\classes;C:\Users\monst\.m2\repository\com\intuit\karate\karate-junit5\1.4.1\karate-junit5-1.4.1.jar;C:\Users\monst\.m2\repository\com\intuit\karate\karate-core\1.4.1\karate-core-1.4.1.jar;C:\Users\monst\.m2\repository\org\graalvm\js\js-scriptengine\22.3.3\js-scriptengine-22.3.3.jar;C:\Users\monst\.m2\repository\org\graalvm\sdk\graal-sdk\22.3.3\graal-sdk-22.3.3.jar;C:\Users\monst\.m2\repository\org\graalvm\js\js\22.3.3\js-22.3.3.jar;C:\Users\monst\.m2\repository\org\graalvm\regex\regex\22.3.3\regex-22.3.3.jar;C:\Users\monst\.m2\repository\org\graalvm\truffle\truffle-api\22.3.3\truffle-api-22.3.3.jar;C:\Users\monst\.m2\repository\com\ibm\icu\icu4j\71.1\icu4j-71.1.jar;C:\Users\monst\.m2\repository\org\thymeleaf\thymeleaf\3.1.2.RELEASE\thymeleaf-3.1.2.RELEASE.jar;C:\Users\monst\.m2\repository\ognl\ognl\3.3.4\ognl-3.3.4.jar;C:\Users\monst\.m2\repository\org\javassist\javassist\3.29.0-GA\javassist-3.29.0-GA.jar;C:\Users\monst\.m2\repository\org\attoparser\attoparser\2.0.7.RELEASE\attoparser-2.0.7.RELEASE.jar;C:\Users\monst\.m2\repository\org\unbescape\unbescape\1.1.6.RELEASE\unbescape-1.1.6.RELEASE.jar;C:\Users\monst\.m2\repository\org\slf4j\slf4j-api\2.0.7\slf4j-api-2.0.7.jar;C:\Users\monst\.m2\repository\com\linecorp\armeria\armeria\1.25.2\armeria-1.25.2.jar;C:\Users\monst\.m2\repository\com\fasterxml\jackson\core\jackson-core\2.15.2\jackson-core-2.15.2.jar;C:\Users\monst\.m2\repository\com\fasterxml\jackson\core\jackson-annotations\2.15.2\jackson-annotations-2.15.2.jar;C:\Users\monst\.m2\repository\com\fasterxml\jackson\core\jackson-databind\2.15.2\jackson-databind-2.15.2.jar;C:\Users\monst\.m2\repository\com\fasterxml\jackson\datatype\jackson-datatype-jdk8\2.15.2\jackson-datatype-jdk8-2.15.2.jar;C:\Users\monst\.m2\repository\com\fasterxml\jackson\datatype\jackson-datatype-jsr310\2.15.2\jackson-datatype-jsr310-2.15.2.jar;C:\Users\monst\.m2\repository\io\micrometer\micrometer-core\1.11.3\micrometer-core-1.11.3.jar;C:\Users\monst\.m2\repository\io\micrometer\micrometer-commons\1.11.3\micrometer-commons-1.11.3.jar;C:\Users\monst\.m2\repository\io\micrometer\micrometer-observation\1.11.3\micrometer-observation-1.11.3.jar;C:\Users\monst\.m2\repository\org\hdrhistogram\HdrHistogram\2.1.12\HdrHistogram-2.1.12.jar;C:\Users\monst\.m2\repository\org\latencyutils\LatencyUtils\2.0.3\LatencyUtils-2.0.3.jar;C:\Users\monst\.m2\repository\io\netty\netty-transport\4.1.96.Final\netty-transport-4.1.96.Final.jar;C:\Users\monst\.m2\repository\io\netty\netty-common\4.1.96.Final\netty-common-4.1.96.Final.jar;C:\Users\monst\.m2\repository\io\netty\netty-buffer\4.1.96.Final\netty-buffer-4.1.96.Final.jar;C:\Users\monst\.m2\repository\io\netty\netty-resolver\4.1.96.Final\netty-resolver-4.1.96.Final.jar;C:\Users\monst\.m2\repository\io\netty\netty-codec-haproxy\4.1.96.Final\netty-codec-haproxy-4.1.96.Final.jar;C:\Users\monst\.m2\repository\io\netty\netty-codec\4.1.96.Final\netty-codec-4.1.96.Final.jar;C:\Users\monst\.m2\repository\io\netty\netty-codec-http2\4.1.96.Final\netty-codec-http2-4.1.96.Final.jar;C:\Users\monst\.m2\repository\io\netty\netty-handler\4.1.96.Final\netty-handler-4.1.96.Final.jar;C:\Users\monst\.m2\repository\io\netty\netty-codec-http\4.1.96.Final\netty-codec-http-4.1.96.Final.jar;C:\Users\monst\.m2\repository\io\netty\netty-resolver-dns\4.1.96.Final\netty-resolver-dns-4.1.96.Final.jar;C:\Users\monst\.m2\repository\io\netty\netty-codec-dns\4.1.96.Final\netty-codec-dns-4.1.96.Final.jar;C:\Users\monst\.m2\repository\org\reactivestreams\reactive-streams\1.0.4\reactive-streams-1.0.4.jar;C:\Users\monst\.m2\repository\com\google\code\findbugs\jsr305\3.0.2\jsr305-3.0.2.jar;C:\Users\monst\.m2\repository\io\netty\netty-handler-proxy\4.1.96.Final\netty-handler-proxy-4.1.96.Final.jar;C:\Users\monst\.m2\repository\io\netty\netty-codec-socks\4.1.96.Final\netty-codec-socks-4.1.96.Final.jar;C:\Users\monst\.m2\repository\io\netty\netty-transport-native-unix-common\4.1.96.Final\netty-transport-native-unix-common-4.1.96.Final-linux-x86_64.jar;C:\Users\monst\.m2\repository\io\netty\netty-transport-native-epoll\4.1.96.Final\netty-transport-native-epoll-4.1.96.Final-linux-x86_64.jar;C:\Users\monst\.m2\repository\io\netty\netty-transport-native-unix-common\4.1.96.Final\netty-transport-native-unix-common-4.1.96.Final.jar;C:\Users\monst\.m2\repository\io\netty\netty-transport-classes-epoll\4.1.96.Final\netty-transport-classes-epoll-4.1.96.Final.jar;C:\Users\monst\.m2\repository\io\netty\netty-transport-native-unix-common\4.1.96.Final\netty-transport-native-unix-common-4.1.96.Final-linux-aarch_64.jar;C:\Users\monst\.m2\repository\io\netty\netty-transport-native-epoll\4.1.96.Final\netty-transport-native-epoll-4.1.96.Final-linux-aarch_64.jar;C:\Users\monst\.m2\repository\io\netty\netty-transport-native-unix-common\4.1.96.Final\netty-transport-native-unix-common-4.1.96.Final-osx-x86_64.jar;C:\Users\monst\.m2\repository\io\netty\netty-transport-native-kqueue\4.1.96.Final\netty-transport-native-kqueue-4.1.96.Final-osx-x86_64.jar;C:\Users\monst\.m2\repository\io\netty\netty-transport-classes-kqueue\4.1.96.Final\netty-transport-classes-kqueue-4.1.96.Final.jar;C:\Users\monst\.m2\repository\io\netty\netty-resolver-dns-native-macos\4.1.96.Final\netty-resolver-dns-native-macos-4.1.96.Final-osx-x86_64.jar;C:\Users\monst\.m2\repository\io\netty\netty-resolver-dns-classes-macos\4.1.96.Final\netty-resolver-dns-classes-macos-4.1.96.Final.jar;C:\Users\monst\.m2\repository\io\netty\netty-transport-native-unix-common\4.1.96.Final\netty-transport-native-unix-common-4.1.96.Final-osx-aarch_64.jar;C:\Users\monst\.m2\repository\io\netty\netty-transport-native-kqueue\4.1.96.Final\netty-transport-native-kqueue-4.1.96.Final-osx-aarch_64.jar;C:\Users\monst\.m2\repository\io\netty\netty-resolver-dns-native-macos\4.1.96.Final\netty-resolver-dns-native-macos-4.1.96.Final-osx-aarch_64.jar;C:\Users\monst\.m2\repository\io\netty\netty-tcnative-boringssl-static\2.0.61.Final\netty-tcnative-boringssl-static-2.0.61.Final-linux-x86_64.jar;C:\Users\monst\.m2\repository\io\netty\netty-tcnative-classes\2.0.61.Final\netty-tcnative-classes-2.0.61.Final.jar;C:\Users\monst\.m2\repository\io\netty\netty-tcnative-boringssl-static\2.0.61.Final\netty-tcnative-boringssl-static-2.0.61.Final-linux-aarch_64.jar;C:\Users\monst\.m2\repository\io\netty\netty-tcnative-boringssl-static\2.0.61.Final\netty-tcnative-boringssl-static-2.0.61.Final-osx-x86_64.jar;C:\Users\monst\.m2\repository\io\netty\netty-tcnative-boringssl-static\2.0.61.Final\netty-tcnative-boringssl-static-2.0.61.Final-osx-aarch_64.jar;C:\Users\monst\.m2\repository\io\netty\netty-tcnative-boringssl-static\2.0.61.Final\netty-tcnative-boringssl-static-2.0.61.Final-windows-x86_64.jar;C:\Users\monst\.m2\repository\com\aayushatharva\brotli4j\brotli4j\1.12.0\brotli4j-1.12.0.jar;C:\Users\monst\.m2\repository\com\aayushatharva\brotli4j\service\1.12.0\service-1.12.0.jar;C:\Users\monst\.m2\repository\com\aayushatharva\brotli4j\native-windows-x86_64\1.12.0\native-windows-x86_64-1.12.0.jar;C:\Users\monst\.m2\repository\org\apache\httpcomponents\httpclient\4.5.14\httpclient-4.5.14.jar;C:\Users\monst\.m2\repository\org\apache\httpcomponents\httpcore\4.4.16\httpcore-4.4.16.jar;C:\Users\monst\.m2\repository\ch\qos\logback\logback-classic\1.4.11\logback-classic-1.4.11.jar;C:\Users\monst\.m2\repository\ch\qos\logback\logback-core\1.4.11\logback-core-1.4.11.jar;C:\Users\monst\.m2\repository\org\slf4j\jcl-over-slf4j\2.0.9\jcl-over-slf4j-2.0.9.jar;C:\Users\monst\.m2\repository\org\antlr\antlr4-runtime\4.11.1\antlr4-runtime-4.11.1.jar;C:\Users\monst\.m2\repository\com\jayway\jsonpath\json-path\2.8.0\json-path-2.8.0.jar;C:\Users\monst\.m2\repository\net\minidev\json-smart\2.4.10\json-smart-2.4.10.jar;C:\Users\monst\.m2\repository\net\minidev\accessors-smart\2.4.9\accessors-smart-2.4.9.jar;C:\Users\monst\.m2\repository\org\ow2\asm\asm\9.3\asm-9.3.jar;C:\Users\monst\.m2\repository\org\yaml\snakeyaml\2.0\snakeyaml-2.0.jar;C:\Users\monst\.m2\repository\de\siegmar\fastcsv\2.2.1\fastcsv-2.2.1.jar;C:\Users\monst\.m2\repository\info\picocli\picocli\4.7.1\picocli-4.7.1.jar;C:\Users\monst\.m2\repository\io\github\classgraph\classgraph\4.8.160\classgraph-4.8.160.jar;C:\Users\monst\.m2\repository\io\github\t12y\resemble\1.0.2\resemble-1.0.2.jar;C:\Users\monst\.m2\repository\io\github\t12y\ssim\1.0.0\ssim-1.0.0.jar;C:\Users\monst\.m2\repository\org\junit\jupiter\junit-jupiter-api\5.9.3\junit-jupiter-api-5.9.3.jar;C:\Users\monst\.m2\repository\org\opentest4j\opentest4j\1.2.0\opentest4j-1.2.0.jar;C:\Users\monst\.m2\repository\org\junit\platform\junit-platform-commons\1.9.3\junit-platform-commons-1.9.3.jar;C:\Users\monst\.m2\repository\org\apiguardian\apiguardian-api\1.1.2\apiguardian-api-1.1.2.jar;C:\Users\monst\.m2\repository\org\junit\jupiter\junit-jupiter-engine\5.9.3\junit-jupiter-engine-5.9.3.jar;C:\Users\monst\.m2\repository\org\junit\platform\junit-platform-engine\1.9.3\junit-platform-engine-1.9.3.jar;C:\Users\monst\.m2\repository\org\apache\poi\poi\5.2.4\poi-5.2.4.jar;C:\Users\monst\.m2\repository\commons-codec\commons-codec\1.16.0\commons-codec-1.16.0.jar;C:\Users\monst\.m2\repository\org\apache\commons\commons-collections4\4.4\commons-collections4-4.4.jar;C:\Users\monst\.m2\repository\org\apache\commons\commons-math3\3.6.1\commons-math3-3.6.1.jar;C:\Users\monst\.m2\repository\commons-io\commons-io\2.13.0\commons-io-2.13.0.jar;C:\Users\monst\.m2\repository\com\zaxxer\SparseBitSet\1.3\SparseBitSet-1.3.jar;C:\Users\monst\.m2\repository\org\apache\logging\log4j\log4j-api\2.20.0\log4j-api-2.20.0.jar;C:\Users\monst\.m2\repository\org\apache\poi\poi-ooxml\5.2.4\poi-ooxml-5.2.4.jar;C:\Users\monst\.m2\repository\org\apache\poi\poi-ooxml-lite\5.2.4\poi-ooxml-lite-5.2.4.jar;C:\Users\monst\.m2\repository\org\apache\xmlbeans\xmlbeans\5.1.1\xmlbeans-5.1.1.jar;C:\Users\monst\.m2\repository\org\apache\commons\commons-compress\1.24.0\commons-compress-1.24.0.jar;C:\Users\monst\.m2\repository\com\github\virtuald\curvesapi\1.08\curvesapi-1.08.jar;"/>
    <property name="sun.cpu.endian" value="little"/>
    <property name="user.home" value="C:\Users\monst"/>
    <property name="user.language" value="en"/>
    <property name="java.specification.vendor" value="Oracle Corporation"/>
    <property name="java.version.date" value="2023-10-17"/>
    <property name="java.home" value="C:\Program Files\Java\jdk-17"/>
    <property name="file.separator" value="\"/>
    <property name="basedir" value="C:\Users\monst\karate-tests"/>
    <property name="java.vm.compressedOopsMode" value="Zero based"/>
    <property name="line.separator" value="&#10;"/>
    <property name="java.vm.specification.vendor" value="Oracle Corporation"/>
    <property name="java.specification.name" value="Java Platform API Specification"/>
    <property name="surefire.real.class.path" value="C:\Users\monst\AppData\Local\Temp\surefire6607287921071156514\surefirebooter-20250623234751818_3.jar"/>
    <property name="user.script" value=""/>
    <property name="sun.management.compiler" value="HotSpot 64-Bit Tiered Compilers"/>
    <property name="java.runtime.version" value="17.0.9+11-LTS-201"/>
    <property name="user.name" value="monst"/>
    <property name="path.separator" value=";"/>
    <property name="os.version" value="10.0"/>
    <property name="java.runtime.name" value="Java(TM) SE Runtime Environment"/>
    <property name="file.encoding" value="Cp1252"/>
    <property name="java.vm.name" value="Java HotSpot(TM) 64-Bit Server VM"/>
    <property name="localRepository" value="C:\Users\monst\.m2\repository"/>
    <property name="java.vendor.url.bug" value="https://bugreport.java.com/bugreport/"/>
    <property name="java.io.tmpdir" value="C:\Users\monst\AppData\Local\Temp\"/>
    <property name="java.version" value="17.0.9"/>
    <property name="user.dir" value="C:\Users\monst\karate-tests"/>
    <property name="os.arch" value="amd64"/>
    <property name="java.vm.specification.name" value="Java Virtual Machine Specification"/>
    <property name="sun.os.patch.level" value=""/>
    <property name="native.encoding" value="Cp1252"/>
    <property name="java.library.path" value="C:\Program Files\Java\jdk-17\bin;C:\WINDOWS\Sun\Java\bin;C:\WINDOWS\system32;C:\WINDOWS;C:\Program Files\Eclipse Adoptium\jdk-17.0.12.7-hotspot\bin;C:\Program Files\Common Files\Oracle\Java\javapath;C:\Program Files (x86)\VMware\VMware Workstation\bin\;C:\Windows\system32;C:\Windows;C:\Windows\System32\Wbem;C:\Windows\System32\WindowsPowerShell\v1.0\;C:\Windows\System32\OpenSSH\;C:\Program Files (x86)\NVIDIA Corporation\PhysX\Common;C:\Program Files\NVIDIA Corporation\NVIDIA NvDLISR;C:\WINDOWS\system32;C:\WINDOWS;C:\WINDOWS\System32\Wbem;C:\WINDOWS\System32\WindowsPowerShell\v1.0\;C:\WINDOWS\System32\OpenSSH\;C:\Program Files\Azure Data Studio\bin;C:\Program Files (x86)\Microsoft SQL Server\160\Tools\Binn\;C:\Program Files\Microsoft SQL Server\160\Tools\Binn\;C:\Program Files\Microsoft SQL Server\Client SDK\ODBC\170\Tools\Binn\;C:\Program Files\Microsoft SQL Server\160\DTS\Binn\;C:\Program Files (x86)\Microsoft SQL Server\160\DTS\Binn\;C:\ProgramData\chocolatey\bin;C:\Program Files\Docker\Docker\resources\bin;C:\Program Files\nodejs\;C:\Program Files\MySQL\MySQL Server 8.0\bin;C:\Program Files\Git\cmd;C:\Program Files (x86)\Windows Kits\10\Windows Performance Toolkit\;C:\Program Files\dotnet\;C:\Program Files\Microsoft SQL Server\150\Tools\Binn\;C:\Program Files\Apache\apache-maven-3.9.9\bin;C:\Users\monst\AppData\Local\Android\Sdk\platform-tools;C:\Program Files\Cloudflare\Cloudflare WARP\;C:\Users\monst\AppData\Local\Programs\Python\Python313\Scripts\;C:\dev\flutter\bin;C:\Users\monst\.dotnet\tools;C:\Users\monst\AppData\Local\Programs\Microsoft VS Code\bin;C:\Users\monst\AppData\Local\Programs\Python\Python313\;C:\Users\monst\AppData\Local\Programs\cursor\resources\app\bin;C:\Users\monst\AppData\Roaming\npm;;."/>
    <property name="java.vm.info" value="mixed mode, sharing"/>
    <property name="java.vendor" value="Oracle Corporation"/>
    <property name="java.vm.version" value="17.0.9+11-LTS-201"/>
    <property name="sun.io.unicode.encoding" value="UnicodeLittle"/>
    <property name="java.class.version" value="61.0"/>
  </properties>
  <testcase name="[1:16] Chạy tất cả test cases getPostsFeed từ Excel" classname="features/posts/get-posts-feed-excel" time="7.876">
    <system-out><![CDATA[23:47:53.627 [main] DEBUG com.intuit.karate.Suite -- [config] classpath:karate-config.js
23:47:54.696 [main] INFO com.intuit.karate -- karate.env system property was: null 
23:47:54.743 [main] INFO com.intuit.karate -- karate.env system property was: null 
23:47:55.676 [main] INFO com.intuit.karate -- Headers found: [
  "bearerToken",
  "page",
  "limit",
  "testDescription",
  "expectedStatus",
  "expectedResult",
  "responseStatus",
  "result",
  "testStatus",
  "failureReason"
]
 
23:47:55.810 [main] INFO com.intuit.karate -- Read data from Excel: [
  {
    "bearerToken": "",
    "page": "1",
    "limit": "10",
    "testDescription": "Get posts feed h?p l? v?i page=1, limit=10",
    "expectedStatus": 200.0,
    "expectedResult": "{\"message\": \"Feed\", \"statusCode\": 200, \"status\": \"success\", \"data\": []}",
    "responseStatus": "200",
    "result": "{\"message\":\"Feed\",\"statusCode\":200,\"status\":\"success\",\"data\":[{\"id\":\"007fcd52-ae77-4c58-988d-36ef78edc29b\",\"authorId\":\"dacf294e-491b-47ff-bd74-bfe5ddbfbdf9\",\"imageUrl\":[\"https://res.cloudinary.com/dizcvrefo/image/upload/v1748598131/nestjs_uploads/tsh3n10qz6mojbkiayhx.jpg\",\"https://res.cloudinary.com/dizcvrefo/image/upload/v1748598131/nestjs_uploads/no5fdmt60yg8li6gvwao.jpg\",\"https://res.cloudinary.com/dizcvrefo/image/upload/v1748598131/nestjs_uploads/lbn3umepxtqxjcw51mv0.jpg\",\"https://res.cloudinary.com/dizcvrefo/image/upload/v1748598131/nestjs_uploads/e4nufb9kmremurdaanw5.jpg\",\"https://res.cloudinary.com/dizcvrefo/image/upload/v1748598131/nestjs_uploads/pqwqj0gdwqfqqyct54hz.jpg\",\"https://res.cloudinary.com/dizcvrefo/image/upload/v1748598130/nestjs_uploads/dics8pfhps2jfskadthz.jpg\"],\"caption\":\"Th? thao ?i?n t?\",\"location\":null,\"tags\":[],\"isPublic\":true,\"likeCount\":0,\"commentCount\":0,\"sharedCount\":0,\"createdAt\":\"2025-05-30T09:42:13.811Z\",\"updatedAt\":\"2025-05-30T09:42:13.811Z\",\"author\":{\"username\":\"chinh\",\"profilePic\":\"https://hebbkx1anhila5yf.public.blob.vercel-storage.com/image-hiZZ98WEvmBOkk3oAqffc3ReiwtEIO.png\"},\"_count\":{\"likes\":3,\"comments\":0},\"score\":0.019064359104637156,\"isLike\":true,\"isToday\":false,\"isFollowing\":true,\"isSelf\":false},{\"id\":\"479ed759-3811-4b84-8141-bff184fae4b8\",\"authorId\":\"dacf294e-491b-47ff-bd74-bfe5ddbfbdf9\",\"imageUrl\":[\"https://res.cloudinary.com/dizcvrefo/image/upload/v1748596741/nestjs_uploads/g8vk3zn2rfop6caitmfb.jpg\",\"https://res.cloudinary.com/dizcvrefo/image/upload/v1748596741/nestjs_uploads/cqcspqsifpg0ndthyuax.jpg\",\"https://res.cloudinary.com/dizcvrefo/image/upload/v1748596741/nestjs_uploads/hc3svmdbfotscvcctfoq.jpg\",\"https://res.cloudinary.com/dizcvrefo/image/upload/v1748596742/nestjs_uploads/fxjvluy2vpyfuspukumf.jpg\",\"https://res.cloudinary.com/dizcvrefo/image/upload/v1748596741/nestjs_uploads/sb38euks3gzg5f92uiig.jpg\"],\"caption\":\"Village\",\"location\":null,\"tags\":[],\"isPublic\":true,\"likeCount\":0,\"commentCount\":0,\"sharedCount\":0,\"createdAt\":\"2025-05-30T09:19:04.180Z\",\"updatedAt\":\"2025-05-30T09:19:04.180Z\",\"author\":{\"username\":\"chinh\",\"profilePic\":\"https://hebbkx1anhila5yf.public.blob.vercel-storage.com/image-hiZZ98WEvmBOkk3oAqffc3ReiwtEIO.png\"},\"_count\":{\"likes\":3,\"comments\":0},\"score\":0.019051613563421017,\"isLike\":true,\"isToday\":false,\"isFollowing\":true,\"isSelf\":false},{\"id\":\"9ef01284-6f35-4f8a-9d58-3f5891acc766\",\"authorId\":\"dacf294e-491b-47ff-bd74-bfe5ddbfbdf9\",\"imageUrl\":[\"https://res.cloudinary.com/dizcvrefo/image/upload/v1748596489/nestjs_uploads/ue1yvhe1qzvlc2pmkjee.jpg\",\"https://res.cloudinary.com/dizcvrefo/image/upload/v1748596493/nestjs_uploads/bm3pcnpqmnppnsuq0pv9.jpg\",\"https://res.cloudinary.com/dizcvrefo/image/upload/v1748596489/nestjs_uploads/q6nipodzp1mdnpm1p13g.jpg\",\"https://res.cloudinary.com/dizcvrefo/image/upload/v1748596489/nestjs_uploads/icygr75zfmxk0ehqsnwo.jpg\",\"https://res.cloudinary.com/dizcvrefo/image/upload/v1748596489/nestjs_uploads/ghgd01xzcaxpra5httqg.jpg\",\"https://res.cloudinary.com/dizcvrefo/image/upload/v1748596489/nestjs_uploads/o53mpfip4l7dbjbd7wcw.jpg\"],\"caption\":\"Nh?u\",\"location\":null,\"tags\":[],\"isPublic\":true,\"likeCount\":0,\"commentCount\":0,\"sharedCount\":0,\"createdAt\":\"2025-05-30T09:14:54.972Z\",\"updatedAt\":\"2025-05-30T09:14:54.972Z\",\"author\":{\"username\":\"chinh\",\"profilePic\":\"https://hebbkx1anhila5yf.public.blob.vercel-storage.com/image-hiZZ98WEvmBOkk3oAqffc3ReiwtEIO.png\"},\"_count\":{\"likes\":3,\"comments\":0},\"score\":0.01904932965726425,\"isLike\":true,\"isToday\":false,\"isFollowing\":true,\"isSelf\":false},{\"id\":\"9c4e8842-ced5-492b-9423-890177a28564\",\"authorId\":\"2b84aa24-668a-40e2-af1c-ad4fc4fa5a6f\",\"imageUrl\":[\"https://res.cloudinary.com/dizcvrefo/image/upload/v1748659538/nestjs_uploads/n4mg888um8bynequtdtp.jpg\",\"https://res.cloudinary.com/dizcvrefo/image/upload/v1748659538/nestjs_uploads/mfqojpf1bufduxfh0j0n.jpg\",\"https://res.cloudinary.com/dizcvrefo/image/upload/v1748659538/nestjs_uploads/vx9qkwao5v4hdeqiplsp.jpg\",\"https://res.cloudinary.com/dizcvrefo/image/upload/v1748659538/nestjs_uploads/r2sv0p0echvnrwqxoswu.jpg\"],\"caption\":\"Ha noi nay tro gio\",\"location\":null,\"tags\":[],\"isPublic\":true,\"likeCount\":0,\"commentCount\":0,\"sharedCount\":0,\"createdAt\":\"2025-05-31T02:45:39.688Z\",\"updatedAt\":\"2025-05-31T02:45:39.688Z\",\"author\":{\"username\":\"quang1\",\"profilePic\":\"https://res.cloudinary.com/dizcvrefo/image/upload/v1749027586/nestjs_uploads/xehairydt9rzlbmbmv4c.jpg\"},\"_count\":{\"likes\":2,\"comments\":0},\"score\":0.016073273553614334,\"isLike\":false,\"isToday\":false,\"isFollowing\":true,\"isSelf\":false},{\"id\":\"e3f481cc-53c6-41c8-9a28-cd2f9c4f2f46\",\"authorId\":\"2b84aa24-668a-40e2-af1c-ad4fc4fa5a6f\",\"imageUrl\":[\"https://res.cloudinary.com/dizcvrefo/image/upload/v1749027663/nestjs_uploads/nuuktb6j4oy5jnuyt3ws.jpg\",\"https://res.cloudinary.com/dizcvrefo/image/upload/v1749027663/nestjs_uploads/aa03sao5n7bkhyhhrovx.jpg\",\"https://res.cloudinary.com/dizcvrefo/image/upload/v1749027663/nestjs_uploads/hic88kwvdqoltmqsueim.jpg\",\"https://res.cloudinary.com/dizcvrefo/image/upload/v1749027664/nestjs_uploads/hrnmt9e7g7pavf2fxwyw.png\",\"https://res.cloudinary.com/dizcvrefo/image/upload/v1749027664/nestjs_uploads/oxa2hbuxzj3lngjbubpf.jpg\",\"https://res.cloudinary.com/dizcvrefo/image/upload/v1749027663/nestjs_uploads/scrigmpzvmixwv9ddfnl.jpg\",\"https://res.cloudinary.com/dizcvrefo/image/upload/v1749027664/nestjs_uploads/wpnyt5jyz8lgj2bvprin.jpg\"],\"caption\":\"Buon that, hom nay toi thi truot\",\"location\":null,\"tags\":[],\"isPublic\":true,\"likeCount\":0,\"commentCount\":0,\"sharedCount\":0,\"createdAt\":\"2025-06-04T09:01:06.391Z\",\"updatedAt\":\"2025-06-04T09:01:06.391Z\",\"author\":{\"username\":\"quang1\",\"profilePic\":\"https://res.cloudinary.com/dizcvrefo/image/upload/v1749027586/nestjs_uploads/xehairydt9rzlbmbmv4c.jpg\"},\"_count\":{\"likes\":1,\"comments\":0},\"score\":0.01529458565495357,\"isLike\":false,\"isToday\":false,\"isFollowing\":true,\"isSelf\":false},{\"id\":\"c8151412-bc98-49ec-88ff-57b89cc2ce67\",\"authorId\":\"08515b05-2d3e-4789-ad60-db35525a4970\",\"imageUrl\":[\"https://res.cloudinary.com/dizcvrefo/image/upload/v1748933672/nestjs_uploads/rpehmvwkwptjktjzllxz.jpg\",\"https://res.cloudinary.com/dizcvrefo/image/upload/v1748933672/nestjs_uploads/xl8wce3gldsuaekfnfwo.jpg\",\"https://res.cloudinary.com/dizcvrefo/image/upload/v1748933671/nestjs_uploads/ee1ntt1feukxfszhma1b.jpg\"],\"caption\":\"Moi di hom nay\",\"location\":null,\"tags\":[],\"isPublic\":true,\"likeCount\":0,\"commentCount\":0,\"sharedCount\":0,\"createdAt\":\"2025-06-03T06:54:33.756Z\",\"updatedAt\":\"2025-06-03T06:54:33.756Z\",\"author\":{\"username\":\"nam\",\"profilePic\":\"https://res.cloudinary.com/dizcvrefo/image/upload/v1749266646/nestjs_uploads/zk9zrpeidnovxibfqdxr.png\"},\"_count\":{\"likes\":3,\"comments\":0},\"score\":0.012402142758626207,\"isLike\":true,\"isToday\":false,\"isFollowing\":false,\"isSelf\":true},{\"id\":\"45a2d709-c6c9-4887-9235-dbbd2d381827\",\"authorId\":\"08515b05-2d3e-4789-ad60-db35525a4970\",\"imageUrl\":[\"https://res.cloudinary.com/dizcvrefo/image/upload/v1748932129/nestjs_uploads/ecwyixgm9kf0zdng7bdp.png\",\"https://res.cloudinary.com/dizcvrefo/image/upload/v1748932129/nestjs_uploads/uhl3z1wamgjxl5o4vq1l.jpg\",\"https://res.cloudinary.com/dizcvrefo/image/upload/v1748932129/nestjs_uploads/pavlktzorkfcm5pp31io.jpg\",\"https://res.cloudinary.com/dizcvrefo/image/upload/v1748932129/nestjs_uploads/knew9jcdpmwaleoa6oov.jpg\"],\"caption\":\"Di choi di anh em oi\",\"location\":null,\"tags\":[],\"isPublic\":true,\"likeCount\":0,\"commentCount\":0,\"sharedCount\":0,\"createdAt\":\"2025-06-03T06:28:51.322Z\",\"updatedAt\":\"2025-06-03T06:28:51.322Z\",\"author\":{\"username\":\"nam\",\"profilePic\":\"https://res.cloudinary.com/dizcvrefo/image/upload/v1749266646/nestjs_uploads/zk9zrpeidnovxibfqdxr.png\"},\"_count\":{\"likes\":3,\"comments\":0},\"score\":0.012391168837375144,\"isLike\":true,\"isToday\":false,\"isFollowing\":false,\"isSelf\":true},{\"id\":\"bd9fb1fc-af49-4625-aa11-a458424d17ca\",\"authorId\":\"08515b05-2d3e-4789-ad60-db35525a4970\",\"imageUrl\":[\"https://res.cloudinary.com/dizcvrefo/image/upload/v1749400565/nestjs_uploads/srvf0b7b2fnsab8uqc8g.jpg\",\"https://res.cloudinary.com/dizcvrefo/image/upload/v1749400565/nestjs_uploads/u2gybzjxkewsxa1atyq4.jpg\",\"https://res.cloudinary.com/dizcvrefo/image/upload/v1749400565/nestjs_uploads/lottkkizhi1ngodzx4pp.jpg\"],\"caption\":\"toi la NAM BO\",\"location\":null,\"tags\":[],\"isPublic\":true,\"likeCount\":0,\"commentCount\":0,\"sharedCount\":0,\"createdAt\":\"2025-06-08T16:36:04.450Z\",\"updatedAt\":\"2025-06-08T16:36:04.450Z\",\"author\":{\"username\":\"nam\",\"profilePic\":\"https://res.cloudinary.com/dizcvrefo/image/upload/v1749266646/nestjs_uploads/zk9zrpeidnovxibfqdxr.png\"},\"_count\":{\"likes\":2,\"comments\":0},\"score\":0.011296387290613519,\"isLike\":true,\"isToday\":false,\"isFollowing\":false,\"isSelf\":true},{\"id\":\"8a0e35ce-0f39-4475-b2d2-15c217983926\",\"authorId\":\"08515b05-2d3e-4789-ad60-db35525a4970\",\"imageUrl\":[\"https://res.cloudinary.com/dizcvrefo/image/upload/v1748597950/nestjs_uploads/siabu4jmaf7nfak5xkgc.jpg\",\"https://res.cloudinary.com/dizcvrefo/image/upload/v1748597951/nestjs_uploads/bufde4typyni9j408ua4.jpg\",\"https://res.cloudinary.com/dizcvrefo/image/upload/v1748597951/nestjs_uploads/yk6tjdkirr4a7ons7iz5.jpg\"],\"caption\":\"?n gì không\",\"location\":null,\"tags\":[],\"isPublic\":true,\"likeCount\":0,\"commentCount\":0,\"sharedCount\":0,\"createdAt\":\"2025-05-30T09:39:13.647Z\",\"updatedAt\":\"2025-05-30T09:39:13.647Z\",\"author\":{\"username\":\"nam\",\"profilePic\":\"https://res.cloudinary.com/dizcvrefo/image/upload/v1749266646/nestjs_uploads/zk9zrpeidnovxibfqdxr.png\"},\"_count\":{\"likes\":3,\"comments\":0},\"score\":0.01039783947183177,\"isLike\":true,\"isToday\":false,\"isFollowing\":false,\"isSelf\":true},{\"id\":\"b96886bd-5f00-41af-a440-152f360f1657\",\"authorId\":\"08515b05-2d3e-4789-ad60-db35525a4970\",\"imageUrl\":[\"https://res.cloudinary.com/dizcvrefo/image/upload/v1748597371/nestjs_uploads/vce2gudp9o4mm4fn8xt0.jpg\",\"https://res.cloudinary.com/dizcvrefo/image/upload/v1748597372/nestjs_uploads/u691vkjqxrek1dv0wtbm.jpg\",\"https://res.cloudinary.com/dizcvrefo/image/upload/v1748597371/nestjs_uploads/feqbcopm8ge8maj3hu6k.jpg\"],\"caption\":\"ok\",\"location\":null,\"tags\":[],\"isPublic\":true,\"likeCount\":0,\"commentCount\":0,\"sharedCount\":0,\"createdAt\":\"2025-05-30T09:29:34.405Z\",\"updatedAt\":\"2025-05-30T09:29:34.405Z\",\"author\":{\"username\":\"nam\",\"profilePic\":\"https://res.cloudinary.com/dizcvrefo/image/upload/v1749266646/nestjs_uploads/zk9zrpeidnovxibfqdxr.png\"},\"_count\":{\"likes\":3,\"comments\":0},\"score\":0.01039494098434677,\"isLike\":true,\"isToday\":false,\"isFollowing\":false,\"isSelf\":true}]}",
    "testStatus": "PASS",
    "failureReason": "All validations passed"
  },
  {
    "bearerToken": "",
    "page": "2",
    "limit": "5",
    "testDescription": "Get posts feed v?i page=2, limit=5",
    "expectedStatus": 200.0,
    "expectedResult": "{\"message\": \"Feed\", \"statusCode\": 200, \"status\": \"success\", \"data\": []}",
    "responseStatus": "200",
    "result": "{\"message\":\"Feed\",\"statusCode\":200,\"status\":\"success\",\"data\":[{\"id\":\"c8151412-bc98-49ec-88ff-57b89cc2ce67\",\"authorId\":\"08515b05-2d3e-4789-ad60-db35525a4970\",\"imageUrl\":[\"https://res.cloudinary.com/dizcvrefo/image/upload/v1748933672/nestjs_uploads/rpehmvwkwptjktjzllxz.jpg\",\"https://res.cloudinary.com/dizcvrefo/image/upload/v1748933672/nestjs_uploads/xl8wce3gldsuaekfnfwo.jpg\",\"https://res.cloudinary.com/dizcvrefo/image/upload/v1748933671/nestjs_uploads/ee1ntt1feukxfszhma1b.jpg\"],\"caption\":\"Moi di hom nay\",\"location\":null,\"tags\":[],\"isPublic\":true,\"likeCount\":0,\"commentCount\":0,\"sharedCount\":0,\"createdAt\":\"2025-06-03T06:54:33.756Z\",\"updatedAt\":\"2025-06-03T06:54:33.756Z\",\"author\":{\"username\":\"nam\",\"profilePic\":\"https://res.cloudinary.com/dizcvrefo/image/upload/v1749266646/nestjs_uploads/zk9zrpeidnovxibfqdxr.png\"},\"_count\":{\"likes\":3,\"comments\":0},\"score\":0.01240214092853489,\"isLike\":true,\"isToday\":false,\"isFollowing\":false,\"isSelf\":true},{\"id\":\"45a2d709-c6c9-4887-9235-dbbd2d381827\",\"authorId\":\"08515b05-2d3e-4789-ad60-db35525a4970\",\"imageUrl\":[\"https://res.cloudinary.com/dizcvrefo/image/upload/v1748932129/nestjs_uploads/ecwyixgm9kf0zdng7bdp.png\",\"https://res.cloudinary.com/dizcvrefo/image/upload/v1748932129/nestjs_uploads/uhl3z1wamgjxl5o4vq1l.jpg\",\"https://res.cloudinary.com/dizcvrefo/image/upload/v1748932129/nestjs_uploads/pavlktzorkfcm5pp31io.jpg\",\"https://res.cloudinary.com/dizcvrefo/image/upload/v1748932129/nestjs_uploads/knew9jcdpmwaleoa6oov.jpg\"],\"caption\":\"Di choi di anh em oi\",\"location\":null,\"tags\":[],\"isPublic\":true,\"likeCount\":0,\"commentCount\":0,\"sharedCount\":0,\"createdAt\":\"2025-06-03T06:28:51.322Z\",\"updatedAt\":\"2025-06-03T06:28:51.322Z\",\"author\":{\"username\":\"nam\",\"profilePic\":\"https://res.cloudinary.com/dizcvrefo/image/upload/v1749266646/nestjs_uploads/zk9zrpeidnovxibfqdxr.png\"},\"_count\":{\"likes\":3,\"comments\":0},\"score\":0.012391167010521073,\"isLike\":true,\"isToday\":false,\"isFollowing\":false,\"isSelf\":true},{\"id\":\"bd9fb1fc-af49-4625-aa11-a458424d17ca\",\"authorId\":\"08515b05-2d3e-4789-ad60-db35525a4970\",\"imageUrl\":[\"https://res.cloudinary.com/dizcvrefo/image/upload/v1749400565/nestjs_uploads/srvf0b7b2fnsab8uqc8g.jpg\",\"https://res.cloudinary.com/dizcvrefo/image/upload/v1749400565/nestjs_uploads/u2gybzjxkewsxa1atyq4.jpg\",\"https://res.cloudinary.com/dizcvrefo/image/upload/v1749400565/nestjs_uploads/lottkkizhi1ngodzx4pp.jpg\"],\"caption\":\"toi la NAM BO\",\"location\":null,\"tags\":[],\"isPublic\":true,\"likeCount\":0,\"commentCount\":0,\"sharedCount\":0,\"createdAt\":\"2025-06-08T16:36:04.450Z\",\"updatedAt\":\"2025-06-08T16:36:04.450Z\",\"author\":{\"username\":\"nam\",\"profilePic\":\"https://res.cloudinary.com/dizcvrefo/image/upload/v1749266646/nestjs_uploads/zk9zrpeidnovxibfqdxr.png\"},\"_count\":{\"likes\":2,\"comments\":0},\"score\":0.011296385013159115,\"isLike\":true,\"isToday\":false,\"isFollowing\":false,\"isSelf\":true},{\"id\":\"8a0e35ce-0f39-4475-b2d2-15c217983926\",\"authorId\":\"08515b05-2d3e-4789-ad60-db35525a4970\",\"imageUrl\":[\"https://res.cloudinary.com/dizcvrefo/image/upload/v1748597950/nestjs_uploads/siabu4jmaf7nfak5xkgc.jpg\",\"https://res.cloudinary.com/dizcvrefo/image/upload/v1748597951/nestjs_uploads/bufde4typyni9j408ua4.jpg\",\"https://res.cloudinary.com/dizcvrefo/image/upload/v1748597951/nestjs_uploads/yk6tjdkirr4a7ons7iz5.jpg\"],\"caption\":\"?n gì không\",\"location\":null,\"tags\":[],\"isPublic\":true,\"likeCount\":0,\"commentCount\":0,\"sharedCount\":0,\"createdAt\":\"2025-05-30T09:39:13.647Z\",\"updatedAt\":\"2025-05-30T09:39:13.647Z\",\"author\":{\"username\":\"nam\",\"profilePic\":\"https://res.cloudinary.com/dizcvrefo/image/upload/v1749266646/nestjs_uploads/zk9zrpeidnovxibfqdxr.png\"},\"_count\":{\"likes\":3,\"comments\":0},\"score\":0.010397838185462862,\"isLike\":true,\"isToday\":false,\"isFollowing\":false,\"isSelf\":true},{\"id\":\"b96886bd-5f00-41af-a440-152f360f1657\",\"authorId\":\"08515b05-2d3e-4789-ad60-db35525a4970\",\"imageUrl\":[\"https://res.cloudinary.com/dizcvrefo/image/upload/v1748597371/nestjs_uploads/vce2gudp9o4mm4fn8xt0.jpg\",\"https://res.cloudinary.com/dizcvrefo/image/upload/v1748597372/nestjs_uploads/u691vkjqxrek1dv0wtbm.jpg\",\"https://res.cloudinary.com/dizcvrefo/image/upload/v1748597371/nestjs_uploads/feqbcopm8ge8maj3hu6k.jpg\"],\"caption\":\"ok\",\"location\":null,\"tags\":[],\"isPublic\":true,\"likeCount\":0,\"commentCount\":0,\"sharedCount\":0,\"createdAt\":\"2025-05-30T09:29:34.405Z\",\"updatedAt\":\"2025-05-30T09:29:34.405Z\",\"author\":{\"username\":\"nam\",\"profilePic\":\"https://res.cloudinary.com/dizcvrefo/image/upload/v1749266646/nestjs_uploads/zk9zrpeidnovxibfqdxr.png\"},\"_count\":{\"likes\":3,\"comments\":0},\"score\":0.010394939698694934,\"isLike\":true,\"isToday\":false,\"isFollowing\":false,\"isSelf\":true},{\"id\":\"d79e9a48-ca20-40fd-bb11-ed7302657db9\",\"authorId\":\"08515b05-2d3e-4789-ad60-db35525a4970\",\"imageUrl\":[\"https://res.cloudinary.com/dizcvrefo/image/upload/v1749382783/nestjs_uploads/buqh5wktqj3y5etgfxok.jpg\",\"https://res.cloudinary.com/dizcvrefo/image/upload/v1749382789/nestjs_uploads/wjm5idulrdjhv7yuc477.jpg\",\"https://res.cloudinary.com/dizcvrefo/image/upload/v1749382781/nestjs_uploads/ztoyccvbrahzxkbm7mxb.jpg\",\"https://res.cloudinary.com/dizcvrefo/image/upload/v1749383075/nestjs_uploads/yjbnpjozb3x4suirhe9d.jpg\",\"https://res.cloudinary.com/dizcvrefo/image/upload/v1749383076/nestjs_uploads/wurnhokpsyvvjg60iceu.jpg\"],\"caption\":\"Hôm nay là th? 7 em thích ?i thích ?i vào bar u?ng ? ???\",\"location\":null,\"tags\":[],\"isPublic\":true,\"likeCount\":0,\"commentCount\":0,\"sharedCount\":0,\"createdAt\":\"2025-05-28T09:56:16.976Z\",\"updatedAt\":\"2025-06-08T11:44:37.991Z\",\"author\":{\"username\":\"nam\",\"profilePic\":\"https://res.cloudinary.com/dizcvrefo/image/upload/v1749266646/nestjs_uploads/zk9zrpeidnovxibfqdxr.png\"},\"_count\":{\"likes\":3,\"comments\":0},\"score\":0.009603706770446231,\"isLike\":true,\"isToday\":false,\"isFollowing\":false,\"isSelf\":true},{\"id\":\"028cfac7-688b-4f4d-832d-1dd681b89e64\",\"authorId\":\"08515b05-2d3e-4789-ad60-db35525a4970\",\"imageUrl\":[\"https://res.cloudinary.com/dizcvrefo/image/upload/v1748964089/nestjs_uploads/r2x7j8rz3gfsze8o0fe7.jpg\",\"https://res.cloudinary.com/dizcvrefo/image/upload/v1748964089/nestjs_uploads/ebic5ju0e6btkxv2g526.jpg\",\"https://res.cloudinary.com/dizcvrefo/image/upload/v1748964089/nestjs_uploads/ngkhumq5qjehuoqmvxqv.jpg\"],\"caption\":\"Di uong bia\",\"location\":null,\"tags\":[],\"isPublic\":true,\"likeCount\":0,\"commentCount\":0,\"sharedCount\":0,\"createdAt\":\"2025-06-03T15:21:31.678Z\",\"updatedAt\":\"2025-06-03T15:21:31.678Z\",\"author\":{\"username\":\"nam\",\"profilePic\":\"https://res.cloudinary.com/dizcvrefo/image/upload/v1749266646/nestjs_uploads/zk9zrpeidnovxibfqdxr.png\"},\"_count\":{\"likes\":2,\"comments\":0},\"score\":0.008415064358596295,\"isLike\":true,\"isToday\":false,\"isFollowing\":false,\"isSelf\":true},{\"id\":\"52cfd912-292f-4fbf-9240-3000d608dcd4\",\"authorId\":\"e7b38cb7-6701-40d9-a3bd-f53fc4d43457\",\"imageUrl\":[\"https://res.cloudinary.com/dizcvrefo/image/upload/v1749316896/nestjs_uploads/lc1jqjzblqshqho7eavx.jpg\"],\"caption\":\"This is my first post\",\"location\":null,\"tags\":[],\"isPublic\":true,\"likeCount\":0,\"commentCount\":0,\"sharedCount\":0,\"createdAt\":\"2025-05-14T05:28:07.619Z\",\"updatedAt\":\"2025-06-07T17:21:37.389Z\",\"author\":{\"username\":\"ductrong\",\"profilePic\":null},\"_count\":{\"likes\":3,\"comments\":0},\"score\":0.006216147683499124,\"isLike\":true,\"isToday\":false,\"isFollowing\":false,\"isSelf\":false},{\"id\":\"7918bc4d-383d-462e-afab-91099bc69905\",\"authorId\":\"08515b05-2d3e-4789-ad60-db35525a4970\",\"imageUrl\":[\"https://res.cloudinary.com/dizcvrefo/image/upload/v1749449962/nestjs_uploads/h3loqo8k5fpmi2ipdtof.jpg\"],\"caption\":\"??p trai thì m?i có nhi?u ??a yêu h? h?\",\"location\":null,\"tags\":[],\"isPublic\":true,\"likeCount\":0,\"commentCount\":0,\"sharedCount\":0,\"createdAt\":\"2025-06-09T06:19:23.318Z\",\"updatedAt\":\"2025-06-09T06:19:23.318Z\",\"author\":{\"username\":\"nam\",\"profilePic\":\"https://res.cloudinary.com/dizcvrefo/image/upload/v1749266646/nestjs_uploads/zk9zrpeidnovxibfqdxr.png\"},\"_count\":{\"likes\":1,\"comments\":0},\"score\":0.005875895126008567,\"isLike\":true,\"isToday\":false,\"isFollowing\":false,\"isSelf\":true},{\"id\":\"0c10c426-3d53-443a-8155-39234544c693\",\"authorId\":\"08515b05-2d3e-4789-ad60-db35525a4970\",\"imageUrl\":[\"https://res.cloudinary.com/dizcvrefo/image/upload/v1749397668/nestjs_uploads/umpwoepazt6it2racqhe.webp\",\"https://res.cloudinary.com/dizcvrefo/image/upload/v1749397668/nestjs_uploads/hcj53nurl5lpudcfaz3f.webp\",\"https://res.cloudinary.com/dizcvrefo/image/upload/v1749397668/nestjs_uploads/qv1vfbg7k6lkeldhb7e3.webp\",\"https://res.cloudinary.com/dizcvrefo/image/upload/v1749397668/nestjs_uploads/c6ruaxtyahilompxxej9.webp\"],\"caption\":\"Tr?i xanh mây tr?ng\",\"location\":null,\"tags\":[],\"isPublic\":true,\"likeCount\":0,\"commentCount\":0,\"sharedCount\":0,\"createdAt\":\"2025-06-08T15:47:50.242Z\",\"updatedAt\":\"2025-06-08T15:47:50.242Z\",\"author\":{\"username\":\"nam\",\"profilePic\":\"https://res.cloudinary.com/dizcvrefo/image/upload/v1749266646/nestjs_uploads/zk9zrpeidnovxibfqdxr.png\"},\"_count\":{\"likes\":1,\"comments\":0},\"score\":0.005635397771166526,\"isLike\":false,\"isToday\":false,\"isFollowing\":false,\"isSelf\":true},{\"id\":\"d296ef84-ae0f-4d14-a91a-15dd66bc0dac\",\"authorId\":\"08515b05-2d3e-4789-ad60-db35525a4970\",\"imageUrl\":[\"https://res.cloudinary.com/dizcvrefo/image/upload/v1749397436/nestjs_uploads/w9d8ldmhonbzeenkcxpb.jpg\",\"https://res.cloudinary.com/dizcvrefo/image/upload/v1749397436/nestjs_uploads/g8xrn89xfaz4ssvslueo.jpg\",\"https://res.cloudinary.com/dizcvrefo/image/upload/v1749397436/nestjs_uploads/wggtlkgkwlcrmgrhskup.jpg\"],\"caption\":\"??ng tìm nhau vào hôm gió m?a t?i b?i\",\"location\":null,\"tags\":[],\"isPublic\":true,\"likeCount\":0,\"commentCount\":0,\"sharedCount\":0,\"createdAt\":\"2025-06-08T15:43:57.895Z\",\"updatedAt\":\"2025-06-08T15:43:57.895Z\",\"author\":{\"username\":\"nam\",\"profilePic\":\"https://res.cloudinary.com/dizcvrefo/image/upload/v1749266646/nestjs_uploads/zk9zrpeidnovxibfqdxr.png\"},\"_count\":{\"likes\":1,\"comments\":0},\"score\":0.00563437312303478,\"isLike\":true,\"isToday\":false,\"isFollowing\":false,\"isSelf\":true},{\"id\":\"f1eae5ad-ef38-43e0-a9b8-1c1e0c2f6efd\",\"authorId\":\"08515b05-2d3e-4789-ad60-db35525a4970\",\"imageUrl\":[\"https://res.cloudinary.com/dizcvrefo/image/upload/v1749397189/nestjs_uploads/n24psljoc11kfpxrlozi.jpg\",\"https://res.cloudinary.com/dizcvrefo/image/upload/v1749397188/nestjs_uploads/ebdf0uii6p2yc3m30ruv.webp\",\"https://res.cloudinary.com/dizcvrefo/image/upload/v1749397188/nestjs_uploads/vrc16ao0luptsqlvep2z.webp\"],\"caption\":\"Trong ??m gì ??p b?ng sen\",\"location\":null,\"tags\":[],\"isPublic\":true,\"likeCount\":0,\"commentCount\":0,\"sharedCount\":0,\"createdAt\":\"2025-06-08T15:39:50.851Z\",\"updatedAt\":\"2025-06-08T15:39:50.851Z\",\"author\":{\"username\":\"nam\",\"profilePic\":\"https://res.cloudinary.com/dizcvrefo/image/upload/v1749266646/nestjs_uploads/zk9zrpeidnovxibfqdxr.png\"},\"_count\":{\"likes\":1,\"comments\":0},\"score\":0.005633284069899021,\"isLike\":true,\"isToday\":false,\"isFollowing\":false,\"isSelf\":true},{\"id\":\"546e44ab-45c4-4412-83c9-4a2cd786d46f\",\"authorId\":\"08515b05-2d3e-4789-ad60-db35525a4970\",\"imageUrl\":[\"https://res.cloudinary.com/dizcvrefo/image/upload/v1749223872/nestjs_uploads/u1lkztc9gc8jfijtppib.jpg\",\"https://res.cloudinary.com/dizcvrefo/image/upload/v1749223872/nestjs_uploads/hvbjhzpqvpw9kjrejiko.jpg\",\"https://res.cloudinary.com/dizcvrefo/image/upload/v1749223872/nestjs_uploads/a9s8eujvzsy7sminvaaw.jpg\",\"https://res.cloudinary.com/dizcvrefo/image/upload/v1749223872/nestjs_uploads/l0darr6gsfvyaz3udhvr.jpg\"],\"caption\":\"Th?i ti?t nóng nh? cái lò\",\"location\":null,\"tags\":[],\"isPublic\":true,\"likeCount\":0,\"commentCount\":0,\"sharedCount\":0,\"createdAt\":\"2025-06-06T15:31:13.422Z\",\"updatedAt\":\"2025-06-06T15:31:13.422Z\",\"author\":{\"username\":\"nam\",\"profilePic\":\"https://res.cloudinary.com/dizcvrefo/image/upload/v1749266646/nestjs_uploads/zk9zrpeidnovxibfqdxr.png\"},\"_count\":{\"likes\":1,\"comments\":0},\"score\":0.00496060755702469,\"isLike\":true,\"isToday\":false,\"isFollowing\":false,\"isSelf\":true},{\"id\":\"d227a0c8-1c22-46cc-b7d2-4cdc49559d5a\",\"authorId\":\"08515b05-2d3e-4789-ad60-db35525a4970\",\"imageUrl\":[\"https://res.cloudinary.com/dizcvrefo/image/upload/v1749396710/nestjs_uploads/rbfbkt8z02milpnwumdf.jpg\",\"https://res.cloudinary.com/dizcvrefo/image/upload/v1749396710/nestjs_uploads/vgcadq2d5bc0n7ccenbd.jpg\",\"https://res.cloudinary.com/dizcvrefo/image/upload/v1749396710/nestjs_uploads/mnxecfqiyziizzhgvpkx.jpg\",\"https://res.cloudinary.com/dizcvrefo/image/upload/v1749396710/nestjs_uploads/ejjhcrbzulhtddkxenrb.jpg\"],\"caption\":\"Qu?c t? thi?u nhi\",\"location\":null,\"tags\":[],\"isPublic\":true,\"likeCount\":0,\"commentCount\":0,\"sharedCount\":0,\"createdAt\":\"2025-06-08T15:31:52.624Z\",\"updatedAt\":\"2025-06-08T15:31:52.624Z\",\"author\":{\"username\":\"nam\",\"profilePic\":\"https://res.cloudinary.com/dizcvrefo/image/upload/v1749266646/nestjs_uploads/zk9zrpeidnovxibfqdxr.png\"},\"_count\":{\"likes\":0,\"comments\":0},\"score\":0,\"isLike\":false,\"isToday\":false,\"isFollowing\":false,\"isSelf\":true}]}",
    "testStatus": "PASS",
    "failureReason": "All validations passed"
  },
  {
    "bearerToken": "",
    "page": "",
    "limit": "10",
    "testDescription": "Get posts feed không có page (default), limit=10",
    "expectedStatus": 200.0,
    "expectedResult": "{\"message\": \"Feed\", \"statusCode\": 200, \"status\": \"success\", \"data\": []}",
    "responseStatus": "400",
    "result": "{\"success\":false,\"statusCode\":400,\"message\":\"Không có d? li?u ???c g?i lên\",\"path\":\"/posts/feed?limit=10\",\"timestamp\":\"2025-06-23T10:41:48.612Z\"}",
    "testStatus": "FAIL",
    "failureReason": "Status mismatch: Expected 200, got 400"
  },
  {
    "bearerToken": "",
    "page": "1",
    "limit": "",
    "testDescription": "Get posts feed page=1, không có limit (default)",
    "expectedStatus": 200.0,
    "expectedResult": "{\"message\": \"Feed\", \"statusCode\": 200, \"status\": \"success\", \"data\": []}",
    "responseStatus": "400",
    "result": "{\"success\":false,\"statusCode\":400,\"message\":\"Không có d? li?u ???c g?i lên\",\"path\":\"/posts/feed?page=1\",\"timestamp\":\"2025-06-23T10:41:48.677Z\"}",
    "testStatus": "FAIL",
    "failureReason": "Status mismatch: Expected 200, got 400"
  },
  {
    "bearerToken": "NO_TOKEN",
    "page": "1",
    "limit": "10",
    "testDescription": "Thi?u token xác th?c",
    "expectedStatus": 401.0,
    "expectedResult": "{\"error\": \"Unauthorized\"}",
    "responseStatus": "401",
    "result": "{\"success\":false,\"statusCode\":401,\"message\":\"Unauthorized\",\"path\":\"/posts/feed?limit=10&page=1\",\"timestamp\":\"2025-06-23T10:41:48.708Z\"}",
    "testStatus": "PASS",
    "failureReason": "All validations passed"
  },
  {
    "bearerToken": "INVALID_TOKEN",
    "page": "1",
    "limit": "10",
    "testDescription": "Token không h?p l?",
    "expectedStatus": 401.0,
    "expectedResult": "{\"error\": \"Invalid or expired token\"}",
    "responseStatus": "401",
    "result": "{\"success\":false,\"statusCode\":401,\"message\":\"Unauthorized\",\"path\":\"/posts/feed?limit=10&page=1\",\"timestamp\":\"2025-06-23T10:41:48.729Z\"}",
    "testStatus": "PASS",
    "failureReason": "All validations passed"
  },
  {
    "bearerToken": "",
    "page": "-1",
    "limit": "10",
    "testDescription": "Page s? âm",
    "expectedStatus": 400.0,
    "expectedResult": "{\"error\": \"Page must be positive number\"}",
    "responseStatus": "200",
    "result": "{\"message\":\"Feed\",\"statusCode\":200,\"status\":\"success\",\"data\":[]}",
    "testStatus": "FAIL",
    "failureReason": "Status mismatch: Expected 400, got 200"
  },
  {
    "bearerToken": "",
    "page": "1",
    "limit": "-5",
    "testDescription": "Limit s? âm",
    "expectedStatus": 400.0,
    "expectedResult": "{\"error\": \"Limit must be positive number\"}",
    "responseStatus": "200",
    "result": "{\"message\":\"Feed\",\"statusCode\":200,\"status\":\"success\",\"data\":[]}",
    "testStatus": "FAIL",
    "failureReason": "Status mismatch: Expected 400, got 200"
  },
  {
    "bearerToken": "",
    "page": "0",
    "limit": "10",
    "testDescription": "Page = 0",
    "expectedStatus": 400.0,
    "expectedResult": "{\"error\": \"Page must be positive number\"}",
    "responseStatus": "200",
    "result": "{\"message\":\"Feed\",\"statusCode\":200,\"status\":\"success\",\"data\":[]}",
    "testStatus": "FAIL",
    "failureReason": "Status mismatch: Expected 400, got 200"
  },
  {
    "bearerToken": "",
    "page": "1",
    "limit": "0",
    "testDescription": "Limit = 0",
    "expectedStatus": 400.0,
    "expectedResult": "{\"error\": \"Limit must be positive number\"}",
    "responseStatus": "200",
    "result": "{\"message\":\"Feed\",\"statusCode\":200,\"status\":\"success\",\"data\":[]}",
    "testStatus": "FAIL",
    "failureReason": "Status mismatch: Expected 400, got 200"
  },
  {
    "bearerToken": "",
    "page": "1",
    "limit": "1000",
    "testDescription": "Limit quá l?n (1000)",
    "expectedStatus": 400.0,
    "expectedResult": "{\"error\": \"Limit exceeds maximum allowed\"}",
    "responseStatus": "200",
    "result": "{\"message\":\"Feed\",\"statusCode\":200,\"status\":\"success\",\"data\":[{\"id\":\"007fcd52-ae77-4c58-988d-36ef78edc29b\",\"authorId\":\"dacf294e-491b-47ff-bd74-bfe5ddbfbdf9\",\"imageUrl\":[\"https://res.cloudinary.com/dizcvrefo/image/upload/v1748598131/nestjs_uploads/tsh3n10qz6mojbkiayhx.jpg\",\"https://res.cloudinary.com/dizcvrefo/image/upload/v1748598131/nestjs_uploads/no5fdmt60yg8li6gvwao.jpg\",\"https://res.cloudinary.com/dizcvrefo/image/upload/v1748598131/nestjs_uploads/lbn3umepxtqxjcw51mv0.jpg\",\"https://res.cloudinary.com/dizcvrefo/image/upload/v1748598131/nestjs_uploads/e4nufb9kmremurdaanw5.jpg\",\"https://res.cloudinary.com/dizcvrefo/image/upload/v1748598131/nestjs_uploads/pqwqj0gdwqfqqyct54hz.jpg\",\"https://res.cloudinary.com/dizcvrefo/image/upload/v1748598130/nestjs_uploads/dics8pfhps2jfskadthz.jpg\"],\"caption\":\"Th? thao ?i?n t?\",\"location\":null,\"tags\":[],\"isPublic\":true,\"likeCount\":0,\"commentCount\":0,\"sharedCount\":0,\"createdAt\":\"2025-05-30T09:42:13.811Z\",\"updatedAt\":\"2025-05-30T09:42:13.811Z\",\"author\":{\"username\":\"chinh\",\"profilePic\":\"https://hebbkx1anhila5yf.public.blob.vercel-storage.com/image-hiZZ98WEvmBOkk3oAqffc3ReiwtEIO.png\"},\"_count\":{\"likes\":3,\"comments\":0},\"score\":0.019064346530751265,\"isLike\":true,\"isToday\":false,\"isFollowing\":true,\"isSelf\":false},{\"id\":\"479ed759-3811-4b84-8141-bff184fae4b8\",\"authorId\":\"dacf294e-491b-47ff-bd74-bfe5ddbfbdf9\",\"imageUrl\":[\"https://res.cloudinary.com/dizcvrefo/image/upload/v1748596741/nestjs_uploads/g8vk3zn2rfop6caitmfb.jpg\",\"https://res.cloudinary.com/dizcvrefo/image/upload/v1748596741/nestjs_uploads/cqcspqsifpg0ndthyuax.jpg\",\"https://res.cloudinary.com/dizcvrefo/image/upload/v1748596741/nestjs_uploads/hc3svmdbfotscvcctfoq.jpg\",\"https://res.cloudinary.com/dizcvrefo/image/upload/v1748596742/nestjs_uploads/fxjvluy2vpyfuspukumf.jpg\",\"https://res.cloudinary.com/dizcvrefo/image/upload/v1748596741/nestjs_uploads/sb38euks3gzg5f92uiig.jpg\"],\"caption\":\"Village\",\"location\":null,\"tags\":[],\"isPublic\":true,\"likeCount\":0,\"commentCount\":0,\"sharedCount\":0,\"createdAt\":\"2025-05-30T09:19:04.180Z\",\"updatedAt\":\"2025-05-30T09:19:04.180Z\",\"author\":{\"username\":\"chinh\",\"profilePic\":\"https://hebbkx1anhila5yf.public.blob.vercel-storage.com/image-hiZZ98WEvmBOkk3oAqffc3ReiwtEIO.png\"},\"_count\":{\"likes\":3,\"comments\":0},\"score\":0.01905160100634213,\"isLike\":true,\"isToday\":false,\"isFollowing\":true,\"isSelf\":false},{\"id\":\"9ef01284-6f35-4f8a-9d58-3f5891acc766\",\"authorId\":\"dacf294e-491b-47ff-bd74-bfe5ddbfbdf9\",\"imageUrl\":[\"https://res.cloudinary.com/dizcvrefo/image/upload/v1748596489/nestjs_uploads/ue1yvhe1qzvlc2pmkjee.jpg\",\"https://res.cloudinary.com/dizcvrefo/image/upload/v1748596493/nestjs_uploads/bm3pcnpqmnppnsuq0pv9.jpg\",\"https://res.cloudinary.com/dizcvrefo/image/upload/v1748596489/nestjs_uploads/q6nipodzp1mdnpm1p13g.jpg\",\"https://res.cloudinary.com/dizcvrefo/image/upload/v1748596489/nestjs_uploads/icygr75zfmxk0ehqsnwo.jpg\",\"https://res.cloudinary.com/dizcvrefo/image/upload/v1748596489/nestjs_uploads/ghgd01xzcaxpra5httqg.jpg\",\"https://res.cloudinary.com/dizcvrefo/image/upload/v1748596489/nestjs_uploads/o53mpfip4l7dbjbd7wcw.jpg\"],\"caption\":\"Nh?u\",\"location\":null,\"tags\":[],\"isPublic\":true,\"likeCount\":0,\"commentCount\":0,\"sharedCount\":0,\"createdAt\":\"2025-05-30T09:14:54.972Z\",\"updatedAt\":\"2025-05-30T09:14:54.972Z\",\"author\":{\"username\":\"chinh\",\"profilePic\":\"https://hebbkx1anhila5yf.public.blob.vercel-storage.com/image-hiZZ98WEvmBOkk3oAqffc3ReiwtEIO.png\"},\"_count\":{\"likes\":3,\"comments\":0},\"score\":0.01904931710319586,\"isLike\":true,\"isToday\":false,\"isFollowing\":true,\"isSelf\":false},{\"id\":\"9c4e8842-ced5-492b-9423-890177a28564\",\"authorId\":\"2b84aa24-668a-40e2-af1c-ad4fc4fa5a6f\",\"imageUrl\":[\"https://res.cloudinary.com/dizcvrefo/image/upload/v1748659538/nestjs_uploads/n4mg888um8bynequtdtp.jpg\",\"https://res.cloudinary.com/dizcvrefo/image/upload/v1748659538/nestjs_uploads/mfqojpf1bufduxfh0j0n.jpg\",\"https://res.cloudinary.com/dizcvrefo/image/upload/v1748659538/nestjs_uploads/vx9qkwao5v4hdeqiplsp.jpg\",\"https://res.cloudinary.com/dizcvrefo/image/upload/v1748659538/nestjs_uploads/r2sv0p0echvnrwqxoswu.jpg\"],\"caption\":\"Ha noi nay tro gio\",\"location\":null,\"tags\":[],\"isPublic\":true,\"likeCount\":0,\"commentCount\":0,\"sharedCount\":0,\"createdAt\":\"2025-05-31T02:45:39.688Z\",\"updatedAt\":\"2025-05-31T02:45:39.688Z\",\"author\":{\"username\":\"quang1\",\"profilePic\":\"https://res.cloudinary.com/dizcvrefo/image/upload/v1749027586/nestjs_uploads/xehairydt9rzlbmbmv4c.jpg\"},\"_count\":{\"likes\":2,\"comments\":0},\"score\":0.016073262629557928,\"isLike\":false,\"isToday\":false,\"isFollowing\":true,\"isSelf\":false},{\"id\":\"e3f481cc-53c6-41c8-9a28-cd2f9c4f2f46\",\"authorId\":\"2b84aa24-668a-40e2-af1c-ad4fc4fa5a6f\",\"imageUrl\":[\"https://res.cloudinary.com/dizcvrefo/image/upload/v1749027663/nestjs_uploads/nuuktb6j4oy5jnuyt3ws.jpg\",\"https://res.cloudinary.com/dizcvrefo/image/upload/v1749027663/nestjs_uploads/aa03sao5n7bkhyhhrovx.jpg\",\"https://res.cloudinary.com/dizcvrefo/image/upload/v1749027663/nestjs_uploads/hic88kwvdqoltmqsueim.jpg\",\"https://res.cloudinary.com/dizcvrefo/image/upload/v1749027664/nestjs_uploads/hrnmt9e7g7pavf2fxwyw.png\",\"https://res.cloudinary.com/dizcvrefo/image/upload/v1749027664/nestjs_uploads/oxa2hbuxzj3lngjbubpf.jpg\",\"https://res.cloudinary.com/dizcvrefo/image/upload/v1749027663/nestjs_uploads/scrigmpzvmixwv9ddfnl.jpg\",\"https://res.cloudinary.com/dizcvrefo/image/upload/v1749027664/nestjs_uploads/wpnyt5jyz8lgj2bvprin.jpg\"],\"caption\":\"Buon that, hom nay toi thi truot\",\"location\":null,\"tags\":[],\"isPublic\":true,\"likeCount\":0,\"commentCount\":0,\"sharedCount\":0,\"createdAt\":\"2025-06-04T09:01:06.391Z\",\"updatedAt\":\"2025-06-04T09:01:06.391Z\",\"author\":{\"username\":\"quang1\",\"profilePic\":\"https://res.cloudinary.com/dizcvrefo/image/upload/v1749027586/nestjs_uploads/xehairydt9rzlbmbmv4c.jpg\"},\"_count\":{\"likes\":1,\"comments\":0},\"score\":0.01529457293764827,\"isLike\":false,\"isToday\":false,\"isFollowing\":true,\"isSelf\":false},{\"id\":\"c8151412-bc98-49ec-88ff-57b89cc2ce67\",\"authorId\":\"08515b05-2d3e-4789-ad60-db35525a4970\",\"imageUrl\":[\"https://res.cloudinary.com/dizcvrefo/image/upload/v1748933672/nestjs_uploads/rpehmvwkwptjktjzllxz.jpg\",\"https://res.cloudinary.com/dizcvrefo/image/upload/v1748933672/nestjs_uploads/xl8wce3gldsuaekfnfwo.jpg\",\"https://res.cloudinary.com/dizcvrefo/image/upload/v1748933671/nestjs_uploads/ee1ntt1feukxfszhma1b.jpg\"],\"caption\":\"Moi di hom nay\",\"location\":null,\"tags\":[],\"isPublic\":true,\"likeCount\":0,\"commentCount\":0,\"sharedCount\":0,\"createdAt\":\"2025-06-03T06:54:33.756Z\",\"updatedAt\":\"2025-06-03T06:54:33.756Z\",\"author\":{\"username\":\"nam\",\"profilePic\":\"https://res.cloudinary.com/dizcvrefo/image/upload/v1749266646/nestjs_uploads/zk9zrpeidnovxibfqdxr.png\"},\"_count\":{\"likes\":3,\"comments\":0},\"score\":0.012402133002892739,\"isLike\":true,\"isToday\":false,\"isFollowing\":false,\"isSelf\":true},{\"id\":\"45a2d709-c6c9-4887-9235-dbbd2d381827\",\"authorId\":\"08515b05-2d3e-4789-ad60-db35525a4970\",\"imageUrl\":[\"https://res.cloudinary.com/dizcvrefo/image/upload/v1748932129/nestjs_uploads/ecwyixgm9kf0zdng7bdp.png\",\"https://res.cloudinary.com/dizcvrefo/image/upload/v1748932129/nestjs_uploads/uhl3z1wamgjxl5o4vq1l.jpg\",\"https://res.cloudinary.com/dizcvrefo/image/upload/v1748932129/nestjs_uploads/pavlktzorkfcm5pp31io.jpg\",\"https://res.cloudinary.com/dizcvrefo/image/upload/v1748932129/nestjs_uploads/knew9jcdpmwaleoa6oov.jpg\"],\"caption\":\"Di choi di anh em oi\",\"location\":null,\"tags\":[],\"isPublic\":true,\"likeCount\":0,\"commentCount\":0,\"sharedCount\":0,\"createdAt\":\"2025-06-03T06:28:51.322Z\",\"updatedAt\":\"2025-06-03T06:28:51.322Z\",\"author\":{\"username\":\"nam\",\"profilePic\":\"https://res.cloudinary.com/dizcvrefo/image/upload/v1749266646/nestjs_uploads/zk9zrpeidnovxibfqdxr.png\"},\"_count\":{\"likes\":3,\"comments\":0},\"score\":0.012391159098898572,\"isLike\":true,\"isToday\":false,\"isFollowing\":false,\"isSelf\":true},{\"id\":\"bd9fb1fc-af49-4625-aa11-a458424d17ca\",\"authorId\":\"08515b05-2d3e-4789-ad60-db35525a4970\",\"imageUrl\":[\"https://res.cloudinary.com/dizcvrefo/image/upload/v1749400565/nestjs_uploads/srvf0b7b2fnsab8uqc8g.jpg\",\"https://res.cloudinary.com/dizcvrefo/image/upload/v1749400565/nestjs_uploads/u2gybzjxkewsxa1atyq4.jpg\",\"https://res.cloudinary.com/dizcvrefo/image/upload/v1749400565/nestjs_uploads/lottkkizhi1ngodzx4pp.jpg\"],\"caption\":\"toi la NAM BO\",\"location\":null,\"tags\":[],\"isPublic\":true,\"likeCount\":0,\"commentCount\":0,\"sharedCount\":0,\"createdAt\":\"2025-06-08T16:36:04.450Z\",\"updatedAt\":\"2025-06-08T16:36:04.450Z\",\"author\":{\"username\":\"nam\",\"profilePic\":\"https://res.cloudinary.com/dizcvrefo/image/upload/v1749266646/nestjs_uploads/zk9zrpeidnovxibfqdxr.png\"},\"_count\":{\"likes\":2,\"comments\":0},\"score\":0.011296375150108428,\"isLike\":true,\"isToday\":false,\"isFollowing\":false,\"isSelf\":true},{\"id\":\"8a0e35ce-0f39-4475-b2d2-15c217983926\",\"authorId\":\"08515b05-2d3e-4789-ad60-db35525a4970\",\"imageUrl\":[\"https://res.cloudinary.com/dizcvrefo/image/upload/v1748597950/nestjs_uploads/siabu4jmaf7nfak5xkgc.jpg\",\"https://res.cloudinary.com/dizcvrefo/image/upload/v1748597951/nestjs_uploads/bufde4typyni9j408ua4.jpg\",\"https://res.cloudinary.com/dizcvrefo/image/upload/v1748597951/nestjs_uploads/yk6tjdkirr4a7ons7iz5.jpg\"],\"caption\":\"?n gì không\",\"location\":null,\"tags\":[],\"isPublic\":true,\"likeCount\":0,\"commentCount\":0,\"sharedCount\":0,\"createdAt\":\"2025-05-30T09:39:13.647Z\",\"updatedAt\":\"2025-05-30T09:39:13.647Z\",\"author\":{\"username\":\"nam\",\"profilePic\":\"https://res.cloudinary.com/dizcvrefo/image/upload/v1749266646/nestjs_uploads/zk9zrpeidnovxibfqdxr.png\"},\"_count\":{\"likes\":3,\"comments\":0},\"score\":0.010397832614538145,\"isLike\":true,\"isToday\":false,\"isFollowing\":false,\"isSelf\":true},{\"id\":\"b96886bd-5f00-41af-a440-152f360f1657\",\"authorId\":\"08515b05-2d3e-4789-ad60-db35525a4970\",\"imageUrl\":[\"https://res.cloudinary.com/dizcvrefo/image/upload/v1748597371/nestjs_uploads/vce2gudp9o4mm4fn8xt0.jpg\",\"https://res.cloudinary.com/dizcvrefo/image/upload/v1748597372/nestjs_uploads/u691vkjqxrek1dv0wtbm.jpg\",\"https://res.cloudinary.com/dizcvrefo/image/upload/v1748597371/nestjs_uploads/feqbcopm8ge8maj3hu6k.jpg\"],\"caption\":\"ok\",\"location\":null,\"tags\":[],\"isPublic\":true,\"likeCount\":0,\"commentCount\":0,\"sharedCount\":0,\"createdAt\":\"2025-05-30T09:29:34.405Z\",\"updatedAt\":\"2025-05-30T09:29:34.405Z\",\"author\":{\"username\":\"nam\",\"profilePic\":\"https://res.cloudinary.com/dizcvrefo/image/upload/v1749266646/nestjs_uploads/zk9zrpeidnovxibfqdxr.png\"},\"_count\":{\"likes\":3,\"comments\":0},\"score\":0.010394934130875673,\"isLike\":true,\"isToday\":false,\"isFollowing\":false,\"isSelf\":true},{\"id\":\"d79e9a48-ca20-40fd-bb11-ed7302657db9\",\"authorId\":\"08515b05-2d3e-4789-ad60-db35525a4970\",\"imageUrl\":[\"https://res.cloudinary.com/dizcvrefo/image/upload/v1749382783/nestjs_uploads/buqh5wktqj3y5etgfxok.jpg\",\"https://res.cloudinary.com/dizcvrefo/image/upload/v1749382789/nestjs_uploads/wjm5idulrdjhv7yuc477.jpg\",\"https://res.cloudinary.com/dizcvrefo/image/upload/v1749382781/nestjs_uploads/ztoyccvbrahzxkbm7mxb.jpg\",\"https://res.cloudinary.com/dizcvrefo/image/upload/v1749383075/nestjs_uploads/yjbnpjozb3x4suirhe9d.jpg\",\"https://res.cloudinary.com/dizcvrefo/image/upload/v1749383076/nestjs_uploads/wurnhokpsyvvjg60iceu.jpg\"],\"caption\":\"Hôm nay là th? 7 em thích ?i thích ?i vào bar u?ng ? ???\",\"location\":null,\"tags\":[],\"isPublic\":true,\"likeCount\":0,\"commentCount\":0,\"sharedCount\":0,\"createdAt\":\"2025-05-28T09:56:16.976Z\",\"updatedAt\":\"2025-06-08T11:44:37.991Z\",\"author\":{\"username\":\"nam\",\"profilePic\":\"https://res.cloudinary.com/dizcvrefo/image/upload/v1749266646/nestjs_uploads/zk9zrpeidnovxibfqdxr.png\"},\"_count\":{\"likes\":3,\"comments\":0},\"score\":0.009603702017980643,\"isLike\":true,\"isToday\":false,\"isFollowing\":false,\"isSelf\":true},{\"id\":\"028cfac7-688b-4f4d-832d-1dd681b89e64\",\"authorId\":\"08515b05-2d3e-4789-ad60-db35525a4970\",\"imageUrl\":[\"https://res.cloudinary.com/dizcvrefo/image/upload/v1748964089/nestjs_uploads/r2x7j8rz3gfsze8o0fe7.jpg\",\"https://res.cloudinary.com/dizcvrefo/image/upload/v1748964089/nestjs_uploads/ebic5ju0e6btkxv2g526.jpg\",\"https://res.cloudinary.com/dizcvrefo/image/upload/v1748964089/nestjs_uploads/ngkhumq5qjehuoqmvxqv.jpg\"],\"caption\":\"Di uong bia\",\"location\":null,\"tags\":[],\"isPublic\":true,\"likeCount\":0,\"commentCount\":0,\"sharedCount\":0,\"createdAt\":\"2025-06-03T15:21:31.678Z\",\"updatedAt\":\"2025-06-03T15:21:31.678Z\",\"author\":{\"username\":\"nam\",\"profilePic\":\"https://res.cloudinary.com/dizcvrefo/image/upload/v1749266646/nestjs_uploads/zk9zrpeidnovxibfqdxr.png\"},\"_count\":{\"likes\":2,\"comments\":0},\"score\":0.008415058885321245,\"isLike\":true,\"isToday\":false,\"isFollowing\":false,\"isSelf\":true},{\"id\":\"52cfd912-292f-4fbf-9240-3000d608dcd4\",\"authorId\":\"e7b38cb7-6701-40d9-a3bd-f53fc4d43457\",\"imageUrl\":[\"https://res.cloudinary.com/dizcvrefo/image/upload/v1749316896/nestjs_uploads/lc1jqjzblqshqho7eavx.jpg\"],\"caption\":\"This is my first post\",\"location\":null,\"tags\":[],\"isPublic\":true,\"likeCount\":0,\"commentCount\":0,\"sharedCount\":0,\"createdAt\":\"2025-05-14T05:28:07.619Z\",\"updatedAt\":\"2025-06-07T17:21:37.389Z\",\"author\":{\"username\":\"ductrong\",\"profilePic\":null},\"_count\":{\"likes\":3,\"comments\":0},\"score\":0.006216145692441076,\"isLike\":true,\"isToday\":false,\"isFollowing\":false,\"isSelf\":false},{\"id\":\"7918bc4d-383d-462e-afab-91099bc69905\",\"authorId\":\"08515b05-2d3e-4789-ad60-db35525a4970\",\"imageUrl\":[\"https://res.cloudinary.com/dizcvrefo/image/upload/v1749449962/nestjs_uploads/h3loqo8k5fpmi2ipdtof.jpg\"],\"caption\":\"??p trai thì m?i có nhi?u ??a yêu h? h?\",\"location\":null,\"tags\":[],\"isPublic\":true,\"likeCount\":0,\"commentCount\":0,\"sharedCount\":0,\"createdAt\":\"2025-06-09T06:19:23.318Z\",\"updatedAt\":\"2025-06-09T06:19:23.318Z\",\"author\":{\"username\":\"nam\",\"profilePic\":\"https://res.cloudinary.com/dizcvrefo/image/upload/v1749266646/nestjs_uploads/zk9zrpeidnovxibfqdxr.png\"},\"_count\":{\"likes\":1,\"comments\":0},\"score\":0.00587588978884706,\"isLike\":true,\"isToday\":false,\"isFollowing\":false,\"isSelf\":true},{\"id\":\"0c10c426-3d53-443a-8155-39234544c693\",\"authorId\":\"08515b05-2d3e-4789-ad60-db35525a4970\",\"imageUrl\":[\"https://res.cloudinary.com/dizcvrefo/image/upload/v1749397668/nestjs_uploads/umpwoepazt6it2racqhe.webp\",\"https://res.cloudinary.com/dizcvrefo/image/upload/v1749397668/nestjs_uploads/hcj53nurl5lpudcfaz3f.webp\",\"https://res.cloudinary.com/dizcvrefo/image/upload/v1749397668/nestjs_uploads/qv1vfbg7k6lkeldhb7e3.webp\",\"https://res.cloudinary.com/dizcvrefo/image/upload/v1749397668/nestjs_uploads/c6ruaxtyahilompxxej9.webp\"],\"caption\":\"Tr?i xanh mây tr?ng\",\"location\":null,\"tags\":[],\"isPublic\":true,\"likeCount\":0,\"commentCount\":0,\"sharedCount\":0,\"createdAt\":\"2025-06-08T15:47:50.242Z\",\"updatedAt\":\"2025-06-08T15:47:50.242Z\",\"author\":{\"username\":\"nam\",\"profilePic\":\"https://res.cloudinary.com/dizcvrefo/image/upload/v1749266646/nestjs_uploads/zk9zrpeidnovxibfqdxr.png\"},\"_count\":{\"likes\":1,\"comments\":0},\"score\":0.005635392861958435,\"isLike\":false,\"isToday\":false,\"isFollowing\":false,\"isSelf\":true},{\"id\":\"d296ef84-ae0f-4d14-a91a-15dd66bc0dac\",\"authorId\":\"08515b05-2d3e-4789-ad60-db35525a4970\",\"imageUrl\":[\"https://res.cloudinary.com/dizcvrefo/image/upload/v1749397436/nestjs_uploads/w9d8ldmhonbzeenkcxpb.jpg\",\"https://res.cloudinary.com/dizcvrefo/image/upload/v1749397436/nestjs_uploads/g8xrn89xfaz4ssvslueo.jpg\",\"https://res.cloudinary.com/dizcvrefo/image/upload/v1749397436/nestjs_uploads/wggtlkgkwlcrmgrhskup.jpg\"],\"caption\":\"??ng tìm nhau vào hôm gió m?a t?i b?i\",\"location\":null,\"tags\":[],\"isPublic\":true,\"likeCount\":0,\"commentCount\":0,\"sharedCount\":0,\"createdAt\":\"2025-06-08T15:43:57.895Z\",\"updatedAt\":\"2025-06-08T15:43:57.895Z\",\"author\":{\"username\":\"nam\",\"profilePic\":\"https://res.cloudinary.com/dizcvrefo/image/upload/v1749266646/nestjs_uploads/zk9zrpeidnovxibfqdxr.png\"},\"_count\":{\"likes\":1,\"comments\":0},\"score\":0.005634368215611746,\"isLike\":true,\"isToday\":false,\"isFollowing\":false,\"isSelf\":true},{\"id\":\"f1eae5ad-ef38-43e0-a9b8-1c1e0c2f6efd\",\"authorId\":\"08515b05-2d3e-4789-ad60-db35525a4970\",\"imageUrl\":[\"https://res.cloudinary.com/dizcvrefo/image/upload/v1749397189/nestjs_uploads/n24psljoc11kfpxrlozi.jpg\",\"https://res.cloudinary.com/dizcvrefo/image/upload/v1749397188/nestjs_uploads/ebdf0uii6p2yc3m30ruv.webp\",\"https://res.cloudinary.com/dizcvrefo/image/upload/v1749397188/nestjs_uploads/vrc16ao0luptsqlvep2z.webp\"],\"caption\":\"Trong ??m gì ??p b?ng sen\",\"location\":null,\"tags\":[],\"isPublic\":true,\"likeCount\":0,\"commentCount\":0,\"sharedCount\":0,\"createdAt\":\"2025-06-08T15:39:50.851Z\",\"updatedAt\":\"2025-06-08T15:39:50.851Z\",\"author\":{\"username\":\"nam\",\"profilePic\":\"https://res.cloudinary.com/dizcvrefo/image/upload/v1749266646/nestjs_uploads/zk9zrpeidnovxibfqdxr.png\"},\"_count\":{\"likes\":1,\"comments\":0},\"score\":0.005633279164372889,\"isLike\":true,\"isToday\":false,\"isFollowing\":false,\"isSelf\":true},{\"id\":\"546e44ab-45c4-4412-83c9-4a2cd786d46f\",\"authorId\":\"08515b05-2d3e-4789-ad60-db35525a4970\",\"imageUrl\":[\"https://res.cloudinary.com/dizcvrefo/image/upload/v1749223872/nestjs_uploads/u1lkztc9gc8jfijtppib.jpg\",\"https://res.cloudinary.com/dizcvrefo/image/upload/v1749223872/nestjs_uploads/hvbjhzpqvpw9kjrejiko.jpg\",\"https://res.cloudinary.com/dizcvrefo/image/upload/v1749223872/nestjs_uploads/a9s8eujvzsy7sminvaaw.jpg\",\"https://res.cloudinary.com/dizcvrefo/image/upload/v1749223872/nestjs_uploads/l0darr6gsfvyaz3udhvr.jpg\"],\"caption\":\"Th?i ti?t nóng nh? cái lò\",\"location\":null,\"tags\":[],\"isPublic\":true,\"likeCount\":0,\"commentCount\":0,\"sharedCount\":0,\"createdAt\":\"2025-06-06T15:31:13.422Z\",\"updatedAt\":\"2025-06-06T15:31:13.422Z\",\"author\":{\"username\":\"nam\",\"profilePic\":\"https://res.cloudinary.com/dizcvrefo/image/upload/v1749266646/nestjs_uploads/zk9zrpeidnovxibfqdxr.png\"},\"_count\":{\"likes\":1,\"comments\":0},\"score\":0.004960603753098548,\"isLike\":true,\"isToday\":false,\"isFollowing\":false,\"isSelf\":true},{\"id\":\"d227a0c8-1c22-46cc-b7d2-4cdc49559d5a\",\"authorId\":\"08515b05-2d3e-4789-ad60-db35525a4970\",\"imageUrl\":[\"https://res.cloudinary.com/dizcvrefo/image/upload/v1749396710/nestjs_uploads/rbfbkt8z02milpnwumdf.jpg\",\"https://res.cloudinary.com/dizcvrefo/image/upload/v1749396710/nestjs_uploads/vgcadq2d5bc0n7ccenbd.jpg\",\"https://res.cloudinary.com/dizcvrefo/image/upload/v1749396710/nestjs_uploads/mnxecfqiyziizzhgvpkx.jpg\",\"https://res.cloudinary.com/dizcvrefo/image/upload/v1749396710/nestjs_uploads/ejjhcrbzulhtddkxenrb.jpg\"],\"caption\":\"Qu?c t? thi?u nhi\",\"location\":null,\"tags\":[],\"isPublic\":true,\"likeCount\":0,\"commentCount\":0,\"sharedCount\":0,\"createdAt\":\"2025-06-08T15:31:52.624Z\",\"updatedAt\":\"2025-06-08T15:31:52.624Z\",\"author\":{\"username\":\"nam\",\"profilePic\":\"https://res.cloudinary.com/dizcvrefo/image/upload/v1749266646/nestjs_uploads/zk9zrpeidnovxibfqdxr.png\"},\"_count\":{\"likes\":0,\"comments\":0},\"score\":0,\"isLike\":false,\"isToday\":false,\"isFollowing\":false,\"isSelf\":true}]}",
    "testStatus": "FAIL",
    "failureReason": "Status mismatch: Expected 400, got 200"
  },
  {
    "bearerToken": "",
    "page": "9999",
    "limit": "10",
    "testDescription": "Page r?t l?n (9999) - không có d? li?u",
    "expectedStatus": 200.0,
    "expectedResult": "{\"message\": \"Feed\", \"statusCode\": 200, \"status\": \"success\", \"data\": []}",
    "responseStatus": "200",
    "result": "{\"message\":\"Feed\",\"statusCode\":200,\"status\":\"success\",\"data\":[]}",
    "testStatus": "PASS",
    "failureReason": "All validations passed"
  },
  {
    "bearerToken": "",
    "page": "1' OR '1'='1",
    "limit": "10",
    "testDescription": "Ki?m tra SQL Injection trong page",
    "expectedStatus": 400.0,
    "expectedResult": "{\"error\": \"Invalid page parameter\"}",
    "responseStatus": "200",
    "result": "{\"message\":\"Feed\",\"statusCode\":200,\"status\":\"success\",\"data\":[]}",
    "testStatus": "FAIL",
    "failureReason": "Status mismatch: Expected 400, got 200"
  },
  {
    "bearerToken": "",
    "page": "1",
    "limit": "10' OR '1'='1",
    "testDescription": "Ki?m tra SQL Injection trong limit",
    "expectedStatus": 400.0,
    "expectedResult": "{\"error\": \"Invalid limit parameter\"}",
    "responseStatus": "200",
    "result": "{\"message\":\"Feed\",\"statusCode\":200,\"status\":\"success\",\"data\":[]}",
    "testStatus": "FAIL",
    "failureReason": "Status mismatch: Expected 400, got 200"
  },
  {
    "bearerToken": "",
    "page": "abc",
    "limit": 10.0,
    "testDescription": "Page v?i giá tr? string không h?p l?",
    "expectedStatus": 400.0,
    "expectedResult": "{\"error\": \"Invalid parameter format\"}",
    "responseStatus": "200",
    "result": "{\"message\":\"Feed\",\"statusCode\":200,\"status\":\"success\",\"data\":[]}",
    "testStatus": "FAIL",
    "failureReason": "Status mismatch: Expected 400, got 200"
  },
  {
    "bearerToken": "",
    "page": 1.0,
    "limit": "xyz",
    "testDescription": "limit v?i giá tr? string không h?p l?",
    "expectedStatus": 400.0,
    "expectedResult": "{\"error\": \"Invalid parameter format\"}",
    "responseStatus": "",
    "result": "",
    "testStatus": "",
    "failureReason": ""
  },
  {
    "bearerToken": "",
    "page": "1",
    "limit": "1",
    "testDescription": "Limit = 1 (minimum valid)",
    "expectedStatus": 200.0,
    "expectedResult": "{\"message\": \"Feed\", \"statusCode\": 200, \"status\": \"success\", \"data\": []}",
    "responseStatus": "200",
    "result": "{\"message\":\"Feed\",\"statusCode\":200,\"status\":\"success\",\"data\":[{\"id\":\"007fcd52-ae77-4c58-988d-36ef78edc29b\",\"authorId\":\"dacf294e-491b-47ff-bd74-bfe5ddbfbdf9\",\"imageUrl\":[\"https://res.cloudinary.com/dizcvrefo/image/upload/v1748598131/nestjs_uploads/tsh3n10qz6mojbkiayhx.jpg\",\"https://res.cloudinary.com/dizcvrefo/image/upload/v1748598131/nestjs_uploads/no5fdmt60yg8li6gvwao.jpg\",\"https://res.cloudinary.com/dizcvrefo/image/upload/v1748598131/nestjs_uploads/lbn3umepxtqxjcw51mv0.jpg\",\"https://res.cloudinary.com/dizcvrefo/image/upload/v1748598131/nestjs_uploads/e4nufb9kmremurdaanw5.jpg\",\"https://res.cloudinary.com/dizcvrefo/image/upload/v1748598131/nestjs_uploads/pqwqj0gdwqfqqyct54hz.jpg\",\"https://res.cloudinary.com/dizcvrefo/image/upload/v1748598130/nestjs_uploads/dics8pfhps2jfskadthz.jpg\"],\"caption\":\"Th? thao ?i?n t?\",\"location\":null,\"tags\":[],\"isPublic\":true,\"likeCount\":0,\"commentCount\":0,\"sharedCount\":0,\"createdAt\":\"2025-05-30T09:42:13.811Z\",\"updatedAt\":\"2025-05-30T09:42:13.811Z\",\"author\":{\"username\":\"chinh\",\"profilePic\":\"https://hebbkx1anhila5yf.public.blob.vercel-storage.com/image-hiZZ98WEvmBOkk3oAqffc3ReiwtEIO.png\"},\"_count\":{\"likes\":3,\"comments\":0},\"score\":0.019064337986025137,\"isLike\":true,\"isToday\":false,\"isFollowing\":true,\"isSelf\":false}]}",
    "testStatus": "PASS",
    "failureReason": "All validations passed"
  },
  {
    "bearerToken": "",
    "page": "1",
    "limit": "50",
    "testDescription": "Limit = 50 (maximum valid)",
    "expectedStatus": 200.0,
    "expectedResult": "{\"message\": \"Feed\", \"statusCode\": 200, \"status\": \"success\", \"data\": []}",
    "responseStatus": "200",
    "result": "{\"message\":\"Feed\",\"statusCode\":200,\"status\":\"success\",\"data\":[{\"id\":\"007fcd52-ae77-4c58-988d-36ef78edc29b\",\"authorId\":\"dacf294e-491b-47ff-bd74-bfe5ddbfbdf9\",\"imageUrl\":[\"https://res.cloudinary.com/dizcvrefo/image/upload/v1748598131/nestjs_uploads/tsh3n10qz6mojbkiayhx.jpg\",\"https://res.cloudinary.com/dizcvrefo/image/upload/v1748598131/nestjs_uploads/no5fdmt60yg8li6gvwao.jpg\",\"https://res.cloudinary.com/dizcvrefo/image/upload/v1748598131/nestjs_uploads/lbn3umepxtqxjcw51mv0.jpg\",\"https://res.cloudinary.com/dizcvrefo/image/upload/v1748598131/nestjs_uploads/e4nufb9kmremurdaanw5.jpg\",\"https://res.cloudinary.com/dizcvrefo/image/upload/v1748598131/nestjs_uploads/pqwqj0gdwqfqqyct54hz.jpg\",\"https://res.cloudinary.com/dizcvrefo/image/upload/v1748598130/nestjs_uploads/dics8pfhps2jfskadthz.jpg\"],\"caption\":\"Th? thao ?i?n t?\",\"location\":null,\"tags\":[],\"isPublic\":true,\"likeCount\":0,\"commentCount\":0,\"sharedCount\":0,\"createdAt\":\"2025-05-30T09:42:13.811Z\",\"updatedAt\":\"2025-05-30T09:42:13.811Z\",\"author\":{\"username\":\"chinh\",\"profilePic\":\"https://hebbkx1anhila5yf.public.blob.vercel-storage.com/image-hiZZ98WEvmBOkk3oAqffc3ReiwtEIO.png\"},\"_count\":{\"likes\":3,\"comments\":0},\"score\":0.019064336132068385,\"isLike\":true,\"isToday\":false,\"isFollowing\":true,\"isSelf\":false},{\"id\":\"479ed759-3811-4b84-8141-bff184fae4b8\",\"authorId\":\"dacf294e-491b-47ff-bd74-bfe5ddbfbdf9\",\"imageUrl\":[\"https://res.cloudinary.com/dizcvrefo/image/upload/v1748596741/nestjs_uploads/g8vk3zn2rfop6caitmfb.jpg\",\"https://res.cloudinary.com/dizcvrefo/image/upload/v1748596741/nestjs_uploads/cqcspqsifpg0ndthyuax.jpg\",\"https://res.cloudinary.com/dizcvrefo/image/upload/v1748596741/nestjs_uploads/hc3svmdbfotscvcctfoq.jpg\",\"https://res.cloudinary.com/dizcvrefo/image/upload/v1748596742/nestjs_uploads/fxjvluy2vpyfuspukumf.jpg\",\"https://res.cloudinary.com/dizcvrefo/image/upload/v1748596741/nestjs_uploads/sb38euks3gzg5f92uiig.jpg\"],\"caption\":\"Village\",\"location\":null,\"tags\":[],\"isPublic\":true,\"likeCount\":0,\"commentCount\":0,\"sharedCount\":0,\"createdAt\":\"2025-05-30T09:19:04.180Z\",\"updatedAt\":\"2025-05-30T09:19:04.180Z\",\"author\":{\"username\":\"chinh\",\"profilePic\":\"https://hebbkx1anhila5yf.public.blob.vercel-storage.com/image-hiZZ98WEvmBOkk3oAqffc3ReiwtEIO.png\"},\"_count\":{\"likes\":3,\"comments\":0},\"score\":0.019051590621558735,\"isLike\":true,\"isToday\":false,\"isFollowing\":true,\"isSelf\":false},{\"id\":\"9ef01284-6f35-4f8a-9d58-3f5891acc766\",\"authorId\":\"dacf294e-491b-47ff-bd74-bfe5ddbfbdf9\",\"imageUrl\":[\"https://res.cloudinary.com/dizcvrefo/image/upload/v1748596489/nestjs_uploads/ue1yvhe1qzvlc2pmkjee.jpg\",\"https://res.cloudinary.com/dizcvrefo/image/upload/v1748596493/nestjs_uploads/bm3pcnpqmnppnsuq0pv9.jpg\",\"https://res.cloudinary.com/dizcvrefo/image/upload/v1748596489/nestjs_uploads/q6nipodzp1mdnpm1p13g.jpg\",\"https://res.cloudinary.com/dizcvrefo/image/upload/v1748596489/nestjs_uploads/icygr75zfmxk0ehqsnwo.jpg\",\"https://res.cloudinary.com/dizcvrefo/image/upload/v1748596489/nestjs_uploads/ghgd01xzcaxpra5httqg.jpg\",\"https://res.cloudinary.com/dizcvrefo/image/upload/v1748596489/nestjs_uploads/o53mpfip4l7dbjbd7wcw.jpg\"],\"caption\":\"Nh?u\",\"location\":null,\"tags\":[],\"isPublic\":true,\"likeCount\":0,\"commentCount\":0,\"sharedCount\":0,\"createdAt\":\"2025-05-30T09:14:54.972Z\",\"updatedAt\":\"2025-05-30T09:14:54.972Z\",\"author\":{\"username\":\"chinh\",\"profilePic\":\"https://hebbkx1anhila5yf.public.blob.vercel-storage.com/image-hiZZ98WEvmBOkk3oAqffc3ReiwtEIO.png\"},\"_count\":{\"likes\":3,\"comments\":0},\"score\":0.01904930672090217,\"isLike\":true,\"isToday\":false,\"isFollowing\":true,\"isSelf\":false},{\"id\":\"9c4e8842-ced5-492b-9423-890177a28564\",\"authorId\":\"2b84aa24-668a-40e2-af1c-ad4fc4fa5a6f\",\"imageUrl\":[\"https://res.cloudinary.com/dizcvrefo/image/upload/v1748659538/nestjs_uploads/n4mg888um8bynequtdtp.jpg\",\"https://res.cloudinary.com/dizcvrefo/image/upload/v1748659538/nestjs_uploads/mfqojpf1bufduxfh0j0n.jpg\",\"https://res.cloudinary.com/dizcvrefo/image/upload/v1748659538/nestjs_uploads/vx9qkwao5v4hdeqiplsp.jpg\",\"https://res.cloudinary.com/dizcvrefo/image/upload/v1748659538/nestjs_uploads/r2sv0p0echvnrwqxoswu.jpg\"],\"caption\":\"Ha noi nay tro gio\",\"location\":null,\"tags\":[],\"isPublic\":true,\"likeCount\":0,\"commentCount\":0,\"sharedCount\":0,\"createdAt\":\"2025-05-31T02:45:39.688Z\",\"updatedAt\":\"2025-05-31T02:45:39.688Z\",\"author\":{\"username\":\"quang1\",\"profilePic\":\"https://res.cloudinary.com/dizcvrefo/image/upload/v1749027586/nestjs_uploads/xehairydt9rzlbmbmv4c.jpg\"},\"_count\":{\"likes\":2,\"comments\":0},\"score\":0.016073253595294757,\"isLike\":false,\"isToday\":false,\"isFollowing\":true,\"isSelf\":false},{\"id\":\"e3f481cc-53c6-41c8-9a28-cd2f9c4f2f46\",\"authorId\":\"2b84aa24-668a-40e2-af1c-ad4fc4fa5a6f\",\"imageUrl\":[\"https://res.cloudinary.com/dizcvrefo/image/upload/v1749027663/nestjs_uploads/nuuktb6j4oy5jnuyt3ws.jpg\",\"https://res.cloudinary.com/dizcvrefo/image/upload/v1749027663/nestjs_uploads/aa03sao5n7bkhyhhrovx.jpg\",\"https://res.cloudinary.com/dizcvrefo/image/upload/v1749027663/nestjs_uploads/hic88kwvdqoltmqsueim.jpg\",\"https://res.cloudinary.com/dizcvrefo/image/upload/v1749027664/nestjs_uploads/hrnmt9e7g7pavf2fxwyw.png\",\"https://res.cloudinary.com/dizcvrefo/image/upload/v1749027664/nestjs_uploads/oxa2hbuxzj3lngjbubpf.jpg\",\"https://res.cloudinary.com/dizcvrefo/image/upload/v1749027663/nestjs_uploads/scrigmpzvmixwv9ddfnl.jpg\",\"https://res.cloudinary.com/dizcvrefo/image/upload/v1749027664/nestjs_uploads/wpnyt5jyz8lgj2bvprin.jpg\"],\"caption\":\"Buon that, hom nay toi thi truot\",\"location\":null,\"tags\":[],\"isPublic\":true,\"likeCount\":0,\"commentCount\":0,\"sharedCount\":0,\"createdAt\":\"2025-06-04T09:01:06.391Z\",\"updatedAt\":\"2025-06-04T09:01:06.391Z\",\"author\":{\"username\":\"quang1\",\"profilePic\":\"https://res.cloudinary.com/dizcvrefo/image/upload/v1749027586/nestjs_uploads/xehairydt9rzlbmbmv4c.jpg\"},\"_count\":{\"likes\":1,\"comments\":0},\"score\":0.015294562420359939,\"isLike\":false,\"isToday\":false,\"isFollowing\":true,\"isSelf\":false},{\"id\":\"c8151412-bc98-49ec-88ff-57b89cc2ce67\",\"authorId\":\"08515b05-2d3e-4789-ad60-db35525a4970\",\"imageUrl\":[\"https://res.cloudinary.com/dizcvrefo/image/upload/v1748933672/nestjs_uploads/rpehmvwkwptjktjzllxz.jpg\",\"https://res.cloudinary.com/dizcvrefo/image/upload/v1748933672/nestjs_uploads/xl8wce3gldsuaekfnfwo.jpg\",\"https://res.cloudinary.com/dizcvrefo/image/upload/v1748933671/nestjs_uploads/ee1ntt1feukxfszhma1b.jpg\"],\"caption\":\"Moi di hom nay\",\"location\":null,\"tags\":[],\"isPublic\":true,\"likeCount\":0,\"commentCount\":0,\"sharedCount\":0,\"createdAt\":\"2025-06-03T06:54:33.756Z\",\"updatedAt\":\"2025-06-03T06:54:33.756Z\",\"author\":{\"username\":\"nam\",\"profilePic\":\"https://res.cloudinary.com/dizcvrefo/image/upload/v1749266646/nestjs_uploads/zk9zrpeidnovxibfqdxr.png\"},\"_count\":{\"likes\":3,\"comments\":0},\"score\":0.012402124934841547,\"isLike\":true,\"isToday\":false,\"isFollowing\":false,\"isSelf\":true},{\"id\":\"45a2d709-c6c9-4887-9235-dbbd2d381827\",\"authorId\":\"08515b05-2d3e-4789-ad60-db35525a4970\",\"imageUrl\":[\"https://res.cloudinary.com/dizcvrefo/image/upload/v1748932129/nestjs_uploads/ecwyixgm9kf0zdng7bdp.png\",\"https://res.cloudinary.com/dizcvrefo/image/upload/v1748932129/nestjs_uploads/uhl3z1wamgjxl5o4vq1l.jpg\",\"https://res.cloudinary.com/dizcvrefo/image/upload/v1748932129/nestjs_uploads/pavlktzorkfcm5pp31io.jpg\",\"https://res.cloudinary.com/dizcvrefo/image/upload/v1748932129/nestjs_uploads/knew9jcdpmwaleoa6oov.jpg\"],\"caption\":\"Di choi di anh em oi\",\"location\":null,\"tags\":[],\"isPublic\":true,\"likeCount\":0,\"commentCount\":0,\"sharedCount\":0,\"createdAt\":\"2025-06-03T06:28:51.322Z\",\"updatedAt\":\"2025-06-03T06:28:51.322Z\",\"author\":{\"username\":\"nam\",\"profilePic\":\"https://res.cloudinary.com/dizcvrefo/image/upload/v1749266646/nestjs_uploads/zk9zrpeidnovxibfqdxr.png\"},\"_count\":{\"likes\":3,\"comments\":0},\"score\":0.012391151045118929,\"isLike\":true,\"isToday\":false,\"isFollowing\":false,\"isSelf\":true},{\"id\":\"bd9fb1fc-af49-4625-aa11-a458424d17ca\",\"authorId\":\"08515b05-2d3e-4789-ad60-db35525a4970\",\"imageUrl\":[\"https://res.cloudinary.com/dizcvrefo/image/upload/v1749400565/nestjs_uploads/srvf0b7b2fnsab8uqc8g.jpg\",\"https://res.cloudinary.com/dizcvrefo/image/upload/v1749400565/nestjs_uploads/u2gybzjxkewsxa1atyq4.jpg\",\"https://res.cloudinary.com/dizcvrefo/image/upload/v1749400565/nestjs_uploads/lottkkizhi1ngodzx4pp.jpg\"],\"caption\":\"toi la NAM BO\",\"location\":null,\"tags\":[],\"isPublic\":true,\"likeCount\":0,\"commentCount\":0,\"sharedCount\":0,\"createdAt\":\"2025-06-08T16:36:04.450Z\",\"updatedAt\":\"2025-06-08T16:36:04.450Z\",\"author\":{\"username\":\"nam\",\"profilePic\":\"https://res.cloudinary.com/dizcvrefo/image/upload/v1749266646/nestjs_uploads/zk9zrpeidnovxibfqdxr.png\"},\"_count\":{\"likes\":2,\"comments\":0},\"score\":0.011296365109841819,\"isLike\":true,\"isToday\":false,\"isFollowing\":false,\"isSelf\":true},{\"id\":\"8a0e35ce-0f39-4475-b2d2-15c217983926\",\"authorId\":\"08515b05-2d3e-4789-ad60-db35525a4970\",\"imageUrl\":[\"https://res.cloudinary.com/dizcvrefo/image/upload/v1748597950/nestjs_uploads/siabu4jmaf7nfak5xkgc.jpg\",\"https://res.cloudinary.com/dizcvrefo/image/upload/v1748597951/nestjs_uploads/bufde4typyni9j408ua4.jpg\",\"https://res.cloudinary.com/dizcvrefo/image/upload/v1748597951/nestjs_uploads/yk6tjdkirr4a7ons7iz5.jpg\"],\"caption\":\"?n gì không\",\"location\":null,\"tags\":[],\"isPublic\":true,\"likeCount\":0,\"commentCount\":0,\"sharedCount\":0,\"createdAt\":\"2025-05-30T09:39:13.647Z\",\"updatedAt\":\"2025-05-30T09:39:13.647Z\",\"author\":{\"username\":\"nam\",\"profilePic\":\"https://res.cloudinary.com/dizcvrefo/image/upload/v1749266646/nestjs_uploads/zk9zrpeidnovxibfqdxr.png\"},\"_count\":{\"likes\":3,\"comments\":0},\"score\":0.010397826943513096,\"isLike\":true,\"isToday\":false,\"isFollowing\":false,\"isSelf\":true},{\"id\":\"b96886bd-5f00-41af-a440-152f360f1657\",\"authorId\":\"08515b05-2d3e-4789-ad60-db35525a4970\",\"imageUrl\":[\"https://res.cloudinary.com/dizcvrefo/image/upload/v1748597371/nestjs_uploads/vce2gudp9o4mm4fn8xt0.jpg\",\"https://res.cloudinary.com/dizcvrefo/image/upload/v1748597372/nestjs_uploads/u691vkjqxrek1dv0wtbm.jpg\",\"https://res.cloudinary.com/dizcvrefo/image/upload/v1748597371/nestjs_uploads/feqbcopm8ge8maj3hu6k.jpg\"],\"caption\":\"ok\",\"location\":null,\"tags\":[],\"isPublic\":true,\"likeCount\":0,\"commentCount\":0,\"sharedCount\":0,\"createdAt\":\"2025-05-30T09:29:34.405Z\",\"updatedAt\":\"2025-05-30T09:29:34.405Z\",\"author\":{\"username\":\"nam\",\"profilePic\":\"https://res.cloudinary.com/dizcvrefo/image/upload/v1749266646/nestjs_uploads/zk9zrpeidnovxibfqdxr.png\"},\"_count\":{\"likes\":3,\"comments\":0},\"score\":0.010394928463011875,\"isLike\":true,\"isToday\":false,\"isFollowing\":false,\"isSelf\":true},{\"id\":\"d79e9a48-ca20-40fd-bb11-ed7302657db9\",\"authorId\":\"08515b05-2d3e-4789-ad60-db35525a4970\",\"imageUrl\":[\"https://res.cloudinary.com/dizcvrefo/image/upload/v1749382783/nestjs_uploads/buqh5wktqj3y5etgfxok.jpg\",\"https://res.cloudinary.com/dizcvrefo/image/upload/v1749382789/nestjs_uploads/wjm5idulrdjhv7yuc477.jpg\",\"https://res.cloudinary.com/dizcvrefo/image/upload/v1749382781/nestjs_uploads/ztoyccvbrahzxkbm7mxb.jpg\",\"https://res.cloudinary.com/dizcvrefo/image/upload/v1749383075/nestjs_uploads/yjbnpjozb3x4suirhe9d.jpg\",\"https://res.cloudinary.com/dizcvrefo/image/upload/v1749383076/nestjs_uploads/wurnhokpsyvvjg60iceu.jpg\"],\"caption\":\"Hôm nay là th? 7 em thích ?i thích ?i vào bar u?ng ? ???\",\"location\":null,\"tags\":[],\"isPublic\":true,\"likeCount\":0,\"commentCount\":0,\"sharedCount\":0,\"createdAt\":\"2025-05-28T09:56:16.976Z\",\"updatedAt\":\"2025-06-08T11:44:37.991Z\",\"author\":{\"username\":\"nam\",\"profilePic\":\"https://res.cloudinary.com/dizcvrefo/image/upload/v1749266646/nestjs_uploads/zk9zrpeidnovxibfqdxr.png\"},\"_count\":{\"likes\":3,\"comments\":0},\"score\":0.009603697180120685,\"isLike\":true,\"isToday\":false,\"isFollowing\":false,\"isSelf\":true},{\"id\":\"028cfac7-688b-4f4d-832d-1dd681b89e64\",\"authorId\":\"08515b05-2d3e-4789-ad60-db35525a4970\",\"imageUrl\":[\"https://res.cloudinary.com/dizcvrefo/image/upload/v1748964089/nestjs_uploads/r2x7j8rz3gfsze8o0fe7.jpg\",\"https://res.cloudinary.com/dizcvrefo/image/upload/v1748964089/nestjs_uploads/ebic5ju0e6btkxv2g526.jpg\",\"https://res.cloudinary.com/dizcvrefo/image/upload/v1748964089/nestjs_uploads/ngkhumq5qjehuoqmvxqv.jpg\"],\"caption\":\"Di uong bia\",\"location\":null,\"tags\":[],\"isPublic\":true,\"likeCount\":0,\"commentCount\":0,\"sharedCount\":0,\"createdAt\":\"2025-06-03T15:21:31.678Z\",\"updatedAt\":\"2025-06-03T15:21:31.678Z\",\"author\":{\"username\":\"nam\",\"profilePic\":\"https://res.cloudinary.com/dizcvrefo/image/upload/v1749266646/nestjs_uploads/zk9zrpeidnovxibfqdxr.png\"},\"_count\":{\"likes\":2,\"comments\":0},\"score\":0.008415053313701754,\"isLike\":true,\"isToday\":false,\"isFollowing\":false,\"isSelf\":true},{\"id\":\"52cfd912-292f-4fbf-9240-3000d608dcd4\",\"authorId\":\"e7b38cb7-6701-40d9-a3bd-f53fc4d43457\",\"imageUrl\":[\"https://res.cloudinary.com/dizcvrefo/image/upload/v1749316896/nestjs_uploads/lc1jqjzblqshqho7eavx.jpg\"],\"caption\":\"This is my first post\",\"location\":null,\"tags\":[],\"isPublic\":true,\"likeCount\":0,\"commentCount\":0,\"sharedCount\":0,\"createdAt\":\"2025-05-14T05:28:07.619Z\",\"updatedAt\":\"2025-06-07T17:21:37.389Z\",\"author\":{\"username\":\"ductrong\",\"profilePic\":null},\"_count\":{\"likes\":3,\"comments\":0},\"score\":0.006216143665606116,\"isLike\":true,\"isToday\":false,\"isFollowing\":false,\"isSelf\":false},{\"id\":\"7918bc4d-383d-462e-afab-91099bc69905\",\"authorId\":\"08515b05-2d3e-4789-ad60-db35525a4970\",\"imageUrl\":[\"https://res.cloudinary.com/dizcvrefo/image/upload/v1749449962/nestjs_uploads/h3loqo8k5fpmi2ipdtof.jpg\"],\"caption\":\"??p trai thì m?i có nhi?u ??a yêu h? h?\",\"location\":null,\"tags\":[],\"isPublic\":true,\"likeCount\":0,\"commentCount\":0,\"sharedCount\":0,\"createdAt\":\"2025-06-09T06:19:23.318Z\",\"updatedAt\":\"2025-06-09T06:19:23.318Z\",\"author\":{\"username\":\"nam\",\"profilePic\":\"https://res.cloudinary.com/dizcvrefo/image/upload/v1749266646/nestjs_uploads/zk9zrpeidnovxibfqdxr.png\"},\"_count\":{\"likes\":1,\"comments\":0},\"score\":0.005875884355789645,\"isLike\":true,\"isToday\":false,\"isFollowing\":false,\"isSelf\":true},{\"id\":\"0c10c426-3d53-443a-8155-39234544c693\",\"authorId\":\"08515b05-2d3e-4789-ad60-db35525a4970\",\"imageUrl\":[\"https://res.cloudinary.com/dizcvrefo/image/upload/v1749397668/nestjs_uploads/umpwoepazt6it2racqhe.webp\",\"https://res.cloudinary.com/dizcvrefo/image/upload/v1749397668/nestjs_uploads/hcj53nurl5lpudcfaz3f.webp\",\"https://res.cloudinary.com/dizcvrefo/image/upload/v1749397668/nestjs_uploads/qv1vfbg7k6lkeldhb7e3.webp\",\"https://res.cloudinary.com/dizcvrefo/image/upload/v1749397668/nestjs_uploads/c6ruaxtyahilompxxej9.webp\"],\"caption\":\"Tr?i xanh mây tr?ng\",\"location\":null,\"tags\":[],\"isPublic\":true,\"likeCount\":0,\"commentCount\":0,\"sharedCount\":0,\"createdAt\":\"2025-06-08T15:47:50.242Z\",\"updatedAt\":\"2025-06-08T15:47:50.242Z\",\"author\":{\"username\":\"nam\",\"profilePic\":\"https://res.cloudinary.com/dizcvrefo/image/upload/v1749266646/nestjs_uploads/zk9zrpeidnovxibfqdxr.png\"},\"_count\":{\"likes\":1,\"comments\":0},\"score\":0.00563538786454335,\"isLike\":false,\"isToday\":false,\"isFollowing\":false,\"isSelf\":true},{\"id\":\"d296ef84-ae0f-4d14-a91a-15dd66bc0dac\",\"authorId\":\"08515b05-2d3e-4789-ad60-db35525a4970\",\"imageUrl\":[\"https://res.cloudinary.com/dizcvrefo/image/upload/v1749397436/nestjs_uploads/w9d8ldmhonbzeenkcxpb.jpg\",\"https://res.cloudinary.com/dizcvrefo/image/upload/v1749397436/nestjs_uploads/g8xrn89xfaz4ssvslueo.jpg\",\"https://res.cloudinary.com/dizcvrefo/image/upload/v1749397436/nestjs_uploads/wggtlkgkwlcrmgrhskup.jpg\"],\"caption\":\"??ng tìm nhau vào hôm gió m?a t?i b?i\",\"location\":null,\"tags\":[],\"isPublic\":true,\"likeCount\":0,\"commentCount\":0,\"sharedCount\":0,\"createdAt\":\"2025-06-08T15:43:57.895Z\",\"updatedAt\":\"2025-06-08T15:43:57.895Z\",\"author\":{\"username\":\"nam\",\"profilePic\":\"https://res.cloudinary.com/dizcvrefo/image/upload/v1749266646/nestjs_uploads/zk9zrpeidnovxibfqdxr.png\"},\"_count\":{\"likes\":1,\"comments\":0},\"score\":0.005634363220013789,\"isLike\":true,\"isToday\":false,\"isFollowing\":false,\"isSelf\":true},{\"id\":\"f1eae5ad-ef38-43e0-a9b8-1c1e0c2f6efd\",\"authorId\":\"08515b05-2d3e-4789-ad60-db35525a4970\",\"imageUrl\":[\"https://res.cloudinary.com/dizcvrefo/image/upload/v1749397189/nestjs_uploads/n24psljoc11kfpxrlozi.jpg\",\"https://res.cloudinary.com/dizcvrefo/image/upload/v1749397188/nestjs_uploads/ebdf0uii6p2yc3m30ruv.webp\",\"https://res.cloudinary.com/dizcvrefo/image/upload/v1749397188/nestjs_uploads/vrc16ao0luptsqlvep2z.webp\"],\"caption\":\"Trong ??m gì ??p b?ng sen\",\"location\":null,\"tags\":[],\"isPublic\":true,\"likeCount\":0,\"commentCount\":0,\"sharedCount\":0,\"createdAt\":\"2025-06-08T15:39:50.851Z\",\"updatedAt\":\"2025-06-08T15:39:50.851Z\",\"author\":{\"username\":\"nam\",\"profilePic\":\"https://res.cloudinary.com/dizcvrefo/image/upload/v1749266646/nestjs_uploads/zk9zrpeidnovxibfqdxr.png\"},\"_count\":{\"likes\":1,\"comments\":0},\"score\":0.005633274170705914,\"isLike\":true,\"isToday\":false,\"isFollowing\":false,\"isSelf\":true},{\"id\":\"546e44ab-45c4-4412-83c9-4a2cd786d46f\",\"authorId\":\"08515b05-2d3e-4789-ad60-db35525a4970\",\"imageUrl\":[\"https://res.cloudinary.com/dizcvrefo/image/upload/v1749223872/nestjs_uploads/u1lkztc9gc8jfijtppib.jpg\",\"https://res.cloudinary.com/dizcvrefo/image/upload/v1749223872/nestjs_uploads/hvbjhzpqvpw9kjrejiko.jpg\",\"https://res.cloudinary.com/dizcvrefo/image/upload/v1749223872/nestjs_uploads/a9s8eujvzsy7sminvaaw.jpg\",\"https://res.cloudinary.com/dizcvrefo/image/upload/v1749223872/nestjs_uploads/l0darr6gsfvyaz3udhvr.jpg\"],\"caption\":\"Th?i ti?t nóng nh? cái lò\",\"location\":null,\"tags\":[],\"isPublic\":true,\"likeCount\":0,\"commentCount\":0,\"sharedCount\":0,\"createdAt\":\"2025-06-06T15:31:13.422Z\",\"updatedAt\":\"2025-06-06T15:31:13.422Z\",\"author\":{\"username\":\"nam\",\"profilePic\":\"https://res.cloudinary.com/dizcvrefo/image/upload/v1749266646/nestjs_uploads/zk9zrpeidnovxibfqdxr.png\"},\"_count\":{\"likes\":1,\"comments\":0},\"score\":0.004960599880823931,\"isLike\":true,\"isToday\":false,\"isFollowing\":false,\"isSelf\":true},{\"id\":\"d227a0c8-1c22-46cc-b7d2-4cdc49559d5a\",\"authorId\":\"08515b05-2d3e-4789-ad60-db35525a4970\",\"imageUrl\":[\"https://res.cloudinary.com/dizcvrefo/image/upload/v1749396710/nestjs_uploads/rbfbkt8z02milpnwumdf.jpg\",\"https://res.cloudinary.com/dizcvrefo/image/upload/v1749396710/nestjs_uploads/vgcadq2d5bc0n7ccenbd.jpg\",\"https://res.cloudinary.com/dizcvrefo/image/upload/v1749396710/nestjs_uploads/mnxecfqiyziizzhgvpkx.jpg\",\"https://res.cloudinary.com/dizcvrefo/image/upload/v1749396710/nestjs_uploads/ejjhcrbzulhtddkxenrb.jpg\"],\"caption\":\"Qu?c t? thi?u nhi\",\"location\":null,\"tags\":[],\"isPublic\":true,\"likeCount\":0,\"commentCount\":0,\"sharedCount\":0,\"createdAt\":\"2025-06-08T15:31:52.624Z\",\"updatedAt\":\"2025-06-08T15:31:52.624Z\",\"author\":{\"username\":\"nam\",\"profilePic\":\"https://res.cloudinary.com/dizcvrefo/image/upload/v1749266646/nestjs_uploads/zk9zrpeidnovxibfqdxr.png\"},\"_count\":{\"likes\":0,\"comments\":0},\"score\":0,\"isLike\":false,\"isToday\":false,\"isFollowing\":false,\"isSelf\":true}]}",
    "testStatus": "PASS",
    "failureReason": "All validations passed"
  },
  {
    "bearerToken": "",
    "page": "",
    "limit": "",
    "testDescription": "Không có query parameters (s? d?ng default)",
    "expectedStatus": 200.0,
    "expectedResult": "{\"message\": \"Feed\", \"statusCode\": 200, \"status\": \"success\", \"data\": []}",
    "responseStatus": "400",
    "result": "{\"success\":false,\"statusCode\":400,\"message\":\"Không có d? li?u ???c g?i lên\",\"path\":\"/posts/feed\",\"timestamp\":\"2025-06-23T10:41:50.839Z\"}",
    "testStatus": "FAIL",
    "failureReason": "Status mismatch: Expected 200, got 400"
  }
]
 
23:47:55.885 [main] INFO com.intuit.karate -- [print] ??c ???c 19 test cases t? Excel sheet: getPostsFeed 
23:47:55.916 [main] DEBUG com.jayway.jsonpath.internal.path.CompiledPath -- Evaluating path: $
23:47:55.923 [main] INFO com.intuit.karate -- [print] S? d?ng global bearer token t? config: eyJhbGciOiJIUzI1NiIsInR5cCI6IkpXVCJ9.eyJzdWIiOiJmNjI4NDUzMi04ZjFlLTRiMDUtYWM1NC1kODAzNzM4NmU4MGMiLCJ1c2VybmFtZSI6InVzZXJubzIiLCJyb2xlIjowLCJpYXQiOjE3NTA2OTQzNTQsImV4cCI6MTc1MDY5Nzk1NH0.cn4pcMTzJbKyd0aw-bN_KvZNRCfEwxef9wljw6vUgkw 
23:47:55.938 [main] INFO com.intuit.karate -- [print] B?t ??u ch?y t?ng test case... 
23:47:55.946 [main] INFO com.intuit.karate -- ?ang ch?y test case #1: Get posts feed h?p l? v?i page=1, limit=10 
23:47:55.948 [main] INFO com.intuit.karate -- S? d?ng global bearer token t? config: eyJhbGciOiJIUzI1NiIsInR5cCI6IkpXVCJ9.eyJzdWIiOiJmNjI4NDUzMi04ZjFlLTRiMDUtYWM1NC1kODAzNzM4NmU4MGMiLCJ1c2VybmFtZSI6InVzZXJubzIiLCJyb2xlIjowLCJpYXQiOjE3NTA2OTQzNTQsImV4cCI6MTc1MDY5Nzk1NH0.cn4pcMTzJbKyd0aw-bN_KvZNRCfEwxef9wljw6vUgkw 
23:47:55.984 [main] INFO com.intuit.karate -- karate.env system property was: null 
23:47:56.004 [main] DEBUG com.jayway.jsonpath.internal.path.CompiledPath -- Evaluating path: $
23:47:56.009 [main] DEBUG com.jayway.jsonpath.internal.path.CompiledPath -- Evaluating path: $
23:47:56.284 [main] DEBUG org.apache.http.client.protocol.RequestAddCookies -- CookieSpec selected: karate
23:47:56.292 [main] DEBUG org.apache.http.client.protocol.RequestAuthCache -- Auth cache not set in the context
23:47:56.295 [main] DEBUG com.intuit.karate -- request:
1 > GET http://localhost:3000/posts/feed?limit=10&page=1
1 > Authorization: Bearer eyJhbGciOiJIUzI1NiIsInR5cCI6IkpXVCJ9.eyJzdWIiOiJmNjI4NDUzMi04ZjFlLTRiMDUtYWM1NC1kODAzNzM4NmU4MGMiLCJ1c2VybmFtZSI6InVzZXJubzIiLCJyb2xlIjowLCJpYXQiOjE3NTA2OTQzNTQsImV4cCI6MTc1MDY5Nzk1NH0.cn4pcMTzJbKyd0aw-bN_KvZNRCfEwxef9wljw6vUgkw
1 > Host: localhost:3000
1 > Connection: Keep-Alive
1 > User-Agent: Apache-HttpClient/4.5.14 (Java/17.0.9)
1 > Accept-Encoding: gzip,deflate


23:47:56.296 [main] DEBUG org.apache.http.impl.conn.PoolingHttpClientConnectionManager -- Connection request: [route: {}->http://localhost:3000][total available: 0; route allocated: 0 of 5; total allocated: 0 of 10]
23:47:56.310 [main] DEBUG org.apache.http.impl.conn.PoolingHttpClientConnectionManager -- Connection leased: [id: 0][route: {}->http://localhost:3000][total available: 0; route allocated: 1 of 5; total allocated: 1 of 10]
23:47:56.311 [main] DEBUG org.apache.http.impl.execchain.MainClientExec -- Opening connection {}->http://localhost:3000
23:47:56.318 [main] DEBUG org.apache.http.impl.conn.DefaultHttpClientConnectionOperator -- Connecting to localhost/127.0.0.1:3000
23:47:56.320 [main] DEBUG org.apache.http.impl.conn.DefaultHttpClientConnectionOperator -- Connection established 127.0.0.1:62802<->127.0.0.1:3000
23:47:56.321 [main] DEBUG org.apache.http.impl.conn.DefaultManagedHttpClientConnection -- http-outgoing-0: set socket timeout to 5000
23:47:56.321 [main] DEBUG org.apache.http.impl.execchain.MainClientExec -- Executing request GET /posts/feed?limit=10&page=1 HTTP/1.1
23:47:56.321 [main] DEBUG org.apache.http.impl.execchain.MainClientExec -- Proxy auth state: UNCHALLENGED
23:47:56.322 [main] DEBUG org.apache.http.headers -- http-outgoing-0 >> GET /posts/feed?limit=10&page=1 HTTP/1.1
23:47:56.323 [main] DEBUG org.apache.http.headers -- http-outgoing-0 >> Authorization: Bearer eyJhbGciOiJIUzI1NiIsInR5cCI6IkpXVCJ9.eyJzdWIiOiJmNjI4NDUzMi04ZjFlLTRiMDUtYWM1NC1kODAzNzM4NmU4MGMiLCJ1c2VybmFtZSI6InVzZXJubzIiLCJyb2xlIjowLCJpYXQiOjE3NTA2OTQzNTQsImV4cCI6MTc1MDY5Nzk1NH0.cn4pcMTzJbKyd0aw-bN_KvZNRCfEwxef9wljw6vUgkw
23:47:56.323 [main] DEBUG org.apache.http.headers -- http-outgoing-0 >> Host: localhost:3000
23:47:56.323 [main] DEBUG org.apache.http.headers -- http-outgoing-0 >> Connection: Keep-Alive
23:47:56.323 [main] DEBUG org.apache.http.headers -- http-outgoing-0 >> User-Agent: Apache-HttpClient/4.5.14 (Java/17.0.9)
23:47:56.323 [main] DEBUG org.apache.http.headers -- http-outgoing-0 >> Accept-Encoding: gzip,deflate
23:47:56.323 [main] DEBUG org.apache.http.wire -- http-outgoing-0 >> "GET /posts/feed?limit=10&page=1 HTTP/1.1[\r][\n]"
23:47:56.323 [main] DEBUG org.apache.http.wire -- http-outgoing-0 >> "Authorization: Bearer eyJhbGciOiJIUzI1NiIsInR5cCI6IkpXVCJ9.eyJzdWIiOiJmNjI4NDUzMi04ZjFlLTRiMDUtYWM1NC1kODAzNzM4NmU4MGMiLCJ1c2VybmFtZSI6InVzZXJubzIiLCJyb2xlIjowLCJpYXQiOjE3NTA2OTQzNTQsImV4cCI6MTc1MDY5Nzk1NH0.cn4pcMTzJbKyd0aw-bN_KvZNRCfEwxef9wljw6vUgkw[\r][\n]"
23:47:56.323 [main] DEBUG org.apache.http.wire -- http-outgoing-0 >> "Host: localhost:3000[\r][\n]"
23:47:56.323 [main] DEBUG org.apache.http.wire -- http-outgoing-0 >> "Connection: Keep-Alive[\r][\n]"
23:47:56.323 [main] DEBUG org.apache.http.wire -- http-outgoing-0 >> "User-Agent: Apache-HttpClient/4.5.14 (Java/17.0.9)[\r][\n]"
23:47:56.323 [main] DEBUG org.apache.http.wire -- http-outgoing-0 >> "Accept-Encoding: gzip,deflate[\r][\n]"
23:47:56.323 [main] DEBUG org.apache.http.wire -- http-outgoing-0 >> "[\r][\n]"
23:47:56.790 [main] DEBUG org.apache.http.wire -- http-outgoing-0 << "HTTP/1.1 200 OK[\r][\n]"
23:47:56.790 [main] DEBUG org.apache.http.wire -- http-outgoing-0 << "X-Powered-By: Express[\r][\n]"
23:47:56.790 [main] DEBUG org.apache.http.wire -- http-outgoing-0 << "Access-Control-Allow-Origin: *[\r][\n]"
23:47:56.790 [main] DEBUG org.apache.http.wire -- http-outgoing-0 << "Content-Type: application/json; charset=utf-8[\r][\n]"
23:47:56.790 [main] DEBUG org.apache.http.wire -- http-outgoing-0 << "Content-Length: 10134[\r][\n]"
23:47:56.790 [main] DEBUG org.apache.http.wire -- http-outgoing-0 << "ETag: W/"2796-Iw7mdwFbVHRvOus6uMtmhYB73m8"[\r][\n]"
23:47:56.790 [main] DEBUG org.apache.http.wire -- http-outgoing-0 << "Date: Mon, 23 Jun 2025 16:47:56 GMT[\r][\n]"
23:47:56.791 [main] DEBUG org.apache.http.wire -- http-outgoing-0 << "Connection: keep-alive[\r][\n]"
23:47:56.791 [main] DEBUG org.apache.http.wire -- http-outgoing-0 << "Keep-Alive: timeout=5[\r][\n]"
23:47:56.791 [main] DEBUG org.apache.http.wire -- http-outgoing-0 << "[\r][\n]"
23:47:56.791 [main] DEBUG org.apache.http.wire -- http-outgoing-0 << "{"message":"Feed","statusCode":200,"status":"success","data":[{"id":"c8151412-bc98-49ec-88ff-57b89cc2ce67","authorId":"08515b05-2d3e-4789-ad60-db35525a4970","imageUrl":["https://res.cloudinary.com/dizcvrefo/image/upload/v1748933672/nestjs_uploads/rpehmvwkwptjktjzllxz.jpg","https://res.cloudinary.com/dizcvrefo/image/upload/v1748933672/nestjs_uploads/xl8wce3gldsuaekfnfwo.jpg","https://res.cloudinary.com/dizcvrefo/image/upload/v1748933671/nestjs_uploads/ee1ntt1feukxfszhma1b.jpg"],"caption":"Moi di hom nay","location":null,"tags":[],"isPublic":true,"likeCount":0,"commentCount":0,"sharedCount":0,"createdAt":"2025-06-03T06:54:33.756Z","updatedAt":"2025-06-03T06:54:33.756Z","author":{"username":"nam","profilePic":"https://res.cloudinary.com/dizcvrefo/image/upload/v1749266646/nestjs_uploads/zk9zrpeidnovxibfqdxr.png"},"_count":{"likes":4,"comments":0},"score":0.016330205667633983,"isLike":true,"isToday":false,"isFollowing":false,"isSelf":false},{"id":"028cfac7-688b-4f4d-832d-1dd681b89e64","authorId":"08515b05-2d3e-4789-ad60-db35525a4970","imageUrl":["https://res.cloudinary.com/dizcvrefo/image/upload/v1748964089/nestjs_uploads/r2x7j8rz3gfsze8o0fe7.jpg","https://res.cloudinary.com/dizcvrefo/image/upload/v1748964089/nestjs_uploads/ebic5ju0e6btkxv2g526.jpg","https://res.cloudinary.com/dizcvrefo/image/upload/v1748964089/nestjs_uploads/ngkhumq5qjehuoqmvxqv.jpg"],"caption":"Di uong bia","location":null,"tags":[],"isPublic":true,"likeCount":0,"commentCount":0,"sharedCount":0,"createdAt":"2025-06-03T15:21:31.678Z","updatedAt":"2025-06-03T15:21:31.678Z","author":{"username":"nam","profilePic":"https://res.cloudinary.com/dizcvrefo/image/upload/v1749266646/nestjs_uploads/zk9zrpeidnovxibfqdxr.png"},"_count":{"likes":3,"comments":0},"score":0.01246260428262995,"isLike":true,"isToday":false,"isFollowing":false,"isSelf":false},{"id":"45a2d709-c6c9-4887-9235-dbbd2d381827","authorId":"08515b05-2d3e-4789-ad60-db35525a4970","imageUrl":["https://res.cloudinary.com/dizcvrefo/image/upload/v1748932129/nestjs_uploads/ecwyixgm9kf0zdng7bdp.png","https://res.cloudinary.com/dizcvrefo/image/upload/v1748932129/nestjs_uploads/uhl3z1wamgjxl5o4vq1l.jpg","https://res.cloudinary.com/dizcvrefo/image/upload/v1748932129/nestjs_uploads/pavlktzorkfcm5pp31io.jpg","https://res.cloudinary.com/dizcvrefo/image/upload/v1748932129/nestjs_uploads/knew9jcdpmwaleoa6oov.jpg"],"caption":"Di choi di anh em oi","location":null,"tags":[],"isPublic":true,"likeCount":0,"commentCount":0,"sharedCount":0,"createdAt":"2025-06-03T06:28:51.322Z","updatedAt":"2025-06-03T06:28:51.322Z","author":{"username":"nam","profilePic":"https://res.cloudinary.com/dizcvrefo/image/upload/v1749266646/nestjs_uploads/zk9zrpeidnovxibfqdxr.png"},"_count":{"likes":3,"comments":0},"score":0.012236951904176563,"isLike":false,"isToday":false,"isFollowing":false,"isSelf":false},{"id":"bd9fb1fc-af49-4625-aa11-a458424d17ca","authorId":"08515b05-2d3e-4789-ad60-db35525a4970","imageUrl":["https://res.cloudinary.com/dizcvrefo/image/upload/v1749400565/nestjs_uploads/srvf0b7b2fnsab8uqc8g.jpg","https://res.cloudinary.com/dizcvrefo/image/upload/v1749400565/nestjs_uploads/u2gybzjxkewsxa1atyq4.jpg","https://res.cloudinary.com/dizcvrefo/image/upload/v1749400565/nestjs_uploads/lottkkizhi1ngodzx4pp.jpg"],"caption":"toi la NAM BO","location":null,"tags":[],"isPublic":true,"likeCount":0,"commentCount":0,"sharedCount":0,"createdAt":"2025-06-08T16:36:04.450Z","updatedAt":"2025-06-08T16:36:04.450Z","author":{"username":"nam","profilePic":"https://res.cloudinary.com/dizcvrefo/image/upload/v1749266646/nestjs_uploads/zk9zrpeidnovxibfqdxr.png"},"_count":{"likes":2,"comments":0},"score":0.011105007435712471,"isLike":false,"isToday":false,"isFollowing":false,"isSelf":false},{"id":"007fcd52-ae77-4c58-988d-36ef78edc29b","authorId":"dacf294e-491b-47ff-bd74-bfe5ddbfbdf9","imageUrl":["https://res.cloudinary.com/dizcvrefo/image/upload/v1748598131/nestjs_uploads/tsh3n10qz6mojbkiayhx.jpg","https://res.cloudinary.com/dizcvrefo/image/upload/v1748598131/nestjs_uploads/no5fdmt60yg8li6gvwao.jpg","https://res.cloudinary.com/dizcvrefo/image/upload/v1748598131/nestjs_uploads/lbn3umepxtqxjcw51mv0.jpg","https://res.cloudinary.com/dizcvrefo/image/upload/v1748598131/nestjs_uploads/e4nufb9kmremurdaanw5.jpg","https://res.cloudinary.com/dizcvrefo/image/upload/v1748598131/nestjs_uploads/pqwqj0gdwqfqqyct54hz.jpg","https://res.cloudinary.com/dizcvrefo/image/upload/v1748598130/nestjs_uploads/dics8pfhps2jfskadthz.jpg"],"caption":"Th[0xe1][0xbb][0x83] thao [0xc4][0x91]i[0xe1][0xbb][0x87]n t[0xe1][0xbb][0xad]","location":null,"tags":[],"isPublic":true,"likeCount":0,"commentCount":0,"sharedCount":0,"createdAt":"2025-05-30T09:42:13.811Z","updatedAt":"2025-05-30T09:42:13.811Z","author":{"username":"chinh","profilePic":"https://hebbkx1anhila5yf.public.blob.vercel-storage.com/image-hiZZ98WEvmBOkk3oAqffc3ReiwtEIO.png"},"_count":{"likes":3,"comments":0},"score":0.010289913731807128,"isLike":false,"isToday":false,"isFollowing":false,"isSelf":false},{"id":"8a0e35ce-0f39-4475-b2d2-15c217983926","authorId":"08515b05-2d3e-4789-ad60-db35525a4970","imageUrl":["https://res.cloudinary.com/dizcvrefo/image/upload/v1748597950/nestjs_uploads/siabu4jmaf7nfak5xkgc.jpg","https://res.cloudinary.com/dizcvrefo/image/upload/v1748597951/nestjs_uploads/bufde4typyni9j408ua4.jpg","https://res.cloudinary.com/dizcvrefo/image/upload/v1748597951/nestjs_uploads/yk6tjdkirr4a7ons7iz5.jpg"],"caption":"[0xc4][0x82]n g[0xc3][0xac] kh[0xc3][0xb4]ng","location":null,"tags":[],"isPublic":true,"likeCount":0,"commentCount":0,"sharedCount":0,"createdAt":"2025-05-30T09:39:13.647Z","updatedAt":"2025-05-30T09:39:13.647Z","author":{"username":"nam","profilePic":"https://res.cloudinary.com/dizcvrefo/image/upload/v1749266646/nestjs_uploads/zk9zrpeidnovxibfqdxr.png"},"_count":{"likes":3,"comments":0},"score":0.010289030650973245,"isLike":false,"isToday":false,"isFollowing":false,"isSelf":false},{"id":"b96886bd-5f00-41af-a440-152f360f1657","authorId":"08515b05-2d3e-4789-ad60-db35525a4970","imageUrl":["https://res.cloudinary.com/dizcvrefo/image/upload/v1748597371/nestjs_uploads/vce2gudp9o4mm4fn8xt0.jpg","https://res.cloudinary.com/dizcvrefo/image/upload/v1748597372/nestjs_uploads/u691vkjqxrek1dv0wtbm.jpg","https://res.cloudinary.com/dizcvrefo/image/upload/v1748597371/nestjs_uploads/feqbcopm8ge8maj3hu6k.jpg"],"caption":"ok","location":null,"tags":[],"isPublic":true,"likeCount":0,"commentCount":0,"sharedCount":0,"createdAt":"2025-05-30T09:29:34.405Z","updatedAt":"2025-05-30T09:29:34.405Z","author":{"username":"nam","profilePic":"https://res.cloudinary.com/dizcvrefo/image/upload/v1749266646/nestjs_uploads/zk9zrpeidnovxibfqdxr.png"},"_count":{"likes":3,"comments":0},"score":0.010286192500600012,"isLike":false,"isToday":false,"isFollowing":false,"isSelf":false},{"id":"479ed759-3811-4b84-8141-bff184fae4b8","authorId":"dacf294e-491b-47ff-bd74-bfe5ddbfbdf9","imageUrl":["https://res.cloudinary.com/dizcvrefo/image/upload/v1748596741/nestjs_uploads/g8vk3zn2rfop6caitmfb.jpg","https://res.cloudinary.com/dizcvrefo/image/upload/v1748596741/nestjs_uploads/cqcspqsifpg0ndthyuax.jpg","https://res.cloudinary.com/dizcvrefo/image/upload/v1748596741/nestjs_uploads/hc3svmdbfotscvcctfoq.jpg","https://res.cloudinary.com/dizcvrefo/image/upload/v1748596742/nestjs_uploads/fxjvluy2vpyfuspukumf.jpg","https://res.cloudinary.com/dizcvrefo/image/upload/v1748596741/nestjs_uploads/sb38euks3gzg5f92uiig.jpg"],"caption":"Village","location":null,"tags":[],"isPublic":true,"likeCount":0,"commentCount":0,"sharedCount":0,"createdAt":"2025-05-30T09:19:04.180Z","updatedAt":"2025-05-30T09:19:04.180Z","author":{"username":"chinh","profilePic":"https://hebbkx1anhila5yf.public.blob.vercel-storage.com/image-hiZZ98WEvmBOkk3oAqffc3ReiwtEIO.png"},"_count":{"likes":3,"comments":0},"score":0.010283106323462268,"isLike":false,"isToday":false,"isFollowing":false,"isSelf":false},{"id":"9ef01284-6f35-4f8a-9d58-3f5891acc766","authorId":"dacf294e-491b-47ff-bd74-bfe5ddbfbdf9","imageUrl":["https://res.cloudinary.com/dizc"
23:47:56.794 [main] DEBUG org.apache.http.headers -- http-outgoing-0 << HTTP/1.1 200 OK
23:47:56.794 [main] DEBUG org.apache.http.headers -- http-outgoing-0 << X-Powered-By: Express
23:47:56.794 [main] DEBUG org.apache.http.headers -- http-outgoing-0 << Access-Control-Allow-Origin: *
23:47:56.794 [main] DEBUG org.apache.http.headers -- http-outgoing-0 << Content-Type: application/json; charset=utf-8
23:47:56.794 [main] DEBUG org.apache.http.headers -- http-outgoing-0 << Content-Length: 10134
23:47:56.794 [main] DEBUG org.apache.http.headers -- http-outgoing-0 << ETag: W/"2796-Iw7mdwFbVHRvOus6uMtmhYB73m8"
23:47:56.794 [main] DEBUG org.apache.http.headers -- http-outgoing-0 << Date: Mon, 23 Jun 2025 16:47:56 GMT
23:47:56.794 [main] DEBUG org.apache.http.headers -- http-outgoing-0 << Connection: keep-alive
23:47:56.794 [main] DEBUG org.apache.http.headers -- http-outgoing-0 << Keep-Alive: timeout=5
23:47:56.797 [main] DEBUG org.apache.http.impl.execchain.MainClientExec -- Connection can be kept alive for 5000 MILLISECONDS
23:47:56.799 [main] DEBUG org.apache.http.wire -- http-outgoing-0 << "vrefo/image/upload/v1748596489/nestjs_uploads/ue1yvhe1qzvlc2pmkjee.jpg","https://res.cloudinary.com/dizcvrefo/image/upload/v1748596493/nestjs_uploads/bm3pcnpqmnppnsuq0pv9.jpg","https://res.cloudinary.com/dizcvrefo/image/upload/v1748596489/nestjs_uploads/q6nipodzp1mdnpm1p13g.jpg","https://res.cloudinary.com/dizcvrefo/image/upload/v1748596489/nestjs_uploads/icygr75zfmxk0ehqsnwo.jpg","https://res.cloudinary.com/dizcvrefo/image/upload/v1748596489/nestjs_uploads/ghgd01xzcaxpra5httqg.jpg","https://res.cloudinary.com/dizcvrefo/image/upload/v1748596489/nestjs_uploads/o53mpfip4l7dbjbd7wcw.jpg"],"caption":"Nh[0xe1][0xba][0xad]u","location":null,"tags":[],"isPublic":true,"likeCount":0,"commentCount":0,"sharedCount":0,"createdAt":"2025-05-30T09:14:54.972Z","updatedAt":"2025-05-30T09:14:54.972Z","author":{"username":"chinh","profilePic":"https://hebbkx1anhila5yf.public.blob.vercel-storage.com/image-hiZZ98WEvmBOkk3oAqffc3ReiwtEIO.png"},"_count":{"likes":3,"comments":0},"score":0.010281886476470915,"isLike":false,"isToday":false,"isFollow"
23:47:56.799 [main] DEBUG org.apache.http.wire -- http-outgoing-0 << "ing":false,"isSelf":false},{"id":"d79e9a48-ca20-40fd-bb11-ed7302657db9","authorId":"08515b05-2d3e-4789-ad60-db35525a4970","imageUrl":["https://res.cloudinary.com/dizcvrefo/image/upload/v1749382783/nestjs_uploads/buqh5wktqj3y5etgfxok.jpg","https://res.cloudinary.com/dizcvrefo/image/upload/v1749382789/nestjs_uploads/wjm5idulrdjhv7yuc477.jpg","https://res.cloudinary.com/dizcvrefo/image/upload/v1749382781/nestjs_uploads/ztoyccvbrahzxkbm7mxb.jpg","https://res.cloudinary.com/dizcvrefo/image/upload/v1749383075/nestjs_uploads/yjbnpjozb3x4suirhe9d.jpg","https://res.cloudinary.com/dizcvrefo/image/upload/v1749383076/nestjs_uploads/wurnhokpsyvvjg60iceu.jpg"],"caption":"H[0xc3][0xb4]m nay l[0xc3][0xa0] th[0xe1][0xbb][0xa9] 7 em th[0xc3][0xad]ch [0xc4][0x91]i th[0xc3][0xad]ch [0xc4][0x91]i v[0xc3][0xa0]o bar u[0xe1][0xbb][0x91]ng [0xf0][0x9f][0x8d][0xba] [0xf0][0x9f][0x92][0x83][0xf0][0x9f][0x92][0x83][0xf0][0x9f][0x92][0x83]","location":null,"tags":[],"isPublic":true,"likeCount":0,"commentCount":0,"sharedCount":0,"createdAt":"2025-05-28T09:56:16.976Z","updatedAt":"2025-06-08T11:44:37.991Z","author":{"username":"nam","profilePic":"https://res.cloudinary.com/dizcvrefo/image/upload/v1749266646/nestjs_"
23:47:56.799 [main] DEBUG org.apache.http.wire -- http-outgoing-0 << "uploads/zk9zrpeidnovxibfqdxr.png"},"_count":{"likes":3,"comments":0},"score":0.009510810585700207,"isLike":false,"isToday":false,"isFollowing":false,"isSelf":false}]}"
23:47:56.799 [main] DEBUG org.apache.http.impl.conn.PoolingHttpClientConnectionManager -- Connection [id: 0][route: {}->http://localhost:3000] can be kept alive for 5.0 seconds
23:47:56.799 [main] DEBUG org.apache.http.impl.conn.DefaultManagedHttpClientConnection -- http-outgoing-0: set socket timeout to 0
23:47:56.799 [main] DEBUG org.apache.http.impl.conn.PoolingHttpClientConnectionManager -- Connection released: [id: 0][route: {}->http://localhost:3000][total available: 1; route allocated: 1 of 5; total allocated: 1 of 10]
23:47:56.799 [main] DEBUG org.apache.http.impl.conn.PoolingHttpClientConnectionManager -- Connection manager is shutting down
23:47:56.800 [main] DEBUG org.apache.http.impl.conn.DefaultManagedHttpClientConnection -- http-outgoing-0: Close connection
23:47:56.800 [main] DEBUG org.apache.http.impl.conn.PoolingHttpClientConnectionManager -- Connection manager shut down
23:47:56.803 [main] DEBUG com.intuit.karate -- response time in milliseconds: 503
1 < 200
1 < X-Powered-By: Express
1 < Access-Control-Allow-Origin: *
1 < Content-Type: application/json; charset=utf-8
1 < Content-Length: 10134
1 < ETag: W/"2796-Iw7mdwFbVHRvOus6uMtmhYB73m8"
1 < Date: Mon, 23 Jun 2025 16:47:56 GMT
1 < Connection: keep-alive
1 < Keep-Alive: timeout=5
{
  "message": "Feed",
  "statusCode": 200,
  "status": "success",
  "data": [
    {
      "id": "c8151412-bc98-49ec-88ff-57b89cc2ce67",
      "authorId": "08515b05-2d3e-4789-ad60-db35525a4970",
      "imageUrl": [
        "https://res.cloudinary.com/dizcvrefo/image/upload/v1748933672/nestjs_uploads/rpehmvwkwptjktjzllxz.jpg",
        "https://res.cloudinary.com/dizcvrefo/image/upload/v1748933672/nestjs_uploads/xl8wce3gldsuaekfnfwo.jpg",
        "https://res.cloudinary.com/dizcvrefo/image/upload/v1748933671/nestjs_uploads/ee1ntt1feukxfszhma1b.jpg"
      ],
      "caption": "Moi di hom nay",
      "location": null,
      "tags": [
      ],
      "isPublic": true,
      "likeCount": 0,
      "commentCount": 0,
      "sharedCount": 0,
      "createdAt": "2025-06-03T06:54:33.756Z",
      "updatedAt": "2025-06-03T06:54:33.756Z",
      "author": {
        "username": "nam",
        "profilePic": "https://res.cloudinary.com/dizcvrefo/image/upload/v1749266646/nestjs_uploads/zk9zrpeidnovxibfqdxr.png"
      },
      "_count": {
        "likes": 4,
        "comments": 0
      },
      "score": 0.016330205667633983,
      "isLike": true,
      "isToday": false,
      "isFollowing": false,
      "isSelf": false
    },
    {
      "id": "028cfac7-688b-4f4d-832d-1dd681b89e64",
      "authorId": "08515b05-2d3e-4789-ad60-db35525a4970",
      "imageUrl": [
        "https://res.cloudinary.com/dizcvrefo/image/upload/v1748964089/nestjs_uploads/r2x7j8rz3gfsze8o0fe7.jpg",
        "https://res.cloudinary.com/dizcvrefo/image/upload/v1748964089/nestjs_uploads/ebic5ju0e6btkxv2g526.jpg",
        "https://res.cloudinary.com/dizcvrefo/image/upload/v1748964089/nestjs_uploads/ngkhumq5qjehuoqmvxqv.jpg"
      ],
      "caption": "Di uong bia",
      "location": null,
      "tags": [
      ],
      "isPublic": true,
      "likeCount": 0,
      "commentCount": 0,
      "sharedCount": 0,
      "createdAt": "2025-06-03T15:21:31.678Z",
      "updatedAt": "2025-06-03T15:21:31.678Z",
      "author": {
        "username": "nam",
        "profilePic": "https://res.cloudinary.com/dizcvrefo/image/upload/v1749266646/nestjs_uploads/zk9zrpeidnovxibfqdxr.png"
      },
      "_count": {
        "likes": 3,
        "comments": 0
      },
      "score": 0.01246260428262995,
      "isLike": true,
      "isToday": false,
      "isFollowing": false,
      "isSelf": false
    },
    {
      "id": "45a2d709-c6c9-4887-9235-dbbd2d381827",
      "authorId": "08515b05-2d3e-4789-ad60-db35525a4970",
      "imageUrl": [
        "https://res.cloudinary.com/dizcvrefo/image/upload/v1748932129/nestjs_uploads/ecwyixgm9kf0zdng7bdp.png",
        "https://res.cloudinary.com/dizcvrefo/image/upload/v1748932129/nestjs_uploads/uhl3z1wamgjxl5o4vq1l.jpg",
        "https://res.cloudinary.com/dizcvrefo/image/upload/v1748932129/nestjs_uploads/pavlktzorkfcm5pp31io.jpg",
        "https://res.cloudinary.com/dizcvrefo/image/upload/v1748932129/nestjs_uploads/knew9jcdpmwaleoa6oov.jpg"
      ],
      "caption": "Di choi di anh em oi",
      "location": null,
      "tags": [
      ],
      "isPublic": true,
      "likeCount": 0,
      "commentCount": 0,
      "sharedCount": 0,
      "createdAt": "2025-06-03T06:28:51.322Z",
      "updatedAt": "2025-06-03T06:28:51.322Z",
      "author": {
        "username": "nam",
        "profilePic": "https://res.cloudinary.com/dizcvrefo/image/upload/v1749266646/nestjs_uploads/zk9zrpeidnovxibfqdxr.png"
      },
      "_count": {
        "likes": 3,
        "comments": 0
      },
      "score": 0.012236951904176563,
      "isLike": false,
      "isToday": false,
      "isFollowing": false,
      "isSelf": false
    },
    {
      "id": "bd9fb1fc-af49-4625-aa11-a458424d17ca",
      "authorId": "08515b05-2d3e-4789-ad60-db35525a4970",
      "imageUrl": [
        "https://res.cloudinary.com/dizcvrefo/image/upload/v1749400565/nestjs_uploads/srvf0b7b2fnsab8uqc8g.jpg",
        "https://res.cloudinary.com/dizcvrefo/image/upload/v1749400565/nestjs_uploads/u2gybzjxkewsxa1atyq4.jpg",
        "https://res.cloudinary.com/dizcvrefo/image/upload/v1749400565/nestjs_uploads/lottkkizhi1ngodzx4pp.jpg"
      ],
      "caption": "toi la NAM BO",
      "location": null,
      "tags": [
      ],
      "isPublic": true,
      "likeCount": 0,
      "commentCount": 0,
      "sharedCount": 0,
      "createdAt": "2025-06-08T16:36:04.450Z",
      "updatedAt": "2025-06-08T16:36:04.450Z",
      "author": {
        "username": "nam",
        "profilePic": "https://res.cloudinary.com/dizcvrefo/image/upload/v1749266646/nestjs_uploads/zk9zrpeidnovxibfqdxr.png"
      },
      "_count": {
        "likes": 2,
        "comments": 0
      },
      "score": 0.011105007435712471,
      "isLike": false,
      "isToday": false,
      "isFollowing": false,
      "isSelf": false
    },
    {
      "id": "007fcd52-ae77-4c58-988d-36ef78edc29b",
      "authorId": "dacf294e-491b-47ff-bd74-bfe5ddbfbdf9",
      "imageUrl": [
        "https://res.cloudinary.com/dizcvrefo/image/upload/v1748598131/nestjs_uploads/tsh3n10qz6mojbkiayhx.jpg",
        "https://res.cloudinary.com/dizcvrefo/image/upload/v1748598131/nestjs_uploads/no5fdmt60yg8li6gvwao.jpg",
        "https://res.cloudinary.com/dizcvrefo/image/upload/v1748598131/nestjs_uploads/lbn3umepxtqxjcw51mv0.jpg",
        "https://res.cloudinary.com/dizcvrefo/image/upload/v1748598131/nestjs_uploads/e4nufb9kmremurdaanw5.jpg",
        "https://res.cloudinary.com/dizcvrefo/image/upload/v1748598131/nestjs_uploads/pqwqj0gdwqfqqyct54hz.jpg",
        "https://res.cloudinary.com/dizcvrefo/image/upload/v1748598130/nestjs_uploads/dics8pfhps2jfskadthz.jpg"
      ],
      "caption": "Th? thao ?i?n t?",
      "location": null,
      "tags": [
      ],
      "isPublic": true,
      "likeCount": 0,
      "commentCount": 0,
      "sharedCount": 0,
      "createdAt": "2025-05-30T09:42:13.811Z",
      "updatedAt": "2025-05-30T09:42:13.811Z",
      "author": {
        "username": "chinh",
        "profilePic": "https://hebbkx1anhila5yf.public.blob.vercel-storage.com/image-hiZZ98WEvmBOkk3oAqffc3ReiwtEIO.png"
      },
      "_count": {
        "likes": 3,
        "comments": 0
      },
      "score": 0.010289913731807128,
      "isLike": false,
      "isToday": false,
      "isFollowing": false,
      "isSelf": false
    },
    {
      "id": "8a0e35ce-0f39-4475-b2d2-15c217983926",
      "authorId": "08515b05-2d3e-4789-ad60-db35525a4970",
      "imageUrl": [
        "https://res.cloudinary.com/dizcvrefo/image/upload/v1748597950/nestjs_uploads/siabu4jmaf7nfak5xkgc.jpg",
        "https://res.cloudinary.com/dizcvrefo/image/upload/v1748597951/nestjs_uploads/bufde4typyni9j408ua4.jpg",
        "https://res.cloudinary.com/dizcvrefo/image/upload/v1748597951/nestjs_uploads/yk6tjdkirr4a7ons7iz5.jpg"
      ],
      "caption": "?n gì không",
      "location": null,
      "tags": [
      ],
      "isPublic": true,
      "likeCount": 0,
      "commentCount": 0,
      "sharedCount": 0,
      "createdAt": "2025-05-30T09:39:13.647Z",
      "updatedAt": "2025-05-30T09:39:13.647Z",
      "author": {
        "username": "nam",
        "profilePic": "https://res.cloudinary.com/dizcvrefo/image/upload/v1749266646/nestjs_uploads/zk9zrpeidnovxibfqdxr.png"
      },
      "_count": {
        "likes": 3,
        "comments": 0
      },
      "score": 0.010289030650973245,
      "isLike": false,
      "isToday": false,
      "isFollowing": false,
      "isSelf": false
    },
    {
      "id": "b96886bd-5f00-41af-a440-152f360f1657",
      "authorId": "08515b05-2d3e-4789-ad60-db35525a4970",
      "imageUrl": [
        "https://res.cloudinary.com/dizcvrefo/image/upload/v1748597371/nestjs_uploads/vce2gudp9o4mm4fn8xt0.jpg",
        "https://res.cloudinary.com/dizcvrefo/image/upload/v1748597372/nestjs_uploads/u691vkjqxrek1dv0wtbm.jpg",
        "https://res.cloudinary.com/dizcvrefo/image/upload/v1748597371/nestjs_uploads/feqbcopm8ge8maj3hu6k.jpg"
      ],
      "caption": "ok",
      "location": null,
      "tags": [
      ],
      "isPublic": true,
      "likeCount": 0,
      "commentCount": 0,
      "sharedCount": 0,
      "createdAt": "2025-05-30T09:29:34.405Z",
      "updatedAt": "2025-05-30T09:29:34.405Z",
      "author": {
        "username": "nam",
        "profilePic": "https://res.cloudinary.com/dizcvrefo/image/upload/v1749266646/nestjs_uploads/zk9zrpeidnovxibfqdxr.png"
      },
      "_count": {
        "likes": 3,
        "comments": 0
      },
      "score": 0.010286192500600012,
      "isLike": false,
      "isToday": false,
      "isFollowing": false,
      "isSelf": false
    },
    {
      "id": "479ed759-3811-4b84-8141-bff184fae4b8",
      "authorId": "dacf294e-491b-47ff-bd74-bfe5ddbfbdf9",
      "imageUrl": [
        "https://res.cloudinary.com/dizcvrefo/image/upload/v1748596741/nestjs_uploads/g8vk3zn2rfop6caitmfb.jpg",
        "https://res.cloudinary.com/dizcvrefo/image/upload/v1748596741/nestjs_uploads/cqcspqsifpg0ndthyuax.jpg",
        "https://res.cloudinary.com/dizcvrefo/image/upload/v1748596741/nestjs_uploads/hc3svmdbfotscvcctfoq.jpg",
        "https://res.cloudinary.com/dizcvrefo/image/upload/v1748596742/nestjs_uploads/fxjvluy2vpyfuspukumf.jpg",
        "https://res.cloudinary.com/dizcvrefo/image/upload/v1748596741/nestjs_uploads/sb38euks3gzg5f92uiig.jpg"
      ],
      "caption": "Village",
      "location": null,
      "tags": [
      ],
      "isPublic": true,
      "likeCount": 0,
      "commentCount": 0,
      "sharedCount": 0,
      "createdAt": "2025-05-30T09:19:04.180Z",
      "updatedAt": "2025-05-30T09:19:04.180Z",
      "author": {
        "username": "chinh",
        "profilePic": "https://hebbkx1anhila5yf.public.blob.vercel-storage.com/image-hiZZ98WEvmBOkk3oAqffc3ReiwtEIO.png"
      },
      "_count": {
        "likes": 3,
        "comments": 0
      },
      "score": 0.010283106323462268,
      "isLike": false,
      "isToday": false,
      "isFollowing": false,
      "isSelf": false
    },
    {
      "id": "9ef01284-6f35-4f8a-9d58-3f5891acc766",
      "authorId": "dacf294e-491b-47ff-bd74-bfe5ddbfbdf9",
      "imageUrl": [
        "https://res.cloudinary.com/dizcvrefo/image/upload/v1748596489/nestjs_uploads/ue1yvhe1qzvlc2pmkjee.jpg",
        "https://res.cloudinary.com/dizcvrefo/image/upload/v1748596493/nestjs_uploads/bm3pcnpqmnppnsuq0pv9.jpg",
        "https://res.cloudinary.com/dizcvrefo/image/upload/v1748596489/nestjs_uploads/q6nipodzp1mdnpm1p13g.jpg",
        "https://res.cloudinary.com/dizcvrefo/image/upload/v1748596489/nestjs_uploads/icygr75zfmxk0ehqsnwo.jpg",
        "https://res.cloudinary.com/dizcvrefo/image/upload/v1748596489/nestjs_uploads/ghgd01xzcaxpra5httqg.jpg",
        "https://res.cloudinary.com/dizcvrefo/image/upload/v1748596489/nestjs_uploads/o53mpfip4l7dbjbd7wcw.jpg"
      ],
      "caption": "Nh?u",
      "location": null,
      "tags": [
      ],
      "isPublic": true,
      "likeCount": 0,
      "commentCount": 0,
      "sharedCount": 0,
      "createdAt": "2025-05-30T09:14:54.972Z",
      "updatedAt": "2025-05-30T09:14:54.972Z",
      "author": {
        "username": "chinh",
        "profilePic": "https://hebbkx1anhila5yf.public.blob.vercel-storage.com/image-hiZZ98WEvmBOkk3oAqffc3ReiwtEIO.png"
      },
      "_count": {
        "likes": 3,
        "comments": 0
      },
      "score": 0.010281886476470915,
      "isLike": false,
      "isToday": false,
      "isFollowing": false,
      "isSelf": false
    },
    {
      "id": "d79e9a48-ca20-40fd-bb11-ed7302657db9",
      "authorId": "08515b05-2d3e-4789-ad60-db35525a4970",
      "imageUrl": [
        "https://res.cloudinary.com/dizcvrefo/image/upload/v1749382783/nestjs_uploads/buqh5wktqj3y5etgfxok.jpg",
        "https://res.cloudinary.com/dizcvrefo/image/upload/v1749382789/nestjs_uploads/wjm5idulrdjhv7yuc477.jpg",
        "https://res.cloudinary.com/dizcvrefo/image/upload/v1749382781/nestjs_uploads/ztoyccvbrahzxkbm7mxb.jpg",
        "https://res.cloudinary.com/dizcvrefo/image/upload/v1749383075/nestjs_uploads/yjbnpjozb3x4suirhe9d.jpg",
        "https://res.cloudinary.com/dizcvrefo/image/upload/v1749383076/nestjs_uploads/wurnhokpsyvvjg60iceu.jpg"
      ],
      "caption": "Hôm nay là th? 7 em thích ?i thích ?i vào bar u?ng ? ???",
      "location": null,
      "tags": [
      ],
      "isPublic": true,
      "likeCount": 0,
      "commentCount": 0,
      "sharedCount": 0,
      "createdAt": "2025-05-28T09:56:16.976Z",
      "updatedAt": "2025-06-08T11:44:37.991Z",
      "author": {
        "username": "nam",
        "profilePic": "https://res.cloudinary.com/dizcvrefo/image/upload/v1749266646/nestjs_uploads/zk9zrpeidnovxibfqdxr.png"
      },
      "_count": {
        "likes": 3,
        "comments": 0
      },
      "score": 0.009510810585700207,
      "isLike": false,
      "isToday": false,
      "isFollowing": false,
      "isSelf": false
    }
  ]
}


23:47:56.809 [main] INFO com.intuit.karate -- [print] Calling getPostsFeed API v?i bearerToken: eyJhbGciOiJIUzI1NiIsInR5cCI6IkpXVCJ9.eyJzdWIiOiJmNjI4NDUzMi04ZjFlLTRiMDUtYWM1NC1kODAzNzM4NmU4MGMiLCJ1c2VybmFtZSI6InVzZXJubzIiLCJyb2xlIjowLCJpYXQiOjE3NTA2OTQzNTQsImV4cCI6MTc1MDY5Nzk1NH0.cn4pcMTzJbKyd0aw-bN_KvZNRCfEwxef9wljw6vUgkw 
23:47:56.810 [main] INFO com.intuit.karate -- [print] Query params: {
  "page": "1",
  "limit": "10"
}
 
23:47:56.811 [main] INFO com.intuit.karate -- [print] Response status: 200 body: {
  "message": "Feed",
  "statusCode": 200,
  "status": "success",
  "data": [
    {
      "id": "c8151412-bc98-49ec-88ff-57b89cc2ce67",
      "authorId": "08515b05-2d3e-4789-ad60-db35525a4970",
      "imageUrl": [
        "https://res.cloudinary.com/dizcvrefo/image/upload/v1748933672/nestjs_uploads/rpehmvwkwptjktjzllxz.jpg",
        "https://res.cloudinary.com/dizcvrefo/image/upload/v1748933672/nestjs_uploads/xl8wce3gldsuaekfnfwo.jpg",
        "https://res.cloudinary.com/dizcvrefo/image/upload/v1748933671/nestjs_uploads/ee1ntt1feukxfszhma1b.jpg"
      ],
      "caption": "Moi di hom nay",
      "location": null,
      "tags": [
      ],
      "isPublic": true,
      "likeCount": 0,
      "commentCount": 0,
      "sharedCount": 0,
      "createdAt": "2025-06-03T06:54:33.756Z",
      "updatedAt": "2025-06-03T06:54:33.756Z",
      "author": {
        "username": "nam",
        "profilePic": "https://res.cloudinary.com/dizcvrefo/image/upload/v1749266646/nestjs_uploads/zk9zrpeidnovxibfqdxr.png"
      },
      "_count": {
        "likes": 4,
        "comments": 0
      },
      "score": 0.016330205667633983,
      "isLike": true,
      "isToday": false,
      "isFollowing": false,
      "isSelf": false
    },
    {
      "id": "028cfac7-688b-4f4d-832d-1dd681b89e64",
      "authorId": "08515b05-2d3e-4789-ad60-db35525a4970",
      "imageUrl": [
        "https://res.cloudinary.com/dizcvrefo/image/upload/v1748964089/nestjs_uploads/r2x7j8rz3gfsze8o0fe7.jpg",
        "https://res.cloudinary.com/dizcvrefo/image/upload/v1748964089/nestjs_uploads/ebic5ju0e6btkxv2g526.jpg",
        "https://res.cloudinary.com/dizcvrefo/image/upload/v1748964089/nestjs_uploads/ngkhumq5qjehuoqmvxqv.jpg"
      ],
      "caption": "Di uong bia",
      "location": null,
      "tags": [
      ],
      "isPublic": true,
      "likeCount": 0,
      "commentCount": 0,
      "sharedCount": 0,
      "createdAt": "2025-06-03T15:21:31.678Z",
      "updatedAt": "2025-06-03T15:21:31.678Z",
      "author": {
        "username": "nam",
        "profilePic": "https://res.cloudinary.com/dizcvrefo/image/upload/v1749266646/nestjs_uploads/zk9zrpeidnovxibfqdxr.png"
      },
      "_count": {
        "likes": 3,
        "comments": 0
      },
      "score": 0.01246260428262995,
      "isLike": true,
      "isToday": false,
      "isFollowing": false,
      "isSelf": false
    },
    {
      "id": "45a2d709-c6c9-4887-9235-dbbd2d381827",
      "authorId": "08515b05-2d3e-4789-ad60-db35525a4970",
      "imageUrl": [
        "https://res.cloudinary.com/dizcvrefo/image/upload/v1748932129/nestjs_uploads/ecwyixgm9kf0zdng7bdp.png",
        "https://res.cloudinary.com/dizcvrefo/image/upload/v1748932129/nestjs_uploads/uhl3z1wamgjxl5o4vq1l.jpg",
        "https://res.cloudinary.com/dizcvrefo/image/upload/v1748932129/nestjs_uploads/pavlktzorkfcm5pp31io.jpg",
        "https://res.cloudinary.com/dizcvrefo/image/upload/v1748932129/nestjs_uploads/knew9jcdpmwaleoa6oov.jpg"
      ],
      "caption": "Di choi di anh em oi",
      "location": null,
      "tags": [
      ],
      "isPublic": true,
      "likeCount": 0,
      "commentCount": 0,
      "sharedCount": 0,
      "createdAt": "2025-06-03T06:28:51.322Z",
      "updatedAt": "2025-06-03T06:28:51.322Z",
      "author": {
        "username": "nam",
        "profilePic": "https://res.cloudinary.com/dizcvrefo/image/upload/v1749266646/nestjs_uploads/zk9zrpeidnovxibfqdxr.png"
      },
      "_count": {
        "likes": 3,
        "comments": 0
      },
      "score": 0.012236951904176563,
      "isLike": false,
      "isToday": false,
      "isFollowing": false,
      "isSelf": false
    },
    {
      "id": "bd9fb1fc-af49-4625-aa11-a458424d17ca",
      "authorId": "08515b05-2d3e-4789-ad60-db35525a4970",
      "imageUrl": [
        "https://res.cloudinary.com/dizcvrefo/image/upload/v1749400565/nestjs_uploads/srvf0b7b2fnsab8uqc8g.jpg",
        "https://res.cloudinary.com/dizcvrefo/image/upload/v1749400565/nestjs_uploads/u2gybzjxkewsxa1atyq4.jpg",
        "https://res.cloudinary.com/dizcvrefo/image/upload/v1749400565/nestjs_uploads/lottkkizhi1ngodzx4pp.jpg"
      ],
      "caption": "toi la NAM BO",
      "location": null,
      "tags": [
      ],
      "isPublic": true,
      "likeCount": 0,
      "commentCount": 0,
      "sharedCount": 0,
      "createdAt": "2025-06-08T16:36:04.450Z",
      "updatedAt": "2025-06-08T16:36:04.450Z",
      "author": {
        "username": "nam",
        "profilePic": "https://res.cloudinary.com/dizcvrefo/image/upload/v1749266646/nestjs_uploads/zk9zrpeidnovxibfqdxr.png"
      },
      "_count": {
        "likes": 2,
        "comments": 0
      },
      "score": 0.011105007435712471,
      "isLike": false,
      "isToday": false,
      "isFollowing": false,
      "isSelf": false
    },
    {
      "id": "007fcd52-ae77-4c58-988d-36ef78edc29b",
      "authorId": "dacf294e-491b-47ff-bd74-bfe5ddbfbdf9",
      "imageUrl": [
        "https://res.cloudinary.com/dizcvrefo/image/upload/v1748598131/nestjs_uploads/tsh3n10qz6mojbkiayhx.jpg",
        "https://res.cloudinary.com/dizcvrefo/image/upload/v1748598131/nestjs_uploads/no5fdmt60yg8li6gvwao.jpg",
        "https://res.cloudinary.com/dizcvrefo/image/upload/v1748598131/nestjs_uploads/lbn3umepxtqxjcw51mv0.jpg",
        "https://res.cloudinary.com/dizcvrefo/image/upload/v1748598131/nestjs_uploads/e4nufb9kmremurdaanw5.jpg",
        "https://res.cloudinary.com/dizcvrefo/image/upload/v1748598131/nestjs_uploads/pqwqj0gdwqfqqyct54hz.jpg",
        "https://res.cloudinary.com/dizcvrefo/image/upload/v1748598130/nestjs_uploads/dics8pfhps2jfskadthz.jpg"
      ],
      "caption": "Th? thao ?i?n t?",
      "location": null,
      "tags": [
      ],
      "isPublic": true,
      "likeCount": 0,
      "commentCount": 0,
      "sharedCount": 0,
      "createdAt": "2025-05-30T09:42:13.811Z",
      "updatedAt": "2025-05-30T09:42:13.811Z",
      "author": {
        "username": "chinh",
        "profilePic": "https://hebbkx1anhila5yf.public.blob.vercel-storage.com/image-hiZZ98WEvmBOkk3oAqffc3ReiwtEIO.png"
      },
      "_count": {
        "likes": 3,
        "comments": 0
      },
      "score": 0.010289913731807128,
      "isLike": false,
      "isToday": false,
      "isFollowing": false,
      "isSelf": false
    },
    {
      "id": "8a0e35ce-0f39-4475-b2d2-15c217983926",
      "authorId": "08515b05-2d3e-4789-ad60-db35525a4970",
      "imageUrl": [
        "https://res.cloudinary.com/dizcvrefo/image/upload/v1748597950/nestjs_uploads/siabu4jmaf7nfak5xkgc.jpg",
        "https://res.cloudinary.com/dizcvrefo/image/upload/v1748597951/nestjs_uploads/bufde4typyni9j408ua4.jpg",
        "https://res.cloudinary.com/dizcvrefo/image/upload/v1748597951/nestjs_uploads/yk6tjdkirr4a7ons7iz5.jpg"
      ],
      "caption": "?n gì không",
      "location": null,
      "tags": [
      ],
      "isPublic": true,
      "likeCount": 0,
      "commentCount": 0,
      "sharedCount": 0,
      "createdAt": "2025-05-30T09:39:13.647Z",
      "updatedAt": "2025-05-30T09:39:13.647Z",
      "author": {
        "username": "nam",
        "profilePic": "https://res.cloudinary.com/dizcvrefo/image/upload/v1749266646/nestjs_uploads/zk9zrpeidnovxibfqdxr.png"
      },
      "_count": {
        "likes": 3,
        "comments": 0
      },
      "score": 0.010289030650973245,
      "isLike": false,
      "isToday": false,
      "isFollowing": false,
      "isSelf": false
    },
    {
      "id": "b96886bd-5f00-41af-a440-152f360f1657",
      "authorId": "08515b05-2d3e-4789-ad60-db35525a4970",
      "imageUrl": [
        "https://res.cloudinary.com/dizcvrefo/image/upload/v1748597371/nestjs_uploads/vce2gudp9o4mm4fn8xt0.jpg",
        "https://res.cloudinary.com/dizcvrefo/image/upload/v1748597372/nestjs_uploads/u691vkjqxrek1dv0wtbm.jpg",
        "https://res.cloudinary.com/dizcvrefo/image/upload/v1748597371/nestjs_uploads/feqbcopm8ge8maj3hu6k.jpg"
      ],
      "caption": "ok",
      "location": null,
      "tags": [
      ],
      "isPublic": true,
      "likeCount": 0,
      "commentCount": 0,
      "sharedCount": 0,
      "createdAt": "2025-05-30T09:29:34.405Z",
      "updatedAt": "2025-05-30T09:29:34.405Z",
      "author": {
        "username": "nam",
        "profilePic": "https://res.cloudinary.com/dizcvrefo/image/upload/v1749266646/nestjs_uploads/zk9zrpeidnovxibfqdxr.png"
      },
      "_count": {
        "likes": 3,
        "comments": 0
      },
      "score": 0.010286192500600012,
      "isLike": false,
      "isToday": false,
      "isFollowing": false,
      "isSelf": false
    },
    {
      "id": "479ed759-3811-4b84-8141-bff184fae4b8",
      "authorId": "dacf294e-491b-47ff-bd74-bfe5ddbfbdf9",
      "imageUrl": [
        "https://res.cloudinary.com/dizcvrefo/image/upload/v1748596741/nestjs_uploads/g8vk3zn2rfop6caitmfb.jpg",
        "https://res.cloudinary.com/dizcvrefo/image/upload/v1748596741/nestjs_uploads/cqcspqsifpg0ndthyuax.jpg",
        "https://res.cloudinary.com/dizcvrefo/image/upload/v1748596741/nestjs_uploads/hc3svmdbfotscvcctfoq.jpg",
        "https://res.cloudinary.com/dizcvrefo/image/upload/v1748596742/nestjs_uploads/fxjvluy2vpyfuspukumf.jpg",
        "https://res.cloudinary.com/dizcvrefo/image/upload/v1748596741/nestjs_uploads/sb38euks3gzg5f92uiig.jpg"
      ],
      "caption": "Village",
      "location": null,
      "tags": [
      ],
      "isPublic": true,
      "likeCount": 0,
      "commentCount": 0,
      "sharedCount": 0,
      "createdAt": "2025-05-30T09:19:04.180Z",
      "updatedAt": "2025-05-30T09:19:04.180Z",
      "author": {
        "username": "chinh",
        "profilePic": "https://hebbkx1anhila5yf.public.blob.vercel-storage.com/image-hiZZ98WEvmBOkk3oAqffc3ReiwtEIO.png"
      },
      "_count": {
        "likes": 3,
        "comments": 0
      },
      "score": 0.010283106323462268,
      "isLike": false,
      "isToday": false,
      "isFollowing": false,
      "isSelf": false
    },
    {
      "id": "9ef01284-6f35-4f8a-9d58-3f5891acc766",
      "authorId": "dacf294e-491b-47ff-bd74-bfe5ddbfbdf9",
      "imageUrl": [
        "https://res.cloudinary.com/dizcvrefo/image/upload/v1748596489/nestjs_uploads/ue1yvhe1qzvlc2pmkjee.jpg",
        "https://res.cloudinary.com/dizcvrefo/image/upload/v1748596493/nestjs_uploads/bm3pcnpqmnppnsuq0pv9.jpg",
        "https://res.cloudinary.com/dizcvrefo/image/upload/v1748596489/nestjs_uploads/q6nipodzp1mdnpm1p13g.jpg",
        "https://res.cloudinary.com/dizcvrefo/image/upload/v1748596489/nestjs_uploads/icygr75zfmxk0ehqsnwo.jpg",
        "https://res.cloudinary.com/dizcvrefo/image/upload/v1748596489/nestjs_uploads/ghgd01xzcaxpra5httqg.jpg",
        "https://res.cloudinary.com/dizcvrefo/image/upload/v1748596489/nestjs_uploads/o53mpfip4l7dbjbd7wcw.jpg"
      ],
      "caption": "Nh?u",
      "location": null,
      "tags": [
      ],
      "isPublic": true,
      "likeCount": 0,
      "commentCount": 0,
      "sharedCount": 0,
      "createdAt": "2025-05-30T09:14:54.972Z",
      "updatedAt": "2025-05-30T09:14:54.972Z",
      "author": {
        "username": "chinh",
        "profilePic": "https://hebbkx1anhila5yf.public.blob.vercel-storage.com/image-hiZZ98WEvmBOkk3oAqffc3ReiwtEIO.png"
      },
      "_count": {
        "likes": 3,
        "comments": 0
      },
      "score": 0.010281886476470915,
      "isLike": false,
      "isToday": false,
      "isFollowing": false,
      "isSelf": false
    },
    {
      "id": "d79e9a48-ca20-40fd-bb11-ed7302657db9",
      "authorId": "08515b05-2d3e-4789-ad60-db35525a4970",
      "imageUrl": [
        "https://res.cloudinary.com/dizcvrefo/image/upload/v1749382783/nestjs_uploads/buqh5wktqj3y5etgfxok.jpg",
        "https://res.cloudinary.com/dizcvrefo/image/upload/v1749382789/nestjs_uploads/wjm5idulrdjhv7yuc477.jpg",
        "https://res.cloudinary.com/dizcvrefo/image/upload/v1749382781/nestjs_uploads/ztoyccvbrahzxkbm7mxb.jpg",
        "https://res.cloudinary.com/dizcvrefo/image/upload/v1749383075/nestjs_uploads/yjbnpjozb3x4suirhe9d.jpg",
        "https://res.cloudinary.com/dizcvrefo/image/upload/v1749383076/nestjs_uploads/wurnhokpsyvvjg60iceu.jpg"
      ],
      "caption": "Hôm nay là th? 7 em thích ?i thích ?i vào bar u?ng ? ???",
      "location": null,
      "tags": [
      ],
      "isPublic": true,
      "likeCount": 0,
      "commentCount": 0,
      "sharedCount": 0,
      "createdAt": "2025-05-28T09:56:16.976Z",
      "updatedAt": "2025-06-08T11:44:37.991Z",
      "author": {
        "username": "nam",
        "profilePic": "https://res.cloudinary.com/dizcvrefo/image/upload/v1749266646/nestjs_uploads/zk9zrpeidnovxibfqdxr.png"
      },
      "_count": {
        "likes": 3,
        "comments": 0
      },
      "score": 0.009510810585700207,
      "isLike": false,
      "isToday": false,
      "isFollowing": false,
      "isSelf": false
    }
  ]
}
 
23:47:56.859 [main] INFO com.intuit.karate -- ? TEST PASSED - All validations passed 
23:47:56.860 [main] INFO com.intuit.karate -- Test case #1 - Status: 200, Result: {"message":"Feed","statusCode":200,"status":"success","data":[{"id":"c8151412-bc98-49ec-88ff-57b89cc2ce67","authorId":"08515b05-2d3e-4789-ad60-db35525a4970","imageUrl":["https://res.cloudinary.com/dizcvrefo/image/upload/v1748933672/nestjs_uploads/rpehmvwkwptjktjzllxz.jpg","https://res.cloudinary.com/dizcvrefo/image/upload/v1748933672/nestjs_uploads/xl8wce3gldsuaekfnfwo.jpg","https://res.cloudinary.com/dizcvrefo/image/upload/v1748933671/nestjs_uploads/ee1ntt1feukxfszhma1b.jpg"],"caption":"Moi di hom nay","location":null,"tags":[],"isPublic":true,"likeCount":0,"commentCount":0,"sharedCount":0,"createdAt":"2025-06-03T06:54:33.756Z","updatedAt":"2025-06-03T06:54:33.756Z","author":{"username":"nam","profilePic":"https://res.cloudinary.com/dizcvrefo/image/upload/v1749266646/nestjs_uploads/zk9zrpeidnovxibfqdxr.png"},"_count":{"likes":4,"comments":0},"score":0.016330205667633983,"isLike":true,"isToday":false,"isFollowing":false,"isSelf":false},{"id":"028cfac7-688b-4f4d-832d-1dd681b89e64","authorId":"08515b05-2d3e-4789-ad60-db35525a4970","imageUrl":["https://res.cloudinary.com/dizcvrefo/image/upload/v1748964089/nestjs_uploads/r2x7j8rz3gfsze8o0fe7.jpg","https://res.cloudinary.com/dizcvrefo/image/upload/v1748964089/nestjs_uploads/ebic5ju0e6btkxv2g526.jpg","https://res.cloudinary.com/dizcvrefo/image/upload/v1748964089/nestjs_uploads/ngkhumq5qjehuoqmvxqv.jpg"],"caption":"Di uong bia","location":null,"tags":[],"isPublic":true,"likeCount":0,"commentCount":0,"sharedCount":0,"createdAt":"2025-06-03T15:21:31.678Z","updatedAt":"2025-06-03T15:21:31.678Z","author":{"username":"nam","profilePic":"https://res.cloudinary.com/dizcvrefo/image/upload/v1749266646/nestjs_uploads/zk9zrpeidnovxibfqdxr.png"},"_count":{"likes":3,"comments":0},"score":0.01246260428262995,"isLike":true,"isToday":false,"isFollowing":false,"isSelf":false},{"id":"45a2d709-c6c9-4887-9235-dbbd2d381827","authorId":"08515b05-2d3e-4789-ad60-db35525a4970","imageUrl":["https://res.cloudinary.com/dizcvrefo/image/upload/v1748932129/nestjs_uploads/ecwyixgm9kf0zdng7bdp.png","https://res.cloudinary.com/dizcvrefo/image/upload/v1748932129/nestjs_uploads/uhl3z1wamgjxl5o4vq1l.jpg","https://res.cloudinary.com/dizcvrefo/image/upload/v1748932129/nestjs_uploads/pavlktzorkfcm5pp31io.jpg","https://res.cloudinary.com/dizcvrefo/image/upload/v1748932129/nestjs_uploads/knew9jcdpmwaleoa6oov.jpg"],"caption":"Di choi di anh em oi","location":null,"tags":[],"isPublic":true,"likeCount":0,"commentCount":0,"sharedCount":0,"createdAt":"2025-06-03T06:28:51.322Z","updatedAt":"2025-06-03T06:28:51.322Z","author":{"username":"nam","profilePic":"https://res.cloudinary.com/dizcvrefo/image/upload/v1749266646/nestjs_uploads/zk9zrpeidnovxibfqdxr.png"},"_count":{"likes":3,"comments":0},"score":0.012236951904176563,"isLike":false,"isToday":false,"isFollowing":false,"isSelf":false},{"id":"bd9fb1fc-af49-4625-aa11-a458424d17ca","authorId":"08515b05-2d3e-4789-ad60-db35525a4970","imageUrl":["https://res.cloudinary.com/dizcvrefo/image/upload/v1749400565/nestjs_uploads/srvf0b7b2fnsab8uqc8g.jpg","https://res.cloudinary.com/dizcvrefo/image/upload/v1749400565/nestjs_uploads/u2gybzjxkewsxa1atyq4.jpg","https://res.cloudinary.com/dizcvrefo/image/upload/v1749400565/nestjs_uploads/lottkkizhi1ngodzx4pp.jpg"],"caption":"toi la NAM BO","location":null,"tags":[],"isPublic":true,"likeCount":0,"commentCount":0,"sharedCount":0,"createdAt":"2025-06-08T16:36:04.450Z","updatedAt":"2025-06-08T16:36:04.450Z","author":{"username":"nam","profilePic":"https://res.cloudinary.com/dizcvrefo/image/upload/v1749266646/nestjs_uploads/zk9zrpeidnovxibfqdxr.png"},"_count":{"likes":2,"comments":0},"score":0.011105007435712471,"isLike":false,"isToday":false,"isFollowing":false,"isSelf":false},{"id":"007fcd52-ae77-4c58-988d-36ef78edc29b","authorId":"dacf294e-491b-47ff-bd74-bfe5ddbfbdf9","imageUrl":["https://res.cloudinary.com/dizcvrefo/image/upload/v1748598131/nestjs_uploads/tsh3n10qz6mojbkiayhx.jpg","https://res.cloudinary.com/dizcvrefo/image/upload/v1748598131/nestjs_uploads/no5fdmt60yg8li6gvwao.jpg","https://res.cloudinary.com/dizcvrefo/image/upload/v1748598131/nestjs_uploads/lbn3umepxtqxjcw51mv0.jpg","https://res.cloudinary.com/dizcvrefo/image/upload/v1748598131/nestjs_uploads/e4nufb9kmremurdaanw5.jpg","https://res.cloudinary.com/dizcvrefo/image/upload/v1748598131/nestjs_uploads/pqwqj0gdwqfqqyct54hz.jpg","https://res.cloudinary.com/dizcvrefo/image/upload/v1748598130/nestjs_uploads/dics8pfhps2jfskadthz.jpg"],"caption":"Th? thao ?i?n t?","location":null,"tags":[],"isPublic":true,"likeCount":0,"commentCount":0,"sharedCount":0,"createdAt":"2025-05-30T09:42:13.811Z","updatedAt":"2025-05-30T09:42:13.811Z","author":{"username":"chinh","profilePic":"https://hebbkx1anhila5yf.public.blob.vercel-storage.com/image-hiZZ98WEvmBOkk3oAqffc3ReiwtEIO.png"},"_count":{"likes":3,"comments":0},"score":0.010289913731807128,"isLike":false,"isToday":false,"isFollowing":false,"isSelf":false},{"id":"8a0e35ce-0f39-4475-b2d2-15c217983926","authorId":"08515b05-2d3e-4789-ad60-db35525a4970","imageUrl":["https://res.cloudinary.com/dizcvrefo/image/upload/v1748597950/nestjs_uploads/siabu4jmaf7nfak5xkgc.jpg","https://res.cloudinary.com/dizcvrefo/image/upload/v1748597951/nestjs_uploads/bufde4typyni9j408ua4.jpg","https://res.cloudinary.com/dizcvrefo/image/upload/v1748597951/nestjs_uploads/yk6tjdkirr4a7ons7iz5.jpg"],"caption":"?n gì không","location":null,"tags":[],"isPublic":true,"likeCount":0,"commentCount":0,"sharedCount":0,"createdAt":"2025-05-30T09:39:13.647Z","updatedAt":"2025-05-30T09:39:13.647Z","author":{"username":"nam","profilePic":"https://res.cloudinary.com/dizcvrefo/image/upload/v1749266646/nestjs_uploads/zk9zrpeidnovxibfqdxr.png"},"_count":{"likes":3,"comments":0},"score":0.010289030650973245,"isLike":false,"isToday":false,"isFollowing":false,"isSelf":false},{"id":"b96886bd-5f00-41af-a440-152f360f1657","authorId":"08515b05-2d3e-4789-ad60-db35525a4970","imageUrl":["https://res.cloudinary.com/dizcvrefo/image/upload/v1748597371/nestjs_uploads/vce2gudp9o4mm4fn8xt0.jpg","https://res.cloudinary.com/dizcvrefo/image/upload/v1748597372/nestjs_uploads/u691vkjqxrek1dv0wtbm.jpg","https://res.cloudinary.com/dizcvrefo/image/upload/v1748597371/nestjs_uploads/feqbcopm8ge8maj3hu6k.jpg"],"caption":"ok","location":null,"tags":[],"isPublic":true,"likeCount":0,"commentCount":0,"sharedCount":0,"createdAt":"2025-05-30T09:29:34.405Z","updatedAt":"2025-05-30T09:29:34.405Z","author":{"username":"nam","profilePic":"https://res.cloudinary.com/dizcvrefo/image/upload/v1749266646/nestjs_uploads/zk9zrpeidnovxibfqdxr.png"},"_count":{"likes":3,"comments":0},"score":0.010286192500600012,"isLike":false,"isToday":false,"isFollowing":false,"isSelf":false},{"id":"479ed759-3811-4b84-8141-bff184fae4b8","authorId":"dacf294e-491b-47ff-bd74-bfe5ddbfbdf9","imageUrl":["https://res.cloudinary.com/dizcvrefo/image/upload/v1748596741/nestjs_uploads/g8vk3zn2rfop6caitmfb.jpg","https://res.cloudinary.com/dizcvrefo/image/upload/v1748596741/nestjs_uploads/cqcspqsifpg0ndthyuax.jpg","https://res.cloudinary.com/dizcvrefo/image/upload/v1748596741/nestjs_uploads/hc3svmdbfotscvcctfoq.jpg","https://res.cloudinary.com/dizcvrefo/image/upload/v1748596742/nestjs_uploads/fxjvluy2vpyfuspukumf.jpg","https://res.cloudinary.com/dizcvrefo/image/upload/v1748596741/nestjs_uploads/sb38euks3gzg5f92uiig.jpg"],"caption":"Village","location":null,"tags":[],"isPublic":true,"likeCount":0,"commentCount":0,"sharedCount":0,"createdAt":"2025-05-30T09:19:04.180Z","updatedAt":"2025-05-30T09:19:04.180Z","author":{"username":"chinh","profilePic":"https://hebbkx1anhila5yf.public.blob.vercel-storage.com/image-hiZZ98WEvmBOkk3oAqffc3ReiwtEIO.png"},"_count":{"likes":3,"comments":0},"score":0.010283106323462268,"isLike":false,"isToday":false,"isFollowing":false,"isSelf":false},{"id":"9ef01284-6f35-4f8a-9d58-3f5891acc766","authorId":"dacf294e-491b-47ff-bd74-bfe5ddbfbdf9","imageUrl":["https://res.cloudinary.com/dizcvrefo/image/upload/v1748596489/nestjs_uploads/ue1yvhe1qzvlc2pmkjee.jpg","https://res.cloudinary.com/dizcvrefo/image/upload/v1748596493/nestjs_uploads/bm3pcnpqmnppnsuq0pv9.jpg","https://res.cloudinary.com/dizcvrefo/image/upload/v1748596489/nestjs_uploads/q6nipodzp1mdnpm1p13g.jpg","https://res.cloudinary.com/dizcvrefo/image/upload/v1748596489/nestjs_uploads/icygr75zfmxk0ehqsnwo.jpg","https://res.cloudinary.com/dizcvrefo/image/upload/v1748596489/nestjs_uploads/ghgd01xzcaxpra5httqg.jpg","https://res.cloudinary.com/dizcvrefo/image/upload/v1748596489/nestjs_uploads/o53mpfip4l7dbjbd7wcw.jpg"],"caption":"Nh?u","location":null,"tags":[],"isPublic":true,"likeCount":0,"commentCount":0,"sharedCount":0,"createdAt":"2025-05-30T09:14:54.972Z","updatedAt":"2025-05-30T09:14:54.972Z","author":{"username":"chinh","profilePic":"https://hebbkx1anhila5yf.public.blob.vercel-storage.com/image-hiZZ98WEvmBOkk3oAqffc3ReiwtEIO.png"},"_count":{"likes":3,"comments":0},"score":0.010281886476470915,"isLike":false,"isToday":false,"isFollowing":false,"isSelf":false},{"id":"d79e9a48-ca20-40fd-bb11-ed7302657db9","authorId":"08515b05-2d3e-4789-ad60-db35525a4970","imageUrl":["https://res.cloudinary.com/dizcvrefo/image/upload/v1749382783/nestjs_uploads/buqh5wktqj3y5etgfxok.jpg","https://res.cloudinary.com/dizcvrefo/image/upload/v1749382789/nestjs_uploads/wjm5idulrdjhv7yuc477.jpg","https://res.cloudinary.com/dizcvrefo/image/upload/v1749382781/nestjs_uploads/ztoyccvbrahzxkbm7mxb.jpg","https://res.cloudinary.com/dizcvrefo/image/upload/v1749383075/nestjs_uploads/yjbnpjozb3x4suirhe9d.jpg","https://res.cloudinary.com/dizcvrefo/image/upload/v1749383076/nestjs_uploads/wurnhokpsyvvjg60iceu.jpg"],"caption":"Hôm nay là th? 7 em thích ?i thích ?i vào bar u?ng ? ???","location":null,"tags":[],"isPublic":true,"likeCount":0,"commentCount":0,"sharedCount":0,"createdAt":"2025-05-28T09:56:16.976Z","updatedAt":"2025-06-08T11:44:37.991Z","author":{"username":"nam","profilePic":"https://res.cloudinary.com/dizcvrefo/image/upload/v1749266646/nestjs_uploads/zk9zrpeidnovxibfqdxr.png"},"_count":{"likes":3,"comments":0},"score":0.009510810585700207,"isLike":false,"isToday":false,"isFollowing":false,"isSelf":false}]} 
23:47:56.864 [main] INFO com.intuit.karate -- ?ang ch?y test case #2: Get posts feed v?i page=2, limit=5 
23:47:56.864 [main] INFO com.intuit.karate -- S? d?ng global bearer token t? config: eyJhbGciOiJIUzI1NiIsInR5cCI6IkpXVCJ9.eyJzdWIiOiJmNjI4NDUzMi04ZjFlLTRiMDUtYWM1NC1kODAzNzM4NmU4MGMiLCJ1c2VybmFtZSI6InVzZXJubzIiLCJyb2xlIjowLCJpYXQiOjE3NTA2OTQzNTQsImV4cCI6MTc1MDY5Nzk1NH0.cn4pcMTzJbKyd0aw-bN_KvZNRCfEwxef9wljw6vUgkw 
23:47:56.881 [main] INFO com.intuit.karate -- karate.env system property was: null 
23:47:56.884 [main] DEBUG com.jayway.jsonpath.internal.path.CompiledPath -- Evaluating path: $
23:47:56.884 [main] DEBUG com.jayway.jsonpath.internal.path.CompiledPath -- Evaluating path: $
23:47:56.885 [main] DEBUG org.apache.http.client.protocol.RequestAddCookies -- CookieSpec selected: karate
23:47:56.885 [main] DEBUG org.apache.http.client.protocol.RequestAuthCache -- Auth cache not set in the context
23:47:56.885 [main] DEBUG com.intuit.karate -- request:
1 > GET http://localhost:3000/posts/feed?limit=5&page=2
1 > Authorization: Bearer eyJhbGciOiJIUzI1NiIsInR5cCI6IkpXVCJ9.eyJzdWIiOiJmNjI4NDUzMi04ZjFlLTRiMDUtYWM1NC1kODAzNzM4NmU4MGMiLCJ1c2VybmFtZSI6InVzZXJubzIiLCJyb2xlIjowLCJpYXQiOjE3NTA2OTQzNTQsImV4cCI6MTc1MDY5Nzk1NH0.cn4pcMTzJbKyd0aw-bN_KvZNRCfEwxef9wljw6vUgkw
1 > Host: localhost:3000
1 > Connection: Keep-Alive
1 > User-Agent: Apache-HttpClient/4.5.14 (Java/17.0.9)
1 > Accept-Encoding: gzip,deflate


23:47:56.886 [main] DEBUG org.apache.http.impl.conn.PoolingHttpClientConnectionManager -- Connection request: [route: {}->http://localhost:3000][total available: 0; route allocated: 0 of 5; total allocated: 0 of 10]
23:47:56.886 [main] DEBUG org.apache.http.impl.conn.PoolingHttpClientConnectionManager -- Connection leased: [id: 1][route: {}->http://localhost:3000][total available: 0; route allocated: 1 of 5; total allocated: 1 of 10]
23:47:56.886 [main] DEBUG org.apache.http.impl.execchain.MainClientExec -- Opening connection {}->http://localhost:3000
23:47:56.886 [main] DEBUG org.apache.http.impl.conn.DefaultHttpClientConnectionOperator -- Connecting to localhost/127.0.0.1:3000
23:47:56.886 [main] DEBUG org.apache.http.impl.conn.DefaultHttpClientConnectionOperator -- Connection established 127.0.0.1:62805<->127.0.0.1:3000
23:47:56.886 [main] DEBUG org.apache.http.impl.conn.DefaultManagedHttpClientConnection -- http-outgoing-1: set socket timeout to 5000
23:47:56.886 [main] DEBUG org.apache.http.impl.execchain.MainClientExec -- Executing request GET /posts/feed?limit=5&page=2 HTTP/1.1
23:47:56.886 [main] DEBUG org.apache.http.impl.execchain.MainClientExec -- Proxy auth state: UNCHALLENGED
23:47:56.886 [main] DEBUG org.apache.http.headers -- http-outgoing-1 >> GET /posts/feed?limit=5&page=2 HTTP/1.1
23:47:56.886 [main] DEBUG org.apache.http.headers -- http-outgoing-1 >> Authorization: Bearer eyJhbGciOiJIUzI1NiIsInR5cCI6IkpXVCJ9.eyJzdWIiOiJmNjI4NDUzMi04ZjFlLTRiMDUtYWM1NC1kODAzNzM4NmU4MGMiLCJ1c2VybmFtZSI6InVzZXJubzIiLCJyb2xlIjowLCJpYXQiOjE3NTA2OTQzNTQsImV4cCI6MTc1MDY5Nzk1NH0.cn4pcMTzJbKyd0aw-bN_KvZNRCfEwxef9wljw6vUgkw
23:47:56.886 [main] DEBUG org.apache.http.headers -- http-outgoing-1 >> Host: localhost:3000
23:47:56.886 [main] DEBUG org.apache.http.headers -- http-outgoing-1 >> Connection: Keep-Alive
23:47:56.886 [main] DEBUG org.apache.http.headers -- http-outgoing-1 >> User-Agent: Apache-HttpClient/4.5.14 (Java/17.0.9)
23:47:56.886 [main] DEBUG org.apache.http.headers -- http-outgoing-1 >> Accept-Encoding: gzip,deflate
23:47:56.886 [main] DEBUG org.apache.http.wire -- http-outgoing-1 >> "GET /posts/feed?limit=5&page=2 HTTP/1.1[\r][\n]"
23:47:56.886 [main] DEBUG org.apache.http.wire -- http-outgoing-1 >> "Authorization: Bearer eyJhbGciOiJIUzI1NiIsInR5cCI6IkpXVCJ9.eyJzdWIiOiJmNjI4NDUzMi04ZjFlLTRiMDUtYWM1NC1kODAzNzM4NmU4MGMiLCJ1c2VybmFtZSI6InVzZXJubzIiLCJyb2xlIjowLCJpYXQiOjE3NTA2OTQzNTQsImV4cCI6MTc1MDY5Nzk1NH0.cn4pcMTzJbKyd0aw-bN_KvZNRCfEwxef9wljw6vUgkw[\r][\n]"
23:47:56.886 [main] DEBUG org.apache.http.wire -- http-outgoing-1 >> "Host: localhost:3000[\r][\n]"
23:47:56.886 [main] DEBUG org.apache.http.wire -- http-outgoing-1 >> "Connection: Keep-Alive[\r][\n]"
23:47:56.886 [main] DEBUG org.apache.http.wire -- http-outgoing-1 >> "User-Agent: Apache-HttpClient/4.5.14 (Java/17.0.9)[\r][\n]"
23:47:56.886 [main] DEBUG org.apache.http.wire -- http-outgoing-1 >> "Accept-Encoding: gzip,deflate[\r][\n]"
23:47:56.886 [main] DEBUG org.apache.http.wire -- http-outgoing-1 >> "[\r][\n]"
23:47:57.043 [main] DEBUG org.apache.http.wire -- http-outgoing-1 << "HTTP/1.1 200 OK[\r][\n]"
23:47:57.043 [main] DEBUG org.apache.http.wire -- http-outgoing-1 << "X-Powered-By: Express[\r][\n]"
23:47:57.043 [main] DEBUG org.apache.http.wire -- http-outgoing-1 << "Access-Control-Allow-Origin: *[\r][\n]"
23:47:57.043 [main] DEBUG org.apache.http.wire -- http-outgoing-1 << "Content-Type: application/json; charset=utf-8[\r][\n]"
23:47:57.043 [main] DEBUG org.apache.http.wire -- http-outgoing-1 << "Content-Length: 13742[\r][\n]"
23:47:57.043 [main] DEBUG org.apache.http.wire -- http-outgoing-1 << "ETag: W/"35ae-aK1VLlN5UdTgIubIC3EDVB6dcQs"[\r][\n]"
23:47:57.043 [main] DEBUG org.apache.http.wire -- http-outgoing-1 << "Date: Mon, 23 Jun 2025 16:47:57 GMT[\r][\n]"
23:47:57.044 [main] DEBUG org.apache.http.wire -- http-outgoing-1 << "Connection: keep-alive[\r][\n]"
23:47:57.044 [main] DEBUG org.apache.http.wire -- http-outgoing-1 << "Keep-Alive: timeout=5[\r][\n]"
23:47:57.044 [main] DEBUG org.apache.http.wire -- http-outgoing-1 << "[\r][\n]"
23:47:57.044 [main] DEBUG org.apache.http.wire -- http-outgoing-1 << "{"message":"Feed","statusCode":200,"status":"success","data":[{"id":"8a0e35ce-0f39-4475-b2d2-15c217983926","authorId":"08515b05-2d3e-4789-ad60-db35525a4970","imageUrl":["https://res.cloudinary.com/dizcvrefo/image/upload/v1748597950/nestjs_uploads/siabu4jmaf7nfak5xkgc.jpg","https://res.cloudinary.com/dizcvrefo/image/upload/v1748597951/nestjs_uploads/bufde4typyni9j408ua4.jpg","https://res.cloudinary.com/dizcvrefo/image/upload/v1748597951/nestjs_uploads/yk6tjdkirr4a7ons7iz5.jpg"],"caption":"[0xc4][0x82]n g[0xc3][0xac] kh[0xc3][0xb4]ng","location":null,"tags":[],"isPublic":true,"likeCount":0,"commentCount":0,"sharedCount":0,"createdAt":"2025-05-30T09:39:13.647Z","updatedAt":"2025-05-30T09:39:13.647Z","author":{"username":"nam","profilePic":"https://res.cloudinary.com/dizcvrefo/image/upload/v1749266646/nestjs_uploads/zk9zrpeidnovxibfqdxr.png"},"_count":{"likes":3,"comments":0},"score":0.010289029386484922,"isLike":false,"isToday":false,"isFollowing":false,"isSelf":false},{"id":"b96886bd-5f00-41af-a440-152f360f1657","authorId":"08515b05-2d3e-4789-ad60-db35525a4970","imageUrl":["https://res.cloudinary.com/dizcvrefo/image/upload/v1748597371/nestjs_uploads/vce2gudp9o4mm4fn8xt0.jpg","https://res.cloudinary.com/dizcvrefo/image/upload/v1748597372/nestjs_uploads/u691vkjqxrek1dv0wtbm.jpg","https://res.cloudinary.com/dizcvrefo/image/upload/v1748597371/nestjs_uploads/feqbcopm8ge8maj3hu6k.jpg"],"caption":"ok","location":null,"tags":[],"isPublic":true,"likeCount":0,"commentCount":0,"sharedCount":0,"createdAt":"2025-05-30T09:29:34.405Z","updatedAt":"2025-05-30T09:29:34.405Z","author":{"username":"nam","profilePic":"https://res.cloudinary.com/dizcvrefo/image/upload/v1749266646/nestjs_uploads/zk9zrpeidnovxibfqdxr.png"},"_count":{"likes":3,"comments":0},"score":0.010286191236809192,"isLike":false,"isToday":false,"isFollowing":false,"isSelf":false},{"id":"479ed759-3811-4b84-8141-bff184fae4b8","authorId":"dacf294e-491b-47ff-bd74-bfe5ddbfbdf9","imageUrl":["https://res.cloudinary.com/dizcvrefo/image/upload/v1748596741/nestjs_uploads/g8vk3zn2rfop6caitmfb.jpg","https://res.cloudinary.com/dizcvrefo/image/upload/v1748596741/nestjs_uploads/cqcspqsifpg0ndthyuax.jpg","https://res.cloudinary.com/dizcvrefo/image/upload/v1748596741/nestjs_uploads/hc3svmdbfotscvcctfoq.jpg","https://res.cloudinary.com/dizcvrefo/image/upload/v1748596742/nestjs_uploads/fxjvluy2vpyfuspukumf.jpg","https://res.cloudinary.com/dizcvrefo/image/upload/v1748596741/nestjs_uploads/sb38euks3gzg5f92uiig.jpg"],"caption":"Village","location":null,"tags":[],"isPublic":true,"likeCount":0,"commentCount":0,"sharedCount":0,"createdAt":"2025-05-30T09:19:04.180Z","updatedAt":"2025-05-30T09:19:04.180Z","author":{"username":"chinh","profilePic":"https://hebbkx1anhila5yf.public.blob.vercel-storage.com/image-hiZZ98WEvmBOkk3oAqffc3ReiwtEIO.png"},"_count":{"likes":3,"comments":0},"score":0.010283105060429686,"isLike":false,"isToday":false,"isFollowing":false,"isSelf":false},{"id":"9ef01284-6f35-4f8a-9d58-3f5891acc766","authorId":"dacf294e-491b-47ff-bd74-bfe5ddbfbdf9","imageUrl":["https://res.cloudinary.com/dizcvrefo/image/upload/v1748596489/nestjs_uploads/ue1yvhe1qzvlc2pmkjee.jpg","https://res.cloudinary.com/dizcvrefo/image/upload/v1748596493/nestjs_uploads/bm3pcnpqmnppnsuq0pv9.jpg","https://res.cloudinary.com/dizcvrefo/image/upload/v1748596489/nestjs_uploads/q6nipodzp1mdnpm1p13g.jpg","https://res.cloudinary.com/dizcvrefo/image/upload/v1748596489/nestjs_uploads/icygr75zfmxk0ehqsnwo.jpg","https://res.cloudinary.com/dizcvrefo/image/upload/v1748596489/nestjs_uploads/ghgd01xzcaxpra5httqg.jpg","https://res.cloudinary.com/dizcvrefo/image/upload/v1748596489/nestjs_uploads/o53mpfip4l7dbjbd7wcw.jpg"],"caption":"Nh[0xe1][0xba][0xad]u","location":null,"tags":[],"isPublic":true,"likeCount":0,"commentCount":0,"sharedCount":0,"createdAt":"2025-05-30T09:14:54.972Z","updatedAt":"2025-05-30T09:14:54.972Z","author":{"username":"chinh","profilePic":"https://hebbkx1anhila5yf.public.blob.vercel-storage.com/image-hiZZ98WEvmBOkk3oAqffc3ReiwtEIO.png"},"_count":{"likes":3,"comments":0},"score":0.010281885213737975,"isLike":false,"isToday":false,"isFollowing":false,"isSelf":false},{"id":"d79e9a48-ca20-40fd-bb11-ed7302657db9","authorId":"08515b05-2d3e-4789-ad60-db35525a4970","imageUrl":["https://res.cloudinary.com/dizcvrefo/image/upload/v1749382783/nestjs_uploads/buqh5wktqj3y5etgfxok.jpg","https://res.cloudinary.com/dizcvrefo/image/upload/v1749382789/nestjs_uploads/wjm5idulrdjhv7yuc477.jpg","https://res.cloudinary.com/dizcvrefo/image/upload/v1749382781/nestjs_uploads/ztoyccvbrahzxkbm7mxb.jpg","https://res.cloudinary.com/dizcvrefo/image/upload/v1749383075/nestjs_uploads/yjbnpjozb3x4suirhe9d.jpg","https://res.cloudinary.com/dizcvrefo/image/upload/v1749383076/nestjs_uploads/wurnhokpsyvvjg60iceu.jpg"],"caption":"H[0xc3][0xb4]m nay l[0xc3][0xa0] th[0xe1][0xbb][0xa9] 7 em th[0xc3][0xad]ch [0xc4][0x91]i th[0xc3][0xad]ch [0xc4][0x91]i v[0xc3][0xa0]o bar u[0xe1][0xbb][0x91]ng [0xf0][0x9f][0x8d][0xba] [0xf0][0x9f][0x92][0x83][0xf0][0x9f][0x92][0x83][0xf0][0x9f][0x92][0x83]","location":null,"tags":[],"isPublic":true,"likeCount":0,"commentCount":0,"sharedCount":0,"createdAt":"2025-05-28T09:56:16.976Z","updatedAt":"2025-06-08T11:44:37.991Z","author":{"username":"nam","profilePic":"https://res.cloudinary.com/dizcvrefo/image/upload/v1749266646/nestjs_uploads/zk9zrpeidnovxibfqdxr.png"},"_count":{"likes":3,"comments":0},"score":0.00951080950525942,"isLike":false,"isToday":false,"isFollowing":false,"isSelf":false},{"id":"e3f481cc-53c6-41c8-9a28-cd2f9c4f2f46","authorId":"2b84aa24-668a-40e2-af1c-ad4fc4fa5a6f","imageUrl":["https://res.cloudinary.com/dizcvrefo/image/upload/v1749027663/nestjs_uploads/nuuktb6j4oy5jnuyt3ws.jpg","https://res.cloudinary.com/dizcvrefo/image/upload/v1749027663/nestjs_uploads/aa03sao5n7bkhyhhrovx.jpg","https://res.cloudinary.com/dizcvrefo/image/upload/v1749027663/nestjs_uploads/hic88kwvdqoltmqsueim.jpg","https://res.cloudinary.com/dizcvrefo/image/upload/v1749027664/nestjs_uploads/hrnmt9e7g7pavf2fxwyw.png","https://res.cloudinary.com/dizcvrefo/image/upload/v1749027664/nestjs_uploads/oxa2hbuxzj3lngjbubpf.jpg","https://res.cloudinary.com/dizcvrefo/image/upload/v1749027663/nestjs_uploads/scrigmpzvmixwv9ddfnl.jpg","https://res.cloudinary.com/dizcvrefo/image/upload/v1749027664/nestjs_uploads/wpnyt5jyz8lgj2bvprin.jpg"],"caption":"Buon that, hom nay toi thi truot","location":null,"tags":[],"isPublic":true,"likeCount":0,"commentCount":0,"sharedCount":0,"createdAt":"2025-06-04T09:01:06.391Z","updatedAt":"2025-06-04T09:01:06.391Z","author":{"username":"quang1","profilePic":"https://res.cloudinary.com/dizcvrefo/image/upload/v1749027586/nestjs_uploads/xehairydt9rzlbmbmv4c.jpg"},"_count":{"likes":2,"comments":0},"score":0.008624765347311896,"isLike":true,"isToday":false,"isFollowing":false,"isSelf":false},{"id":"9c4e8842-ced5-492b-9423-890177a28564","authorId":"2b84aa24-668a-40e2-af1c-ad4fc4fa5a6f","imageUrl":["https://res.cloudinary.com/dizcvrefo/image/upload/v1748659538/nestjs_uploads/n4mg888um8bynequtdtp.jpg","https://res.cloudinary.com/dizcvrefo/image/upload/v1748659538/nestjs_uploads/mfqojpf1bufduxfh0j0n.jpg","https://res.cloudinary.com/dizcvrefo/image/upload/v1748659538/nestjs_uploads/vx9qkwao5v4hdeqiplsp.jpg","https://res.cloudinary.com/dizcvrefo/image/upload/v1748659538/nestjs_uploads/r2sv0p0echvnrwqxoswu.jpg"],"caption":"Ha noi nay tro gio","location":null,"tags":[],"isPublic":true,"likeCount":0,"commentCount":0,"sharedCount":0,"createdAt":"2025-05-31T02:45:39.688Z","updatedAt":"2025-05-31T02:45:39.688Z","author":{"username":"quang1","profilePic":"https://res.cloudinary.com/dizcvrefo/image/upload/v1749027586/nestjs_uploads/xehairydt9rzlbmbmv4c.jpg"},"_count":{"likes":2,"comments":0},"score":0.00706666148235442,"isLike":false,"isToday":false,"isFollowing":false,"isSelf":false},{"id":"52cfd912-292f-4fbf-9240-3000d608dcd4","authorId":"e7b38cb7-6701-40d9-a3bd-f53fc4d43457","imageUrl":["https://res.cloudinary.com/dizcvrefo/image/upload/v1749316896/nestjs_uploads/lc1jqjzblqshqho7eavx.jpg"],"caption":"This is my first post","location":null,"tags":[],"isPublic":true,"likeCount":0,"commentCount":0,"sharedCoun"
23:47:57.044 [main] DEBUG org.apache.http.headers -- http-outgoing-1 << HTTP/1.1 200 OK
23:47:57.044 [main] DEBUG org.apache.http.headers -- http-outgoing-1 << X-Powered-By: Express
23:47:57.044 [main] DEBUG org.apache.http.headers -- http-outgoing-1 << Access-Control-Allow-Origin: *
23:47:57.044 [main] DEBUG org.apache.http.headers -- http-outgoing-1 << Content-Type: application/json; charset=utf-8
23:47:57.044 [main] DEBUG org.apache.http.headers -- http-outgoing-1 << Content-Length: 13742
23:47:57.044 [main] DEBUG org.apache.http.headers -- http-outgoing-1 << ETag: W/"35ae-aK1VLlN5UdTgIubIC3EDVB6dcQs"
23:47:57.044 [main] DEBUG org.apache.http.headers -- http-outgoing-1 << Date: Mon, 23 Jun 2025 16:47:57 GMT
23:47:57.044 [main] DEBUG org.apache.http.headers -- http-outgoing-1 << Connection: keep-alive
23:47:57.045 [main] DEBUG org.apache.http.headers -- http-outgoing-1 << Keep-Alive: timeout=5
23:47:57.045 [main] DEBUG org.apache.http.impl.execchain.MainClientExec -- Connection can be kept alive for 5000 MILLISECONDS
23:47:57.045 [main] DEBUG org.apache.http.wire -- http-outgoing-1 << "t":0,"createdAt":"2025-05-14T05:28:07.619Z","updatedAt":"2025-06-07T17:21:37.389Z","author":{"username":"ductrong","profilePic":null},"_count":{"likes":3,"comments":0},"score":0.006177094885868095,"isLike":false,"isToday":false,"isFollowing":false,"isSelf":false},{"id":"7918bc4d-383d-462e-afab-91099bc69905","authorId":"08515b05-2d3e-4789-ad60-db35525a4970","imageUrl":["https://res.cloudinary.com/dizcvrefo/image/upload/v1749449962/nestjs_uploads/h3loqo8k5fpmi2ipdtof.jpg"],"caption":"[0xc4][0x90][0xe1][0xba][0xb9]p trai th[0xc3][0xac] m[0xe1][0xbb][0x9b]i c[0xc3][0xb3] nhi[0xe1][0xbb][0x81]u [0xc4][0x91][0xe1][0xbb][0xa9]a y[0xc3][0xaa]u h[0xe1][0xba][0xb9] h[0xe1][0xba][0xb9]","location":null,"tags":[],"isPublic":true,"likeCount":0,"commentCount":0,"sharedCount":0,"createdAt":"2025-06-09T06:19:23.318Z","updatedAt":"2025-06-09T06:19:23.318Z","author":{"username":"nam","profilePic":"https://res.cloudinary.com/dizcvrefo/image/upload/v1749266646/nestjs_uploads/zk9zrpeidnovxibfqdxr.png"},"_count":{"likes":1,"comments":0},"score":0.00577240506472937,"isLike":false,"isToday":false,"isFollowing":false,"isSelf":false},{"id":"0c10c426-3d53-443a-8155-3923454"
23:47:57.045 [main] DEBUG org.apache.http.wire -- http-outgoing-1 << "4c693","authorId":"08515b05-2d3e-4789-ad60-db35525a4970","imageUrl":["https://res.cloudinary.com/dizcvrefo/image/upload/v1749397668/nestjs_uploads/umpwoepazt6it2racqhe.webp","https://res.cloudinary.com/dizcvrefo/image/upload/v1749397668/nestjs_uploads/hcj53nurl5lpudcfaz3f.webp","https://res.cloudinary.com/dizcvrefo/image/upload/v1749397668/nestjs_uploads/qv1vfbg7k6lkeldhb7e3.webp","https://res.cloudinary.com/dizcvrefo/image/upload/v1749397668/nestjs_uploads/c6ruaxtyahilompxxej9.webp"],"caption":"Tr[0xe1][0xbb][0x9d]i xanh m[0xc3][0xa2]y tr[0xe1][0xba][0xaf]ng","location":null,"tags":[],"isPublic":true,"likeCount":0,"commentCount":0,"sharedCount":0,"createdAt":"2025-06-08T15:47:50.242Z","updatedAt":"2025-06-08T15:47:50.242Z","author":{"username":"nam","profilePic":"https://res.cloudinary.com/dizcvrefo/image/upload/v1749266646/nestjs_uploads/zk9zrpeidnovxibfqdxr.png"},"_count":{"likes":1,"comments":0},"score":0.00554013725951678,"isLike":false,"isToday":false,"isFollowing":false,"isSelf":false},{"id":"d296ef84-ae0f-4d14-a91a-15dd66bc0dac","authorId":"
23:47:57.045 [main] DEBUG org.apache.http.wire -- http-outgoing-1 << ""08515b05-2d3e-4789-ad60-db35525a4970","imageUrl":["https://res.cloudinary.com/dizcvrefo/image/upload/v1749397436/nestjs_uploads/w9d8ldmhonbzeenkcxpb.jpg","https://res.cloudinary.com/dizcvrefo/image/upload/v1749397436/nestjs_uploads/g8xrn89xfaz4ssvslueo.jpg","https://res.cloudinary.com/dizcvrefo/image/upload/v1749397436/nestjs_uploads/wggtlkgkwlcrmgrhskup.jpg"],"caption":"[0xc4][0x90][0xe1][0xbb][0xab]ng t[0xc3][0xac]m nhau v[0xc3][0xa0]o h[0xc3][0xb4]m gi[0xc3][0xb3] m[0xc6][0xb0]a t[0xc6][0xa1]i b[0xe1][0xbb][0x9d]i","location":null,"tags":[],"isPublic":true,"likeCount":0,"commentCount":0,"sharedCount":0,"createdAt":"2025-06-08T15:43:57.895Z","updatedAt":"2025-06-08T15:43:57.895Z","author":{"username":"nam","profilePic":"https://res.cloudinary.com/dizcvrefo/image/upload/v1749266646/nestjs_uploads/zk9zrpeidnovxibfqdxr.png"},"_count":{"likes":1,"comments":0},"score":0.005539146956766851,"isLike":false,"isToday":false,"isFollowing":false,"isSelf":false},{"id":"f1eae5ad-ef38-43e0-a9b8-1c1e0c2f6efd","authorId":"08515b05-2d3e-4789-ad60-db35525a4970","imageUrl":["https://res.cloudinary.com/dizcvrefo/image/upload"
23:47:57.045 [main] DEBUG org.apache.http.wire -- http-outgoing-1 << "/v1749397189/nestjs_uploads/n24psljoc11kfpxrlozi.jpg","https://res.cloudinary.com/dizcvrefo/image/upload/v1749397188/nestjs_uploads/ebdf0uii6p2yc3m30ruv.webp","https://res.cloudinary.com/dizcvrefo/image/upload/v1749397188/nestjs_uploads/vrc16ao0luptsqlvep2z.webp"],"caption":"Trong [0xc4][0x91][0xe1][0xba][0xa7]m g[0xc3][0xac] [0xc4][0x91][0xe1][0xba][0xb9]p b[0xe1][0xba][0xb1]ng sen","location":null,"tags":[],"isPublic":true,"likeCount":0,"commentCount":0,"sharedCount":0,"createdAt":"2025-06-08T15:39:50.851Z","updatedAt":"2025-06-08T15:39:50.851Z","author":{"username":"nam","profilePic":"https://res.cloudinary.com/dizcvrefo/image/upload/v1749266646/nestjs_uploads/zk9zrpeidnovxibfqdxr.png"},"_count":{"likes":1,"comments":0},"score":0.005538094401143396,"isLike":false,"isToday":false,"isFollowing":false,"isSelf":false},{"id":"546e44ab-45c4-4412-83c9-4a2cd786d46f","authorId":"08515b05-2d3e-4789-ad60-db35525a4970","imageUrl":["https://res.cloudinary.com/dizcvrefo/image/upload/v1749223872/nestjs_uploads/u1lkztc9gc8jfijtppib.jpg","https://res.cloudinary.com/dizcvrefo/image/upload/v1749223"
23:47:57.047 [main] DEBUG org.apache.http.wire -- http-outgoing-1 << "872/nestjs_uploads/hvbjhzpqvpw9kjrejiko.jpg","https://res.cloudinary.com/dizcvrefo/image/upload/v1749223872/nestjs_uploads/a9s8eujvzsy7sminvaaw.jpg","https://res.cloudinary.com/dizcvrefo/image/upload/v1749223872/nestjs_uploads/l0darr6gsfvyaz3udhvr.jpg"],"caption":"Th[0xe1][0xbb][0x9d]i ti[0xe1][0xba][0xbf]t n[0xc3][0xb3]ng nh[0xc6][0xb0] c[0xc3][0xa1]i l[0xc3][0xb2]","location":null,"tags":[],"isPublic":true,"likeCount":0,"commentCount":0,"sharedCount":0,"createdAt":"2025-06-06T15:31:13.422Z","updatedAt":"2025-06-06T15:31:13.422Z","author":{"username":"nam","profilePic":"https://res.cloudinary.com/dizcvrefo/image/upload/v1749266646/nestjs_uploads/zk9zrpeidnovxibfqdxr.png"},"_count":{"likes":1,"comments":0},"score":0.004886644739522526,"isLike":false,"isToday":false,"isFollowing":false,"isSelf":false},{"id":"d227a0c8-1c22-46cc-b7d2-4cdc49559d5a","authorId":"08515b05-2d3e-4789-ad60-db35525a4970","imageUrl":["https://res.cloudinary.com/dizcvrefo/image/upload/v1749396710/nestjs_uploads/rbfbkt8z02milpnwumdf.jpg","https://res.cloudinary.com/dizcvrefo/image/upload/v1749396710/nestjs_u"
23:47:57.047 [main] DEBUG org.apache.http.wire -- http-outgoing-1 << "ploads/vgcadq2d5bc0n7ccenbd.jpg","https://res.cloudinary.com/dizcvrefo/image/upload/v1749396710/nestjs_uploads/mnxecfqiyziizzhgvpkx.jpg","https://res.cloudinary.com/dizcvrefo/image/upload/v1749396710/nestjs_uploads/ejjhcrbzulhtddkxenrb.jpg"],"caption":"Qu[0xe1][0xbb][0x91]c t[0xe1][0xba][0xbf] thi[0xe1][0xba][0xbf]u nhi","location":null,"tags":[],"isPublic":true,"likeCount":0,"commentCount":0,"sharedCount":0,"createdAt":"2025-06-08T15:31:52.624Z","updatedAt":"2025-06-08T15:31:52.624Z","author":{"username":"nam","profilePic":"https://res.cloudinary.com/dizcvrefo/image/upload/v1749266646/nestjs_uploads/zk9zrpeidnovxibfqdxr.png"},"_count":{"likes":0,"comments":0},"score":0,"isLike":false,"isToday":false,"isFollowing":false,"isSelf":false}]}"
23:47:57.047 [main] DEBUG org.apache.http.impl.conn.PoolingHttpClientConnectionManager -- Connection [id: 1][route: {}->http://localhost:3000] can be kept alive for 5.0 seconds
23:47:57.047 [main] DEBUG org.apache.http.impl.conn.DefaultManagedHttpClientConnection -- http-outgoing-1: set socket timeout to 0
23:47:57.047 [main] DEBUG org.apache.http.impl.conn.PoolingHttpClientConnectionManager -- Connection released: [id: 1][route: {}->http://localhost:3000][total available: 1; route allocated: 1 of 5; total allocated: 1 of 10]
23:47:57.047 [main] DEBUG org.apache.http.impl.conn.PoolingHttpClientConnectionManager -- Connection manager is shutting down
23:47:57.047 [main] DEBUG org.apache.http.impl.conn.DefaultManagedHttpClientConnection -- http-outgoing-1: Close connection
23:47:57.047 [main] DEBUG org.apache.http.impl.conn.PoolingHttpClientConnectionManager -- Connection manager shut down
23:47:57.052 [main] DEBUG com.intuit.karate -- response time in milliseconds: 161
1 < 200
1 < X-Powered-By: Express
1 < Access-Control-Allow-Origin: *
1 < Content-Type: application/json; charset=utf-8
1 < Content-Length: 13742
1 < ETag: W/"35ae-aK1VLlN5UdTgIubIC3EDVB6dcQs"
1 < Date: Mon, 23 Jun 2025 16:47:57 GMT
1 < Connection: keep-alive
1 < Keep-Alive: timeout=5
{
  "message": "Feed",
  "statusCode": 200,
  "status": "success",
  "data": [
    {
      "id": "8a0e35ce-0f39-4475-b2d2-15c217983926",
      "authorId": "08515b05-2d3e-4789-ad60-db35525a4970",
      "imageUrl": [
        "https://res.cloudinary.com/dizcvrefo/image/upload/v1748597950/nestjs_uploads/siabu4jmaf7nfak5xkgc.jpg",
        "https://res.cloudinary.com/dizcvrefo/image/upload/v1748597951/nestjs_uploads/bufde4typyni9j408ua4.jpg",
        "https://res.cloudinary.com/dizcvrefo/image/upload/v1748597951/nestjs_uploads/yk6tjdkirr4a7ons7iz5.jpg"
      ],
      "caption": "?n gì không",
      "location": null,
      "tags": [
      ],
      "isPublic": true,
      "likeCount": 0,
      "commentCount": 0,
      "sharedCount": 0,
      "createdAt": "2025-05-30T09:39:13.647Z",
      "updatedAt": "2025-05-30T09:39:13.647Z",
      "author": {
        "username": "nam",
        "profilePic": "https://res.cloudinary.com/dizcvrefo/image/upload/v1749266646/nestjs_uploads/zk9zrpeidnovxibfqdxr.png"
      },
      "_count": {
        "likes": 3,
        "comments": 0
      },
      "score": 0.010289029386484922,
      "isLike": false,
      "isToday": false,
      "isFollowing": false,
      "isSelf": false
    },
    {
      "id": "b96886bd-5f00-41af-a440-152f360f1657",
      "authorId": "08515b05-2d3e-4789-ad60-db35525a4970",
      "imageUrl": [
        "https://res.cloudinary.com/dizcvrefo/image/upload/v1748597371/nestjs_uploads/vce2gudp9o4mm4fn8xt0.jpg",
        "https://res.cloudinary.com/dizcvrefo/image/upload/v1748597372/nestjs_uploads/u691vkjqxrek1dv0wtbm.jpg",
        "https://res.cloudinary.com/dizcvrefo/image/upload/v1748597371/nestjs_uploads/feqbcopm8ge8maj3hu6k.jpg"
      ],
      "caption": "ok",
      "location": null,
      "tags": [
      ],
      "isPublic": true,
      "likeCount": 0,
      "commentCount": 0,
      "sharedCount": 0,
      "createdAt": "2025-05-30T09:29:34.405Z",
      "updatedAt": "2025-05-30T09:29:34.405Z",
      "author": {
        "username": "nam",
        "profilePic": "https://res.cloudinary.com/dizcvrefo/image/upload/v1749266646/nestjs_uploads/zk9zrpeidnovxibfqdxr.png"
      },
      "_count": {
        "likes": 3,
        "comments": 0
      },
      "score": 0.010286191236809192,
      "isLike": false,
      "isToday": false,
      "isFollowing": false,
      "isSelf": false
    },
    {
      "id": "479ed759-3811-4b84-8141-bff184fae4b8",
      "authorId": "dacf294e-491b-47ff-bd74-bfe5ddbfbdf9",
      "imageUrl": [
        "https://res.cloudinary.com/dizcvrefo/image/upload/v1748596741/nestjs_uploads/g8vk3zn2rfop6caitmfb.jpg",
        "https://res.cloudinary.com/dizcvrefo/image/upload/v1748596741/nestjs_uploads/cqcspqsifpg0ndthyuax.jpg",
        "https://res.cloudinary.com/dizcvrefo/image/upload/v1748596741/nestjs_uploads/hc3svmdbfotscvcctfoq.jpg",
        "https://res.cloudinary.com/dizcvrefo/image/upload/v1748596742/nestjs_uploads/fxjvluy2vpyfuspukumf.jpg",
        "https://res.cloudinary.com/dizcvrefo/image/upload/v1748596741/nestjs_uploads/sb38euks3gzg5f92uiig.jpg"
      ],
      "caption": "Village",
      "location": null,
      "tags": [
      ],
      "isPublic": true,
      "likeCount": 0,
      "commentCount": 0,
      "sharedCount": 0,
      "createdAt": "2025-05-30T09:19:04.180Z",
      "updatedAt": "2025-05-30T09:19:04.180Z",
      "author": {
        "username": "chinh",
        "profilePic": "https://hebbkx1anhila5yf.public.blob.vercel-storage.com/image-hiZZ98WEvmBOkk3oAqffc3ReiwtEIO.png"
      },
      "_count": {
        "likes": 3,
        "comments": 0
      },
      "score": 0.010283105060429686,
      "isLike": false,
      "isToday": false,
      "isFollowing": false,
      "isSelf": false
    },
    {
      "id": "9ef01284-6f35-4f8a-9d58-3f5891acc766",
      "authorId": "dacf294e-491b-47ff-bd74-bfe5ddbfbdf9",
      "imageUrl": [
        "https://res.cloudinary.com/dizcvrefo/image/upload/v1748596489/nestjs_uploads/ue1yvhe1qzvlc2pmkjee.jpg",
        "https://res.cloudinary.com/dizcvrefo/image/upload/v1748596493/nestjs_uploads/bm3pcnpqmnppnsuq0pv9.jpg",
        "https://res.cloudinary.com/dizcvrefo/image/upload/v1748596489/nestjs_uploads/q6nipodzp1mdnpm1p13g.jpg",
        "https://res.cloudinary.com/dizcvrefo/image/upload/v1748596489/nestjs_uploads/icygr75zfmxk0ehqsnwo.jpg",
        "https://res.cloudinary.com/dizcvrefo/image/upload/v1748596489/nestjs_uploads/ghgd01xzcaxpra5httqg.jpg",
        "https://res.cloudinary.com/dizcvrefo/image/upload/v1748596489/nestjs_uploads/o53mpfip4l7dbjbd7wcw.jpg"
      ],
      "caption": "Nh?u",
      "location": null,
      "tags": [
      ],
      "isPublic": true,
      "likeCount": 0,
      "commentCount": 0,
      "sharedCount": 0,
      "createdAt": "2025-05-30T09:14:54.972Z",
      "updatedAt": "2025-05-30T09:14:54.972Z",
      "author": {
        "username": "chinh",
        "profilePic": "https://hebbkx1anhila5yf.public.blob.vercel-storage.com/image-hiZZ98WEvmBOkk3oAqffc3ReiwtEIO.png"
      },
      "_count": {
        "likes": 3,
        "comments": 0
      },
      "score": 0.010281885213737975,
      "isLike": false,
      "isToday": false,
      "isFollowing": false,
      "isSelf": false
    },
    {
      "id": "d79e9a48-ca20-40fd-bb11-ed7302657db9",
      "authorId": "08515b05-2d3e-4789-ad60-db35525a4970",
      "imageUrl": [
        "https://res.cloudinary.com/dizcvrefo/image/upload/v1749382783/nestjs_uploads/buqh5wktqj3y5etgfxok.jpg",
        "https://res.cloudinary.com/dizcvrefo/image/upload/v1749382789/nestjs_uploads/wjm5idulrdjhv7yuc477.jpg",
        "https://res.cloudinary.com/dizcvrefo/image/upload/v1749382781/nestjs_uploads/ztoyccvbrahzxkbm7mxb.jpg",
        "https://res.cloudinary.com/dizcvrefo/image/upload/v1749383075/nestjs_uploads/yjbnpjozb3x4suirhe9d.jpg",
        "https://res.cloudinary.com/dizcvrefo/image/upload/v1749383076/nestjs_uploads/wurnhokpsyvvjg60iceu.jpg"
      ],
      "caption": "Hôm nay là th? 7 em thích ?i thích ?i vào bar u?ng ? ???",
      "location": null,
      "tags": [
      ],
      "isPublic": true,
      "likeCount": 0,
      "commentCount": 0,
      "sharedCount": 0,
      "createdAt": "2025-05-28T09:56:16.976Z",
      "updatedAt": "2025-06-08T11:44:37.991Z",
      "author": {
        "username": "nam",
        "profilePic": "https://res.cloudinary.com/dizcvrefo/image/upload/v1749266646/nestjs_uploads/zk9zrpeidnovxibfqdxr.png"
      },
      "_count": {
        "likes": 3,
        "comments": 0
      },
      "score": 0.00951080950525942,
      "isLike": false,
      "isToday": false,
      "isFollowing": false,
      "isSelf": false
    },
    {
      "id": "e3f481cc-53c6-41c8-9a28-cd2f9c4f2f46",
      "authorId": "2b84aa24-668a-40e2-af1c-ad4fc4fa5a6f",
      "imageUrl": [
        "https://res.cloudinary.com/dizcvrefo/image/upload/v1749027663/nestjs_uploads/nuuktb6j4oy5jnuyt3ws.jpg",
        "https://res.cloudinary.com/dizcvrefo/image/upload/v1749027663/nestjs_uploads/aa03sao5n7bkhyhhrovx.jpg",
        "https://res.cloudinary.com/dizcvrefo/image/upload/v1749027663/nestjs_uploads/hic88kwvdqoltmqsueim.jpg",
        "https://res.cloudinary.com/dizcvrefo/image/upload/v1749027664/nestjs_uploads/hrnmt9e7g7pavf2fxwyw.png",
        "https://res.cloudinary.com/dizcvrefo/image/upload/v1749027664/nestjs_uploads/oxa2hbuxzj3lngjbubpf.jpg",
        "https://res.cloudinary.com/dizcvrefo/image/upload/v1749027663/nestjs_uploads/scrigmpzvmixwv9ddfnl.jpg",
        "https://res.cloudinary.com/dizcvrefo/image/upload/v1749027664/nestjs_uploads/wpnyt5jyz8lgj2bvprin.jpg"
      ],
      "caption": "Buon that, hom nay toi thi truot",
      "location": null,
      "tags": [
      ],
      "isPublic": true,
      "likeCount": 0,
      "commentCount": 0,
      "sharedCount": 0,
      "createdAt": "2025-06-04T09:01:06.391Z",
      "updatedAt": "2025-06-04T09:01:06.391Z",
      "author": {
        "username": "quang1",
        "profilePic": "https://res.cloudinary.com/dizcvrefo/image/upload/v1749027586/nestjs_uploads/xehairydt9rzlbmbmv4c.jpg"
      },
      "_count": {
        "likes": 2,
        "comments": 0
      },
      "score": 0.008624765347311896,
      "isLike": true,
      "isToday": false,
      "isFollowing": false,
      "isSelf": false
    },
    {
      "id": "9c4e8842-ced5-492b-9423-890177a28564",
      "authorId": "2b84aa24-668a-40e2-af1c-ad4fc4fa5a6f",
      "imageUrl": [
        "https://res.cloudinary.com/dizcvrefo/image/upload/v1748659538/nestjs_uploads/n4mg888um8bynequtdtp.jpg",
        "https://res.cloudinary.com/dizcvrefo/image/upload/v1748659538/nestjs_uploads/mfqojpf1bufduxfh0j0n.jpg",
        "https://res.cloudinary.com/dizcvrefo/image/upload/v1748659538/nestjs_uploads/vx9qkwao5v4hdeqiplsp.jpg",
        "https://res.cloudinary.com/dizcvrefo/image/upload/v1748659538/nestjs_uploads/r2sv0p0echvnrwqxoswu.jpg"
      ],
      "caption": "Ha noi nay tro gio",
      "location": null,
      "tags": [
      ],
      "isPublic": true,
      "likeCount": 0,
      "commentCount": 0,
      "sharedCount": 0,
      "createdAt": "2025-05-31T02:45:39.688Z",
      "updatedAt": "2025-05-31T02:45:39.688Z",
      "author": {
        "username": "quang1",
        "profilePic": "https://res.cloudinary.com/dizcvrefo/image/upload/v1749027586/nestjs_uploads/xehairydt9rzlbmbmv4c.jpg"
      },
      "_count": {
        "likes": 2,
        "comments": 0
      },
      "score": 0.00706666148235442,
      "isLike": false,
      "isToday": false,
      "isFollowing": false,
      "isSelf": false
    },
    {
      "id": "52cfd912-292f-4fbf-9240-3000d608dcd4",
      "authorId": "e7b38cb7-6701-40d9-a3bd-f53fc4d43457",
      "imageUrl": [
        "https://res.cloudinary.com/dizcvrefo/image/upload/v1749316896/nestjs_uploads/lc1jqjzblqshqho7eavx.jpg"
      ],
      "caption": "This is my first post",
      "location": null,
      "tags": [
      ],
      "isPublic": true,
      "likeCount": 0,
      "commentCount": 0,
      "sharedCount": 0,
      "createdAt": "2025-05-14T05:28:07.619Z",
      "updatedAt": "2025-06-07T17:21:37.389Z",
      "author": {
        "username": "ductrong",
        "profilePic": null
      },
      "_count": {
        "likes": 3,
        "comments": 0
      },
      "score": 0.006177094885868095,
      "isLike": false,
      "isToday": false,
      "isFollowing": false,
      "isSelf": false
    },
    {
      "id": "7918bc4d-383d-462e-afab-91099bc69905",
      "authorId": "08515b05-2d3e-4789-ad60-db35525a4970",
      "imageUrl": [
        "https://res.cloudinary.com/dizcvrefo/image/upload/v1749449962/nestjs_uploads/h3loqo8k5fpmi2ipdtof.jpg"
      ],
      "caption": "??p trai thì m?i có nhi?u ??a yêu h? h?",
      "location": null,
      "tags": [
      ],
      "isPublic": true,
      "likeCount": 0,
      "commentCount": 0,
      "sharedCount": 0,
      "createdAt": "2025-06-09T06:19:23.318Z",
      "updatedAt": "2025-06-09T06:19:23.318Z",
      "author": {
        "username": "nam",
        "profilePic": "https://res.cloudinary.com/dizcvrefo/image/upload/v1749266646/nestjs_uploads/zk9zrpeidnovxibfqdxr.png"
      },
      "_count": {
        "likes": 1,
        "comments": 0
      },
      "score": 0.00577240506472937,
      "isLike": false,
      "isToday": false,
      "isFollowing": false,
      "isSelf": false
    },
    {
      "id": "0c10c426-3d53-443a-8155-39234544c693",
      "authorId": "08515b05-2d3e-4789-ad60-db35525a4970",
      "imageUrl": [
        "https://res.cloudinary.com/dizcvrefo/image/upload/v1749397668/nestjs_uploads/umpwoepazt6it2racqhe.webp",
        "https://res.cloudinary.com/dizcvrefo/image/upload/v1749397668/nestjs_uploads/hcj53nurl5lpudcfaz3f.webp",
        "https://res.cloudinary.com/dizcvrefo/image/upload/v1749397668/nestjs_uploads/qv1vfbg7k6lkeldhb7e3.webp",
        "https://res.cloudinary.com/dizcvrefo/image/upload/v1749397668/nestjs_uploads/c6ruaxtyahilompxxej9.webp"
      ],
      "caption": "Tr?i xanh mây tr?ng",
      "location": null,
      "tags": [
      ],
      "isPublic": true,
      "likeCount": 0,
      "commentCount": 0,
      "sharedCount": 0,
      "createdAt": "2025-06-08T15:47:50.242Z",
      "updatedAt": "2025-06-08T15:47:50.242Z",
      "author": {
        "username": "nam",
        "profilePic": "https://res.cloudinary.com/dizcvrefo/image/upload/v1749266646/nestjs_uploads/zk9zrpeidnovxibfqdxr.png"
      },
      "_count": {
        "likes": 1,
        "comments": 0
      },
      "score": 0.00554013725951678,
      "isLike": false,
      "isToday": false,
      "isFollowing": false,
      "isSelf": false
    },
    {
      "id": "d296ef84-ae0f-4d14-a91a-15dd66bc0dac",
      "authorId": "08515b05-2d3e-4789-ad60-db35525a4970",
      "imageUrl": [
        "https://res.cloudinary.com/dizcvrefo/image/upload/v1749397436/nestjs_uploads/w9d8ldmhonbzeenkcxpb.jpg",
        "https://res.cloudinary.com/dizcvrefo/image/upload/v1749397436/nestjs_uploads/g8xrn89xfaz4ssvslueo.jpg",
        "https://res.cloudinary.com/dizcvrefo/image/upload/v1749397436/nestjs_uploads/wggtlkgkwlcrmgrhskup.jpg"
      ],
      "caption": "??ng tìm nhau vào hôm gió m?a t?i b?i",
      "location": null,
      "tags": [
      ],
      "isPublic": true,
      "likeCount": 0,
      "commentCount": 0,
      "sharedCount": 0,
      "createdAt": "2025-06-08T15:43:57.895Z",
      "updatedAt": "2025-06-08T15:43:57.895Z",
      "author": {
        "username": "nam",
        "profilePic": "https://res.cloudinary.com/dizcvrefo/image/upload/v1749266646/nestjs_uploads/zk9zrpeidnovxibfqdxr.png"
      },
      "_count": {
        "likes": 1,
        "comments": 0
      },
      "score": 0.005539146956766851,
      "isLike": false,
      "isToday": false,
      "isFollowing": false,
      "isSelf": false
    },
    {
      "id": "f1eae5ad-ef38-43e0-a9b8-1c1e0c2f6efd",
      "authorId": "08515b05-2d3e-4789-ad60-db35525a4970",
      "imageUrl": [
        "https://res.cloudinary.com/dizcvrefo/image/upload/v1749397189/nestjs_uploads/n24psljoc11kfpxrlozi.jpg",
        "https://res.cloudinary.com/dizcvrefo/image/upload/v1749397188/nestjs_uploads/ebdf0uii6p2yc3m30ruv.webp",
        "https://res.cloudinary.com/dizcvrefo/image/upload/v1749397188/nestjs_uploads/vrc16ao0luptsqlvep2z.webp"
      ],
      "caption": "Trong ??m gì ??p b?ng sen",
      "location": null,
      "tags": [
      ],
      "isPublic": true,
      "likeCount": 0,
      "commentCount": 0,
      "sharedCount": 0,
      "createdAt": "2025-06-08T15:39:50.851Z",
      "updatedAt": "2025-06-08T15:39:50.851Z",
      "author": {
        "username": "nam",
        "profilePic": "https://res.cloudinary.com/dizcvrefo/image/upload/v1749266646/nestjs_uploads/zk9zrpeidnovxibfqdxr.png"
      },
      "_count": {
        "likes": 1,
        "comments": 0
      },
      "score": 0.005538094401143396,
      "isLike": false,
      "isToday": false,
      "isFollowing": false,
      "isSelf": false
    },
    {
      "id": "546e44ab-45c4-4412-83c9-4a2cd786d46f",
      "authorId": "08515b05-2d3e-4789-ad60-db35525a4970",
      "imageUrl": [
        "https://res.cloudinary.com/dizcvrefo/image/upload/v1749223872/nestjs_uploads/u1lkztc9gc8jfijtppib.jpg",
        "https://res.cloudinary.com/dizcvrefo/image/upload/v1749223872/nestjs_uploads/hvbjhzpqvpw9kjrejiko.jpg",
        "https://res.cloudinary.com/dizcvrefo/image/upload/v1749223872/nestjs_uploads/a9s8eujvzsy7sminvaaw.jpg",
        "https://res.cloudinary.com/dizcvrefo/image/upload/v1749223872/nestjs_uploads/l0darr6gsfvyaz3udhvr.jpg"
      ],
      "caption": "Th?i ti?t nóng nh? cái lò",
      "location": null,
      "tags": [
      ],
      "isPublic": true,
      "likeCount": 0,
      "commentCount": 0,
      "sharedCount": 0,
      "createdAt": "2025-06-06T15:31:13.422Z",
      "updatedAt": "2025-06-06T15:31:13.422Z",
      "author": {
        "username": "nam",
        "profilePic": "https://res.cloudinary.com/dizcvrefo/image/upload/v1749266646/nestjs_uploads/zk9zrpeidnovxibfqdxr.png"
      },
      "_count": {
        "likes": 1,
        "comments": 0
      },
      "score": 0.004886644739522526,
      "isLike": false,
      "isToday": false,
      "isFollowing": false,
      "isSelf": false
    },
    {
      "id": "d227a0c8-1c22-46cc-b7d2-4cdc49559d5a",
      "authorId": "08515b05-2d3e-4789-ad60-db35525a4970",
      "imageUrl": [
        "https://res.cloudinary.com/dizcvrefo/image/upload/v1749396710/nestjs_uploads/rbfbkt8z02milpnwumdf.jpg",
        "https://res.cloudinary.com/dizcvrefo/image/upload/v1749396710/nestjs_uploads/vgcadq2d5bc0n7ccenbd.jpg",
        "https://res.cloudinary.com/dizcvrefo/image/upload/v1749396710/nestjs_uploads/mnxecfqiyziizzhgvpkx.jpg",
        "https://res.cloudinary.com/dizcvrefo/image/upload/v1749396710/nestjs_uploads/ejjhcrbzulhtddkxenrb.jpg"
      ],
      "caption": "Qu?c t? thi?u nhi",
      "location": null,
      "tags": [
      ],
      "isPublic": true,
      "likeCount": 0,
      "commentCount": 0,
      "sharedCount": 0,
      "createdAt": "2025-06-08T15:31:52.624Z",
      "updatedAt": "2025-06-08T15:31:52.624Z",
      "author": {
        "username": "nam",
        "profilePic": "https://res.cloudinary.com/dizcvrefo/image/upload/v1749266646/nestjs_uploads/zk9zrpeidnovxibfqdxr.png"
      },
      "_count": {
        "likes": 0,
        "comments": 0
      },
      "score": 0,
      "isLike": false,
      "isToday": false,
      "isFollowing": false,
      "isSelf": false
    }
  ]
}


23:47:57.067 [main] INFO com.intuit.karate -- [print] Calling getPostsFeed API v?i bearerToken: eyJhbGciOiJIUzI1NiIsInR5cCI6IkpXVCJ9.eyJzdWIiOiJmNjI4NDUzMi04ZjFlLTRiMDUtYWM1NC1kODAzNzM4NmU4MGMiLCJ1c2VybmFtZSI6InVzZXJubzIiLCJyb2xlIjowLCJpYXQiOjE3NTA2OTQzNTQsImV4cCI6MTc1MDY5Nzk1NH0.cn4pcMTzJbKyd0aw-bN_KvZNRCfEwxef9wljw6vUgkw 
23:47:57.070 [main] INFO com.intuit.karate -- [print] Query params: {
  "page": "2",
  "limit": "5"
}
 
23:47:57.071 [main] INFO com.intuit.karate -- [print] Response status: 200 body: {
  "message": "Feed",
  "statusCode": 200,
  "status": "success",
  "data": [
    {
      "id": "8a0e35ce-0f39-4475-b2d2-15c217983926",
      "authorId": "08515b05-2d3e-4789-ad60-db35525a4970",
      "imageUrl": [
        "https://res.cloudinary.com/dizcvrefo/image/upload/v1748597950/nestjs_uploads/siabu4jmaf7nfak5xkgc.jpg",
        "https://res.cloudinary.com/dizcvrefo/image/upload/v1748597951/nestjs_uploads/bufde4typyni9j408ua4.jpg",
        "https://res.cloudinary.com/dizcvrefo/image/upload/v1748597951/nestjs_uploads/yk6tjdkirr4a7ons7iz5.jpg"
      ],
      "caption": "?n gì không",
      "location": null,
      "tags": [
      ],
      "isPublic": true,
      "likeCount": 0,
      "commentCount": 0,
      "sharedCount": 0,
      "createdAt": "2025-05-30T09:39:13.647Z",
      "updatedAt": "2025-05-30T09:39:13.647Z",
      "author": {
        "username": "nam",
        "profilePic": "https://res.cloudinary.com/dizcvrefo/image/upload/v1749266646/nestjs_uploads/zk9zrpeidnovxibfqdxr.png"
      },
      "_count": {
        "likes": 3,
        "comments": 0
      },
      "score": 0.010289029386484922,
      "isLike": false,
      "isToday": false,
      "isFollowing": false,
      "isSelf": false
    },
    {
      "id": "b96886bd-5f00-41af-a440-152f360f1657",
      "authorId": "08515b05-2d3e-4789-ad60-db35525a4970",
      "imageUrl": [
        "https://res.cloudinary.com/dizcvrefo/image/upload/v1748597371/nestjs_uploads/vce2gudp9o4mm4fn8xt0.jpg",
        "https://res.cloudinary.com/dizcvrefo/image/upload/v1748597372/nestjs_uploads/u691vkjqxrek1dv0wtbm.jpg",
        "https://res.cloudinary.com/dizcvrefo/image/upload/v1748597371/nestjs_uploads/feqbcopm8ge8maj3hu6k.jpg"
      ],
      "caption": "ok",
      "location": null,
      "tags": [
      ],
      "isPublic": true,
      "likeCount": 0,
      "commentCount": 0,
      "sharedCount": 0,
      "createdAt": "2025-05-30T09:29:34.405Z",
      "updatedAt": "2025-05-30T09:29:34.405Z",
      "author": {
        "username": "nam",
        "profilePic": "https://res.cloudinary.com/dizcvrefo/image/upload/v1749266646/nestjs_uploads/zk9zrpeidnovxibfqdxr.png"
      },
      "_count": {
        "likes": 3,
        "comments": 0
      },
      "score": 0.010286191236809192,
      "isLike": false,
      "isToday": false,
      "isFollowing": false,
      "isSelf": false
    },
    {
      "id": "479ed759-3811-4b84-8141-bff184fae4b8",
      "authorId": "dacf294e-491b-47ff-bd74-bfe5ddbfbdf9",
      "imageUrl": [
        "https://res.cloudinary.com/dizcvrefo/image/upload/v1748596741/nestjs_uploads/g8vk3zn2rfop6caitmfb.jpg",
        "https://res.cloudinary.com/dizcvrefo/image/upload/v1748596741/nestjs_uploads/cqcspqsifpg0ndthyuax.jpg",
        "https://res.cloudinary.com/dizcvrefo/image/upload/v1748596741/nestjs_uploads/hc3svmdbfotscvcctfoq.jpg",
        "https://res.cloudinary.com/dizcvrefo/image/upload/v1748596742/nestjs_uploads/fxjvluy2vpyfuspukumf.jpg",
        "https://res.cloudinary.com/dizcvrefo/image/upload/v1748596741/nestjs_uploads/sb38euks3gzg5f92uiig.jpg"
      ],
      "caption": "Village",
      "location": null,
      "tags": [
      ],
      "isPublic": true,
      "likeCount": 0,
      "commentCount": 0,
      "sharedCount": 0,
      "createdAt": "2025-05-30T09:19:04.180Z",
      "updatedAt": "2025-05-30T09:19:04.180Z",
      "author": {
        "username": "chinh",
        "profilePic": "https://hebbkx1anhila5yf.public.blob.vercel-storage.com/image-hiZZ98WEvmBOkk3oAqffc3ReiwtEIO.png"
      },
      "_count": {
        "likes": 3,
        "comments": 0
      },
      "score": 0.010283105060429686,
      "isLike": false,
      "isToday": false,
      "isFollowing": false,
      "isSelf": false
    },
    {
      "id": "9ef01284-6f35-4f8a-9d58-3f5891acc766",
      "authorId": "dacf294e-491b-47ff-bd74-bfe5ddbfbdf9",
      "imageUrl": [
        "https://res.cloudinary.com/dizcvrefo/image/upload/v1748596489/nestjs_uploads/ue1yvhe1qzvlc2pmkjee.jpg",
        "https://res.cloudinary.com/dizcvrefo/image/upload/v1748596493/nestjs_uploads/bm3pcnpqmnppnsuq0pv9.jpg",
        "https://res.cloudinary.com/dizcvrefo/image/upload/v1748596489/nestjs_uploads/q6nipodzp1mdnpm1p13g.jpg",
        "https://res.cloudinary.com/dizcvrefo/image/upload/v1748596489/nestjs_uploads/icygr75zfmxk0ehqsnwo.jpg",
        "https://res.cloudinary.com/dizcvrefo/image/upload/v1748596489/nestjs_uploads/ghgd01xzcaxpra5httqg.jpg",
        "https://res.cloudinary.com/dizcvrefo/image/upload/v1748596489/nestjs_uploads/o53mpfip4l7dbjbd7wcw.jpg"
      ],
      "caption": "Nh?u",
      "location": null,
      "tags": [
      ],
      "isPublic": true,
      "likeCount": 0,
      "commentCount": 0,
      "sharedCount": 0,
      "createdAt": "2025-05-30T09:14:54.972Z",
      "updatedAt": "2025-05-30T09:14:54.972Z",
      "author": {
        "username": "chinh",
        "profilePic": "https://hebbkx1anhila5yf.public.blob.vercel-storage.com/image-hiZZ98WEvmBOkk3oAqffc3ReiwtEIO.png"
      },
      "_count": {
        "likes": 3,
        "comments": 0
      },
      "score": 0.010281885213737975,
      "isLike": false,
      "isToday": false,
      "isFollowing": false,
      "isSelf": false
    },
    {
      "id": "d79e9a48-ca20-40fd-bb11-ed7302657db9",
      "authorId": "08515b05-2d3e-4789-ad60-db35525a4970",
      "imageUrl": [
        "https://res.cloudinary.com/dizcvrefo/image/upload/v1749382783/nestjs_uploads/buqh5wktqj3y5etgfxok.jpg",
        "https://res.cloudinary.com/dizcvrefo/image/upload/v1749382789/nestjs_uploads/wjm5idulrdjhv7yuc477.jpg",
        "https://res.cloudinary.com/dizcvrefo/image/upload/v1749382781/nestjs_uploads/ztoyccvbrahzxkbm7mxb.jpg",
        "https://res.cloudinary.com/dizcvrefo/image/upload/v1749383075/nestjs_uploads/yjbnpjozb3x4suirhe9d.jpg",
        "https://res.cloudinary.com/dizcvrefo/image/upload/v1749383076/nestjs_uploads/wurnhokpsyvvjg60iceu.jpg"
      ],
      "caption": "Hôm nay là th? 7 em thích ?i thích ?i vào bar u?ng ? ???",
      "location": null,
      "tags": [
      ],
      "isPublic": true,
      "likeCount": 0,
      "commentCount": 0,
      "sharedCount": 0,
      "createdAt": "2025-05-28T09:56:16.976Z",
      "updatedAt": "2025-06-08T11:44:37.991Z",
      "author": {
        "username": "nam",
        "profilePic": "https://res.cloudinary.com/dizcvrefo/image/upload/v1749266646/nestjs_uploads/zk9zrpeidnovxibfqdxr.png"
      },
      "_count": {
        "likes": 3,
        "comments": 0
      },
      "score": 0.00951080950525942,
      "isLike": false,
      "isToday": false,
      "isFollowing": false,
      "isSelf": false
    },
    {
      "id": "e3f481cc-53c6-41c8-9a28-cd2f9c4f2f46",
      "authorId": "2b84aa24-668a-40e2-af1c-ad4fc4fa5a6f",
      "imageUrl": [
        "https://res.cloudinary.com/dizcvrefo/image/upload/v1749027663/nestjs_uploads/nuuktb6j4oy5jnuyt3ws.jpg",
        "https://res.cloudinary.com/dizcvrefo/image/upload/v1749027663/nestjs_uploads/aa03sao5n7bkhyhhrovx.jpg",
        "https://res.cloudinary.com/dizcvrefo/image/upload/v1749027663/nestjs_uploads/hic88kwvdqoltmqsueim.jpg",
        "https://res.cloudinary.com/dizcvrefo/image/upload/v1749027664/nestjs_uploads/hrnmt9e7g7pavf2fxwyw.png",
        "https://res.cloudinary.com/dizcvrefo/image/upload/v1749027664/nestjs_uploads/oxa2hbuxzj3lngjbubpf.jpg",
        "https://res.cloudinary.com/dizcvrefo/image/upload/v1749027663/nestjs_uploads/scrigmpzvmixwv9ddfnl.jpg",
        "https://res.cloudinary.com/dizcvrefo/image/upload/v1749027664/nestjs_uploads/wpnyt5jyz8lgj2bvprin.jpg"
      ],
      "caption": "Buon that, hom nay toi thi truot",
      "location": null,
      "tags": [
      ],
      "isPublic": true,
      "likeCount": 0,
      "commentCount": 0,
      "sharedCount": 0,
      "createdAt": "2025-06-04T09:01:06.391Z",
      "updatedAt": "2025-06-04T09:01:06.391Z",
      "author": {
        "username": "quang1",
        "profilePic": "https://res.cloudinary.com/dizcvrefo/image/upload/v1749027586/nestjs_uploads/xehairydt9rzlbmbmv4c.jpg"
      },
      "_count": {
        "likes": 2,
        "comments": 0
      },
      "score": 0.008624765347311896,
      "isLike": true,
      "isToday": false,
      "isFollowing": false,
      "isSelf": false
    },
    {
      "id": "9c4e8842-ced5-492b-9423-890177a28564",
      "authorId": "2b84aa24-668a-40e2-af1c-ad4fc4fa5a6f",
      "imageUrl": [
        "https://res.cloudinary.com/dizcvrefo/image/upload/v1748659538/nestjs_uploads/n4mg888um8bynequtdtp.jpg",
        "https://res.cloudinary.com/dizcvrefo/image/upload/v1748659538/nestjs_uploads/mfqojpf1bufduxfh0j0n.jpg",
        "https://res.cloudinary.com/dizcvrefo/image/upload/v1748659538/nestjs_uploads/vx9qkwao5v4hdeqiplsp.jpg",
        "https://res.cloudinary.com/dizcvrefo/image/upload/v1748659538/nestjs_uploads/r2sv0p0echvnrwqxoswu.jpg"
      ],
      "caption": "Ha noi nay tro gio",
      "location": null,
      "tags": [
      ],
      "isPublic": true,
      "likeCount": 0,
      "commentCount": 0,
      "sharedCount": 0,
      "createdAt": "2025-05-31T02:45:39.688Z",
      "updatedAt": "2025-05-31T02:45:39.688Z",
      "author": {
        "username": "quang1",
        "profilePic": "https://res.cloudinary.com/dizcvrefo/image/upload/v1749027586/nestjs_uploads/xehairydt9rzlbmbmv4c.jpg"
      },
      "_count": {
        "likes": 2,
        "comments": 0
      },
      "score": 0.00706666148235442,
      "isLike": false,
      "isToday": false,
      "isFollowing": false,
      "isSelf": false
    },
    {
      "id": "52cfd912-292f-4fbf-9240-3000d608dcd4",
      "authorId": "e7b38cb7-6701-40d9-a3bd-f53fc4d43457",
      "imageUrl": [
        "https://res.cloudinary.com/dizcvrefo/image/upload/v1749316896/nestjs_uploads/lc1jqjzblqshqho7eavx.jpg"
      ],
      "caption": "This is my first post",
      "location": null,
      "tags": [
      ],
      "isPublic": true,
      "likeCount": 0,
      "commentCount": 0,
      "sharedCount": 0,
      "createdAt": "2025-05-14T05:28:07.619Z",
      "updatedAt": "2025-06-07T17:21:37.389Z",
      "author": {
        "username": "ductrong",
        "profilePic": null
      },
      "_count": {
        "likes": 3,
        "comments": 0
      },
      "score": 0.006177094885868095,
      "isLike": false,
      "isToday": false,
      "isFollowing": false,
      "isSelf": false
    },
    {
      "id": "7918bc4d-383d-462e-afab-91099bc69905",
      "authorId": "08515b05-2d3e-4789-ad60-db35525a4970",
      "imageUrl": [
        "https://res.cloudinary.com/dizcvrefo/image/upload/v1749449962/nestjs_uploads/h3loqo8k5fpmi2ipdtof.jpg"
      ],
      "caption": "??p trai thì m?i có nhi?u ??a yêu h? h?",
      "location": null,
      "tags": [
      ],
      "isPublic": true,
      "likeCount": 0,
      "commentCount": 0,
      "sharedCount": 0,
      "createdAt": "2025-06-09T06:19:23.318Z",
      "updatedAt": "2025-06-09T06:19:23.318Z",
      "author": {
        "username": "nam",
        "profilePic": "https://res.cloudinary.com/dizcvrefo/image/upload/v1749266646/nestjs_uploads/zk9zrpeidnovxibfqdxr.png"
      },
      "_count": {
        "likes": 1,
        "comments": 0
      },
      "score": 0.00577240506472937,
      "isLike": false,
      "isToday": false,
      "isFollowing": false,
      "isSelf": false
    },
    {
      "id": "0c10c426-3d53-443a-8155-39234544c693",
      "authorId": "08515b05-2d3e-4789-ad60-db35525a4970",
      "imageUrl": [
        "https://res.cloudinary.com/dizcvrefo/image/upload/v1749397668/nestjs_uploads/umpwoepazt6it2racqhe.webp",
        "https://res.cloudinary.com/dizcvrefo/image/upload/v1749397668/nestjs_uploads/hcj53nurl5lpudcfaz3f.webp",
        "https://res.cloudinary.com/dizcvrefo/image/upload/v1749397668/nestjs_uploads/qv1vfbg7k6lkeldhb7e3.webp",
        "https://res.cloudinary.com/dizcvrefo/image/upload/v1749397668/nestjs_uploads/c6ruaxtyahilompxxej9.webp"
      ],
      "caption": "Tr?i xanh mây tr?ng",
      "location": null,
      "tags": [
      ],
      "isPublic": true,
      "likeCount": 0,
      "commentCount": 0,
      "sharedCount": 0,
      "createdAt": "2025-06-08T15:47:50.242Z",
      "updatedAt": "2025-06-08T15:47:50.242Z",
      "author": {
        "username": "nam",
        "profilePic": "https://res.cloudinary.com/dizcvrefo/image/upload/v1749266646/nestjs_uploads/zk9zrpeidnovxibfqdxr.png"
      },
      "_count": {
        "likes": 1,
        "comments": 0
      },
      "score": 0.00554013725951678,
      "isLike": false,
      "isToday": false,
      "isFollowing": false,
      "isSelf": false
    },
    {
      "id": "d296ef84-ae0f-4d14-a91a-15dd66bc0dac",
      "authorId": "08515b05-2d3e-4789-ad60-db35525a4970",
      "imageUrl": [
        "https://res.cloudinary.com/dizcvrefo/image/upload/v1749397436/nestjs_uploads/w9d8ldmhonbzeenkcxpb.jpg",
        "https://res.cloudinary.com/dizcvrefo/image/upload/v1749397436/nestjs_uploads/g8xrn89xfaz4ssvslueo.jpg",
        "https://res.cloudinary.com/dizcvrefo/image/upload/v1749397436/nestjs_uploads/wggtlkgkwlcrmgrhskup.jpg"
      ],
      "caption": "??ng tìm nhau vào hôm gió m?a t?i b?i",
      "location": null,
      "tags": [
      ],
      "isPublic": true,
      "likeCount": 0,
      "commentCount": 0,
      "sharedCount": 0,
      "createdAt": "2025-06-08T15:43:57.895Z",
      "updatedAt": "2025-06-08T15:43:57.895Z",
      "author": {
        "username": "nam",
        "profilePic": "https://res.cloudinary.com/dizcvrefo/image/upload/v1749266646/nestjs_uploads/zk9zrpeidnovxibfqdxr.png"
      },
      "_count": {
        "likes": 1,
        "comments": 0
      },
      "score": 0.005539146956766851,
      "isLike": false,
      "isToday": false,
      "isFollowing": false,
      "isSelf": false
    },
    {
      "id": "f1eae5ad-ef38-43e0-a9b8-1c1e0c2f6efd",
      "authorId": "08515b05-2d3e-4789-ad60-db35525a4970",
      "imageUrl": [
        "https://res.cloudinary.com/dizcvrefo/image/upload/v1749397189/nestjs_uploads/n24psljoc11kfpxrlozi.jpg",
        "https://res.cloudinary.com/dizcvrefo/image/upload/v1749397188/nestjs_uploads/ebdf0uii6p2yc3m30ruv.webp",
        "https://res.cloudinary.com/dizcvrefo/image/upload/v1749397188/nestjs_uploads/vrc16ao0luptsqlvep2z.webp"
      ],
      "caption": "Trong ??m gì ??p b?ng sen",
      "location": null,
      "tags": [
      ],
      "isPublic": true,
      "likeCount": 0,
      "commentCount": 0,
      "sharedCount": 0,
      "createdAt": "2025-06-08T15:39:50.851Z",
      "updatedAt": "2025-06-08T15:39:50.851Z",
      "author": {
        "username": "nam",
        "profilePic": "https://res.cloudinary.com/dizcvrefo/image/upload/v1749266646/nestjs_uploads/zk9zrpeidnovxibfqdxr.png"
      },
      "_count": {
        "likes": 1,
        "comments": 0
      },
      "score": 0.005538094401143396,
      "isLike": false,
      "isToday": false,
      "isFollowing": false,
      "isSelf": false
    },
    {
      "id": "546e44ab-45c4-4412-83c9-4a2cd786d46f",
      "authorId": "08515b05-2d3e-4789-ad60-db35525a4970",
      "imageUrl": [
        "https://res.cloudinary.com/dizcvrefo/image/upload/v1749223872/nestjs_uploads/u1lkztc9gc8jfijtppib.jpg",
        "https://res.cloudinary.com/dizcvrefo/image/upload/v1749223872/nestjs_uploads/hvbjhzpqvpw9kjrejiko.jpg",
        "https://res.cloudinary.com/dizcvrefo/image/upload/v1749223872/nestjs_uploads/a9s8eujvzsy7sminvaaw.jpg",
        "https://res.cloudinary.com/dizcvrefo/image/upload/v1749223872/nestjs_uploads/l0darr6gsfvyaz3udhvr.jpg"
      ],
      "caption": "Th?i ti?t nóng nh? cái lò",
      "location": null,
      "tags": [
      ],
      "isPublic": true,
      "likeCount": 0,
      "commentCount": 0,
      "sharedCount": 0,
      "createdAt": "2025-06-06T15:31:13.422Z",
      "updatedAt": "2025-06-06T15:31:13.422Z",
      "author": {
        "username": "nam",
        "profilePic": "https://res.cloudinary.com/dizcvrefo/image/upload/v1749266646/nestjs_uploads/zk9zrpeidnovxibfqdxr.png"
      },
      "_count": {
        "likes": 1,
        "comments": 0
      },
      "score": 0.004886644739522526,
      "isLike": false,
      "isToday": false,
      "isFollowing": false,
      "isSelf": false
    },
    {
      "id": "d227a0c8-1c22-46cc-b7d2-4cdc49559d5a",
      "authorId": "08515b05-2d3e-4789-ad60-db35525a4970",
      "imageUrl": [
        "https://res.cloudinary.com/dizcvrefo/image/upload/v1749396710/nestjs_uploads/rbfbkt8z02milpnwumdf.jpg",
        "https://res.cloudinary.com/dizcvrefo/image/upload/v1749396710/nestjs_uploads/vgcadq2d5bc0n7ccenbd.jpg",
        "https://res.cloudinary.com/dizcvrefo/image/upload/v1749396710/nestjs_uploads/mnxecfqiyziizzhgvpkx.jpg",
        "https://res.cloudinary.com/dizcvrefo/image/upload/v1749396710/nestjs_uploads/ejjhcrbzulhtddkxenrb.jpg"
      ],
      "caption": "Qu?c t? thi?u nhi",
      "location": null,
      "tags": [
      ],
      "isPublic": true,
      "likeCount": 0,
      "commentCount": 0,
      "sharedCount": 0,
      "createdAt": "2025-06-08T15:31:52.624Z",
      "updatedAt": "2025-06-08T15:31:52.624Z",
      "author": {
        "username": "nam",
        "profilePic": "https://res.cloudinary.com/dizcvrefo/image/upload/v1749266646/nestjs_uploads/zk9zrpeidnovxibfqdxr.png"
      },
      "_count": {
        "likes": 0,
        "comments": 0
      },
      "score": 0,
      "isLike": false,
      "isToday": false,
      "isFollowing": false,
      "isSelf": false
    }
  ]
}
 
23:47:57.099 [main] INFO com.intuit.karate -- ? TEST PASSED - All validations passed 
23:47:57.099 [main] INFO com.intuit.karate -- Test case #2 - Status: 200, Result: {"message":"Feed","statusCode":200,"status":"success","data":[{"id":"8a0e35ce-0f39-4475-b2d2-15c217983926","authorId":"08515b05-2d3e-4789-ad60-db35525a4970","imageUrl":["https://res.cloudinary.com/dizcvrefo/image/upload/v1748597950/nestjs_uploads/siabu4jmaf7nfak5xkgc.jpg","https://res.cloudinary.com/dizcvrefo/image/upload/v1748597951/nestjs_uploads/bufde4typyni9j408ua4.jpg","https://res.cloudinary.com/dizcvrefo/image/upload/v1748597951/nestjs_uploads/yk6tjdkirr4a7ons7iz5.jpg"],"caption":"?n gì không","location":null,"tags":[],"isPublic":true,"likeCount":0,"commentCount":0,"sharedCount":0,"createdAt":"2025-05-30T09:39:13.647Z","updatedAt":"2025-05-30T09:39:13.647Z","author":{"username":"nam","profilePic":"https://res.cloudinary.com/dizcvrefo/image/upload/v1749266646/nestjs_uploads/zk9zrpeidnovxibfqdxr.png"},"_count":{"likes":3,"comments":0},"score":0.010289029386484922,"isLike":false,"isToday":false,"isFollowing":false,"isSelf":false},{"id":"b96886bd-5f00-41af-a440-152f360f1657","authorId":"08515b05-2d3e-4789-ad60-db35525a4970","imageUrl":["https://res.cloudinary.com/dizcvrefo/image/upload/v1748597371/nestjs_uploads/vce2gudp9o4mm4fn8xt0.jpg","https://res.cloudinary.com/dizcvrefo/image/upload/v1748597372/nestjs_uploads/u691vkjqxrek1dv0wtbm.jpg","https://res.cloudinary.com/dizcvrefo/image/upload/v1748597371/nestjs_uploads/feqbcopm8ge8maj3hu6k.jpg"],"caption":"ok","location":null,"tags":[],"isPublic":true,"likeCount":0,"commentCount":0,"sharedCount":0,"createdAt":"2025-05-30T09:29:34.405Z","updatedAt":"2025-05-30T09:29:34.405Z","author":{"username":"nam","profilePic":"https://res.cloudinary.com/dizcvrefo/image/upload/v1749266646/nestjs_uploads/zk9zrpeidnovxibfqdxr.png"},"_count":{"likes":3,"comments":0},"score":0.010286191236809192,"isLike":false,"isToday":false,"isFollowing":false,"isSelf":false},{"id":"479ed759-3811-4b84-8141-bff184fae4b8","authorId":"dacf294e-491b-47ff-bd74-bfe5ddbfbdf9","imageUrl":["https://res.cloudinary.com/dizcvrefo/image/upload/v1748596741/nestjs_uploads/g8vk3zn2rfop6caitmfb.jpg","https://res.cloudinary.com/dizcvrefo/image/upload/v1748596741/nestjs_uploads/cqcspqsifpg0ndthyuax.jpg","https://res.cloudinary.com/dizcvrefo/image/upload/v1748596741/nestjs_uploads/hc3svmdbfotscvcctfoq.jpg","https://res.cloudinary.com/dizcvrefo/image/upload/v1748596742/nestjs_uploads/fxjvluy2vpyfuspukumf.jpg","https://res.cloudinary.com/dizcvrefo/image/upload/v1748596741/nestjs_uploads/sb38euks3gzg5f92uiig.jpg"],"caption":"Village","location":null,"tags":[],"isPublic":true,"likeCount":0,"commentCount":0,"sharedCount":0,"createdAt":"2025-05-30T09:19:04.180Z","updatedAt":"2025-05-30T09:19:04.180Z","author":{"username":"chinh","profilePic":"https://hebbkx1anhila5yf.public.blob.vercel-storage.com/image-hiZZ98WEvmBOkk3oAqffc3ReiwtEIO.png"},"_count":{"likes":3,"comments":0},"score":0.010283105060429686,"isLike":false,"isToday":false,"isFollowing":false,"isSelf":false},{"id":"9ef01284-6f35-4f8a-9d58-3f5891acc766","authorId":"dacf294e-491b-47ff-bd74-bfe5ddbfbdf9","imageUrl":["https://res.cloudinary.com/dizcvrefo/image/upload/v1748596489/nestjs_uploads/ue1yvhe1qzvlc2pmkjee.jpg","https://res.cloudinary.com/dizcvrefo/image/upload/v1748596493/nestjs_uploads/bm3pcnpqmnppnsuq0pv9.jpg","https://res.cloudinary.com/dizcvrefo/image/upload/v1748596489/nestjs_uploads/q6nipodzp1mdnpm1p13g.jpg","https://res.cloudinary.com/dizcvrefo/image/upload/v1748596489/nestjs_uploads/icygr75zfmxk0ehqsnwo.jpg","https://res.cloudinary.com/dizcvrefo/image/upload/v1748596489/nestjs_uploads/ghgd01xzcaxpra5httqg.jpg","https://res.cloudinary.com/dizcvrefo/image/upload/v1748596489/nestjs_uploads/o53mpfip4l7dbjbd7wcw.jpg"],"caption":"Nh?u","location":null,"tags":[],"isPublic":true,"likeCount":0,"commentCount":0,"sharedCount":0,"createdAt":"2025-05-30T09:14:54.972Z","updatedAt":"2025-05-30T09:14:54.972Z","author":{"username":"chinh","profilePic":"https://hebbkx1anhila5yf.public.blob.vercel-storage.com/image-hiZZ98WEvmBOkk3oAqffc3ReiwtEIO.png"},"_count":{"likes":3,"comments":0},"score":0.010281885213737975,"isLike":false,"isToday":false,"isFollowing":false,"isSelf":false},{"id":"d79e9a48-ca20-40fd-bb11-ed7302657db9","authorId":"08515b05-2d3e-4789-ad60-db35525a4970","imageUrl":["https://res.cloudinary.com/dizcvrefo/image/upload/v1749382783/nestjs_uploads/buqh5wktqj3y5etgfxok.jpg","https://res.cloudinary.com/dizcvrefo/image/upload/v1749382789/nestjs_uploads/wjm5idulrdjhv7yuc477.jpg","https://res.cloudinary.com/dizcvrefo/image/upload/v1749382781/nestjs_uploads/ztoyccvbrahzxkbm7mxb.jpg","https://res.cloudinary.com/dizcvrefo/image/upload/v1749383075/nestjs_uploads/yjbnpjozb3x4suirhe9d.jpg","https://res.cloudinary.com/dizcvrefo/image/upload/v1749383076/nestjs_uploads/wurnhokpsyvvjg60iceu.jpg"],"caption":"Hôm nay là th? 7 em thích ?i thích ?i vào bar u?ng ? ???","location":null,"tags":[],"isPublic":true,"likeCount":0,"commentCount":0,"sharedCount":0,"createdAt":"2025-05-28T09:56:16.976Z","updatedAt":"2025-06-08T11:44:37.991Z","author":{"username":"nam","profilePic":"https://res.cloudinary.com/dizcvrefo/image/upload/v1749266646/nestjs_uploads/zk9zrpeidnovxibfqdxr.png"},"_count":{"likes":3,"comments":0},"score":0.00951080950525942,"isLike":false,"isToday":false,"isFollowing":false,"isSelf":false},{"id":"e3f481cc-53c6-41c8-9a28-cd2f9c4f2f46","authorId":"2b84aa24-668a-40e2-af1c-ad4fc4fa5a6f","imageUrl":["https://res.cloudinary.com/dizcvrefo/image/upload/v1749027663/nestjs_uploads/nuuktb6j4oy5jnuyt3ws.jpg","https://res.cloudinary.com/dizcvrefo/image/upload/v1749027663/nestjs_uploads/aa03sao5n7bkhyhhrovx.jpg","https://res.cloudinary.com/dizcvrefo/image/upload/v1749027663/nestjs_uploads/hic88kwvdqoltmqsueim.jpg","https://res.cloudinary.com/dizcvrefo/image/upload/v1749027664/nestjs_uploads/hrnmt9e7g7pavf2fxwyw.png","https://res.cloudinary.com/dizcvrefo/image/upload/v1749027664/nestjs_uploads/oxa2hbuxzj3lngjbubpf.jpg","https://res.cloudinary.com/dizcvrefo/image/upload/v1749027663/nestjs_uploads/scrigmpzvmixwv9ddfnl.jpg","https://res.cloudinary.com/dizcvrefo/image/upload/v1749027664/nestjs_uploads/wpnyt5jyz8lgj2bvprin.jpg"],"caption":"Buon that, hom nay toi thi truot","location":null,"tags":[],"isPublic":true,"likeCount":0,"commentCount":0,"sharedCount":0,"createdAt":"2025-06-04T09:01:06.391Z","updatedAt":"2025-06-04T09:01:06.391Z","author":{"username":"quang1","profilePic":"https://res.cloudinary.com/dizcvrefo/image/upload/v1749027586/nestjs_uploads/xehairydt9rzlbmbmv4c.jpg"},"_count":{"likes":2,"comments":0},"score":0.008624765347311896,"isLike":true,"isToday":false,"isFollowing":false,"isSelf":false},{"id":"9c4e8842-ced5-492b-9423-890177a28564","authorId":"2b84aa24-668a-40e2-af1c-ad4fc4fa5a6f","imageUrl":["https://res.cloudinary.com/dizcvrefo/image/upload/v1748659538/nestjs_uploads/n4mg888um8bynequtdtp.jpg","https://res.cloudinary.com/dizcvrefo/image/upload/v1748659538/nestjs_uploads/mfqojpf1bufduxfh0j0n.jpg","https://res.cloudinary.com/dizcvrefo/image/upload/v1748659538/nestjs_uploads/vx9qkwao5v4hdeqiplsp.jpg","https://res.cloudinary.com/dizcvrefo/image/upload/v1748659538/nestjs_uploads/r2sv0p0echvnrwqxoswu.jpg"],"caption":"Ha noi nay tro gio","location":null,"tags":[],"isPublic":true,"likeCount":0,"commentCount":0,"sharedCount":0,"createdAt":"2025-05-31T02:45:39.688Z","updatedAt":"2025-05-31T02:45:39.688Z","author":{"username":"quang1","profilePic":"https://res.cloudinary.com/dizcvrefo/image/upload/v1749027586/nestjs_uploads/xehairydt9rzlbmbmv4c.jpg"},"_count":{"likes":2,"comments":0},"score":0.00706666148235442,"isLike":false,"isToday":false,"isFollowing":false,"isSelf":false},{"id":"52cfd912-292f-4fbf-9240-3000d608dcd4","authorId":"e7b38cb7-6701-40d9-a3bd-f53fc4d43457","imageUrl":["https://res.cloudinary.com/dizcvrefo/image/upload/v1749316896/nestjs_uploads/lc1jqjzblqshqho7eavx.jpg"],"caption":"This is my first post","location":null,"tags":[],"isPublic":true,"likeCount":0,"commentCount":0,"sharedCount":0,"createdAt":"2025-05-14T05:28:07.619Z","updatedAt":"2025-06-07T17:21:37.389Z","author":{"username":"ductrong","profilePic":null},"_count":{"likes":3,"comments":0},"score":0.006177094885868095,"isLike":false,"isToday":false,"isFollowing":false,"isSelf":false},{"id":"7918bc4d-383d-462e-afab-91099bc69905","authorId":"08515b05-2d3e-4789-ad60-db35525a4970","imageUrl":["https://res.cloudinary.com/dizcvrefo/image/upload/v1749449962/nestjs_uploads/h3loqo8k5fpmi2ipdtof.jpg"],"caption":"??p trai thì m?i có nhi?u ??a yêu h? h?","location":null,"tags":[],"isPublic":true,"likeCount":0,"commentCount":0,"sharedCount":0,"createdAt":"2025-06-09T06:19:23.318Z","updatedAt":"2025-06-09T06:19:23.318Z","author":{"username":"nam","profilePic":"https://res.cloudinary.com/dizcvrefo/image/upload/v1749266646/nestjs_uploads/zk9zrpeidnovxibfqdxr.png"},"_count":{"likes":1,"comments":0},"score":0.00577240506472937,"isLike":false,"isToday":false,"isFollowing":false,"isSelf":false},{"id":"0c10c426-3d53-443a-8155-39234544c693","authorId":"08515b05-2d3e-4789-ad60-db35525a4970","imageUrl":["https://res.cloudinary.com/dizcvrefo/image/upload/v1749397668/nestjs_uploads/umpwoepazt6it2racqhe.webp","https://res.cloudinary.com/dizcvrefo/image/upload/v1749397668/nestjs_uploads/hcj53nurl5lpudcfaz3f.webp","https://res.cloudinary.com/dizcvrefo/image/upload/v1749397668/nestjs_uploads/qv1vfbg7k6lkeldhb7e3.webp","https://res.cloudinary.com/dizcvrefo/image/upload/v1749397668/nestjs_uploads/c6ruaxtyahilompxxej9.webp"],"caption":"Tr?i xanh mây tr?ng","location":null,"tags":[],"isPublic":true,"likeCount":0,"commentCount":0,"sharedCount":0,"createdAt":"2025-06-08T15:47:50.242Z","updatedAt":"2025-06-08T15:47:50.242Z","author":{"username":"nam","profilePic":"https://res.cloudinary.com/dizcvrefo/image/upload/v1749266646/nestjs_uploads/zk9zrpeidnovxibfqdxr.png"},"_count":{"likes":1,"comments":0},"score":0.00554013725951678,"isLike":false,"isToday":false,"isFollowing":false,"isSelf":false},{"id":"d296ef84-ae0f-4d14-a91a-15dd66bc0dac","authorId":"08515b05-2d3e-4789-ad60-db35525a4970","imageUrl":["https://res.cloudinary.com/dizcvrefo/image/upload/v1749397436/nestjs_uploads/w9d8ldmhonbzeenkcxpb.jpg","https://res.cloudinary.com/dizcvrefo/image/upload/v1749397436/nestjs_uploads/g8xrn89xfaz4ssvslueo.jpg","https://res.cloudinary.com/dizcvrefo/image/upload/v1749397436/nestjs_uploads/wggtlkgkwlcrmgrhskup.jpg"],"caption":"??ng tìm nhau vào hôm gió m?a t?i b?i","location":null,"tags":[],"isPublic":true,"likeCount":0,"commentCount":0,"sharedCount":0,"createdAt":"2025-06-08T15:43:57.895Z","updatedAt":"2025-06-08T15:43:57.895Z","author":{"username":"nam","profilePic":"https://res.cloudinary.com/dizcvrefo/image/upload/v1749266646/nestjs_uploads/zk9zrpeidnovxibfqdxr.png"},"_count":{"likes":1,"comments":0},"score":0.005539146956766851,"isLike":false,"isToday":false,"isFollowing":false,"isSelf":false},{"id":"f1eae5ad-ef38-43e0-a9b8-1c1e0c2f6efd","authorId":"08515b05-2d3e-4789-ad60-db35525a4970","imageUrl":["https://res.cloudinary.com/dizcvrefo/image/upload/v1749397189/nestjs_uploads/n24psljoc11kfpxrlozi.jpg","https://res.cloudinary.com/dizcvrefo/image/upload/v1749397188/nestjs_uploads/ebdf0uii6p2yc3m30ruv.webp","https://res.cloudinary.com/dizcvrefo/image/upload/v1749397188/nestjs_uploads/vrc16ao0luptsqlvep2z.webp"],"caption":"Trong ??m gì ??p b?ng sen","location":null,"tags":[],"isPublic":true,"likeCount":0,"commentCount":0,"sharedCount":0,"createdAt":"2025-06-08T15:39:50.851Z","updatedAt":"2025-06-08T15:39:50.851Z","author":{"username":"nam","profilePic":"https://res.cloudinary.com/dizcvrefo/image/upload/v1749266646/nestjs_uploads/zk9zrpeidnovxibfqdxr.png"},"_count":{"likes":1,"comments":0},"score":0.005538094401143396,"isLike":false,"isToday":false,"isFollowing":false,"isSelf":false},{"id":"546e44ab-45c4-4412-83c9-4a2cd786d46f","authorId":"08515b05-2d3e-4789-ad60-db35525a4970","imageUrl":["https://res.cloudinary.com/dizcvrefo/image/upload/v1749223872/nestjs_uploads/u1lkztc9gc8jfijtppib.jpg","https://res.cloudinary.com/dizcvrefo/image/upload/v1749223872/nestjs_uploads/hvbjhzpqvpw9kjrejiko.jpg","https://res.cloudinary.com/dizcvrefo/image/upload/v1749223872/nestjs_uploads/a9s8eujvzsy7sminvaaw.jpg","https://res.cloudinary.com/dizcvrefo/image/upload/v1749223872/nestjs_uploads/l0darr6gsfvyaz3udhvr.jpg"],"caption":"Th?i ti?t nóng nh? cái lò","location":null,"tags":[],"isPublic":true,"likeCount":0,"commentCount":0,"sharedCount":0,"createdAt":"2025-06-06T15:31:13.422Z","updatedAt":"2025-06-06T15:31:13.422Z","author":{"username":"nam","profilePic":"https://res.cloudinary.com/dizcvrefo/image/upload/v1749266646/nestjs_uploads/zk9zrpeidnovxibfqdxr.png"},"_count":{"likes":1,"comments":0},"score":0.004886644739522526,"isLike":false,"isToday":false,"isFollowing":false,"isSelf":false},{"id":"d227a0c8-1c22-46cc-b7d2-4cdc49559d5a","authorId":"08515b05-2d3e-4789-ad60-db35525a4970","imageUrl":["https://res.cloudinary.com/dizcvrefo/image/upload/v1749396710/nestjs_uploads/rbfbkt8z02milpnwumdf.jpg","https://res.cloudinary.com/dizcvrefo/image/upload/v1749396710/nestjs_uploads/vgcadq2d5bc0n7ccenbd.jpg","https://res.cloudinary.com/dizcvrefo/image/upload/v1749396710/nestjs_uploads/mnxecfqiyziizzhgvpkx.jpg","https://res.cloudinary.com/dizcvrefo/image/upload/v1749396710/nestjs_uploads/ejjhcrbzulhtddkxenrb.jpg"],"caption":"Qu?c t? thi?u nhi","location":null,"tags":[],"isPublic":true,"likeCount":0,"commentCount":0,"sharedCount":0,"createdAt":"2025-06-08T15:31:52.624Z","updatedAt":"2025-06-08T15:31:52.624Z","author":{"username":"nam","profilePic":"https://res.cloudinary.com/dizcvrefo/image/upload/v1749266646/nestjs_uploads/zk9zrpeidnovxibfqdxr.png"},"_count":{"likes":0,"comments":0},"score":0,"isLike":false,"isToday":false,"isFollowing":false,"isSelf":false}]} 
23:47:57.101 [main] INFO com.intuit.karate -- ?ang ch?y test case #3: Get posts feed không có page (default), limit=10 
23:47:57.101 [main] INFO com.intuit.karate -- S? d?ng global bearer token t? config: eyJhbGciOiJIUzI1NiIsInR5cCI6IkpXVCJ9.eyJzdWIiOiJmNjI4NDUzMi04ZjFlLTRiMDUtYWM1NC1kODAzNzM4NmU4MGMiLCJ1c2VybmFtZSI6InVzZXJubzIiLCJyb2xlIjowLCJpYXQiOjE3NTA2OTQzNTQsImV4cCI6MTc1MDY5Nzk1NH0.cn4pcMTzJbKyd0aw-bN_KvZNRCfEwxef9wljw6vUgkw 
23:47:57.123 [main] INFO com.intuit.karate -- karate.env system property was: null 
23:47:57.131 [main] DEBUG com.jayway.jsonpath.internal.path.CompiledPath -- Evaluating path: $
23:47:57.134 [main] DEBUG com.jayway.jsonpath.internal.path.CompiledPath -- Evaluating path: $
23:47:57.149 [main] DEBUG org.apache.http.client.protocol.RequestAddCookies -- CookieSpec selected: karate
23:47:57.150 [main] DEBUG org.apache.http.client.protocol.RequestAuthCache -- Auth cache not set in the context
23:47:57.150 [main] DEBUG com.intuit.karate -- request:
1 > GET http://localhost:3000/posts/feed?limit=10
1 > Authorization: Bearer eyJhbGciOiJIUzI1NiIsInR5cCI6IkpXVCJ9.eyJzdWIiOiJmNjI4NDUzMi04ZjFlLTRiMDUtYWM1NC1kODAzNzM4NmU4MGMiLCJ1c2VybmFtZSI6InVzZXJubzIiLCJyb2xlIjowLCJpYXQiOjE3NTA2OTQzNTQsImV4cCI6MTc1MDY5Nzk1NH0.cn4pcMTzJbKyd0aw-bN_KvZNRCfEwxef9wljw6vUgkw
1 > Host: localhost:3000
1 > Connection: Keep-Alive
1 > User-Agent: Apache-HttpClient/4.5.14 (Java/17.0.9)
1 > Accept-Encoding: gzip,deflate


23:47:57.150 [main] DEBUG org.apache.http.impl.conn.PoolingHttpClientConnectionManager -- Connection request: [route: {}->http://localhost:3000][total available: 0; route allocated: 0 of 5; total allocated: 0 of 10]
23:47:57.151 [main] DEBUG org.apache.http.impl.conn.PoolingHttpClientConnectionManager -- Connection leased: [id: 2][route: {}->http://localhost:3000][total available: 0; route allocated: 1 of 5; total allocated: 1 of 10]
23:47:57.151 [main] DEBUG org.apache.http.impl.execchain.MainClientExec -- Opening connection {}->http://localhost:3000
23:47:57.151 [main] DEBUG org.apache.http.impl.conn.DefaultHttpClientConnectionOperator -- Connecting to localhost/127.0.0.1:3000
23:47:57.152 [main] DEBUG org.apache.http.impl.conn.DefaultHttpClientConnectionOperator -- Connection established 127.0.0.1:62806<->127.0.0.1:3000
23:47:57.152 [main] DEBUG org.apache.http.impl.conn.DefaultManagedHttpClientConnection -- http-outgoing-2: set socket timeout to 5000
23:47:57.152 [main] DEBUG org.apache.http.impl.execchain.MainClientExec -- Executing request GET /posts/feed?limit=10 HTTP/1.1
23:47:57.152 [main] DEBUG org.apache.http.impl.execchain.MainClientExec -- Proxy auth state: UNCHALLENGED
23:47:57.152 [main] DEBUG org.apache.http.headers -- http-outgoing-2 >> GET /posts/feed?limit=10 HTTP/1.1
23:47:57.152 [main] DEBUG org.apache.http.headers -- http-outgoing-2 >> Authorization: Bearer eyJhbGciOiJIUzI1NiIsInR5cCI6IkpXVCJ9.eyJzdWIiOiJmNjI4NDUzMi04ZjFlLTRiMDUtYWM1NC1kODAzNzM4NmU4MGMiLCJ1c2VybmFtZSI6InVzZXJubzIiLCJyb2xlIjowLCJpYXQiOjE3NTA2OTQzNTQsImV4cCI6MTc1MDY5Nzk1NH0.cn4pcMTzJbKyd0aw-bN_KvZNRCfEwxef9wljw6vUgkw
23:47:57.152 [main] DEBUG org.apache.http.headers -- http-outgoing-2 >> Host: localhost:3000
23:47:57.152 [main] DEBUG org.apache.http.headers -- http-outgoing-2 >> Connection: Keep-Alive
23:47:57.152 [main] DEBUG org.apache.http.headers -- http-outgoing-2 >> User-Agent: Apache-HttpClient/4.5.14 (Java/17.0.9)
23:47:57.152 [main] DEBUG org.apache.http.headers -- http-outgoing-2 >> Accept-Encoding: gzip,deflate
23:47:57.152 [main] DEBUG org.apache.http.wire -- http-outgoing-2 >> "GET /posts/feed?limit=10 HTTP/1.1[\r][\n]"
23:47:57.152 [main] DEBUG org.apache.http.wire -- http-outgoing-2 >> "Authorization: Bearer eyJhbGciOiJIUzI1NiIsInR5cCI6IkpXVCJ9.eyJzdWIiOiJmNjI4NDUzMi04ZjFlLTRiMDUtYWM1NC1kODAzNzM4NmU4MGMiLCJ1c2VybmFtZSI6InVzZXJubzIiLCJyb2xlIjowLCJpYXQiOjE3NTA2OTQzNTQsImV4cCI6MTc1MDY5Nzk1NH0.cn4pcMTzJbKyd0aw-bN_KvZNRCfEwxef9wljw6vUgkw[\r][\n]"
23:47:57.152 [main] DEBUG org.apache.http.wire -- http-outgoing-2 >> "Host: localhost:3000[\r][\n]"
23:47:57.152 [main] DEBUG org.apache.http.wire -- http-outgoing-2 >> "Connection: Keep-Alive[\r][\n]"
23:47:57.154 [main] DEBUG org.apache.http.wire -- http-outgoing-2 >> "User-Agent: Apache-HttpClient/4.5.14 (Java/17.0.9)[\r][\n]"
23:47:57.154 [main] DEBUG org.apache.http.wire -- http-outgoing-2 >> "Accept-Encoding: gzip,deflate[\r][\n]"
23:47:57.154 [main] DEBUG org.apache.http.wire -- http-outgoing-2 >> "[\r][\n]"
23:47:57.194 [main] DEBUG org.apache.http.wire -- http-outgoing-2 << "HTTP/1.1 400 Bad Request[\r][\n]"
23:47:57.196 [main] DEBUG org.apache.http.wire -- http-outgoing-2 << "X-Powered-By: Express[\r][\n]"
23:47:57.197 [main] DEBUG org.apache.http.wire -- http-outgoing-2 << "Access-Control-Allow-Origin: *[\r][\n]"
23:47:57.197 [main] DEBUG org.apache.http.wire -- http-outgoing-2 << "Content-Type: application/json; charset=utf-8[\r][\n]"
23:47:57.197 [main] DEBUG org.apache.http.wire -- http-outgoing-2 << "Content-Length: 158[\r][\n]"
23:47:57.197 [main] DEBUG org.apache.http.wire -- http-outgoing-2 << "ETag: W/"9e-Ki1brP2DEiAjzVawNZnPN8Ko+z4"[\r][\n]"
23:47:57.197 [main] DEBUG org.apache.http.wire -- http-outgoing-2 << "Date: Mon, 23 Jun 2025 16:47:57 GMT[\r][\n]"
23:47:57.197 [main] DEBUG org.apache.http.wire -- http-outgoing-2 << "Connection: keep-alive[\r][\n]"
23:47:57.197 [main] DEBUG org.apache.http.wire -- http-outgoing-2 << "Keep-Alive: timeout=5[\r][\n]"
23:47:57.197 [main] DEBUG org.apache.http.wire -- http-outgoing-2 << "[\r][\n]"
23:47:57.197 [main] DEBUG org.apache.http.wire -- http-outgoing-2 << "{"success":false,"statusCode":400,"message":"Kh[0xc3][0xb4]ng c[0xc3][0xb3] d[0xe1][0xbb][0xaf] li[0xe1][0xbb][0x87]u [0xc4][0x91][0xc6][0xb0][0xe1][0xbb][0xa3]c g[0xe1][0xbb][0xad]i l[0xc3][0xaa]n","path":"/posts/feed?limit=10","timestamp":"2025-06-23T16:47:57.194Z"}"
23:47:57.197 [main] DEBUG org.apache.http.headers -- http-outgoing-2 << HTTP/1.1 400 Bad Request
23:47:57.197 [main] DEBUG org.apache.http.headers -- http-outgoing-2 << X-Powered-By: Express
23:47:57.197 [main] DEBUG org.apache.http.headers -- http-outgoing-2 << Access-Control-Allow-Origin: *
23:47:57.197 [main] DEBUG org.apache.http.headers -- http-outgoing-2 << Content-Type: application/json; charset=utf-8
23:47:57.197 [main] DEBUG org.apache.http.headers -- http-outgoing-2 << Content-Length: 158
23:47:57.197 [main] DEBUG org.apache.http.headers -- http-outgoing-2 << ETag: W/"9e-Ki1brP2DEiAjzVawNZnPN8Ko+z4"
23:47:57.198 [main] DEBUG org.apache.http.headers -- http-outgoing-2 << Date: Mon, 23 Jun 2025 16:47:57 GMT
23:47:57.198 [main] DEBUG org.apache.http.headers -- http-outgoing-2 << Connection: keep-alive
23:47:57.198 [main] DEBUG org.apache.http.headers -- http-outgoing-2 << Keep-Alive: timeout=5
23:47:57.198 [main] DEBUG org.apache.http.impl.execchain.MainClientExec -- Connection can be kept alive for 5000 MILLISECONDS
23:47:57.198 [main] DEBUG org.apache.http.impl.conn.PoolingHttpClientConnectionManager -- Connection [id: 2][route: {}->http://localhost:3000] can be kept alive for 5.0 seconds
23:47:57.198 [main] DEBUG org.apache.http.impl.conn.DefaultManagedHttpClientConnection -- http-outgoing-2: set socket timeout to 0
23:47:57.198 [main] DEBUG org.apache.http.impl.conn.PoolingHttpClientConnectionManager -- Connection released: [id: 2][route: {}->http://localhost:3000][total available: 1; route allocated: 1 of 5; total allocated: 1 of 10]
23:47:57.198 [main] DEBUG org.apache.http.impl.conn.PoolingHttpClientConnectionManager -- Connection manager is shutting down
23:47:57.198 [main] DEBUG org.apache.http.impl.conn.DefaultManagedHttpClientConnection -- http-outgoing-2: Close connection
23:47:57.198 [main] DEBUG org.apache.http.impl.conn.PoolingHttpClientConnectionManager -- Connection manager shut down
23:47:57.200 [main] DEBUG com.intuit.karate -- response time in milliseconds: 48
1 < 400
1 < X-Powered-By: Express
1 < Access-Control-Allow-Origin: *
1 < Content-Type: application/json; charset=utf-8
1 < Content-Length: 158
1 < ETag: W/"9e-Ki1brP2DEiAjzVawNZnPN8Ko+z4"
1 < Date: Mon, 23 Jun 2025 16:47:57 GMT
1 < Connection: keep-alive
1 < Keep-Alive: timeout=5
{
  "success": false,
  "statusCode": 400,
  "message": "Không có d? li?u ???c g?i lên",
  "path": "/posts/feed?limit=10",
  "timestamp": "2025-06-23T16:47:57.194Z"
}


23:47:57.203 [main] INFO com.intuit.karate -- [print] Calling getPostsFeed API v?i bearerToken: eyJhbGciOiJIUzI1NiIsInR5cCI6IkpXVCJ9.eyJzdWIiOiJmNjI4NDUzMi04ZjFlLTRiMDUtYWM1NC1kODAzNzM4NmU4MGMiLCJ1c2VybmFtZSI6InVzZXJubzIiLCJyb2xlIjowLCJpYXQiOjE3NTA2OTQzNTQsImV4cCI6MTc1MDY5Nzk1NH0.cn4pcMTzJbKyd0aw-bN_KvZNRCfEwxef9wljw6vUgkw 
23:47:57.204 [main] INFO com.intuit.karate -- [print] Query params: {
  "limit": "10"
}
 
23:47:57.205 [main] INFO com.intuit.karate -- [print] Response status: 400 body: {
  "success": false,
  "statusCode": 400,
  "message": "Không có d? li?u ???c g?i lên",
  "path": "/posts/feed?limit=10",
  "timestamp": "2025-06-23T16:47:57.194Z"
}
 
23:47:57.210 [main] INFO com.intuit.karate -- ? TEST FAILED - Status mismatch: Expected 200, got 400 
23:47:57.212 [main] INFO com.intuit.karate -- Test case #3 - Status: 400, Result: {"success":false,"statusCode":400,"message":"Không có d? li?u ???c g?i lên","path":"/posts/feed?limit=10","timestamp":"2025-06-23T16:47:57.194Z"} 
23:47:57.213 [main] INFO com.intuit.karate -- ?ang ch?y test case #4: Get posts feed page=1, không có limit (default) 
23:47:57.214 [main] INFO com.intuit.karate -- S? d?ng global bearer token t? config: eyJhbGciOiJIUzI1NiIsInR5cCI6IkpXVCJ9.eyJzdWIiOiJmNjI4NDUzMi04ZjFlLTRiMDUtYWM1NC1kODAzNzM4NmU4MGMiLCJ1c2VybmFtZSI6InVzZXJubzIiLCJyb2xlIjowLCJpYXQiOjE3NTA2OTQzNTQsImV4cCI6MTc1MDY5Nzk1NH0.cn4pcMTzJbKyd0aw-bN_KvZNRCfEwxef9wljw6vUgkw 
23:47:57.232 [main] INFO com.intuit.karate -- karate.env system property was: null 
23:47:57.237 [main] DEBUG com.jayway.jsonpath.internal.path.CompiledPath -- Evaluating path: $
23:47:57.237 [main] DEBUG com.jayway.jsonpath.internal.path.CompiledPath -- Evaluating path: $
23:47:57.240 [main] DEBUG org.apache.http.client.protocol.RequestAddCookies -- CookieSpec selected: karate
23:47:57.241 [main] DEBUG org.apache.http.client.protocol.RequestAuthCache -- Auth cache not set in the context
23:47:57.241 [main] DEBUG com.intuit.karate -- request:
1 > GET http://localhost:3000/posts/feed?page=1
1 > Authorization: Bearer eyJhbGciOiJIUzI1NiIsInR5cCI6IkpXVCJ9.eyJzdWIiOiJmNjI4NDUzMi04ZjFlLTRiMDUtYWM1NC1kODAzNzM4NmU4MGMiLCJ1c2VybmFtZSI6InVzZXJubzIiLCJyb2xlIjowLCJpYXQiOjE3NTA2OTQzNTQsImV4cCI6MTc1MDY5Nzk1NH0.cn4pcMTzJbKyd0aw-bN_KvZNRCfEwxef9wljw6vUgkw
1 > Host: localhost:3000
1 > Connection: Keep-Alive
1 > User-Agent: Apache-HttpClient/4.5.14 (Java/17.0.9)
1 > Accept-Encoding: gzip,deflate


23:47:57.241 [main] DEBUG org.apache.http.impl.conn.PoolingHttpClientConnectionManager -- Connection request: [route: {}->http://localhost:3000][total available: 0; route allocated: 0 of 5; total allocated: 0 of 10]
23:47:57.241 [main] DEBUG org.apache.http.impl.conn.PoolingHttpClientConnectionManager -- Connection leased: [id: 3][route: {}->http://localhost:3000][total available: 0; route allocated: 1 of 5; total allocated: 1 of 10]
23:47:57.241 [main] DEBUG org.apache.http.impl.execchain.MainClientExec -- Opening connection {}->http://localhost:3000
23:47:57.242 [main] DEBUG org.apache.http.impl.conn.DefaultHttpClientConnectionOperator -- Connecting to localhost/127.0.0.1:3000
23:47:57.243 [main] DEBUG org.apache.http.impl.conn.DefaultHttpClientConnectionOperator -- Connection established 127.0.0.1:62807<->127.0.0.1:3000
23:47:57.243 [main] DEBUG org.apache.http.impl.conn.DefaultManagedHttpClientConnection -- http-outgoing-3: set socket timeout to 5000
23:47:57.244 [main] DEBUG org.apache.http.impl.execchain.MainClientExec -- Executing request GET /posts/feed?page=1 HTTP/1.1
23:47:57.244 [main] DEBUG org.apache.http.impl.execchain.MainClientExec -- Proxy auth state: UNCHALLENGED
23:47:57.244 [main] DEBUG org.apache.http.headers -- http-outgoing-3 >> GET /posts/feed?page=1 HTTP/1.1
23:47:57.245 [main] DEBUG org.apache.http.headers -- http-outgoing-3 >> Authorization: Bearer eyJhbGciOiJIUzI1NiIsInR5cCI6IkpXVCJ9.eyJzdWIiOiJmNjI4NDUzMi04ZjFlLTRiMDUtYWM1NC1kODAzNzM4NmU4MGMiLCJ1c2VybmFtZSI6InVzZXJubzIiLCJyb2xlIjowLCJpYXQiOjE3NTA2OTQzNTQsImV4cCI6MTc1MDY5Nzk1NH0.cn4pcMTzJbKyd0aw-bN_KvZNRCfEwxef9wljw6vUgkw
23:47:57.245 [main] DEBUG org.apache.http.headers -- http-outgoing-3 >> Host: localhost:3000
23:47:57.245 [main] DEBUG org.apache.http.headers -- http-outgoing-3 >> Connection: Keep-Alive
23:47:57.245 [main] DEBUG org.apache.http.headers -- http-outgoing-3 >> User-Agent: Apache-HttpClient/4.5.14 (Java/17.0.9)
23:47:57.245 [main] DEBUG org.apache.http.headers -- http-outgoing-3 >> Accept-Encoding: gzip,deflate
23:47:57.245 [main] DEBUG org.apache.http.wire -- http-outgoing-3 >> "GET /posts/feed?page=1 HTTP/1.1[\r][\n]"
23:47:57.245 [main] DEBUG org.apache.http.wire -- http-outgoing-3 >> "Authorization: Bearer eyJhbGciOiJIUzI1NiIsInR5cCI6IkpXVCJ9.eyJzdWIiOiJmNjI4NDUzMi04ZjFlLTRiMDUtYWM1NC1kODAzNzM4NmU4MGMiLCJ1c2VybmFtZSI6InVzZXJubzIiLCJyb2xlIjowLCJpYXQiOjE3NTA2OTQzNTQsImV4cCI6MTc1MDY5Nzk1NH0.cn4pcMTzJbKyd0aw-bN_KvZNRCfEwxef9wljw6vUgkw[\r][\n]"
23:47:57.245 [main] DEBUG org.apache.http.wire -- http-outgoing-3 >> "Host: localhost:3000[\r][\n]"
23:47:57.245 [main] DEBUG org.apache.http.wire -- http-outgoing-3 >> "Connection: Keep-Alive[\r][\n]"
23:47:57.245 [main] DEBUG org.apache.http.wire -- http-outgoing-3 >> "User-Agent: Apache-HttpClient/4.5.14 (Java/17.0.9)[\r][\n]"
23:47:57.245 [main] DEBUG org.apache.http.wire -- http-outgoing-3 >> "Accept-Encoding: gzip,deflate[\r][\n]"
23:47:57.245 [main] DEBUG org.apache.http.wire -- http-outgoing-3 >> "[\r][\n]"
23:47:57.285 [main] DEBUG org.apache.http.wire -- http-outgoing-3 << "HTTP/1.1 400 Bad Request[\r][\n]"
23:47:57.285 [main] DEBUG org.apache.http.wire -- http-outgoing-3 << "X-Powered-By: Express[\r][\n]"
23:47:57.285 [main] DEBUG org.apache.http.wire -- http-outgoing-3 << "Access-Control-Allow-Origin: *[\r][\n]"
23:47:57.285 [main] DEBUG org.apache.http.wire -- http-outgoing-3 << "Content-Type: application/json; charset=utf-8[\r][\n]"
23:47:57.285 [main] DEBUG org.apache.http.wire -- http-outgoing-3 << "Content-Length: 156[\r][\n]"
23:47:57.285 [main] DEBUG org.apache.http.wire -- http-outgoing-3 << "ETag: W/"9c-u2ahyNPUgQJDzPYamJwg+qBjxDQ"[\r][\n]"
23:47:57.285 [main] DEBUG org.apache.http.wire -- http-outgoing-3 << "Date: Mon, 23 Jun 2025 16:47:57 GMT[\r][\n]"
23:47:57.285 [main] DEBUG org.apache.http.wire -- http-outgoing-3 << "Connection: keep-alive[\r][\n]"
23:47:57.285 [main] DEBUG org.apache.http.wire -- http-outgoing-3 << "Keep-Alive: timeout=5[\r][\n]"
23:47:57.286 [main] DEBUG org.apache.http.wire -- http-outgoing-3 << "[\r][\n]"
23:47:57.286 [main] DEBUG org.apache.http.wire -- http-outgoing-3 << "{"success":false,"statusCode":400,"message":"Kh[0xc3][0xb4]ng c[0xc3][0xb3] d[0xe1][0xbb][0xaf] li[0xe1][0xbb][0x87]u [0xc4][0x91][0xc6][0xb0][0xe1][0xbb][0xa3]c g[0xe1][0xbb][0xad]i l[0xc3][0xaa]n","path":"/posts/feed?page=1","timestamp":"2025-06-23T16:47:57.285Z"}"
23:47:57.286 [main] DEBUG org.apache.http.headers -- http-outgoing-3 << HTTP/1.1 400 Bad Request
23:47:57.286 [main] DEBUG org.apache.http.headers -- http-outgoing-3 << X-Powered-By: Express
23:47:57.286 [main] DEBUG org.apache.http.headers -- http-outgoing-3 << Access-Control-Allow-Origin: *
23:47:57.286 [main] DEBUG org.apache.http.headers -- http-outgoing-3 << Content-Type: application/json; charset=utf-8
23:47:57.286 [main] DEBUG org.apache.http.headers -- http-outgoing-3 << Content-Length: 156
23:47:57.286 [main] DEBUG org.apache.http.headers -- http-outgoing-3 << ETag: W/"9c-u2ahyNPUgQJDzPYamJwg+qBjxDQ"
23:47:57.286 [main] DEBUG org.apache.http.headers -- http-outgoing-3 << Date: Mon, 23 Jun 2025 16:47:57 GMT
23:47:57.286 [main] DEBUG org.apache.http.headers -- http-outgoing-3 << Connection: keep-alive
23:47:57.286 [main] DEBUG org.apache.http.headers -- http-outgoing-3 << Keep-Alive: timeout=5
23:47:57.286 [main] DEBUG org.apache.http.impl.execchain.MainClientExec -- Connection can be kept alive for 5000 MILLISECONDS
23:47:57.286 [main] DEBUG org.apache.http.impl.conn.PoolingHttpClientConnectionManager -- Connection [id: 3][route: {}->http://localhost:3000] can be kept alive for 5.0 seconds
23:47:57.286 [main] DEBUG org.apache.http.impl.conn.DefaultManagedHttpClientConnection -- http-outgoing-3: set socket timeout to 0
23:47:57.286 [main] DEBUG org.apache.http.impl.conn.PoolingHttpClientConnectionManager -- Connection released: [id: 3][route: {}->http://localhost:3000][total available: 1; route allocated: 1 of 5; total allocated: 1 of 10]
23:47:57.286 [main] DEBUG org.apache.http.impl.conn.PoolingHttpClientConnectionManager -- Connection manager is shutting down
23:47:57.286 [main] DEBUG org.apache.http.impl.conn.DefaultManagedHttpClientConnection -- http-outgoing-3: Close connection
23:47:57.287 [main] DEBUG org.apache.http.impl.conn.PoolingHttpClientConnectionManager -- Connection manager shut down
23:47:57.287 [main] DEBUG com.intuit.karate -- response time in milliseconds: 45
1 < 400
1 < X-Powered-By: Express
1 < Access-Control-Allow-Origin: *
1 < Content-Type: application/json; charset=utf-8
1 < Content-Length: 156
1 < ETag: W/"9c-u2ahyNPUgQJDzPYamJwg+qBjxDQ"
1 < Date: Mon, 23 Jun 2025 16:47:57 GMT
1 < Connection: keep-alive
1 < Keep-Alive: timeout=5
{
  "success": false,
  "statusCode": 400,
  "message": "Không có d? li?u ???c g?i lên",
  "path": "/posts/feed?page=1",
  "timestamp": "2025-06-23T16:47:57.285Z"
}


23:47:57.290 [main] INFO com.intuit.karate -- [print] Calling getPostsFeed API v?i bearerToken: eyJhbGciOiJIUzI1NiIsInR5cCI6IkpXVCJ9.eyJzdWIiOiJmNjI4NDUzMi04ZjFlLTRiMDUtYWM1NC1kODAzNzM4NmU4MGMiLCJ1c2VybmFtZSI6InVzZXJubzIiLCJyb2xlIjowLCJpYXQiOjE3NTA2OTQzNTQsImV4cCI6MTc1MDY5Nzk1NH0.cn4pcMTzJbKyd0aw-bN_KvZNRCfEwxef9wljw6vUgkw 
23:47:57.291 [main] INFO com.intuit.karate -- [print] Query params: {
  "page": "1"
}
 
23:47:57.291 [main] INFO com.intuit.karate -- [print] Response status: 400 body: {
  "success": false,
  "statusCode": 400,
  "message": "Không có d? li?u ???c g?i lên",
  "path": "/posts/feed?page=1",
  "timestamp": "2025-06-23T16:47:57.285Z"
}
 
23:47:57.293 [main] INFO com.intuit.karate -- ? TEST FAILED - Status mismatch: Expected 200, got 400 
23:47:57.294 [main] INFO com.intuit.karate -- Test case #4 - Status: 400, Result: {"success":false,"statusCode":400,"message":"Không có d? li?u ???c g?i lên","path":"/posts/feed?page=1","timestamp":"2025-06-23T16:47:57.285Z"} 
23:47:57.294 [main] INFO com.intuit.karate -- ?ang ch?y test case #5: Thi?u token xác th?c 
23:47:57.296 [main] INFO com.intuit.karate -- Test case không s? d?ng token 
23:47:57.306 [main] INFO com.intuit.karate -- karate.env system property was: null 
23:47:57.310 [main] DEBUG com.jayway.jsonpath.internal.path.CompiledPath -- Evaluating path: $
23:47:57.333 [main] DEBUG com.jayway.jsonpath.internal.path.CompiledPath -- Evaluating path: $
23:47:57.336 [main] DEBUG org.apache.http.client.protocol.RequestAddCookies -- CookieSpec selected: karate
23:47:57.336 [main] DEBUG org.apache.http.client.protocol.RequestAuthCache -- Auth cache not set in the context
23:47:57.336 [main] DEBUG com.intuit.karate -- request:
1 > GET http://localhost:3000/posts/feed?limit=10&page=1
1 > Authorization: #(Authorization)
1 > Host: localhost:3000
1 > Connection: Keep-Alive
1 > User-Agent: Apache-HttpClient/4.5.14 (Java/17.0.9)
1 > Accept-Encoding: gzip,deflate


23:47:57.336 [main] DEBUG org.apache.http.impl.conn.PoolingHttpClientConnectionManager -- Connection request: [route: {}->http://localhost:3000][total available: 0; route allocated: 0 of 5; total allocated: 0 of 10]
23:47:57.336 [main] DEBUG org.apache.http.impl.conn.PoolingHttpClientConnectionManager -- Connection leased: [id: 4][route: {}->http://localhost:3000][total available: 0; route allocated: 1 of 5; total allocated: 1 of 10]
23:47:57.336 [main] DEBUG org.apache.http.impl.execchain.MainClientExec -- Opening connection {}->http://localhost:3000
23:47:57.338 [main] DEBUG org.apache.http.impl.conn.DefaultHttpClientConnectionOperator -- Connecting to localhost/127.0.0.1:3000
23:47:57.338 [main] DEBUG org.apache.http.impl.conn.DefaultHttpClientConnectionOperator -- Connection established 127.0.0.1:62808<->127.0.0.1:3000
23:47:57.338 [main] DEBUG org.apache.http.impl.conn.DefaultManagedHttpClientConnection -- http-outgoing-4: set socket timeout to 5000
23:47:57.338 [main] DEBUG org.apache.http.impl.execchain.MainClientExec -- Executing request GET /posts/feed?limit=10&page=1 HTTP/1.1
23:47:57.338 [main] DEBUG org.apache.http.impl.execchain.MainClientExec -- Proxy auth state: UNCHALLENGED
23:47:57.338 [main] DEBUG org.apache.http.headers -- http-outgoing-4 >> GET /posts/feed?limit=10&page=1 HTTP/1.1
23:47:57.338 [main] DEBUG org.apache.http.headers -- http-outgoing-4 >> Authorization: #(Authorization)
23:47:57.338 [main] DEBUG org.apache.http.headers -- http-outgoing-4 >> Host: localhost:3000
23:47:57.338 [main] DEBUG org.apache.http.headers -- http-outgoing-4 >> Connection: Keep-Alive
23:47:57.338 [main] DEBUG org.apache.http.headers -- http-outgoing-4 >> User-Agent: Apache-HttpClient/4.5.14 (Java/17.0.9)
23:47:57.339 [main] DEBUG org.apache.http.headers -- http-outgoing-4 >> Accept-Encoding: gzip,deflate
23:47:57.339 [main] DEBUG org.apache.http.wire -- http-outgoing-4 >> "GET /posts/feed?limit=10&page=1 HTTP/1.1[\r][\n]"
23:47:57.339 [main] DEBUG org.apache.http.wire -- http-outgoing-4 >> "Authorization: #(Authorization)[\r][\n]"
23:47:57.339 [main] DEBUG org.apache.http.wire -- http-outgoing-4 >> "Host: localhost:3000[\r][\n]"
23:47:57.339 [main] DEBUG org.apache.http.wire -- http-outgoing-4 >> "Connection: Keep-Alive[\r][\n]"
23:47:57.339 [main] DEBUG org.apache.http.wire -- http-outgoing-4 >> "User-Agent: Apache-HttpClient/4.5.14 (Java/17.0.9)[\r][\n]"
23:47:57.339 [main] DEBUG org.apache.http.wire -- http-outgoing-4 >> "Accept-Encoding: gzip,deflate[\r][\n]"
23:47:57.339 [main] DEBUG org.apache.http.wire -- http-outgoing-4 >> "[\r][\n]"
23:47:57.341 [main] DEBUG org.apache.http.wire -- http-outgoing-4 << "HTTP/1.1 401 Unauthorized[\r][\n]"
23:47:57.341 [main] DEBUG org.apache.http.wire -- http-outgoing-4 << "X-Powered-By: Express[\r][\n]"
23:47:57.341 [main] DEBUG org.apache.http.wire -- http-outgoing-4 << "Access-Control-Allow-Origin: *[\r][\n]"
23:47:57.341 [main] DEBUG org.apache.http.wire -- http-outgoing-4 << "Content-Type: application/json; charset=utf-8[\r][\n]"
23:47:57.341 [main] DEBUG org.apache.http.wire -- http-outgoing-4 << "Content-Length: 135[\r][\n]"
23:47:57.341 [main] DEBUG org.apache.http.wire -- http-outgoing-4 << "ETag: W/"87-YTUsmXHijVu5l3UkPmrfqUgaL2E"[\r][\n]"
23:47:57.341 [main] DEBUG org.apache.http.wire -- http-outgoing-4 << "Date: Mon, 23 Jun 2025 16:47:57 GMT[\r][\n]"
23:47:57.341 [main] DEBUG org.apache.http.wire -- http-outgoing-4 << "Connection: keep-alive[\r][\n]"
23:47:57.341 [main] DEBUG org.apache.http.wire -- http-outgoing-4 << "Keep-Alive: timeout=5[\r][\n]"
23:47:57.341 [main] DEBUG org.apache.http.wire -- http-outgoing-4 << "[\r][\n]"
23:47:57.341 [main] DEBUG org.apache.http.wire -- http-outgoing-4 << "{"success":false,"statusCode":401,"message":"Unauthorized","path":"/posts/feed?limit=10&page=1","timestamp":"2025-06-23T16:47:57.341Z"}"
23:47:57.341 [main] DEBUG org.apache.http.headers -- http-outgoing-4 << HTTP/1.1 401 Unauthorized
23:47:57.341 [main] DEBUG org.apache.http.headers -- http-outgoing-4 << X-Powered-By: Express
23:47:57.341 [main] DEBUG org.apache.http.headers -- http-outgoing-4 << Access-Control-Allow-Origin: *
23:47:57.341 [main] DEBUG org.apache.http.headers -- http-outgoing-4 << Content-Type: application/json; charset=utf-8
23:47:57.341 [main] DEBUG org.apache.http.headers -- http-outgoing-4 << Content-Length: 135
23:47:57.341 [main] DEBUG org.apache.http.headers -- http-outgoing-4 << ETag: W/"87-YTUsmXHijVu5l3UkPmrfqUgaL2E"
23:47:57.341 [main] DEBUG org.apache.http.headers -- http-outgoing-4 << Date: Mon, 23 Jun 2025 16:47:57 GMT
23:47:57.341 [main] DEBUG org.apache.http.headers -- http-outgoing-4 << Connection: keep-alive
23:47:57.341 [main] DEBUG org.apache.http.headers -- http-outgoing-4 << Keep-Alive: timeout=5
23:47:57.343 [main] DEBUG org.apache.http.impl.execchain.MainClientExec -- Connection can be kept alive for 5000 MILLISECONDS
23:47:57.343 [main] DEBUG org.apache.http.impl.auth.HttpAuthenticator -- Authentication required
23:47:57.343 [main] DEBUG org.apache.http.impl.auth.HttpAuthenticator -- localhost:3000 requested authentication
23:47:57.343 [main] DEBUG org.apache.http.impl.auth.HttpAuthenticator -- Response contains no authentication challenges
23:47:57.343 [main] DEBUG org.apache.http.impl.conn.PoolingHttpClientConnectionManager -- Connection [id: 4][route: {}->http://localhost:3000] can be kept alive for 5.0 seconds
23:47:57.343 [main] DEBUG org.apache.http.impl.conn.DefaultManagedHttpClientConnection -- http-outgoing-4: set socket timeout to 0
23:47:57.343 [main] DEBUG org.apache.http.impl.conn.PoolingHttpClientConnectionManager -- Connection released: [id: 4][route: {}->http://localhost:3000][total available: 1; route allocated: 1 of 5; total allocated: 1 of 10]
23:47:57.343 [main] DEBUG org.apache.http.impl.conn.PoolingHttpClientConnectionManager -- Connection manager is shutting down
23:47:57.343 [main] DEBUG org.apache.http.impl.conn.DefaultManagedHttpClientConnection -- http-outgoing-4: Close connection
23:47:57.343 [main] DEBUG org.apache.http.impl.conn.PoolingHttpClientConnectionManager -- Connection manager shut down
23:47:57.344 [main] DEBUG com.intuit.karate -- response time in milliseconds: 7
1 < 401
1 < X-Powered-By: Express
1 < Access-Control-Allow-Origin: *
1 < Content-Type: application/json; charset=utf-8
1 < Content-Length: 135
1 < ETag: W/"87-YTUsmXHijVu5l3UkPmrfqUgaL2E"
1 < Date: Mon, 23 Jun 2025 16:47:57 GMT
1 < Connection: keep-alive
1 < Keep-Alive: timeout=5
{
  "success": false,
  "statusCode": 401,
  "message": "Unauthorized",
  "path": "/posts/feed?limit=10&page=1",
  "timestamp": "2025-06-23T16:47:57.341Z"
}


23:47:57.346 [main] INFO com.intuit.karate -- [print] Calling getPostsFeed API v?i bearerToken:  
23:47:57.347 [main] INFO com.intuit.karate -- [print] Query params: {
  "page": "1",
  "limit": "10"
}
 
23:47:57.347 [main] INFO com.intuit.karate -- [print] Response status: 401 body: {
  "success": false,
  "statusCode": 401,
  "message": "Unauthorized",
  "path": "/posts/feed?limit=10&page=1",
  "timestamp": "2025-06-23T16:47:57.341Z"
}
 
23:47:57.348 [main] INFO com.intuit.karate -- ? TEST PASSED - All validations passed 
23:47:57.348 [main] INFO com.intuit.karate -- Test case #5 - Status: 401, Result: {"success":false,"statusCode":401,"message":"Unauthorized","path":"/posts/feed?limit=10&page=1","timestamp":"2025-06-23T16:47:57.341Z"} 
23:47:57.349 [main] INFO com.intuit.karate -- ?ang ch?y test case #6: Token không h?p l? 
23:47:57.349 [main] INFO com.intuit.karate -- Test case s? d?ng token không h?p l? 
23:47:57.359 [main] INFO com.intuit.karate -- karate.env system property was: null 
23:47:57.362 [main] DEBUG com.jayway.jsonpath.internal.path.CompiledPath -- Evaluating path: $
23:47:57.363 [main] DEBUG com.jayway.jsonpath.internal.path.CompiledPath -- Evaluating path: $
23:47:57.365 [main] DEBUG org.apache.http.client.protocol.RequestAddCookies -- CookieSpec selected: karate
23:47:57.365 [main] DEBUG org.apache.http.client.protocol.RequestAuthCache -- Auth cache not set in the context
23:47:57.365 [main] DEBUG com.intuit.karate -- request:
1 > GET http://localhost:3000/posts/feed?limit=10&page=1
1 > Authorization: Bearer invalid_token_123
1 > Host: localhost:3000
1 > Connection: Keep-Alive
1 > User-Agent: Apache-HttpClient/4.5.14 (Java/17.0.9)
1 > Accept-Encoding: gzip,deflate


23:47:57.366 [main] DEBUG org.apache.http.impl.conn.PoolingHttpClientConnectionManager -- Connection request: [route: {}->http://localhost:3000][total available: 0; route allocated: 0 of 5; total allocated: 0 of 10]
23:47:57.366 [main] DEBUG org.apache.http.impl.conn.PoolingHttpClientConnectionManager -- Connection leased: [id: 5][route: {}->http://localhost:3000][total available: 0; route allocated: 1 of 5; total allocated: 1 of 10]
23:47:57.366 [main] DEBUG org.apache.http.impl.execchain.MainClientExec -- Opening connection {}->http://localhost:3000
23:47:57.366 [main] DEBUG org.apache.http.impl.conn.DefaultHttpClientConnectionOperator -- Connecting to localhost/127.0.0.1:3000
23:47:57.366 [main] DEBUG org.apache.http.impl.conn.DefaultHttpClientConnectionOperator -- Connection established 127.0.0.1:62809<->127.0.0.1:3000
23:47:57.366 [main] DEBUG org.apache.http.impl.conn.DefaultManagedHttpClientConnection -- http-outgoing-5: set socket timeout to 5000
23:47:57.366 [main] DEBUG org.apache.http.impl.execchain.MainClientExec -- Executing request GET /posts/feed?limit=10&page=1 HTTP/1.1
23:47:57.366 [main] DEBUG org.apache.http.impl.execchain.MainClientExec -- Proxy auth state: UNCHALLENGED
23:47:57.366 [main] DEBUG org.apache.http.headers -- http-outgoing-5 >> GET /posts/feed?limit=10&page=1 HTTP/1.1
23:47:57.366 [main] DEBUG org.apache.http.headers -- http-outgoing-5 >> Authorization: Bearer invalid_token_123
23:47:57.366 [main] DEBUG org.apache.http.headers -- http-outgoing-5 >> Host: localhost:3000
23:47:57.368 [main] DEBUG org.apache.http.headers -- http-outgoing-5 >> Connection: Keep-Alive
23:47:57.368 [main] DEBUG org.apache.http.headers -- http-outgoing-5 >> User-Agent: Apache-HttpClient/4.5.14 (Java/17.0.9)
23:47:57.368 [main] DEBUG org.apache.http.headers -- http-outgoing-5 >> Accept-Encoding: gzip,deflate
23:47:57.368 [main] DEBUG org.apache.http.wire -- http-outgoing-5 >> "GET /posts/feed?limit=10&page=1 HTTP/1.1[\r][\n]"
23:47:57.368 [main] DEBUG org.apache.http.wire -- http-outgoing-5 >> "Authorization: Bearer invalid_token_123[\r][\n]"
23:47:57.368 [main] DEBUG org.apache.http.wire -- http-outgoing-5 >> "Host: localhost:3000[\r][\n]"
23:47:57.368 [main] DEBUG org.apache.http.wire -- http-outgoing-5 >> "Connection: Keep-Alive[\r][\n]"
23:47:57.368 [main] DEBUG org.apache.http.wire -- http-outgoing-5 >> "User-Agent: Apache-HttpClient/4.5.14 (Java/17.0.9)[\r][\n]"
23:47:57.368 [main] DEBUG org.apache.http.wire -- http-outgoing-5 >> "Accept-Encoding: gzip,deflate[\r][\n]"
23:47:57.368 [main] DEBUG org.apache.http.wire -- http-outgoing-5 >> "[\r][\n]"
23:47:57.370 [main] DEBUG org.apache.http.wire -- http-outgoing-5 << "HTTP/1.1 401 Unauthorized[\r][\n]"
23:47:57.370 [main] DEBUG org.apache.http.wire -- http-outgoing-5 << "X-Powered-By: Express[\r][\n]"
23:47:57.370 [main] DEBUG org.apache.http.wire -- http-outgoing-5 << "Access-Control-Allow-Origin: *[\r][\n]"
23:47:57.370 [main] DEBUG org.apache.http.wire -- http-outgoing-5 << "Content-Type: application/json; charset=utf-8[\r][\n]"
23:47:57.370 [main] DEBUG org.apache.http.wire -- http-outgoing-5 << "Content-Length: 135[\r][\n]"
23:47:57.370 [main] DEBUG org.apache.http.wire -- http-outgoing-5 << "ETag: W/"87-CaqlVxNpmLR1B4vKFhv74LCpATk"[\r][\n]"
23:47:57.370 [main] DEBUG org.apache.http.wire -- http-outgoing-5 << "Date: Mon, 23 Jun 2025 16:47:57 GMT[\r][\n]"
23:47:57.370 [main] DEBUG org.apache.http.wire -- http-outgoing-5 << "Connection: keep-alive[\r][\n]"
23:47:57.370 [main] DEBUG org.apache.http.wire -- http-outgoing-5 << "Keep-Alive: timeout=5[\r][\n]"
23:47:57.370 [main] DEBUG org.apache.http.wire -- http-outgoing-5 << "[\r][\n]"
23:47:57.370 [main] DEBUG org.apache.http.wire -- http-outgoing-5 << "{"success":false,"statusCode":401,"message":"Unauthorized","path":"/posts/feed?limit=10&page=1","timestamp":"2025-06-23T16:47:57.369Z"}"
23:47:57.370 [main] DEBUG org.apache.http.headers -- http-outgoing-5 << HTTP/1.1 401 Unauthorized
23:47:57.370 [main] DEBUG org.apache.http.headers -- http-outgoing-5 << X-Powered-By: Express
23:47:57.370 [main] DEBUG org.apache.http.headers -- http-outgoing-5 << Access-Control-Allow-Origin: *
23:47:57.370 [main] DEBUG org.apache.http.headers -- http-outgoing-5 << Content-Type: application/json; charset=utf-8
23:47:57.370 [main] DEBUG org.apache.http.headers -- http-outgoing-5 << Content-Length: 135
23:47:57.370 [main] DEBUG org.apache.http.headers -- http-outgoing-5 << ETag: W/"87-CaqlVxNpmLR1B4vKFhv74LCpATk"
23:47:57.370 [main] DEBUG org.apache.http.headers -- http-outgoing-5 << Date: Mon, 23 Jun 2025 16:47:57 GMT
23:47:57.370 [main] DEBUG org.apache.http.headers -- http-outgoing-5 << Connection: keep-alive
23:47:57.370 [main] DEBUG org.apache.http.headers -- http-outgoing-5 << Keep-Alive: timeout=5
23:47:57.370 [main] DEBUG org.apache.http.impl.execchain.MainClientExec -- Connection can be kept alive for 5000 MILLISECONDS
23:47:57.370 [main] DEBUG org.apache.http.impl.auth.HttpAuthenticator -- Authentication required
23:47:57.370 [main] DEBUG org.apache.http.impl.auth.HttpAuthenticator -- localhost:3000 requested authentication
23:47:57.370 [main] DEBUG org.apache.http.impl.auth.HttpAuthenticator -- Response contains no authentication challenges
23:47:57.370 [main] DEBUG org.apache.http.impl.conn.PoolingHttpClientConnectionManager -- Connection [id: 5][route: {}->http://localhost:3000] can be kept alive for 5.0 seconds
23:47:57.370 [main] DEBUG org.apache.http.impl.conn.DefaultManagedHttpClientConnection -- http-outgoing-5: set socket timeout to 0
23:47:57.370 [main] DEBUG org.apache.http.impl.conn.PoolingHttpClientConnectionManager -- Connection released: [id: 5][route: {}->http://localhost:3000][total available: 1; route allocated: 1 of 5; total allocated: 1 of 10]
23:47:57.371 [main] DEBUG org.apache.http.impl.conn.PoolingHttpClientConnectionManager -- Connection manager is shutting down
23:47:57.371 [main] DEBUG org.apache.http.impl.conn.DefaultManagedHttpClientConnection -- http-outgoing-5: Close connection
23:47:57.371 [main] DEBUG org.apache.http.impl.conn.PoolingHttpClientConnectionManager -- Connection manager shut down
23:47:57.371 [main] DEBUG com.intuit.karate -- response time in milliseconds: 5
1 < 401
1 < X-Powered-By: Express
1 < Access-Control-Allow-Origin: *
1 < Content-Type: application/json; charset=utf-8
1 < Content-Length: 135
1 < ETag: W/"87-CaqlVxNpmLR1B4vKFhv74LCpATk"
1 < Date: Mon, 23 Jun 2025 16:47:57 GMT
1 < Connection: keep-alive
1 < Keep-Alive: timeout=5
{
  "success": false,
  "statusCode": 401,
  "message": "Unauthorized",
  "path": "/posts/feed?limit=10&page=1",
  "timestamp": "2025-06-23T16:47:57.369Z"
}


23:47:57.375 [main] INFO com.intuit.karate -- [print] Calling getPostsFeed API v?i bearerToken: invalid_token_123 
23:47:57.376 [main] INFO com.intuit.karate -- [print] Query params: {
  "page": "1",
  "limit": "10"
}
 
23:47:57.376 [main] INFO com.intuit.karate -- [print] Response status: 401 body: {
  "success": false,
  "statusCode": 401,
  "message": "Unauthorized",
  "path": "/posts/feed?limit=10&page=1",
  "timestamp": "2025-06-23T16:47:57.369Z"
}
 
23:47:57.379 [main] INFO com.intuit.karate -- ? TEST PASSED - All validations passed 
23:47:57.379 [main] INFO com.intuit.karate -- Test case #6 - Status: 401, Result: {"success":false,"statusCode":401,"message":"Unauthorized","path":"/posts/feed?limit=10&page=1","timestamp":"2025-06-23T16:47:57.369Z"} 
23:47:57.381 [main] INFO com.intuit.karate -- ?ang ch?y test case #7: Page s? âm 
23:47:57.381 [main] INFO com.intuit.karate -- S? d?ng global bearer token t? config: eyJhbGciOiJIUzI1NiIsInR5cCI6IkpXVCJ9.eyJzdWIiOiJmNjI4NDUzMi04ZjFlLTRiMDUtYWM1NC1kODAzNzM4NmU4MGMiLCJ1c2VybmFtZSI6InVzZXJubzIiLCJyb2xlIjowLCJpYXQiOjE3NTA2OTQzNTQsImV4cCI6MTc1MDY5Nzk1NH0.cn4pcMTzJbKyd0aw-bN_KvZNRCfEwxef9wljw6vUgkw 
23:47:57.399 [main] INFO com.intuit.karate -- karate.env system property was: null 
23:47:57.404 [main] DEBUG com.jayway.jsonpath.internal.path.CompiledPath -- Evaluating path: $
23:47:57.404 [main] DEBUG com.jayway.jsonpath.internal.path.CompiledPath -- Evaluating path: $
23:47:57.406 [main] DEBUG org.apache.http.client.protocol.RequestAddCookies -- CookieSpec selected: karate
23:47:57.406 [main] DEBUG org.apache.http.client.protocol.RequestAuthCache -- Auth cache not set in the context
23:47:57.408 [main] DEBUG com.intuit.karate -- request:
1 > GET http://localhost:3000/posts/feed?limit=10&page=-1
1 > Authorization: Bearer eyJhbGciOiJIUzI1NiIsInR5cCI6IkpXVCJ9.eyJzdWIiOiJmNjI4NDUzMi04ZjFlLTRiMDUtYWM1NC1kODAzNzM4NmU4MGMiLCJ1c2VybmFtZSI6InVzZXJubzIiLCJyb2xlIjowLCJpYXQiOjE3NTA2OTQzNTQsImV4cCI6MTc1MDY5Nzk1NH0.cn4pcMTzJbKyd0aw-bN_KvZNRCfEwxef9wljw6vUgkw
1 > Host: localhost:3000
1 > Connection: Keep-Alive
1 > User-Agent: Apache-HttpClient/4.5.14 (Java/17.0.9)
1 > Accept-Encoding: gzip,deflate


23:47:57.408 [main] DEBUG org.apache.http.impl.conn.PoolingHttpClientConnectionManager -- Connection request: [route: {}->http://localhost:3000][total available: 0; route allocated: 0 of 5; total allocated: 0 of 10]
23:47:57.408 [main] DEBUG org.apache.http.impl.conn.PoolingHttpClientConnectionManager -- Connection leased: [id: 6][route: {}->http://localhost:3000][total available: 0; route allocated: 1 of 5; total allocated: 1 of 10]
23:47:57.408 [main] DEBUG org.apache.http.impl.execchain.MainClientExec -- Opening connection {}->http://localhost:3000
23:47:57.408 [main] DEBUG org.apache.http.impl.conn.DefaultHttpClientConnectionOperator -- Connecting to localhost/127.0.0.1:3000
23:47:57.409 [main] DEBUG org.apache.http.impl.conn.DefaultHttpClientConnectionOperator -- Connection established 127.0.0.1:62810<->127.0.0.1:3000
23:47:57.409 [main] DEBUG org.apache.http.impl.conn.DefaultManagedHttpClientConnection -- http-outgoing-6: set socket timeout to 5000
23:47:57.409 [main] DEBUG org.apache.http.impl.execchain.MainClientExec -- Executing request GET /posts/feed?limit=10&page=-1 HTTP/1.1
23:47:57.409 [main] DEBUG org.apache.http.impl.execchain.MainClientExec -- Proxy auth state: UNCHALLENGED
23:47:57.409 [main] DEBUG org.apache.http.headers -- http-outgoing-6 >> GET /posts/feed?limit=10&page=-1 HTTP/1.1
23:47:57.409 [main] DEBUG org.apache.http.headers -- http-outgoing-6 >> Authorization: Bearer eyJhbGciOiJIUzI1NiIsInR5cCI6IkpXVCJ9.eyJzdWIiOiJmNjI4NDUzMi04ZjFlLTRiMDUtYWM1NC1kODAzNzM4NmU4MGMiLCJ1c2VybmFtZSI6InVzZXJubzIiLCJyb2xlIjowLCJpYXQiOjE3NTA2OTQzNTQsImV4cCI6MTc1MDY5Nzk1NH0.cn4pcMTzJbKyd0aw-bN_KvZNRCfEwxef9wljw6vUgkw
23:47:57.409 [main] DEBUG org.apache.http.headers -- http-outgoing-6 >> Host: localhost:3000
23:47:57.409 [main] DEBUG org.apache.http.headers -- http-outgoing-6 >> Connection: Keep-Alive
23:47:57.409 [main] DEBUG org.apache.http.headers -- http-outgoing-6 >> User-Agent: Apache-HttpClient/4.5.14 (Java/17.0.9)
23:47:57.409 [main] DEBUG org.apache.http.headers -- http-outgoing-6 >> Accept-Encoding: gzip,deflate
23:47:57.409 [main] DEBUG org.apache.http.wire -- http-outgoing-6 >> "GET /posts/feed?limit=10&page=-1 HTTP/1.1[\r][\n]"
23:47:57.410 [main] DEBUG org.apache.http.wire -- http-outgoing-6 >> "Authorization: Bearer eyJhbGciOiJIUzI1NiIsInR5cCI6IkpXVCJ9.eyJzdWIiOiJmNjI4NDUzMi04ZjFlLTRiMDUtYWM1NC1kODAzNzM4NmU4MGMiLCJ1c2VybmFtZSI6InVzZXJubzIiLCJyb2xlIjowLCJpYXQiOjE3NTA2OTQzNTQsImV4cCI6MTc1MDY5Nzk1NH0.cn4pcMTzJbKyd0aw-bN_KvZNRCfEwxef9wljw6vUgkw[\r][\n]"
23:47:57.410 [main] DEBUG org.apache.http.wire -- http-outgoing-6 >> "Host: localhost:3000[\r][\n]"
23:47:57.410 [main] DEBUG org.apache.http.wire -- http-outgoing-6 >> "Connection: Keep-Alive[\r][\n]"
23:47:57.410 [main] DEBUG org.apache.http.wire -- http-outgoing-6 >> "User-Agent: Apache-HttpClient/4.5.14 (Java/17.0.9)[\r][\n]"
23:47:57.410 [main] DEBUG org.apache.http.wire -- http-outgoing-6 >> "Accept-Encoding: gzip,deflate[\r][\n]"
23:47:57.410 [main] DEBUG org.apache.http.wire -- http-outgoing-6 >> "[\r][\n]"
23:47:57.555 [main] DEBUG org.apache.http.wire -- http-outgoing-6 << "HTTP/1.1 200 OK[\r][\n]"
23:47:57.555 [main] DEBUG org.apache.http.wire -- http-outgoing-6 << "X-Powered-By: Express[\r][\n]"
23:47:57.555 [main] DEBUG org.apache.http.wire -- http-outgoing-6 << "Access-Control-Allow-Origin: *[\r][\n]"
23:47:57.555 [main] DEBUG org.apache.http.wire -- http-outgoing-6 << "Content-Type: application/json; charset=utf-8[\r][\n]"
23:47:57.555 [main] DEBUG org.apache.http.wire -- http-outgoing-6 << "Content-Length: 64[\r][\n]"
23:47:57.555 [main] DEBUG org.apache.http.wire -- http-outgoing-6 << "ETag: W/"40-QKGrNuSvhxBhDWq7IF5CIJDpZK4"[\r][\n]"
23:47:57.555 [main] DEBUG org.apache.http.wire -- http-outgoing-6 << "Date: Mon, 23 Jun 2025 16:47:57 GMT[\r][\n]"
23:47:57.555 [main] DEBUG org.apache.http.wire -- http-outgoing-6 << "Connection: keep-alive[\r][\n]"
23:47:57.555 [main] DEBUG org.apache.http.wire -- http-outgoing-6 << "Keep-Alive: timeout=5[\r][\n]"
23:47:57.555 [main] DEBUG org.apache.http.wire -- http-outgoing-6 << "[\r][\n]"
23:47:57.555 [main] DEBUG org.apache.http.wire -- http-outgoing-6 << "{"message":"Feed","statusCode":200,"status":"success","data":[]}"
23:47:57.555 [main] DEBUG org.apache.http.headers -- http-outgoing-6 << HTTP/1.1 200 OK
23:47:57.555 [main] DEBUG org.apache.http.headers -- http-outgoing-6 << X-Powered-By: Express
23:47:57.555 [main] DEBUG org.apache.http.headers -- http-outgoing-6 << Access-Control-Allow-Origin: *
23:47:57.555 [main] DEBUG org.apache.http.headers -- http-outgoing-6 << Content-Type: application/json; charset=utf-8
23:47:57.555 [main] DEBUG org.apache.http.headers -- http-outgoing-6 << Content-Length: 64
23:47:57.555 [main] DEBUG org.apache.http.headers -- http-outgoing-6 << ETag: W/"40-QKGrNuSvhxBhDWq7IF5CIJDpZK4"
23:47:57.555 [main] DEBUG org.apache.http.headers -- http-outgoing-6 << Date: Mon, 23 Jun 2025 16:47:57 GMT
23:47:57.555 [main] DEBUG org.apache.http.headers -- http-outgoing-6 << Connection: keep-alive
23:47:57.555 [main] DEBUG org.apache.http.headers -- http-outgoing-6 << Keep-Alive: timeout=5
23:47:57.555 [main] DEBUG org.apache.http.impl.execchain.MainClientExec -- Connection can be kept alive for 5000 MILLISECONDS
23:47:57.555 [main] DEBUG org.apache.http.impl.conn.PoolingHttpClientConnectionManager -- Connection [id: 6][route: {}->http://localhost:3000] can be kept alive for 5.0 seconds
23:47:57.555 [main] DEBUG org.apache.http.impl.conn.DefaultManagedHttpClientConnection -- http-outgoing-6: set socket timeout to 0
23:47:57.556 [main] DEBUG org.apache.http.impl.conn.PoolingHttpClientConnectionManager -- Connection released: [id: 6][route: {}->http://localhost:3000][total available: 1; route allocated: 1 of 5; total allocated: 1 of 10]
23:47:57.556 [main] DEBUG org.apache.http.impl.conn.PoolingHttpClientConnectionManager -- Connection manager is shutting down
23:47:57.556 [main] DEBUG org.apache.http.impl.conn.DefaultManagedHttpClientConnection -- http-outgoing-6: Close connection
23:47:57.556 [main] DEBUG org.apache.http.impl.conn.PoolingHttpClientConnectionManager -- Connection manager shut down
23:47:57.556 [main] DEBUG com.intuit.karate -- response time in milliseconds: 148
1 < 200
1 < X-Powered-By: Express
1 < Access-Control-Allow-Origin: *
1 < Content-Type: application/json; charset=utf-8
1 < Content-Length: 64
1 < ETag: W/"40-QKGrNuSvhxBhDWq7IF5CIJDpZK4"
1 < Date: Mon, 23 Jun 2025 16:47:57 GMT
1 < Connection: keep-alive
1 < Keep-Alive: timeout=5
{
  "message": "Feed",
  "statusCode": 200,
  "status": "success",
  "data": [
  ]
}


23:47:57.558 [main] INFO com.intuit.karate -- [print] Calling getPostsFeed API v?i bearerToken: eyJhbGciOiJIUzI1NiIsInR5cCI6IkpXVCJ9.eyJzdWIiOiJmNjI4NDUzMi04ZjFlLTRiMDUtYWM1NC1kODAzNzM4NmU4MGMiLCJ1c2VybmFtZSI6InVzZXJubzIiLCJyb2xlIjowLCJpYXQiOjE3NTA2OTQzNTQsImV4cCI6MTc1MDY5Nzk1NH0.cn4pcMTzJbKyd0aw-bN_KvZNRCfEwxef9wljw6vUgkw 
23:47:57.558 [main] INFO com.intuit.karate -- [print] Query params: {
  "page": "-1",
  "limit": "10"
}
 
23:47:57.559 [main] INFO com.intuit.karate -- [print] Response status: 200 body: {
  "message": "Feed",
  "statusCode": 200,
  "status": "success",
  "data": [
  ]
}
 
23:47:57.560 [main] INFO com.intuit.karate -- ? TEST FAILED - Status mismatch: Expected 400, got 200 
23:47:57.560 [main] INFO com.intuit.karate -- Test case #7 - Status: 200, Result: {"message":"Feed","statusCode":200,"status":"success","data":[]} 
23:47:57.560 [main] INFO com.intuit.karate -- ?ang ch?y test case #8: Limit s? âm 
23:47:57.561 [main] INFO com.intuit.karate -- S? d?ng global bearer token t? config: eyJhbGciOiJIUzI1NiIsInR5cCI6IkpXVCJ9.eyJzdWIiOiJmNjI4NDUzMi04ZjFlLTRiMDUtYWM1NC1kODAzNzM4NmU4MGMiLCJ1c2VybmFtZSI6InVzZXJubzIiLCJyb2xlIjowLCJpYXQiOjE3NTA2OTQzNTQsImV4cCI6MTc1MDY5Nzk1NH0.cn4pcMTzJbKyd0aw-bN_KvZNRCfEwxef9wljw6vUgkw 
23:47:57.569 [main] INFO com.intuit.karate -- karate.env system property was: null 
23:47:57.570 [main] DEBUG com.jayway.jsonpath.internal.path.CompiledPath -- Evaluating path: $
23:47:57.570 [main] DEBUG com.jayway.jsonpath.internal.path.CompiledPath -- Evaluating path: $
23:47:57.572 [main] DEBUG org.apache.http.client.protocol.RequestAddCookies -- CookieSpec selected: karate
23:47:57.572 [main] DEBUG org.apache.http.client.protocol.RequestAuthCache -- Auth cache not set in the context
23:47:57.572 [main] DEBUG com.intuit.karate -- request:
1 > GET http://localhost:3000/posts/feed?limit=-5&page=1
1 > Authorization: Bearer eyJhbGciOiJIUzI1NiIsInR5cCI6IkpXVCJ9.eyJzdWIiOiJmNjI4NDUzMi04ZjFlLTRiMDUtYWM1NC1kODAzNzM4NmU4MGMiLCJ1c2VybmFtZSI6InVzZXJubzIiLCJyb2xlIjowLCJpYXQiOjE3NTA2OTQzNTQsImV4cCI6MTc1MDY5Nzk1NH0.cn4pcMTzJbKyd0aw-bN_KvZNRCfEwxef9wljw6vUgkw
1 > Host: localhost:3000
1 > Connection: Keep-Alive
1 > User-Agent: Apache-HttpClient/4.5.14 (Java/17.0.9)
1 > Accept-Encoding: gzip,deflate


23:47:57.572 [main] DEBUG org.apache.http.impl.conn.PoolingHttpClientConnectionManager -- Connection request: [route: {}->http://localhost:3000][total available: 0; route allocated: 0 of 5; total allocated: 0 of 10]
23:47:57.572 [main] DEBUG org.apache.http.impl.conn.PoolingHttpClientConnectionManager -- Connection leased: [id: 7][route: {}->http://localhost:3000][total available: 0; route allocated: 1 of 5; total allocated: 1 of 10]
23:47:57.572 [main] DEBUG org.apache.http.impl.execchain.MainClientExec -- Opening connection {}->http://localhost:3000
23:47:57.573 [main] DEBUG org.apache.http.impl.conn.DefaultHttpClientConnectionOperator -- Connecting to localhost/127.0.0.1:3000
23:47:57.573 [main] DEBUG org.apache.http.impl.conn.DefaultHttpClientConnectionOperator -- Connection established 127.0.0.1:62811<->127.0.0.1:3000
23:47:57.573 [main] DEBUG org.apache.http.impl.conn.DefaultManagedHttpClientConnection -- http-outgoing-7: set socket timeout to 5000
23:47:57.573 [main] DEBUG org.apache.http.impl.execchain.MainClientExec -- Executing request GET /posts/feed?limit=-5&page=1 HTTP/1.1
23:47:57.573 [main] DEBUG org.apache.http.impl.execchain.MainClientExec -- Proxy auth state: UNCHALLENGED
23:47:57.573 [main] DEBUG org.apache.http.headers -- http-outgoing-7 >> GET /posts/feed?limit=-5&page=1 HTTP/1.1
23:47:57.573 [main] DEBUG org.apache.http.headers -- http-outgoing-7 >> Authorization: Bearer eyJhbGciOiJIUzI1NiIsInR5cCI6IkpXVCJ9.eyJzdWIiOiJmNjI4NDUzMi04ZjFlLTRiMDUtYWM1NC1kODAzNzM4NmU4MGMiLCJ1c2VybmFtZSI6InVzZXJubzIiLCJyb2xlIjowLCJpYXQiOjE3NTA2OTQzNTQsImV4cCI6MTc1MDY5Nzk1NH0.cn4pcMTzJbKyd0aw-bN_KvZNRCfEwxef9wljw6vUgkw
23:47:57.573 [main] DEBUG org.apache.http.headers -- http-outgoing-7 >> Host: localhost:3000
23:47:57.573 [main] DEBUG org.apache.http.headers -- http-outgoing-7 >> Connection: Keep-Alive
23:47:57.573 [main] DEBUG org.apache.http.headers -- http-outgoing-7 >> User-Agent: Apache-HttpClient/4.5.14 (Java/17.0.9)
23:47:57.573 [main] DEBUG org.apache.http.headers -- http-outgoing-7 >> Accept-Encoding: gzip,deflate
23:47:57.573 [main] DEBUG org.apache.http.wire -- http-outgoing-7 >> "GET /posts/feed?limit=-5&page=1 HTTP/1.1[\r][\n]"
23:47:57.573 [main] DEBUG org.apache.http.wire -- http-outgoing-7 >> "Authorization: Bearer eyJhbGciOiJIUzI1NiIsInR5cCI6IkpXVCJ9.eyJzdWIiOiJmNjI4NDUzMi04ZjFlLTRiMDUtYWM1NC1kODAzNzM4NmU4MGMiLCJ1c2VybmFtZSI6InVzZXJubzIiLCJyb2xlIjowLCJpYXQiOjE3NTA2OTQzNTQsImV4cCI6MTc1MDY5Nzk1NH0.cn4pcMTzJbKyd0aw-bN_KvZNRCfEwxef9wljw6vUgkw[\r][\n]"
23:47:57.573 [main] DEBUG org.apache.http.wire -- http-outgoing-7 >> "Host: localhost:3000[\r][\n]"
23:47:57.573 [main] DEBUG org.apache.http.wire -- http-outgoing-7 >> "Connection: Keep-Alive[\r][\n]"
23:47:57.573 [main] DEBUG org.apache.http.wire -- http-outgoing-7 >> "User-Agent: Apache-HttpClient/4.5.14 (Java/17.0.9)[\r][\n]"
23:47:57.573 [main] DEBUG org.apache.http.wire -- http-outgoing-7 >> "Accept-Encoding: gzip,deflate[\r][\n]"
23:47:57.573 [main] DEBUG org.apache.http.wire -- http-outgoing-7 >> "[\r][\n]"
23:47:57.788 [main] DEBUG org.apache.http.wire -- http-outgoing-7 << "HTTP/1.1 200 OK[\r][\n]"
23:47:57.788 [main] DEBUG org.apache.http.wire -- http-outgoing-7 << "X-Powered-By: Express[\r][\n]"
23:47:57.788 [main] DEBUG org.apache.http.wire -- http-outgoing-7 << "Access-Control-Allow-Origin: *[\r][\n]"
23:47:57.788 [main] DEBUG org.apache.http.wire -- http-outgoing-7 << "Content-Type: application/json; charset=utf-8[\r][\n]"
23:47:57.788 [main] DEBUG org.apache.http.wire -- http-outgoing-7 << "Content-Length: 64[\r][\n]"
23:47:57.788 [main] DEBUG org.apache.http.wire -- http-outgoing-7 << "ETag: W/"40-QKGrNuSvhxBhDWq7IF5CIJDpZK4"[\r][\n]"
23:47:57.789 [main] DEBUG org.apache.http.wire -- http-outgoing-7 << "Date: Mon, 23 Jun 2025 16:47:57 GMT[\r][\n]"
23:47:57.789 [main] DEBUG org.apache.http.wire -- http-outgoing-7 << "Connection: keep-alive[\r][\n]"
23:47:57.789 [main] DEBUG org.apache.http.wire -- http-outgoing-7 << "Keep-Alive: timeout=5[\r][\n]"
23:47:57.789 [main] DEBUG org.apache.http.wire -- http-outgoing-7 << "[\r][\n]"
23:47:57.789 [main] DEBUG org.apache.http.wire -- http-outgoing-7 << "{"message":"Feed","statusCode":200,"status":"success","data":[]}"
23:47:57.789 [main] DEBUG org.apache.http.headers -- http-outgoing-7 << HTTP/1.1 200 OK
23:47:57.789 [main] DEBUG org.apache.http.headers -- http-outgoing-7 << X-Powered-By: Express
23:47:57.789 [main] DEBUG org.apache.http.headers -- http-outgoing-7 << Access-Control-Allow-Origin: *
23:47:57.789 [main] DEBUG org.apache.http.headers -- http-outgoing-7 << Content-Type: application/json; charset=utf-8
23:47:57.789 [main] DEBUG org.apache.http.headers -- http-outgoing-7 << Content-Length: 64
23:47:57.789 [main] DEBUG org.apache.http.headers -- http-outgoing-7 << ETag: W/"40-QKGrNuSvhxBhDWq7IF5CIJDpZK4"
23:47:57.789 [main] DEBUG org.apache.http.headers -- http-outgoing-7 << Date: Mon, 23 Jun 2025 16:47:57 GMT
23:47:57.789 [main] DEBUG org.apache.http.headers -- http-outgoing-7 << Connection: keep-alive
23:47:57.789 [main] DEBUG org.apache.http.headers -- http-outgoing-7 << Keep-Alive: timeout=5
23:47:57.789 [main] DEBUG org.apache.http.impl.execchain.MainClientExec -- Connection can be kept alive for 5000 MILLISECONDS
23:47:57.789 [main] DEBUG org.apache.http.impl.conn.PoolingHttpClientConnectionManager -- Connection [id: 7][route: {}->http://localhost:3000] can be kept alive for 5.0 seconds
23:47:57.789 [main] DEBUG org.apache.http.impl.conn.DefaultManagedHttpClientConnection -- http-outgoing-7: set socket timeout to 0
23:47:57.789 [main] DEBUG org.apache.http.impl.conn.PoolingHttpClientConnectionManager -- Connection released: [id: 7][route: {}->http://localhost:3000][total available: 1; route allocated: 1 of 5; total allocated: 1 of 10]
23:47:57.789 [main] DEBUG org.apache.http.impl.conn.PoolingHttpClientConnectionManager -- Connection manager is shutting down
23:47:57.790 [main] DEBUG org.apache.http.impl.conn.DefaultManagedHttpClientConnection -- http-outgoing-7: Close connection
23:47:57.790 [main] DEBUG org.apache.http.impl.conn.PoolingHttpClientConnectionManager -- Connection manager shut down
23:47:57.790 [main] DEBUG com.intuit.karate -- response time in milliseconds: 217
1 < 200
1 < X-Powered-By: Express
1 < Access-Control-Allow-Origin: *
1 < Content-Type: application/json; charset=utf-8
1 < Content-Length: 64
1 < ETag: W/"40-QKGrNuSvhxBhDWq7IF5CIJDpZK4"
1 < Date: Mon, 23 Jun 2025 16:47:57 GMT
1 < Connection: keep-alive
1 < Keep-Alive: timeout=5
{
  "message": "Feed",
  "statusCode": 200,
  "status": "success",
  "data": [
  ]
}


23:47:57.792 [main] INFO com.intuit.karate -- [print] Calling getPostsFeed API v?i bearerToken: eyJhbGciOiJIUzI1NiIsInR5cCI6IkpXVCJ9.eyJzdWIiOiJmNjI4NDUzMi04ZjFlLTRiMDUtYWM1NC1kODAzNzM4NmU4MGMiLCJ1c2VybmFtZSI6InVzZXJubzIiLCJyb2xlIjowLCJpYXQiOjE3NTA2OTQzNTQsImV4cCI6MTc1MDY5Nzk1NH0.cn4pcMTzJbKyd0aw-bN_KvZNRCfEwxef9wljw6vUgkw 
23:47:57.793 [main] INFO com.intuit.karate -- [print] Query params: {
  "page": "1",
  "limit": "-5"
}
 
23:47:57.794 [main] INFO com.intuit.karate -- [print] Response status: 200 body: {
  "message": "Feed",
  "statusCode": 200,
  "status": "success",
  "data": [
  ]
}
 
23:47:57.795 [main] INFO com.intuit.karate -- ? TEST FAILED - Status mismatch: Expected 400, got 200 
23:47:57.796 [main] INFO com.intuit.karate -- Test case #8 - Status: 200, Result: {"message":"Feed","statusCode":200,"status":"success","data":[]} 
23:47:57.796 [main] INFO com.intuit.karate -- ?ang ch?y test case #9: Page = 0 
23:47:57.796 [main] INFO com.intuit.karate -- S? d?ng global bearer token t? config: eyJhbGciOiJIUzI1NiIsInR5cCI6IkpXVCJ9.eyJzdWIiOiJmNjI4NDUzMi04ZjFlLTRiMDUtYWM1NC1kODAzNzM4NmU4MGMiLCJ1c2VybmFtZSI6InVzZXJubzIiLCJyb2xlIjowLCJpYXQiOjE3NTA2OTQzNTQsImV4cCI6MTc1MDY5Nzk1NH0.cn4pcMTzJbKyd0aw-bN_KvZNRCfEwxef9wljw6vUgkw 
23:47:57.808 [main] INFO com.intuit.karate -- karate.env system property was: null 
23:47:57.811 [main] DEBUG com.jayway.jsonpath.internal.path.CompiledPath -- Evaluating path: $
23:47:57.811 [main] DEBUG com.jayway.jsonpath.internal.path.CompiledPath -- Evaluating path: $
23:47:57.813 [main] DEBUG org.apache.http.client.protocol.RequestAddCookies -- CookieSpec selected: karate
23:47:57.813 [main] DEBUG org.apache.http.client.protocol.RequestAuthCache -- Auth cache not set in the context
23:47:57.813 [main] DEBUG com.intuit.karate -- request:
1 > GET http://localhost:3000/posts/feed?limit=10&page=0
1 > Authorization: Bearer eyJhbGciOiJIUzI1NiIsInR5cCI6IkpXVCJ9.eyJzdWIiOiJmNjI4NDUzMi04ZjFlLTRiMDUtYWM1NC1kODAzNzM4NmU4MGMiLCJ1c2VybmFtZSI6InVzZXJubzIiLCJyb2xlIjowLCJpYXQiOjE3NTA2OTQzNTQsImV4cCI6MTc1MDY5Nzk1NH0.cn4pcMTzJbKyd0aw-bN_KvZNRCfEwxef9wljw6vUgkw
1 > Host: localhost:3000
1 > Connection: Keep-Alive
1 > User-Agent: Apache-HttpClient/4.5.14 (Java/17.0.9)
1 > Accept-Encoding: gzip,deflate


23:47:57.813 [main] DEBUG org.apache.http.impl.conn.PoolingHttpClientConnectionManager -- Connection request: [route: {}->http://localhost:3000][total available: 0; route allocated: 0 of 5; total allocated: 0 of 10]
23:47:57.813 [main] DEBUG org.apache.http.impl.conn.PoolingHttpClientConnectionManager -- Connection leased: [id: 8][route: {}->http://localhost:3000][total available: 0; route allocated: 1 of 5; total allocated: 1 of 10]
23:47:57.813 [main] DEBUG org.apache.http.impl.execchain.MainClientExec -- Opening connection {}->http://localhost:3000
23:47:57.814 [main] DEBUG org.apache.http.impl.conn.DefaultHttpClientConnectionOperator -- Connecting to localhost/127.0.0.1:3000
23:47:57.814 [main] DEBUG org.apache.http.impl.conn.DefaultHttpClientConnectionOperator -- Connection established 127.0.0.1:62812<->127.0.0.1:3000
23:47:57.814 [main] DEBUG org.apache.http.impl.conn.DefaultManagedHttpClientConnection -- http-outgoing-8: set socket timeout to 5000
23:47:57.814 [main] DEBUG org.apache.http.impl.execchain.MainClientExec -- Executing request GET /posts/feed?limit=10&page=0 HTTP/1.1
23:47:57.814 [main] DEBUG org.apache.http.impl.execchain.MainClientExec -- Proxy auth state: UNCHALLENGED
23:47:57.814 [main] DEBUG org.apache.http.headers -- http-outgoing-8 >> GET /posts/feed?limit=10&page=0 HTTP/1.1
23:47:57.814 [main] DEBUG org.apache.http.headers -- http-outgoing-8 >> Authorization: Bearer eyJhbGciOiJIUzI1NiIsInR5cCI6IkpXVCJ9.eyJzdWIiOiJmNjI4NDUzMi04ZjFlLTRiMDUtYWM1NC1kODAzNzM4NmU4MGMiLCJ1c2VybmFtZSI6InVzZXJubzIiLCJyb2xlIjowLCJpYXQiOjE3NTA2OTQzNTQsImV4cCI6MTc1MDY5Nzk1NH0.cn4pcMTzJbKyd0aw-bN_KvZNRCfEwxef9wljw6vUgkw
23:47:57.814 [main] DEBUG org.apache.http.headers -- http-outgoing-8 >> Host: localhost:3000
23:47:57.814 [main] DEBUG org.apache.http.headers -- http-outgoing-8 >> Connection: Keep-Alive
23:47:57.814 [main] DEBUG org.apache.http.headers -- http-outgoing-8 >> User-Agent: Apache-HttpClient/4.5.14 (Java/17.0.9)
23:47:57.814 [main] DEBUG org.apache.http.headers -- http-outgoing-8 >> Accept-Encoding: gzip,deflate
23:47:57.814 [main] DEBUG org.apache.http.wire -- http-outgoing-8 >> "GET /posts/feed?limit=10&page=0 HTTP/1.1[\r][\n]"
23:47:57.814 [main] DEBUG org.apache.http.wire -- http-outgoing-8 >> "Authorization: Bearer eyJhbGciOiJIUzI1NiIsInR5cCI6IkpXVCJ9.eyJzdWIiOiJmNjI4NDUzMi04ZjFlLTRiMDUtYWM1NC1kODAzNzM4NmU4MGMiLCJ1c2VybmFtZSI6InVzZXJubzIiLCJyb2xlIjowLCJpYXQiOjE3NTA2OTQzNTQsImV4cCI6MTc1MDY5Nzk1NH0.cn4pcMTzJbKyd0aw-bN_KvZNRCfEwxef9wljw6vUgkw[\r][\n]"
23:47:57.815 [main] DEBUG org.apache.http.wire -- http-outgoing-8 >> "Host: localhost:3000[\r][\n]"
23:47:57.815 [main] DEBUG org.apache.http.wire -- http-outgoing-8 >> "Connection: Keep-Alive[\r][\n]"
23:47:57.815 [main] DEBUG org.apache.http.wire -- http-outgoing-8 >> "User-Agent: Apache-HttpClient/4.5.14 (Java/17.0.9)[\r][\n]"
23:47:57.815 [main] DEBUG org.apache.http.wire -- http-outgoing-8 >> "Accept-Encoding: gzip,deflate[\r][\n]"
23:47:57.815 [main] DEBUG org.apache.http.wire -- http-outgoing-8 >> "[\r][\n]"
23:47:57.980 [main] DEBUG org.apache.http.wire -- http-outgoing-8 << "HTTP/1.1 200 OK[\r][\n]"
23:47:57.980 [main] DEBUG org.apache.http.wire -- http-outgoing-8 << "X-Powered-By: Express[\r][\n]"
23:47:57.980 [main] DEBUG org.apache.http.wire -- http-outgoing-8 << "Access-Control-Allow-Origin: *[\r][\n]"
23:47:57.980 [main] DEBUG org.apache.http.wire -- http-outgoing-8 << "Content-Type: application/json; charset=utf-8[\r][\n]"
23:47:57.980 [main] DEBUG org.apache.http.wire -- http-outgoing-8 << "Content-Length: 64[\r][\n]"
23:47:57.980 [main] DEBUG org.apache.http.wire -- http-outgoing-8 << "ETag: W/"40-QKGrNuSvhxBhDWq7IF5CIJDpZK4"[\r][\n]"
23:47:57.980 [main] DEBUG org.apache.http.wire -- http-outgoing-8 << "Date: Mon, 23 Jun 2025 16:47:57 GMT[\r][\n]"
23:47:57.980 [main] DEBUG org.apache.http.wire -- http-outgoing-8 << "Connection: keep-alive[\r][\n]"
23:47:57.980 [main] DEBUG org.apache.http.wire -- http-outgoing-8 << "Keep-Alive: timeout=5[\r][\n]"
23:47:57.980 [main] DEBUG org.apache.http.wire -- http-outgoing-8 << "[\r][\n]"
23:47:57.980 [main] DEBUG org.apache.http.wire -- http-outgoing-8 << "{"message":"Feed","statusCode":200,"status":"success","data":[]}"
23:47:57.980 [main] DEBUG org.apache.http.headers -- http-outgoing-8 << HTTP/1.1 200 OK
23:47:57.980 [main] DEBUG org.apache.http.headers -- http-outgoing-8 << X-Powered-By: Express
23:47:57.980 [main] DEBUG org.apache.http.headers -- http-outgoing-8 << Access-Control-Allow-Origin: *
23:47:57.980 [main] DEBUG org.apache.http.headers -- http-outgoing-8 << Content-Type: application/json; charset=utf-8
23:47:57.980 [main] DEBUG org.apache.http.headers -- http-outgoing-8 << Content-Length: 64
23:47:57.980 [main] DEBUG org.apache.http.headers -- http-outgoing-8 << ETag: W/"40-QKGrNuSvhxBhDWq7IF5CIJDpZK4"
23:47:57.980 [main] DEBUG org.apache.http.headers -- http-outgoing-8 << Date: Mon, 23 Jun 2025 16:47:57 GMT
23:47:57.980 [main] DEBUG org.apache.http.headers -- http-outgoing-8 << Connection: keep-alive
23:47:57.980 [main] DEBUG org.apache.http.headers -- http-outgoing-8 << Keep-Alive: timeout=5
23:47:57.981 [main] DEBUG org.apache.http.impl.execchain.MainClientExec -- Connection can be kept alive for 5000 MILLISECONDS
23:47:57.981 [main] DEBUG org.apache.http.impl.conn.PoolingHttpClientConnectionManager -- Connection [id: 8][route: {}->http://localhost:3000] can be kept alive for 5.0 seconds
23:47:57.981 [main] DEBUG org.apache.http.impl.conn.DefaultManagedHttpClientConnection -- http-outgoing-8: set socket timeout to 0
23:47:57.981 [main] DEBUG org.apache.http.impl.conn.PoolingHttpClientConnectionManager -- Connection released: [id: 8][route: {}->http://localhost:3000][total available: 1; route allocated: 1 of 5; total allocated: 1 of 10]
23:47:57.981 [main] DEBUG org.apache.http.impl.conn.PoolingHttpClientConnectionManager -- Connection manager is shutting down
23:47:57.981 [main] DEBUG org.apache.http.impl.conn.DefaultManagedHttpClientConnection -- http-outgoing-8: Close connection
23:47:57.981 [main] DEBUG org.apache.http.impl.conn.PoolingHttpClientConnectionManager -- Connection manager shut down
23:47:57.981 [main] DEBUG com.intuit.karate -- response time in milliseconds: 168
1 < 200
1 < X-Powered-By: Express
1 < Access-Control-Allow-Origin: *
1 < Content-Type: application/json; charset=utf-8
1 < Content-Length: 64
1 < ETag: W/"40-QKGrNuSvhxBhDWq7IF5CIJDpZK4"
1 < Date: Mon, 23 Jun 2025 16:47:57 GMT
1 < Connection: keep-alive
1 < Keep-Alive: timeout=5
{
  "message": "Feed",
  "statusCode": 200,
  "status": "success",
  "data": [
  ]
}


23:47:57.982 [main] INFO com.intuit.karate -- [print] Calling getPostsFeed API v?i bearerToken: eyJhbGciOiJIUzI1NiIsInR5cCI6IkpXVCJ9.eyJzdWIiOiJmNjI4NDUzMi04ZjFlLTRiMDUtYWM1NC1kODAzNzM4NmU4MGMiLCJ1c2VybmFtZSI6InVzZXJubzIiLCJyb2xlIjowLCJpYXQiOjE3NTA2OTQzNTQsImV4cCI6MTc1MDY5Nzk1NH0.cn4pcMTzJbKyd0aw-bN_KvZNRCfEwxef9wljw6vUgkw 
23:47:57.982 [main] INFO com.intuit.karate -- [print] Query params: {
  "page": "0",
  "limit": "10"
}
 
23:47:57.983 [main] INFO com.intuit.karate -- [print] Response status: 200 body: {
  "message": "Feed",
  "statusCode": 200,
  "status": "success",
  "data": [
  ]
}
 
23:47:57.983 [main] INFO com.intuit.karate -- ? TEST FAILED - Status mismatch: Expected 400, got 200 
23:47:57.984 [main] INFO com.intuit.karate -- Test case #9 - Status: 200, Result: {"message":"Feed","statusCode":200,"status":"success","data":[]} 
23:47:57.984 [main] INFO com.intuit.karate -- ?ang ch?y test case #10: Limit = 0 
23:47:57.984 [main] INFO com.intuit.karate -- S? d?ng global bearer token t? config: eyJhbGciOiJIUzI1NiIsInR5cCI6IkpXVCJ9.eyJzdWIiOiJmNjI4NDUzMi04ZjFlLTRiMDUtYWM1NC1kODAzNzM4NmU4MGMiLCJ1c2VybmFtZSI6InVzZXJubzIiLCJyb2xlIjowLCJpYXQiOjE3NTA2OTQzNTQsImV4cCI6MTc1MDY5Nzk1NH0.cn4pcMTzJbKyd0aw-bN_KvZNRCfEwxef9wljw6vUgkw 
23:47:57.989 [main] INFO com.intuit.karate -- karate.env system property was: null 
23:47:57.992 [main] DEBUG com.jayway.jsonpath.internal.path.CompiledPath -- Evaluating path: $
23:47:57.993 [main] DEBUG com.jayway.jsonpath.internal.path.CompiledPath -- Evaluating path: $
23:47:57.996 [main] DEBUG org.apache.http.client.protocol.RequestAddCookies -- CookieSpec selected: karate
23:47:57.996 [main] DEBUG org.apache.http.client.protocol.RequestAuthCache -- Auth cache not set in the context
23:47:57.996 [main] DEBUG com.intuit.karate -- request:
1 > GET http://localhost:3000/posts/feed?limit=0&page=1
1 > Authorization: Bearer eyJhbGciOiJIUzI1NiIsInR5cCI6IkpXVCJ9.eyJzdWIiOiJmNjI4NDUzMi04ZjFlLTRiMDUtYWM1NC1kODAzNzM4NmU4MGMiLCJ1c2VybmFtZSI6InVzZXJubzIiLCJyb2xlIjowLCJpYXQiOjE3NTA2OTQzNTQsImV4cCI6MTc1MDY5Nzk1NH0.cn4pcMTzJbKyd0aw-bN_KvZNRCfEwxef9wljw6vUgkw
1 > Host: localhost:3000
1 > Connection: Keep-Alive
1 > User-Agent: Apache-HttpClient/4.5.14 (Java/17.0.9)
1 > Accept-Encoding: gzip,deflate


23:47:57.997 [main] DEBUG org.apache.http.impl.conn.PoolingHttpClientConnectionManager -- Connection request: [route: {}->http://localhost:3000][total available: 0; route allocated: 0 of 5; total allocated: 0 of 10]
23:47:57.998 [main] DEBUG org.apache.http.impl.conn.PoolingHttpClientConnectionManager -- Connection leased: [id: 9][route: {}->http://localhost:3000][total available: 0; route allocated: 1 of 5; total allocated: 1 of 10]
23:47:57.998 [main] DEBUG org.apache.http.impl.execchain.MainClientExec -- Opening connection {}->http://localhost:3000
23:47:57.999 [main] DEBUG org.apache.http.impl.conn.DefaultHttpClientConnectionOperator -- Connecting to localhost/127.0.0.1:3000
23:47:57.999 [main] DEBUG org.apache.http.impl.conn.DefaultHttpClientConnectionOperator -- Connection established 127.0.0.1:62813<->127.0.0.1:3000
23:47:57.999 [main] DEBUG org.apache.http.impl.conn.DefaultManagedHttpClientConnection -- http-outgoing-9: set socket timeout to 5000
23:47:57.999 [main] DEBUG org.apache.http.impl.execchain.MainClientExec -- Executing request GET /posts/feed?limit=0&page=1 HTTP/1.1
23:47:57.999 [main] DEBUG org.apache.http.impl.execchain.MainClientExec -- Proxy auth state: UNCHALLENGED
23:47:57.999 [main] DEBUG org.apache.http.headers -- http-outgoing-9 >> GET /posts/feed?limit=0&page=1 HTTP/1.1
23:47:57.999 [main] DEBUG org.apache.http.headers -- http-outgoing-9 >> Authorization: Bearer eyJhbGciOiJIUzI1NiIsInR5cCI6IkpXVCJ9.eyJzdWIiOiJmNjI4NDUzMi04ZjFlLTRiMDUtYWM1NC1kODAzNzM4NmU4MGMiLCJ1c2VybmFtZSI6InVzZXJubzIiLCJyb2xlIjowLCJpYXQiOjE3NTA2OTQzNTQsImV4cCI6MTc1MDY5Nzk1NH0.cn4pcMTzJbKyd0aw-bN_KvZNRCfEwxef9wljw6vUgkw
23:47:58.000 [main] DEBUG org.apache.http.headers -- http-outgoing-9 >> Host: localhost:3000
23:47:58.000 [main] DEBUG org.apache.http.headers -- http-outgoing-9 >> Connection: Keep-Alive
23:47:58.000 [main] DEBUG org.apache.http.headers -- http-outgoing-9 >> User-Agent: Apache-HttpClient/4.5.14 (Java/17.0.9)
23:47:58.000 [main] DEBUG org.apache.http.headers -- http-outgoing-9 >> Accept-Encoding: gzip,deflate
23:47:58.000 [main] DEBUG org.apache.http.wire -- http-outgoing-9 >> "GET /posts/feed?limit=0&page=1 HTTP/1.1[\r][\n]"
23:47:58.000 [main] DEBUG org.apache.http.wire -- http-outgoing-9 >> "Authorization: Bearer eyJhbGciOiJIUzI1NiIsInR5cCI6IkpXVCJ9.eyJzdWIiOiJmNjI4NDUzMi04ZjFlLTRiMDUtYWM1NC1kODAzNzM4NmU4MGMiLCJ1c2VybmFtZSI6InVzZXJubzIiLCJyb2xlIjowLCJpYXQiOjE3NTA2OTQzNTQsImV4cCI6MTc1MDY5Nzk1NH0.cn4pcMTzJbKyd0aw-bN_KvZNRCfEwxef9wljw6vUgkw[\r][\n]"
23:47:58.000 [main] DEBUG org.apache.http.wire -- http-outgoing-9 >> "Host: localhost:3000[\r][\n]"
23:47:58.000 [main] DEBUG org.apache.http.wire -- http-outgoing-9 >> "Connection: Keep-Alive[\r][\n]"
23:47:58.000 [main] DEBUG org.apache.http.wire -- http-outgoing-9 >> "User-Agent: Apache-HttpClient/4.5.14 (Java/17.0.9)[\r][\n]"
23:47:58.000 [main] DEBUG org.apache.http.wire -- http-outgoing-9 >> "Accept-Encoding: gzip,deflate[\r][\n]"
23:47:58.000 [main] DEBUG org.apache.http.wire -- http-outgoing-9 >> "[\r][\n]"
23:47:58.148 [main] DEBUG org.apache.http.wire -- http-outgoing-9 << "HTTP/1.1 200 OK[\r][\n]"
23:47:58.148 [main] DEBUG org.apache.http.wire -- http-outgoing-9 << "X-Powered-By: Express[\r][\n]"
23:47:58.149 [main] DEBUG org.apache.http.wire -- http-outgoing-9 << "Access-Control-Allow-Origin: *[\r][\n]"
23:47:58.149 [main] DEBUG org.apache.http.wire -- http-outgoing-9 << "Content-Type: application/json; charset=utf-8[\r][\n]"
23:47:58.149 [main] DEBUG org.apache.http.wire -- http-outgoing-9 << "Content-Length: 64[\r][\n]"
23:47:58.149 [main] DEBUG org.apache.http.wire -- http-outgoing-9 << "ETag: W/"40-QKGrNuSvhxBhDWq7IF5CIJDpZK4"[\r][\n]"
23:47:58.149 [main] DEBUG org.apache.http.wire -- http-outgoing-9 << "Date: Mon, 23 Jun 2025 16:47:58 GMT[\r][\n]"
23:47:58.149 [main] DEBUG org.apache.http.wire -- http-outgoing-9 << "Connection: keep-alive[\r][\n]"
23:47:58.149 [main] DEBUG org.apache.http.wire -- http-outgoing-9 << "Keep-Alive: timeout=5[\r][\n]"
23:47:58.149 [main] DEBUG org.apache.http.wire -- http-outgoing-9 << "[\r][\n]"
23:47:58.149 [main] DEBUG org.apache.http.wire -- http-outgoing-9 << "{"message":"Feed","statusCode":200,"status":"success","data":[]}"
23:47:58.149 [main] DEBUG org.apache.http.headers -- http-outgoing-9 << HTTP/1.1 200 OK
23:47:58.149 [main] DEBUG org.apache.http.headers -- http-outgoing-9 << X-Powered-By: Express
23:47:58.149 [main] DEBUG org.apache.http.headers -- http-outgoing-9 << Access-Control-Allow-Origin: *
23:47:58.149 [main] DEBUG org.apache.http.headers -- http-outgoing-9 << Content-Type: application/json; charset=utf-8
23:47:58.149 [main] DEBUG org.apache.http.headers -- http-outgoing-9 << Content-Length: 64
23:47:58.149 [main] DEBUG org.apache.http.headers -- http-outgoing-9 << ETag: W/"40-QKGrNuSvhxBhDWq7IF5CIJDpZK4"
23:47:58.149 [main] DEBUG org.apache.http.headers -- http-outgoing-9 << Date: Mon, 23 Jun 2025 16:47:58 GMT
23:47:58.149 [main] DEBUG org.apache.http.headers -- http-outgoing-9 << Connection: keep-alive
23:47:58.149 [main] DEBUG org.apache.http.headers -- http-outgoing-9 << Keep-Alive: timeout=5
23:47:58.149 [main] DEBUG org.apache.http.impl.execchain.MainClientExec -- Connection can be kept alive for 5000 MILLISECONDS
23:47:58.149 [main] DEBUG org.apache.http.impl.conn.PoolingHttpClientConnectionManager -- Connection [id: 9][route: {}->http://localhost:3000] can be kept alive for 5.0 seconds
23:47:58.149 [main] DEBUG org.apache.http.impl.conn.DefaultManagedHttpClientConnection -- http-outgoing-9: set socket timeout to 0
23:47:58.149 [main] DEBUG org.apache.http.impl.conn.PoolingHttpClientConnectionManager -- Connection released: [id: 9][route: {}->http://localhost:3000][total available: 1; route allocated: 1 of 5; total allocated: 1 of 10]
23:47:58.149 [main] DEBUG org.apache.http.impl.conn.PoolingHttpClientConnectionManager -- Connection manager is shutting down
23:47:58.149 [main] DEBUG org.apache.http.impl.conn.DefaultManagedHttpClientConnection -- http-outgoing-9: Close connection
23:47:58.149 [main] DEBUG org.apache.http.impl.conn.PoolingHttpClientConnectionManager -- Connection manager shut down
23:47:58.149 [main] DEBUG com.intuit.karate -- response time in milliseconds: 152
1 < 200
1 < X-Powered-By: Express
1 < Access-Control-Allow-Origin: *
1 < Content-Type: application/json; charset=utf-8
1 < Content-Length: 64
1 < ETag: W/"40-QKGrNuSvhxBhDWq7IF5CIJDpZK4"
1 < Date: Mon, 23 Jun 2025 16:47:58 GMT
1 < Connection: keep-alive
1 < Keep-Alive: timeout=5
{
  "message": "Feed",
  "statusCode": 200,
  "status": "success",
  "data": [
  ]
}


23:47:58.151 [main] INFO com.intuit.karate -- [print] Calling getPostsFeed API v?i bearerToken: eyJhbGciOiJIUzI1NiIsInR5cCI6IkpXVCJ9.eyJzdWIiOiJmNjI4NDUzMi04ZjFlLTRiMDUtYWM1NC1kODAzNzM4NmU4MGMiLCJ1c2VybmFtZSI6InVzZXJubzIiLCJyb2xlIjowLCJpYXQiOjE3NTA2OTQzNTQsImV4cCI6MTc1MDY5Nzk1NH0.cn4pcMTzJbKyd0aw-bN_KvZNRCfEwxef9wljw6vUgkw 
23:47:58.151 [main] INFO com.intuit.karate -- [print] Query params: {
  "page": "1",
  "limit": "0"
}
 
23:47:58.151 [main] INFO com.intuit.karate -- [print] Response status: 200 body: {
  "message": "Feed",
  "statusCode": 200,
  "status": "success",
  "data": [
  ]
}
 
23:47:58.152 [main] INFO com.intuit.karate -- ? TEST FAILED - Status mismatch: Expected 400, got 200 
23:47:58.152 [main] INFO com.intuit.karate -- Test case #10 - Status: 200, Result: {"message":"Feed","statusCode":200,"status":"success","data":[]} 
23:47:58.153 [main] INFO com.intuit.karate -- ?ang ch?y test case #11: Limit quá l?n (1000) 
23:47:58.153 [main] INFO com.intuit.karate -- S? d?ng global bearer token t? config: eyJhbGciOiJIUzI1NiIsInR5cCI6IkpXVCJ9.eyJzdWIiOiJmNjI4NDUzMi04ZjFlLTRiMDUtYWM1NC1kODAzNzM4NmU4MGMiLCJ1c2VybmFtZSI6InVzZXJubzIiLCJyb2xlIjowLCJpYXQiOjE3NTA2OTQzNTQsImV4cCI6MTc1MDY5Nzk1NH0.cn4pcMTzJbKyd0aw-bN_KvZNRCfEwxef9wljw6vUgkw 
23:47:58.159 [main] INFO com.intuit.karate -- karate.env system property was: null 
23:47:58.162 [main] DEBUG com.jayway.jsonpath.internal.path.CompiledPath -- Evaluating path: $
23:47:58.162 [main] DEBUG com.jayway.jsonpath.internal.path.CompiledPath -- Evaluating path: $
23:47:58.163 [main] DEBUG org.apache.http.client.protocol.RequestAddCookies -- CookieSpec selected: karate
23:47:58.163 [main] DEBUG org.apache.http.client.protocol.RequestAuthCache -- Auth cache not set in the context
23:47:58.164 [main] DEBUG com.intuit.karate -- request:
1 > GET http://localhost:3000/posts/feed?limit=1000&page=1
1 > Authorization: Bearer eyJhbGciOiJIUzI1NiIsInR5cCI6IkpXVCJ9.eyJzdWIiOiJmNjI4NDUzMi04ZjFlLTRiMDUtYWM1NC1kODAzNzM4NmU4MGMiLCJ1c2VybmFtZSI6InVzZXJubzIiLCJyb2xlIjowLCJpYXQiOjE3NTA2OTQzNTQsImV4cCI6MTc1MDY5Nzk1NH0.cn4pcMTzJbKyd0aw-bN_KvZNRCfEwxef9wljw6vUgkw
1 > Host: localhost:3000
1 > Connection: Keep-Alive
1 > User-Agent: Apache-HttpClient/4.5.14 (Java/17.0.9)
1 > Accept-Encoding: gzip,deflate


23:47:58.164 [main] DEBUG org.apache.http.impl.conn.PoolingHttpClientConnectionManager -- Connection request: [route: {}->http://localhost:3000][total available: 0; route allocated: 0 of 5; total allocated: 0 of 10]
23:47:58.164 [main] DEBUG org.apache.http.impl.conn.PoolingHttpClientConnectionManager -- Connection leased: [id: 10][route: {}->http://localhost:3000][total available: 0; route allocated: 1 of 5; total allocated: 1 of 10]
23:47:58.164 [main] DEBUG org.apache.http.impl.execchain.MainClientExec -- Opening connection {}->http://localhost:3000
23:47:58.164 [main] DEBUG org.apache.http.impl.conn.DefaultHttpClientConnectionOperator -- Connecting to localhost/127.0.0.1:3000
23:47:58.164 [main] DEBUG org.apache.http.impl.conn.DefaultHttpClientConnectionOperator -- Connection established 127.0.0.1:62814<->127.0.0.1:3000
23:47:58.164 [main] DEBUG org.apache.http.impl.conn.DefaultManagedHttpClientConnection -- http-outgoing-10: set socket timeout to 5000
23:47:58.164 [main] DEBUG org.apache.http.impl.execchain.MainClientExec -- Executing request GET /posts/feed?limit=1000&page=1 HTTP/1.1
23:47:58.164 [main] DEBUG org.apache.http.impl.execchain.MainClientExec -- Proxy auth state: UNCHALLENGED
23:47:58.165 [main] DEBUG org.apache.http.headers -- http-outgoing-10 >> GET /posts/feed?limit=1000&page=1 HTTP/1.1
23:47:58.165 [main] DEBUG org.apache.http.headers -- http-outgoing-10 >> Authorization: Bearer eyJhbGciOiJIUzI1NiIsInR5cCI6IkpXVCJ9.eyJzdWIiOiJmNjI4NDUzMi04ZjFlLTRiMDUtYWM1NC1kODAzNzM4NmU4MGMiLCJ1c2VybmFtZSI6InVzZXJubzIiLCJyb2xlIjowLCJpYXQiOjE3NTA2OTQzNTQsImV4cCI6MTc1MDY5Nzk1NH0.cn4pcMTzJbKyd0aw-bN_KvZNRCfEwxef9wljw6vUgkw
23:47:58.165 [main] DEBUG org.apache.http.headers -- http-outgoing-10 >> Host: localhost:3000
23:47:58.165 [main] DEBUG org.apache.http.headers -- http-outgoing-10 >> Connection: Keep-Alive
23:47:58.165 [main] DEBUG org.apache.http.headers -- http-outgoing-10 >> User-Agent: Apache-HttpClient/4.5.14 (Java/17.0.9)
23:47:58.165 [main] DEBUG org.apache.http.headers -- http-outgoing-10 >> Accept-Encoding: gzip,deflate
23:47:58.165 [main] DEBUG org.apache.http.wire -- http-outgoing-10 >> "GET /posts/feed?limit=1000&page=1 HTTP/1.1[\r][\n]"
23:47:58.165 [main] DEBUG org.apache.http.wire -- http-outgoing-10 >> "Authorization: Bearer eyJhbGciOiJIUzI1NiIsInR5cCI6IkpXVCJ9.eyJzdWIiOiJmNjI4NDUzMi04ZjFlLTRiMDUtYWM1NC1kODAzNzM4NmU4MGMiLCJ1c2VybmFtZSI6InVzZXJubzIiLCJyb2xlIjowLCJpYXQiOjE3NTA2OTQzNTQsImV4cCI6MTc1MDY5Nzk1NH0.cn4pcMTzJbKyd0aw-bN_KvZNRCfEwxef9wljw6vUgkw[\r][\n]"
23:47:58.165 [main] DEBUG org.apache.http.wire -- http-outgoing-10 >> "Host: localhost:3000[\r][\n]"
23:47:58.165 [main] DEBUG org.apache.http.wire -- http-outgoing-10 >> "Connection: Keep-Alive[\r][\n]"
23:47:58.165 [main] DEBUG org.apache.http.wire -- http-outgoing-10 >> "User-Agent: Apache-HttpClient/4.5.14 (Java/17.0.9)[\r][\n]"
23:47:58.165 [main] DEBUG org.apache.http.wire -- http-outgoing-10 >> "Accept-Encoding: gzip,deflate[\r][\n]"
23:47:58.165 [main] DEBUG org.apache.http.wire -- http-outgoing-10 >> "[\r][\n]"
23:47:58.305 [main] DEBUG org.apache.http.wire -- http-outgoing-10 << "HTTP/1.1 200 OK[\r][\n]"
23:47:58.305 [main] DEBUG org.apache.http.wire -- http-outgoing-10 << "X-Powered-By: Express[\r][\n]"
23:47:58.305 [main] DEBUG org.apache.http.wire -- http-outgoing-10 << "Access-Control-Allow-Origin: *[\r][\n]"
23:47:58.305 [main] DEBUG org.apache.http.wire -- http-outgoing-10 << "Content-Type: application/json; charset=utf-8[\r][\n]"
23:47:58.305 [main] DEBUG org.apache.http.wire -- http-outgoing-10 << "Content-Length: 18612[\r][\n]"
23:47:58.305 [main] DEBUG org.apache.http.wire -- http-outgoing-10 << "ETag: W/"48b4-HhftMoxpp3HdEwyfU8z8gC3/zXw"[\r][\n]"
23:47:58.305 [main] DEBUG org.apache.http.wire -- http-outgoing-10 << "Date: Mon, 23 Jun 2025 16:47:58 GMT[\r][\n]"
23:47:58.305 [main] DEBUG org.apache.http.wire -- http-outgoing-10 << "Connection: keep-alive[\r][\n]"
23:47:58.305 [main] DEBUG org.apache.http.wire -- http-outgoing-10 << "Keep-Alive: timeout=5[\r][\n]"
23:47:58.305 [main] DEBUG org.apache.http.wire -- http-outgoing-10 << "[\r][\n]"
23:47:58.306 [main] DEBUG org.apache.http.wire -- http-outgoing-10 << "{"message":"Feed","statusCode":200,"status":"success","data":[{"id":"c8151412-bc98-49ec-88ff-57b89cc2ce67","authorId":"08515b05-2d3e-4789-ad60-db35525a4970","imageUrl":["https://res.cloudinary.com/dizcvrefo/image/upload/v1748933672/nestjs_uploads/rpehmvwkwptjktjzllxz.jpg","https://res.cloudinary.com/dizcvrefo/image/upload/v1748933672/nestjs_uploads/xl8wce3gldsuaekfnfwo.jpg","https://res.cloudinary.com/dizcvrefo/image/upload/v1748933671/nestjs_uploads/ee1ntt1feukxfszhma1b.jpg"],"caption":"Moi di hom nay","location":null,"tags":[],"isPublic":true,"likeCount":0,"commentCount":0,"sharedCount":0,"createdAt":"2025-06-03T06:54:33.756Z","updatedAt":"2025-06-03T06:54:33.756Z","author":{"username":"nam","profilePic":"https://res.cloudinary.com/dizcvrefo/image/upload/v1749266646/nestjs_uploads/zk9zrpeidnovxibfqdxr.png"},"_count":{"likes":4,"comments":0},"score":0.016330191500504115,"isLike":true,"isToday":false,"isFollowing":false,"isSelf":false},{"id":"028cfac7-688b-4f4d-832d-1dd681b89e64","authorId":"08515b05-2d3e-4789-ad60-db35525a4970","imageUrl":["https://res.cloudinary.com/dizcvrefo/image/upload/v1748964089/nestjs_uploads/r2x7j8rz3gfsze8o0fe7.jpg","https://res.cloudinary.com/dizcvrefo/image/upload/v1748964089/nestjs_uploads/ebic5ju0e6btkxv2g526.jpg","https://res.cloudinary.com/dizcvrefo/image/upload/v1748964089/nestjs_uploads/ngkhumq5qjehuoqmvxqv.jpg"],"caption":"Di uong bia","location":null,"tags":[],"isPublic":true,"likeCount":0,"commentCount":0,"sharedCount":0,"createdAt":"2025-06-03T15:21:31.678Z","updatedAt":"2025-06-03T15:21:31.678Z","author":{"username":"nam","profilePic":"https://res.cloudinary.com/dizcvrefo/image/upload/v1749266646/nestjs_uploads/zk9zrpeidnovxibfqdxr.png"},"_count":{"likes":3,"comments":0},"score":0.012462593281053855,"isLike":true,"isToday":false,"isFollowing":false,"isSelf":false},{"id":"45a2d709-c6c9-4887-9235-dbbd2d381827","authorId":"08515b05-2d3e-4789-ad60-db35525a4970","imageUrl":["https://res.cloudinary.com/dizcvrefo/image/upload/v1748932129/nestjs_uploads/ecwyixgm9kf0zdng7bdp.png","https://res.cloudinary.com/dizcvrefo/image/upload/v1748932129/nestjs_uploads/uhl3z1wamgjxl5o4vq1l.jpg","https://res.cloudinary.com/dizcvrefo/image/upload/v1748932129/nestjs_uploads/pavlktzorkfcm5pp31io.jpg","https://res.cloudinary.com/dizcvrefo/image/upload/v1748932129/nestjs_uploads/knew9jcdpmwaleoa6oov.jpg"],"caption":"Di choi di anh em oi","location":null,"tags":[],"isPublic":true,"likeCount":0,"commentCount":0,"sharedCount":0,"createdAt":"2025-06-03T06:28:51.322Z","updatedAt":"2025-06-03T06:28:51.322Z","author":{"username":"nam","profilePic":"https://res.cloudinary.com/dizcvrefo/image/upload/v1749266646/nestjs_uploads/zk9zrpeidnovxibfqdxr.png"},"_count":{"likes":3,"comments":0},"score":0.012236941297390495,"isLike":false,"isToday":false,"isFollowing":false,"isSelf":false},{"id":"bd9fb1fc-af49-4625-aa11-a458424d17ca","authorId":"08515b05-2d3e-4789-ad60-db35525a4970","imageUrl":["https://res.cloudinary.com/dizcvrefo/image/upload/v1749400565/nestjs_uploads/srvf0b7b2fnsab8uqc8g.jpg","https://res.cloudinary.com/dizcvrefo/image/upload/v1749400565/nestjs_uploads/u2gybzjxkewsxa1atyq4.jpg","https://res.cloudinary.com/dizcvrefo/image/upload/v1749400565/nestjs_uploads/lottkkizhi1ngodzx4pp.jpg"],"caption":"toi la NAM BO","location":null,"tags":[],"isPublic":true,"likeCount":0,"commentCount":0,"sharedCount":0,"createdAt":"2025-06-08T16:36:04.450Z","updatedAt":"2025-06-08T16:36:04.450Z","author":{"username":"nam","profilePic":"https://res.cloudinary.com/dizcvrefo/image/upload/v1749266646/nestjs_uploads/zk9zrpeidnovxibfqdxr.png"},"_count":{"likes":2,"comments":0},"score":0.011104994332851479,"isLike":false,"isToday":false,"isFollowing":false,"isSelf":false},{"id":"007fcd52-ae77-4c58-988d-36ef78edc29b","authorId":"dacf294e-491b-47ff-bd74-bfe5ddbfbdf9","imageUrl":["https://res.cloudinary.com/dizcvrefo/image/upload/v1748598131/nestjs_uploads/tsh3n10qz6mojbkiayhx.jpg","https://res.cloudinary.com/dizcvrefo/image/upload/v1748598131/nestjs_uploads/no5fdmt60yg8li6gvwao.jpg","https://res.cloudinary.com/dizcvrefo/image/upload/v1748598131/nestjs_uploads/lbn3umepxtqxjcw51mv0.jpg","https://res.cloudinary.com/dizcvrefo/image/upload/v1748598131/nestjs_uploads/e4nufb9kmremurdaanw5.jpg","https://res.cloudinary.com/dizcvrefo/image/upload/v1748598131/nestjs_uploads/pqwqj0gdwqfqqyct54hz.jpg","https://res.cloudinary.com/dizcvrefo/image/upload/v1748598130/nestjs_uploads/dics8pfhps2jfskadthz.jpg"],"caption":"Th[0xe1][0xbb][0x83] thao [0xc4][0x91]i[0xe1][0xbb][0x87]n t[0xe1][0xbb][0xad]","location":null,"tags":[],"isPublic":true,"likeCount":0,"commentCount":0,"sharedCount":0,"createdAt":"2025-05-30T09:42:13.811Z","updatedAt":"2025-05-30T09:42:13.811Z","author":{"username":"chinh","profilePic":"https://hebbkx1anhila5yf.public.blob.vercel-storage.com/image-hiZZ98WEvmBOkk3oAqffc3ReiwtEIO.png"},"_count":{"likes":3,"comments":0},"score":0.0102899062318146,"isLike":false,"isToday":false,"isFollowing":false,"isSelf":false},{"id":"8a0e35ce-0f39-4475-b2d2-15c217983926","authorId":"08515b05-2d3e-4789-ad60-db35525a4970","imageUrl":["https://res.cloudinary.com/dizcvrefo/image/upload/v1748597950/nestjs_uploads/siabu4jmaf7nfak5xkgc.jpg","https://res.cloudinary.com/dizcvrefo/image/upload/v1748597951/nestjs_uploads/bufde4typyni9j408ua4.jpg","https://res.cloudinary.com/dizcvrefo/image/upload/v1748597951/nestjs_uploads/yk6tjdkirr4a7ons7iz5.jpg"],"caption":"[0xc4][0x82]n g[0xc3][0xac] kh[0xc3][0xb4]ng","location":null,"tags":[],"isPublic":true,"likeCount":0,"commentCount":0,"sharedCount":0,"createdAt":"2025-05-30T09:39:13.647Z","updatedAt":"2025-05-30T09:39:13.647Z","author":{"username":"nam","profilePic":"https://res.cloudinary.com/dizcvrefo/image/upload/v1749266646/nestjs_uploads/zk9zrpeidnovxibfqdxr.png"},"_count":{"likes":3,"comments":0},"score":0.010289023152267963,"isLike":false,"isToday":false,"isFollowing":false,"isSelf":false},{"id":"b96886bd-5f00-41af-a440-152f360f1657","authorId":"08515b05-2d3e-4789-ad60-db35525a4970","imageUrl":["https://res.cloudinary.com/dizcvrefo/image/upload/v1748597371/nestjs_uploads/vce2gudp9o4mm4fn8xt0.jpg","https://res.cloudinary.com/dizcvrefo/image/upload/v1748597372/nestjs_uploads/u691vkjqxrek1dv0wtbm.jpg","https://res.cloudinary.com/dizcvrefo/image/upload/v1748597371/nestjs_uploads/feqbcopm8ge8maj3hu6k.jpg"],"caption":"ok","location":null,"tags":[],"isPublic":true,"likeCount":0,"commentCount":0,"sharedCount":0,"createdAt":"2025-05-30T09:29:34.405Z","updatedAt":"2025-05-30T09:29:34.405Z","author":{"username":"nam","profilePic":"https://res.cloudinary.com/dizcvrefo/image/upload/v1749266646/nestjs_uploads/zk9zrpeidnovxibfqdxr.png"},"_count":{"likes":3,"comments":0},"score":0.010286185006031078,"isLike":false,"isToday":false,"isFollowing":false,"isSelf":false},{"id":"479ed759-3811-4b84-8141-bff184fae4b8","authorId":"dacf294e-491b-47ff-bd74-bfe5ddbfbdf9","imageUrl":["https://res.cloudinary.com/dizcvrefo/image/upload/v1748596741/nestjs_uploads/g8vk3zn2rfop6caitmfb.jpg","https://res.cloudinary.com/dizcvrefo/image/upload/v1748596741/nestjs_uploads/cqcspqsifpg0ndthyuax.jpg","https://res.cloudinary.com/dizcvrefo/image/upload/v1748596741/nestjs_uploads/hc3svmdbfotscvcctfoq.jpg","https://res.cloudinary.com/dizcvrefo/image/upload/v1748596742/nestjs_uploads/fxjvluy2vpyfuspukumf.jpg","https://res.cloudinary.com/dizcvrefo/image/upload/v1748596741/nestjs_uploads/sb38euks3gzg5f92uiig.jpg"],"caption":"Village","location":null,"tags":[],"isPublic":true,"likeCount":0,"commentCount":0,"sharedCount":0,"createdAt":"2025-05-30T09:19:04.180Z","updatedAt":"2025-05-30T09:19:04.180Z","author":{"username":"chinh","profilePic":"https://hebbkx1anhila5yf.public.blob.vercel-storage.com/image-hiZZ98WEvmBOkk3oAqffc3ReiwtEIO.png"},"_count":{"likes":3,"comments":0},"score":0.010283098833389865,"isLike":false,"isToday":false,"isFollowing":false,"isSelf":false},{"id":"9ef01284-6f35-4f8a-9d58-3f5891acc766","authorId":"dacf294e-491b-47ff-bd74-bfe5ddbfbdf9","imageUrl":["https://res.cloudinary.com/dizcv"
23:47:58.306 [main] DEBUG org.apache.http.headers -- http-outgoing-10 << HTTP/1.1 200 OK
23:47:58.306 [main] DEBUG org.apache.http.headers -- http-outgoing-10 << X-Powered-By: Express
23:47:58.306 [main] DEBUG org.apache.http.headers -- http-outgoing-10 << Access-Control-Allow-Origin: *
23:47:58.306 [main] DEBUG org.apache.http.headers -- http-outgoing-10 << Content-Type: application/json; charset=utf-8
23:47:58.306 [main] DEBUG org.apache.http.headers -- http-outgoing-10 << Content-Length: 18612
23:47:58.306 [main] DEBUG org.apache.http.headers -- http-outgoing-10 << ETag: W/"48b4-HhftMoxpp3HdEwyfU8z8gC3/zXw"
23:47:58.306 [main] DEBUG org.apache.http.headers -- http-outgoing-10 << Date: Mon, 23 Jun 2025 16:47:58 GMT
23:47:58.306 [main] DEBUG org.apache.http.headers -- http-outgoing-10 << Connection: keep-alive
23:47:58.306 [main] DEBUG org.apache.http.headers -- http-outgoing-10 << Keep-Alive: timeout=5
23:47:58.306 [main] DEBUG org.apache.http.impl.execchain.MainClientExec -- Connection can be kept alive for 5000 MILLISECONDS
23:47:58.306 [main] DEBUG org.apache.http.wire -- http-outgoing-10 << "refo/image/upload/v1748596489/nestjs_uploads/ue1yvhe1qzvlc2pmkjee.jpg","https://res.cloudinary.com/dizcvrefo/image/upload/v1748596493/nestjs_uploads/bm3pcnpqmnppnsuq0pv9.jpg","https://res.cloudinary.com/dizcvrefo/image/upload/v1748596489/nestjs_uploads/q6nipodzp1mdnpm1p13g.jpg","https://res.cloudinary.com/dizcvrefo/image/upload/v1748596489/nestjs_uploads/icygr75zfmxk0ehqsnwo.jpg","https://res.cloudinary.com/dizcvrefo/image/upload/v1748596489/nestjs_uploads/ghgd01xzcaxpra5httqg.jpg","https://res.cloudinary.com/dizcvrefo/image/upload/v1748596489/nestjs_uploads/o53mpfip4l7dbjbd7wcw.jpg"],"caption":"Nh[0xe1][0xba][0xad]u","location":null,"tags":[],"isPublic":true,"likeCount":0,"commentCount":0,"sharedCount":0,"createdAt":"2025-05-30T09:14:54.972Z","updatedAt":"2025-05-30T09:14:54.972Z","author":{"username":"chinh","profilePic":"https://hebbkx1anhila5yf.public.blob.vercel-storage.com/image-hiZZ98WEvmBOkk3oAqffc3ReiwtEIO.png"},"_count":{"likes":3,"comments":0},"score":0.010281878988175445,"isLike":false,"isToday":false,"isFollowi"
23:47:58.306 [main] DEBUG org.apache.http.wire -- http-outgoing-10 << "ng":false,"isSelf":false},{"id":"d79e9a48-ca20-40fd-bb11-ed7302657db9","authorId":"08515b05-2d3e-4789-ad60-db35525a4970","imageUrl":["https://res.cloudinary.com/dizcvrefo/image/upload/v1749382783/nestjs_uploads/buqh5wktqj3y5etgfxok.jpg","https://res.cloudinary.com/dizcvrefo/image/upload/v1749382789/nestjs_uploads/wjm5idulrdjhv7yuc477.jpg","https://res.cloudinary.com/dizcvrefo/image/upload/v1749382781/nestjs_uploads/ztoyccvbrahzxkbm7mxb.jpg","https://res.cloudinary.com/dizcvrefo/image/upload/v1749383075/nestjs_uploads/yjbnpjozb3x4suirhe9d.jpg","https://res.cloudinary.com/dizcvrefo/image/upload/v1749383076/nestjs_uploads/wurnhokpsyvvjg60iceu.jpg"],"caption":"H[0xc3][0xb4]m nay l[0xc3][0xa0] th[0xe1][0xbb][0xa9] 7 em th[0xc3][0xad]ch [0xc4][0x91]i th[0xc3][0xad]ch [0xc4][0x91]i v[0xc3][0xa0]o bar u[0xe1][0xbb][0x91]ng [0xf0][0x9f][0x8d][0xba] [0xf0][0x9f][0x92][0x83][0xf0][0x9f][0x92][0x83][0xf0][0x9f][0x92][0x83]","location":null,"tags":[],"isPublic":true,"likeCount":0,"commentCount":0,"sharedCount":0,"createdAt":"2025-05-28T09:56:16.976Z","updatedAt":"2025-06-08T11:44:37.991Z","author":{"username":"nam","profilePic":"https://res.cloudinary.com/dizcvrefo/image/upload/v1749266646/nestjs_u"
23:47:58.306 [main] DEBUG org.apache.http.wire -- http-outgoing-10 << "ploads/zk9zrpeidnovxibfqdxr.png"},"_count":{"likes":3,"comments":0},"score":0.009510804178438664,"isLike":false,"isToday":false,"isFollowing":false,"isSelf":false},{"id":"e3f481cc-53c6-41c8-9a28-cd2f9c4f2f46","authorId":"2b84aa24-668a-40e2-af1c-ad4fc4fa5a6f","imageUrl":["https://res.cloudinary.com/dizcvrefo/image/upload/v1749027663/nestjs_uploads/nuuktb6j4oy5jnuyt3ws.jpg","https://res.cloudinary.com/dizcvrefo/image/upload/v1749027663/nestjs_uploads/aa03sao5n7bkhyhhrovx.jpg","https://res.cloudinary.com/dizcvrefo/image/upload/v1749027663/nestjs_uploads/hic88kwvdqoltmqsueim.jpg","https://res.cloudinary.com/dizcvrefo/image/upload/v1749027664/nestjs_uploads/hrnmt9e7g7pavf2fxwyw.png","https://res.cloudinary.com/dizcvrefo/image/upload/v1749027664/nestjs_uploads/oxa2hbuxzj3lngjbubpf.jpg","https://res.cloudinary.com/dizcvrefo/image/upload/v1749027663/nestjs_uploads/scrigmpzvmixwv9ddfnl.jpg","https://res.cloudinary.com/dizcvrefo/image/upload/v1749027664/nestjs_uploads/wpnyt5jyz8lgj2bvprin.jpg"],"caption":"Buon that, ho"
23:47:58.306 [main] DEBUG org.apache.http.wire -- http-outgoing-10 << "m nay toi thi truot","location":null,"tags":[],"isPublic":true,"likeCount":0,"commentCount":0,"sharedCount":0,"createdAt":"2025-06-04T09:01:06.391Z","updatedAt":"2025-06-04T09:01:06.391Z","author":{"username":"quang1","profilePic":"https://res.cloudinary.com/dizcvrefo/image/upload/v1749027586/nestjs_uploads/xehairydt9rzlbmbmv4c.jpg"},"_count":{"likes":2,"comments":0},"score":0.008624758776502572,"isLike":true,"isToday":false,"isFollowing":false,"isSelf":false},{"id":"9c4e8842-ced5-492b-9423-890177a28564","authorId":"2b84aa24-668a-40e2-af1c-ad4fc4fa5a6f","imageUrl":["https://res.cloudinary.com/dizcvrefo/image/upload/v1748659538/nestjs_uploads/n4mg888um8bynequtdtp.jpg","https://res.cloudinary.com/dizcvrefo/image/upload/v1748659538/nestjs_uploads/mfqojpf1bufduxfh0j0n.jpg","https://res.cloudinary.com/dizcvrefo/image/upload/v1748659538/nestjs_uploads/vx9qkwao5v4hdeqiplsp.jpg","https://res.cloudinary.com/dizcvrefo/image/upload/v1748659538/nestjs_uploads/r2sv0p0echvnrwqxoswu.jpg"],"caption":"Ha noi nay tro gio","loc"
23:47:58.306 [main] DEBUG org.apache.http.wire -- http-outgoing-10 << "ation":null,"tags":[],"isPublic":true,"likeCount":0,"commentCount":0,"sharedCount":0,"createdAt":"2025-05-31T02:45:39.688Z","updatedAt":"2025-05-31T02:45:39.688Z","author":{"username":"quang1","profilePic":"https://res.cloudinary.com/dizcvrefo/image/upload/v1749027586/nestjs_uploads/xehairydt9rzlbmbmv4c.jpg"},"_count":{"likes":2,"comments":0},"score":0.007066657071193276,"isLike":false,"isToday":false,"isFollowing":false,"isSelf":false},{"id":"52cfd912-292f-4fbf-9240-3000d608dcd4","authorId":"e7b38cb7-6701-40d9-a3bd-f53fc4d43457","imageUrl":["https://res.cloudinary.com/dizcvrefo/image/upload/v1749316896/nestjs_uploads/lc1jqjzblqshqho7eavx.jpg"],"caption":"This is my first post","location":null,"tags":[],"isPublic":true,"likeCount":0,"commentCount":0,"sharedCount":0,"createdAt":"2025-05-14T05:28:07.619Z","updatedAt":"2025-06-07T17:21:37.389Z","author":{"username":"ductrong","profilePic":null},"_count":{"likes":3,"comments":0},"score":0.0061770926388749516,"isLike":false,"isToday":false,"isFollowing":false,"isS"
23:47:58.307 [main] DEBUG org.apache.http.wire -- http-outgoing-10 << "elf":false},{"id":"7918bc4d-383d-462e-afab-91099bc69905","authorId":"08515b05-2d3e-4789-ad60-db35525a4970","imageUrl":["https://res.cloudinary.com/dizcvrefo/image/upload/v1749449962/nestjs_uploads/h3loqo8k5fpmi2ipdtof.jpg"],"caption":"[0xc4][0x90][0xe1][0xba][0xb9]p trai th[0xc3][0xac] m[0xe1][0xbb][0x9b]i c[0xc3][0xb3] nhi[0xe1][0xbb][0x81]u [0xc4][0x91][0xe1][0xbb][0xa9]a y[0xc3][0xaa]u h[0xe1][0xba][0xb9] h[0xe1][0xba][0xb9]","location":null,"tags":[],"isPublic":true,"likeCount":0,"commentCount":0,"sharedCount":0,"createdAt":"2025-06-09T06:19:23.318Z","updatedAt":"2025-06-09T06:19:23.318Z","author":{"username":"nam","profilePic":"https://res.cloudinary.com/dizcvrefo/image/upload/v1749266646/nestjs_uploads/zk9zrpeidnovxibfqdxr.png"},"_count":{"likes":1,"comments":0},"score":0.005772399178085398,"isLike":false,"isToday":false,"isFollowing":false,"isSelf":false},{"id":"0c10c426-3d53-443a-8155-39234544c693","authorId":"08515b05-2d3e-4789-ad60-db35525a4970","imageUrl":["https://res.cloudinary.com/dizcvrefo/image/upload/v1749397668/nestjs_uploads/umpwoepazt6it2racqhe.webp","https://res.cloudinary.com/dizcvrefo/image/upload/v1749397668/nestjs_uploads"
23:47:58.307 [main] DEBUG org.apache.http.wire -- http-outgoing-10 << "/hcj53nurl5lpudcfaz3f.webp","https://res.cloudinary.com/dizcvrefo/image/upload/v1749397668/nestjs_uploads/qv1vfbg7k6lkeldhb7e3.webp","https://res.cloudinary.com/dizcvrefo/image/upload/v1749397668/nestjs_uploads/c6ruaxtyahilompxxej9.webp"],"caption":"Tr[0xe1][0xbb][0x9d]i xanh m[0xc3][0xa2]y tr[0xe1][0xba][0xaf]ng","location":null,"tags":[],"isPublic":true,"likeCount":0,"commentCount":0,"sharedCount":0,"createdAt":"2025-06-08T15:47:50.242Z","updatedAt":"2025-06-08T15:47:50.242Z","author":{"username":"nam","profilePic":"https://res.cloudinary.com/dizcvrefo/image/upload/v1749266646/nestjs_uploads/zk9zrpeidnovxibfqdxr.png"},"_count":{"likes":1,"comments":0},"score":0.005540131837070737,"isLike":false,"isToday":false,"isFollowing":false,"isSelf":false},{"id":"d296ef84-ae0f-4d14-a91a-15dd66bc0dac","authorId":"08515b05-2d3e-4789-ad60-db35525a4970","imageUrl":["https://res.cloudinary.com/dizcvrefo/image/upload/v1749397436/nestjs_uploads/w9d8ldmhonbzeenkcxpb.jpg","https://res.cloudinary.com/dizcvrefo/image/upload/v1749397436/nestjs_uploads/g8xrn89xfaz4ssvsl"
23:47:58.307 [main] DEBUG org.apache.http.wire -- http-outgoing-10 << "ueo.jpg","https://res.cloudinary.com/dizcvrefo/image/upload/v1749397436/nestjs_uploads/wggtlkgkwlcrmgrhskup.jpg"],"caption":"[0xc4][0x90][0xe1][0xbb][0xab]ng t[0xc3][0xac]m nhau v[0xc3][0xa0]o h[0xc3][0xb4]m gi[0xc3][0xb3] m[0xc6][0xb0]a t[0xc6][0xa1]i b[0xe1][0xbb][0x9d]i","location":null,"tags":[],"isPublic":true,"likeCount":0,"commentCount":0,"sharedCount":0,"createdAt":"2025-06-08T15:43:57.895Z","updatedAt":"2025-06-08T15:43:57.895Z","author":{"username":"nam","profilePic":"https://res.cloudinary.com/dizcvrefo/image/upload/v1749266646/nestjs_uploads/zk9zrpeidnovxibfqdxr.png"},"_count":{"likes":1,"comments":0},"score":0.005539141536259165,"isLike":false,"isToday":false,"isFollowing":false,"isSelf":false},{"id":"f1eae5ad-ef38-43e0-a9b8-1c1e0c2f6efd","authorId":"08515b05-2d3e-4789-ad60-db35525a4970","imageUrl":["https://res.cloudinary.com/dizcvrefo/image/upload/v1749397189/nestjs_uploads/n24psljoc11kfpxrlozi.jpg","https://res.cloudinary.com/dizcvrefo/image/upload/v1749397188/nestjs_uploads/ebdf0uii6p2yc3m30ruv.webp","https://res.cloudinary.com/dizcvrefo/image/upload/v1749397188/nestjs_uploads/vrc16ao0lupts"
23:47:58.307 [main] DEBUG org.apache.http.wire -- http-outgoing-10 << "qlvep2z.webp"],"caption":"Trong [0xc4][0x91][0xe1][0xba][0xa7]m g[0xc3][0xac] [0xc4][0x91][0xe1][0xba][0xb9]p b[0xe1][0xba][0xb1]ng sen","location":null,"tags":[],"isPublic":true,"likeCount":0,"commentCount":0,"sharedCount":0,"createdAt":"2025-06-08T15:39:50.851Z","updatedAt":"2025-06-08T15:39:50.851Z","author":{"username":"nam","profilePic":"https://res.cloudinary.com/dizcvrefo/image/upload/v1749266646/nestjs_uploads/zk9zrpeidnovxibfqdxr.png"},"_count":{"likes":1,"comments":0},"score":0.005538088982695536,"isLike":false,"isToday":false,"isFollowing":false,"isSelf":false},{"id":"546e44ab-45c4-4412-83c9-4a2cd786d46f","authorId":"08515b05-2d3e-4789-ad60-db35525a4970","imageUrl":["https://res.cloudinary.com/dizcvrefo/image/upload/v1749223872/nestjs_uploads/u1lkztc9gc8jfijtppib.jpg","https://res.cloudinary.com/dizcvrefo/image/upload/v1749223872/nestjs_uploads/hvbjhzpqvpw9kjrejiko.jpg","https://res.cloudinary.com/dizcvrefo/image/upload/v1749223872/nestjs_uploads/a9s8eujvzsy7sminvaaw.jpg","https://res.cloudinary.com/dizcvrefo/image/upload/v1749223872/nestjs_uploads/l0darr6gsfvyaz3udhvr.jp"
23:47:58.308 [main] DEBUG org.apache.http.wire -- http-outgoing-10 << "g"],"caption":"Th[0xe1][0xbb][0x9d]i ti[0xe1][0xba][0xbf]t n[0xc3][0xb3]ng nh[0xc6][0xb0] c[0xc3][0xa1]i l[0xc3][0xb2]","location":null,"tags":[],"isPublic":true,"likeCount":0,"commentCount":0,"sharedCount":0,"createdAt":"2025-06-06T15:31:13.422Z","updatedAt":"2025-06-06T15:31:13.422Z","author":{"username":"nam","profilePic":"https://res.cloudinary.com/dizcvrefo/image/upload/v1749266646/nestjs_uploads/zk9zrpeidnovxibfqdxr.png"},"_count":{"likes":1,"comments":0},"score":0.004886640520850399,"isLike":false,"isToday":false,"isFollowing":false,"isSelf":false},{"id":"d227a0c8-1c22-46cc-b7d2-4cdc49559d5a","authorId":"08515b05-2d3e-4789-ad60-db35525a4970","imageUrl":["https://res.cloudinary.com/dizcvrefo/image/upload/v1749396710/nestjs_uploads/rbfbkt8z02milpnwumdf.jpg","https://res.cloudinary.com/dizcvrefo/image/upload/v1749396710/nestjs_uploads/vgcadq2d5bc0n7ccenbd.jpg","https://res.cloudinary.com/dizcvrefo/image/upload/v1749396710/nestjs_uploads/mnxecfqiyziizzhgvpkx.jpg","https://res.cloudinary.com/dizcvrefo/image/upload/v1749396710/nestjs_uploads/ejjhcrbzulhtddkxenrb.jpg"],"caption"
23:47:58.308 [main] DEBUG org.apache.http.wire -- http-outgoing-10 << "":"Qu[0xe1][0xbb][0x91]c t[0xe1][0xba][0xbf] thi[0xe1][0xba][0xbf]u nhi","location":null,"tags":[],"isPublic":true,"likeCount":0,"commentCount":0,"sharedCount":0,"createdAt":"2025-06-08T15:31:52.624Z","updatedAt":"2025-06-08T15:31:52.624Z","author":{"username":"nam","profilePic":"https://res.cloudinary.com/dizcvrefo/image/upload/v1749266646/nestjs_uploads/zk9zrpeidnovxibfqdxr.png"},"_count":{"likes":0,"comments":0},"score":0,"isLike":false,"isToday":false,"isFollowing":false,"isSelf":false}]}"
23:47:58.308 [main] DEBUG org.apache.http.impl.conn.PoolingHttpClientConnectionManager -- Connection [id: 10][route: {}->http://localhost:3000] can be kept alive for 5.0 seconds
23:47:58.308 [main] DEBUG org.apache.http.impl.conn.DefaultManagedHttpClientConnection -- http-outgoing-10: set socket timeout to 0
23:47:58.308 [main] DEBUG org.apache.http.impl.conn.PoolingHttpClientConnectionManager -- Connection released: [id: 10][route: {}->http://localhost:3000][total available: 1; route allocated: 1 of 5; total allocated: 1 of 10]
23:47:58.308 [main] DEBUG org.apache.http.impl.conn.PoolingHttpClientConnectionManager -- Connection manager is shutting down
23:47:58.308 [main] DEBUG org.apache.http.impl.conn.DefaultManagedHttpClientConnection -- http-outgoing-10: Close connection
23:47:58.308 [main] DEBUG org.apache.http.impl.conn.PoolingHttpClientConnectionManager -- Connection manager shut down
23:47:58.308 [main] DEBUG com.intuit.karate -- response time in milliseconds: 144
1 < 200
1 < X-Powered-By: Express
1 < Access-Control-Allow-Origin: *
1 < Content-Type: application/json; charset=utf-8
1 < Content-Length: 18612
1 < ETag: W/"48b4-HhftMoxpp3HdEwyfU8z8gC3/zXw"
1 < Date: Mon, 23 Jun 2025 16:47:58 GMT
1 < Connection: keep-alive
1 < Keep-Alive: timeout=5
{
  "message": "Feed",
  "statusCode": 200,
  "status": "success",
  "data": [
    {
      "id": "c8151412-bc98-49ec-88ff-57b89cc2ce67",
      "authorId": "08515b05-2d3e-4789-ad60-db35525a4970",
      "imageUrl": [
        "https://res.cloudinary.com/dizcvrefo/image/upload/v1748933672/nestjs_uploads/rpehmvwkwptjktjzllxz.jpg",
        "https://res.cloudinary.com/dizcvrefo/image/upload/v1748933672/nestjs_uploads/xl8wce3gldsuaekfnfwo.jpg",
        "https://res.cloudinary.com/dizcvrefo/image/upload/v1748933671/nestjs_uploads/ee1ntt1feukxfszhma1b.jpg"
      ],
      "caption": "Moi di hom nay",
      "location": null,
      "tags": [
      ],
      "isPublic": true,
      "likeCount": 0,
      "commentCount": 0,
      "sharedCount": 0,
      "createdAt": "2025-06-03T06:54:33.756Z",
      "updatedAt": "2025-06-03T06:54:33.756Z",
      "author": {
        "username": "nam",
        "profilePic": "https://res.cloudinary.com/dizcvrefo/image/upload/v1749266646/nestjs_uploads/zk9zrpeidnovxibfqdxr.png"
      },
      "_count": {
        "likes": 4,
        "comments": 0
      },
      "score": 0.016330191500504115,
      "isLike": true,
      "isToday": false,
      "isFollowing": false,
      "isSelf": false
    },
    {
      "id": "028cfac7-688b-4f4d-832d-1dd681b89e64",
      "authorId": "08515b05-2d3e-4789-ad60-db35525a4970",
      "imageUrl": [
        "https://res.cloudinary.com/dizcvrefo/image/upload/v1748964089/nestjs_uploads/r2x7j8rz3gfsze8o0fe7.jpg",
        "https://res.cloudinary.com/dizcvrefo/image/upload/v1748964089/nestjs_uploads/ebic5ju0e6btkxv2g526.jpg",
        "https://res.cloudinary.com/dizcvrefo/image/upload/v1748964089/nestjs_uploads/ngkhumq5qjehuoqmvxqv.jpg"
      ],
      "caption": "Di uong bia",
      "location": null,
      "tags": [
      ],
      "isPublic": true,
      "likeCount": 0,
      "commentCount": 0,
      "sharedCount": 0,
      "createdAt": "2025-06-03T15:21:31.678Z",
      "updatedAt": "2025-06-03T15:21:31.678Z",
      "author": {
        "username": "nam",
        "profilePic": "https://res.cloudinary.com/dizcvrefo/image/upload/v1749266646/nestjs_uploads/zk9zrpeidnovxibfqdxr.png"
      },
      "_count": {
        "likes": 3,
        "comments": 0
      },
      "score": 0.012462593281053855,
      "isLike": true,
      "isToday": false,
      "isFollowing": false,
      "isSelf": false
    },
    {
      "id": "45a2d709-c6c9-4887-9235-dbbd2d381827",
      "authorId": "08515b05-2d3e-4789-ad60-db35525a4970",
      "imageUrl": [
        "https://res.cloudinary.com/dizcvrefo/image/upload/v1748932129/nestjs_uploads/ecwyixgm9kf0zdng7bdp.png",
        "https://res.cloudinary.com/dizcvrefo/image/upload/v1748932129/nestjs_uploads/uhl3z1wamgjxl5o4vq1l.jpg",
        "https://res.cloudinary.com/dizcvrefo/image/upload/v1748932129/nestjs_uploads/pavlktzorkfcm5pp31io.jpg",
        "https://res.cloudinary.com/dizcvrefo/image/upload/v1748932129/nestjs_uploads/knew9jcdpmwaleoa6oov.jpg"
      ],
      "caption": "Di choi di anh em oi",
      "location": null,
      "tags": [
      ],
      "isPublic": true,
      "likeCount": 0,
      "commentCount": 0,
      "sharedCount": 0,
      "createdAt": "2025-06-03T06:28:51.322Z",
      "updatedAt": "2025-06-03T06:28:51.322Z",
      "author": {
        "username": "nam",
        "profilePic": "https://res.cloudinary.com/dizcvrefo/image/upload/v1749266646/nestjs_uploads/zk9zrpeidnovxibfqdxr.png"
      },
      "_count": {
        "likes": 3,
        "comments": 0
      },
      "score": 0.012236941297390495,
      "isLike": false,
      "isToday": false,
      "isFollowing": false,
      "isSelf": false
    },
    {
      "id": "bd9fb1fc-af49-4625-aa11-a458424d17ca",
      "authorId": "08515b05-2d3e-4789-ad60-db35525a4970",
      "imageUrl": [
        "https://res.cloudinary.com/dizcvrefo/image/upload/v1749400565/nestjs_uploads/srvf0b7b2fnsab8uqc8g.jpg",
        "https://res.cloudinary.com/dizcvrefo/image/upload/v1749400565/nestjs_uploads/u2gybzjxkewsxa1atyq4.jpg",
        "https://res.cloudinary.com/dizcvrefo/image/upload/v1749400565/nestjs_uploads/lottkkizhi1ngodzx4pp.jpg"
      ],
      "caption": "toi la NAM BO",
      "location": null,
      "tags": [
      ],
      "isPublic": true,
      "likeCount": 0,
      "commentCount": 0,
      "sharedCount": 0,
      "createdAt": "2025-06-08T16:36:04.450Z",
      "updatedAt": "2025-06-08T16:36:04.450Z",
      "author": {
        "username": "nam",
        "profilePic": "https://res.cloudinary.com/dizcvrefo/image/upload/v1749266646/nestjs_uploads/zk9zrpeidnovxibfqdxr.png"
      },
      "_count": {
        "likes": 2,
        "comments": 0
      },
      "score": 0.011104994332851479,
      "isLike": false,
      "isToday": false,
      "isFollowing": false,
      "isSelf": false
    },
    {
      "id": "007fcd52-ae77-4c58-988d-36ef78edc29b",
      "authorId": "dacf294e-491b-47ff-bd74-bfe5ddbfbdf9",
      "imageUrl": [
        "https://res.cloudinary.com/dizcvrefo/image/upload/v1748598131/nestjs_uploads/tsh3n10qz6mojbkiayhx.jpg",
        "https://res.cloudinary.com/dizcvrefo/image/upload/v1748598131/nestjs_uploads/no5fdmt60yg8li6gvwao.jpg",
        "https://res.cloudinary.com/dizcvrefo/image/upload/v1748598131/nestjs_uploads/lbn3umepxtqxjcw51mv0.jpg",
        "https://res.cloudinary.com/dizcvrefo/image/upload/v1748598131/nestjs_uploads/e4nufb9kmremurdaanw5.jpg",
        "https://res.cloudinary.com/dizcvrefo/image/upload/v1748598131/nestjs_uploads/pqwqj0gdwqfqqyct54hz.jpg",
        "https://res.cloudinary.com/dizcvrefo/image/upload/v1748598130/nestjs_uploads/dics8pfhps2jfskadthz.jpg"
      ],
      "caption": "Th? thao ?i?n t?",
      "location": null,
      "tags": [
      ],
      "isPublic": true,
      "likeCount": 0,
      "commentCount": 0,
      "sharedCount": 0,
      "createdAt": "2025-05-30T09:42:13.811Z",
      "updatedAt": "2025-05-30T09:42:13.811Z",
      "author": {
        "username": "chinh",
        "profilePic": "https://hebbkx1anhila5yf.public.blob.vercel-storage.com/image-hiZZ98WEvmBOkk3oAqffc3ReiwtEIO.png"
      },
      "_count": {
        "likes": 3,
        "comments": 0
      },
      "score": 0.0102899062318146,
      "isLike": false,
      "isToday": false,
      "isFollowing": false,
      "isSelf": false
    },
    {
      "id": "8a0e35ce-0f39-4475-b2d2-15c217983926",
      "authorId": "08515b05-2d3e-4789-ad60-db35525a4970",
      "imageUrl": [
        "https://res.cloudinary.com/dizcvrefo/image/upload/v1748597950/nestjs_uploads/siabu4jmaf7nfak5xkgc.jpg",
        "https://res.cloudinary.com/dizcvrefo/image/upload/v1748597951/nestjs_uploads/bufde4typyni9j408ua4.jpg",
        "https://res.cloudinary.com/dizcvrefo/image/upload/v1748597951/nestjs_uploads/yk6tjdkirr4a7ons7iz5.jpg"
      ],
      "caption": "?n gì không",
      "location": null,
      "tags": [
      ],
      "isPublic": true,
      "likeCount": 0,
      "commentCount": 0,
      "sharedCount": 0,
      "createdAt": "2025-05-30T09:39:13.647Z",
      "updatedAt": "2025-05-30T09:39:13.647Z",
      "author": {
        "username": "nam",
        "profilePic": "https://res.cloudinary.com/dizcvrefo/image/upload/v1749266646/nestjs_uploads/zk9zrpeidnovxibfqdxr.png"
      },
      "_count": {
        "likes": 3,
        "comments": 0
      },
      "score": 0.010289023152267963,
      "isLike": false,
      "isToday": false,
      "isFollowing": false,
      "isSelf": false
    },
    {
      "id": "b96886bd-5f00-41af-a440-152f360f1657",
      "authorId": "08515b05-2d3e-4789-ad60-db35525a4970",
      "imageUrl": [
        "https://res.cloudinary.com/dizcvrefo/image/upload/v1748597371/nestjs_uploads/vce2gudp9o4mm4fn8xt0.jpg",
        "https://res.cloudinary.com/dizcvrefo/image/upload/v1748597372/nestjs_uploads/u691vkjqxrek1dv0wtbm.jpg",
        "https://res.cloudinary.com/dizcvrefo/image/upload/v1748597371/nestjs_uploads/feqbcopm8ge8maj3hu6k.jpg"
      ],
      "caption": "ok",
      "location": null,
      "tags": [
      ],
      "isPublic": true,
      "likeCount": 0,
      "commentCount": 0,
      "sharedCount": 0,
      "createdAt": "2025-05-30T09:29:34.405Z",
      "updatedAt": "2025-05-30T09:29:34.405Z",
      "author": {
        "username": "nam",
        "profilePic": "https://res.cloudinary.com/dizcvrefo/image/upload/v1749266646/nestjs_uploads/zk9zrpeidnovxibfqdxr.png"
      },
      "_count": {
        "likes": 3,
        "comments": 0
      },
      "score": 0.010286185006031078,
      "isLike": false,
      "isToday": false,
      "isFollowing": false,
      "isSelf": false
    },
    {
      "id": "479ed759-3811-4b84-8141-bff184fae4b8",
      "authorId": "dacf294e-491b-47ff-bd74-bfe5ddbfbdf9",
      "imageUrl": [
        "https://res.cloudinary.com/dizcvrefo/image/upload/v1748596741/nestjs_uploads/g8vk3zn2rfop6caitmfb.jpg",
        "https://res.cloudinary.com/dizcvrefo/image/upload/v1748596741/nestjs_uploads/cqcspqsifpg0ndthyuax.jpg",
        "https://res.cloudinary.com/dizcvrefo/image/upload/v1748596741/nestjs_uploads/hc3svmdbfotscvcctfoq.jpg",
        "https://res.cloudinary.com/dizcvrefo/image/upload/v1748596742/nestjs_uploads/fxjvluy2vpyfuspukumf.jpg",
        "https://res.cloudinary.com/dizcvrefo/image/upload/v1748596741/nestjs_uploads/sb38euks3gzg5f92uiig.jpg"
      ],
      "caption": "Village",
      "location": null,
      "tags": [
      ],
      "isPublic": true,
      "likeCount": 0,
      "commentCount": 0,
      "sharedCount": 0,
      "createdAt": "2025-05-30T09:19:04.180Z",
      "updatedAt": "2025-05-30T09:19:04.180Z",
      "author": {
        "username": "chinh",
        "profilePic": "https://hebbkx1anhila5yf.public.blob.vercel-storage.com/image-hiZZ98WEvmBOkk3oAqffc3ReiwtEIO.png"
      },
      "_count": {
        "likes": 3,
        "comments": 0
      },
      "score": 0.010283098833389865,
      "isLike": false,
      "isToday": false,
      "isFollowing": false,
      "isSelf": false
    },
    {
      "id": "9ef01284-6f35-4f8a-9d58-3f5891acc766",
      "authorId": "dacf294e-491b-47ff-bd74-bfe5ddbfbdf9",
      "imageUrl": [
        "https://res.cloudinary.com/dizcvrefo/image/upload/v1748596489/nestjs_uploads/ue1yvhe1qzvlc2pmkjee.jpg",
        "https://res.cloudinary.com/dizcvrefo/image/upload/v1748596493/nestjs_uploads/bm3pcnpqmnppnsuq0pv9.jpg",
        "https://res.cloudinary.com/dizcvrefo/image/upload/v1748596489/nestjs_uploads/q6nipodzp1mdnpm1p13g.jpg",
        "https://res.cloudinary.com/dizcvrefo/image/upload/v1748596489/nestjs_uploads/icygr75zfmxk0ehqsnwo.jpg",
        "https://res.cloudinary.com/dizcvrefo/image/upload/v1748596489/nestjs_uploads/ghgd01xzcaxpra5httqg.jpg",
        "https://res.cloudinary.com/dizcvrefo/image/upload/v1748596489/nestjs_uploads/o53mpfip4l7dbjbd7wcw.jpg"
      ],
      "caption": "Nh?u",
      "location": null,
      "tags": [
      ],
      "isPublic": true,
      "likeCount": 0,
      "commentCount": 0,
      "sharedCount": 0,
      "createdAt": "2025-05-30T09:14:54.972Z",
      "updatedAt": "2025-05-30T09:14:54.972Z",
      "author": {
        "username": "chinh",
        "profilePic": "https://hebbkx1anhila5yf.public.blob.vercel-storage.com/image-hiZZ98WEvmBOkk3oAqffc3ReiwtEIO.png"
      },
      "_count": {
        "likes": 3,
        "comments": 0
      },
      "score": 0.010281878988175445,
      "isLike": false,
      "isToday": false,
      "isFollowing": false,
      "isSelf": false
    },
    {
      "id": "d79e9a48-ca20-40fd-bb11-ed7302657db9",
      "authorId": "08515b05-2d3e-4789-ad60-db35525a4970",
      "imageUrl": [
        "https://res.cloudinary.com/dizcvrefo/image/upload/v1749382783/nestjs_uploads/buqh5wktqj3y5etgfxok.jpg",
        "https://res.cloudinary.com/dizcvrefo/image/upload/v1749382789/nestjs_uploads/wjm5idulrdjhv7yuc477.jpg",
        "https://res.cloudinary.com/dizcvrefo/image/upload/v1749382781/nestjs_uploads/ztoyccvbrahzxkbm7mxb.jpg",
        "https://res.cloudinary.com/dizcvrefo/image/upload/v1749383075/nestjs_uploads/yjbnpjozb3x4suirhe9d.jpg",
        "https://res.cloudinary.com/dizcvrefo/image/upload/v1749383076/nestjs_uploads/wurnhokpsyvvjg60iceu.jpg"
      ],
      "caption": "Hôm nay là th? 7 em thích ?i thích ?i vào bar u?ng ? ???",
      "location": null,
      "tags": [
      ],
      "isPublic": true,
      "likeCount": 0,
      "commentCount": 0,
      "sharedCount": 0,
      "createdAt": "2025-05-28T09:56:16.976Z",
      "updatedAt": "2025-06-08T11:44:37.991Z",
      "author": {
        "username": "nam",
        "profilePic": "https://res.cloudinary.com/dizcvrefo/image/upload/v1749266646/nestjs_uploads/zk9zrpeidnovxibfqdxr.png"
      },
      "_count": {
        "likes": 3,
        "comments": 0
      },
      "score": 0.009510804178438664,
      "isLike": false,
      "isToday": false,
      "isFollowing": false,
      "isSelf": false
    },
    {
      "id": "e3f481cc-53c6-41c8-9a28-cd2f9c4f2f46",
      "authorId": "2b84aa24-668a-40e2-af1c-ad4fc4fa5a6f",
      "imageUrl": [
        "https://res.cloudinary.com/dizcvrefo/image/upload/v1749027663/nestjs_uploads/nuuktb6j4oy5jnuyt3ws.jpg",
        "https://res.cloudinary.com/dizcvrefo/image/upload/v1749027663/nestjs_uploads/aa03sao5n7bkhyhhrovx.jpg",
        "https://res.cloudinary.com/dizcvrefo/image/upload/v1749027663/nestjs_uploads/hic88kwvdqoltmqsueim.jpg",
        "https://res.cloudinary.com/dizcvrefo/image/upload/v1749027664/nestjs_uploads/hrnmt9e7g7pavf2fxwyw.png",
        "https://res.cloudinary.com/dizcvrefo/image/upload/v1749027664/nestjs_uploads/oxa2hbuxzj3lngjbubpf.jpg",
        "https://res.cloudinary.com/dizcvrefo/image/upload/v1749027663/nestjs_uploads/scrigmpzvmixwv9ddfnl.jpg",
        "https://res.cloudinary.com/dizcvrefo/image/upload/v1749027664/nestjs_uploads/wpnyt5jyz8lgj2bvprin.jpg"
      ],
      "caption": "Buon that, hom nay toi thi truot",
      "location": null,
      "tags": [
      ],
      "isPublic": true,
      "likeCount": 0,
      "commentCount": 0,
      "sharedCount": 0,
      "createdAt": "2025-06-04T09:01:06.391Z",
      "updatedAt": "2025-06-04T09:01:06.391Z",
      "author": {
        "username": "quang1",
        "profilePic": "https://res.cloudinary.com/dizcvrefo/image/upload/v1749027586/nestjs_uploads/xehairydt9rzlbmbmv4c.jpg"
      },
      "_count": {
        "likes": 2,
        "comments": 0
      },
      "score": 0.008624758776502572,
      "isLike": true,
      "isToday": false,
      "isFollowing": false,
      "isSelf": false
    },
    {
      "id": "9c4e8842-ced5-492b-9423-890177a28564",
      "authorId": "2b84aa24-668a-40e2-af1c-ad4fc4fa5a6f",
      "imageUrl": [
        "https://res.cloudinary.com/dizcvrefo/image/upload/v1748659538/nestjs_uploads/n4mg888um8bynequtdtp.jpg",
        "https://res.cloudinary.com/dizcvrefo/image/upload/v1748659538/nestjs_uploads/mfqojpf1bufduxfh0j0n.jpg",
        "https://res.cloudinary.com/dizcvrefo/image/upload/v1748659538/nestjs_uploads/vx9qkwao5v4hdeqiplsp.jpg",
        "https://res.cloudinary.com/dizcvrefo/image/upload/v1748659538/nestjs_uploads/r2sv0p0echvnrwqxoswu.jpg"
      ],
      "caption": "Ha noi nay tro gio",
      "location": null,
      "tags": [
      ],
      "isPublic": true,
      "likeCount": 0,
      "commentCount": 0,
      "sharedCount": 0,
      "createdAt": "2025-05-31T02:45:39.688Z",
      "updatedAt": "2025-05-31T02:45:39.688Z",
      "author": {
        "username": "quang1",
        "profilePic": "https://res.cloudinary.com/dizcvrefo/image/upload/v1749027586/nestjs_uploads/xehairydt9rzlbmbmv4c.jpg"
      },
      "_count": {
        "likes": 2,
        "comments": 0
      },
      "score": 0.007066657071193276,
      "isLike": false,
      "isToday": false,
      "isFollowing": false,
      "isSelf": false
    },
    {
      "id": "52cfd912-292f-4fbf-9240-3000d608dcd4",
      "authorId": "e7b38cb7-6701-40d9-a3bd-f53fc4d43457",
      "imageUrl": [
        "https://res.cloudinary.com/dizcvrefo/image/upload/v1749316896/nestjs_uploads/lc1jqjzblqshqho7eavx.jpg"
      ],
      "caption": "This is my first post",
      "location": null,
      "tags": [
      ],
      "isPublic": true,
      "likeCount": 0,
      "commentCount": 0,
      "sharedCount": 0,
      "createdAt": "2025-05-14T05:28:07.619Z",
      "updatedAt": "2025-06-07T17:21:37.389Z",
      "author": {
        "username": "ductrong",
        "profilePic": null
      },
      "_count": {
        "likes": 3,
        "comments": 0
      },
      "score": 0.0061770926388749516,
      "isLike": false,
      "isToday": false,
      "isFollowing": false,
      "isSelf": false
    },
    {
      "id": "7918bc4d-383d-462e-afab-91099bc69905",
      "authorId": "08515b05-2d3e-4789-ad60-db35525a4970",
      "imageUrl": [
        "https://res.cloudinary.com/dizcvrefo/image/upload/v1749449962/nestjs_uploads/h3loqo8k5fpmi2ipdtof.jpg"
      ],
      "caption": "??p trai thì m?i có nhi?u ??a yêu h? h?",
      "location": null,
      "tags": [
      ],
      "isPublic": true,
      "likeCount": 0,
      "commentCount": 0,
      "sharedCount": 0,
      "createdAt": "2025-06-09T06:19:23.318Z",
      "updatedAt": "2025-06-09T06:19:23.318Z",
      "author": {
        "username": "nam",
        "profilePic": "https://res.cloudinary.com/dizcvrefo/image/upload/v1749266646/nestjs_uploads/zk9zrpeidnovxibfqdxr.png"
      },
      "_count": {
        "likes": 1,
        "comments": 0
      },
      "score": 0.005772399178085398,
      "isLike": false,
      "isToday": false,
      "isFollowing": false,
      "isSelf": false
    },
    {
      "id": "0c10c426-3d53-443a-8155-39234544c693",
      "authorId": "08515b05-2d3e-4789-ad60-db35525a4970",
      "imageUrl": [
        "https://res.cloudinary.com/dizcvrefo/image/upload/v1749397668/nestjs_uploads/umpwoepazt6it2racqhe.webp",
        "https://res.cloudinary.com/dizcvrefo/image/upload/v1749397668/nestjs_uploads/hcj53nurl5lpudcfaz3f.webp",
        "https://res.cloudinary.com/dizcvrefo/image/upload/v1749397668/nestjs_uploads/qv1vfbg7k6lkeldhb7e3.webp",
        "https://res.cloudinary.com/dizcvrefo/image/upload/v1749397668/nestjs_uploads/c6ruaxtyahilompxxej9.webp"
      ],
      "caption": "Tr?i xanh mây tr?ng",
      "location": null,
      "tags": [
      ],
      "isPublic": true,
      "likeCount": 0,
      "commentCount": 0,
      "sharedCount": 0,
      "createdAt": "2025-06-08T15:47:50.242Z",
      "updatedAt": "2025-06-08T15:47:50.242Z",
      "author": {
        "username": "nam",
        "profilePic": "https://res.cloudinary.com/dizcvrefo/image/upload/v1749266646/nestjs_uploads/zk9zrpeidnovxibfqdxr.png"
      },
      "_count": {
        "likes": 1,
        "comments": 0
      },
      "score": 0.005540131837070737,
      "isLike": false,
      "isToday": false,
      "isFollowing": false,
      "isSelf": false
    },
    {
      "id": "d296ef84-ae0f-4d14-a91a-15dd66bc0dac",
      "authorId": "08515b05-2d3e-4789-ad60-db35525a4970",
      "imageUrl": [
        "https://res.cloudinary.com/dizcvrefo/image/upload/v1749397436/nestjs_uploads/w9d8ldmhonbzeenkcxpb.jpg",
        "https://res.cloudinary.com/dizcvrefo/image/upload/v1749397436/nestjs_uploads/g8xrn89xfaz4ssvslueo.jpg",
        "https://res.cloudinary.com/dizcvrefo/image/upload/v1749397436/nestjs_uploads/wggtlkgkwlcrmgrhskup.jpg"
      ],
      "caption": "??ng tìm nhau vào hôm gió m?a t?i b?i",
      "location": null,
      "tags": [
      ],
      "isPublic": true,
      "likeCount": 0,
      "commentCount": 0,
      "sharedCount": 0,
      "createdAt": "2025-06-08T15:43:57.895Z",
      "updatedAt": "2025-06-08T15:43:57.895Z",
      "author": {
        "username": "nam",
        "profilePic": "https://res.cloudinary.com/dizcvrefo/image/upload/v1749266646/nestjs_uploads/zk9zrpeidnovxibfqdxr.png"
      },
      "_count": {
        "likes": 1,
        "comments": 0
      },
      "score": 0.005539141536259165,
      "isLike": false,
      "isToday": false,
      "isFollowing": false,
      "isSelf": false
    },
    {
      "id": "f1eae5ad-ef38-43e0-a9b8-1c1e0c2f6efd",
      "authorId": "08515b05-2d3e-4789-ad60-db35525a4970",
      "imageUrl": [
        "https://res.cloudinary.com/dizcvrefo/image/upload/v1749397189/nestjs_uploads/n24psljoc11kfpxrlozi.jpg",
        "https://res.cloudinary.com/dizcvrefo/image/upload/v1749397188/nestjs_uploads/ebdf0uii6p2yc3m30ruv.webp",
        "https://res.cloudinary.com/dizcvrefo/image/upload/v1749397188/nestjs_uploads/vrc16ao0luptsqlvep2z.webp"
      ],
      "caption": "Trong ??m gì ??p b?ng sen",
      "location": null,
      "tags": [
      ],
      "isPublic": true,
      "likeCount": 0,
      "commentCount": 0,
      "sharedCount": 0,
      "createdAt": "2025-06-08T15:39:50.851Z",
      "updatedAt": "2025-06-08T15:39:50.851Z",
      "author": {
        "username": "nam",
        "profilePic": "https://res.cloudinary.com/dizcvrefo/image/upload/v1749266646/nestjs_uploads/zk9zrpeidnovxibfqdxr.png"
      },
      "_count": {
        "likes": 1,
        "comments": 0
      },
      "score": 0.005538088982695536,
      "isLike": false,
      "isToday": false,
      "isFollowing": false,
      "isSelf": false
    },
    {
      "id": "546e44ab-45c4-4412-83c9-4a2cd786d46f",
      "authorId": "08515b05-2d3e-4789-ad60-db35525a4970",
      "imageUrl": [
        "https://res.cloudinary.com/dizcvrefo/image/upload/v1749223872/nestjs_uploads/u1lkztc9gc8jfijtppib.jpg",
        "https://res.cloudinary.com/dizcvrefo/image/upload/v1749223872/nestjs_uploads/hvbjhzpqvpw9kjrejiko.jpg",
        "https://res.cloudinary.com/dizcvrefo/image/upload/v1749223872/nestjs_uploads/a9s8eujvzsy7sminvaaw.jpg",
        "https://res.cloudinary.com/dizcvrefo/image/upload/v1749223872/nestjs_uploads/l0darr6gsfvyaz3udhvr.jpg"
      ],
      "caption": "Th?i ti?t nóng nh? cái lò",
      "location": null,
      "tags": [
      ],
      "isPublic": true,
      "likeCount": 0,
      "commentCount": 0,
      "sharedCount": 0,
      "createdAt": "2025-06-06T15:31:13.422Z",
      "updatedAt": "2025-06-06T15:31:13.422Z",
      "author": {
        "username": "nam",
        "profilePic": "https://res.cloudinary.com/dizcvrefo/image/upload/v1749266646/nestjs_uploads/zk9zrpeidnovxibfqdxr.png"
      },
      "_count": {
        "likes": 1,
        "comments": 0
      },
      "score": 0.004886640520850399,
      "isLike": false,
      "isToday": false,
      "isFollowing": false,
      "isSelf": false
    },
    {
      "id": "d227a0c8-1c22-46cc-b7d2-4cdc49559d5a",
      "authorId": "08515b05-2d3e-4789-ad60-db35525a4970",
      "imageUrl": [
        "https://res.cloudinary.com/dizcvrefo/image/upload/v1749396710/nestjs_uploads/rbfbkt8z02milpnwumdf.jpg",
        "https://res.cloudinary.com/dizcvrefo/image/upload/v1749396710/nestjs_uploads/vgcadq2d5bc0n7ccenbd.jpg",
        "https://res.cloudinary.com/dizcvrefo/image/upload/v1749396710/nestjs_uploads/mnxecfqiyziizzhgvpkx.jpg",
        "https://res.cloudinary.com/dizcvrefo/image/upload/v1749396710/nestjs_uploads/ejjhcrbzulhtddkxenrb.jpg"
      ],
      "caption": "Qu?c t? thi?u nhi",
      "location": null,
      "tags": [
      ],
      "isPublic": true,
      "likeCount": 0,
      "commentCount": 0,
      "sharedCount": 0,
      "createdAt": "2025-06-08T15:31:52.624Z",
      "updatedAt": "2025-06-08T15:31:52.624Z",
      "author": {
        "username": "nam",
        "profilePic": "https://res.cloudinary.com/dizcvrefo/image/upload/v1749266646/nestjs_uploads/zk9zrpeidnovxibfqdxr.png"
      },
      "_count": {
        "likes": 0,
        "comments": 0
      },
      "score": 0,
      "isLike": false,
      "isToday": false,
      "isFollowing": false,
      "isSelf": false
    }
  ]
}


23:47:58.311 [main] INFO com.intuit.karate -- [print] Calling getPostsFeed API v?i bearerToken: eyJhbGciOiJIUzI1NiIsInR5cCI6IkpXVCJ9.eyJzdWIiOiJmNjI4NDUzMi04ZjFlLTRiMDUtYWM1NC1kODAzNzM4NmU4MGMiLCJ1c2VybmFtZSI6InVzZXJubzIiLCJyb2xlIjowLCJpYXQiOjE3NTA2OTQzNTQsImV4cCI6MTc1MDY5Nzk1NH0.cn4pcMTzJbKyd0aw-bN_KvZNRCfEwxef9wljw6vUgkw 
23:47:58.311 [main] INFO com.intuit.karate -- [print] Query params: {
  "page": "1",
  "limit": "1000"
}
 
23:47:58.311 [main] INFO com.intuit.karate -- [print] Response status: 200 body: {
  "message": "Feed",
  "statusCode": 200,
  "status": "success",
  "data": [
    {
      "id": "c8151412-bc98-49ec-88ff-57b89cc2ce67",
      "authorId": "08515b05-2d3e-4789-ad60-db35525a4970",
      "imageUrl": [
        "https://res.cloudinary.com/dizcvrefo/image/upload/v1748933672/nestjs_uploads/rpehmvwkwptjktjzllxz.jpg",
        "https://res.cloudinary.com/dizcvrefo/image/upload/v1748933672/nestjs_uploads/xl8wce3gldsuaekfnfwo.jpg",
        "https://res.cloudinary.com/dizcvrefo/image/upload/v1748933671/nestjs_uploads/ee1ntt1feukxfszhma1b.jpg"
      ],
      "caption": "Moi di hom nay",
      "location": null,
      "tags": [
      ],
      "isPublic": true,
      "likeCount": 0,
      "commentCount": 0,
      "sharedCount": 0,
      "createdAt": "2025-06-03T06:54:33.756Z",
      "updatedAt": "2025-06-03T06:54:33.756Z",
      "author": {
        "username": "nam",
        "profilePic": "https://res.cloudinary.com/dizcvrefo/image/upload/v1749266646/nestjs_uploads/zk9zrpeidnovxibfqdxr.png"
      },
      "_count": {
        "likes": 4,
        "comments": 0
      },
      "score": 0.016330191500504115,
      "isLike": true,
      "isToday": false,
      "isFollowing": false,
      "isSelf": false
    },
    {
      "id": "028cfac7-688b-4f4d-832d-1dd681b89e64",
      "authorId": "08515b05-2d3e-4789-ad60-db35525a4970",
      "imageUrl": [
        "https://res.cloudinary.com/dizcvrefo/image/upload/v1748964089/nestjs_uploads/r2x7j8rz3gfsze8o0fe7.jpg",
        "https://res.cloudinary.com/dizcvrefo/image/upload/v1748964089/nestjs_uploads/ebic5ju0e6btkxv2g526.jpg",
        "https://res.cloudinary.com/dizcvrefo/image/upload/v1748964089/nestjs_uploads/ngkhumq5qjehuoqmvxqv.jpg"
      ],
      "caption": "Di uong bia",
      "location": null,
      "tags": [
      ],
      "isPublic": true,
      "likeCount": 0,
      "commentCount": 0,
      "sharedCount": 0,
      "createdAt": "2025-06-03T15:21:31.678Z",
      "updatedAt": "2025-06-03T15:21:31.678Z",
      "author": {
        "username": "nam",
        "profilePic": "https://res.cloudinary.com/dizcvrefo/image/upload/v1749266646/nestjs_uploads/zk9zrpeidnovxibfqdxr.png"
      },
      "_count": {
        "likes": 3,
        "comments": 0
      },
      "score": 0.012462593281053855,
      "isLike": true,
      "isToday": false,
      "isFollowing": false,
      "isSelf": false
    },
    {
      "id": "45a2d709-c6c9-4887-9235-dbbd2d381827",
      "authorId": "08515b05-2d3e-4789-ad60-db35525a4970",
      "imageUrl": [
        "https://res.cloudinary.com/dizcvrefo/image/upload/v1748932129/nestjs_uploads/ecwyixgm9kf0zdng7bdp.png",
        "https://res.cloudinary.com/dizcvrefo/image/upload/v1748932129/nestjs_uploads/uhl3z1wamgjxl5o4vq1l.jpg",
        "https://res.cloudinary.com/dizcvrefo/image/upload/v1748932129/nestjs_uploads/pavlktzorkfcm5pp31io.jpg",
        "https://res.cloudinary.com/dizcvrefo/image/upload/v1748932129/nestjs_uploads/knew9jcdpmwaleoa6oov.jpg"
      ],
      "caption": "Di choi di anh em oi",
      "location": null,
      "tags": [
      ],
      "isPublic": true,
      "likeCount": 0,
      "commentCount": 0,
      "sharedCount": 0,
      "createdAt": "2025-06-03T06:28:51.322Z",
      "updatedAt": "2025-06-03T06:28:51.322Z",
      "author": {
        "username": "nam",
        "profilePic": "https://res.cloudinary.com/dizcvrefo/image/upload/v1749266646/nestjs_uploads/zk9zrpeidnovxibfqdxr.png"
      },
      "_count": {
        "likes": 3,
        "comments": 0
      },
      "score": 0.012236941297390495,
      "isLike": false,
      "isToday": false,
      "isFollowing": false,
      "isSelf": false
    },
    {
      "id": "bd9fb1fc-af49-4625-aa11-a458424d17ca",
      "authorId": "08515b05-2d3e-4789-ad60-db35525a4970",
      "imageUrl": [
        "https://res.cloudinary.com/dizcvrefo/image/upload/v1749400565/nestjs_uploads/srvf0b7b2fnsab8uqc8g.jpg",
        "https://res.cloudinary.com/dizcvrefo/image/upload/v1749400565/nestjs_uploads/u2gybzjxkewsxa1atyq4.jpg",
        "https://res.cloudinary.com/dizcvrefo/image/upload/v1749400565/nestjs_uploads/lottkkizhi1ngodzx4pp.jpg"
      ],
      "caption": "toi la NAM BO",
      "location": null,
      "tags": [
      ],
      "isPublic": true,
      "likeCount": 0,
      "commentCount": 0,
      "sharedCount": 0,
      "createdAt": "2025-06-08T16:36:04.450Z",
      "updatedAt": "2025-06-08T16:36:04.450Z",
      "author": {
        "username": "nam",
        "profilePic": "https://res.cloudinary.com/dizcvrefo/image/upload/v1749266646/nestjs_uploads/zk9zrpeidnovxibfqdxr.png"
      },
      "_count": {
        "likes": 2,
        "comments": 0
      },
      "score": 0.011104994332851479,
      "isLike": false,
      "isToday": false,
      "isFollowing": false,
      "isSelf": false
    },
    {
      "id": "007fcd52-ae77-4c58-988d-36ef78edc29b",
      "authorId": "dacf294e-491b-47ff-bd74-bfe5ddbfbdf9",
      "imageUrl": [
        "https://res.cloudinary.com/dizcvrefo/image/upload/v1748598131/nestjs_uploads/tsh3n10qz6mojbkiayhx.jpg",
        "https://res.cloudinary.com/dizcvrefo/image/upload/v1748598131/nestjs_uploads/no5fdmt60yg8li6gvwao.jpg",
        "https://res.cloudinary.com/dizcvrefo/image/upload/v1748598131/nestjs_uploads/lbn3umepxtqxjcw51mv0.jpg",
        "https://res.cloudinary.com/dizcvrefo/image/upload/v1748598131/nestjs_uploads/e4nufb9kmremurdaanw5.jpg",
        "https://res.cloudinary.com/dizcvrefo/image/upload/v1748598131/nestjs_uploads/pqwqj0gdwqfqqyct54hz.jpg",
        "https://res.cloudinary.com/dizcvrefo/image/upload/v1748598130/nestjs_uploads/dics8pfhps2jfskadthz.jpg"
      ],
      "caption": "Th? thao ?i?n t?",
      "location": null,
      "tags": [
      ],
      "isPublic": true,
      "likeCount": 0,
      "commentCount": 0,
      "sharedCount": 0,
      "createdAt": "2025-05-30T09:42:13.811Z",
      "updatedAt": "2025-05-30T09:42:13.811Z",
      "author": {
        "username": "chinh",
        "profilePic": "https://hebbkx1anhila5yf.public.blob.vercel-storage.com/image-hiZZ98WEvmBOkk3oAqffc3ReiwtEIO.png"
      },
      "_count": {
        "likes": 3,
        "comments": 0
      },
      "score": 0.0102899062318146,
      "isLike": false,
      "isToday": false,
      "isFollowing": false,
      "isSelf": false
    },
    {
      "id": "8a0e35ce-0f39-4475-b2d2-15c217983926",
      "authorId": "08515b05-2d3e-4789-ad60-db35525a4970",
      "imageUrl": [
        "https://res.cloudinary.com/dizcvrefo/image/upload/v1748597950/nestjs_uploads/siabu4jmaf7nfak5xkgc.jpg",
        "https://res.cloudinary.com/dizcvrefo/image/upload/v1748597951/nestjs_uploads/bufde4typyni9j408ua4.jpg",
        "https://res.cloudinary.com/dizcvrefo/image/upload/v1748597951/nestjs_uploads/yk6tjdkirr4a7ons7iz5.jpg"
      ],
      "caption": "?n gì không",
      "location": null,
      "tags": [
      ],
      "isPublic": true,
      "likeCount": 0,
      "commentCount": 0,
      "sharedCount": 0,
      "createdAt": "2025-05-30T09:39:13.647Z",
      "updatedAt": "2025-05-30T09:39:13.647Z",
      "author": {
        "username": "nam",
        "profilePic": "https://res.cloudinary.com/dizcvrefo/image/upload/v1749266646/nestjs_uploads/zk9zrpeidnovxibfqdxr.png"
      },
      "_count": {
        "likes": 3,
        "comments": 0
      },
      "score": 0.010289023152267963,
      "isLike": false,
      "isToday": false,
      "isFollowing": false,
      "isSelf": false
    },
    {
      "id": "b96886bd-5f00-41af-a440-152f360f1657",
      "authorId": "08515b05-2d3e-4789-ad60-db35525a4970",
      "imageUrl": [
        "https://res.cloudinary.com/dizcvrefo/image/upload/v1748597371/nestjs_uploads/vce2gudp9o4mm4fn8xt0.jpg",
        "https://res.cloudinary.com/dizcvrefo/image/upload/v1748597372/nestjs_uploads/u691vkjqxrek1dv0wtbm.jpg",
        "https://res.cloudinary.com/dizcvrefo/image/upload/v1748597371/nestjs_uploads/feqbcopm8ge8maj3hu6k.jpg"
      ],
      "caption": "ok",
      "location": null,
      "tags": [
      ],
      "isPublic": true,
      "likeCount": 0,
      "commentCount": 0,
      "sharedCount": 0,
      "createdAt": "2025-05-30T09:29:34.405Z",
      "updatedAt": "2025-05-30T09:29:34.405Z",
      "author": {
        "username": "nam",
        "profilePic": "https://res.cloudinary.com/dizcvrefo/image/upload/v1749266646/nestjs_uploads/zk9zrpeidnovxibfqdxr.png"
      },
      "_count": {
        "likes": 3,
        "comments": 0
      },
      "score": 0.010286185006031078,
      "isLike": false,
      "isToday": false,
      "isFollowing": false,
      "isSelf": false
    },
    {
      "id": "479ed759-3811-4b84-8141-bff184fae4b8",
      "authorId": "dacf294e-491b-47ff-bd74-bfe5ddbfbdf9",
      "imageUrl": [
        "https://res.cloudinary.com/dizcvrefo/image/upload/v1748596741/nestjs_uploads/g8vk3zn2rfop6caitmfb.jpg",
        "https://res.cloudinary.com/dizcvrefo/image/upload/v1748596741/nestjs_uploads/cqcspqsifpg0ndthyuax.jpg",
        "https://res.cloudinary.com/dizcvrefo/image/upload/v1748596741/nestjs_uploads/hc3svmdbfotscvcctfoq.jpg",
        "https://res.cloudinary.com/dizcvrefo/image/upload/v1748596742/nestjs_uploads/fxjvluy2vpyfuspukumf.jpg",
        "https://res.cloudinary.com/dizcvrefo/image/upload/v1748596741/nestjs_uploads/sb38euks3gzg5f92uiig.jpg"
      ],
      "caption": "Village",
      "location": null,
      "tags": [
      ],
      "isPublic": true,
      "likeCount": 0,
      "commentCount": 0,
      "sharedCount": 0,
      "createdAt": "2025-05-30T09:19:04.180Z",
      "updatedAt": "2025-05-30T09:19:04.180Z",
      "author": {
        "username": "chinh",
        "profilePic": "https://hebbkx1anhila5yf.public.blob.vercel-storage.com/image-hiZZ98WEvmBOkk3oAqffc3ReiwtEIO.png"
      },
      "_count": {
        "likes": 3,
        "comments": 0
      },
      "score": 0.010283098833389865,
      "isLike": false,
      "isToday": false,
      "isFollowing": false,
      "isSelf": false
    },
    {
      "id": "9ef01284-6f35-4f8a-9d58-3f5891acc766",
      "authorId": "dacf294e-491b-47ff-bd74-bfe5ddbfbdf9",
      "imageUrl": [
        "https://res.cloudinary.com/dizcvrefo/image/upload/v1748596489/nestjs_uploads/ue1yvhe1qzvlc2pmkjee.jpg",
        "https://res.cloudinary.com/dizcvrefo/image/upload/v1748596493/nestjs_uploads/bm3pcnpqmnppnsuq0pv9.jpg",
        "https://res.cloudinary.com/dizcvrefo/image/upload/v1748596489/nestjs_uploads/q6nipodzp1mdnpm1p13g.jpg",
        "https://res.cloudinary.com/dizcvrefo/image/upload/v1748596489/nestjs_uploads/icygr75zfmxk0ehqsnwo.jpg",
        "https://res.cloudinary.com/dizcvrefo/image/upload/v1748596489/nestjs_uploads/ghgd01xzcaxpra5httqg.jpg",
        "https://res.cloudinary.com/dizcvrefo/image/upload/v1748596489/nestjs_uploads/o53mpfip4l7dbjbd7wcw.jpg"
      ],
      "caption": "Nh?u",
      "location": null,
      "tags": [
      ],
      "isPublic": true,
      "likeCount": 0,
      "commentCount": 0,
      "sharedCount": 0,
      "createdAt": "2025-05-30T09:14:54.972Z",
      "updatedAt": "2025-05-30T09:14:54.972Z",
      "author": {
        "username": "chinh",
        "profilePic": "https://hebbkx1anhila5yf.public.blob.vercel-storage.com/image-hiZZ98WEvmBOkk3oAqffc3ReiwtEIO.png"
      },
      "_count": {
        "likes": 3,
        "comments": 0
      },
      "score": 0.010281878988175445,
      "isLike": false,
      "isToday": false,
      "isFollowing": false,
      "isSelf": false
    },
    {
      "id": "d79e9a48-ca20-40fd-bb11-ed7302657db9",
      "authorId": "08515b05-2d3e-4789-ad60-db35525a4970",
      "imageUrl": [
        "https://res.cloudinary.com/dizcvrefo/image/upload/v1749382783/nestjs_uploads/buqh5wktqj3y5etgfxok.jpg",
        "https://res.cloudinary.com/dizcvrefo/image/upload/v1749382789/nestjs_uploads/wjm5idulrdjhv7yuc477.jpg",
        "https://res.cloudinary.com/dizcvrefo/image/upload/v1749382781/nestjs_uploads/ztoyccvbrahzxkbm7mxb.jpg",
        "https://res.cloudinary.com/dizcvrefo/image/upload/v1749383075/nestjs_uploads/yjbnpjozb3x4suirhe9d.jpg",
        "https://res.cloudinary.com/dizcvrefo/image/upload/v1749383076/nestjs_uploads/wurnhokpsyvvjg60iceu.jpg"
      ],
      "caption": "Hôm nay là th? 7 em thích ?i thích ?i vào bar u?ng ? ???",
      "location": null,
      "tags": [
      ],
      "isPublic": true,
      "likeCount": 0,
      "commentCount": 0,
      "sharedCount": 0,
      "createdAt": "2025-05-28T09:56:16.976Z",
      "updatedAt": "2025-06-08T11:44:37.991Z",
      "author": {
        "username": "nam",
        "profilePic": "https://res.cloudinary.com/dizcvrefo/image/upload/v1749266646/nestjs_uploads/zk9zrpeidnovxibfqdxr.png"
      },
      "_count": {
        "likes": 3,
        "comments": 0
      },
      "score": 0.009510804178438664,
      "isLike": false,
      "isToday": false,
      "isFollowing": false,
      "isSelf": false
    },
    {
      "id": "e3f481cc-53c6-41c8-9a28-cd2f9c4f2f46",
      "authorId": "2b84aa24-668a-40e2-af1c-ad4fc4fa5a6f",
      "imageUrl": [
        "https://res.cloudinary.com/dizcvrefo/image/upload/v1749027663/nestjs_uploads/nuuktb6j4oy5jnuyt3ws.jpg",
        "https://res.cloudinary.com/dizcvrefo/image/upload/v1749027663/nestjs_uploads/aa03sao5n7bkhyhhrovx.jpg",
        "https://res.cloudinary.com/dizcvrefo/image/upload/v1749027663/nestjs_uploads/hic88kwvdqoltmqsueim.jpg",
        "https://res.cloudinary.com/dizcvrefo/image/upload/v1749027664/nestjs_uploads/hrnmt9e7g7pavf2fxwyw.png",
        "https://res.cloudinary.com/dizcvrefo/image/upload/v1749027664/nestjs_uploads/oxa2hbuxzj3lngjbubpf.jpg",
        "https://res.cloudinary.com/dizcvrefo/image/upload/v1749027663/nestjs_uploads/scrigmpzvmixwv9ddfnl.jpg",
        "https://res.cloudinary.com/dizcvrefo/image/upload/v1749027664/nestjs_uploads/wpnyt5jyz8lgj2bvprin.jpg"
      ],
      "caption": "Buon that, hom nay toi thi truot",
      "location": null,
      "tags": [
      ],
      "isPublic": true,
      "likeCount": 0,
      "commentCount": 0,
      "sharedCount": 0,
      "createdAt": "2025-06-04T09:01:06.391Z",
      "updatedAt": "2025-06-04T09:01:06.391Z",
      "author": {
        "username": "quang1",
        "profilePic": "https://res.cloudinary.com/dizcvrefo/image/upload/v1749027586/nestjs_uploads/xehairydt9rzlbmbmv4c.jpg"
      },
      "_count": {
        "likes": 2,
        "comments": 0
      },
      "score": 0.008624758776502572,
      "isLike": true,
      "isToday": false,
      "isFollowing": false,
      "isSelf": false
    },
    {
      "id": "9c4e8842-ced5-492b-9423-890177a28564",
      "authorId": "2b84aa24-668a-40e2-af1c-ad4fc4fa5a6f",
      "imageUrl": [
        "https://res.cloudinary.com/dizcvrefo/image/upload/v1748659538/nestjs_uploads/n4mg888um8bynequtdtp.jpg",
        "https://res.cloudinary.com/dizcvrefo/image/upload/v1748659538/nestjs_uploads/mfqojpf1bufduxfh0j0n.jpg",
        "https://res.cloudinary.com/dizcvrefo/image/upload/v1748659538/nestjs_uploads/vx9qkwao5v4hdeqiplsp.jpg",
        "https://res.cloudinary.com/dizcvrefo/image/upload/v1748659538/nestjs_uploads/r2sv0p0echvnrwqxoswu.jpg"
      ],
      "caption": "Ha noi nay tro gio",
      "location": null,
      "tags": [
      ],
      "isPublic": true,
      "likeCount": 0,
      "commentCount": 0,
      "sharedCount": 0,
      "createdAt": "2025-05-31T02:45:39.688Z",
      "updatedAt": "2025-05-31T02:45:39.688Z",
      "author": {
        "username": "quang1",
        "profilePic": "https://res.cloudinary.com/dizcvrefo/image/upload/v1749027586/nestjs_uploads/xehairydt9rzlbmbmv4c.jpg"
      },
      "_count": {
        "likes": 2,
        "comments": 0
      },
      "score": 0.007066657071193276,
      "isLike": false,
      "isToday": false,
      "isFollowing": false,
      "isSelf": false
    },
    {
      "id": "52cfd912-292f-4fbf-9240-3000d608dcd4",
      "authorId": "e7b38cb7-6701-40d9-a3bd-f53fc4d43457",
      "imageUrl": [
        "https://res.cloudinary.com/dizcvrefo/image/upload/v1749316896/nestjs_uploads/lc1jqjzblqshqho7eavx.jpg"
      ],
      "caption": "This is my first post",
      "location": null,
      "tags": [
      ],
      "isPublic": true,
      "likeCount": 0,
      "commentCount": 0,
      "sharedCount": 0,
      "createdAt": "2025-05-14T05:28:07.619Z",
      "updatedAt": "2025-06-07T17:21:37.389Z",
      "author": {
        "username": "ductrong",
        "profilePic": null
      },
      "_count": {
        "likes": 3,
        "comments": 0
      },
      "score": 0.0061770926388749516,
      "isLike": false,
      "isToday": false,
      "isFollowing": false,
      "isSelf": false
    },
    {
      "id": "7918bc4d-383d-462e-afab-91099bc69905",
      "authorId": "08515b05-2d3e-4789-ad60-db35525a4970",
      "imageUrl": [
        "https://res.cloudinary.com/dizcvrefo/image/upload/v1749449962/nestjs_uploads/h3loqo8k5fpmi2ipdtof.jpg"
      ],
      "caption": "??p trai thì m?i có nhi?u ??a yêu h? h?",
      "location": null,
      "tags": [
      ],
      "isPublic": true,
      "likeCount": 0,
      "commentCount": 0,
      "sharedCount": 0,
      "createdAt": "2025-06-09T06:19:23.318Z",
      "updatedAt": "2025-06-09T06:19:23.318Z",
      "author": {
        "username": "nam",
        "profilePic": "https://res.cloudinary.com/dizcvrefo/image/upload/v1749266646/nestjs_uploads/zk9zrpeidnovxibfqdxr.png"
      },
      "_count": {
        "likes": 1,
        "comments": 0
      },
      "score": 0.005772399178085398,
      "isLike": false,
      "isToday": false,
      "isFollowing": false,
      "isSelf": false
    },
    {
      "id": "0c10c426-3d53-443a-8155-39234544c693",
      "authorId": "08515b05-2d3e-4789-ad60-db35525a4970",
      "imageUrl": [
        "https://res.cloudinary.com/dizcvrefo/image/upload/v1749397668/nestjs_uploads/umpwoepazt6it2racqhe.webp",
        "https://res.cloudinary.com/dizcvrefo/image/upload/v1749397668/nestjs_uploads/hcj53nurl5lpudcfaz3f.webp",
        "https://res.cloudinary.com/dizcvrefo/image/upload/v1749397668/nestjs_uploads/qv1vfbg7k6lkeldhb7e3.webp",
        "https://res.cloudinary.com/dizcvrefo/image/upload/v1749397668/nestjs_uploads/c6ruaxtyahilompxxej9.webp"
      ],
      "caption": "Tr?i xanh mây tr?ng",
      "location": null,
      "tags": [
      ],
      "isPublic": true,
      "likeCount": 0,
      "commentCount": 0,
      "sharedCount": 0,
      "createdAt": "2025-06-08T15:47:50.242Z",
      "updatedAt": "2025-06-08T15:47:50.242Z",
      "author": {
        "username": "nam",
        "profilePic": "https://res.cloudinary.com/dizcvrefo/image/upload/v1749266646/nestjs_uploads/zk9zrpeidnovxibfqdxr.png"
      },
      "_count": {
        "likes": 1,
        "comments": 0
      },
      "score": 0.005540131837070737,
      "isLike": false,
      "isToday": false,
      "isFollowing": false,
      "isSelf": false
    },
    {
      "id": "d296ef84-ae0f-4d14-a91a-15dd66bc0dac",
      "authorId": "08515b05-2d3e-4789-ad60-db35525a4970",
      "imageUrl": [
        "https://res.cloudinary.com/dizcvrefo/image/upload/v1749397436/nestjs_uploads/w9d8ldmhonbzeenkcxpb.jpg",
        "https://res.cloudinary.com/dizcvrefo/image/upload/v1749397436/nestjs_uploads/g8xrn89xfaz4ssvslueo.jpg",
        "https://res.cloudinary.com/dizcvrefo/image/upload/v1749397436/nestjs_uploads/wggtlkgkwlcrmgrhskup.jpg"
      ],
      "caption": "??ng tìm nhau vào hôm gió m?a t?i b?i",
      "location": null,
      "tags": [
      ],
      "isPublic": true,
      "likeCount": 0,
      "commentCount": 0,
      "sharedCount": 0,
      "createdAt": "2025-06-08T15:43:57.895Z",
      "updatedAt": "2025-06-08T15:43:57.895Z",
      "author": {
        "username": "nam",
        "profilePic": "https://res.cloudinary.com/dizcvrefo/image/upload/v1749266646/nestjs_uploads/zk9zrpeidnovxibfqdxr.png"
      },
      "_count": {
        "likes": 1,
        "comments": 0
      },
      "score": 0.005539141536259165,
      "isLike": false,
      "isToday": false,
      "isFollowing": false,
      "isSelf": false
    },
    {
      "id": "f1eae5ad-ef38-43e0-a9b8-1c1e0c2f6efd",
      "authorId": "08515b05-2d3e-4789-ad60-db35525a4970",
      "imageUrl": [
        "https://res.cloudinary.com/dizcvrefo/image/upload/v1749397189/nestjs_uploads/n24psljoc11kfpxrlozi.jpg",
        "https://res.cloudinary.com/dizcvrefo/image/upload/v1749397188/nestjs_uploads/ebdf0uii6p2yc3m30ruv.webp",
        "https://res.cloudinary.com/dizcvrefo/image/upload/v1749397188/nestjs_uploads/vrc16ao0luptsqlvep2z.webp"
      ],
      "caption": "Trong ??m gì ??p b?ng sen",
      "location": null,
      "tags": [
      ],
      "isPublic": true,
      "likeCount": 0,
      "commentCount": 0,
      "sharedCount": 0,
      "createdAt": "2025-06-08T15:39:50.851Z",
      "updatedAt": "2025-06-08T15:39:50.851Z",
      "author": {
        "username": "nam",
        "profilePic": "https://res.cloudinary.com/dizcvrefo/image/upload/v1749266646/nestjs_uploads/zk9zrpeidnovxibfqdxr.png"
      },
      "_count": {
        "likes": 1,
        "comments": 0
      },
      "score": 0.005538088982695536,
      "isLike": false,
      "isToday": false,
      "isFollowing": false,
      "isSelf": false
    },
    {
      "id": "546e44ab-45c4-4412-83c9-4a2cd786d46f",
      "authorId": "08515b05-2d3e-4789-ad60-db35525a4970",
      "imageUrl": [
        "https://res.cloudinary.com/dizcvrefo/image/upload/v1749223872/nestjs_uploads/u1lkztc9gc8jfijtppib.jpg",
        "https://res.cloudinary.com/dizcvrefo/image/upload/v1749223872/nestjs_uploads/hvbjhzpqvpw9kjrejiko.jpg",
        "https://res.cloudinary.com/dizcvrefo/image/upload/v1749223872/nestjs_uploads/a9s8eujvzsy7sminvaaw.jpg",
        "https://res.cloudinary.com/dizcvrefo/image/upload/v1749223872/nestjs_uploads/l0darr6gsfvyaz3udhvr.jpg"
      ],
      "caption": "Th?i ti?t nóng nh? cái lò",
      "location": null,
      "tags": [
      ],
      "isPublic": true,
      "likeCount": 0,
      "commentCount": 0,
      "sharedCount": 0,
      "createdAt": "2025-06-06T15:31:13.422Z",
      "updatedAt": "2025-06-06T15:31:13.422Z",
      "author": {
        "username": "nam",
        "profilePic": "https://res.cloudinary.com/dizcvrefo/image/upload/v1749266646/nestjs_uploads/zk9zrpeidnovxibfqdxr.png"
      },
      "_count": {
        "likes": 1,
        "comments": 0
      },
      "score": 0.004886640520850399,
      "isLike": false,
      "isToday": false,
      "isFollowing": false,
      "isSelf": false
    },
    {
      "id": "d227a0c8-1c22-46cc-b7d2-4cdc49559d5a",
      "authorId": "08515b05-2d3e-4789-ad60-db35525a4970",
      "imageUrl": [
        "https://res.cloudinary.com/dizcvrefo/image/upload/v1749396710/nestjs_uploads/rbfbkt8z02milpnwumdf.jpg",
        "https://res.cloudinary.com/dizcvrefo/image/upload/v1749396710/nestjs_uploads/vgcadq2d5bc0n7ccenbd.jpg",
        "https://res.cloudinary.com/dizcvrefo/image/upload/v1749396710/nestjs_uploads/mnxecfqiyziizzhgvpkx.jpg",
        "https://res.cloudinary.com/dizcvrefo/image/upload/v1749396710/nestjs_uploads/ejjhcrbzulhtddkxenrb.jpg"
      ],
      "caption": "Qu?c t? thi?u nhi",
      "location": null,
      "tags": [
      ],
      "isPublic": true,
      "likeCount": 0,
      "commentCount": 0,
      "sharedCount": 0,
      "createdAt": "2025-06-08T15:31:52.624Z",
      "updatedAt": "2025-06-08T15:31:52.624Z",
      "author": {
        "username": "nam",
        "profilePic": "https://res.cloudinary.com/dizcvrefo/image/upload/v1749266646/nestjs_uploads/zk9zrpeidnovxibfqdxr.png"
      },
      "_count": {
        "likes": 0,
        "comments": 0
      },
      "score": 0,
      "isLike": false,
      "isToday": false,
      "isFollowing": false,
      "isSelf": false
    }
  ]
}
 
23:47:58.322 [main] INFO com.intuit.karate -- ? TEST FAILED - Status mismatch: Expected 400, got 200 
23:47:58.322 [main] INFO com.intuit.karate -- Test case #11 - Status: 200, Result: {"message":"Feed","statusCode":200,"status":"success","data":[{"id":"c8151412-bc98-49ec-88ff-57b89cc2ce67","authorId":"08515b05-2d3e-4789-ad60-db35525a4970","imageUrl":["https://res.cloudinary.com/dizcvrefo/image/upload/v1748933672/nestjs_uploads/rpehmvwkwptjktjzllxz.jpg","https://res.cloudinary.com/dizcvrefo/image/upload/v1748933672/nestjs_uploads/xl8wce3gldsuaekfnfwo.jpg","https://res.cloudinary.com/dizcvrefo/image/upload/v1748933671/nestjs_uploads/ee1ntt1feukxfszhma1b.jpg"],"caption":"Moi di hom nay","location":null,"tags":[],"isPublic":true,"likeCount":0,"commentCount":0,"sharedCount":0,"createdAt":"2025-06-03T06:54:33.756Z","updatedAt":"2025-06-03T06:54:33.756Z","author":{"username":"nam","profilePic":"https://res.cloudinary.com/dizcvrefo/image/upload/v1749266646/nestjs_uploads/zk9zrpeidnovxibfqdxr.png"},"_count":{"likes":4,"comments":0},"score":0.016330191500504115,"isLike":true,"isToday":false,"isFollowing":false,"isSelf":false},{"id":"028cfac7-688b-4f4d-832d-1dd681b89e64","authorId":"08515b05-2d3e-4789-ad60-db35525a4970","imageUrl":["https://res.cloudinary.com/dizcvrefo/image/upload/v1748964089/nestjs_uploads/r2x7j8rz3gfsze8o0fe7.jpg","https://res.cloudinary.com/dizcvrefo/image/upload/v1748964089/nestjs_uploads/ebic5ju0e6btkxv2g526.jpg","https://res.cloudinary.com/dizcvrefo/image/upload/v1748964089/nestjs_uploads/ngkhumq5qjehuoqmvxqv.jpg"],"caption":"Di uong bia","location":null,"tags":[],"isPublic":true,"likeCount":0,"commentCount":0,"sharedCount":0,"createdAt":"2025-06-03T15:21:31.678Z","updatedAt":"2025-06-03T15:21:31.678Z","author":{"username":"nam","profilePic":"https://res.cloudinary.com/dizcvrefo/image/upload/v1749266646/nestjs_uploads/zk9zrpeidnovxibfqdxr.png"},"_count":{"likes":3,"comments":0},"score":0.012462593281053855,"isLike":true,"isToday":false,"isFollowing":false,"isSelf":false},{"id":"45a2d709-c6c9-4887-9235-dbbd2d381827","authorId":"08515b05-2d3e-4789-ad60-db35525a4970","imageUrl":["https://res.cloudinary.com/dizcvrefo/image/upload/v1748932129/nestjs_uploads/ecwyixgm9kf0zdng7bdp.png","https://res.cloudinary.com/dizcvrefo/image/upload/v1748932129/nestjs_uploads/uhl3z1wamgjxl5o4vq1l.jpg","https://res.cloudinary.com/dizcvrefo/image/upload/v1748932129/nestjs_uploads/pavlktzorkfcm5pp31io.jpg","https://res.cloudinary.com/dizcvrefo/image/upload/v1748932129/nestjs_uploads/knew9jcdpmwaleoa6oov.jpg"],"caption":"Di choi di anh em oi","location":null,"tags":[],"isPublic":true,"likeCount":0,"commentCount":0,"sharedCount":0,"createdAt":"2025-06-03T06:28:51.322Z","updatedAt":"2025-06-03T06:28:51.322Z","author":{"username":"nam","profilePic":"https://res.cloudinary.com/dizcvrefo/image/upload/v1749266646/nestjs_uploads/zk9zrpeidnovxibfqdxr.png"},"_count":{"likes":3,"comments":0},"score":0.012236941297390495,"isLike":false,"isToday":false,"isFollowing":false,"isSelf":false},{"id":"bd9fb1fc-af49-4625-aa11-a458424d17ca","authorId":"08515b05-2d3e-4789-ad60-db35525a4970","imageUrl":["https://res.cloudinary.com/dizcvrefo/image/upload/v1749400565/nestjs_uploads/srvf0b7b2fnsab8uqc8g.jpg","https://res.cloudinary.com/dizcvrefo/image/upload/v1749400565/nestjs_uploads/u2gybzjxkewsxa1atyq4.jpg","https://res.cloudinary.com/dizcvrefo/image/upload/v1749400565/nestjs_uploads/lottkkizhi1ngodzx4pp.jpg"],"caption":"toi la NAM BO","location":null,"tags":[],"isPublic":true,"likeCount":0,"commentCount":0,"sharedCount":0,"createdAt":"2025-06-08T16:36:04.450Z","updatedAt":"2025-06-08T16:36:04.450Z","author":{"username":"nam","profilePic":"https://res.cloudinary.com/dizcvrefo/image/upload/v1749266646/nestjs_uploads/zk9zrpeidnovxibfqdxr.png"},"_count":{"likes":2,"comments":0},"score":0.011104994332851479,"isLike":false,"isToday":false,"isFollowing":false,"isSelf":false},{"id":"007fcd52-ae77-4c58-988d-36ef78edc29b","authorId":"dacf294e-491b-47ff-bd74-bfe5ddbfbdf9","imageUrl":["https://res.cloudinary.com/dizcvrefo/image/upload/v1748598131/nestjs_uploads/tsh3n10qz6mojbkiayhx.jpg","https://res.cloudinary.com/dizcvrefo/image/upload/v1748598131/nestjs_uploads/no5fdmt60yg8li6gvwao.jpg","https://res.cloudinary.com/dizcvrefo/image/upload/v1748598131/nestjs_uploads/lbn3umepxtqxjcw51mv0.jpg","https://res.cloudinary.com/dizcvrefo/image/upload/v1748598131/nestjs_uploads/e4nufb9kmremurdaanw5.jpg","https://res.cloudinary.com/dizcvrefo/image/upload/v1748598131/nestjs_uploads/pqwqj0gdwqfqqyct54hz.jpg","https://res.cloudinary.com/dizcvrefo/image/upload/v1748598130/nestjs_uploads/dics8pfhps2jfskadthz.jpg"],"caption":"Th? thao ?i?n t?","location":null,"tags":[],"isPublic":true,"likeCount":0,"commentCount":0,"sharedCount":0,"createdAt":"2025-05-30T09:42:13.811Z","updatedAt":"2025-05-30T09:42:13.811Z","author":{"username":"chinh","profilePic":"https://hebbkx1anhila5yf.public.blob.vercel-storage.com/image-hiZZ98WEvmBOkk3oAqffc3ReiwtEIO.png"},"_count":{"likes":3,"comments":0},"score":0.0102899062318146,"isLike":false,"isToday":false,"isFollowing":false,"isSelf":false},{"id":"8a0e35ce-0f39-4475-b2d2-15c217983926","authorId":"08515b05-2d3e-4789-ad60-db35525a4970","imageUrl":["https://res.cloudinary.com/dizcvrefo/image/upload/v1748597950/nestjs_uploads/siabu4jmaf7nfak5xkgc.jpg","https://res.cloudinary.com/dizcvrefo/image/upload/v1748597951/nestjs_uploads/bufde4typyni9j408ua4.jpg","https://res.cloudinary.com/dizcvrefo/image/upload/v1748597951/nestjs_uploads/yk6tjdkirr4a7ons7iz5.jpg"],"caption":"?n gì không","location":null,"tags":[],"isPublic":true,"likeCount":0,"commentCount":0,"sharedCount":0,"createdAt":"2025-05-30T09:39:13.647Z","updatedAt":"2025-05-30T09:39:13.647Z","author":{"username":"nam","profilePic":"https://res.cloudinary.com/dizcvrefo/image/upload/v1749266646/nestjs_uploads/zk9zrpeidnovxibfqdxr.png"},"_count":{"likes":3,"comments":0},"score":0.010289023152267963,"isLike":false,"isToday":false,"isFollowing":false,"isSelf":false},{"id":"b96886bd-5f00-41af-a440-152f360f1657","authorId":"08515b05-2d3e-4789-ad60-db35525a4970","imageUrl":["https://res.cloudinary.com/dizcvrefo/image/upload/v1748597371/nestjs_uploads/vce2gudp9o4mm4fn8xt0.jpg","https://res.cloudinary.com/dizcvrefo/image/upload/v1748597372/nestjs_uploads/u691vkjqxrek1dv0wtbm.jpg","https://res.cloudinary.com/dizcvrefo/image/upload/v1748597371/nestjs_uploads/feqbcopm8ge8maj3hu6k.jpg"],"caption":"ok","location":null,"tags":[],"isPublic":true,"likeCount":0,"commentCount":0,"sharedCount":0,"createdAt":"2025-05-30T09:29:34.405Z","updatedAt":"2025-05-30T09:29:34.405Z","author":{"username":"nam","profilePic":"https://res.cloudinary.com/dizcvrefo/image/upload/v1749266646/nestjs_uploads/zk9zrpeidnovxibfqdxr.png"},"_count":{"likes":3,"comments":0},"score":0.010286185006031078,"isLike":false,"isToday":false,"isFollowing":false,"isSelf":false},{"id":"479ed759-3811-4b84-8141-bff184fae4b8","authorId":"dacf294e-491b-47ff-bd74-bfe5ddbfbdf9","imageUrl":["https://res.cloudinary.com/dizcvrefo/image/upload/v1748596741/nestjs_uploads/g8vk3zn2rfop6caitmfb.jpg","https://res.cloudinary.com/dizcvrefo/image/upload/v1748596741/nestjs_uploads/cqcspqsifpg0ndthyuax.jpg","https://res.cloudinary.com/dizcvrefo/image/upload/v1748596741/nestjs_uploads/hc3svmdbfotscvcctfoq.jpg","https://res.cloudinary.com/dizcvrefo/image/upload/v1748596742/nestjs_uploads/fxjvluy2vpyfuspukumf.jpg","https://res.cloudinary.com/dizcvrefo/image/upload/v1748596741/nestjs_uploads/sb38euks3gzg5f92uiig.jpg"],"caption":"Village","location":null,"tags":[],"isPublic":true,"likeCount":0,"commentCount":0,"sharedCount":0,"createdAt":"2025-05-30T09:19:04.180Z","updatedAt":"2025-05-30T09:19:04.180Z","author":{"username":"chinh","profilePic":"https://hebbkx1anhila5yf.public.blob.vercel-storage.com/image-hiZZ98WEvmBOkk3oAqffc3ReiwtEIO.png"},"_count":{"likes":3,"comments":0},"score":0.010283098833389865,"isLike":false,"isToday":false,"isFollowing":false,"isSelf":false},{"id":"9ef01284-6f35-4f8a-9d58-3f5891acc766","authorId":"dacf294e-491b-47ff-bd74-bfe5ddbfbdf9","imageUrl":["https://res.cloudinary.com/dizcvrefo/image/upload/v1748596489/nestjs_uploads/ue1yvhe1qzvlc2pmkjee.jpg","https://res.cloudinary.com/dizcvrefo/image/upload/v1748596493/nestjs_uploads/bm3pcnpqmnppnsuq0pv9.jpg","https://res.cloudinary.com/dizcvrefo/image/upload/v1748596489/nestjs_uploads/q6nipodzp1mdnpm1p13g.jpg","https://res.cloudinary.com/dizcvrefo/image/upload/v1748596489/nestjs_uploads/icygr75zfmxk0ehqsnwo.jpg","https://res.cloudinary.com/dizcvrefo/image/upload/v1748596489/nestjs_uploads/ghgd01xzcaxpra5httqg.jpg","https://res.cloudinary.com/dizcvrefo/image/upload/v1748596489/nestjs_uploads/o53mpfip4l7dbjbd7wcw.jpg"],"caption":"Nh?u","location":null,"tags":[],"isPublic":true,"likeCount":0,"commentCount":0,"sharedCount":0,"createdAt":"2025-05-30T09:14:54.972Z","updatedAt":"2025-05-30T09:14:54.972Z","author":{"username":"chinh","profilePic":"https://hebbkx1anhila5yf.public.blob.vercel-storage.com/image-hiZZ98WEvmBOkk3oAqffc3ReiwtEIO.png"},"_count":{"likes":3,"comments":0},"score":0.010281878988175445,"isLike":false,"isToday":false,"isFollowing":false,"isSelf":false},{"id":"d79e9a48-ca20-40fd-bb11-ed7302657db9","authorId":"08515b05-2d3e-4789-ad60-db35525a4970","imageUrl":["https://res.cloudinary.com/dizcvrefo/image/upload/v1749382783/nestjs_uploads/buqh5wktqj3y5etgfxok.jpg","https://res.cloudinary.com/dizcvrefo/image/upload/v1749382789/nestjs_uploads/wjm5idulrdjhv7yuc477.jpg","https://res.cloudinary.com/dizcvrefo/image/upload/v1749382781/nestjs_uploads/ztoyccvbrahzxkbm7mxb.jpg","https://res.cloudinary.com/dizcvrefo/image/upload/v1749383075/nestjs_uploads/yjbnpjozb3x4suirhe9d.jpg","https://res.cloudinary.com/dizcvrefo/image/upload/v1749383076/nestjs_uploads/wurnhokpsyvvjg60iceu.jpg"],"caption":"Hôm nay là th? 7 em thích ?i thích ?i vào bar u?ng ? ???","location":null,"tags":[],"isPublic":true,"likeCount":0,"commentCount":0,"sharedCount":0,"createdAt":"2025-05-28T09:56:16.976Z","updatedAt":"2025-06-08T11:44:37.991Z","author":{"username":"nam","profilePic":"https://res.cloudinary.com/dizcvrefo/image/upload/v1749266646/nestjs_uploads/zk9zrpeidnovxibfqdxr.png"},"_count":{"likes":3,"comments":0},"score":0.009510804178438664,"isLike":false,"isToday":false,"isFollowing":false,"isSelf":false},{"id":"e3f481cc-53c6-41c8-9a28-cd2f9c4f2f46","authorId":"2b84aa24-668a-40e2-af1c-ad4fc4fa5a6f","imageUrl":["https://res.cloudinary.com/dizcvrefo/image/upload/v1749027663/nestjs_uploads/nuuktb6j4oy5jnuyt3ws.jpg","https://res.cloudinary.com/dizcvrefo/image/upload/v1749027663/nestjs_uploads/aa03sao5n7bkhyhhrovx.jpg","https://res.cloudinary.com/dizcvrefo/image/upload/v1749027663/nestjs_uploads/hic88kwvdqoltmqsueim.jpg","https://res.cloudinary.com/dizcvrefo/image/upload/v1749027664/nestjs_uploads/hrnmt9e7g7pavf2fxwyw.png","https://res.cloudinary.com/dizcvrefo/image/upload/v1749027664/nestjs_uploads/oxa2hbuxzj3lngjbubpf.jpg","https://res.cloudinary.com/dizcvrefo/image/upload/v1749027663/nestjs_uploads/scrigmpzvmixwv9ddfnl.jpg","https://res.cloudinary.com/dizcvrefo/image/upload/v1749027664/nestjs_uploads/wpnyt5jyz8lgj2bvprin.jpg"],"caption":"Buon that, hom nay toi thi truot","location":null,"tags":[],"isPublic":true,"likeCount":0,"commentCount":0,"sharedCount":0,"createdAt":"2025-06-04T09:01:06.391Z","updatedAt":"2025-06-04T09:01:06.391Z","author":{"username":"quang1","profilePic":"https://res.cloudinary.com/dizcvrefo/image/upload/v1749027586/nestjs_uploads/xehairydt9rzlbmbmv4c.jpg"},"_count":{"likes":2,"comments":0},"score":0.008624758776502572,"isLike":true,"isToday":false,"isFollowing":false,"isSelf":false},{"id":"9c4e8842-ced5-492b-9423-890177a28564","authorId":"2b84aa24-668a-40e2-af1c-ad4fc4fa5a6f","imageUrl":["https://res.cloudinary.com/dizcvrefo/image/upload/v1748659538/nestjs_uploads/n4mg888um8bynequtdtp.jpg","https://res.cloudinary.com/dizcvrefo/image/upload/v1748659538/nestjs_uploads/mfqojpf1bufduxfh0j0n.jpg","https://res.cloudinary.com/dizcvrefo/image/upload/v1748659538/nestjs_uploads/vx9qkwao5v4hdeqiplsp.jpg","https://res.cloudinary.com/dizcvrefo/image/upload/v1748659538/nestjs_uploads/r2sv0p0echvnrwqxoswu.jpg"],"caption":"Ha noi nay tro gio","location":null,"tags":[],"isPublic":true,"likeCount":0,"commentCount":0,"sharedCount":0,"createdAt":"2025-05-31T02:45:39.688Z","updatedAt":"2025-05-31T02:45:39.688Z","author":{"username":"quang1","profilePic":"https://res.cloudinary.com/dizcvrefo/image/upload/v1749027586/nestjs_uploads/xehairydt9rzlbmbmv4c.jpg"},"_count":{"likes":2,"comments":0},"score":0.007066657071193276,"isLike":false,"isToday":false,"isFollowing":false,"isSelf":false},{"id":"52cfd912-292f-4fbf-9240-3000d608dcd4","authorId":"e7b38cb7-6701-40d9-a3bd-f53fc4d43457","imageUrl":["https://res.cloudinary.com/dizcvrefo/image/upload/v1749316896/nestjs_uploads/lc1jqjzblqshqho7eavx.jpg"],"caption":"This is my first post","location":null,"tags":[],"isPublic":true,"likeCount":0,"commentCount":0,"sharedCount":0,"createdAt":"2025-05-14T05:28:07.619Z","updatedAt":"2025-06-07T17:21:37.389Z","author":{"username":"ductrong","profilePic":null},"_count":{"likes":3,"comments":0},"score":0.0061770926388749516,"isLike":false,"isToday":false,"isFollowing":false,"isSelf":false},{"id":"7918bc4d-383d-462e-afab-91099bc69905","authorId":"08515b05-2d3e-4789-ad60-db35525a4970","imageUrl":["https://res.cloudinary.com/dizcvrefo/image/upload/v1749449962/nestjs_uploads/h3loqo8k5fpmi2ipdtof.jpg"],"caption":"??p trai thì m?i có nhi?u ??a yêu h? h?","location":null,"tags":[],"isPublic":true,"likeCount":0,"commentCount":0,"sharedCount":0,"createdAt":"2025-06-09T06:19:23.318Z","updatedAt":"2025-06-09T06:19:23.318Z","author":{"username":"nam","profilePic":"https://res.cloudinary.com/dizcvrefo/image/upload/v1749266646/nestjs_uploads/zk9zrpeidnovxibfqdxr.png"},"_count":{"likes":1,"comments":0},"score":0.005772399178085398,"isLike":false,"isToday":false,"isFollowing":false,"isSelf":false},{"id":"0c10c426-3d53-443a-8155-39234544c693","authorId":"08515b05-2d3e-4789-ad60-db35525a4970","imageUrl":["https://res.cloudinary.com/dizcvrefo/image/upload/v1749397668/nestjs_uploads/umpwoepazt6it2racqhe.webp","https://res.cloudinary.com/dizcvrefo/image/upload/v1749397668/nestjs_uploads/hcj53nurl5lpudcfaz3f.webp","https://res.cloudinary.com/dizcvrefo/image/upload/v1749397668/nestjs_uploads/qv1vfbg7k6lkeldhb7e3.webp","https://res.cloudinary.com/dizcvrefo/image/upload/v1749397668/nestjs_uploads/c6ruaxtyahilompxxej9.webp"],"caption":"Tr?i xanh mây tr?ng","location":null,"tags":[],"isPublic":true,"likeCount":0,"commentCount":0,"sharedCount":0,"createdAt":"2025-06-08T15:47:50.242Z","updatedAt":"2025-06-08T15:47:50.242Z","author":{"username":"nam","profilePic":"https://res.cloudinary.com/dizcvrefo/image/upload/v1749266646/nestjs_uploads/zk9zrpeidnovxibfqdxr.png"},"_count":{"likes":1,"comments":0},"score":0.005540131837070737,"isLike":false,"isToday":false,"isFollowing":false,"isSelf":false},{"id":"d296ef84-ae0f-4d14-a91a-15dd66bc0dac","authorId":"08515b05-2d3e-4789-ad60-db35525a4970","imageUrl":["https://res.cloudinary.com/dizcvrefo/image/upload/v1749397436/nestjs_uploads/w9d8ldmhonbzeenkcxpb.jpg","https://res.cloudinary.com/dizcvrefo/image/upload/v1749397436/nestjs_uploads/g8xrn89xfaz4ssvslueo.jpg","https://res.cloudinary.com/dizcvrefo/image/upload/v1749397436/nestjs_uploads/wggtlkgkwlcrmgrhskup.jpg"],"caption":"??ng tìm nhau vào hôm gió m?a t?i b?i","location":null,"tags":[],"isPublic":true,"likeCount":0,"commentCount":0,"sharedCount":0,"createdAt":"2025-06-08T15:43:57.895Z","updatedAt":"2025-06-08T15:43:57.895Z","author":{"username":"nam","profilePic":"https://res.cloudinary.com/dizcvrefo/image/upload/v1749266646/nestjs_uploads/zk9zrpeidnovxibfqdxr.png"},"_count":{"likes":1,"comments":0},"score":0.005539141536259165,"isLike":false,"isToday":false,"isFollowing":false,"isSelf":false},{"id":"f1eae5ad-ef38-43e0-a9b8-1c1e0c2f6efd","authorId":"08515b05-2d3e-4789-ad60-db35525a4970","imageUrl":["https://res.cloudinary.com/dizcvrefo/image/upload/v1749397189/nestjs_uploads/n24psljoc11kfpxrlozi.jpg","https://res.cloudinary.com/dizcvrefo/image/upload/v1749397188/nestjs_uploads/ebdf0uii6p2yc3m30ruv.webp","https://res.cloudinary.com/dizcvrefo/image/upload/v1749397188/nestjs_uploads/vrc16ao0luptsqlvep2z.webp"],"caption":"Trong ??m gì ??p b?ng sen","location":null,"tags":[],"isPublic":true,"likeCount":0,"commentCount":0,"sharedCount":0,"createdAt":"2025-06-08T15:39:50.851Z","updatedAt":"2025-06-08T15:39:50.851Z","author":{"username":"nam","profilePic":"https://res.cloudinary.com/dizcvrefo/image/upload/v1749266646/nestjs_uploads/zk9zrpeidnovxibfqdxr.png"},"_count":{"likes":1,"comments":0},"score":0.005538088982695536,"isLike":false,"isToday":false,"isFollowing":false,"isSelf":false},{"id":"546e44ab-45c4-4412-83c9-4a2cd786d46f","authorId":"08515b05-2d3e-4789-ad60-db35525a4970","imageUrl":["https://res.cloudinary.com/dizcvrefo/image/upload/v1749223872/nestjs_uploads/u1lkztc9gc8jfijtppib.jpg","https://res.cloudinary.com/dizcvrefo/image/upload/v1749223872/nestjs_uploads/hvbjhzpqvpw9kjrejiko.jpg","https://res.cloudinary.com/dizcvrefo/image/upload/v1749223872/nestjs_uploads/a9s8eujvzsy7sminvaaw.jpg","https://res.cloudinary.com/dizcvrefo/image/upload/v1749223872/nestjs_uploads/l0darr6gsfvyaz3udhvr.jpg"],"caption":"Th?i ti?t nóng nh? cái lò","location":null,"tags":[],"isPublic":true,"likeCount":0,"commentCount":0,"sharedCount":0,"createdAt":"2025-06-06T15:31:13.422Z","updatedAt":"2025-06-06T15:31:13.422Z","author":{"username":"nam","profilePic":"https://res.cloudinary.com/dizcvrefo/image/upload/v1749266646/nestjs_uploads/zk9zrpeidnovxibfqdxr.png"},"_count":{"likes":1,"comments":0},"score":0.004886640520850399,"isLike":false,"isToday":false,"isFollowing":false,"isSelf":false},{"id":"d227a0c8-1c22-46cc-b7d2-4cdc49559d5a","authorId":"08515b05-2d3e-4789-ad60-db35525a4970","imageUrl":["https://res.cloudinary.com/dizcvrefo/image/upload/v1749396710/nestjs_uploads/rbfbkt8z02milpnwumdf.jpg","https://res.cloudinary.com/dizcvrefo/image/upload/v1749396710/nestjs_uploads/vgcadq2d5bc0n7ccenbd.jpg","https://res.cloudinary.com/dizcvrefo/image/upload/v1749396710/nestjs_uploads/mnxecfqiyziizzhgvpkx.jpg","https://res.cloudinary.com/dizcvrefo/image/upload/v1749396710/nestjs_uploads/ejjhcrbzulhtddkxenrb.jpg"],"caption":"Qu?c t? thi?u nhi","location":null,"tags":[],"isPublic":true,"likeCount":0,"commentCount":0,"sharedCount":0,"createdAt":"2025-06-08T15:31:52.624Z","updatedAt":"2025-06-08T15:31:52.624Z","author":{"username":"nam","profilePic":"https://res.cloudinary.com/dizcvrefo/image/upload/v1749266646/nestjs_uploads/zk9zrpeidnovxibfqdxr.png"},"_count":{"likes":0,"comments":0},"score":0,"isLike":false,"isToday":false,"isFollowing":false,"isSelf":false}]} 
23:47:58.323 [main] INFO com.intuit.karate -- ?ang ch?y test case #12: Page r?t l?n (9999) - không có d? li?u 
23:47:58.323 [main] INFO com.intuit.karate -- S? d?ng global bearer token t? config: eyJhbGciOiJIUzI1NiIsInR5cCI6IkpXVCJ9.eyJzdWIiOiJmNjI4NDUzMi04ZjFlLTRiMDUtYWM1NC1kODAzNzM4NmU4MGMiLCJ1c2VybmFtZSI6InVzZXJubzIiLCJyb2xlIjowLCJpYXQiOjE3NTA2OTQzNTQsImV4cCI6MTc1MDY5Nzk1NH0.cn4pcMTzJbKyd0aw-bN_KvZNRCfEwxef9wljw6vUgkw 
23:47:58.330 [main] INFO com.intuit.karate -- karate.env system property was: null 
23:47:58.332 [main] DEBUG com.jayway.jsonpath.internal.path.CompiledPath -- Evaluating path: $
23:47:58.334 [main] DEBUG com.jayway.jsonpath.internal.path.CompiledPath -- Evaluating path: $
23:47:58.337 [main] DEBUG org.apache.http.client.protocol.RequestAddCookies -- CookieSpec selected: karate
23:47:58.338 [main] DEBUG org.apache.http.client.protocol.RequestAuthCache -- Auth cache not set in the context
23:47:58.338 [main] DEBUG com.intuit.karate -- request:
1 > GET http://localhost:3000/posts/feed?limit=10&page=9999
1 > Authorization: Bearer eyJhbGciOiJIUzI1NiIsInR5cCI6IkpXVCJ9.eyJzdWIiOiJmNjI4NDUzMi04ZjFlLTRiMDUtYWM1NC1kODAzNzM4NmU4MGMiLCJ1c2VybmFtZSI6InVzZXJubzIiLCJyb2xlIjowLCJpYXQiOjE3NTA2OTQzNTQsImV4cCI6MTc1MDY5Nzk1NH0.cn4pcMTzJbKyd0aw-bN_KvZNRCfEwxef9wljw6vUgkw
1 > Host: localhost:3000
1 > Connection: Keep-Alive
1 > User-Agent: Apache-HttpClient/4.5.14 (Java/17.0.9)
1 > Accept-Encoding: gzip,deflate


23:47:58.338 [main] DEBUG org.apache.http.impl.conn.PoolingHttpClientConnectionManager -- Connection request: [route: {}->http://localhost:3000][total available: 0; route allocated: 0 of 5; total allocated: 0 of 10]
23:47:58.339 [main] DEBUG org.apache.http.impl.conn.PoolingHttpClientConnectionManager -- Connection leased: [id: 11][route: {}->http://localhost:3000][total available: 0; route allocated: 1 of 5; total allocated: 1 of 10]
23:47:58.339 [main] DEBUG org.apache.http.impl.execchain.MainClientExec -- Opening connection {}->http://localhost:3000
23:47:58.339 [main] DEBUG org.apache.http.impl.conn.DefaultHttpClientConnectionOperator -- Connecting to localhost/127.0.0.1:3000
23:47:58.340 [main] DEBUG org.apache.http.impl.conn.DefaultHttpClientConnectionOperator -- Connection established 127.0.0.1:62815<->127.0.0.1:3000
23:47:58.340 [main] DEBUG org.apache.http.impl.conn.DefaultManagedHttpClientConnection -- http-outgoing-11: set socket timeout to 5000
23:47:58.340 [main] DEBUG org.apache.http.impl.execchain.MainClientExec -- Executing request GET /posts/feed?limit=10&page=9999 HTTP/1.1
23:47:58.340 [main] DEBUG org.apache.http.impl.execchain.MainClientExec -- Proxy auth state: UNCHALLENGED
23:47:58.340 [main] DEBUG org.apache.http.headers -- http-outgoing-11 >> GET /posts/feed?limit=10&page=9999 HTTP/1.1
23:47:58.340 [main] DEBUG org.apache.http.headers -- http-outgoing-11 >> Authorization: Bearer eyJhbGciOiJIUzI1NiIsInR5cCI6IkpXVCJ9.eyJzdWIiOiJmNjI4NDUzMi04ZjFlLTRiMDUtYWM1NC1kODAzNzM4NmU4MGMiLCJ1c2VybmFtZSI6InVzZXJubzIiLCJyb2xlIjowLCJpYXQiOjE3NTA2OTQzNTQsImV4cCI6MTc1MDY5Nzk1NH0.cn4pcMTzJbKyd0aw-bN_KvZNRCfEwxef9wljw6vUgkw
23:47:58.340 [main] DEBUG org.apache.http.headers -- http-outgoing-11 >> Host: localhost:3000
23:47:58.340 [main] DEBUG org.apache.http.headers -- http-outgoing-11 >> Connection: Keep-Alive
23:47:58.340 [main] DEBUG org.apache.http.headers -- http-outgoing-11 >> User-Agent: Apache-HttpClient/4.5.14 (Java/17.0.9)
23:47:58.340 [main] DEBUG org.apache.http.headers -- http-outgoing-11 >> Accept-Encoding: gzip,deflate
23:47:58.340 [main] DEBUG org.apache.http.wire -- http-outgoing-11 >> "GET /posts/feed?limit=10&page=9999 HTTP/1.1[\r][\n]"
23:47:58.340 [main] DEBUG org.apache.http.wire -- http-outgoing-11 >> "Authorization: Bearer eyJhbGciOiJIUzI1NiIsInR5cCI6IkpXVCJ9.eyJzdWIiOiJmNjI4NDUzMi04ZjFlLTRiMDUtYWM1NC1kODAzNzM4NmU4MGMiLCJ1c2VybmFtZSI6InVzZXJubzIiLCJyb2xlIjowLCJpYXQiOjE3NTA2OTQzNTQsImV4cCI6MTc1MDY5Nzk1NH0.cn4pcMTzJbKyd0aw-bN_KvZNRCfEwxef9wljw6vUgkw[\r][\n]"
23:47:58.340 [main] DEBUG org.apache.http.wire -- http-outgoing-11 >> "Host: localhost:3000[\r][\n]"
23:47:58.340 [main] DEBUG org.apache.http.wire -- http-outgoing-11 >> "Connection: Keep-Alive[\r][\n]"
23:47:58.340 [main] DEBUG org.apache.http.wire -- http-outgoing-11 >> "User-Agent: Apache-HttpClient/4.5.14 (Java/17.0.9)[\r][\n]"
23:47:58.340 [main] DEBUG org.apache.http.wire -- http-outgoing-11 >> "Accept-Encoding: gzip,deflate[\r][\n]"
23:47:58.340 [main] DEBUG org.apache.http.wire -- http-outgoing-11 >> "[\r][\n]"
23:47:58.500 [main] DEBUG org.apache.http.wire -- http-outgoing-11 << "HTTP/1.1 200 OK[\r][\n]"
23:47:58.500 [main] DEBUG org.apache.http.wire -- http-outgoing-11 << "X-Powered-By: Express[\r][\n]"
23:47:58.500 [main] DEBUG org.apache.http.wire -- http-outgoing-11 << "Access-Control-Allow-Origin: *[\r][\n]"
23:47:58.500 [main] DEBUG org.apache.http.wire -- http-outgoing-11 << "Content-Type: application/json; charset=utf-8[\r][\n]"
23:47:58.500 [main] DEBUG org.apache.http.wire -- http-outgoing-11 << "Content-Length: 64[\r][\n]"
23:47:58.500 [main] DEBUG org.apache.http.wire -- http-outgoing-11 << "ETag: W/"40-QKGrNuSvhxBhDWq7IF5CIJDpZK4"[\r][\n]"
23:47:58.500 [main] DEBUG org.apache.http.wire -- http-outgoing-11 << "Date: Mon, 23 Jun 2025 16:47:58 GMT[\r][\n]"
23:47:58.500 [main] DEBUG org.apache.http.wire -- http-outgoing-11 << "Connection: keep-alive[\r][\n]"
23:47:58.500 [main] DEBUG org.apache.http.wire -- http-outgoing-11 << "Keep-Alive: timeout=5[\r][\n]"
23:47:58.500 [main] DEBUG org.apache.http.wire -- http-outgoing-11 << "[\r][\n]"
23:47:58.500 [main] DEBUG org.apache.http.wire -- http-outgoing-11 << "{"message":"Feed","statusCode":200,"status":"success","data":[]}"
23:47:58.500 [main] DEBUG org.apache.http.headers -- http-outgoing-11 << HTTP/1.1 200 OK
23:47:58.500 [main] DEBUG org.apache.http.headers -- http-outgoing-11 << X-Powered-By: Express
23:47:58.500 [main] DEBUG org.apache.http.headers -- http-outgoing-11 << Access-Control-Allow-Origin: *
23:47:58.500 [main] DEBUG org.apache.http.headers -- http-outgoing-11 << Content-Type: application/json; charset=utf-8
23:47:58.500 [main] DEBUG org.apache.http.headers -- http-outgoing-11 << Content-Length: 64
23:47:58.500 [main] DEBUG org.apache.http.headers -- http-outgoing-11 << ETag: W/"40-QKGrNuSvhxBhDWq7IF5CIJDpZK4"
23:47:58.500 [main] DEBUG org.apache.http.headers -- http-outgoing-11 << Date: Mon, 23 Jun 2025 16:47:58 GMT
23:47:58.500 [main] DEBUG org.apache.http.headers -- http-outgoing-11 << Connection: keep-alive
23:47:58.500 [main] DEBUG org.apache.http.headers -- http-outgoing-11 << Keep-Alive: timeout=5
23:47:58.500 [main] DEBUG org.apache.http.impl.execchain.MainClientExec -- Connection can be kept alive for 5000 MILLISECONDS
23:47:58.501 [main] DEBUG org.apache.http.impl.conn.PoolingHttpClientConnectionManager -- Connection [id: 11][route: {}->http://localhost:3000] can be kept alive for 5.0 seconds
23:47:58.501 [main] DEBUG org.apache.http.impl.conn.DefaultManagedHttpClientConnection -- http-outgoing-11: set socket timeout to 0
23:47:58.501 [main] DEBUG org.apache.http.impl.conn.PoolingHttpClientConnectionManager -- Connection released: [id: 11][route: {}->http://localhost:3000][total available: 1; route allocated: 1 of 5; total allocated: 1 of 10]
23:47:58.501 [main] DEBUG org.apache.http.impl.conn.PoolingHttpClientConnectionManager -- Connection manager is shutting down
23:47:58.501 [main] DEBUG org.apache.http.impl.conn.DefaultManagedHttpClientConnection -- http-outgoing-11: Close connection
23:47:58.501 [main] DEBUG org.apache.http.impl.conn.PoolingHttpClientConnectionManager -- Connection manager shut down
23:47:58.501 [main] DEBUG com.intuit.karate -- response time in milliseconds: 163
1 < 200
1 < X-Powered-By: Express
1 < Access-Control-Allow-Origin: *
1 < Content-Type: application/json; charset=utf-8
1 < Content-Length: 64
1 < ETag: W/"40-QKGrNuSvhxBhDWq7IF5CIJDpZK4"
1 < Date: Mon, 23 Jun 2025 16:47:58 GMT
1 < Connection: keep-alive
1 < Keep-Alive: timeout=5
{
  "message": "Feed",
  "statusCode": 200,
  "status": "success",
  "data": [
  ]
}


23:47:58.502 [main] INFO com.intuit.karate -- [print] Calling getPostsFeed API v?i bearerToken: eyJhbGciOiJIUzI1NiIsInR5cCI6IkpXVCJ9.eyJzdWIiOiJmNjI4NDUzMi04ZjFlLTRiMDUtYWM1NC1kODAzNzM4NmU4MGMiLCJ1c2VybmFtZSI6InVzZXJubzIiLCJyb2xlIjowLCJpYXQiOjE3NTA2OTQzNTQsImV4cCI6MTc1MDY5Nzk1NH0.cn4pcMTzJbKyd0aw-bN_KvZNRCfEwxef9wljw6vUgkw 
23:47:58.502 [main] INFO com.intuit.karate -- [print] Query params: {
  "page": "9999",
  "limit": "10"
}
 
23:47:58.503 [main] INFO com.intuit.karate -- [print] Response status: 200 body: {
  "message": "Feed",
  "statusCode": 200,
  "status": "success",
  "data": [
  ]
}
 
23:47:58.503 [main] INFO com.intuit.karate -- ? TEST PASSED - All validations passed 
23:47:58.503 [main] INFO com.intuit.karate -- Test case #12 - Status: 200, Result: {"message":"Feed","statusCode":200,"status":"success","data":[]} 
23:47:58.504 [main] INFO com.intuit.karate -- ?ang ch?y test case #13: Ki?m tra SQL Injection trong page 
23:47:58.504 [main] INFO com.intuit.karate -- S? d?ng global bearer token t? config: eyJhbGciOiJIUzI1NiIsInR5cCI6IkpXVCJ9.eyJzdWIiOiJmNjI4NDUzMi04ZjFlLTRiMDUtYWM1NC1kODAzNzM4NmU4MGMiLCJ1c2VybmFtZSI6InVzZXJubzIiLCJyb2xlIjowLCJpYXQiOjE3NTA2OTQzNTQsImV4cCI6MTc1MDY5Nzk1NH0.cn4pcMTzJbKyd0aw-bN_KvZNRCfEwxef9wljw6vUgkw 
23:47:58.516 [main] INFO com.intuit.karate -- karate.env system property was: null 
23:47:58.517 [main] DEBUG com.jayway.jsonpath.internal.path.CompiledPath -- Evaluating path: $
23:47:58.517 [main] DEBUG com.jayway.jsonpath.internal.path.CompiledPath -- Evaluating path: $
23:47:58.520 [main] DEBUG org.apache.http.client.protocol.RequestAddCookies -- CookieSpec selected: karate
23:47:58.520 [main] DEBUG org.apache.http.client.protocol.RequestAuthCache -- Auth cache not set in the context
23:47:58.520 [main] DEBUG com.intuit.karate -- request:
1 > GET http://localhost:3000/posts/feed?limit=10&page=1%27+OR+%271%27%3D%271
1 > Authorization: Bearer eyJhbGciOiJIUzI1NiIsInR5cCI6IkpXVCJ9.eyJzdWIiOiJmNjI4NDUzMi04ZjFlLTRiMDUtYWM1NC1kODAzNzM4NmU4MGMiLCJ1c2VybmFtZSI6InVzZXJubzIiLCJyb2xlIjowLCJpYXQiOjE3NTA2OTQzNTQsImV4cCI6MTc1MDY5Nzk1NH0.cn4pcMTzJbKyd0aw-bN_KvZNRCfEwxef9wljw6vUgkw
1 > Host: localhost:3000
1 > Connection: Keep-Alive
1 > User-Agent: Apache-HttpClient/4.5.14 (Java/17.0.9)
1 > Accept-Encoding: gzip,deflate


23:47:58.520 [main] DEBUG org.apache.http.impl.conn.PoolingHttpClientConnectionManager -- Connection request: [route: {}->http://localhost:3000][total available: 0; route allocated: 0 of 5; total allocated: 0 of 10]
23:47:58.520 [main] DEBUG org.apache.http.impl.conn.PoolingHttpClientConnectionManager -- Connection leased: [id: 12][route: {}->http://localhost:3000][total available: 0; route allocated: 1 of 5; total allocated: 1 of 10]
23:47:58.520 [main] DEBUG org.apache.http.impl.execchain.MainClientExec -- Opening connection {}->http://localhost:3000
23:47:58.520 [main] DEBUG org.apache.http.impl.conn.DefaultHttpClientConnectionOperator -- Connecting to localhost/127.0.0.1:3000
23:47:58.521 [main] DEBUG org.apache.http.impl.conn.DefaultHttpClientConnectionOperator -- Connection established 127.0.0.1:62816<->127.0.0.1:3000
23:47:58.521 [main] DEBUG org.apache.http.impl.conn.DefaultManagedHttpClientConnection -- http-outgoing-12: set socket timeout to 5000
23:47:58.521 [main] DEBUG org.apache.http.impl.execchain.MainClientExec -- Executing request GET /posts/feed?limit=10&page=1%27+OR+%271%27%3D%271 HTTP/1.1
23:47:58.521 [main] DEBUG org.apache.http.impl.execchain.MainClientExec -- Proxy auth state: UNCHALLENGED
23:47:58.521 [main] DEBUG org.apache.http.headers -- http-outgoing-12 >> GET /posts/feed?limit=10&page=1%27+OR+%271%27%3D%271 HTTP/1.1
23:47:58.521 [main] DEBUG org.apache.http.headers -- http-outgoing-12 >> Authorization: Bearer eyJhbGciOiJIUzI1NiIsInR5cCI6IkpXVCJ9.eyJzdWIiOiJmNjI4NDUzMi04ZjFlLTRiMDUtYWM1NC1kODAzNzM4NmU4MGMiLCJ1c2VybmFtZSI6InVzZXJubzIiLCJyb2xlIjowLCJpYXQiOjE3NTA2OTQzNTQsImV4cCI6MTc1MDY5Nzk1NH0.cn4pcMTzJbKyd0aw-bN_KvZNRCfEwxef9wljw6vUgkw
23:47:58.521 [main] DEBUG org.apache.http.headers -- http-outgoing-12 >> Host: localhost:3000
23:47:58.521 [main] DEBUG org.apache.http.headers -- http-outgoing-12 >> Connection: Keep-Alive
23:47:58.521 [main] DEBUG org.apache.http.headers -- http-outgoing-12 >> User-Agent: Apache-HttpClient/4.5.14 (Java/17.0.9)
23:47:58.521 [main] DEBUG org.apache.http.headers -- http-outgoing-12 >> Accept-Encoding: gzip,deflate
23:47:58.521 [main] DEBUG org.apache.http.wire -- http-outgoing-12 >> "GET /posts/feed?limit=10&page=1%27+OR+%271%27%3D%271 HTTP/1.1[\r][\n]"
23:47:58.521 [main] DEBUG org.apache.http.wire -- http-outgoing-12 >> "Authorization: Bearer eyJhbGciOiJIUzI1NiIsInR5cCI6IkpXVCJ9.eyJzdWIiOiJmNjI4NDUzMi04ZjFlLTRiMDUtYWM1NC1kODAzNzM4NmU4MGMiLCJ1c2VybmFtZSI6InVzZXJubzIiLCJyb2xlIjowLCJpYXQiOjE3NTA2OTQzNTQsImV4cCI6MTc1MDY5Nzk1NH0.cn4pcMTzJbKyd0aw-bN_KvZNRCfEwxef9wljw6vUgkw[\r][\n]"
23:47:58.521 [main] DEBUG org.apache.http.wire -- http-outgoing-12 >> "Host: localhost:3000[\r][\n]"
23:47:58.521 [main] DEBUG org.apache.http.wire -- http-outgoing-12 >> "Connection: Keep-Alive[\r][\n]"
23:47:58.521 [main] DEBUG org.apache.http.wire -- http-outgoing-12 >> "User-Agent: Apache-HttpClient/4.5.14 (Java/17.0.9)[\r][\n]"
23:47:58.521 [main] DEBUG org.apache.http.wire -- http-outgoing-12 >> "Accept-Encoding: gzip,deflate[\r][\n]"
23:47:58.521 [main] DEBUG org.apache.http.wire -- http-outgoing-12 >> "[\r][\n]"
23:47:58.668 [main] DEBUG org.apache.http.wire -- http-outgoing-12 << "HTTP/1.1 200 OK[\r][\n]"
23:47:58.668 [main] DEBUG org.apache.http.wire -- http-outgoing-12 << "X-Powered-By: Express[\r][\n]"
23:47:58.668 [main] DEBUG org.apache.http.wire -- http-outgoing-12 << "Access-Control-Allow-Origin: *[\r][\n]"
23:47:58.668 [main] DEBUG org.apache.http.wire -- http-outgoing-12 << "Content-Type: application/json; charset=utf-8[\r][\n]"
23:47:58.668 [main] DEBUG org.apache.http.wire -- http-outgoing-12 << "Content-Length: 64[\r][\n]"
23:47:58.668 [main] DEBUG org.apache.http.wire -- http-outgoing-12 << "ETag: W/"40-QKGrNuSvhxBhDWq7IF5CIJDpZK4"[\r][\n]"
23:47:58.668 [main] DEBUG org.apache.http.wire -- http-outgoing-12 << "Date: Mon, 23 Jun 2025 16:47:58 GMT[\r][\n]"
23:47:58.668 [main] DEBUG org.apache.http.wire -- http-outgoing-12 << "Connection: keep-alive[\r][\n]"
23:47:58.668 [main] DEBUG org.apache.http.wire -- http-outgoing-12 << "Keep-Alive: timeout=5[\r][\n]"
23:47:58.668 [main] DEBUG org.apache.http.wire -- http-outgoing-12 << "[\r][\n]"
23:47:58.668 [main] DEBUG org.apache.http.wire -- http-outgoing-12 << "{"message":"Feed","statusCode":200,"status":"success","data":[]}"
23:47:58.668 [main] DEBUG org.apache.http.headers -- http-outgoing-12 << HTTP/1.1 200 OK
23:47:58.668 [main] DEBUG org.apache.http.headers -- http-outgoing-12 << X-Powered-By: Express
23:47:58.668 [main] DEBUG org.apache.http.headers -- http-outgoing-12 << Access-Control-Allow-Origin: *
23:47:58.668 [main] DEBUG org.apache.http.headers -- http-outgoing-12 << Content-Type: application/json; charset=utf-8
23:47:58.668 [main] DEBUG org.apache.http.headers -- http-outgoing-12 << Content-Length: 64
23:47:58.668 [main] DEBUG org.apache.http.headers -- http-outgoing-12 << ETag: W/"40-QKGrNuSvhxBhDWq7IF5CIJDpZK4"
23:47:58.668 [main] DEBUG org.apache.http.headers -- http-outgoing-12 << Date: Mon, 23 Jun 2025 16:47:58 GMT
23:47:58.668 [main] DEBUG org.apache.http.headers -- http-outgoing-12 << Connection: keep-alive
23:47:58.668 [main] DEBUG org.apache.http.headers -- http-outgoing-12 << Keep-Alive: timeout=5
23:47:58.668 [main] DEBUG org.apache.http.impl.execchain.MainClientExec -- Connection can be kept alive for 5000 MILLISECONDS
23:47:58.669 [main] DEBUG org.apache.http.impl.conn.PoolingHttpClientConnectionManager -- Connection [id: 12][route: {}->http://localhost:3000] can be kept alive for 5.0 seconds
23:47:58.669 [main] DEBUG org.apache.http.impl.conn.DefaultManagedHttpClientConnection -- http-outgoing-12: set socket timeout to 0
23:47:58.669 [main] DEBUG org.apache.http.impl.conn.PoolingHttpClientConnectionManager -- Connection released: [id: 12][route: {}->http://localhost:3000][total available: 1; route allocated: 1 of 5; total allocated: 1 of 10]
23:47:58.669 [main] DEBUG org.apache.http.impl.conn.PoolingHttpClientConnectionManager -- Connection manager is shutting down
23:47:58.669 [main] DEBUG org.apache.http.impl.conn.DefaultManagedHttpClientConnection -- http-outgoing-12: Close connection
23:47:58.669 [main] DEBUG org.apache.http.impl.conn.PoolingHttpClientConnectionManager -- Connection manager shut down
23:47:58.669 [main] DEBUG com.intuit.karate -- response time in milliseconds: 149
1 < 200
1 < X-Powered-By: Express
1 < Access-Control-Allow-Origin: *
1 < Content-Type: application/json; charset=utf-8
1 < Content-Length: 64
1 < ETag: W/"40-QKGrNuSvhxBhDWq7IF5CIJDpZK4"
1 < Date: Mon, 23 Jun 2025 16:47:58 GMT
1 < Connection: keep-alive
1 < Keep-Alive: timeout=5
{
  "message": "Feed",
  "statusCode": 200,
  "status": "success",
  "data": [
  ]
}


23:47:58.670 [main] INFO com.intuit.karate -- [print] Calling getPostsFeed API v?i bearerToken: eyJhbGciOiJIUzI1NiIsInR5cCI6IkpXVCJ9.eyJzdWIiOiJmNjI4NDUzMi04ZjFlLTRiMDUtYWM1NC1kODAzNzM4NmU4MGMiLCJ1c2VybmFtZSI6InVzZXJubzIiLCJyb2xlIjowLCJpYXQiOjE3NTA2OTQzNTQsImV4cCI6MTc1MDY5Nzk1NH0.cn4pcMTzJbKyd0aw-bN_KvZNRCfEwxef9wljw6vUgkw 
23:47:58.670 [main] INFO com.intuit.karate -- [print] Query params: {
  "page": "1' OR '1'='1",
  "limit": "10"
}
 
23:47:58.670 [main] INFO com.intuit.karate -- [print] Response status: 200 body: {
  "message": "Feed",
  "statusCode": 200,
  "status": "success",
  "data": [
  ]
}
 
23:47:58.671 [main] INFO com.intuit.karate -- ? TEST FAILED - Status mismatch: Expected 400, got 200 
23:47:58.671 [main] INFO com.intuit.karate -- Test case #13 - Status: 200, Result: {"message":"Feed","statusCode":200,"status":"success","data":[]} 
23:47:58.671 [main] INFO com.intuit.karate -- ?ang ch?y test case #14: Ki?m tra SQL Injection trong limit 
23:47:58.671 [main] INFO com.intuit.karate -- S? d?ng global bearer token t? config: eyJhbGciOiJIUzI1NiIsInR5cCI6IkpXVCJ9.eyJzdWIiOiJmNjI4NDUzMi04ZjFlLTRiMDUtYWM1NC1kODAzNzM4NmU4MGMiLCJ1c2VybmFtZSI6InVzZXJubzIiLCJyb2xlIjowLCJpYXQiOjE3NTA2OTQzNTQsImV4cCI6MTc1MDY5Nzk1NH0.cn4pcMTzJbKyd0aw-bN_KvZNRCfEwxef9wljw6vUgkw 
23:47:58.677 [main] INFO com.intuit.karate -- karate.env system property was: null 
23:47:58.678 [main] DEBUG com.jayway.jsonpath.internal.path.CompiledPath -- Evaluating path: $
23:47:58.678 [main] DEBUG com.jayway.jsonpath.internal.path.CompiledPath -- Evaluating path: $
23:47:58.679 [main] DEBUG org.apache.http.client.protocol.RequestAddCookies -- CookieSpec selected: karate
23:47:58.679 [main] DEBUG org.apache.http.client.protocol.RequestAuthCache -- Auth cache not set in the context
23:47:58.679 [main] DEBUG com.intuit.karate -- request:
1 > GET http://localhost:3000/posts/feed?limit=10%27+OR+%271%27%3D%271&page=1
1 > Authorization: Bearer eyJhbGciOiJIUzI1NiIsInR5cCI6IkpXVCJ9.eyJzdWIiOiJmNjI4NDUzMi04ZjFlLTRiMDUtYWM1NC1kODAzNzM4NmU4MGMiLCJ1c2VybmFtZSI6InVzZXJubzIiLCJyb2xlIjowLCJpYXQiOjE3NTA2OTQzNTQsImV4cCI6MTc1MDY5Nzk1NH0.cn4pcMTzJbKyd0aw-bN_KvZNRCfEwxef9wljw6vUgkw
1 > Host: localhost:3000
1 > Connection: Keep-Alive
1 > User-Agent: Apache-HttpClient/4.5.14 (Java/17.0.9)
1 > Accept-Encoding: gzip,deflate


23:47:58.679 [main] DEBUG org.apache.http.impl.conn.PoolingHttpClientConnectionManager -- Connection request: [route: {}->http://localhost:3000][total available: 0; route allocated: 0 of 5; total allocated: 0 of 10]
23:47:58.679 [main] DEBUG org.apache.http.impl.conn.PoolingHttpClientConnectionManager -- Connection leased: [id: 13][route: {}->http://localhost:3000][total available: 0; route allocated: 1 of 5; total allocated: 1 of 10]
23:47:58.679 [main] DEBUG org.apache.http.impl.execchain.MainClientExec -- Opening connection {}->http://localhost:3000
23:47:58.680 [main] DEBUG org.apache.http.impl.conn.DefaultHttpClientConnectionOperator -- Connecting to localhost/127.0.0.1:3000
23:47:58.680 [main] DEBUG org.apache.http.impl.conn.DefaultHttpClientConnectionOperator -- Connection established 127.0.0.1:62817<->127.0.0.1:3000
23:47:58.680 [main] DEBUG org.apache.http.impl.conn.DefaultManagedHttpClientConnection -- http-outgoing-13: set socket timeout to 5000
23:47:58.680 [main] DEBUG org.apache.http.impl.execchain.MainClientExec -- Executing request GET /posts/feed?limit=10%27+OR+%271%27%3D%271&page=1 HTTP/1.1
23:47:58.680 [main] DEBUG org.apache.http.impl.execchain.MainClientExec -- Proxy auth state: UNCHALLENGED
23:47:58.680 [main] DEBUG org.apache.http.headers -- http-outgoing-13 >> GET /posts/feed?limit=10%27+OR+%271%27%3D%271&page=1 HTTP/1.1
23:47:58.680 [main] DEBUG org.apache.http.headers -- http-outgoing-13 >> Authorization: Bearer eyJhbGciOiJIUzI1NiIsInR5cCI6IkpXVCJ9.eyJzdWIiOiJmNjI4NDUzMi04ZjFlLTRiMDUtYWM1NC1kODAzNzM4NmU4MGMiLCJ1c2VybmFtZSI6InVzZXJubzIiLCJyb2xlIjowLCJpYXQiOjE3NTA2OTQzNTQsImV4cCI6MTc1MDY5Nzk1NH0.cn4pcMTzJbKyd0aw-bN_KvZNRCfEwxef9wljw6vUgkw
23:47:58.680 [main] DEBUG org.apache.http.headers -- http-outgoing-13 >> Host: localhost:3000
23:47:58.680 [main] DEBUG org.apache.http.headers -- http-outgoing-13 >> Connection: Keep-Alive
23:47:58.680 [main] DEBUG org.apache.http.headers -- http-outgoing-13 >> User-Agent: Apache-HttpClient/4.5.14 (Java/17.0.9)
23:47:58.680 [main] DEBUG org.apache.http.headers -- http-outgoing-13 >> Accept-Encoding: gzip,deflate
23:47:58.680 [main] DEBUG org.apache.http.wire -- http-outgoing-13 >> "GET /posts/feed?limit=10%27+OR+%271%27%3D%271&page=1 HTTP/1.1[\r][\n]"
23:47:58.680 [main] DEBUG org.apache.http.wire -- http-outgoing-13 >> "Authorization: Bearer eyJhbGciOiJIUzI1NiIsInR5cCI6IkpXVCJ9.eyJzdWIiOiJmNjI4NDUzMi04ZjFlLTRiMDUtYWM1NC1kODAzNzM4NmU4MGMiLCJ1c2VybmFtZSI6InVzZXJubzIiLCJyb2xlIjowLCJpYXQiOjE3NTA2OTQzNTQsImV4cCI6MTc1MDY5Nzk1NH0.cn4pcMTzJbKyd0aw-bN_KvZNRCfEwxef9wljw6vUgkw[\r][\n]"
23:47:58.680 [main] DEBUG org.apache.http.wire -- http-outgoing-13 >> "Host: localhost:3000[\r][\n]"
23:47:58.680 [main] DEBUG org.apache.http.wire -- http-outgoing-13 >> "Connection: Keep-Alive[\r][\n]"
23:47:58.680 [main] DEBUG org.apache.http.wire -- http-outgoing-13 >> "User-Agent: Apache-HttpClient/4.5.14 (Java/17.0.9)[\r][\n]"
23:47:58.680 [main] DEBUG org.apache.http.wire -- http-outgoing-13 >> "Accept-Encoding: gzip,deflate[\r][\n]"
23:47:58.680 [main] DEBUG org.apache.http.wire -- http-outgoing-13 >> "[\r][\n]"
23:47:58.826 [main] DEBUG org.apache.http.wire -- http-outgoing-13 << "HTTP/1.1 200 OK[\r][\n]"
23:47:58.826 [main] DEBUG org.apache.http.wire -- http-outgoing-13 << "X-Powered-By: Express[\r][\n]"
23:47:58.826 [main] DEBUG org.apache.http.wire -- http-outgoing-13 << "Access-Control-Allow-Origin: *[\r][\n]"
23:47:58.826 [main] DEBUG org.apache.http.wire -- http-outgoing-13 << "Content-Type: application/json; charset=utf-8[\r][\n]"
23:47:58.826 [main] DEBUG org.apache.http.wire -- http-outgoing-13 << "Content-Length: 64[\r][\n]"
23:47:58.826 [main] DEBUG org.apache.http.wire -- http-outgoing-13 << "ETag: W/"40-QKGrNuSvhxBhDWq7IF5CIJDpZK4"[\r][\n]"
23:47:58.826 [main] DEBUG org.apache.http.wire -- http-outgoing-13 << "Date: Mon, 23 Jun 2025 16:47:58 GMT[\r][\n]"
23:47:58.826 [main] DEBUG org.apache.http.wire -- http-outgoing-13 << "Connection: keep-alive[\r][\n]"
23:47:58.826 [main] DEBUG org.apache.http.wire -- http-outgoing-13 << "Keep-Alive: timeout=5[\r][\n]"
23:47:58.826 [main] DEBUG org.apache.http.wire -- http-outgoing-13 << "[\r][\n]"
23:47:58.826 [main] DEBUG org.apache.http.wire -- http-outgoing-13 << "{"message":"Feed","statusCode":200,"status":"success","data":[]}"
23:47:58.828 [main] DEBUG org.apache.http.headers -- http-outgoing-13 << HTTP/1.1 200 OK
23:47:58.828 [main] DEBUG org.apache.http.headers -- http-outgoing-13 << X-Powered-By: Express
23:47:58.828 [main] DEBUG org.apache.http.headers -- http-outgoing-13 << Access-Control-Allow-Origin: *
23:47:58.828 [main] DEBUG org.apache.http.headers -- http-outgoing-13 << Content-Type: application/json; charset=utf-8
23:47:58.828 [main] DEBUG org.apache.http.headers -- http-outgoing-13 << Content-Length: 64
23:47:58.828 [main] DEBUG org.apache.http.headers -- http-outgoing-13 << ETag: W/"40-QKGrNuSvhxBhDWq7IF5CIJDpZK4"
23:47:58.828 [main] DEBUG org.apache.http.headers -- http-outgoing-13 << Date: Mon, 23 Jun 2025 16:47:58 GMT
23:47:58.828 [main] DEBUG org.apache.http.headers -- http-outgoing-13 << Connection: keep-alive
23:47:58.828 [main] DEBUG org.apache.http.headers -- http-outgoing-13 << Keep-Alive: timeout=5
23:47:58.828 [main] DEBUG org.apache.http.impl.execchain.MainClientExec -- Connection can be kept alive for 5000 MILLISECONDS
23:47:58.828 [main] DEBUG org.apache.http.impl.conn.PoolingHttpClientConnectionManager -- Connection [id: 13][route: {}->http://localhost:3000] can be kept alive for 5.0 seconds
23:47:58.828 [main] DEBUG org.apache.http.impl.conn.DefaultManagedHttpClientConnection -- http-outgoing-13: set socket timeout to 0
23:47:58.828 [main] DEBUG org.apache.http.impl.conn.PoolingHttpClientConnectionManager -- Connection released: [id: 13][route: {}->http://localhost:3000][total available: 1; route allocated: 1 of 5; total allocated: 1 of 10]
23:47:58.828 [main] DEBUG org.apache.http.impl.conn.PoolingHttpClientConnectionManager -- Connection manager is shutting down
23:47:58.828 [main] DEBUG org.apache.http.impl.conn.DefaultManagedHttpClientConnection -- http-outgoing-13: Close connection
23:47:58.828 [main] DEBUG org.apache.http.impl.conn.PoolingHttpClientConnectionManager -- Connection manager shut down
23:47:58.828 [main] DEBUG com.intuit.karate -- response time in milliseconds: 149
1 < 200
1 < X-Powered-By: Express
1 < Access-Control-Allow-Origin: *
1 < Content-Type: application/json; charset=utf-8
1 < Content-Length: 64
1 < ETag: W/"40-QKGrNuSvhxBhDWq7IF5CIJDpZK4"
1 < Date: Mon, 23 Jun 2025 16:47:58 GMT
1 < Connection: keep-alive
1 < Keep-Alive: timeout=5
{
  "message": "Feed",
  "statusCode": 200,
  "status": "success",
  "data": [
  ]
}


23:47:58.829 [main] INFO com.intuit.karate -- [print] Calling getPostsFeed API v?i bearerToken: eyJhbGciOiJIUzI1NiIsInR5cCI6IkpXVCJ9.eyJzdWIiOiJmNjI4NDUzMi04ZjFlLTRiMDUtYWM1NC1kODAzNzM4NmU4MGMiLCJ1c2VybmFtZSI6InVzZXJubzIiLCJyb2xlIjowLCJpYXQiOjE3NTA2OTQzNTQsImV4cCI6MTc1MDY5Nzk1NH0.cn4pcMTzJbKyd0aw-bN_KvZNRCfEwxef9wljw6vUgkw 
23:47:58.830 [main] INFO com.intuit.karate -- [print] Query params: {
  "page": "1",
  "limit": "10' OR '1'='1"
}
 
23:47:58.831 [main] INFO com.intuit.karate -- [print] Response status: 200 body: {
  "message": "Feed",
  "statusCode": 200,
  "status": "success",
  "data": [
  ]
}
 
23:47:58.832 [main] INFO com.intuit.karate -- ? TEST FAILED - Status mismatch: Expected 400, got 200 
23:47:58.832 [main] INFO com.intuit.karate -- Test case #14 - Status: 200, Result: {"message":"Feed","statusCode":200,"status":"success","data":[]} 
23:47:58.832 [main] INFO com.intuit.karate -- ?ang ch?y test case #15: Page v?i giá tr? string không h?p l? 
23:47:58.832 [main] INFO com.intuit.karate -- S? d?ng global bearer token t? config: eyJhbGciOiJIUzI1NiIsInR5cCI6IkpXVCJ9.eyJzdWIiOiJmNjI4NDUzMi04ZjFlLTRiMDUtYWM1NC1kODAzNzM4NmU4MGMiLCJ1c2VybmFtZSI6InVzZXJubzIiLCJyb2xlIjowLCJpYXQiOjE3NTA2OTQzNTQsImV4cCI6MTc1MDY5Nzk1NH0.cn4pcMTzJbKyd0aw-bN_KvZNRCfEwxef9wljw6vUgkw 
23:47:58.838 [main] INFO com.intuit.karate -- karate.env system property was: null 
23:47:58.839 [main] DEBUG com.jayway.jsonpath.internal.path.CompiledPath -- Evaluating path: $
23:47:58.839 [main] DEBUG com.jayway.jsonpath.internal.path.CompiledPath -- Evaluating path: $
23:47:58.843 [main] DEBUG org.apache.http.client.protocol.RequestAddCookies -- CookieSpec selected: karate
23:47:58.843 [main] DEBUG org.apache.http.client.protocol.RequestAuthCache -- Auth cache not set in the context
23:47:58.843 [main] DEBUG com.intuit.karate -- request:
1 > GET http://localhost:3000/posts/feed?limit=10.0&page=abc
1 > Authorization: Bearer eyJhbGciOiJIUzI1NiIsInR5cCI6IkpXVCJ9.eyJzdWIiOiJmNjI4NDUzMi04ZjFlLTRiMDUtYWM1NC1kODAzNzM4NmU4MGMiLCJ1c2VybmFtZSI6InVzZXJubzIiLCJyb2xlIjowLCJpYXQiOjE3NTA2OTQzNTQsImV4cCI6MTc1MDY5Nzk1NH0.cn4pcMTzJbKyd0aw-bN_KvZNRCfEwxef9wljw6vUgkw
1 > Host: localhost:3000
1 > Connection: Keep-Alive
1 > User-Agent: Apache-HttpClient/4.5.14 (Java/17.0.9)
1 > Accept-Encoding: gzip,deflate


23:47:58.843 [main] DEBUG org.apache.http.impl.conn.PoolingHttpClientConnectionManager -- Connection request: [route: {}->http://localhost:3000][total available: 0; route allocated: 0 of 5; total allocated: 0 of 10]
23:47:58.843 [main] DEBUG org.apache.http.impl.conn.PoolingHttpClientConnectionManager -- Connection leased: [id: 14][route: {}->http://localhost:3000][total available: 0; route allocated: 1 of 5; total allocated: 1 of 10]
23:47:58.843 [main] DEBUG org.apache.http.impl.execchain.MainClientExec -- Opening connection {}->http://localhost:3000
23:47:58.843 [main] DEBUG org.apache.http.impl.conn.DefaultHttpClientConnectionOperator -- Connecting to localhost/127.0.0.1:3000
23:47:58.844 [main] DEBUG org.apache.http.impl.conn.DefaultHttpClientConnectionOperator -- Connection established 127.0.0.1:62818<->127.0.0.1:3000
23:47:58.844 [main] DEBUG org.apache.http.impl.conn.DefaultManagedHttpClientConnection -- http-outgoing-14: set socket timeout to 5000
23:47:58.844 [main] DEBUG org.apache.http.impl.execchain.MainClientExec -- Executing request GET /posts/feed?limit=10.0&page=abc HTTP/1.1
23:47:58.844 [main] DEBUG org.apache.http.impl.execchain.MainClientExec -- Proxy auth state: UNCHALLENGED
23:47:58.844 [main] DEBUG org.apache.http.headers -- http-outgoing-14 >> GET /posts/feed?limit=10.0&page=abc HTTP/1.1
23:47:58.844 [main] DEBUG org.apache.http.headers -- http-outgoing-14 >> Authorization: Bearer eyJhbGciOiJIUzI1NiIsInR5cCI6IkpXVCJ9.eyJzdWIiOiJmNjI4NDUzMi04ZjFlLTRiMDUtYWM1NC1kODAzNzM4NmU4MGMiLCJ1c2VybmFtZSI6InVzZXJubzIiLCJyb2xlIjowLCJpYXQiOjE3NTA2OTQzNTQsImV4cCI6MTc1MDY5Nzk1NH0.cn4pcMTzJbKyd0aw-bN_KvZNRCfEwxef9wljw6vUgkw
23:47:58.844 [main] DEBUG org.apache.http.headers -- http-outgoing-14 >> Host: localhost:3000
23:47:58.844 [main] DEBUG org.apache.http.headers -- http-outgoing-14 >> Connection: Keep-Alive
23:47:58.844 [main] DEBUG org.apache.http.headers -- http-outgoing-14 >> User-Agent: Apache-HttpClient/4.5.14 (Java/17.0.9)
23:47:58.844 [main] DEBUG org.apache.http.headers -- http-outgoing-14 >> Accept-Encoding: gzip,deflate
23:47:58.844 [main] DEBUG org.apache.http.wire -- http-outgoing-14 >> "GET /posts/feed?limit=10.0&page=abc HTTP/1.1[\r][\n]"
23:47:58.844 [main] DEBUG org.apache.http.wire -- http-outgoing-14 >> "Authorization: Bearer eyJhbGciOiJIUzI1NiIsInR5cCI6IkpXVCJ9.eyJzdWIiOiJmNjI4NDUzMi04ZjFlLTRiMDUtYWM1NC1kODAzNzM4NmU4MGMiLCJ1c2VybmFtZSI6InVzZXJubzIiLCJyb2xlIjowLCJpYXQiOjE3NTA2OTQzNTQsImV4cCI6MTc1MDY5Nzk1NH0.cn4pcMTzJbKyd0aw-bN_KvZNRCfEwxef9wljw6vUgkw[\r][\n]"
23:47:58.844 [main] DEBUG org.apache.http.wire -- http-outgoing-14 >> "Host: localhost:3000[\r][\n]"
23:47:58.844 [main] DEBUG org.apache.http.wire -- http-outgoing-14 >> "Connection: Keep-Alive[\r][\n]"
23:47:58.844 [main] DEBUG org.apache.http.wire -- http-outgoing-14 >> "User-Agent: Apache-HttpClient/4.5.14 (Java/17.0.9)[\r][\n]"
23:47:58.844 [main] DEBUG org.apache.http.wire -- http-outgoing-14 >> "Accept-Encoding: gzip,deflate[\r][\n]"
23:47:58.844 [main] DEBUG org.apache.http.wire -- http-outgoing-14 >> "[\r][\n]"
23:47:58.984 [main] DEBUG org.apache.http.wire -- http-outgoing-14 << "HTTP/1.1 200 OK[\r][\n]"
23:47:58.984 [main] DEBUG org.apache.http.wire -- http-outgoing-14 << "X-Powered-By: Express[\r][\n]"
23:47:58.984 [main] DEBUG org.apache.http.wire -- http-outgoing-14 << "Access-Control-Allow-Origin: *[\r][\n]"
23:47:58.984 [main] DEBUG org.apache.http.wire -- http-outgoing-14 << "Content-Type: application/json; charset=utf-8[\r][\n]"
23:47:58.984 [main] DEBUG org.apache.http.wire -- http-outgoing-14 << "Content-Length: 64[\r][\n]"
23:47:58.984 [main] DEBUG org.apache.http.wire -- http-outgoing-14 << "ETag: W/"40-QKGrNuSvhxBhDWq7IF5CIJDpZK4"[\r][\n]"
23:47:58.984 [main] DEBUG org.apache.http.wire -- http-outgoing-14 << "Date: Mon, 23 Jun 2025 16:47:58 GMT[\r][\n]"
23:47:58.984 [main] DEBUG org.apache.http.wire -- http-outgoing-14 << "Connection: keep-alive[\r][\n]"
23:47:58.984 [main] DEBUG org.apache.http.wire -- http-outgoing-14 << "Keep-Alive: timeout=5[\r][\n]"
23:47:58.984 [main] DEBUG org.apache.http.wire -- http-outgoing-14 << "[\r][\n]"
23:47:58.984 [main] DEBUG org.apache.http.wire -- http-outgoing-14 << "{"message":"Feed","statusCode":200,"status":"success","data":[]}"
23:47:58.984 [main] DEBUG org.apache.http.headers -- http-outgoing-14 << HTTP/1.1 200 OK
23:47:58.984 [main] DEBUG org.apache.http.headers -- http-outgoing-14 << X-Powered-By: Express
23:47:58.984 [main] DEBUG org.apache.http.headers -- http-outgoing-14 << Access-Control-Allow-Origin: *
23:47:58.984 [main] DEBUG org.apache.http.headers -- http-outgoing-14 << Content-Type: application/json; charset=utf-8
23:47:58.984 [main] DEBUG org.apache.http.headers -- http-outgoing-14 << Content-Length: 64
23:47:58.984 [main] DEBUG org.apache.http.headers -- http-outgoing-14 << ETag: W/"40-QKGrNuSvhxBhDWq7IF5CIJDpZK4"
23:47:58.984 [main] DEBUG org.apache.http.headers -- http-outgoing-14 << Date: Mon, 23 Jun 2025 16:47:58 GMT
23:47:58.984 [main] DEBUG org.apache.http.headers -- http-outgoing-14 << Connection: keep-alive
23:47:58.984 [main] DEBUG org.apache.http.headers -- http-outgoing-14 << Keep-Alive: timeout=5
23:47:58.985 [main] DEBUG org.apache.http.impl.execchain.MainClientExec -- Connection can be kept alive for 5000 MILLISECONDS
23:47:58.985 [main] DEBUG org.apache.http.impl.conn.PoolingHttpClientConnectionManager -- Connection [id: 14][route: {}->http://localhost:3000] can be kept alive for 5.0 seconds
23:47:58.985 [main] DEBUG org.apache.http.impl.conn.DefaultManagedHttpClientConnection -- http-outgoing-14: set socket timeout to 0
23:47:58.985 [main] DEBUG org.apache.http.impl.conn.PoolingHttpClientConnectionManager -- Connection released: [id: 14][route: {}->http://localhost:3000][total available: 1; route allocated: 1 of 5; total allocated: 1 of 10]
23:47:58.985 [main] DEBUG org.apache.http.impl.conn.PoolingHttpClientConnectionManager -- Connection manager is shutting down
23:47:58.985 [main] DEBUG org.apache.http.impl.conn.DefaultManagedHttpClientConnection -- http-outgoing-14: Close connection
23:47:58.985 [main] DEBUG org.apache.http.impl.conn.PoolingHttpClientConnectionManager -- Connection manager shut down
23:47:58.985 [main] DEBUG com.intuit.karate -- response time in milliseconds: 142
1 < 200
1 < X-Powered-By: Express
1 < Access-Control-Allow-Origin: *
1 < Content-Type: application/json; charset=utf-8
1 < Content-Length: 64
1 < ETag: W/"40-QKGrNuSvhxBhDWq7IF5CIJDpZK4"
1 < Date: Mon, 23 Jun 2025 16:47:58 GMT
1 < Connection: keep-alive
1 < Keep-Alive: timeout=5
{
  "message": "Feed",
  "statusCode": 200,
  "status": "success",
  "data": [
  ]
}


23:47:58.987 [main] INFO com.intuit.karate -- [print] Calling getPostsFeed API v?i bearerToken: eyJhbGciOiJIUzI1NiIsInR5cCI6IkpXVCJ9.eyJzdWIiOiJmNjI4NDUzMi04ZjFlLTRiMDUtYWM1NC1kODAzNzM4NmU4MGMiLCJ1c2VybmFtZSI6InVzZXJubzIiLCJyb2xlIjowLCJpYXQiOjE3NTA2OTQzNTQsImV4cCI6MTc1MDY5Nzk1NH0.cn4pcMTzJbKyd0aw-bN_KvZNRCfEwxef9wljw6vUgkw 
23:47:58.988 [main] INFO com.intuit.karate -- [print] Query params: {
  "page": "abc",
  "limit": 10.0
}
 
23:47:58.988 [main] INFO com.intuit.karate -- [print] Response status: 200 body: {
  "message": "Feed",
  "statusCode": 200,
  "status": "success",
  "data": [
  ]
}
 
23:47:58.990 [main] INFO com.intuit.karate -- ? TEST FAILED - Status mismatch: Expected 400, got 200 
23:47:58.991 [main] INFO com.intuit.karate -- Test case #15 - Status: 200, Result: {"message":"Feed","statusCode":200,"status":"success","data":[]} 
23:47:58.993 [main] INFO com.intuit.karate -- ?ang ch?y test case #16: limit v?i giá tr? string không h?p l? 
23:47:58.993 [main] INFO com.intuit.karate -- S? d?ng global bearer token t? config: eyJhbGciOiJIUzI1NiIsInR5cCI6IkpXVCJ9.eyJzdWIiOiJmNjI4NDUzMi04ZjFlLTRiMDUtYWM1NC1kODAzNzM4NmU4MGMiLCJ1c2VybmFtZSI6InVzZXJubzIiLCJyb2xlIjowLCJpYXQiOjE3NTA2OTQzNTQsImV4cCI6MTc1MDY5Nzk1NH0.cn4pcMTzJbKyd0aw-bN_KvZNRCfEwxef9wljw6vUgkw 
23:47:59.010 [main] INFO com.intuit.karate -- karate.env system property was: null 
23:47:59.013 [main] DEBUG com.jayway.jsonpath.internal.path.CompiledPath -- Evaluating path: $
23:47:59.015 [main] DEBUG com.jayway.jsonpath.internal.path.CompiledPath -- Evaluating path: $
23:47:59.021 [main] DEBUG org.apache.http.client.protocol.RequestAddCookies -- CookieSpec selected: karate
23:47:59.021 [main] DEBUG org.apache.http.client.protocol.RequestAuthCache -- Auth cache not set in the context
23:47:59.021 [main] DEBUG com.intuit.karate -- request:
1 > GET http://localhost:3000/posts/feed?limit=xyz&page=1.0
1 > Authorization: Bearer eyJhbGciOiJIUzI1NiIsInR5cCI6IkpXVCJ9.eyJzdWIiOiJmNjI4NDUzMi04ZjFlLTRiMDUtYWM1NC1kODAzNzM4NmU4MGMiLCJ1c2VybmFtZSI6InVzZXJubzIiLCJyb2xlIjowLCJpYXQiOjE3NTA2OTQzNTQsImV4cCI6MTc1MDY5Nzk1NH0.cn4pcMTzJbKyd0aw-bN_KvZNRCfEwxef9wljw6vUgkw
1 > Host: localhost:3000
1 > Connection: Keep-Alive
1 > User-Agent: Apache-HttpClient/4.5.14 (Java/17.0.9)
1 > Accept-Encoding: gzip,deflate


23:47:59.021 [main] DEBUG org.apache.http.impl.conn.PoolingHttpClientConnectionManager -- Connection request: [route: {}->http://localhost:3000][total available: 0; route allocated: 0 of 5; total allocated: 0 of 10]
23:47:59.021 [main] DEBUG org.apache.http.impl.conn.PoolingHttpClientConnectionManager -- Connection leased: [id: 15][route: {}->http://localhost:3000][total available: 0; route allocated: 1 of 5; total allocated: 1 of 10]
23:47:59.021 [main] DEBUG org.apache.http.impl.execchain.MainClientExec -- Opening connection {}->http://localhost:3000
23:47:59.022 [main] DEBUG org.apache.http.impl.conn.DefaultHttpClientConnectionOperator -- Connecting to localhost/127.0.0.1:3000
23:47:59.022 [main] DEBUG org.apache.http.impl.conn.DefaultHttpClientConnectionOperator -- Connection established 127.0.0.1:62819<->127.0.0.1:3000
23:47:59.022 [main] DEBUG org.apache.http.impl.conn.DefaultManagedHttpClientConnection -- http-outgoing-15: set socket timeout to 5000
23:47:59.022 [main] DEBUG org.apache.http.impl.execchain.MainClientExec -- Executing request GET /posts/feed?limit=xyz&page=1.0 HTTP/1.1
23:47:59.022 [main] DEBUG org.apache.http.impl.execchain.MainClientExec -- Proxy auth state: UNCHALLENGED
23:47:59.022 [main] DEBUG org.apache.http.headers -- http-outgoing-15 >> GET /posts/feed?limit=xyz&page=1.0 HTTP/1.1
23:47:59.022 [main] DEBUG org.apache.http.headers -- http-outgoing-15 >> Authorization: Bearer eyJhbGciOiJIUzI1NiIsInR5cCI6IkpXVCJ9.eyJzdWIiOiJmNjI4NDUzMi04ZjFlLTRiMDUtYWM1NC1kODAzNzM4NmU4MGMiLCJ1c2VybmFtZSI6InVzZXJubzIiLCJyb2xlIjowLCJpYXQiOjE3NTA2OTQzNTQsImV4cCI6MTc1MDY5Nzk1NH0.cn4pcMTzJbKyd0aw-bN_KvZNRCfEwxef9wljw6vUgkw
23:47:59.022 [main] DEBUG org.apache.http.headers -- http-outgoing-15 >> Host: localhost:3000
23:47:59.022 [main] DEBUG org.apache.http.headers -- http-outgoing-15 >> Connection: Keep-Alive
23:47:59.022 [main] DEBUG org.apache.http.headers -- http-outgoing-15 >> User-Agent: Apache-HttpClient/4.5.14 (Java/17.0.9)
23:47:59.022 [main] DEBUG org.apache.http.headers -- http-outgoing-15 >> Accept-Encoding: gzip,deflate
23:47:59.022 [main] DEBUG org.apache.http.wire -- http-outgoing-15 >> "GET /posts/feed?limit=xyz&page=1.0 HTTP/1.1[\r][\n]"
23:47:59.022 [main] DEBUG org.apache.http.wire -- http-outgoing-15 >> "Authorization: Bearer eyJhbGciOiJIUzI1NiIsInR5cCI6IkpXVCJ9.eyJzdWIiOiJmNjI4NDUzMi04ZjFlLTRiMDUtYWM1NC1kODAzNzM4NmU4MGMiLCJ1c2VybmFtZSI6InVzZXJubzIiLCJyb2xlIjowLCJpYXQiOjE3NTA2OTQzNTQsImV4cCI6MTc1MDY5Nzk1NH0.cn4pcMTzJbKyd0aw-bN_KvZNRCfEwxef9wljw6vUgkw[\r][\n]"
23:47:59.022 [main] DEBUG org.apache.http.wire -- http-outgoing-15 >> "Host: localhost:3000[\r][\n]"
23:47:59.022 [main] DEBUG org.apache.http.wire -- http-outgoing-15 >> "Connection: Keep-Alive[\r][\n]"
23:47:59.024 [main] DEBUG org.apache.http.wire -- http-outgoing-15 >> "User-Agent: Apache-HttpClient/4.5.14 (Java/17.0.9)[\r][\n]"
23:47:59.024 [main] DEBUG org.apache.http.wire -- http-outgoing-15 >> "Accept-Encoding: gzip,deflate[\r][\n]"
23:47:59.024 [main] DEBUG org.apache.http.wire -- http-outgoing-15 >> "[\r][\n]"
23:47:59.170 [main] DEBUG org.apache.http.wire -- http-outgoing-15 << "HTTP/1.1 200 OK[\r][\n]"
23:47:59.170 [main] DEBUG org.apache.http.wire -- http-outgoing-15 << "X-Powered-By: Express[\r][\n]"
23:47:59.170 [main] DEBUG org.apache.http.wire -- http-outgoing-15 << "Access-Control-Allow-Origin: *[\r][\n]"
23:47:59.170 [main] DEBUG org.apache.http.wire -- http-outgoing-15 << "Content-Type: application/json; charset=utf-8[\r][\n]"
23:47:59.170 [main] DEBUG org.apache.http.wire -- http-outgoing-15 << "Content-Length: 64[\r][\n]"
23:47:59.170 [main] DEBUG org.apache.http.wire -- http-outgoing-15 << "ETag: W/"40-QKGrNuSvhxBhDWq7IF5CIJDpZK4"[\r][\n]"
23:47:59.170 [main] DEBUG org.apache.http.wire -- http-outgoing-15 << "Date: Mon, 23 Jun 2025 16:47:59 GMT[\r][\n]"
23:47:59.170 [main] DEBUG org.apache.http.wire -- http-outgoing-15 << "Connection: keep-alive[\r][\n]"
23:47:59.170 [main] DEBUG org.apache.http.wire -- http-outgoing-15 << "Keep-Alive: timeout=5[\r][\n]"
23:47:59.170 [main] DEBUG org.apache.http.wire -- http-outgoing-15 << "[\r][\n]"
23:47:59.170 [main] DEBUG org.apache.http.wire -- http-outgoing-15 << "{"message":"Feed","statusCode":200,"status":"success","data":[]}"
23:47:59.170 [main] DEBUG org.apache.http.headers -- http-outgoing-15 << HTTP/1.1 200 OK
23:47:59.170 [main] DEBUG org.apache.http.headers -- http-outgoing-15 << X-Powered-By: Express
23:47:59.170 [main] DEBUG org.apache.http.headers -- http-outgoing-15 << Access-Control-Allow-Origin: *
23:47:59.170 [main] DEBUG org.apache.http.headers -- http-outgoing-15 << Content-Type: application/json; charset=utf-8
23:47:59.170 [main] DEBUG org.apache.http.headers -- http-outgoing-15 << Content-Length: 64
23:47:59.170 [main] DEBUG org.apache.http.headers -- http-outgoing-15 << ETag: W/"40-QKGrNuSvhxBhDWq7IF5CIJDpZK4"
23:47:59.170 [main] DEBUG org.apache.http.headers -- http-outgoing-15 << Date: Mon, 23 Jun 2025 16:47:59 GMT
23:47:59.170 [main] DEBUG org.apache.http.headers -- http-outgoing-15 << Connection: keep-alive
23:47:59.170 [main] DEBUG org.apache.http.headers -- http-outgoing-15 << Keep-Alive: timeout=5
23:47:59.170 [main] DEBUG org.apache.http.impl.execchain.MainClientExec -- Connection can be kept alive for 5000 MILLISECONDS
23:47:59.171 [main] DEBUG org.apache.http.impl.conn.PoolingHttpClientConnectionManager -- Connection [id: 15][route: {}->http://localhost:3000] can be kept alive for 5.0 seconds
23:47:59.171 [main] DEBUG org.apache.http.impl.conn.DefaultManagedHttpClientConnection -- http-outgoing-15: set socket timeout to 0
23:47:59.171 [main] DEBUG org.apache.http.impl.conn.PoolingHttpClientConnectionManager -- Connection released: [id: 15][route: {}->http://localhost:3000][total available: 1; route allocated: 1 of 5; total allocated: 1 of 10]
23:47:59.171 [main] DEBUG org.apache.http.impl.conn.PoolingHttpClientConnectionManager -- Connection manager is shutting down
23:47:59.171 [main] DEBUG org.apache.http.impl.conn.DefaultManagedHttpClientConnection -- http-outgoing-15: Close connection
23:47:59.171 [main] DEBUG org.apache.http.impl.conn.PoolingHttpClientConnectionManager -- Connection manager shut down
23:47:59.171 [main] DEBUG com.intuit.karate -- response time in milliseconds: 150
1 < 200
1 < X-Powered-By: Express
1 < Access-Control-Allow-Origin: *
1 < Content-Type: application/json; charset=utf-8
1 < Content-Length: 64
1 < ETag: W/"40-QKGrNuSvhxBhDWq7IF5CIJDpZK4"
1 < Date: Mon, 23 Jun 2025 16:47:59 GMT
1 < Connection: keep-alive
1 < Keep-Alive: timeout=5
{
  "message": "Feed",
  "statusCode": 200,
  "status": "success",
  "data": [
  ]
}


23:47:59.172 [main] INFO com.intuit.karate -- [print] Calling getPostsFeed API v?i bearerToken: eyJhbGciOiJIUzI1NiIsInR5cCI6IkpXVCJ9.eyJzdWIiOiJmNjI4NDUzMi04ZjFlLTRiMDUtYWM1NC1kODAzNzM4NmU4MGMiLCJ1c2VybmFtZSI6InVzZXJubzIiLCJyb2xlIjowLCJpYXQiOjE3NTA2OTQzNTQsImV4cCI6MTc1MDY5Nzk1NH0.cn4pcMTzJbKyd0aw-bN_KvZNRCfEwxef9wljw6vUgkw 
23:47:59.172 [main] INFO com.intuit.karate -- [print] Query params: {
  "page": 1.0,
  "limit": "xyz"
}
 
23:47:59.172 [main] INFO com.intuit.karate -- [print] Response status: 200 body: {
  "message": "Feed",
  "statusCode": 200,
  "status": "success",
  "data": [
  ]
}
 
23:47:59.173 [main] INFO com.intuit.karate -- ? TEST FAILED - Status mismatch: Expected 400, got 200 
23:47:59.173 [main] INFO com.intuit.karate -- Test case #16 - Status: 200, Result: {"message":"Feed","statusCode":200,"status":"success","data":[]} 
23:47:59.173 [main] INFO com.intuit.karate -- ?ang ch?y test case #17: Limit = 1 (minimum valid) 
23:47:59.173 [main] INFO com.intuit.karate -- S? d?ng global bearer token t? config: eyJhbGciOiJIUzI1NiIsInR5cCI6IkpXVCJ9.eyJzdWIiOiJmNjI4NDUzMi04ZjFlLTRiMDUtYWM1NC1kODAzNzM4NmU4MGMiLCJ1c2VybmFtZSI6InVzZXJubzIiLCJyb2xlIjowLCJpYXQiOjE3NTA2OTQzNTQsImV4cCI6MTc1MDY5Nzk1NH0.cn4pcMTzJbKyd0aw-bN_KvZNRCfEwxef9wljw6vUgkw 
23:47:59.177 [main] INFO com.intuit.karate -- karate.env system property was: null 
23:47:59.178 [main] DEBUG com.jayway.jsonpath.internal.path.CompiledPath -- Evaluating path: $
23:47:59.178 [main] DEBUG com.jayway.jsonpath.internal.path.CompiledPath -- Evaluating path: $
23:47:59.181 [main] DEBUG org.apache.http.client.protocol.RequestAddCookies -- CookieSpec selected: karate
23:47:59.181 [main] DEBUG org.apache.http.client.protocol.RequestAuthCache -- Auth cache not set in the context
23:47:59.181 [main] DEBUG com.intuit.karate -- request:
1 > GET http://localhost:3000/posts/feed?limit=1&page=1
1 > Authorization: Bearer eyJhbGciOiJIUzI1NiIsInR5cCI6IkpXVCJ9.eyJzdWIiOiJmNjI4NDUzMi04ZjFlLTRiMDUtYWM1NC1kODAzNzM4NmU4MGMiLCJ1c2VybmFtZSI6InVzZXJubzIiLCJyb2xlIjowLCJpYXQiOjE3NTA2OTQzNTQsImV4cCI6MTc1MDY5Nzk1NH0.cn4pcMTzJbKyd0aw-bN_KvZNRCfEwxef9wljw6vUgkw
1 > Host: localhost:3000
1 > Connection: Keep-Alive
1 > User-Agent: Apache-HttpClient/4.5.14 (Java/17.0.9)
1 > Accept-Encoding: gzip,deflate


23:47:59.181 [main] DEBUG org.apache.http.impl.conn.PoolingHttpClientConnectionManager -- Connection request: [route: {}->http://localhost:3000][total available: 0; route allocated: 0 of 5; total allocated: 0 of 10]
23:47:59.181 [main] DEBUG org.apache.http.impl.conn.PoolingHttpClientConnectionManager -- Connection leased: [id: 16][route: {}->http://localhost:3000][total available: 0; route allocated: 1 of 5; total allocated: 1 of 10]
23:47:59.181 [main] DEBUG org.apache.http.impl.execchain.MainClientExec -- Opening connection {}->http://localhost:3000
23:47:59.181 [main] DEBUG org.apache.http.impl.conn.DefaultHttpClientConnectionOperator -- Connecting to localhost/127.0.0.1:3000
23:47:59.182 [main] DEBUG org.apache.http.impl.conn.DefaultHttpClientConnectionOperator -- Connection established 127.0.0.1:62820<->127.0.0.1:3000
23:47:59.182 [main] DEBUG org.apache.http.impl.conn.DefaultManagedHttpClientConnection -- http-outgoing-16: set socket timeout to 5000
23:47:59.182 [main] DEBUG org.apache.http.impl.execchain.MainClientExec -- Executing request GET /posts/feed?limit=1&page=1 HTTP/1.1
23:47:59.182 [main] DEBUG org.apache.http.impl.execchain.MainClientExec -- Proxy auth state: UNCHALLENGED
23:47:59.182 [main] DEBUG org.apache.http.headers -- http-outgoing-16 >> GET /posts/feed?limit=1&page=1 HTTP/1.1
23:47:59.182 [main] DEBUG org.apache.http.headers -- http-outgoing-16 >> Authorization: Bearer eyJhbGciOiJIUzI1NiIsInR5cCI6IkpXVCJ9.eyJzdWIiOiJmNjI4NDUzMi04ZjFlLTRiMDUtYWM1NC1kODAzNzM4NmU4MGMiLCJ1c2VybmFtZSI6InVzZXJubzIiLCJyb2xlIjowLCJpYXQiOjE3NTA2OTQzNTQsImV4cCI6MTc1MDY5Nzk1NH0.cn4pcMTzJbKyd0aw-bN_KvZNRCfEwxef9wljw6vUgkw
23:47:59.182 [main] DEBUG org.apache.http.headers -- http-outgoing-16 >> Host: localhost:3000
23:47:59.182 [main] DEBUG org.apache.http.headers -- http-outgoing-16 >> Connection: Keep-Alive
23:47:59.182 [main] DEBUG org.apache.http.headers -- http-outgoing-16 >> User-Agent: Apache-HttpClient/4.5.14 (Java/17.0.9)
23:47:59.182 [main] DEBUG org.apache.http.headers -- http-outgoing-16 >> Accept-Encoding: gzip,deflate
23:47:59.182 [main] DEBUG org.apache.http.wire -- http-outgoing-16 >> "GET /posts/feed?limit=1&page=1 HTTP/1.1[\r][\n]"
23:47:59.182 [main] DEBUG org.apache.http.wire -- http-outgoing-16 >> "Authorization: Bearer eyJhbGciOiJIUzI1NiIsInR5cCI6IkpXVCJ9.eyJzdWIiOiJmNjI4NDUzMi04ZjFlLTRiMDUtYWM1NC1kODAzNzM4NmU4MGMiLCJ1c2VybmFtZSI6InVzZXJubzIiLCJyb2xlIjowLCJpYXQiOjE3NTA2OTQzNTQsImV4cCI6MTc1MDY5Nzk1NH0.cn4pcMTzJbKyd0aw-bN_KvZNRCfEwxef9wljw6vUgkw[\r][\n]"
23:47:59.182 [main] DEBUG org.apache.http.wire -- http-outgoing-16 >> "Host: localhost:3000[\r][\n]"
23:47:59.182 [main] DEBUG org.apache.http.wire -- http-outgoing-16 >> "Connection: Keep-Alive[\r][\n]"
23:47:59.182 [main] DEBUG org.apache.http.wire -- http-outgoing-16 >> "User-Agent: Apache-HttpClient/4.5.14 (Java/17.0.9)[\r][\n]"
23:47:59.182 [main] DEBUG org.apache.http.wire -- http-outgoing-16 >> "Accept-Encoding: gzip,deflate[\r][\n]"
23:47:59.182 [main] DEBUG org.apache.http.wire -- http-outgoing-16 >> "[\r][\n]"
23:47:59.335 [main] DEBUG org.apache.http.wire -- http-outgoing-16 << "HTTP/1.1 200 OK[\r][\n]"
23:47:59.335 [main] DEBUG org.apache.http.wire -- http-outgoing-16 << "X-Powered-By: Express[\r][\n]"
23:47:59.335 [main] DEBUG org.apache.http.wire -- http-outgoing-16 << "Access-Control-Allow-Origin: *[\r][\n]"
23:47:59.335 [main] DEBUG org.apache.http.wire -- http-outgoing-16 << "Content-Type: application/json; charset=utf-8[\r][\n]"
23:47:59.335 [main] DEBUG org.apache.http.wire -- http-outgoing-16 << "Content-Length: 951[\r][\n]"
23:47:59.335 [main] DEBUG org.apache.http.wire -- http-outgoing-16 << "ETag: W/"3b7-4Zpr92QIE7tCP5fG4+PMUmSBh6k"[\r][\n]"
23:47:59.335 [main] DEBUG org.apache.http.wire -- http-outgoing-16 << "Date: Mon, 23 Jun 2025 16:47:59 GMT[\r][\n]"
23:47:59.335 [main] DEBUG org.apache.http.wire -- http-outgoing-16 << "Connection: keep-alive[\r][\n]"
23:47:59.335 [main] DEBUG org.apache.http.wire -- http-outgoing-16 << "Keep-Alive: timeout=5[\r][\n]"
23:47:59.335 [main] DEBUG org.apache.http.wire -- http-outgoing-16 << "[\r][\n]"
23:47:59.335 [main] DEBUG org.apache.http.wire -- http-outgoing-16 << "{"message":"Feed","statusCode":200,"status":"success","data":[{"id":"c8151412-bc98-49ec-88ff-57b89cc2ce67","authorId":"08515b05-2d3e-4789-ad60-db35525a4970","imageUrl":["https://res.cloudinary.com/dizcvrefo/image/upload/v1748933672/nestjs_uploads/rpehmvwkwptjktjzllxz.jpg","https://res.cloudinary.com/dizcvrefo/image/upload/v1748933672/nestjs_uploads/xl8wce3gldsuaekfnfwo.jpg","https://res.cloudinary.com/dizcvrefo/image/upload/v1748933671/nestjs_uploads/ee1ntt1feukxfszhma1b.jpg"],"caption":"Moi di hom nay","location":null,"tags":[],"isPublic":true,"likeCount":0,"commentCount":0,"sharedCount":0,"createdAt":"2025-06-03T06:54:33.756Z","updatedAt":"2025-06-03T06:54:33.756Z","author":{"username":"nam","profilePic":"https://res.cloudinary.com/dizcvrefo/image/upload/v1749266646/nestjs_uploads/zk9zrpeidnovxibfqdxr.png"},"_count":{"likes":4,"comments":0},"score":0.016330181963169092,"isLike":true,"isToday":false,"isFollowing":false,"isSelf":false}]}"
23:47:59.335 [main] DEBUG org.apache.http.headers -- http-outgoing-16 << HTTP/1.1 200 OK
23:47:59.335 [main] DEBUG org.apache.http.headers -- http-outgoing-16 << X-Powered-By: Express
23:47:59.335 [main] DEBUG org.apache.http.headers -- http-outgoing-16 << Access-Control-Allow-Origin: *
23:47:59.335 [main] DEBUG org.apache.http.headers -- http-outgoing-16 << Content-Type: application/json; charset=utf-8
23:47:59.335 [main] DEBUG org.apache.http.headers -- http-outgoing-16 << Content-Length: 951
23:47:59.335 [main] DEBUG org.apache.http.headers -- http-outgoing-16 << ETag: W/"3b7-4Zpr92QIE7tCP5fG4+PMUmSBh6k"
23:47:59.335 [main] DEBUG org.apache.http.headers -- http-outgoing-16 << Date: Mon, 23 Jun 2025 16:47:59 GMT
23:47:59.335 [main] DEBUG org.apache.http.headers -- http-outgoing-16 << Connection: keep-alive
23:47:59.335 [main] DEBUG org.apache.http.headers -- http-outgoing-16 << Keep-Alive: timeout=5
23:47:59.335 [main] DEBUG org.apache.http.impl.execchain.MainClientExec -- Connection can be kept alive for 5000 MILLISECONDS
23:47:59.335 [main] DEBUG org.apache.http.impl.conn.PoolingHttpClientConnectionManager -- Connection [id: 16][route: {}->http://localhost:3000] can be kept alive for 5.0 seconds
23:47:59.335 [main] DEBUG org.apache.http.impl.conn.DefaultManagedHttpClientConnection -- http-outgoing-16: set socket timeout to 0
23:47:59.335 [main] DEBUG org.apache.http.impl.conn.PoolingHttpClientConnectionManager -- Connection released: [id: 16][route: {}->http://localhost:3000][total available: 1; route allocated: 1 of 5; total allocated: 1 of 10]
23:47:59.335 [main] DEBUG org.apache.http.impl.conn.PoolingHttpClientConnectionManager -- Connection manager is shutting down
23:47:59.335 [main] DEBUG org.apache.http.impl.conn.DefaultManagedHttpClientConnection -- http-outgoing-16: Close connection
23:47:59.335 [main] DEBUG org.apache.http.impl.conn.PoolingHttpClientConnectionManager -- Connection manager shut down
23:47:59.335 [main] DEBUG com.intuit.karate -- response time in milliseconds: 154
1 < 200
1 < X-Powered-By: Express
1 < Access-Control-Allow-Origin: *
1 < Content-Type: application/json; charset=utf-8
1 < Content-Length: 951
1 < ETag: W/"3b7-4Zpr92QIE7tCP5fG4+PMUmSBh6k"
1 < Date: Mon, 23 Jun 2025 16:47:59 GMT
1 < Connection: keep-alive
1 < Keep-Alive: timeout=5
{
  "message": "Feed",
  "statusCode": 200,
  "status": "success",
  "data": [
    {
      "id": "c8151412-bc98-49ec-88ff-57b89cc2ce67",
      "authorId": "08515b05-2d3e-4789-ad60-db35525a4970",
      "imageUrl": [
        "https://res.cloudinary.com/dizcvrefo/image/upload/v1748933672/nestjs_uploads/rpehmvwkwptjktjzllxz.jpg",
        "https://res.cloudinary.com/dizcvrefo/image/upload/v1748933672/nestjs_uploads/xl8wce3gldsuaekfnfwo.jpg",
        "https://res.cloudinary.com/dizcvrefo/image/upload/v1748933671/nestjs_uploads/ee1ntt1feukxfszhma1b.jpg"
      ],
      "caption": "Moi di hom nay",
      "location": null,
      "tags": [
      ],
      "isPublic": true,
      "likeCount": 0,
      "commentCount": 0,
      "sharedCount": 0,
      "createdAt": "2025-06-03T06:54:33.756Z",
      "updatedAt": "2025-06-03T06:54:33.756Z",
      "author": {
        "username": "nam",
        "profilePic": "https://res.cloudinary.com/dizcvrefo/image/upload/v1749266646/nestjs_uploads/zk9zrpeidnovxibfqdxr.png"
      },
      "_count": {
        "likes": 4,
        "comments": 0
      },
      "score": 0.016330181963169092,
      "isLike": true,
      "isToday": false,
      "isFollowing": false,
      "isSelf": false
    }
  ]
}


23:47:59.337 [main] INFO com.intuit.karate -- [print] Calling getPostsFeed API v?i bearerToken: eyJhbGciOiJIUzI1NiIsInR5cCI6IkpXVCJ9.eyJzdWIiOiJmNjI4NDUzMi04ZjFlLTRiMDUtYWM1NC1kODAzNzM4NmU4MGMiLCJ1c2VybmFtZSI6InVzZXJubzIiLCJyb2xlIjowLCJpYXQiOjE3NTA2OTQzNTQsImV4cCI6MTc1MDY5Nzk1NH0.cn4pcMTzJbKyd0aw-bN_KvZNRCfEwxef9wljw6vUgkw 
23:47:59.338 [main] INFO com.intuit.karate -- [print] Query params: {
  "page": "1",
  "limit": "1"
}
 
23:47:59.338 [main] INFO com.intuit.karate -- [print] Response status: 200 body: {
  "message": "Feed",
  "statusCode": 200,
  "status": "success",
  "data": [
    {
      "id": "c8151412-bc98-49ec-88ff-57b89cc2ce67",
      "authorId": "08515b05-2d3e-4789-ad60-db35525a4970",
      "imageUrl": [
        "https://res.cloudinary.com/dizcvrefo/image/upload/v1748933672/nestjs_uploads/rpehmvwkwptjktjzllxz.jpg",
        "https://res.cloudinary.com/dizcvrefo/image/upload/v1748933672/nestjs_uploads/xl8wce3gldsuaekfnfwo.jpg",
        "https://res.cloudinary.com/dizcvrefo/image/upload/v1748933671/nestjs_uploads/ee1ntt1feukxfszhma1b.jpg"
      ],
      "caption": "Moi di hom nay",
      "location": null,
      "tags": [
      ],
      "isPublic": true,
      "likeCount": 0,
      "commentCount": 0,
      "sharedCount": 0,
      "createdAt": "2025-06-03T06:54:33.756Z",
      "updatedAt": "2025-06-03T06:54:33.756Z",
      "author": {
        "username": "nam",
        "profilePic": "https://res.cloudinary.com/dizcvrefo/image/upload/v1749266646/nestjs_uploads/zk9zrpeidnovxibfqdxr.png"
      },
      "_count": {
        "likes": 4,
        "comments": 0
      },
      "score": 0.016330181963169092,
      "isLike": true,
      "isToday": false,
      "isFollowing": false,
      "isSelf": false
    }
  ]
}
 
23:47:59.339 [main] INFO com.intuit.karate -- ? TEST PASSED - All validations passed 
23:47:59.339 [main] INFO com.intuit.karate -- Test case #17 - Status: 200, Result: {"message":"Feed","statusCode":200,"status":"success","data":[{"id":"c8151412-bc98-49ec-88ff-57b89cc2ce67","authorId":"08515b05-2d3e-4789-ad60-db35525a4970","imageUrl":["https://res.cloudinary.com/dizcvrefo/image/upload/v1748933672/nestjs_uploads/rpehmvwkwptjktjzllxz.jpg","https://res.cloudinary.com/dizcvrefo/image/upload/v1748933672/nestjs_uploads/xl8wce3gldsuaekfnfwo.jpg","https://res.cloudinary.com/dizcvrefo/image/upload/v1748933671/nestjs_uploads/ee1ntt1feukxfszhma1b.jpg"],"caption":"Moi di hom nay","location":null,"tags":[],"isPublic":true,"likeCount":0,"commentCount":0,"sharedCount":0,"createdAt":"2025-06-03T06:54:33.756Z","updatedAt":"2025-06-03T06:54:33.756Z","author":{"username":"nam","profilePic":"https://res.cloudinary.com/dizcvrefo/image/upload/v1749266646/nestjs_uploads/zk9zrpeidnovxibfqdxr.png"},"_count":{"likes":4,"comments":0},"score":0.016330181963169092,"isLike":true,"isToday":false,"isFollowing":false,"isSelf":false}]} 
23:47:59.339 [main] INFO com.intuit.karate -- ?ang ch?y test case #18: Limit = 50 (maximum valid) 
23:47:59.339 [main] INFO com.intuit.karate -- S? d?ng global bearer token t? config: eyJhbGciOiJIUzI1NiIsInR5cCI6IkpXVCJ9.eyJzdWIiOiJmNjI4NDUzMi04ZjFlLTRiMDUtYWM1NC1kODAzNzM4NmU4MGMiLCJ1c2VybmFtZSI6InVzZXJubzIiLCJyb2xlIjowLCJpYXQiOjE3NTA2OTQzNTQsImV4cCI6MTc1MDY5Nzk1NH0.cn4pcMTzJbKyd0aw-bN_KvZNRCfEwxef9wljw6vUgkw 
23:47:59.344 [main] INFO com.intuit.karate -- karate.env system property was: null 
23:47:59.345 [main] DEBUG com.jayway.jsonpath.internal.path.CompiledPath -- Evaluating path: $
23:47:59.345 [main] DEBUG com.jayway.jsonpath.internal.path.CompiledPath -- Evaluating path: $
23:47:59.346 [main] DEBUG org.apache.http.client.protocol.RequestAddCookies -- CookieSpec selected: karate
23:47:59.346 [main] DEBUG org.apache.http.client.protocol.RequestAuthCache -- Auth cache not set in the context
23:47:59.346 [main] DEBUG com.intuit.karate -- request:
1 > GET http://localhost:3000/posts/feed?limit=50&page=1
1 > Authorization: Bearer eyJhbGciOiJIUzI1NiIsInR5cCI6IkpXVCJ9.eyJzdWIiOiJmNjI4NDUzMi04ZjFlLTRiMDUtYWM1NC1kODAzNzM4NmU4MGMiLCJ1c2VybmFtZSI6InVzZXJubzIiLCJyb2xlIjowLCJpYXQiOjE3NTA2OTQzNTQsImV4cCI6MTc1MDY5Nzk1NH0.cn4pcMTzJbKyd0aw-bN_KvZNRCfEwxef9wljw6vUgkw
1 > Host: localhost:3000
1 > Connection: Keep-Alive
1 > User-Agent: Apache-HttpClient/4.5.14 (Java/17.0.9)
1 > Accept-Encoding: gzip,deflate


23:47:59.346 [main] DEBUG org.apache.http.impl.conn.PoolingHttpClientConnectionManager -- Connection request: [route: {}->http://localhost:3000][total available: 0; route allocated: 0 of 5; total allocated: 0 of 10]
23:47:59.346 [main] DEBUG org.apache.http.impl.conn.PoolingHttpClientConnectionManager -- Connection leased: [id: 17][route: {}->http://localhost:3000][total available: 0; route allocated: 1 of 5; total allocated: 1 of 10]
23:47:59.346 [main] DEBUG org.apache.http.impl.execchain.MainClientExec -- Opening connection {}->http://localhost:3000
23:47:59.346 [main] DEBUG org.apache.http.impl.conn.DefaultHttpClientConnectionOperator -- Connecting to localhost/127.0.0.1:3000
23:47:59.346 [main] DEBUG org.apache.http.impl.conn.DefaultHttpClientConnectionOperator -- Connection established 127.0.0.1:62821<->127.0.0.1:3000
23:47:59.346 [main] DEBUG org.apache.http.impl.conn.DefaultManagedHttpClientConnection -- http-outgoing-17: set socket timeout to 5000
23:47:59.346 [main] DEBUG org.apache.http.impl.execchain.MainClientExec -- Executing request GET /posts/feed?limit=50&page=1 HTTP/1.1
23:47:59.346 [main] DEBUG org.apache.http.impl.execchain.MainClientExec -- Proxy auth state: UNCHALLENGED
23:47:59.346 [main] DEBUG org.apache.http.headers -- http-outgoing-17 >> GET /posts/feed?limit=50&page=1 HTTP/1.1
23:47:59.346 [main] DEBUG org.apache.http.headers -- http-outgoing-17 >> Authorization: Bearer eyJhbGciOiJIUzI1NiIsInR5cCI6IkpXVCJ9.eyJzdWIiOiJmNjI4NDUzMi04ZjFlLTRiMDUtYWM1NC1kODAzNzM4NmU4MGMiLCJ1c2VybmFtZSI6InVzZXJubzIiLCJyb2xlIjowLCJpYXQiOjE3NTA2OTQzNTQsImV4cCI6MTc1MDY5Nzk1NH0.cn4pcMTzJbKyd0aw-bN_KvZNRCfEwxef9wljw6vUgkw
23:47:59.346 [main] DEBUG org.apache.http.headers -- http-outgoing-17 >> Host: localhost:3000
23:47:59.346 [main] DEBUG org.apache.http.headers -- http-outgoing-17 >> Connection: Keep-Alive
23:47:59.346 [main] DEBUG org.apache.http.headers -- http-outgoing-17 >> User-Agent: Apache-HttpClient/4.5.14 (Java/17.0.9)
23:47:59.346 [main] DEBUG org.apache.http.headers -- http-outgoing-17 >> Accept-Encoding: gzip,deflate
23:47:59.346 [main] DEBUG org.apache.http.wire -- http-outgoing-17 >> "GET /posts/feed?limit=50&page=1 HTTP/1.1[\r][\n]"
23:47:59.348 [main] DEBUG org.apache.http.wire -- http-outgoing-17 >> "Authorization: Bearer eyJhbGciOiJIUzI1NiIsInR5cCI6IkpXVCJ9.eyJzdWIiOiJmNjI4NDUzMi04ZjFlLTRiMDUtYWM1NC1kODAzNzM4NmU4MGMiLCJ1c2VybmFtZSI6InVzZXJubzIiLCJyb2xlIjowLCJpYXQiOjE3NTA2OTQzNTQsImV4cCI6MTc1MDY5Nzk1NH0.cn4pcMTzJbKyd0aw-bN_KvZNRCfEwxef9wljw6vUgkw[\r][\n]"
23:47:59.348 [main] DEBUG org.apache.http.wire -- http-outgoing-17 >> "Host: localhost:3000[\r][\n]"
23:47:59.348 [main] DEBUG org.apache.http.wire -- http-outgoing-17 >> "Connection: Keep-Alive[\r][\n]"
23:47:59.348 [main] DEBUG org.apache.http.wire -- http-outgoing-17 >> "User-Agent: Apache-HttpClient/4.5.14 (Java/17.0.9)[\r][\n]"
23:47:59.348 [main] DEBUG org.apache.http.wire -- http-outgoing-17 >> "Accept-Encoding: gzip,deflate[\r][\n]"
23:47:59.348 [main] DEBUG org.apache.http.wire -- http-outgoing-17 >> "[\r][\n]"
23:47:59.493 [main] DEBUG org.apache.http.wire -- http-outgoing-17 << "HTTP/1.1 200 OK[\r][\n]"
23:47:59.494 [main] DEBUG org.apache.http.wire -- http-outgoing-17 << "X-Powered-By: Express[\r][\n]"
23:47:59.494 [main] DEBUG org.apache.http.wire -- http-outgoing-17 << "Access-Control-Allow-Origin: *[\r][\n]"
23:47:59.494 [main] DEBUG org.apache.http.wire -- http-outgoing-17 << "Content-Type: application/json; charset=utf-8[\r][\n]"
23:47:59.494 [main] DEBUG org.apache.http.wire -- http-outgoing-17 << "Content-Length: 18608[\r][\n]"
23:47:59.494 [main] DEBUG org.apache.http.wire -- http-outgoing-17 << "ETag: W/"48b0-oARP/qSUVYZKtnTXw9UCGdCfzU8"[\r][\n]"
23:47:59.494 [main] DEBUG org.apache.http.wire -- http-outgoing-17 << "Date: Mon, 23 Jun 2025 16:47:59 GMT[\r][\n]"
23:47:59.494 [main] DEBUG org.apache.http.wire -- http-outgoing-17 << "Connection: keep-alive[\r][\n]"
23:47:59.494 [main] DEBUG org.apache.http.wire -- http-outgoing-17 << "Keep-Alive: timeout=5[\r][\n]"
23:47:59.494 [main] DEBUG org.apache.http.wire -- http-outgoing-17 << "[\r][\n]"
23:47:59.494 [main] DEBUG org.apache.http.wire -- http-outgoing-17 << "{"message":"Feed","statusCode":200,"status":"success","data":[{"id":"c8151412-bc98-49ec-88ff-57b89cc2ce67","authorId":"08515b05-2d3e-4789-ad60-db35525a4970","imageUrl":["https://res.cloudinary.com/dizcvrefo/image/upload/v1748933672/nestjs_uploads/rpehmvwkwptjktjzllxz.jpg","https://res.cloudinary.com/dizcvrefo/image/upload/v1748933672/nestjs_uploads/xl8wce3gldsuaekfnfwo.jpg","https://res.cloudinary.com/dizcvrefo/image/upload/v1748933671/nestjs_uploads/ee1ntt1feukxfszhma1b.jpg"],"caption":"Moi di hom nay","location":null,"tags":[],"isPublic":true,"likeCount":0,"commentCount":0,"sharedCount":0,"createdAt":"2025-06-03T06:54:33.756Z","updatedAt":"2025-06-03T06:54:33.756Z","author":{"username":"nam","profilePic":"https://res.cloudinary.com/dizcvrefo/image/upload/v1749266646/nestjs_uploads/zk9zrpeidnovxibfqdxr.png"},"_count":{"likes":4,"comments":0},"score":0.016330180500161405,"isLike":true,"isToday":false,"isFollowing":false,"isSelf":false},{"id":"028cfac7-688b-4f4d-832d-1dd681b89e64","authorId":"08515b05-2d3e-4789-ad60-db35525a4970","imageUrl":["https://res.cloudinary.com/dizcvrefo/image/upload/v1748964089/nestjs_uploads/r2x7j8rz3gfsze8o0fe7.jpg","https://res.cloudinary.com/dizcvrefo/image/upload/v1748964089/nestjs_uploads/ebic5ju0e6btkxv2g526.jpg","https://res.cloudinary.com/dizcvrefo/image/upload/v1748964089/nestjs_uploads/ngkhumq5qjehuoqmvxqv.jpg"],"caption":"Di uong bia","location":null,"tags":[],"isPublic":true,"likeCount":0,"commentCount":0,"sharedCount":0,"createdAt":"2025-06-03T15:21:31.678Z","updatedAt":"2025-06-03T15:21:31.678Z","author":{"username":"nam","profilePic":"https://res.cloudinary.com/dizcvrefo/image/upload/v1749266646/nestjs_uploads/zk9zrpeidnovxibfqdxr.png"},"_count":{"likes":3,"comments":0},"score":0.01246258473866699,"isLike":true,"isToday":false,"isFollowing":false,"isSelf":false},{"id":"45a2d709-c6c9-4887-9235-dbbd2d381827","authorId":"08515b05-2d3e-4789-ad60-db35525a4970","imageUrl":["https://res.cloudinary.com/dizcvrefo/image/upload/v1748932129/nestjs_uploads/ecwyixgm9kf0zdng7bdp.png","https://res.cloudinary.com/dizcvrefo/image/upload/v1748932129/nestjs_uploads/uhl3z1wamgjxl5o4vq1l.jpg","https://res.cloudinary.com/dizcvrefo/image/upload/v1748932129/nestjs_uploads/pavlktzorkfcm5pp31io.jpg","https://res.cloudinary.com/dizcvrefo/image/upload/v1748932129/nestjs_uploads/knew9jcdpmwaleoa6oov.jpg"],"caption":"Di choi di anh em oi","location":null,"tags":[],"isPublic":true,"likeCount":0,"commentCount":0,"sharedCount":0,"createdAt":"2025-06-03T06:28:51.322Z","updatedAt":"2025-06-03T06:28:51.322Z","author":{"username":"nam","profilePic":"https://res.cloudinary.com/dizcvrefo/image/upload/v1749266646/nestjs_uploads/zk9zrpeidnovxibfqdxr.png"},"_count":{"likes":3,"comments":0},"score":0.012236933061545763,"isLike":false,"isToday":false,"isFollowing":false,"isSelf":false},{"id":"bd9fb1fc-af49-4625-aa11-a458424d17ca","authorId":"08515b05-2d3e-4789-ad60-db35525a4970","imageUrl":["https://res.cloudinary.com/dizcvrefo/image/upload/v1749400565/nestjs_uploads/srvf0b7b2fnsab8uqc8g.jpg","https://res.cloudinary.com/dizcvrefo/image/upload/v1749400565/nestjs_uploads/u2gybzjxkewsxa1atyq4.jpg","https://res.cloudinary.com/dizcvrefo/image/upload/v1749400565/nestjs_uploads/lottkkizhi1ngodzx4pp.jpg"],"caption":"toi la NAM BO","location":null,"tags":[],"isPublic":true,"likeCount":0,"commentCount":0,"sharedCount":0,"createdAt":"2025-06-08T16:36:04.450Z","updatedAt":"2025-06-08T16:36:04.450Z","author":{"username":"nam","profilePic":"https://res.cloudinary.com/dizcvrefo/image/upload/v1749266646/nestjs_uploads/zk9zrpeidnovxibfqdxr.png"},"_count":{"likes":2,"comments":0},"score":0.011104984158886623,"isLike":false,"isToday":false,"isFollowing":false,"isSelf":false},{"id":"007fcd52-ae77-4c58-988d-36ef78edc29b","authorId":"dacf294e-491b-47ff-bd74-bfe5ddbfbdf9","imageUrl":["https://res.cloudinary.com/dizcvrefo/image/upload/v1748598131/nestjs_uploads/tsh3n10qz6mojbkiayhx.jpg","https://res.cloudinary.com/dizcvrefo/image/upload/v1748598131/nestjs_uploads/no5fdmt60yg8li6gvwao.jpg","https://res.cloudinary.com/dizcvrefo/image/upload/v1748598131/nestjs_uploads/lbn3umepxtqxjcw51mv0.jpg","https://res.cloudinary.com/dizcvrefo/image/upload/v1748598131/nestjs_uploads/e4nufb9kmremurdaanw5.jpg","https://res.cloudinary.com/dizcvrefo/image/upload/v1748598131/nestjs_uploads/pqwqj0gdwqfqqyct54hz.jpg","https://res.cloudinary.com/dizcvrefo/image/upload/v1748598130/nestjs_uploads/dics8pfhps2jfskadthz.jpg"],"caption":"Th[0xe1][0xbb][0x83] thao [0xc4][0x91]i[0xe1][0xbb][0x87]n t[0xe1][0xbb][0xad]","location":null,"tags":[],"isPublic":true,"likeCount":0,"commentCount":0,"sharedCount":0,"createdAt":"2025-05-30T09:42:13.811Z","updatedAt":"2025-05-30T09:42:13.811Z","author":{"username":"chinh","profilePic":"https://hebbkx1anhila5yf.public.blob.vercel-storage.com/image-hiZZ98WEvmBOkk3oAqffc3ReiwtEIO.png"},"_count":{"likes":3,"comments":0},"score":0.010289900408298532,"isLike":false,"isToday":false,"isFollowing":false,"isSelf":false},{"id":"8a0e35ce-0f39-4475-b2d2-15c217983926","authorId":"08515b05-2d3e-4789-ad60-db35525a4970","imageUrl":["https://res.cloudinary.com/dizcvrefo/image/upload/v1748597950/nestjs_uploads/siabu4jmaf7nfak5xkgc.jpg","https://res.cloudinary.com/dizcvrefo/image/upload/v1748597951/nestjs_uploads/bufde4typyni9j408ua4.jpg","https://res.cloudinary.com/dizcvrefo/image/upload/v1748597951/nestjs_uploads/yk6tjdkirr4a7ons7iz5.jpg"],"caption":"[0xc4][0x82]n g[0xc3][0xac] kh[0xc3][0xb4]ng","location":null,"tags":[],"isPublic":true,"likeCount":0,"commentCount":0,"sharedCount":0,"createdAt":"2025-05-30T09:39:13.647Z","updatedAt":"2025-05-30T09:39:13.647Z","author":{"username":"nam","profilePic":"https://res.cloudinary.com/dizcvrefo/image/upload/v1749266646/nestjs_uploads/zk9zrpeidnovxibfqdxr.png"},"_count":{"likes":3,"comments":0},"score":0.010289017329751399,"isLike":false,"isToday":false,"isFollowing":false,"isSelf":false},{"id":"b96886bd-5f00-41af-a440-152f360f1657","authorId":"08515b05-2d3e-4789-ad60-db35525a4970","imageUrl":["https://res.cloudinary.com/dizcvrefo/image/upload/v1748597371/nestjs_uploads/vce2gudp9o4mm4fn8xt0.jpg","https://res.cloudinary.com/dizcvrefo/image/upload/v1748597372/nestjs_uploads/u691vkjqxrek1dv0wtbm.jpg","https://res.cloudinary.com/dizcvrefo/image/upload/v1748597371/nestjs_uploads/feqbcopm8ge8maj3hu6k.jpg"],"caption":"ok","location":null,"tags":[],"isPublic":true,"likeCount":0,"commentCount":0,"sharedCount":0,"createdAt":"2025-05-30T09:29:34.405Z","updatedAt":"2025-05-30T09:29:34.405Z","author":{"username":"nam","profilePic":"https://res.cloudinary.com/dizcvrefo/image/upload/v1749266646/nestjs_uploads/zk9zrpeidnovxibfqdxr.png"},"_count":{"likes":3,"comments":0},"score":0.010286179186726262,"isLike":false,"isToday":false,"isFollowing":false,"isSelf":false},{"id":"479ed759-3811-4b84-8141-bff184fae4b8","authorId":"dacf294e-491b-47ff-bd74-bfe5ddbfbdf9","imageUrl":["https://res.cloudinary.com/dizcvrefo/image/upload/v1748596741/nestjs_uploads/g8vk3zn2rfop6caitmfb.jpg","https://res.cloudinary.com/dizcvrefo/image/upload/v1748596741/nestjs_uploads/cqcspqsifpg0ndthyuax.jpg","https://res.cloudinary.com/dizcvrefo/image/upload/v1748596741/nestjs_uploads/hc3svmdbfotscvcctfoq.jpg","https://res.cloudinary.com/dizcvrefo/image/upload/v1748596742/nestjs_uploads/fxjvluy2vpyfuspukumf.jpg","https://res.cloudinary.com/dizcvrefo/image/upload/v1748596741/nestjs_uploads/sb38euks3gzg5f92uiig.jpg"],"caption":"Village","location":null,"tags":[],"isPublic":true,"likeCount":0,"commentCount":0,"sharedCount":0,"createdAt":"2025-05-30T09:19:04.180Z","updatedAt":"2025-05-30T09:19:04.180Z","author":{"username":"chinh","profilePic":"https://hebbkx1anhila5yf.public.blob.vercel-storage.com/image-hiZZ98WEvmBOkk3oAqffc3ReiwtEIO.png"},"_count":{"likes":3,"comments":0},"score":0.010283093017576463,"isLike":false,"isToday":false,"isFollowing":false,"isSelf":false},{"id":"9ef01284-6f35-4f8a-9d58-3f5891acc766","authorId":"dacf294e-491b-47ff-bd74-bfe5ddbfbdf9","imageUrl":["https://res.cloudinary.com/dizc"
23:47:59.494 [main] DEBUG org.apache.http.headers -- http-outgoing-17 << HTTP/1.1 200 OK
23:47:59.494 [main] DEBUG org.apache.http.headers -- http-outgoing-17 << X-Powered-By: Express
23:47:59.495 [main] DEBUG org.apache.http.headers -- http-outgoing-17 << Access-Control-Allow-Origin: *
23:47:59.495 [main] DEBUG org.apache.http.headers -- http-outgoing-17 << Content-Type: application/json; charset=utf-8
23:47:59.495 [main] DEBUG org.apache.http.headers -- http-outgoing-17 << Content-Length: 18608
23:47:59.495 [main] DEBUG org.apache.http.headers -- http-outgoing-17 << ETag: W/"48b0-oARP/qSUVYZKtnTXw9UCGdCfzU8"
23:47:59.495 [main] DEBUG org.apache.http.headers -- http-outgoing-17 << Date: Mon, 23 Jun 2025 16:47:59 GMT
23:47:59.495 [main] DEBUG org.apache.http.headers -- http-outgoing-17 << Connection: keep-alive
23:47:59.495 [main] DEBUG org.apache.http.headers -- http-outgoing-17 << Keep-Alive: timeout=5
23:47:59.495 [main] DEBUG org.apache.http.impl.execchain.MainClientExec -- Connection can be kept alive for 5000 MILLISECONDS
23:47:59.495 [main] DEBUG org.apache.http.wire -- http-outgoing-17 << "vrefo/image/upload/v1748596489/nestjs_uploads/ue1yvhe1qzvlc2pmkjee.jpg","https://res.cloudinary.com/dizcvrefo/image/upload/v1748596493/nestjs_uploads/bm3pcnpqmnppnsuq0pv9.jpg","https://res.cloudinary.com/dizcvrefo/image/upload/v1748596489/nestjs_uploads/q6nipodzp1mdnpm1p13g.jpg","https://res.cloudinary.com/dizcvrefo/image/upload/v1748596489/nestjs_uploads/icygr75zfmxk0ehqsnwo.jpg","https://res.cloudinary.com/dizcvrefo/image/upload/v1748596489/nestjs_uploads/ghgd01xzcaxpra5httqg.jpg","https://res.cloudinary.com/dizcvrefo/image/upload/v1748596489/nestjs_uploads/o53mpfip4l7dbjbd7wcw.jpg"],"caption":"Nh[0xe1][0xba][0xad]u","location":null,"tags":[],"isPublic":true,"likeCount":0,"commentCount":0,"sharedCount":0,"createdAt":"2025-05-30T09:14:54.972Z","updatedAt":"2025-05-30T09:14:54.972Z","author":{"username":"chinh","profilePic":"https://hebbkx1anhila5yf.public.blob.vercel-storage.com/image-hiZZ98WEvmBOkk3oAqffc3ReiwtEIO.png"},"_count":{"likes":3,"comments":0},"score":0.010281873173741778,"isLike":false,"isToday":false,"isFollow"
23:47:59.495 [main] DEBUG org.apache.http.wire -- http-outgoing-17 << "ing":false,"isSelf":false},{"id":"d79e9a48-ca20-40fd-bb11-ed7302657db9","authorId":"08515b05-2d3e-4789-ad60-db35525a4970","imageUrl":["https://res.cloudinary.com/dizcvrefo/image/upload/v1749382783/nestjs_uploads/buqh5wktqj3y5etgfxok.jpg","https://res.cloudinary.com/dizcvrefo/image/upload/v1749382789/nestjs_uploads/wjm5idulrdjhv7yuc477.jpg","https://res.cloudinary.com/dizcvrefo/image/upload/v1749382781/nestjs_uploads/ztoyccvbrahzxkbm7mxb.jpg","https://res.cloudinary.com/dizcvrefo/image/upload/v1749383075/nestjs_uploads/yjbnpjozb3x4suirhe9d.jpg","https://res.cloudinary.com/dizcvrefo/image/upload/v1749383076/nestjs_uploads/wurnhokpsyvvjg60iceu.jpg"],"caption":"H[0xc3][0xb4]m nay l[0xc3][0xa0] th[0xe1][0xbb][0xa9] 7 em th[0xc3][0xad]ch [0xc4][0x91]i th[0xc3][0xad]ch [0xc4][0x91]i v[0xc3][0xa0]o bar u[0xe1][0xbb][0x91]ng [0xf0][0x9f][0x8d][0xba] [0xf0][0x9f][0x92][0x83][0xf0][0x9f][0x92][0x83][0xf0][0x9f][0x92][0x83]","location":null,"tags":[],"isPublic":true,"likeCount":0,"commentCount":0,"sharedCount":0,"createdAt":"2025-05-28T09:56:16.976Z","updatedAt":"2025-06-08T11:44:37.991Z","author":{"username":"nam","profilePic":"https://res.cloudinary.com/dizcvrefo/image/upload/v1749266646/nestjs_"
23:47:59.495 [main] DEBUG org.apache.http.wire -- http-outgoing-17 << "uploads/zk9zrpeidnovxibfqdxr.png"},"_count":{"likes":3,"comments":0},"score":0.00951079920339448,"isLike":false,"isToday":false,"isFollowing":false,"isSelf":false},{"id":"e3f481cc-53c6-41c8-9a28-cd2f9c4f2f46","authorId":"2b84aa24-668a-40e2-af1c-ad4fc4fa5a6f","imageUrl":["https://res.cloudinary.com/dizcvrefo/image/upload/v1749027663/nestjs_uploads/nuuktb6j4oy5jnuyt3ws.jpg","https://res.cloudinary.com/dizcvrefo/image/upload/v1749027663/nestjs_uploads/aa03sao5n7bkhyhhrovx.jpg","https://res.cloudinary.com/dizcvrefo/image/upload/v1749027663/nestjs_uploads/hic88kwvdqoltmqsueim.jpg","https://res.cloudinary.com/dizcvrefo/image/upload/v1749027664/nestjs_uploads/hrnmt9e7g7pavf2fxwyw.png","https://res.cloudinary.com/dizcvrefo/image/upload/v1749027664/nestjs_uploads/oxa2hbuxzj3lngjbubpf.jpg","https://res.cloudinary.com/dizcvrefo/image/upload/v1749027663/nestjs_uploads/scrigmpzvmixwv9ddfnl.jpg","https://res.cloudinary.com/dizcvrefo/image/upload/v1749027664/nestjs_uploads/wpnyt5jyz8lgj2bvprin.jpg"],"caption":"Buon that, ho"
23:47:59.495 [main] DEBUG org.apache.http.wire -- http-outgoing-17 << "m nay toi thi truot","location":null,"tags":[],"isPublic":true,"likeCount":0,"commentCount":0,"sharedCount":0,"createdAt":"2025-06-04T09:01:06.391Z","updatedAt":"2025-06-04T09:01:06.391Z","author":{"username":"quang1","profilePic":"https://res.cloudinary.com/dizcvrefo/image/upload/v1749027586/nestjs_uploads/xehairydt9rzlbmbmv4c.jpg"},"_count":{"likes":2,"comments":0},"score":0.008624752639623662,"isLike":true,"isToday":false,"isFollowing":false,"isSelf":false},{"id":"9c4e8842-ced5-492b-9423-890177a28564","authorId":"2b84aa24-668a-40e2-af1c-ad4fc4fa5a6f","imageUrl":["https://res.cloudinary.com/dizcvrefo/image/upload/v1748659538/nestjs_uploads/n4mg888um8bynequtdtp.jpg","https://res.cloudinary.com/dizcvrefo/image/upload/v1748659538/nestjs_uploads/mfqojpf1bufduxfh0j0n.jpg","https://res.cloudinary.com/dizcvrefo/image/upload/v1748659538/nestjs_uploads/vx9qkwao5v4hdeqiplsp.jpg","https://res.cloudinary.com/dizcvrefo/image/upload/v1748659538/nestjs_uploads/r2sv0p0echvnrwqxoswu.jpg"],"caption":"Ha noi nay tro gio","loc"
23:47:59.495 [main] DEBUG org.apache.http.wire -- http-outgoing-17 << "ation":null,"tags":[],"isPublic":true,"likeCount":0,"commentCount":0,"sharedCount":0,"createdAt":"2025-05-31T02:45:39.688Z","updatedAt":"2025-05-31T02:45:39.688Z","author":{"username":"quang1","profilePic":"https://res.cloudinary.com/dizcvrefo/image/upload/v1749027586/nestjs_uploads/xehairydt9rzlbmbmv4c.jpg"},"_count":{"likes":2,"comments":0},"score":0.0070666529513402,"isLike":false,"isToday":false,"isFollowing":false,"isSelf":false},{"id":"52cfd912-292f-4fbf-9240-3000d608dcd4","authorId":"e7b38cb7-6701-40d9-a3bd-f53fc4d43457","imageUrl":["https://res.cloudinary.com/dizcvrefo/image/upload/v1749316896/nestjs_uploads/lc1jqjzblqshqho7eavx.jpg"],"caption":"This is my first post","location":null,"tags":[],"isPublic":true,"likeCount":0,"commentCount":0,"sharedCount":0,"createdAt":"2025-05-14T05:28:07.619Z","updatedAt":"2025-06-07T17:21:37.389Z","author":{"username":"ductrong","profilePic":null},"_count":{"likes":3,"comments":0},"score":0.006177090540269624,"isLike":false,"isToday":false,"isFollowing":false,"isSelf"
23:47:59.495 [main] DEBUG org.apache.http.wire -- http-outgoing-17 << "":false},{"id":"7918bc4d-383d-462e-afab-91099bc69905","authorId":"08515b05-2d3e-4789-ad60-db35525a4970","imageUrl":["https://res.cloudinary.com/dizcvrefo/image/upload/v1749449962/nestjs_uploads/h3loqo8k5fpmi2ipdtof.jpg"],"caption":"[0xc4][0x90][0xe1][0xba][0xb9]p trai th[0xc3][0xac] m[0xe1][0xbb][0x9b]i c[0xc3][0xb3] nhi[0xe1][0xbb][0x81]u [0xc4][0x91][0xe1][0xbb][0xa9]a y[0xc3][0xaa]u h[0xe1][0xba][0xb9] h[0xe1][0xba][0xb9]","location":null,"tags":[],"isPublic":true,"likeCount":0,"commentCount":0,"sharedCount":0,"createdAt":"2025-06-09T06:19:23.318Z","updatedAt":"2025-06-09T06:19:23.318Z","author":{"username":"nam","profilePic":"https://res.cloudinary.com/dizcvrefo/image/upload/v1749266646/nestjs_uploads/zk9zrpeidnovxibfqdxr.png"},"_count":{"likes":1,"comments":0},"score":0.00577239368019291,"isLike":false,"isToday":false,"isFollowing":false,"isSelf":false},{"id":"0c10c426-3d53-443a-8155-39234544c693","authorId":"08515b05-2d3e-4789-ad60-db35525a4970","imageUrl":["https://res.cloudinary.com/dizcvrefo/image/upload/v1749397668/nestjs_uploads/umpwoepazt6it2racqhe.webp","https://res.cloudinary.com/dizcvrefo/image/upload/v1749397668/nestjs_uploads/hcj"
23:47:59.495 [main] DEBUG org.apache.http.wire -- http-outgoing-17 << "53nurl5lpudcfaz3f.webp","https://res.cloudinary.com/dizcvrefo/image/upload/v1749397668/nestjs_uploads/qv1vfbg7k6lkeldhb7e3.webp","https://res.cloudinary.com/dizcvrefo/image/upload/v1749397668/nestjs_uploads/c6ruaxtyahilompxxej9.webp"],"caption":"Tr[0xe1][0xbb][0x9d]i xanh m[0xc3][0xa2]y tr[0xe1][0xba][0xaf]ng","location":null,"tags":[],"isPublic":true,"likeCount":0,"commentCount":0,"sharedCount":0,"createdAt":"2025-06-08T15:47:50.242Z","updatedAt":"2025-06-08T15:47:50.242Z","author":{"username":"nam","profilePic":"https://res.cloudinary.com/dizcvrefo/image/upload/v1749266646/nestjs_uploads/zk9zrpeidnovxibfqdxr.png"},"_count":{"likes":1,"comments":0},"score":0.005540126772720339,"isLike":false,"isToday":false,"isFollowing":false,"isSelf":false},{"id":"d296ef84-ae0f-4d14-a91a-15dd66bc0dac","authorId":"08515b05-2d3e-4789-ad60-db35525a4970","imageUrl":["https://res.cloudinary.com/dizcvrefo/image/upload/v1749397436/nestjs_uploads/w9d8ldmhonbzeenkcxpb.jpg","https://res.cloudinary.com/dizcvrefo/image/upload/v1749397436/nestjs_uploads/g8xrn89xfaz4ssvslueo."
23:47:59.495 [main] DEBUG org.apache.http.wire -- http-outgoing-17 << "jpg","https://res.cloudinary.com/dizcvrefo/image/upload/v1749397436/nestjs_uploads/wggtlkgkwlcrmgrhskup.jpg"],"caption":"[0xc4][0x90][0xe1][0xbb][0xab]ng t[0xc3][0xac]m nhau v[0xc3][0xa0]o h[0xc3][0xb4]m gi[0xc3][0xb3] m[0xc6][0xb0]a t[0xc6][0xa1]i b[0xe1][0xbb][0x9d]i","location":null,"tags":[],"isPublic":true,"likeCount":0,"commentCount":0,"sharedCount":0,"createdAt":"2025-06-08T15:43:57.895Z","updatedAt":"2025-06-08T15:43:57.895Z","author":{"username":"nam","profilePic":"https://res.cloudinary.com/dizcvrefo/image/upload/v1749266646/nestjs_uploads/zk9zrpeidnovxibfqdxr.png"},"_count":{"likes":1,"comments":0},"score":0.005539136473719113,"isLike":false,"isToday":false,"isFollowing":false,"isSelf":false},{"id":"f1eae5ad-ef38-43e0-a9b8-1c1e0c2f6efd","authorId":"08515b05-2d3e-4789-ad60-db35525a4970","imageUrl":["https://res.cloudinary.com/dizcvrefo/image/upload/v1749397189/nestjs_uploads/n24psljoc11kfpxrlozi.jpg","https://res.cloudinary.com/dizcvrefo/image/upload/v1749397188/nestjs_uploads/ebdf0uii6p2yc3m30ruv.webp","https://res.cloudinary.com/dizcvrefo/image/upload/v1749397188/nestjs_uploads/vrc16ao0luptsqlve"
23:47:59.495 [main] DEBUG org.apache.http.wire -- http-outgoing-17 << "p2z.webp"],"caption":"Trong [0xc4][0x91][0xe1][0xba][0xa7]m g[0xc3][0xac] [0xc4][0x91][0xe1][0xba][0xb9]p b[0xe1][0xba][0xb1]ng sen","location":null,"tags":[],"isPublic":true,"likeCount":0,"commentCount":0,"sharedCount":0,"createdAt":"2025-06-08T15:39:50.851Z","updatedAt":"2025-06-08T15:39:50.851Z","author":{"username":"nam","profilePic":"https://res.cloudinary.com/dizcvrefo/image/upload/v1749266646/nestjs_uploads/zk9zrpeidnovxibfqdxr.png"},"_count":{"likes":1,"comments":0},"score":0.005538083922079279,"isLike":false,"isToday":false,"isFollowing":false,"isSelf":false},{"id":"546e44ab-45c4-4412-83c9-4a2cd786d46f","authorId":"08515b05-2d3e-4789-ad60-db35525a4970","imageUrl":["https://res.cloudinary.com/dizcvrefo/image/upload/v1749223872/nestjs_uploads/u1lkztc9gc8jfijtppib.jpg","https://res.cloudinary.com/dizcvrefo/image/upload/v1749223872/nestjs_uploads/hvbjhzpqvpw9kjrejiko.jpg","https://res.cloudinary.com/dizcvrefo/image/upload/v1749223872/nestjs_uploads/a9s8eujvzsy7sminvaaw.jpg","https://res.cloudinary.com/dizcvrefo/image/upload/v1749223872/nestjs_uploads/l0darr6gsfvyaz3udhvr.jpg"],"
23:47:59.496 [main] DEBUG org.apache.http.wire -- http-outgoing-17 << ""caption":"Th[0xe1][0xbb][0x9d]i ti[0xe1][0xba][0xbf]t n[0xc3][0xb3]ng nh[0xc6][0xb0] c[0xc3][0xa1]i l[0xc3][0xb2]","location":null,"tags":[],"isPublic":true,"likeCount":0,"commentCount":0,"sharedCount":0,"createdAt":"2025-06-06T15:31:13.422Z","updatedAt":"2025-06-06T15:31:13.422Z","author":{"username":"nam","profilePic":"https://res.cloudinary.com/dizcvrefo/image/upload/v1749266646/nestjs_uploads/zk9zrpeidnovxibfqdxr.png"},"_count":{"likes":1,"comments":0},"score":0.004886636580776405,"isLike":false,"isToday":false,"isFollowing":false,"isSelf":false},{"id":"d227a0c8-1c22-46cc-b7d2-4cdc49559d5a","authorId":"08515b05-2d3e-4789-ad60-db35525a4970","imageUrl":["https://res.cloudinary.com/dizcvrefo/image/upload/v1749396710/nestjs_uploads/rbfbkt8z02milpnwumdf.jpg","https://res.cloudinary.com/dizcvrefo/image/upload/v1749396710/nestjs_uploads/vgcadq2d5bc0n7ccenbd.jpg","https://res.cloudinary.com/dizcvrefo/image/upload/v1749396710/nestjs_uploads/mnxecfqiyziizzhgvpkx.jpg","https://res.cloudinary.com/dizcvrefo/image/upload/v1749396710/nestjs_uploads/ejjhcrbzulhtddkxenrb.jpg"],"caption":"Q"
23:47:59.496 [main] DEBUG org.apache.http.wire -- http-outgoing-17 << "u[0xe1][0xbb][0x91]c t[0xe1][0xba][0xbf] thi[0xe1][0xba][0xbf]u nhi","location":null,"tags":[],"isPublic":true,"likeCount":0,"commentCount":0,"sharedCount":0,"createdAt":"2025-06-08T15:31:52.624Z","updatedAt":"2025-06-08T15:31:52.624Z","author":{"username":"nam","profilePic":"https://res.cloudinary.com/dizcvrefo/image/upload/v1749266646/nestjs_uploads/zk9zrpeidnovxibfqdxr.png"},"_count":{"likes":0,"comments":0},"score":0,"isLike":false,"isToday":false,"isFollowing":false,"isSelf":false}]}"
23:47:59.496 [main] DEBUG org.apache.http.impl.conn.PoolingHttpClientConnectionManager -- Connection [id: 17][route: {}->http://localhost:3000] can be kept alive for 5.0 seconds
23:47:59.496 [main] DEBUG org.apache.http.impl.conn.DefaultManagedHttpClientConnection -- http-outgoing-17: set socket timeout to 0
23:47:59.496 [main] DEBUG org.apache.http.impl.conn.PoolingHttpClientConnectionManager -- Connection released: [id: 17][route: {}->http://localhost:3000][total available: 1; route allocated: 1 of 5; total allocated: 1 of 10]
23:47:59.496 [main] DEBUG org.apache.http.impl.conn.PoolingHttpClientConnectionManager -- Connection manager is shutting down
23:47:59.496 [main] DEBUG org.apache.http.impl.conn.DefaultManagedHttpClientConnection -- http-outgoing-17: Close connection
23:47:59.496 [main] DEBUG org.apache.http.impl.conn.PoolingHttpClientConnectionManager -- Connection manager shut down
23:47:59.496 [main] DEBUG com.intuit.karate -- response time in milliseconds: 150
1 < 200
1 < X-Powered-By: Express
1 < Access-Control-Allow-Origin: *
1 < Content-Type: application/json; charset=utf-8
1 < Content-Length: 18608
1 < ETag: W/"48b0-oARP/qSUVYZKtnTXw9UCGdCfzU8"
1 < Date: Mon, 23 Jun 2025 16:47:59 GMT
1 < Connection: keep-alive
1 < Keep-Alive: timeout=5
{
  "message": "Feed",
  "statusCode": 200,
  "status": "success",
  "data": [
    {
      "id": "c8151412-bc98-49ec-88ff-57b89cc2ce67",
      "authorId": "08515b05-2d3e-4789-ad60-db35525a4970",
      "imageUrl": [
        "https://res.cloudinary.com/dizcvrefo/image/upload/v1748933672/nestjs_uploads/rpehmvwkwptjktjzllxz.jpg",
        "https://res.cloudinary.com/dizcvrefo/image/upload/v1748933672/nestjs_uploads/xl8wce3gldsuaekfnfwo.jpg",
        "https://res.cloudinary.com/dizcvrefo/image/upload/v1748933671/nestjs_uploads/ee1ntt1feukxfszhma1b.jpg"
      ],
      "caption": "Moi di hom nay",
      "location": null,
      "tags": [
      ],
      "isPublic": true,
      "likeCount": 0,
      "commentCount": 0,
      "sharedCount": 0,
      "createdAt": "2025-06-03T06:54:33.756Z",
      "updatedAt": "2025-06-03T06:54:33.756Z",
      "author": {
        "username": "nam",
        "profilePic": "https://res.cloudinary.com/dizcvrefo/image/upload/v1749266646/nestjs_uploads/zk9zrpeidnovxibfqdxr.png"
      },
      "_count": {
        "likes": 4,
        "comments": 0
      },
      "score": 0.016330180500161405,
      "isLike": true,
      "isToday": false,
      "isFollowing": false,
      "isSelf": false
    },
    {
      "id": "028cfac7-688b-4f4d-832d-1dd681b89e64",
      "authorId": "08515b05-2d3e-4789-ad60-db35525a4970",
      "imageUrl": [
        "https://res.cloudinary.com/dizcvrefo/image/upload/v1748964089/nestjs_uploads/r2x7j8rz3gfsze8o0fe7.jpg",
        "https://res.cloudinary.com/dizcvrefo/image/upload/v1748964089/nestjs_uploads/ebic5ju0e6btkxv2g526.jpg",
        "https://res.cloudinary.com/dizcvrefo/image/upload/v1748964089/nestjs_uploads/ngkhumq5qjehuoqmvxqv.jpg"
      ],
      "caption": "Di uong bia",
      "location": null,
      "tags": [
      ],
      "isPublic": true,
      "likeCount": 0,
      "commentCount": 0,
      "sharedCount": 0,
      "createdAt": "2025-06-03T15:21:31.678Z",
      "updatedAt": "2025-06-03T15:21:31.678Z",
      "author": {
        "username": "nam",
        "profilePic": "https://res.cloudinary.com/dizcvrefo/image/upload/v1749266646/nestjs_uploads/zk9zrpeidnovxibfqdxr.png"
      },
      "_count": {
        "likes": 3,
        "comments": 0
      },
      "score": 0.01246258473866699,
      "isLike": true,
      "isToday": false,
      "isFollowing": false,
      "isSelf": false
    },
    {
      "id": "45a2d709-c6c9-4887-9235-dbbd2d381827",
      "authorId": "08515b05-2d3e-4789-ad60-db35525a4970",
      "imageUrl": [
        "https://res.cloudinary.com/dizcvrefo/image/upload/v1748932129/nestjs_uploads/ecwyixgm9kf0zdng7bdp.png",
        "https://res.cloudinary.com/dizcvrefo/image/upload/v1748932129/nestjs_uploads/uhl3z1wamgjxl5o4vq1l.jpg",
        "https://res.cloudinary.com/dizcvrefo/image/upload/v1748932129/nestjs_uploads/pavlktzorkfcm5pp31io.jpg",
        "https://res.cloudinary.com/dizcvrefo/image/upload/v1748932129/nestjs_uploads/knew9jcdpmwaleoa6oov.jpg"
      ],
      "caption": "Di choi di anh em oi",
      "location": null,
      "tags": [
      ],
      "isPublic": true,
      "likeCount": 0,
      "commentCount": 0,
      "sharedCount": 0,
      "createdAt": "2025-06-03T06:28:51.322Z",
      "updatedAt": "2025-06-03T06:28:51.322Z",
      "author": {
        "username": "nam",
        "profilePic": "https://res.cloudinary.com/dizcvrefo/image/upload/v1749266646/nestjs_uploads/zk9zrpeidnovxibfqdxr.png"
      },
      "_count": {
        "likes": 3,
        "comments": 0
      },
      "score": 0.012236933061545763,
      "isLike": false,
      "isToday": false,
      "isFollowing": false,
      "isSelf": false
    },
    {
      "id": "bd9fb1fc-af49-4625-aa11-a458424d17ca",
      "authorId": "08515b05-2d3e-4789-ad60-db35525a4970",
      "imageUrl": [
        "https://res.cloudinary.com/dizcvrefo/image/upload/v1749400565/nestjs_uploads/srvf0b7b2fnsab8uqc8g.jpg",
        "https://res.cloudinary.com/dizcvrefo/image/upload/v1749400565/nestjs_uploads/u2gybzjxkewsxa1atyq4.jpg",
        "https://res.cloudinary.com/dizcvrefo/image/upload/v1749400565/nestjs_uploads/lottkkizhi1ngodzx4pp.jpg"
      ],
      "caption": "toi la NAM BO",
      "location": null,
      "tags": [
      ],
      "isPublic": true,
      "likeCount": 0,
      "commentCount": 0,
      "sharedCount": 0,
      "createdAt": "2025-06-08T16:36:04.450Z",
      "updatedAt": "2025-06-08T16:36:04.450Z",
      "author": {
        "username": "nam",
        "profilePic": "https://res.cloudinary.com/dizcvrefo/image/upload/v1749266646/nestjs_uploads/zk9zrpeidnovxibfqdxr.png"
      },
      "_count": {
        "likes": 2,
        "comments": 0
      },
      "score": 0.011104984158886623,
      "isLike": false,
      "isToday": false,
      "isFollowing": false,
      "isSelf": false
    },
    {
      "id": "007fcd52-ae77-4c58-988d-36ef78edc29b",
      "authorId": "dacf294e-491b-47ff-bd74-bfe5ddbfbdf9",
      "imageUrl": [
        "https://res.cloudinary.com/dizcvrefo/image/upload/v1748598131/nestjs_uploads/tsh3n10qz6mojbkiayhx.jpg",
        "https://res.cloudinary.com/dizcvrefo/image/upload/v1748598131/nestjs_uploads/no5fdmt60yg8li6gvwao.jpg",
        "https://res.cloudinary.com/dizcvrefo/image/upload/v1748598131/nestjs_uploads/lbn3umepxtqxjcw51mv0.jpg",
        "https://res.cloudinary.com/dizcvrefo/image/upload/v1748598131/nestjs_uploads/e4nufb9kmremurdaanw5.jpg",
        "https://res.cloudinary.com/dizcvrefo/image/upload/v1748598131/nestjs_uploads/pqwqj0gdwqfqqyct54hz.jpg",
        "https://res.cloudinary.com/dizcvrefo/image/upload/v1748598130/nestjs_uploads/dics8pfhps2jfskadthz.jpg"
      ],
      "caption": "Th? thao ?i?n t?",
      "location": null,
      "tags": [
      ],
      "isPublic": true,
      "likeCount": 0,
      "commentCount": 0,
      "sharedCount": 0,
      "createdAt": "2025-05-30T09:42:13.811Z",
      "updatedAt": "2025-05-30T09:42:13.811Z",
      "author": {
        "username": "chinh",
        "profilePic": "https://hebbkx1anhila5yf.public.blob.vercel-storage.com/image-hiZZ98WEvmBOkk3oAqffc3ReiwtEIO.png"
      },
      "_count": {
        "likes": 3,
        "comments": 0
      },
      "score": 0.010289900408298532,
      "isLike": false,
      "isToday": false,
      "isFollowing": false,
      "isSelf": false
    },
    {
      "id": "8a0e35ce-0f39-4475-b2d2-15c217983926",
      "authorId": "08515b05-2d3e-4789-ad60-db35525a4970",
      "imageUrl": [
        "https://res.cloudinary.com/dizcvrefo/image/upload/v1748597950/nestjs_uploads/siabu4jmaf7nfak5xkgc.jpg",
        "https://res.cloudinary.com/dizcvrefo/image/upload/v1748597951/nestjs_uploads/bufde4typyni9j408ua4.jpg",
        "https://res.cloudinary.com/dizcvrefo/image/upload/v1748597951/nestjs_uploads/yk6tjdkirr4a7ons7iz5.jpg"
      ],
      "caption": "?n gì không",
      "location": null,
      "tags": [
      ],
      "isPublic": true,
      "likeCount": 0,
      "commentCount": 0,
      "sharedCount": 0,
      "createdAt": "2025-05-30T09:39:13.647Z",
      "updatedAt": "2025-05-30T09:39:13.647Z",
      "author": {
        "username": "nam",
        "profilePic": "https://res.cloudinary.com/dizcvrefo/image/upload/v1749266646/nestjs_uploads/zk9zrpeidnovxibfqdxr.png"
      },
      "_count": {
        "likes": 3,
        "comments": 0
      },
      "score": 0.010289017329751399,
      "isLike": false,
      "isToday": false,
      "isFollowing": false,
      "isSelf": false
    },
    {
      "id": "b96886bd-5f00-41af-a440-152f360f1657",
      "authorId": "08515b05-2d3e-4789-ad60-db35525a4970",
      "imageUrl": [
        "https://res.cloudinary.com/dizcvrefo/image/upload/v1748597371/nestjs_uploads/vce2gudp9o4mm4fn8xt0.jpg",
        "https://res.cloudinary.com/dizcvrefo/image/upload/v1748597372/nestjs_uploads/u691vkjqxrek1dv0wtbm.jpg",
        "https://res.cloudinary.com/dizcvrefo/image/upload/v1748597371/nestjs_uploads/feqbcopm8ge8maj3hu6k.jpg"
      ],
      "caption": "ok",
      "location": null,
      "tags": [
      ],
      "isPublic": true,
      "likeCount": 0,
      "commentCount": 0,
      "sharedCount": 0,
      "createdAt": "2025-05-30T09:29:34.405Z",
      "updatedAt": "2025-05-30T09:29:34.405Z",
      "author": {
        "username": "nam",
        "profilePic": "https://res.cloudinary.com/dizcvrefo/image/upload/v1749266646/nestjs_uploads/zk9zrpeidnovxibfqdxr.png"
      },
      "_count": {
        "likes": 3,
        "comments": 0
      },
      "score": 0.010286179186726262,
      "isLike": false,
      "isToday": false,
      "isFollowing": false,
      "isSelf": false
    },
    {
      "id": "479ed759-3811-4b84-8141-bff184fae4b8",
      "authorId": "dacf294e-491b-47ff-bd74-bfe5ddbfbdf9",
      "imageUrl": [
        "https://res.cloudinary.com/dizcvrefo/image/upload/v1748596741/nestjs_uploads/g8vk3zn2rfop6caitmfb.jpg",
        "https://res.cloudinary.com/dizcvrefo/image/upload/v1748596741/nestjs_uploads/cqcspqsifpg0ndthyuax.jpg",
        "https://res.cloudinary.com/dizcvrefo/image/upload/v1748596741/nestjs_uploads/hc3svmdbfotscvcctfoq.jpg",
        "https://res.cloudinary.com/dizcvrefo/image/upload/v1748596742/nestjs_uploads/fxjvluy2vpyfuspukumf.jpg",
        "https://res.cloudinary.com/dizcvrefo/image/upload/v1748596741/nestjs_uploads/sb38euks3gzg5f92uiig.jpg"
      ],
      "caption": "Village",
      "location": null,
      "tags": [
      ],
      "isPublic": true,
      "likeCount": 0,
      "commentCount": 0,
      "sharedCount": 0,
      "createdAt": "2025-05-30T09:19:04.180Z",
      "updatedAt": "2025-05-30T09:19:04.180Z",
      "author": {
        "username": "chinh",
        "profilePic": "https://hebbkx1anhila5yf.public.blob.vercel-storage.com/image-hiZZ98WEvmBOkk3oAqffc3ReiwtEIO.png"
      },
      "_count": {
        "likes": 3,
        "comments": 0
      },
      "score": 0.010283093017576463,
      "isLike": false,
      "isToday": false,
      "isFollowing": false,
      "isSelf": false
    },
    {
      "id": "9ef01284-6f35-4f8a-9d58-3f5891acc766",
      "authorId": "dacf294e-491b-47ff-bd74-bfe5ddbfbdf9",
      "imageUrl": [
        "https://res.cloudinary.com/dizcvrefo/image/upload/v1748596489/nestjs_uploads/ue1yvhe1qzvlc2pmkjee.jpg",
        "https://res.cloudinary.com/dizcvrefo/image/upload/v1748596493/nestjs_uploads/bm3pcnpqmnppnsuq0pv9.jpg",
        "https://res.cloudinary.com/dizcvrefo/image/upload/v1748596489/nestjs_uploads/q6nipodzp1mdnpm1p13g.jpg",
        "https://res.cloudinary.com/dizcvrefo/image/upload/v1748596489/nestjs_uploads/icygr75zfmxk0ehqsnwo.jpg",
        "https://res.cloudinary.com/dizcvrefo/image/upload/v1748596489/nestjs_uploads/ghgd01xzcaxpra5httqg.jpg",
        "https://res.cloudinary.com/dizcvrefo/image/upload/v1748596489/nestjs_uploads/o53mpfip4l7dbjbd7wcw.jpg"
      ],
      "caption": "Nh?u",
      "location": null,
      "tags": [
      ],
      "isPublic": true,
      "likeCount": 0,
      "commentCount": 0,
      "sharedCount": 0,
      "createdAt": "2025-05-30T09:14:54.972Z",
      "updatedAt": "2025-05-30T09:14:54.972Z",
      "author": {
        "username": "chinh",
        "profilePic": "https://hebbkx1anhila5yf.public.blob.vercel-storage.com/image-hiZZ98WEvmBOkk3oAqffc3ReiwtEIO.png"
      },
      "_count": {
        "likes": 3,
        "comments": 0
      },
      "score": 0.010281873173741778,
      "isLike": false,
      "isToday": false,
      "isFollowing": false,
      "isSelf": false
    },
    {
      "id": "d79e9a48-ca20-40fd-bb11-ed7302657db9",
      "authorId": "08515b05-2d3e-4789-ad60-db35525a4970",
      "imageUrl": [
        "https://res.cloudinary.com/dizcvrefo/image/upload/v1749382783/nestjs_uploads/buqh5wktqj3y5etgfxok.jpg",
        "https://res.cloudinary.com/dizcvrefo/image/upload/v1749382789/nestjs_uploads/wjm5idulrdjhv7yuc477.jpg",
        "https://res.cloudinary.com/dizcvrefo/image/upload/v1749382781/nestjs_uploads/ztoyccvbrahzxkbm7mxb.jpg",
        "https://res.cloudinary.com/dizcvrefo/image/upload/v1749383075/nestjs_uploads/yjbnpjozb3x4suirhe9d.jpg",
        "https://res.cloudinary.com/dizcvrefo/image/upload/v1749383076/nestjs_uploads/wurnhokpsyvvjg60iceu.jpg"
      ],
      "caption": "Hôm nay là th? 7 em thích ?i thích ?i vào bar u?ng ? ???",
      "location": null,
      "tags": [
      ],
      "isPublic": true,
      "likeCount": 0,
      "commentCount": 0,
      "sharedCount": 0,
      "createdAt": "2025-05-28T09:56:16.976Z",
      "updatedAt": "2025-06-08T11:44:37.991Z",
      "author": {
        "username": "nam",
        "profilePic": "https://res.cloudinary.com/dizcvrefo/image/upload/v1749266646/nestjs_uploads/zk9zrpeidnovxibfqdxr.png"
      },
      "_count": {
        "likes": 3,
        "comments": 0
      },
      "score": 0.00951079920339448,
      "isLike": false,
      "isToday": false,
      "isFollowing": false,
      "isSelf": false
    },
    {
      "id": "e3f481cc-53c6-41c8-9a28-cd2f9c4f2f46",
      "authorId": "2b84aa24-668a-40e2-af1c-ad4fc4fa5a6f",
      "imageUrl": [
        "https://res.cloudinary.com/dizcvrefo/image/upload/v1749027663/nestjs_uploads/nuuktb6j4oy5jnuyt3ws.jpg",
        "https://res.cloudinary.com/dizcvrefo/image/upload/v1749027663/nestjs_uploads/aa03sao5n7bkhyhhrovx.jpg",
        "https://res.cloudinary.com/dizcvrefo/image/upload/v1749027663/nestjs_uploads/hic88kwvdqoltmqsueim.jpg",
        "https://res.cloudinary.com/dizcvrefo/image/upload/v1749027664/nestjs_uploads/hrnmt9e7g7pavf2fxwyw.png",
        "https://res.cloudinary.com/dizcvrefo/image/upload/v1749027664/nestjs_uploads/oxa2hbuxzj3lngjbubpf.jpg",
        "https://res.cloudinary.com/dizcvrefo/image/upload/v1749027663/nestjs_uploads/scrigmpzvmixwv9ddfnl.jpg",
        "https://res.cloudinary.com/dizcvrefo/image/upload/v1749027664/nestjs_uploads/wpnyt5jyz8lgj2bvprin.jpg"
      ],
      "caption": "Buon that, hom nay toi thi truot",
      "location": null,
      "tags": [
      ],
      "isPublic": true,
      "likeCount": 0,
      "commentCount": 0,
      "sharedCount": 0,
      "createdAt": "2025-06-04T09:01:06.391Z",
      "updatedAt": "2025-06-04T09:01:06.391Z",
      "author": {
        "username": "quang1",
        "profilePic": "https://res.cloudinary.com/dizcvrefo/image/upload/v1749027586/nestjs_uploads/xehairydt9rzlbmbmv4c.jpg"
      },
      "_count": {
        "likes": 2,
        "comments": 0
      },
      "score": 0.008624752639623662,
      "isLike": true,
      "isToday": false,
      "isFollowing": false,
      "isSelf": false
    },
    {
      "id": "9c4e8842-ced5-492b-9423-890177a28564",
      "authorId": "2b84aa24-668a-40e2-af1c-ad4fc4fa5a6f",
      "imageUrl": [
        "https://res.cloudinary.com/dizcvrefo/image/upload/v1748659538/nestjs_uploads/n4mg888um8bynequtdtp.jpg",
        "https://res.cloudinary.com/dizcvrefo/image/upload/v1748659538/nestjs_uploads/mfqojpf1bufduxfh0j0n.jpg",
        "https://res.cloudinary.com/dizcvrefo/image/upload/v1748659538/nestjs_uploads/vx9qkwao5v4hdeqiplsp.jpg",
        "https://res.cloudinary.com/dizcvrefo/image/upload/v1748659538/nestjs_uploads/r2sv0p0echvnrwqxoswu.jpg"
      ],
      "caption": "Ha noi nay tro gio",
      "location": null,
      "tags": [
      ],
      "isPublic": true,
      "likeCount": 0,
      "commentCount": 0,
      "sharedCount": 0,
      "createdAt": "2025-05-31T02:45:39.688Z",
      "updatedAt": "2025-05-31T02:45:39.688Z",
      "author": {
        "username": "quang1",
        "profilePic": "https://res.cloudinary.com/dizcvrefo/image/upload/v1749027586/nestjs_uploads/xehairydt9rzlbmbmv4c.jpg"
      },
      "_count": {
        "likes": 2,
        "comments": 0
      },
      "score": 0.0070666529513402,
      "isLike": false,
      "isToday": false,
      "isFollowing": false,
      "isSelf": false
    },
    {
      "id": "52cfd912-292f-4fbf-9240-3000d608dcd4",
      "authorId": "e7b38cb7-6701-40d9-a3bd-f53fc4d43457",
      "imageUrl": [
        "https://res.cloudinary.com/dizcvrefo/image/upload/v1749316896/nestjs_uploads/lc1jqjzblqshqho7eavx.jpg"
      ],
      "caption": "This is my first post",
      "location": null,
      "tags": [
      ],
      "isPublic": true,
      "likeCount": 0,
      "commentCount": 0,
      "sharedCount": 0,
      "createdAt": "2025-05-14T05:28:07.619Z",
      "updatedAt": "2025-06-07T17:21:37.389Z",
      "author": {
        "username": "ductrong",
        "profilePic": null
      },
      "_count": {
        "likes": 3,
        "comments": 0
      },
      "score": 0.006177090540269624,
      "isLike": false,
      "isToday": false,
      "isFollowing": false,
      "isSelf": false
    },
    {
      "id": "7918bc4d-383d-462e-afab-91099bc69905",
      "authorId": "08515b05-2d3e-4789-ad60-db35525a4970",
      "imageUrl": [
        "https://res.cloudinary.com/dizcvrefo/image/upload/v1749449962/nestjs_uploads/h3loqo8k5fpmi2ipdtof.jpg"
      ],
      "caption": "??p trai thì m?i có nhi?u ??a yêu h? h?",
      "location": null,
      "tags": [
      ],
      "isPublic": true,
      "likeCount": 0,
      "commentCount": 0,
      "sharedCount": 0,
      "createdAt": "2025-06-09T06:19:23.318Z",
      "updatedAt": "2025-06-09T06:19:23.318Z",
      "author": {
        "username": "nam",
        "profilePic": "https://res.cloudinary.com/dizcvrefo/image/upload/v1749266646/nestjs_uploads/zk9zrpeidnovxibfqdxr.png"
      },
      "_count": {
        "likes": 1,
        "comments": 0
      },
      "score": 0.00577239368019291,
      "isLike": false,
      "isToday": false,
      "isFollowing": false,
      "isSelf": false
    },
    {
      "id": "0c10c426-3d53-443a-8155-39234544c693",
      "authorId": "08515b05-2d3e-4789-ad60-db35525a4970",
      "imageUrl": [
        "https://res.cloudinary.com/dizcvrefo/image/upload/v1749397668/nestjs_uploads/umpwoepazt6it2racqhe.webp",
        "https://res.cloudinary.com/dizcvrefo/image/upload/v1749397668/nestjs_uploads/hcj53nurl5lpudcfaz3f.webp",
        "https://res.cloudinary.com/dizcvrefo/image/upload/v1749397668/nestjs_uploads/qv1vfbg7k6lkeldhb7e3.webp",
        "https://res.cloudinary.com/dizcvrefo/image/upload/v1749397668/nestjs_uploads/c6ruaxtyahilompxxej9.webp"
      ],
      "caption": "Tr?i xanh mây tr?ng",
      "location": null,
      "tags": [
      ],
      "isPublic": true,
      "likeCount": 0,
      "commentCount": 0,
      "sharedCount": 0,
      "createdAt": "2025-06-08T15:47:50.242Z",
      "updatedAt": "2025-06-08T15:47:50.242Z",
      "author": {
        "username": "nam",
        "profilePic": "https://res.cloudinary.com/dizcvrefo/image/upload/v1749266646/nestjs_uploads/zk9zrpeidnovxibfqdxr.png"
      },
      "_count": {
        "likes": 1,
        "comments": 0
      },
      "score": 0.005540126772720339,
      "isLike": false,
      "isToday": false,
      "isFollowing": false,
      "isSelf": false
    },
    {
      "id": "d296ef84-ae0f-4d14-a91a-15dd66bc0dac",
      "authorId": "08515b05-2d3e-4789-ad60-db35525a4970",
      "imageUrl": [
        "https://res.cloudinary.com/dizcvrefo/image/upload/v1749397436/nestjs_uploads/w9d8ldmhonbzeenkcxpb.jpg",
        "https://res.cloudinary.com/dizcvrefo/image/upload/v1749397436/nestjs_uploads/g8xrn89xfaz4ssvslueo.jpg",
        "https://res.cloudinary.com/dizcvrefo/image/upload/v1749397436/nestjs_uploads/wggtlkgkwlcrmgrhskup.jpg"
      ],
      "caption": "??ng tìm nhau vào hôm gió m?a t?i b?i",
      "location": null,
      "tags": [
      ],
      "isPublic": true,
      "likeCount": 0,
      "commentCount": 0,
      "sharedCount": 0,
      "createdAt": "2025-06-08T15:43:57.895Z",
      "updatedAt": "2025-06-08T15:43:57.895Z",
      "author": {
        "username": "nam",
        "profilePic": "https://res.cloudinary.com/dizcvrefo/image/upload/v1749266646/nestjs_uploads/zk9zrpeidnovxibfqdxr.png"
      },
      "_count": {
        "likes": 1,
        "comments": 0
      },
      "score": 0.005539136473719113,
      "isLike": false,
      "isToday": false,
      "isFollowing": false,
      "isSelf": false
    },
    {
      "id": "f1eae5ad-ef38-43e0-a9b8-1c1e0c2f6efd",
      "authorId": "08515b05-2d3e-4789-ad60-db35525a4970",
      "imageUrl": [
        "https://res.cloudinary.com/dizcvrefo/image/upload/v1749397189/nestjs_uploads/n24psljoc11kfpxrlozi.jpg",
        "https://res.cloudinary.com/dizcvrefo/image/upload/v1749397188/nestjs_uploads/ebdf0uii6p2yc3m30ruv.webp",
        "https://res.cloudinary.com/dizcvrefo/image/upload/v1749397188/nestjs_uploads/vrc16ao0luptsqlvep2z.webp"
      ],
      "caption": "Trong ??m gì ??p b?ng sen",
      "location": null,
      "tags": [
      ],
      "isPublic": true,
      "likeCount": 0,
      "commentCount": 0,
      "sharedCount": 0,
      "createdAt": "2025-06-08T15:39:50.851Z",
      "updatedAt": "2025-06-08T15:39:50.851Z",
      "author": {
        "username": "nam",
        "profilePic": "https://res.cloudinary.com/dizcvrefo/image/upload/v1749266646/nestjs_uploads/zk9zrpeidnovxibfqdxr.png"
      },
      "_count": {
        "likes": 1,
        "comments": 0
      },
      "score": 0.005538083922079279,
      "isLike": false,
      "isToday": false,
      "isFollowing": false,
      "isSelf": false
    },
    {
      "id": "546e44ab-45c4-4412-83c9-4a2cd786d46f",
      "authorId": "08515b05-2d3e-4789-ad60-db35525a4970",
      "imageUrl": [
        "https://res.cloudinary.com/dizcvrefo/image/upload/v1749223872/nestjs_uploads/u1lkztc9gc8jfijtppib.jpg",
        "https://res.cloudinary.com/dizcvrefo/image/upload/v1749223872/nestjs_uploads/hvbjhzpqvpw9kjrejiko.jpg",
        "https://res.cloudinary.com/dizcvrefo/image/upload/v1749223872/nestjs_uploads/a9s8eujvzsy7sminvaaw.jpg",
        "https://res.cloudinary.com/dizcvrefo/image/upload/v1749223872/nestjs_uploads/l0darr6gsfvyaz3udhvr.jpg"
      ],
      "caption": "Th?i ti?t nóng nh? cái lò",
      "location": null,
      "tags": [
      ],
      "isPublic": true,
      "likeCount": 0,
      "commentCount": 0,
      "sharedCount": 0,
      "createdAt": "2025-06-06T15:31:13.422Z",
      "updatedAt": "2025-06-06T15:31:13.422Z",
      "author": {
        "username": "nam",
        "profilePic": "https://res.cloudinary.com/dizcvrefo/image/upload/v1749266646/nestjs_uploads/zk9zrpeidnovxibfqdxr.png"
      },
      "_count": {
        "likes": 1,
        "comments": 0
      },
      "score": 0.004886636580776405,
      "isLike": false,
      "isToday": false,
      "isFollowing": false,
      "isSelf": false
    },
    {
      "id": "d227a0c8-1c22-46cc-b7d2-4cdc49559d5a",
      "authorId": "08515b05-2d3e-4789-ad60-db35525a4970",
      "imageUrl": [
        "https://res.cloudinary.com/dizcvrefo/image/upload/v1749396710/nestjs_uploads/rbfbkt8z02milpnwumdf.jpg",
        "https://res.cloudinary.com/dizcvrefo/image/upload/v1749396710/nestjs_uploads/vgcadq2d5bc0n7ccenbd.jpg",
        "https://res.cloudinary.com/dizcvrefo/image/upload/v1749396710/nestjs_uploads/mnxecfqiyziizzhgvpkx.jpg",
        "https://res.cloudinary.com/dizcvrefo/image/upload/v1749396710/nestjs_uploads/ejjhcrbzulhtddkxenrb.jpg"
      ],
      "caption": "Qu?c t? thi?u nhi",
      "location": null,
      "tags": [
      ],
      "isPublic": true,
      "likeCount": 0,
      "commentCount": 0,
      "sharedCount": 0,
      "createdAt": "2025-06-08T15:31:52.624Z",
      "updatedAt": "2025-06-08T15:31:52.624Z",
      "author": {
        "username": "nam",
        "profilePic": "https://res.cloudinary.com/dizcvrefo/image/upload/v1749266646/nestjs_uploads/zk9zrpeidnovxibfqdxr.png"
      },
      "_count": {
        "likes": 0,
        "comments": 0
      },
      "score": 0,
      "isLike": false,
      "isToday": false,
      "isFollowing": false,
      "isSelf": false
    }
  ]
}


23:47:59.499 [main] INFO com.intuit.karate -- [print] Calling getPostsFeed API v?i bearerToken: eyJhbGciOiJIUzI1NiIsInR5cCI6IkpXVCJ9.eyJzdWIiOiJmNjI4NDUzMi04ZjFlLTRiMDUtYWM1NC1kODAzNzM4NmU4MGMiLCJ1c2VybmFtZSI6InVzZXJubzIiLCJyb2xlIjowLCJpYXQiOjE3NTA2OTQzNTQsImV4cCI6MTc1MDY5Nzk1NH0.cn4pcMTzJbKyd0aw-bN_KvZNRCfEwxef9wljw6vUgkw 
23:47:59.499 [main] INFO com.intuit.karate -- [print] Query params: {
  "page": "1",
  "limit": "50"
}
 
23:47:59.499 [main] INFO com.intuit.karate -- [print] Response status: 200 body: {
  "message": "Feed",
  "statusCode": 200,
  "status": "success",
  "data": [
    {
      "id": "c8151412-bc98-49ec-88ff-57b89cc2ce67",
      "authorId": "08515b05-2d3e-4789-ad60-db35525a4970",
      "imageUrl": [
        "https://res.cloudinary.com/dizcvrefo/image/upload/v1748933672/nestjs_uploads/rpehmvwkwptjktjzllxz.jpg",
        "https://res.cloudinary.com/dizcvrefo/image/upload/v1748933672/nestjs_uploads/xl8wce3gldsuaekfnfwo.jpg",
        "https://res.cloudinary.com/dizcvrefo/image/upload/v1748933671/nestjs_uploads/ee1ntt1feukxfszhma1b.jpg"
      ],
      "caption": "Moi di hom nay",
      "location": null,
      "tags": [
      ],
      "isPublic": true,
      "likeCount": 0,
      "commentCount": 0,
      "sharedCount": 0,
      "createdAt": "2025-06-03T06:54:33.756Z",
      "updatedAt": "2025-06-03T06:54:33.756Z",
      "author": {
        "username": "nam",
        "profilePic": "https://res.cloudinary.com/dizcvrefo/image/upload/v1749266646/nestjs_uploads/zk9zrpeidnovxibfqdxr.png"
      },
      "_count": {
        "likes": 4,
        "comments": 0
      },
      "score": 0.016330180500161405,
      "isLike": true,
      "isToday": false,
      "isFollowing": false,
      "isSelf": false
    },
    {
      "id": "028cfac7-688b-4f4d-832d-1dd681b89e64",
      "authorId": "08515b05-2d3e-4789-ad60-db35525a4970",
      "imageUrl": [
        "https://res.cloudinary.com/dizcvrefo/image/upload/v1748964089/nestjs_uploads/r2x7j8rz3gfsze8o0fe7.jpg",
        "https://res.cloudinary.com/dizcvrefo/image/upload/v1748964089/nestjs_uploads/ebic5ju0e6btkxv2g526.jpg",
        "https://res.cloudinary.com/dizcvrefo/image/upload/v1748964089/nestjs_uploads/ngkhumq5qjehuoqmvxqv.jpg"
      ],
      "caption": "Di uong bia",
      "location": null,
      "tags": [
      ],
      "isPublic": true,
      "likeCount": 0,
      "commentCount": 0,
      "sharedCount": 0,
      "createdAt": "2025-06-03T15:21:31.678Z",
      "updatedAt": "2025-06-03T15:21:31.678Z",
      "author": {
        "username": "nam",
        "profilePic": "https://res.cloudinary.com/dizcvrefo/image/upload/v1749266646/nestjs_uploads/zk9zrpeidnovxibfqdxr.png"
      },
      "_count": {
        "likes": 3,
        "comments": 0
      },
      "score": 0.01246258473866699,
      "isLike": true,
      "isToday": false,
      "isFollowing": false,
      "isSelf": false
    },
    {
      "id": "45a2d709-c6c9-4887-9235-dbbd2d381827",
      "authorId": "08515b05-2d3e-4789-ad60-db35525a4970",
      "imageUrl": [
        "https://res.cloudinary.com/dizcvrefo/image/upload/v1748932129/nestjs_uploads/ecwyixgm9kf0zdng7bdp.png",
        "https://res.cloudinary.com/dizcvrefo/image/upload/v1748932129/nestjs_uploads/uhl3z1wamgjxl5o4vq1l.jpg",
        "https://res.cloudinary.com/dizcvrefo/image/upload/v1748932129/nestjs_uploads/pavlktzorkfcm5pp31io.jpg",
        "https://res.cloudinary.com/dizcvrefo/image/upload/v1748932129/nestjs_uploads/knew9jcdpmwaleoa6oov.jpg"
      ],
      "caption": "Di choi di anh em oi",
      "location": null,
      "tags": [
      ],
      "isPublic": true,
      "likeCount": 0,
      "commentCount": 0,
      "sharedCount": 0,
      "createdAt": "2025-06-03T06:28:51.322Z",
      "updatedAt": "2025-06-03T06:28:51.322Z",
      "author": {
        "username": "nam",
        "profilePic": "https://res.cloudinary.com/dizcvrefo/image/upload/v1749266646/nestjs_uploads/zk9zrpeidnovxibfqdxr.png"
      },
      "_count": {
        "likes": 3,
        "comments": 0
      },
      "score": 0.012236933061545763,
      "isLike": false,
      "isToday": false,
      "isFollowing": false,
      "isSelf": false
    },
    {
      "id": "bd9fb1fc-af49-4625-aa11-a458424d17ca",
      "authorId": "08515b05-2d3e-4789-ad60-db35525a4970",
      "imageUrl": [
        "https://res.cloudinary.com/dizcvrefo/image/upload/v1749400565/nestjs_uploads/srvf0b7b2fnsab8uqc8g.jpg",
        "https://res.cloudinary.com/dizcvrefo/image/upload/v1749400565/nestjs_uploads/u2gybzjxkewsxa1atyq4.jpg",
        "https://res.cloudinary.com/dizcvrefo/image/upload/v1749400565/nestjs_uploads/lottkkizhi1ngodzx4pp.jpg"
      ],
      "caption": "toi la NAM BO",
      "location": null,
      "tags": [
      ],
      "isPublic": true,
      "likeCount": 0,
      "commentCount": 0,
      "sharedCount": 0,
      "createdAt": "2025-06-08T16:36:04.450Z",
      "updatedAt": "2025-06-08T16:36:04.450Z",
      "author": {
        "username": "nam",
        "profilePic": "https://res.cloudinary.com/dizcvrefo/image/upload/v1749266646/nestjs_uploads/zk9zrpeidnovxibfqdxr.png"
      },
      "_count": {
        "likes": 2,
        "comments": 0
      },
      "score": 0.011104984158886623,
      "isLike": false,
      "isToday": false,
      "isFollowing": false,
      "isSelf": false
    },
    {
      "id": "007fcd52-ae77-4c58-988d-36ef78edc29b",
      "authorId": "dacf294e-491b-47ff-bd74-bfe5ddbfbdf9",
      "imageUrl": [
        "https://res.cloudinary.com/dizcvrefo/image/upload/v1748598131/nestjs_uploads/tsh3n10qz6mojbkiayhx.jpg",
        "https://res.cloudinary.com/dizcvrefo/image/upload/v1748598131/nestjs_uploads/no5fdmt60yg8li6gvwao.jpg",
        "https://res.cloudinary.com/dizcvrefo/image/upload/v1748598131/nestjs_uploads/lbn3umepxtqxjcw51mv0.jpg",
        "https://res.cloudinary.com/dizcvrefo/image/upload/v1748598131/nestjs_uploads/e4nufb9kmremurdaanw5.jpg",
        "https://res.cloudinary.com/dizcvrefo/image/upload/v1748598131/nestjs_uploads/pqwqj0gdwqfqqyct54hz.jpg",
        "https://res.cloudinary.com/dizcvrefo/image/upload/v1748598130/nestjs_uploads/dics8pfhps2jfskadthz.jpg"
      ],
      "caption": "Th? thao ?i?n t?",
      "location": null,
      "tags": [
      ],
      "isPublic": true,
      "likeCount": 0,
      "commentCount": 0,
      "sharedCount": 0,
      "createdAt": "2025-05-30T09:42:13.811Z",
      "updatedAt": "2025-05-30T09:42:13.811Z",
      "author": {
        "username": "chinh",
        "profilePic": "https://hebbkx1anhila5yf.public.blob.vercel-storage.com/image-hiZZ98WEvmBOkk3oAqffc3ReiwtEIO.png"
      },
      "_count": {
        "likes": 3,
        "comments": 0
      },
      "score": 0.010289900408298532,
      "isLike": false,
      "isToday": false,
      "isFollowing": false,
      "isSelf": false
    },
    {
      "id": "8a0e35ce-0f39-4475-b2d2-15c217983926",
      "authorId": "08515b05-2d3e-4789-ad60-db35525a4970",
      "imageUrl": [
        "https://res.cloudinary.com/dizcvrefo/image/upload/v1748597950/nestjs_uploads/siabu4jmaf7nfak5xkgc.jpg",
        "https://res.cloudinary.com/dizcvrefo/image/upload/v1748597951/nestjs_uploads/bufde4typyni9j408ua4.jpg",
        "https://res.cloudinary.com/dizcvrefo/image/upload/v1748597951/nestjs_uploads/yk6tjdkirr4a7ons7iz5.jpg"
      ],
      "caption": "?n gì không",
      "location": null,
      "tags": [
      ],
      "isPublic": true,
      "likeCount": 0,
      "commentCount": 0,
      "sharedCount": 0,
      "createdAt": "2025-05-30T09:39:13.647Z",
      "updatedAt": "2025-05-30T09:39:13.647Z",
      "author": {
        "username": "nam",
        "profilePic": "https://res.cloudinary.com/dizcvrefo/image/upload/v1749266646/nestjs_uploads/zk9zrpeidnovxibfqdxr.png"
      },
      "_count": {
        "likes": 3,
        "comments": 0
      },
      "score": 0.010289017329751399,
      "isLike": false,
      "isToday": false,
      "isFollowing": false,
      "isSelf": false
    },
    {
      "id": "b96886bd-5f00-41af-a440-152f360f1657",
      "authorId": "08515b05-2d3e-4789-ad60-db35525a4970",
      "imageUrl": [
        "https://res.cloudinary.com/dizcvrefo/image/upload/v1748597371/nestjs_uploads/vce2gudp9o4mm4fn8xt0.jpg",
        "https://res.cloudinary.com/dizcvrefo/image/upload/v1748597372/nestjs_uploads/u691vkjqxrek1dv0wtbm.jpg",
        "https://res.cloudinary.com/dizcvrefo/image/upload/v1748597371/nestjs_uploads/feqbcopm8ge8maj3hu6k.jpg"
      ],
      "caption": "ok",
      "location": null,
      "tags": [
      ],
      "isPublic": true,
      "likeCount": 0,
      "commentCount": 0,
      "sharedCount": 0,
      "createdAt": "2025-05-30T09:29:34.405Z",
      "updatedAt": "2025-05-30T09:29:34.405Z",
      "author": {
        "username": "nam",
        "profilePic": "https://res.cloudinary.com/dizcvrefo/image/upload/v1749266646/nestjs_uploads/zk9zrpeidnovxibfqdxr.png"
      },
      "_count": {
        "likes": 3,
        "comments": 0
      },
      "score": 0.010286179186726262,
      "isLike": false,
      "isToday": false,
      "isFollowing": false,
      "isSelf": false
    },
    {
      "id": "479ed759-3811-4b84-8141-bff184fae4b8",
      "authorId": "dacf294e-491b-47ff-bd74-bfe5ddbfbdf9",
      "imageUrl": [
        "https://res.cloudinary.com/dizcvrefo/image/upload/v1748596741/nestjs_uploads/g8vk3zn2rfop6caitmfb.jpg",
        "https://res.cloudinary.com/dizcvrefo/image/upload/v1748596741/nestjs_uploads/cqcspqsifpg0ndthyuax.jpg",
        "https://res.cloudinary.com/dizcvrefo/image/upload/v1748596741/nestjs_uploads/hc3svmdbfotscvcctfoq.jpg",
        "https://res.cloudinary.com/dizcvrefo/image/upload/v1748596742/nestjs_uploads/fxjvluy2vpyfuspukumf.jpg",
        "https://res.cloudinary.com/dizcvrefo/image/upload/v1748596741/nestjs_uploads/sb38euks3gzg5f92uiig.jpg"
      ],
      "caption": "Village",
      "location": null,
      "tags": [
      ],
      "isPublic": true,
      "likeCount": 0,
      "commentCount": 0,
      "sharedCount": 0,
      "createdAt": "2025-05-30T09:19:04.180Z",
      "updatedAt": "2025-05-30T09:19:04.180Z",
      "author": {
        "username": "chinh",
        "profilePic": "https://hebbkx1anhila5yf.public.blob.vercel-storage.com/image-hiZZ98WEvmBOkk3oAqffc3ReiwtEIO.png"
      },
      "_count": {
        "likes": 3,
        "comments": 0
      },
      "score": 0.010283093017576463,
      "isLike": false,
      "isToday": false,
      "isFollowing": false,
      "isSelf": false
    },
    {
      "id": "9ef01284-6f35-4f8a-9d58-3f5891acc766",
      "authorId": "dacf294e-491b-47ff-bd74-bfe5ddbfbdf9",
      "imageUrl": [
        "https://res.cloudinary.com/dizcvrefo/image/upload/v1748596489/nestjs_uploads/ue1yvhe1qzvlc2pmkjee.jpg",
        "https://res.cloudinary.com/dizcvrefo/image/upload/v1748596493/nestjs_uploads/bm3pcnpqmnppnsuq0pv9.jpg",
        "https://res.cloudinary.com/dizcvrefo/image/upload/v1748596489/nestjs_uploads/q6nipodzp1mdnpm1p13g.jpg",
        "https://res.cloudinary.com/dizcvrefo/image/upload/v1748596489/nestjs_uploads/icygr75zfmxk0ehqsnwo.jpg",
        "https://res.cloudinary.com/dizcvrefo/image/upload/v1748596489/nestjs_uploads/ghgd01xzcaxpra5httqg.jpg",
        "https://res.cloudinary.com/dizcvrefo/image/upload/v1748596489/nestjs_uploads/o53mpfip4l7dbjbd7wcw.jpg"
      ],
      "caption": "Nh?u",
      "location": null,
      "tags": [
      ],
      "isPublic": true,
      "likeCount": 0,
      "commentCount": 0,
      "sharedCount": 0,
      "createdAt": "2025-05-30T09:14:54.972Z",
      "updatedAt": "2025-05-30T09:14:54.972Z",
      "author": {
        "username": "chinh",
        "profilePic": "https://hebbkx1anhila5yf.public.blob.vercel-storage.com/image-hiZZ98WEvmBOkk3oAqffc3ReiwtEIO.png"
      },
      "_count": {
        "likes": 3,
        "comments": 0
      },
      "score": 0.010281873173741778,
      "isLike": false,
      "isToday": false,
      "isFollowing": false,
      "isSelf": false
    },
    {
      "id": "d79e9a48-ca20-40fd-bb11-ed7302657db9",
      "authorId": "08515b05-2d3e-4789-ad60-db35525a4970",
      "imageUrl": [
        "https://res.cloudinary.com/dizcvrefo/image/upload/v1749382783/nestjs_uploads/buqh5wktqj3y5etgfxok.jpg",
        "https://res.cloudinary.com/dizcvrefo/image/upload/v1749382789/nestjs_uploads/wjm5idulrdjhv7yuc477.jpg",
        "https://res.cloudinary.com/dizcvrefo/image/upload/v1749382781/nestjs_uploads/ztoyccvbrahzxkbm7mxb.jpg",
        "https://res.cloudinary.com/dizcvrefo/image/upload/v1749383075/nestjs_uploads/yjbnpjozb3x4suirhe9d.jpg",
        "https://res.cloudinary.com/dizcvrefo/image/upload/v1749383076/nestjs_uploads/wurnhokpsyvvjg60iceu.jpg"
      ],
      "caption": "Hôm nay là th? 7 em thích ?i thích ?i vào bar u?ng ? ???",
      "location": null,
      "tags": [
      ],
      "isPublic": true,
      "likeCount": 0,
      "commentCount": 0,
      "sharedCount": 0,
      "createdAt": "2025-05-28T09:56:16.976Z",
      "updatedAt": "2025-06-08T11:44:37.991Z",
      "author": {
        "username": "nam",
        "profilePic": "https://res.cloudinary.com/dizcvrefo/image/upload/v1749266646/nestjs_uploads/zk9zrpeidnovxibfqdxr.png"
      },
      "_count": {
        "likes": 3,
        "comments": 0
      },
      "score": 0.00951079920339448,
      "isLike": false,
      "isToday": false,
      "isFollowing": false,
      "isSelf": false
    },
    {
      "id": "e3f481cc-53c6-41c8-9a28-cd2f9c4f2f46",
      "authorId": "2b84aa24-668a-40e2-af1c-ad4fc4fa5a6f",
      "imageUrl": [
        "https://res.cloudinary.com/dizcvrefo/image/upload/v1749027663/nestjs_uploads/nuuktb6j4oy5jnuyt3ws.jpg",
        "https://res.cloudinary.com/dizcvrefo/image/upload/v1749027663/nestjs_uploads/aa03sao5n7bkhyhhrovx.jpg",
        "https://res.cloudinary.com/dizcvrefo/image/upload/v1749027663/nestjs_uploads/hic88kwvdqoltmqsueim.jpg",
        "https://res.cloudinary.com/dizcvrefo/image/upload/v1749027664/nestjs_uploads/hrnmt9e7g7pavf2fxwyw.png",
        "https://res.cloudinary.com/dizcvrefo/image/upload/v1749027664/nestjs_uploads/oxa2hbuxzj3lngjbubpf.jpg",
        "https://res.cloudinary.com/dizcvrefo/image/upload/v1749027663/nestjs_uploads/scrigmpzvmixwv9ddfnl.jpg",
        "https://res.cloudinary.com/dizcvrefo/image/upload/v1749027664/nestjs_uploads/wpnyt5jyz8lgj2bvprin.jpg"
      ],
      "caption": "Buon that, hom nay toi thi truot",
      "location": null,
      "tags": [
      ],
      "isPublic": true,
      "likeCount": 0,
      "commentCount": 0,
      "sharedCount": 0,
      "createdAt": "2025-06-04T09:01:06.391Z",
      "updatedAt": "2025-06-04T09:01:06.391Z",
      "author": {
        "username": "quang1",
        "profilePic": "https://res.cloudinary.com/dizcvrefo/image/upload/v1749027586/nestjs_uploads/xehairydt9rzlbmbmv4c.jpg"
      },
      "_count": {
        "likes": 2,
        "comments": 0
      },
      "score": 0.008624752639623662,
      "isLike": true,
      "isToday": false,
      "isFollowing": false,
      "isSelf": false
    },
    {
      "id": "9c4e8842-ced5-492b-9423-890177a28564",
      "authorId": "2b84aa24-668a-40e2-af1c-ad4fc4fa5a6f",
      "imageUrl": [
        "https://res.cloudinary.com/dizcvrefo/image/upload/v1748659538/nestjs_uploads/n4mg888um8bynequtdtp.jpg",
        "https://res.cloudinary.com/dizcvrefo/image/upload/v1748659538/nestjs_uploads/mfqojpf1bufduxfh0j0n.jpg",
        "https://res.cloudinary.com/dizcvrefo/image/upload/v1748659538/nestjs_uploads/vx9qkwao5v4hdeqiplsp.jpg",
        "https://res.cloudinary.com/dizcvrefo/image/upload/v1748659538/nestjs_uploads/r2sv0p0echvnrwqxoswu.jpg"
      ],
      "caption": "Ha noi nay tro gio",
      "location": null,
      "tags": [
      ],
      "isPublic": true,
      "likeCount": 0,
      "commentCount": 0,
      "sharedCount": 0,
      "createdAt": "2025-05-31T02:45:39.688Z",
      "updatedAt": "2025-05-31T02:45:39.688Z",
      "author": {
        "username": "quang1",
        "profilePic": "https://res.cloudinary.com/dizcvrefo/image/upload/v1749027586/nestjs_uploads/xehairydt9rzlbmbmv4c.jpg"
      },
      "_count": {
        "likes": 2,
        "comments": 0
      },
      "score": 0.0070666529513402,
      "isLike": false,
      "isToday": false,
      "isFollowing": false,
      "isSelf": false
    },
    {
      "id": "52cfd912-292f-4fbf-9240-3000d608dcd4",
      "authorId": "e7b38cb7-6701-40d9-a3bd-f53fc4d43457",
      "imageUrl": [
        "https://res.cloudinary.com/dizcvrefo/image/upload/v1749316896/nestjs_uploads/lc1jqjzblqshqho7eavx.jpg"
      ],
      "caption": "This is my first post",
      "location": null,
      "tags": [
      ],
      "isPublic": true,
      "likeCount": 0,
      "commentCount": 0,
      "sharedCount": 0,
      "createdAt": "2025-05-14T05:28:07.619Z",
      "updatedAt": "2025-06-07T17:21:37.389Z",
      "author": {
        "username": "ductrong",
        "profilePic": null
      },
      "_count": {
        "likes": 3,
        "comments": 0
      },
      "score": 0.006177090540269624,
      "isLike": false,
      "isToday": false,
      "isFollowing": false,
      "isSelf": false
    },
    {
      "id": "7918bc4d-383d-462e-afab-91099bc69905",
      "authorId": "08515b05-2d3e-4789-ad60-db35525a4970",
      "imageUrl": [
        "https://res.cloudinary.com/dizcvrefo/image/upload/v1749449962/nestjs_uploads/h3loqo8k5fpmi2ipdtof.jpg"
      ],
      "caption": "??p trai thì m?i có nhi?u ??a yêu h? h?",
      "location": null,
      "tags": [
      ],
      "isPublic": true,
      "likeCount": 0,
      "commentCount": 0,
      "sharedCount": 0,
      "createdAt": "2025-06-09T06:19:23.318Z",
      "updatedAt": "2025-06-09T06:19:23.318Z",
      "author": {
        "username": "nam",
        "profilePic": "https://res.cloudinary.com/dizcvrefo/image/upload/v1749266646/nestjs_uploads/zk9zrpeidnovxibfqdxr.png"
      },
      "_count": {
        "likes": 1,
        "comments": 0
      },
      "score": 0.00577239368019291,
      "isLike": false,
      "isToday": false,
      "isFollowing": false,
      "isSelf": false
    },
    {
      "id": "0c10c426-3d53-443a-8155-39234544c693",
      "authorId": "08515b05-2d3e-4789-ad60-db35525a4970",
      "imageUrl": [
        "https://res.cloudinary.com/dizcvrefo/image/upload/v1749397668/nestjs_uploads/umpwoepazt6it2racqhe.webp",
        "https://res.cloudinary.com/dizcvrefo/image/upload/v1749397668/nestjs_uploads/hcj53nurl5lpudcfaz3f.webp",
        "https://res.cloudinary.com/dizcvrefo/image/upload/v1749397668/nestjs_uploads/qv1vfbg7k6lkeldhb7e3.webp",
        "https://res.cloudinary.com/dizcvrefo/image/upload/v1749397668/nestjs_uploads/c6ruaxtyahilompxxej9.webp"
      ],
      "caption": "Tr?i xanh mây tr?ng",
      "location": null,
      "tags": [
      ],
      "isPublic": true,
      "likeCount": 0,
      "commentCount": 0,
      "sharedCount": 0,
      "createdAt": "2025-06-08T15:47:50.242Z",
      "updatedAt": "2025-06-08T15:47:50.242Z",
      "author": {
        "username": "nam",
        "profilePic": "https://res.cloudinary.com/dizcvrefo/image/upload/v1749266646/nestjs_uploads/zk9zrpeidnovxibfqdxr.png"
      },
      "_count": {
        "likes": 1,
        "comments": 0
      },
      "score": 0.005540126772720339,
      "isLike": false,
      "isToday": false,
      "isFollowing": false,
      "isSelf": false
    },
    {
      "id": "d296ef84-ae0f-4d14-a91a-15dd66bc0dac",
      "authorId": "08515b05-2d3e-4789-ad60-db35525a4970",
      "imageUrl": [
        "https://res.cloudinary.com/dizcvrefo/image/upload/v1749397436/nestjs_uploads/w9d8ldmhonbzeenkcxpb.jpg",
        "https://res.cloudinary.com/dizcvrefo/image/upload/v1749397436/nestjs_uploads/g8xrn89xfaz4ssvslueo.jpg",
        "https://res.cloudinary.com/dizcvrefo/image/upload/v1749397436/nestjs_uploads/wggtlkgkwlcrmgrhskup.jpg"
      ],
      "caption": "??ng tìm nhau vào hôm gió m?a t?i b?i",
      "location": null,
      "tags": [
      ],
      "isPublic": true,
      "likeCount": 0,
      "commentCount": 0,
      "sharedCount": 0,
      "createdAt": "2025-06-08T15:43:57.895Z",
      "updatedAt": "2025-06-08T15:43:57.895Z",
      "author": {
        "username": "nam",
        "profilePic": "https://res.cloudinary.com/dizcvrefo/image/upload/v1749266646/nestjs_uploads/zk9zrpeidnovxibfqdxr.png"
      },
      "_count": {
        "likes": 1,
        "comments": 0
      },
      "score": 0.005539136473719113,
      "isLike": false,
      "isToday": false,
      "isFollowing": false,
      "isSelf": false
    },
    {
      "id": "f1eae5ad-ef38-43e0-a9b8-1c1e0c2f6efd",
      "authorId": "08515b05-2d3e-4789-ad60-db35525a4970",
      "imageUrl": [
        "https://res.cloudinary.com/dizcvrefo/image/upload/v1749397189/nestjs_uploads/n24psljoc11kfpxrlozi.jpg",
        "https://res.cloudinary.com/dizcvrefo/image/upload/v1749397188/nestjs_uploads/ebdf0uii6p2yc3m30ruv.webp",
        "https://res.cloudinary.com/dizcvrefo/image/upload/v1749397188/nestjs_uploads/vrc16ao0luptsqlvep2z.webp"
      ],
      "caption": "Trong ??m gì ??p b?ng sen",
      "location": null,
      "tags": [
      ],
      "isPublic": true,
      "likeCount": 0,
      "commentCount": 0,
      "sharedCount": 0,
      "createdAt": "2025-06-08T15:39:50.851Z",
      "updatedAt": "2025-06-08T15:39:50.851Z",
      "author": {
        "username": "nam",
        "profilePic": "https://res.cloudinary.com/dizcvrefo/image/upload/v1749266646/nestjs_uploads/zk9zrpeidnovxibfqdxr.png"
      },
      "_count": {
        "likes": 1,
        "comments": 0
      },
      "score": 0.005538083922079279,
      "isLike": false,
      "isToday": false,
      "isFollowing": false,
      "isSelf": false
    },
    {
      "id": "546e44ab-45c4-4412-83c9-4a2cd786d46f",
      "authorId": "08515b05-2d3e-4789-ad60-db35525a4970",
      "imageUrl": [
        "https://res.cloudinary.com/dizcvrefo/image/upload/v1749223872/nestjs_uploads/u1lkztc9gc8jfijtppib.jpg",
        "https://res.cloudinary.com/dizcvrefo/image/upload/v1749223872/nestjs_uploads/hvbjhzpqvpw9kjrejiko.jpg",
        "https://res.cloudinary.com/dizcvrefo/image/upload/v1749223872/nestjs_uploads/a9s8eujvzsy7sminvaaw.jpg",
        "https://res.cloudinary.com/dizcvrefo/image/upload/v1749223872/nestjs_uploads/l0darr6gsfvyaz3udhvr.jpg"
      ],
      "caption": "Th?i ti?t nóng nh? cái lò",
      "location": null,
      "tags": [
      ],
      "isPublic": true,
      "likeCount": 0,
      "commentCount": 0,
      "sharedCount": 0,
      "createdAt": "2025-06-06T15:31:13.422Z",
      "updatedAt": "2025-06-06T15:31:13.422Z",
      "author": {
        "username": "nam",
        "profilePic": "https://res.cloudinary.com/dizcvrefo/image/upload/v1749266646/nestjs_uploads/zk9zrpeidnovxibfqdxr.png"
      },
      "_count": {
        "likes": 1,
        "comments": 0
      },
      "score": 0.004886636580776405,
      "isLike": false,
      "isToday": false,
      "isFollowing": false,
      "isSelf": false
    },
    {
      "id": "d227a0c8-1c22-46cc-b7d2-4cdc49559d5a",
      "authorId": "08515b05-2d3e-4789-ad60-db35525a4970",
      "imageUrl": [
        "https://res.cloudinary.com/dizcvrefo/image/upload/v1749396710/nestjs_uploads/rbfbkt8z02milpnwumdf.jpg",
        "https://res.cloudinary.com/dizcvrefo/image/upload/v1749396710/nestjs_uploads/vgcadq2d5bc0n7ccenbd.jpg",
        "https://res.cloudinary.com/dizcvrefo/image/upload/v1749396710/nestjs_uploads/mnxecfqiyziizzhgvpkx.jpg",
        "https://res.cloudinary.com/dizcvrefo/image/upload/v1749396710/nestjs_uploads/ejjhcrbzulhtddkxenrb.jpg"
      ],
      "caption": "Qu?c t? thi?u nhi",
      "location": null,
      "tags": [
      ],
      "isPublic": true,
      "likeCount": 0,
      "commentCount": 0,
      "sharedCount": 0,
      "createdAt": "2025-06-08T15:31:52.624Z",
      "updatedAt": "2025-06-08T15:31:52.624Z",
      "author": {
        "username": "nam",
        "profilePic": "https://res.cloudinary.com/dizcvrefo/image/upload/v1749266646/nestjs_uploads/zk9zrpeidnovxibfqdxr.png"
      },
      "_count": {
        "likes": 0,
        "comments": 0
      },
      "score": 0,
      "isLike": false,
      "isToday": false,
      "isFollowing": false,
      "isSelf": false
    }
  ]
}
 
23:47:59.508 [main] INFO com.intuit.karate -- ? TEST PASSED - All validations passed 
23:47:59.508 [main] INFO com.intuit.karate -- Test case #18 - Status: 200, Result: {"message":"Feed","statusCode":200,"status":"success","data":[{"id":"c8151412-bc98-49ec-88ff-57b89cc2ce67","authorId":"08515b05-2d3e-4789-ad60-db35525a4970","imageUrl":["https://res.cloudinary.com/dizcvrefo/image/upload/v1748933672/nestjs_uploads/rpehmvwkwptjktjzllxz.jpg","https://res.cloudinary.com/dizcvrefo/image/upload/v1748933672/nestjs_uploads/xl8wce3gldsuaekfnfwo.jpg","https://res.cloudinary.com/dizcvrefo/image/upload/v1748933671/nestjs_uploads/ee1ntt1feukxfszhma1b.jpg"],"caption":"Moi di hom nay","location":null,"tags":[],"isPublic":true,"likeCount":0,"commentCount":0,"sharedCount":0,"createdAt":"2025-06-03T06:54:33.756Z","updatedAt":"2025-06-03T06:54:33.756Z","author":{"username":"nam","profilePic":"https://res.cloudinary.com/dizcvrefo/image/upload/v1749266646/nestjs_uploads/zk9zrpeidnovxibfqdxr.png"},"_count":{"likes":4,"comments":0},"score":0.016330180500161405,"isLike":true,"isToday":false,"isFollowing":false,"isSelf":false},{"id":"028cfac7-688b-4f4d-832d-1dd681b89e64","authorId":"08515b05-2d3e-4789-ad60-db35525a4970","imageUrl":["https://res.cloudinary.com/dizcvrefo/image/upload/v1748964089/nestjs_uploads/r2x7j8rz3gfsze8o0fe7.jpg","https://res.cloudinary.com/dizcvrefo/image/upload/v1748964089/nestjs_uploads/ebic5ju0e6btkxv2g526.jpg","https://res.cloudinary.com/dizcvrefo/image/upload/v1748964089/nestjs_uploads/ngkhumq5qjehuoqmvxqv.jpg"],"caption":"Di uong bia","location":null,"tags":[],"isPublic":true,"likeCount":0,"commentCount":0,"sharedCount":0,"createdAt":"2025-06-03T15:21:31.678Z","updatedAt":"2025-06-03T15:21:31.678Z","author":{"username":"nam","profilePic":"https://res.cloudinary.com/dizcvrefo/image/upload/v1749266646/nestjs_uploads/zk9zrpeidnovxibfqdxr.png"},"_count":{"likes":3,"comments":0},"score":0.01246258473866699,"isLike":true,"isToday":false,"isFollowing":false,"isSelf":false},{"id":"45a2d709-c6c9-4887-9235-dbbd2d381827","authorId":"08515b05-2d3e-4789-ad60-db35525a4970","imageUrl":["https://res.cloudinary.com/dizcvrefo/image/upload/v1748932129/nestjs_uploads/ecwyixgm9kf0zdng7bdp.png","https://res.cloudinary.com/dizcvrefo/image/upload/v1748932129/nestjs_uploads/uhl3z1wamgjxl5o4vq1l.jpg","https://res.cloudinary.com/dizcvrefo/image/upload/v1748932129/nestjs_uploads/pavlktzorkfcm5pp31io.jpg","https://res.cloudinary.com/dizcvrefo/image/upload/v1748932129/nestjs_uploads/knew9jcdpmwaleoa6oov.jpg"],"caption":"Di choi di anh em oi","location":null,"tags":[],"isPublic":true,"likeCount":0,"commentCount":0,"sharedCount":0,"createdAt":"2025-06-03T06:28:51.322Z","updatedAt":"2025-06-03T06:28:51.322Z","author":{"username":"nam","profilePic":"https://res.cloudinary.com/dizcvrefo/image/upload/v1749266646/nestjs_uploads/zk9zrpeidnovxibfqdxr.png"},"_count":{"likes":3,"comments":0},"score":0.012236933061545763,"isLike":false,"isToday":false,"isFollowing":false,"isSelf":false},{"id":"bd9fb1fc-af49-4625-aa11-a458424d17ca","authorId":"08515b05-2d3e-4789-ad60-db35525a4970","imageUrl":["https://res.cloudinary.com/dizcvrefo/image/upload/v1749400565/nestjs_uploads/srvf0b7b2fnsab8uqc8g.jpg","https://res.cloudinary.com/dizcvrefo/image/upload/v1749400565/nestjs_uploads/u2gybzjxkewsxa1atyq4.jpg","https://res.cloudinary.com/dizcvrefo/image/upload/v1749400565/nestjs_uploads/lottkkizhi1ngodzx4pp.jpg"],"caption":"toi la NAM BO","location":null,"tags":[],"isPublic":true,"likeCount":0,"commentCount":0,"sharedCount":0,"createdAt":"2025-06-08T16:36:04.450Z","updatedAt":"2025-06-08T16:36:04.450Z","author":{"username":"nam","profilePic":"https://res.cloudinary.com/dizcvrefo/image/upload/v1749266646/nestjs_uploads/zk9zrpeidnovxibfqdxr.png"},"_count":{"likes":2,"comments":0},"score":0.011104984158886623,"isLike":false,"isToday":false,"isFollowing":false,"isSelf":false},{"id":"007fcd52-ae77-4c58-988d-36ef78edc29b","authorId":"dacf294e-491b-47ff-bd74-bfe5ddbfbdf9","imageUrl":["https://res.cloudinary.com/dizcvrefo/image/upload/v1748598131/nestjs_uploads/tsh3n10qz6mojbkiayhx.jpg","https://res.cloudinary.com/dizcvrefo/image/upload/v1748598131/nestjs_uploads/no5fdmt60yg8li6gvwao.jpg","https://res.cloudinary.com/dizcvrefo/image/upload/v1748598131/nestjs_uploads/lbn3umepxtqxjcw51mv0.jpg","https://res.cloudinary.com/dizcvrefo/image/upload/v1748598131/nestjs_uploads/e4nufb9kmremurdaanw5.jpg","https://res.cloudinary.com/dizcvrefo/image/upload/v1748598131/nestjs_uploads/pqwqj0gdwqfqqyct54hz.jpg","https://res.cloudinary.com/dizcvrefo/image/upload/v1748598130/nestjs_uploads/dics8pfhps2jfskadthz.jpg"],"caption":"Th? thao ?i?n t?","location":null,"tags":[],"isPublic":true,"likeCount":0,"commentCount":0,"sharedCount":0,"createdAt":"2025-05-30T09:42:13.811Z","updatedAt":"2025-05-30T09:42:13.811Z","author":{"username":"chinh","profilePic":"https://hebbkx1anhila5yf.public.blob.vercel-storage.com/image-hiZZ98WEvmBOkk3oAqffc3ReiwtEIO.png"},"_count":{"likes":3,"comments":0},"score":0.010289900408298532,"isLike":false,"isToday":false,"isFollowing":false,"isSelf":false},{"id":"8a0e35ce-0f39-4475-b2d2-15c217983926","authorId":"08515b05-2d3e-4789-ad60-db35525a4970","imageUrl":["https://res.cloudinary.com/dizcvrefo/image/upload/v1748597950/nestjs_uploads/siabu4jmaf7nfak5xkgc.jpg","https://res.cloudinary.com/dizcvrefo/image/upload/v1748597951/nestjs_uploads/bufde4typyni9j408ua4.jpg","https://res.cloudinary.com/dizcvrefo/image/upload/v1748597951/nestjs_uploads/yk6tjdkirr4a7ons7iz5.jpg"],"caption":"?n gì không","location":null,"tags":[],"isPublic":true,"likeCount":0,"commentCount":0,"sharedCount":0,"createdAt":"2025-05-30T09:39:13.647Z","updatedAt":"2025-05-30T09:39:13.647Z","author":{"username":"nam","profilePic":"https://res.cloudinary.com/dizcvrefo/image/upload/v1749266646/nestjs_uploads/zk9zrpeidnovxibfqdxr.png"},"_count":{"likes":3,"comments":0},"score":0.010289017329751399,"isLike":false,"isToday":false,"isFollowing":false,"isSelf":false},{"id":"b96886bd-5f00-41af-a440-152f360f1657","authorId":"08515b05-2d3e-4789-ad60-db35525a4970","imageUrl":["https://res.cloudinary.com/dizcvrefo/image/upload/v1748597371/nestjs_uploads/vce2gudp9o4mm4fn8xt0.jpg","https://res.cloudinary.com/dizcvrefo/image/upload/v1748597372/nestjs_uploads/u691vkjqxrek1dv0wtbm.jpg","https://res.cloudinary.com/dizcvrefo/image/upload/v1748597371/nestjs_uploads/feqbcopm8ge8maj3hu6k.jpg"],"caption":"ok","location":null,"tags":[],"isPublic":true,"likeCount":0,"commentCount":0,"sharedCount":0,"createdAt":"2025-05-30T09:29:34.405Z","updatedAt":"2025-05-30T09:29:34.405Z","author":{"username":"nam","profilePic":"https://res.cloudinary.com/dizcvrefo/image/upload/v1749266646/nestjs_uploads/zk9zrpeidnovxibfqdxr.png"},"_count":{"likes":3,"comments":0},"score":0.010286179186726262,"isLike":false,"isToday":false,"isFollowing":false,"isSelf":false},{"id":"479ed759-3811-4b84-8141-bff184fae4b8","authorId":"dacf294e-491b-47ff-bd74-bfe5ddbfbdf9","imageUrl":["https://res.cloudinary.com/dizcvrefo/image/upload/v1748596741/nestjs_uploads/g8vk3zn2rfop6caitmfb.jpg","https://res.cloudinary.com/dizcvrefo/image/upload/v1748596741/nestjs_uploads/cqcspqsifpg0ndthyuax.jpg","https://res.cloudinary.com/dizcvrefo/image/upload/v1748596741/nestjs_uploads/hc3svmdbfotscvcctfoq.jpg","https://res.cloudinary.com/dizcvrefo/image/upload/v1748596742/nestjs_uploads/fxjvluy2vpyfuspukumf.jpg","https://res.cloudinary.com/dizcvrefo/image/upload/v1748596741/nestjs_uploads/sb38euks3gzg5f92uiig.jpg"],"caption":"Village","location":null,"tags":[],"isPublic":true,"likeCount":0,"commentCount":0,"sharedCount":0,"createdAt":"2025-05-30T09:19:04.180Z","updatedAt":"2025-05-30T09:19:04.180Z","author":{"username":"chinh","profilePic":"https://hebbkx1anhila5yf.public.blob.vercel-storage.com/image-hiZZ98WEvmBOkk3oAqffc3ReiwtEIO.png"},"_count":{"likes":3,"comments":0},"score":0.010283093017576463,"isLike":false,"isToday":false,"isFollowing":false,"isSelf":false},{"id":"9ef01284-6f35-4f8a-9d58-3f5891acc766","authorId":"dacf294e-491b-47ff-bd74-bfe5ddbfbdf9","imageUrl":["https://res.cloudinary.com/dizcvrefo/image/upload/v1748596489/nestjs_uploads/ue1yvhe1qzvlc2pmkjee.jpg","https://res.cloudinary.com/dizcvrefo/image/upload/v1748596493/nestjs_uploads/bm3pcnpqmnppnsuq0pv9.jpg","https://res.cloudinary.com/dizcvrefo/image/upload/v1748596489/nestjs_uploads/q6nipodzp1mdnpm1p13g.jpg","https://res.cloudinary.com/dizcvrefo/image/upload/v1748596489/nestjs_uploads/icygr75zfmxk0ehqsnwo.jpg","https://res.cloudinary.com/dizcvrefo/image/upload/v1748596489/nestjs_uploads/ghgd01xzcaxpra5httqg.jpg","https://res.cloudinary.com/dizcvrefo/image/upload/v1748596489/nestjs_uploads/o53mpfip4l7dbjbd7wcw.jpg"],"caption":"Nh?u","location":null,"tags":[],"isPublic":true,"likeCount":0,"commentCount":0,"sharedCount":0,"createdAt":"2025-05-30T09:14:54.972Z","updatedAt":"2025-05-30T09:14:54.972Z","author":{"username":"chinh","profilePic":"https://hebbkx1anhila5yf.public.blob.vercel-storage.com/image-hiZZ98WEvmBOkk3oAqffc3ReiwtEIO.png"},"_count":{"likes":3,"comments":0},"score":0.010281873173741778,"isLike":false,"isToday":false,"isFollowing":false,"isSelf":false},{"id":"d79e9a48-ca20-40fd-bb11-ed7302657db9","authorId":"08515b05-2d3e-4789-ad60-db35525a4970","imageUrl":["https://res.cloudinary.com/dizcvrefo/image/upload/v1749382783/nestjs_uploads/buqh5wktqj3y5etgfxok.jpg","https://res.cloudinary.com/dizcvrefo/image/upload/v1749382789/nestjs_uploads/wjm5idulrdjhv7yuc477.jpg","https://res.cloudinary.com/dizcvrefo/image/upload/v1749382781/nestjs_uploads/ztoyccvbrahzxkbm7mxb.jpg","https://res.cloudinary.com/dizcvrefo/image/upload/v1749383075/nestjs_uploads/yjbnpjozb3x4suirhe9d.jpg","https://res.cloudinary.com/dizcvrefo/image/upload/v1749383076/nestjs_uploads/wurnhokpsyvvjg60iceu.jpg"],"caption":"Hôm nay là th? 7 em thích ?i thích ?i vào bar u?ng ? ???","location":null,"tags":[],"isPublic":true,"likeCount":0,"commentCount":0,"sharedCount":0,"createdAt":"2025-05-28T09:56:16.976Z","updatedAt":"2025-06-08T11:44:37.991Z","author":{"username":"nam","profilePic":"https://res.cloudinary.com/dizcvrefo/image/upload/v1749266646/nestjs_uploads/zk9zrpeidnovxibfqdxr.png"},"_count":{"likes":3,"comments":0},"score":0.00951079920339448,"isLike":false,"isToday":false,"isFollowing":false,"isSelf":false},{"id":"e3f481cc-53c6-41c8-9a28-cd2f9c4f2f46","authorId":"2b84aa24-668a-40e2-af1c-ad4fc4fa5a6f","imageUrl":["https://res.cloudinary.com/dizcvrefo/image/upload/v1749027663/nestjs_uploads/nuuktb6j4oy5jnuyt3ws.jpg","https://res.cloudinary.com/dizcvrefo/image/upload/v1749027663/nestjs_uploads/aa03sao5n7bkhyhhrovx.jpg","https://res.cloudinary.com/dizcvrefo/image/upload/v1749027663/nestjs_uploads/hic88kwvdqoltmqsueim.jpg","https://res.cloudinary.com/dizcvrefo/image/upload/v1749027664/nestjs_uploads/hrnmt9e7g7pavf2fxwyw.png","https://res.cloudinary.com/dizcvrefo/image/upload/v1749027664/nestjs_uploads/oxa2hbuxzj3lngjbubpf.jpg","https://res.cloudinary.com/dizcvrefo/image/upload/v1749027663/nestjs_uploads/scrigmpzvmixwv9ddfnl.jpg","https://res.cloudinary.com/dizcvrefo/image/upload/v1749027664/nestjs_uploads/wpnyt5jyz8lgj2bvprin.jpg"],"caption":"Buon that, hom nay toi thi truot","location":null,"tags":[],"isPublic":true,"likeCount":0,"commentCount":0,"sharedCount":0,"createdAt":"2025-06-04T09:01:06.391Z","updatedAt":"2025-06-04T09:01:06.391Z","author":{"username":"quang1","profilePic":"https://res.cloudinary.com/dizcvrefo/image/upload/v1749027586/nestjs_uploads/xehairydt9rzlbmbmv4c.jpg"},"_count":{"likes":2,"comments":0},"score":0.008624752639623662,"isLike":true,"isToday":false,"isFollowing":false,"isSelf":false},{"id":"9c4e8842-ced5-492b-9423-890177a28564","authorId":"2b84aa24-668a-40e2-af1c-ad4fc4fa5a6f","imageUrl":["https://res.cloudinary.com/dizcvrefo/image/upload/v1748659538/nestjs_uploads/n4mg888um8bynequtdtp.jpg","https://res.cloudinary.com/dizcvrefo/image/upload/v1748659538/nestjs_uploads/mfqojpf1bufduxfh0j0n.jpg","https://res.cloudinary.com/dizcvrefo/image/upload/v1748659538/nestjs_uploads/vx9qkwao5v4hdeqiplsp.jpg","https://res.cloudinary.com/dizcvrefo/image/upload/v1748659538/nestjs_uploads/r2sv0p0echvnrwqxoswu.jpg"],"caption":"Ha noi nay tro gio","location":null,"tags":[],"isPublic":true,"likeCount":0,"commentCount":0,"sharedCount":0,"createdAt":"2025-05-31T02:45:39.688Z","updatedAt":"2025-05-31T02:45:39.688Z","author":{"username":"quang1","profilePic":"https://res.cloudinary.com/dizcvrefo/image/upload/v1749027586/nestjs_uploads/xehairydt9rzlbmbmv4c.jpg"},"_count":{"likes":2,"comments":0},"score":0.0070666529513402,"isLike":false,"isToday":false,"isFollowing":false,"isSelf":false},{"id":"52cfd912-292f-4fbf-9240-3000d608dcd4","authorId":"e7b38cb7-6701-40d9-a3bd-f53fc4d43457","imageUrl":["https://res.cloudinary.com/dizcvrefo/image/upload/v1749316896/nestjs_uploads/lc1jqjzblqshqho7eavx.jpg"],"caption":"This is my first post","location":null,"tags":[],"isPublic":true,"likeCount":0,"commentCount":0,"sharedCount":0,"createdAt":"2025-05-14T05:28:07.619Z","updatedAt":"2025-06-07T17:21:37.389Z","author":{"username":"ductrong","profilePic":null},"_count":{"likes":3,"comments":0},"score":0.006177090540269624,"isLike":false,"isToday":false,"isFollowing":false,"isSelf":false},{"id":"7918bc4d-383d-462e-afab-91099bc69905","authorId":"08515b05-2d3e-4789-ad60-db35525a4970","imageUrl":["https://res.cloudinary.com/dizcvrefo/image/upload/v1749449962/nestjs_uploads/h3loqo8k5fpmi2ipdtof.jpg"],"caption":"??p trai thì m?i có nhi?u ??a yêu h? h?","location":null,"tags":[],"isPublic":true,"likeCount":0,"commentCount":0,"sharedCount":0,"createdAt":"2025-06-09T06:19:23.318Z","updatedAt":"2025-06-09T06:19:23.318Z","author":{"username":"nam","profilePic":"https://res.cloudinary.com/dizcvrefo/image/upload/v1749266646/nestjs_uploads/zk9zrpeidnovxibfqdxr.png"},"_count":{"likes":1,"comments":0},"score":0.00577239368019291,"isLike":false,"isToday":false,"isFollowing":false,"isSelf":false},{"id":"0c10c426-3d53-443a-8155-39234544c693","authorId":"08515b05-2d3e-4789-ad60-db35525a4970","imageUrl":["https://res.cloudinary.com/dizcvrefo/image/upload/v1749397668/nestjs_uploads/umpwoepazt6it2racqhe.webp","https://res.cloudinary.com/dizcvrefo/image/upload/v1749397668/nestjs_uploads/hcj53nurl5lpudcfaz3f.webp","https://res.cloudinary.com/dizcvrefo/image/upload/v1749397668/nestjs_uploads/qv1vfbg7k6lkeldhb7e3.webp","https://res.cloudinary.com/dizcvrefo/image/upload/v1749397668/nestjs_uploads/c6ruaxtyahilompxxej9.webp"],"caption":"Tr?i xanh mây tr?ng","location":null,"tags":[],"isPublic":true,"likeCount":0,"commentCount":0,"sharedCount":0,"createdAt":"2025-06-08T15:47:50.242Z","updatedAt":"2025-06-08T15:47:50.242Z","author":{"username":"nam","profilePic":"https://res.cloudinary.com/dizcvrefo/image/upload/v1749266646/nestjs_uploads/zk9zrpeidnovxibfqdxr.png"},"_count":{"likes":1,"comments":0},"score":0.005540126772720339,"isLike":false,"isToday":false,"isFollowing":false,"isSelf":false},{"id":"d296ef84-ae0f-4d14-a91a-15dd66bc0dac","authorId":"08515b05-2d3e-4789-ad60-db35525a4970","imageUrl":["https://res.cloudinary.com/dizcvrefo/image/upload/v1749397436/nestjs_uploads/w9d8ldmhonbzeenkcxpb.jpg","https://res.cloudinary.com/dizcvrefo/image/upload/v1749397436/nestjs_uploads/g8xrn89xfaz4ssvslueo.jpg","https://res.cloudinary.com/dizcvrefo/image/upload/v1749397436/nestjs_uploads/wggtlkgkwlcrmgrhskup.jpg"],"caption":"??ng tìm nhau vào hôm gió m?a t?i b?i","location":null,"tags":[],"isPublic":true,"likeCount":0,"commentCount":0,"sharedCount":0,"createdAt":"2025-06-08T15:43:57.895Z","updatedAt":"2025-06-08T15:43:57.895Z","author":{"username":"nam","profilePic":"https://res.cloudinary.com/dizcvrefo/image/upload/v1749266646/nestjs_uploads/zk9zrpeidnovxibfqdxr.png"},"_count":{"likes":1,"comments":0},"score":0.005539136473719113,"isLike":false,"isToday":false,"isFollowing":false,"isSelf":false},{"id":"f1eae5ad-ef38-43e0-a9b8-1c1e0c2f6efd","authorId":"08515b05-2d3e-4789-ad60-db35525a4970","imageUrl":["https://res.cloudinary.com/dizcvrefo/image/upload/v1749397189/nestjs_uploads/n24psljoc11kfpxrlozi.jpg","https://res.cloudinary.com/dizcvrefo/image/upload/v1749397188/nestjs_uploads/ebdf0uii6p2yc3m30ruv.webp","https://res.cloudinary.com/dizcvrefo/image/upload/v1749397188/nestjs_uploads/vrc16ao0luptsqlvep2z.webp"],"caption":"Trong ??m gì ??p b?ng sen","location":null,"tags":[],"isPublic":true,"likeCount":0,"commentCount":0,"sharedCount":0,"createdAt":"2025-06-08T15:39:50.851Z","updatedAt":"2025-06-08T15:39:50.851Z","author":{"username":"nam","profilePic":"https://res.cloudinary.com/dizcvrefo/image/upload/v1749266646/nestjs_uploads/zk9zrpeidnovxibfqdxr.png"},"_count":{"likes":1,"comments":0},"score":0.005538083922079279,"isLike":false,"isToday":false,"isFollowing":false,"isSelf":false},{"id":"546e44ab-45c4-4412-83c9-4a2cd786d46f","authorId":"08515b05-2d3e-4789-ad60-db35525a4970","imageUrl":["https://res.cloudinary.com/dizcvrefo/image/upload/v1749223872/nestjs_uploads/u1lkztc9gc8jfijtppib.jpg","https://res.cloudinary.com/dizcvrefo/image/upload/v1749223872/nestjs_uploads/hvbjhzpqvpw9kjrejiko.jpg","https://res.cloudinary.com/dizcvrefo/image/upload/v1749223872/nestjs_uploads/a9s8eujvzsy7sminvaaw.jpg","https://res.cloudinary.com/dizcvrefo/image/upload/v1749223872/nestjs_uploads/l0darr6gsfvyaz3udhvr.jpg"],"caption":"Th?i ti?t nóng nh? cái lò","location":null,"tags":[],"isPublic":true,"likeCount":0,"commentCount":0,"sharedCount":0,"createdAt":"2025-06-06T15:31:13.422Z","updatedAt":"2025-06-06T15:31:13.422Z","author":{"username":"nam","profilePic":"https://res.cloudinary.com/dizcvrefo/image/upload/v1749266646/nestjs_uploads/zk9zrpeidnovxibfqdxr.png"},"_count":{"likes":1,"comments":0},"score":0.004886636580776405,"isLike":false,"isToday":false,"isFollowing":false,"isSelf":false},{"id":"d227a0c8-1c22-46cc-b7d2-4cdc49559d5a","authorId":"08515b05-2d3e-4789-ad60-db35525a4970","imageUrl":["https://res.cloudinary.com/dizcvrefo/image/upload/v1749396710/nestjs_uploads/rbfbkt8z02milpnwumdf.jpg","https://res.cloudinary.com/dizcvrefo/image/upload/v1749396710/nestjs_uploads/vgcadq2d5bc0n7ccenbd.jpg","https://res.cloudinary.com/dizcvrefo/image/upload/v1749396710/nestjs_uploads/mnxecfqiyziizzhgvpkx.jpg","https://res.cloudinary.com/dizcvrefo/image/upload/v1749396710/nestjs_uploads/ejjhcrbzulhtddkxenrb.jpg"],"caption":"Qu?c t? thi?u nhi","location":null,"tags":[],"isPublic":true,"likeCount":0,"commentCount":0,"sharedCount":0,"createdAt":"2025-06-08T15:31:52.624Z","updatedAt":"2025-06-08T15:31:52.624Z","author":{"username":"nam","profilePic":"https://res.cloudinary.com/dizcvrefo/image/upload/v1749266646/nestjs_uploads/zk9zrpeidnovxibfqdxr.png"},"_count":{"likes":0,"comments":0},"score":0,"isLike":false,"isToday":false,"isFollowing":false,"isSelf":false}]} 
23:47:59.510 [main] INFO com.intuit.karate -- ?ang ch?y test case #19: Không có query parameters (s? d?ng default) 
23:47:59.510 [main] INFO com.intuit.karate -- S? d?ng global bearer token t? config: eyJhbGciOiJIUzI1NiIsInR5cCI6IkpXVCJ9.eyJzdWIiOiJmNjI4NDUzMi04ZjFlLTRiMDUtYWM1NC1kODAzNzM4NmU4MGMiLCJ1c2VybmFtZSI6InVzZXJubzIiLCJyb2xlIjowLCJpYXQiOjE3NTA2OTQzNTQsImV4cCI6MTc1MDY5Nzk1NH0.cn4pcMTzJbKyd0aw-bN_KvZNRCfEwxef9wljw6vUgkw 
23:47:59.515 [main] INFO com.intuit.karate -- karate.env system property was: null 
23:47:59.518 [main] DEBUG com.jayway.jsonpath.internal.path.CompiledPath -- Evaluating path: $
23:47:59.518 [main] DEBUG com.jayway.jsonpath.internal.path.CompiledPath -- Evaluating path: $
23:47:59.519 [main] DEBUG org.apache.http.client.protocol.RequestAddCookies -- CookieSpec selected: karate
23:47:59.520 [main] DEBUG org.apache.http.client.protocol.RequestAuthCache -- Auth cache not set in the context
23:47:59.520 [main] DEBUG com.intuit.karate -- request:
1 > GET http://localhost:3000/posts/feed
1 > Authorization: Bearer eyJhbGciOiJIUzI1NiIsInR5cCI6IkpXVCJ9.eyJzdWIiOiJmNjI4NDUzMi04ZjFlLTRiMDUtYWM1NC1kODAzNzM4NmU4MGMiLCJ1c2VybmFtZSI6InVzZXJubzIiLCJyb2xlIjowLCJpYXQiOjE3NTA2OTQzNTQsImV4cCI6MTc1MDY5Nzk1NH0.cn4pcMTzJbKyd0aw-bN_KvZNRCfEwxef9wljw6vUgkw
1 > Host: localhost:3000
1 > Connection: Keep-Alive
1 > User-Agent: Apache-HttpClient/4.5.14 (Java/17.0.9)
1 > Accept-Encoding: gzip,deflate


23:47:59.520 [main] DEBUG org.apache.http.impl.conn.PoolingHttpClientConnectionManager -- Connection request: [route: {}->http://localhost:3000][total available: 0; route allocated: 0 of 5; total allocated: 0 of 10]
23:47:59.520 [main] DEBUG org.apache.http.impl.conn.PoolingHttpClientConnectionManager -- Connection leased: [id: 18][route: {}->http://localhost:3000][total available: 0; route allocated: 1 of 5; total allocated: 1 of 10]
23:47:59.520 [main] DEBUG org.apache.http.impl.execchain.MainClientExec -- Opening connection {}->http://localhost:3000
23:47:59.520 [main] DEBUG org.apache.http.impl.conn.DefaultHttpClientConnectionOperator -- Connecting to localhost/127.0.0.1:3000
23:47:59.521 [main] DEBUG org.apache.http.impl.conn.DefaultHttpClientConnectionOperator -- Connection established 127.0.0.1:62822<->127.0.0.1:3000
23:47:59.521 [main] DEBUG org.apache.http.impl.conn.DefaultManagedHttpClientConnection -- http-outgoing-18: set socket timeout to 5000
23:47:59.521 [main] DEBUG org.apache.http.impl.execchain.MainClientExec -- Executing request GET /posts/feed HTTP/1.1
23:47:59.521 [main] DEBUG org.apache.http.impl.execchain.MainClientExec -- Proxy auth state: UNCHALLENGED
23:47:59.521 [main] DEBUG org.apache.http.headers -- http-outgoing-18 >> GET /posts/feed HTTP/1.1
23:47:59.521 [main] DEBUG org.apache.http.headers -- http-outgoing-18 >> Authorization: Bearer eyJhbGciOiJIUzI1NiIsInR5cCI6IkpXVCJ9.eyJzdWIiOiJmNjI4NDUzMi04ZjFlLTRiMDUtYWM1NC1kODAzNzM4NmU4MGMiLCJ1c2VybmFtZSI6InVzZXJubzIiLCJyb2xlIjowLCJpYXQiOjE3NTA2OTQzNTQsImV4cCI6MTc1MDY5Nzk1NH0.cn4pcMTzJbKyd0aw-bN_KvZNRCfEwxef9wljw6vUgkw
23:47:59.521 [main] DEBUG org.apache.http.headers -- http-outgoing-18 >> Host: localhost:3000
23:47:59.521 [main] DEBUG org.apache.http.headers -- http-outgoing-18 >> Connection: Keep-Alive
23:47:59.521 [main] DEBUG org.apache.http.headers -- http-outgoing-18 >> User-Agent: Apache-HttpClient/4.5.14 (Java/17.0.9)
23:47:59.521 [main] DEBUG org.apache.http.headers -- http-outgoing-18 >> Accept-Encoding: gzip,deflate
23:47:59.521 [main] DEBUG org.apache.http.wire -- http-outgoing-18 >> "GET /posts/feed HTTP/1.1[\r][\n]"
23:47:59.521 [main] DEBUG org.apache.http.wire -- http-outgoing-18 >> "Authorization: Bearer eyJhbGciOiJIUzI1NiIsInR5cCI6IkpXVCJ9.eyJzdWIiOiJmNjI4NDUzMi04ZjFlLTRiMDUtYWM1NC1kODAzNzM4NmU4MGMiLCJ1c2VybmFtZSI6InVzZXJubzIiLCJyb2xlIjowLCJpYXQiOjE3NTA2OTQzNTQsImV4cCI6MTc1MDY5Nzk1NH0.cn4pcMTzJbKyd0aw-bN_KvZNRCfEwxef9wljw6vUgkw[\r][\n]"
23:47:59.521 [main] DEBUG org.apache.http.wire -- http-outgoing-18 >> "Host: localhost:3000[\r][\n]"
23:47:59.521 [main] DEBUG org.apache.http.wire -- http-outgoing-18 >> "Connection: Keep-Alive[\r][\n]"
23:47:59.521 [main] DEBUG org.apache.http.wire -- http-outgoing-18 >> "User-Agent: Apache-HttpClient/4.5.14 (Java/17.0.9)[\r][\n]"
23:47:59.521 [main] DEBUG org.apache.http.wire -- http-outgoing-18 >> "Accept-Encoding: gzip,deflate[\r][\n]"
23:47:59.521 [main] DEBUG org.apache.http.wire -- http-outgoing-18 >> "[\r][\n]"
23:47:59.560 [main] DEBUG org.apache.http.wire -- http-outgoing-18 << "HTTP/1.1 400 Bad Request[\r][\n]"
23:47:59.560 [main] DEBUG org.apache.http.wire -- http-outgoing-18 << "X-Powered-By: Express[\r][\n]"
23:47:59.560 [main] DEBUG org.apache.http.wire -- http-outgoing-18 << "Access-Control-Allow-Origin: *[\r][\n]"
23:47:59.560 [main] DEBUG org.apache.http.wire -- http-outgoing-18 << "Content-Type: application/json; charset=utf-8[\r][\n]"
23:47:59.560 [main] DEBUG org.apache.http.wire -- http-outgoing-18 << "Content-Length: 149[\r][\n]"
23:47:59.560 [main] DEBUG org.apache.http.wire -- http-outgoing-18 << "ETag: W/"95-oE4CgPKxfxLczf2ezgI0TxWleMg"[\r][\n]"
23:47:59.560 [main] DEBUG org.apache.http.wire -- http-outgoing-18 << "Date: Mon, 23 Jun 2025 16:47:59 GMT[\r][\n]"
23:47:59.560 [main] DEBUG org.apache.http.wire -- http-outgoing-18 << "Connection: keep-alive[\r][\n]"
23:47:59.560 [main] DEBUG org.apache.http.wire -- http-outgoing-18 << "Keep-Alive: timeout=5[\r][\n]"
23:47:59.560 [main] DEBUG org.apache.http.wire -- http-outgoing-18 << "[\r][\n]"
23:47:59.560 [main] DEBUG org.apache.http.wire -- http-outgoing-18 << "{"success":false,"statusCode":400,"message":"Kh[0xc3][0xb4]ng c[0xc3][0xb3] d[0xe1][0xbb][0xaf] li[0xe1][0xbb][0x87]u [0xc4][0x91][0xc6][0xb0][0xe1][0xbb][0xa3]c g[0xe1][0xbb][0xad]i l[0xc3][0xaa]n","path":"/posts/feed","timestamp":"2025-06-23T16:47:59.559Z"}"
23:47:59.561 [main] DEBUG org.apache.http.headers -- http-outgoing-18 << HTTP/1.1 400 Bad Request
23:47:59.561 [main] DEBUG org.apache.http.headers -- http-outgoing-18 << X-Powered-By: Express
23:47:59.561 [main] DEBUG org.apache.http.headers -- http-outgoing-18 << Access-Control-Allow-Origin: *
23:47:59.561 [main] DEBUG org.apache.http.headers -- http-outgoing-18 << Content-Type: application/json; charset=utf-8
23:47:59.561 [main] DEBUG org.apache.http.headers -- http-outgoing-18 << Content-Length: 149
23:47:59.561 [main] DEBUG org.apache.http.headers -- http-outgoing-18 << ETag: W/"95-oE4CgPKxfxLczf2ezgI0TxWleMg"
23:47:59.561 [main] DEBUG org.apache.http.headers -- http-outgoing-18 << Date: Mon, 23 Jun 2025 16:47:59 GMT
23:47:59.561 [main] DEBUG org.apache.http.headers -- http-outgoing-18 << Connection: keep-alive
23:47:59.561 [main] DEBUG org.apache.http.headers -- http-outgoing-18 << Keep-Alive: timeout=5
23:47:59.561 [main] DEBUG org.apache.http.impl.execchain.MainClientExec -- Connection can be kept alive for 5000 MILLISECONDS
23:47:59.561 [main] DEBUG org.apache.http.impl.conn.PoolingHttpClientConnectionManager -- Connection [id: 18][route: {}->http://localhost:3000] can be kept alive for 5.0 seconds
23:47:59.561 [main] DEBUG org.apache.http.impl.conn.DefaultManagedHttpClientConnection -- http-outgoing-18: set socket timeout to 0
23:47:59.562 [main] DEBUG org.apache.http.impl.conn.PoolingHttpClientConnectionManager -- Connection released: [id: 18][route: {}->http://localhost:3000][total available: 1; route allocated: 1 of 5; total allocated: 1 of 10]
23:47:59.562 [main] DEBUG org.apache.http.impl.conn.PoolingHttpClientConnectionManager -- Connection manager is shutting down
23:47:59.562 [main] DEBUG org.apache.http.impl.conn.DefaultManagedHttpClientConnection -- http-outgoing-18: Close connection
23:47:59.562 [main] DEBUG org.apache.http.impl.conn.PoolingHttpClientConnectionManager -- Connection manager shut down
23:47:59.562 [main] DEBUG com.intuit.karate -- response time in milliseconds: 42
1 < 400
1 < X-Powered-By: Express
1 < Access-Control-Allow-Origin: *
1 < Content-Type: application/json; charset=utf-8
1 < Content-Length: 149
1 < ETag: W/"95-oE4CgPKxfxLczf2ezgI0TxWleMg"
1 < Date: Mon, 23 Jun 2025 16:47:59 GMT
1 < Connection: keep-alive
1 < Keep-Alive: timeout=5
{
  "success": false,
  "statusCode": 400,
  "message": "Không có d? li?u ???c g?i lên",
  "path": "/posts/feed",
  "timestamp": "2025-06-23T16:47:59.559Z"
}


23:47:59.563 [main] INFO com.intuit.karate -- [print] Calling getPostsFeed API v?i bearerToken: eyJhbGciOiJIUzI1NiIsInR5cCI6IkpXVCJ9.eyJzdWIiOiJmNjI4NDUzMi04ZjFlLTRiMDUtYWM1NC1kODAzNzM4NmU4MGMiLCJ1c2VybmFtZSI6InVzZXJubzIiLCJyb2xlIjowLCJpYXQiOjE3NTA2OTQzNTQsImV4cCI6MTc1MDY5Nzk1NH0.cn4pcMTzJbKyd0aw-bN_KvZNRCfEwxef9wljw6vUgkw 
23:47:59.563 [main] INFO com.intuit.karate -- [print] Query params: {
}
 
23:47:59.563 [main] INFO com.intuit.karate -- [print] Response status: 400 body: {
  "success": false,
  "statusCode": 400,
  "message": "Không có d? li?u ???c g?i lên",
  "path": "/posts/feed",
  "timestamp": "2025-06-23T16:47:59.559Z"
}
 
23:47:59.565 [main] INFO com.intuit.karate -- ? TEST FAILED - Status mismatch: Expected 200, got 400 
23:47:59.565 [main] INFO com.intuit.karate -- Test case #19 - Status: 400, Result: {"success":false,"statusCode":400,"message":"Không có d? li?u ???c g?i lên","path":"/posts/feed","timestamp":"2025-06-23T16:47:59.559Z"} 
23:47:59.565 [main] DEBUG com.intuit.karate.core.ScenarioEngine -- over-writing existing variable 'testResults' with new value: results
23:47:59.566 [main] INFO com.intuit.karate -- [print] Hoàn thành t?t c? test cases getPostsFeed. ?ang ghi k?t qu? vào Excel... 
23:47:59.579 [main] INFO com.intuit.karate -- [print] ================================== 
23:47:59.580 [main] INFO com.intuit.karate -- [print] ? GETPOSTSFEED TEST SUMMARY ? 
23:47:59.580 [main] INFO com.intuit.karate -- [print] ================================== 
23:47:59.581 [main] INFO com.intuit.karate -- [print] ? T?ng s? test: 19 
23:47:59.581 [main] INFO com.intuit.karate -- [print] ? Passed: 7 (37%) 
23:47:59.584 [main] INFO com.intuit.karate -- [print] ? Failed: 12 (63%) 
23:47:59.584 [main] INFO com.intuit.karate -- [print] ================================== 
23:47:59.586 [main] INFO com.intuit.karate -- ? Failed test #1: Status mismatch: Expected 200, got 400 
23:47:59.586 [main] INFO com.intuit.karate -- ? Failed test #2: Status mismatch: Expected 200, got 400 
23:47:59.587 [main] INFO com.intuit.karate -- ? Failed test #3: Status mismatch: Expected 400, got 200 
23:47:59.587 [main] INFO com.intuit.karate -- ? Failed test #4: Status mismatch: Expected 400, got 200 
23:47:59.587 [main] INFO com.intuit.karate -- ? Failed test #5: Status mismatch: Expected 400, got 200 
23:47:59.587 [main] INFO com.intuit.karate -- ? Failed test #6: Status mismatch: Expected 400, got 200 
23:47:59.587 [main] INFO com.intuit.karate -- ? Failed test #7: Status mismatch: Expected 400, got 200 
23:47:59.587 [main] INFO com.intuit.karate -- ? Failed test #8: Status mismatch: Expected 400, got 200 
23:47:59.587 [main] INFO com.intuit.karate -- ? Failed test #9: Status mismatch: Expected 400, got 200 
23:47:59.587 [main] INFO com.intuit.karate -- ? Failed test #10: Status mismatch: Expected 400, got 200 
23:47:59.587 [main] INFO com.intuit.karate -- ? Failed test #11: Status mismatch: Expected 400, got 200 
23:47:59.587 [main] INFO com.intuit.karate -- ? Failed test #12: Status mismatch: Expected 200, got 400 
23:47:59.588 [main] INFO com.intuit.karate -- [print] Ghi k?t qu? vào Excel... 
23:47:59.981 [main] INFO com.intuit.karate -- ?ã ghi k?t qu? getPostsFeed vào Excel thành công! 
23:47:59.984 [main] DEBUG com.jayway.jsonpath.internal.path.CompiledPath -- Evaluating path: $
23:47:59.984 [main] DEBUG com.jayway.jsonpath.internal.path.CompiledPath -- Evaluating path: $
23:47:59.984 [main] DEBUG com.jayway.jsonpath.internal.path.CompiledPath -- Evaluating path: $
23:47:59.984 [main] DEBUG com.jayway.jsonpath.internal.path.CompiledPath -- Evaluating path: $
23:47:59.985 [main] DEBUG com.jayway.jsonpath.internal.path.CompiledPath -- Evaluating path: $
23:47:59.985 [main] DEBUG com.jayway.jsonpath.internal.path.CompiledPath -- Evaluating path: $
23:47:59.985 [main] DEBUG com.jayway.jsonpath.internal.path.CompiledPath -- Evaluating path: $
23:47:59.985 [main] DEBUG com.jayway.jsonpath.internal.path.CompiledPath -- Evaluating path: $
23:47:59.985 [main] DEBUG com.jayway.jsonpath.internal.path.CompiledPath -- Evaluating path: $
23:47:59.986 [main] DEBUG com.jayway.jsonpath.internal.path.CompiledPath -- Evaluating path: $
23:47:59.986 [main] DEBUG com.jayway.jsonpath.internal.path.CompiledPath -- Evaluating path: $
23:47:59.986 [main] DEBUG com.jayway.jsonpath.internal.path.CompiledPath -- Evaluating path: $
23:47:59.986 [main] DEBUG com.jayway.jsonpath.internal.path.CompiledPath -- Evaluating path: $
23:47:59.986 [main] DEBUG com.jayway.jsonpath.internal.path.CompiledPath -- Evaluating path: $
23:47:59.986 [main] DEBUG com.jayway.jsonpath.internal.path.CompiledPath -- Evaluating path: $
23:47:59.986 [main] DEBUG com.jayway.jsonpath.internal.path.CompiledPath -- Evaluating path: $
23:47:59.987 [main] DEBUG com.jayway.jsonpath.internal.path.CompiledPath -- Evaluating path: $
23:47:59.987 [main] DEBUG com.jayway.jsonpath.internal.path.CompiledPath -- Evaluating path: $
23:47:59.987 [main] DEBUG com.jayway.jsonpath.internal.path.CompiledPath -- Evaluating path: $
23:48:00.019 [main] DEBUG com.jayway.jsonpath.internal.path.CompiledPath -- Evaluating path: $
23:48:00.020 [main] DEBUG com.jayway.jsonpath.internal.path.CompiledPath -- Evaluating path: $
23:48:00.020 [main] DEBUG com.jayway.jsonpath.internal.path.CompiledPath -- Evaluating path: $
23:48:00.020 [main] DEBUG com.jayway.jsonpath.internal.path.CompiledPath -- Evaluating path: $
23:48:00.020 [main] DEBUG com.jayway.jsonpath.internal.path.CompiledPath -- Evaluating path: $
23:48:00.020 [main] DEBUG com.jayway.jsonpath.internal.path.CompiledPath -- Evaluating path: $
23:48:00.020 [main] DEBUG com.jayway.jsonpath.internal.path.CompiledPath -- Evaluating path: $
23:48:00.020 [main] DEBUG com.jayway.jsonpath.internal.path.CompiledPath -- Evaluating path: $
23:48:00.021 [main] DEBUG com.jayway.jsonpath.internal.path.CompiledPath -- Evaluating path: $
23:48:00.021 [main] DEBUG com.jayway.jsonpath.internal.path.CompiledPath -- Evaluating path: $
23:48:00.021 [main] DEBUG com.jayway.jsonpath.internal.path.CompiledPath -- Evaluating path: $
23:48:00.021 [main] DEBUG com.jayway.jsonpath.internal.path.CompiledPath -- Evaluating path: $
23:48:00.021 [main] DEBUG com.jayway.jsonpath.internal.path.CompiledPath -- Evaluating path: $
23:48:00.021 [main] DEBUG com.jayway.jsonpath.internal.path.CompiledPath -- Evaluating path: $
23:48:00.021 [main] DEBUG com.jayway.jsonpath.internal.path.CompiledPath -- Evaluating path: $
23:48:00.021 [main] DEBUG com.jayway.jsonpath.internal.path.CompiledPath -- Evaluating path: $
23:48:00.021 [main] DEBUG com.jayway.jsonpath.internal.path.CompiledPath -- Evaluating path: $
23:48:00.021 [main] DEBUG com.jayway.jsonpath.internal.path.CompiledPath -- Evaluating path: $
23:48:00.021 [main] DEBUG com.jayway.jsonpath.internal.path.CompiledPath -- Evaluating path: $
23:48:00.057 [main] DEBUG org.thymeleaf.TemplateEngine -- [THYMELEAF] INITIALIZING TEMPLATE ENGINE
23:48:00.216 [main] DEBUG org.thymeleaf.TemplateEngine.CONFIG -- Initializing Thymeleaf Template engine configuration...
[THYMELEAF] TEMPLATE ENGINE CONFIGURATION:
[THYMELEAF] * Thymeleaf version: 3.1.2.RELEASE (built 2023-07-30T19:25:50+0000)
[THYMELEAF] * Cache Manager implementation: org.thymeleaf.cache.StandardCacheManager
[THYMELEAF] * Template resolvers:
[THYMELEAF]     * [1] com.intuit.karate.template.ResourceHtmlTemplateResolver
[THYMELEAF] * Message resolvers:
[THYMELEAF]     * org.thymeleaf.messageresolver.StandardMessageResolver
[THYMELEAF] * Link builders:
[THYMELEAF]     * org.thymeleaf.linkbuilder.StandardLinkBuilder
[THYMELEAF] * Dialect [1 of 2]: Standard (com.intuit.karate.template.KarateStandardDialect)
[THYMELEAF]     * Prefix: "th"
[THYMELEAF]     * Processors for Template Mode: HTML
[THYMELEAF]         * Element Tag Processors by [matching element and attribute name] [precedence]:
[THYMELEAF]             * [* {th:include,data-th-include}] [100]: org.thymeleaf.standard.processor.StandardIncludeTagProcessor
[THYMELEAF]             * [* {th:insert,data-th-insert}] [100]: org.thymeleaf.standard.processor.StandardInsertTagProcessor
[THYMELEAF]             * [* {th:replace,data-th-replace}] [100]: org.thymeleaf.standard.processor.StandardReplaceTagProcessor
[THYMELEAF]             * [* {th:each,data-th-each}] [200]: com.intuit.karate.template.KarateEachTagProcessor
[THYMELEAF]             * [* {th:switch,data-th-switch}] [250]: org.thymeleaf.standard.processor.StandardSwitchTagProcessor
[THYMELEAF]             * [* {th:case,data-th-case}] [275]: org.thymeleaf.standard.processor.StandardCaseTagProcessor
[THYMELEAF]             * [* {th:if,data-th-if}] [300]: org.thymeleaf.standard.processor.StandardIfTagProcessor
[THYMELEAF]             * [* {th:unless,data-th-unless}] [400]: org.thymeleaf.standard.processor.StandardUnlessTagProcessor
[THYMELEAF]             * [* {th:object,data-th-object}] [500]: org.thymeleaf.standard.processor.StandardObjectTagProcessor
[THYMELEAF]             * [* {th:with,data-th-with}] [600]: com.intuit.karate.template.KarateWithTagProcessor
[THYMELEAF]             * [* {th:attr,data-th-attr}] [700]: com.intuit.karate.template.KarateAttributeTagProcessor.KarateAttrTagProcessor
[THYMELEAF]             * [* {th:attrappend,data-th-attrappend}] [900]: com.intuit.karate.template.KarateAttributeTagProcessor.KarateAttrappendTagProcessor
[THYMELEAF]             * [* {th:attrprepend,data-th-attrprepend}] [900]: com.intuit.karate.template.KarateAttributeTagProcessor.KarateAttrprependTagProcessor
[THYMELEAF]             * [* {th:alt-title,data-th-alt-title}] [990]: org.thymeleaf.standard.processor.StandardAltTitleTagProcessor
[THYMELEAF]             * [* {th:lang-xmllang,data-th-lang-xmllang}] [990]: org.thymeleaf.standard.processor.StandardLangXmlLangTagProcessor
[THYMELEAF]             * [* {th:action,data-th-action}] [1000]: org.thymeleaf.standard.processor.StandardActionTagProcessor
[THYMELEAF]             * [* {th:controls,data-th-controls}] [1000]: org.thymeleaf.standard.processor.StandardConditionalFixedValueTagProcessor
[THYMELEAF]             * [* {th:scoped,data-th-scoped}] [1000]: org.thymeleaf.standard.processor.StandardConditionalFixedValueTagProcessor
[THYMELEAF]             * [* {th:selected,data-th-selected}] [1000]: org.thymeleaf.standard.processor.StandardConditionalFixedValueTagProcessor
[THYMELEAF]             * [* {th:reversed,data-th-reversed}] [1000]: org.thymeleaf.standard.processor.StandardConditionalFixedValueTagProcessor
[THYMELEAF]             * [* {th:ismap,data-th-ismap}] [1000]: org.thymeleaf.standard.processor.StandardConditionalFixedValueTagProcessor
[THYMELEAF]             * [* {th:autofocus,data-th-autofocus}] [1000]: org.thymeleaf.standard.processor.StandardConditionalFixedValueTagProcessor
[THYMELEAF]             * [* {th:async,data-th-async}] [1000]: org.thymeleaf.standard.processor.StandardConditionalFixedValueTagProcessor
[THYMELEAF]             * [* {th:declare,data-th-declare}] [1000]: org.thymeleaf.standard.processor.StandardConditionalFixedValueTagProcessor
[THYMELEAF]             * [* {th:autoplay,data-th-autoplay}] [1000]: org.thymeleaf.standard.processor.StandardConditionalFixedValueTagProcessor
[THYMELEAF]             * [* {th:loop,data-th-loop}] [1000]: org.thymeleaf.standard.processor.StandardConditionalFixedValueTagProcessor
[THYMELEAF]             * [* {th:defer,data-th-defer}] [1000]: org.thymeleaf.standard.processor.StandardConditionalFixedValueTagProcessor
[THYMELEAF]             * [* {th:novalidate,data-th-novalidate}] [1000]: org.thymeleaf.standard.processor.StandardConditionalFixedValueTagProcessor
[THYMELEAF]             * [* {th:nowrap,data-th-nowrap}] [1000]: org.thymeleaf.standard.processor.StandardConditionalFixedValueTagProcessor
[THYMELEAF]             * [* {th:required,data-th-required}] [1000]: org.thymeleaf.standard.processor.StandardConditionalFixedValueTagProcessor
[THYMELEAF]             * [* {th:seamless,data-th-seamless}] [1000]: org.thymeleaf.standard.processor.StandardConditionalFixedValueTagProcessor
[THYMELEAF]             * [* {th:formnovalidate,data-th-formnovalidate}] [1000]: org.thymeleaf.standard.processor.StandardConditionalFixedValueTagProcessor
[THYMELEAF]             * [* {th:pubdate,data-th-pubdate}] [1000]: org.thymeleaf.standard.processor.StandardConditionalFixedValueTagProcessor
[THYMELEAF]             * [* {th:checked,data-th-checked}] [1000]: org.thymeleaf.standard.processor.StandardConditionalFixedValueTagProcessor
[THYMELEAF]             * [* {th:multiple,data-th-multiple}] [1000]: org.thymeleaf.standard.processor.StandardConditionalFixedValueTagProcessor
[THYMELEAF]             * [* {th:hidden,data-th-hidden}] [1000]: org.thymeleaf.standard.processor.StandardConditionalFixedValueTagProcessor
[THYMELEAF]             * [* {th:disabled,data-th-disabled}] [1000]: org.thymeleaf.standard.processor.StandardConditionalFixedValueTagProcessor
[THYMELEAF]             * [* {th:default,data-th-default}] [1000]: org.thymeleaf.standard.processor.StandardConditionalFixedValueTagProcessor
[THYMELEAF]             * [* {th:open,data-th-open}] [1000]: org.thymeleaf.standard.processor.StandardConditionalFixedValueTagProcessor
[THYMELEAF]             * [* {th:readonly,data-th-readonly}] [1000]: org.thymeleaf.standard.processor.StandardConditionalFixedValueTagProcessor
[THYMELEAF]             * [* {th:ondragenter,data-th-ondragenter}] [1000]: org.thymeleaf.standard.processor.StandardDOMEventAttributeTagProcessor
[THYMELEAF]             * [* {th:onunload,data-th-onunload}] [1000]: org.thymeleaf.standard.processor.StandardDOMEventAttributeTagProcessor
[THYMELEAF]             * [* {th:onbeforeprint,data-th-onbeforeprint}] [1000]: org.thymeleaf.standard.processor.StandardDOMEventAttributeTagProcessor
[THYMELEAF]             * [* {th:onkeyup,data-th-onkeyup}] [1000]: org.thymeleaf.standard.processor.StandardDOMEventAttributeTagProcessor
[THYMELEAF]             * [* {th:onoffline,data-th-onoffline}] [1000]: org.thymeleaf.standard.processor.StandardDOMEventAttributeTagProcessor
[THYMELEAF]             * [* {th:onloadedmetadata,data-th-onloadedmetadata}] [1000]: org.thymeleaf.standard.processor.StandardDOMEventAttributeTagProcessor
[THYMELEAF]             * [* {th:ontimeupdate,data-th-ontimeupdate}] [1000]: org.thymeleaf.standard.processor.StandardDOMEventAttributeTagProcessor
[THYMELEAF]             * [* {th:onundo,data-th-onundo}] [1000]: org.thymeleaf.standard.processor.StandardDOMEventAttributeTagProcessor
[THYMELEAF]             * [* {th:onmousewheel,data-th-onmousewheel}] [1000]: org.thymeleaf.standard.processor.StandardDOMEventAttributeTagProcessor
[THYMELEAF]             * [* {th:ondrag,data-th-ondrag}] [1000]: org.thymeleaf.standard.processor.StandardDOMEventAttributeTagProcessor
[THYMELEAF]             * [* {th:ondragend,data-th-ondragend}] [1000]: org.thymeleaf.standard.processor.StandardDOMEventAttributeTagProcessor
[THYMELEAF]             * [* {th:onsuspend,data-th-onsuspend}] [1000]: org.thymeleaf.standard.processor.StandardDOMEventAttributeTagProcessor
[THYMELEAF]             * [* {th:onmousedown,data-th-onmousedown}] [1000]: org.thymeleaf.standard.processor.StandardDOMEventAttributeTagProcessor
[THYMELEAF]             * [* {th:onscroll,data-th-onscroll}] [1000]: org.thymeleaf.standard.processor.StandardDOMEventAttributeTagProcessor
[THYMELEAF]             * [* {th:onredo,data-th-onredo}] [1000]: org.thymeleaf.standard.processor.StandardDOMEventAttributeTagProcessor
[THYMELEAF]             * [* {th:ononline,data-th-ononline}] [1000]: org.thymeleaf.standard.processor.StandardDOMEventAttributeTagProcessor
[THYMELEAF]             * [* {th:onmessage,data-th-onmessage}] [1000]: org.thymeleaf.standard.processor.StandardDOMEventAttributeTagProcessor
[THYMELEAF]             * [* {th:onkeydown,data-th-onkeydown}] [1000]: org.thymeleaf.standard.processor.StandardDOMEventAttributeTagProcessor
[THYMELEAF]             * [* {th:onselect,data-th-onselect}] [1000]: org.thymeleaf.standard.processor.StandardDOMEventAttributeTagProcessor
[THYMELEAF]             * [* {th:ondblclick,data-th-ondblclick}] [1000]: org.thymeleaf.standard.processor.StandardDOMEventAttributeTagProcessor
[THYMELEAF]             * [* {th:onstalled,data-th-onstalled}] [1000]: org.thymeleaf.standard.processor.StandardDOMEventAttributeTagProcessor
[THYMELEAF]             * [* {th:onclick,data-th-onclick}] [1000]: org.thymeleaf.standard.processor.StandardDOMEventAttributeTagProcessor
[THYMELEAF]             * [* {th:onplaying,data-th-onplaying}] [1000]: org.thymeleaf.standard.processor.StandardDOMEventAttributeTagProcessor
[THYMELEAF]             * [* {th:ondragover,data-th-ondragover}] [1000]: org.thymeleaf.standard.processor.StandardDOMEventAttributeTagProcessor
[THYMELEAF]             * [* {th:onvolumechange,data-th-onvolumechange}] [1000]: org.thymeleaf.standard.processor.StandardDOMEventAttributeTagProcessor
[THYMELEAF]             * [* {th:ondurationchange,data-th-ondurationchange}] [1000]: org.thymeleaf.standard.processor.StandardDOMEventAttributeTagProcessor
[THYMELEAF]             * [* {th:onemptied,data-th-onemptied}] [1000]: org.thymeleaf.standard.processor.StandardDOMEventAttributeTagProcessor
[THYMELEAF]             * [* {th:onmouseout,data-th-onmouseout}] [1000]: org.thymeleaf.standard.processor.StandardDOMEventAttributeTagProcessor
[THYMELEAF]             * [* {th:onblur,data-th-onblur}] [1000]: org.thymeleaf.standard.processor.StandardDOMEventAttributeTagProcessor
[THYMELEAF]             * [* {th:onabort,data-th-onabort}] [1000]: org.thymeleaf.standard.processor.StandardDOMEventAttributeTagProcessor
[THYMELEAF]             * [* {th:onreadystatechange,data-th-onreadystatechange}] [1000]: org.thymeleaf.standard.processor.StandardDOMEventAttributeTagProcessor
[THYMELEAF]             * [* {th:onshow,data-th-onshow}] [1000]: org.thymeleaf.standard.processor.StandardDOMEventAttributeTagProcessor
[THYMELEAF]             * [* {th:onafterprint,data-th-onafterprint}] [1000]: org.thymeleaf.standard.processor.StandardDOMEventAttributeTagProcessor
[THYMELEAF]             * [* {th:onwaiting,data-th-onwaiting}] [1000]: org.thymeleaf.standard.processor.StandardDOMEventAttributeTagProcessor
[THYMELEAF]             * [* {th:onmouseup,data-th-onmouseup}] [1000]: org.thymeleaf.standard.processor.StandardDOMEventAttributeTagProcessor
[THYMELEAF]             * [* {th:onbeforeunload,data-th-onbeforeunload}] [1000]: org.thymeleaf.standard.processor.StandardDOMEventAttributeTagProcessor
[THYMELEAF]             * [* {th:oncanplaythrough,data-th-oncanplaythrough}] [1000]: org.thymeleaf.standard.processor.StandardDOMEventAttributeTagProcessor
[THYMELEAF]             * [* {th:oninvalid,data-th-oninvalid}] [1000]: org.thymeleaf.standard.processor.StandardDOMEventAttributeTagProcessor
[THYMELEAF]             * [* {th:ondrop,data-th-ondrop}] [1000]: org.thymeleaf.standard.processor.StandardDOMEventAttributeTagProcessor
[THYMELEAF]             * [* {th:onseeked,data-th-onseeked}] [1000]: org.thymeleaf.standard.processor.StandardDOMEventAttributeTagProcessor
[THYMELEAF]             * [* {th:onloadstart,data-th-onloadstart}] [1000]: org.thymeleaf.standard.processor.StandardDOMEventAttributeTagProcessor
[THYMELEAF]             * [* {th:onended,data-th-onended}] [1000]: org.thymeleaf.standard.processor.StandardDOMEventAttributeTagProcessor
[THYMELEAF]             * [* {th:oninput,data-th-oninput}] [1000]: org.thymeleaf.standard.processor.StandardDOMEventAttributeTagProcessor
[THYMELEAF]             * [* {th:onstorage,data-th-onstorage}] [1000]: org.thymeleaf.standard.processor.StandardDOMEventAttributeTagProcessor
[THYMELEAF]             * [* {th:onresize,data-th-onresize}] [1000]: org.thymeleaf.standard.processor.StandardDOMEventAttributeTagProcessor
[THYMELEAF]             * [* {th:oncontextmenu,data-th-oncontextmenu}] [1000]: org.thymeleaf.standard.processor.StandardDOMEventAttributeTagProcessor
[THYMELEAF]             * [* {th:onerror,data-th-onerror}] [1000]: org.thymeleaf.standard.processor.StandardDOMEventAttributeTagProcessor
[THYMELEAF]             * [* {th:onkeypress,data-th-onkeypress}] [1000]: org.thymeleaf.standard.processor.StandardDOMEventAttributeTagProcessor
[THYMELEAF]             * [* {th:onseeking,data-th-onseeking}] [1000]: org.thymeleaf.standard.processor.StandardDOMEventAttributeTagProcessor
[THYMELEAF]             * [* {th:ondragleave,data-th-ondragleave}] [1000]: org.thymeleaf.standard.processor.StandardDOMEventAttributeTagProcessor
[THYMELEAF]             * [* {th:onreset,data-th-onreset}] [1000]: org.thymeleaf.standard.processor.StandardDOMEventAttributeTagProcessor
[THYMELEAF]             * [* {th:onpause,data-th-onpause}] [1000]: org.thymeleaf.standard.processor.StandardDOMEventAttributeTagProcessor
[THYMELEAF]             * [* {th:onforminput,data-th-onforminput}] [1000]: org.thymeleaf.standard.processor.StandardDOMEventAttributeTagProcessor
[THYMELEAF]             * [* {th:onprogress,data-th-onprogress}] [1000]: org.thymeleaf.standard.processor.StandardDOMEventAttributeTagProcessor
[THYMELEAF]             * [* {th:onratechange,data-th-onratechange}] [1000]: org.thymeleaf.standard.processor.StandardDOMEventAttributeTagProcessor
[THYMELEAF]             * [* {th:onloadeddata,data-th-onloadeddata}] [1000]: org.thymeleaf.standard.processor.StandardDOMEventAttributeTagProcessor
[THYMELEAF]             * [* {th:onmousemove,data-th-onmousemove}] [1000]: org.thymeleaf.standard.processor.StandardDOMEventAttributeTagProcessor
[THYMELEAF]             * [* {th:onformchange,data-th-onformchange}] [1000]: org.thymeleaf.standard.processor.StandardDOMEventAttributeTagProcessor
[THYMELEAF]             * [* {th:onhashchange,data-th-onhashchange}] [1000]: org.thymeleaf.standard.processor.StandardDOMEventAttributeTagProcessor
[THYMELEAF]             * [* {th:onsubmit,data-th-onsubmit}] [1000]: org.thymeleaf.standard.processor.StandardDOMEventAttributeTagProcessor
[THYMELEAF]             * [* {th:onmouseover,data-th-onmouseover}] [1000]: org.thymeleaf.standard.processor.StandardDOMEventAttributeTagProcessor
[THYMELEAF]             * [* {th:ondragstart,data-th-ondragstart}] [1000]: org.thymeleaf.standard.processor.StandardDOMEventAttributeTagProcessor
[THYMELEAF]             * [* {th:onpopstate,data-th-onpopstate}] [1000]: org.thymeleaf.standard.processor.StandardDOMEventAttributeTagProcessor
[THYMELEAF]             * [* {th:onload,data-th-onload}] [1000]: org.thymeleaf.standard.processor.StandardDOMEventAttributeTagProcessor
[THYMELEAF]             * [* {th:onfocus,data-th-onfocus}] [1000]: org.thymeleaf.standard.processor.StandardDOMEventAttributeTagProcessor
[THYMELEAF]             * [* {th:onplay,data-th-onplay}] [1000]: org.thymeleaf.standard.processor.StandardDOMEventAttributeTagProcessor
[THYMELEAF]             * [* {th:onchange,data-th-onchange}] [1000]: org.thymeleaf.standard.processor.StandardDOMEventAttributeTagProcessor
[THYMELEAF]             * [* {th:oncanplay,data-th-oncanplay}] [1000]: org.thymeleaf.standard.processor.StandardDOMEventAttributeTagProcessor
[THYMELEAF]             * [* {th:href,data-th-href}] [1000]: org.thymeleaf.standard.processor.StandardHrefTagProcessor
[THYMELEAF]             * [* {th:inline,data-th-inline}] [1000]: org.thymeleaf.standard.processor.StandardInlineHTMLTagProcessor
[THYMELEAF]             * [* {th:method,data-th-method}] [1000]: org.thymeleaf.standard.processor.StandardMethodTagProcessor
[THYMELEAF]             * [* {th:type,data-th-type}] [1000]: org.thymeleaf.standard.processor.StandardNonRemovableAttributeTagProcessor
[THYMELEAF]             * [* {th:name,data-th-name}] [1000]: org.thymeleaf.standard.processor.StandardNonRemovableAttributeTagProcessor
[THYMELEAF]             * [* {th:max,data-th-max}] [1000]: org.thymeleaf.standard.processor.StandardRemovableAttributeTagProcessor
[THYMELEAF]             * [* {th:formenctype,data-th-formenctype}] [1000]: org.thymeleaf.standard.processor.StandardRemovableAttributeTagProcessor
[THYMELEAF]             * [* {th:cellpadding,data-th-cellpadding}] [1000]: org.thymeleaf.standard.processor.StandardRemovableAttributeTagProcessor
[THYMELEAF]             * [* {th:usemap,data-th-usemap}] [1000]: org.thymeleaf.standard.processor.StandardRemovableAttributeTagProcessor
[THYMELEAF]             * [* {th:marginheight,data-th-marginheight}] [1000]: org.thymeleaf.standard.processor.StandardRemovableAttributeTagProcessor
[THYMELEAF]             * [* {th:summary,data-th-summary}] [1000]: org.thymeleaf.standard.processor.StandardRemovableAttributeTagProcessor
[THYMELEAF]             * [* {th:tabindex,data-th-tabindex}] [1000]: org.thymeleaf.standard.processor.StandardRemovableAttributeTagProcessor
[THYMELEAF]             * [* {th:placeholder,data-th-placeholder}] [1000]: org.thymeleaf.standard.processor.StandardRemovableAttributeTagProcessor
[THYMELEAF]             * [* {th:marginwidth,data-th-marginwidth}] [1000]: org.thymeleaf.standard.processor.StandardRemovableAttributeTagProcessor
[THYMELEAF]             * [* {th:dropzone,data-th-dropzone}] [1000]: org.thymeleaf.standard.processor.StandardRemovableAttributeTagProcessor
[THYMELEAF]             * [* {th:challenge,data-th-challenge}] [1000]: org.thymeleaf.standard.processor.StandardRemovableAttributeTagProcessor
[THYMELEAF]             * [* {th:class,data-th-class}] [1000]: org.thymeleaf.standard.processor.StandardRemovableAttributeTagProcessor
[THYMELEAF]             * [* {th:start,data-th-start}] [1000]: org.thymeleaf.standard.processor.StandardRemovableAttributeTagProcessor
[THYMELEAF]             * [* {th:codebase,data-th-codebase}] [1000]: org.thymeleaf.standard.processor.StandardRemovableAttributeTagProcessor
[THYMELEAF]             * [* {th:align,data-th-align}] [1000]: org.thymeleaf.standard.processor.StandardRemovableAttributeTagProcessor
[THYMELEAF]             * [* {th:target,data-th-target}] [1000]: org.thymeleaf.standard.processor.StandardRemovableAttributeTagProcessor
[THYMELEAF]             * [* {th:rows,data-th-rows}] [1000]: org.thymeleaf.standard.processor.StandardRemovableAttributeTagProcessor
[THYMELEAF]             * [* {th:sizes,data-th-sizes}] [1000]: org.thymeleaf.standard.processor.StandardRemovableAttributeTagProcessor
[THYMELEAF]             * [* {th:low,data-th-low}] [1000]: org.thymeleaf.standard.processor.StandardRemovableAttributeTagProcessor
[THYMELEAF]             * [* {th:scrolling,data-th-scrolling}] [1000]: org.thymeleaf.standard.processor.StandardRemovableAttributeTagProcessor
[THYMELEAF]             * [* {th:sandbox,data-th-sandbox}] [1000]: org.thymeleaf.standard.processor.StandardRemovableAttributeTagProcessor
[THYMELEAF]             * [* {th:compact,data-th-compact}] [1000]: org.thymeleaf.standard.processor.StandardRemovableAttributeTagProcessor
[THYMELEAF]             * [* {th:autocomplete,data-th-autocomplete}] [1000]: org.thymeleaf.standard.processor.StandardRemovableAttributeTagProcessor
[THYMELEAF]             * [* {th:srclang,data-th-srclang}] [1000]: org.thymeleaf.standard.processor.StandardRemovableAttributeTagProcessor
[THYMELEAF]             * [* {th:hspace,data-th-hspace}] [1000]: org.thymeleaf.standard.processor.StandardRemovableAttributeTagProcessor
[THYMELEAF]             * [* {th:formaction,data-th-formaction}] [1000]: org.thymeleaf.standard.processor.StandardRemovableAttributeTagProcessor
[THYMELEAF]             * [* {th:hreflang,data-th-hreflang}] [1000]: org.thymeleaf.standard.processor.StandardRemovableAttributeTagProcessor
[THYMELEAF]             * [* {th:rel,data-th-rel}] [1000]: org.thymeleaf.standard.processor.StandardRemovableAttributeTagProcessor
[THYMELEAF]             * [* {th:charset,data-th-charset}] [1000]: org.thymeleaf.standard.processor.StandardRemovableAttributeTagProcessor
[THYMELEAF]             * [* {th:formmethod,data-th-formmethod}] [1000]: org.thymeleaf.standard.processor.StandardRemovableAttributeTagProcessor
[THYMELEAF]             * [* {th:min,data-th-min}] [1000]: org.thymeleaf.standard.processor.StandardRemovableAttributeTagProcessor
[THYMELEAF]             * [* {th:size,data-th-size}] [1000]: org.thymeleaf.standard.processor.StandardRemovableAttributeTagProcessor
[THYMELEAF]             * [* {th:alt,data-th-alt}] [1000]: org.thymeleaf.standard.processor.StandardRemovableAttributeTagProcessor
[THYMELEAF]             * [* {th:rules,data-th-rules}] [1000]: org.thymeleaf.standard.processor.StandardRemovableAttributeTagProcessor
[THYMELEAF]             * [* {th:manifest,data-th-manifest}] [1000]: org.thymeleaf.standard.processor.StandardRemovableAttributeTagProcessor
[THYMELEAF]             * [* {th:optimum,data-th-optimum}] [1000]: org.thymeleaf.standard.processor.StandardRemovableAttributeTagProcessor
[THYMELEAF]             * [* {th:colspan,data-th-colspan}] [1000]: org.thymeleaf.standard.processor.StandardRemovableAttributeTagProcessor
[THYMELEAF]             * [* {th:width,data-th-width}] [1000]: org.thymeleaf.standard.processor.StandardRemovableAttributeTagProcessor
[THYMELEAF]             * [* {th:dir,data-th-dir}] [1000]: org.thymeleaf.standard.processor.StandardRemovableAttributeTagProcessor
[THYMELEAF]             * [* {th:enctype,data-th-enctype}] [1000]: org.thymeleaf.standard.processor.StandardRemovableAttributeTagProcessor
[THYMELEAF]             * [* {th:valuetype,data-th-valuetype}] [1000]: org.thymeleaf.standard.processor.StandardRemovableAttributeTagProcessor
[THYMELEAF]             * [* {th:contenteditable,data-th-contenteditable}] [1000]: org.thymeleaf.standard.processor.StandardRemovableAttributeTagProcessor
[THYMELEAF]             * [* {th:draggable,data-th-draggable}] [1000]: org.thymeleaf.standard.processor.StandardRemovableAttributeTagProcessor
[THYMELEAF]             * [* {th:rowspan,data-th-rowspan}] [1000]: org.thymeleaf.standard.processor.StandardRemovableAttributeTagProcessor
[THYMELEAF]             * [* {th:keytype,data-th-keytype}] [1000]: org.thymeleaf.standard.processor.StandardRemovableAttributeTagProcessor
[THYMELEAF]             * [* {th:span,data-th-span}] [1000]: org.thymeleaf.standard.processor.StandardRemovableAttributeTagProcessor
[THYMELEAF]             * [* {th:style,data-th-style}] [1000]: org.thymeleaf.standard.processor.StandardRemovableAttributeTagProcessor
[THYMELEAF]             * [* {th:datetime,data-th-datetime}] [1000]: org.thymeleaf.standard.processor.StandardRemovableAttributeTagProcessor
[THYMELEAF]             * [* {th:rev,data-th-rev}] [1000]: org.thymeleaf.standard.processor.StandardRemovableAttributeTagProcessor
[THYMELEAF]             * [* {th:content,data-th-content}] [1000]: org.thymeleaf.standard.processor.StandardRemovableAttributeTagProcessor
[THYMELEAF]             * [* {th:maxlength,data-th-maxlength}] [1000]: org.thymeleaf.standard.processor.StandardRemovableAttributeTagProcessor
[THYMELEAF]             * [* {th:axis,data-th-axis}] [1000]: org.thymeleaf.standard.processor.StandardRemovableAttributeTagProcessor
[THYMELEAF]             * [* {th:radiogroup,data-th-radiogroup}] [1000]: org.thymeleaf.standard.processor.StandardRemovableAttributeTagProcessor
[THYMELEAF]             * [* {th:list,data-th-list}] [1000]: org.thymeleaf.standard.processor.StandardRemovableAttributeTagProcessor
[THYMELEAF]             * [* {th:headers,data-th-headers}] [1000]: org.thymeleaf.standard.processor.StandardRemovableAttributeTagProcessor
[THYMELEAF]             * [* {th:longdesc,data-th-longdesc}] [1000]: org.thymeleaf.standard.processor.StandardRemovableAttributeTagProcessor
[THYMELEAF]             * [* {th:spellcheck,data-th-spellcheck}] [1000]: org.thymeleaf.standard.processor.StandardRemovableAttributeTagProcessor
[THYMELEAF]             * [* {th:standby,data-th-standby}] [1000]: org.thymeleaf.standard.processor.StandardRemovableAttributeTagProcessor
[THYMELEAF]             * [* {th:frameborder,data-th-frameborder}] [1000]: org.thymeleaf.standard.processor.StandardRemovableAttributeTagProcessor
[THYMELEAF]             * [* {th:media,data-th-media}] [1000]: org.thymeleaf.standard.processor.StandardRemovableAttributeTagProcessor
[THYMELEAF]             * [* {th:high,data-th-high}] [1000]: org.thymeleaf.standard.processor.StandardRemovableAttributeTagProcessor
[THYMELEAF]             * [* {th:accept,data-th-accept}] [1000]: org.thymeleaf.standard.processor.StandardRemovableAttributeTagProcessor
[THYMELEAF]             * [* {th:height,data-th-height}] [1000]: org.thymeleaf.standard.processor.StandardRemovableAttributeTagProcessor
[THYMELEAF]             * [* {th:kind,data-th-kind}] [1000]: org.thymeleaf.standard.processor.StandardRemovableAttributeTagProcessor
[THYMELEAF]             * [* {th:data,data-th-data}] [1000]: org.thymeleaf.standard.processor.StandardRemovableAttributeTagProcessor
[THYMELEAF]             * [* {th:scope,data-th-scope}] [1000]: org.thymeleaf.standard.processor.StandardRemovableAttributeTagProcessor
[THYMELEAF]             * [* {th:archive,data-th-archive}] [1000]: org.thymeleaf.standard.processor.StandardRemovableAttributeTagProcessor
[THYMELEAF]             * [* {th:classid,data-th-classid}] [1000]: org.thymeleaf.standard.processor.StandardRemovableAttributeTagProcessor
[THYMELEAF]             * [* {th:abbr,data-th-abbr}] [1000]: org.thymeleaf.standard.processor.StandardRemovableAttributeTagProcessor
[THYMELEAF]             * [* {th:poster,data-th-poster}] [1000]: org.thymeleaf.standard.processor.StandardRemovableAttributeTagProcessor
[THYMELEAF]             * [* {th:frame,data-th-frame}] [1000]: org.thymeleaf.standard.processor.StandardRemovableAttributeTagProcessor
[THYMELEAF]             * [* {th:border,data-th-border}] [1000]: org.thymeleaf.standard.processor.StandardRemovableAttributeTagProcessor
[THYMELEAF]             * [* {th:vspace,data-th-vspace}] [1000]: org.thymeleaf.standard.processor.StandardRemovableAttributeTagProcessor
[THYMELEAF]             * [* {th:pattern,data-th-pattern}] [1000]: org.thymeleaf.standard.processor.StandardRemovableAttributeTagProcessor
[THYMELEAF]             * [* {th:preload,data-th-preload}] [1000]: org.thymeleaf.standard.processor.StandardRemovableAttributeTagProcessor
[THYMELEAF]             * [* {th:form,data-th-form}] [1000]: org.thymeleaf.standard.processor.StandardRemovableAttributeTagProcessor
[THYMELEAF]             * [* {th:label,data-th-label}] [1000]: org.thymeleaf.standard.processor.StandardRemovableAttributeTagProcessor
[THYMELEAF]             * [* {th:http-equiv,data-th-http-equiv}] [1000]: org.thymeleaf.standard.processor.StandardRemovableAttributeTagProcessor
[THYMELEAF]             * [* {th:for,data-th-for}] [1000]: org.thymeleaf.standard.processor.StandardRemovableAttributeTagProcessor
[THYMELEAF]             * [* {th:cols,data-th-cols}] [1000]: org.thymeleaf.standard.processor.StandardRemovableAttributeTagProcessor
[THYMELEAF]             * [* {th:codetype,data-th-codetype}] [1000]: org.thymeleaf.standard.processor.StandardRemovableAttributeTagProcessor
[THYMELEAF]             * [* {th:accept-charset,data-th-accept-charset}] [1000]: org.thymeleaf.standard.processor.StandardRemovableAttributeTagProcessor
[THYMELEAF]             * [* {th:lang,data-th-lang}] [1000]: org.thymeleaf.standard.processor.StandardRemovableAttributeTagProcessor
[THYMELEAF]             * [* {th:contextmenu,data-th-contextmenu}] [1000]: org.thymeleaf.standard.processor.StandardRemovableAttributeTagProcessor
[THYMELEAF]             * [* {th:wrap,data-th-wrap}] [1000]: org.thymeleaf.standard.processor.StandardRemovableAttributeTagProcessor
[THYMELEAF]             * [* {th:bgcolor,data-th-bgcolor}] [1000]: org.thymeleaf.standard.processor.StandardRemovableAttributeTagProcessor
[THYMELEAF]             * [* {th:step,data-th-step}] [1000]: org.thymeleaf.standard.processor.StandardRemovableAttributeTagProcessor
[THYMELEAF]             * [* {th:cellspacing,data-th-cellspacing}] [1000]: org.thymeleaf.standard.processor.StandardRemovableAttributeTagProcessor
[THYMELEAF]             * [* {th:background,data-th-background}] [1000]: org.thymeleaf.standard.processor.StandardRemovableAttributeTagProcessor
[THYMELEAF]             * [* {th:title,data-th-title}] [1000]: org.thymeleaf.standard.processor.StandardRemovableAttributeTagProcessor
[THYMELEAF]             * [* {th:id,data-th-id}] [1000]: org.thymeleaf.standard.processor.StandardRemovableAttributeTagProcessor
[THYMELEAF]             * [* {th:scheme,data-th-scheme}] [1000]: org.thymeleaf.standard.processor.StandardRemovableAttributeTagProcessor
[THYMELEAF]             * [* {th:accesskey,data-th-accesskey}] [1000]: org.thymeleaf.standard.processor.StandardRemovableAttributeTagProcessor
[THYMELEAF]             * [* {th:cite,data-th-cite}] [1000]: org.thymeleaf.standard.processor.StandardRemovableAttributeTagProcessor
[THYMELEAF]             * [* {th:formtarget,data-th-formtarget}] [1000]: org.thymeleaf.standard.processor.StandardRemovableAttributeTagProcessor
[THYMELEAF]             * [* {th:icon,data-th-icon}] [1000]: org.thymeleaf.standard.processor.StandardRemovableAttributeTagProcessor
[THYMELEAF]             * [* {th:audio,data-th-audio}] [1000]: org.thymeleaf.standard.processor.StandardRemovableAttributeTagProcessor
[THYMELEAF]             * [* {th:src,data-th-src}] [1000]: org.thymeleaf.standard.processor.StandardSrcTagProcessor
[THYMELEAF]             * [* {th:value,data-th-value}] [1000]: org.thymeleaf.standard.processor.StandardValueTagProcessor
[THYMELEAF]             * [* {th:xmlbase,data-th-xmlbase}] [1000]: org.thymeleaf.standard.processor.StandardXmlBaseTagProcessor
[THYMELEAF]             * [* {th:xmllang,data-th-xmllang}] [1000]: org.thymeleaf.standard.processor.StandardXmlLangTagProcessor
[THYMELEAF]             * [* {xmlns:th}] [1000]: org.thymeleaf.standard.processor.StandardXmlNsTagProcessor
[THYMELEAF]             * [* {th:xmlspace,data-th-xmlspace}] [1000]: org.thymeleaf.standard.processor.StandardXmlSpaceTagProcessor
[THYMELEAF]             * [* {th:classappend,data-th-classappend}] [1100]: org.thymeleaf.standard.processor.StandardClassappendTagProcessor
[THYMELEAF]             * [* {th:styleappend,data-th-styleappend}] [1100]: org.thymeleaf.standard.processor.StandardStyleappendTagProcessor
[THYMELEAF]             * [* {th:text,data-th-text}] [1300]: org.thymeleaf.standard.processor.StandardTextTagProcessor
[THYMELEAF]             * [* {th:utext,data-th-utext}] [1400]: org.thymeleaf.standard.processor.StandardUtextTagProcessor
[THYMELEAF]             * [* {th:fragment,data-th-fragment}] [1500]: org.thymeleaf.standard.processor.StandardFragmentTagProcessor
[THYMELEAF]             * [* {th:assert,data-th-assert}] [1550]: org.thymeleaf.standard.processor.StandardAssertTagProcessor
[THYMELEAF]             * [* {th:remove,data-th-remove}] [1600]: org.thymeleaf.standard.processor.StandardRemoveTagProcessor
[THYMELEAF]             * [* {th:ref,data-th-ref}] [10000]: org.thymeleaf.standard.processor.StandardRefAttributeTagProcessor
[THYMELEAF]             * [{th:block,th-block} *] [100000]: org.thymeleaf.standard.processor.StandardBlockTagProcessor
[THYMELEAF]             * [* th:*] [2147483647]: org.thymeleaf.standard.processor.StandardDefaultAttributesTagProcessor
[THYMELEAF]         * Text Processors by [precedence]:
[THYMELEAF]             * [1000]: org.thymeleaf.standard.processor.StandardInliningTextProcessor
[THYMELEAF]         * DOCTYPE Processors by [precedence]:
[THYMELEAF]             * [1000]: org.thymeleaf.standard.processor.StandardTranslationDocTypeProcessor
[THYMELEAF]         * CDATA Section Processors by [precedence]:
[THYMELEAF]             * [1000]: org.thymeleaf.standard.processor.StandardInliningCDATASectionProcessor
[THYMELEAF]         * Comment Processors by [precedence]:
[THYMELEAF]             * [1000]: org.thymeleaf.standard.processor.StandardInliningCommentProcessor
[THYMELEAF]             * [1100]: org.thymeleaf.standard.processor.StandardConditionalCommentProcessor
[THYMELEAF]     * Processors for Template Mode: XML
[THYMELEAF]         * Element Tag Processors by [matching element and attribute name] [precedence]:
[THYMELEAF]             * [* {th:include}] [100]: org.thymeleaf.standard.processor.StandardIncludeTagProcessor
[THYMELEAF]             * [* {th:insert}] [100]: org.thymeleaf.standard.processor.StandardInsertTagProcessor
[THYMELEAF]             * [* {th:replace}] [100]: org.thymeleaf.standard.processor.StandardReplaceTagProcessor
[THYMELEAF]             * [* {th:each}] [200]: com.intuit.karate.template.KarateEachTagProcessor
[THYMELEAF]             * [* {th:switch}] [250]: org.thymeleaf.standard.processor.StandardSwitchTagProcessor
[THYMELEAF]             * [* {th:case}] [275]: org.thymeleaf.standard.processor.StandardCaseTagProcessor
[THYMELEAF]             * [* {th:if}] [300]: org.thymeleaf.standard.processor.StandardIfTagProcessor
[THYMELEAF]             * [* {th:unless}] [400]: org.thymeleaf.standard.processor.StandardUnlessTagProcessor
[THYMELEAF]             * [* {th:object}] [500]: org.thymeleaf.standard.processor.StandardObjectTagProcessor
[THYMELEAF]             * [* {th:with}] [600]: com.intuit.karate.template.KarateWithTagProcessor
[THYMELEAF]             * [* {th:attr}] [700]: com.intuit.karate.template.KarateAttributeTagProcessor.KarateAttrTagProcessor
[THYMELEAF]             * [* {th:attrappend}] [900]: com.intuit.karate.template.KarateAttributeTagProcessor.KarateAttrappendTagProcessor
[THYMELEAF]             * [* {th:attrprepend}] [900]: com.intuit.karate.template.KarateAttributeTagProcessor.KarateAttrprependTagProcessor
[THYMELEAF]             * [* {th:inline}] [1000]: org.thymeleaf.standard.processor.StandardInlineXMLTagProcessor
[THYMELEAF]             * [* {xmlns:th}] [1000]: org.thymeleaf.standard.processor.StandardXmlNsTagProcessor
[THYMELEAF]             * [* {th:text}] [1300]: org.thymeleaf.standard.processor.StandardTextTagProcessor
[THYMELEAF]             * [* {th:utext}] [1400]: org.thymeleaf.standard.processor.StandardUtextTagProcessor
[THYMELEAF]             * [* {th:fragment}] [1500]: org.thymeleaf.standard.processor.StandardFragmentTagProcessor
[THYMELEAF]             * [* {th:assert}] [1550]: org.thymeleaf.standard.processor.StandardAssertTagProcessor
[THYMELEAF]             * [* {th:remove}] [1600]: org.thymeleaf.standard.processor.StandardRemoveTagProcessor
[THYMELEAF]             * [* {th:ref}] [10000]: org.thymeleaf.standard.processor.StandardRefAttributeTagProcessor
[THYMELEAF]             * [{th:block} *] [100000]: org.thymeleaf.standard.processor.StandardBlockTagProcessor
[THYMELEAF]             * [* th:*] [2147483647]: org.thymeleaf.standard.processor.StandardDefaultAttributesTagProcessor
[THYMELEAF]         * Text Processors by [precedence]:
[THYMELEAF]             * [1000]: org.thymeleaf.standard.processor.StandardInliningTextProcessor
[THYMELEAF]         * CDATA Section Processors by [precedence]:
[THYMELEAF]             * [1000]: org.thymeleaf.standard.processor.StandardInliningCDATASectionProcessor
[THYMELEAF]         * Comment Processors by [precedence]:
[THYMELEAF]             * [1000]: org.thymeleaf.standard.processor.StandardInliningCommentProcessor
[THYMELEAF]     * Processors for Template Mode: TEXT
[THYMELEAF]         * Element Tag Processors by [matching element and attribute name] [precedence]:
[THYMELEAF]             * [* {th:insert}] [100]: org.thymeleaf.standard.processor.StandardInsertTagProcessor
[THYMELEAF]             * [* {th:replace}] [100]: org.thymeleaf.standard.processor.StandardReplaceTagProcessor
[THYMELEAF]             * [* {th:each}] [200]: com.intuit.karate.template.KarateEachTagProcessor
[THYMELEAF]             * [* {th:switch}] [250]: org.thymeleaf.standard.processor.StandardSwitchTagProcessor
[THYMELEAF]             * [* {th:case}] [275]: org.thymeleaf.standard.processor.StandardCaseTagProcessor
[THYMELEAF]             * [* {th:if}] [300]: org.thymeleaf.standard.processor.StandardIfTagProcessor
[THYMELEAF]             * [* {th:unless}] [400]: org.thymeleaf.standard.processor.StandardUnlessTagProcessor
[THYMELEAF]             * [* {th:object}] [500]: org.thymeleaf.standard.processor.StandardObjectTagProcessor
[THYMELEAF]             * [* {th:with}] [600]: com.intuit.karate.template.KarateWithTagProcessor
[THYMELEAF]             * [* {th:inline}] [1000]: org.thymeleaf.standard.processor.StandardInlineTextualTagProcessor
[THYMELEAF]             * [* {th:text}] [1300]: org.thymeleaf.standard.processor.StandardTextTagProcessor
[THYMELEAF]             * [* {th:utext}] [1400]: org.thymeleaf.standard.processor.StandardUtextTagProcessor
[THYMELEAF]             * [* {th:assert}] [1550]: org.thymeleaf.standard.processor.StandardAssertTagProcessor
[THYMELEAF]             * [* {th:remove}] [1600]: org.thymeleaf.standard.processor.StandardRemoveTagProcessor
[THYMELEAF]             * [* 100000] [org.thymeleaf.standard.processor.StandardBlockTagProcessor]: {}
[THYMELEAF]             * [{th:block} *] [100000]: org.thymeleaf.standard.processor.StandardBlockTagProcessor
[THYMELEAF]         * Text Processors by [precedence]:
[THYMELEAF]             * [1000]: org.thymeleaf.standard.processor.StandardInliningTextProcessor
[THYMELEAF]     * Processors for Template Mode: JAVASCRIPT
[THYMELEAF]         * Element Tag Processors by [matching element and attribute name] [precedence]:
[THYMELEAF]             * [* {th:insert}] [100]: org.thymeleaf.standard.processor.StandardInsertTagProcessor
[THYMELEAF]             * [* {th:replace}] [100]: org.thymeleaf.standard.processor.StandardReplaceTagProcessor
[THYMELEAF]             * [* {th:each}] [200]: com.intuit.karate.template.KarateEachTagProcessor
[THYMELEAF]             * [* {th:switch}] [250]: org.thymeleaf.standard.processor.StandardSwitchTagProcessor
[THYMELEAF]             * [* {th:case}] [275]: org.thymeleaf.standard.processor.StandardCaseTagProcessor
[THYMELEAF]             * [* {th:if}] [300]: org.thymeleaf.standard.processor.StandardIfTagProcessor
[THYMELEAF]             * [* {th:unless}] [400]: org.thymeleaf.standard.processor.StandardUnlessTagProcessor
[THYMELEAF]             * [* {th:object}] [500]: org.thymeleaf.standard.processor.StandardObjectTagProcessor
[THYMELEAF]             * [* {th:with}] [600]: com.intuit.karate.template.KarateWithTagProcessor
[THYMELEAF]             * [* {th:inline}] [1000]: org.thymeleaf.standard.processor.StandardInlineTextualTagProcessor
[THYMELEAF]             * [* {th:text}] [1300]: org.thymeleaf.standard.processor.StandardTextTagProcessor
[THYMELEAF]             * [* {th:utext}] [1400]: org.thymeleaf.standard.processor.StandardUtextTagProcessor
[THYMELEAF]             * [* {th:assert}] [1550]: org.thymeleaf.standard.processor.StandardAssertTagProcessor
[THYMELEAF]             * [* {th:remove}] [1600]: org.thymeleaf.standard.processor.StandardRemoveTagProcessor
[THYMELEAF]             * [* 100000] [org.thymeleaf.standard.processor.StandardBlockTagProcessor]: {}
[THYMELEAF]             * [{th:block} *] [100000]: org.thymeleaf.standard.processor.StandardBlockTagProcessor
[THYMELEAF]         * Text Processors by [precedence]:
[THYMELEAF]             * [1000]: org.thymeleaf.standard.processor.StandardInliningTextProcessor
[THYMELEAF]     * Processors for Template Mode: CSS
[THYMELEAF]         * Element Tag Processors by [matching element and attribute name] [precedence]:
[THYMELEAF]             * [* {th:insert}] [100]: org.thymeleaf.standard.processor.StandardInsertTagProcessor
[THYMELEAF]             * [* {th:replace}] [100]: org.thymeleaf.standard.processor.StandardReplaceTagProcessor
[THYMELEAF]             * [* {th:each}] [200]: com.intuit.karate.template.KarateEachTagProcessor
[THYMELEAF]             * [* {th:switch}] [250]: org.thymeleaf.standard.processor.StandardSwitchTagProcessor
[THYMELEAF]             * [* {th:case}] [275]: org.thymeleaf.standard.processor.StandardCaseTagProcessor
[THYMELEAF]             * [* {th:if}] [300]: org.thymeleaf.standard.processor.StandardIfTagProcessor
[THYMELEAF]             * [* {th:unless}] [400]: org.thymeleaf.standard.processor.StandardUnlessTagProcessor
[THYMELEAF]             * [* {th:object}] [500]: org.thymeleaf.standard.processor.StandardObjectTagProcessor
[THYMELEAF]             * [* {th:with}] [600]: com.intuit.karate.template.KarateWithTagProcessor
[THYMELEAF]             * [* {th:inline}] [1000]: org.thymeleaf.standard.processor.StandardInlineTextualTagProcessor
[THYMELEAF]             * [* {th:text}] [1300]: org.thymeleaf.standard.processor.StandardTextTagProcessor
[THYMELEAF]             * [* {th:utext}] [1400]: org.thymeleaf.standard.processor.StandardUtextTagProcessor
[THYMELEAF]             * [* {th:assert}] [1550]: org.thymeleaf.standard.processor.StandardAssertTagProcessor
[THYMELEAF]             * [* {th:remove}] [1600]: org.thymeleaf.standard.processor.StandardRemoveTagProcessor
[THYMELEAF]             * [{th:block} *] [100000]: org.thymeleaf.standard.processor.StandardBlockTagProcessor
[THYMELEAF]             * [* 100000] [org.thymeleaf.standard.processor.StandardBlockTagProcessor]: {}
[THYMELEAF]         * Text Processors by [precedence]:
[THYMELEAF]             * [1000]: org.thymeleaf.standard.processor.StandardInliningTextProcessor
[THYMELEAF]     * Expression Objects:
[THYMELEAF]         * #ctx
[THYMELEAF]         * #root
[THYMELEAF]         * #vars
[THYMELEAF]         * #object
[THYMELEAF]         * #locale
[THYMELEAF]         * #conversions
[THYMELEAF]         * #uris
[THYMELEAF]         * #temporals
[THYMELEAF]         * #calendars
[THYMELEAF]         * #dates
[THYMELEAF]         * #bools
[THYMELEAF]         * #numbers
[THYMELEAF]         * #objects
[THYMELEAF]         * #strings
[THYMELEAF]         * #arrays
[THYMELEAF]         * #lists
[THYMELEAF]         * #sets
[THYMELEAF]         * #maps
[THYMELEAF]         * #aggregates
[THYMELEAF]         * #messages
[THYMELEAF]         * #ids
[THYMELEAF]         * #execInfo
[THYMELEAF]         * #request
[THYMELEAF]         * #response
[THYMELEAF]         * #session
[THYMELEAF]         * #servletContext
[THYMELEAF]     * Execution Attributes:
[THYMELEAF]         * "StandardExpressionParser": com.intuit.karate.template.KarateStandardDialect@370225c7
[THYMELEAF]         * "StandardJavaScriptSerializer": org.thymeleaf.standard.serializer.StandardJavaScriptSerializer@2a9e754e
[THYMELEAF]         * "StandardCSSSerializer": org.thymeleaf.standard.serializer.StandardCSSSerializer@760a2b6e
[THYMELEAF]         * "StandardVariableExpressionEvaluator": com.intuit.karate.template.KarateStandardDialect@370225c7
[THYMELEAF]         * "StandardConversionService": org.thymeleaf.standard.expression.StandardConversionService@20a9f5fb
[THYMELEAF] * Dialect [2 of 2]: karate (com.intuit.karate.template.KarateScriptDialect)
[THYMELEAF]     * Prefix: "ka"
[THYMELEAF]     * Processors for Template Mode: HTML
[THYMELEAF]         * Element Tag Processors by [matching element and attribute name] [precedence]:
[THYMELEAF]             * [* {src}] [1000]: com.intuit.karate.template.KaScriptAttrProcessor
[THYMELEAF]         * Element Model Processors by [matching element and attribute name] [precedence]:
[THYMELEAF]             * [{script} {ka:scope,data-ka-scope}] [1000]: com.intuit.karate.template.KaScriptElemProcessor
[THYMELEAF]             * [* {ka:set,data-ka-set}] [1000]: com.intuit.karate.template.KaSetElemProcessor
[THYMELEAF] TEMPLATE ENGINE CONFIGURED OK
23:48:00.216 [main] DEBUG org.thymeleaf.TemplateEngine -- [THYMELEAF] TEMPLATE ENGINE INITIALIZED
---------------------------------------------------------
feature: classpath:features/posts/get-posts-feed-excel.feature
scenarios:  1 | passed:  1 | failed:  0 | time: 5.2401
---------------------------------------------------------

Karate version: 1.4.1
======================================================
elapsed:   8.26 | threads:    1 | thread time: 5.24 
features:     1 | skipped:    0 | efficiency: 0.63
scenarios:    1 | passed:     1 | failed: 0
======================================================
23:48:01.397 [main] DEBUG org.thymeleaf.TemplateEngine -- [THYMELEAF] INITIALIZING TEMPLATE ENGINE
23:48:01.425 [main] DEBUG org.thymeleaf.TemplateEngine.CONFIG -- Initializing Thymeleaf Template engine configuration...
[THYMELEAF] TEMPLATE ENGINE CONFIGURATION:
[THYMELEAF] * Thymeleaf version: 3.1.2.RELEASE (built 2023-07-30T19:25:50+0000)
[THYMELEAF] * Cache Manager implementation: org.thymeleaf.cache.StandardCacheManager
[THYMELEAF] * Template resolvers:
[THYMELEAF]     * [1] com.intuit.karate.template.ResourceHtmlTemplateResolver
[THYMELEAF] * Message resolvers:
[THYMELEAF]     * org.thymeleaf.messageresolver.StandardMessageResolver
[THYMELEAF] * Link builders:
[THYMELEAF]     * org.thymeleaf.linkbuilder.StandardLinkBuilder
[THYMELEAF] * Dialect [1 of 2]: Standard (com.intuit.karate.template.KarateStandardDialect)
[THYMELEAF]     * Prefix: "th"
[THYMELEAF]     * Processors for Template Mode: HTML
[THYMELEAF]         * Element Tag Processors by [matching element and attribute name] [precedence]:
[THYMELEAF]             * [* {th:include,data-th-include}] [100]: org.thymeleaf.standard.processor.StandardIncludeTagProcessor
[THYMELEAF]             * [* {th:insert,data-th-insert}] [100]: org.thymeleaf.standard.processor.StandardInsertTagProcessor
[THYMELEAF]             * [* {th:replace,data-th-replace}] [100]: org.thymeleaf.standard.processor.StandardReplaceTagProcessor
[THYMELEAF]             * [* {th:each,data-th-each}] [200]: com.intuit.karate.template.KarateEachTagProcessor
[THYMELEAF]             * [* {th:switch,data-th-switch}] [250]: org.thymeleaf.standard.processor.StandardSwitchTagProcessor
[THYMELEAF]             * [* {th:case,data-th-case}] [275]: org.thymeleaf.standard.processor.StandardCaseTagProcessor
[THYMELEAF]             * [* {th:if,data-th-if}] [300]: org.thymeleaf.standard.processor.StandardIfTagProcessor
[THYMELEAF]             * [* {th:unless,data-th-unless}] [400]: org.thymeleaf.standard.processor.StandardUnlessTagProcessor
[THYMELEAF]             * [* {th:object,data-th-object}] [500]: org.thymeleaf.standard.processor.StandardObjectTagProcessor
[THYMELEAF]             * [* {th:with,data-th-with}] [600]: com.intuit.karate.template.KarateWithTagProcessor
[THYMELEAF]             * [* {th:attr,data-th-attr}] [700]: com.intuit.karate.template.KarateAttributeTagProcessor.KarateAttrTagProcessor
[THYMELEAF]             * [* {th:attrappend,data-th-attrappend}] [900]: com.intuit.karate.template.KarateAttributeTagProcessor.KarateAttrappendTagProcessor
[THYMELEAF]             * [* {th:attrprepend,data-th-attrprepend}] [900]: com.intuit.karate.template.KarateAttributeTagProcessor.KarateAttrprependTagProcessor
[THYMELEAF]             * [* {th:alt-title,data-th-alt-title}] [990]: org.thymeleaf.standard.processor.StandardAltTitleTagProcessor
[THYMELEAF]             * [* {th:lang-xmllang,data-th-lang-xmllang}] [990]: org.thymeleaf.standard.processor.StandardLangXmlLangTagProcessor
[THYMELEAF]             * [* {th:action,data-th-action}] [1000]: org.thymeleaf.standard.processor.StandardActionTagProcessor
[THYMELEAF]             * [* {th:checked,data-th-checked}] [1000]: org.thymeleaf.standard.processor.StandardConditionalFixedValueTagProcessor
[THYMELEAF]             * [* {th:nowrap,data-th-nowrap}] [1000]: org.thymeleaf.standard.processor.StandardConditionalFixedValueTagProcessor
[THYMELEAF]             * [* {th:loop,data-th-loop}] [1000]: org.thymeleaf.standard.processor.StandardConditionalFixedValueTagProcessor
[THYMELEAF]             * [* {th:ismap,data-th-ismap}] [1000]: org.thymeleaf.standard.processor.StandardConditionalFixedValueTagProcessor
[THYMELEAF]             * [* {th:seamless,data-th-seamless}] [1000]: org.thymeleaf.standard.processor.StandardConditionalFixedValueTagProcessor
[THYMELEAF]             * [* {th:formnovalidate,data-th-formnovalidate}] [1000]: org.thymeleaf.standard.processor.StandardConditionalFixedValueTagProcessor
[THYMELEAF]             * [* {th:novalidate,data-th-novalidate}] [1000]: org.thymeleaf.standard.processor.StandardConditionalFixedValueTagProcessor
[THYMELEAF]             * [* {th:open,data-th-open}] [1000]: org.thymeleaf.standard.processor.StandardConditionalFixedValueTagProcessor
[THYMELEAF]             * [* {th:defer,data-th-defer}] [1000]: org.thymeleaf.standard.processor.StandardConditionalFixedValueTagProcessor
[THYMELEAF]             * [* {th:reversed,data-th-reversed}] [1000]: org.thymeleaf.standard.processor.StandardConditionalFixedValueTagProcessor
[THYMELEAF]             * [* {th:readonly,data-th-readonly}] [1000]: org.thymeleaf.standard.processor.StandardConditionalFixedValueTagProcessor
[THYMELEAF]             * [* {th:selected,data-th-selected}] [1000]: org.thymeleaf.standard.processor.StandardConditionalFixedValueTagProcessor
[THYMELEAF]             * [* {th:autoplay,data-th-autoplay}] [1000]: org.thymeleaf.standard.processor.StandardConditionalFixedValueTagProcessor
[THYMELEAF]             * [* {th:disabled,data-th-disabled}] [1000]: org.thymeleaf.standard.processor.StandardConditionalFixedValueTagProcessor
[THYMELEAF]             * [* {th:multiple,data-th-multiple}] [1000]: org.thymeleaf.standard.processor.StandardConditionalFixedValueTagProcessor
[THYMELEAF]             * [* {th:pubdate,data-th-pubdate}] [1000]: org.thymeleaf.standard.processor.StandardConditionalFixedValueTagProcessor
[THYMELEAF]             * [* {th:required,data-th-required}] [1000]: org.thymeleaf.standard.processor.StandardConditionalFixedValueTagProcessor
[THYMELEAF]             * [* {th:hidden,data-th-hidden}] [1000]: org.thymeleaf.standard.processor.StandardConditionalFixedValueTagProcessor
[THYMELEAF]             * [* {th:autofocus,data-th-autofocus}] [1000]: org.thymeleaf.standard.processor.StandardConditionalFixedValueTagProcessor
[THYMELEAF]             * [* {th:scoped,data-th-scoped}] [1000]: org.thymeleaf.standard.processor.StandardConditionalFixedValueTagProcessor
[THYMELEAF]             * [* {th:controls,data-th-controls}] [1000]: org.thymeleaf.standard.processor.StandardConditionalFixedValueTagProcessor
[THYMELEAF]             * [* {th:async,data-th-async}] [1000]: org.thymeleaf.standard.processor.StandardConditionalFixedValueTagProcessor
[THYMELEAF]             * [* {th:declare,data-th-declare}] [1000]: org.thymeleaf.standard.processor.StandardConditionalFixedValueTagProcessor
[THYMELEAF]             * [* {th:default,data-th-default}] [1000]: org.thymeleaf.standard.processor.StandardConditionalFixedValueTagProcessor
[THYMELEAF]             * [* {th:oncanplaythrough,data-th-oncanplaythrough}] [1000]: org.thymeleaf.standard.processor.StandardDOMEventAttributeTagProcessor
[THYMELEAF]             * [* {th:onmousemove,data-th-onmousemove}] [1000]: org.thymeleaf.standard.processor.StandardDOMEventAttributeTagProcessor
[THYMELEAF]             * [* {th:ondrag,data-th-ondrag}] [1000]: org.thymeleaf.standard.processor.StandardDOMEventAttributeTagProcessor
[THYMELEAF]             * [* {th:ondragstart,data-th-ondragstart}] [1000]: org.thymeleaf.standard.processor.StandardDOMEventAttributeTagProcessor
[THYMELEAF]             * [* {th:ondragend,data-th-ondragend}] [1000]: org.thymeleaf.standard.processor.StandardDOMEventAttributeTagProcessor
[THYMELEAF]             * [* {th:onkeyup,data-th-onkeyup}] [1000]: org.thymeleaf.standard.processor.StandardDOMEventAttributeTagProcessor
[THYMELEAF]             * [* {th:onselect,data-th-onselect}] [1000]: org.thymeleaf.standard.processor.StandardDOMEventAttributeTagProcessor
[THYMELEAF]             * [* {th:onreadystatechange,data-th-onreadystatechange}] [1000]: org.thymeleaf.standard.processor.StandardDOMEventAttributeTagProcessor
[THYMELEAF]             * [* {th:onsubmit,data-th-onsubmit}] [1000]: org.thymeleaf.standard.processor.StandardDOMEventAttributeTagProcessor
[THYMELEAF]             * [* {th:onblur,data-th-onblur}] [1000]: org.thymeleaf.standard.processor.StandardDOMEventAttributeTagProcessor
[THYMELEAF]             * [* {th:ondragover,data-th-ondragover}] [1000]: org.thymeleaf.standard.processor.StandardDOMEventAttributeTagProcessor
[THYMELEAF]             * [* {th:onscroll,data-th-onscroll}] [1000]: org.thymeleaf.standard.processor.StandardDOMEventAttributeTagProcessor
[THYMELEAF]             * [* {th:onkeydown,data-th-onkeydown}] [1000]: org.thymeleaf.standard.processor.StandardDOMEventAttributeTagProcessor
[THYMELEAF]             * [* {th:onundo,data-th-onundo}] [1000]: org.thymeleaf.standard.processor.StandardDOMEventAttributeTagProcessor
[THYMELEAF]             * [* {th:ondragleave,data-th-ondragleave}] [1000]: org.thymeleaf.standard.processor.StandardDOMEventAttributeTagProcessor
[THYMELEAF]             * [* {th:ondragenter,data-th-ondragenter}] [1000]: org.thymeleaf.standard.processor.StandardDOMEventAttributeTagProcessor
[THYMELEAF]             * [* {th:onprogress,data-th-onprogress}] [1000]: org.thymeleaf.standard.processor.StandardDOMEventAttributeTagProcessor
[THYMELEAF]             * [* {th:oninvalid,data-th-oninvalid}] [1000]: org.thymeleaf.standard.processor.StandardDOMEventAttributeTagProcessor
[THYMELEAF]             * [* {th:oncanplay,data-th-oncanplay}] [1000]: org.thymeleaf.standard.processor.StandardDOMEventAttributeTagProcessor
[THYMELEAF]             * [* {th:onemptied,data-th-onemptied}] [1000]: org.thymeleaf.standard.processor.StandardDOMEventAttributeTagProcessor
[THYMELEAF]             * [* {th:onresize,data-th-onresize}] [1000]: org.thymeleaf.standard.processor.StandardDOMEventAttributeTagProcessor
[THYMELEAF]             * [* {th:onstorage,data-th-onstorage}] [1000]: org.thymeleaf.standard.processor.StandardDOMEventAttributeTagProcessor
[THYMELEAF]             * [* {th:onratechange,data-th-onratechange}] [1000]: org.thymeleaf.standard.processor.StandardDOMEventAttributeTagProcessor
[THYMELEAF]             * [* {th:onredo,data-th-onredo}] [1000]: org.thymeleaf.standard.processor.StandardDOMEventAttributeTagProcessor
[THYMELEAF]             * [* {th:onoffline,data-th-onoffline}] [1000]: org.thymeleaf.standard.processor.StandardDOMEventAttributeTagProcessor
[THYMELEAF]             * [* {th:onunload,data-th-onunload}] [1000]: org.thymeleaf.standard.processor.StandardDOMEventAttributeTagProcessor
[THYMELEAF]             * [* {th:oninput,data-th-oninput}] [1000]: org.thymeleaf.standard.processor.StandardDOMEventAttributeTagProcessor
[THYMELEAF]             * [* {th:onvolumechange,data-th-onvolumechange}] [1000]: org.thymeleaf.standard.processor.StandardDOMEventAttributeTagProcessor
[THYMELEAF]             * [* {th:onstalled,data-th-onstalled}] [1000]: org.thymeleaf.standard.processor.StandardDOMEventAttributeTagProcessor
[THYMELEAF]             * [* {th:ondurationchange,data-th-ondurationchange}] [1000]: org.thymeleaf.standard.processor.StandardDOMEventAttributeTagProcessor
[THYMELEAF]             * [* {th:onmouseout,data-th-onmouseout}] [1000]: org.thymeleaf.standard.processor.StandardDOMEventAttributeTagProcessor
[THYMELEAF]             * [* {th:ondrop,data-th-ondrop}] [1000]: org.thymeleaf.standard.processor.StandardDOMEventAttributeTagProcessor
[THYMELEAF]             * [* {th:onafterprint,data-th-onafterprint}] [1000]: org.thymeleaf.standard.processor.StandardDOMEventAttributeTagProcessor
[THYMELEAF]             * [* {th:onclick,data-th-onclick}] [1000]: org.thymeleaf.standard.processor.StandardDOMEventAttributeTagProcessor
[THYMELEAF]             * [* {th:onbeforeprint,data-th-onbeforeprint}] [1000]: org.thymeleaf.standard.processor.StandardDOMEventAttributeTagProcessor
[THYMELEAF]             * [* {th:onload,data-th-onload}] [1000]: org.thymeleaf.standard.processor.StandardDOMEventAttributeTagProcessor
[THYMELEAF]             * [* {th:onloadeddata,data-th-onloadeddata}] [1000]: org.thymeleaf.standard.processor.StandardDOMEventAttributeTagProcessor
[THYMELEAF]             * [* {th:onmouseup,data-th-onmouseup}] [1000]: org.thymeleaf.standard.processor.StandardDOMEventAttributeTagProcessor
[THYMELEAF]             * [* {th:onsuspend,data-th-onsuspend}] [1000]: org.thymeleaf.standard.processor.StandardDOMEventAttributeTagProcessor
[THYMELEAF]             * [* {th:onbeforeunload,data-th-onbeforeunload}] [1000]: org.thymeleaf.standard.processor.StandardDOMEventAttributeTagProcessor
[THYMELEAF]             * [* {th:onfocus,data-th-onfocus}] [1000]: org.thymeleaf.standard.processor.StandardDOMEventAttributeTagProcessor
[THYMELEAF]             * [* {th:onplaying,data-th-onplaying}] [1000]: org.thymeleaf.standard.processor.StandardDOMEventAttributeTagProcessor
[THYMELEAF]             * [* {th:onloadstart,data-th-onloadstart}] [1000]: org.thymeleaf.standard.processor.StandardDOMEventAttributeTagProcessor
[THYMELEAF]             * [* {th:onerror,data-th-onerror}] [1000]: org.thymeleaf.standard.processor.StandardDOMEventAttributeTagProcessor
[THYMELEAF]             * [* {th:onloadedmetadata,data-th-onloadedmetadata}] [1000]: org.thymeleaf.standard.processor.StandardDOMEventAttributeTagProcessor
[THYMELEAF]             * [* {th:onreset,data-th-onreset}] [1000]: org.thymeleaf.standard.processor.StandardDOMEventAttributeTagProcessor
[THYMELEAF]             * [* {th:onpause,data-th-onpause}] [1000]: org.thymeleaf.standard.processor.StandardDOMEventAttributeTagProcessor
[THYMELEAF]             * [* {th:onmousewheel,data-th-onmousewheel}] [1000]: org.thymeleaf.standard.processor.StandardDOMEventAttributeTagProcessor
[THYMELEAF]             * [* {th:ondblclick,data-th-ondblclick}] [1000]: org.thymeleaf.standard.processor.StandardDOMEventAttributeTagProcessor
[THYMELEAF]             * [* {th:onplay,data-th-onplay}] [1000]: org.thymeleaf.standard.processor.StandardDOMEventAttributeTagProcessor
[THYMELEAF]             * [* {th:ononline,data-th-ononline}] [1000]: org.thymeleaf.standard.processor.StandardDOMEventAttributeTagProcessor
[THYMELEAF]             * [* {th:ontimeupdate,data-th-ontimeupdate}] [1000]: org.thymeleaf.standard.processor.StandardDOMEventAttributeTagProcessor
[THYMELEAF]             * [* {th:onkeypress,data-th-onkeypress}] [1000]: org.thymeleaf.standard.processor.StandardDOMEventAttributeTagProcessor
[THYMELEAF]             * [* {th:onmouseover,data-th-onmouseover}] [1000]: org.thymeleaf.standard.processor.StandardDOMEventAttributeTagProcessor
[THYMELEAF]             * [* {th:onhashchange,data-th-onhashchange}] [1000]: org.thymeleaf.standard.processor.StandardDOMEventAttributeTagProcessor
[THYMELEAF]             * [* {th:onmousedown,data-th-onmousedown}] [1000]: org.thymeleaf.standard.processor.StandardDOMEventAttributeTagProcessor
[THYMELEAF]             * [* {th:oncontextmenu,data-th-oncontextmenu}] [1000]: org.thymeleaf.standard.processor.StandardDOMEventAttributeTagProcessor
[THYMELEAF]             * [* {th:onended,data-th-onended}] [1000]: org.thymeleaf.standard.processor.StandardDOMEventAttributeTagProcessor
[THYMELEAF]             * [* {th:onwaiting,data-th-onwaiting}] [1000]: org.thymeleaf.standard.processor.StandardDOMEventAttributeTagProcessor
[THYMELEAF]             * [* {th:onformchange,data-th-onformchange}] [1000]: org.thymeleaf.standard.processor.StandardDOMEventAttributeTagProcessor
[THYMELEAF]             * [* {th:onpopstate,data-th-onpopstate}] [1000]: org.thymeleaf.standard.processor.StandardDOMEventAttributeTagProcessor
[THYMELEAF]             * [* {th:onseeking,data-th-onseeking}] [1000]: org.thymeleaf.standard.processor.StandardDOMEventAttributeTagProcessor
[THYMELEAF]             * [* {th:onforminput,data-th-onforminput}] [1000]: org.thymeleaf.standard.processor.StandardDOMEventAttributeTagProcessor
[THYMELEAF]             * [* {th:onshow,data-th-onshow}] [1000]: org.thymeleaf.standard.processor.StandardDOMEventAttributeTagProcessor
[THYMELEAF]             * [* {th:onabort,data-th-onabort}] [1000]: org.thymeleaf.standard.processor.StandardDOMEventAttributeTagProcessor
[THYMELEAF]             * [* {th:onmessage,data-th-onmessage}] [1000]: org.thymeleaf.standard.processor.StandardDOMEventAttributeTagProcessor
[THYMELEAF]             * [* {th:onseeked,data-th-onseeked}] [1000]: org.thymeleaf.standard.processor.StandardDOMEventAttributeTagProcessor
[THYMELEAF]             * [* {th:onchange,data-th-onchange}] [1000]: org.thymeleaf.standard.processor.StandardDOMEventAttributeTagProcessor
[THYMELEAF]             * [* {th:href,data-th-href}] [1000]: org.thymeleaf.standard.processor.StandardHrefTagProcessor
[THYMELEAF]             * [* {th:inline,data-th-inline}] [1000]: org.thymeleaf.standard.processor.StandardInlineHTMLTagProcessor
[THYMELEAF]             * [* {th:method,data-th-method}] [1000]: org.thymeleaf.standard.processor.StandardMethodTagProcessor
[THYMELEAF]             * [* {th:type,data-th-type}] [1000]: org.thymeleaf.standard.processor.StandardNonRemovableAttributeTagProcessor
[THYMELEAF]             * [* {th:name,data-th-name}] [1000]: org.thymeleaf.standard.processor.StandardNonRemovableAttributeTagProcessor
[THYMELEAF]             * [* {th:scheme,data-th-scheme}] [1000]: org.thymeleaf.standard.processor.StandardRemovableAttributeTagProcessor
[THYMELEAF]             * [* {th:tabindex,data-th-tabindex}] [1000]: org.thymeleaf.standard.processor.StandardRemovableAttributeTagProcessor
[THYMELEAF]             * [* {th:formtarget,data-th-formtarget}] [1000]: org.thymeleaf.standard.processor.StandardRemovableAttributeTagProcessor
[THYMELEAF]             * [* {th:classid,data-th-classid}] [1000]: org.thymeleaf.standard.processor.StandardRemovableAttributeTagProcessor
[THYMELEAF]             * [* {th:codebase,data-th-codebase}] [1000]: org.thymeleaf.standard.processor.StandardRemovableAttributeTagProcessor
[THYMELEAF]             * [* {th:valuetype,data-th-valuetype}] [1000]: org.thymeleaf.standard.processor.StandardRemovableAttributeTagProcessor
[THYMELEAF]             * [* {th:accept,data-th-accept}] [1000]: org.thymeleaf.standard.processor.StandardRemovableAttributeTagProcessor
[THYMELEAF]             * [* {th:rowspan,data-th-rowspan}] [1000]: org.thymeleaf.standard.processor.StandardRemovableAttributeTagProcessor
[THYMELEAF]             * [* {th:id,data-th-id}] [1000]: org.thymeleaf.standard.processor.StandardRemovableAttributeTagProcessor
[THYMELEAF]             * [* {th:span,data-th-span}] [1000]: org.thymeleaf.standard.processor.StandardRemovableAttributeTagProcessor
[THYMELEAF]             * [* {th:frameborder,data-th-frameborder}] [1000]: org.thymeleaf.standard.processor.StandardRemovableAttributeTagProcessor
[THYMELEAF]             * [* {th:challenge,data-th-challenge}] [1000]: org.thymeleaf.standard.processor.StandardRemovableAttributeTagProcessor
[THYMELEAF]             * [* {th:cellpadding,data-th-cellpadding}] [1000]: org.thymeleaf.standard.processor.StandardRemovableAttributeTagProcessor
[THYMELEAF]             * [* {th:http-equiv,data-th-http-equiv}] [1000]: org.thymeleaf.standard.processor.StandardRemovableAttributeTagProcessor
[THYMELEAF]             * [* {th:high,data-th-high}] [1000]: org.thymeleaf.standard.processor.StandardRemovableAttributeTagProcessor
[THYMELEAF]             * [* {th:sizes,data-th-sizes}] [1000]: org.thymeleaf.standard.processor.StandardRemovableAttributeTagProcessor
[THYMELEAF]             * [* {th:content,data-th-content}] [1000]: org.thymeleaf.standard.processor.StandardRemovableAttributeTagProcessor
[THYMELEAF]             * [* {th:frame,data-th-frame}] [1000]: org.thymeleaf.standard.processor.StandardRemovableAttributeTagProcessor
[THYMELEAF]             * [* {th:kind,data-th-kind}] [1000]: org.thymeleaf.standard.processor.StandardRemovableAttributeTagProcessor
[THYMELEAF]             * [* {th:size,data-th-size}] [1000]: org.thymeleaf.standard.processor.StandardRemovableAttributeTagProcessor
[THYMELEAF]             * [* {th:border,data-th-border}] [1000]: org.thymeleaf.standard.processor.StandardRemovableAttributeTagProcessor
[THYMELEAF]             * [* {th:abbr,data-th-abbr}] [1000]: org.thymeleaf.standard.processor.StandardRemovableAttributeTagProcessor
[THYMELEAF]             * [* {th:datetime,data-th-datetime}] [1000]: org.thymeleaf.standard.processor.StandardRemovableAttributeTagProcessor
[THYMELEAF]             * [* {th:vspace,data-th-vspace}] [1000]: org.thymeleaf.standard.processor.StandardRemovableAttributeTagProcessor
[THYMELEAF]             * [* {th:for,data-th-for}] [1000]: org.thymeleaf.standard.processor.StandardRemovableAttributeTagProcessor
[THYMELEAF]             * [* {th:rel,data-th-rel}] [1000]: org.thymeleaf.standard.processor.StandardRemovableAttributeTagProcessor
[THYMELEAF]             * [* {th:radiogroup,data-th-radiogroup}] [1000]: org.thymeleaf.standard.processor.StandardRemovableAttributeTagProcessor
[THYMELEAF]             * [* {th:optimum,data-th-optimum}] [1000]: org.thymeleaf.standard.processor.StandardRemovableAttributeTagProcessor
[THYMELEAF]             * [* {th:pattern,data-th-pattern}] [1000]: org.thymeleaf.standard.processor.StandardRemovableAttributeTagProcessor
[THYMELEAF]             * [* {th:rules,data-th-rules}] [1000]: org.thymeleaf.standard.processor.StandardRemovableAttributeTagProcessor
[THYMELEAF]             * [* {th:target,data-th-target}] [1000]: org.thymeleaf.standard.processor.StandardRemovableAttributeTagProcessor
[THYMELEAF]             * [* {th:longdesc,data-th-longdesc}] [1000]: org.thymeleaf.standard.processor.StandardRemovableAttributeTagProcessor
[THYMELEAF]             * [* {th:max,data-th-max}] [1000]: org.thymeleaf.standard.processor.StandardRemovableAttributeTagProcessor
[THYMELEAF]             * [* {th:media,data-th-media}] [1000]: org.thymeleaf.standard.processor.StandardRemovableAttributeTagProcessor
[THYMELEAF]             * [* {th:axis,data-th-axis}] [1000]: org.thymeleaf.standard.processor.StandardRemovableAttributeTagProcessor
[THYMELEAF]             * [* {th:list,data-th-list}] [1000]: org.thymeleaf.standard.processor.StandardRemovableAttributeTagProcessor
[THYMELEAF]             * [* {th:style,data-th-style}] [1000]: org.thymeleaf.standard.processor.StandardRemovableAttributeTagProcessor
[THYMELEAF]             * [* {th:standby,data-th-standby}] [1000]: org.thymeleaf.standard.processor.StandardRemovableAttributeTagProcessor
[THYMELEAF]             * [* {th:alt,data-th-alt}] [1000]: org.thymeleaf.standard.processor.StandardRemovableAttributeTagProcessor
[THYMELEAF]             * [* {th:scope,data-th-scope}] [1000]: org.thymeleaf.standard.processor.StandardRemovableAttributeTagProcessor
[THYMELEAF]             * [* {th:maxlength,data-th-maxlength}] [1000]: org.thymeleaf.standard.processor.StandardRemovableAttributeTagProcessor
[THYMELEAF]             * [* {th:dir,data-th-dir}] [1000]: org.thymeleaf.standard.processor.StandardRemovableAttributeTagProcessor
[THYMELEAF]             * [* {th:cols,data-th-cols}] [1000]: org.thymeleaf.standard.processor.StandardRemovableAttributeTagProcessor
[THYMELEAF]             * [* {th:data,data-th-data}] [1000]: org.thymeleaf.standard.processor.StandardRemovableAttributeTagProcessor
[THYMELEAF]             * [* {th:form,data-th-form}] [1000]: org.thymeleaf.standard.processor.StandardRemovableAttributeTagProcessor
[THYMELEAF]             * [* {th:cite,data-th-cite}] [1000]: org.thymeleaf.standard.processor.StandardRemovableAttributeTagProcessor
[THYMELEAF]             * [* {th:preload,data-th-preload}] [1000]: org.thymeleaf.standard.processor.StandardRemovableAttributeTagProcessor
[THYMELEAF]             * [* {th:cellspacing,data-th-cellspacing}] [1000]: org.thymeleaf.standard.processor.StandardRemovableAttributeTagProcessor
[THYMELEAF]             * [* {th:archive,data-th-archive}] [1000]: org.thymeleaf.standard.processor.StandardRemovableAttributeTagProcessor
[THYMELEAF]             * [* {th:enctype,data-th-enctype}] [1000]: org.thymeleaf.standard.processor.StandardRemovableAttributeTagProcessor
[THYMELEAF]             * [* {th:usemap,data-th-usemap}] [1000]: org.thymeleaf.standard.processor.StandardRemovableAttributeTagProcessor
[THYMELEAF]             * [* {th:autocomplete,data-th-autocomplete}] [1000]: org.thymeleaf.standard.processor.StandardRemovableAttributeTagProcessor
[THYMELEAF]             * [* {th:formmethod,data-th-formmethod}] [1000]: org.thymeleaf.standard.processor.StandardRemovableAttributeTagProcessor
[THYMELEAF]             * [* {th:poster,data-th-poster}] [1000]: org.thymeleaf.standard.processor.StandardRemovableAttributeTagProcessor
[THYMELEAF]             * [* {th:wrap,data-th-wrap}] [1000]: org.thymeleaf.standard.processor.StandardRemovableAttributeTagProcessor
[THYMELEAF]             * [* {th:srclang,data-th-srclang}] [1000]: org.thymeleaf.standard.processor.StandardRemovableAttributeTagProcessor
[THYMELEAF]             * [* {th:contenteditable,data-th-contenteditable}] [1000]: org.thymeleaf.standard.processor.StandardRemovableAttributeTagProcessor
[THYMELEAF]             * [* {th:start,data-th-start}] [1000]: org.thymeleaf.standard.processor.StandardRemovableAttributeTagProcessor
[THYMELEAF]             * [* {th:scrolling,data-th-scrolling}] [1000]: org.thymeleaf.standard.processor.StandardRemovableAttributeTagProcessor
[THYMELEAF]             * [* {th:compact,data-th-compact}] [1000]: org.thymeleaf.standard.processor.StandardRemovableAttributeTagProcessor
[THYMELEAF]             * [* {th:icon,data-th-icon}] [1000]: org.thymeleaf.standard.processor.StandardRemovableAttributeTagProcessor
[THYMELEAF]             * [* {th:formaction,data-th-formaction}] [1000]: org.thymeleaf.standard.processor.StandardRemovableAttributeTagProcessor
[THYMELEAF]             * [* {th:colspan,data-th-colspan}] [1000]: org.thymeleaf.standard.processor.StandardRemovableAttributeTagProcessor
[THYMELEAF]             * [* {th:summary,data-th-summary}] [1000]: org.thymeleaf.standard.processor.StandardRemovableAttributeTagProcessor
[THYMELEAF]             * [* {th:label,data-th-label}] [1000]: org.thymeleaf.standard.processor.StandardRemovableAttributeTagProcessor
[THYMELEAF]             * [* {th:background,data-th-background}] [1000]: org.thymeleaf.standard.processor.StandardRemovableAttributeTagProcessor
[THYMELEAF]             * [* {th:formenctype,data-th-formenctype}] [1000]: org.thymeleaf.standard.processor.StandardRemovableAttributeTagProcessor
[THYMELEAF]             * [* {th:class,data-th-class}] [1000]: org.thymeleaf.standard.processor.StandardRemovableAttributeTagProcessor
[THYMELEAF]             * [* {th:charset,data-th-charset}] [1000]: org.thymeleaf.standard.processor.StandardRemovableAttributeTagProcessor
[THYMELEAF]             * [* {th:headers,data-th-headers}] [1000]: org.thymeleaf.standard.processor.StandardRemovableAttributeTagProcessor
[THYMELEAF]             * [* {th:placeholder,data-th-placeholder}] [1000]: org.thymeleaf.standard.processor.StandardRemovableAttributeTagProcessor
[THYMELEAF]             * [* {th:bgcolor,data-th-bgcolor}] [1000]: org.thymeleaf.standard.processor.StandardRemovableAttributeTagProcessor
[THYMELEAF]             * [* {th:width,data-th-width}] [1000]: org.thymeleaf.standard.processor.StandardRemovableAttributeTagProcessor
[THYMELEAF]             * [* {th:height,data-th-height}] [1000]: org.thymeleaf.standard.processor.StandardRemovableAttributeTagProcessor
[THYMELEAF]             * [* {th:spellcheck,data-th-spellcheck}] [1000]: org.thymeleaf.standard.processor.StandardRemovableAttributeTagProcessor
[THYMELEAF]             * [* {th:sandbox,data-th-sandbox}] [1000]: org.thymeleaf.standard.processor.StandardRemovableAttributeTagProcessor
[THYMELEAF]             * [* {th:contextmenu,data-th-contextmenu}] [1000]: org.thymeleaf.standard.processor.StandardRemovableAttributeTagProcessor
[THYMELEAF]             * [* {th:draggable,data-th-draggable}] [1000]: org.thymeleaf.standard.processor.StandardRemovableAttributeTagProcessor
[THYMELEAF]             * [* {th:audio,data-th-audio}] [1000]: org.thymeleaf.standard.processor.StandardRemovableAttributeTagProcessor
[THYMELEAF]             * [* {th:accept-charset,data-th-accept-charset}] [1000]: org.thymeleaf.standard.processor.StandardRemovableAttributeTagProcessor
[THYMELEAF]             * [* {th:marginwidth,data-th-marginwidth}] [1000]: org.thymeleaf.standard.processor.StandardRemovableAttributeTagProcessor
[THYMELEAF]             * [* {th:hspace,data-th-hspace}] [1000]: org.thymeleaf.standard.processor.StandardRemovableAttributeTagProcessor
[THYMELEAF]             * [* {th:rows,data-th-rows}] [1000]: org.thymeleaf.standard.processor.StandardRemovableAttributeTagProcessor
[THYMELEAF]             * [* {th:keytype,data-th-keytype}] [1000]: org.thymeleaf.standard.processor.StandardRemovableAttributeTagProcessor
[THYMELEAF]             * [* {th:dropzone,data-th-dropzone}] [1000]: org.thymeleaf.standard.processor.StandardRemovableAttributeTagProcessor
[THYMELEAF]             * [* {th:marginheight,data-th-marginheight}] [1000]: org.thymeleaf.standard.processor.StandardRemovableAttributeTagProcessor
[THYMELEAF]             * [* {th:align,data-th-align}] [1000]: org.thymeleaf.standard.processor.StandardRemovableAttributeTagProcessor
[THYMELEAF]             * [* {th:manifest,data-th-manifest}] [1000]: org.thymeleaf.standard.processor.StandardRemovableAttributeTagProcessor
[THYMELEAF]             * [* {th:min,data-th-min}] [1000]: org.thymeleaf.standard.processor.StandardRemovableAttributeTagProcessor
[THYMELEAF]             * [* {th:hreflang,data-th-hreflang}] [1000]: org.thymeleaf.standard.processor.StandardRemovableAttributeTagProcessor
[THYMELEAF]             * [* {th:low,data-th-low}] [1000]: org.thymeleaf.standard.processor.StandardRemovableAttributeTagProcessor
[THYMELEAF]             * [* {th:lang,data-th-lang}] [1000]: org.thymeleaf.standard.processor.StandardRemovableAttributeTagProcessor
[THYMELEAF]             * [* {th:accesskey,data-th-accesskey}] [1000]: org.thymeleaf.standard.processor.StandardRemovableAttributeTagProcessor
[THYMELEAF]             * [* {th:step,data-th-step}] [1000]: org.thymeleaf.standard.processor.StandardRemovableAttributeTagProcessor
[THYMELEAF]             * [* {th:codetype,data-th-codetype}] [1000]: org.thymeleaf.standard.processor.StandardRemovableAttributeTagProcessor
[THYMELEAF]             * [* {th:title,data-th-title}] [1000]: org.thymeleaf.standard.processor.StandardRemovableAttributeTagProcessor
[THYMELEAF]             * [* {th:rev,data-th-rev}] [1000]: org.thymeleaf.standard.processor.StandardRemovableAttributeTagProcessor
[THYMELEAF]             * [* {th:src,data-th-src}] [1000]: org.thymeleaf.standard.processor.StandardSrcTagProcessor
[THYMELEAF]             * [* {th:value,data-th-value}] [1000]: org.thymeleaf.standard.processor.StandardValueTagProcessor
[THYMELEAF]             * [* {th:xmlbase,data-th-xmlbase}] [1000]: org.thymeleaf.standard.processor.StandardXmlBaseTagProcessor
[THYMELEAF]             * [* {th:xmllang,data-th-xmllang}] [1000]: org.thymeleaf.standard.processor.StandardXmlLangTagProcessor
[THYMELEAF]             * [* {xmlns:th}] [1000]: org.thymeleaf.standard.processor.StandardXmlNsTagProcessor
[THYMELEAF]             * [* {th:xmlspace,data-th-xmlspace}] [1000]: org.thymeleaf.standard.processor.StandardXmlSpaceTagProcessor
[THYMELEAF]             * [* {th:classappend,data-th-classappend}] [1100]: org.thymeleaf.standard.processor.StandardClassappendTagProcessor
[THYMELEAF]             * [* {th:styleappend,data-th-styleappend}] [1100]: org.thymeleaf.standard.processor.StandardStyleappendTagProcessor
[THYMELEAF]             * [* {th:text,data-th-text}] [1300]: org.thymeleaf.standard.processor.StandardTextTagProcessor
[THYMELEAF]             * [* {th:utext,data-th-utext}] [1400]: org.thymeleaf.standard.processor.StandardUtextTagProcessor
[THYMELEAF]             * [* {th:fragment,data-th-fragment}] [1500]: org.thymeleaf.standard.processor.StandardFragmentTagProcessor
[THYMELEAF]             * [* {th:assert,data-th-assert}] [1550]: org.thymeleaf.standard.processor.StandardAssertTagProcessor
[THYMELEAF]             * [* {th:remove,data-th-remove}] [1600]: org.thymeleaf.standard.processor.StandardRemoveTagProcessor
[THYMELEAF]             * [* {th:ref,data-th-ref}] [10000]: org.thymeleaf.standard.processor.StandardRefAttributeTagProcessor
[THYMELEAF]             * [{th:block,th-block} *] [100000]: org.thymeleaf.standard.processor.StandardBlockTagProcessor
[THYMELEAF]             * [* th:*] [2147483647]: org.thymeleaf.standard.processor.StandardDefaultAttributesTagProcessor
[THYMELEAF]         * Text Processors by [precedence]:
[THYMELEAF]             * [1000]: org.thymeleaf.standard.processor.StandardInliningTextProcessor
[THYMELEAF]         * DOCTYPE Processors by [precedence]:
[THYMELEAF]             * [1000]: org.thymeleaf.standard.processor.StandardTranslationDocTypeProcessor
[THYMELEAF]         * CDATA Section Processors by [precedence]:
[THYMELEAF]             * [1000]: org.thymeleaf.standard.processor.StandardInliningCDATASectionProcessor
[THYMELEAF]         * Comment Processors by [precedence]:
[THYMELEAF]             * [1000]: org.thymeleaf.standard.processor.StandardInliningCommentProcessor
[THYMELEAF]             * [1100]: org.thymeleaf.standard.processor.StandardConditionalCommentProcessor
[THYMELEAF]     * Processors for Template Mode: XML
[THYMELEAF]         * Element Tag Processors by [matching element and attribute name] [precedence]:
[THYMELEAF]             * [* {th:include}] [100]: org.thymeleaf.standard.processor.StandardIncludeTagProcessor
[THYMELEAF]             * [* {th:insert}] [100]: org.thymeleaf.standard.processor.StandardInsertTagProcessor
[THYMELEAF]             * [* {th:replace}] [100]: org.thymeleaf.standard.processor.StandardReplaceTagProcessor
[THYMELEAF]             * [* {th:each}] [200]: com.intuit.karate.template.KarateEachTagProcessor
[THYMELEAF]             * [* {th:switch}] [250]: org.thymeleaf.standard.processor.StandardSwitchTagProcessor
[THYMELEAF]             * [* {th:case}] [275]: org.thymeleaf.standard.processor.StandardCaseTagProcessor
[THYMELEAF]             * [* {th:if}] [300]: org.thymeleaf.standard.processor.StandardIfTagProcessor
[THYMELEAF]             * [* {th:unless}] [400]: org.thymeleaf.standard.processor.StandardUnlessTagProcessor
[THYMELEAF]             * [* {th:object}] [500]: org.thymeleaf.standard.processor.StandardObjectTagProcessor
[THYMELEAF]             * [* {th:with}] [600]: com.intuit.karate.template.KarateWithTagProcessor
[THYMELEAF]             * [* {th:attr}] [700]: com.intuit.karate.template.KarateAttributeTagProcessor.KarateAttrTagProcessor
[THYMELEAF]             * [* {th:attrappend}] [900]: com.intuit.karate.template.KarateAttributeTagProcessor.KarateAttrappendTagProcessor
[THYMELEAF]             * [* {th:attrprepend}] [900]: com.intuit.karate.template.KarateAttributeTagProcessor.KarateAttrprependTagProcessor
[THYMELEAF]             * [* {th:inline}] [1000]: org.thymeleaf.standard.processor.StandardInlineXMLTagProcessor
[THYMELEAF]             * [* {xmlns:th}] [1000]: org.thymeleaf.standard.processor.StandardXmlNsTagProcessor
[THYMELEAF]             * [* {th:text}] [1300]: org.thymeleaf.standard.processor.StandardTextTagProcessor
[THYMELEAF]             * [* {th:utext}] [1400]: org.thymeleaf.standard.processor.StandardUtextTagProcessor
[THYMELEAF]             * [* {th:fragment}] [1500]: org.thymeleaf.standard.processor.StandardFragmentTagProcessor
[THYMELEAF]             * [* {th:assert}] [1550]: org.thymeleaf.standard.processor.StandardAssertTagProcessor
[THYMELEAF]             * [* {th:remove}] [1600]: org.thymeleaf.standard.processor.StandardRemoveTagProcessor
[THYMELEAF]             * [* {th:ref}] [10000]: org.thymeleaf.standard.processor.StandardRefAttributeTagProcessor
[THYMELEAF]             * [{th:block} *] [100000]: org.thymeleaf.standard.processor.StandardBlockTagProcessor
[THYMELEAF]             * [* th:*] [2147483647]: org.thymeleaf.standard.processor.StandardDefaultAttributesTagProcessor
[THYMELEAF]         * Text Processors by [precedence]:
[THYMELEAF]             * [1000]: org.thymeleaf.standard.processor.StandardInliningTextProcessor
[THYMELEAF]         * CDATA Section Processors by [precedence]:
[THYMELEAF]             * [1000]: org.thymeleaf.standard.processor.StandardInliningCDATASectionProcessor
[THYMELEAF]         * Comment Processors by [precedence]:
[THYMELEAF]             * [1000]: org.thymeleaf.standard.processor.StandardInliningCommentProcessor
[THYMELEAF]     * Processors for Template Mode: TEXT
[THYMELEAF]         * Element Tag Processors by [matching element and attribute name] [precedence]:
[THYMELEAF]             * [* {th:insert}] [100]: org.thymeleaf.standard.processor.StandardInsertTagProcessor
[THYMELEAF]             * [* {th:replace}] [100]: org.thymeleaf.standard.processor.StandardReplaceTagProcessor
[THYMELEAF]             * [* {th:each}] [200]: com.intuit.karate.template.KarateEachTagProcessor
[THYMELEAF]             * [* {th:switch}] [250]: org.thymeleaf.standard.processor.StandardSwitchTagProcessor
[THYMELEAF]             * [* {th:case}] [275]: org.thymeleaf.standard.processor.StandardCaseTagProcessor
[THYMELEAF]             * [* {th:if}] [300]: org.thymeleaf.standard.processor.StandardIfTagProcessor
[THYMELEAF]             * [* {th:unless}] [400]: org.thymeleaf.standard.processor.StandardUnlessTagProcessor
[THYMELEAF]             * [* {th:object}] [500]: org.thymeleaf.standard.processor.StandardObjectTagProcessor
[THYMELEAF]             * [* {th:with}] [600]: com.intuit.karate.template.KarateWithTagProcessor
[THYMELEAF]             * [* {th:inline}] [1000]: org.thymeleaf.standard.processor.StandardInlineTextualTagProcessor
[THYMELEAF]             * [* {th:text}] [1300]: org.thymeleaf.standard.processor.StandardTextTagProcessor
[THYMELEAF]             * [* {th:utext}] [1400]: org.thymeleaf.standard.processor.StandardUtextTagProcessor
[THYMELEAF]             * [* {th:assert}] [1550]: org.thymeleaf.standard.processor.StandardAssertTagProcessor
[THYMELEAF]             * [* {th:remove}] [1600]: org.thymeleaf.standard.processor.StandardRemoveTagProcessor
[THYMELEAF]             * [* 100000] [org.thymeleaf.standard.processor.StandardBlockTagProcessor]: {}
[THYMELEAF]             * [{th:block} *] [100000]: org.thymeleaf.standard.processor.StandardBlockTagProcessor
[THYMELEAF]         * Text Processors by [precedence]:
[THYMELEAF]             * [1000]: org.thymeleaf.standard.processor.StandardInliningTextProcessor
[THYMELEAF]     * Processors for Template Mode: JAVASCRIPT
[THYMELEAF]         * Element Tag Processors by [matching element and attribute name] [precedence]:
[THYMELEAF]             * [* {th:insert}] [100]: org.thymeleaf.standard.processor.StandardInsertTagProcessor
[THYMELEAF]             * [* {th:replace}] [100]: org.thymeleaf.standard.processor.StandardReplaceTagProcessor
[THYMELEAF]             * [* {th:each}] [200]: com.intuit.karate.template.KarateEachTagProcessor
[THYMELEAF]             * [* {th:switch}] [250]: org.thymeleaf.standard.processor.StandardSwitchTagProcessor
[THYMELEAF]             * [* {th:case}] [275]: org.thymeleaf.standard.processor.StandardCaseTagProcessor
[THYMELEAF]             * [* {th:if}] [300]: org.thymeleaf.standard.processor.StandardIfTagProcessor
[THYMELEAF]             * [* {th:unless}] [400]: org.thymeleaf.standard.processor.StandardUnlessTagProcessor
[THYMELEAF]             * [* {th:object}] [500]: org.thymeleaf.standard.processor.StandardObjectTagProcessor
[THYMELEAF]             * [* {th:with}] [600]: com.intuit.karate.template.KarateWithTagProcessor
[THYMELEAF]             * [* {th:inline}] [1000]: org.thymeleaf.standard.processor.StandardInlineTextualTagProcessor
[THYMELEAF]             * [* {th:text}] [1300]: org.thymeleaf.standard.processor.StandardTextTagProcessor
[THYMELEAF]             * [* {th:utext}] [1400]: org.thymeleaf.standard.processor.StandardUtextTagProcessor
[THYMELEAF]             * [* {th:assert}] [1550]: org.thymeleaf.standard.processor.StandardAssertTagProcessor
[THYMELEAF]             * [* {th:remove}] [1600]: org.thymeleaf.standard.processor.StandardRemoveTagProcessor
[THYMELEAF]             * [{th:block} *] [100000]: org.thymeleaf.standard.processor.StandardBlockTagProcessor
[THYMELEAF]             * [* 100000] [org.thymeleaf.standard.processor.StandardBlockTagProcessor]: {}
[THYMELEAF]         * Text Processors by [precedence]:
[THYMELEAF]             * [1000]: org.thymeleaf.standard.processor.StandardInliningTextProcessor
[THYMELEAF]     * Processors for Template Mode: CSS
[THYMELEAF]         * Element Tag Processors by [matching element and attribute name] [precedence]:
[THYMELEAF]             * [* {th:insert}] [100]: org.thymeleaf.standard.processor.StandardInsertTagProcessor
[THYMELEAF]             * [* {th:replace}] [100]: org.thymeleaf.standard.processor.StandardReplaceTagProcessor
[THYMELEAF]             * [* {th:each}] [200]: com.intuit.karate.template.KarateEachTagProcessor
[THYMELEAF]             * [* {th:switch}] [250]: org.thymeleaf.standard.processor.StandardSwitchTagProcessor
[THYMELEAF]             * [* {th:case}] [275]: org.thymeleaf.standard.processor.StandardCaseTagProcessor
[THYMELEAF]             * [* {th:if}] [300]: org.thymeleaf.standard.processor.StandardIfTagProcessor
[THYMELEAF]             * [* {th:unless}] [400]: org.thymeleaf.standard.processor.StandardUnlessTagProcessor
[THYMELEAF]             * [* {th:object}] [500]: org.thymeleaf.standard.processor.StandardObjectTagProcessor
[THYMELEAF]             * [* {th:with}] [600]: com.intuit.karate.template.KarateWithTagProcessor
[THYMELEAF]             * [* {th:inline}] [1000]: org.thymeleaf.standard.processor.StandardInlineTextualTagProcessor
[THYMELEAF]             * [* {th:text}] [1300]: org.thymeleaf.standard.processor.StandardTextTagProcessor
[THYMELEAF]             * [* {th:utext}] [1400]: org.thymeleaf.standard.processor.StandardUtextTagProcessor
[THYMELEAF]             * [* {th:assert}] [1550]: org.thymeleaf.standard.processor.StandardAssertTagProcessor
[THYMELEAF]             * [* {th:remove}] [1600]: org.thymeleaf.standard.processor.StandardRemoveTagProcessor
[THYMELEAF]             * [{th:block} *] [100000]: org.thymeleaf.standard.processor.StandardBlockTagProcessor
[THYMELEAF]             * [* 100000] [org.thymeleaf.standard.processor.StandardBlockTagProcessor]: {}
[THYMELEAF]         * Text Processors by [precedence]:
[THYMELEAF]             * [1000]: org.thymeleaf.standard.processor.StandardInliningTextProcessor
[THYMELEAF]     * Expression Objects:
[THYMELEAF]         * #ctx
[THYMELEAF]         * #root
[THYMELEAF]         * #vars
[THYMELEAF]         * #object
[THYMELEAF]         * #locale
[THYMELEAF]         * #conversions
[THYMELEAF]         * #uris
[THYMELEAF]         * #temporals
[THYMELEAF]         * #calendars
[THYMELEAF]         * #dates
[THYMELEAF]         * #bools
[THYMELEAF]         * #numbers
[THYMELEAF]         * #objects
[THYMELEAF]         * #strings
[THYMELEAF]         * #arrays
[THYMELEAF]         * #lists
[THYMELEAF]         * #sets
[THYMELEAF]         * #maps
[THYMELEAF]         * #aggregates
[THYMELEAF]         * #messages
[THYMELEAF]         * #ids
[THYMELEAF]         * #execInfo
[THYMELEAF]         * #request
[THYMELEAF]         * #response
[THYMELEAF]         * #session
[THYMELEAF]         * #servletContext
[THYMELEAF]     * Execution Attributes:
[THYMELEAF]         * "StandardExpressionParser": com.intuit.karate.template.KarateStandardDialect@11309dd4
[THYMELEAF]         * "StandardJavaScriptSerializer": org.thymeleaf.standard.serializer.StandardJavaScriptSerializer@5abc5854
[THYMELEAF]         * "StandardCSSSerializer": org.thymeleaf.standard.serializer.StandardCSSSerializer@5c3007d
[THYMELEAF]         * "StandardVariableExpressionEvaluator": com.intuit.karate.template.KarateStandardDialect@11309dd4
[THYMELEAF]         * "StandardConversionService": org.thymeleaf.standard.expression.StandardConversionService@66b40dd3
[THYMELEAF] * Dialect [2 of 2]: karate (com.intuit.karate.template.KarateScriptDialect)
[THYMELEAF]     * Prefix: "ka"
[THYMELEAF]     * Processors for Template Mode: HTML
[THYMELEAF]         * Element Tag Processors by [matching element and attribute name] [precedence]:
[THYMELEAF]             * [* {src}] [1000]: com.intuit.karate.template.KaScriptAttrProcessor
[THYMELEAF]         * Element Model Processors by [matching element and attribute name] [precedence]:
[THYMELEAF]             * [{script} {ka:scope,data-ka-scope}] [1000]: com.intuit.karate.template.KaScriptElemProcessor
[THYMELEAF]             * [* {ka:set,data-ka-set}] [1000]: com.intuit.karate.template.KaSetElemProcessor
[THYMELEAF] TEMPLATE ENGINE CONFIGURED OK
23:48:01.426 [main] DEBUG org.thymeleaf.TemplateEngine -- [THYMELEAF] TEMPLATE ENGINE INITIALIZED
23:48:01.440 [main] DEBUG org.thymeleaf.TemplateEngine -- [THYMELEAF] INITIALIZING TEMPLATE ENGINE
23:48:01.460 [main] DEBUG org.thymeleaf.TemplateEngine.CONFIG -- Initializing Thymeleaf Template engine configuration...
[THYMELEAF] TEMPLATE ENGINE CONFIGURATION:
[THYMELEAF] * Thymeleaf version: 3.1.2.RELEASE (built 2023-07-30T19:25:50+0000)
[THYMELEAF] * Cache Manager implementation: org.thymeleaf.cache.StandardCacheManager
[THYMELEAF] * Template resolvers:
[THYMELEAF]     * [1] com.intuit.karate.template.ResourceHtmlTemplateResolver
[THYMELEAF] * Message resolvers:
[THYMELEAF]     * org.thymeleaf.messageresolver.StandardMessageResolver
[THYMELEAF] * Link builders:
[THYMELEAF]     * org.thymeleaf.linkbuilder.StandardLinkBuilder
[THYMELEAF] * Dialect [1 of 2]: Standard (com.intuit.karate.template.KarateStandardDialect)
[THYMELEAF]     * Prefix: "th"
[THYMELEAF]     * Processors for Template Mode: HTML
[THYMELEAF]         * Element Tag Processors by [matching element and attribute name] [precedence]:
[THYMELEAF]             * [* {th:include,data-th-include}] [100]: org.thymeleaf.standard.processor.StandardIncludeTagProcessor
[THYMELEAF]             * [* {th:insert,data-th-insert}] [100]: org.thymeleaf.standard.processor.StandardInsertTagProcessor
[THYMELEAF]             * [* {th:replace,data-th-replace}] [100]: org.thymeleaf.standard.processor.StandardReplaceTagProcessor
[THYMELEAF]             * [* {th:each,data-th-each}] [200]: com.intuit.karate.template.KarateEachTagProcessor
[THYMELEAF]             * [* {th:switch,data-th-switch}] [250]: org.thymeleaf.standard.processor.StandardSwitchTagProcessor
[THYMELEAF]             * [* {th:case,data-th-case}] [275]: org.thymeleaf.standard.processor.StandardCaseTagProcessor
[THYMELEAF]             * [* {th:if,data-th-if}] [300]: org.thymeleaf.standard.processor.StandardIfTagProcessor
[THYMELEAF]             * [* {th:unless,data-th-unless}] [400]: org.thymeleaf.standard.processor.StandardUnlessTagProcessor
[THYMELEAF]             * [* {th:object,data-th-object}] [500]: org.thymeleaf.standard.processor.StandardObjectTagProcessor
[THYMELEAF]             * [* {th:with,data-th-with}] [600]: com.intuit.karate.template.KarateWithTagProcessor
[THYMELEAF]             * [* {th:attr,data-th-attr}] [700]: com.intuit.karate.template.KarateAttributeTagProcessor.KarateAttrTagProcessor
[THYMELEAF]             * [* {th:attrappend,data-th-attrappend}] [900]: com.intuit.karate.template.KarateAttributeTagProcessor.KarateAttrappendTagProcessor
[THYMELEAF]             * [* {th:attrprepend,data-th-attrprepend}] [900]: com.intuit.karate.template.KarateAttributeTagProcessor.KarateAttrprependTagProcessor
[THYMELEAF]             * [* {th:alt-title,data-th-alt-title}] [990]: org.thymeleaf.standard.processor.StandardAltTitleTagProcessor
[THYMELEAF]             * [* {th:lang-xmllang,data-th-lang-xmllang}] [990]: org.thymeleaf.standard.processor.StandardLangXmlLangTagProcessor
[THYMELEAF]             * [* {th:action,data-th-action}] [1000]: org.thymeleaf.standard.processor.StandardActionTagProcessor
[THYMELEAF]             * [* {th:selected,data-th-selected}] [1000]: org.thymeleaf.standard.processor.StandardConditionalFixedValueTagProcessor
[THYMELEAF]             * [* {th:async,data-th-async}] [1000]: org.thymeleaf.standard.processor.StandardConditionalFixedValueTagProcessor
[THYMELEAF]             * [* {th:autoplay,data-th-autoplay}] [1000]: org.thymeleaf.standard.processor.StandardConditionalFixedValueTagProcessor
[THYMELEAF]             * [* {th:seamless,data-th-seamless}] [1000]: org.thymeleaf.standard.processor.StandardConditionalFixedValueTagProcessor
[THYMELEAF]             * [* {th:novalidate,data-th-novalidate}] [1000]: org.thymeleaf.standard.processor.StandardConditionalFixedValueTagProcessor
[THYMELEAF]             * [* {th:nowrap,data-th-nowrap}] [1000]: org.thymeleaf.standard.processor.StandardConditionalFixedValueTagProcessor
[THYMELEAF]             * [* {th:ismap,data-th-ismap}] [1000]: org.thymeleaf.standard.processor.StandardConditionalFixedValueTagProcessor
[THYMELEAF]             * [* {th:formnovalidate,data-th-formnovalidate}] [1000]: org.thymeleaf.standard.processor.StandardConditionalFixedValueTagProcessor
[THYMELEAF]             * [* {th:readonly,data-th-readonly}] [1000]: org.thymeleaf.standard.processor.StandardConditionalFixedValueTagProcessor
[THYMELEAF]             * [* {th:pubdate,data-th-pubdate}] [1000]: org.thymeleaf.standard.processor.StandardConditionalFixedValueTagProcessor
[THYMELEAF]             * [* {th:defer,data-th-defer}] [1000]: org.thymeleaf.standard.processor.StandardConditionalFixedValueTagProcessor
[THYMELEAF]             * [* {th:autofocus,data-th-autofocus}] [1000]: org.thymeleaf.standard.processor.StandardConditionalFixedValueTagProcessor
[THYMELEAF]             * [* {th:loop,data-th-loop}] [1000]: org.thymeleaf.standard.processor.StandardConditionalFixedValueTagProcessor
[THYMELEAF]             * [* {th:scoped,data-th-scoped}] [1000]: org.thymeleaf.standard.processor.StandardConditionalFixedValueTagProcessor
[THYMELEAF]             * [* {th:checked,data-th-checked}] [1000]: org.thymeleaf.standard.processor.StandardConditionalFixedValueTagProcessor
[THYMELEAF]             * [* {th:default,data-th-default}] [1000]: org.thymeleaf.standard.processor.StandardConditionalFixedValueTagProcessor
[THYMELEAF]             * [* {th:hidden,data-th-hidden}] [1000]: org.thymeleaf.standard.processor.StandardConditionalFixedValueTagProcessor
[THYMELEAF]             * [* {th:disabled,data-th-disabled}] [1000]: org.thymeleaf.standard.processor.StandardConditionalFixedValueTagProcessor
[THYMELEAF]             * [* {th:required,data-th-required}] [1000]: org.thymeleaf.standard.processor.StandardConditionalFixedValueTagProcessor
[THYMELEAF]             * [* {th:reversed,data-th-reversed}] [1000]: org.thymeleaf.standard.processor.StandardConditionalFixedValueTagProcessor
[THYMELEAF]             * [* {th:controls,data-th-controls}] [1000]: org.thymeleaf.standard.processor.StandardConditionalFixedValueTagProcessor
[THYMELEAF]             * [* {th:multiple,data-th-multiple}] [1000]: org.thymeleaf.standard.processor.StandardConditionalFixedValueTagProcessor
[THYMELEAF]             * [* {th:open,data-th-open}] [1000]: org.thymeleaf.standard.processor.StandardConditionalFixedValueTagProcessor
[THYMELEAF]             * [* {th:declare,data-th-declare}] [1000]: org.thymeleaf.standard.processor.StandardConditionalFixedValueTagProcessor
[THYMELEAF]             * [* {th:ondblclick,data-th-ondblclick}] [1000]: org.thymeleaf.standard.processor.StandardDOMEventAttributeTagProcessor
[THYMELEAF]             * [* {th:onsubmit,data-th-onsubmit}] [1000]: org.thymeleaf.standard.processor.StandardDOMEventAttributeTagProcessor
[THYMELEAF]             * [* {th:onmousemove,data-th-onmousemove}] [1000]: org.thymeleaf.standard.processor.StandardDOMEventAttributeTagProcessor
[THYMELEAF]             * [* {th:onresize,data-th-onresize}] [1000]: org.thymeleaf.standard.processor.StandardDOMEventAttributeTagProcessor
[THYMELEAF]             * [* {th:onforminput,data-th-onforminput}] [1000]: org.thymeleaf.standard.processor.StandardDOMEventAttributeTagProcessor
[THYMELEAF]             * [* {th:ondrop,data-th-ondrop}] [1000]: org.thymeleaf.standard.processor.StandardDOMEventAttributeTagProcessor
[THYMELEAF]             * [* {th:onredo,data-th-onredo}] [1000]: org.thymeleaf.standard.processor.StandardDOMEventAttributeTagProcessor
[THYMELEAF]             * [* {th:onprogress,data-th-onprogress}] [1000]: org.thymeleaf.standard.processor.StandardDOMEventAttributeTagProcessor
[THYMELEAF]             * [* {th:onseeked,data-th-onseeked}] [1000]: org.thymeleaf.standard.processor.StandardDOMEventAttributeTagProcessor
[THYMELEAF]             * [* {th:onkeypress,data-th-onkeypress}] [1000]: org.thymeleaf.standard.processor.StandardDOMEventAttributeTagProcessor
[THYMELEAF]             * [* {th:onbeforeunload,data-th-onbeforeunload}] [1000]: org.thymeleaf.standard.processor.StandardDOMEventAttributeTagProcessor
[THYMELEAF]             * [* {th:onended,data-th-onended}] [1000]: org.thymeleaf.standard.processor.StandardDOMEventAttributeTagProcessor
[THYMELEAF]             * [* {th:onscroll,data-th-onscroll}] [1000]: org.thymeleaf.standard.processor.StandardDOMEventAttributeTagProcessor
[THYMELEAF]             * [* {th:ondragleave,data-th-ondragleave}] [1000]: org.thymeleaf.standard.processor.StandardDOMEventAttributeTagProcessor
[THYMELEAF]             * [* {th:onwaiting,data-th-onwaiting}] [1000]: org.thymeleaf.standard.processor.StandardDOMEventAttributeTagProcessor
[THYMELEAF]             * [* {th:onemptied,data-th-onemptied}] [1000]: org.thymeleaf.standard.processor.StandardDOMEventAttributeTagProcessor
[THYMELEAF]             * [* {th:onsuspend,data-th-onsuspend}] [1000]: org.thymeleaf.standard.processor.StandardDOMEventAttributeTagProcessor
[THYMELEAF]             * [* {th:onreadystatechange,data-th-onreadystatechange}] [1000]: org.thymeleaf.standard.processor.StandardDOMEventAttributeTagProcessor
[THYMELEAF]             * [* {th:onkeyup,data-th-onkeyup}] [1000]: org.thymeleaf.standard.processor.StandardDOMEventAttributeTagProcessor
[THYMELEAF]             * [* {th:onloadstart,data-th-onloadstart}] [1000]: org.thymeleaf.standard.processor.StandardDOMEventAttributeTagProcessor
[THYMELEAF]             * [* {th:onkeydown,data-th-onkeydown}] [1000]: org.thymeleaf.standard.processor.StandardDOMEventAttributeTagProcessor
[THYMELEAF]             * [* {th:ondragend,data-th-ondragend}] [1000]: org.thymeleaf.standard.processor.StandardDOMEventAttributeTagProcessor
[THYMELEAF]             * [* {th:onvolumechange,data-th-onvolumechange}] [1000]: org.thymeleaf.standard.processor.StandardDOMEventAttributeTagProcessor
[THYMELEAF]             * [* {th:onplay,data-th-onplay}] [1000]: org.thymeleaf.standard.processor.StandardDOMEventAttributeTagProcessor
[THYMELEAF]             * [* {th:onundo,data-th-onundo}] [1000]: org.thymeleaf.standard.processor.StandardDOMEventAttributeTagProcessor
[THYMELEAF]             * [* {th:onmouseout,data-th-onmouseout}] [1000]: org.thymeleaf.standard.processor.StandardDOMEventAttributeTagProcessor
[THYMELEAF]             * [* {th:onfocus,data-th-onfocus}] [1000]: org.thymeleaf.standard.processor.StandardDOMEventAttributeTagProcessor
[THYMELEAF]             * [* {th:onclick,data-th-onclick}] [1000]: org.thymeleaf.standard.processor.StandardDOMEventAttributeTagProcessor
[THYMELEAF]             * [* {th:onselect,data-th-onselect}] [1000]: org.thymeleaf.standard.processor.StandardDOMEventAttributeTagProcessor
[THYMELEAF]             * [* {th:onmouseup,data-th-onmouseup}] [1000]: org.thymeleaf.standard.processor.StandardDOMEventAttributeTagProcessor
[THYMELEAF]             * [* {th:ontimeupdate,data-th-ontimeupdate}] [1000]: org.thymeleaf.standard.processor.StandardDOMEventAttributeTagProcessor
[THYMELEAF]             * [* {th:onloadedmetadata,data-th-onloadedmetadata}] [1000]: org.thymeleaf.standard.processor.StandardDOMEventAttributeTagProcessor
[THYMELEAF]             * [* {th:onmouseover,data-th-onmouseover}] [1000]: org.thymeleaf.standard.processor.StandardDOMEventAttributeTagProcessor
[THYMELEAF]             * [* {th:onpopstate,data-th-onpopstate}] [1000]: org.thymeleaf.standard.processor.StandardDOMEventAttributeTagProcessor
[THYMELEAF]             * [* {th:onblur,data-th-onblur}] [1000]: org.thymeleaf.standard.processor.StandardDOMEventAttributeTagProcessor
[THYMELEAF]             * [* {th:onerror,data-th-onerror}] [1000]: org.thymeleaf.standard.processor.StandardDOMEventAttributeTagProcessor
[THYMELEAF]             * [* {th:onmousewheel,data-th-onmousewheel}] [1000]: org.thymeleaf.standard.processor.StandardDOMEventAttributeTagProcessor
[THYMELEAF]             * [* {th:onformchange,data-th-onformchange}] [1000]: org.thymeleaf.standard.processor.StandardDOMEventAttributeTagProcessor
[THYMELEAF]             * [* {th:oninput,data-th-oninput}] [1000]: org.thymeleaf.standard.processor.StandardDOMEventAttributeTagProcessor
[THYMELEAF]             * [* {th:onabort,data-th-onabort}] [1000]: org.thymeleaf.standard.processor.StandardDOMEventAttributeTagProcessor
[THYMELEAF]             * [* {th:onstalled,data-th-onstalled}] [1000]: org.thymeleaf.standard.processor.StandardDOMEventAttributeTagProcessor
[THYMELEAF]             * [* {th:onpause,data-th-onpause}] [1000]: org.thymeleaf.standard.processor.StandardDOMEventAttributeTagProcessor
[THYMELEAF]             * [* {th:oncontextmenu,data-th-oncontextmenu}] [1000]: org.thymeleaf.standard.processor.StandardDOMEventAttributeTagProcessor
[THYMELEAF]             * [* {th:onmousedown,data-th-onmousedown}] [1000]: org.thymeleaf.standard.processor.StandardDOMEventAttributeTagProcessor
[THYMELEAF]             * [* {th:oncanplay,data-th-oncanplay}] [1000]: org.thymeleaf.standard.processor.StandardDOMEventAttributeTagProcessor
[THYMELEAF]             * [* {th:onchange,data-th-onchange}] [1000]: org.thymeleaf.standard.processor.StandardDOMEventAttributeTagProcessor
[THYMELEAF]             * [* {th:ondragstart,data-th-ondragstart}] [1000]: org.thymeleaf.standard.processor.StandardDOMEventAttributeTagProcessor
[THYMELEAF]             * [* {th:oncanplaythrough,data-th-oncanplaythrough}] [1000]: org.thymeleaf.standard.processor.StandardDOMEventAttributeTagProcessor
[THYMELEAF]             * [* {th:onplaying,data-th-onplaying}] [1000]: org.thymeleaf.standard.processor.StandardDOMEventAttributeTagProcessor
[THYMELEAF]             * [* {th:onoffline,data-th-onoffline}] [1000]: org.thymeleaf.standard.processor.StandardDOMEventAttributeTagProcessor
[THYMELEAF]             * [* {th:onhashchange,data-th-onhashchange}] [1000]: org.thymeleaf.standard.processor.StandardDOMEventAttributeTagProcessor
[THYMELEAF]             * [* {th:onseeking,data-th-onseeking}] [1000]: org.thymeleaf.standard.processor.StandardDOMEventAttributeTagProcessor
[THYMELEAF]             * [* {th:ononline,data-th-ononline}] [1000]: org.thymeleaf.standard.processor.StandardDOMEventAttributeTagProcessor
[THYMELEAF]             * [* {th:ondurationchange,data-th-ondurationchange}] [1000]: org.thymeleaf.standard.processor.StandardDOMEventAttributeTagProcessor
[THYMELEAF]             * [* {th:onmessage,data-th-onmessage}] [1000]: org.thymeleaf.standard.processor.StandardDOMEventAttributeTagProcessor
[THYMELEAF]             * [* {th:ondrag,data-th-ondrag}] [1000]: org.thymeleaf.standard.processor.StandardDOMEventAttributeTagProcessor
[THYMELEAF]             * [* {th:onafterprint,data-th-onafterprint}] [1000]: org.thymeleaf.standard.processor.StandardDOMEventAttributeTagProcessor
[THYMELEAF]             * [* {th:ondragenter,data-th-ondragenter}] [1000]: org.thymeleaf.standard.processor.StandardDOMEventAttributeTagProcessor
[THYMELEAF]             * [* {th:onratechange,data-th-onratechange}] [1000]: org.thymeleaf.standard.processor.StandardDOMEventAttributeTagProcessor
[THYMELEAF]             * [* {th:onreset,data-th-onreset}] [1000]: org.thymeleaf.standard.processor.StandardDOMEventAttributeTagProcessor
[THYMELEAF]             * [* {th:oninvalid,data-th-oninvalid}] [1000]: org.thymeleaf.standard.processor.StandardDOMEventAttributeTagProcessor
[THYMELEAF]             * [* {th:onshow,data-th-onshow}] [1000]: org.thymeleaf.standard.processor.StandardDOMEventAttributeTagProcessor
[THYMELEAF]             * [* {th:onbeforeprint,data-th-onbeforeprint}] [1000]: org.thymeleaf.standard.processor.StandardDOMEventAttributeTagProcessor
[THYMELEAF]             * [* {th:onload,data-th-onload}] [1000]: org.thymeleaf.standard.processor.StandardDOMEventAttributeTagProcessor
[THYMELEAF]             * [* {th:ondragover,data-th-ondragover}] [1000]: org.thymeleaf.standard.processor.StandardDOMEventAttributeTagProcessor
[THYMELEAF]             * [* {th:onloadeddata,data-th-onloadeddata}] [1000]: org.thymeleaf.standard.processor.StandardDOMEventAttributeTagProcessor
[THYMELEAF]             * [* {th:onstorage,data-th-onstorage}] [1000]: org.thymeleaf.standard.processor.StandardDOMEventAttributeTagProcessor
[THYMELEAF]             * [* {th:onunload,data-th-onunload}] [1000]: org.thymeleaf.standard.processor.StandardDOMEventAttributeTagProcessor
[THYMELEAF]             * [* {th:href,data-th-href}] [1000]: org.thymeleaf.standard.processor.StandardHrefTagProcessor
[THYMELEAF]             * [* {th:inline,data-th-inline}] [1000]: org.thymeleaf.standard.processor.StandardInlineHTMLTagProcessor
[THYMELEAF]             * [* {th:method,data-th-method}] [1000]: org.thymeleaf.standard.processor.StandardMethodTagProcessor
[THYMELEAF]             * [* {th:name,data-th-name}] [1000]: org.thymeleaf.standard.processor.StandardNonRemovableAttributeTagProcessor
[THYMELEAF]             * [* {th:type,data-th-type}] [1000]: org.thymeleaf.standard.processor.StandardNonRemovableAttributeTagProcessor
[THYMELEAF]             * [* {th:valuetype,data-th-valuetype}] [1000]: org.thymeleaf.standard.processor.StandardRemovableAttributeTagProcessor
[THYMELEAF]             * [* {th:min,data-th-min}] [1000]: org.thymeleaf.standard.processor.StandardRemovableAttributeTagProcessor
[THYMELEAF]             * [* {th:cite,data-th-cite}] [1000]: org.thymeleaf.standard.processor.StandardRemovableAttributeTagProcessor
[THYMELEAF]             * [* {th:wrap,data-th-wrap}] [1000]: org.thymeleaf.standard.processor.StandardRemovableAttributeTagProcessor
[THYMELEAF]             * [* {th:span,data-th-span}] [1000]: org.thymeleaf.standard.processor.StandardRemovableAttributeTagProcessor
[THYMELEAF]             * [* {th:axis,data-th-axis}] [1000]: org.thymeleaf.standard.processor.StandardRemovableAttributeTagProcessor
[THYMELEAF]             * [* {th:marginheight,data-th-marginheight}] [1000]: org.thymeleaf.standard.processor.StandardRemovableAttributeTagProcessor
[THYMELEAF]             * [* {th:draggable,data-th-draggable}] [1000]: org.thymeleaf.standard.processor.StandardRemovableAttributeTagProcessor
[THYMELEAF]             * [* {th:archive,data-th-archive}] [1000]: org.thymeleaf.standard.processor.StandardRemovableAttributeTagProcessor
[THYMELEAF]             * [* {th:frameborder,data-th-frameborder}] [1000]: org.thymeleaf.standard.processor.StandardRemovableAttributeTagProcessor
[THYMELEAF]             * [* {th:rowspan,data-th-rowspan}] [1000]: org.thymeleaf.standard.processor.StandardRemovableAttributeTagProcessor
[THYMELEAF]             * [* {th:sandbox,data-th-sandbox}] [1000]: org.thymeleaf.standard.processor.StandardRemovableAttributeTagProcessor
[THYMELEAF]             * [* {th:size,data-th-size}] [1000]: org.thymeleaf.standard.processor.StandardRemovableAttributeTagProcessor
[THYMELEAF]             * [* {th:dropzone,data-th-dropzone}] [1000]: org.thymeleaf.standard.processor.StandardRemovableAttributeTagProcessor
[THYMELEAF]             * [* {th:accept-charset,data-th-accept-charset}] [1000]: org.thymeleaf.standard.processor.StandardRemovableAttributeTagProcessor
[THYMELEAF]             * [* {th:formtarget,data-th-formtarget}] [1000]: org.thymeleaf.standard.processor.StandardRemovableAttributeTagProcessor
[THYMELEAF]             * [* {th:title,data-th-title}] [1000]: org.thymeleaf.standard.processor.StandardRemovableAttributeTagProcessor
[THYMELEAF]             * [* {th:accept,data-th-accept}] [1000]: org.thymeleaf.standard.processor.StandardRemovableAttributeTagProcessor
[THYMELEAF]             * [* {th:bgcolor,data-th-bgcolor}] [1000]: org.thymeleaf.standard.processor.StandardRemovableAttributeTagProcessor
[THYMELEAF]             * [* {th:cols,data-th-cols}] [1000]: org.thymeleaf.standard.processor.StandardRemovableAttributeTagProcessor
[THYMELEAF]             * [* {th:abbr,data-th-abbr}] [1000]: org.thymeleaf.standard.processor.StandardRemovableAttributeTagProcessor
[THYMELEAF]             * [* {th:scrolling,data-th-scrolling}] [1000]: org.thymeleaf.standard.processor.StandardRemovableAttributeTagProcessor
[THYMELEAF]             * [* {th:rev,data-th-rev}] [1000]: org.thymeleaf.standard.processor.StandardRemovableAttributeTagProcessor
[THYMELEAF]             * [* {th:rules,data-th-rules}] [1000]: org.thymeleaf.standard.processor.StandardRemovableAttributeTagProcessor
[THYMELEAF]             * [* {th:label,data-th-label}] [1000]: org.thymeleaf.standard.processor.StandardRemovableAttributeTagProcessor
[THYMELEAF]             * [* {th:usemap,data-th-usemap}] [1000]: org.thymeleaf.standard.processor.StandardRemovableAttributeTagProcessor
[THYMELEAF]             * [* {th:id,data-th-id}] [1000]: org.thymeleaf.standard.processor.StandardRemovableAttributeTagProcessor
[THYMELEAF]             * [* {th:classid,data-th-classid}] [1000]: org.thymeleaf.standard.processor.StandardRemovableAttributeTagProcessor
[THYMELEAF]             * [* {th:frame,data-th-frame}] [1000]: org.thymeleaf.standard.processor.StandardRemovableAttributeTagProcessor
[THYMELEAF]             * [* {th:summary,data-th-summary}] [1000]: org.thymeleaf.standard.processor.StandardRemovableAttributeTagProcessor
[THYMELEAF]             * [* {th:form,data-th-form}] [1000]: org.thymeleaf.standard.processor.StandardRemovableAttributeTagProcessor
[THYMELEAF]             * [* {th:rel,data-th-rel}] [1000]: org.thymeleaf.standard.processor.StandardRemovableAttributeTagProcessor
[THYMELEAF]             * [* {th:manifest,data-th-manifest}] [1000]: org.thymeleaf.standard.processor.StandardRemovableAttributeTagProcessor
[THYMELEAF]             * [* {th:low,data-th-low}] [1000]: org.thymeleaf.standard.processor.StandardRemovableAttributeTagProcessor
[THYMELEAF]             * [* {th:vspace,data-th-vspace}] [1000]: org.thymeleaf.standard.processor.StandardRemovableAttributeTagProcessor
[THYMELEAF]             * [* {th:datetime,data-th-datetime}] [1000]: org.thymeleaf.standard.processor.StandardRemovableAttributeTagProcessor
[THYMELEAF]             * [* {th:sizes,data-th-sizes}] [1000]: org.thymeleaf.standard.processor.StandardRemovableAttributeTagProcessor
[THYMELEAF]             * [* {th:kind,data-th-kind}] [1000]: org.thymeleaf.standard.processor.StandardRemovableAttributeTagProcessor
[THYMELEAF]             * [* {th:colspan,data-th-colspan}] [1000]: org.thymeleaf.standard.processor.StandardRemovableAttributeTagProcessor
[THYMELEAF]             * [* {th:scope,data-th-scope}] [1000]: org.thymeleaf.standard.processor.StandardRemovableAttributeTagProcessor
[THYMELEAF]             * [* {th:class,data-th-class}] [1000]: org.thymeleaf.standard.processor.StandardRemovableAttributeTagProcessor
[THYMELEAF]             * [* {th:dir,data-th-dir}] [1000]: org.thymeleaf.standard.processor.StandardRemovableAttributeTagProcessor
[THYMELEAF]             * [* {th:preload,data-th-preload}] [1000]: org.thymeleaf.standard.processor.StandardRemovableAttributeTagProcessor
[THYMELEAF]             * [* {th:background,data-th-background}] [1000]: org.thymeleaf.standard.processor.StandardRemovableAttributeTagProcessor
[THYMELEAF]             * [* {th:data,data-th-data}] [1000]: org.thymeleaf.standard.processor.StandardRemovableAttributeTagProcessor
[THYMELEAF]             * [* {th:longdesc,data-th-longdesc}] [1000]: org.thymeleaf.standard.processor.StandardRemovableAttributeTagProcessor
[THYMELEAF]             * [* {th:autocomplete,data-th-autocomplete}] [1000]: org.thymeleaf.standard.processor.StandardRemovableAttributeTagProcessor
[THYMELEAF]             * [* {th:challenge,data-th-challenge}] [1000]: org.thymeleaf.standard.processor.StandardRemovableAttributeTagProcessor
[THYMELEAF]             * [* {th:enctype,data-th-enctype}] [1000]: org.thymeleaf.standard.processor.StandardRemovableAttributeTagProcessor
[THYMELEAF]             * [* {th:http-equiv,data-th-http-equiv}] [1000]: org.thymeleaf.standard.processor.StandardRemovableAttributeTagProcessor
[THYMELEAF]             * [* {th:scheme,data-th-scheme}] [1000]: org.thymeleaf.standard.processor.StandardRemovableAttributeTagProcessor
[THYMELEAF]             * [* {th:max,data-th-max}] [1000]: org.thymeleaf.standard.processor.StandardRemovableAttributeTagProcessor
[THYMELEAF]             * [* {th:border,data-th-border}] [1000]: org.thymeleaf.standard.processor.StandardRemovableAttributeTagProcessor
[THYMELEAF]             * [* {th:target,data-th-target}] [1000]: org.thymeleaf.standard.processor.StandardRemovableAttributeTagProcessor
[THYMELEAF]             * [* {th:start,data-th-start}] [1000]: org.thymeleaf.standard.processor.StandardRemovableAttributeTagProcessor
[THYMELEAF]             * [* {th:rows,data-th-rows}] [1000]: org.thymeleaf.standard.processor.StandardRemovableAttributeTagProcessor
[THYMELEAF]             * [* {th:formenctype,data-th-formenctype}] [1000]: org.thymeleaf.standard.processor.StandardRemovableAttributeTagProcessor
[THYMELEAF]             * [* {th:poster,data-th-poster}] [1000]: org.thymeleaf.standard.processor.StandardRemovableAttributeTagProcessor
[THYMELEAF]             * [* {th:style,data-th-style}] [1000]: org.thymeleaf.standard.processor.StandardRemovableAttributeTagProcessor
[THYMELEAF]             * [* {th:content,data-th-content}] [1000]: org.thymeleaf.standard.processor.StandardRemovableAttributeTagProcessor
[THYMELEAF]             * [* {th:list,data-th-list}] [1000]: org.thymeleaf.standard.processor.StandardRemovableAttributeTagProcessor
[THYMELEAF]             * [* {th:media,data-th-media}] [1000]: org.thymeleaf.standard.processor.StandardRemovableAttributeTagProcessor
[THYMELEAF]             * [* {th:alt,data-th-alt}] [1000]: org.thymeleaf.standard.processor.StandardRemovableAttributeTagProcessor
[THYMELEAF]             * [* {th:icon,data-th-icon}] [1000]: org.thymeleaf.standard.processor.StandardRemovableAttributeTagProcessor
[THYMELEAF]             * [* {th:placeholder,data-th-placeholder}] [1000]: org.thymeleaf.standard.processor.StandardRemovableAttributeTagProcessor
[THYMELEAF]             * [* {th:hspace,data-th-hspace}] [1000]: org.thymeleaf.standard.processor.StandardRemovableAttributeTagProcessor
[THYMELEAF]             * [* {th:contextmenu,data-th-contextmenu}] [1000]: org.thymeleaf.standard.processor.StandardRemovableAttributeTagProcessor
[THYMELEAF]             * [* {th:accesskey,data-th-accesskey}] [1000]: org.thymeleaf.standard.processor.StandardRemovableAttributeTagProcessor
[THYMELEAF]             * [* {th:radiogroup,data-th-radiogroup}] [1000]: org.thymeleaf.standard.processor.StandardRemovableAttributeTagProcessor
[THYMELEAF]             * [* {th:step,data-th-step}] [1000]: org.thymeleaf.standard.processor.StandardRemovableAttributeTagProcessor
[THYMELEAF]             * [* {th:standby,data-th-standby}] [1000]: org.thymeleaf.standard.processor.StandardRemovableAttributeTagProcessor
[THYMELEAF]             * [* {th:compact,data-th-compact}] [1000]: org.thymeleaf.standard.processor.StandardRemovableAttributeTagProcessor
[THYMELEAF]             * [* {th:align,data-th-align}] [1000]: org.thymeleaf.standard.processor.StandardRemovableAttributeTagProcessor
[THYMELEAF]             * [* {th:codebase,data-th-codebase}] [1000]: org.thymeleaf.standard.processor.StandardRemovableAttributeTagProcessor
[THYMELEAF]             * [* {th:pattern,data-th-pattern}] [1000]: org.thymeleaf.standard.processor.StandardRemovableAttributeTagProcessor
[THYMELEAF]             * [* {th:maxlength,data-th-maxlength}] [1000]: org.thymeleaf.standard.processor.StandardRemovableAttributeTagProcessor
[THYMELEAF]             * [* {th:contenteditable,data-th-contenteditable}] [1000]: org.thymeleaf.standard.processor.StandardRemovableAttributeTagProcessor
[THYMELEAF]             * [* {th:spellcheck,data-th-spellcheck}] [1000]: org.thymeleaf.standard.processor.StandardRemovableAttributeTagProcessor
[THYMELEAF]             * [* {th:lang,data-th-lang}] [1000]: org.thymeleaf.standard.processor.StandardRemovableAttributeTagProcessor
[THYMELEAF]             * [* {th:srclang,data-th-srclang}] [1000]: org.thymeleaf.standard.processor.StandardRemovableAttributeTagProcessor
[THYMELEAF]             * [* {th:audio,data-th-audio}] [1000]: org.thymeleaf.standard.processor.StandardRemovableAttributeTagProcessor
[THYMELEAF]             * [* {th:codetype,data-th-codetype}] [1000]: org.thymeleaf.standard.processor.StandardRemovableAttributeTagProcessor
[THYMELEAF]             * [* {th:keytype,data-th-keytype}] [1000]: org.thymeleaf.standard.processor.StandardRemovableAttributeTagProcessor
[THYMELEAF]             * [* {th:width,data-th-width}] [1000]: org.thymeleaf.standard.processor.StandardRemovableAttributeTagProcessor
[THYMELEAF]             * [* {th:formaction,data-th-formaction}] [1000]: org.thymeleaf.standard.processor.StandardRemovableAttributeTagProcessor
[THYMELEAF]             * [* {th:formmethod,data-th-formmethod}] [1000]: org.thymeleaf.standard.processor.StandardRemovableAttributeTagProcessor
[THYMELEAF]             * [* {th:hreflang,data-th-hreflang}] [1000]: org.thymeleaf.standard.processor.StandardRemovableAttributeTagProcessor
[THYMELEAF]             * [* {th:optimum,data-th-optimum}] [1000]: org.thymeleaf.standard.processor.StandardRemovableAttributeTagProcessor
[THYMELEAF]             * [* {th:high,data-th-high}] [1000]: org.thymeleaf.standard.processor.StandardRemovableAttributeTagProcessor
[THYMELEAF]             * [* {th:cellpadding,data-th-cellpadding}] [1000]: org.thymeleaf.standard.processor.StandardRemovableAttributeTagProcessor
[THYMELEAF]             * [* {th:headers,data-th-headers}] [1000]: org.thymeleaf.standard.processor.StandardRemovableAttributeTagProcessor
[THYMELEAF]             * [* {th:for,data-th-for}] [1000]: org.thymeleaf.standard.processor.StandardRemovableAttributeTagProcessor
[THYMELEAF]             * [* {th:marginwidth,data-th-marginwidth}] [1000]: org.thymeleaf.standard.processor.StandardRemovableAttributeTagProcessor
[THYMELEAF]             * [* {th:tabindex,data-th-tabindex}] [1000]: org.thymeleaf.standard.processor.StandardRemovableAttributeTagProcessor
[THYMELEAF]             * [* {th:charset,data-th-charset}] [1000]: org.thymeleaf.standard.processor.StandardRemovableAttributeTagProcessor
[THYMELEAF]             * [* {th:height,data-th-height}] [1000]: org.thymeleaf.standard.processor.StandardRemovableAttributeTagProcessor
[THYMELEAF]             * [* {th:cellspacing,data-th-cellspacing}] [1000]: org.thymeleaf.standard.processor.StandardRemovableAttributeTagProcessor
[THYMELEAF]             * [* {th:src,data-th-src}] [1000]: org.thymeleaf.standard.processor.StandardSrcTagProcessor
[THYMELEAF]             * [* {th:value,data-th-value}] [1000]: org.thymeleaf.standard.processor.StandardValueTagProcessor
[THYMELEAF]             * [* {th:xmlbase,data-th-xmlbase}] [1000]: org.thymeleaf.standard.processor.StandardXmlBaseTagProcessor
[THYMELEAF]             * [* {th:xmllang,data-th-xmllang}] [1000]: org.thymeleaf.standard.processor.StandardXmlLangTagProcessor
[THYMELEAF]             * [* {xmlns:th}] [1000]: org.thymeleaf.standard.processor.StandardXmlNsTagProcessor
[THYMELEAF]             * [* {th:xmlspace,data-th-xmlspace}] [1000]: org.thymeleaf.standard.processor.StandardXmlSpaceTagProcessor
[THYMELEAF]             * [* {th:classappend,data-th-classappend}] [1100]: org.thymeleaf.standard.processor.StandardClassappendTagProcessor
[THYMELEAF]             * [* {th:styleappend,data-th-styleappend}] [1100]: org.thymeleaf.standard.processor.StandardStyleappendTagProcessor
[THYMELEAF]             * [* {th:text,data-th-text}] [1300]: org.thymeleaf.standard.processor.StandardTextTagProcessor
[THYMELEAF]             * [* {th:utext,data-th-utext}] [1400]: org.thymeleaf.standard.processor.StandardUtextTagProcessor
[THYMELEAF]             * [* {th:fragment,data-th-fragment}] [1500]: org.thymeleaf.standard.processor.StandardFragmentTagProcessor
[THYMELEAF]             * [* {th:assert,data-th-assert}] [1550]: org.thymeleaf.standard.processor.StandardAssertTagProcessor
[THYMELEAF]             * [* {th:remove,data-th-remove}] [1600]: org.thymeleaf.standard.processor.StandardRemoveTagProcessor
[THYMELEAF]             * [* {th:ref,data-th-ref}] [10000]: org.thymeleaf.standard.processor.StandardRefAttributeTagProcessor
[THYMELEAF]             * [{th:block,th-block} *] [100000]: org.thymeleaf.standard.processor.StandardBlockTagProcessor
[THYMELEAF]             * [* th:*] [2147483647]: org.thymeleaf.standard.processor.StandardDefaultAttributesTagProcessor
[THYMELEAF]         * Text Processors by [precedence]:
[THYMELEAF]             * [1000]: org.thymeleaf.standard.processor.StandardInliningTextProcessor
[THYMELEAF]         * DOCTYPE Processors by [precedence]:
[THYMELEAF]             * [1000]: org.thymeleaf.standard.processor.StandardTranslationDocTypeProcessor
[THYMELEAF]         * CDATA Section Processors by [precedence]:
[THYMELEAF]             * [1000]: org.thymeleaf.standard.processor.StandardInliningCDATASectionProcessor
[THYMELEAF]         * Comment Processors by [precedence]:
[THYMELEAF]             * [1000]: org.thymeleaf.standard.processor.StandardInliningCommentProcessor
[THYMELEAF]             * [1100]: org.thymeleaf.standard.processor.StandardConditionalCommentProcessor
[THYMELEAF]     * Processors for Template Mode: XML
[THYMELEAF]         * Element Tag Processors by [matching element and attribute name] [precedence]:
[THYMELEAF]             * [* {th:include}] [100]: org.thymeleaf.standard.processor.StandardIncludeTagProcessor
[THYMELEAF]             * [* {th:insert}] [100]: org.thymeleaf.standard.processor.StandardInsertTagProcessor
[THYMELEAF]             * [* {th:replace}] [100]: org.thymeleaf.standard.processor.StandardReplaceTagProcessor
[THYMELEAF]             * [* {th:each}] [200]: com.intuit.karate.template.KarateEachTagProcessor
[THYMELEAF]             * [* {th:switch}] [250]: org.thymeleaf.standard.processor.StandardSwitchTagProcessor
[THYMELEAF]             * [* {th:case}] [275]: org.thymeleaf.standard.processor.StandardCaseTagProcessor
[THYMELEAF]             * [* {th:if}] [300]: org.thymeleaf.standard.processor.StandardIfTagProcessor
[THYMELEAF]             * [* {th:unless}] [400]: org.thymeleaf.standard.processor.StandardUnlessTagProcessor
[THYMELEAF]             * [* {th:object}] [500]: org.thymeleaf.standard.processor.StandardObjectTagProcessor
[THYMELEAF]             * [* {th:with}] [600]: com.intuit.karate.template.KarateWithTagProcessor
[THYMELEAF]             * [* {th:attr}] [700]: com.intuit.karate.template.KarateAttributeTagProcessor.KarateAttrTagProcessor
[THYMELEAF]             * [* {th:attrappend}] [900]: com.intuit.karate.template.KarateAttributeTagProcessor.KarateAttrappendTagProcessor
[THYMELEAF]             * [* {th:attrprepend}] [900]: com.intuit.karate.template.KarateAttributeTagProcessor.KarateAttrprependTagProcessor
[THYMELEAF]             * [* {th:inline}] [1000]: org.thymeleaf.standard.processor.StandardInlineXMLTagProcessor
[THYMELEAF]             * [* {xmlns:th}] [1000]: org.thymeleaf.standard.processor.StandardXmlNsTagProcessor
[THYMELEAF]             * [* {th:text}] [1300]: org.thymeleaf.standard.processor.StandardTextTagProcessor
[THYMELEAF]             * [* {th:utext}] [1400]: org.thymeleaf.standard.processor.StandardUtextTagProcessor
[THYMELEAF]             * [* {th:fragment}] [1500]: org.thymeleaf.standard.processor.StandardFragmentTagProcessor
[THYMELEAF]             * [* {th:assert}] [1550]: org.thymeleaf.standard.processor.StandardAssertTagProcessor
[THYMELEAF]             * [* {th:remove}] [1600]: org.thymeleaf.standard.processor.StandardRemoveTagProcessor
[THYMELEAF]             * [* {th:ref}] [10000]: org.thymeleaf.standard.processor.StandardRefAttributeTagProcessor
[THYMELEAF]             * [{th:block} *] [100000]: org.thymeleaf.standard.processor.StandardBlockTagProcessor
[THYMELEAF]             * [* th:*] [2147483647]: org.thymeleaf.standard.processor.StandardDefaultAttributesTagProcessor
[THYMELEAF]         * Text Processors by [precedence]:
[THYMELEAF]             * [1000]: org.thymeleaf.standard.processor.StandardInliningTextProcessor
[THYMELEAF]         * CDATA Section Processors by [precedence]:
[THYMELEAF]             * [1000]: org.thymeleaf.standard.processor.StandardInliningCDATASectionProcessor
[THYMELEAF]         * Comment Processors by [precedence]:
[THYMELEAF]             * [1000]: org.thymeleaf.standard.processor.StandardInliningCommentProcessor
[THYMELEAF]     * Processors for Template Mode: TEXT
[THYMELEAF]         * Element Tag Processors by [matching element and attribute name] [precedence]:
[THYMELEAF]             * [* {th:insert}] [100]: org.thymeleaf.standard.processor.StandardInsertTagProcessor
[THYMELEAF]             * [* {th:replace}] [100]: org.thymeleaf.standard.processor.StandardReplaceTagProcessor
[THYMELEAF]             * [* {th:each}] [200]: com.intuit.karate.template.KarateEachTagProcessor
[THYMELEAF]             * [* {th:switch}] [250]: org.thymeleaf.standard.processor.StandardSwitchTagProcessor
[THYMELEAF]             * [* {th:case}] [275]: org.thymeleaf.standard.processor.StandardCaseTagProcessor
[THYMELEAF]             * [* {th:if}] [300]: org.thymeleaf.standard.processor.StandardIfTagProcessor
[THYMELEAF]             * [* {th:unless}] [400]: org.thymeleaf.standard.processor.StandardUnlessTagProcessor
[THYMELEAF]             * [* {th:object}] [500]: org.thymeleaf.standard.processor.StandardObjectTagProcessor
[THYMELEAF]             * [* {th:with}] [600]: com.intuit.karate.template.KarateWithTagProcessor
[THYMELEAF]             * [* {th:inline}] [1000]: org.thymeleaf.standard.processor.StandardInlineTextualTagProcessor
[THYMELEAF]             * [* {th:text}] [1300]: org.thymeleaf.standard.processor.StandardTextTagProcessor
[THYMELEAF]             * [* {th:utext}] [1400]: org.thymeleaf.standard.processor.StandardUtextTagProcessor
[THYMELEAF]             * [* {th:assert}] [1550]: org.thymeleaf.standard.processor.StandardAssertTagProcessor
[THYMELEAF]             * [* {th:remove}] [1600]: org.thymeleaf.standard.processor.StandardRemoveTagProcessor
[THYMELEAF]             * [{th:block} *] [100000]: org.thymeleaf.standard.processor.StandardBlockTagProcessor
[THYMELEAF]             * [* 100000] [org.thymeleaf.standard.processor.StandardBlockTagProcessor]: {}
[THYMELEAF]         * Text Processors by [precedence]:
[THYMELEAF]             * [1000]: org.thymeleaf.standard.processor.StandardInliningTextProcessor
[THYMELEAF]     * Processors for Template Mode: JAVASCRIPT
[THYMELEAF]         * Element Tag Processors by [matching element and attribute name] [precedence]:
[THYMELEAF]             * [* {th:insert}] [100]: org.thymeleaf.standard.processor.StandardInsertTagProcessor
[THYMELEAF]             * [* {th:replace}] [100]: org.thymeleaf.standard.processor.StandardReplaceTagProcessor
[THYMELEAF]             * [* {th:each}] [200]: com.intuit.karate.template.KarateEachTagProcessor
[THYMELEAF]             * [* {th:switch}] [250]: org.thymeleaf.standard.processor.StandardSwitchTagProcessor
[THYMELEAF]             * [* {th:case}] [275]: org.thymeleaf.standard.processor.StandardCaseTagProcessor
[THYMELEAF]             * [* {th:if}] [300]: org.thymeleaf.standard.processor.StandardIfTagProcessor
[THYMELEAF]             * [* {th:unless}] [400]: org.thymeleaf.standard.processor.StandardUnlessTagProcessor
[THYMELEAF]             * [* {th:object}] [500]: org.thymeleaf.standard.processor.StandardObjectTagProcessor
[THYMELEAF]             * [* {th:with}] [600]: com.intuit.karate.template.KarateWithTagProcessor
[THYMELEAF]             * [* {th:inline}] [1000]: org.thymeleaf.standard.processor.StandardInlineTextualTagProcessor
[THYMELEAF]             * [* {th:text}] [1300]: org.thymeleaf.standard.processor.StandardTextTagProcessor
[THYMELEAF]             * [* {th:utext}] [1400]: org.thymeleaf.standard.processor.StandardUtextTagProcessor
[THYMELEAF]             * [* {th:assert}] [1550]: org.thymeleaf.standard.processor.StandardAssertTagProcessor
[THYMELEAF]             * [* {th:remove}] [1600]: org.thymeleaf.standard.processor.StandardRemoveTagProcessor
[THYMELEAF]             * [{th:block} *] [100000]: org.thymeleaf.standard.processor.StandardBlockTagProcessor
[THYMELEAF]             * [* 100000] [org.thymeleaf.standard.processor.StandardBlockTagProcessor]: {}
[THYMELEAF]         * Text Processors by [precedence]:
[THYMELEAF]             * [1000]: org.thymeleaf.standard.processor.StandardInliningTextProcessor
[THYMELEAF]     * Processors for Template Mode: CSS
[THYMELEAF]         * Element Tag Processors by [matching element and attribute name] [precedence]:
[THYMELEAF]             * [* {th:insert}] [100]: org.thymeleaf.standard.processor.StandardInsertTagProcessor
[THYMELEAF]             * [* {th:replace}] [100]: org.thymeleaf.standard.processor.StandardReplaceTagProcessor
[THYMELEAF]             * [* {th:each}] [200]: com.intuit.karate.template.KarateEachTagProcessor
[THYMELEAF]             * [* {th:switch}] [250]: org.thymeleaf.standard.processor.StandardSwitchTagProcessor
[THYMELEAF]             * [* {th:case}] [275]: org.thymeleaf.standard.processor.StandardCaseTagProcessor
[THYMELEAF]             * [* {th:if}] [300]: org.thymeleaf.standard.processor.StandardIfTagProcessor
[THYMELEAF]             * [* {th:unless}] [400]: org.thymeleaf.standard.processor.StandardUnlessTagProcessor
[THYMELEAF]             * [* {th:object}] [500]: org.thymeleaf.standard.processor.StandardObjectTagProcessor
[THYMELEAF]             * [* {th:with}] [600]: com.intuit.karate.template.KarateWithTagProcessor
[THYMELEAF]             * [* {th:inline}] [1000]: org.thymeleaf.standard.processor.StandardInlineTextualTagProcessor
[THYMELEAF]             * [* {th:text}] [1300]: org.thymeleaf.standard.processor.StandardTextTagProcessor
[THYMELEAF]             * [* {th:utext}] [1400]: org.thymeleaf.standard.processor.StandardUtextTagProcessor
[THYMELEAF]             * [* {th:assert}] [1550]: org.thymeleaf.standard.processor.StandardAssertTagProcessor
[THYMELEAF]             * [* {th:remove}] [1600]: org.thymeleaf.standard.processor.StandardRemoveTagProcessor
[THYMELEAF]             * [* 100000] [org.thymeleaf.standard.processor.StandardBlockTagProcessor]: {}
[THYMELEAF]             * [{th:block} *] [100000]: org.thymeleaf.standard.processor.StandardBlockTagProcessor
[THYMELEAF]         * Text Processors by [precedence]:
[THYMELEAF]             * [1000]: org.thymeleaf.standard.processor.StandardInliningTextProcessor
[THYMELEAF]     * Expression Objects:
[THYMELEAF]         * #ctx
[THYMELEAF]         * #root
[THYMELEAF]         * #vars
[THYMELEAF]         * #object
[THYMELEAF]         * #locale
[THYMELEAF]         * #conversions
[THYMELEAF]         * #uris
[THYMELEAF]         * #temporals
[THYMELEAF]         * #calendars
[THYMELEAF]         * #dates
[THYMELEAF]         * #bools
[THYMELEAF]         * #numbers
[THYMELEAF]         * #objects
[THYMELEAF]         * #strings
[THYMELEAF]         * #arrays
[THYMELEAF]         * #lists
[THYMELEAF]         * #sets
[THYMELEAF]         * #maps
[THYMELEAF]         * #aggregates
[THYMELEAF]         * #messages
[THYMELEAF]         * #ids
[THYMELEAF]         * #execInfo
[THYMELEAF]         * #request
[THYMELEAF]         * #response
[THYMELEAF]         * #session
[THYMELEAF]         * #servletContext
[THYMELEAF]     * Execution Attributes:
[THYMELEAF]         * "StandardExpressionParser": com.intuit.karate.template.KarateStandardDialect@3835d3fd
[THYMELEAF]         * "StandardJavaScriptSerializer": org.thymeleaf.standard.serializer.StandardJavaScriptSerializer@652f26da
[THYMELEAF]         * "StandardCSSSerializer": org.thymeleaf.standard.serializer.StandardCSSSerializer@484a5ddd
[THYMELEAF]         * "StandardVariableExpressionEvaluator": com.intuit.karate.template.KarateStandardDialect@3835d3fd
[THYMELEAF]         * "StandardConversionService": org.thymeleaf.standard.expression.StandardConversionService@6796a873
[THYMELEAF] * Dialect [2 of 2]: karate (com.intuit.karate.template.KarateScriptDialect)
[THYMELEAF]     * Prefix: "ka"
[THYMELEAF]     * Processors for Template Mode: HTML
[THYMELEAF]         * Element Tag Processors by [matching element and attribute name] [precedence]:
[THYMELEAF]             * [* {src}] [1000]: com.intuit.karate.template.KaScriptAttrProcessor
[THYMELEAF]         * Element Model Processors by [matching element and attribute name] [precedence]:
[THYMELEAF]             * [{script} {ka:scope,data-ka-scope}] [1000]: com.intuit.karate.template.KaScriptElemProcessor
[THYMELEAF]             * [* {ka:set,data-ka-set}] [1000]: com.intuit.karate.template.KaSetElemProcessor
[THYMELEAF] TEMPLATE ENGINE CONFIGURED OK
23:48:01.461 [main] DEBUG org.thymeleaf.TemplateEngine -- [THYMELEAF] TEMPLATE ENGINE INITIALIZED
23:48:01.481 [main] DEBUG org.thymeleaf.TemplateEngine -- [THYMELEAF] INITIALIZING TEMPLATE ENGINE
23:48:01.502 [main] DEBUG org.thymeleaf.TemplateEngine.CONFIG -- Initializing Thymeleaf Template engine configuration...
[THYMELEAF] TEMPLATE ENGINE CONFIGURATION:
[THYMELEAF] * Thymeleaf version: 3.1.2.RELEASE (built 2023-07-30T19:25:50+0000)
[THYMELEAF] * Cache Manager implementation: org.thymeleaf.cache.StandardCacheManager
[THYMELEAF] * Template resolvers:
[THYMELEAF]     * [1] com.intuit.karate.template.ResourceHtmlTemplateResolver
[THYMELEAF] * Message resolvers:
[THYMELEAF]     * org.thymeleaf.messageresolver.StandardMessageResolver
[THYMELEAF] * Link builders:
[THYMELEAF]     * org.thymeleaf.linkbuilder.StandardLinkBuilder
[THYMELEAF] * Dialect [1 of 2]: Standard (com.intuit.karate.template.KarateStandardDialect)
[THYMELEAF]     * Prefix: "th"
[THYMELEAF]     * Processors for Template Mode: HTML
[THYMELEAF]         * Element Tag Processors by [matching element and attribute name] [precedence]:
[THYMELEAF]             * [* {th:include,data-th-include}] [100]: org.thymeleaf.standard.processor.StandardIncludeTagProcessor
[THYMELEAF]             * [* {th:insert,data-th-insert}] [100]: org.thymeleaf.standard.processor.StandardInsertTagProcessor
[THYMELEAF]             * [* {th:replace,data-th-replace}] [100]: org.thymeleaf.standard.processor.StandardReplaceTagProcessor
[THYMELEAF]             * [* {th:each,data-th-each}] [200]: com.intuit.karate.template.KarateEachTagProcessor
[THYMELEAF]             * [* {th:switch,data-th-switch}] [250]: org.thymeleaf.standard.processor.StandardSwitchTagProcessor
[THYMELEAF]             * [* {th:case,data-th-case}] [275]: org.thymeleaf.standard.processor.StandardCaseTagProcessor
[THYMELEAF]             * [* {th:if,data-th-if}] [300]: org.thymeleaf.standard.processor.StandardIfTagProcessor
[THYMELEAF]             * [* {th:unless,data-th-unless}] [400]: org.thymeleaf.standard.processor.StandardUnlessTagProcessor
[THYMELEAF]             * [* {th:object,data-th-object}] [500]: org.thymeleaf.standard.processor.StandardObjectTagProcessor
[THYMELEAF]             * [* {th:with,data-th-with}] [600]: com.intuit.karate.template.KarateWithTagProcessor
[THYMELEAF]             * [* {th:attr,data-th-attr}] [700]: com.intuit.karate.template.KarateAttributeTagProcessor.KarateAttrTagProcessor
[THYMELEAF]             * [* {th:attrappend,data-th-attrappend}] [900]: com.intuit.karate.template.KarateAttributeTagProcessor.KarateAttrappendTagProcessor
[THYMELEAF]             * [* {th:attrprepend,data-th-attrprepend}] [900]: com.intuit.karate.template.KarateAttributeTagProcessor.KarateAttrprependTagProcessor
[THYMELEAF]             * [* {th:alt-title,data-th-alt-title}] [990]: org.thymeleaf.standard.processor.StandardAltTitleTagProcessor
[THYMELEAF]             * [* {th:lang-xmllang,data-th-lang-xmllang}] [990]: org.thymeleaf.standard.processor.StandardLangXmlLangTagProcessor
[THYMELEAF]             * [* {th:action,data-th-action}] [1000]: org.thymeleaf.standard.processor.StandardActionTagProcessor
[THYMELEAF]             * [* {th:scoped,data-th-scoped}] [1000]: org.thymeleaf.standard.processor.StandardConditionalFixedValueTagProcessor
[THYMELEAF]             * [* {th:required,data-th-required}] [1000]: org.thymeleaf.standard.processor.StandardConditionalFixedValueTagProcessor
[THYMELEAF]             * [* {th:pubdate,data-th-pubdate}] [1000]: org.thymeleaf.standard.processor.StandardConditionalFixedValueTagProcessor
[THYMELEAF]             * [* {th:controls,data-th-controls}] [1000]: org.thymeleaf.standard.processor.StandardConditionalFixedValueTagProcessor
[THYMELEAF]             * [* {th:formnovalidate,data-th-formnovalidate}] [1000]: org.thymeleaf.standard.processor.StandardConditionalFixedValueTagProcessor
[THYMELEAF]             * [* {th:checked,data-th-checked}] [1000]: org.thymeleaf.standard.processor.StandardConditionalFixedValueTagProcessor
[THYMELEAF]             * [* {th:open,data-th-open}] [1000]: org.thymeleaf.standard.processor.StandardConditionalFixedValueTagProcessor
[THYMELEAF]             * [* {th:loop,data-th-loop}] [1000]: org.thymeleaf.standard.processor.StandardConditionalFixedValueTagProcessor
[THYMELEAF]             * [* {th:selected,data-th-selected}] [1000]: org.thymeleaf.standard.processor.StandardConditionalFixedValueTagProcessor
[THYMELEAF]             * [* {th:ismap,data-th-ismap}] [1000]: org.thymeleaf.standard.processor.StandardConditionalFixedValueTagProcessor
[THYMELEAF]             * [* {th:default,data-th-default}] [1000]: org.thymeleaf.standard.processor.StandardConditionalFixedValueTagProcessor
[THYMELEAF]             * [* {th:multiple,data-th-multiple}] [1000]: org.thymeleaf.standard.processor.StandardConditionalFixedValueTagProcessor
[THYMELEAF]             * [* {th:readonly,data-th-readonly}] [1000]: org.thymeleaf.standard.processor.StandardConditionalFixedValueTagProcessor
[THYMELEAF]             * [* {th:novalidate,data-th-novalidate}] [1000]: org.thymeleaf.standard.processor.StandardConditionalFixedValueTagProcessor
[THYMELEAF]             * [* {th:defer,data-th-defer}] [1000]: org.thymeleaf.standard.processor.StandardConditionalFixedValueTagProcessor
[THYMELEAF]             * [* {th:hidden,data-th-hidden}] [1000]: org.thymeleaf.standard.processor.StandardConditionalFixedValueTagProcessor
[THYMELEAF]             * [* {th:declare,data-th-declare}] [1000]: org.thymeleaf.standard.processor.StandardConditionalFixedValueTagProcessor
[THYMELEAF]             * [* {th:autoplay,data-th-autoplay}] [1000]: org.thymeleaf.standard.processor.StandardConditionalFixedValueTagProcessor
[THYMELEAF]             * [* {th:async,data-th-async}] [1000]: org.thymeleaf.standard.processor.StandardConditionalFixedValueTagProcessor
[THYMELEAF]             * [* {th:autofocus,data-th-autofocus}] [1000]: org.thymeleaf.standard.processor.StandardConditionalFixedValueTagProcessor
[THYMELEAF]             * [* {th:nowrap,data-th-nowrap}] [1000]: org.thymeleaf.standard.processor.StandardConditionalFixedValueTagProcessor
[THYMELEAF]             * [* {th:seamless,data-th-seamless}] [1000]: org.thymeleaf.standard.processor.StandardConditionalFixedValueTagProcessor
[THYMELEAF]             * [* {th:reversed,data-th-reversed}] [1000]: org.thymeleaf.standard.processor.StandardConditionalFixedValueTagProcessor
[THYMELEAF]             * [* {th:disabled,data-th-disabled}] [1000]: org.thymeleaf.standard.processor.StandardConditionalFixedValueTagProcessor
[THYMELEAF]             * [* {th:onclick,data-th-onclick}] [1000]: org.thymeleaf.standard.processor.StandardDOMEventAttributeTagProcessor
[THYMELEAF]             * [* {th:onredo,data-th-onredo}] [1000]: org.thymeleaf.standard.processor.StandardDOMEventAttributeTagProcessor
[THYMELEAF]             * [* {th:onabort,data-th-onabort}] [1000]: org.thymeleaf.standard.processor.StandardDOMEventAttributeTagProcessor
[THYMELEAF]             * [* {th:onseeking,data-th-onseeking}] [1000]: org.thymeleaf.standard.processor.StandardDOMEventAttributeTagProcessor
[THYMELEAF]             * [* {th:onreadystatechange,data-th-onreadystatechange}] [1000]: org.thymeleaf.standard.processor.StandardDOMEventAttributeTagProcessor
[THYMELEAF]             * [* {th:onmousewheel,data-th-onmousewheel}] [1000]: org.thymeleaf.standard.processor.StandardDOMEventAttributeTagProcessor
[THYMELEAF]             * [* {th:onafterprint,data-th-onafterprint}] [1000]: org.thymeleaf.standard.processor.StandardDOMEventAttributeTagProcessor
[THYMELEAF]             * [* {th:onreset,data-th-onreset}] [1000]: org.thymeleaf.standard.processor.StandardDOMEventAttributeTagProcessor
[THYMELEAF]             * [* {th:oninvalid,data-th-oninvalid}] [1000]: org.thymeleaf.standard.processor.StandardDOMEventAttributeTagProcessor
[THYMELEAF]             * [* {th:onprogress,data-th-onprogress}] [1000]: org.thymeleaf.standard.processor.StandardDOMEventAttributeTagProcessor
[THYMELEAF]             * [* {th:onvolumechange,data-th-onvolumechange}] [1000]: org.thymeleaf.standard.processor.StandardDOMEventAttributeTagProcessor
[THYMELEAF]             * [* {th:onselect,data-th-onselect}] [1000]: org.thymeleaf.standard.processor.StandardDOMEventAttributeTagProcessor
[THYMELEAF]             * [* {th:onblur,data-th-onblur}] [1000]: org.thymeleaf.standard.processor.StandardDOMEventAttributeTagProcessor
[THYMELEAF]             * [* {th:ondragend,data-th-ondragend}] [1000]: org.thymeleaf.standard.processor.StandardDOMEventAttributeTagProcessor
[THYMELEAF]             * [* {th:onresize,data-th-onresize}] [1000]: org.thymeleaf.standard.processor.StandardDOMEventAttributeTagProcessor
[THYMELEAF]             * [* {th:onmousemove,data-th-onmousemove}] [1000]: org.thymeleaf.standard.processor.StandardDOMEventAttributeTagProcessor
[THYMELEAF]             * [* {th:ondragleave,data-th-ondragleave}] [1000]: org.thymeleaf.standard.processor.StandardDOMEventAttributeTagProcessor
[THYMELEAF]             * [* {th:onkeypress,data-th-onkeypress}] [1000]: org.thymeleaf.standard.processor.StandardDOMEventAttributeTagProcessor
[THYMELEAF]             * [* {th:onstalled,data-th-onstalled}] [1000]: org.thymeleaf.standard.processor.StandardDOMEventAttributeTagProcessor
[THYMELEAF]             * [* {th:onmousedown,data-th-onmousedown}] [1000]: org.thymeleaf.standard.processor.StandardDOMEventAttributeTagProcessor
[THYMELEAF]             * [* {th:onsubmit,data-th-onsubmit}] [1000]: org.thymeleaf.standard.processor.StandardDOMEventAttributeTagProcessor
[THYMELEAF]             * [* {th:onoffline,data-th-onoffline}] [1000]: org.thymeleaf.standard.processor.StandardDOMEventAttributeTagProcessor
[THYMELEAF]             * [* {th:onunload,data-th-onunload}] [1000]: org.thymeleaf.standard.processor.StandardDOMEventAttributeTagProcessor
[THYMELEAF]             * [* {th:oncanplaythrough,data-th-oncanplaythrough}] [1000]: org.thymeleaf.standard.processor.StandardDOMEventAttributeTagProcessor
[THYMELEAF]             * [* {th:onfocus,data-th-onfocus}] [1000]: org.thymeleaf.standard.processor.StandardDOMEventAttributeTagProcessor
[THYMELEAF]             * [* {th:onloadedmetadata,data-th-onloadedmetadata}] [1000]: org.thymeleaf.standard.processor.StandardDOMEventAttributeTagProcessor
[THYMELEAF]             * [* {th:onwaiting,data-th-onwaiting}] [1000]: org.thymeleaf.standard.processor.StandardDOMEventAttributeTagProcessor
[THYMELEAF]             * [* {th:onloadeddata,data-th-onloadeddata}] [1000]: org.thymeleaf.standard.processor.StandardDOMEventAttributeTagProcessor
[THYMELEAF]             * [* {th:onformchange,data-th-onformchange}] [1000]: org.thymeleaf.standard.processor.StandardDOMEventAttributeTagProcessor
[THYMELEAF]             * [* {th:onsuspend,data-th-onsuspend}] [1000]: org.thymeleaf.standard.processor.StandardDOMEventAttributeTagProcessor
[THYMELEAF]             * [* {th:ontimeupdate,data-th-ontimeupdate}] [1000]: org.thymeleaf.standard.processor.StandardDOMEventAttributeTagProcessor
[THYMELEAF]             * [* {th:onshow,data-th-onshow}] [1000]: org.thymeleaf.standard.processor.StandardDOMEventAttributeTagProcessor
[THYMELEAF]             * [* {th:onemptied,data-th-onemptied}] [1000]: org.thymeleaf.standard.processor.StandardDOMEventAttributeTagProcessor
[THYMELEAF]             * [* {th:onpause,data-th-onpause}] [1000]: org.thymeleaf.standard.processor.StandardDOMEventAttributeTagProcessor
[THYMELEAF]             * [* {th:ondragover,data-th-ondragover}] [1000]: org.thymeleaf.standard.processor.StandardDOMEventAttributeTagProcessor
[THYMELEAF]             * [* {th:ononline,data-th-ononline}] [1000]: org.thymeleaf.standard.processor.StandardDOMEventAttributeTagProcessor
[THYMELEAF]             * [* {th:onplay,data-th-onplay}] [1000]: org.thymeleaf.standard.processor.StandardDOMEventAttributeTagProcessor
[THYMELEAF]             * [* {th:onkeyup,data-th-onkeyup}] [1000]: org.thymeleaf.standard.processor.StandardDOMEventAttributeTagProcessor
[THYMELEAF]             * [* {th:onforminput,data-th-onforminput}] [1000]: org.thymeleaf.standard.processor.StandardDOMEventAttributeTagProcessor
[THYMELEAF]             * [* {th:onchange,data-th-onchange}] [1000]: org.thymeleaf.standard.processor.StandardDOMEventAttributeTagProcessor
[THYMELEAF]             * [* {th:ondragstart,data-th-ondragstart}] [1000]: org.thymeleaf.standard.processor.StandardDOMEventAttributeTagProcessor
[THYMELEAF]             * [* {th:ondragenter,data-th-ondragenter}] [1000]: org.thymeleaf.standard.processor.StandardDOMEventAttributeTagProcessor
[THYMELEAF]             * [* {th:onscroll,data-th-onscroll}] [1000]: org.thymeleaf.standard.processor.StandardDOMEventAttributeTagProcessor
[THYMELEAF]             * [* {th:onplaying,data-th-onplaying}] [1000]: org.thymeleaf.standard.processor.StandardDOMEventAttributeTagProcessor
[THYMELEAF]             * [* {th:onpopstate,data-th-onpopstate}] [1000]: org.thymeleaf.standard.processor.StandardDOMEventAttributeTagProcessor
[THYMELEAF]             * [* {th:onmouseout,data-th-onmouseout}] [1000]: org.thymeleaf.standard.processor.StandardDOMEventAttributeTagProcessor
[THYMELEAF]             * [* {th:ondrag,data-th-ondrag}] [1000]: org.thymeleaf.standard.processor.StandardDOMEventAttributeTagProcessor
[THYMELEAF]             * [* {th:ondurationchange,data-th-ondurationchange}] [1000]: org.thymeleaf.standard.processor.StandardDOMEventAttributeTagProcessor
[THYMELEAF]             * [* {th:onbeforeunload,data-th-onbeforeunload}] [1000]: org.thymeleaf.standard.processor.StandardDOMEventAttributeTagProcessor
[THYMELEAF]             * [* {th:oninput,data-th-oninput}] [1000]: org.thymeleaf.standard.processor.StandardDOMEventAttributeTagProcessor
[THYMELEAF]             * [* {th:ondblclick,data-th-ondblclick}] [1000]: org.thymeleaf.standard.processor.StandardDOMEventAttributeTagProcessor
[THYMELEAF]             * [* {th:onkeydown,data-th-onkeydown}] [1000]: org.thymeleaf.standard.processor.StandardDOMEventAttributeTagProcessor
[THYMELEAF]             * [* {th:ondrop,data-th-ondrop}] [1000]: org.thymeleaf.standard.processor.StandardDOMEventAttributeTagProcessor
[THYMELEAF]             * [* {th:onmessage,data-th-onmessage}] [1000]: org.thymeleaf.standard.processor.StandardDOMEventAttributeTagProcessor
[THYMELEAF]             * [* {th:onmouseover,data-th-onmouseover}] [1000]: org.thymeleaf.standard.processor.StandardDOMEventAttributeTagProcessor
[THYMELEAF]             * [* {th:onseeked,data-th-onseeked}] [1000]: org.thymeleaf.standard.processor.StandardDOMEventAttributeTagProcessor
[THYMELEAF]             * [* {th:onended,data-th-onended}] [1000]: org.thymeleaf.standard.processor.StandardDOMEventAttributeTagProcessor
[THYMELEAF]             * [* {th:onerror,data-th-onerror}] [1000]: org.thymeleaf.standard.processor.StandardDOMEventAttributeTagProcessor
[THYMELEAF]             * [* {th:onloadstart,data-th-onloadstart}] [1000]: org.thymeleaf.standard.processor.StandardDOMEventAttributeTagProcessor
[THYMELEAF]             * [* {th:oncanplay,data-th-oncanplay}] [1000]: org.thymeleaf.standard.processor.StandardDOMEventAttributeTagProcessor
[THYMELEAF]             * [* {th:onratechange,data-th-onratechange}] [1000]: org.thymeleaf.standard.processor.StandardDOMEventAttributeTagProcessor
[THYMELEAF]             * [* {th:oncontextmenu,data-th-oncontextmenu}] [1000]: org.thymeleaf.standard.processor.StandardDOMEventAttributeTagProcessor
[THYMELEAF]             * [* {th:onundo,data-th-onundo}] [1000]: org.thymeleaf.standard.processor.StandardDOMEventAttributeTagProcessor
[THYMELEAF]             * [* {th:onhashchange,data-th-onhashchange}] [1000]: org.thymeleaf.standard.processor.StandardDOMEventAttributeTagProcessor
[THYMELEAF]             * [* {th:onbeforeprint,data-th-onbeforeprint}] [1000]: org.thymeleaf.standard.processor.StandardDOMEventAttributeTagProcessor
[THYMELEAF]             * [* {th:onmouseup,data-th-onmouseup}] [1000]: org.thymeleaf.standard.processor.StandardDOMEventAttributeTagProcessor
[THYMELEAF]             * [* {th:onstorage,data-th-onstorage}] [1000]: org.thymeleaf.standard.processor.StandardDOMEventAttributeTagProcessor
[THYMELEAF]             * [* {th:onload,data-th-onload}] [1000]: org.thymeleaf.standard.processor.StandardDOMEventAttributeTagProcessor
[THYMELEAF]             * [* {th:href,data-th-href}] [1000]: org.thymeleaf.standard.processor.StandardHrefTagProcessor
[THYMELEAF]             * [* {th:inline,data-th-inline}] [1000]: org.thymeleaf.standard.processor.StandardInlineHTMLTagProcessor
[THYMELEAF]             * [* {th:method,data-th-method}] [1000]: org.thymeleaf.standard.processor.StandardMethodTagProcessor
[THYMELEAF]             * [* {th:name,data-th-name}] [1000]: org.thymeleaf.standard.processor.StandardNonRemovableAttributeTagProcessor
[THYMELEAF]             * [* {th:type,data-th-type}] [1000]: org.thymeleaf.standard.processor.StandardNonRemovableAttributeTagProcessor
[THYMELEAF]             * [* {th:height,data-th-height}] [1000]: org.thymeleaf.standard.processor.StandardRemovableAttributeTagProcessor
[THYMELEAF]             * [* {th:dir,data-th-dir}] [1000]: org.thymeleaf.standard.processor.StandardRemovableAttributeTagProcessor
[THYMELEAF]             * [* {th:class,data-th-class}] [1000]: org.thymeleaf.standard.processor.StandardRemovableAttributeTagProcessor
[THYMELEAF]             * [* {th:formaction,data-th-formaction}] [1000]: org.thymeleaf.standard.processor.StandardRemovableAttributeTagProcessor
[THYMELEAF]             * [* {th:dropzone,data-th-dropzone}] [1000]: org.thymeleaf.standard.processor.StandardRemovableAttributeTagProcessor
[THYMELEAF]             * [* {th:usemap,data-th-usemap}] [1000]: org.thymeleaf.standard.processor.StandardRemovableAttributeTagProcessor
[THYMELEAF]             * [* {th:codetype,data-th-codetype}] [1000]: org.thymeleaf.standard.processor.StandardRemovableAttributeTagProcessor
[THYMELEAF]             * [* {th:for,data-th-for}] [1000]: org.thymeleaf.standard.processor.StandardRemovableAttributeTagProcessor
[THYMELEAF]             * [* {th:classid,data-th-classid}] [1000]: org.thymeleaf.standard.processor.StandardRemovableAttributeTagProcessor
[THYMELEAF]             * [* {th:poster,data-th-poster}] [1000]: org.thymeleaf.standard.processor.StandardRemovableAttributeTagProcessor
[THYMELEAF]             * [* {th:data,data-th-data}] [1000]: org.thymeleaf.standard.processor.StandardRemovableAttributeTagProcessor
[THYMELEAF]             * [* {th:optimum,data-th-optimum}] [1000]: org.thymeleaf.standard.processor.StandardRemovableAttributeTagProcessor
[THYMELEAF]             * [* {th:spellcheck,data-th-spellcheck}] [1000]: org.thymeleaf.standard.processor.StandardRemovableAttributeTagProcessor
[THYMELEAF]             * [* {th:start,data-th-start}] [1000]: org.thymeleaf.standard.processor.StandardRemovableAttributeTagProcessor
[THYMELEAF]             * [* {th:cite,data-th-cite}] [1000]: org.thymeleaf.standard.processor.StandardRemovableAttributeTagProcessor
[THYMELEAF]             * [* {th:kind,data-th-kind}] [1000]: org.thymeleaf.standard.processor.StandardRemovableAttributeTagProcessor
[THYMELEAF]             * [* {th:cellspacing,data-th-cellspacing}] [1000]: org.thymeleaf.standard.processor.StandardRemovableAttributeTagProcessor
[THYMELEAF]             * [* {th:manifest,data-th-manifest}] [1000]: org.thymeleaf.standard.processor.StandardRemovableAttributeTagProcessor
[THYMELEAF]             * [* {th:longdesc,data-th-longdesc}] [1000]: org.thymeleaf.standard.processor.StandardRemovableAttributeTagProcessor
[THYMELEAF]             * [* {th:bgcolor,data-th-bgcolor}] [1000]: org.thymeleaf.standard.processor.StandardRemovableAttributeTagProcessor
[THYMELEAF]             * [* {th:autocomplete,data-th-autocomplete}] [1000]: org.thymeleaf.standard.processor.StandardRemovableAttributeTagProcessor
[THYMELEAF]             * [* {th:rel,data-th-rel}] [1000]: org.thymeleaf.standard.processor.StandardRemovableAttributeTagProcessor
[THYMELEAF]             * [* {th:vspace,data-th-vspace}] [1000]: org.thymeleaf.standard.processor.StandardRemovableAttributeTagProcessor
[THYMELEAF]             * [* {th:lang,data-th-lang}] [1000]: org.thymeleaf.standard.processor.StandardRemovableAttributeTagProcessor
[THYMELEAF]             * [* {th:content,data-th-content}] [1000]: org.thymeleaf.standard.processor.StandardRemovableAttributeTagProcessor
[THYMELEAF]             * [* {th:icon,data-th-icon}] [1000]: org.thymeleaf.standard.processor.StandardRemovableAttributeTagProcessor
[THYMELEAF]             * [* {th:enctype,data-th-enctype}] [1000]: org.thymeleaf.standard.processor.StandardRemovableAttributeTagProcessor
[THYMELEAF]             * [* {th:media,data-th-media}] [1000]: org.thymeleaf.standard.processor.StandardRemovableAttributeTagProcessor
[THYMELEAF]             * [* {th:sizes,data-th-sizes}] [1000]: org.thymeleaf.standard.processor.StandardRemovableAttributeTagProcessor
[THYMELEAF]             * [* {th:pattern,data-th-pattern}] [1000]: org.thymeleaf.standard.processor.StandardRemovableAttributeTagProcessor
[THYMELEAF]             * [* {th:archive,data-th-archive}] [1000]: org.thymeleaf.standard.processor.StandardRemovableAttributeTagProcessor
[THYMELEAF]             * [* {th:headers,data-th-headers}] [1000]: org.thymeleaf.standard.processor.StandardRemovableAttributeTagProcessor
[THYMELEAF]             * [* {th:low,data-th-low}] [1000]: org.thymeleaf.standard.processor.StandardRemovableAttributeTagProcessor
[THYMELEAF]             * [* {th:formmethod,data-th-formmethod}] [1000]: org.thymeleaf.standard.processor.StandardRemovableAttributeTagProcessor
[THYMELEAF]             * [* {th:formenctype,data-th-formenctype}] [1000]: org.thymeleaf.standard.processor.StandardRemovableAttributeTagProcessor
[THYMELEAF]             * [* {th:srclang,data-th-srclang}] [1000]: org.thymeleaf.standard.processor.StandardRemovableAttributeTagProcessor
[THYMELEAF]             * [* {th:hspace,data-th-hspace}] [1000]: org.thymeleaf.standard.processor.StandardRemovableAttributeTagProcessor
[THYMELEAF]             * [* {th:wrap,data-th-wrap}] [1000]: org.thymeleaf.standard.processor.StandardRemovableAttributeTagProcessor
[THYMELEAF]             * [* {th:rowspan,data-th-rowspan}] [1000]: org.thymeleaf.standard.processor.StandardRemovableAttributeTagProcessor
[THYMELEAF]             * [* {th:contenteditable,data-th-contenteditable}] [1000]: org.thymeleaf.standard.processor.StandardRemovableAttributeTagProcessor
[THYMELEAF]             * [* {th:colspan,data-th-colspan}] [1000]: org.thymeleaf.standard.processor.StandardRemovableAttributeTagProcessor
[THYMELEAF]             * [* {th:rules,data-th-rules}] [1000]: org.thymeleaf.standard.processor.StandardRemovableAttributeTagProcessor
[THYMELEAF]             * [* {th:list,data-th-list}] [1000]: org.thymeleaf.standard.processor.StandardRemovableAttributeTagProcessor
[THYMELEAF]             * [* {th:axis,data-th-axis}] [1000]: org.thymeleaf.standard.processor.StandardRemovableAttributeTagProcessor
[THYMELEAF]             * [* {th:target,data-th-target}] [1000]: org.thymeleaf.standard.processor.StandardRemovableAttributeTagProcessor
[THYMELEAF]             * [* {th:form,data-th-form}] [1000]: org.thymeleaf.standard.processor.StandardRemovableAttributeTagProcessor
[THYMELEAF]             * [* {th:span,data-th-span}] [1000]: org.thymeleaf.standard.processor.StandardRemovableAttributeTagProcessor
[THYMELEAF]             * [* {th:high,data-th-high}] [1000]: org.thymeleaf.standard.processor.StandardRemovableAttributeTagProcessor
[THYMELEAF]             * [* {th:frame,data-th-frame}] [1000]: org.thymeleaf.standard.processor.StandardRemovableAttributeTagProcessor
[THYMELEAF]             * [* {th:sandbox,data-th-sandbox}] [1000]: org.thymeleaf.standard.processor.StandardRemovableAttributeTagProcessor
[THYMELEAF]             * [* {th:scheme,data-th-scheme}] [1000]: org.thymeleaf.standard.processor.StandardRemovableAttributeTagProcessor
[THYMELEAF]             * [* {th:align,data-th-align}] [1000]: org.thymeleaf.standard.processor.StandardRemovableAttributeTagProcessor
[THYMELEAF]             * [* {th:tabindex,data-th-tabindex}] [1000]: org.thymeleaf.standard.processor.StandardRemovableAttributeTagProcessor
[THYMELEAF]             * [* {th:cols,data-th-cols}] [1000]: org.thymeleaf.standard.processor.StandardRemovableAttributeTagProcessor
[THYMELEAF]             * [* {th:scope,data-th-scope}] [1000]: org.thymeleaf.standard.processor.StandardRemovableAttributeTagProcessor
[THYMELEAF]             * [* {th:style,data-th-style}] [1000]: org.thymeleaf.standard.processor.StandardRemovableAttributeTagProcessor
[THYMELEAF]             * [* {th:label,data-th-label}] [1000]: org.thymeleaf.standard.processor.StandardRemovableAttributeTagProcessor
[THYMELEAF]             * [* {th:codebase,data-th-codebase}] [1000]: org.thymeleaf.standard.processor.StandardRemovableAttributeTagProcessor
[THYMELEAF]             * [* {th:accept-charset,data-th-accept-charset}] [1000]: org.thymeleaf.standard.processor.StandardRemovableAttributeTagProcessor
[THYMELEAF]             * [* {th:title,data-th-title}] [1000]: org.thymeleaf.standard.processor.StandardRemovableAttributeTagProcessor
[THYMELEAF]             * [* {th:placeholder,data-th-placeholder}] [1000]: org.thymeleaf.standard.processor.StandardRemovableAttributeTagProcessor
[THYMELEAF]             * [* {th:audio,data-th-audio}] [1000]: org.thymeleaf.standard.processor.StandardRemovableAttributeTagProcessor
[THYMELEAF]             * [* {th:size,data-th-size}] [1000]: org.thymeleaf.standard.processor.StandardRemovableAttributeTagProcessor
[THYMELEAF]             * [* {th:rev,data-th-rev}] [1000]: org.thymeleaf.standard.processor.StandardRemovableAttributeTagProcessor
[THYMELEAF]             * [* {th:valuetype,data-th-valuetype}] [1000]: org.thymeleaf.standard.processor.StandardRemovableAttributeTagProcessor
[THYMELEAF]             * [* {th:accept,data-th-accept}] [1000]: org.thymeleaf.standard.processor.StandardRemovableAttributeTagProcessor
[THYMELEAF]             * [* {th:accesskey,data-th-accesskey}] [1000]: org.thymeleaf.standard.processor.StandardRemovableAttributeTagProcessor
[THYMELEAF]             * [* {th:charset,data-th-charset}] [1000]: org.thymeleaf.standard.processor.StandardRemovableAttributeTagProcessor
[THYMELEAF]             * [* {th:hreflang,data-th-hreflang}] [1000]: org.thymeleaf.standard.processor.StandardRemovableAttributeTagProcessor
[THYMELEAF]             * [* {th:radiogroup,data-th-radiogroup}] [1000]: org.thymeleaf.standard.processor.StandardRemovableAttributeTagProcessor
[THYMELEAF]             * [* {th:alt,data-th-alt}] [1000]: org.thymeleaf.standard.processor.StandardRemovableAttributeTagProcessor
[THYMELEAF]             * [* {th:border,data-th-border}] [1000]: org.thymeleaf.standard.processor.StandardRemovableAttributeTagProcessor
[THYMELEAF]             * [* {th:marginheight,data-th-marginheight}] [1000]: org.thymeleaf.standard.processor.StandardRemovableAttributeTagProcessor
[THYMELEAF]             * [* {th:cellpadding,data-th-cellpadding}] [1000]: org.thymeleaf.standard.processor.StandardRemovableAttributeTagProcessor
[THYMELEAF]             * [* {th:marginwidth,data-th-marginwidth}] [1000]: org.thymeleaf.standard.processor.StandardRemovableAttributeTagProcessor
[THYMELEAF]             * [* {th:summary,data-th-summary}] [1000]: org.thymeleaf.standard.processor.StandardRemovableAttributeTagProcessor
[THYMELEAF]             * [* {th:max,data-th-max}] [1000]: org.thymeleaf.standard.processor.StandardRemovableAttributeTagProcessor
[THYMELEAF]             * [* {th:abbr,data-th-abbr}] [1000]: org.thymeleaf.standard.processor.StandardRemovableAttributeTagProcessor
[THYMELEAF]             * [* {th:scrolling,data-th-scrolling}] [1000]: org.thymeleaf.standard.processor.StandardRemovableAttributeTagProcessor
[THYMELEAF]             * [* {th:width,data-th-width}] [1000]: org.thymeleaf.standard.processor.StandardRemovableAttributeTagProcessor
[THYMELEAF]             * [* {th:datetime,data-th-datetime}] [1000]: org.thymeleaf.standard.processor.StandardRemovableAttributeTagProcessor
[THYMELEAF]             * [* {th:preload,data-th-preload}] [1000]: org.thymeleaf.standard.processor.StandardRemovableAttributeTagProcessor
[THYMELEAF]             * [* {th:http-equiv,data-th-http-equiv}] [1000]: org.thymeleaf.standard.processor.StandardRemovableAttributeTagProcessor
[THYMELEAF]             * [* {th:min,data-th-min}] [1000]: org.thymeleaf.standard.processor.StandardRemovableAttributeTagProcessor
[THYMELEAF]             * [* {th:id,data-th-id}] [1000]: org.thymeleaf.standard.processor.StandardRemovableAttributeTagProcessor
[THYMELEAF]             * [* {th:background,data-th-background}] [1000]: org.thymeleaf.standard.processor.StandardRemovableAttributeTagProcessor
[THYMELEAF]             * [* {th:standby,data-th-standby}] [1000]: org.thymeleaf.standard.processor.StandardRemovableAttributeTagProcessor
[THYMELEAF]             * [* {th:maxlength,data-th-maxlength}] [1000]: org.thymeleaf.standard.processor.StandardRemovableAttributeTagProcessor
[THYMELEAF]             * [* {th:contextmenu,data-th-contextmenu}] [1000]: org.thymeleaf.standard.processor.StandardRemovableAttributeTagProcessor
[THYMELEAF]             * [* {th:draggable,data-th-draggable}] [1000]: org.thymeleaf.standard.processor.StandardRemovableAttributeTagProcessor
[THYMELEAF]             * [* {th:frameborder,data-th-frameborder}] [1000]: org.thymeleaf.standard.processor.StandardRemovableAttributeTagProcessor
[THYMELEAF]             * [* {th:step,data-th-step}] [1000]: org.thymeleaf.standard.processor.StandardRemovableAttributeTagProcessor
[THYMELEAF]             * [* {th:compact,data-th-compact}] [1000]: org.thymeleaf.standard.processor.StandardRemovableAttributeTagProcessor
[THYMELEAF]             * [* {th:keytype,data-th-keytype}] [1000]: org.thymeleaf.standard.processor.StandardRemovableAttributeTagProcessor
[THYMELEAF]             * [* {th:challenge,data-th-challenge}] [1000]: org.thymeleaf.standard.processor.StandardRemovableAttributeTagProcessor
[THYMELEAF]             * [* {th:formtarget,data-th-formtarget}] [1000]: org.thymeleaf.standard.processor.StandardRemovableAttributeTagProcessor
[THYMELEAF]             * [* {th:rows,data-th-rows}] [1000]: org.thymeleaf.standard.processor.StandardRemovableAttributeTagProcessor
[THYMELEAF]             * [* {th:src,data-th-src}] [1000]: org.thymeleaf.standard.processor.StandardSrcTagProcessor
[THYMELEAF]             * [* {th:value,data-th-value}] [1000]: org.thymeleaf.standard.processor.StandardValueTagProcessor
[THYMELEAF]             * [* {th:xmlbase,data-th-xmlbase}] [1000]: org.thymeleaf.standard.processor.StandardXmlBaseTagProcessor
[THYMELEAF]             * [* {th:xmllang,data-th-xmllang}] [1000]: org.thymeleaf.standard.processor.StandardXmlLangTagProcessor
[THYMELEAF]             * [* {xmlns:th}] [1000]: org.thymeleaf.standard.processor.StandardXmlNsTagProcessor
[THYMELEAF]             * [* {th:xmlspace,data-th-xmlspace}] [1000]: org.thymeleaf.standard.processor.StandardXmlSpaceTagProcessor
[THYMELEAF]             * [* {th:classappend,data-th-classappend}] [1100]: org.thymeleaf.standard.processor.StandardClassappendTagProcessor
[THYMELEAF]             * [* {th:styleappend,data-th-styleappend}] [1100]: org.thymeleaf.standard.processor.StandardStyleappendTagProcessor
[THYMELEAF]             * [* {th:text,data-th-text}] [1300]: org.thymeleaf.standard.processor.StandardTextTagProcessor
[THYMELEAF]             * [* {th:utext,data-th-utext}] [1400]: org.thymeleaf.standard.processor.StandardUtextTagProcessor
[THYMELEAF]             * [* {th:fragment,data-th-fragment}] [1500]: org.thymeleaf.standard.processor.StandardFragmentTagProcessor
[THYMELEAF]             * [* {th:assert,data-th-assert}] [1550]: org.thymeleaf.standard.processor.StandardAssertTagProcessor
[THYMELEAF]             * [* {th:remove,data-th-remove}] [1600]: org.thymeleaf.standard.processor.StandardRemoveTagProcessor
[THYMELEAF]             * [* {th:ref,data-th-ref}] [10000]: org.thymeleaf.standard.processor.StandardRefAttributeTagProcessor
[THYMELEAF]             * [{th:block,th-block} *] [100000]: org.thymeleaf.standard.processor.StandardBlockTagProcessor
[THYMELEAF]             * [* th:*] [2147483647]: org.thymeleaf.standard.processor.StandardDefaultAttributesTagProcessor
[THYMELEAF]         * Text Processors by [precedence]:
[THYMELEAF]             * [1000]: org.thymeleaf.standard.processor.StandardInliningTextProcessor
[THYMELEAF]         * DOCTYPE Processors by [precedence]:
[THYMELEAF]             * [1000]: org.thymeleaf.standard.processor.StandardTranslationDocTypeProcessor
[THYMELEAF]         * CDATA Section Processors by [precedence]:
[THYMELEAF]             * [1000]: org.thymeleaf.standard.processor.StandardInliningCDATASectionProcessor
[THYMELEAF]         * Comment Processors by [precedence]:
[THYMELEAF]             * [1000]: org.thymeleaf.standard.processor.StandardInliningCommentProcessor
[THYMELEAF]             * [1100]: org.thymeleaf.standard.processor.StandardConditionalCommentProcessor
[THYMELEAF]     * Processors for Template Mode: XML
[THYMELEAF]         * Element Tag Processors by [matching element and attribute name] [precedence]:
[THYMELEAF]             * [* {th:include}] [100]: org.thymeleaf.standard.processor.StandardIncludeTagProcessor
[THYMELEAF]             * [* {th:insert}] [100]: org.thymeleaf.standard.processor.StandardInsertTagProcessor
[THYMELEAF]             * [* {th:replace}] [100]: org.thymeleaf.standard.processor.StandardReplaceTagProcessor
[THYMELEAF]             * [* {th:each}] [200]: com.intuit.karate.template.KarateEachTagProcessor
[THYMELEAF]             * [* {th:switch}] [250]: org.thymeleaf.standard.processor.StandardSwitchTagProcessor
[THYMELEAF]             * [* {th:case}] [275]: org.thymeleaf.standard.processor.StandardCaseTagProcessor
[THYMELEAF]             * [* {th:if}] [300]: org.thymeleaf.standard.processor.StandardIfTagProcessor
[THYMELEAF]             * [* {th:unless}] [400]: org.thymeleaf.standard.processor.StandardUnlessTagProcessor
[THYMELEAF]             * [* {th:object}] [500]: org.thymeleaf.standard.processor.StandardObjectTagProcessor
[THYMELEAF]             * [* {th:with}] [600]: com.intuit.karate.template.KarateWithTagProcessor
[THYMELEAF]             * [* {th:attr}] [700]: com.intuit.karate.template.KarateAttributeTagProcessor.KarateAttrTagProcessor
[THYMELEAF]             * [* {th:attrappend}] [900]: com.intuit.karate.template.KarateAttributeTagProcessor.KarateAttrappendTagProcessor
[THYMELEAF]             * [* {th:attrprepend}] [900]: com.intuit.karate.template.KarateAttributeTagProcessor.KarateAttrprependTagProcessor
[THYMELEAF]             * [* {th:inline}] [1000]: org.thymeleaf.standard.processor.StandardInlineXMLTagProcessor
[THYMELEAF]             * [* {xmlns:th}] [1000]: org.thymeleaf.standard.processor.StandardXmlNsTagProcessor
[THYMELEAF]             * [* {th:text}] [1300]: org.thymeleaf.standard.processor.StandardTextTagProcessor
[THYMELEAF]             * [* {th:utext}] [1400]: org.thymeleaf.standard.processor.StandardUtextTagProcessor
[THYMELEAF]             * [* {th:fragment}] [1500]: org.thymeleaf.standard.processor.StandardFragmentTagProcessor
[THYMELEAF]             * [* {th:assert}] [1550]: org.thymeleaf.standard.processor.StandardAssertTagProcessor
[THYMELEAF]             * [* {th:remove}] [1600]: org.thymeleaf.standard.processor.StandardRemoveTagProcessor
[THYMELEAF]             * [* {th:ref}] [10000]: org.thymeleaf.standard.processor.StandardRefAttributeTagProcessor
[THYMELEAF]             * [{th:block} *] [100000]: org.thymeleaf.standard.processor.StandardBlockTagProcessor
[THYMELEAF]             * [* th:*] [2147483647]: org.thymeleaf.standard.processor.StandardDefaultAttributesTagProcessor
[THYMELEAF]         * Text Processors by [precedence]:
[THYMELEAF]             * [1000]: org.thymeleaf.standard.processor.StandardInliningTextProcessor
[THYMELEAF]         * CDATA Section Processors by [precedence]:
[THYMELEAF]             * [1000]: org.thymeleaf.standard.processor.StandardInliningCDATASectionProcessor
[THYMELEAF]         * Comment Processors by [precedence]:
[THYMELEAF]             * [1000]: org.thymeleaf.standard.processor.StandardInliningCommentProcessor
[THYMELEAF]     * Processors for Template Mode: TEXT
[THYMELEAF]         * Element Tag Processors by [matching element and attribute name] [precedence]:
[THYMELEAF]             * [* {th:insert}] [100]: org.thymeleaf.standard.processor.StandardInsertTagProcessor
[THYMELEAF]             * [* {th:replace}] [100]: org.thymeleaf.standard.processor.StandardReplaceTagProcessor
[THYMELEAF]             * [* {th:each}] [200]: com.intuit.karate.template.KarateEachTagProcessor
[THYMELEAF]             * [* {th:switch}] [250]: org.thymeleaf.standard.processor.StandardSwitchTagProcessor
[THYMELEAF]             * [* {th:case}] [275]: org.thymeleaf.standard.processor.StandardCaseTagProcessor
[THYMELEAF]             * [* {th:if}] [300]: org.thymeleaf.standard.processor.StandardIfTagProcessor
[THYMELEAF]             * [* {th:unless}] [400]: org.thymeleaf.standard.processor.StandardUnlessTagProcessor
[THYMELEAF]             * [* {th:object}] [500]: org.thymeleaf.standard.processor.StandardObjectTagProcessor
[THYMELEAF]             * [* {th:with}] [600]: com.intuit.karate.template.KarateWithTagProcessor
[THYMELEAF]             * [* {th:inline}] [1000]: org.thymeleaf.standard.processor.StandardInlineTextualTagProcessor
[THYMELEAF]             * [* {th:text}] [1300]: org.thymeleaf.standard.processor.StandardTextTagProcessor
[THYMELEAF]             * [* {th:utext}] [1400]: org.thymeleaf.standard.processor.StandardUtextTagProcessor
[THYMELEAF]             * [* {th:assert}] [1550]: org.thymeleaf.standard.processor.StandardAssertTagProcessor
[THYMELEAF]             * [* {th:remove}] [1600]: org.thymeleaf.standard.processor.StandardRemoveTagProcessor
[THYMELEAF]             * [* 100000] [org.thymeleaf.standard.processor.StandardBlockTagProcessor]: {}
[THYMELEAF]             * [{th:block} *] [100000]: org.thymeleaf.standard.processor.StandardBlockTagProcessor
[THYMELEAF]         * Text Processors by [precedence]:
[THYMELEAF]             * [1000]: org.thymeleaf.standard.processor.StandardInliningTextProcessor
[THYMELEAF]     * Processors for Template Mode: JAVASCRIPT
[THYMELEAF]         * Element Tag Processors by [matching element and attribute name] [precedence]:
[THYMELEAF]             * [* {th:insert}] [100]: org.thymeleaf.standard.processor.StandardInsertTagProcessor
[THYMELEAF]             * [* {th:replace}] [100]: org.thymeleaf.standard.processor.StandardReplaceTagProcessor
[THYMELEAF]             * [* {th:each}] [200]: com.intuit.karate.template.KarateEachTagProcessor
[THYMELEAF]             * [* {th:switch}] [250]: org.thymeleaf.standard.processor.StandardSwitchTagProcessor
[THYMELEAF]             * [* {th:case}] [275]: org.thymeleaf.standard.processor.StandardCaseTagProcessor
[THYMELEAF]             * [* {th:if}] [300]: org.thymeleaf.standard.processor.StandardIfTagProcessor
[THYMELEAF]             * [* {th:unless}] [400]: org.thymeleaf.standard.processor.StandardUnlessTagProcessor
[THYMELEAF]             * [* {th:object}] [500]: org.thymeleaf.standard.processor.StandardObjectTagProcessor
[THYMELEAF]             * [* {th:with}] [600]: com.intuit.karate.template.KarateWithTagProcessor
[THYMELEAF]             * [* {th:inline}] [1000]: org.thymeleaf.standard.processor.StandardInlineTextualTagProcessor
[THYMELEAF]             * [* {th:text}] [1300]: org.thymeleaf.standard.processor.StandardTextTagProcessor
[THYMELEAF]             * [* {th:utext}] [1400]: org.thymeleaf.standard.processor.StandardUtextTagProcessor
[THYMELEAF]             * [* {th:assert}] [1550]: org.thymeleaf.standard.processor.StandardAssertTagProcessor
[THYMELEAF]             * [* {th:remove}] [1600]: org.thymeleaf.standard.processor.StandardRemoveTagProcessor
[THYMELEAF]             * [* 100000] [org.thymeleaf.standard.processor.StandardBlockTagProcessor]: {}
[THYMELEAF]             * [{th:block} *] [100000]: org.thymeleaf.standard.processor.StandardBlockTagProcessor
[THYMELEAF]         * Text Processors by [precedence]:
[THYMELEAF]             * [1000]: org.thymeleaf.standard.processor.StandardInliningTextProcessor
[THYMELEAF]     * Processors for Template Mode: CSS
[THYMELEAF]         * Element Tag Processors by [matching element and attribute name] [precedence]:
[THYMELEAF]             * [* {th:insert}] [100]: org.thymeleaf.standard.processor.StandardInsertTagProcessor
[THYMELEAF]             * [* {th:replace}] [100]: org.thymeleaf.standard.processor.StandardReplaceTagProcessor
[THYMELEAF]             * [* {th:each}] [200]: com.intuit.karate.template.KarateEachTagProcessor
[THYMELEAF]             * [* {th:switch}] [250]: org.thymeleaf.standard.processor.StandardSwitchTagProcessor
[THYMELEAF]             * [* {th:case}] [275]: org.thymeleaf.standard.processor.StandardCaseTagProcessor
[THYMELEAF]             * [* {th:if}] [300]: org.thymeleaf.standard.processor.StandardIfTagProcessor
[THYMELEAF]             * [* {th:unless}] [400]: org.thymeleaf.standard.processor.StandardUnlessTagProcessor
[THYMELEAF]             * [* {th:object}] [500]: org.thymeleaf.standard.processor.StandardObjectTagProcessor
[THYMELEAF]             * [* {th:with}] [600]: com.intuit.karate.template.KarateWithTagProcessor
[THYMELEAF]             * [* {th:inline}] [1000]: org.thymeleaf.standard.processor.StandardInlineTextualTagProcessor
[THYMELEAF]             * [* {th:text}] [1300]: org.thymeleaf.standard.processor.StandardTextTagProcessor
[THYMELEAF]             * [* {th:utext}] [1400]: org.thymeleaf.standard.processor.StandardUtextTagProcessor
[THYMELEAF]             * [* {th:assert}] [1550]: org.thymeleaf.standard.processor.StandardAssertTagProcessor
[THYMELEAF]             * [* {th:remove}] [1600]: org.thymeleaf.standard.processor.StandardRemoveTagProcessor
[THYMELEAF]             * [* 100000] [org.thymeleaf.standard.processor.StandardBlockTagProcessor]: {}
[THYMELEAF]             * [{th:block} *] [100000]: org.thymeleaf.standard.processor.StandardBlockTagProcessor
[THYMELEAF]         * Text Processors by [precedence]:
[THYMELEAF]             * [1000]: org.thymeleaf.standard.processor.StandardInliningTextProcessor
[THYMELEAF]     * Expression Objects:
[THYMELEAF]         * #ctx
[THYMELEAF]         * #root
[THYMELEAF]         * #vars
[THYMELEAF]         * #object
[THYMELEAF]         * #locale
[THYMELEAF]         * #conversions
[THYMELEAF]         * #uris
[THYMELEAF]         * #temporals
[THYMELEAF]         * #calendars
[THYMELEAF]         * #dates
[THYMELEAF]         * #bools
[THYMELEAF]         * #numbers
[THYMELEAF]         * #objects
[THYMELEAF]         * #strings
[THYMELEAF]         * #arrays
[THYMELEAF]         * #lists
[THYMELEAF]         * #sets
[THYMELEAF]         * #maps
[THYMELEAF]         * #aggregates
[THYMELEAF]         * #messages
[THYMELEAF]         * #ids
[THYMELEAF]         * #execInfo
[THYMELEAF]         * #request
[THYMELEAF]         * #response
[THYMELEAF]         * #session
[THYMELEAF]         * #servletContext
[THYMELEAF]     * Execution Attributes:
[THYMELEAF]         * "StandardExpressionParser": com.intuit.karate.template.KarateStandardDialect@719bb60d
[THYMELEAF]         * "StandardJavaScriptSerializer": org.thymeleaf.standard.serializer.StandardJavaScriptSerializer@440461ef
[THYMELEAF]         * "StandardCSSSerializer": org.thymeleaf.standard.serializer.StandardCSSSerializer@5977bdea
[THYMELEAF]         * "StandardVariableExpressionEvaluator": com.intuit.karate.template.KarateStandardDialect@719bb60d
[THYMELEAF]         * "StandardConversionService": org.thymeleaf.standard.expression.StandardConversionService@49c13ecd
[THYMELEAF] * Dialect [2 of 2]: karate (com.intuit.karate.template.KarateScriptDialect)
[THYMELEAF]     * Prefix: "ka"
[THYMELEAF]     * Processors for Template Mode: HTML
[THYMELEAF]         * Element Tag Processors by [matching element and attribute name] [precedence]:
[THYMELEAF]             * [* {src}] [1000]: com.intuit.karate.template.KaScriptAttrProcessor
[THYMELEAF]         * Element Model Processors by [matching element and attribute name] [precedence]:
[THYMELEAF]             * [{script} {ka:scope,data-ka-scope}] [1000]: com.intuit.karate.template.KaScriptElemProcessor
[THYMELEAF]             * [* {ka:set,data-ka-set}] [1000]: com.intuit.karate.template.KaSetElemProcessor
[THYMELEAF] TEMPLATE ENGINE CONFIGURED OK
23:48:01.503 [main] DEBUG org.thymeleaf.TemplateEngine -- [THYMELEAF] TEMPLATE ENGINE INITIALIZED

HTML report: (paste into browser to view) | Karate version: 1.4.1
file:///C:/Users/monst/karate-tests/target/karate-reports/karate-summary.html
===================================================================

]]></system-out>
    <system-err><![CDATA[ERROR StatusLogger Log4j2 could not find a logging implementation. Please add log4j-core to the classpath. Using SimpleLogger to log to the console...
]]></system-err>
  </testcase>
</testsuite>