<?xml version="1.0" encoding="UTF-8"?>
<testsuite xmlns:xsi="http://www.w3.org/2001/XMLSchema-instance" xsi:noNamespaceSchemaLocation="https://maven.apache.org/surefire/maven-surefire-plugin/xsd/surefire-test-report-3.0.xsd" version="3.0" name="runners.auth.RegisterExcelTestRunner" time="5.236" tests="1" errors="0" skipped="0" failures="0">
  <properties>
    <property name="java.specification.version" value="17"/>
    <property name="sun.cpu.isalist" value="amd64"/>
    <property name="sun.jnu.encoding" value="Cp1252"/>
    <property name="java.class.path" value="C:\Users\monst\karate-tests\target\test-classes;C:\Users\monst\karate-tests\target\classes;C:\Users\monst\.m2\repository\com\intuit\karate\karate-junit5\1.4.1\karate-junit5-1.4.1.jar;C:\Users\monst\.m2\repository\com\intuit\karate\karate-core\1.4.1\karate-core-1.4.1.jar;C:\Users\monst\.m2\repository\org\graalvm\js\js-scriptengine\22.3.3\js-scriptengine-22.3.3.jar;C:\Users\monst\.m2\repository\org\graalvm\sdk\graal-sdk\22.3.3\graal-sdk-22.3.3.jar;C:\Users\monst\.m2\repository\org\graalvm\js\js\22.3.3\js-22.3.3.jar;C:\Users\monst\.m2\repository\org\graalvm\regex\regex\22.3.3\regex-22.3.3.jar;C:\Users\monst\.m2\repository\org\graalvm\truffle\truffle-api\22.3.3\truffle-api-22.3.3.jar;C:\Users\monst\.m2\repository\com\ibm\icu\icu4j\71.1\icu4j-71.1.jar;C:\Users\monst\.m2\repository\org\thymeleaf\thymeleaf\3.1.2.RELEASE\thymeleaf-3.1.2.RELEASE.jar;C:\Users\monst\.m2\repository\ognl\ognl\3.3.4\ognl-3.3.4.jar;C:\Users\monst\.m2\repository\org\javassist\javassist\3.29.0-GA\javassist-3.29.0-GA.jar;C:\Users\monst\.m2\repository\org\attoparser\attoparser\2.0.7.RELEASE\attoparser-2.0.7.RELEASE.jar;C:\Users\monst\.m2\repository\org\unbescape\unbescape\1.1.6.RELEASE\unbescape-1.1.6.RELEASE.jar;C:\Users\monst\.m2\repository\org\slf4j\slf4j-api\2.0.7\slf4j-api-2.0.7.jar;C:\Users\monst\.m2\repository\com\linecorp\armeria\armeria\1.25.2\armeria-1.25.2.jar;C:\Users\monst\.m2\repository\com\fasterxml\jackson\core\jackson-core\2.15.2\jackson-core-2.15.2.jar;C:\Users\monst\.m2\repository\com\fasterxml\jackson\core\jackson-annotations\2.15.2\jackson-annotations-2.15.2.jar;C:\Users\monst\.m2\repository\com\fasterxml\jackson\core\jackson-databind\2.15.2\jackson-databind-2.15.2.jar;C:\Users\monst\.m2\repository\com\fasterxml\jackson\datatype\jackson-datatype-jdk8\2.15.2\jackson-datatype-jdk8-2.15.2.jar;C:\Users\monst\.m2\repository\com\fasterxml\jackson\datatype\jackson-datatype-jsr310\2.15.2\jackson-datatype-jsr310-2.15.2.jar;C:\Users\monst\.m2\repository\io\micrometer\micrometer-core\1.11.3\micrometer-core-1.11.3.jar;C:\Users\monst\.m2\repository\io\micrometer\micrometer-commons\1.11.3\micrometer-commons-1.11.3.jar;C:\Users\monst\.m2\repository\io\micrometer\micrometer-observation\1.11.3\micrometer-observation-1.11.3.jar;C:\Users\monst\.m2\repository\org\hdrhistogram\HdrHistogram\2.1.12\HdrHistogram-2.1.12.jar;C:\Users\monst\.m2\repository\org\latencyutils\LatencyUtils\2.0.3\LatencyUtils-2.0.3.jar;C:\Users\monst\.m2\repository\io\netty\netty-transport\4.1.96.Final\netty-transport-4.1.96.Final.jar;C:\Users\monst\.m2\repository\io\netty\netty-common\4.1.96.Final\netty-common-4.1.96.Final.jar;C:\Users\monst\.m2\repository\io\netty\netty-buffer\4.1.96.Final\netty-buffer-4.1.96.Final.jar;C:\Users\monst\.m2\repository\io\netty\netty-resolver\4.1.96.Final\netty-resolver-4.1.96.Final.jar;C:\Users\monst\.m2\repository\io\netty\netty-codec-haproxy\4.1.96.Final\netty-codec-haproxy-4.1.96.Final.jar;C:\Users\monst\.m2\repository\io\netty\netty-codec\4.1.96.Final\netty-codec-4.1.96.Final.jar;C:\Users\monst\.m2\repository\io\netty\netty-codec-http2\4.1.96.Final\netty-codec-http2-4.1.96.Final.jar;C:\Users\monst\.m2\repository\io\netty\netty-handler\4.1.96.Final\netty-handler-4.1.96.Final.jar;C:\Users\monst\.m2\repository\io\netty\netty-codec-http\4.1.96.Final\netty-codec-http-4.1.96.Final.jar;C:\Users\monst\.m2\repository\io\netty\netty-resolver-dns\4.1.96.Final\netty-resolver-dns-4.1.96.Final.jar;C:\Users\monst\.m2\repository\io\netty\netty-codec-dns\4.1.96.Final\netty-codec-dns-4.1.96.Final.jar;C:\Users\monst\.m2\repository\org\reactivestreams\reactive-streams\1.0.4\reactive-streams-1.0.4.jar;C:\Users\monst\.m2\repository\com\google\code\findbugs\jsr305\3.0.2\jsr305-3.0.2.jar;C:\Users\monst\.m2\repository\io\netty\netty-handler-proxy\4.1.96.Final\netty-handler-proxy-4.1.96.Final.jar;C:\Users\monst\.m2\repository\io\netty\netty-codec-socks\4.1.96.Final\netty-codec-socks-4.1.96.Final.jar;C:\Users\monst\.m2\repository\io\netty\netty-transport-native-unix-common\4.1.96.Final\netty-transport-native-unix-common-4.1.96.Final-linux-x86_64.jar;C:\Users\monst\.m2\repository\io\netty\netty-transport-native-epoll\4.1.96.Final\netty-transport-native-epoll-4.1.96.Final-linux-x86_64.jar;C:\Users\monst\.m2\repository\io\netty\netty-transport-native-unix-common\4.1.96.Final\netty-transport-native-unix-common-4.1.96.Final.jar;C:\Users\monst\.m2\repository\io\netty\netty-transport-classes-epoll\4.1.96.Final\netty-transport-classes-epoll-4.1.96.Final.jar;C:\Users\monst\.m2\repository\io\netty\netty-transport-native-unix-common\4.1.96.Final\netty-transport-native-unix-common-4.1.96.Final-linux-aarch_64.jar;C:\Users\monst\.m2\repository\io\netty\netty-transport-native-epoll\4.1.96.Final\netty-transport-native-epoll-4.1.96.Final-linux-aarch_64.jar;C:\Users\monst\.m2\repository\io\netty\netty-transport-native-unix-common\4.1.96.Final\netty-transport-native-unix-common-4.1.96.Final-osx-x86_64.jar;C:\Users\monst\.m2\repository\io\netty\netty-transport-native-kqueue\4.1.96.Final\netty-transport-native-kqueue-4.1.96.Final-osx-x86_64.jar;C:\Users\monst\.m2\repository\io\netty\netty-transport-classes-kqueue\4.1.96.Final\netty-transport-classes-kqueue-4.1.96.Final.jar;C:\Users\monst\.m2\repository\io\netty\netty-resolver-dns-native-macos\4.1.96.Final\netty-resolver-dns-native-macos-4.1.96.Final-osx-x86_64.jar;C:\Users\monst\.m2\repository\io\netty\netty-resolver-dns-classes-macos\4.1.96.Final\netty-resolver-dns-classes-macos-4.1.96.Final.jar;C:\Users\monst\.m2\repository\io\netty\netty-transport-native-unix-common\4.1.96.Final\netty-transport-native-unix-common-4.1.96.Final-osx-aarch_64.jar;C:\Users\monst\.m2\repository\io\netty\netty-transport-native-kqueue\4.1.96.Final\netty-transport-native-kqueue-4.1.96.Final-osx-aarch_64.jar;C:\Users\monst\.m2\repository\io\netty\netty-resolver-dns-native-macos\4.1.96.Final\netty-resolver-dns-native-macos-4.1.96.Final-osx-aarch_64.jar;C:\Users\monst\.m2\repository\io\netty\netty-tcnative-boringssl-static\2.0.61.Final\netty-tcnative-boringssl-static-2.0.61.Final-linux-x86_64.jar;C:\Users\monst\.m2\repository\io\netty\netty-tcnative-classes\2.0.61.Final\netty-tcnative-classes-2.0.61.Final.jar;C:\Users\monst\.m2\repository\io\netty\netty-tcnative-boringssl-static\2.0.61.Final\netty-tcnative-boringssl-static-2.0.61.Final-linux-aarch_64.jar;C:\Users\monst\.m2\repository\io\netty\netty-tcnative-boringssl-static\2.0.61.Final\netty-tcnative-boringssl-static-2.0.61.Final-osx-x86_64.jar;C:\Users\monst\.m2\repository\io\netty\netty-tcnative-boringssl-static\2.0.61.Final\netty-tcnative-boringssl-static-2.0.61.Final-osx-aarch_64.jar;C:\Users\monst\.m2\repository\io\netty\netty-tcnative-boringssl-static\2.0.61.Final\netty-tcnative-boringssl-static-2.0.61.Final-windows-x86_64.jar;C:\Users\monst\.m2\repository\com\aayushatharva\brotli4j\brotli4j\1.12.0\brotli4j-1.12.0.jar;C:\Users\monst\.m2\repository\com\aayushatharva\brotli4j\service\1.12.0\service-1.12.0.jar;C:\Users\monst\.m2\repository\com\aayushatharva\brotli4j\native-windows-x86_64\1.12.0\native-windows-x86_64-1.12.0.jar;C:\Users\monst\.m2\repository\org\apache\httpcomponents\httpclient\4.5.14\httpclient-4.5.14.jar;C:\Users\monst\.m2\repository\org\apache\httpcomponents\httpcore\4.4.16\httpcore-4.4.16.jar;C:\Users\monst\.m2\repository\ch\qos\logback\logback-classic\1.4.11\logback-classic-1.4.11.jar;C:\Users\monst\.m2\repository\ch\qos\logback\logback-core\1.4.11\logback-core-1.4.11.jar;C:\Users\monst\.m2\repository\org\slf4j\jcl-over-slf4j\2.0.9\jcl-over-slf4j-2.0.9.jar;C:\Users\monst\.m2\repository\org\antlr\antlr4-runtime\4.11.1\antlr4-runtime-4.11.1.jar;C:\Users\monst\.m2\repository\com\jayway\jsonpath\json-path\2.8.0\json-path-2.8.0.jar;C:\Users\monst\.m2\repository\net\minidev\json-smart\2.4.10\json-smart-2.4.10.jar;C:\Users\monst\.m2\repository\net\minidev\accessors-smart\2.4.9\accessors-smart-2.4.9.jar;C:\Users\monst\.m2\repository\org\ow2\asm\asm\9.3\asm-9.3.jar;C:\Users\monst\.m2\repository\org\yaml\snakeyaml\2.0\snakeyaml-2.0.jar;C:\Users\monst\.m2\repository\de\siegmar\fastcsv\2.2.1\fastcsv-2.2.1.jar;C:\Users\monst\.m2\repository\info\picocli\picocli\4.7.1\picocli-4.7.1.jar;C:\Users\monst\.m2\repository\io\github\classgraph\classgraph\4.8.160\classgraph-4.8.160.jar;C:\Users\monst\.m2\repository\io\github\t12y\resemble\1.0.2\resemble-1.0.2.jar;C:\Users\monst\.m2\repository\io\github\t12y\ssim\1.0.0\ssim-1.0.0.jar;C:\Users\monst\.m2\repository\org\junit\jupiter\junit-jupiter-api\5.9.3\junit-jupiter-api-5.9.3.jar;C:\Users\monst\.m2\repository\org\opentest4j\opentest4j\1.2.0\opentest4j-1.2.0.jar;C:\Users\monst\.m2\repository\org\junit\platform\junit-platform-commons\1.9.3\junit-platform-commons-1.9.3.jar;C:\Users\monst\.m2\repository\org\apiguardian\apiguardian-api\1.1.2\apiguardian-api-1.1.2.jar;C:\Users\monst\.m2\repository\org\junit\jupiter\junit-jupiter-engine\5.9.3\junit-jupiter-engine-5.9.3.jar;C:\Users\monst\.m2\repository\org\junit\platform\junit-platform-engine\1.9.3\junit-platform-engine-1.9.3.jar;C:\Users\monst\.m2\repository\org\apache\poi\poi\5.2.4\poi-5.2.4.jar;C:\Users\monst\.m2\repository\commons-codec\commons-codec\1.16.0\commons-codec-1.16.0.jar;C:\Users\monst\.m2\repository\org\apache\commons\commons-collections4\4.4\commons-collections4-4.4.jar;C:\Users\monst\.m2\repository\org\apache\commons\commons-math3\3.6.1\commons-math3-3.6.1.jar;C:\Users\monst\.m2\repository\commons-io\commons-io\2.13.0\commons-io-2.13.0.jar;C:\Users\monst\.m2\repository\com\zaxxer\SparseBitSet\1.3\SparseBitSet-1.3.jar;C:\Users\monst\.m2\repository\org\apache\logging\log4j\log4j-api\2.20.0\log4j-api-2.20.0.jar;C:\Users\monst\.m2\repository\org\apache\poi\poi-ooxml\5.2.4\poi-ooxml-5.2.4.jar;C:\Users\monst\.m2\repository\org\apache\poi\poi-ooxml-lite\5.2.4\poi-ooxml-lite-5.2.4.jar;C:\Users\monst\.m2\repository\org\apache\xmlbeans\xmlbeans\5.1.1\xmlbeans-5.1.1.jar;C:\Users\monst\.m2\repository\org\apache\commons\commons-compress\1.24.0\commons-compress-1.24.0.jar;C:\Users\monst\.m2\repository\com\github\virtuald\curvesapi\1.08\curvesapi-1.08.jar;"/>
    <property name="java.vm.vendor" value="Oracle Corporation"/>
    <property name="sun.arch.data.model" value="64"/>
    <property name="user.variant" value=""/>
    <property name="java.vendor.url" value="https://java.oracle.com/"/>
    <property name="user.timezone" value="Asia/Saigon"/>
    <property name="os.name" value="Windows 11"/>
    <property name="java.vm.specification.version" value="17"/>
    <property name="sun.java.launcher" value="SUN_STANDARD"/>
    <property name="user.country" value="US"/>
    <property name="sun.boot.library.path" value="C:\Program Files\Java\jdk-17\bin"/>
    <property name="sun.java.command" value="C:\Users\monst\AppData\Local\Temp\surefire15981835517628797570\surefirebooter-20250617234559923_3.jar C:\Users\monst\AppData\Local\Temp\surefire15981835517628797570 2025-06-17T23-45-59_458-jvmRun1 surefire-20250617234559923_1tmp surefire_0-20250617234559923_2tmp"/>
    <property name="jdk.debug" value="release"/>
    <property name="test" value="RegisterExcelTestRunner"/>
    <property name="surefire.test.class.path" value="C:\Users\monst\karate-tests\target\test-classes;C:\Users\monst\karate-tests\target\classes;C:\Users\monst\.m2\repository\com\intuit\karate\karate-junit5\1.4.1\karate-junit5-1.4.1.jar;C:\Users\monst\.m2\repository\com\intuit\karate\karate-core\1.4.1\karate-core-1.4.1.jar;C:\Users\monst\.m2\repository\org\graalvm\js\js-scriptengine\22.3.3\js-scriptengine-22.3.3.jar;C:\Users\monst\.m2\repository\org\graalvm\sdk\graal-sdk\22.3.3\graal-sdk-22.3.3.jar;C:\Users\monst\.m2\repository\org\graalvm\js\js\22.3.3\js-22.3.3.jar;C:\Users\monst\.m2\repository\org\graalvm\regex\regex\22.3.3\regex-22.3.3.jar;C:\Users\monst\.m2\repository\org\graalvm\truffle\truffle-api\22.3.3\truffle-api-22.3.3.jar;C:\Users\monst\.m2\repository\com\ibm\icu\icu4j\71.1\icu4j-71.1.jar;C:\Users\monst\.m2\repository\org\thymeleaf\thymeleaf\3.1.2.RELEASE\thymeleaf-3.1.2.RELEASE.jar;C:\Users\monst\.m2\repository\ognl\ognl\3.3.4\ognl-3.3.4.jar;C:\Users\monst\.m2\repository\org\javassist\javassist\3.29.0-GA\javassist-3.29.0-GA.jar;C:\Users\monst\.m2\repository\org\attoparser\attoparser\2.0.7.RELEASE\attoparser-2.0.7.RELEASE.jar;C:\Users\monst\.m2\repository\org\unbescape\unbescape\1.1.6.RELEASE\unbescape-1.1.6.RELEASE.jar;C:\Users\monst\.m2\repository\org\slf4j\slf4j-api\2.0.7\slf4j-api-2.0.7.jar;C:\Users\monst\.m2\repository\com\linecorp\armeria\armeria\1.25.2\armeria-1.25.2.jar;C:\Users\monst\.m2\repository\com\fasterxml\jackson\core\jackson-core\2.15.2\jackson-core-2.15.2.jar;C:\Users\monst\.m2\repository\com\fasterxml\jackson\core\jackson-annotations\2.15.2\jackson-annotations-2.15.2.jar;C:\Users\monst\.m2\repository\com\fasterxml\jackson\core\jackson-databind\2.15.2\jackson-databind-2.15.2.jar;C:\Users\monst\.m2\repository\com\fasterxml\jackson\datatype\jackson-datatype-jdk8\2.15.2\jackson-datatype-jdk8-2.15.2.jar;C:\Users\monst\.m2\repository\com\fasterxml\jackson\datatype\jackson-datatype-jsr310\2.15.2\jackson-datatype-jsr310-2.15.2.jar;C:\Users\monst\.m2\repository\io\micrometer\micrometer-core\1.11.3\micrometer-core-1.11.3.jar;C:\Users\monst\.m2\repository\io\micrometer\micrometer-commons\1.11.3\micrometer-commons-1.11.3.jar;C:\Users\monst\.m2\repository\io\micrometer\micrometer-observation\1.11.3\micrometer-observation-1.11.3.jar;C:\Users\monst\.m2\repository\org\hdrhistogram\HdrHistogram\2.1.12\HdrHistogram-2.1.12.jar;C:\Users\monst\.m2\repository\org\latencyutils\LatencyUtils\2.0.3\LatencyUtils-2.0.3.jar;C:\Users\monst\.m2\repository\io\netty\netty-transport\4.1.96.Final\netty-transport-4.1.96.Final.jar;C:\Users\monst\.m2\repository\io\netty\netty-common\4.1.96.Final\netty-common-4.1.96.Final.jar;C:\Users\monst\.m2\repository\io\netty\netty-buffer\4.1.96.Final\netty-buffer-4.1.96.Final.jar;C:\Users\monst\.m2\repository\io\netty\netty-resolver\4.1.96.Final\netty-resolver-4.1.96.Final.jar;C:\Users\monst\.m2\repository\io\netty\netty-codec-haproxy\4.1.96.Final\netty-codec-haproxy-4.1.96.Final.jar;C:\Users\monst\.m2\repository\io\netty\netty-codec\4.1.96.Final\netty-codec-4.1.96.Final.jar;C:\Users\monst\.m2\repository\io\netty\netty-codec-http2\4.1.96.Final\netty-codec-http2-4.1.96.Final.jar;C:\Users\monst\.m2\repository\io\netty\netty-handler\4.1.96.Final\netty-handler-4.1.96.Final.jar;C:\Users\monst\.m2\repository\io\netty\netty-codec-http\4.1.96.Final\netty-codec-http-4.1.96.Final.jar;C:\Users\monst\.m2\repository\io\netty\netty-resolver-dns\4.1.96.Final\netty-resolver-dns-4.1.96.Final.jar;C:\Users\monst\.m2\repository\io\netty\netty-codec-dns\4.1.96.Final\netty-codec-dns-4.1.96.Final.jar;C:\Users\monst\.m2\repository\org\reactivestreams\reactive-streams\1.0.4\reactive-streams-1.0.4.jar;C:\Users\monst\.m2\repository\com\google\code\findbugs\jsr305\3.0.2\jsr305-3.0.2.jar;C:\Users\monst\.m2\repository\io\netty\netty-handler-proxy\4.1.96.Final\netty-handler-proxy-4.1.96.Final.jar;C:\Users\monst\.m2\repository\io\netty\netty-codec-socks\4.1.96.Final\netty-codec-socks-4.1.96.Final.jar;C:\Users\monst\.m2\repository\io\netty\netty-transport-native-unix-common\4.1.96.Final\netty-transport-native-unix-common-4.1.96.Final-linux-x86_64.jar;C:\Users\monst\.m2\repository\io\netty\netty-transport-native-epoll\4.1.96.Final\netty-transport-native-epoll-4.1.96.Final-linux-x86_64.jar;C:\Users\monst\.m2\repository\io\netty\netty-transport-native-unix-common\4.1.96.Final\netty-transport-native-unix-common-4.1.96.Final.jar;C:\Users\monst\.m2\repository\io\netty\netty-transport-classes-epoll\4.1.96.Final\netty-transport-classes-epoll-4.1.96.Final.jar;C:\Users\monst\.m2\repository\io\netty\netty-transport-native-unix-common\4.1.96.Final\netty-transport-native-unix-common-4.1.96.Final-linux-aarch_64.jar;C:\Users\monst\.m2\repository\io\netty\netty-transport-native-epoll\4.1.96.Final\netty-transport-native-epoll-4.1.96.Final-linux-aarch_64.jar;C:\Users\monst\.m2\repository\io\netty\netty-transport-native-unix-common\4.1.96.Final\netty-transport-native-unix-common-4.1.96.Final-osx-x86_64.jar;C:\Users\monst\.m2\repository\io\netty\netty-transport-native-kqueue\4.1.96.Final\netty-transport-native-kqueue-4.1.96.Final-osx-x86_64.jar;C:\Users\monst\.m2\repository\io\netty\netty-transport-classes-kqueue\4.1.96.Final\netty-transport-classes-kqueue-4.1.96.Final.jar;C:\Users\monst\.m2\repository\io\netty\netty-resolver-dns-native-macos\4.1.96.Final\netty-resolver-dns-native-macos-4.1.96.Final-osx-x86_64.jar;C:\Users\monst\.m2\repository\io\netty\netty-resolver-dns-classes-macos\4.1.96.Final\netty-resolver-dns-classes-macos-4.1.96.Final.jar;C:\Users\monst\.m2\repository\io\netty\netty-transport-native-unix-common\4.1.96.Final\netty-transport-native-unix-common-4.1.96.Final-osx-aarch_64.jar;C:\Users\monst\.m2\repository\io\netty\netty-transport-native-kqueue\4.1.96.Final\netty-transport-native-kqueue-4.1.96.Final-osx-aarch_64.jar;C:\Users\monst\.m2\repository\io\netty\netty-resolver-dns-native-macos\4.1.96.Final\netty-resolver-dns-native-macos-4.1.96.Final-osx-aarch_64.jar;C:\Users\monst\.m2\repository\io\netty\netty-tcnative-boringssl-static\2.0.61.Final\netty-tcnative-boringssl-static-2.0.61.Final-linux-x86_64.jar;C:\Users\monst\.m2\repository\io\netty\netty-tcnative-classes\2.0.61.Final\netty-tcnative-classes-2.0.61.Final.jar;C:\Users\monst\.m2\repository\io\netty\netty-tcnative-boringssl-static\2.0.61.Final\netty-tcnative-boringssl-static-2.0.61.Final-linux-aarch_64.jar;C:\Users\monst\.m2\repository\io\netty\netty-tcnative-boringssl-static\2.0.61.Final\netty-tcnative-boringssl-static-2.0.61.Final-osx-x86_64.jar;C:\Users\monst\.m2\repository\io\netty\netty-tcnative-boringssl-static\2.0.61.Final\netty-tcnative-boringssl-static-2.0.61.Final-osx-aarch_64.jar;C:\Users\monst\.m2\repository\io\netty\netty-tcnative-boringssl-static\2.0.61.Final\netty-tcnative-boringssl-static-2.0.61.Final-windows-x86_64.jar;C:\Users\monst\.m2\repository\com\aayushatharva\brotli4j\brotli4j\1.12.0\brotli4j-1.12.0.jar;C:\Users\monst\.m2\repository\com\aayushatharva\brotli4j\service\1.12.0\service-1.12.0.jar;C:\Users\monst\.m2\repository\com\aayushatharva\brotli4j\native-windows-x86_64\1.12.0\native-windows-x86_64-1.12.0.jar;C:\Users\monst\.m2\repository\org\apache\httpcomponents\httpclient\4.5.14\httpclient-4.5.14.jar;C:\Users\monst\.m2\repository\org\apache\httpcomponents\httpcore\4.4.16\httpcore-4.4.16.jar;C:\Users\monst\.m2\repository\ch\qos\logback\logback-classic\1.4.11\logback-classic-1.4.11.jar;C:\Users\monst\.m2\repository\ch\qos\logback\logback-core\1.4.11\logback-core-1.4.11.jar;C:\Users\monst\.m2\repository\org\slf4j\jcl-over-slf4j\2.0.9\jcl-over-slf4j-2.0.9.jar;C:\Users\monst\.m2\repository\org\antlr\antlr4-runtime\4.11.1\antlr4-runtime-4.11.1.jar;C:\Users\monst\.m2\repository\com\jayway\jsonpath\json-path\2.8.0\json-path-2.8.0.jar;C:\Users\monst\.m2\repository\net\minidev\json-smart\2.4.10\json-smart-2.4.10.jar;C:\Users\monst\.m2\repository\net\minidev\accessors-smart\2.4.9\accessors-smart-2.4.9.jar;C:\Users\monst\.m2\repository\org\ow2\asm\asm\9.3\asm-9.3.jar;C:\Users\monst\.m2\repository\org\yaml\snakeyaml\2.0\snakeyaml-2.0.jar;C:\Users\monst\.m2\repository\de\siegmar\fastcsv\2.2.1\fastcsv-2.2.1.jar;C:\Users\monst\.m2\repository\info\picocli\picocli\4.7.1\picocli-4.7.1.jar;C:\Users\monst\.m2\repository\io\github\classgraph\classgraph\4.8.160\classgraph-4.8.160.jar;C:\Users\monst\.m2\repository\io\github\t12y\resemble\1.0.2\resemble-1.0.2.jar;C:\Users\monst\.m2\repository\io\github\t12y\ssim\1.0.0\ssim-1.0.0.jar;C:\Users\monst\.m2\repository\org\junit\jupiter\junit-jupiter-api\5.9.3\junit-jupiter-api-5.9.3.jar;C:\Users\monst\.m2\repository\org\opentest4j\opentest4j\1.2.0\opentest4j-1.2.0.jar;C:\Users\monst\.m2\repository\org\junit\platform\junit-platform-commons\1.9.3\junit-platform-commons-1.9.3.jar;C:\Users\monst\.m2\repository\org\apiguardian\apiguardian-api\1.1.2\apiguardian-api-1.1.2.jar;C:\Users\monst\.m2\repository\org\junit\jupiter\junit-jupiter-engine\5.9.3\junit-jupiter-engine-5.9.3.jar;C:\Users\monst\.m2\repository\org\junit\platform\junit-platform-engine\1.9.3\junit-platform-engine-1.9.3.jar;C:\Users\monst\.m2\repository\org\apache\poi\poi\5.2.4\poi-5.2.4.jar;C:\Users\monst\.m2\repository\commons-codec\commons-codec\1.16.0\commons-codec-1.16.0.jar;C:\Users\monst\.m2\repository\org\apache\commons\commons-collections4\4.4\commons-collections4-4.4.jar;C:\Users\monst\.m2\repository\org\apache\commons\commons-math3\3.6.1\commons-math3-3.6.1.jar;C:\Users\monst\.m2\repository\commons-io\commons-io\2.13.0\commons-io-2.13.0.jar;C:\Users\monst\.m2\repository\com\zaxxer\SparseBitSet\1.3\SparseBitSet-1.3.jar;C:\Users\monst\.m2\repository\org\apache\logging\log4j\log4j-api\2.20.0\log4j-api-2.20.0.jar;C:\Users\monst\.m2\repository\org\apache\poi\poi-ooxml\5.2.4\poi-ooxml-5.2.4.jar;C:\Users\monst\.m2\repository\org\apache\poi\poi-ooxml-lite\5.2.4\poi-ooxml-lite-5.2.4.jar;C:\Users\monst\.m2\repository\org\apache\xmlbeans\xmlbeans\5.1.1\xmlbeans-5.1.1.jar;C:\Users\monst\.m2\repository\org\apache\commons\commons-compress\1.24.0\commons-compress-1.24.0.jar;C:\Users\monst\.m2\repository\com\github\virtuald\curvesapi\1.08\curvesapi-1.08.jar;"/>
    <property name="sun.cpu.endian" value="little"/>
    <property name="user.home" value="C:\Users\monst"/>
    <property name="user.language" value="en"/>
    <property name="java.specification.vendor" value="Oracle Corporation"/>
    <property name="java.version.date" value="2023-10-17"/>
    <property name="java.home" value="C:\Program Files\Java\jdk-17"/>
    <property name="file.separator" value="\"/>
    <property name="basedir" value="C:\Users\monst\karate-tests"/>
    <property name="java.vm.compressedOopsMode" value="Zero based"/>
    <property name="line.separator" value="&#10;"/>
    <property name="java.vm.specification.vendor" value="Oracle Corporation"/>
    <property name="java.specification.name" value="Java Platform API Specification"/>
    <property name="surefire.real.class.path" value="C:\Users\monst\AppData\Local\Temp\surefire15981835517628797570\surefirebooter-20250617234559923_3.jar"/>
    <property name="user.script" value=""/>
    <property name="sun.management.compiler" value="HotSpot 64-Bit Tiered Compilers"/>
    <property name="java.runtime.version" value="17.0.9+11-LTS-201"/>
    <property name="user.name" value="monst"/>
    <property name="path.separator" value=";"/>
    <property name="os.version" value="10.0"/>
    <property name="java.runtime.name" value="Java(TM) SE Runtime Environment"/>
    <property name="file.encoding" value="Cp1252"/>
    <property name="java.vm.name" value="Java HotSpot(TM) 64-Bit Server VM"/>
    <property name="localRepository" value="C:\Users\monst\.m2\repository"/>
    <property name="java.vendor.url.bug" value="https://bugreport.java.com/bugreport/"/>
    <property name="java.io.tmpdir" value="C:\Users\monst\AppData\Local\Temp\"/>
    <property name="java.version" value="17.0.9"/>
    <property name="user.dir" value="C:\Users\monst\karate-tests"/>
    <property name="os.arch" value="amd64"/>
    <property name="java.vm.specification.name" value="Java Virtual Machine Specification"/>
    <property name="sun.os.patch.level" value=""/>
    <property name="native.encoding" value="Cp1252"/>
    <property name="java.library.path" value="C:\Program Files\Java\jdk-17\bin;C:\WINDOWS\Sun\Java\bin;C:\WINDOWS\system32;C:\WINDOWS;C:\Users\monst\bin;C:\Program Files\Git\mingw64\bin;C:\Program Files\Git\usr\local\bin;C:\Program Files\Git\usr\bin;C:\Program Files\Git\usr\bin;C:\Program Files\Git\mingw64\bin;C:\Program Files\Git\usr\bin;C:\Users\monst\bin;C:\Program Files\Eclipse Adoptium\jdk-17.0.12.7-hotspot\bin;C:\Program Files\Common Files\Oracle\Java\javapath;C:\Program Files (x86)\VMware\VMware Workstation\bin;C:\Windows\system32;C:\Windows;C:\Windows\System32\Wbem;C:\Windows\System32\WindowsPowerShell\v1.0;C:\Windows\System32\OpenSSH;C:\Program Files (x86)\NVIDIA Corporation\PhysX\Common;C:\Program Files\NVIDIA Corporation\NVIDIA NvDLISR;C:\WINDOWS\system32;C:\WINDOWS;C:\WINDOWS\System32\Wbem;C:\WINDOWS\System32\WindowsPowerShell\v1.0;C:\WINDOWS\System32\OpenSSH;C:\Program Files\Azure Data Studio\bin;C:\Program Files (x86)\Microsoft SQL Server\160\Tools\Binn;C:\Program Files\Microsoft SQL Server\160\Tools\Binn;C:\Program Files\Microsoft SQL Server\Client SDK\ODBC\170\Tools\Binn;C:\Program Files\Microsoft SQL Server\160\DTS\Binn;C:\Program Files (x86)\Microsoft SQL Server\160\DTS\Binn;C:\ProgramData\chocolatey\bin;C:\Program Files\Docker\Docker\resources\bin;C:\Program Files\nodejs;C:\Program Files\MySQL\MySQL Server 8.0\bin;C:\Program Files\Git\cmd;C:\Program Files (x86)\Windows Kits\10\Windows Performance Toolkit;C:\Program Files\dotnet;C:\Program Files\Microsoft SQL Server\150\Tools\Binn;C:\Program Files\Apache\apache-maven-3.9.9\bin;C:\Users\monst\AppData\Local\Android\Sdk\platform-tools;C:\Program Files\Cloudflare\Cloudflare WARP;C:\Users\monst\AppData\Local\Programs\Python\Python313\Scripts;C:\dev\flutter\bin;C:\Users\monst\.dotnet\tools;C:\Users\monst\AppData\Local\Programs\Microsoft VS Code\bin;C:\Users\monst\AppData\Local\Programs\Python\Python313;C:\Users\monst\AppData\Local\Programs\cursor\resources\app\bin;C:\Users\monst\AppData\Roaming\npm;C:\Program Files\Git\usr\bin\vendor_perl;C:\Program Files\Git\usr\bin\core_perl;."/>
    <property name="java.vm.info" value="mixed mode, sharing"/>
    <property name="java.vendor" value="Oracle Corporation"/>
    <property name="java.vm.version" value="17.0.9+11-LTS-201"/>
    <property name="sun.io.unicode.encoding" value="UnicodeLittle"/>
    <property name="java.class.version" value="61.0"/>
  </properties>
  <testcase name="[1:11] Setup và chạy comprehensive register test cases" classname="features/auth/register-excel" time="4.615">
    <system-out><![CDATA[23:46:01.201 [main] DEBUG com.intuit.karate.Suite -- [config] classpath:karate-config.js
23:46:01.992 [main] INFO com.intuit.karate -- karate.env system property was: null 
23:46:02.095 [main] INFO com.intuit.karate -- [print] === B??C 1: SETUP D? LI?U TEST === 
23:46:02.888 [main] INFO com.intuit.karate -- ?ã thêm d? li?u register vào file data.xlsx thành công! 
23:46:02.891 [main] INFO com.intuit.karate -- Sheet register: 30 test cases 
23:46:02.894 [main] INFO com.intuit.karate -- [print] ?ã setup d? li?u test vào Excel thành công! 
23:46:02.897 [main] INFO com.intuit.karate -- [print] === B??C 2: ??C D? LI?U T? EXCEL === 
23:46:02.949 [main] INFO com.intuit.karate -- Headers found: [
  "email",
  "password",
  "name",
  "username",
  "phoneNumber",
  "expectedStatus",
  "expectedResult",
  "testDescription",
  "responseStatus",
  "result"
]
 
23:46:03.049 [main] INFO com.intuit.karate -- Read data from Excel: [
  {
    "email": "test1@example.com",
    "password": "Password123",
    "name": "John Doe",
    "username": "johndoe1",
    "phoneNumber": "0987654321",
    "expectedStatus": 201.0,
    "expectedResult": "{\"message\": \"User registered successfully\"}",
    "testDescription": "TC1: ??ng ký h?p l? - S? ?i?n tho?i 10 ch? s?",
    "responseStatus": "",
    "result": ""
  },
  {
    "email": "test2@example.com",
    "password": "Password123",
    "name": "Jane Smith",
    "username": "janesmith",
    "phoneNumber": "01234567890",
    "expectedStatus": 201.0,
    "expectedResult": "{\"message\": \"User registered successfully\"}",
    "testDescription": "TC2: ??ng ký h?p l? - S? ?i?n tho?i 11 ch? s?",
    "responseStatus": "",
    "result": ""
  },
  {
    "email": "",
    "password": "Password123",
    "name": "John Doe",
    "username": "johndoe3",
    "phoneNumber": "0987654321",
    "expectedStatus": 400.0,
    "expectedResult": "{\"error\": \"Email is required\"}",
    "testDescription": "TC3: Thi?u tr??ng email - Ki?m tra khi thi?u email",
    "responseStatus": "",
    "result": ""
  },
  {
    "email": "test4@example.com",
    "password": "",
    "name": "John Doe",
    "username": "johndoe4",
    "phoneNumber": "0987654321",
    "expectedStatus": 400.0,
    "expectedResult": "{\"error\": \"Password is required\"}",
    "testDescription": "TC4: Thi?u tr??ng password - Ki?m tra khi thi?u password",
    "responseStatus": "",
    "result": ""
  },
  {
    "email": "test5@example.com",
    "password": "Password123",
    "name": "",
    "username": "johndoe5",
    "phoneNumber": "0987654321",
    "expectedStatus": 400.0,
    "expectedResult": "{\"error\": \"Name is required\"}",
    "testDescription": "TC5: Thi?u tr??ng name - Ki?m tra khi thi?u name",
    "responseStatus": "",
    "result": ""
  },
  {
    "email": "test6@example.com",
    "password": "Password123",
    "name": "John Doe",
    "username": "",
    "phoneNumber": "0987654321",
    "expectedStatus": 400.0,
    "expectedResult": "{\"error\": \"Username is required\"}",
    "testDescription": "TC6: Thi?u tr??ng username - Ki?m tra khi thi?u username",
    "responseStatus": "",
    "result": ""
  },
  {
    "email": "test7@example.com",
    "password": "Password123",
    "name": "John Doe",
    "username": "johndoe7",
    "phoneNumber": "",
    "expectedStatus": 400.0,
    "expectedResult": "{\"error\": \"S? ?i?n tho?i không ???c ?? tr?ng\"}",
    "testDescription": "TC7: Thi?u tr??ng phoneNumber - Ki?m tra khi thi?u s? ?i?n tho?i",
    "responseStatus": "",
    "result": ""
  },
  {
    "email": "invalid_email",
    "password": "Password123",
    "name": "John Doe",
    "username": "johndoe8",
    "phoneNumber": "0987654321",
    "expectedStatus": 400.0,
    "expectedResult": "{\"error\": \"Invalid email format\"}",
    "testDescription": "TC8: Email không h?p l? - Ki?m tra v?i email không ?úng ??nh d?ng",
    "responseStatus": "",
    "result": ""
  },
  {
    "email": "test9@example.com",
    "password": "12345",
    "name": "John Doe",
    "username": "johndoe9",
    "phoneNumber": "0987654321",
    "expectedStatus": 400.0,
    "expectedResult": "{\"error\": \"Password must be at least 6 characters\"}",
    "testDescription": "TC9: Password quá ng?n - Ki?m tra khi password d??i 6 ký t?",
    "responseStatus": "",
    "result": ""
  },
  {
    "email": "test10@example.com",
    "password": "Password123",
    "name": "John Doe",
    "username": "johndoe1",
    "phoneNumber": "0123456789",
    "expectedStatus": 409.0,
    "expectedResult": "{\"error\": \"Username already exists\"}",
    "testDescription": "TC10: Username ?ã t?n t?i - Ki?m tra khi username ?ã ???c s? d?ng",
    "responseStatus": "",
    "result": ""
  },
  {
    "email": "test1@example.com",
    "password": "Password123",
    "name": "John Doe",
    "username": "newuser11",
    "phoneNumber": "0123456789",
    "expectedStatus": 409.0,
    "expectedResult": "{\"error\": \"Email already exists\"}",
    "testDescription": "TC11: Email ?ã t?n t?i - Ki?m tra khi email ?ã ???c s? d?ng",
    "responseStatus": "",
    "result": ""
  },
  {
    "email": "test12@example.com",
    "password": "Password123",
    "name": "John Doe",
    "username": "newuser12",
    "phoneNumber": "0987654321",
    "expectedStatus": 409.0,
    "expectedResult": "{\"error\": \"Phone number already exists\"}",
    "testDescription": "TC12: S? ?i?n tho?i ?ã t?n t?i - Ki?m tra khi s? ?i?n tho?i ?ã ???c s? d?ng",
    "responseStatus": "",
    "result": ""
  },
  {
    "email": "test13@example.com",
    "password": "Password123",
    "name": "John Doe",
    "username": "johndoe13",
    "phoneNumber": "098765432",
    "expectedStatus": 400.0,
    "expectedResult": "{\"error\": \"S? ?i?n tho?i ph?i có 10 ho?c 11 ch? s?\"}",
    "testDescription": "TC13: S? ?i?n tho?i quá ng?n - Ki?m tra khi s? ?i?n tho?i có 9 ch? s?",
    "responseStatus": "",
    "result": ""
  },
  {
    "email": "test14@example.com",
    "password": "Password123",
    "name": "John Doe",
    "username": "johndoe14",
    "phoneNumber": "098765432123",
    "expectedStatus": 400.0,
    "expectedResult": "{\"error\": \"S? ?i?n tho?i ph?i có 10 ho?c 11 ch? s?\"}",
    "testDescription": "TC14: S? ?i?n tho?i quá dài - Ki?m tra khi s? ?i?n tho?i có 12 ch? s?",
    "responseStatus": "",
    "result": ""
  },
  {
    "email": "test15@example.com",
    "password": "Password123",
    "name": "John Doe",
    "username": "johndoe15",
    "phoneNumber": "098765432a",
    "expectedStatus": 400.0,
    "expectedResult": "{\"error\": \"S? ?i?n tho?i ph?i có 10 ho?c 11 ch? s?\"}",
    "testDescription": "TC15: S? ?i?n tho?i ch?a ký t? - Ki?m tra khi s? ?i?n tho?i ch?a ch? cái",
    "responseStatus": "",
    "result": ""
  },
  {
    "email": "test16@example.com",
    "password": "Password123",
    "name": "John Doe",
    "username": "johndoe16",
    "phoneNumber": "0987-654-321",
    "expectedStatus": 400.0,
    "expectedResult": "{\"error\": \"S? ?i?n tho?i ph?i có 10 ho?c 11 ch? s?\"}",
    "testDescription": "TC16: S? ?i?n tho?i ch?a ký t? ??c bi?t - Ki?m tra khi có d?u g?ch ngang",
    "responseStatus": "",
    "result": ""
  },
  {
    "email": "test17@example.com",
    "password": "Password123",
    "name": "John Doe",
    "username": "johndoe17",
    "phoneNumber": "0987 654 321",
    "expectedStatus": 400.0,
    "expectedResult": "{\"error\": \"S? ?i?n tho?i ph?i có 10 ho?c 11 ch? s?\"}",
    "testDescription": "TC17: S? ?i?n tho?i ch?a kho?ng tr?ng - Ki?m tra khi có space",
    "responseStatus": "",
    "result": ""
  },
  {
    "email": "test18@example.com",
    "password": "Password123",
    "name": "John Doe",
    "username": "johndoe18",
    "phoneNumber": "+84987654321",
    "expectedStatus": 400.0,
    "expectedResult": "{\"error\": \"S? ?i?n tho?i ph?i có 10 ho?c 11 ch? s?\"}",
    "testDescription": "TC18: S? ?i?n tho?i có mã qu?c gia - Ki?m tra khi có d?u + và mã qu?c gia",
    "responseStatus": "",
    "result": ""
  },
  {
    "email": "",
    "password": "",
    "name": "",
    "username": "",
    "phoneNumber": "",
    "expectedStatus": 400.0,
    "expectedResult": "{\"error\": \"All fields are required\"}",
    "testDescription": "TC19: T?t c? các tr??ng r?ng - Ki?m tra khi t?t c? các tr??ng ?? tr?ng",
    "responseStatus": "",
    "result": ""
  },
  {
    "email": "test20@example.com",
    "password": "Password123",
    "name": "John Doe",
    "username": "john@doe",
    "phoneNumber": "0987654321",
    "expectedStatus": 400.0,
    "expectedResult": "{\"error\": \"Username contains invalid characters\"}",
    "testDescription": "TC20: Username ch?a ký t? ??c bi?t - Ki?m tra khi username ch?a ký t? không cho phép",
    "responseStatus": "",
    "result": ""
  },
  {
    "email": "test21@example.com",
    "password": "password",
    "name": "John Doe",
    "username": "johndoe21",
    "phoneNumber": "0987654321",
    "expectedStatus": 400.0,
    "expectedResult": "{\"error\": \"Password must contain at least one number\"}",
    "testDescription": "TC21: Password không ch?a s? - Ki?m tra khi password không ?áp ?ng yêu c?u ph?c t?p",
    "responseStatus": "",
    "result": ""
  },
  {
    "email": "test22@example.com",
    "password": "Password123",
    "name": "This is a very long name that exceeds the maximum length of fifty characters allowed in the system",
    "username": "johndoe22",
    "phoneNumber": "0987654321",
    "expectedStatus": 400.0,
    "expectedResult": "{\"error\": \"Name exceeds maximum length\"}",
    "testDescription": "TC22: Name quá dài - Ki?m tra khi name v??t quá gi?i h?n ký t? (50 ký t?)",
    "responseStatus": "",
    "result": ""
  },
  {
    "email": "test23@example.com",
    "password": "Password123",
    "name": "John Doe",
    "username": "johndoe' OR '1'='1",
    "phoneNumber": "0987654321",
    "expectedStatus": 400.0,
    "expectedResult": "{\"error\": \"Invalid input\"}",
    "testDescription": "TC23: Ki?m tra SQL Injection - Ki?m tra khi nh?p d? li?u nguy hi?m",
    "responseStatus": "",
    "result": ""
  },
  {
    "email": "test24@example.com",
    "password": "Password123",
    "name": "<script>alert(\"xss\")</script>",
    "username": "johndoe24",
    "phoneNumber": "0987654321",
    "expectedStatus": 400.0,
    "expectedResult": "{\"error\": \"Invalid input\"}",
    "testDescription": "TC24: Ki?m tra XSS - Ki?m tra khi nh?p d? li?u nguy hi?m ch?a mã HTML/JavaScript",
    "responseStatus": "",
    "result": ""
  },
  {
    "email": "   ",
    "password": "   ",
    "name": "   ",
    "username": "   ",
    "phoneNumber": "   ",
    "expectedStatus": 400.0,
    "expectedResult": "{\"error\": \"Fields cannot contain only whitespace\"}",
    "testDescription": "TC25: Ki?m tra kho?ng tr?ng - Ki?m tra khi các tr??ng ch?a toàn kho?ng tr?ng",
    "responseStatus": "",
    "result": ""
  },
  {
    "email": "null",
    "password": "null",
    "name": "null",
    "username": "null",
    "phoneNumber": "null",
    "expectedStatus": 400.0,
    "expectedResult": "{\"error\": \"Fields cannot be null\"}",
    "testDescription": "TC26: Ki?m tra tr??ng null - Ki?m tra khi g?i giá tr? null cho các tr??ng",
    "responseStatus": "",
    "result": ""
  },
  {
    "email": "test27@example.com",
    "password": "Password123",
    "name": "John Doe",
    "username": "johndoe27",
    "phoneNumber": "0123456789",
    "expectedStatus": 201.0,
    "expectedResult": "{\"message\": \"User registered successfully\"}",
    "testDescription": "TC27: S? ?i?n tho?i h?p l? - 10 ch? s? b?t ??u b?ng 0",
    "responseStatus": "",
    "result": ""
  },
  {
    "email": "test28@example.com",
    "password": "Password123",
    "name": "John Doe",
    "username": "johndoe28",
    "phoneNumber": "84987654321",
    "expectedStatus": 201.0,
    "expectedResult": "{\"message\": \"User registered successfully\"}",
    "testDescription": "TC28: S? ?i?n tho?i h?p l? - 11 ch? s? không b?t ??u b?ng 0",
    "responseStatus": "",
    "result": ""
  },
  {
    "email": "test29@example.com",
    "password": "Password123",
    "name": "John Doe",
    "username": "johndoe29",
    "phoneNumber": "0000000000",
    "expectedStatus": 201.0,
    "expectedResult": "{\"message\": \"User registered successfully\"}",
    "testDescription": "TC29: S? ?i?n tho?i ??c bi?t - 10 ch? s? 0",
    "responseStatus": "",
    "result": ""
  },
  {
    "email": "test30@example.com",
    "password": "Password123",
    "name": "John Doe",
    "username": "johndoe30",
    "phoneNumber": "1",
    "expectedStatus": 400.0,
    "expectedResult": "{\"error\": \"S? ?i?n tho?i ph?i có 10 ho?c 11 ch? s?\"}",
    "testDescription": "TC30: S? ?i?n tho?i quá ng?n - Ch? 1 ch? s?",
    "responseStatus": "",
    "result": ""
  }
]
 
23:46:03.090 [main] INFO com.intuit.karate -- [print] ??c ???c 30 test cases t? Excel sheet: register 
23:46:03.104 [main] DEBUG com.jayway.jsonpath.internal.path.CompiledPath -- Evaluating path: $
23:46:03.107 [main] INFO com.intuit.karate -- [print] === B??C 3: CH?Y CÁC TEST CASES === 
23:46:03.118 [main] INFO com.intuit.karate -- ========================================== 
23:46:03.118 [main] INFO com.intuit.karate -- ?ANG CH?Y TEST CASE #1/30 
23:46:03.119 [main] INFO com.intuit.karate -- Description: TC1: ??ng ký h?p l? - S? ?i?n tho?i 10 ch? s? 
23:46:03.119 [main] INFO com.intuit.karate -- Email: "test1@example.com" 
23:46:03.120 [main] INFO com.intuit.karate -- Password: "Password123" 
23:46:03.120 [main] INFO com.intuit.karate -- Name: "John Doe" 
23:46:03.120 [main] INFO com.intuit.karate -- Username: "johndoe1" 
23:46:03.120 [main] INFO com.intuit.karate -- PhoneNumber: "0987654321" 
23:46:03.122 [main] INFO com.intuit.karate -- Expected Status: 201 
23:46:03.122 [main] INFO com.intuit.karate -- Expected Result: {"message": "User registered successfully"} 
23:46:03.122 [main] INFO com.intuit.karate -- ========================================== 
23:46:03.143 [main] INFO com.intuit.karate -- karate.env system property was: null 
23:46:03.146 [main] DEBUG com.jayway.jsonpath.internal.path.CompiledPath -- Evaluating path: $
23:46:03.171 [main] DEBUG io.netty.util.internal.logging.InternalLoggerFactory -- Using SLF4J as the default logging framework
23:46:03.173 [main] DEBUG io.netty.util.internal.PlatformDependent0 -- -Dio.netty.noUnsafe: false
23:46:03.174 [main] DEBUG io.netty.util.internal.PlatformDependent0 -- Java version: 17
23:46:03.174 [main] DEBUG io.netty.util.internal.PlatformDependent0 -- sun.misc.Unsafe.theUnsafe: available
23:46:03.175 [main] DEBUG io.netty.util.internal.PlatformDependent0 -- sun.misc.Unsafe.copyMemory: available
23:46:03.175 [main] DEBUG io.netty.util.internal.PlatformDependent0 -- sun.misc.Unsafe.storeFence: available
23:46:03.176 [main] DEBUG io.netty.util.internal.PlatformDependent0 -- java.nio.Buffer.address: available
23:46:03.176 [main] DEBUG io.netty.util.internal.PlatformDependent0 -- direct buffer constructor: unavailable: Reflective setAccessible(true) disabled
23:46:03.177 [main] DEBUG io.netty.util.internal.PlatformDependent0 -- java.nio.Bits.unaligned: available, true
23:46:03.178 [main] DEBUG io.netty.util.internal.PlatformDependent0 -- jdk.internal.misc.Unsafe.allocateUninitializedArray(int): unavailable: class io.netty.util.internal.PlatformDependent0$7 cannot access class jdk.internal.misc.Unsafe (in module java.base) because module java.base does not export jdk.internal.misc to unnamed module @b3d7190
23:46:03.179 [main] DEBUG io.netty.util.internal.PlatformDependent0 -- java.nio.DirectByteBuffer.<init>(long, {int,long}): unavailable
23:46:03.179 [main] DEBUG io.netty.util.internal.PlatformDependent -- sun.misc.Unsafe: available
23:46:03.180 [main] DEBUG io.netty.util.internal.PlatformDependent -- maxDirectMemory: 4123000832 bytes (maybe)
23:46:03.181 [main] DEBUG io.netty.util.internal.PlatformDependent -- -Dio.netty.tmpdir: C:\Users\monst\AppData\Local\Temp (java.io.tmpdir)
23:46:03.181 [main] DEBUG io.netty.util.internal.PlatformDependent -- -Dio.netty.bitMode: 64 (sun.arch.data.model)
23:46:03.181 [main] DEBUG io.netty.util.internal.PlatformDependent -- Platform: Windows
23:46:03.182 [main] DEBUG io.netty.util.internal.PlatformDependent -- -Dio.netty.maxDirectMemory: -1 bytes
23:46:03.182 [main] DEBUG io.netty.util.internal.PlatformDependent -- -Dio.netty.uninitializedArrayAllocationThreshold: -1
23:46:03.182 [main] DEBUG io.netty.util.internal.CleanerJava9 -- java.nio.ByteBuffer.cleaner(): available
23:46:03.182 [main] DEBUG io.netty.util.internal.PlatformDependent -- -Dio.netty.noPreferDirect: false
23:46:03.409 [main] DEBUG org.apache.http.client.protocol.RequestAddCookies -- CookieSpec selected: karate
23:46:03.416 [main] DEBUG org.apache.http.client.protocol.RequestAuthCache -- Auth cache not set in the context
23:46:03.418 [main] DEBUG com.intuit.karate -- request:
1 > POST http://localhost:3000/auth/register
1 > Content-Type: application/json; charset=UTF-8
1 > Content-Length: 121
1 > Host: localhost:3000
1 > Connection: Keep-Alive
1 > User-Agent: Apache-HttpClient/4.5.14 (Java/17.0.9)
1 > Accept-Encoding: gzip,deflate
{
  "email": "test1@example.com",
  "password": "Password123",
  "name": "John Doe",
  "username": "johndoe1",
  "phoneNumber": "0987654321"
}


23:46:03.419 [main] DEBUG org.apache.http.impl.conn.PoolingHttpClientConnectionManager -- Connection request: [route: {}->http://localhost:3000][total available: 0; route allocated: 0 of 5; total allocated: 0 of 10]
23:46:03.428 [main] DEBUG org.apache.http.impl.conn.PoolingHttpClientConnectionManager -- Connection leased: [id: 0][route: {}->http://localhost:3000][total available: 0; route allocated: 1 of 5; total allocated: 1 of 10]
23:46:03.429 [main] DEBUG org.apache.http.impl.execchain.MainClientExec -- Opening connection {}->http://localhost:3000
23:46:03.436 [main] DEBUG org.apache.http.impl.conn.DefaultHttpClientConnectionOperator -- Connecting to localhost/127.0.0.1:3000
23:46:03.437 [main] DEBUG org.apache.http.impl.conn.DefaultHttpClientConnectionOperator -- Connection established 127.0.0.1:65042<->127.0.0.1:3000
23:46:03.438 [main] DEBUG org.apache.http.impl.conn.DefaultManagedHttpClientConnection -- http-outgoing-0: set socket timeout to 5000
23:46:03.438 [main] DEBUG org.apache.http.impl.execchain.MainClientExec -- Executing request POST /auth/register HTTP/1.1
23:46:03.438 [main] DEBUG org.apache.http.impl.execchain.MainClientExec -- Target auth state: UNCHALLENGED
23:46:03.438 [main] DEBUG org.apache.http.impl.execchain.MainClientExec -- Proxy auth state: UNCHALLENGED
23:46:03.439 [main] DEBUG org.apache.http.headers -- http-outgoing-0 >> POST /auth/register HTTP/1.1
23:46:03.439 [main] DEBUG org.apache.http.headers -- http-outgoing-0 >> Content-Type: application/json; charset=UTF-8
23:46:03.439 [main] DEBUG org.apache.http.headers -- http-outgoing-0 >> Content-Length: 121
23:46:03.439 [main] DEBUG org.apache.http.headers -- http-outgoing-0 >> Host: localhost:3000
23:46:03.439 [main] DEBUG org.apache.http.headers -- http-outgoing-0 >> Connection: Keep-Alive
23:46:03.439 [main] DEBUG org.apache.http.headers -- http-outgoing-0 >> User-Agent: Apache-HttpClient/4.5.14 (Java/17.0.9)
23:46:03.439 [main] DEBUG org.apache.http.headers -- http-outgoing-0 >> Accept-Encoding: gzip,deflate
23:46:03.440 [main] DEBUG org.apache.http.wire -- http-outgoing-0 >> "POST /auth/register HTTP/1.1[\r][\n]"
23:46:03.440 [main] DEBUG org.apache.http.wire -- http-outgoing-0 >> "Content-Type: application/json; charset=UTF-8[\r][\n]"
23:46:03.440 [main] DEBUG org.apache.http.wire -- http-outgoing-0 >> "Content-Length: 121[\r][\n]"
23:46:03.440 [main] DEBUG org.apache.http.wire -- http-outgoing-0 >> "Host: localhost:3000[\r][\n]"
23:46:03.440 [main] DEBUG org.apache.http.wire -- http-outgoing-0 >> "Connection: Keep-Alive[\r][\n]"
23:46:03.440 [main] DEBUG org.apache.http.wire -- http-outgoing-0 >> "User-Agent: Apache-HttpClient/4.5.14 (Java/17.0.9)[\r][\n]"
23:46:03.440 [main] DEBUG org.apache.http.wire -- http-outgoing-0 >> "Accept-Encoding: gzip,deflate[\r][\n]"
23:46:03.440 [main] DEBUG org.apache.http.wire -- http-outgoing-0 >> "[\r][\n]"
23:46:03.440 [main] DEBUG org.apache.http.wire -- http-outgoing-0 >> "{"email":"test1@example.com","password":"Password123","name":"John Doe","username":"johndoe1","phoneNumber":"0987654321"}"
23:46:03.632 [main] DEBUG org.apache.http.wire -- http-outgoing-0 << "HTTP/1.1 409 Conflict[\r][\n]"
23:46:03.632 [main] DEBUG org.apache.http.wire -- http-outgoing-0 << "X-Powered-By: Express[\r][\n]"
23:46:03.632 [main] DEBUG org.apache.http.wire -- http-outgoing-0 << "Access-Control-Allow-Origin: *[\r][\n]"
23:46:03.632 [main] DEBUG org.apache.http.wire -- http-outgoing-0 << "Content-Type: application/json; charset=utf-8[\r][\n]"
23:46:03.632 [main] DEBUG org.apache.http.wire -- http-outgoing-0 << "Content-Length: 158[\r][\n]"
23:46:03.632 [main] DEBUG org.apache.http.wire -- http-outgoing-0 << "ETag: W/"9e-dp63VDzjMXWZUZY6ajJPYMmGL0M"[\r][\n]"
23:46:03.632 [main] DEBUG org.apache.http.wire -- http-outgoing-0 << "Date: Tue, 17 Jun 2025 16:46:03 GMT[\r][\n]"
23:46:03.632 [main] DEBUG org.apache.http.wire -- http-outgoing-0 << "Connection: keep-alive[\r][\n]"
23:46:03.632 [main] DEBUG org.apache.http.wire -- http-outgoing-0 << "Keep-Alive: timeout=5[\r][\n]"
23:46:03.632 [main] DEBUG org.apache.http.wire -- http-outgoing-0 << "[\r][\n]"
23:46:03.632 [main] DEBUG org.apache.http.wire -- http-outgoing-0 << "{"success":false,"statusCode":409,"message":"Email ho[0xe1][0xba][0xb7]c t[0xc3][0xaa]n [0xc4][0x91][0xc4][0x83]ng nh[0xe1][0xba][0xad]p [0xc4][0x91][0xc3][0xa3] t[0xe1][0xbb][0x93]n t[0xe1][0xba][0xa1]i","path":"/auth/register","timestamp":"2025-06-17T16:46:03.628Z"}"
23:46:03.634 [main] DEBUG org.apache.http.headers -- http-outgoing-0 << HTTP/1.1 409 Conflict
23:46:03.634 [main] DEBUG org.apache.http.headers -- http-outgoing-0 << X-Powered-By: Express
23:46:03.634 [main] DEBUG org.apache.http.headers -- http-outgoing-0 << Access-Control-Allow-Origin: *
23:46:03.634 [main] DEBUG org.apache.http.headers -- http-outgoing-0 << Content-Type: application/json; charset=utf-8
23:46:03.634 [main] DEBUG org.apache.http.headers -- http-outgoing-0 << Content-Length: 158
23:46:03.634 [main] DEBUG org.apache.http.headers -- http-outgoing-0 << ETag: W/"9e-dp63VDzjMXWZUZY6ajJPYMmGL0M"
23:46:03.634 [main] DEBUG org.apache.http.headers -- http-outgoing-0 << Date: Tue, 17 Jun 2025 16:46:03 GMT
23:46:03.634 [main] DEBUG org.apache.http.headers -- http-outgoing-0 << Connection: keep-alive
23:46:03.634 [main] DEBUG org.apache.http.headers -- http-outgoing-0 << Keep-Alive: timeout=5
23:46:03.636 [main] DEBUG org.apache.http.impl.execchain.MainClientExec -- Connection can be kept alive for 5000 MILLISECONDS
23:46:03.638 [main] DEBUG org.apache.http.impl.conn.PoolingHttpClientConnectionManager -- Connection [id: 0][route: {}->http://localhost:3000] can be kept alive for 5.0 seconds
23:46:03.638 [main] DEBUG org.apache.http.impl.conn.DefaultManagedHttpClientConnection -- http-outgoing-0: set socket timeout to 0
23:46:03.638 [main] DEBUG org.apache.http.impl.conn.PoolingHttpClientConnectionManager -- Connection released: [id: 0][route: {}->http://localhost:3000][total available: 1; route allocated: 1 of 5; total allocated: 1 of 10]
23:46:03.638 [main] DEBUG org.apache.http.impl.conn.PoolingHttpClientConnectionManager -- Connection manager is shutting down
23:46:03.638 [main] DEBUG org.apache.http.impl.conn.DefaultManagedHttpClientConnection -- http-outgoing-0: Close connection
23:46:03.638 [main] DEBUG org.apache.http.impl.conn.PoolingHttpClientConnectionManager -- Connection manager shut down
23:46:03.639 [main] DEBUG com.intuit.karate -- response time in milliseconds: 220
1 < 409
1 < X-Powered-By: Express
1 < Access-Control-Allow-Origin: *
1 < Content-Type: application/json; charset=utf-8
1 < Content-Length: 158
1 < ETag: W/"9e-dp63VDzjMXWZUZY6ajJPYMmGL0M"
1 < Date: Tue, 17 Jun 2025 16:46:03 GMT
1 < Connection: keep-alive
1 < Keep-Alive: timeout=5
{
  "success": false,
  "statusCode": 409,
  "message": "Email ho?c tên ??ng nh?p ?ã t?n t?i",
  "path": "/auth/register",
  "timestamp": "2025-06-17T16:46:03.628Z"
}


23:46:03.641 [main] DEBUG com.intuit.karate.core.ScenarioEngine -- over-writing existing variable 'responseStatus' with new value: karate.get('responseStatus')
23:46:03.643 [main] DEBUG com.intuit.karate.core.ScenarioEngine -- over-writing existing variable 'response' with new value: karate.get('response')
23:46:03.644 [main] INFO com.intuit.karate -- [print] Register API called with: 
23:46:03.644 [main] INFO com.intuit.karate -- [print] Request: {
  "email": "test1@example.com",
  "password": "Password123",
  "name": "John Doe",
  "username": "johndoe1",
  "phoneNumber": "0987654321"
}
 
23:46:03.645 [main] INFO com.intuit.karate -- [print] Response Status: 409 
23:46:03.645 [main] INFO com.intuit.karate -- [print] Response Body: {
  "success": false,
  "statusCode": 409,
  "message": "Email ho?c tên ??ng nh?p ?ã t?n t?i",
  "path": "/auth/register",
  "timestamp": "2025-06-17T16:46:03.628Z"
}
 
23:46:03.657 [main] INFO com.intuit.karate -- ? TEST CASE #1 FAILED 
23:46:03.657 [main] INFO com.intuit.karate --   Expected Status: 201 
23:46:03.658 [main] INFO com.intuit.karate --   Actual Status: 409 
23:46:03.658 [main] INFO com.intuit.karate -- Actual Status: 409 
23:46:03.658 [main] INFO com.intuit.karate -- Actual Result: {"success":false,"statusCode":409,"message":"Email ho?c tên ??ng nh?p ?ã t?n t?i","path":"/auth/register","timestamp":"2025-06-17T16:46:03.628Z"} 
23:46:03.658 [main] INFO com.intuit.karate -- Test Result: FAIL 
23:46:03.658 [main] INFO com.intuit.karate -- ========================================== 
23:46:03.659 [main] INFO com.intuit.karate -- ========================================== 
23:46:03.659 [main] INFO com.intuit.karate -- ?ANG CH?Y TEST CASE #2/30 
23:46:03.659 [main] INFO com.intuit.karate -- Description: TC2: ??ng ký h?p l? - S? ?i?n tho?i 11 ch? s? 
23:46:03.659 [main] INFO com.intuit.karate -- Email: "test2@example.com" 
23:46:03.660 [main] INFO com.intuit.karate -- Password: "Password123" 
23:46:03.660 [main] INFO com.intuit.karate -- Name: "Jane Smith" 
23:46:03.660 [main] INFO com.intuit.karate -- Username: "janesmith" 
23:46:03.660 [main] INFO com.intuit.karate -- PhoneNumber: "01234567890" 
23:46:03.660 [main] INFO com.intuit.karate -- Expected Status: 201 
23:46:03.660 [main] INFO com.intuit.karate -- Expected Result: {"message": "User registered successfully"} 
23:46:03.660 [main] INFO com.intuit.karate -- ========================================== 
23:46:03.669 [main] INFO com.intuit.karate -- karate.env system property was: null 
23:46:03.670 [main] DEBUG com.jayway.jsonpath.internal.path.CompiledPath -- Evaluating path: $
23:46:03.672 [main] DEBUG org.apache.http.client.protocol.RequestAddCookies -- CookieSpec selected: karate
23:46:03.672 [main] DEBUG org.apache.http.client.protocol.RequestAuthCache -- Auth cache not set in the context
23:46:03.672 [main] DEBUG com.intuit.karate -- request:
1 > POST http://localhost:3000/auth/register
1 > Content-Type: application/json; charset=UTF-8
1 > Content-Length: 125
1 > Host: localhost:3000
1 > Connection: Keep-Alive
1 > User-Agent: Apache-HttpClient/4.5.14 (Java/17.0.9)
1 > Accept-Encoding: gzip,deflate
{
  "email": "test2@example.com",
  "password": "Password123",
  "name": "Jane Smith",
  "username": "janesmith",
  "phoneNumber": "01234567890"
}


23:46:03.672 [main] DEBUG org.apache.http.impl.conn.PoolingHttpClientConnectionManager -- Connection request: [route: {}->http://localhost:3000][total available: 0; route allocated: 0 of 5; total allocated: 0 of 10]
23:46:03.672 [main] DEBUG org.apache.http.impl.conn.PoolingHttpClientConnectionManager -- Connection leased: [id: 1][route: {}->http://localhost:3000][total available: 0; route allocated: 1 of 5; total allocated: 1 of 10]
23:46:03.672 [main] DEBUG org.apache.http.impl.execchain.MainClientExec -- Opening connection {}->http://localhost:3000
23:46:03.673 [main] DEBUG org.apache.http.impl.conn.DefaultHttpClientConnectionOperator -- Connecting to localhost/127.0.0.1:3000
23:46:03.673 [main] DEBUG org.apache.http.impl.conn.DefaultHttpClientConnectionOperator -- Connection established 127.0.0.1:65044<->127.0.0.1:3000
23:46:03.673 [main] DEBUG org.apache.http.impl.conn.DefaultManagedHttpClientConnection -- http-outgoing-1: set socket timeout to 5000
23:46:03.673 [main] DEBUG org.apache.http.impl.execchain.MainClientExec -- Executing request POST /auth/register HTTP/1.1
23:46:03.673 [main] DEBUG org.apache.http.impl.execchain.MainClientExec -- Target auth state: UNCHALLENGED
23:46:03.673 [main] DEBUG org.apache.http.impl.execchain.MainClientExec -- Proxy auth state: UNCHALLENGED
23:46:03.673 [main] DEBUG org.apache.http.headers -- http-outgoing-1 >> POST /auth/register HTTP/1.1
23:46:03.673 [main] DEBUG org.apache.http.headers -- http-outgoing-1 >> Content-Type: application/json; charset=UTF-8
23:46:03.673 [main] DEBUG org.apache.http.headers -- http-outgoing-1 >> Content-Length: 125
23:46:03.673 [main] DEBUG org.apache.http.headers -- http-outgoing-1 >> Host: localhost:3000
23:46:03.673 [main] DEBUG org.apache.http.headers -- http-outgoing-1 >> Connection: Keep-Alive
23:46:03.673 [main] DEBUG org.apache.http.headers -- http-outgoing-1 >> User-Agent: Apache-HttpClient/4.5.14 (Java/17.0.9)
23:46:03.673 [main] DEBUG org.apache.http.headers -- http-outgoing-1 >> Accept-Encoding: gzip,deflate
23:46:03.673 [main] DEBUG org.apache.http.wire -- http-outgoing-1 >> "POST /auth/register HTTP/1.1[\r][\n]"
23:46:03.674 [main] DEBUG org.apache.http.wire -- http-outgoing-1 >> "Content-Type: application/json; charset=UTF-8[\r][\n]"
23:46:03.674 [main] DEBUG org.apache.http.wire -- http-outgoing-1 >> "Content-Length: 125[\r][\n]"
23:46:03.674 [main] DEBUG org.apache.http.wire -- http-outgoing-1 >> "Host: localhost:3000[\r][\n]"
23:46:03.674 [main] DEBUG org.apache.http.wire -- http-outgoing-1 >> "Connection: Keep-Alive[\r][\n]"
23:46:03.674 [main] DEBUG org.apache.http.wire -- http-outgoing-1 >> "User-Agent: Apache-HttpClient/4.5.14 (Java/17.0.9)[\r][\n]"
23:46:03.674 [main] DEBUG org.apache.http.wire -- http-outgoing-1 >> "Accept-Encoding: gzip,deflate[\r][\n]"
23:46:03.674 [main] DEBUG org.apache.http.wire -- http-outgoing-1 >> "[\r][\n]"
23:46:03.674 [main] DEBUG org.apache.http.wire -- http-outgoing-1 >> "{"email":"test2@example.com","password":"Password123","name":"Jane Smith","username":"janesmith","phoneNumber":"01234567890"}"
23:46:03.705 [main] DEBUG org.apache.http.wire -- http-outgoing-1 << "HTTP/1.1 409 Conflict[\r][\n]"
23:46:03.705 [main] DEBUG org.apache.http.wire -- http-outgoing-1 << "X-Powered-By: Express[\r][\n]"
23:46:03.705 [main] DEBUG org.apache.http.wire -- http-outgoing-1 << "Access-Control-Allow-Origin: *[\r][\n]"
23:46:03.705 [main] DEBUG org.apache.http.wire -- http-outgoing-1 << "Content-Type: application/json; charset=utf-8[\r][\n]"
23:46:03.705 [main] DEBUG org.apache.http.wire -- http-outgoing-1 << "Content-Length: 158[\r][\n]"
23:46:03.705 [main] DEBUG org.apache.http.wire -- http-outgoing-1 << "ETag: W/"9e-MmUE6F9xBBO8RcG0Hfv6fR83hzM"[\r][\n]"
23:46:03.705 [main] DEBUG org.apache.http.wire -- http-outgoing-1 << "Date: Tue, 17 Jun 2025 16:46:03 GMT[\r][\n]"
23:46:03.706 [main] DEBUG org.apache.http.wire -- http-outgoing-1 << "Connection: keep-alive[\r][\n]"
23:46:03.706 [main] DEBUG org.apache.http.wire -- http-outgoing-1 << "Keep-Alive: timeout=5[\r][\n]"
23:46:03.706 [main] DEBUG org.apache.http.wire -- http-outgoing-1 << "[\r][\n]"
23:46:03.706 [main] DEBUG org.apache.http.wire -- http-outgoing-1 << "{"success":false,"statusCode":409,"message":"Email ho[0xe1][0xba][0xb7]c t[0xc3][0xaa]n [0xc4][0x91][0xc4][0x83]ng nh[0xe1][0xba][0xad]p [0xc4][0x91][0xc3][0xa3] t[0xe1][0xbb][0x93]n t[0xe1][0xba][0xa1]i","path":"/auth/register","timestamp":"2025-06-17T16:46:03.704Z"}"
23:46:03.706 [main] DEBUG org.apache.http.headers -- http-outgoing-1 << HTTP/1.1 409 Conflict
23:46:03.706 [main] DEBUG org.apache.http.headers -- http-outgoing-1 << X-Powered-By: Express
23:46:03.706 [main] DEBUG org.apache.http.headers -- http-outgoing-1 << Access-Control-Allow-Origin: *
23:46:03.706 [main] DEBUG org.apache.http.headers -- http-outgoing-1 << Content-Type: application/json; charset=utf-8
23:46:03.706 [main] DEBUG org.apache.http.headers -- http-outgoing-1 << Content-Length: 158
23:46:03.706 [main] DEBUG org.apache.http.headers -- http-outgoing-1 << ETag: W/"9e-MmUE6F9xBBO8RcG0Hfv6fR83hzM"
23:46:03.706 [main] DEBUG org.apache.http.headers -- http-outgoing-1 << Date: Tue, 17 Jun 2025 16:46:03 GMT
23:46:03.706 [main] DEBUG org.apache.http.headers -- http-outgoing-1 << Connection: keep-alive
23:46:03.706 [main] DEBUG org.apache.http.headers -- http-outgoing-1 << Keep-Alive: timeout=5
23:46:03.706 [main] DEBUG org.apache.http.impl.execchain.MainClientExec -- Connection can be kept alive for 5000 MILLISECONDS
23:46:03.706 [main] DEBUG org.apache.http.impl.conn.PoolingHttpClientConnectionManager -- Connection [id: 1][route: {}->http://localhost:3000] can be kept alive for 5.0 seconds
23:46:03.706 [main] DEBUG org.apache.http.impl.conn.DefaultManagedHttpClientConnection -- http-outgoing-1: set socket timeout to 0
23:46:03.706 [main] DEBUG org.apache.http.impl.conn.PoolingHttpClientConnectionManager -- Connection released: [id: 1][route: {}->http://localhost:3000][total available: 1; route allocated: 1 of 5; total allocated: 1 of 10]
23:46:03.706 [main] DEBUG org.apache.http.impl.conn.PoolingHttpClientConnectionManager -- Connection manager is shutting down
23:46:03.706 [main] DEBUG org.apache.http.impl.conn.DefaultManagedHttpClientConnection -- http-outgoing-1: Close connection
23:46:03.706 [main] DEBUG org.apache.http.impl.conn.PoolingHttpClientConnectionManager -- Connection manager shut down
23:46:03.706 [main] DEBUG com.intuit.karate -- response time in milliseconds: 34
1 < 409
1 < X-Powered-By: Express
1 < Access-Control-Allow-Origin: *
1 < Content-Type: application/json; charset=utf-8
1 < Content-Length: 158
1 < ETag: W/"9e-MmUE6F9xBBO8RcG0Hfv6fR83hzM"
1 < Date: Tue, 17 Jun 2025 16:46:03 GMT
1 < Connection: keep-alive
1 < Keep-Alive: timeout=5
{
  "success": false,
  "statusCode": 409,
  "message": "Email ho?c tên ??ng nh?p ?ã t?n t?i",
  "path": "/auth/register",
  "timestamp": "2025-06-17T16:46:03.704Z"
}


23:46:03.707 [main] DEBUG com.intuit.karate.core.ScenarioEngine -- over-writing existing variable 'responseStatus' with new value: karate.get('responseStatus')
23:46:03.708 [main] DEBUG com.intuit.karate.core.ScenarioEngine -- over-writing existing variable 'response' with new value: karate.get('response')
23:46:03.709 [main] INFO com.intuit.karate -- [print] Register API called with: 
23:46:03.709 [main] INFO com.intuit.karate -- [print] Request: {
  "email": "test2@example.com",
  "password": "Password123",
  "name": "Jane Smith",
  "username": "janesmith",
  "phoneNumber": "01234567890"
}
 
23:46:03.710 [main] INFO com.intuit.karate -- [print] Response Status: 409 
23:46:03.711 [main] INFO com.intuit.karate -- [print] Response Body: {
  "success": false,
  "statusCode": 409,
  "message": "Email ho?c tên ??ng nh?p ?ã t?n t?i",
  "path": "/auth/register",
  "timestamp": "2025-06-17T16:46:03.704Z"
}
 
23:46:03.712 [main] INFO com.intuit.karate -- ? TEST CASE #2 FAILED 
23:46:03.713 [main] INFO com.intuit.karate --   Expected Status: 201 
23:46:03.713 [main] INFO com.intuit.karate --   Actual Status: 409 
23:46:03.713 [main] INFO com.intuit.karate -- Actual Status: 409 
23:46:03.713 [main] INFO com.intuit.karate -- Actual Result: {"success":false,"statusCode":409,"message":"Email ho?c tên ??ng nh?p ?ã t?n t?i","path":"/auth/register","timestamp":"2025-06-17T16:46:03.704Z"} 
23:46:03.713 [main] INFO com.intuit.karate -- Test Result: FAIL 
23:46:03.713 [main] INFO com.intuit.karate -- ========================================== 
23:46:03.714 [main] INFO com.intuit.karate -- ========================================== 
23:46:03.714 [main] INFO com.intuit.karate -- ?ANG CH?Y TEST CASE #3/30 
23:46:03.714 [main] INFO com.intuit.karate -- Description: TC3: Thi?u tr??ng email - Ki?m tra khi thi?u email 
23:46:03.716 [main] INFO com.intuit.karate -- Email: "" 
23:46:03.716 [main] INFO com.intuit.karate -- Password: "Password123" 
23:46:03.716 [main] INFO com.intuit.karate -- Name: "John Doe" 
23:46:03.716 [main] INFO com.intuit.karate -- Username: "johndoe3" 
23:46:03.716 [main] INFO com.intuit.karate -- PhoneNumber: "0987654321" 
23:46:03.716 [main] INFO com.intuit.karate -- Expected Status: 400 
23:46:03.717 [main] INFO com.intuit.karate -- Expected Result: {"error": "Email is required"} 
23:46:03.717 [main] INFO com.intuit.karate -- ========================================== 
23:46:03.730 [main] INFO com.intuit.karate -- karate.env system property was: null 
23:46:03.731 [main] DEBUG com.jayway.jsonpath.internal.path.CompiledPath -- Evaluating path: $
23:46:03.732 [main] DEBUG org.apache.http.client.protocol.RequestAddCookies -- CookieSpec selected: karate
23:46:03.733 [main] DEBUG org.apache.http.client.protocol.RequestAuthCache -- Auth cache not set in the context
23:46:03.733 [main] DEBUG com.intuit.karate -- request:
1 > POST http://localhost:3000/auth/register
1 > Content-Type: application/json; charset=UTF-8
1 > Content-Length: 104
1 > Host: localhost:3000
1 > Connection: Keep-Alive
1 > User-Agent: Apache-HttpClient/4.5.14 (Java/17.0.9)
1 > Accept-Encoding: gzip,deflate
{
  "email": "",
  "password": "Password123",
  "name": "John Doe",
  "username": "johndoe3",
  "phoneNumber": "0987654321"
}


23:46:03.733 [main] DEBUG org.apache.http.impl.conn.PoolingHttpClientConnectionManager -- Connection request: [route: {}->http://localhost:3000][total available: 0; route allocated: 0 of 5; total allocated: 0 of 10]
23:46:03.733 [main] DEBUG org.apache.http.impl.conn.PoolingHttpClientConnectionManager -- Connection leased: [id: 2][route: {}->http://localhost:3000][total available: 0; route allocated: 1 of 5; total allocated: 1 of 10]
23:46:03.733 [main] DEBUG org.apache.http.impl.execchain.MainClientExec -- Opening connection {}->http://localhost:3000
23:46:03.733 [main] DEBUG org.apache.http.impl.conn.DefaultHttpClientConnectionOperator -- Connecting to localhost/127.0.0.1:3000
23:46:03.734 [main] DEBUG org.apache.http.impl.conn.DefaultHttpClientConnectionOperator -- Connection established 127.0.0.1:65045<->127.0.0.1:3000
23:46:03.734 [main] DEBUG org.apache.http.impl.conn.DefaultManagedHttpClientConnection -- http-outgoing-2: set socket timeout to 5000
23:46:03.734 [main] DEBUG org.apache.http.impl.execchain.MainClientExec -- Executing request POST /auth/register HTTP/1.1
23:46:03.734 [main] DEBUG org.apache.http.impl.execchain.MainClientExec -- Target auth state: UNCHALLENGED
23:46:03.734 [main] DEBUG org.apache.http.impl.execchain.MainClientExec -- Proxy auth state: UNCHALLENGED
23:46:03.734 [main] DEBUG org.apache.http.headers -- http-outgoing-2 >> POST /auth/register HTTP/1.1
23:46:03.734 [main] DEBUG org.apache.http.headers -- http-outgoing-2 >> Content-Type: application/json; charset=UTF-8
23:46:03.734 [main] DEBUG org.apache.http.headers -- http-outgoing-2 >> Content-Length: 104
23:46:03.734 [main] DEBUG org.apache.http.headers -- http-outgoing-2 >> Host: localhost:3000
23:46:03.734 [main] DEBUG org.apache.http.headers -- http-outgoing-2 >> Connection: Keep-Alive
23:46:03.734 [main] DEBUG org.apache.http.headers -- http-outgoing-2 >> User-Agent: Apache-HttpClient/4.5.14 (Java/17.0.9)
23:46:03.734 [main] DEBUG org.apache.http.headers -- http-outgoing-2 >> Accept-Encoding: gzip,deflate
23:46:03.734 [main] DEBUG org.apache.http.wire -- http-outgoing-2 >> "POST /auth/register HTTP/1.1[\r][\n]"
23:46:03.734 [main] DEBUG org.apache.http.wire -- http-outgoing-2 >> "Content-Type: application/json; charset=UTF-8[\r][\n]"
23:46:03.734 [main] DEBUG org.apache.http.wire -- http-outgoing-2 >> "Content-Length: 104[\r][\n]"
23:46:03.734 [main] DEBUG org.apache.http.wire -- http-outgoing-2 >> "Host: localhost:3000[\r][\n]"
23:46:03.734 [main] DEBUG org.apache.http.wire -- http-outgoing-2 >> "Connection: Keep-Alive[\r][\n]"
23:46:03.734 [main] DEBUG org.apache.http.wire -- http-outgoing-2 >> "User-Agent: Apache-HttpClient/4.5.14 (Java/17.0.9)[\r][\n]"
23:46:03.734 [main] DEBUG org.apache.http.wire -- http-outgoing-2 >> "Accept-Encoding: gzip,deflate[\r][\n]"
23:46:03.734 [main] DEBUG org.apache.http.wire -- http-outgoing-2 >> "[\r][\n]"
23:46:03.734 [main] DEBUG org.apache.http.wire -- http-outgoing-2 >> "{"email":"","password":"Password123","name":"John Doe","username":"johndoe3","phoneNumber":"0987654321"}"
23:46:03.737 [main] DEBUG org.apache.http.wire -- http-outgoing-2 << "HTTP/1.1 400 Bad Request[\r][\n]"
23:46:03.737 [main] DEBUG org.apache.http.wire -- http-outgoing-2 << "X-Powered-By: Express[\r][\n]"
23:46:03.737 [main] DEBUG org.apache.http.wire -- http-outgoing-2 << "Access-Control-Allow-Origin: *[\r][\n]"
23:46:03.737 [main] DEBUG org.apache.http.wire -- http-outgoing-2 << "Content-Type: application/json; charset=utf-8[\r][\n]"
23:46:03.737 [main] DEBUG org.apache.http.wire -- http-outgoing-2 << "Content-Length: 139[\r][\n]"
23:46:03.737 [main] DEBUG org.apache.http.wire -- http-outgoing-2 << "ETag: W/"8b-Xtp0UMi6d+IHPbqzhwMxIcIGHxA"[\r][\n]"
23:46:03.737 [main] DEBUG org.apache.http.wire -- http-outgoing-2 << "Date: Tue, 17 Jun 2025 16:46:03 GMT[\r][\n]"
23:46:03.737 [main] DEBUG org.apache.http.wire -- http-outgoing-2 << "Connection: keep-alive[\r][\n]"
23:46:03.737 [main] DEBUG org.apache.http.wire -- http-outgoing-2 << "Keep-Alive: timeout=5[\r][\n]"
23:46:03.737 [main] DEBUG org.apache.http.wire -- http-outgoing-2 << "[\r][\n]"
23:46:03.737 [main] DEBUG org.apache.http.wire -- http-outgoing-2 << "{"success":false,"statusCode":400,"message":"D[0xe1][0xbb][0xaf] li[0xe1][0xbb][0x87]u kh[0xc3][0xb4]ng h[0xe1][0xbb][0xa3]p l[0xe1][0xbb][0x87]","path":"/auth/register","timestamp":"2025-06-17T16:46:03.736Z"}"
23:46:03.737 [main] DEBUG org.apache.http.headers -- http-outgoing-2 << HTTP/1.1 400 Bad Request
23:46:03.738 [main] DEBUG org.apache.http.headers -- http-outgoing-2 << X-Powered-By: Express
23:46:03.738 [main] DEBUG org.apache.http.headers -- http-outgoing-2 << Access-Control-Allow-Origin: *
23:46:03.738 [main] DEBUG org.apache.http.headers -- http-outgoing-2 << Content-Type: application/json; charset=utf-8
23:46:03.738 [main] DEBUG org.apache.http.headers -- http-outgoing-2 << Content-Length: 139
23:46:03.738 [main] DEBUG org.apache.http.headers -- http-outgoing-2 << ETag: W/"8b-Xtp0UMi6d+IHPbqzhwMxIcIGHxA"
23:46:03.738 [main] DEBUG org.apache.http.headers -- http-outgoing-2 << Date: Tue, 17 Jun 2025 16:46:03 GMT
23:46:03.738 [main] DEBUG org.apache.http.headers -- http-outgoing-2 << Connection: keep-alive
23:46:03.738 [main] DEBUG org.apache.http.headers -- http-outgoing-2 << Keep-Alive: timeout=5
23:46:03.738 [main] DEBUG org.apache.http.impl.execchain.MainClientExec -- Connection can be kept alive for 5000 MILLISECONDS
23:46:03.738 [main] DEBUG org.apache.http.impl.conn.PoolingHttpClientConnectionManager -- Connection [id: 2][route: {}->http://localhost:3000] can be kept alive for 5.0 seconds
23:46:03.738 [main] DEBUG org.apache.http.impl.conn.DefaultManagedHttpClientConnection -- http-outgoing-2: set socket timeout to 0
23:46:03.738 [main] DEBUG org.apache.http.impl.conn.PoolingHttpClientConnectionManager -- Connection released: [id: 2][route: {}->http://localhost:3000][total available: 1; route allocated: 1 of 5; total allocated: 1 of 10]
23:46:03.738 [main] DEBUG org.apache.http.impl.conn.PoolingHttpClientConnectionManager -- Connection manager is shutting down
23:46:03.738 [main] DEBUG org.apache.http.impl.conn.DefaultManagedHttpClientConnection -- http-outgoing-2: Close connection
23:46:03.738 [main] DEBUG org.apache.http.impl.conn.PoolingHttpClientConnectionManager -- Connection manager shut down
23:46:03.739 [main] DEBUG com.intuit.karate -- response time in milliseconds: 5
1 < 400
1 < X-Powered-By: Express
1 < Access-Control-Allow-Origin: *
1 < Content-Type: application/json; charset=utf-8
1 < Content-Length: 139
1 < ETag: W/"8b-Xtp0UMi6d+IHPbqzhwMxIcIGHxA"
1 < Date: Tue, 17 Jun 2025 16:46:03 GMT
1 < Connection: keep-alive
1 < Keep-Alive: timeout=5
{
  "success": false,
  "statusCode": 400,
  "message": "D? li?u không h?p l?",
  "path": "/auth/register",
  "timestamp": "2025-06-17T16:46:03.736Z"
}


23:46:03.740 [main] DEBUG com.intuit.karate.core.ScenarioEngine -- over-writing existing variable 'responseStatus' with new value: karate.get('responseStatus')
23:46:03.741 [main] DEBUG com.intuit.karate.core.ScenarioEngine -- over-writing existing variable 'response' with new value: karate.get('response')
23:46:03.741 [main] INFO com.intuit.karate -- [print] Register API called with: 
23:46:03.741 [main] INFO com.intuit.karate -- [print] Request: {
  "email": "",
  "password": "Password123",
  "name": "John Doe",
  "username": "johndoe3",
  "phoneNumber": "0987654321"
}
 
23:46:03.742 [main] INFO com.intuit.karate -- [print] Response Status: 400 
23:46:03.742 [main] INFO com.intuit.karate -- [print] Response Body: {
  "success": false,
  "statusCode": 400,
  "message": "D? li?u không h?p l?",
  "path": "/auth/register",
  "timestamp": "2025-06-17T16:46:03.736Z"
}
 
23:46:03.743 [main] INFO com.intuit.karate -- ? TEST CASE #3 PASSED 
23:46:03.743 [main] INFO com.intuit.karate -- Actual Status: 400 
23:46:03.743 [main] INFO com.intuit.karate -- Actual Result: {"success":false,"statusCode":400,"message":"D? li?u không h?p l?","path":"/auth/register","timestamp":"2025-06-17T16:46:03.736Z"} 
23:46:03.745 [main] INFO com.intuit.karate -- Test Result: PASS 
23:46:03.745 [main] INFO com.intuit.karate -- ========================================== 
23:46:03.745 [main] INFO com.intuit.karate -- ========================================== 
23:46:03.745 [main] INFO com.intuit.karate -- ?ANG CH?Y TEST CASE #4/30 
23:46:03.745 [main] INFO com.intuit.karate -- Description: TC4: Thi?u tr??ng password - Ki?m tra khi thi?u password 
23:46:03.745 [main] INFO com.intuit.karate -- Email: "test4@example.com" 
23:46:03.746 [main] INFO com.intuit.karate -- Password: "" 
23:46:03.746 [main] INFO com.intuit.karate -- Name: "John Doe" 
23:46:03.746 [main] INFO com.intuit.karate -- Username: "johndoe4" 
23:46:03.746 [main] INFO com.intuit.karate -- PhoneNumber: "0987654321" 
23:46:03.746 [main] INFO com.intuit.karate -- Expected Status: 400 
23:46:03.746 [main] INFO com.intuit.karate -- Expected Result: {"error": "Password is required"} 
23:46:03.746 [main] INFO com.intuit.karate -- ========================================== 
23:46:03.754 [main] INFO com.intuit.karate -- karate.env system property was: null 
23:46:03.757 [main] DEBUG com.jayway.jsonpath.internal.path.CompiledPath -- Evaluating path: $
23:46:03.758 [main] DEBUG org.apache.http.client.protocol.RequestAddCookies -- CookieSpec selected: karate
23:46:03.758 [main] DEBUG org.apache.http.client.protocol.RequestAuthCache -- Auth cache not set in the context
23:46:03.758 [main] DEBUG com.intuit.karate -- request:
1 > POST http://localhost:3000/auth/register
1 > Content-Type: application/json; charset=UTF-8
1 > Content-Length: 110
1 > Host: localhost:3000
1 > Connection: Keep-Alive
1 > User-Agent: Apache-HttpClient/4.5.14 (Java/17.0.9)
1 > Accept-Encoding: gzip,deflate
{
  "email": "test4@example.com",
  "password": "",
  "name": "John Doe",
  "username": "johndoe4",
  "phoneNumber": "0987654321"
}


23:46:03.758 [main] DEBUG org.apache.http.impl.conn.PoolingHttpClientConnectionManager -- Connection request: [route: {}->http://localhost:3000][total available: 0; route allocated: 0 of 5; total allocated: 0 of 10]
23:46:03.759 [main] DEBUG org.apache.http.impl.conn.PoolingHttpClientConnectionManager -- Connection leased: [id: 3][route: {}->http://localhost:3000][total available: 0; route allocated: 1 of 5; total allocated: 1 of 10]
23:46:03.759 [main] DEBUG org.apache.http.impl.execchain.MainClientExec -- Opening connection {}->http://localhost:3000
23:46:03.759 [main] DEBUG org.apache.http.impl.conn.DefaultHttpClientConnectionOperator -- Connecting to localhost/127.0.0.1:3000
23:46:03.759 [main] DEBUG org.apache.http.impl.conn.DefaultHttpClientConnectionOperator -- Connection established 127.0.0.1:65046<->127.0.0.1:3000
23:46:03.760 [main] DEBUG org.apache.http.impl.conn.DefaultManagedHttpClientConnection -- http-outgoing-3: set socket timeout to 5000
23:46:03.760 [main] DEBUG org.apache.http.impl.execchain.MainClientExec -- Executing request POST /auth/register HTTP/1.1
23:46:03.760 [main] DEBUG org.apache.http.impl.execchain.MainClientExec -- Target auth state: UNCHALLENGED
23:46:03.760 [main] DEBUG org.apache.http.impl.execchain.MainClientExec -- Proxy auth state: UNCHALLENGED
23:46:03.760 [main] DEBUG org.apache.http.headers -- http-outgoing-3 >> POST /auth/register HTTP/1.1
23:46:03.760 [main] DEBUG org.apache.http.headers -- http-outgoing-3 >> Content-Type: application/json; charset=UTF-8
23:46:03.760 [main] DEBUG org.apache.http.headers -- http-outgoing-3 >> Content-Length: 110
23:46:03.760 [main] DEBUG org.apache.http.headers -- http-outgoing-3 >> Host: localhost:3000
23:46:03.760 [main] DEBUG org.apache.http.headers -- http-outgoing-3 >> Connection: Keep-Alive
23:46:03.760 [main] DEBUG org.apache.http.headers -- http-outgoing-3 >> User-Agent: Apache-HttpClient/4.5.14 (Java/17.0.9)
23:46:03.760 [main] DEBUG org.apache.http.headers -- http-outgoing-3 >> Accept-Encoding: gzip,deflate
23:46:03.760 [main] DEBUG org.apache.http.wire -- http-outgoing-3 >> "POST /auth/register HTTP/1.1[\r][\n]"
23:46:03.760 [main] DEBUG org.apache.http.wire -- http-outgoing-3 >> "Content-Type: application/json; charset=UTF-8[\r][\n]"
23:46:03.760 [main] DEBUG org.apache.http.wire -- http-outgoing-3 >> "Content-Length: 110[\r][\n]"
23:46:03.760 [main] DEBUG org.apache.http.wire -- http-outgoing-3 >> "Host: localhost:3000[\r][\n]"
23:46:03.760 [main] DEBUG org.apache.http.wire -- http-outgoing-3 >> "Connection: Keep-Alive[\r][\n]"
23:46:03.760 [main] DEBUG org.apache.http.wire -- http-outgoing-3 >> "User-Agent: Apache-HttpClient/4.5.14 (Java/17.0.9)[\r][\n]"
23:46:03.760 [main] DEBUG org.apache.http.wire -- http-outgoing-3 >> "Accept-Encoding: gzip,deflate[\r][\n]"
23:46:03.761 [main] DEBUG org.apache.http.wire -- http-outgoing-3 >> "[\r][\n]"
23:46:03.761 [main] DEBUG org.apache.http.wire -- http-outgoing-3 >> "{"email":"test4@example.com","password":"","name":"John Doe","username":"johndoe4","phoneNumber":"0987654321"}"
23:46:03.764 [main] DEBUG org.apache.http.wire -- http-outgoing-3 << "HTTP/1.1 400 Bad Request[\r][\n]"
23:46:03.765 [main] DEBUG org.apache.http.wire -- http-outgoing-3 << "X-Powered-By: Express[\r][\n]"
23:46:03.765 [main] DEBUG org.apache.http.wire -- http-outgoing-3 << "Access-Control-Allow-Origin: *[\r][\n]"
23:46:03.765 [main] DEBUG org.apache.http.wire -- http-outgoing-3 << "Content-Type: application/json; charset=utf-8[\r][\n]"
23:46:03.765 [main] DEBUG org.apache.http.wire -- http-outgoing-3 << "Content-Length: 139[\r][\n]"
23:46:03.765 [main] DEBUG org.apache.http.wire -- http-outgoing-3 << "ETag: W/"8b-qOECy5s/tpoIgGUkquv9M4YkIjQ"[\r][\n]"
23:46:03.765 [main] DEBUG org.apache.http.wire -- http-outgoing-3 << "Date: Tue, 17 Jun 2025 16:46:03 GMT[\r][\n]"
23:46:03.765 [main] DEBUG org.apache.http.wire -- http-outgoing-3 << "Connection: keep-alive[\r][\n]"
23:46:03.765 [main] DEBUG org.apache.http.wire -- http-outgoing-3 << "Keep-Alive: timeout=5[\r][\n]"
23:46:03.765 [main] DEBUG org.apache.http.wire -- http-outgoing-3 << "[\r][\n]"
23:46:03.765 [main] DEBUG org.apache.http.wire -- http-outgoing-3 << "{"success":false,"statusCode":400,"message":"D[0xe1][0xbb][0xaf] li[0xe1][0xbb][0x87]u kh[0xc3][0xb4]ng h[0xe1][0xbb][0xa3]p l[0xe1][0xbb][0x87]","path":"/auth/register","timestamp":"2025-06-17T16:46:03.763Z"}"
23:46:03.765 [main] DEBUG org.apache.http.headers -- http-outgoing-3 << HTTP/1.1 400 Bad Request
23:46:03.765 [main] DEBUG org.apache.http.headers -- http-outgoing-3 << X-Powered-By: Express
23:46:03.765 [main] DEBUG org.apache.http.headers -- http-outgoing-3 << Access-Control-Allow-Origin: *
23:46:03.765 [main] DEBUG org.apache.http.headers -- http-outgoing-3 << Content-Type: application/json; charset=utf-8
23:46:03.765 [main] DEBUG org.apache.http.headers -- http-outgoing-3 << Content-Length: 139
23:46:03.765 [main] DEBUG org.apache.http.headers -- http-outgoing-3 << ETag: W/"8b-qOECy5s/tpoIgGUkquv9M4YkIjQ"
23:46:03.765 [main] DEBUG org.apache.http.headers -- http-outgoing-3 << Date: Tue, 17 Jun 2025 16:46:03 GMT
23:46:03.765 [main] DEBUG org.apache.http.headers -- http-outgoing-3 << Connection: keep-alive
23:46:03.765 [main] DEBUG org.apache.http.headers -- http-outgoing-3 << Keep-Alive: timeout=5
23:46:03.765 [main] DEBUG org.apache.http.impl.execchain.MainClientExec -- Connection can be kept alive for 5000 MILLISECONDS
23:46:03.765 [main] DEBUG org.apache.http.impl.conn.PoolingHttpClientConnectionManager -- Connection [id: 3][route: {}->http://localhost:3000] can be kept alive for 5.0 seconds
23:46:03.765 [main] DEBUG org.apache.http.impl.conn.DefaultManagedHttpClientConnection -- http-outgoing-3: set socket timeout to 0
23:46:03.765 [main] DEBUG org.apache.http.impl.conn.PoolingHttpClientConnectionManager -- Connection released: [id: 3][route: {}->http://localhost:3000][total available: 1; route allocated: 1 of 5; total allocated: 1 of 10]
23:46:03.765 [main] DEBUG org.apache.http.impl.conn.PoolingHttpClientConnectionManager -- Connection manager is shutting down
23:46:03.765 [main] DEBUG org.apache.http.impl.conn.DefaultManagedHttpClientConnection -- http-outgoing-3: Close connection
23:46:03.765 [main] DEBUG org.apache.http.impl.conn.PoolingHttpClientConnectionManager -- Connection manager shut down
23:46:03.766 [main] DEBUG com.intuit.karate -- response time in milliseconds: 7
1 < 400
1 < X-Powered-By: Express
1 < Access-Control-Allow-Origin: *
1 < Content-Type: application/json; charset=utf-8
1 < Content-Length: 139
1 < ETag: W/"8b-qOECy5s/tpoIgGUkquv9M4YkIjQ"
1 < Date: Tue, 17 Jun 2025 16:46:03 GMT
1 < Connection: keep-alive
1 < Keep-Alive: timeout=5
{
  "success": false,
  "statusCode": 400,
  "message": "D? li?u không h?p l?",
  "path": "/auth/register",
  "timestamp": "2025-06-17T16:46:03.763Z"
}


23:46:03.767 [main] DEBUG com.intuit.karate.core.ScenarioEngine -- over-writing existing variable 'responseStatus' with new value: karate.get('responseStatus')
23:46:03.768 [main] DEBUG com.intuit.karate.core.ScenarioEngine -- over-writing existing variable 'response' with new value: karate.get('response')
23:46:03.769 [main] INFO com.intuit.karate -- [print] Register API called with: 
23:46:03.769 [main] INFO com.intuit.karate -- [print] Request: {
  "email": "test4@example.com",
  "password": "",
  "name": "John Doe",
  "username": "johndoe4",
  "phoneNumber": "0987654321"
}
 
23:46:03.769 [main] INFO com.intuit.karate -- [print] Response Status: 400 
23:46:03.771 [main] INFO com.intuit.karate -- [print] Response Body: {
  "success": false,
  "statusCode": 400,
  "message": "D? li?u không h?p l?",
  "path": "/auth/register",
  "timestamp": "2025-06-17T16:46:03.763Z"
}
 
23:46:03.772 [main] INFO com.intuit.karate -- ? TEST CASE #4 PASSED 
23:46:03.772 [main] INFO com.intuit.karate -- Actual Status: 400 
23:46:03.772 [main] INFO com.intuit.karate -- Actual Result: {"success":false,"statusCode":400,"message":"D? li?u không h?p l?","path":"/auth/register","timestamp":"2025-06-17T16:46:03.763Z"} 
23:46:03.773 [main] INFO com.intuit.karate -- Test Result: PASS 
23:46:03.773 [main] INFO com.intuit.karate -- ========================================== 
23:46:03.773 [main] INFO com.intuit.karate -- ========================================== 
23:46:03.773 [main] INFO com.intuit.karate -- ?ANG CH?Y TEST CASE #5/30 
23:46:03.773 [main] INFO com.intuit.karate -- Description: TC5: Thi?u tr??ng name - Ki?m tra khi thi?u name 
23:46:03.774 [main] INFO com.intuit.karate -- Email: "test5@example.com" 
23:46:03.774 [main] INFO com.intuit.karate -- Password: "Password123" 
23:46:03.774 [main] INFO com.intuit.karate -- Name: "" 
23:46:03.774 [main] INFO com.intuit.karate -- Username: "johndoe5" 
23:46:03.774 [main] INFO com.intuit.karate -- PhoneNumber: "0987654321" 
23:46:03.774 [main] INFO com.intuit.karate -- Expected Status: 400 
23:46:03.774 [main] INFO com.intuit.karate -- Expected Result: {"error": "Name is required"} 
23:46:03.774 [main] INFO com.intuit.karate -- ========================================== 
23:46:03.784 [main] INFO com.intuit.karate -- karate.env system property was: null 
23:46:03.785 [main] DEBUG com.jayway.jsonpath.internal.path.CompiledPath -- Evaluating path: $
23:46:03.787 [main] DEBUG org.apache.http.client.protocol.RequestAddCookies -- CookieSpec selected: karate
23:46:03.787 [main] DEBUG org.apache.http.client.protocol.RequestAuthCache -- Auth cache not set in the context
23:46:03.787 [main] DEBUG com.intuit.karate -- request:
1 > POST http://localhost:3000/auth/register
1 > Content-Type: application/json; charset=UTF-8
1 > Content-Length: 113
1 > Host: localhost:3000
1 > Connection: Keep-Alive
1 > User-Agent: Apache-HttpClient/4.5.14 (Java/17.0.9)
1 > Accept-Encoding: gzip,deflate
{
  "email": "test5@example.com",
  "password": "Password123",
  "name": "",
  "username": "johndoe5",
  "phoneNumber": "0987654321"
}


23:46:03.788 [main] DEBUG org.apache.http.impl.conn.PoolingHttpClientConnectionManager -- Connection request: [route: {}->http://localhost:3000][total available: 0; route allocated: 0 of 5; total allocated: 0 of 10]
23:46:03.788 [main] DEBUG org.apache.http.impl.conn.PoolingHttpClientConnectionManager -- Connection leased: [id: 4][route: {}->http://localhost:3000][total available: 0; route allocated: 1 of 5; total allocated: 1 of 10]
23:46:03.788 [main] DEBUG org.apache.http.impl.execchain.MainClientExec -- Opening connection {}->http://localhost:3000
23:46:03.788 [main] DEBUG org.apache.http.impl.conn.DefaultHttpClientConnectionOperator -- Connecting to localhost/127.0.0.1:3000
23:46:03.788 [main] DEBUG org.apache.http.impl.conn.DefaultHttpClientConnectionOperator -- Connection established 127.0.0.1:65047<->127.0.0.1:3000
23:46:03.788 [main] DEBUG org.apache.http.impl.conn.DefaultManagedHttpClientConnection -- http-outgoing-4: set socket timeout to 5000
23:46:03.788 [main] DEBUG org.apache.http.impl.execchain.MainClientExec -- Executing request POST /auth/register HTTP/1.1
23:46:03.788 [main] DEBUG org.apache.http.impl.execchain.MainClientExec -- Target auth state: UNCHALLENGED
23:46:03.788 [main] DEBUG org.apache.http.impl.execchain.MainClientExec -- Proxy auth state: UNCHALLENGED
23:46:03.788 [main] DEBUG org.apache.http.headers -- http-outgoing-4 >> POST /auth/register HTTP/1.1
23:46:03.788 [main] DEBUG org.apache.http.headers -- http-outgoing-4 >> Content-Type: application/json; charset=UTF-8
23:46:03.788 [main] DEBUG org.apache.http.headers -- http-outgoing-4 >> Content-Length: 113
23:46:03.788 [main] DEBUG org.apache.http.headers -- http-outgoing-4 >> Host: localhost:3000
23:46:03.788 [main] DEBUG org.apache.http.headers -- http-outgoing-4 >> Connection: Keep-Alive
23:46:03.788 [main] DEBUG org.apache.http.headers -- http-outgoing-4 >> User-Agent: Apache-HttpClient/4.5.14 (Java/17.0.9)
23:46:03.788 [main] DEBUG org.apache.http.headers -- http-outgoing-4 >> Accept-Encoding: gzip,deflate
23:46:03.788 [main] DEBUG org.apache.http.wire -- http-outgoing-4 >> "POST /auth/register HTTP/1.1[\r][\n]"
23:46:03.788 [main] DEBUG org.apache.http.wire -- http-outgoing-4 >> "Content-Type: application/json; charset=UTF-8[\r][\n]"
23:46:03.788 [main] DEBUG org.apache.http.wire -- http-outgoing-4 >> "Content-Length: 113[\r][\n]"
23:46:03.788 [main] DEBUG org.apache.http.wire -- http-outgoing-4 >> "Host: localhost:3000[\r][\n]"
23:46:03.788 [main] DEBUG org.apache.http.wire -- http-outgoing-4 >> "Connection: Keep-Alive[\r][\n]"
23:46:03.788 [main] DEBUG org.apache.http.wire -- http-outgoing-4 >> "User-Agent: Apache-HttpClient/4.5.14 (Java/17.0.9)[\r][\n]"
23:46:03.788 [main] DEBUG org.apache.http.wire -- http-outgoing-4 >> "Accept-Encoding: gzip,deflate[\r][\n]"
23:46:03.788 [main] DEBUG org.apache.http.wire -- http-outgoing-4 >> "[\r][\n]"
23:46:03.789 [main] DEBUG org.apache.http.wire -- http-outgoing-4 >> "{"email":"test5@example.com","password":"Password123","name":"","username":"johndoe5","phoneNumber":"0987654321"}"
23:46:03.790 [main] DEBUG org.apache.http.wire -- http-outgoing-4 << "HTTP/1.1 400 Bad Request[\r][\n]"
23:46:03.791 [main] DEBUG org.apache.http.wire -- http-outgoing-4 << "X-Powered-By: Express[\r][\n]"
23:46:03.791 [main] DEBUG org.apache.http.wire -- http-outgoing-4 << "Access-Control-Allow-Origin: *[\r][\n]"
23:46:03.791 [main] DEBUG org.apache.http.wire -- http-outgoing-4 << "Content-Type: application/json; charset=utf-8[\r][\n]"
23:46:03.791 [main] DEBUG org.apache.http.wire -- http-outgoing-4 << "Content-Length: 139[\r][\n]"
23:46:03.791 [main] DEBUG org.apache.http.wire -- http-outgoing-4 << "ETag: W/"8b-RGyRoFeHY5hb+m7LcJaYyAyMkY4"[\r][\n]"
23:46:03.791 [main] DEBUG org.apache.http.wire -- http-outgoing-4 << "Date: Tue, 17 Jun 2025 16:46:03 GMT[\r][\n]"
23:46:03.791 [main] DEBUG org.apache.http.wire -- http-outgoing-4 << "Connection: keep-alive[\r][\n]"
23:46:03.791 [main] DEBUG org.apache.http.wire -- http-outgoing-4 << "Keep-Alive: timeout=5[\r][\n]"
23:46:03.791 [main] DEBUG org.apache.http.wire -- http-outgoing-4 << "[\r][\n]"
23:46:03.791 [main] DEBUG org.apache.http.wire -- http-outgoing-4 << "{"success":false,"statusCode":400,"message":"D[0xe1][0xbb][0xaf] li[0xe1][0xbb][0x87]u kh[0xc3][0xb4]ng h[0xe1][0xbb][0xa3]p l[0xe1][0xbb][0x87]","path":"/auth/register","timestamp":"2025-06-17T16:46:03.790Z"}"
23:46:03.791 [main] DEBUG org.apache.http.headers -- http-outgoing-4 << HTTP/1.1 400 Bad Request
23:46:03.791 [main] DEBUG org.apache.http.headers -- http-outgoing-4 << X-Powered-By: Express
23:46:03.791 [main] DEBUG org.apache.http.headers -- http-outgoing-4 << Access-Control-Allow-Origin: *
23:46:03.792 [main] DEBUG org.apache.http.headers -- http-outgoing-4 << Content-Type: application/json; charset=utf-8
23:46:03.792 [main] DEBUG org.apache.http.headers -- http-outgoing-4 << Content-Length: 139
23:46:03.792 [main] DEBUG org.apache.http.headers -- http-outgoing-4 << ETag: W/"8b-RGyRoFeHY5hb+m7LcJaYyAyMkY4"
23:46:03.792 [main] DEBUG org.apache.http.headers -- http-outgoing-4 << Date: Tue, 17 Jun 2025 16:46:03 GMT
23:46:03.792 [main] DEBUG org.apache.http.headers -- http-outgoing-4 << Connection: keep-alive
23:46:03.792 [main] DEBUG org.apache.http.headers -- http-outgoing-4 << Keep-Alive: timeout=5
23:46:03.792 [main] DEBUG org.apache.http.impl.execchain.MainClientExec -- Connection can be kept alive for 5000 MILLISECONDS
23:46:03.792 [main] DEBUG org.apache.http.impl.conn.PoolingHttpClientConnectionManager -- Connection [id: 4][route: {}->http://localhost:3000] can be kept alive for 5.0 seconds
23:46:03.792 [main] DEBUG org.apache.http.impl.conn.DefaultManagedHttpClientConnection -- http-outgoing-4: set socket timeout to 0
23:46:03.792 [main] DEBUG org.apache.http.impl.conn.PoolingHttpClientConnectionManager -- Connection released: [id: 4][route: {}->http://localhost:3000][total available: 1; route allocated: 1 of 5; total allocated: 1 of 10]
23:46:03.792 [main] DEBUG org.apache.http.impl.conn.PoolingHttpClientConnectionManager -- Connection manager is shutting down
23:46:03.792 [main] DEBUG org.apache.http.impl.conn.DefaultManagedHttpClientConnection -- http-outgoing-4: Close connection
23:46:03.792 [main] DEBUG org.apache.http.impl.conn.PoolingHttpClientConnectionManager -- Connection manager shut down
23:46:03.792 [main] DEBUG com.intuit.karate -- response time in milliseconds: 5
1 < 400
1 < X-Powered-By: Express
1 < Access-Control-Allow-Origin: *
1 < Content-Type: application/json; charset=utf-8
1 < Content-Length: 139
1 < ETag: W/"8b-RGyRoFeHY5hb+m7LcJaYyAyMkY4"
1 < Date: Tue, 17 Jun 2025 16:46:03 GMT
1 < Connection: keep-alive
1 < Keep-Alive: timeout=5
{
  "success": false,
  "statusCode": 400,
  "message": "D? li?u không h?p l?",
  "path": "/auth/register",
  "timestamp": "2025-06-17T16:46:03.790Z"
}


23:46:03.793 [main] DEBUG com.intuit.karate.core.ScenarioEngine -- over-writing existing variable 'responseStatus' with new value: karate.get('responseStatus')
23:46:03.793 [main] DEBUG com.intuit.karate.core.ScenarioEngine -- over-writing existing variable 'response' with new value: karate.get('response')
23:46:03.793 [main] INFO com.intuit.karate -- [print] Register API called with: 
23:46:03.793 [main] INFO com.intuit.karate -- [print] Request: {
  "email": "test5@example.com",
  "password": "Password123",
  "name": "",
  "username": "johndoe5",
  "phoneNumber": "0987654321"
}
 
23:46:03.795 [main] INFO com.intuit.karate -- [print] Response Status: 400 
23:46:03.795 [main] INFO com.intuit.karate -- [print] Response Body: {
  "success": false,
  "statusCode": 400,
  "message": "D? li?u không h?p l?",
  "path": "/auth/register",
  "timestamp": "2025-06-17T16:46:03.790Z"
}
 
23:46:03.796 [main] INFO com.intuit.karate -- ? TEST CASE #5 PASSED 
23:46:03.796 [main] INFO com.intuit.karate -- Actual Status: 400 
23:46:03.796 [main] INFO com.intuit.karate -- Actual Result: {"success":false,"statusCode":400,"message":"D? li?u không h?p l?","path":"/auth/register","timestamp":"2025-06-17T16:46:03.790Z"} 
23:46:03.796 [main] INFO com.intuit.karate -- Test Result: PASS 
23:46:03.796 [main] INFO com.intuit.karate -- ========================================== 
23:46:03.797 [main] INFO com.intuit.karate -- ========================================== 
23:46:03.797 [main] INFO com.intuit.karate -- ?ANG CH?Y TEST CASE #6/30 
23:46:03.797 [main] INFO com.intuit.karate -- Description: TC6: Thi?u tr??ng username - Ki?m tra khi thi?u username 
23:46:03.797 [main] INFO com.intuit.karate -- Email: "test6@example.com" 
23:46:03.797 [main] INFO com.intuit.karate -- Password: "Password123" 
23:46:03.797 [main] INFO com.intuit.karate -- Name: "John Doe" 
23:46:03.797 [main] INFO com.intuit.karate -- Username: "" 
23:46:03.797 [main] INFO com.intuit.karate -- PhoneNumber: "0987654321" 
23:46:03.798 [main] INFO com.intuit.karate -- Expected Status: 400 
23:46:03.798 [main] INFO com.intuit.karate -- Expected Result: {"error": "Username is required"} 
23:46:03.798 [main] INFO com.intuit.karate -- ========================================== 
23:46:03.808 [main] INFO com.intuit.karate -- karate.env system property was: null 
23:46:03.810 [main] DEBUG com.jayway.jsonpath.internal.path.CompiledPath -- Evaluating path: $
23:46:03.812 [main] DEBUG org.apache.http.client.protocol.RequestAddCookies -- CookieSpec selected: karate
23:46:03.812 [main] DEBUG org.apache.http.client.protocol.RequestAuthCache -- Auth cache not set in the context
23:46:03.812 [main] DEBUG com.intuit.karate -- request:
1 > POST http://localhost:3000/auth/register
1 > Content-Type: application/json; charset=UTF-8
1 > Content-Length: 113
1 > Host: localhost:3000
1 > Connection: Keep-Alive
1 > User-Agent: Apache-HttpClient/4.5.14 (Java/17.0.9)
1 > Accept-Encoding: gzip,deflate
{
  "email": "test6@example.com",
  "password": "Password123",
  "name": "John Doe",
  "username": "",
  "phoneNumber": "0987654321"
}


23:46:03.812 [main] DEBUG org.apache.http.impl.conn.PoolingHttpClientConnectionManager -- Connection request: [route: {}->http://localhost:3000][total available: 0; route allocated: 0 of 5; total allocated: 0 of 10]
23:46:03.812 [main] DEBUG org.apache.http.impl.conn.PoolingHttpClientConnectionManager -- Connection leased: [id: 5][route: {}->http://localhost:3000][total available: 0; route allocated: 1 of 5; total allocated: 1 of 10]
23:46:03.812 [main] DEBUG org.apache.http.impl.execchain.MainClientExec -- Opening connection {}->http://localhost:3000
23:46:03.813 [main] DEBUG org.apache.http.impl.conn.DefaultHttpClientConnectionOperator -- Connecting to localhost/127.0.0.1:3000
23:46:03.813 [main] DEBUG org.apache.http.impl.conn.DefaultHttpClientConnectionOperator -- Connection established 127.0.0.1:65048<->127.0.0.1:3000
23:46:03.813 [main] DEBUG org.apache.http.impl.conn.DefaultManagedHttpClientConnection -- http-outgoing-5: set socket timeout to 5000
23:46:03.813 [main] DEBUG org.apache.http.impl.execchain.MainClientExec -- Executing request POST /auth/register HTTP/1.1
23:46:03.813 [main] DEBUG org.apache.http.impl.execchain.MainClientExec -- Target auth state: UNCHALLENGED
23:46:03.813 [main] DEBUG org.apache.http.impl.execchain.MainClientExec -- Proxy auth state: UNCHALLENGED
23:46:03.814 [main] DEBUG org.apache.http.headers -- http-outgoing-5 >> POST /auth/register HTTP/1.1
23:46:03.814 [main] DEBUG org.apache.http.headers -- http-outgoing-5 >> Content-Type: application/json; charset=UTF-8
23:46:03.814 [main] DEBUG org.apache.http.headers -- http-outgoing-5 >> Content-Length: 113
23:46:03.814 [main] DEBUG org.apache.http.headers -- http-outgoing-5 >> Host: localhost:3000
23:46:03.814 [main] DEBUG org.apache.http.headers -- http-outgoing-5 >> Connection: Keep-Alive
23:46:03.814 [main] DEBUG org.apache.http.headers -- http-outgoing-5 >> User-Agent: Apache-HttpClient/4.5.14 (Java/17.0.9)
23:46:03.814 [main] DEBUG org.apache.http.headers -- http-outgoing-5 >> Accept-Encoding: gzip,deflate
23:46:03.814 [main] DEBUG org.apache.http.wire -- http-outgoing-5 >> "POST /auth/register HTTP/1.1[\r][\n]"
23:46:03.814 [main] DEBUG org.apache.http.wire -- http-outgoing-5 >> "Content-Type: application/json; charset=UTF-8[\r][\n]"
23:46:03.814 [main] DEBUG org.apache.http.wire -- http-outgoing-5 >> "Content-Length: 113[\r][\n]"
23:46:03.814 [main] DEBUG org.apache.http.wire -- http-outgoing-5 >> "Host: localhost:3000[\r][\n]"
23:46:03.814 [main] DEBUG org.apache.http.wire -- http-outgoing-5 >> "Connection: Keep-Alive[\r][\n]"
23:46:03.814 [main] DEBUG org.apache.http.wire -- http-outgoing-5 >> "User-Agent: Apache-HttpClient/4.5.14 (Java/17.0.9)[\r][\n]"
23:46:03.814 [main] DEBUG org.apache.http.wire -- http-outgoing-5 >> "Accept-Encoding: gzip,deflate[\r][\n]"
23:46:03.814 [main] DEBUG org.apache.http.wire -- http-outgoing-5 >> "[\r][\n]"
23:46:03.814 [main] DEBUG org.apache.http.wire -- http-outgoing-5 >> "{"email":"test6@example.com","password":"Password123","name":"John Doe","username":"","phoneNumber":"0987654321"}"
23:46:03.817 [main] DEBUG org.apache.http.wire -- http-outgoing-5 << "HTTP/1.1 400 Bad Request[\r][\n]"
23:46:03.817 [main] DEBUG org.apache.http.wire -- http-outgoing-5 << "X-Powered-By: Express[\r][\n]"
23:46:03.817 [main] DEBUG org.apache.http.wire -- http-outgoing-5 << "Access-Control-Allow-Origin: *[\r][\n]"
23:46:03.817 [main] DEBUG org.apache.http.wire -- http-outgoing-5 << "Content-Type: application/json; charset=utf-8[\r][\n]"
23:46:03.817 [main] DEBUG org.apache.http.wire -- http-outgoing-5 << "Content-Length: 139[\r][\n]"
23:46:03.817 [main] DEBUG org.apache.http.wire -- http-outgoing-5 << "ETag: W/"8b-xmTSoGICqxWbZ03NeWRhOoQu6B8"[\r][\n]"
23:46:03.817 [main] DEBUG org.apache.http.wire -- http-outgoing-5 << "Date: Tue, 17 Jun 2025 16:46:03 GMT[\r][\n]"
23:46:03.817 [main] DEBUG org.apache.http.wire -- http-outgoing-5 << "Connection: keep-alive[\r][\n]"
23:46:03.817 [main] DEBUG org.apache.http.wire -- http-outgoing-5 << "Keep-Alive: timeout=5[\r][\n]"
23:46:03.817 [main] DEBUG org.apache.http.wire -- http-outgoing-5 << "[\r][\n]"
23:46:03.817 [main] DEBUG org.apache.http.wire -- http-outgoing-5 << "{"success":false,"statusCode":400,"message":"D[0xe1][0xbb][0xaf] li[0xe1][0xbb][0x87]u kh[0xc3][0xb4]ng h[0xe1][0xbb][0xa3]p l[0xe1][0xbb][0x87]","path":"/auth/register","timestamp":"2025-06-17T16:46:03.816Z"}"
23:46:03.818 [main] DEBUG org.apache.http.headers -- http-outgoing-5 << HTTP/1.1 400 Bad Request
23:46:03.818 [main] DEBUG org.apache.http.headers -- http-outgoing-5 << X-Powered-By: Express
23:46:03.818 [main] DEBUG org.apache.http.headers -- http-outgoing-5 << Access-Control-Allow-Origin: *
23:46:03.818 [main] DEBUG org.apache.http.headers -- http-outgoing-5 << Content-Type: application/json; charset=utf-8
23:46:03.818 [main] DEBUG org.apache.http.headers -- http-outgoing-5 << Content-Length: 139
23:46:03.818 [main] DEBUG org.apache.http.headers -- http-outgoing-5 << ETag: W/"8b-xmTSoGICqxWbZ03NeWRhOoQu6B8"
23:46:03.818 [main] DEBUG org.apache.http.headers -- http-outgoing-5 << Date: Tue, 17 Jun 2025 16:46:03 GMT
23:46:03.818 [main] DEBUG org.apache.http.headers -- http-outgoing-5 << Connection: keep-alive
23:46:03.818 [main] DEBUG org.apache.http.headers -- http-outgoing-5 << Keep-Alive: timeout=5
23:46:03.818 [main] DEBUG org.apache.http.impl.execchain.MainClientExec -- Connection can be kept alive for 5000 MILLISECONDS
23:46:03.818 [main] DEBUG org.apache.http.impl.conn.PoolingHttpClientConnectionManager -- Connection [id: 5][route: {}->http://localhost:3000] can be kept alive for 5.0 seconds
23:46:03.818 [main] DEBUG org.apache.http.impl.conn.DefaultManagedHttpClientConnection -- http-outgoing-5: set socket timeout to 0
23:46:03.818 [main] DEBUG org.apache.http.impl.conn.PoolingHttpClientConnectionManager -- Connection released: [id: 5][route: {}->http://localhost:3000][total available: 1; route allocated: 1 of 5; total allocated: 1 of 10]
23:46:03.818 [main] DEBUG org.apache.http.impl.conn.PoolingHttpClientConnectionManager -- Connection manager is shutting down
23:46:03.818 [main] DEBUG org.apache.http.impl.conn.DefaultManagedHttpClientConnection -- http-outgoing-5: Close connection
23:46:03.818 [main] DEBUG org.apache.http.impl.conn.PoolingHttpClientConnectionManager -- Connection manager shut down
23:46:03.819 [main] DEBUG com.intuit.karate -- response time in milliseconds: 6
1 < 400
1 < X-Powered-By: Express
1 < Access-Control-Allow-Origin: *
1 < Content-Type: application/json; charset=utf-8
1 < Content-Length: 139
1 < ETag: W/"8b-xmTSoGICqxWbZ03NeWRhOoQu6B8"
1 < Date: Tue, 17 Jun 2025 16:46:03 GMT
1 < Connection: keep-alive
1 < Keep-Alive: timeout=5
{
  "success": false,
  "statusCode": 400,
  "message": "D? li?u không h?p l?",
  "path": "/auth/register",
  "timestamp": "2025-06-17T16:46:03.816Z"
}


23:46:03.820 [main] DEBUG com.intuit.karate.core.ScenarioEngine -- over-writing existing variable 'responseStatus' with new value: karate.get('responseStatus')
23:46:03.821 [main] DEBUG com.intuit.karate.core.ScenarioEngine -- over-writing existing variable 'response' with new value: karate.get('response')
23:46:03.821 [main] INFO com.intuit.karate -- [print] Register API called with: 
23:46:03.822 [main] INFO com.intuit.karate -- [print] Request: {
  "email": "test6@example.com",
  "password": "Password123",
  "name": "John Doe",
  "username": "",
  "phoneNumber": "0987654321"
}
 
23:46:03.822 [main] INFO com.intuit.karate -- [print] Response Status: 400 
23:46:03.822 [main] INFO com.intuit.karate -- [print] Response Body: {
  "success": false,
  "statusCode": 400,
  "message": "D? li?u không h?p l?",
  "path": "/auth/register",
  "timestamp": "2025-06-17T16:46:03.816Z"
}
 
23:46:03.823 [main] INFO com.intuit.karate -- ? TEST CASE #6 PASSED 
23:46:03.824 [main] INFO com.intuit.karate -- Actual Status: 400 
23:46:03.824 [main] INFO com.intuit.karate -- Actual Result: {"success":false,"statusCode":400,"message":"D? li?u không h?p l?","path":"/auth/register","timestamp":"2025-06-17T16:46:03.816Z"} 
23:46:03.824 [main] INFO com.intuit.karate -- Test Result: PASS 
23:46:03.824 [main] INFO com.intuit.karate -- ========================================== 
23:46:03.825 [main] INFO com.intuit.karate -- ========================================== 
23:46:03.825 [main] INFO com.intuit.karate -- ?ANG CH?Y TEST CASE #7/30 
23:46:03.825 [main] INFO com.intuit.karate -- Description: TC7: Thi?u tr??ng phoneNumber - Ki?m tra khi thi?u s? ?i?n tho?i 
23:46:03.825 [main] INFO com.intuit.karate -- Email: "test7@example.com" 
23:46:03.825 [main] INFO com.intuit.karate -- Password: "Password123" 
23:46:03.825 [main] INFO com.intuit.karate -- Name: "John Doe" 
23:46:03.825 [main] INFO com.intuit.karate -- Username: "johndoe7" 
23:46:03.826 [main] INFO com.intuit.karate -- PhoneNumber: "" 
23:46:03.826 [main] INFO com.intuit.karate -- Expected Status: 400 
23:46:03.826 [main] INFO com.intuit.karate -- Expected Result: {"error": "S? ?i?n tho?i không ???c ?? tr?ng"} 
23:46:03.826 [main] INFO com.intuit.karate -- ========================================== 
23:46:03.838 [main] INFO com.intuit.karate -- karate.env system property was: null 
23:46:03.840 [main] DEBUG com.jayway.jsonpath.internal.path.CompiledPath -- Evaluating path: $
23:46:03.842 [main] DEBUG org.apache.http.client.protocol.RequestAddCookies -- CookieSpec selected: karate
23:46:03.842 [main] DEBUG org.apache.http.client.protocol.RequestAuthCache -- Auth cache not set in the context
23:46:03.843 [main] DEBUG com.intuit.karate -- request:
1 > POST http://localhost:3000/auth/register
1 > Content-Type: application/json; charset=UTF-8
1 > Content-Length: 111
1 > Host: localhost:3000
1 > Connection: Keep-Alive
1 > User-Agent: Apache-HttpClient/4.5.14 (Java/17.0.9)
1 > Accept-Encoding: gzip,deflate
{
  "email": "test7@example.com",
  "password": "Password123",
  "name": "John Doe",
  "username": "johndoe7",
  "phoneNumber": ""
}


23:46:03.843 [main] DEBUG org.apache.http.impl.conn.PoolingHttpClientConnectionManager -- Connection request: [route: {}->http://localhost:3000][total available: 0; route allocated: 0 of 5; total allocated: 0 of 10]
23:46:03.843 [main] DEBUG org.apache.http.impl.conn.PoolingHttpClientConnectionManager -- Connection leased: [id: 6][route: {}->http://localhost:3000][total available: 0; route allocated: 1 of 5; total allocated: 1 of 10]
23:46:03.843 [main] DEBUG org.apache.http.impl.execchain.MainClientExec -- Opening connection {}->http://localhost:3000
23:46:03.843 [main] DEBUG org.apache.http.impl.conn.DefaultHttpClientConnectionOperator -- Connecting to localhost/127.0.0.1:3000
23:46:03.844 [main] DEBUG org.apache.http.impl.conn.DefaultHttpClientConnectionOperator -- Connection established 127.0.0.1:65049<->127.0.0.1:3000
23:46:03.844 [main] DEBUG org.apache.http.impl.conn.DefaultManagedHttpClientConnection -- http-outgoing-6: set socket timeout to 5000
23:46:03.844 [main] DEBUG org.apache.http.impl.execchain.MainClientExec -- Executing request POST /auth/register HTTP/1.1
23:46:03.844 [main] DEBUG org.apache.http.impl.execchain.MainClientExec -- Target auth state: UNCHALLENGED
23:46:03.844 [main] DEBUG org.apache.http.impl.execchain.MainClientExec -- Proxy auth state: UNCHALLENGED
23:46:03.844 [main] DEBUG org.apache.http.headers -- http-outgoing-6 >> POST /auth/register HTTP/1.1
23:46:03.844 [main] DEBUG org.apache.http.headers -- http-outgoing-6 >> Content-Type: application/json; charset=UTF-8
23:46:03.844 [main] DEBUG org.apache.http.headers -- http-outgoing-6 >> Content-Length: 111
23:46:03.844 [main] DEBUG org.apache.http.headers -- http-outgoing-6 >> Host: localhost:3000
23:46:03.844 [main] DEBUG org.apache.http.headers -- http-outgoing-6 >> Connection: Keep-Alive
23:46:03.844 [main] DEBUG org.apache.http.headers -- http-outgoing-6 >> User-Agent: Apache-HttpClient/4.5.14 (Java/17.0.9)
23:46:03.844 [main] DEBUG org.apache.http.headers -- http-outgoing-6 >> Accept-Encoding: gzip,deflate
23:46:03.844 [main] DEBUG org.apache.http.wire -- http-outgoing-6 >> "POST /auth/register HTTP/1.1[\r][\n]"
23:46:03.844 [main] DEBUG org.apache.http.wire -- http-outgoing-6 >> "Content-Type: application/json; charset=UTF-8[\r][\n]"
23:46:03.844 [main] DEBUG org.apache.http.wire -- http-outgoing-6 >> "Content-Length: 111[\r][\n]"
23:46:03.844 [main] DEBUG org.apache.http.wire -- http-outgoing-6 >> "Host: localhost:3000[\r][\n]"
23:46:03.844 [main] DEBUG org.apache.http.wire -- http-outgoing-6 >> "Connection: Keep-Alive[\r][\n]"
23:46:03.844 [main] DEBUG org.apache.http.wire -- http-outgoing-6 >> "User-Agent: Apache-HttpClient/4.5.14 (Java/17.0.9)[\r][\n]"
23:46:03.844 [main] DEBUG org.apache.http.wire -- http-outgoing-6 >> "Accept-Encoding: gzip,deflate[\r][\n]"
23:46:03.844 [main] DEBUG org.apache.http.wire -- http-outgoing-6 >> "[\r][\n]"
23:46:03.844 [main] DEBUG org.apache.http.wire -- http-outgoing-6 >> "{"email":"test7@example.com","password":"Password123","name":"John Doe","username":"johndoe7","phoneNumber":""}"
23:46:03.846 [main] DEBUG org.apache.http.wire -- http-outgoing-6 << "HTTP/1.1 400 Bad Request[\r][\n]"
23:46:03.847 [main] DEBUG org.apache.http.wire -- http-outgoing-6 << "X-Powered-By: Express[\r][\n]"
23:46:03.847 [main] DEBUG org.apache.http.wire -- http-outgoing-6 << "Access-Control-Allow-Origin: *[\r][\n]"
23:46:03.847 [main] DEBUG org.apache.http.wire -- http-outgoing-6 << "Content-Type: application/json; charset=utf-8[\r][\n]"
23:46:03.847 [main] DEBUG org.apache.http.wire -- http-outgoing-6 << "Content-Length: 139[\r][\n]"
23:46:03.847 [main] DEBUG org.apache.http.wire -- http-outgoing-6 << "ETag: W/"8b-BnoMC+hMuYLfkhff28vtNhqYJrM"[\r][\n]"
23:46:03.847 [main] DEBUG org.apache.http.wire -- http-outgoing-6 << "Date: Tue, 17 Jun 2025 16:46:03 GMT[\r][\n]"
23:46:03.847 [main] DEBUG org.apache.http.wire -- http-outgoing-6 << "Connection: keep-alive[\r][\n]"
23:46:03.847 [main] DEBUG org.apache.http.wire -- http-outgoing-6 << "Keep-Alive: timeout=5[\r][\n]"
23:46:03.847 [main] DEBUG org.apache.http.wire -- http-outgoing-6 << "[\r][\n]"
23:46:03.847 [main] DEBUG org.apache.http.wire -- http-outgoing-6 << "{"success":false,"statusCode":400,"message":"D[0xe1][0xbb][0xaf] li[0xe1][0xbb][0x87]u kh[0xc3][0xb4]ng h[0xe1][0xbb][0xa3]p l[0xe1][0xbb][0x87]","path":"/auth/register","timestamp":"2025-06-17T16:46:03.846Z"}"
23:46:03.847 [main] DEBUG org.apache.http.headers -- http-outgoing-6 << HTTP/1.1 400 Bad Request
23:46:03.847 [main] DEBUG org.apache.http.headers -- http-outgoing-6 << X-Powered-By: Express
23:46:03.847 [main] DEBUG org.apache.http.headers -- http-outgoing-6 << Access-Control-Allow-Origin: *
23:46:03.847 [main] DEBUG org.apache.http.headers -- http-outgoing-6 << Content-Type: application/json; charset=utf-8
23:46:03.847 [main] DEBUG org.apache.http.headers -- http-outgoing-6 << Content-Length: 139
23:46:03.847 [main] DEBUG org.apache.http.headers -- http-outgoing-6 << ETag: W/"8b-BnoMC+hMuYLfkhff28vtNhqYJrM"
23:46:03.847 [main] DEBUG org.apache.http.headers -- http-outgoing-6 << Date: Tue, 17 Jun 2025 16:46:03 GMT
23:46:03.847 [main] DEBUG org.apache.http.headers -- http-outgoing-6 << Connection: keep-alive
23:46:03.847 [main] DEBUG org.apache.http.headers -- http-outgoing-6 << Keep-Alive: timeout=5
23:46:03.847 [main] DEBUG org.apache.http.impl.execchain.MainClientExec -- Connection can be kept alive for 5000 MILLISECONDS
23:46:03.849 [main] DEBUG org.apache.http.impl.conn.PoolingHttpClientConnectionManager -- Connection [id: 6][route: {}->http://localhost:3000] can be kept alive for 5.0 seconds
23:46:03.849 [main] DEBUG org.apache.http.impl.conn.DefaultManagedHttpClientConnection -- http-outgoing-6: set socket timeout to 0
23:46:03.849 [main] DEBUG org.apache.http.impl.conn.PoolingHttpClientConnectionManager -- Connection released: [id: 6][route: {}->http://localhost:3000][total available: 1; route allocated: 1 of 5; total allocated: 1 of 10]
23:46:03.849 [main] DEBUG org.apache.http.impl.conn.PoolingHttpClientConnectionManager -- Connection manager is shutting down
23:46:03.849 [main] DEBUG org.apache.http.impl.conn.DefaultManagedHttpClientConnection -- http-outgoing-6: Close connection
23:46:03.849 [main] DEBUG org.apache.http.impl.conn.PoolingHttpClientConnectionManager -- Connection manager shut down
23:46:03.849 [main] DEBUG com.intuit.karate -- response time in milliseconds: 6
1 < 400
1 < X-Powered-By: Express
1 < Access-Control-Allow-Origin: *
1 < Content-Type: application/json; charset=utf-8
1 < Content-Length: 139
1 < ETag: W/"8b-BnoMC+hMuYLfkhff28vtNhqYJrM"
1 < Date: Tue, 17 Jun 2025 16:46:03 GMT
1 < Connection: keep-alive
1 < Keep-Alive: timeout=5
{
  "success": false,
  "statusCode": 400,
  "message": "D? li?u không h?p l?",
  "path": "/auth/register",
  "timestamp": "2025-06-17T16:46:03.846Z"
}


23:46:03.850 [main] DEBUG com.intuit.karate.core.ScenarioEngine -- over-writing existing variable 'responseStatus' with new value: karate.get('responseStatus')
23:46:03.850 [main] DEBUG com.intuit.karate.core.ScenarioEngine -- over-writing existing variable 'response' with new value: karate.get('response')
23:46:03.851 [main] INFO com.intuit.karate -- [print] Register API called with: 
23:46:03.851 [main] INFO com.intuit.karate -- [print] Request: {
  "email": "test7@example.com",
  "password": "Password123",
  "name": "John Doe",
  "username": "johndoe7",
  "phoneNumber": ""
}
 
23:46:03.851 [main] INFO com.intuit.karate -- [print] Response Status: 400 
23:46:03.852 [main] INFO com.intuit.karate -- [print] Response Body: {
  "success": false,
  "statusCode": 400,
  "message": "D? li?u không h?p l?",
  "path": "/auth/register",
  "timestamp": "2025-06-17T16:46:03.846Z"
}
 
23:46:03.852 [main] INFO com.intuit.karate -- ? TEST CASE #7 PASSED 
23:46:03.852 [main] INFO com.intuit.karate -- Actual Status: 400 
23:46:03.853 [main] INFO com.intuit.karate -- Actual Result: {"success":false,"statusCode":400,"message":"D? li?u không h?p l?","path":"/auth/register","timestamp":"2025-06-17T16:46:03.846Z"} 
23:46:03.853 [main] INFO com.intuit.karate -- Test Result: PASS 
23:46:03.853 [main] INFO com.intuit.karate -- ========================================== 
23:46:03.853 [main] INFO com.intuit.karate -- ========================================== 
23:46:03.853 [main] INFO com.intuit.karate -- ?ANG CH?Y TEST CASE #8/30 
23:46:03.854 [main] INFO com.intuit.karate -- Description: TC8: Email không h?p l? - Ki?m tra v?i email không ?úng ??nh d?ng 
23:46:03.854 [main] INFO com.intuit.karate -- Email: "invalid_email" 
23:46:03.854 [main] INFO com.intuit.karate -- Password: "Password123" 
23:46:03.854 [main] INFO com.intuit.karate -- Name: "John Doe" 
23:46:03.854 [main] INFO com.intuit.karate -- Username: "johndoe8" 
23:46:03.854 [main] INFO com.intuit.karate -- PhoneNumber: "0987654321" 
23:46:03.854 [main] INFO com.intuit.karate -- Expected Status: 400 
23:46:03.854 [main] INFO com.intuit.karate -- Expected Result: {"error": "Invalid email format"} 
23:46:03.854 [main] INFO com.intuit.karate -- ========================================== 
23:46:03.865 [main] INFO com.intuit.karate -- karate.env system property was: null 
23:46:03.868 [main] DEBUG com.jayway.jsonpath.internal.path.CompiledPath -- Evaluating path: $
23:46:03.870 [main] DEBUG org.apache.http.client.protocol.RequestAddCookies -- CookieSpec selected: karate
23:46:03.870 [main] DEBUG org.apache.http.client.protocol.RequestAuthCache -- Auth cache not set in the context
23:46:03.870 [main] DEBUG com.intuit.karate -- request:
1 > POST http://localhost:3000/auth/register
1 > Content-Type: application/json; charset=UTF-8
1 > Content-Length: 117
1 > Host: localhost:3000
1 > Connection: Keep-Alive
1 > User-Agent: Apache-HttpClient/4.5.14 (Java/17.0.9)
1 > Accept-Encoding: gzip,deflate
{
  "email": "invalid_email",
  "password": "Password123",
  "name": "John Doe",
  "username": "johndoe8",
  "phoneNumber": "0987654321"
}


23:46:03.870 [main] DEBUG org.apache.http.impl.conn.PoolingHttpClientConnectionManager -- Connection request: [route: {}->http://localhost:3000][total available: 0; route allocated: 0 of 5; total allocated: 0 of 10]
23:46:03.870 [main] DEBUG org.apache.http.impl.conn.PoolingHttpClientConnectionManager -- Connection leased: [id: 7][route: {}->http://localhost:3000][total available: 0; route allocated: 1 of 5; total allocated: 1 of 10]
23:46:03.870 [main] DEBUG org.apache.http.impl.execchain.MainClientExec -- Opening connection {}->http://localhost:3000
23:46:03.872 [main] DEBUG org.apache.http.impl.conn.DefaultHttpClientConnectionOperator -- Connecting to localhost/127.0.0.1:3000
23:46:03.872 [main] DEBUG org.apache.http.impl.conn.DefaultHttpClientConnectionOperator -- Connection established 127.0.0.1:65050<->127.0.0.1:3000
23:46:03.872 [main] DEBUG org.apache.http.impl.conn.DefaultManagedHttpClientConnection -- http-outgoing-7: set socket timeout to 5000
23:46:03.872 [main] DEBUG org.apache.http.impl.execchain.MainClientExec -- Executing request POST /auth/register HTTP/1.1
23:46:03.872 [main] DEBUG org.apache.http.impl.execchain.MainClientExec -- Target auth state: UNCHALLENGED
23:46:03.872 [main] DEBUG org.apache.http.impl.execchain.MainClientExec -- Proxy auth state: UNCHALLENGED
23:46:03.872 [main] DEBUG org.apache.http.headers -- http-outgoing-7 >> POST /auth/register HTTP/1.1
23:46:03.872 [main] DEBUG org.apache.http.headers -- http-outgoing-7 >> Content-Type: application/json; charset=UTF-8
23:46:03.872 [main] DEBUG org.apache.http.headers -- http-outgoing-7 >> Content-Length: 117
23:46:03.872 [main] DEBUG org.apache.http.headers -- http-outgoing-7 >> Host: localhost:3000
23:46:03.872 [main] DEBUG org.apache.http.headers -- http-outgoing-7 >> Connection: Keep-Alive
23:46:03.873 [main] DEBUG org.apache.http.headers -- http-outgoing-7 >> User-Agent: Apache-HttpClient/4.5.14 (Java/17.0.9)
23:46:03.873 [main] DEBUG org.apache.http.headers -- http-outgoing-7 >> Accept-Encoding: gzip,deflate
23:46:03.873 [main] DEBUG org.apache.http.wire -- http-outgoing-7 >> "POST /auth/register HTTP/1.1[\r][\n]"
23:46:03.873 [main] DEBUG org.apache.http.wire -- http-outgoing-7 >> "Content-Type: application/json; charset=UTF-8[\r][\n]"
23:46:03.873 [main] DEBUG org.apache.http.wire -- http-outgoing-7 >> "Content-Length: 117[\r][\n]"
23:46:03.873 [main] DEBUG org.apache.http.wire -- http-outgoing-7 >> "Host: localhost:3000[\r][\n]"
23:46:03.873 [main] DEBUG org.apache.http.wire -- http-outgoing-7 >> "Connection: Keep-Alive[\r][\n]"
23:46:03.873 [main] DEBUG org.apache.http.wire -- http-outgoing-7 >> "User-Agent: Apache-HttpClient/4.5.14 (Java/17.0.9)[\r][\n]"
23:46:03.873 [main] DEBUG org.apache.http.wire -- http-outgoing-7 >> "Accept-Encoding: gzip,deflate[\r][\n]"
23:46:03.873 [main] DEBUG org.apache.http.wire -- http-outgoing-7 >> "[\r][\n]"
23:46:03.873 [main] DEBUG org.apache.http.wire -- http-outgoing-7 >> "{"email":"invalid_email","password":"Password123","name":"John Doe","username":"johndoe8","phoneNumber":"0987654321"}"
23:46:03.874 [main] DEBUG org.apache.http.wire -- http-outgoing-7 << "HTTP/1.1 400 Bad Request[\r][\n]"
23:46:03.875 [main] DEBUG org.apache.http.wire -- http-outgoing-7 << "X-Powered-By: Express[\r][\n]"
23:46:03.875 [main] DEBUG org.apache.http.wire -- http-outgoing-7 << "Access-Control-Allow-Origin: *[\r][\n]"
23:46:03.875 [main] DEBUG org.apache.http.wire -- http-outgoing-7 << "Content-Type: application/json; charset=utf-8[\r][\n]"
23:46:03.875 [main] DEBUG org.apache.http.wire -- http-outgoing-7 << "Content-Length: 139[\r][\n]"
23:46:03.875 [main] DEBUG org.apache.http.wire -- http-outgoing-7 << "ETag: W/"8b-RU2SzBeSQaI53OBgqb0kfKbON4E"[\r][\n]"
23:46:03.875 [main] DEBUG org.apache.http.wire -- http-outgoing-7 << "Date: Tue, 17 Jun 2025 16:46:03 GMT[\r][\n]"
23:46:03.875 [main] DEBUG org.apache.http.wire -- http-outgoing-7 << "Connection: keep-alive[\r][\n]"
23:46:03.875 [main] DEBUG org.apache.http.wire -- http-outgoing-7 << "Keep-Alive: timeout=5[\r][\n]"
23:46:03.875 [main] DEBUG org.apache.http.wire -- http-outgoing-7 << "[\r][\n]"
23:46:03.875 [main] DEBUG org.apache.http.wire -- http-outgoing-7 << "{"success":false,"statusCode":400,"message":"D[0xe1][0xbb][0xaf] li[0xe1][0xbb][0x87]u kh[0xc3][0xb4]ng h[0xe1][0xbb][0xa3]p l[0xe1][0xbb][0x87]","path":"/auth/register","timestamp":"2025-06-17T16:46:03.873Z"}"
23:46:03.875 [main] DEBUG org.apache.http.headers -- http-outgoing-7 << HTTP/1.1 400 Bad Request
23:46:03.875 [main] DEBUG org.apache.http.headers -- http-outgoing-7 << X-Powered-By: Express
23:46:03.875 [main] DEBUG org.apache.http.headers -- http-outgoing-7 << Access-Control-Allow-Origin: *
23:46:03.875 [main] DEBUG org.apache.http.headers -- http-outgoing-7 << Content-Type: application/json; charset=utf-8
23:46:03.875 [main] DEBUG org.apache.http.headers -- http-outgoing-7 << Content-Length: 139
23:46:03.875 [main] DEBUG org.apache.http.headers -- http-outgoing-7 << ETag: W/"8b-RU2SzBeSQaI53OBgqb0kfKbON4E"
23:46:03.875 [main] DEBUG org.apache.http.headers -- http-outgoing-7 << Date: Tue, 17 Jun 2025 16:46:03 GMT
23:46:03.875 [main] DEBUG org.apache.http.headers -- http-outgoing-7 << Connection: keep-alive
23:46:03.875 [main] DEBUG org.apache.http.headers -- http-outgoing-7 << Keep-Alive: timeout=5
23:46:03.875 [main] DEBUG org.apache.http.impl.execchain.MainClientExec -- Connection can be kept alive for 5000 MILLISECONDS
23:46:03.876 [main] DEBUG org.apache.http.impl.conn.PoolingHttpClientConnectionManager -- Connection [id: 7][route: {}->http://localhost:3000] can be kept alive for 5.0 seconds
23:46:03.876 [main] DEBUG org.apache.http.impl.conn.DefaultManagedHttpClientConnection -- http-outgoing-7: set socket timeout to 0
23:46:03.876 [main] DEBUG org.apache.http.impl.conn.PoolingHttpClientConnectionManager -- Connection released: [id: 7][route: {}->http://localhost:3000][total available: 1; route allocated: 1 of 5; total allocated: 1 of 10]
23:46:03.876 [main] DEBUG org.apache.http.impl.conn.PoolingHttpClientConnectionManager -- Connection manager is shutting down
23:46:03.876 [main] DEBUG org.apache.http.impl.conn.DefaultManagedHttpClientConnection -- http-outgoing-7: Close connection
23:46:03.876 [main] DEBUG org.apache.http.impl.conn.PoolingHttpClientConnectionManager -- Connection manager shut down
23:46:03.876 [main] DEBUG com.intuit.karate -- response time in milliseconds: 6
1 < 400
1 < X-Powered-By: Express
1 < Access-Control-Allow-Origin: *
1 < Content-Type: application/json; charset=utf-8
1 < Content-Length: 139
1 < ETag: W/"8b-RU2SzBeSQaI53OBgqb0kfKbON4E"
1 < Date: Tue, 17 Jun 2025 16:46:03 GMT
1 < Connection: keep-alive
1 < Keep-Alive: timeout=5
{
  "success": false,
  "statusCode": 400,
  "message": "D? li?u không h?p l?",
  "path": "/auth/register",
  "timestamp": "2025-06-17T16:46:03.873Z"
}


23:46:03.877 [main] DEBUG com.intuit.karate.core.ScenarioEngine -- over-writing existing variable 'responseStatus' with new value: karate.get('responseStatus')
23:46:03.878 [main] DEBUG com.intuit.karate.core.ScenarioEngine -- over-writing existing variable 'response' with new value: karate.get('response')
23:46:03.878 [main] INFO com.intuit.karate -- [print] Register API called with: 
23:46:03.879 [main] INFO com.intuit.karate -- [print] Request: {
  "email": "invalid_email",
  "password": "Password123",
  "name": "John Doe",
  "username": "johndoe8",
  "phoneNumber": "0987654321"
}
 
23:46:03.879 [main] INFO com.intuit.karate -- [print] Response Status: 400 
23:46:03.879 [main] INFO com.intuit.karate -- [print] Response Body: {
  "success": false,
  "statusCode": 400,
  "message": "D? li?u không h?p l?",
  "path": "/auth/register",
  "timestamp": "2025-06-17T16:46:03.873Z"
}
 
23:46:03.880 [main] INFO com.intuit.karate -- ? TEST CASE #8 PASSED 
23:46:03.880 [main] INFO com.intuit.karate -- Actual Status: 400 
23:46:03.880 [main] INFO com.intuit.karate -- Actual Result: {"success":false,"statusCode":400,"message":"D? li?u không h?p l?","path":"/auth/register","timestamp":"2025-06-17T16:46:03.873Z"} 
23:46:03.881 [main] INFO com.intuit.karate -- Test Result: PASS 
23:46:03.881 [main] INFO com.intuit.karate -- ========================================== 
23:46:03.881 [main] INFO com.intuit.karate -- ========================================== 
23:46:03.881 [main] INFO com.intuit.karate -- ?ANG CH?Y TEST CASE #9/30 
23:46:03.881 [main] INFO com.intuit.karate -- Description: TC9: Password quá ng?n - Ki?m tra khi password d??i 6 ký t? 
23:46:03.881 [main] INFO com.intuit.karate -- Email: "test9@example.com" 
23:46:03.881 [main] INFO com.intuit.karate -- Password: "12345" 
23:46:03.882 [main] INFO com.intuit.karate -- Name: "John Doe" 
23:46:03.882 [main] INFO com.intuit.karate -- Username: "johndoe9" 
23:46:03.882 [main] INFO com.intuit.karate -- PhoneNumber: "0987654321" 
23:46:03.882 [main] INFO com.intuit.karate -- Expected Status: 400 
23:46:03.882 [main] INFO com.intuit.karate -- Expected Result: {"error": "Password must be at least 6 characters"} 
23:46:03.882 [main] INFO com.intuit.karate -- ========================================== 
23:46:03.890 [main] INFO com.intuit.karate -- karate.env system property was: null 
23:46:03.892 [main] DEBUG com.jayway.jsonpath.internal.path.CompiledPath -- Evaluating path: $
23:46:03.893 [main] DEBUG org.apache.http.client.protocol.RequestAddCookies -- CookieSpec selected: karate
23:46:03.893 [main] DEBUG org.apache.http.client.protocol.RequestAuthCache -- Auth cache not set in the context
23:46:03.893 [main] DEBUG com.intuit.karate -- request:
1 > POST http://localhost:3000/auth/register
1 > Content-Type: application/json; charset=UTF-8
1 > Content-Length: 115
1 > Host: localhost:3000
1 > Connection: Keep-Alive
1 > User-Agent: Apache-HttpClient/4.5.14 (Java/17.0.9)
1 > Accept-Encoding: gzip,deflate
{
  "email": "test9@example.com",
  "password": "12345",
  "name": "John Doe",
  "username": "johndoe9",
  "phoneNumber": "0987654321"
}


23:46:03.893 [main] DEBUG org.apache.http.impl.conn.PoolingHttpClientConnectionManager -- Connection request: [route: {}->http://localhost:3000][total available: 0; route allocated: 0 of 5; total allocated: 0 of 10]
23:46:03.894 [main] DEBUG org.apache.http.impl.conn.PoolingHttpClientConnectionManager -- Connection leased: [id: 8][route: {}->http://localhost:3000][total available: 0; route allocated: 1 of 5; total allocated: 1 of 10]
23:46:03.894 [main] DEBUG org.apache.http.impl.execchain.MainClientExec -- Opening connection {}->http://localhost:3000
23:46:03.894 [main] DEBUG org.apache.http.impl.conn.DefaultHttpClientConnectionOperator -- Connecting to localhost/127.0.0.1:3000
23:46:03.894 [main] DEBUG org.apache.http.impl.conn.DefaultHttpClientConnectionOperator -- Connection established 127.0.0.1:65051<->127.0.0.1:3000
23:46:03.894 [main] DEBUG org.apache.http.impl.conn.DefaultManagedHttpClientConnection -- http-outgoing-8: set socket timeout to 5000
23:46:03.894 [main] DEBUG org.apache.http.impl.execchain.MainClientExec -- Executing request POST /auth/register HTTP/1.1
23:46:03.894 [main] DEBUG org.apache.http.impl.execchain.MainClientExec -- Target auth state: UNCHALLENGED
23:46:03.894 [main] DEBUG org.apache.http.impl.execchain.MainClientExec -- Proxy auth state: UNCHALLENGED
23:46:03.894 [main] DEBUG org.apache.http.headers -- http-outgoing-8 >> POST /auth/register HTTP/1.1
23:46:03.894 [main] DEBUG org.apache.http.headers -- http-outgoing-8 >> Content-Type: application/json; charset=UTF-8
23:46:03.894 [main] DEBUG org.apache.http.headers -- http-outgoing-8 >> Content-Length: 115
23:46:03.894 [main] DEBUG org.apache.http.headers -- http-outgoing-8 >> Host: localhost:3000
23:46:03.895 [main] DEBUG org.apache.http.headers -- http-outgoing-8 >> Connection: Keep-Alive
23:46:03.895 [main] DEBUG org.apache.http.headers -- http-outgoing-8 >> User-Agent: Apache-HttpClient/4.5.14 (Java/17.0.9)
23:46:03.895 [main] DEBUG org.apache.http.headers -- http-outgoing-8 >> Accept-Encoding: gzip,deflate
23:46:03.895 [main] DEBUG org.apache.http.wire -- http-outgoing-8 >> "POST /auth/register HTTP/1.1[\r][\n]"
23:46:03.895 [main] DEBUG org.apache.http.wire -- http-outgoing-8 >> "Content-Type: application/json; charset=UTF-8[\r][\n]"
23:46:03.895 [main] DEBUG org.apache.http.wire -- http-outgoing-8 >> "Content-Length: 115[\r][\n]"
23:46:03.895 [main] DEBUG org.apache.http.wire -- http-outgoing-8 >> "Host: localhost:3000[\r][\n]"
23:46:03.895 [main] DEBUG org.apache.http.wire -- http-outgoing-8 >> "Connection: Keep-Alive[\r][\n]"
23:46:03.895 [main] DEBUG org.apache.http.wire -- http-outgoing-8 >> "User-Agent: Apache-HttpClient/4.5.14 (Java/17.0.9)[\r][\n]"
23:46:03.895 [main] DEBUG org.apache.http.wire -- http-outgoing-8 >> "Accept-Encoding: gzip,deflate[\r][\n]"
23:46:03.895 [main] DEBUG org.apache.http.wire -- http-outgoing-8 >> "[\r][\n]"
23:46:03.895 [main] DEBUG org.apache.http.wire -- http-outgoing-8 >> "{"email":"test9@example.com","password":"12345","name":"John Doe","username":"johndoe9","phoneNumber":"0987654321"}"
23:46:03.927 [main] DEBUG org.apache.http.wire -- http-outgoing-8 << "HTTP/1.1 409 Conflict[\r][\n]"
23:46:03.927 [main] DEBUG org.apache.http.wire -- http-outgoing-8 << "X-Powered-By: Express[\r][\n]"
23:46:03.927 [main] DEBUG org.apache.http.wire -- http-outgoing-8 << "Access-Control-Allow-Origin: *[\r][\n]"
23:46:03.927 [main] DEBUG org.apache.http.wire -- http-outgoing-8 << "Content-Type: application/json; charset=utf-8[\r][\n]"
23:46:03.927 [main] DEBUG org.apache.http.wire -- http-outgoing-8 << "Content-Length: 158[\r][\n]"
23:46:03.927 [main] DEBUG org.apache.http.wire -- http-outgoing-8 << "ETag: W/"9e-KgyE+XxHhklehnE7sPLiXhqiFYE"[\r][\n]"
23:46:03.927 [main] DEBUG org.apache.http.wire -- http-outgoing-8 << "Date: Tue, 17 Jun 2025 16:46:03 GMT[\r][\n]"
23:46:03.927 [main] DEBUG org.apache.http.wire -- http-outgoing-8 << "Connection: keep-alive[\r][\n]"
23:46:03.927 [main] DEBUG org.apache.http.wire -- http-outgoing-8 << "Keep-Alive: timeout=5[\r][\n]"
23:46:03.927 [main] DEBUG org.apache.http.wire -- http-outgoing-8 << "[\r][\n]"
23:46:03.927 [main] DEBUG org.apache.http.wire -- http-outgoing-8 << "{"success":false,"statusCode":409,"message":"Email ho[0xe1][0xba][0xb7]c t[0xc3][0xaa]n [0xc4][0x91][0xc4][0x83]ng nh[0xe1][0xba][0xad]p [0xc4][0x91][0xc3][0xa3] t[0xe1][0xbb][0x93]n t[0xe1][0xba][0xa1]i","path":"/auth/register","timestamp":"2025-06-17T16:46:03.925Z"}"
23:46:03.927 [main] DEBUG org.apache.http.headers -- http-outgoing-8 << HTTP/1.1 409 Conflict
23:46:03.927 [main] DEBUG org.apache.http.headers -- http-outgoing-8 << X-Powered-By: Express
23:46:03.927 [main] DEBUG org.apache.http.headers -- http-outgoing-8 << Access-Control-Allow-Origin: *
23:46:03.927 [main] DEBUG org.apache.http.headers -- http-outgoing-8 << Content-Type: application/json; charset=utf-8
23:46:03.927 [main] DEBUG org.apache.http.headers -- http-outgoing-8 << Content-Length: 158
23:46:03.927 [main] DEBUG org.apache.http.headers -- http-outgoing-8 << ETag: W/"9e-KgyE+XxHhklehnE7sPLiXhqiFYE"
23:46:03.927 [main] DEBUG org.apache.http.headers -- http-outgoing-8 << Date: Tue, 17 Jun 2025 16:46:03 GMT
23:46:03.927 [main] DEBUG org.apache.http.headers -- http-outgoing-8 << Connection: keep-alive
23:46:03.927 [main] DEBUG org.apache.http.headers -- http-outgoing-8 << Keep-Alive: timeout=5
23:46:03.927 [main] DEBUG org.apache.http.impl.execchain.MainClientExec -- Connection can be kept alive for 5000 MILLISECONDS
23:46:03.928 [main] DEBUG org.apache.http.impl.conn.PoolingHttpClientConnectionManager -- Connection [id: 8][route: {}->http://localhost:3000] can be kept alive for 5.0 seconds
23:46:03.928 [main] DEBUG org.apache.http.impl.conn.DefaultManagedHttpClientConnection -- http-outgoing-8: set socket timeout to 0
23:46:03.928 [main] DEBUG org.apache.http.impl.conn.PoolingHttpClientConnectionManager -- Connection released: [id: 8][route: {}->http://localhost:3000][total available: 1; route allocated: 1 of 5; total allocated: 1 of 10]
23:46:03.928 [main] DEBUG org.apache.http.impl.conn.PoolingHttpClientConnectionManager -- Connection manager is shutting down
23:46:03.928 [main] DEBUG org.apache.http.impl.conn.DefaultManagedHttpClientConnection -- http-outgoing-8: Close connection
23:46:03.928 [main] DEBUG org.apache.http.impl.conn.PoolingHttpClientConnectionManager -- Connection manager shut down
23:46:03.928 [main] DEBUG com.intuit.karate -- response time in milliseconds: 35
1 < 409
1 < X-Powered-By: Express
1 < Access-Control-Allow-Origin: *
1 < Content-Type: application/json; charset=utf-8
1 < Content-Length: 158
1 < ETag: W/"9e-KgyE+XxHhklehnE7sPLiXhqiFYE"
1 < Date: Tue, 17 Jun 2025 16:46:03 GMT
1 < Connection: keep-alive
1 < Keep-Alive: timeout=5
{
  "success": false,
  "statusCode": 409,
  "message": "Email ho?c tên ??ng nh?p ?ã t?n t?i",
  "path": "/auth/register",
  "timestamp": "2025-06-17T16:46:03.925Z"
}


23:46:03.929 [main] DEBUG com.intuit.karate.core.ScenarioEngine -- over-writing existing variable 'responseStatus' with new value: karate.get('responseStatus')
23:46:03.930 [main] DEBUG com.intuit.karate.core.ScenarioEngine -- over-writing existing variable 'response' with new value: karate.get('response')
23:46:03.931 [main] INFO com.intuit.karate -- [print] Register API called with: 
23:46:03.931 [main] INFO com.intuit.karate -- [print] Request: {
  "email": "test9@example.com",
  "password": "12345",
  "name": "John Doe",
  "username": "johndoe9",
  "phoneNumber": "0987654321"
}
 
23:46:03.931 [main] INFO com.intuit.karate -- [print] Response Status: 409 
23:46:03.931 [main] INFO com.intuit.karate -- [print] Response Body: {
  "success": false,
  "statusCode": 409,
  "message": "Email ho?c tên ??ng nh?p ?ã t?n t?i",
  "path": "/auth/register",
  "timestamp": "2025-06-17T16:46:03.925Z"
}
 
23:46:03.932 [main] INFO com.intuit.karate -- ? TEST CASE #9 FAILED 
23:46:03.932 [main] INFO com.intuit.karate --   Expected Status: 400 
23:46:03.932 [main] INFO com.intuit.karate --   Actual Status: 409 
23:46:03.932 [main] INFO com.intuit.karate -- Actual Status: 409 
23:46:03.933 [main] INFO com.intuit.karate -- Actual Result: {"success":false,"statusCode":409,"message":"Email ho?c tên ??ng nh?p ?ã t?n t?i","path":"/auth/register","timestamp":"2025-06-17T16:46:03.925Z"} 
23:46:03.933 [main] INFO com.intuit.karate -- Test Result: FAIL 
23:46:03.933 [main] INFO com.intuit.karate -- ========================================== 
23:46:03.933 [main] INFO com.intuit.karate -- ========================================== 
23:46:03.933 [main] INFO com.intuit.karate -- ?ANG CH?Y TEST CASE #10/30 
23:46:03.933 [main] INFO com.intuit.karate -- Description: TC10: Username ?ã t?n t?i - Ki?m tra khi username ?ã ???c s? d?ng 
23:46:03.933 [main] INFO com.intuit.karate -- Email: "test10@example.com" 
23:46:03.933 [main] INFO com.intuit.karate -- Password: "Password123" 
23:46:03.933 [main] INFO com.intuit.karate -- Name: "John Doe" 
23:46:03.934 [main] INFO com.intuit.karate -- Username: "johndoe1" 
23:46:03.934 [main] INFO com.intuit.karate -- PhoneNumber: "0123456789" 
23:46:03.934 [main] INFO com.intuit.karate -- Expected Status: 409 
23:46:03.934 [main] INFO com.intuit.karate -- Expected Result: {"error": "Username already exists"} 
23:46:03.934 [main] INFO com.intuit.karate -- ========================================== 
23:46:03.942 [main] INFO com.intuit.karate -- karate.env system property was: null 
23:46:03.943 [main] DEBUG com.jayway.jsonpath.internal.path.CompiledPath -- Evaluating path: $
23:46:03.944 [main] DEBUG org.apache.http.client.protocol.RequestAddCookies -- CookieSpec selected: karate
23:46:03.945 [main] DEBUG org.apache.http.client.protocol.RequestAuthCache -- Auth cache not set in the context
23:46:03.945 [main] DEBUG com.intuit.karate -- request:
1 > POST http://localhost:3000/auth/register
1 > Content-Type: application/json; charset=UTF-8
1 > Content-Length: 122
1 > Host: localhost:3000
1 > Connection: Keep-Alive
1 > User-Agent: Apache-HttpClient/4.5.14 (Java/17.0.9)
1 > Accept-Encoding: gzip,deflate
{
  "email": "test10@example.com",
  "password": "Password123",
  "name": "John Doe",
  "username": "johndoe1",
  "phoneNumber": "0123456789"
}


23:46:03.945 [main] DEBUG org.apache.http.impl.conn.PoolingHttpClientConnectionManager -- Connection request: [route: {}->http://localhost:3000][total available: 0; route allocated: 0 of 5; total allocated: 0 of 10]
23:46:03.945 [main] DEBUG org.apache.http.impl.conn.PoolingHttpClientConnectionManager -- Connection leased: [id: 9][route: {}->http://localhost:3000][total available: 0; route allocated: 1 of 5; total allocated: 1 of 10]
23:46:03.945 [main] DEBUG org.apache.http.impl.execchain.MainClientExec -- Opening connection {}->http://localhost:3000
23:46:03.945 [main] DEBUG org.apache.http.impl.conn.DefaultHttpClientConnectionOperator -- Connecting to localhost/127.0.0.1:3000
23:46:03.945 [main] DEBUG org.apache.http.impl.conn.DefaultHttpClientConnectionOperator -- Connection established 127.0.0.1:65052<->127.0.0.1:3000
23:46:03.945 [main] DEBUG org.apache.http.impl.conn.DefaultManagedHttpClientConnection -- http-outgoing-9: set socket timeout to 5000
23:46:03.945 [main] DEBUG org.apache.http.impl.execchain.MainClientExec -- Executing request POST /auth/register HTTP/1.1
23:46:03.945 [main] DEBUG org.apache.http.impl.execchain.MainClientExec -- Target auth state: UNCHALLENGED
23:46:03.945 [main] DEBUG org.apache.http.impl.execchain.MainClientExec -- Proxy auth state: UNCHALLENGED
23:46:03.946 [main] DEBUG org.apache.http.headers -- http-outgoing-9 >> POST /auth/register HTTP/1.1
23:46:03.946 [main] DEBUG org.apache.http.headers -- http-outgoing-9 >> Content-Type: application/json; charset=UTF-8
23:46:03.946 [main] DEBUG org.apache.http.headers -- http-outgoing-9 >> Content-Length: 122
23:46:03.946 [main] DEBUG org.apache.http.headers -- http-outgoing-9 >> Host: localhost:3000
23:46:03.946 [main] DEBUG org.apache.http.headers -- http-outgoing-9 >> Connection: Keep-Alive
23:46:03.946 [main] DEBUG org.apache.http.headers -- http-outgoing-9 >> User-Agent: Apache-HttpClient/4.5.14 (Java/17.0.9)
23:46:03.946 [main] DEBUG org.apache.http.headers -- http-outgoing-9 >> Accept-Encoding: gzip,deflate
23:46:03.946 [main] DEBUG org.apache.http.wire -- http-outgoing-9 >> "POST /auth/register HTTP/1.1[\r][\n]"
23:46:03.946 [main] DEBUG org.apache.http.wire -- http-outgoing-9 >> "Content-Type: application/json; charset=UTF-8[\r][\n]"
23:46:03.946 [main] DEBUG org.apache.http.wire -- http-outgoing-9 >> "Content-Length: 122[\r][\n]"
23:46:03.946 [main] DEBUG org.apache.http.wire -- http-outgoing-9 >> "Host: localhost:3000[\r][\n]"
23:46:03.946 [main] DEBUG org.apache.http.wire -- http-outgoing-9 >> "Connection: Keep-Alive[\r][\n]"
23:46:03.946 [main] DEBUG org.apache.http.wire -- http-outgoing-9 >> "User-Agent: Apache-HttpClient/4.5.14 (Java/17.0.9)[\r][\n]"
23:46:03.946 [main] DEBUG org.apache.http.wire -- http-outgoing-9 >> "Accept-Encoding: gzip,deflate[\r][\n]"
23:46:03.946 [main] DEBUG org.apache.http.wire -- http-outgoing-9 >> "[\r][\n]"
23:46:03.946 [main] DEBUG org.apache.http.wire -- http-outgoing-9 >> "{"email":"test10@example.com","password":"Password123","name":"John Doe","username":"johndoe1","phoneNumber":"0123456789"}"
23:46:03.976 [main] DEBUG org.apache.http.wire -- http-outgoing-9 << "HTTP/1.1 409 Conflict[\r][\n]"
23:46:03.976 [main] DEBUG org.apache.http.wire -- http-outgoing-9 << "X-Powered-By: Express[\r][\n]"
23:46:03.976 [main] DEBUG org.apache.http.wire -- http-outgoing-9 << "Access-Control-Allow-Origin: *[\r][\n]"
23:46:03.976 [main] DEBUG org.apache.http.wire -- http-outgoing-9 << "Content-Type: application/json; charset=utf-8[\r][\n]"
23:46:03.976 [main] DEBUG org.apache.http.wire -- http-outgoing-9 << "Content-Length: 158[\r][\n]"
23:46:03.976 [main] DEBUG org.apache.http.wire -- http-outgoing-9 << "ETag: W/"9e-FAAFIp8tulUwrhzPZAZxn2z5eZI"[\r][\n]"
23:46:03.976 [main] DEBUG org.apache.http.wire -- http-outgoing-9 << "Date: Tue, 17 Jun 2025 16:46:03 GMT[\r][\n]"
23:46:03.976 [main] DEBUG org.apache.http.wire -- http-outgoing-9 << "Connection: keep-alive[\r][\n]"
23:46:03.976 [main] DEBUG org.apache.http.wire -- http-outgoing-9 << "Keep-Alive: timeout=5[\r][\n]"
23:46:03.976 [main] DEBUG org.apache.http.wire -- http-outgoing-9 << "[\r][\n]"
23:46:03.976 [main] DEBUG org.apache.http.wire -- http-outgoing-9 << "{"success":false,"statusCode":409,"message":"Email ho[0xe1][0xba][0xb7]c t[0xc3][0xaa]n [0xc4][0x91][0xc4][0x83]ng nh[0xe1][0xba][0xad]p [0xc4][0x91][0xc3][0xa3] t[0xe1][0xbb][0x93]n t[0xe1][0xba][0xa1]i","path":"/auth/register","timestamp":"2025-06-17T16:46:03.975Z"}"
23:46:03.976 [main] DEBUG org.apache.http.headers -- http-outgoing-9 << HTTP/1.1 409 Conflict
23:46:03.976 [main] DEBUG org.apache.http.headers -- http-outgoing-9 << X-Powered-By: Express
23:46:03.976 [main] DEBUG org.apache.http.headers -- http-outgoing-9 << Access-Control-Allow-Origin: *
23:46:03.976 [main] DEBUG org.apache.http.headers -- http-outgoing-9 << Content-Type: application/json; charset=utf-8
23:46:03.976 [main] DEBUG org.apache.http.headers -- http-outgoing-9 << Content-Length: 158
23:46:03.976 [main] DEBUG org.apache.http.headers -- http-outgoing-9 << ETag: W/"9e-FAAFIp8tulUwrhzPZAZxn2z5eZI"
23:46:03.976 [main] DEBUG org.apache.http.headers -- http-outgoing-9 << Date: Tue, 17 Jun 2025 16:46:03 GMT
23:46:03.976 [main] DEBUG org.apache.http.headers -- http-outgoing-9 << Connection: keep-alive
23:46:03.976 [main] DEBUG org.apache.http.headers -- http-outgoing-9 << Keep-Alive: timeout=5
23:46:03.976 [main] DEBUG org.apache.http.impl.execchain.MainClientExec -- Connection can be kept alive for 5000 MILLISECONDS
23:46:03.976 [main] DEBUG org.apache.http.impl.conn.PoolingHttpClientConnectionManager -- Connection [id: 9][route: {}->http://localhost:3000] can be kept alive for 5.0 seconds
23:46:03.976 [main] DEBUG org.apache.http.impl.conn.DefaultManagedHttpClientConnection -- http-outgoing-9: set socket timeout to 0
23:46:03.977 [main] DEBUG org.apache.http.impl.conn.PoolingHttpClientConnectionManager -- Connection released: [id: 9][route: {}->http://localhost:3000][total available: 1; route allocated: 1 of 5; total allocated: 1 of 10]
23:46:03.977 [main] DEBUG org.apache.http.impl.conn.PoolingHttpClientConnectionManager -- Connection manager is shutting down
23:46:03.977 [main] DEBUG org.apache.http.impl.conn.DefaultManagedHttpClientConnection -- http-outgoing-9: Close connection
23:46:03.977 [main] DEBUG org.apache.http.impl.conn.PoolingHttpClientConnectionManager -- Connection manager shut down
23:46:03.977 [main] DEBUG com.intuit.karate -- response time in milliseconds: 32
1 < 409
1 < X-Powered-By: Express
1 < Access-Control-Allow-Origin: *
1 < Content-Type: application/json; charset=utf-8
1 < Content-Length: 158
1 < ETag: W/"9e-FAAFIp8tulUwrhzPZAZxn2z5eZI"
1 < Date: Tue, 17 Jun 2025 16:46:03 GMT
1 < Connection: keep-alive
1 < Keep-Alive: timeout=5
{
  "success": false,
  "statusCode": 409,
  "message": "Email ho?c tên ??ng nh?p ?ã t?n t?i",
  "path": "/auth/register",
  "timestamp": "2025-06-17T16:46:03.975Z"
}


23:46:03.978 [main] DEBUG com.intuit.karate.core.ScenarioEngine -- over-writing existing variable 'responseStatus' with new value: karate.get('responseStatus')
23:46:03.978 [main] DEBUG com.intuit.karate.core.ScenarioEngine -- over-writing existing variable 'response' with new value: karate.get('response')
23:46:03.978 [main] INFO com.intuit.karate -- [print] Register API called with: 
23:46:03.979 [main] INFO com.intuit.karate -- [print] Request: {
  "email": "test10@example.com",
  "password": "Password123",
  "name": "John Doe",
  "username": "johndoe1",
  "phoneNumber": "0123456789"
}
 
23:46:03.979 [main] INFO com.intuit.karate -- [print] Response Status: 409 
23:46:03.979 [main] INFO com.intuit.karate -- [print] Response Body: {
  "success": false,
  "statusCode": 409,
  "message": "Email ho?c tên ??ng nh?p ?ã t?n t?i",
  "path": "/auth/register",
  "timestamp": "2025-06-17T16:46:03.975Z"
}
 
23:46:03.979 [main] INFO com.intuit.karate -- ? TEST CASE #10 PASSED 
23:46:03.980 [main] INFO com.intuit.karate -- Actual Status: 409 
23:46:03.980 [main] INFO com.intuit.karate -- Actual Result: {"success":false,"statusCode":409,"message":"Email ho?c tên ??ng nh?p ?ã t?n t?i","path":"/auth/register","timestamp":"2025-06-17T16:46:03.975Z"} 
23:46:03.980 [main] INFO com.intuit.karate -- Test Result: PASS 
23:46:03.980 [main] INFO com.intuit.karate -- ========================================== 
23:46:03.980 [main] INFO com.intuit.karate -- ========================================== 
23:46:03.981 [main] INFO com.intuit.karate -- ?ANG CH?Y TEST CASE #11/30 
23:46:03.981 [main] INFO com.intuit.karate -- Description: TC11: Email ?ã t?n t?i - Ki?m tra khi email ?ã ???c s? d?ng 
23:46:03.981 [main] INFO com.intuit.karate -- Email: "test1@example.com" 
23:46:03.981 [main] INFO com.intuit.karate -- Password: "Password123" 
23:46:03.981 [main] INFO com.intuit.karate -- Name: "John Doe" 
23:46:03.981 [main] INFO com.intuit.karate -- Username: "newuser11" 
23:46:03.981 [main] INFO com.intuit.karate -- PhoneNumber: "0123456789" 
23:46:03.981 [main] INFO com.intuit.karate -- Expected Status: 409 
23:46:03.982 [main] INFO com.intuit.karate -- Expected Result: {"error": "Email already exists"} 
23:46:03.982 [main] INFO com.intuit.karate -- ========================================== 
23:46:03.992 [main] INFO com.intuit.karate -- karate.env system property was: null 
23:46:03.993 [main] DEBUG com.jayway.jsonpath.internal.path.CompiledPath -- Evaluating path: $
23:46:03.994 [main] DEBUG org.apache.http.client.protocol.RequestAddCookies -- CookieSpec selected: karate
23:46:03.994 [main] DEBUG org.apache.http.client.protocol.RequestAuthCache -- Auth cache not set in the context
23:46:03.995 [main] DEBUG com.intuit.karate -- request:
1 > POST http://localhost:3000/auth/register
1 > Content-Type: application/json; charset=UTF-8
1 > Content-Length: 122
1 > Host: localhost:3000
1 > Connection: Keep-Alive
1 > User-Agent: Apache-HttpClient/4.5.14 (Java/17.0.9)
1 > Accept-Encoding: gzip,deflate
{
  "email": "test1@example.com",
  "password": "Password123",
  "name": "John Doe",
  "username": "newuser11",
  "phoneNumber": "0123456789"
}


23:46:03.995 [main] DEBUG org.apache.http.impl.conn.PoolingHttpClientConnectionManager -- Connection request: [route: {}->http://localhost:3000][total available: 0; route allocated: 0 of 5; total allocated: 0 of 10]
23:46:03.995 [main] DEBUG org.apache.http.impl.conn.PoolingHttpClientConnectionManager -- Connection leased: [id: 10][route: {}->http://localhost:3000][total available: 0; route allocated: 1 of 5; total allocated: 1 of 10]
23:46:03.995 [main] DEBUG org.apache.http.impl.execchain.MainClientExec -- Opening connection {}->http://localhost:3000
23:46:03.995 [main] DEBUG org.apache.http.impl.conn.DefaultHttpClientConnectionOperator -- Connecting to localhost/127.0.0.1:3000
23:46:03.996 [main] DEBUG org.apache.http.impl.conn.DefaultHttpClientConnectionOperator -- Connection established 127.0.0.1:65053<->127.0.0.1:3000
23:46:03.996 [main] DEBUG org.apache.http.impl.conn.DefaultManagedHttpClientConnection -- http-outgoing-10: set socket timeout to 5000
23:46:03.996 [main] DEBUG org.apache.http.impl.execchain.MainClientExec -- Executing request POST /auth/register HTTP/1.1
23:46:03.996 [main] DEBUG org.apache.http.impl.execchain.MainClientExec -- Target auth state: UNCHALLENGED
23:46:03.996 [main] DEBUG org.apache.http.impl.execchain.MainClientExec -- Proxy auth state: UNCHALLENGED
23:46:03.996 [main] DEBUG org.apache.http.headers -- http-outgoing-10 >> POST /auth/register HTTP/1.1
23:46:03.996 [main] DEBUG org.apache.http.headers -- http-outgoing-10 >> Content-Type: application/json; charset=UTF-8
23:46:03.996 [main] DEBUG org.apache.http.headers -- http-outgoing-10 >> Content-Length: 122
23:46:03.996 [main] DEBUG org.apache.http.headers -- http-outgoing-10 >> Host: localhost:3000
23:46:03.996 [main] DEBUG org.apache.http.headers -- http-outgoing-10 >> Connection: Keep-Alive
23:46:03.996 [main] DEBUG org.apache.http.headers -- http-outgoing-10 >> User-Agent: Apache-HttpClient/4.5.14 (Java/17.0.9)
23:46:03.996 [main] DEBUG org.apache.http.headers -- http-outgoing-10 >> Accept-Encoding: gzip,deflate
23:46:03.996 [main] DEBUG org.apache.http.wire -- http-outgoing-10 >> "POST /auth/register HTTP/1.1[\r][\n]"
23:46:03.996 [main] DEBUG org.apache.http.wire -- http-outgoing-10 >> "Content-Type: application/json; charset=UTF-8[\r][\n]"
23:46:03.996 [main] DEBUG org.apache.http.wire -- http-outgoing-10 >> "Content-Length: 122[\r][\n]"
23:46:03.996 [main] DEBUG org.apache.http.wire -- http-outgoing-10 >> "Host: localhost:3000[\r][\n]"
23:46:03.996 [main] DEBUG org.apache.http.wire -- http-outgoing-10 >> "Connection: Keep-Alive[\r][\n]"
23:46:03.996 [main] DEBUG org.apache.http.wire -- http-outgoing-10 >> "User-Agent: Apache-HttpClient/4.5.14 (Java/17.0.9)[\r][\n]"
23:46:03.996 [main] DEBUG org.apache.http.wire -- http-outgoing-10 >> "Accept-Encoding: gzip,deflate[\r][\n]"
23:46:03.996 [main] DEBUG org.apache.http.wire -- http-outgoing-10 >> "[\r][\n]"
23:46:03.996 [main] DEBUG org.apache.http.wire -- http-outgoing-10 >> "{"email":"test1@example.com","password":"Password123","name":"John Doe","username":"newuser11","phoneNumber":"0123456789"}"
23:46:04.028 [main] DEBUG org.apache.http.wire -- http-outgoing-10 << "HTTP/1.1 409 Conflict[\r][\n]"
23:46:04.028 [main] DEBUG org.apache.http.wire -- http-outgoing-10 << "X-Powered-By: Express[\r][\n]"
23:46:04.028 [main] DEBUG org.apache.http.wire -- http-outgoing-10 << "Access-Control-Allow-Origin: *[\r][\n]"
23:46:04.029 [main] DEBUG org.apache.http.wire -- http-outgoing-10 << "Content-Type: application/json; charset=utf-8[\r][\n]"
23:46:04.029 [main] DEBUG org.apache.http.wire -- http-outgoing-10 << "Content-Length: 158[\r][\n]"
23:46:04.029 [main] DEBUG org.apache.http.wire -- http-outgoing-10 << "ETag: W/"9e-U6aTeD9AzbKRRtxZjR7CQrQ4Qf4"[\r][\n]"
23:46:04.029 [main] DEBUG org.apache.http.wire -- http-outgoing-10 << "Date: Tue, 17 Jun 2025 16:46:04 GMT[\r][\n]"
23:46:04.029 [main] DEBUG org.apache.http.wire -- http-outgoing-10 << "Connection: keep-alive[\r][\n]"
23:46:04.029 [main] DEBUG org.apache.http.wire -- http-outgoing-10 << "Keep-Alive: timeout=5[\r][\n]"
23:46:04.029 [main] DEBUG org.apache.http.wire -- http-outgoing-10 << "[\r][\n]"
23:46:04.029 [main] DEBUG org.apache.http.wire -- http-outgoing-10 << "{"success":false,"statusCode":409,"message":"Email ho[0xe1][0xba][0xb7]c t[0xc3][0xaa]n [0xc4][0x91][0xc4][0x83]ng nh[0xe1][0xba][0xad]p [0xc4][0x91][0xc3][0xa3] t[0xe1][0xbb][0x93]n t[0xe1][0xba][0xa1]i","path":"/auth/register","timestamp":"2025-06-17T16:46:04.027Z"}"
23:46:04.029 [main] DEBUG org.apache.http.headers -- http-outgoing-10 << HTTP/1.1 409 Conflict
23:46:04.029 [main] DEBUG org.apache.http.headers -- http-outgoing-10 << X-Powered-By: Express
23:46:04.029 [main] DEBUG org.apache.http.headers -- http-outgoing-10 << Access-Control-Allow-Origin: *
23:46:04.029 [main] DEBUG org.apache.http.headers -- http-outgoing-10 << Content-Type: application/json; charset=utf-8
23:46:04.029 [main] DEBUG org.apache.http.headers -- http-outgoing-10 << Content-Length: 158
23:46:04.029 [main] DEBUG org.apache.http.headers -- http-outgoing-10 << ETag: W/"9e-U6aTeD9AzbKRRtxZjR7CQrQ4Qf4"
23:46:04.029 [main] DEBUG org.apache.http.headers -- http-outgoing-10 << Date: Tue, 17 Jun 2025 16:46:04 GMT
23:46:04.029 [main] DEBUG org.apache.http.headers -- http-outgoing-10 << Connection: keep-alive
23:46:04.029 [main] DEBUG org.apache.http.headers -- http-outgoing-10 << Keep-Alive: timeout=5
23:46:04.029 [main] DEBUG org.apache.http.impl.execchain.MainClientExec -- Connection can be kept alive for 5000 MILLISECONDS
23:46:04.029 [main] DEBUG org.apache.http.impl.conn.PoolingHttpClientConnectionManager -- Connection [id: 10][route: {}->http://localhost:3000] can be kept alive for 5.0 seconds
23:46:04.029 [main] DEBUG org.apache.http.impl.conn.DefaultManagedHttpClientConnection -- http-outgoing-10: set socket timeout to 0
23:46:04.029 [main] DEBUG org.apache.http.impl.conn.PoolingHttpClientConnectionManager -- Connection released: [id: 10][route: {}->http://localhost:3000][total available: 1; route allocated: 1 of 5; total allocated: 1 of 10]
23:46:04.029 [main] DEBUG org.apache.http.impl.conn.PoolingHttpClientConnectionManager -- Connection manager is shutting down
23:46:04.029 [main] DEBUG org.apache.http.impl.conn.DefaultManagedHttpClientConnection -- http-outgoing-10: Close connection
23:46:04.029 [main] DEBUG org.apache.http.impl.conn.PoolingHttpClientConnectionManager -- Connection manager shut down
23:46:04.030 [main] DEBUG com.intuit.karate -- response time in milliseconds: 34
1 < 409
1 < X-Powered-By: Express
1 < Access-Control-Allow-Origin: *
1 < Content-Type: application/json; charset=utf-8
1 < Content-Length: 158
1 < ETag: W/"9e-U6aTeD9AzbKRRtxZjR7CQrQ4Qf4"
1 < Date: Tue, 17 Jun 2025 16:46:04 GMT
1 < Connection: keep-alive
1 < Keep-Alive: timeout=5
{
  "success": false,
  "statusCode": 409,
  "message": "Email ho?c tên ??ng nh?p ?ã t?n t?i",
  "path": "/auth/register",
  "timestamp": "2025-06-17T16:46:04.027Z"
}


23:46:04.030 [main] DEBUG com.intuit.karate.core.ScenarioEngine -- over-writing existing variable 'responseStatus' with new value: karate.get('responseStatus')
23:46:04.031 [main] DEBUG com.intuit.karate.core.ScenarioEngine -- over-writing existing variable 'response' with new value: karate.get('response')
23:46:04.031 [main] INFO com.intuit.karate -- [print] Register API called with: 
23:46:04.031 [main] INFO com.intuit.karate -- [print] Request: {
  "email": "test1@example.com",
  "password": "Password123",
  "name": "John Doe",
  "username": "newuser11",
  "phoneNumber": "0123456789"
}
 
23:46:04.031 [main] INFO com.intuit.karate -- [print] Response Status: 409 
23:46:04.031 [main] INFO com.intuit.karate -- [print] Response Body: {
  "success": false,
  "statusCode": 409,
  "message": "Email ho?c tên ??ng nh?p ?ã t?n t?i",
  "path": "/auth/register",
  "timestamp": "2025-06-17T16:46:04.027Z"
}
 
23:46:04.032 [main] INFO com.intuit.karate -- ? TEST CASE #11 PASSED 
23:46:04.032 [main] INFO com.intuit.karate -- Actual Status: 409 
23:46:04.032 [main] INFO com.intuit.karate -- Actual Result: {"success":false,"statusCode":409,"message":"Email ho?c tên ??ng nh?p ?ã t?n t?i","path":"/auth/register","timestamp":"2025-06-17T16:46:04.027Z"} 
23:46:04.032 [main] INFO com.intuit.karate -- Test Result: PASS 
23:46:04.032 [main] INFO com.intuit.karate -- ========================================== 
23:46:04.033 [main] INFO com.intuit.karate -- ========================================== 
23:46:04.033 [main] INFO com.intuit.karate -- ?ANG CH?Y TEST CASE #12/30 
23:46:04.033 [main] INFO com.intuit.karate -- Description: TC12: S? ?i?n tho?i ?ã t?n t?i - Ki?m tra khi s? ?i?n tho?i ?ã ???c s? d?ng 
23:46:04.033 [main] INFO com.intuit.karate -- Email: "test12@example.com" 
23:46:04.033 [main] INFO com.intuit.karate -- Password: "Password123" 
23:46:04.033 [main] INFO com.intuit.karate -- Name: "John Doe" 
23:46:04.033 [main] INFO com.intuit.karate -- Username: "newuser12" 
23:46:04.033 [main] INFO com.intuit.karate -- PhoneNumber: "0987654321" 
23:46:04.033 [main] INFO com.intuit.karate -- Expected Status: 409 
23:46:04.033 [main] INFO com.intuit.karate -- Expected Result: {"error": "Phone number already exists"} 
23:46:04.033 [main] INFO com.intuit.karate -- ========================================== 
23:46:04.041 [main] INFO com.intuit.karate -- karate.env system property was: null 
23:46:04.042 [main] DEBUG com.jayway.jsonpath.internal.path.CompiledPath -- Evaluating path: $
23:46:04.043 [main] DEBUG org.apache.http.client.protocol.RequestAddCookies -- CookieSpec selected: karate
23:46:04.043 [main] DEBUG org.apache.http.client.protocol.RequestAuthCache -- Auth cache not set in the context
23:46:04.043 [main] DEBUG com.intuit.karate -- request:
1 > POST http://localhost:3000/auth/register
1 > Content-Type: application/json; charset=UTF-8
1 > Content-Length: 123
1 > Host: localhost:3000
1 > Connection: Keep-Alive
1 > User-Agent: Apache-HttpClient/4.5.14 (Java/17.0.9)
1 > Accept-Encoding: gzip,deflate
{
  "email": "test12@example.com",
  "password": "Password123",
  "name": "John Doe",
  "username": "newuser12",
  "phoneNumber": "0987654321"
}


23:46:04.043 [main] DEBUG org.apache.http.impl.conn.PoolingHttpClientConnectionManager -- Connection request: [route: {}->http://localhost:3000][total available: 0; route allocated: 0 of 5; total allocated: 0 of 10]
23:46:04.043 [main] DEBUG org.apache.http.impl.conn.PoolingHttpClientConnectionManager -- Connection leased: [id: 11][route: {}->http://localhost:3000][total available: 0; route allocated: 1 of 5; total allocated: 1 of 10]
23:46:04.043 [main] DEBUG org.apache.http.impl.execchain.MainClientExec -- Opening connection {}->http://localhost:3000
23:46:04.044 [main] DEBUG org.apache.http.impl.conn.DefaultHttpClientConnectionOperator -- Connecting to localhost/127.0.0.1:3000
23:46:04.044 [main] DEBUG org.apache.http.impl.conn.DefaultHttpClientConnectionOperator -- Connection established 127.0.0.1:65054<->127.0.0.1:3000
23:46:04.044 [main] DEBUG org.apache.http.impl.conn.DefaultManagedHttpClientConnection -- http-outgoing-11: set socket timeout to 5000
23:46:04.044 [main] DEBUG org.apache.http.impl.execchain.MainClientExec -- Executing request POST /auth/register HTTP/1.1
23:46:04.044 [main] DEBUG org.apache.http.impl.execchain.MainClientExec -- Target auth state: UNCHALLENGED
23:46:04.044 [main] DEBUG org.apache.http.impl.execchain.MainClientExec -- Proxy auth state: UNCHALLENGED
23:46:04.044 [main] DEBUG org.apache.http.headers -- http-outgoing-11 >> POST /auth/register HTTP/1.1
23:46:04.044 [main] DEBUG org.apache.http.headers -- http-outgoing-11 >> Content-Type: application/json; charset=UTF-8
23:46:04.044 [main] DEBUG org.apache.http.headers -- http-outgoing-11 >> Content-Length: 123
23:46:04.044 [main] DEBUG org.apache.http.headers -- http-outgoing-11 >> Host: localhost:3000
23:46:04.044 [main] DEBUG org.apache.http.headers -- http-outgoing-11 >> Connection: Keep-Alive
23:46:04.044 [main] DEBUG org.apache.http.headers -- http-outgoing-11 >> User-Agent: Apache-HttpClient/4.5.14 (Java/17.0.9)
23:46:04.044 [main] DEBUG org.apache.http.headers -- http-outgoing-11 >> Accept-Encoding: gzip,deflate
23:46:04.044 [main] DEBUG org.apache.http.wire -- http-outgoing-11 >> "POST /auth/register HTTP/1.1[\r][\n]"
23:46:04.044 [main] DEBUG org.apache.http.wire -- http-outgoing-11 >> "Content-Type: application/json; charset=UTF-8[\r][\n]"
23:46:04.044 [main] DEBUG org.apache.http.wire -- http-outgoing-11 >> "Content-Length: 123[\r][\n]"
23:46:04.044 [main] DEBUG org.apache.http.wire -- http-outgoing-11 >> "Host: localhost:3000[\r][\n]"
23:46:04.044 [main] DEBUG org.apache.http.wire -- http-outgoing-11 >> "Connection: Keep-Alive[\r][\n]"
23:46:04.044 [main] DEBUG org.apache.http.wire -- http-outgoing-11 >> "User-Agent: Apache-HttpClient/4.5.14 (Java/17.0.9)[\r][\n]"
23:46:04.044 [main] DEBUG org.apache.http.wire -- http-outgoing-11 >> "Accept-Encoding: gzip,deflate[\r][\n]"
23:46:04.044 [main] DEBUG org.apache.http.wire -- http-outgoing-11 >> "[\r][\n]"
23:46:04.044 [main] DEBUG org.apache.http.wire -- http-outgoing-11 >> "{"email":"test12@example.com","password":"Password123","name":"John Doe","username":"newuser12","phoneNumber":"0987654321"}"
23:46:04.075 [main] DEBUG org.apache.http.wire -- http-outgoing-11 << "HTTP/1.1 409 Conflict[\r][\n]"
23:46:04.075 [main] DEBUG org.apache.http.wire -- http-outgoing-11 << "X-Powered-By: Express[\r][\n]"
23:46:04.075 [main] DEBUG org.apache.http.wire -- http-outgoing-11 << "Access-Control-Allow-Origin: *[\r][\n]"
23:46:04.075 [main] DEBUG org.apache.http.wire -- http-outgoing-11 << "Content-Type: application/json; charset=utf-8[\r][\n]"
23:46:04.075 [main] DEBUG org.apache.http.wire -- http-outgoing-11 << "Content-Length: 158[\r][\n]"
23:46:04.075 [main] DEBUG org.apache.http.wire -- http-outgoing-11 << "ETag: W/"9e-W1iY3xTvzw340JNyWJLNpTQvLUQ"[\r][\n]"
23:46:04.075 [main] DEBUG org.apache.http.wire -- http-outgoing-11 << "Date: Tue, 17 Jun 2025 16:46:04 GMT[\r][\n]"
23:46:04.075 [main] DEBUG org.apache.http.wire -- http-outgoing-11 << "Connection: keep-alive[\r][\n]"
23:46:04.075 [main] DEBUG org.apache.http.wire -- http-outgoing-11 << "Keep-Alive: timeout=5[\r][\n]"
23:46:04.075 [main] DEBUG org.apache.http.wire -- http-outgoing-11 << "[\r][\n]"
23:46:04.075 [main] DEBUG org.apache.http.wire -- http-outgoing-11 << "{"success":false,"statusCode":409,"message":"Email ho[0xe1][0xba][0xb7]c t[0xc3][0xaa]n [0xc4][0x91][0xc4][0x83]ng nh[0xe1][0xba][0xad]p [0xc4][0x91][0xc3][0xa3] t[0xe1][0xbb][0x93]n t[0xe1][0xba][0xa1]i","path":"/auth/register","timestamp":"2025-06-17T16:46:04.074Z"}"
23:46:04.075 [main] DEBUG org.apache.http.headers -- http-outgoing-11 << HTTP/1.1 409 Conflict
23:46:04.075 [main] DEBUG org.apache.http.headers -- http-outgoing-11 << X-Powered-By: Express
23:46:04.075 [main] DEBUG org.apache.http.headers -- http-outgoing-11 << Access-Control-Allow-Origin: *
23:46:04.075 [main] DEBUG org.apache.http.headers -- http-outgoing-11 << Content-Type: application/json; charset=utf-8
23:46:04.075 [main] DEBUG org.apache.http.headers -- http-outgoing-11 << Content-Length: 158
23:46:04.075 [main] DEBUG org.apache.http.headers -- http-outgoing-11 << ETag: W/"9e-W1iY3xTvzw340JNyWJLNpTQvLUQ"
23:46:04.075 [main] DEBUG org.apache.http.headers -- http-outgoing-11 << Date: Tue, 17 Jun 2025 16:46:04 GMT
23:46:04.075 [main] DEBUG org.apache.http.headers -- http-outgoing-11 << Connection: keep-alive
23:46:04.075 [main] DEBUG org.apache.http.headers -- http-outgoing-11 << Keep-Alive: timeout=5
23:46:04.075 [main] DEBUG org.apache.http.impl.execchain.MainClientExec -- Connection can be kept alive for 5000 MILLISECONDS
23:46:04.075 [main] DEBUG org.apache.http.impl.conn.PoolingHttpClientConnectionManager -- Connection [id: 11][route: {}->http://localhost:3000] can be kept alive for 5.0 seconds
23:46:04.075 [main] DEBUG org.apache.http.impl.conn.DefaultManagedHttpClientConnection -- http-outgoing-11: set socket timeout to 0
23:46:04.075 [main] DEBUG org.apache.http.impl.conn.PoolingHttpClientConnectionManager -- Connection released: [id: 11][route: {}->http://localhost:3000][total available: 1; route allocated: 1 of 5; total allocated: 1 of 10]
23:46:04.075 [main] DEBUG org.apache.http.impl.conn.PoolingHttpClientConnectionManager -- Connection manager is shutting down
23:46:04.075 [main] DEBUG org.apache.http.impl.conn.DefaultManagedHttpClientConnection -- http-outgoing-11: Close connection
23:46:04.075 [main] DEBUG org.apache.http.impl.conn.PoolingHttpClientConnectionManager -- Connection manager shut down
23:46:04.075 [main] DEBUG com.intuit.karate -- response time in milliseconds: 32
1 < 409
1 < X-Powered-By: Express
1 < Access-Control-Allow-Origin: *
1 < Content-Type: application/json; charset=utf-8
1 < Content-Length: 158
1 < ETag: W/"9e-W1iY3xTvzw340JNyWJLNpTQvLUQ"
1 < Date: Tue, 17 Jun 2025 16:46:04 GMT
1 < Connection: keep-alive
1 < Keep-Alive: timeout=5
{
  "success": false,
  "statusCode": 409,
  "message": "Email ho?c tên ??ng nh?p ?ã t?n t?i",
  "path": "/auth/register",
  "timestamp": "2025-06-17T16:46:04.074Z"
}


23:46:04.076 [main] DEBUG com.intuit.karate.core.ScenarioEngine -- over-writing existing variable 'responseStatus' with new value: karate.get('responseStatus')
23:46:04.077 [main] DEBUG com.intuit.karate.core.ScenarioEngine -- over-writing existing variable 'response' with new value: karate.get('response')
23:46:04.077 [main] INFO com.intuit.karate -- [print] Register API called with: 
23:46:04.078 [main] INFO com.intuit.karate -- [print] Request: {
  "email": "test12@example.com",
  "password": "Password123",
  "name": "John Doe",
  "username": "newuser12",
  "phoneNumber": "0987654321"
}
 
23:46:04.078 [main] INFO com.intuit.karate -- [print] Response Status: 409 
23:46:04.078 [main] INFO com.intuit.karate -- [print] Response Body: {
  "success": false,
  "statusCode": 409,
  "message": "Email ho?c tên ??ng nh?p ?ã t?n t?i",
  "path": "/auth/register",
  "timestamp": "2025-06-17T16:46:04.074Z"
}
 
23:46:04.078 [main] INFO com.intuit.karate -- ? TEST CASE #12 PASSED 
23:46:04.079 [main] INFO com.intuit.karate -- Actual Status: 409 
23:46:04.079 [main] INFO com.intuit.karate -- Actual Result: {"success":false,"statusCode":409,"message":"Email ho?c tên ??ng nh?p ?ã t?n t?i","path":"/auth/register","timestamp":"2025-06-17T16:46:04.074Z"} 
23:46:04.079 [main] INFO com.intuit.karate -- Test Result: PASS 
23:46:04.079 [main] INFO com.intuit.karate -- ========================================== 
23:46:04.080 [main] INFO com.intuit.karate -- ========================================== 
23:46:04.080 [main] INFO com.intuit.karate -- ?ANG CH?Y TEST CASE #13/30 
23:46:04.080 [main] INFO com.intuit.karate -- Description: TC13: S? ?i?n tho?i quá ng?n - Ki?m tra khi s? ?i?n tho?i có 9 ch? s? 
23:46:04.080 [main] INFO com.intuit.karate -- Email: "test13@example.com" 
23:46:04.080 [main] INFO com.intuit.karate -- Password: "Password123" 
23:46:04.080 [main] INFO com.intuit.karate -- Name: "John Doe" 
23:46:04.080 [main] INFO com.intuit.karate -- Username: "johndoe13" 
23:46:04.080 [main] INFO com.intuit.karate -- PhoneNumber: "098765432" 
23:46:04.080 [main] INFO com.intuit.karate -- Expected Status: 400 
23:46:04.080 [main] INFO com.intuit.karate -- Expected Result: {"error": "S? ?i?n tho?i ph?i có 10 ho?c 11 ch? s?"} 
23:46:04.080 [main] INFO com.intuit.karate -- ========================================== 
23:46:04.085 [main] INFO com.intuit.karate -- karate.env system property was: null 
23:46:04.086 [main] DEBUG com.jayway.jsonpath.internal.path.CompiledPath -- Evaluating path: $
23:46:04.088 [main] DEBUG org.apache.http.client.protocol.RequestAddCookies -- CookieSpec selected: karate
23:46:04.089 [main] DEBUG org.apache.http.client.protocol.RequestAuthCache -- Auth cache not set in the context
23:46:04.089 [main] DEBUG com.intuit.karate -- request:
1 > POST http://localhost:3000/auth/register
1 > Content-Type: application/json; charset=UTF-8
1 > Content-Length: 122
1 > Host: localhost:3000
1 > Connection: Keep-Alive
1 > User-Agent: Apache-HttpClient/4.5.14 (Java/17.0.9)
1 > Accept-Encoding: gzip,deflate
{
  "email": "test13@example.com",
  "password": "Password123",
  "name": "John Doe",
  "username": "johndoe13",
  "phoneNumber": "098765432"
}


23:46:04.089 [main] DEBUG org.apache.http.impl.conn.PoolingHttpClientConnectionManager -- Connection request: [route: {}->http://localhost:3000][total available: 0; route allocated: 0 of 5; total allocated: 0 of 10]
23:46:04.089 [main] DEBUG org.apache.http.impl.conn.PoolingHttpClientConnectionManager -- Connection leased: [id: 12][route: {}->http://localhost:3000][total available: 0; route allocated: 1 of 5; total allocated: 1 of 10]
23:46:04.089 [main] DEBUG org.apache.http.impl.execchain.MainClientExec -- Opening connection {}->http://localhost:3000
23:46:04.089 [main] DEBUG org.apache.http.impl.conn.DefaultHttpClientConnectionOperator -- Connecting to localhost/127.0.0.1:3000
23:46:04.089 [main] DEBUG org.apache.http.impl.conn.DefaultHttpClientConnectionOperator -- Connection established 127.0.0.1:65055<->127.0.0.1:3000
23:46:04.089 [main] DEBUG org.apache.http.impl.conn.DefaultManagedHttpClientConnection -- http-outgoing-12: set socket timeout to 5000
23:46:04.089 [main] DEBUG org.apache.http.impl.execchain.MainClientExec -- Executing request POST /auth/register HTTP/1.1
23:46:04.089 [main] DEBUG org.apache.http.impl.execchain.MainClientExec -- Target auth state: UNCHALLENGED
23:46:04.089 [main] DEBUG org.apache.http.impl.execchain.MainClientExec -- Proxy auth state: UNCHALLENGED
23:46:04.089 [main] DEBUG org.apache.http.headers -- http-outgoing-12 >> POST /auth/register HTTP/1.1
23:46:04.089 [main] DEBUG org.apache.http.headers -- http-outgoing-12 >> Content-Type: application/json; charset=UTF-8
23:46:04.089 [main] DEBUG org.apache.http.headers -- http-outgoing-12 >> Content-Length: 122
23:46:04.089 [main] DEBUG org.apache.http.headers -- http-outgoing-12 >> Host: localhost:3000
23:46:04.089 [main] DEBUG org.apache.http.headers -- http-outgoing-12 >> Connection: Keep-Alive
23:46:04.089 [main] DEBUG org.apache.http.headers -- http-outgoing-12 >> User-Agent: Apache-HttpClient/4.5.14 (Java/17.0.9)
23:46:04.089 [main] DEBUG org.apache.http.headers -- http-outgoing-12 >> Accept-Encoding: gzip,deflate
23:46:04.089 [main] DEBUG org.apache.http.wire -- http-outgoing-12 >> "POST /auth/register HTTP/1.1[\r][\n]"
23:46:04.089 [main] DEBUG org.apache.http.wire -- http-outgoing-12 >> "Content-Type: application/json; charset=UTF-8[\r][\n]"
23:46:04.089 [main] DEBUG org.apache.http.wire -- http-outgoing-12 >> "Content-Length: 122[\r][\n]"
23:46:04.089 [main] DEBUG org.apache.http.wire -- http-outgoing-12 >> "Host: localhost:3000[\r][\n]"
23:46:04.089 [main] DEBUG org.apache.http.wire -- http-outgoing-12 >> "Connection: Keep-Alive[\r][\n]"
23:46:04.089 [main] DEBUG org.apache.http.wire -- http-outgoing-12 >> "User-Agent: Apache-HttpClient/4.5.14 (Java/17.0.9)[\r][\n]"
23:46:04.089 [main] DEBUG org.apache.http.wire -- http-outgoing-12 >> "Accept-Encoding: gzip,deflate[\r][\n]"
23:46:04.089 [main] DEBUG org.apache.http.wire -- http-outgoing-12 >> "[\r][\n]"
23:46:04.089 [main] DEBUG org.apache.http.wire -- http-outgoing-12 >> "{"email":"test13@example.com","password":"Password123","name":"John Doe","username":"johndoe13","phoneNumber":"098765432"}"
23:46:04.091 [main] DEBUG org.apache.http.wire -- http-outgoing-12 << "HTTP/1.1 400 Bad Request[\r][\n]"
23:46:04.091 [main] DEBUG org.apache.http.wire -- http-outgoing-12 << "X-Powered-By: Express[\r][\n]"
23:46:04.091 [main] DEBUG org.apache.http.wire -- http-outgoing-12 << "Access-Control-Allow-Origin: *[\r][\n]"
23:46:04.091 [main] DEBUG org.apache.http.wire -- http-outgoing-12 << "Content-Type: application/json; charset=utf-8[\r][\n]"
23:46:04.091 [main] DEBUG org.apache.http.wire -- http-outgoing-12 << "Content-Length: 139[\r][\n]"
23:46:04.091 [main] DEBUG org.apache.http.wire -- http-outgoing-12 << "ETag: W/"8b-kjNAuGTBFUFYrB+GtfzWEUL4Vvc"[\r][\n]"
23:46:04.091 [main] DEBUG org.apache.http.wire -- http-outgoing-12 << "Date: Tue, 17 Jun 2025 16:46:04 GMT[\r][\n]"
23:46:04.091 [main] DEBUG org.apache.http.wire -- http-outgoing-12 << "Connection: keep-alive[\r][\n]"
23:46:04.091 [main] DEBUG org.apache.http.wire -- http-outgoing-12 << "Keep-Alive: timeout=5[\r][\n]"
23:46:04.091 [main] DEBUG org.apache.http.wire -- http-outgoing-12 << "[\r][\n]"
23:46:04.091 [main] DEBUG org.apache.http.wire -- http-outgoing-12 << "{"success":false,"statusCode":400,"message":"D[0xe1][0xbb][0xaf] li[0xe1][0xbb][0x87]u kh[0xc3][0xb4]ng h[0xe1][0xbb][0xa3]p l[0xe1][0xbb][0x87]","path":"/auth/register","timestamp":"2025-06-17T16:46:04.091Z"}"
23:46:04.091 [main] DEBUG org.apache.http.headers -- http-outgoing-12 << HTTP/1.1 400 Bad Request
23:46:04.091 [main] DEBUG org.apache.http.headers -- http-outgoing-12 << X-Powered-By: Express
23:46:04.091 [main] DEBUG org.apache.http.headers -- http-outgoing-12 << Access-Control-Allow-Origin: *
23:46:04.091 [main] DEBUG org.apache.http.headers -- http-outgoing-12 << Content-Type: application/json; charset=utf-8
23:46:04.091 [main] DEBUG org.apache.http.headers -- http-outgoing-12 << Content-Length: 139
23:46:04.091 [main] DEBUG org.apache.http.headers -- http-outgoing-12 << ETag: W/"8b-kjNAuGTBFUFYrB+GtfzWEUL4Vvc"
23:46:04.091 [main] DEBUG org.apache.http.headers -- http-outgoing-12 << Date: Tue, 17 Jun 2025 16:46:04 GMT
23:46:04.091 [main] DEBUG org.apache.http.headers -- http-outgoing-12 << Connection: keep-alive
23:46:04.091 [main] DEBUG org.apache.http.headers -- http-outgoing-12 << Keep-Alive: timeout=5
23:46:04.091 [main] DEBUG org.apache.http.impl.execchain.MainClientExec -- Connection can be kept alive for 5000 MILLISECONDS
23:46:04.093 [main] DEBUG org.apache.http.impl.conn.PoolingHttpClientConnectionManager -- Connection [id: 12][route: {}->http://localhost:3000] can be kept alive for 5.0 seconds
23:46:04.093 [main] DEBUG org.apache.http.impl.conn.DefaultManagedHttpClientConnection -- http-outgoing-12: set socket timeout to 0
23:46:04.093 [main] DEBUG org.apache.http.impl.conn.PoolingHttpClientConnectionManager -- Connection released: [id: 12][route: {}->http://localhost:3000][total available: 1; route allocated: 1 of 5; total allocated: 1 of 10]
23:46:04.093 [main] DEBUG org.apache.http.impl.conn.PoolingHttpClientConnectionManager -- Connection manager is shutting down
23:46:04.093 [main] DEBUG org.apache.http.impl.conn.DefaultManagedHttpClientConnection -- http-outgoing-12: Close connection
23:46:04.093 [main] DEBUG org.apache.http.impl.conn.PoolingHttpClientConnectionManager -- Connection manager shut down
23:46:04.093 [main] DEBUG com.intuit.karate -- response time in milliseconds: 4
1 < 400
1 < X-Powered-By: Express
1 < Access-Control-Allow-Origin: *
1 < Content-Type: application/json; charset=utf-8
1 < Content-Length: 139
1 < ETag: W/"8b-kjNAuGTBFUFYrB+GtfzWEUL4Vvc"
1 < Date: Tue, 17 Jun 2025 16:46:04 GMT
1 < Connection: keep-alive
1 < Keep-Alive: timeout=5
{
  "success": false,
  "statusCode": 400,
  "message": "D? li?u không h?p l?",
  "path": "/auth/register",
  "timestamp": "2025-06-17T16:46:04.091Z"
}


23:46:04.094 [main] DEBUG com.intuit.karate.core.ScenarioEngine -- over-writing existing variable 'responseStatus' with new value: karate.get('responseStatus')
23:46:04.094 [main] DEBUG com.intuit.karate.core.ScenarioEngine -- over-writing existing variable 'response' with new value: karate.get('response')
23:46:04.094 [main] INFO com.intuit.karate -- [print] Register API called with: 
23:46:04.095 [main] INFO com.intuit.karate -- [print] Request: {
  "email": "test13@example.com",
  "password": "Password123",
  "name": "John Doe",
  "username": "johndoe13",
  "phoneNumber": "098765432"
}
 
23:46:04.095 [main] INFO com.intuit.karate -- [print] Response Status: 400 
23:46:04.095 [main] INFO com.intuit.karate -- [print] Response Body: {
  "success": false,
  "statusCode": 400,
  "message": "D? li?u không h?p l?",
  "path": "/auth/register",
  "timestamp": "2025-06-17T16:46:04.091Z"
}
 
23:46:04.096 [main] INFO com.intuit.karate -- ? TEST CASE #13 PASSED 
23:46:04.096 [main] INFO com.intuit.karate -- Actual Status: 400 
23:46:04.096 [main] INFO com.intuit.karate -- Actual Result: {"success":false,"statusCode":400,"message":"D? li?u không h?p l?","path":"/auth/register","timestamp":"2025-06-17T16:46:04.091Z"} 
23:46:04.097 [main] INFO com.intuit.karate -- Test Result: PASS 
23:46:04.097 [main] INFO com.intuit.karate -- ========================================== 
23:46:04.097 [main] INFO com.intuit.karate -- ========================================== 
23:46:04.097 [main] INFO com.intuit.karate -- ?ANG CH?Y TEST CASE #14/30 
23:46:04.097 [main] INFO com.intuit.karate -- Description: TC14: S? ?i?n tho?i quá dài - Ki?m tra khi s? ?i?n tho?i có 12 ch? s? 
23:46:04.097 [main] INFO com.intuit.karate -- Email: "test14@example.com" 
23:46:04.097 [main] INFO com.intuit.karate -- Password: "Password123" 
23:46:04.097 [main] INFO com.intuit.karate -- Name: "John Doe" 
23:46:04.097 [main] INFO com.intuit.karate -- Username: "johndoe14" 
23:46:04.098 [main] INFO com.intuit.karate -- PhoneNumber: "098765432123" 
23:46:04.098 [main] INFO com.intuit.karate -- Expected Status: 400 
23:46:04.098 [main] INFO com.intuit.karate -- Expected Result: {"error": "S? ?i?n tho?i ph?i có 10 ho?c 11 ch? s?"} 
23:46:04.098 [main] INFO com.intuit.karate -- ========================================== 
23:46:04.104 [main] INFO com.intuit.karate -- karate.env system property was: null 
23:46:04.105 [main] DEBUG com.jayway.jsonpath.internal.path.CompiledPath -- Evaluating path: $
23:46:04.106 [main] DEBUG org.apache.http.client.protocol.RequestAddCookies -- CookieSpec selected: karate
23:46:04.106 [main] DEBUG org.apache.http.client.protocol.RequestAuthCache -- Auth cache not set in the context
23:46:04.106 [main] DEBUG com.intuit.karate -- request:
1 > POST http://localhost:3000/auth/register
1 > Content-Type: application/json; charset=UTF-8
1 > Content-Length: 125
1 > Host: localhost:3000
1 > Connection: Keep-Alive
1 > User-Agent: Apache-HttpClient/4.5.14 (Java/17.0.9)
1 > Accept-Encoding: gzip,deflate
{
  "email": "test14@example.com",
  "password": "Password123",
  "name": "John Doe",
  "username": "johndoe14",
  "phoneNumber": "098765432123"
}


23:46:04.106 [main] DEBUG org.apache.http.impl.conn.PoolingHttpClientConnectionManager -- Connection request: [route: {}->http://localhost:3000][total available: 0; route allocated: 0 of 5; total allocated: 0 of 10]
23:46:04.106 [main] DEBUG org.apache.http.impl.conn.PoolingHttpClientConnectionManager -- Connection leased: [id: 13][route: {}->http://localhost:3000][total available: 0; route allocated: 1 of 5; total allocated: 1 of 10]
23:46:04.106 [main] DEBUG org.apache.http.impl.execchain.MainClientExec -- Opening connection {}->http://localhost:3000
23:46:04.106 [main] DEBUG org.apache.http.impl.conn.DefaultHttpClientConnectionOperator -- Connecting to localhost/127.0.0.1:3000
23:46:04.107 [main] DEBUG org.apache.http.impl.conn.DefaultHttpClientConnectionOperator -- Connection established 127.0.0.1:65056<->127.0.0.1:3000
23:46:04.107 [main] DEBUG org.apache.http.impl.conn.DefaultManagedHttpClientConnection -- http-outgoing-13: set socket timeout to 5000
23:46:04.107 [main] DEBUG org.apache.http.impl.execchain.MainClientExec -- Executing request POST /auth/register HTTP/1.1
23:46:04.107 [main] DEBUG org.apache.http.impl.execchain.MainClientExec -- Target auth state: UNCHALLENGED
23:46:04.107 [main] DEBUG org.apache.http.impl.execchain.MainClientExec -- Proxy auth state: UNCHALLENGED
23:46:04.107 [main] DEBUG org.apache.http.headers -- http-outgoing-13 >> POST /auth/register HTTP/1.1
23:46:04.107 [main] DEBUG org.apache.http.headers -- http-outgoing-13 >> Content-Type: application/json; charset=UTF-8
23:46:04.107 [main] DEBUG org.apache.http.headers -- http-outgoing-13 >> Content-Length: 125
23:46:04.107 [main] DEBUG org.apache.http.headers -- http-outgoing-13 >> Host: localhost:3000
23:46:04.107 [main] DEBUG org.apache.http.headers -- http-outgoing-13 >> Connection: Keep-Alive
23:46:04.107 [main] DEBUG org.apache.http.headers -- http-outgoing-13 >> User-Agent: Apache-HttpClient/4.5.14 (Java/17.0.9)
23:46:04.107 [main] DEBUG org.apache.http.headers -- http-outgoing-13 >> Accept-Encoding: gzip,deflate
23:46:04.107 [main] DEBUG org.apache.http.wire -- http-outgoing-13 >> "POST /auth/register HTTP/1.1[\r][\n]"
23:46:04.107 [main] DEBUG org.apache.http.wire -- http-outgoing-13 >> "Content-Type: application/json; charset=UTF-8[\r][\n]"
23:46:04.107 [main] DEBUG org.apache.http.wire -- http-outgoing-13 >> "Content-Length: 125[\r][\n]"
23:46:04.107 [main] DEBUG org.apache.http.wire -- http-outgoing-13 >> "Host: localhost:3000[\r][\n]"
23:46:04.107 [main] DEBUG org.apache.http.wire -- http-outgoing-13 >> "Connection: Keep-Alive[\r][\n]"
23:46:04.107 [main] DEBUG org.apache.http.wire -- http-outgoing-13 >> "User-Agent: Apache-HttpClient/4.5.14 (Java/17.0.9)[\r][\n]"
23:46:04.107 [main] DEBUG org.apache.http.wire -- http-outgoing-13 >> "Accept-Encoding: gzip,deflate[\r][\n]"
23:46:04.107 [main] DEBUG org.apache.http.wire -- http-outgoing-13 >> "[\r][\n]"
23:46:04.107 [main] DEBUG org.apache.http.wire -- http-outgoing-13 >> "{"email":"test14@example.com","password":"Password123","name":"John Doe","username":"johndoe14","phoneNumber":"098765432123"}"
23:46:04.109 [main] DEBUG org.apache.http.wire -- http-outgoing-13 << "HTTP/1.1 400 Bad Request[\r][\n]"
23:46:04.109 [main] DEBUG org.apache.http.wire -- http-outgoing-13 << "X-Powered-By: Express[\r][\n]"
23:46:04.109 [main] DEBUG org.apache.http.wire -- http-outgoing-13 << "Access-Control-Allow-Origin: *[\r][\n]"
23:46:04.109 [main] DEBUG org.apache.http.wire -- http-outgoing-13 << "Content-Type: application/json; charset=utf-8[\r][\n]"
23:46:04.109 [main] DEBUG org.apache.http.wire -- http-outgoing-13 << "Content-Length: 139[\r][\n]"
23:46:04.109 [main] DEBUG org.apache.http.wire -- http-outgoing-13 << "ETag: W/"8b-WLiccaVPuvc7CNT0KYjBKuIQ9+w"[\r][\n]"
23:46:04.109 [main] DEBUG org.apache.http.wire -- http-outgoing-13 << "Date: Tue, 17 Jun 2025 16:46:04 GMT[\r][\n]"
23:46:04.109 [main] DEBUG org.apache.http.wire -- http-outgoing-13 << "Connection: keep-alive[\r][\n]"
23:46:04.109 [main] DEBUG org.apache.http.wire -- http-outgoing-13 << "Keep-Alive: timeout=5[\r][\n]"
23:46:04.109 [main] DEBUG org.apache.http.wire -- http-outgoing-13 << "[\r][\n]"
23:46:04.109 [main] DEBUG org.apache.http.wire -- http-outgoing-13 << "{"success":false,"statusCode":400,"message":"D[0xe1][0xbb][0xaf] li[0xe1][0xbb][0x87]u kh[0xc3][0xb4]ng h[0xe1][0xbb][0xa3]p l[0xe1][0xbb][0x87]","path":"/auth/register","timestamp":"2025-06-17T16:46:04.108Z"}"
23:46:04.109 [main] DEBUG org.apache.http.headers -- http-outgoing-13 << HTTP/1.1 400 Bad Request
23:46:04.109 [main] DEBUG org.apache.http.headers -- http-outgoing-13 << X-Powered-By: Express
23:46:04.109 [main] DEBUG org.apache.http.headers -- http-outgoing-13 << Access-Control-Allow-Origin: *
23:46:04.109 [main] DEBUG org.apache.http.headers -- http-outgoing-13 << Content-Type: application/json; charset=utf-8
23:46:04.109 [main] DEBUG org.apache.http.headers -- http-outgoing-13 << Content-Length: 139
23:46:04.109 [main] DEBUG org.apache.http.headers -- http-outgoing-13 << ETag: W/"8b-WLiccaVPuvc7CNT0KYjBKuIQ9+w"
23:46:04.109 [main] DEBUG org.apache.http.headers -- http-outgoing-13 << Date: Tue, 17 Jun 2025 16:46:04 GMT
23:46:04.109 [main] DEBUG org.apache.http.headers -- http-outgoing-13 << Connection: keep-alive
23:46:04.109 [main] DEBUG org.apache.http.headers -- http-outgoing-13 << Keep-Alive: timeout=5
23:46:04.109 [main] DEBUG org.apache.http.impl.execchain.MainClientExec -- Connection can be kept alive for 5000 MILLISECONDS
23:46:04.109 [main] DEBUG org.apache.http.impl.conn.PoolingHttpClientConnectionManager -- Connection [id: 13][route: {}->http://localhost:3000] can be kept alive for 5.0 seconds
23:46:04.109 [main] DEBUG org.apache.http.impl.conn.DefaultManagedHttpClientConnection -- http-outgoing-13: set socket timeout to 0
23:46:04.109 [main] DEBUG org.apache.http.impl.conn.PoolingHttpClientConnectionManager -- Connection released: [id: 13][route: {}->http://localhost:3000][total available: 1; route allocated: 1 of 5; total allocated: 1 of 10]
23:46:04.109 [main] DEBUG org.apache.http.impl.conn.PoolingHttpClientConnectionManager -- Connection manager is shutting down
23:46:04.109 [main] DEBUG org.apache.http.impl.conn.DefaultManagedHttpClientConnection -- http-outgoing-13: Close connection
23:46:04.110 [main] DEBUG org.apache.http.impl.conn.PoolingHttpClientConnectionManager -- Connection manager shut down
23:46:04.110 [main] DEBUG com.intuit.karate -- response time in milliseconds: 3
1 < 400
1 < X-Powered-By: Express
1 < Access-Control-Allow-Origin: *
1 < Content-Type: application/json; charset=utf-8
1 < Content-Length: 139
1 < ETag: W/"8b-WLiccaVPuvc7CNT0KYjBKuIQ9+w"
1 < Date: Tue, 17 Jun 2025 16:46:04 GMT
1 < Connection: keep-alive
1 < Keep-Alive: timeout=5
{
  "success": false,
  "statusCode": 400,
  "message": "D? li?u không h?p l?",
  "path": "/auth/register",
  "timestamp": "2025-06-17T16:46:04.108Z"
}


23:46:04.110 [main] DEBUG com.intuit.karate.core.ScenarioEngine -- over-writing existing variable 'responseStatus' with new value: karate.get('responseStatus')
23:46:04.111 [main] DEBUG com.intuit.karate.core.ScenarioEngine -- over-writing existing variable 'response' with new value: karate.get('response')
23:46:04.111 [main] INFO com.intuit.karate -- [print] Register API called with: 
23:46:04.111 [main] INFO com.intuit.karate -- [print] Request: {
  "email": "test14@example.com",
  "password": "Password123",
  "name": "John Doe",
  "username": "johndoe14",
  "phoneNumber": "098765432123"
}
 
23:46:04.111 [main] INFO com.intuit.karate -- [print] Response Status: 400 
23:46:04.111 [main] INFO com.intuit.karate -- [print] Response Body: {
  "success": false,
  "statusCode": 400,
  "message": "D? li?u không h?p l?",
  "path": "/auth/register",
  "timestamp": "2025-06-17T16:46:04.108Z"
}
 
23:46:04.111 [main] INFO com.intuit.karate -- ? TEST CASE #14 PASSED 
23:46:04.113 [main] INFO com.intuit.karate -- Actual Status: 400 
23:46:04.113 [main] INFO com.intuit.karate -- Actual Result: {"success":false,"statusCode":400,"message":"D? li?u không h?p l?","path":"/auth/register","timestamp":"2025-06-17T16:46:04.108Z"} 
23:46:04.113 [main] INFO com.intuit.karate -- Test Result: PASS 
23:46:04.113 [main] INFO com.intuit.karate -- ========================================== 
23:46:04.113 [main] INFO com.intuit.karate -- ========================================== 
23:46:04.113 [main] INFO com.intuit.karate -- ?ANG CH?Y TEST CASE #15/30 
23:46:04.113 [main] INFO com.intuit.karate -- Description: TC15: S? ?i?n tho?i ch?a ký t? - Ki?m tra khi s? ?i?n tho?i ch?a ch? cái 
23:46:04.113 [main] INFO com.intuit.karate -- Email: "test15@example.com" 
23:46:04.113 [main] INFO com.intuit.karate -- Password: "Password123" 
23:46:04.113 [main] INFO com.intuit.karate -- Name: "John Doe" 
23:46:04.114 [main] INFO com.intuit.karate -- Username: "johndoe15" 
23:46:04.114 [main] INFO com.intuit.karate -- PhoneNumber: "098765432a" 
23:46:04.114 [main] INFO com.intuit.karate -- Expected Status: 400 
23:46:04.114 [main] INFO com.intuit.karate -- Expected Result: {"error": "S? ?i?n tho?i ph?i có 10 ho?c 11 ch? s?"} 
23:46:04.114 [main] INFO com.intuit.karate -- ========================================== 
23:46:04.121 [main] INFO com.intuit.karate -- karate.env system property was: null 
23:46:04.123 [main] DEBUG com.jayway.jsonpath.internal.path.CompiledPath -- Evaluating path: $
23:46:04.124 [main] DEBUG org.apache.http.client.protocol.RequestAddCookies -- CookieSpec selected: karate
23:46:04.125 [main] DEBUG org.apache.http.client.protocol.RequestAuthCache -- Auth cache not set in the context
23:46:04.125 [main] DEBUG com.intuit.karate -- request:
1 > POST http://localhost:3000/auth/register
1 > Content-Type: application/json; charset=UTF-8
1 > Content-Length: 123
1 > Host: localhost:3000
1 > Connection: Keep-Alive
1 > User-Agent: Apache-HttpClient/4.5.14 (Java/17.0.9)
1 > Accept-Encoding: gzip,deflate
{
  "email": "test15@example.com",
  "password": "Password123",
  "name": "John Doe",
  "username": "johndoe15",
  "phoneNumber": "098765432a"
}


23:46:04.125 [main] DEBUG org.apache.http.impl.conn.PoolingHttpClientConnectionManager -- Connection request: [route: {}->http://localhost:3000][total available: 0; route allocated: 0 of 5; total allocated: 0 of 10]
23:46:04.125 [main] DEBUG org.apache.http.impl.conn.PoolingHttpClientConnectionManager -- Connection leased: [id: 14][route: {}->http://localhost:3000][total available: 0; route allocated: 1 of 5; total allocated: 1 of 10]
23:46:04.125 [main] DEBUG org.apache.http.impl.execchain.MainClientExec -- Opening connection {}->http://localhost:3000
23:46:04.125 [main] DEBUG org.apache.http.impl.conn.DefaultHttpClientConnectionOperator -- Connecting to localhost/127.0.0.1:3000
23:46:04.126 [main] DEBUG org.apache.http.impl.conn.DefaultHttpClientConnectionOperator -- Connection established 127.0.0.1:65057<->127.0.0.1:3000
23:46:04.126 [main] DEBUG org.apache.http.impl.conn.DefaultManagedHttpClientConnection -- http-outgoing-14: set socket timeout to 5000
23:46:04.126 [main] DEBUG org.apache.http.impl.execchain.MainClientExec -- Executing request POST /auth/register HTTP/1.1
23:46:04.126 [main] DEBUG org.apache.http.impl.execchain.MainClientExec -- Target auth state: UNCHALLENGED
23:46:04.126 [main] DEBUG org.apache.http.impl.execchain.MainClientExec -- Proxy auth state: UNCHALLENGED
23:46:04.126 [main] DEBUG org.apache.http.headers -- http-outgoing-14 >> POST /auth/register HTTP/1.1
23:46:04.126 [main] DEBUG org.apache.http.headers -- http-outgoing-14 >> Content-Type: application/json; charset=UTF-8
23:46:04.126 [main] DEBUG org.apache.http.headers -- http-outgoing-14 >> Content-Length: 123
23:46:04.126 [main] DEBUG org.apache.http.headers -- http-outgoing-14 >> Host: localhost:3000
23:46:04.126 [main] DEBUG org.apache.http.headers -- http-outgoing-14 >> Connection: Keep-Alive
23:46:04.126 [main] DEBUG org.apache.http.headers -- http-outgoing-14 >> User-Agent: Apache-HttpClient/4.5.14 (Java/17.0.9)
23:46:04.126 [main] DEBUG org.apache.http.headers -- http-outgoing-14 >> Accept-Encoding: gzip,deflate
23:46:04.126 [main] DEBUG org.apache.http.wire -- http-outgoing-14 >> "POST /auth/register HTTP/1.1[\r][\n]"
23:46:04.126 [main] DEBUG org.apache.http.wire -- http-outgoing-14 >> "Content-Type: application/json; charset=UTF-8[\r][\n]"
23:46:04.126 [main] DEBUG org.apache.http.wire -- http-outgoing-14 >> "Content-Length: 123[\r][\n]"
23:46:04.126 [main] DEBUG org.apache.http.wire -- http-outgoing-14 >> "Host: localhost:3000[\r][\n]"
23:46:04.126 [main] DEBUG org.apache.http.wire -- http-outgoing-14 >> "Connection: Keep-Alive[\r][\n]"
23:46:04.126 [main] DEBUG org.apache.http.wire -- http-outgoing-14 >> "User-Agent: Apache-HttpClient/4.5.14 (Java/17.0.9)[\r][\n]"
23:46:04.126 [main] DEBUG org.apache.http.wire -- http-outgoing-14 >> "Accept-Encoding: gzip,deflate[\r][\n]"
23:46:04.126 [main] DEBUG org.apache.http.wire -- http-outgoing-14 >> "[\r][\n]"
23:46:04.126 [main] DEBUG org.apache.http.wire -- http-outgoing-14 >> "{"email":"test15@example.com","password":"Password123","name":"John Doe","username":"johndoe15","phoneNumber":"098765432a"}"
23:46:04.128 [main] DEBUG org.apache.http.wire -- http-outgoing-14 << "HTTP/1.1 400 Bad Request[\r][\n]"
23:46:04.128 [main] DEBUG org.apache.http.wire -- http-outgoing-14 << "X-Powered-By: Express[\r][\n]"
23:46:04.128 [main] DEBUG org.apache.http.wire -- http-outgoing-14 << "Access-Control-Allow-Origin: *[\r][\n]"
23:46:04.128 [main] DEBUG org.apache.http.wire -- http-outgoing-14 << "Content-Type: application/json; charset=utf-8[\r][\n]"
23:46:04.128 [main] DEBUG org.apache.http.wire -- http-outgoing-14 << "Content-Length: 139[\r][\n]"
23:46:04.128 [main] DEBUG org.apache.http.wire -- http-outgoing-14 << "ETag: W/"8b-u9A10CElI/feebSxCZOIEiHTILQ"[\r][\n]"
23:46:04.128 [main] DEBUG org.apache.http.wire -- http-outgoing-14 << "Date: Tue, 17 Jun 2025 16:46:04 GMT[\r][\n]"
23:46:04.128 [main] DEBUG org.apache.http.wire -- http-outgoing-14 << "Connection: keep-alive[\r][\n]"
23:46:04.128 [main] DEBUG org.apache.http.wire -- http-outgoing-14 << "Keep-Alive: timeout=5[\r][\n]"
23:46:04.128 [main] DEBUG org.apache.http.wire -- http-outgoing-14 << "[\r][\n]"
23:46:04.128 [main] DEBUG org.apache.http.wire -- http-outgoing-14 << "{"success":false,"statusCode":400,"message":"D[0xe1][0xbb][0xaf] li[0xe1][0xbb][0x87]u kh[0xc3][0xb4]ng h[0xe1][0xbb][0xa3]p l[0xe1][0xbb][0x87]","path":"/auth/register","timestamp":"2025-06-17T16:46:04.127Z"}"
23:46:04.128 [main] DEBUG org.apache.http.headers -- http-outgoing-14 << HTTP/1.1 400 Bad Request
23:46:04.128 [main] DEBUG org.apache.http.headers -- http-outgoing-14 << X-Powered-By: Express
23:46:04.128 [main] DEBUG org.apache.http.headers -- http-outgoing-14 << Access-Control-Allow-Origin: *
23:46:04.128 [main] DEBUG org.apache.http.headers -- http-outgoing-14 << Content-Type: application/json; charset=utf-8
23:46:04.128 [main] DEBUG org.apache.http.headers -- http-outgoing-14 << Content-Length: 139
23:46:04.128 [main] DEBUG org.apache.http.headers -- http-outgoing-14 << ETag: W/"8b-u9A10CElI/feebSxCZOIEiHTILQ"
23:46:04.128 [main] DEBUG org.apache.http.headers -- http-outgoing-14 << Date: Tue, 17 Jun 2025 16:46:04 GMT
23:46:04.128 [main] DEBUG org.apache.http.headers -- http-outgoing-14 << Connection: keep-alive
23:46:04.128 [main] DEBUG org.apache.http.headers -- http-outgoing-14 << Keep-Alive: timeout=5
23:46:04.128 [main] DEBUG org.apache.http.impl.execchain.MainClientExec -- Connection can be kept alive for 5000 MILLISECONDS
23:46:04.128 [main] DEBUG org.apache.http.impl.conn.PoolingHttpClientConnectionManager -- Connection [id: 14][route: {}->http://localhost:3000] can be kept alive for 5.0 seconds
23:46:04.128 [main] DEBUG org.apache.http.impl.conn.DefaultManagedHttpClientConnection -- http-outgoing-14: set socket timeout to 0
23:46:04.128 [main] DEBUG org.apache.http.impl.conn.PoolingHttpClientConnectionManager -- Connection released: [id: 14][route: {}->http://localhost:3000][total available: 1; route allocated: 1 of 5; total allocated: 1 of 10]
23:46:04.128 [main] DEBUG org.apache.http.impl.conn.PoolingHttpClientConnectionManager -- Connection manager is shutting down
23:46:04.128 [main] DEBUG org.apache.http.impl.conn.DefaultManagedHttpClientConnection -- http-outgoing-14: Close connection
23:46:04.128 [main] DEBUG org.apache.http.impl.conn.PoolingHttpClientConnectionManager -- Connection manager shut down
23:46:04.129 [main] DEBUG com.intuit.karate -- response time in milliseconds: 3
1 < 400
1 < X-Powered-By: Express
1 < Access-Control-Allow-Origin: *
1 < Content-Type: application/json; charset=utf-8
1 < Content-Length: 139
1 < ETag: W/"8b-u9A10CElI/feebSxCZOIEiHTILQ"
1 < Date: Tue, 17 Jun 2025 16:46:04 GMT
1 < Connection: keep-alive
1 < Keep-Alive: timeout=5
{
  "success": false,
  "statusCode": 400,
  "message": "D? li?u không h?p l?",
  "path": "/auth/register",
  "timestamp": "2025-06-17T16:46:04.127Z"
}


23:46:04.129 [main] DEBUG com.intuit.karate.core.ScenarioEngine -- over-writing existing variable 'responseStatus' with new value: karate.get('responseStatus')
23:46:04.131 [main] DEBUG com.intuit.karate.core.ScenarioEngine -- over-writing existing variable 'response' with new value: karate.get('response')
23:46:04.131 [main] INFO com.intuit.karate -- [print] Register API called with: 
23:46:04.131 [main] INFO com.intuit.karate -- [print] Request: {
  "email": "test15@example.com",
  "password": "Password123",
  "name": "John Doe",
  "username": "johndoe15",
  "phoneNumber": "098765432a"
}
 
23:46:04.131 [main] INFO com.intuit.karate -- [print] Response Status: 400 
23:46:04.131 [main] INFO com.intuit.karate -- [print] Response Body: {
  "success": false,
  "statusCode": 400,
  "message": "D? li?u không h?p l?",
  "path": "/auth/register",
  "timestamp": "2025-06-17T16:46:04.127Z"
}
 
23:46:04.132 [main] INFO com.intuit.karate -- ? TEST CASE #15 PASSED 
23:46:04.132 [main] INFO com.intuit.karate -- Actual Status: 400 
23:46:04.132 [main] INFO com.intuit.karate -- Actual Result: {"success":false,"statusCode":400,"message":"D? li?u không h?p l?","path":"/auth/register","timestamp":"2025-06-17T16:46:04.127Z"} 
23:46:04.132 [main] INFO com.intuit.karate -- Test Result: PASS 
23:46:04.132 [main] INFO com.intuit.karate -- ========================================== 
23:46:04.132 [main] INFO com.intuit.karate -- ========================================== 
23:46:04.132 [main] INFO com.intuit.karate -- ?ANG CH?Y TEST CASE #16/30 
23:46:04.132 [main] INFO com.intuit.karate -- Description: TC16: S? ?i?n tho?i ch?a ký t? ??c bi?t - Ki?m tra khi có d?u g?ch ngang 
23:46:04.132 [main] INFO com.intuit.karate -- Email: "test16@example.com" 
23:46:04.132 [main] INFO com.intuit.karate -- Password: "Password123" 
23:46:04.132 [main] INFO com.intuit.karate -- Name: "John Doe" 
23:46:04.132 [main] INFO com.intuit.karate -- Username: "johndoe16" 
23:46:04.132 [main] INFO com.intuit.karate -- PhoneNumber: "0987-654-321" 
23:46:04.132 [main] INFO com.intuit.karate -- Expected Status: 400 
23:46:04.133 [main] INFO com.intuit.karate -- Expected Result: {"error": "S? ?i?n tho?i ph?i có 10 ho?c 11 ch? s?"} 
23:46:04.133 [main] INFO com.intuit.karate -- ========================================== 
23:46:04.138 [main] INFO com.intuit.karate -- karate.env system property was: null 
23:46:04.139 [main] DEBUG com.jayway.jsonpath.internal.path.CompiledPath -- Evaluating path: $
23:46:04.142 [main] DEBUG org.apache.http.client.protocol.RequestAddCookies -- CookieSpec selected: karate
23:46:04.142 [main] DEBUG org.apache.http.client.protocol.RequestAuthCache -- Auth cache not set in the context
23:46:04.142 [main] DEBUG com.intuit.karate -- request:
1 > POST http://localhost:3000/auth/register
1 > Content-Type: application/json; charset=UTF-8
1 > Content-Length: 125
1 > Host: localhost:3000
1 > Connection: Keep-Alive
1 > User-Agent: Apache-HttpClient/4.5.14 (Java/17.0.9)
1 > Accept-Encoding: gzip,deflate
{
  "email": "test16@example.com",
  "password": "Password123",
  "name": "John Doe",
  "username": "johndoe16",
  "phoneNumber": "0987-654-321"
}


23:46:04.142 [main] DEBUG org.apache.http.impl.conn.PoolingHttpClientConnectionManager -- Connection request: [route: {}->http://localhost:3000][total available: 0; route allocated: 0 of 5; total allocated: 0 of 10]
23:46:04.142 [main] DEBUG org.apache.http.impl.conn.PoolingHttpClientConnectionManager -- Connection leased: [id: 15][route: {}->http://localhost:3000][total available: 0; route allocated: 1 of 5; total allocated: 1 of 10]
23:46:04.142 [main] DEBUG org.apache.http.impl.execchain.MainClientExec -- Opening connection {}->http://localhost:3000
23:46:04.142 [main] DEBUG org.apache.http.impl.conn.DefaultHttpClientConnectionOperator -- Connecting to localhost/127.0.0.1:3000
23:46:04.144 [main] DEBUG org.apache.http.impl.conn.DefaultHttpClientConnectionOperator -- Connection established 127.0.0.1:65058<->127.0.0.1:3000
23:46:04.144 [main] DEBUG org.apache.http.impl.conn.DefaultManagedHttpClientConnection -- http-outgoing-15: set socket timeout to 5000
23:46:04.144 [main] DEBUG org.apache.http.impl.execchain.MainClientExec -- Executing request POST /auth/register HTTP/1.1
23:46:04.144 [main] DEBUG org.apache.http.impl.execchain.MainClientExec -- Target auth state: UNCHALLENGED
23:46:04.144 [main] DEBUG org.apache.http.impl.execchain.MainClientExec -- Proxy auth state: UNCHALLENGED
23:46:04.144 [main] DEBUG org.apache.http.headers -- http-outgoing-15 >> POST /auth/register HTTP/1.1
23:46:04.144 [main] DEBUG org.apache.http.headers -- http-outgoing-15 >> Content-Type: application/json; charset=UTF-8
23:46:04.144 [main] DEBUG org.apache.http.headers -- http-outgoing-15 >> Content-Length: 125
23:46:04.144 [main] DEBUG org.apache.http.headers -- http-outgoing-15 >> Host: localhost:3000
23:46:04.144 [main] DEBUG org.apache.http.headers -- http-outgoing-15 >> Connection: Keep-Alive
23:46:04.144 [main] DEBUG org.apache.http.headers -- http-outgoing-15 >> User-Agent: Apache-HttpClient/4.5.14 (Java/17.0.9)
23:46:04.144 [main] DEBUG org.apache.http.headers -- http-outgoing-15 >> Accept-Encoding: gzip,deflate
23:46:04.144 [main] DEBUG org.apache.http.wire -- http-outgoing-15 >> "POST /auth/register HTTP/1.1[\r][\n]"
23:46:04.144 [main] DEBUG org.apache.http.wire -- http-outgoing-15 >> "Content-Type: application/json; charset=UTF-8[\r][\n]"
23:46:04.144 [main] DEBUG org.apache.http.wire -- http-outgoing-15 >> "Content-Length: 125[\r][\n]"
23:46:04.144 [main] DEBUG org.apache.http.wire -- http-outgoing-15 >> "Host: localhost:3000[\r][\n]"
23:46:04.144 [main] DEBUG org.apache.http.wire -- http-outgoing-15 >> "Connection: Keep-Alive[\r][\n]"
23:46:04.144 [main] DEBUG org.apache.http.wire -- http-outgoing-15 >> "User-Agent: Apache-HttpClient/4.5.14 (Java/17.0.9)[\r][\n]"
23:46:04.144 [main] DEBUG org.apache.http.wire -- http-outgoing-15 >> "Accept-Encoding: gzip,deflate[\r][\n]"
23:46:04.144 [main] DEBUG org.apache.http.wire -- http-outgoing-15 >> "[\r][\n]"
23:46:04.144 [main] DEBUG org.apache.http.wire -- http-outgoing-15 >> "{"email":"test16@example.com","password":"Password123","name":"John Doe","username":"johndoe16","phoneNumber":"0987-654-321"}"
23:46:04.146 [main] DEBUG org.apache.http.wire -- http-outgoing-15 << "HTTP/1.1 400 Bad Request[\r][\n]"
23:46:04.146 [main] DEBUG org.apache.http.wire -- http-outgoing-15 << "X-Powered-By: Express[\r][\n]"
23:46:04.146 [main] DEBUG org.apache.http.wire -- http-outgoing-15 << "Access-Control-Allow-Origin: *[\r][\n]"
23:46:04.146 [main] DEBUG org.apache.http.wire -- http-outgoing-15 << "Content-Type: application/json; charset=utf-8[\r][\n]"
23:46:04.146 [main] DEBUG org.apache.http.wire -- http-outgoing-15 << "Content-Length: 139[\r][\n]"
23:46:04.146 [main] DEBUG org.apache.http.wire -- http-outgoing-15 << "ETag: W/"8b-TvQTEDHMiNc+vDsNYIpvftDEGBE"[\r][\n]"
23:46:04.146 [main] DEBUG org.apache.http.wire -- http-outgoing-15 << "Date: Tue, 17 Jun 2025 16:46:04 GMT[\r][\n]"
23:46:04.146 [main] DEBUG org.apache.http.wire -- http-outgoing-15 << "Connection: keep-alive[\r][\n]"
23:46:04.146 [main] DEBUG org.apache.http.wire -- http-outgoing-15 << "Keep-Alive: timeout=5[\r][\n]"
23:46:04.146 [main] DEBUG org.apache.http.wire -- http-outgoing-15 << "[\r][\n]"
23:46:04.146 [main] DEBUG org.apache.http.wire -- http-outgoing-15 << "{"success":false,"statusCode":400,"message":"D[0xe1][0xbb][0xaf] li[0xe1][0xbb][0x87]u kh[0xc3][0xb4]ng h[0xe1][0xbb][0xa3]p l[0xe1][0xbb][0x87]","path":"/auth/register","timestamp":"2025-06-17T16:46:04.145Z"}"
23:46:04.146 [main] DEBUG org.apache.http.headers -- http-outgoing-15 << HTTP/1.1 400 Bad Request
23:46:04.146 [main] DEBUG org.apache.http.headers -- http-outgoing-15 << X-Powered-By: Express
23:46:04.146 [main] DEBUG org.apache.http.headers -- http-outgoing-15 << Access-Control-Allow-Origin: *
23:46:04.146 [main] DEBUG org.apache.http.headers -- http-outgoing-15 << Content-Type: application/json; charset=utf-8
23:46:04.146 [main] DEBUG org.apache.http.headers -- http-outgoing-15 << Content-Length: 139
23:46:04.146 [main] DEBUG org.apache.http.headers -- http-outgoing-15 << ETag: W/"8b-TvQTEDHMiNc+vDsNYIpvftDEGBE"
23:46:04.146 [main] DEBUG org.apache.http.headers -- http-outgoing-15 << Date: Tue, 17 Jun 2025 16:46:04 GMT
23:46:04.146 [main] DEBUG org.apache.http.headers -- http-outgoing-15 << Connection: keep-alive
23:46:04.146 [main] DEBUG org.apache.http.headers -- http-outgoing-15 << Keep-Alive: timeout=5
23:46:04.146 [main] DEBUG org.apache.http.impl.execchain.MainClientExec -- Connection can be kept alive for 5000 MILLISECONDS
23:46:04.146 [main] DEBUG org.apache.http.impl.conn.PoolingHttpClientConnectionManager -- Connection [id: 15][route: {}->http://localhost:3000] can be kept alive for 5.0 seconds
23:46:04.146 [main] DEBUG org.apache.http.impl.conn.DefaultManagedHttpClientConnection -- http-outgoing-15: set socket timeout to 0
23:46:04.146 [main] DEBUG org.apache.http.impl.conn.PoolingHttpClientConnectionManager -- Connection released: [id: 15][route: {}->http://localhost:3000][total available: 1; route allocated: 1 of 5; total allocated: 1 of 10]
23:46:04.146 [main] DEBUG org.apache.http.impl.conn.PoolingHttpClientConnectionManager -- Connection manager is shutting down
23:46:04.146 [main] DEBUG org.apache.http.impl.conn.DefaultManagedHttpClientConnection -- http-outgoing-15: Close connection
23:46:04.146 [main] DEBUG org.apache.http.impl.conn.PoolingHttpClientConnectionManager -- Connection manager shut down
23:46:04.146 [main] DEBUG com.intuit.karate -- response time in milliseconds: 4
1 < 400
1 < X-Powered-By: Express
1 < Access-Control-Allow-Origin: *
1 < Content-Type: application/json; charset=utf-8
1 < Content-Length: 139
1 < ETag: W/"8b-TvQTEDHMiNc+vDsNYIpvftDEGBE"
1 < Date: Tue, 17 Jun 2025 16:46:04 GMT
1 < Connection: keep-alive
1 < Keep-Alive: timeout=5
{
  "success": false,
  "statusCode": 400,
  "message": "D? li?u không h?p l?",
  "path": "/auth/register",
  "timestamp": "2025-06-17T16:46:04.145Z"
}


23:46:04.147 [main] DEBUG com.intuit.karate.core.ScenarioEngine -- over-writing existing variable 'responseStatus' with new value: karate.get('responseStatus')
23:46:04.147 [main] DEBUG com.intuit.karate.core.ScenarioEngine -- over-writing existing variable 'response' with new value: karate.get('response')
23:46:04.148 [main] INFO com.intuit.karate -- [print] Register API called with: 
23:46:04.148 [main] INFO com.intuit.karate -- [print] Request: {
  "email": "test16@example.com",
  "password": "Password123",
  "name": "John Doe",
  "username": "johndoe16",
  "phoneNumber": "0987-654-321"
}
 
23:46:04.148 [main] INFO com.intuit.karate -- [print] Response Status: 400 
23:46:04.149 [main] INFO com.intuit.karate -- [print] Response Body: {
  "success": false,
  "statusCode": 400,
  "message": "D? li?u không h?p l?",
  "path": "/auth/register",
  "timestamp": "2025-06-17T16:46:04.145Z"
}
 
23:46:04.149 [main] INFO com.intuit.karate -- ? TEST CASE #16 PASSED 
23:46:04.149 [main] INFO com.intuit.karate -- Actual Status: 400 
23:46:04.149 [main] INFO com.intuit.karate -- Actual Result: {"success":false,"statusCode":400,"message":"D? li?u không h?p l?","path":"/auth/register","timestamp":"2025-06-17T16:46:04.145Z"} 
23:46:04.149 [main] INFO com.intuit.karate -- Test Result: PASS 
23:46:04.149 [main] INFO com.intuit.karate -- ========================================== 
23:46:04.151 [main] INFO com.intuit.karate -- ========================================== 
23:46:04.151 [main] INFO com.intuit.karate -- ?ANG CH?Y TEST CASE #17/30 
23:46:04.151 [main] INFO com.intuit.karate -- Description: TC17: S? ?i?n tho?i ch?a kho?ng tr?ng - Ki?m tra khi có space 
23:46:04.151 [main] INFO com.intuit.karate -- Email: "test17@example.com" 
23:46:04.151 [main] INFO com.intuit.karate -- Password: "Password123" 
23:46:04.151 [main] INFO com.intuit.karate -- Name: "John Doe" 
23:46:04.151 [main] INFO com.intuit.karate -- Username: "johndoe17" 
23:46:04.151 [main] INFO com.intuit.karate -- PhoneNumber: "0987 654 321" 
23:46:04.151 [main] INFO com.intuit.karate -- Expected Status: 400 
23:46:04.151 [main] INFO com.intuit.karate -- Expected Result: {"error": "S? ?i?n tho?i ph?i có 10 ho?c 11 ch? s?"} 
23:46:04.151 [main] INFO com.intuit.karate -- ========================================== 
23:46:04.158 [main] INFO com.intuit.karate -- karate.env system property was: null 
23:46:04.159 [main] DEBUG com.jayway.jsonpath.internal.path.CompiledPath -- Evaluating path: $
23:46:04.160 [main] DEBUG org.apache.http.client.protocol.RequestAddCookies -- CookieSpec selected: karate
23:46:04.160 [main] DEBUG org.apache.http.client.protocol.RequestAuthCache -- Auth cache not set in the context
23:46:04.161 [main] DEBUG com.intuit.karate -- request:
1 > POST http://localhost:3000/auth/register
1 > Content-Type: application/json; charset=UTF-8
1 > Content-Length: 125
1 > Host: localhost:3000
1 > Connection: Keep-Alive
1 > User-Agent: Apache-HttpClient/4.5.14 (Java/17.0.9)
1 > Accept-Encoding: gzip,deflate
{
  "email": "test17@example.com",
  "password": "Password123",
  "name": "John Doe",
  "username": "johndoe17",
  "phoneNumber": "0987 654 321"
}


23:46:04.161 [main] DEBUG org.apache.http.impl.conn.PoolingHttpClientConnectionManager -- Connection request: [route: {}->http://localhost:3000][total available: 0; route allocated: 0 of 5; total allocated: 0 of 10]
23:46:04.161 [main] DEBUG org.apache.http.impl.conn.PoolingHttpClientConnectionManager -- Connection leased: [id: 16][route: {}->http://localhost:3000][total available: 0; route allocated: 1 of 5; total allocated: 1 of 10]
23:46:04.161 [main] DEBUG org.apache.http.impl.execchain.MainClientExec -- Opening connection {}->http://localhost:3000
23:46:04.161 [main] DEBUG org.apache.http.impl.conn.DefaultHttpClientConnectionOperator -- Connecting to localhost/127.0.0.1:3000
23:46:04.161 [main] DEBUG org.apache.http.impl.conn.DefaultHttpClientConnectionOperator -- Connection established 127.0.0.1:65059<->127.0.0.1:3000
23:46:04.161 [main] DEBUG org.apache.http.impl.conn.DefaultManagedHttpClientConnection -- http-outgoing-16: set socket timeout to 5000
23:46:04.161 [main] DEBUG org.apache.http.impl.execchain.MainClientExec -- Executing request POST /auth/register HTTP/1.1
23:46:04.161 [main] DEBUG org.apache.http.impl.execchain.MainClientExec -- Target auth state: UNCHALLENGED
23:46:04.161 [main] DEBUG org.apache.http.impl.execchain.MainClientExec -- Proxy auth state: UNCHALLENGED
23:46:04.161 [main] DEBUG org.apache.http.headers -- http-outgoing-16 >> POST /auth/register HTTP/1.1
23:46:04.161 [main] DEBUG org.apache.http.headers -- http-outgoing-16 >> Content-Type: application/json; charset=UTF-8
23:46:04.161 [main] DEBUG org.apache.http.headers -- http-outgoing-16 >> Content-Length: 125
23:46:04.161 [main] DEBUG org.apache.http.headers -- http-outgoing-16 >> Host: localhost:3000
23:46:04.161 [main] DEBUG org.apache.http.headers -- http-outgoing-16 >> Connection: Keep-Alive
23:46:04.161 [main] DEBUG org.apache.http.headers -- http-outgoing-16 >> User-Agent: Apache-HttpClient/4.5.14 (Java/17.0.9)
23:46:04.161 [main] DEBUG org.apache.http.headers -- http-outgoing-16 >> Accept-Encoding: gzip,deflate
23:46:04.162 [main] DEBUG org.apache.http.wire -- http-outgoing-16 >> "POST /auth/register HTTP/1.1[\r][\n]"
23:46:04.162 [main] DEBUG org.apache.http.wire -- http-outgoing-16 >> "Content-Type: application/json; charset=UTF-8[\r][\n]"
23:46:04.162 [main] DEBUG org.apache.http.wire -- http-outgoing-16 >> "Content-Length: 125[\r][\n]"
23:46:04.162 [main] DEBUG org.apache.http.wire -- http-outgoing-16 >> "Host: localhost:3000[\r][\n]"
23:46:04.162 [main] DEBUG org.apache.http.wire -- http-outgoing-16 >> "Connection: Keep-Alive[\r][\n]"
23:46:04.162 [main] DEBUG org.apache.http.wire -- http-outgoing-16 >> "User-Agent: Apache-HttpClient/4.5.14 (Java/17.0.9)[\r][\n]"
23:46:04.162 [main] DEBUG org.apache.http.wire -- http-outgoing-16 >> "Accept-Encoding: gzip,deflate[\r][\n]"
23:46:04.162 [main] DEBUG org.apache.http.wire -- http-outgoing-16 >> "[\r][\n]"
23:46:04.162 [main] DEBUG org.apache.http.wire -- http-outgoing-16 >> "{"email":"test17@example.com","password":"Password123","name":"John Doe","username":"johndoe17","phoneNumber":"0987 654 321"}"
23:46:04.163 [main] DEBUG org.apache.http.wire -- http-outgoing-16 << "HTTP/1.1 400 Bad Request[\r][\n]"
23:46:04.163 [main] DEBUG org.apache.http.wire -- http-outgoing-16 << "X-Powered-By: Express[\r][\n]"
23:46:04.163 [main] DEBUG org.apache.http.wire -- http-outgoing-16 << "Access-Control-Allow-Origin: *[\r][\n]"
23:46:04.163 [main] DEBUG org.apache.http.wire -- http-outgoing-16 << "Content-Type: application/json; charset=utf-8[\r][\n]"
23:46:04.163 [main] DEBUG org.apache.http.wire -- http-outgoing-16 << "Content-Length: 139[\r][\n]"
23:46:04.163 [main] DEBUG org.apache.http.wire -- http-outgoing-16 << "ETag: W/"8b-cC+TitPS/Qi/KOpGeF8p+eHXDWk"[\r][\n]"
23:46:04.163 [main] DEBUG org.apache.http.wire -- http-outgoing-16 << "Date: Tue, 17 Jun 2025 16:46:04 GMT[\r][\n]"
23:46:04.163 [main] DEBUG org.apache.http.wire -- http-outgoing-16 << "Connection: keep-alive[\r][\n]"
23:46:04.163 [main] DEBUG org.apache.http.wire -- http-outgoing-16 << "Keep-Alive: timeout=5[\r][\n]"
23:46:04.163 [main] DEBUG org.apache.http.wire -- http-outgoing-16 << "[\r][\n]"
23:46:04.163 [main] DEBUG org.apache.http.wire -- http-outgoing-16 << "{"success":false,"statusCode":400,"message":"D[0xe1][0xbb][0xaf] li[0xe1][0xbb][0x87]u kh[0xc3][0xb4]ng h[0xe1][0xbb][0xa3]p l[0xe1][0xbb][0x87]","path":"/auth/register","timestamp":"2025-06-17T16:46:04.162Z"}"
23:46:04.163 [main] DEBUG org.apache.http.headers -- http-outgoing-16 << HTTP/1.1 400 Bad Request
23:46:04.163 [main] DEBUG org.apache.http.headers -- http-outgoing-16 << X-Powered-By: Express
23:46:04.163 [main] DEBUG org.apache.http.headers -- http-outgoing-16 << Access-Control-Allow-Origin: *
23:46:04.163 [main] DEBUG org.apache.http.headers -- http-outgoing-16 << Content-Type: application/json; charset=utf-8
23:46:04.163 [main] DEBUG org.apache.http.headers -- http-outgoing-16 << Content-Length: 139
23:46:04.163 [main] DEBUG org.apache.http.headers -- http-outgoing-16 << ETag: W/"8b-cC+TitPS/Qi/KOpGeF8p+eHXDWk"
23:46:04.163 [main] DEBUG org.apache.http.headers -- http-outgoing-16 << Date: Tue, 17 Jun 2025 16:46:04 GMT
23:46:04.163 [main] DEBUG org.apache.http.headers -- http-outgoing-16 << Connection: keep-alive
23:46:04.163 [main] DEBUG org.apache.http.headers -- http-outgoing-16 << Keep-Alive: timeout=5
23:46:04.164 [main] DEBUG org.apache.http.impl.execchain.MainClientExec -- Connection can be kept alive for 5000 MILLISECONDS
23:46:04.164 [main] DEBUG org.apache.http.impl.conn.PoolingHttpClientConnectionManager -- Connection [id: 16][route: {}->http://localhost:3000] can be kept alive for 5.0 seconds
23:46:04.164 [main] DEBUG org.apache.http.impl.conn.DefaultManagedHttpClientConnection -- http-outgoing-16: set socket timeout to 0
23:46:04.164 [main] DEBUG org.apache.http.impl.conn.PoolingHttpClientConnectionManager -- Connection released: [id: 16][route: {}->http://localhost:3000][total available: 1; route allocated: 1 of 5; total allocated: 1 of 10]
23:46:04.164 [main] DEBUG org.apache.http.impl.conn.PoolingHttpClientConnectionManager -- Connection manager is shutting down
23:46:04.164 [main] DEBUG org.apache.http.impl.conn.DefaultManagedHttpClientConnection -- http-outgoing-16: Close connection
23:46:04.164 [main] DEBUG org.apache.http.impl.conn.PoolingHttpClientConnectionManager -- Connection manager shut down
23:46:04.164 [main] DEBUG com.intuit.karate -- response time in milliseconds: 3
1 < 400
1 < X-Powered-By: Express
1 < Access-Control-Allow-Origin: *
1 < Content-Type: application/json; charset=utf-8
1 < Content-Length: 139
1 < ETag: W/"8b-cC+TitPS/Qi/KOpGeF8p+eHXDWk"
1 < Date: Tue, 17 Jun 2025 16:46:04 GMT
1 < Connection: keep-alive
1 < Keep-Alive: timeout=5
{
  "success": false,
  "statusCode": 400,
  "message": "D? li?u không h?p l?",
  "path": "/auth/register",
  "timestamp": "2025-06-17T16:46:04.162Z"
}


23:46:04.164 [main] DEBUG com.intuit.karate.core.ScenarioEngine -- over-writing existing variable 'responseStatus' with new value: karate.get('responseStatus')
23:46:04.165 [main] DEBUG com.intuit.karate.core.ScenarioEngine -- over-writing existing variable 'response' with new value: karate.get('response')
23:46:04.165 [main] INFO com.intuit.karate -- [print] Register API called with: 
23:46:04.165 [main] INFO com.intuit.karate -- [print] Request: {
  "email": "test17@example.com",
  "password": "Password123",
  "name": "John Doe",
  "username": "johndoe17",
  "phoneNumber": "0987 654 321"
}
 
23:46:04.165 [main] INFO com.intuit.karate -- [print] Response Status: 400 
23:46:04.166 [main] INFO com.intuit.karate -- [print] Response Body: {
  "success": false,
  "statusCode": 400,
  "message": "D? li?u không h?p l?",
  "path": "/auth/register",
  "timestamp": "2025-06-17T16:46:04.162Z"
}
 
23:46:04.166 [main] INFO com.intuit.karate -- ? TEST CASE #17 PASSED 
23:46:04.166 [main] INFO com.intuit.karate -- Actual Status: 400 
23:46:04.166 [main] INFO com.intuit.karate -- Actual Result: {"success":false,"statusCode":400,"message":"D? li?u không h?p l?","path":"/auth/register","timestamp":"2025-06-17T16:46:04.162Z"} 
23:46:04.166 [main] INFO com.intuit.karate -- Test Result: PASS 
23:46:04.166 [main] INFO com.intuit.karate -- ========================================== 
23:46:04.166 [main] INFO com.intuit.karate -- ========================================== 
23:46:04.166 [main] INFO com.intuit.karate -- ?ANG CH?Y TEST CASE #18/30 
23:46:04.167 [main] INFO com.intuit.karate -- Description: TC18: S? ?i?n tho?i có mã qu?c gia - Ki?m tra khi có d?u + và mã qu?c gia 
23:46:04.167 [main] INFO com.intuit.karate -- Email: "test18@example.com" 
23:46:04.167 [main] INFO com.intuit.karate -- Password: "Password123" 
23:46:04.167 [main] INFO com.intuit.karate -- Name: "John Doe" 
23:46:04.167 [main] INFO com.intuit.karate -- Username: "johndoe18" 
23:46:04.167 [main] INFO com.intuit.karate -- PhoneNumber: "+84987654321" 
23:46:04.167 [main] INFO com.intuit.karate -- Expected Status: 400 
23:46:04.167 [main] INFO com.intuit.karate -- Expected Result: {"error": "S? ?i?n tho?i ph?i có 10 ho?c 11 ch? s?"} 
23:46:04.167 [main] INFO com.intuit.karate -- ========================================== 
23:46:04.172 [main] INFO com.intuit.karate -- karate.env system property was: null 
23:46:04.172 [main] DEBUG com.jayway.jsonpath.internal.path.CompiledPath -- Evaluating path: $
23:46:04.174 [main] DEBUG org.apache.http.client.protocol.RequestAddCookies -- CookieSpec selected: karate
23:46:04.174 [main] DEBUG org.apache.http.client.protocol.RequestAuthCache -- Auth cache not set in the context
23:46:04.174 [main] DEBUG com.intuit.karate -- request:
1 > POST http://localhost:3000/auth/register
1 > Content-Type: application/json; charset=UTF-8
1 > Content-Length: 125
1 > Host: localhost:3000
1 > Connection: Keep-Alive
1 > User-Agent: Apache-HttpClient/4.5.14 (Java/17.0.9)
1 > Accept-Encoding: gzip,deflate
{
  "email": "test18@example.com",
  "password": "Password123",
  "name": "John Doe",
  "username": "johndoe18",
  "phoneNumber": "+84987654321"
}


23:46:04.174 [main] DEBUG org.apache.http.impl.conn.PoolingHttpClientConnectionManager -- Connection request: [route: {}->http://localhost:3000][total available: 0; route allocated: 0 of 5; total allocated: 0 of 10]
23:46:04.174 [main] DEBUG org.apache.http.impl.conn.PoolingHttpClientConnectionManager -- Connection leased: [id: 17][route: {}->http://localhost:3000][total available: 0; route allocated: 1 of 5; total allocated: 1 of 10]
23:46:04.174 [main] DEBUG org.apache.http.impl.execchain.MainClientExec -- Opening connection {}->http://localhost:3000
23:46:04.174 [main] DEBUG org.apache.http.impl.conn.DefaultHttpClientConnectionOperator -- Connecting to localhost/127.0.0.1:3000
23:46:04.174 [main] DEBUG org.apache.http.impl.conn.DefaultHttpClientConnectionOperator -- Connection established 127.0.0.1:65060<->127.0.0.1:3000
23:46:04.174 [main] DEBUG org.apache.http.impl.conn.DefaultManagedHttpClientConnection -- http-outgoing-17: set socket timeout to 5000
23:46:04.175 [main] DEBUG org.apache.http.impl.execchain.MainClientExec -- Executing request POST /auth/register HTTP/1.1
23:46:04.175 [main] DEBUG org.apache.http.impl.execchain.MainClientExec -- Target auth state: UNCHALLENGED
23:46:04.175 [main] DEBUG org.apache.http.impl.execchain.MainClientExec -- Proxy auth state: UNCHALLENGED
23:46:04.175 [main] DEBUG org.apache.http.headers -- http-outgoing-17 >> POST /auth/register HTTP/1.1
23:46:04.175 [main] DEBUG org.apache.http.headers -- http-outgoing-17 >> Content-Type: application/json; charset=UTF-8
23:46:04.175 [main] DEBUG org.apache.http.headers -- http-outgoing-17 >> Content-Length: 125
23:46:04.175 [main] DEBUG org.apache.http.headers -- http-outgoing-17 >> Host: localhost:3000
23:46:04.175 [main] DEBUG org.apache.http.headers -- http-outgoing-17 >> Connection: Keep-Alive
23:46:04.175 [main] DEBUG org.apache.http.headers -- http-outgoing-17 >> User-Agent: Apache-HttpClient/4.5.14 (Java/17.0.9)
23:46:04.175 [main] DEBUG org.apache.http.headers -- http-outgoing-17 >> Accept-Encoding: gzip,deflate
23:46:04.175 [main] DEBUG org.apache.http.wire -- http-outgoing-17 >> "POST /auth/register HTTP/1.1[\r][\n]"
23:46:04.175 [main] DEBUG org.apache.http.wire -- http-outgoing-17 >> "Content-Type: application/json; charset=UTF-8[\r][\n]"
23:46:04.175 [main] DEBUG org.apache.http.wire -- http-outgoing-17 >> "Content-Length: 125[\r][\n]"
23:46:04.175 [main] DEBUG org.apache.http.wire -- http-outgoing-17 >> "Host: localhost:3000[\r][\n]"
23:46:04.175 [main] DEBUG org.apache.http.wire -- http-outgoing-17 >> "Connection: Keep-Alive[\r][\n]"
23:46:04.175 [main] DEBUG org.apache.http.wire -- http-outgoing-17 >> "User-Agent: Apache-HttpClient/4.5.14 (Java/17.0.9)[\r][\n]"
23:46:04.175 [main] DEBUG org.apache.http.wire -- http-outgoing-17 >> "Accept-Encoding: gzip,deflate[\r][\n]"
23:46:04.175 [main] DEBUG org.apache.http.wire -- http-outgoing-17 >> "[\r][\n]"
23:46:04.175 [main] DEBUG org.apache.http.wire -- http-outgoing-17 >> "{"email":"test18@example.com","password":"Password123","name":"John Doe","username":"johndoe18","phoneNumber":"+84987654321"}"
23:46:04.176 [main] DEBUG org.apache.http.wire -- http-outgoing-17 << "HTTP/1.1 400 Bad Request[\r][\n]"
23:46:04.176 [main] DEBUG org.apache.http.wire -- http-outgoing-17 << "X-Powered-By: Express[\r][\n]"
23:46:04.176 [main] DEBUG org.apache.http.wire -- http-outgoing-17 << "Access-Control-Allow-Origin: *[\r][\n]"
23:46:04.176 [main] DEBUG org.apache.http.wire -- http-outgoing-17 << "Content-Type: application/json; charset=utf-8[\r][\n]"
23:46:04.176 [main] DEBUG org.apache.http.wire -- http-outgoing-17 << "Content-Length: 139[\r][\n]"
23:46:04.176 [main] DEBUG org.apache.http.wire -- http-outgoing-17 << "ETag: W/"8b-dMaHx+EO1g/DeG0VzU7QIYoQ7NE"[\r][\n]"
23:46:04.176 [main] DEBUG org.apache.http.wire -- http-outgoing-17 << "Date: Tue, 17 Jun 2025 16:46:04 GMT[\r][\n]"
23:46:04.176 [main] DEBUG org.apache.http.wire -- http-outgoing-17 << "Connection: keep-alive[\r][\n]"
23:46:04.176 [main] DEBUG org.apache.http.wire -- http-outgoing-17 << "Keep-Alive: timeout=5[\r][\n]"
23:46:04.176 [main] DEBUG org.apache.http.wire -- http-outgoing-17 << "[\r][\n]"
23:46:04.176 [main] DEBUG org.apache.http.wire -- http-outgoing-17 << "{"success":false,"statusCode":400,"message":"D[0xe1][0xbb][0xaf] li[0xe1][0xbb][0x87]u kh[0xc3][0xb4]ng h[0xe1][0xbb][0xa3]p l[0xe1][0xbb][0x87]","path":"/auth/register","timestamp":"2025-06-17T16:46:04.176Z"}"
23:46:04.176 [main] DEBUG org.apache.http.headers -- http-outgoing-17 << HTTP/1.1 400 Bad Request
23:46:04.177 [main] DEBUG org.apache.http.headers -- http-outgoing-17 << X-Powered-By: Express
23:46:04.177 [main] DEBUG org.apache.http.headers -- http-outgoing-17 << Access-Control-Allow-Origin: *
23:46:04.177 [main] DEBUG org.apache.http.headers -- http-outgoing-17 << Content-Type: application/json; charset=utf-8
23:46:04.177 [main] DEBUG org.apache.http.headers -- http-outgoing-17 << Content-Length: 139
23:46:04.177 [main] DEBUG org.apache.http.headers -- http-outgoing-17 << ETag: W/"8b-dMaHx+EO1g/DeG0VzU7QIYoQ7NE"
23:46:04.177 [main] DEBUG org.apache.http.headers -- http-outgoing-17 << Date: Tue, 17 Jun 2025 16:46:04 GMT
23:46:04.177 [main] DEBUG org.apache.http.headers -- http-outgoing-17 << Connection: keep-alive
23:46:04.177 [main] DEBUG org.apache.http.headers -- http-outgoing-17 << Keep-Alive: timeout=5
23:46:04.177 [main] DEBUG org.apache.http.impl.execchain.MainClientExec -- Connection can be kept alive for 5000 MILLISECONDS
23:46:04.177 [main] DEBUG org.apache.http.impl.conn.PoolingHttpClientConnectionManager -- Connection [id: 17][route: {}->http://localhost:3000] can be kept alive for 5.0 seconds
23:46:04.177 [main] DEBUG org.apache.http.impl.conn.DefaultManagedHttpClientConnection -- http-outgoing-17: set socket timeout to 0
23:46:04.177 [main] DEBUG org.apache.http.impl.conn.PoolingHttpClientConnectionManager -- Connection released: [id: 17][route: {}->http://localhost:3000][total available: 1; route allocated: 1 of 5; total allocated: 1 of 10]
23:46:04.177 [main] DEBUG org.apache.http.impl.conn.PoolingHttpClientConnectionManager -- Connection manager is shutting down
23:46:04.177 [main] DEBUG org.apache.http.impl.conn.DefaultManagedHttpClientConnection -- http-outgoing-17: Close connection
23:46:04.177 [main] DEBUG org.apache.http.impl.conn.PoolingHttpClientConnectionManager -- Connection manager shut down
23:46:04.177 [main] DEBUG com.intuit.karate -- response time in milliseconds: 3
1 < 400
1 < X-Powered-By: Express
1 < Access-Control-Allow-Origin: *
1 < Content-Type: application/json; charset=utf-8
1 < Content-Length: 139
1 < ETag: W/"8b-dMaHx+EO1g/DeG0VzU7QIYoQ7NE"
1 < Date: Tue, 17 Jun 2025 16:46:04 GMT
1 < Connection: keep-alive
1 < Keep-Alive: timeout=5
{
  "success": false,
  "statusCode": 400,
  "message": "D? li?u không h?p l?",
  "path": "/auth/register",
  "timestamp": "2025-06-17T16:46:04.176Z"
}


23:46:04.177 [main] DEBUG com.intuit.karate.core.ScenarioEngine -- over-writing existing variable 'responseStatus' with new value: karate.get('responseStatus')
23:46:04.178 [main] DEBUG com.intuit.karate.core.ScenarioEngine -- over-writing existing variable 'response' with new value: karate.get('response')
23:46:04.178 [main] INFO com.intuit.karate -- [print] Register API called with: 
23:46:04.178 [main] INFO com.intuit.karate -- [print] Request: {
  "email": "test18@example.com",
  "password": "Password123",
  "name": "John Doe",
  "username": "johndoe18",
  "phoneNumber": "+84987654321"
}
 
23:46:04.178 [main] INFO com.intuit.karate -- [print] Response Status: 400 
23:46:04.178 [main] INFO com.intuit.karate -- [print] Response Body: {
  "success": false,
  "statusCode": 400,
  "message": "D? li?u không h?p l?",
  "path": "/auth/register",
  "timestamp": "2025-06-17T16:46:04.176Z"
}
 
23:46:04.179 [main] INFO com.intuit.karate -- ? TEST CASE #18 PASSED 
23:46:04.179 [main] INFO com.intuit.karate -- Actual Status: 400 
23:46:04.179 [main] INFO com.intuit.karate -- Actual Result: {"success":false,"statusCode":400,"message":"D? li?u không h?p l?","path":"/auth/register","timestamp":"2025-06-17T16:46:04.176Z"} 
23:46:04.179 [main] INFO com.intuit.karate -- Test Result: PASS 
23:46:04.179 [main] INFO com.intuit.karate -- ========================================== 
23:46:04.180 [main] INFO com.intuit.karate -- ========================================== 
23:46:04.180 [main] INFO com.intuit.karate -- ?ANG CH?Y TEST CASE #19/30 
23:46:04.180 [main] INFO com.intuit.karate -- Description: TC19: T?t c? các tr??ng r?ng - Ki?m tra khi t?t c? các tr??ng ?? tr?ng 
23:46:04.180 [main] INFO com.intuit.karate -- Email: "" 
23:46:04.180 [main] INFO com.intuit.karate -- Password: "" 
23:46:04.180 [main] INFO com.intuit.karate -- Name: "" 
23:46:04.180 [main] INFO com.intuit.karate -- Username: "" 
23:46:04.180 [main] INFO com.intuit.karate -- PhoneNumber: "" 
23:46:04.180 [main] INFO com.intuit.karate -- Expected Status: 400 
23:46:04.180 [main] INFO com.intuit.karate -- Expected Result: {"error": "All fields are required"} 
23:46:04.180 [main] INFO com.intuit.karate -- ========================================== 
23:46:04.187 [main] INFO com.intuit.karate -- karate.env system property was: null 
23:46:04.188 [main] DEBUG com.jayway.jsonpath.internal.path.CompiledPath -- Evaluating path: $
23:46:04.190 [main] DEBUG org.apache.http.client.protocol.RequestAddCookies -- CookieSpec selected: karate
23:46:04.190 [main] DEBUG org.apache.http.client.protocol.RequestAuthCache -- Auth cache not set in the context
23:46:04.190 [main] DEBUG com.intuit.karate -- request:
1 > POST http://localhost:3000/auth/register
1 > Content-Type: application/json; charset=UTF-8
1 > Content-Length: 67
1 > Host: localhost:3000
1 > Connection: Keep-Alive
1 > User-Agent: Apache-HttpClient/4.5.14 (Java/17.0.9)
1 > Accept-Encoding: gzip,deflate
{
  "email": "",
  "password": "",
  "name": "",
  "username": "",
  "phoneNumber": ""
}


23:46:04.190 [main] DEBUG org.apache.http.impl.conn.PoolingHttpClientConnectionManager -- Connection request: [route: {}->http://localhost:3000][total available: 0; route allocated: 0 of 5; total allocated: 0 of 10]
23:46:04.190 [main] DEBUG org.apache.http.impl.conn.PoolingHttpClientConnectionManager -- Connection leased: [id: 18][route: {}->http://localhost:3000][total available: 0; route allocated: 1 of 5; total allocated: 1 of 10]
23:46:04.190 [main] DEBUG org.apache.http.impl.execchain.MainClientExec -- Opening connection {}->http://localhost:3000
23:46:04.192 [main] DEBUG org.apache.http.impl.conn.DefaultHttpClientConnectionOperator -- Connecting to localhost/127.0.0.1:3000
23:46:04.192 [main] DEBUG org.apache.http.impl.conn.DefaultHttpClientConnectionOperator -- Connection established 127.0.0.1:65061<->127.0.0.1:3000
23:46:04.192 [main] DEBUG org.apache.http.impl.conn.DefaultManagedHttpClientConnection -- http-outgoing-18: set socket timeout to 5000
23:46:04.192 [main] DEBUG org.apache.http.impl.execchain.MainClientExec -- Executing request POST /auth/register HTTP/1.1
23:46:04.192 [main] DEBUG org.apache.http.impl.execchain.MainClientExec -- Target auth state: UNCHALLENGED
23:46:04.192 [main] DEBUG org.apache.http.impl.execchain.MainClientExec -- Proxy auth state: UNCHALLENGED
23:46:04.192 [main] DEBUG org.apache.http.headers -- http-outgoing-18 >> POST /auth/register HTTP/1.1
23:46:04.192 [main] DEBUG org.apache.http.headers -- http-outgoing-18 >> Content-Type: application/json; charset=UTF-8
23:46:04.192 [main] DEBUG org.apache.http.headers -- http-outgoing-18 >> Content-Length: 67
23:46:04.192 [main] DEBUG org.apache.http.headers -- http-outgoing-18 >> Host: localhost:3000
23:46:04.192 [main] DEBUG org.apache.http.headers -- http-outgoing-18 >> Connection: Keep-Alive
23:46:04.192 [main] DEBUG org.apache.http.headers -- http-outgoing-18 >> User-Agent: Apache-HttpClient/4.5.14 (Java/17.0.9)
23:46:04.192 [main] DEBUG org.apache.http.headers -- http-outgoing-18 >> Accept-Encoding: gzip,deflate
23:46:04.192 [main] DEBUG org.apache.http.wire -- http-outgoing-18 >> "POST /auth/register HTTP/1.1[\r][\n]"
23:46:04.192 [main] DEBUG org.apache.http.wire -- http-outgoing-18 >> "Content-Type: application/json; charset=UTF-8[\r][\n]"
23:46:04.192 [main] DEBUG org.apache.http.wire -- http-outgoing-18 >> "Content-Length: 67[\r][\n]"
23:46:04.192 [main] DEBUG org.apache.http.wire -- http-outgoing-18 >> "Host: localhost:3000[\r][\n]"
23:46:04.192 [main] DEBUG org.apache.http.wire -- http-outgoing-18 >> "Connection: Keep-Alive[\r][\n]"
23:46:04.192 [main] DEBUG org.apache.http.wire -- http-outgoing-18 >> "User-Agent: Apache-HttpClient/4.5.14 (Java/17.0.9)[\r][\n]"
23:46:04.192 [main] DEBUG org.apache.http.wire -- http-outgoing-18 >> "Accept-Encoding: gzip,deflate[\r][\n]"
23:46:04.192 [main] DEBUG org.apache.http.wire -- http-outgoing-18 >> "[\r][\n]"
23:46:04.192 [main] DEBUG org.apache.http.wire -- http-outgoing-18 >> "{"email":"","password":"","name":"","username":"","phoneNumber":""}"
23:46:04.194 [main] DEBUG org.apache.http.wire -- http-outgoing-18 << "HTTP/1.1 400 Bad Request[\r][\n]"
23:46:04.194 [main] DEBUG org.apache.http.wire -- http-outgoing-18 << "X-Powered-By: Express[\r][\n]"
23:46:04.194 [main] DEBUG org.apache.http.wire -- http-outgoing-18 << "Access-Control-Allow-Origin: *[\r][\n]"
23:46:04.194 [main] DEBUG org.apache.http.wire -- http-outgoing-18 << "Content-Type: application/json; charset=utf-8[\r][\n]"
23:46:04.194 [main] DEBUG org.apache.http.wire -- http-outgoing-18 << "Content-Length: 139[\r][\n]"
23:46:04.194 [main] DEBUG org.apache.http.wire -- http-outgoing-18 << "ETag: W/"8b-ys4EA1ytNJEwuYrgwtJQ2iUvHCw"[\r][\n]"
23:46:04.194 [main] DEBUG org.apache.http.wire -- http-outgoing-18 << "Date: Tue, 17 Jun 2025 16:46:04 GMT[\r][\n]"
23:46:04.194 [main] DEBUG org.apache.http.wire -- http-outgoing-18 << "Connection: keep-alive[\r][\n]"
23:46:04.194 [main] DEBUG org.apache.http.wire -- http-outgoing-18 << "Keep-Alive: timeout=5[\r][\n]"
23:46:04.194 [main] DEBUG org.apache.http.wire -- http-outgoing-18 << "[\r][\n]"
23:46:04.194 [main] DEBUG org.apache.http.wire -- http-outgoing-18 << "{"success":false,"statusCode":400,"message":"D[0xe1][0xbb][0xaf] li[0xe1][0xbb][0x87]u kh[0xc3][0xb4]ng h[0xe1][0xbb][0xa3]p l[0xe1][0xbb][0x87]","path":"/auth/register","timestamp":"2025-06-17T16:46:04.193Z"}"
23:46:04.194 [main] DEBUG org.apache.http.headers -- http-outgoing-18 << HTTP/1.1 400 Bad Request
23:46:04.194 [main] DEBUG org.apache.http.headers -- http-outgoing-18 << X-Powered-By: Express
23:46:04.194 [main] DEBUG org.apache.http.headers -- http-outgoing-18 << Access-Control-Allow-Origin: *
23:46:04.194 [main] DEBUG org.apache.http.headers -- http-outgoing-18 << Content-Type: application/json; charset=utf-8
23:46:04.194 [main] DEBUG org.apache.http.headers -- http-outgoing-18 << Content-Length: 139
23:46:04.194 [main] DEBUG org.apache.http.headers -- http-outgoing-18 << ETag: W/"8b-ys4EA1ytNJEwuYrgwtJQ2iUvHCw"
23:46:04.194 [main] DEBUG org.apache.http.headers -- http-outgoing-18 << Date: Tue, 17 Jun 2025 16:46:04 GMT
23:46:04.194 [main] DEBUG org.apache.http.headers -- http-outgoing-18 << Connection: keep-alive
23:46:04.194 [main] DEBUG org.apache.http.headers -- http-outgoing-18 << Keep-Alive: timeout=5
23:46:04.195 [main] DEBUG org.apache.http.impl.execchain.MainClientExec -- Connection can be kept alive for 5000 MILLISECONDS
23:46:04.195 [main] DEBUG org.apache.http.impl.conn.PoolingHttpClientConnectionManager -- Connection [id: 18][route: {}->http://localhost:3000] can be kept alive for 5.0 seconds
23:46:04.195 [main] DEBUG org.apache.http.impl.conn.DefaultManagedHttpClientConnection -- http-outgoing-18: set socket timeout to 0
23:46:04.195 [main] DEBUG org.apache.http.impl.conn.PoolingHttpClientConnectionManager -- Connection released: [id: 18][route: {}->http://localhost:3000][total available: 1; route allocated: 1 of 5; total allocated: 1 of 10]
23:46:04.195 [main] DEBUG org.apache.http.impl.conn.PoolingHttpClientConnectionManager -- Connection manager is shutting down
23:46:04.195 [main] DEBUG org.apache.http.impl.conn.DefaultManagedHttpClientConnection -- http-outgoing-18: Close connection
23:46:04.195 [main] DEBUG org.apache.http.impl.conn.PoolingHttpClientConnectionManager -- Connection manager shut down
23:46:04.195 [main] DEBUG com.intuit.karate -- response time in milliseconds: 5
1 < 400
1 < X-Powered-By: Express
1 < Access-Control-Allow-Origin: *
1 < Content-Type: application/json; charset=utf-8
1 < Content-Length: 139
1 < ETag: W/"8b-ys4EA1ytNJEwuYrgwtJQ2iUvHCw"
1 < Date: Tue, 17 Jun 2025 16:46:04 GMT
1 < Connection: keep-alive
1 < Keep-Alive: timeout=5
{
  "success": false,
  "statusCode": 400,
  "message": "D? li?u không h?p l?",
  "path": "/auth/register",
  "timestamp": "2025-06-17T16:46:04.193Z"
}


23:46:04.195 [main] DEBUG com.intuit.karate.core.ScenarioEngine -- over-writing existing variable 'responseStatus' with new value: karate.get('responseStatus')
23:46:04.196 [main] DEBUG com.intuit.karate.core.ScenarioEngine -- over-writing existing variable 'response' with new value: karate.get('response')
23:46:04.196 [main] INFO com.intuit.karate -- [print] Register API called with: 
23:46:04.196 [main] INFO com.intuit.karate -- [print] Request: {
  "email": "",
  "password": "",
  "name": "",
  "username": "",
  "phoneNumber": ""
}
 
23:46:04.196 [main] INFO com.intuit.karate -- [print] Response Status: 400 
23:46:04.196 [main] INFO com.intuit.karate -- [print] Response Body: {
  "success": false,
  "statusCode": 400,
  "message": "D? li?u không h?p l?",
  "path": "/auth/register",
  "timestamp": "2025-06-17T16:46:04.193Z"
}
 
23:46:04.197 [main] INFO com.intuit.karate -- ? TEST CASE #19 PASSED 
23:46:04.197 [main] INFO com.intuit.karate -- Actual Status: 400 
23:46:04.197 [main] INFO com.intuit.karate -- Actual Result: {"success":false,"statusCode":400,"message":"D? li?u không h?p l?","path":"/auth/register","timestamp":"2025-06-17T16:46:04.193Z"} 
23:46:04.197 [main] INFO com.intuit.karate -- Test Result: PASS 
23:46:04.197 [main] INFO com.intuit.karate -- ========================================== 
23:46:04.198 [main] INFO com.intuit.karate -- ========================================== 
23:46:04.198 [main] INFO com.intuit.karate -- ?ANG CH?Y TEST CASE #20/30 
23:46:04.198 [main] INFO com.intuit.karate -- Description: TC20: Username ch?a ký t? ??c bi?t - Ki?m tra khi username ch?a ký t? không cho phép 
23:46:04.198 [main] INFO com.intuit.karate -- Email: "test20@example.com" 
23:46:04.198 [main] INFO com.intuit.karate -- Password: "Password123" 
23:46:04.198 [main] INFO com.intuit.karate -- Name: "John Doe" 
23:46:04.198 [main] INFO com.intuit.karate -- Username: "john@doe" 
23:46:04.198 [main] INFO com.intuit.karate -- PhoneNumber: "0987654321" 
23:46:04.198 [main] INFO com.intuit.karate -- Expected Status: 400 
23:46:04.198 [main] INFO com.intuit.karate -- Expected Result: {"error": "Username contains invalid characters"} 
23:46:04.198 [main] INFO com.intuit.karate -- ========================================== 
23:46:04.204 [main] INFO com.intuit.karate -- karate.env system property was: null 
23:46:04.206 [main] DEBUG com.jayway.jsonpath.internal.path.CompiledPath -- Evaluating path: $
23:46:04.207 [main] DEBUG org.apache.http.client.protocol.RequestAddCookies -- CookieSpec selected: karate
23:46:04.207 [main] DEBUG org.apache.http.client.protocol.RequestAuthCache -- Auth cache not set in the context
23:46:04.207 [main] DEBUG com.intuit.karate -- request:
1 > POST http://localhost:3000/auth/register
1 > Content-Type: application/json; charset=UTF-8
1 > Content-Length: 122
1 > Host: localhost:3000
1 > Connection: Keep-Alive
1 > User-Agent: Apache-HttpClient/4.5.14 (Java/17.0.9)
1 > Accept-Encoding: gzip,deflate
{
  "email": "test20@example.com",
  "password": "Password123",
  "name": "John Doe",
  "username": "john@doe",
  "phoneNumber": "0987654321"
}


23:46:04.207 [main] DEBUG org.apache.http.impl.conn.PoolingHttpClientConnectionManager -- Connection request: [route: {}->http://localhost:3000][total available: 0; route allocated: 0 of 5; total allocated: 0 of 10]
23:46:04.207 [main] DEBUG org.apache.http.impl.conn.PoolingHttpClientConnectionManager -- Connection leased: [id: 19][route: {}->http://localhost:3000][total available: 0; route allocated: 1 of 5; total allocated: 1 of 10]
23:46:04.207 [main] DEBUG org.apache.http.impl.execchain.MainClientExec -- Opening connection {}->http://localhost:3000
23:46:04.207 [main] DEBUG org.apache.http.impl.conn.DefaultHttpClientConnectionOperator -- Connecting to localhost/127.0.0.1:3000
23:46:04.208 [main] DEBUG org.apache.http.impl.conn.DefaultHttpClientConnectionOperator -- Connection established 127.0.0.1:65062<->127.0.0.1:3000
23:46:04.208 [main] DEBUG org.apache.http.impl.conn.DefaultManagedHttpClientConnection -- http-outgoing-19: set socket timeout to 5000
23:46:04.208 [main] DEBUG org.apache.http.impl.execchain.MainClientExec -- Executing request POST /auth/register HTTP/1.1
23:46:04.208 [main] DEBUG org.apache.http.impl.execchain.MainClientExec -- Target auth state: UNCHALLENGED
23:46:04.208 [main] DEBUG org.apache.http.impl.execchain.MainClientExec -- Proxy auth state: UNCHALLENGED
23:46:04.208 [main] DEBUG org.apache.http.headers -- http-outgoing-19 >> POST /auth/register HTTP/1.1
23:46:04.208 [main] DEBUG org.apache.http.headers -- http-outgoing-19 >> Content-Type: application/json; charset=UTF-8
23:46:04.208 [main] DEBUG org.apache.http.headers -- http-outgoing-19 >> Content-Length: 122
23:46:04.208 [main] DEBUG org.apache.http.headers -- http-outgoing-19 >> Host: localhost:3000
23:46:04.208 [main] DEBUG org.apache.http.headers -- http-outgoing-19 >> Connection: Keep-Alive
23:46:04.208 [main] DEBUG org.apache.http.headers -- http-outgoing-19 >> User-Agent: Apache-HttpClient/4.5.14 (Java/17.0.9)
23:46:04.208 [main] DEBUG org.apache.http.headers -- http-outgoing-19 >> Accept-Encoding: gzip,deflate
23:46:04.208 [main] DEBUG org.apache.http.wire -- http-outgoing-19 >> "POST /auth/register HTTP/1.1[\r][\n]"
23:46:04.208 [main] DEBUG org.apache.http.wire -- http-outgoing-19 >> "Content-Type: application/json; charset=UTF-8[\r][\n]"
23:46:04.208 [main] DEBUG org.apache.http.wire -- http-outgoing-19 >> "Content-Length: 122[\r][\n]"
23:46:04.208 [main] DEBUG org.apache.http.wire -- http-outgoing-19 >> "Host: localhost:3000[\r][\n]"
23:46:04.208 [main] DEBUG org.apache.http.wire -- http-outgoing-19 >> "Connection: Keep-Alive[\r][\n]"
23:46:04.208 [main] DEBUG org.apache.http.wire -- http-outgoing-19 >> "User-Agent: Apache-HttpClient/4.5.14 (Java/17.0.9)[\r][\n]"
23:46:04.208 [main] DEBUG org.apache.http.wire -- http-outgoing-19 >> "Accept-Encoding: gzip,deflate[\r][\n]"
23:46:04.208 [main] DEBUG org.apache.http.wire -- http-outgoing-19 >> "[\r][\n]"
23:46:04.208 [main] DEBUG org.apache.http.wire -- http-outgoing-19 >> "{"email":"test20@example.com","password":"Password123","name":"John Doe","username":"john@doe","phoneNumber":"0987654321"}"
23:46:04.238 [main] DEBUG org.apache.http.wire -- http-outgoing-19 << "HTTP/1.1 409 Conflict[\r][\n]"
23:46:04.238 [main] DEBUG org.apache.http.wire -- http-outgoing-19 << "X-Powered-By: Express[\r][\n]"
23:46:04.238 [main] DEBUG org.apache.http.wire -- http-outgoing-19 << "Access-Control-Allow-Origin: *[\r][\n]"
23:46:04.238 [main] DEBUG org.apache.http.wire -- http-outgoing-19 << "Content-Type: application/json; charset=utf-8[\r][\n]"
23:46:04.238 [main] DEBUG org.apache.http.wire -- http-outgoing-19 << "Content-Length: 158[\r][\n]"
23:46:04.238 [main] DEBUG org.apache.http.wire -- http-outgoing-19 << "ETag: W/"9e-ypIcmJF22jlSiWgq3y/VyKPs6JE"[\r][\n]"
23:46:04.238 [main] DEBUG org.apache.http.wire -- http-outgoing-19 << "Date: Tue, 17 Jun 2025 16:46:04 GMT[\r][\n]"
23:46:04.238 [main] DEBUG org.apache.http.wire -- http-outgoing-19 << "Connection: keep-alive[\r][\n]"
23:46:04.238 [main] DEBUG org.apache.http.wire -- http-outgoing-19 << "Keep-Alive: timeout=5[\r][\n]"
23:46:04.238 [main] DEBUG org.apache.http.wire -- http-outgoing-19 << "[\r][\n]"
23:46:04.238 [main] DEBUG org.apache.http.wire -- http-outgoing-19 << "{"success":false,"statusCode":409,"message":"Email ho[0xe1][0xba][0xb7]c t[0xc3][0xaa]n [0xc4][0x91][0xc4][0x83]ng nh[0xe1][0xba][0xad]p [0xc4][0x91][0xc3][0xa3] t[0xe1][0xbb][0x93]n t[0xe1][0xba][0xa1]i","path":"/auth/register","timestamp":"2025-06-17T16:46:04.237Z"}"
23:46:04.238 [main] DEBUG org.apache.http.headers -- http-outgoing-19 << HTTP/1.1 409 Conflict
23:46:04.238 [main] DEBUG org.apache.http.headers -- http-outgoing-19 << X-Powered-By: Express
23:46:04.238 [main] DEBUG org.apache.http.headers -- http-outgoing-19 << Access-Control-Allow-Origin: *
23:46:04.238 [main] DEBUG org.apache.http.headers -- http-outgoing-19 << Content-Type: application/json; charset=utf-8
23:46:04.238 [main] DEBUG org.apache.http.headers -- http-outgoing-19 << Content-Length: 158
23:46:04.238 [main] DEBUG org.apache.http.headers -- http-outgoing-19 << ETag: W/"9e-ypIcmJF22jlSiWgq3y/VyKPs6JE"
23:46:04.238 [main] DEBUG org.apache.http.headers -- http-outgoing-19 << Date: Tue, 17 Jun 2025 16:46:04 GMT
23:46:04.238 [main] DEBUG org.apache.http.headers -- http-outgoing-19 << Connection: keep-alive
23:46:04.238 [main] DEBUG org.apache.http.headers -- http-outgoing-19 << Keep-Alive: timeout=5
23:46:04.238 [main] DEBUG org.apache.http.impl.execchain.MainClientExec -- Connection can be kept alive for 5000 MILLISECONDS
23:46:04.239 [main] DEBUG org.apache.http.impl.conn.PoolingHttpClientConnectionManager -- Connection [id: 19][route: {}->http://localhost:3000] can be kept alive for 5.0 seconds
23:46:04.239 [main] DEBUG org.apache.http.impl.conn.DefaultManagedHttpClientConnection -- http-outgoing-19: set socket timeout to 0
23:46:04.239 [main] DEBUG org.apache.http.impl.conn.PoolingHttpClientConnectionManager -- Connection released: [id: 19][route: {}->http://localhost:3000][total available: 1; route allocated: 1 of 5; total allocated: 1 of 10]
23:46:04.239 [main] DEBUG org.apache.http.impl.conn.PoolingHttpClientConnectionManager -- Connection manager is shutting down
23:46:04.239 [main] DEBUG org.apache.http.impl.conn.DefaultManagedHttpClientConnection -- http-outgoing-19: Close connection
23:46:04.239 [main] DEBUG org.apache.http.impl.conn.PoolingHttpClientConnectionManager -- Connection manager shut down
23:46:04.239 [main] DEBUG com.intuit.karate -- response time in milliseconds: 32
1 < 409
1 < X-Powered-By: Express
1 < Access-Control-Allow-Origin: *
1 < Content-Type: application/json; charset=utf-8
1 < Content-Length: 158
1 < ETag: W/"9e-ypIcmJF22jlSiWgq3y/VyKPs6JE"
1 < Date: Tue, 17 Jun 2025 16:46:04 GMT
1 < Connection: keep-alive
1 < Keep-Alive: timeout=5
{
  "success": false,
  "statusCode": 409,
  "message": "Email ho?c tên ??ng nh?p ?ã t?n t?i",
  "path": "/auth/register",
  "timestamp": "2025-06-17T16:46:04.237Z"
}


23:46:04.239 [main] DEBUG com.intuit.karate.core.ScenarioEngine -- over-writing existing variable 'responseStatus' with new value: karate.get('responseStatus')
23:46:04.241 [main] DEBUG com.intuit.karate.core.ScenarioEngine -- over-writing existing variable 'response' with new value: karate.get('response')
23:46:04.241 [main] INFO com.intuit.karate -- [print] Register API called with: 
23:46:04.241 [main] INFO com.intuit.karate -- [print] Request: {
  "email": "test20@example.com",
  "password": "Password123",
  "name": "John Doe",
  "username": "john@doe",
  "phoneNumber": "0987654321"
}
 
23:46:04.241 [main] INFO com.intuit.karate -- [print] Response Status: 409 
23:46:04.241 [main] INFO com.intuit.karate -- [print] Response Body: {
  "success": false,
  "statusCode": 409,
  "message": "Email ho?c tên ??ng nh?p ?ã t?n t?i",
  "path": "/auth/register",
  "timestamp": "2025-06-17T16:46:04.237Z"
}
 
23:46:04.241 [main] INFO com.intuit.karate -- ? TEST CASE #20 FAILED 
23:46:04.241 [main] INFO com.intuit.karate --   Expected Status: 400 
23:46:04.241 [main] INFO com.intuit.karate --   Actual Status: 409 
23:46:04.242 [main] INFO com.intuit.karate -- Actual Status: 409 
23:46:04.242 [main] INFO com.intuit.karate -- Actual Result: {"success":false,"statusCode":409,"message":"Email ho?c tên ??ng nh?p ?ã t?n t?i","path":"/auth/register","timestamp":"2025-06-17T16:46:04.237Z"} 
23:46:04.242 [main] INFO com.intuit.karate -- Test Result: FAIL 
23:46:04.242 [main] INFO com.intuit.karate -- ========================================== 
23:46:04.242 [main] INFO com.intuit.karate -- ========================================== 
23:46:04.242 [main] INFO com.intuit.karate -- ?ANG CH?Y TEST CASE #21/30 
23:46:04.242 [main] INFO com.intuit.karate -- Description: TC21: Password không ch?a s? - Ki?m tra khi password không ?áp ?ng yêu c?u ph?c t?p 
23:46:04.242 [main] INFO com.intuit.karate -- Email: "test21@example.com" 
23:46:04.242 [main] INFO com.intuit.karate -- Password: "password" 
23:46:04.242 [main] INFO com.intuit.karate -- Name: "John Doe" 
23:46:04.242 [main] INFO com.intuit.karate -- Username: "johndoe21" 
23:46:04.242 [main] INFO com.intuit.karate -- PhoneNumber: "0987654321" 
23:46:04.242 [main] INFO com.intuit.karate -- Expected Status: 400 
23:46:04.242 [main] INFO com.intuit.karate -- Expected Result: {"error": "Password must contain at least one number"} 
23:46:04.242 [main] INFO com.intuit.karate -- ========================================== 
23:46:04.248 [main] INFO com.intuit.karate -- karate.env system property was: null 
23:46:04.249 [main] DEBUG com.jayway.jsonpath.internal.path.CompiledPath -- Evaluating path: $
23:46:04.250 [main] DEBUG org.apache.http.client.protocol.RequestAddCookies -- CookieSpec selected: karate
23:46:04.250 [main] DEBUG org.apache.http.client.protocol.RequestAuthCache -- Auth cache not set in the context
23:46:04.250 [main] DEBUG com.intuit.karate -- request:
1 > POST http://localhost:3000/auth/register
1 > Content-Type: application/json; charset=UTF-8
1 > Content-Length: 120
1 > Host: localhost:3000
1 > Connection: Keep-Alive
1 > User-Agent: Apache-HttpClient/4.5.14 (Java/17.0.9)
1 > Accept-Encoding: gzip,deflate
{
  "email": "test21@example.com",
  "password": "password",
  "name": "John Doe",
  "username": "johndoe21",
  "phoneNumber": "0987654321"
}


23:46:04.250 [main] DEBUG org.apache.http.impl.conn.PoolingHttpClientConnectionManager -- Connection request: [route: {}->http://localhost:3000][total available: 0; route allocated: 0 of 5; total allocated: 0 of 10]
23:46:04.250 [main] DEBUG org.apache.http.impl.conn.PoolingHttpClientConnectionManager -- Connection leased: [id: 20][route: {}->http://localhost:3000][total available: 0; route allocated: 1 of 5; total allocated: 1 of 10]
23:46:04.250 [main] DEBUG org.apache.http.impl.execchain.MainClientExec -- Opening connection {}->http://localhost:3000
23:46:04.250 [main] DEBUG org.apache.http.impl.conn.DefaultHttpClientConnectionOperator -- Connecting to localhost/127.0.0.1:3000
23:46:04.251 [main] DEBUG org.apache.http.impl.conn.DefaultHttpClientConnectionOperator -- Connection established 127.0.0.1:65063<->127.0.0.1:3000
23:46:04.251 [main] DEBUG org.apache.http.impl.conn.DefaultManagedHttpClientConnection -- http-outgoing-20: set socket timeout to 5000
23:46:04.251 [main] DEBUG org.apache.http.impl.execchain.MainClientExec -- Executing request POST /auth/register HTTP/1.1
23:46:04.251 [main] DEBUG org.apache.http.impl.execchain.MainClientExec -- Target auth state: UNCHALLENGED
23:46:04.251 [main] DEBUG org.apache.http.impl.execchain.MainClientExec -- Proxy auth state: UNCHALLENGED
23:46:04.251 [main] DEBUG org.apache.http.headers -- http-outgoing-20 >> POST /auth/register HTTP/1.1
23:46:04.251 [main] DEBUG org.apache.http.headers -- http-outgoing-20 >> Content-Type: application/json; charset=UTF-8
23:46:04.251 [main] DEBUG org.apache.http.headers -- http-outgoing-20 >> Content-Length: 120
23:46:04.251 [main] DEBUG org.apache.http.headers -- http-outgoing-20 >> Host: localhost:3000
23:46:04.251 [main] DEBUG org.apache.http.headers -- http-outgoing-20 >> Connection: Keep-Alive
23:46:04.251 [main] DEBUG org.apache.http.headers -- http-outgoing-20 >> User-Agent: Apache-HttpClient/4.5.14 (Java/17.0.9)
23:46:04.251 [main] DEBUG org.apache.http.headers -- http-outgoing-20 >> Accept-Encoding: gzip,deflate
23:46:04.251 [main] DEBUG org.apache.http.wire -- http-outgoing-20 >> "POST /auth/register HTTP/1.1[\r][\n]"
23:46:04.251 [main] DEBUG org.apache.http.wire -- http-outgoing-20 >> "Content-Type: application/json; charset=UTF-8[\r][\n]"
23:46:04.251 [main] DEBUG org.apache.http.wire -- http-outgoing-20 >> "Content-Length: 120[\r][\n]"
23:46:04.251 [main] DEBUG org.apache.http.wire -- http-outgoing-20 >> "Host: localhost:3000[\r][\n]"
23:46:04.251 [main] DEBUG org.apache.http.wire -- http-outgoing-20 >> "Connection: Keep-Alive[\r][\n]"
23:46:04.251 [main] DEBUG org.apache.http.wire -- http-outgoing-20 >> "User-Agent: Apache-HttpClient/4.5.14 (Java/17.0.9)[\r][\n]"
23:46:04.251 [main] DEBUG org.apache.http.wire -- http-outgoing-20 >> "Accept-Encoding: gzip,deflate[\r][\n]"
23:46:04.251 [main] DEBUG org.apache.http.wire -- http-outgoing-20 >> "[\r][\n]"
23:46:04.251 [main] DEBUG org.apache.http.wire -- http-outgoing-20 >> "{"email":"test21@example.com","password":"password","name":"John Doe","username":"johndoe21","phoneNumber":"0987654321"}"
23:46:04.280 [main] DEBUG org.apache.http.wire -- http-outgoing-20 << "HTTP/1.1 409 Conflict[\r][\n]"
23:46:04.280 [main] DEBUG org.apache.http.wire -- http-outgoing-20 << "X-Powered-By: Express[\r][\n]"
23:46:04.280 [main] DEBUG org.apache.http.wire -- http-outgoing-20 << "Access-Control-Allow-Origin: *[\r][\n]"
23:46:04.280 [main] DEBUG org.apache.http.wire -- http-outgoing-20 << "Content-Type: application/json; charset=utf-8[\r][\n]"
23:46:04.280 [main] DEBUG org.apache.http.wire -- http-outgoing-20 << "Content-Length: 158[\r][\n]"
23:46:04.280 [main] DEBUG org.apache.http.wire -- http-outgoing-20 << "ETag: W/"9e-5f644Xh66g24Llt+SHd6/mZFzB8"[\r][\n]"
23:46:04.280 [main] DEBUG org.apache.http.wire -- http-outgoing-20 << "Date: Tue, 17 Jun 2025 16:46:04 GMT[\r][\n]"
23:46:04.280 [main] DEBUG org.apache.http.wire -- http-outgoing-20 << "Connection: keep-alive[\r][\n]"
23:46:04.280 [main] DEBUG org.apache.http.wire -- http-outgoing-20 << "Keep-Alive: timeout=5[\r][\n]"
23:46:04.280 [main] DEBUG org.apache.http.wire -- http-outgoing-20 << "[\r][\n]"
23:46:04.280 [main] DEBUG org.apache.http.wire -- http-outgoing-20 << "{"success":false,"statusCode":409,"message":"Email ho[0xe1][0xba][0xb7]c t[0xc3][0xaa]n [0xc4][0x91][0xc4][0x83]ng nh[0xe1][0xba][0xad]p [0xc4][0x91][0xc3][0xa3] t[0xe1][0xbb][0x93]n t[0xe1][0xba][0xa1]i","path":"/auth/register","timestamp":"2025-06-17T16:46:04.279Z"}"
23:46:04.280 [main] DEBUG org.apache.http.headers -- http-outgoing-20 << HTTP/1.1 409 Conflict
23:46:04.280 [main] DEBUG org.apache.http.headers -- http-outgoing-20 << X-Powered-By: Express
23:46:04.280 [main] DEBUG org.apache.http.headers -- http-outgoing-20 << Access-Control-Allow-Origin: *
23:46:04.280 [main] DEBUG org.apache.http.headers -- http-outgoing-20 << Content-Type: application/json; charset=utf-8
23:46:04.280 [main] DEBUG org.apache.http.headers -- http-outgoing-20 << Content-Length: 158
23:46:04.280 [main] DEBUG org.apache.http.headers -- http-outgoing-20 << ETag: W/"9e-5f644Xh66g24Llt+SHd6/mZFzB8"
23:46:04.280 [main] DEBUG org.apache.http.headers -- http-outgoing-20 << Date: Tue, 17 Jun 2025 16:46:04 GMT
23:46:04.280 [main] DEBUG org.apache.http.headers -- http-outgoing-20 << Connection: keep-alive
23:46:04.280 [main] DEBUG org.apache.http.headers -- http-outgoing-20 << Keep-Alive: timeout=5
23:46:04.280 [main] DEBUG org.apache.http.impl.execchain.MainClientExec -- Connection can be kept alive for 5000 MILLISECONDS
23:46:04.280 [main] DEBUG org.apache.http.impl.conn.PoolingHttpClientConnectionManager -- Connection [id: 20][route: {}->http://localhost:3000] can be kept alive for 5.0 seconds
23:46:04.280 [main] DEBUG org.apache.http.impl.conn.DefaultManagedHttpClientConnection -- http-outgoing-20: set socket timeout to 0
23:46:04.280 [main] DEBUG org.apache.http.impl.conn.PoolingHttpClientConnectionManager -- Connection released: [id: 20][route: {}->http://localhost:3000][total available: 1; route allocated: 1 of 5; total allocated: 1 of 10]
23:46:04.280 [main] DEBUG org.apache.http.impl.conn.PoolingHttpClientConnectionManager -- Connection manager is shutting down
23:46:04.280 [main] DEBUG org.apache.http.impl.conn.DefaultManagedHttpClientConnection -- http-outgoing-20: Close connection
23:46:04.282 [main] DEBUG org.apache.http.impl.conn.PoolingHttpClientConnectionManager -- Connection manager shut down
23:46:04.282 [main] DEBUG com.intuit.karate -- response time in milliseconds: 30
1 < 409
1 < X-Powered-By: Express
1 < Access-Control-Allow-Origin: *
1 < Content-Type: application/json; charset=utf-8
1 < Content-Length: 158
1 < ETag: W/"9e-5f644Xh66g24Llt+SHd6/mZFzB8"
1 < Date: Tue, 17 Jun 2025 16:46:04 GMT
1 < Connection: keep-alive
1 < Keep-Alive: timeout=5
{
  "success": false,
  "statusCode": 409,
  "message": "Email ho?c tên ??ng nh?p ?ã t?n t?i",
  "path": "/auth/register",
  "timestamp": "2025-06-17T16:46:04.279Z"
}


23:46:04.282 [main] DEBUG com.intuit.karate.core.ScenarioEngine -- over-writing existing variable 'responseStatus' with new value: karate.get('responseStatus')
23:46:04.282 [main] DEBUG com.intuit.karate.core.ScenarioEngine -- over-writing existing variable 'response' with new value: karate.get('response')
23:46:04.283 [main] INFO com.intuit.karate -- [print] Register API called with: 
23:46:04.283 [main] INFO com.intuit.karate -- [print] Request: {
  "email": "test21@example.com",
  "password": "password",
  "name": "John Doe",
  "username": "johndoe21",
  "phoneNumber": "0987654321"
}
 
23:46:04.283 [main] INFO com.intuit.karate -- [print] Response Status: 409 
23:46:04.283 [main] INFO com.intuit.karate -- [print] Response Body: {
  "success": false,
  "statusCode": 409,
  "message": "Email ho?c tên ??ng nh?p ?ã t?n t?i",
  "path": "/auth/register",
  "timestamp": "2025-06-17T16:46:04.279Z"
}
 
23:46:04.283 [main] INFO com.intuit.karate -- ? TEST CASE #21 FAILED 
23:46:04.283 [main] INFO com.intuit.karate --   Expected Status: 400 
23:46:04.283 [main] INFO com.intuit.karate --   Actual Status: 409 
23:46:04.283 [main] INFO com.intuit.karate -- Actual Status: 409 
23:46:04.283 [main] INFO com.intuit.karate -- Actual Result: {"success":false,"statusCode":409,"message":"Email ho?c tên ??ng nh?p ?ã t?n t?i","path":"/auth/register","timestamp":"2025-06-17T16:46:04.279Z"} 
23:46:04.283 [main] INFO com.intuit.karate -- Test Result: FAIL 
23:46:04.283 [main] INFO com.intuit.karate -- ========================================== 
23:46:04.283 [main] INFO com.intuit.karate -- ========================================== 
23:46:04.283 [main] INFO com.intuit.karate -- ?ANG CH?Y TEST CASE #22/30 
23:46:04.283 [main] INFO com.intuit.karate -- Description: TC22: Name quá dài - Ki?m tra khi name v??t quá gi?i h?n ký t? (50 ký t?) 
23:46:04.283 [main] INFO com.intuit.karate -- Email: "test22@example.com" 
23:46:04.283 [main] INFO com.intuit.karate -- Password: "Password123" 
23:46:04.283 [main] INFO com.intuit.karate -- Name: "This is a very long name that exceeds the maximum length of fifty characters allowed in the system" 
23:46:04.283 [main] INFO com.intuit.karate -- Username: "johndoe22" 
23:46:04.283 [main] INFO com.intuit.karate -- PhoneNumber: "0987654321" 
23:46:04.283 [main] INFO com.intuit.karate -- Expected Status: 400 
23:46:04.283 [main] INFO com.intuit.karate -- Expected Result: {"error": "Name exceeds maximum length"} 
23:46:04.283 [main] INFO com.intuit.karate -- ========================================== 
23:46:04.289 [main] INFO com.intuit.karate -- karate.env system property was: null 
23:46:04.291 [main] DEBUG com.jayway.jsonpath.internal.path.CompiledPath -- Evaluating path: $
23:46:04.291 [main] DEBUG org.apache.http.client.protocol.RequestAddCookies -- CookieSpec selected: karate
23:46:04.291 [main] DEBUG org.apache.http.client.protocol.RequestAuthCache -- Auth cache not set in the context
23:46:04.291 [main] DEBUG com.intuit.karate -- request:
1 > POST http://localhost:3000/auth/register
1 > Content-Type: application/json; charset=UTF-8
1 > Content-Length: 213
1 > Host: localhost:3000
1 > Connection: Keep-Alive
1 > User-Agent: Apache-HttpClient/4.5.14 (Java/17.0.9)
1 > Accept-Encoding: gzip,deflate
{
  "email": "test22@example.com",
  "password": "Password123",
  "name": "This is a very long name that exceeds the maximum length of fifty characters allowed in the system",
  "username": "johndoe22",
  "phoneNumber": "0987654321"
}


23:46:04.291 [main] DEBUG org.apache.http.impl.conn.PoolingHttpClientConnectionManager -- Connection request: [route: {}->http://localhost:3000][total available: 0; route allocated: 0 of 5; total allocated: 0 of 10]
23:46:04.291 [main] DEBUG org.apache.http.impl.conn.PoolingHttpClientConnectionManager -- Connection leased: [id: 21][route: {}->http://localhost:3000][total available: 0; route allocated: 1 of 5; total allocated: 1 of 10]
23:46:04.291 [main] DEBUG org.apache.http.impl.execchain.MainClientExec -- Opening connection {}->http://localhost:3000
23:46:04.291 [main] DEBUG org.apache.http.impl.conn.DefaultHttpClientConnectionOperator -- Connecting to localhost/127.0.0.1:3000
23:46:04.293 [main] DEBUG org.apache.http.impl.conn.DefaultHttpClientConnectionOperator -- Connection established 127.0.0.1:65064<->127.0.0.1:3000
23:46:04.293 [main] DEBUG org.apache.http.impl.conn.DefaultManagedHttpClientConnection -- http-outgoing-21: set socket timeout to 5000
23:46:04.293 [main] DEBUG org.apache.http.impl.execchain.MainClientExec -- Executing request POST /auth/register HTTP/1.1
23:46:04.293 [main] DEBUG org.apache.http.impl.execchain.MainClientExec -- Target auth state: UNCHALLENGED
23:46:04.293 [main] DEBUG org.apache.http.impl.execchain.MainClientExec -- Proxy auth state: UNCHALLENGED
23:46:04.293 [main] DEBUG org.apache.http.headers -- http-outgoing-21 >> POST /auth/register HTTP/1.1
23:46:04.293 [main] DEBUG org.apache.http.headers -- http-outgoing-21 >> Content-Type: application/json; charset=UTF-8
23:46:04.293 [main] DEBUG org.apache.http.headers -- http-outgoing-21 >> Content-Length: 213
23:46:04.293 [main] DEBUG org.apache.http.headers -- http-outgoing-21 >> Host: localhost:3000
23:46:04.293 [main] DEBUG org.apache.http.headers -- http-outgoing-21 >> Connection: Keep-Alive
23:46:04.293 [main] DEBUG org.apache.http.headers -- http-outgoing-21 >> User-Agent: Apache-HttpClient/4.5.14 (Java/17.0.9)
23:46:04.293 [main] DEBUG org.apache.http.headers -- http-outgoing-21 >> Accept-Encoding: gzip,deflate
23:46:04.293 [main] DEBUG org.apache.http.wire -- http-outgoing-21 >> "POST /auth/register HTTP/1.1[\r][\n]"
23:46:04.293 [main] DEBUG org.apache.http.wire -- http-outgoing-21 >> "Content-Type: application/json; charset=UTF-8[\r][\n]"
23:46:04.293 [main] DEBUG org.apache.http.wire -- http-outgoing-21 >> "Content-Length: 213[\r][\n]"
23:46:04.293 [main] DEBUG org.apache.http.wire -- http-outgoing-21 >> "Host: localhost:3000[\r][\n]"
23:46:04.293 [main] DEBUG org.apache.http.wire -- http-outgoing-21 >> "Connection: Keep-Alive[\r][\n]"
23:46:04.293 [main] DEBUG org.apache.http.wire -- http-outgoing-21 >> "User-Agent: Apache-HttpClient/4.5.14 (Java/17.0.9)[\r][\n]"
23:46:04.293 [main] DEBUG org.apache.http.wire -- http-outgoing-21 >> "Accept-Encoding: gzip,deflate[\r][\n]"
23:46:04.293 [main] DEBUG org.apache.http.wire -- http-outgoing-21 >> "[\r][\n]"
23:46:04.293 [main] DEBUG org.apache.http.wire -- http-outgoing-21 >> "{"email":"test22@example.com","password":"Password123","name":"This is a very long name that exceeds the maximum length of fifty characters allowed in the system","username":"johndoe22","phoneNumber":"0987654321"}"
23:46:04.321 [main] DEBUG org.apache.http.wire -- http-outgoing-21 << "HTTP/1.1 409 Conflict[\r][\n]"
23:46:04.322 [main] DEBUG org.apache.http.wire -- http-outgoing-21 << "X-Powered-By: Express[\r][\n]"
23:46:04.322 [main] DEBUG org.apache.http.wire -- http-outgoing-21 << "Access-Control-Allow-Origin: *[\r][\n]"
23:46:04.322 [main] DEBUG org.apache.http.wire -- http-outgoing-21 << "Content-Type: application/json; charset=utf-8[\r][\n]"
23:46:04.322 [main] DEBUG org.apache.http.wire -- http-outgoing-21 << "Content-Length: 158[\r][\n]"
23:46:04.322 [main] DEBUG org.apache.http.wire -- http-outgoing-21 << "ETag: W/"9e-/A6cVNQ++4hgVRmX+mGvIFxGW3U"[\r][\n]"
23:46:04.322 [main] DEBUG org.apache.http.wire -- http-outgoing-21 << "Date: Tue, 17 Jun 2025 16:46:04 GMT[\r][\n]"
23:46:04.322 [main] DEBUG org.apache.http.wire -- http-outgoing-21 << "Connection: keep-alive[\r][\n]"
23:46:04.322 [main] DEBUG org.apache.http.wire -- http-outgoing-21 << "Keep-Alive: timeout=5[\r][\n]"
23:46:04.322 [main] DEBUG org.apache.http.wire -- http-outgoing-21 << "[\r][\n]"
23:46:04.322 [main] DEBUG org.apache.http.wire -- http-outgoing-21 << "{"success":false,"statusCode":409,"message":"Email ho[0xe1][0xba][0xb7]c t[0xc3][0xaa]n [0xc4][0x91][0xc4][0x83]ng nh[0xe1][0xba][0xad]p [0xc4][0x91][0xc3][0xa3] t[0xe1][0xbb][0x93]n t[0xe1][0xba][0xa1]i","path":"/auth/register","timestamp":"2025-06-17T16:46:04.321Z"}"
23:46:04.322 [main] DEBUG org.apache.http.headers -- http-outgoing-21 << HTTP/1.1 409 Conflict
23:46:04.322 [main] DEBUG org.apache.http.headers -- http-outgoing-21 << X-Powered-By: Express
23:46:04.322 [main] DEBUG org.apache.http.headers -- http-outgoing-21 << Access-Control-Allow-Origin: *
23:46:04.322 [main] DEBUG org.apache.http.headers -- http-outgoing-21 << Content-Type: application/json; charset=utf-8
23:46:04.322 [main] DEBUG org.apache.http.headers -- http-outgoing-21 << Content-Length: 158
23:46:04.322 [main] DEBUG org.apache.http.headers -- http-outgoing-21 << ETag: W/"9e-/A6cVNQ++4hgVRmX+mGvIFxGW3U"
23:46:04.322 [main] DEBUG org.apache.http.headers -- http-outgoing-21 << Date: Tue, 17 Jun 2025 16:46:04 GMT
23:46:04.322 [main] DEBUG org.apache.http.headers -- http-outgoing-21 << Connection: keep-alive
23:46:04.322 [main] DEBUG org.apache.http.headers -- http-outgoing-21 << Keep-Alive: timeout=5
23:46:04.322 [main] DEBUG org.apache.http.impl.execchain.MainClientExec -- Connection can be kept alive for 5000 MILLISECONDS
23:46:04.322 [main] DEBUG org.apache.http.impl.conn.PoolingHttpClientConnectionManager -- Connection [id: 21][route: {}->http://localhost:3000] can be kept alive for 5.0 seconds
23:46:04.322 [main] DEBUG org.apache.http.impl.conn.DefaultManagedHttpClientConnection -- http-outgoing-21: set socket timeout to 0
23:46:04.322 [main] DEBUG org.apache.http.impl.conn.PoolingHttpClientConnectionManager -- Connection released: [id: 21][route: {}->http://localhost:3000][total available: 1; route allocated: 1 of 5; total allocated: 1 of 10]
23:46:04.322 [main] DEBUG org.apache.http.impl.conn.PoolingHttpClientConnectionManager -- Connection manager is shutting down
23:46:04.322 [main] DEBUG org.apache.http.impl.conn.DefaultManagedHttpClientConnection -- http-outgoing-21: Close connection
23:46:04.322 [main] DEBUG org.apache.http.impl.conn.PoolingHttpClientConnectionManager -- Connection manager shut down
23:46:04.322 [main] DEBUG com.intuit.karate -- response time in milliseconds: 31
1 < 409
1 < X-Powered-By: Express
1 < Access-Control-Allow-Origin: *
1 < Content-Type: application/json; charset=utf-8
1 < Content-Length: 158
1 < ETag: W/"9e-/A6cVNQ++4hgVRmX+mGvIFxGW3U"
1 < Date: Tue, 17 Jun 2025 16:46:04 GMT
1 < Connection: keep-alive
1 < Keep-Alive: timeout=5
{
  "success": false,
  "statusCode": 409,
  "message": "Email ho?c tên ??ng nh?p ?ã t?n t?i",
  "path": "/auth/register",
  "timestamp": "2025-06-17T16:46:04.321Z"
}


23:46:04.323 [main] DEBUG com.intuit.karate.core.ScenarioEngine -- over-writing existing variable 'responseStatus' with new value: karate.get('responseStatus')
23:46:04.323 [main] DEBUG com.intuit.karate.core.ScenarioEngine -- over-writing existing variable 'response' with new value: karate.get('response')
23:46:04.323 [main] INFO com.intuit.karate -- [print] Register API called with: 
23:46:04.323 [main] INFO com.intuit.karate -- [print] Request: {
  "email": "test22@example.com",
  "password": "Password123",
  "name": "This is a very long name that exceeds the maximum length of fifty characters allowed in the system",
  "username": "johndoe22",
  "phoneNumber": "0987654321"
}
 
23:46:04.324 [main] INFO com.intuit.karate -- [print] Response Status: 409 
23:46:04.324 [main] INFO com.intuit.karate -- [print] Response Body: {
  "success": false,
  "statusCode": 409,
  "message": "Email ho?c tên ??ng nh?p ?ã t?n t?i",
  "path": "/auth/register",
  "timestamp": "2025-06-17T16:46:04.321Z"
}
 
23:46:04.324 [main] INFO com.intuit.karate -- ? TEST CASE #22 FAILED 
23:46:04.324 [main] INFO com.intuit.karate --   Expected Status: 400 
23:46:04.325 [main] INFO com.intuit.karate --   Actual Status: 409 
23:46:04.325 [main] INFO com.intuit.karate -- Actual Status: 409 
23:46:04.325 [main] INFO com.intuit.karate -- Actual Result: {"success":false,"statusCode":409,"message":"Email ho?c tên ??ng nh?p ?ã t?n t?i","path":"/auth/register","timestamp":"2025-06-17T16:46:04.321Z"} 
23:46:04.325 [main] INFO com.intuit.karate -- Test Result: FAIL 
23:46:04.325 [main] INFO com.intuit.karate -- ========================================== 
23:46:04.325 [main] INFO com.intuit.karate -- ========================================== 
23:46:04.325 [main] INFO com.intuit.karate -- ?ANG CH?Y TEST CASE #23/30 
23:46:04.325 [main] INFO com.intuit.karate -- Description: TC23: Ki?m tra SQL Injection - Ki?m tra khi nh?p d? li?u nguy hi?m 
23:46:04.325 [main] INFO com.intuit.karate -- Email: "test23@example.com" 
23:46:04.325 [main] INFO com.intuit.karate -- Password: "Password123" 
23:46:04.326 [main] INFO com.intuit.karate -- Name: "John Doe" 
23:46:04.326 [main] INFO com.intuit.karate -- Username: "johndoe' OR '1'='1" 
23:46:04.326 [main] INFO com.intuit.karate -- PhoneNumber: "0987654321" 
23:46:04.326 [main] INFO com.intuit.karate -- Expected Status: 400 
23:46:04.326 [main] INFO com.intuit.karate -- Expected Result: {"error": "Invalid input"} 
23:46:04.326 [main] INFO com.intuit.karate -- ========================================== 
23:46:04.333 [main] INFO com.intuit.karate -- karate.env system property was: null 
23:46:04.334 [main] DEBUG com.jayway.jsonpath.internal.path.CompiledPath -- Evaluating path: $
23:46:04.336 [main] DEBUG org.apache.http.client.protocol.RequestAddCookies -- CookieSpec selected: karate
23:46:04.336 [main] DEBUG org.apache.http.client.protocol.RequestAuthCache -- Auth cache not set in the context
23:46:04.337 [main] DEBUG com.intuit.karate -- request:
1 > POST http://localhost:3000/auth/register
1 > Content-Type: application/json; charset=UTF-8
1 > Content-Length: 132
1 > Host: localhost:3000
1 > Connection: Keep-Alive
1 > User-Agent: Apache-HttpClient/4.5.14 (Java/17.0.9)
1 > Accept-Encoding: gzip,deflate
{
  "email": "test23@example.com",
  "password": "Password123",
  "name": "John Doe",
  "username": "johndoe' OR '1'='1",
  "phoneNumber": "0987654321"
}


23:46:04.337 [main] DEBUG org.apache.http.impl.conn.PoolingHttpClientConnectionManager -- Connection request: [route: {}->http://localhost:3000][total available: 0; route allocated: 0 of 5; total allocated: 0 of 10]
23:46:04.337 [main] DEBUG org.apache.http.impl.conn.PoolingHttpClientConnectionManager -- Connection leased: [id: 22][route: {}->http://localhost:3000][total available: 0; route allocated: 1 of 5; total allocated: 1 of 10]
23:46:04.337 [main] DEBUG org.apache.http.impl.execchain.MainClientExec -- Opening connection {}->http://localhost:3000
23:46:04.337 [main] DEBUG org.apache.http.impl.conn.DefaultHttpClientConnectionOperator -- Connecting to localhost/127.0.0.1:3000
23:46:04.338 [main] DEBUG org.apache.http.impl.conn.DefaultHttpClientConnectionOperator -- Connection established 127.0.0.1:65065<->127.0.0.1:3000
23:46:04.338 [main] DEBUG org.apache.http.impl.conn.DefaultManagedHttpClientConnection -- http-outgoing-22: set socket timeout to 5000
23:46:04.338 [main] DEBUG org.apache.http.impl.execchain.MainClientExec -- Executing request POST /auth/register HTTP/1.1
23:46:04.338 [main] DEBUG org.apache.http.impl.execchain.MainClientExec -- Target auth state: UNCHALLENGED
23:46:04.338 [main] DEBUG org.apache.http.impl.execchain.MainClientExec -- Proxy auth state: UNCHALLENGED
23:46:04.338 [main] DEBUG org.apache.http.headers -- http-outgoing-22 >> POST /auth/register HTTP/1.1
23:46:04.338 [main] DEBUG org.apache.http.headers -- http-outgoing-22 >> Content-Type: application/json; charset=UTF-8
23:46:04.338 [main] DEBUG org.apache.http.headers -- http-outgoing-22 >> Content-Length: 132
23:46:04.338 [main] DEBUG org.apache.http.headers -- http-outgoing-22 >> Host: localhost:3000
23:46:04.338 [main] DEBUG org.apache.http.headers -- http-outgoing-22 >> Connection: Keep-Alive
23:46:04.338 [main] DEBUG org.apache.http.headers -- http-outgoing-22 >> User-Agent: Apache-HttpClient/4.5.14 (Java/17.0.9)
23:46:04.338 [main] DEBUG org.apache.http.headers -- http-outgoing-22 >> Accept-Encoding: gzip,deflate
23:46:04.338 [main] DEBUG org.apache.http.wire -- http-outgoing-22 >> "POST /auth/register HTTP/1.1[\r][\n]"
23:46:04.338 [main] DEBUG org.apache.http.wire -- http-outgoing-22 >> "Content-Type: application/json; charset=UTF-8[\r][\n]"
23:46:04.338 [main] DEBUG org.apache.http.wire -- http-outgoing-22 >> "Content-Length: 132[\r][\n]"
23:46:04.338 [main] DEBUG org.apache.http.wire -- http-outgoing-22 >> "Host: localhost:3000[\r][\n]"
23:46:04.338 [main] DEBUG org.apache.http.wire -- http-outgoing-22 >> "Connection: Keep-Alive[\r][\n]"
23:46:04.338 [main] DEBUG org.apache.http.wire -- http-outgoing-22 >> "User-Agent: Apache-HttpClient/4.5.14 (Java/17.0.9)[\r][\n]"
23:46:04.338 [main] DEBUG org.apache.http.wire -- http-outgoing-22 >> "Accept-Encoding: gzip,deflate[\r][\n]"
23:46:04.338 [main] DEBUG org.apache.http.wire -- http-outgoing-22 >> "[\r][\n]"
23:46:04.338 [main] DEBUG org.apache.http.wire -- http-outgoing-22 >> "{"email":"test23@example.com","password":"Password123","name":"John Doe","username":"johndoe' OR '1'='1","phoneNumber":"0987654321"}"
23:46:04.368 [main] DEBUG org.apache.http.wire -- http-outgoing-22 << "HTTP/1.1 409 Conflict[\r][\n]"
23:46:04.368 [main] DEBUG org.apache.http.wire -- http-outgoing-22 << "X-Powered-By: Express[\r][\n]"
23:46:04.368 [main] DEBUG org.apache.http.wire -- http-outgoing-22 << "Access-Control-Allow-Origin: *[\r][\n]"
23:46:04.368 [main] DEBUG org.apache.http.wire -- http-outgoing-22 << "Content-Type: application/json; charset=utf-8[\r][\n]"
23:46:04.368 [main] DEBUG org.apache.http.wire -- http-outgoing-22 << "Content-Length: 158[\r][\n]"
23:46:04.368 [main] DEBUG org.apache.http.wire -- http-outgoing-22 << "ETag: W/"9e-UtgPwjkyZ8PCyE/SPBMcwL9qzmE"[\r][\n]"
23:46:04.368 [main] DEBUG org.apache.http.wire -- http-outgoing-22 << "Date: Tue, 17 Jun 2025 16:46:04 GMT[\r][\n]"
23:46:04.368 [main] DEBUG org.apache.http.wire -- http-outgoing-22 << "Connection: keep-alive[\r][\n]"
23:46:04.368 [main] DEBUG org.apache.http.wire -- http-outgoing-22 << "Keep-Alive: timeout=5[\r][\n]"
23:46:04.368 [main] DEBUG org.apache.http.wire -- http-outgoing-22 << "[\r][\n]"
23:46:04.368 [main] DEBUG org.apache.http.wire -- http-outgoing-22 << "{"success":false,"statusCode":409,"message":"Email ho[0xe1][0xba][0xb7]c t[0xc3][0xaa]n [0xc4][0x91][0xc4][0x83]ng nh[0xe1][0xba][0xad]p [0xc4][0x91][0xc3][0xa3] t[0xe1][0xbb][0x93]n t[0xe1][0xba][0xa1]i","path":"/auth/register","timestamp":"2025-06-17T16:46:04.367Z"}"
23:46:04.368 [main] DEBUG org.apache.http.headers -- http-outgoing-22 << HTTP/1.1 409 Conflict
23:46:04.368 [main] DEBUG org.apache.http.headers -- http-outgoing-22 << X-Powered-By: Express
23:46:04.368 [main] DEBUG org.apache.http.headers -- http-outgoing-22 << Access-Control-Allow-Origin: *
23:46:04.368 [main] DEBUG org.apache.http.headers -- http-outgoing-22 << Content-Type: application/json; charset=utf-8
23:46:04.368 [main] DEBUG org.apache.http.headers -- http-outgoing-22 << Content-Length: 158
23:46:04.368 [main] DEBUG org.apache.http.headers -- http-outgoing-22 << ETag: W/"9e-UtgPwjkyZ8PCyE/SPBMcwL9qzmE"
23:46:04.368 [main] DEBUG org.apache.http.headers -- http-outgoing-22 << Date: Tue, 17 Jun 2025 16:46:04 GMT
23:46:04.368 [main] DEBUG org.apache.http.headers -- http-outgoing-22 << Connection: keep-alive
23:46:04.368 [main] DEBUG org.apache.http.headers -- http-outgoing-22 << Keep-Alive: timeout=5
23:46:04.368 [main] DEBUG org.apache.http.impl.execchain.MainClientExec -- Connection can be kept alive for 5000 MILLISECONDS
23:46:04.368 [main] DEBUG org.apache.http.impl.conn.PoolingHttpClientConnectionManager -- Connection [id: 22][route: {}->http://localhost:3000] can be kept alive for 5.0 seconds
23:46:04.368 [main] DEBUG org.apache.http.impl.conn.DefaultManagedHttpClientConnection -- http-outgoing-22: set socket timeout to 0
23:46:04.368 [main] DEBUG org.apache.http.impl.conn.PoolingHttpClientConnectionManager -- Connection released: [id: 22][route: {}->http://localhost:3000][total available: 1; route allocated: 1 of 5; total allocated: 1 of 10]
23:46:04.368 [main] DEBUG org.apache.http.impl.conn.PoolingHttpClientConnectionManager -- Connection manager is shutting down
23:46:04.368 [main] DEBUG org.apache.http.impl.conn.DefaultManagedHttpClientConnection -- http-outgoing-22: Close connection
23:46:04.369 [main] DEBUG org.apache.http.impl.conn.PoolingHttpClientConnectionManager -- Connection manager shut down
23:46:04.369 [main] DEBUG com.intuit.karate -- response time in milliseconds: 31
1 < 409
1 < X-Powered-By: Express
1 < Access-Control-Allow-Origin: *
1 < Content-Type: application/json; charset=utf-8
1 < Content-Length: 158
1 < ETag: W/"9e-UtgPwjkyZ8PCyE/SPBMcwL9qzmE"
1 < Date: Tue, 17 Jun 2025 16:46:04 GMT
1 < Connection: keep-alive
1 < Keep-Alive: timeout=5
{
  "success": false,
  "statusCode": 409,
  "message": "Email ho?c tên ??ng nh?p ?ã t?n t?i",
  "path": "/auth/register",
  "timestamp": "2025-06-17T16:46:04.367Z"
}


23:46:04.369 [main] DEBUG com.intuit.karate.core.ScenarioEngine -- over-writing existing variable 'responseStatus' with new value: karate.get('responseStatus')
23:46:04.369 [main] DEBUG com.intuit.karate.core.ScenarioEngine -- over-writing existing variable 'response' with new value: karate.get('response')
23:46:04.370 [main] INFO com.intuit.karate -- [print] Register API called with: 
23:46:04.370 [main] INFO com.intuit.karate -- [print] Request: {
  "email": "test23@example.com",
  "password": "Password123",
  "name": "John Doe",
  "username": "johndoe' OR '1'='1",
  "phoneNumber": "0987654321"
}
 
23:46:04.370 [main] INFO com.intuit.karate -- [print] Response Status: 409 
23:46:04.370 [main] INFO com.intuit.karate -- [print] Response Body: {
  "success": false,
  "statusCode": 409,
  "message": "Email ho?c tên ??ng nh?p ?ã t?n t?i",
  "path": "/auth/register",
  "timestamp": "2025-06-17T16:46:04.367Z"
}
 
23:46:04.370 [main] INFO com.intuit.karate -- ? TEST CASE #23 FAILED 
23:46:04.371 [main] INFO com.intuit.karate --   Expected Status: 400 
23:46:04.371 [main] INFO com.intuit.karate --   Actual Status: 409 
23:46:04.371 [main] INFO com.intuit.karate -- Actual Status: 409 
23:46:04.371 [main] INFO com.intuit.karate -- Actual Result: {"success":false,"statusCode":409,"message":"Email ho?c tên ??ng nh?p ?ã t?n t?i","path":"/auth/register","timestamp":"2025-06-17T16:46:04.367Z"} 
23:46:04.371 [main] INFO com.intuit.karate -- Test Result: FAIL 
23:46:04.371 [main] INFO com.intuit.karate -- ========================================== 
23:46:04.371 [main] INFO com.intuit.karate -- ========================================== 
23:46:04.371 [main] INFO com.intuit.karate -- ?ANG CH?Y TEST CASE #24/30 
23:46:04.371 [main] INFO com.intuit.karate -- Description: TC24: Ki?m tra XSS - Ki?m tra khi nh?p d? li?u nguy hi?m ch?a mã HTML/JavaScript 
23:46:04.371 [main] INFO com.intuit.karate -- Email: "test24@example.com" 
23:46:04.371 [main] INFO com.intuit.karate -- Password: "Password123" 
23:46:04.371 [main] INFO com.intuit.karate -- Name: "<script>alert("xss")</script>" 
23:46:04.371 [main] INFO com.intuit.karate -- Username: "johndoe24" 
23:46:04.371 [main] INFO com.intuit.karate -- PhoneNumber: "0987654321" 
23:46:04.371 [main] INFO com.intuit.karate -- Expected Status: 400 
23:46:04.371 [main] INFO com.intuit.karate -- Expected Result: {"error": "Invalid input"} 
23:46:04.371 [main] INFO com.intuit.karate -- ========================================== 
23:46:04.376 [main] INFO com.intuit.karate -- karate.env system property was: null 
23:46:04.377 [main] DEBUG com.jayway.jsonpath.internal.path.CompiledPath -- Evaluating path: $
23:46:04.378 [main] DEBUG org.apache.http.client.protocol.RequestAddCookies -- CookieSpec selected: karate
23:46:04.378 [main] DEBUG org.apache.http.client.protocol.RequestAuthCache -- Auth cache not set in the context
23:46:04.378 [main] DEBUG com.intuit.karate -- request:
1 > POST http://localhost:3000/auth/register
1 > Content-Type: application/json; charset=UTF-8
1 > Content-Length: 147
1 > Host: localhost:3000
1 > Connection: Keep-Alive
1 > User-Agent: Apache-HttpClient/4.5.14 (Java/17.0.9)
1 > Accept-Encoding: gzip,deflate
{
  "email": "test24@example.com",
  "password": "Password123",
  "name": "<script>alert(\"xss\")</script>",
  "username": "johndoe24",
  "phoneNumber": "0987654321"
}


23:46:04.378 [main] DEBUG org.apache.http.impl.conn.PoolingHttpClientConnectionManager -- Connection request: [route: {}->http://localhost:3000][total available: 0; route allocated: 0 of 5; total allocated: 0 of 10]
23:46:04.378 [main] DEBUG org.apache.http.impl.conn.PoolingHttpClientConnectionManager -- Connection leased: [id: 23][route: {}->http://localhost:3000][total available: 0; route allocated: 1 of 5; total allocated: 1 of 10]
23:46:04.378 [main] DEBUG org.apache.http.impl.execchain.MainClientExec -- Opening connection {}->http://localhost:3000
23:46:04.378 [main] DEBUG org.apache.http.impl.conn.DefaultHttpClientConnectionOperator -- Connecting to localhost/127.0.0.1:3000
23:46:04.379 [main] DEBUG org.apache.http.impl.conn.DefaultHttpClientConnectionOperator -- Connection established 127.0.0.1:65066<->127.0.0.1:3000
23:46:04.379 [main] DEBUG org.apache.http.impl.conn.DefaultManagedHttpClientConnection -- http-outgoing-23: set socket timeout to 5000
23:46:04.379 [main] DEBUG org.apache.http.impl.execchain.MainClientExec -- Executing request POST /auth/register HTTP/1.1
23:46:04.379 [main] DEBUG org.apache.http.impl.execchain.MainClientExec -- Target auth state: UNCHALLENGED
23:46:04.379 [main] DEBUG org.apache.http.impl.execchain.MainClientExec -- Proxy auth state: UNCHALLENGED
23:46:04.379 [main] DEBUG org.apache.http.headers -- http-outgoing-23 >> POST /auth/register HTTP/1.1
23:46:04.379 [main] DEBUG org.apache.http.headers -- http-outgoing-23 >> Content-Type: application/json; charset=UTF-8
23:46:04.379 [main] DEBUG org.apache.http.headers -- http-outgoing-23 >> Content-Length: 147
23:46:04.379 [main] DEBUG org.apache.http.headers -- http-outgoing-23 >> Host: localhost:3000
23:46:04.379 [main] DEBUG org.apache.http.headers -- http-outgoing-23 >> Connection: Keep-Alive
23:46:04.379 [main] DEBUG org.apache.http.headers -- http-outgoing-23 >> User-Agent: Apache-HttpClient/4.5.14 (Java/17.0.9)
23:46:04.379 [main] DEBUG org.apache.http.headers -- http-outgoing-23 >> Accept-Encoding: gzip,deflate
23:46:04.379 [main] DEBUG org.apache.http.wire -- http-outgoing-23 >> "POST /auth/register HTTP/1.1[\r][\n]"
23:46:04.379 [main] DEBUG org.apache.http.wire -- http-outgoing-23 >> "Content-Type: application/json; charset=UTF-8[\r][\n]"
23:46:04.379 [main] DEBUG org.apache.http.wire -- http-outgoing-23 >> "Content-Length: 147[\r][\n]"
23:46:04.379 [main] DEBUG org.apache.http.wire -- http-outgoing-23 >> "Host: localhost:3000[\r][\n]"
23:46:04.379 [main] DEBUG org.apache.http.wire -- http-outgoing-23 >> "Connection: Keep-Alive[\r][\n]"
23:46:04.379 [main] DEBUG org.apache.http.wire -- http-outgoing-23 >> "User-Agent: Apache-HttpClient/4.5.14 (Java/17.0.9)[\r][\n]"
23:46:04.379 [main] DEBUG org.apache.http.wire -- http-outgoing-23 >> "Accept-Encoding: gzip,deflate[\r][\n]"
23:46:04.379 [main] DEBUG org.apache.http.wire -- http-outgoing-23 >> "[\r][\n]"
23:46:04.379 [main] DEBUG org.apache.http.wire -- http-outgoing-23 >> "{"email":"test24@example.com","password":"Password123","name":"<script>alert(\"xss\")<\/script>","username":"johndoe24","phoneNumber":"0987654321"}"
23:46:04.409 [main] DEBUG org.apache.http.wire -- http-outgoing-23 << "HTTP/1.1 409 Conflict[\r][\n]"
23:46:04.409 [main] DEBUG org.apache.http.wire -- http-outgoing-23 << "X-Powered-By: Express[\r][\n]"
23:46:04.409 [main] DEBUG org.apache.http.wire -- http-outgoing-23 << "Access-Control-Allow-Origin: *[\r][\n]"
23:46:04.409 [main] DEBUG org.apache.http.wire -- http-outgoing-23 << "Content-Type: application/json; charset=utf-8[\r][\n]"
23:46:04.409 [main] DEBUG org.apache.http.wire -- http-outgoing-23 << "Content-Length: 158[\r][\n]"
23:46:04.409 [main] DEBUG org.apache.http.wire -- http-outgoing-23 << "ETag: W/"9e-vkIiVUN5wK4HcYRxHWCQugcSXqk"[\r][\n]"
23:46:04.409 [main] DEBUG org.apache.http.wire -- http-outgoing-23 << "Date: Tue, 17 Jun 2025 16:46:04 GMT[\r][\n]"
23:46:04.409 [main] DEBUG org.apache.http.wire -- http-outgoing-23 << "Connection: keep-alive[\r][\n]"
23:46:04.409 [main] DEBUG org.apache.http.wire -- http-outgoing-23 << "Keep-Alive: timeout=5[\r][\n]"
23:46:04.409 [main] DEBUG org.apache.http.wire -- http-outgoing-23 << "[\r][\n]"
23:46:04.409 [main] DEBUG org.apache.http.wire -- http-outgoing-23 << "{"success":false,"statusCode":409,"message":"Email ho[0xe1][0xba][0xb7]c t[0xc3][0xaa]n [0xc4][0x91][0xc4][0x83]ng nh[0xe1][0xba][0xad]p [0xc4][0x91][0xc3][0xa3] t[0xe1][0xbb][0x93]n t[0xe1][0xba][0xa1]i","path":"/auth/register","timestamp":"2025-06-17T16:46:04.408Z"}"
23:46:04.409 [main] DEBUG org.apache.http.headers -- http-outgoing-23 << HTTP/1.1 409 Conflict
23:46:04.409 [main] DEBUG org.apache.http.headers -- http-outgoing-23 << X-Powered-By: Express
23:46:04.409 [main] DEBUG org.apache.http.headers -- http-outgoing-23 << Access-Control-Allow-Origin: *
23:46:04.409 [main] DEBUG org.apache.http.headers -- http-outgoing-23 << Content-Type: application/json; charset=utf-8
23:46:04.409 [main] DEBUG org.apache.http.headers -- http-outgoing-23 << Content-Length: 158
23:46:04.409 [main] DEBUG org.apache.http.headers -- http-outgoing-23 << ETag: W/"9e-vkIiVUN5wK4HcYRxHWCQugcSXqk"
23:46:04.409 [main] DEBUG org.apache.http.headers -- http-outgoing-23 << Date: Tue, 17 Jun 2025 16:46:04 GMT
23:46:04.409 [main] DEBUG org.apache.http.headers -- http-outgoing-23 << Connection: keep-alive
23:46:04.409 [main] DEBUG org.apache.http.headers -- http-outgoing-23 << Keep-Alive: timeout=5
23:46:04.409 [main] DEBUG org.apache.http.impl.execchain.MainClientExec -- Connection can be kept alive for 5000 MILLISECONDS
23:46:04.409 [main] DEBUG org.apache.http.impl.conn.PoolingHttpClientConnectionManager -- Connection [id: 23][route: {}->http://localhost:3000] can be kept alive for 5.0 seconds
23:46:04.409 [main] DEBUG org.apache.http.impl.conn.DefaultManagedHttpClientConnection -- http-outgoing-23: set socket timeout to 0
23:46:04.409 [main] DEBUG org.apache.http.impl.conn.PoolingHttpClientConnectionManager -- Connection released: [id: 23][route: {}->http://localhost:3000][total available: 1; route allocated: 1 of 5; total allocated: 1 of 10]
23:46:04.409 [main] DEBUG org.apache.http.impl.conn.PoolingHttpClientConnectionManager -- Connection manager is shutting down
23:46:04.409 [main] DEBUG org.apache.http.impl.conn.DefaultManagedHttpClientConnection -- http-outgoing-23: Close connection
23:46:04.409 [main] DEBUG org.apache.http.impl.conn.PoolingHttpClientConnectionManager -- Connection manager shut down
23:46:04.410 [main] DEBUG com.intuit.karate -- response time in milliseconds: 31
1 < 409
1 < X-Powered-By: Express
1 < Access-Control-Allow-Origin: *
1 < Content-Type: application/json; charset=utf-8
1 < Content-Length: 158
1 < ETag: W/"9e-vkIiVUN5wK4HcYRxHWCQugcSXqk"
1 < Date: Tue, 17 Jun 2025 16:46:04 GMT
1 < Connection: keep-alive
1 < Keep-Alive: timeout=5
{
  "success": false,
  "statusCode": 409,
  "message": "Email ho?c tên ??ng nh?p ?ã t?n t?i",
  "path": "/auth/register",
  "timestamp": "2025-06-17T16:46:04.408Z"
}


23:46:04.410 [main] DEBUG com.intuit.karate.core.ScenarioEngine -- over-writing existing variable 'responseStatus' with new value: karate.get('responseStatus')
23:46:04.410 [main] DEBUG com.intuit.karate.core.ScenarioEngine -- over-writing existing variable 'response' with new value: karate.get('response')
23:46:04.410 [main] INFO com.intuit.karate -- [print] Register API called with: 
23:46:04.410 [main] INFO com.intuit.karate -- [print] Request: {
  "email": "test24@example.com",
  "password": "Password123",
  "name": "<script>alert(\"xss\")</script>",
  "username": "johndoe24",
  "phoneNumber": "0987654321"
}
 
23:46:04.411 [main] INFO com.intuit.karate -- [print] Response Status: 409 
23:46:04.411 [main] INFO com.intuit.karate -- [print] Response Body: {
  "success": false,
  "statusCode": 409,
  "message": "Email ho?c tên ??ng nh?p ?ã t?n t?i",
  "path": "/auth/register",
  "timestamp": "2025-06-17T16:46:04.408Z"
}
 
23:46:04.411 [main] INFO com.intuit.karate -- ? TEST CASE #24 FAILED 
23:46:04.411 [main] INFO com.intuit.karate --   Expected Status: 400 
23:46:04.411 [main] INFO com.intuit.karate --   Actual Status: 409 
23:46:04.411 [main] INFO com.intuit.karate -- Actual Status: 409 
23:46:04.411 [main] INFO com.intuit.karate -- Actual Result: {"success":false,"statusCode":409,"message":"Email ho?c tên ??ng nh?p ?ã t?n t?i","path":"/auth/register","timestamp":"2025-06-17T16:46:04.408Z"} 
23:46:04.411 [main] INFO com.intuit.karate -- Test Result: FAIL 
23:46:04.411 [main] INFO com.intuit.karate -- ========================================== 
23:46:04.411 [main] INFO com.intuit.karate -- ========================================== 
23:46:04.411 [main] INFO com.intuit.karate -- ?ANG CH?Y TEST CASE #25/30 
23:46:04.411 [main] INFO com.intuit.karate -- Description: TC25: Ki?m tra kho?ng tr?ng - Ki?m tra khi các tr??ng ch?a toàn kho?ng tr?ng 
23:46:04.411 [main] INFO com.intuit.karate -- Email: "   " 
23:46:04.411 [main] INFO com.intuit.karate -- Password: "   " 
23:46:04.411 [main] INFO com.intuit.karate -- Name: "   " 
23:46:04.411 [main] INFO com.intuit.karate -- Username: "   " 
23:46:04.411 [main] INFO com.intuit.karate -- PhoneNumber: "   " 
23:46:04.411 [main] INFO com.intuit.karate -- Expected Status: 400 
23:46:04.411 [main] INFO com.intuit.karate -- Expected Result: {"error": "Fields cannot contain only whitespace"} 
23:46:04.411 [main] INFO com.intuit.karate -- ========================================== 
23:46:04.415 [main] INFO com.intuit.karate -- karate.env system property was: null 
23:46:04.418 [main] DEBUG com.jayway.jsonpath.internal.path.CompiledPath -- Evaluating path: $
23:46:04.418 [main] DEBUG org.apache.http.client.protocol.RequestAddCookies -- CookieSpec selected: karate
23:46:04.419 [main] DEBUG org.apache.http.client.protocol.RequestAuthCache -- Auth cache not set in the context
23:46:04.419 [main] DEBUG com.intuit.karate -- request:
1 > POST http://localhost:3000/auth/register
1 > Content-Type: application/json; charset=UTF-8
1 > Content-Length: 82
1 > Host: localhost:3000
1 > Connection: Keep-Alive
1 > User-Agent: Apache-HttpClient/4.5.14 (Java/17.0.9)
1 > Accept-Encoding: gzip,deflate
{
  "email": "   ",
  "password": "   ",
  "name": "   ",
  "username": "   ",
  "phoneNumber": "   "
}


23:46:04.419 [main] DEBUG org.apache.http.impl.conn.PoolingHttpClientConnectionManager -- Connection request: [route: {}->http://localhost:3000][total available: 0; route allocated: 0 of 5; total allocated: 0 of 10]
23:46:04.419 [main] DEBUG org.apache.http.impl.conn.PoolingHttpClientConnectionManager -- Connection leased: [id: 24][route: {}->http://localhost:3000][total available: 0; route allocated: 1 of 5; total allocated: 1 of 10]
23:46:04.419 [main] DEBUG org.apache.http.impl.execchain.MainClientExec -- Opening connection {}->http://localhost:3000
23:46:04.419 [main] DEBUG org.apache.http.impl.conn.DefaultHttpClientConnectionOperator -- Connecting to localhost/127.0.0.1:3000
23:46:04.420 [main] DEBUG org.apache.http.impl.conn.DefaultHttpClientConnectionOperator -- Connection established 127.0.0.1:65067<->127.0.0.1:3000
23:46:04.420 [main] DEBUG org.apache.http.impl.conn.DefaultManagedHttpClientConnection -- http-outgoing-24: set socket timeout to 5000
23:46:04.420 [main] DEBUG org.apache.http.impl.execchain.MainClientExec -- Executing request POST /auth/register HTTP/1.1
23:46:04.420 [main] DEBUG org.apache.http.impl.execchain.MainClientExec -- Target auth state: UNCHALLENGED
23:46:04.420 [main] DEBUG org.apache.http.impl.execchain.MainClientExec -- Proxy auth state: UNCHALLENGED
23:46:04.420 [main] DEBUG org.apache.http.headers -- http-outgoing-24 >> POST /auth/register HTTP/1.1
23:46:04.420 [main] DEBUG org.apache.http.headers -- http-outgoing-24 >> Content-Type: application/json; charset=UTF-8
23:46:04.420 [main] DEBUG org.apache.http.headers -- http-outgoing-24 >> Content-Length: 82
23:46:04.420 [main] DEBUG org.apache.http.headers -- http-outgoing-24 >> Host: localhost:3000
23:46:04.420 [main] DEBUG org.apache.http.headers -- http-outgoing-24 >> Connection: Keep-Alive
23:46:04.420 [main] DEBUG org.apache.http.headers -- http-outgoing-24 >> User-Agent: Apache-HttpClient/4.5.14 (Java/17.0.9)
23:46:04.420 [main] DEBUG org.apache.http.headers -- http-outgoing-24 >> Accept-Encoding: gzip,deflate
23:46:04.420 [main] DEBUG org.apache.http.wire -- http-outgoing-24 >> "POST /auth/register HTTP/1.1[\r][\n]"
23:46:04.420 [main] DEBUG org.apache.http.wire -- http-outgoing-24 >> "Content-Type: application/json; charset=UTF-8[\r][\n]"
23:46:04.420 [main] DEBUG org.apache.http.wire -- http-outgoing-24 >> "Content-Length: 82[\r][\n]"
23:46:04.420 [main] DEBUG org.apache.http.wire -- http-outgoing-24 >> "Host: localhost:3000[\r][\n]"
23:46:04.420 [main] DEBUG org.apache.http.wire -- http-outgoing-24 >> "Connection: Keep-Alive[\r][\n]"
23:46:04.420 [main] DEBUG org.apache.http.wire -- http-outgoing-24 >> "User-Agent: Apache-HttpClient/4.5.14 (Java/17.0.9)[\r][\n]"
23:46:04.420 [main] DEBUG org.apache.http.wire -- http-outgoing-24 >> "Accept-Encoding: gzip,deflate[\r][\n]"
23:46:04.420 [main] DEBUG org.apache.http.wire -- http-outgoing-24 >> "[\r][\n]"
23:46:04.420 [main] DEBUG org.apache.http.wire -- http-outgoing-24 >> "{"email":"   ","password":"   ","name":"   ","username":"   ","phoneNumber":"   "}"
23:46:04.421 [main] DEBUG org.apache.http.wire -- http-outgoing-24 << "HTTP/1.1 400 Bad Request[\r][\n]"
23:46:04.422 [main] DEBUG org.apache.http.wire -- http-outgoing-24 << "X-Powered-By: Express[\r][\n]"
23:46:04.422 [main] DEBUG org.apache.http.wire -- http-outgoing-24 << "Access-Control-Allow-Origin: *[\r][\n]"
23:46:04.422 [main] DEBUG org.apache.http.wire -- http-outgoing-24 << "Content-Type: application/json; charset=utf-8[\r][\n]"
23:46:04.422 [main] DEBUG org.apache.http.wire -- http-outgoing-24 << "Content-Length: 139[\r][\n]"
23:46:04.422 [main] DEBUG org.apache.http.wire -- http-outgoing-24 << "ETag: W/"8b-XjlGuOwqmlNXpsBU2CJlaGH2nUE"[\r][\n]"
23:46:04.422 [main] DEBUG org.apache.http.wire -- http-outgoing-24 << "Date: Tue, 17 Jun 2025 16:46:04 GMT[\r][\n]"
23:46:04.422 [main] DEBUG org.apache.http.wire -- http-outgoing-24 << "Connection: keep-alive[\r][\n]"
23:46:04.422 [main] DEBUG org.apache.http.wire -- http-outgoing-24 << "Keep-Alive: timeout=5[\r][\n]"
23:46:04.422 [main] DEBUG org.apache.http.wire -- http-outgoing-24 << "[\r][\n]"
23:46:04.422 [main] DEBUG org.apache.http.wire -- http-outgoing-24 << "{"success":false,"statusCode":400,"message":"D[0xe1][0xbb][0xaf] li[0xe1][0xbb][0x87]u kh[0xc3][0xb4]ng h[0xe1][0xbb][0xa3]p l[0xe1][0xbb][0x87]","path":"/auth/register","timestamp":"2025-06-17T16:46:04.421Z"}"
23:46:04.422 [main] DEBUG org.apache.http.headers -- http-outgoing-24 << HTTP/1.1 400 Bad Request
23:46:04.422 [main] DEBUG org.apache.http.headers -- http-outgoing-24 << X-Powered-By: Express
23:46:04.422 [main] DEBUG org.apache.http.headers -- http-outgoing-24 << Access-Control-Allow-Origin: *
23:46:04.422 [main] DEBUG org.apache.http.headers -- http-outgoing-24 << Content-Type: application/json; charset=utf-8
23:46:04.422 [main] DEBUG org.apache.http.headers -- http-outgoing-24 << Content-Length: 139
23:46:04.422 [main] DEBUG org.apache.http.headers -- http-outgoing-24 << ETag: W/"8b-XjlGuOwqmlNXpsBU2CJlaGH2nUE"
23:46:04.422 [main] DEBUG org.apache.http.headers -- http-outgoing-24 << Date: Tue, 17 Jun 2025 16:46:04 GMT
23:46:04.422 [main] DEBUG org.apache.http.headers -- http-outgoing-24 << Connection: keep-alive
23:46:04.422 [main] DEBUG org.apache.http.headers -- http-outgoing-24 << Keep-Alive: timeout=5
23:46:04.422 [main] DEBUG org.apache.http.impl.execchain.MainClientExec -- Connection can be kept alive for 5000 MILLISECONDS
23:46:04.422 [main] DEBUG org.apache.http.impl.conn.PoolingHttpClientConnectionManager -- Connection [id: 24][route: {}->http://localhost:3000] can be kept alive for 5.0 seconds
23:46:04.422 [main] DEBUG org.apache.http.impl.conn.DefaultManagedHttpClientConnection -- http-outgoing-24: set socket timeout to 0
23:46:04.422 [main] DEBUG org.apache.http.impl.conn.PoolingHttpClientConnectionManager -- Connection released: [id: 24][route: {}->http://localhost:3000][total available: 1; route allocated: 1 of 5; total allocated: 1 of 10]
23:46:04.422 [main] DEBUG org.apache.http.impl.conn.PoolingHttpClientConnectionManager -- Connection manager is shutting down
23:46:04.422 [main] DEBUG org.apache.http.impl.conn.DefaultManagedHttpClientConnection -- http-outgoing-24: Close connection
23:46:04.422 [main] DEBUG org.apache.http.impl.conn.PoolingHttpClientConnectionManager -- Connection manager shut down
23:46:04.422 [main] DEBUG com.intuit.karate -- response time in milliseconds: 3
1 < 400
1 < X-Powered-By: Express
1 < Access-Control-Allow-Origin: *
1 < Content-Type: application/json; charset=utf-8
1 < Content-Length: 139
1 < ETag: W/"8b-XjlGuOwqmlNXpsBU2CJlaGH2nUE"
1 < Date: Tue, 17 Jun 2025 16:46:04 GMT
1 < Connection: keep-alive
1 < Keep-Alive: timeout=5
{
  "success": false,
  "statusCode": 400,
  "message": "D? li?u không h?p l?",
  "path": "/auth/register",
  "timestamp": "2025-06-17T16:46:04.421Z"
}


23:46:04.422 [main] DEBUG com.intuit.karate.core.ScenarioEngine -- over-writing existing variable 'responseStatus' with new value: karate.get('responseStatus')
23:46:04.422 [main] DEBUG com.intuit.karate.core.ScenarioEngine -- over-writing existing variable 'response' with new value: karate.get('response')
23:46:04.423 [main] INFO com.intuit.karate -- [print] Register API called with: 
23:46:04.423 [main] INFO com.intuit.karate -- [print] Request: {
  "email": "   ",
  "password": "   ",
  "name": "   ",
  "username": "   ",
  "phoneNumber": "   "
}
 
23:46:04.423 [main] INFO com.intuit.karate -- [print] Response Status: 400 
23:46:04.423 [main] INFO com.intuit.karate -- [print] Response Body: {
  "success": false,
  "statusCode": 400,
  "message": "D? li?u không h?p l?",
  "path": "/auth/register",
  "timestamp": "2025-06-17T16:46:04.421Z"
}
 
23:46:04.423 [main] INFO com.intuit.karate -- ? TEST CASE #25 PASSED 
23:46:04.424 [main] INFO com.intuit.karate -- Actual Status: 400 
23:46:04.424 [main] INFO com.intuit.karate -- Actual Result: {"success":false,"statusCode":400,"message":"D? li?u không h?p l?","path":"/auth/register","timestamp":"2025-06-17T16:46:04.421Z"} 
23:46:04.424 [main] INFO com.intuit.karate -- Test Result: PASS 
23:46:04.424 [main] INFO com.intuit.karate -- ========================================== 
23:46:04.424 [main] INFO com.intuit.karate -- ========================================== 
23:46:04.424 [main] INFO com.intuit.karate -- ?ANG CH?Y TEST CASE #26/30 
23:46:04.424 [main] INFO com.intuit.karate -- Description: TC26: Ki?m tra tr??ng null - Ki?m tra khi g?i giá tr? null cho các tr??ng 
23:46:04.424 [main] INFO com.intuit.karate -- Email: "null" 
23:46:04.424 [main] INFO com.intuit.karate -- Password: "null" 
23:46:04.424 [main] INFO com.intuit.karate -- Name: "null" 
23:46:04.424 [main] INFO com.intuit.karate -- Username: "null" 
23:46:04.424 [main] INFO com.intuit.karate -- PhoneNumber: "null" 
23:46:04.424 [main] INFO com.intuit.karate -- Expected Status: 400 
23:46:04.424 [main] INFO com.intuit.karate -- Expected Result: {"error": "Fields cannot be null"} 
23:46:04.424 [main] INFO com.intuit.karate -- ========================================== 
23:46:04.441 [main] INFO com.intuit.karate -- karate.env system property was: null 
23:46:04.442 [main] DEBUG com.jayway.jsonpath.internal.path.CompiledPath -- Evaluating path: $
23:46:04.444 [main] DEBUG org.apache.http.client.protocol.RequestAddCookies -- CookieSpec selected: karate
23:46:04.444 [main] DEBUG org.apache.http.client.protocol.RequestAuthCache -- Auth cache not set in the context
23:46:04.444 [main] DEBUG com.intuit.karate -- request:
1 > POST http://localhost:3000/auth/register
1 > Content-Type: application/json; charset=UTF-8
1 > Content-Length: 77
1 > Host: localhost:3000
1 > Connection: Keep-Alive
1 > User-Agent: Apache-HttpClient/4.5.14 (Java/17.0.9)
1 > Accept-Encoding: gzip,deflate
{
  "email": null,
  "password": null,
  "name": null,
  "username": null,
  "phoneNumber": null
}


23:46:04.444 [main] DEBUG org.apache.http.impl.conn.PoolingHttpClientConnectionManager -- Connection request: [route: {}->http://localhost:3000][total available: 0; route allocated: 0 of 5; total allocated: 0 of 10]
23:46:04.444 [main] DEBUG org.apache.http.impl.conn.PoolingHttpClientConnectionManager -- Connection leased: [id: 25][route: {}->http://localhost:3000][total available: 0; route allocated: 1 of 5; total allocated: 1 of 10]
23:46:04.444 [main] DEBUG org.apache.http.impl.execchain.MainClientExec -- Opening connection {}->http://localhost:3000
23:46:04.444 [main] DEBUG org.apache.http.impl.conn.DefaultHttpClientConnectionOperator -- Connecting to localhost/127.0.0.1:3000
23:46:04.445 [main] DEBUG org.apache.http.impl.conn.DefaultHttpClientConnectionOperator -- Connection established 127.0.0.1:65068<->127.0.0.1:3000
23:46:04.445 [main] DEBUG org.apache.http.impl.conn.DefaultManagedHttpClientConnection -- http-outgoing-25: set socket timeout to 5000
23:46:04.445 [main] DEBUG org.apache.http.impl.execchain.MainClientExec -- Executing request POST /auth/register HTTP/1.1
23:46:04.445 [main] DEBUG org.apache.http.impl.execchain.MainClientExec -- Target auth state: UNCHALLENGED
23:46:04.445 [main] DEBUG org.apache.http.impl.execchain.MainClientExec -- Proxy auth state: UNCHALLENGED
23:46:04.445 [main] DEBUG org.apache.http.headers -- http-outgoing-25 >> POST /auth/register HTTP/1.1
23:46:04.445 [main] DEBUG org.apache.http.headers -- http-outgoing-25 >> Content-Type: application/json; charset=UTF-8
23:46:04.445 [main] DEBUG org.apache.http.headers -- http-outgoing-25 >> Content-Length: 77
23:46:04.445 [main] DEBUG org.apache.http.headers -- http-outgoing-25 >> Host: localhost:3000
23:46:04.445 [main] DEBUG org.apache.http.headers -- http-outgoing-25 >> Connection: Keep-Alive
23:46:04.445 [main] DEBUG org.apache.http.headers -- http-outgoing-25 >> User-Agent: Apache-HttpClient/4.5.14 (Java/17.0.9)
23:46:04.445 [main] DEBUG org.apache.http.headers -- http-outgoing-25 >> Accept-Encoding: gzip,deflate
23:46:04.445 [main] DEBUG org.apache.http.wire -- http-outgoing-25 >> "POST /auth/register HTTP/1.1[\r][\n]"
23:46:04.445 [main] DEBUG org.apache.http.wire -- http-outgoing-25 >> "Content-Type: application/json; charset=UTF-8[\r][\n]"
23:46:04.445 [main] DEBUG org.apache.http.wire -- http-outgoing-25 >> "Content-Length: 77[\r][\n]"
23:46:04.445 [main] DEBUG org.apache.http.wire -- http-outgoing-25 >> "Host: localhost:3000[\r][\n]"
23:46:04.445 [main] DEBUG org.apache.http.wire -- http-outgoing-25 >> "Connection: Keep-Alive[\r][\n]"
23:46:04.445 [main] DEBUG org.apache.http.wire -- http-outgoing-25 >> "User-Agent: Apache-HttpClient/4.5.14 (Java/17.0.9)[\r][\n]"
23:46:04.445 [main] DEBUG org.apache.http.wire -- http-outgoing-25 >> "Accept-Encoding: gzip,deflate[\r][\n]"
23:46:04.445 [main] DEBUG org.apache.http.wire -- http-outgoing-25 >> "[\r][\n]"
23:46:04.445 [main] DEBUG org.apache.http.wire -- http-outgoing-25 >> "{"email":null,"password":null,"name":null,"username":null,"phoneNumber":null}"
23:46:04.447 [main] DEBUG org.apache.http.wire -- http-outgoing-25 << "HTTP/1.1 400 Bad Request[\r][\n]"
23:46:04.447 [main] DEBUG org.apache.http.wire -- http-outgoing-25 << "X-Powered-By: Express[\r][\n]"
23:46:04.447 [main] DEBUG org.apache.http.wire -- http-outgoing-25 << "Access-Control-Allow-Origin: *[\r][\n]"
23:46:04.447 [main] DEBUG org.apache.http.wire -- http-outgoing-25 << "Content-Type: application/json; charset=utf-8[\r][\n]"
23:46:04.447 [main] DEBUG org.apache.http.wire -- http-outgoing-25 << "Content-Length: 139[\r][\n]"
23:46:04.447 [main] DEBUG org.apache.http.wire -- http-outgoing-25 << "ETag: W/"8b-n+c9NrzsDn0m7+vkb3z8x7GHLJM"[\r][\n]"
23:46:04.447 [main] DEBUG org.apache.http.wire -- http-outgoing-25 << "Date: Tue, 17 Jun 2025 16:46:04 GMT[\r][\n]"
23:46:04.447 [main] DEBUG org.apache.http.wire -- http-outgoing-25 << "Connection: keep-alive[\r][\n]"
23:46:04.447 [main] DEBUG org.apache.http.wire -- http-outgoing-25 << "Keep-Alive: timeout=5[\r][\n]"
23:46:04.447 [main] DEBUG org.apache.http.wire -- http-outgoing-25 << "[\r][\n]"
23:46:04.447 [main] DEBUG org.apache.http.wire -- http-outgoing-25 << "{"success":false,"statusCode":400,"message":"D[0xe1][0xbb][0xaf] li[0xe1][0xbb][0x87]u kh[0xc3][0xb4]ng h[0xe1][0xbb][0xa3]p l[0xe1][0xbb][0x87]","path":"/auth/register","timestamp":"2025-06-17T16:46:04.446Z"}"
23:46:04.447 [main] DEBUG org.apache.http.headers -- http-outgoing-25 << HTTP/1.1 400 Bad Request
23:46:04.447 [main] DEBUG org.apache.http.headers -- http-outgoing-25 << X-Powered-By: Express
23:46:04.447 [main] DEBUG org.apache.http.headers -- http-outgoing-25 << Access-Control-Allow-Origin: *
23:46:04.447 [main] DEBUG org.apache.http.headers -- http-outgoing-25 << Content-Type: application/json; charset=utf-8
23:46:04.447 [main] DEBUG org.apache.http.headers -- http-outgoing-25 << Content-Length: 139
23:46:04.447 [main] DEBUG org.apache.http.headers -- http-outgoing-25 << ETag: W/"8b-n+c9NrzsDn0m7+vkb3z8x7GHLJM"
23:46:04.447 [main] DEBUG org.apache.http.headers -- http-outgoing-25 << Date: Tue, 17 Jun 2025 16:46:04 GMT
23:46:04.447 [main] DEBUG org.apache.http.headers -- http-outgoing-25 << Connection: keep-alive
23:46:04.447 [main] DEBUG org.apache.http.headers -- http-outgoing-25 << Keep-Alive: timeout=5
23:46:04.447 [main] DEBUG org.apache.http.impl.execchain.MainClientExec -- Connection can be kept alive for 5000 MILLISECONDS
23:46:04.447 [main] DEBUG org.apache.http.impl.conn.PoolingHttpClientConnectionManager -- Connection [id: 25][route: {}->http://localhost:3000] can be kept alive for 5.0 seconds
23:46:04.447 [main] DEBUG org.apache.http.impl.conn.DefaultManagedHttpClientConnection -- http-outgoing-25: set socket timeout to 0
23:46:04.447 [main] DEBUG org.apache.http.impl.conn.PoolingHttpClientConnectionManager -- Connection released: [id: 25][route: {}->http://localhost:3000][total available: 1; route allocated: 1 of 5; total allocated: 1 of 10]
23:46:04.447 [main] DEBUG org.apache.http.impl.conn.PoolingHttpClientConnectionManager -- Connection manager is shutting down
23:46:04.447 [main] DEBUG org.apache.http.impl.conn.DefaultManagedHttpClientConnection -- http-outgoing-25: Close connection
23:46:04.447 [main] DEBUG org.apache.http.impl.conn.PoolingHttpClientConnectionManager -- Connection manager shut down
23:46:04.447 [main] DEBUG com.intuit.karate -- response time in milliseconds: 3
1 < 400
1 < X-Powered-By: Express
1 < Access-Control-Allow-Origin: *
1 < Content-Type: application/json; charset=utf-8
1 < Content-Length: 139
1 < ETag: W/"8b-n+c9NrzsDn0m7+vkb3z8x7GHLJM"
1 < Date: Tue, 17 Jun 2025 16:46:04 GMT
1 < Connection: keep-alive
1 < Keep-Alive: timeout=5
{
  "success": false,
  "statusCode": 400,
  "message": "D? li?u không h?p l?",
  "path": "/auth/register",
  "timestamp": "2025-06-17T16:46:04.446Z"
}


23:46:04.448 [main] DEBUG com.intuit.karate.core.ScenarioEngine -- over-writing existing variable 'responseStatus' with new value: karate.get('responseStatus')
23:46:04.448 [main] DEBUG com.intuit.karate.core.ScenarioEngine -- over-writing existing variable 'response' with new value: karate.get('response')
23:46:04.449 [main] INFO com.intuit.karate -- [print] Register API called with: 
23:46:04.450 [main] INFO com.intuit.karate -- [print] Request: {
  "email": null,
  "password": null,
  "name": null,
  "username": null,
  "phoneNumber": null
}
 
23:46:04.450 [main] INFO com.intuit.karate -- [print] Response Status: 400 
23:46:04.450 [main] INFO com.intuit.karate -- [print] Response Body: {
  "success": false,
  "statusCode": 400,
  "message": "D? li?u không h?p l?",
  "path": "/auth/register",
  "timestamp": "2025-06-17T16:46:04.446Z"
}
 
23:46:04.451 [main] INFO com.intuit.karate -- ? TEST CASE #26 PASSED 
23:46:04.451 [main] INFO com.intuit.karate -- Actual Status: 400 
23:46:04.451 [main] INFO com.intuit.karate -- Actual Result: {"success":false,"statusCode":400,"message":"D? li?u không h?p l?","path":"/auth/register","timestamp":"2025-06-17T16:46:04.446Z"} 
23:46:04.451 [main] INFO com.intuit.karate -- Test Result: PASS 
23:46:04.451 [main] INFO com.intuit.karate -- ========================================== 
23:46:04.451 [main] INFO com.intuit.karate -- ========================================== 
23:46:04.451 [main] INFO com.intuit.karate -- ?ANG CH?Y TEST CASE #27/30 
23:46:04.451 [main] INFO com.intuit.karate -- Description: TC27: S? ?i?n tho?i h?p l? - 10 ch? s? b?t ??u b?ng 0 
23:46:04.451 [main] INFO com.intuit.karate -- Email: "test27@example.com" 
23:46:04.451 [main] INFO com.intuit.karate -- Password: "Password123" 
23:46:04.451 [main] INFO com.intuit.karate -- Name: "John Doe" 
23:46:04.451 [main] INFO com.intuit.karate -- Username: "johndoe27" 
23:46:04.451 [main] INFO com.intuit.karate -- PhoneNumber: "0123456789" 
23:46:04.451 [main] INFO com.intuit.karate -- Expected Status: 201 
23:46:04.451 [main] INFO com.intuit.karate -- Expected Result: {"message": "User registered successfully"} 
23:46:04.451 [main] INFO com.intuit.karate -- ========================================== 
23:46:04.455 [main] INFO com.intuit.karate -- karate.env system property was: null 
23:46:04.456 [main] DEBUG com.jayway.jsonpath.internal.path.CompiledPath -- Evaluating path: $
23:46:04.457 [main] DEBUG org.apache.http.client.protocol.RequestAddCookies -- CookieSpec selected: karate
23:46:04.457 [main] DEBUG org.apache.http.client.protocol.RequestAuthCache -- Auth cache not set in the context
23:46:04.457 [main] DEBUG com.intuit.karate -- request:
1 > POST http://localhost:3000/auth/register
1 > Content-Type: application/json; charset=UTF-8
1 > Content-Length: 123
1 > Host: localhost:3000
1 > Connection: Keep-Alive
1 > User-Agent: Apache-HttpClient/4.5.14 (Java/17.0.9)
1 > Accept-Encoding: gzip,deflate
{
  "email": "test27@example.com",
  "password": "Password123",
  "name": "John Doe",
  "username": "johndoe27",
  "phoneNumber": "0123456789"
}


23:46:04.457 [main] DEBUG org.apache.http.impl.conn.PoolingHttpClientConnectionManager -- Connection request: [route: {}->http://localhost:3000][total available: 0; route allocated: 0 of 5; total allocated: 0 of 10]
23:46:04.457 [main] DEBUG org.apache.http.impl.conn.PoolingHttpClientConnectionManager -- Connection leased: [id: 26][route: {}->http://localhost:3000][total available: 0; route allocated: 1 of 5; total allocated: 1 of 10]
23:46:04.457 [main] DEBUG org.apache.http.impl.execchain.MainClientExec -- Opening connection {}->http://localhost:3000
23:46:04.457 [main] DEBUG org.apache.http.impl.conn.DefaultHttpClientConnectionOperator -- Connecting to localhost/127.0.0.1:3000
23:46:04.457 [main] DEBUG org.apache.http.impl.conn.DefaultHttpClientConnectionOperator -- Connection established 127.0.0.1:65069<->127.0.0.1:3000
23:46:04.457 [main] DEBUG org.apache.http.impl.conn.DefaultManagedHttpClientConnection -- http-outgoing-26: set socket timeout to 5000
23:46:04.457 [main] DEBUG org.apache.http.impl.execchain.MainClientExec -- Executing request POST /auth/register HTTP/1.1
23:46:04.457 [main] DEBUG org.apache.http.impl.execchain.MainClientExec -- Target auth state: UNCHALLENGED
23:46:04.457 [main] DEBUG org.apache.http.impl.execchain.MainClientExec -- Proxy auth state: UNCHALLENGED
23:46:04.457 [main] DEBUG org.apache.http.headers -- http-outgoing-26 >> POST /auth/register HTTP/1.1
23:46:04.457 [main] DEBUG org.apache.http.headers -- http-outgoing-26 >> Content-Type: application/json; charset=UTF-8
23:46:04.457 [main] DEBUG org.apache.http.headers -- http-outgoing-26 >> Content-Length: 123
23:46:04.457 [main] DEBUG org.apache.http.headers -- http-outgoing-26 >> Host: localhost:3000
23:46:04.457 [main] DEBUG org.apache.http.headers -- http-outgoing-26 >> Connection: Keep-Alive
23:46:04.457 [main] DEBUG org.apache.http.headers -- http-outgoing-26 >> User-Agent: Apache-HttpClient/4.5.14 (Java/17.0.9)
23:46:04.457 [main] DEBUG org.apache.http.headers -- http-outgoing-26 >> Accept-Encoding: gzip,deflate
23:46:04.457 [main] DEBUG org.apache.http.wire -- http-outgoing-26 >> "POST /auth/register HTTP/1.1[\r][\n]"
23:46:04.457 [main] DEBUG org.apache.http.wire -- http-outgoing-26 >> "Content-Type: application/json; charset=UTF-8[\r][\n]"
23:46:04.458 [main] DEBUG org.apache.http.wire -- http-outgoing-26 >> "Content-Length: 123[\r][\n]"
23:46:04.458 [main] DEBUG org.apache.http.wire -- http-outgoing-26 >> "Host: localhost:3000[\r][\n]"
23:46:04.458 [main] DEBUG org.apache.http.wire -- http-outgoing-26 >> "Connection: Keep-Alive[\r][\n]"
23:46:04.458 [main] DEBUG org.apache.http.wire -- http-outgoing-26 >> "User-Agent: Apache-HttpClient/4.5.14 (Java/17.0.9)[\r][\n]"
23:46:04.458 [main] DEBUG org.apache.http.wire -- http-outgoing-26 >> "Accept-Encoding: gzip,deflate[\r][\n]"
23:46:04.458 [main] DEBUG org.apache.http.wire -- http-outgoing-26 >> "[\r][\n]"
23:46:04.458 [main] DEBUG org.apache.http.wire -- http-outgoing-26 >> "{"email":"test27@example.com","password":"Password123","name":"John Doe","username":"johndoe27","phoneNumber":"0123456789"}"
23:46:04.487 [main] DEBUG org.apache.http.wire -- http-outgoing-26 << "HTTP/1.1 409 Conflict[\r][\n]"
23:46:04.487 [main] DEBUG org.apache.http.wire -- http-outgoing-26 << "X-Powered-By: Express[\r][\n]"
23:46:04.487 [main] DEBUG org.apache.http.wire -- http-outgoing-26 << "Access-Control-Allow-Origin: *[\r][\n]"
23:46:04.487 [main] DEBUG org.apache.http.wire -- http-outgoing-26 << "Content-Type: application/json; charset=utf-8[\r][\n]"
23:46:04.487 [main] DEBUG org.apache.http.wire -- http-outgoing-26 << "Content-Length: 158[\r][\n]"
23:46:04.487 [main] DEBUG org.apache.http.wire -- http-outgoing-26 << "ETag: W/"9e-RpNiYP791m1e96YnvvBWzOvdCOI"[\r][\n]"
23:46:04.487 [main] DEBUG org.apache.http.wire -- http-outgoing-26 << "Date: Tue, 17 Jun 2025 16:46:04 GMT[\r][\n]"
23:46:04.487 [main] DEBUG org.apache.http.wire -- http-outgoing-26 << "Connection: keep-alive[\r][\n]"
23:46:04.487 [main] DEBUG org.apache.http.wire -- http-outgoing-26 << "Keep-Alive: timeout=5[\r][\n]"
23:46:04.487 [main] DEBUG org.apache.http.wire -- http-outgoing-26 << "[\r][\n]"
23:46:04.487 [main] DEBUG org.apache.http.wire -- http-outgoing-26 << "{"success":false,"statusCode":409,"message":"Email ho[0xe1][0xba][0xb7]c t[0xc3][0xaa]n [0xc4][0x91][0xc4][0x83]ng nh[0xe1][0xba][0xad]p [0xc4][0x91][0xc3][0xa3] t[0xe1][0xbb][0x93]n t[0xe1][0xba][0xa1]i","path":"/auth/register","timestamp":"2025-06-17T16:46:04.487Z"}"
23:46:04.488 [main] DEBUG org.apache.http.headers -- http-outgoing-26 << HTTP/1.1 409 Conflict
23:46:04.488 [main] DEBUG org.apache.http.headers -- http-outgoing-26 << X-Powered-By: Express
23:46:04.488 [main] DEBUG org.apache.http.headers -- http-outgoing-26 << Access-Control-Allow-Origin: *
23:46:04.488 [main] DEBUG org.apache.http.headers -- http-outgoing-26 << Content-Type: application/json; charset=utf-8
23:46:04.488 [main] DEBUG org.apache.http.headers -- http-outgoing-26 << Content-Length: 158
23:46:04.488 [main] DEBUG org.apache.http.headers -- http-outgoing-26 << ETag: W/"9e-RpNiYP791m1e96YnvvBWzOvdCOI"
23:46:04.488 [main] DEBUG org.apache.http.headers -- http-outgoing-26 << Date: Tue, 17 Jun 2025 16:46:04 GMT
23:46:04.488 [main] DEBUG org.apache.http.headers -- http-outgoing-26 << Connection: keep-alive
23:46:04.488 [main] DEBUG org.apache.http.headers -- http-outgoing-26 << Keep-Alive: timeout=5
23:46:04.488 [main] DEBUG org.apache.http.impl.execchain.MainClientExec -- Connection can be kept alive for 5000 MILLISECONDS
23:46:04.488 [main] DEBUG org.apache.http.impl.conn.PoolingHttpClientConnectionManager -- Connection [id: 26][route: {}->http://localhost:3000] can be kept alive for 5.0 seconds
23:46:04.488 [main] DEBUG org.apache.http.impl.conn.DefaultManagedHttpClientConnection -- http-outgoing-26: set socket timeout to 0
23:46:04.488 [main] DEBUG org.apache.http.impl.conn.PoolingHttpClientConnectionManager -- Connection released: [id: 26][route: {}->http://localhost:3000][total available: 1; route allocated: 1 of 5; total allocated: 1 of 10]
23:46:04.488 [main] DEBUG org.apache.http.impl.conn.PoolingHttpClientConnectionManager -- Connection manager is shutting down
23:46:04.488 [main] DEBUG org.apache.http.impl.conn.DefaultManagedHttpClientConnection -- http-outgoing-26: Close connection
23:46:04.488 [main] DEBUG org.apache.http.impl.conn.PoolingHttpClientConnectionManager -- Connection manager shut down
23:46:04.488 [main] DEBUG com.intuit.karate -- response time in milliseconds: 31
1 < 409
1 < X-Powered-By: Express
1 < Access-Control-Allow-Origin: *
1 < Content-Type: application/json; charset=utf-8
1 < Content-Length: 158
1 < ETag: W/"9e-RpNiYP791m1e96YnvvBWzOvdCOI"
1 < Date: Tue, 17 Jun 2025 16:46:04 GMT
1 < Connection: keep-alive
1 < Keep-Alive: timeout=5
{
  "success": false,
  "statusCode": 409,
  "message": "Email ho?c tên ??ng nh?p ?ã t?n t?i",
  "path": "/auth/register",
  "timestamp": "2025-06-17T16:46:04.487Z"
}


23:46:04.488 [main] DEBUG com.intuit.karate.core.ScenarioEngine -- over-writing existing variable 'responseStatus' with new value: karate.get('responseStatus')
23:46:04.489 [main] DEBUG com.intuit.karate.core.ScenarioEngine -- over-writing existing variable 'response' with new value: karate.get('response')
23:46:04.489 [main] INFO com.intuit.karate -- [print] Register API called with: 
23:46:04.489 [main] INFO com.intuit.karate -- [print] Request: {
  "email": "test27@example.com",
  "password": "Password123",
  "name": "John Doe",
  "username": "johndoe27",
  "phoneNumber": "0123456789"
}
 
23:46:04.489 [main] INFO com.intuit.karate -- [print] Response Status: 409 
23:46:04.489 [main] INFO com.intuit.karate -- [print] Response Body: {
  "success": false,
  "statusCode": 409,
  "message": "Email ho?c tên ??ng nh?p ?ã t?n t?i",
  "path": "/auth/register",
  "timestamp": "2025-06-17T16:46:04.487Z"
}
 
23:46:04.490 [main] INFO com.intuit.karate -- ? TEST CASE #27 FAILED 
23:46:04.490 [main] INFO com.intuit.karate --   Expected Status: 201 
23:46:04.490 [main] INFO com.intuit.karate --   Actual Status: 409 
23:46:04.490 [main] INFO com.intuit.karate -- Actual Status: 409 
23:46:04.490 [main] INFO com.intuit.karate -- Actual Result: {"success":false,"statusCode":409,"message":"Email ho?c tên ??ng nh?p ?ã t?n t?i","path":"/auth/register","timestamp":"2025-06-17T16:46:04.487Z"} 
23:46:04.490 [main] INFO com.intuit.karate -- Test Result: FAIL 
23:46:04.490 [main] INFO com.intuit.karate -- ========================================== 
23:46:04.490 [main] INFO com.intuit.karate -- ========================================== 
23:46:04.490 [main] INFO com.intuit.karate -- ?ANG CH?Y TEST CASE #28/30 
23:46:04.490 [main] INFO com.intuit.karate -- Description: TC28: S? ?i?n tho?i h?p l? - 11 ch? s? không b?t ??u b?ng 0 
23:46:04.490 [main] INFO com.intuit.karate -- Email: "test28@example.com" 
23:46:04.490 [main] INFO com.intuit.karate -- Password: "Password123" 
23:46:04.490 [main] INFO com.intuit.karate -- Name: "John Doe" 
23:46:04.490 [main] INFO com.intuit.karate -- Username: "johndoe28" 
23:46:04.490 [main] INFO com.intuit.karate -- PhoneNumber: "84987654321" 
23:46:04.490 [main] INFO com.intuit.karate -- Expected Status: 201 
23:46:04.490 [main] INFO com.intuit.karate -- Expected Result: {"message": "User registered successfully"} 
23:46:04.490 [main] INFO com.intuit.karate -- ========================================== 
23:46:04.494 [main] INFO com.intuit.karate -- karate.env system property was: null 
23:46:04.495 [main] DEBUG com.jayway.jsonpath.internal.path.CompiledPath -- Evaluating path: $
23:46:04.496 [main] DEBUG org.apache.http.client.protocol.RequestAddCookies -- CookieSpec selected: karate
23:46:04.496 [main] DEBUG org.apache.http.client.protocol.RequestAuthCache -- Auth cache not set in the context
23:46:04.496 [main] DEBUG com.intuit.karate -- request:
1 > POST http://localhost:3000/auth/register
1 > Content-Type: application/json; charset=UTF-8
1 > Content-Length: 124
1 > Host: localhost:3000
1 > Connection: Keep-Alive
1 > User-Agent: Apache-HttpClient/4.5.14 (Java/17.0.9)
1 > Accept-Encoding: gzip,deflate
{
  "email": "test28@example.com",
  "password": "Password123",
  "name": "John Doe",
  "username": "johndoe28",
  "phoneNumber": "84987654321"
}


23:46:04.496 [main] DEBUG org.apache.http.impl.conn.PoolingHttpClientConnectionManager -- Connection request: [route: {}->http://localhost:3000][total available: 0; route allocated: 0 of 5; total allocated: 0 of 10]
23:46:04.496 [main] DEBUG org.apache.http.impl.conn.PoolingHttpClientConnectionManager -- Connection leased: [id: 27][route: {}->http://localhost:3000][total available: 0; route allocated: 1 of 5; total allocated: 1 of 10]
23:46:04.496 [main] DEBUG org.apache.http.impl.execchain.MainClientExec -- Opening connection {}->http://localhost:3000
23:46:04.496 [main] DEBUG org.apache.http.impl.conn.DefaultHttpClientConnectionOperator -- Connecting to localhost/127.0.0.1:3000
23:46:04.496 [main] DEBUG org.apache.http.impl.conn.DefaultHttpClientConnectionOperator -- Connection established 127.0.0.1:65070<->127.0.0.1:3000
23:46:04.496 [main] DEBUG org.apache.http.impl.conn.DefaultManagedHttpClientConnection -- http-outgoing-27: set socket timeout to 5000
23:46:04.496 [main] DEBUG org.apache.http.impl.execchain.MainClientExec -- Executing request POST /auth/register HTTP/1.1
23:46:04.496 [main] DEBUG org.apache.http.impl.execchain.MainClientExec -- Target auth state: UNCHALLENGED
23:46:04.496 [main] DEBUG org.apache.http.impl.execchain.MainClientExec -- Proxy auth state: UNCHALLENGED
23:46:04.496 [main] DEBUG org.apache.http.headers -- http-outgoing-27 >> POST /auth/register HTTP/1.1
23:46:04.496 [main] DEBUG org.apache.http.headers -- http-outgoing-27 >> Content-Type: application/json; charset=UTF-8
23:46:04.496 [main] DEBUG org.apache.http.headers -- http-outgoing-27 >> Content-Length: 124
23:46:04.496 [main] DEBUG org.apache.http.headers -- http-outgoing-27 >> Host: localhost:3000
23:46:04.496 [main] DEBUG org.apache.http.headers -- http-outgoing-27 >> Connection: Keep-Alive
23:46:04.496 [main] DEBUG org.apache.http.headers -- http-outgoing-27 >> User-Agent: Apache-HttpClient/4.5.14 (Java/17.0.9)
23:46:04.496 [main] DEBUG org.apache.http.headers -- http-outgoing-27 >> Accept-Encoding: gzip,deflate
23:46:04.496 [main] DEBUG org.apache.http.wire -- http-outgoing-27 >> "POST /auth/register HTTP/1.1[\r][\n]"
23:46:04.498 [main] DEBUG org.apache.http.wire -- http-outgoing-27 >> "Content-Type: application/json; charset=UTF-8[\r][\n]"
23:46:04.498 [main] DEBUG org.apache.http.wire -- http-outgoing-27 >> "Content-Length: 124[\r][\n]"
23:46:04.498 [main] DEBUG org.apache.http.wire -- http-outgoing-27 >> "Host: localhost:3000[\r][\n]"
23:46:04.498 [main] DEBUG org.apache.http.wire -- http-outgoing-27 >> "Connection: Keep-Alive[\r][\n]"
23:46:04.498 [main] DEBUG org.apache.http.wire -- http-outgoing-27 >> "User-Agent: Apache-HttpClient/4.5.14 (Java/17.0.9)[\r][\n]"
23:46:04.498 [main] DEBUG org.apache.http.wire -- http-outgoing-27 >> "Accept-Encoding: gzip,deflate[\r][\n]"
23:46:04.498 [main] DEBUG org.apache.http.wire -- http-outgoing-27 >> "[\r][\n]"
23:46:04.498 [main] DEBUG org.apache.http.wire -- http-outgoing-27 >> "{"email":"test28@example.com","password":"Password123","name":"John Doe","username":"johndoe28","phoneNumber":"84987654321"}"
23:46:04.529 [main] DEBUG org.apache.http.wire -- http-outgoing-27 << "HTTP/1.1 409 Conflict[\r][\n]"
23:46:04.529 [main] DEBUG org.apache.http.wire -- http-outgoing-27 << "X-Powered-By: Express[\r][\n]"
23:46:04.529 [main] DEBUG org.apache.http.wire -- http-outgoing-27 << "Access-Control-Allow-Origin: *[\r][\n]"
23:46:04.529 [main] DEBUG org.apache.http.wire -- http-outgoing-27 << "Content-Type: application/json; charset=utf-8[\r][\n]"
23:46:04.529 [main] DEBUG org.apache.http.wire -- http-outgoing-27 << "Content-Length: 158[\r][\n]"
23:46:04.529 [main] DEBUG org.apache.http.wire -- http-outgoing-27 << "ETag: W/"9e-+yFpUtDDb5mjk76Q5/azrnZz+g0"[\r][\n]"
23:46:04.529 [main] DEBUG org.apache.http.wire -- http-outgoing-27 << "Date: Tue, 17 Jun 2025 16:46:04 GMT[\r][\n]"
23:46:04.529 [main] DEBUG org.apache.http.wire -- http-outgoing-27 << "Connection: keep-alive[\r][\n]"
23:46:04.529 [main] DEBUG org.apache.http.wire -- http-outgoing-27 << "Keep-Alive: timeout=5[\r][\n]"
23:46:04.529 [main] DEBUG org.apache.http.wire -- http-outgoing-27 << "[\r][\n]"
23:46:04.529 [main] DEBUG org.apache.http.wire -- http-outgoing-27 << "{"success":false,"statusCode":409,"message":"Email ho[0xe1][0xba][0xb7]c t[0xc3][0xaa]n [0xc4][0x91][0xc4][0x83]ng nh[0xe1][0xba][0xad]p [0xc4][0x91][0xc3][0xa3] t[0xe1][0xbb][0x93]n t[0xe1][0xba][0xa1]i","path":"/auth/register","timestamp":"2025-06-17T16:46:04.529Z"}"
23:46:04.529 [main] DEBUG org.apache.http.headers -- http-outgoing-27 << HTTP/1.1 409 Conflict
23:46:04.529 [main] DEBUG org.apache.http.headers -- http-outgoing-27 << X-Powered-By: Express
23:46:04.529 [main] DEBUG org.apache.http.headers -- http-outgoing-27 << Access-Control-Allow-Origin: *
23:46:04.529 [main] DEBUG org.apache.http.headers -- http-outgoing-27 << Content-Type: application/json; charset=utf-8
23:46:04.529 [main] DEBUG org.apache.http.headers -- http-outgoing-27 << Content-Length: 158
23:46:04.529 [main] DEBUG org.apache.http.headers -- http-outgoing-27 << ETag: W/"9e-+yFpUtDDb5mjk76Q5/azrnZz+g0"
23:46:04.529 [main] DEBUG org.apache.http.headers -- http-outgoing-27 << Date: Tue, 17 Jun 2025 16:46:04 GMT
23:46:04.529 [main] DEBUG org.apache.http.headers -- http-outgoing-27 << Connection: keep-alive
23:46:04.529 [main] DEBUG org.apache.http.headers -- http-outgoing-27 << Keep-Alive: timeout=5
23:46:04.529 [main] DEBUG org.apache.http.impl.execchain.MainClientExec -- Connection can be kept alive for 5000 MILLISECONDS
23:46:04.529 [main] DEBUG org.apache.http.impl.conn.PoolingHttpClientConnectionManager -- Connection [id: 27][route: {}->http://localhost:3000] can be kept alive for 5.0 seconds
23:46:04.529 [main] DEBUG org.apache.http.impl.conn.DefaultManagedHttpClientConnection -- http-outgoing-27: set socket timeout to 0
23:46:04.530 [main] DEBUG org.apache.http.impl.conn.PoolingHttpClientConnectionManager -- Connection released: [id: 27][route: {}->http://localhost:3000][total available: 1; route allocated: 1 of 5; total allocated: 1 of 10]
23:46:04.530 [main] DEBUG org.apache.http.impl.conn.PoolingHttpClientConnectionManager -- Connection manager is shutting down
23:46:04.530 [main] DEBUG org.apache.http.impl.conn.DefaultManagedHttpClientConnection -- http-outgoing-27: Close connection
23:46:04.530 [main] DEBUG org.apache.http.impl.conn.PoolingHttpClientConnectionManager -- Connection manager shut down
23:46:04.530 [main] DEBUG com.intuit.karate -- response time in milliseconds: 34
1 < 409
1 < X-Powered-By: Express
1 < Access-Control-Allow-Origin: *
1 < Content-Type: application/json; charset=utf-8
1 < Content-Length: 158
1 < ETag: W/"9e-+yFpUtDDb5mjk76Q5/azrnZz+g0"
1 < Date: Tue, 17 Jun 2025 16:46:04 GMT
1 < Connection: keep-alive
1 < Keep-Alive: timeout=5
{
  "success": false,
  "statusCode": 409,
  "message": "Email ho?c tên ??ng nh?p ?ã t?n t?i",
  "path": "/auth/register",
  "timestamp": "2025-06-17T16:46:04.529Z"
}


23:46:04.530 [main] DEBUG com.intuit.karate.core.ScenarioEngine -- over-writing existing variable 'responseStatus' with new value: karate.get('responseStatus')
23:46:04.531 [main] DEBUG com.intuit.karate.core.ScenarioEngine -- over-writing existing variable 'response' with new value: karate.get('response')
23:46:04.531 [main] INFO com.intuit.karate -- [print] Register API called with: 
23:46:04.531 [main] INFO com.intuit.karate -- [print] Request: {
  "email": "test28@example.com",
  "password": "Password123",
  "name": "John Doe",
  "username": "johndoe28",
  "phoneNumber": "84987654321"
}
 
23:46:04.531 [main] INFO com.intuit.karate -- [print] Response Status: 409 
23:46:04.531 [main] INFO com.intuit.karate -- [print] Response Body: {
  "success": false,
  "statusCode": 409,
  "message": "Email ho?c tên ??ng nh?p ?ã t?n t?i",
  "path": "/auth/register",
  "timestamp": "2025-06-17T16:46:04.529Z"
}
 
23:46:04.532 [main] INFO com.intuit.karate -- ? TEST CASE #28 FAILED 
23:46:04.532 [main] INFO com.intuit.karate --   Expected Status: 201 
23:46:04.532 [main] INFO com.intuit.karate --   Actual Status: 409 
23:46:04.532 [main] INFO com.intuit.karate -- Actual Status: 409 
23:46:04.532 [main] INFO com.intuit.karate -- Actual Result: {"success":false,"statusCode":409,"message":"Email ho?c tên ??ng nh?p ?ã t?n t?i","path":"/auth/register","timestamp":"2025-06-17T16:46:04.529Z"} 
23:46:04.532 [main] INFO com.intuit.karate -- Test Result: FAIL 
23:46:04.532 [main] INFO com.intuit.karate -- ========================================== 
23:46:04.532 [main] INFO com.intuit.karate -- ========================================== 
23:46:04.532 [main] INFO com.intuit.karate -- ?ANG CH?Y TEST CASE #29/30 
23:46:04.532 [main] INFO com.intuit.karate -- Description: TC29: S? ?i?n tho?i ??c bi?t - 10 ch? s? 0 
23:46:04.532 [main] INFO com.intuit.karate -- Email: "test29@example.com" 
23:46:04.532 [main] INFO com.intuit.karate -- Password: "Password123" 
23:46:04.532 [main] INFO com.intuit.karate -- Name: "John Doe" 
23:46:04.532 [main] INFO com.intuit.karate -- Username: "johndoe29" 
23:46:04.532 [main] INFO com.intuit.karate -- PhoneNumber: "0000000000" 
23:46:04.532 [main] INFO com.intuit.karate -- Expected Status: 201 
23:46:04.532 [main] INFO com.intuit.karate -- Expected Result: {"message": "User registered successfully"} 
23:46:04.532 [main] INFO com.intuit.karate -- ========================================== 
23:46:04.538 [main] INFO com.intuit.karate -- karate.env system property was: null 
23:46:04.539 [main] DEBUG com.jayway.jsonpath.internal.path.CompiledPath -- Evaluating path: $
23:46:04.540 [main] DEBUG org.apache.http.client.protocol.RequestAddCookies -- CookieSpec selected: karate
23:46:04.540 [main] DEBUG org.apache.http.client.protocol.RequestAuthCache -- Auth cache not set in the context
23:46:04.540 [main] DEBUG com.intuit.karate -- request:
1 > POST http://localhost:3000/auth/register
1 > Content-Type: application/json; charset=UTF-8
1 > Content-Length: 123
1 > Host: localhost:3000
1 > Connection: Keep-Alive
1 > User-Agent: Apache-HttpClient/4.5.14 (Java/17.0.9)
1 > Accept-Encoding: gzip,deflate
{
  "email": "test29@example.com",
  "password": "Password123",
  "name": "John Doe",
  "username": "johndoe29",
  "phoneNumber": "0000000000"
}


23:46:04.540 [main] DEBUG org.apache.http.impl.conn.PoolingHttpClientConnectionManager -- Connection request: [route: {}->http://localhost:3000][total available: 0; route allocated: 0 of 5; total allocated: 0 of 10]
23:46:04.540 [main] DEBUG org.apache.http.impl.conn.PoolingHttpClientConnectionManager -- Connection leased: [id: 28][route: {}->http://localhost:3000][total available: 0; route allocated: 1 of 5; total allocated: 1 of 10]
23:46:04.540 [main] DEBUG org.apache.http.impl.execchain.MainClientExec -- Opening connection {}->http://localhost:3000
23:46:04.540 [main] DEBUG org.apache.http.impl.conn.DefaultHttpClientConnectionOperator -- Connecting to localhost/127.0.0.1:3000
23:46:04.540 [main] DEBUG org.apache.http.impl.conn.DefaultHttpClientConnectionOperator -- Connection established 127.0.0.1:65071<->127.0.0.1:3000
23:46:04.540 [main] DEBUG org.apache.http.impl.conn.DefaultManagedHttpClientConnection -- http-outgoing-28: set socket timeout to 5000
23:46:04.540 [main] DEBUG org.apache.http.impl.execchain.MainClientExec -- Executing request POST /auth/register HTTP/1.1
23:46:04.540 [main] DEBUG org.apache.http.impl.execchain.MainClientExec -- Target auth state: UNCHALLENGED
23:46:04.540 [main] DEBUG org.apache.http.impl.execchain.MainClientExec -- Proxy auth state: UNCHALLENGED
23:46:04.541 [main] DEBUG org.apache.http.headers -- http-outgoing-28 >> POST /auth/register HTTP/1.1
23:46:04.541 [main] DEBUG org.apache.http.headers -- http-outgoing-28 >> Content-Type: application/json; charset=UTF-8
23:46:04.541 [main] DEBUG org.apache.http.headers -- http-outgoing-28 >> Content-Length: 123
23:46:04.541 [main] DEBUG org.apache.http.headers -- http-outgoing-28 >> Host: localhost:3000
23:46:04.541 [main] DEBUG org.apache.http.headers -- http-outgoing-28 >> Connection: Keep-Alive
23:46:04.541 [main] DEBUG org.apache.http.headers -- http-outgoing-28 >> User-Agent: Apache-HttpClient/4.5.14 (Java/17.0.9)
23:46:04.541 [main] DEBUG org.apache.http.headers -- http-outgoing-28 >> Accept-Encoding: gzip,deflate
23:46:04.541 [main] DEBUG org.apache.http.wire -- http-outgoing-28 >> "POST /auth/register HTTP/1.1[\r][\n]"
23:46:04.541 [main] DEBUG org.apache.http.wire -- http-outgoing-28 >> "Content-Type: application/json; charset=UTF-8[\r][\n]"
23:46:04.541 [main] DEBUG org.apache.http.wire -- http-outgoing-28 >> "Content-Length: 123[\r][\n]"
23:46:04.541 [main] DEBUG org.apache.http.wire -- http-outgoing-28 >> "Host: localhost:3000[\r][\n]"
23:46:04.541 [main] DEBUG org.apache.http.wire -- http-outgoing-28 >> "Connection: Keep-Alive[\r][\n]"
23:46:04.541 [main] DEBUG org.apache.http.wire -- http-outgoing-28 >> "User-Agent: Apache-HttpClient/4.5.14 (Java/17.0.9)[\r][\n]"
23:46:04.541 [main] DEBUG org.apache.http.wire -- http-outgoing-28 >> "Accept-Encoding: gzip,deflate[\r][\n]"
23:46:04.541 [main] DEBUG org.apache.http.wire -- http-outgoing-28 >> "[\r][\n]"
23:46:04.541 [main] DEBUG org.apache.http.wire -- http-outgoing-28 >> "{"email":"test29@example.com","password":"Password123","name":"John Doe","username":"johndoe29","phoneNumber":"0000000000"}"
23:46:04.570 [main] DEBUG org.apache.http.wire -- http-outgoing-28 << "HTTP/1.1 409 Conflict[\r][\n]"
23:46:04.570 [main] DEBUG org.apache.http.wire -- http-outgoing-28 << "X-Powered-By: Express[\r][\n]"
23:46:04.570 [main] DEBUG org.apache.http.wire -- http-outgoing-28 << "Access-Control-Allow-Origin: *[\r][\n]"
23:46:04.570 [main] DEBUG org.apache.http.wire -- http-outgoing-28 << "Content-Type: application/json; charset=utf-8[\r][\n]"
23:46:04.570 [main] DEBUG org.apache.http.wire -- http-outgoing-28 << "Content-Length: 158[\r][\n]"
23:46:04.570 [main] DEBUG org.apache.http.wire -- http-outgoing-28 << "ETag: W/"9e-WPnkPPWcF5ivQTg7llx5LhMjdxg"[\r][\n]"
23:46:04.570 [main] DEBUG org.apache.http.wire -- http-outgoing-28 << "Date: Tue, 17 Jun 2025 16:46:04 GMT[\r][\n]"
23:46:04.570 [main] DEBUG org.apache.http.wire -- http-outgoing-28 << "Connection: keep-alive[\r][\n]"
23:46:04.570 [main] DEBUG org.apache.http.wire -- http-outgoing-28 << "Keep-Alive: timeout=5[\r][\n]"
23:46:04.570 [main] DEBUG org.apache.http.wire -- http-outgoing-28 << "[\r][\n]"
23:46:04.570 [main] DEBUG org.apache.http.wire -- http-outgoing-28 << "{"success":false,"statusCode":409,"message":"Email ho[0xe1][0xba][0xb7]c t[0xc3][0xaa]n [0xc4][0x91][0xc4][0x83]ng nh[0xe1][0xba][0xad]p [0xc4][0x91][0xc3][0xa3] t[0xe1][0xbb][0x93]n t[0xe1][0xba][0xa1]i","path":"/auth/register","timestamp":"2025-06-17T16:46:04.569Z"}"
23:46:04.570 [main] DEBUG org.apache.http.headers -- http-outgoing-28 << HTTP/1.1 409 Conflict
23:46:04.570 [main] DEBUG org.apache.http.headers -- http-outgoing-28 << X-Powered-By: Express
23:46:04.570 [main] DEBUG org.apache.http.headers -- http-outgoing-28 << Access-Control-Allow-Origin: *
23:46:04.570 [main] DEBUG org.apache.http.headers -- http-outgoing-28 << Content-Type: application/json; charset=utf-8
23:46:04.570 [main] DEBUG org.apache.http.headers -- http-outgoing-28 << Content-Length: 158
23:46:04.570 [main] DEBUG org.apache.http.headers -- http-outgoing-28 << ETag: W/"9e-WPnkPPWcF5ivQTg7llx5LhMjdxg"
23:46:04.570 [main] DEBUG org.apache.http.headers -- http-outgoing-28 << Date: Tue, 17 Jun 2025 16:46:04 GMT
23:46:04.570 [main] DEBUG org.apache.http.headers -- http-outgoing-28 << Connection: keep-alive
23:46:04.570 [main] DEBUG org.apache.http.headers -- http-outgoing-28 << Keep-Alive: timeout=5
23:46:04.571 [main] DEBUG org.apache.http.impl.execchain.MainClientExec -- Connection can be kept alive for 5000 MILLISECONDS
23:46:04.571 [main] DEBUG org.apache.http.impl.conn.PoolingHttpClientConnectionManager -- Connection [id: 28][route: {}->http://localhost:3000] can be kept alive for 5.0 seconds
23:46:04.571 [main] DEBUG org.apache.http.impl.conn.DefaultManagedHttpClientConnection -- http-outgoing-28: set socket timeout to 0
23:46:04.571 [main] DEBUG org.apache.http.impl.conn.PoolingHttpClientConnectionManager -- Connection released: [id: 28][route: {}->http://localhost:3000][total available: 1; route allocated: 1 of 5; total allocated: 1 of 10]
23:46:04.571 [main] DEBUG org.apache.http.impl.conn.PoolingHttpClientConnectionManager -- Connection manager is shutting down
23:46:04.571 [main] DEBUG org.apache.http.impl.conn.DefaultManagedHttpClientConnection -- http-outgoing-28: Close connection
23:46:04.571 [main] DEBUG org.apache.http.impl.conn.PoolingHttpClientConnectionManager -- Connection manager shut down
23:46:04.571 [main] DEBUG com.intuit.karate -- response time in milliseconds: 31
1 < 409
1 < X-Powered-By: Express
1 < Access-Control-Allow-Origin: *
1 < Content-Type: application/json; charset=utf-8
1 < Content-Length: 158
1 < ETag: W/"9e-WPnkPPWcF5ivQTg7llx5LhMjdxg"
1 < Date: Tue, 17 Jun 2025 16:46:04 GMT
1 < Connection: keep-alive
1 < Keep-Alive: timeout=5
{
  "success": false,
  "statusCode": 409,
  "message": "Email ho?c tên ??ng nh?p ?ã t?n t?i",
  "path": "/auth/register",
  "timestamp": "2025-06-17T16:46:04.569Z"
}


23:46:04.571 [main] DEBUG com.intuit.karate.core.ScenarioEngine -- over-writing existing variable 'responseStatus' with new value: karate.get('responseStatus')
23:46:04.571 [main] DEBUG com.intuit.karate.core.ScenarioEngine -- over-writing existing variable 'response' with new value: karate.get('response')
23:46:04.571 [main] INFO com.intuit.karate -- [print] Register API called with: 
23:46:04.572 [main] INFO com.intuit.karate -- [print] Request: {
  "email": "test29@example.com",
  "password": "Password123",
  "name": "John Doe",
  "username": "johndoe29",
  "phoneNumber": "0000000000"
}
 
23:46:04.572 [main] INFO com.intuit.karate -- [print] Response Status: 409 
23:46:04.572 [main] INFO com.intuit.karate -- [print] Response Body: {
  "success": false,
  "statusCode": 409,
  "message": "Email ho?c tên ??ng nh?p ?ã t?n t?i",
  "path": "/auth/register",
  "timestamp": "2025-06-17T16:46:04.569Z"
}
 
23:46:04.572 [main] INFO com.intuit.karate -- ? TEST CASE #29 FAILED 
23:46:04.572 [main] INFO com.intuit.karate --   Expected Status: 201 
23:46:04.572 [main] INFO com.intuit.karate --   Actual Status: 409 
23:46:04.572 [main] INFO com.intuit.karate -- Actual Status: 409 
23:46:04.572 [main] INFO com.intuit.karate -- Actual Result: {"success":false,"statusCode":409,"message":"Email ho?c tên ??ng nh?p ?ã t?n t?i","path":"/auth/register","timestamp":"2025-06-17T16:46:04.569Z"} 
23:46:04.572 [main] INFO com.intuit.karate -- Test Result: FAIL 
23:46:04.572 [main] INFO com.intuit.karate -- ========================================== 
23:46:04.572 [main] INFO com.intuit.karate -- ========================================== 
23:46:04.573 [main] INFO com.intuit.karate -- ?ANG CH?Y TEST CASE #30/30 
23:46:04.573 [main] INFO com.intuit.karate -- Description: TC30: S? ?i?n tho?i quá ng?n - Ch? 1 ch? s? 
23:46:04.573 [main] INFO com.intuit.karate -- Email: "test30@example.com" 
23:46:04.573 [main] INFO com.intuit.karate -- Password: "Password123" 
23:46:04.573 [main] INFO com.intuit.karate -- Name: "John Doe" 
23:46:04.573 [main] INFO com.intuit.karate -- Username: "johndoe30" 
23:46:04.573 [main] INFO com.intuit.karate -- PhoneNumber: "1" 
23:46:04.573 [main] INFO com.intuit.karate -- Expected Status: 400 
23:46:04.573 [main] INFO com.intuit.karate -- Expected Result: {"error": "S? ?i?n tho?i ph?i có 10 ho?c 11 ch? s?"} 
23:46:04.573 [main] INFO com.intuit.karate -- ========================================== 
23:46:04.578 [main] INFO com.intuit.karate -- karate.env system property was: null 
23:46:04.579 [main] DEBUG com.jayway.jsonpath.internal.path.CompiledPath -- Evaluating path: $
23:46:04.579 [main] DEBUG org.apache.http.client.protocol.RequestAddCookies -- CookieSpec selected: karate
23:46:04.579 [main] DEBUG org.apache.http.client.protocol.RequestAuthCache -- Auth cache not set in the context
23:46:04.579 [main] DEBUG com.intuit.karate -- request:
1 > POST http://localhost:3000/auth/register
1 > Content-Type: application/json; charset=UTF-8
1 > Content-Length: 114
1 > Host: localhost:3000
1 > Connection: Keep-Alive
1 > User-Agent: Apache-HttpClient/4.5.14 (Java/17.0.9)
1 > Accept-Encoding: gzip,deflate
{
  "email": "test30@example.com",
  "password": "Password123",
  "name": "John Doe",
  "username": "johndoe30",
  "phoneNumber": "1"
}


23:46:04.581 [main] DEBUG org.apache.http.impl.conn.PoolingHttpClientConnectionManager -- Connection request: [route: {}->http://localhost:3000][total available: 0; route allocated: 0 of 5; total allocated: 0 of 10]
23:46:04.581 [main] DEBUG org.apache.http.impl.conn.PoolingHttpClientConnectionManager -- Connection leased: [id: 29][route: {}->http://localhost:3000][total available: 0; route allocated: 1 of 5; total allocated: 1 of 10]
23:46:04.581 [main] DEBUG org.apache.http.impl.execchain.MainClientExec -- Opening connection {}->http://localhost:3000
23:46:04.581 [main] DEBUG org.apache.http.impl.conn.DefaultHttpClientConnectionOperator -- Connecting to localhost/127.0.0.1:3000
23:46:04.581 [main] DEBUG org.apache.http.impl.conn.DefaultHttpClientConnectionOperator -- Connection established 127.0.0.1:65072<->127.0.0.1:3000
23:46:04.581 [main] DEBUG org.apache.http.impl.conn.DefaultManagedHttpClientConnection -- http-outgoing-29: set socket timeout to 5000
23:46:04.581 [main] DEBUG org.apache.http.impl.execchain.MainClientExec -- Executing request POST /auth/register HTTP/1.1
23:46:04.581 [main] DEBUG org.apache.http.impl.execchain.MainClientExec -- Target auth state: UNCHALLENGED
23:46:04.581 [main] DEBUG org.apache.http.impl.execchain.MainClientExec -- Proxy auth state: UNCHALLENGED
23:46:04.581 [main] DEBUG org.apache.http.headers -- http-outgoing-29 >> POST /auth/register HTTP/1.1
23:46:04.581 [main] DEBUG org.apache.http.headers -- http-outgoing-29 >> Content-Type: application/json; charset=UTF-8
23:46:04.581 [main] DEBUG org.apache.http.headers -- http-outgoing-29 >> Content-Length: 114
23:46:04.581 [main] DEBUG org.apache.http.headers -- http-outgoing-29 >> Host: localhost:3000
23:46:04.581 [main] DEBUG org.apache.http.headers -- http-outgoing-29 >> Connection: Keep-Alive
23:46:04.581 [main] DEBUG org.apache.http.headers -- http-outgoing-29 >> User-Agent: Apache-HttpClient/4.5.14 (Java/17.0.9)
23:46:04.581 [main] DEBUG org.apache.http.headers -- http-outgoing-29 >> Accept-Encoding: gzip,deflate
23:46:04.581 [main] DEBUG org.apache.http.wire -- http-outgoing-29 >> "POST /auth/register HTTP/1.1[\r][\n]"
23:46:04.581 [main] DEBUG org.apache.http.wire -- http-outgoing-29 >> "Content-Type: application/json; charset=UTF-8[\r][\n]"
23:46:04.581 [main] DEBUG org.apache.http.wire -- http-outgoing-29 >> "Content-Length: 114[\r][\n]"
23:46:04.581 [main] DEBUG org.apache.http.wire -- http-outgoing-29 >> "Host: localhost:3000[\r][\n]"
23:46:04.581 [main] DEBUG org.apache.http.wire -- http-outgoing-29 >> "Connection: Keep-Alive[\r][\n]"
23:46:04.581 [main] DEBUG org.apache.http.wire -- http-outgoing-29 >> "User-Agent: Apache-HttpClient/4.5.14 (Java/17.0.9)[\r][\n]"
23:46:04.581 [main] DEBUG org.apache.http.wire -- http-outgoing-29 >> "Accept-Encoding: gzip,deflate[\r][\n]"
23:46:04.581 [main] DEBUG org.apache.http.wire -- http-outgoing-29 >> "[\r][\n]"
23:46:04.581 [main] DEBUG org.apache.http.wire -- http-outgoing-29 >> "{"email":"test30@example.com","password":"Password123","name":"John Doe","username":"johndoe30","phoneNumber":"1"}"
23:46:04.583 [main] DEBUG org.apache.http.wire -- http-outgoing-29 << "HTTP/1.1 400 Bad Request[\r][\n]"
23:46:04.583 [main] DEBUG org.apache.http.wire -- http-outgoing-29 << "X-Powered-By: Express[\r][\n]"
23:46:04.583 [main] DEBUG org.apache.http.wire -- http-outgoing-29 << "Access-Control-Allow-Origin: *[\r][\n]"
23:46:04.583 [main] DEBUG org.apache.http.wire -- http-outgoing-29 << "Content-Type: application/json; charset=utf-8[\r][\n]"
23:46:04.583 [main] DEBUG org.apache.http.wire -- http-outgoing-29 << "Content-Length: 139[\r][\n]"
23:46:04.583 [main] DEBUG org.apache.http.wire -- http-outgoing-29 << "ETag: W/"8b-nbTneuNK54JTHf76M/As+GYq1MA"[\r][\n]"
23:46:04.583 [main] DEBUG org.apache.http.wire -- http-outgoing-29 << "Date: Tue, 17 Jun 2025 16:46:04 GMT[\r][\n]"
23:46:04.583 [main] DEBUG org.apache.http.wire -- http-outgoing-29 << "Connection: keep-alive[\r][\n]"
23:46:04.583 [main] DEBUG org.apache.http.wire -- http-outgoing-29 << "Keep-Alive: timeout=5[\r][\n]"
23:46:04.583 [main] DEBUG org.apache.http.wire -- http-outgoing-29 << "[\r][\n]"
23:46:04.583 [main] DEBUG org.apache.http.wire -- http-outgoing-29 << "{"success":false,"statusCode":400,"message":"D[0xe1][0xbb][0xaf] li[0xe1][0xbb][0x87]u kh[0xc3][0xb4]ng h[0xe1][0xbb][0xa3]p l[0xe1][0xbb][0x87]","path":"/auth/register","timestamp":"2025-06-17T16:46:04.582Z"}"
23:46:04.583 [main] DEBUG org.apache.http.headers -- http-outgoing-29 << HTTP/1.1 400 Bad Request
23:46:04.583 [main] DEBUG org.apache.http.headers -- http-outgoing-29 << X-Powered-By: Express
23:46:04.583 [main] DEBUG org.apache.http.headers -- http-outgoing-29 << Access-Control-Allow-Origin: *
23:46:04.583 [main] DEBUG org.apache.http.headers -- http-outgoing-29 << Content-Type: application/json; charset=utf-8
23:46:04.583 [main] DEBUG org.apache.http.headers -- http-outgoing-29 << Content-Length: 139
23:46:04.583 [main] DEBUG org.apache.http.headers -- http-outgoing-29 << ETag: W/"8b-nbTneuNK54JTHf76M/As+GYq1MA"
23:46:04.583 [main] DEBUG org.apache.http.headers -- http-outgoing-29 << Date: Tue, 17 Jun 2025 16:46:04 GMT
23:46:04.583 [main] DEBUG org.apache.http.headers -- http-outgoing-29 << Connection: keep-alive
23:46:04.583 [main] DEBUG org.apache.http.headers -- http-outgoing-29 << Keep-Alive: timeout=5
23:46:04.583 [main] DEBUG org.apache.http.impl.execchain.MainClientExec -- Connection can be kept alive for 5000 MILLISECONDS
23:46:04.583 [main] DEBUG org.apache.http.impl.conn.PoolingHttpClientConnectionManager -- Connection [id: 29][route: {}->http://localhost:3000] can be kept alive for 5.0 seconds
23:46:04.583 [main] DEBUG org.apache.http.impl.conn.DefaultManagedHttpClientConnection -- http-outgoing-29: set socket timeout to 0
23:46:04.583 [main] DEBUG org.apache.http.impl.conn.PoolingHttpClientConnectionManager -- Connection released: [id: 29][route: {}->http://localhost:3000][total available: 1; route allocated: 1 of 5; total allocated: 1 of 10]
23:46:04.583 [main] DEBUG org.apache.http.impl.conn.PoolingHttpClientConnectionManager -- Connection manager is shutting down
23:46:04.583 [main] DEBUG org.apache.http.impl.conn.DefaultManagedHttpClientConnection -- http-outgoing-29: Close connection
23:46:04.583 [main] DEBUG org.apache.http.impl.conn.PoolingHttpClientConnectionManager -- Connection manager shut down
23:46:04.583 [main] DEBUG com.intuit.karate -- response time in milliseconds: 2
1 < 400
1 < X-Powered-By: Express
1 < Access-Control-Allow-Origin: *
1 < Content-Type: application/json; charset=utf-8
1 < Content-Length: 139
1 < ETag: W/"8b-nbTneuNK54JTHf76M/As+GYq1MA"
1 < Date: Tue, 17 Jun 2025 16:46:04 GMT
1 < Connection: keep-alive
1 < Keep-Alive: timeout=5
{
  "success": false,
  "statusCode": 400,
  "message": "D? li?u không h?p l?",
  "path": "/auth/register",
  "timestamp": "2025-06-17T16:46:04.582Z"
}


23:46:04.583 [main] DEBUG com.intuit.karate.core.ScenarioEngine -- over-writing existing variable 'responseStatus' with new value: karate.get('responseStatus')
23:46:04.583 [main] DEBUG com.intuit.karate.core.ScenarioEngine -- over-writing existing variable 'response' with new value: karate.get('response')
23:46:04.584 [main] INFO com.intuit.karate -- [print] Register API called with: 
23:46:04.584 [main] INFO com.intuit.karate -- [print] Request: {
  "email": "test30@example.com",
  "password": "Password123",
  "name": "John Doe",
  "username": "johndoe30",
  "phoneNumber": "1"
}
 
23:46:04.584 [main] INFO com.intuit.karate -- [print] Response Status: 400 
23:46:04.584 [main] INFO com.intuit.karate -- [print] Response Body: {
  "success": false,
  "statusCode": 400,
  "message": "D? li?u không h?p l?",
  "path": "/auth/register",
  "timestamp": "2025-06-17T16:46:04.582Z"
}
 
23:46:04.584 [main] INFO com.intuit.karate -- ? TEST CASE #30 PASSED 
23:46:04.584 [main] INFO com.intuit.karate -- Actual Status: 400 
23:46:04.584 [main] INFO com.intuit.karate -- Actual Result: {"success":false,"statusCode":400,"message":"D? li?u không h?p l?","path":"/auth/register","timestamp":"2025-06-17T16:46:04.582Z"} 
23:46:04.584 [main] INFO com.intuit.karate -- Test Result: PASS 
23:46:04.584 [main] INFO com.intuit.karate -- ========================================== 
23:46:04.584 [main] DEBUG com.intuit.karate.core.ScenarioEngine -- over-writing existing variable 'testResults' with new value: results
23:46:04.585 [main] INFO com.intuit.karate -- [print] === B??C 4: T?NG K?T K?T QU? === 
23:46:04.603 [main] INFO com.intuit.karate -- [print] T?NG S? TEST CASES: 30 
23:46:04.603 [main] INFO com.intuit.karate -- [print] S? TEST PASS: 0 
23:46:04.603 [main] INFO com.intuit.karate -- [print] S? TEST FAIL: 30 
23:46:04.609 [main] INFO com.intuit.karate -- [print] T? L? PASS: 0% 
23:46:04.609 [main] INFO com.intuit.karate -- [print] === B??C 5: GHI K?T QU? VÀO EXCEL === 
23:46:04.664 [main] INFO com.intuit.karate -- ? ?ã ghi k?t qu? vào Excel thành công! 
23:46:04.666 [main] INFO com.intuit.karate -- [print] === HOÀN THÀNH COMPREHENSIVE REGISTER TESTING === 
23:46:04.667 [main] DEBUG com.jayway.jsonpath.internal.path.CompiledPath -- Evaluating path: $
23:46:04.667 [main] DEBUG com.jayway.jsonpath.internal.path.CompiledPath -- Evaluating path: $
23:46:04.667 [main] DEBUG com.jayway.jsonpath.internal.path.CompiledPath -- Evaluating path: $
23:46:04.667 [main] DEBUG com.jayway.jsonpath.internal.path.CompiledPath -- Evaluating path: $
23:46:04.667 [main] DEBUG com.jayway.jsonpath.internal.path.CompiledPath -- Evaluating path: $
23:46:04.667 [main] DEBUG com.jayway.jsonpath.internal.path.CompiledPath -- Evaluating path: $
23:46:04.668 [main] DEBUG com.jayway.jsonpath.internal.path.CompiledPath -- Evaluating path: $
23:46:04.668 [main] DEBUG com.jayway.jsonpath.internal.path.CompiledPath -- Evaluating path: $
23:46:04.668 [main] DEBUG com.jayway.jsonpath.internal.path.CompiledPath -- Evaluating path: $
23:46:04.668 [main] DEBUG com.jayway.jsonpath.internal.path.CompiledPath -- Evaluating path: $
23:46:04.668 [main] DEBUG com.jayway.jsonpath.internal.path.CompiledPath -- Evaluating path: $
23:46:04.668 [main] DEBUG com.jayway.jsonpath.internal.path.CompiledPath -- Evaluating path: $
23:46:04.668 [main] DEBUG com.jayway.jsonpath.internal.path.CompiledPath -- Evaluating path: $
23:46:04.668 [main] DEBUG com.jayway.jsonpath.internal.path.CompiledPath -- Evaluating path: $
23:46:04.668 [main] DEBUG com.jayway.jsonpath.internal.path.CompiledPath -- Evaluating path: $
23:46:04.668 [main] DEBUG com.jayway.jsonpath.internal.path.CompiledPath -- Evaluating path: $
23:46:04.668 [main] DEBUG com.jayway.jsonpath.internal.path.CompiledPath -- Evaluating path: $
23:46:04.669 [main] DEBUG com.jayway.jsonpath.internal.path.CompiledPath -- Evaluating path: $
23:46:04.669 [main] DEBUG com.jayway.jsonpath.internal.path.CompiledPath -- Evaluating path: $
23:46:04.669 [main] DEBUG com.jayway.jsonpath.internal.path.CompiledPath -- Evaluating path: $
23:46:04.669 [main] DEBUG com.jayway.jsonpath.internal.path.CompiledPath -- Evaluating path: $
23:46:04.669 [main] DEBUG com.jayway.jsonpath.internal.path.CompiledPath -- Evaluating path: $
23:46:04.669 [main] DEBUG com.jayway.jsonpath.internal.path.CompiledPath -- Evaluating path: $
23:46:04.669 [main] DEBUG com.jayway.jsonpath.internal.path.CompiledPath -- Evaluating path: $
23:46:04.669 [main] DEBUG com.jayway.jsonpath.internal.path.CompiledPath -- Evaluating path: $
23:46:04.670 [main] DEBUG com.jayway.jsonpath.internal.path.CompiledPath -- Evaluating path: $
23:46:04.670 [main] DEBUG com.jayway.jsonpath.internal.path.CompiledPath -- Evaluating path: $
23:46:04.670 [main] DEBUG com.jayway.jsonpath.internal.path.CompiledPath -- Evaluating path: $
23:46:04.670 [main] DEBUG com.jayway.jsonpath.internal.path.CompiledPath -- Evaluating path: $
23:46:04.670 [main] DEBUG com.jayway.jsonpath.internal.path.CompiledPath -- Evaluating path: $
23:46:04.684 [main] DEBUG com.jayway.jsonpath.internal.path.CompiledPath -- Evaluating path: $
23:46:04.684 [main] DEBUG com.jayway.jsonpath.internal.path.CompiledPath -- Evaluating path: $
23:46:04.684 [main] DEBUG com.jayway.jsonpath.internal.path.CompiledPath -- Evaluating path: $
23:46:04.684 [main] DEBUG com.jayway.jsonpath.internal.path.CompiledPath -- Evaluating path: $
23:46:04.684 [main] DEBUG com.jayway.jsonpath.internal.path.CompiledPath -- Evaluating path: $
23:46:04.684 [main] DEBUG com.jayway.jsonpath.internal.path.CompiledPath -- Evaluating path: $
23:46:04.684 [main] DEBUG com.jayway.jsonpath.internal.path.CompiledPath -- Evaluating path: $
23:46:04.684 [main] DEBUG com.jayway.jsonpath.internal.path.CompiledPath -- Evaluating path: $
23:46:04.684 [main] DEBUG com.jayway.jsonpath.internal.path.CompiledPath -- Evaluating path: $
23:46:04.684 [main] DEBUG com.jayway.jsonpath.internal.path.CompiledPath -- Evaluating path: $
23:46:04.685 [main] DEBUG com.jayway.jsonpath.internal.path.CompiledPath -- Evaluating path: $
23:46:04.685 [main] DEBUG com.jayway.jsonpath.internal.path.CompiledPath -- Evaluating path: $
23:46:04.685 [main] DEBUG com.jayway.jsonpath.internal.path.CompiledPath -- Evaluating path: $
23:46:04.685 [main] DEBUG com.jayway.jsonpath.internal.path.CompiledPath -- Evaluating path: $
23:46:04.685 [main] DEBUG com.jayway.jsonpath.internal.path.CompiledPath -- Evaluating path: $
23:46:04.685 [main] DEBUG com.jayway.jsonpath.internal.path.CompiledPath -- Evaluating path: $
23:46:04.685 [main] DEBUG com.jayway.jsonpath.internal.path.CompiledPath -- Evaluating path: $
23:46:04.685 [main] DEBUG com.jayway.jsonpath.internal.path.CompiledPath -- Evaluating path: $
23:46:04.685 [main] DEBUG com.jayway.jsonpath.internal.path.CompiledPath -- Evaluating path: $
23:46:04.685 [main] DEBUG com.jayway.jsonpath.internal.path.CompiledPath -- Evaluating path: $
23:46:04.685 [main] DEBUG com.jayway.jsonpath.internal.path.CompiledPath -- Evaluating path: $
23:46:04.686 [main] DEBUG com.jayway.jsonpath.internal.path.CompiledPath -- Evaluating path: $
23:46:04.686 [main] DEBUG com.jayway.jsonpath.internal.path.CompiledPath -- Evaluating path: $
23:46:04.686 [main] DEBUG com.jayway.jsonpath.internal.path.CompiledPath -- Evaluating path: $
23:46:04.686 [main] DEBUG com.jayway.jsonpath.internal.path.CompiledPath -- Evaluating path: $
23:46:04.686 [main] DEBUG com.jayway.jsonpath.internal.path.CompiledPath -- Evaluating path: $
23:46:04.686 [main] DEBUG com.jayway.jsonpath.internal.path.CompiledPath -- Evaluating path: $
23:46:04.686 [main] DEBUG com.jayway.jsonpath.internal.path.CompiledPath -- Evaluating path: $
23:46:04.686 [main] DEBUG com.jayway.jsonpath.internal.path.CompiledPath -- Evaluating path: $
23:46:04.686 [main] DEBUG com.jayway.jsonpath.internal.path.CompiledPath -- Evaluating path: $
23:46:04.717 [main] DEBUG org.thymeleaf.TemplateEngine -- [THYMELEAF] INITIALIZING TEMPLATE ENGINE
23:46:04.830 [main] DEBUG org.thymeleaf.TemplateEngine.CONFIG -- Initializing Thymeleaf Template engine configuration...
[THYMELEAF] TEMPLATE ENGINE CONFIGURATION:
[THYMELEAF] * Thymeleaf version: 3.1.2.RELEASE (built 2023-07-30T19:25:50+0000)
[THYMELEAF] * Cache Manager implementation: org.thymeleaf.cache.StandardCacheManager
[THYMELEAF] * Template resolvers:
[THYMELEAF]     * [1] com.intuit.karate.template.ResourceHtmlTemplateResolver
[THYMELEAF] * Message resolvers:
[THYMELEAF]     * org.thymeleaf.messageresolver.StandardMessageResolver
[THYMELEAF] * Link builders:
[THYMELEAF]     * org.thymeleaf.linkbuilder.StandardLinkBuilder
[THYMELEAF] * Dialect [1 of 2]: Standard (com.intuit.karate.template.KarateStandardDialect)
[THYMELEAF]     * Prefix: "th"
[THYMELEAF]     * Processors for Template Mode: HTML
[THYMELEAF]         * Element Tag Processors by [matching element and attribute name] [precedence]:
[THYMELEAF]             * [* {th:include,data-th-include}] [100]: org.thymeleaf.standard.processor.StandardIncludeTagProcessor
[THYMELEAF]             * [* {th:insert,data-th-insert}] [100]: org.thymeleaf.standard.processor.StandardInsertTagProcessor
[THYMELEAF]             * [* {th:replace,data-th-replace}] [100]: org.thymeleaf.standard.processor.StandardReplaceTagProcessor
[THYMELEAF]             * [* {th:each,data-th-each}] [200]: com.intuit.karate.template.KarateEachTagProcessor
[THYMELEAF]             * [* {th:switch,data-th-switch}] [250]: org.thymeleaf.standard.processor.StandardSwitchTagProcessor
[THYMELEAF]             * [* {th:case,data-th-case}] [275]: org.thymeleaf.standard.processor.StandardCaseTagProcessor
[THYMELEAF]             * [* {th:if,data-th-if}] [300]: org.thymeleaf.standard.processor.StandardIfTagProcessor
[THYMELEAF]             * [* {th:unless,data-th-unless}] [400]: org.thymeleaf.standard.processor.StandardUnlessTagProcessor
[THYMELEAF]             * [* {th:object,data-th-object}] [500]: org.thymeleaf.standard.processor.StandardObjectTagProcessor
[THYMELEAF]             * [* {th:with,data-th-with}] [600]: com.intuit.karate.template.KarateWithTagProcessor
[THYMELEAF]             * [* {th:attr,data-th-attr}] [700]: com.intuit.karate.template.KarateAttributeTagProcessor.KarateAttrTagProcessor
[THYMELEAF]             * [* {th:attrappend,data-th-attrappend}] [900]: com.intuit.karate.template.KarateAttributeTagProcessor.KarateAttrappendTagProcessor
[THYMELEAF]             * [* {th:attrprepend,data-th-attrprepend}] [900]: com.intuit.karate.template.KarateAttributeTagProcessor.KarateAttrprependTagProcessor
[THYMELEAF]             * [* {th:alt-title,data-th-alt-title}] [990]: org.thymeleaf.standard.processor.StandardAltTitleTagProcessor
[THYMELEAF]             * [* {th:lang-xmllang,data-th-lang-xmllang}] [990]: org.thymeleaf.standard.processor.StandardLangXmlLangTagProcessor
[THYMELEAF]             * [* {th:action,data-th-action}] [1000]: org.thymeleaf.standard.processor.StandardActionTagProcessor
[THYMELEAF]             * [* {th:default,data-th-default}] [1000]: org.thymeleaf.standard.processor.StandardConditionalFixedValueTagProcessor
[THYMELEAF]             * [* {th:disabled,data-th-disabled}] [1000]: org.thymeleaf.standard.processor.StandardConditionalFixedValueTagProcessor
[THYMELEAF]             * [* {th:scoped,data-th-scoped}] [1000]: org.thymeleaf.standard.processor.StandardConditionalFixedValueTagProcessor
[THYMELEAF]             * [* {th:novalidate,data-th-novalidate}] [1000]: org.thymeleaf.standard.processor.StandardConditionalFixedValueTagProcessor
[THYMELEAF]             * [* {th:reversed,data-th-reversed}] [1000]: org.thymeleaf.standard.processor.StandardConditionalFixedValueTagProcessor
[THYMELEAF]             * [* {th:controls,data-th-controls}] [1000]: org.thymeleaf.standard.processor.StandardConditionalFixedValueTagProcessor
[THYMELEAF]             * [* {th:open,data-th-open}] [1000]: org.thymeleaf.standard.processor.StandardConditionalFixedValueTagProcessor
[THYMELEAF]             * [* {th:loop,data-th-loop}] [1000]: org.thymeleaf.standard.processor.StandardConditionalFixedValueTagProcessor
[THYMELEAF]             * [* {th:defer,data-th-defer}] [1000]: org.thymeleaf.standard.processor.StandardConditionalFixedValueTagProcessor
[THYMELEAF]             * [* {th:autofocus,data-th-autofocus}] [1000]: org.thymeleaf.standard.processor.StandardConditionalFixedValueTagProcessor
[THYMELEAF]             * [* {th:autoplay,data-th-autoplay}] [1000]: org.thymeleaf.standard.processor.StandardConditionalFixedValueTagProcessor
[THYMELEAF]             * [* {th:hidden,data-th-hidden}] [1000]: org.thymeleaf.standard.processor.StandardConditionalFixedValueTagProcessor
[THYMELEAF]             * [* {th:async,data-th-async}] [1000]: org.thymeleaf.standard.processor.StandardConditionalFixedValueTagProcessor
[THYMELEAF]             * [* {th:readonly,data-th-readonly}] [1000]: org.thymeleaf.standard.processor.StandardConditionalFixedValueTagProcessor
[THYMELEAF]             * [* {th:multiple,data-th-multiple}] [1000]: org.thymeleaf.standard.processor.StandardConditionalFixedValueTagProcessor
[THYMELEAF]             * [* {th:declare,data-th-declare}] [1000]: org.thymeleaf.standard.processor.StandardConditionalFixedValueTagProcessor
[THYMELEAF]             * [* {th:ismap,data-th-ismap}] [1000]: org.thymeleaf.standard.processor.StandardConditionalFixedValueTagProcessor
[THYMELEAF]             * [* {th:pubdate,data-th-pubdate}] [1000]: org.thymeleaf.standard.processor.StandardConditionalFixedValueTagProcessor
[THYMELEAF]             * [* {th:required,data-th-required}] [1000]: org.thymeleaf.standard.processor.StandardConditionalFixedValueTagProcessor
[THYMELEAF]             * [* {th:nowrap,data-th-nowrap}] [1000]: org.thymeleaf.standard.processor.StandardConditionalFixedValueTagProcessor
[THYMELEAF]             * [* {th:seamless,data-th-seamless}] [1000]: org.thymeleaf.standard.processor.StandardConditionalFixedValueTagProcessor
[THYMELEAF]             * [* {th:checked,data-th-checked}] [1000]: org.thymeleaf.standard.processor.StandardConditionalFixedValueTagProcessor
[THYMELEAF]             * [* {th:selected,data-th-selected}] [1000]: org.thymeleaf.standard.processor.StandardConditionalFixedValueTagProcessor
[THYMELEAF]             * [* {th:formnovalidate,data-th-formnovalidate}] [1000]: org.thymeleaf.standard.processor.StandardConditionalFixedValueTagProcessor
[THYMELEAF]             * [* {th:onmouseup,data-th-onmouseup}] [1000]: org.thymeleaf.standard.processor.StandardDOMEventAttributeTagProcessor
[THYMELEAF]             * [* {th:onratechange,data-th-onratechange}] [1000]: org.thymeleaf.standard.processor.StandardDOMEventAttributeTagProcessor
[THYMELEAF]             * [* {th:onsubmit,data-th-onsubmit}] [1000]: org.thymeleaf.standard.processor.StandardDOMEventAttributeTagProcessor
[THYMELEAF]             * [* {th:onundo,data-th-onundo}] [1000]: org.thymeleaf.standard.processor.StandardDOMEventAttributeTagProcessor
[THYMELEAF]             * [* {th:onstalled,data-th-onstalled}] [1000]: org.thymeleaf.standard.processor.StandardDOMEventAttributeTagProcessor
[THYMELEAF]             * [* {th:onstorage,data-th-onstorage}] [1000]: org.thymeleaf.standard.processor.StandardDOMEventAttributeTagProcessor
[THYMELEAF]             * [* {th:onmouseover,data-th-onmouseover}] [1000]: org.thymeleaf.standard.processor.StandardDOMEventAttributeTagProcessor
[THYMELEAF]             * [* {th:onblur,data-th-onblur}] [1000]: org.thymeleaf.standard.processor.StandardDOMEventAttributeTagProcessor
[THYMELEAF]             * [* {th:onwaiting,data-th-onwaiting}] [1000]: org.thymeleaf.standard.processor.StandardDOMEventAttributeTagProcessor
[THYMELEAF]             * [* {th:onbeforeunload,data-th-onbeforeunload}] [1000]: org.thymeleaf.standard.processor.StandardDOMEventAttributeTagProcessor
[THYMELEAF]             * [* {th:onmousedown,data-th-onmousedown}] [1000]: org.thymeleaf.standard.processor.StandardDOMEventAttributeTagProcessor
[THYMELEAF]             * [* {th:ondragover,data-th-ondragover}] [1000]: org.thymeleaf.standard.processor.StandardDOMEventAttributeTagProcessor
[THYMELEAF]             * [* {th:onmousemove,data-th-onmousemove}] [1000]: org.thymeleaf.standard.processor.StandardDOMEventAttributeTagProcessor
[THYMELEAF]             * [* {th:onclick,data-th-onclick}] [1000]: org.thymeleaf.standard.processor.StandardDOMEventAttributeTagProcessor
[THYMELEAF]             * [* {th:ondragenter,data-th-ondragenter}] [1000]: org.thymeleaf.standard.processor.StandardDOMEventAttributeTagProcessor
[THYMELEAF]             * [* {th:onseeking,data-th-onseeking}] [1000]: org.thymeleaf.standard.processor.StandardDOMEventAttributeTagProcessor
[THYMELEAF]             * [* {th:onpopstate,data-th-onpopstate}] [1000]: org.thymeleaf.standard.processor.StandardDOMEventAttributeTagProcessor
[THYMELEAF]             * [* {th:ondragstart,data-th-ondragstart}] [1000]: org.thymeleaf.standard.processor.StandardDOMEventAttributeTagProcessor
[THYMELEAF]             * [* {th:onprogress,data-th-onprogress}] [1000]: org.thymeleaf.standard.processor.StandardDOMEventAttributeTagProcessor
[THYMELEAF]             * [* {th:onkeypress,data-th-onkeypress}] [1000]: org.thymeleaf.standard.processor.StandardDOMEventAttributeTagProcessor
[THYMELEAF]             * [* {th:onended,data-th-onended}] [1000]: org.thymeleaf.standard.processor.StandardDOMEventAttributeTagProcessor
[THYMELEAF]             * [* {th:onunload,data-th-onunload}] [1000]: org.thymeleaf.standard.processor.StandardDOMEventAttributeTagProcessor
[THYMELEAF]             * [* {th:onforminput,data-th-onforminput}] [1000]: org.thymeleaf.standard.processor.StandardDOMEventAttributeTagProcessor
[THYMELEAF]             * [* {th:onkeyup,data-th-onkeyup}] [1000]: org.thymeleaf.standard.processor.StandardDOMEventAttributeTagProcessor
[THYMELEAF]             * [* {th:onloadedmetadata,data-th-onloadedmetadata}] [1000]: org.thymeleaf.standard.processor.StandardDOMEventAttributeTagProcessor
[THYMELEAF]             * [* {th:onmouseout,data-th-onmouseout}] [1000]: org.thymeleaf.standard.processor.StandardDOMEventAttributeTagProcessor
[THYMELEAF]             * [* {th:onemptied,data-th-onemptied}] [1000]: org.thymeleaf.standard.processor.StandardDOMEventAttributeTagProcessor
[THYMELEAF]             * [* {th:onredo,data-th-onredo}] [1000]: org.thymeleaf.standard.processor.StandardDOMEventAttributeTagProcessor
[THYMELEAF]             * [* {th:onloadstart,data-th-onloadstart}] [1000]: org.thymeleaf.standard.processor.StandardDOMEventAttributeTagProcessor
[THYMELEAF]             * [* {th:ondurationchange,data-th-ondurationchange}] [1000]: org.thymeleaf.standard.processor.StandardDOMEventAttributeTagProcessor
[THYMELEAF]             * [* {th:onkeydown,data-th-onkeydown}] [1000]: org.thymeleaf.standard.processor.StandardDOMEventAttributeTagProcessor
[THYMELEAF]             * [* {th:onfocus,data-th-onfocus}] [1000]: org.thymeleaf.standard.processor.StandardDOMEventAttributeTagProcessor
[THYMELEAF]             * [* {th:oncanplay,data-th-oncanplay}] [1000]: org.thymeleaf.standard.processor.StandardDOMEventAttributeTagProcessor
[THYMELEAF]             * [* {th:onseeked,data-th-onseeked}] [1000]: org.thymeleaf.standard.processor.StandardDOMEventAttributeTagProcessor
[THYMELEAF]             * [* {th:ondblclick,data-th-ondblclick}] [1000]: org.thymeleaf.standard.processor.StandardDOMEventAttributeTagProcessor
[THYMELEAF]             * [* {th:onreset,data-th-onreset}] [1000]: org.thymeleaf.standard.processor.StandardDOMEventAttributeTagProcessor
[THYMELEAF]             * [* {th:onmousewheel,data-th-onmousewheel}] [1000]: org.thymeleaf.standard.processor.StandardDOMEventAttributeTagProcessor
[THYMELEAF]             * [* {th:ondragend,data-th-ondragend}] [1000]: org.thymeleaf.standard.processor.StandardDOMEventAttributeTagProcessor
[THYMELEAF]             * [* {th:onresize,data-th-onresize}] [1000]: org.thymeleaf.standard.processor.StandardDOMEventAttributeTagProcessor
[THYMELEAF]             * [* {th:onbeforeprint,data-th-onbeforeprint}] [1000]: org.thymeleaf.standard.processor.StandardDOMEventAttributeTagProcessor
[THYMELEAF]             * [* {th:ondrop,data-th-ondrop}] [1000]: org.thymeleaf.standard.processor.StandardDOMEventAttributeTagProcessor
[THYMELEAF]             * [* {th:onvolumechange,data-th-onvolumechange}] [1000]: org.thymeleaf.standard.processor.StandardDOMEventAttributeTagProcessor
[THYMELEAF]             * [* {th:ontimeupdate,data-th-ontimeupdate}] [1000]: org.thymeleaf.standard.processor.StandardDOMEventAttributeTagProcessor
[THYMELEAF]             * [* {th:oncontextmenu,data-th-oncontextmenu}] [1000]: org.thymeleaf.standard.processor.StandardDOMEventAttributeTagProcessor
[THYMELEAF]             * [* {th:onerror,data-th-onerror}] [1000]: org.thymeleaf.standard.processor.StandardDOMEventAttributeTagProcessor
[THYMELEAF]             * [* {th:onscroll,data-th-onscroll}] [1000]: org.thymeleaf.standard.processor.StandardDOMEventAttributeTagProcessor
[THYMELEAF]             * [* {th:onformchange,data-th-onformchange}] [1000]: org.thymeleaf.standard.processor.StandardDOMEventAttributeTagProcessor
[THYMELEAF]             * [* {th:oncanplaythrough,data-th-oncanplaythrough}] [1000]: org.thymeleaf.standard.processor.StandardDOMEventAttributeTagProcessor
[THYMELEAF]             * [* {th:onselect,data-th-onselect}] [1000]: org.thymeleaf.standard.processor.StandardDOMEventAttributeTagProcessor
[THYMELEAF]             * [* {th:onchange,data-th-onchange}] [1000]: org.thymeleaf.standard.processor.StandardDOMEventAttributeTagProcessor
[THYMELEAF]             * [* {th:onsuspend,data-th-onsuspend}] [1000]: org.thymeleaf.standard.processor.StandardDOMEventAttributeTagProcessor
[THYMELEAF]             * [* {th:onreadystatechange,data-th-onreadystatechange}] [1000]: org.thymeleaf.standard.processor.StandardDOMEventAttributeTagProcessor
[THYMELEAF]             * [* {th:ononline,data-th-ononline}] [1000]: org.thymeleaf.standard.processor.StandardDOMEventAttributeTagProcessor
[THYMELEAF]             * [* {th:oninput,data-th-oninput}] [1000]: org.thymeleaf.standard.processor.StandardDOMEventAttributeTagProcessor
[THYMELEAF]             * [* {th:ondrag,data-th-ondrag}] [1000]: org.thymeleaf.standard.processor.StandardDOMEventAttributeTagProcessor
[THYMELEAF]             * [* {th:onoffline,data-th-onoffline}] [1000]: org.thymeleaf.standard.processor.StandardDOMEventAttributeTagProcessor
[THYMELEAF]             * [* {th:onshow,data-th-onshow}] [1000]: org.thymeleaf.standard.processor.StandardDOMEventAttributeTagProcessor
[THYMELEAF]             * [* {th:onafterprint,data-th-onafterprint}] [1000]: org.thymeleaf.standard.processor.StandardDOMEventAttributeTagProcessor
[THYMELEAF]             * [* {th:onloadeddata,data-th-onloadeddata}] [1000]: org.thymeleaf.standard.processor.StandardDOMEventAttributeTagProcessor
[THYMELEAF]             * [* {th:onhashchange,data-th-onhashchange}] [1000]: org.thymeleaf.standard.processor.StandardDOMEventAttributeTagProcessor
[THYMELEAF]             * [* {th:onpause,data-th-onpause}] [1000]: org.thymeleaf.standard.processor.StandardDOMEventAttributeTagProcessor
[THYMELEAF]             * [* {th:oninvalid,data-th-oninvalid}] [1000]: org.thymeleaf.standard.processor.StandardDOMEventAttributeTagProcessor
[THYMELEAF]             * [* {th:onabort,data-th-onabort}] [1000]: org.thymeleaf.standard.processor.StandardDOMEventAttributeTagProcessor
[THYMELEAF]             * [* {th:onload,data-th-onload}] [1000]: org.thymeleaf.standard.processor.StandardDOMEventAttributeTagProcessor
[THYMELEAF]             * [* {th:onplaying,data-th-onplaying}] [1000]: org.thymeleaf.standard.processor.StandardDOMEventAttributeTagProcessor
[THYMELEAF]             * [* {th:onmessage,data-th-onmessage}] [1000]: org.thymeleaf.standard.processor.StandardDOMEventAttributeTagProcessor
[THYMELEAF]             * [* {th:ondragleave,data-th-ondragleave}] [1000]: org.thymeleaf.standard.processor.StandardDOMEventAttributeTagProcessor
[THYMELEAF]             * [* {th:onplay,data-th-onplay}] [1000]: org.thymeleaf.standard.processor.StandardDOMEventAttributeTagProcessor
[THYMELEAF]             * [* {th:href,data-th-href}] [1000]: org.thymeleaf.standard.processor.StandardHrefTagProcessor
[THYMELEAF]             * [* {th:inline,data-th-inline}] [1000]: org.thymeleaf.standard.processor.StandardInlineHTMLTagProcessor
[THYMELEAF]             * [* {th:method,data-th-method}] [1000]: org.thymeleaf.standard.processor.StandardMethodTagProcessor
[THYMELEAF]             * [* {th:name,data-th-name}] [1000]: org.thymeleaf.standard.processor.StandardNonRemovableAttributeTagProcessor
[THYMELEAF]             * [* {th:type,data-th-type}] [1000]: org.thymeleaf.standard.processor.StandardNonRemovableAttributeTagProcessor
[THYMELEAF]             * [* {th:standby,data-th-standby}] [1000]: org.thymeleaf.standard.processor.StandardRemovableAttributeTagProcessor
[THYMELEAF]             * [* {th:rows,data-th-rows}] [1000]: org.thymeleaf.standard.processor.StandardRemovableAttributeTagProcessor
[THYMELEAF]             * [* {th:cols,data-th-cols}] [1000]: org.thymeleaf.standard.processor.StandardRemovableAttributeTagProcessor
[THYMELEAF]             * [* {th:keytype,data-th-keytype}] [1000]: org.thymeleaf.standard.processor.StandardRemovableAttributeTagProcessor
[THYMELEAF]             * [* {th:archive,data-th-archive}] [1000]: org.thymeleaf.standard.processor.StandardRemovableAttributeTagProcessor
[THYMELEAF]             * [* {th:content,data-th-content}] [1000]: org.thymeleaf.standard.processor.StandardRemovableAttributeTagProcessor
[THYMELEAF]             * [* {th:cellspacing,data-th-cellspacing}] [1000]: org.thymeleaf.standard.processor.StandardRemovableAttributeTagProcessor
[THYMELEAF]             * [* {th:preload,data-th-preload}] [1000]: org.thymeleaf.standard.processor.StandardRemovableAttributeTagProcessor
[THYMELEAF]             * [* {th:axis,data-th-axis}] [1000]: org.thymeleaf.standard.processor.StandardRemovableAttributeTagProcessor
[THYMELEAF]             * [* {th:classid,data-th-classid}] [1000]: org.thymeleaf.standard.processor.StandardRemovableAttributeTagProcessor
[THYMELEAF]             * [* {th:cellpadding,data-th-cellpadding}] [1000]: org.thymeleaf.standard.processor.StandardRemovableAttributeTagProcessor
[THYMELEAF]             * [* {th:formaction,data-th-formaction}] [1000]: org.thymeleaf.standard.processor.StandardRemovableAttributeTagProcessor
[THYMELEAF]             * [* {th:codetype,data-th-codetype}] [1000]: org.thymeleaf.standard.processor.StandardRemovableAttributeTagProcessor
[THYMELEAF]             * [* {th:span,data-th-span}] [1000]: org.thymeleaf.standard.processor.StandardRemovableAttributeTagProcessor
[THYMELEAF]             * [* {th:spellcheck,data-th-spellcheck}] [1000]: org.thymeleaf.standard.processor.StandardRemovableAttributeTagProcessor
[THYMELEAF]             * [* {th:poster,data-th-poster}] [1000]: org.thymeleaf.standard.processor.StandardRemovableAttributeTagProcessor
[THYMELEAF]             * [* {th:placeholder,data-th-placeholder}] [1000]: org.thymeleaf.standard.processor.StandardRemovableAttributeTagProcessor
[THYMELEAF]             * [* {th:manifest,data-th-manifest}] [1000]: org.thymeleaf.standard.processor.StandardRemovableAttributeTagProcessor
[THYMELEAF]             * [* {th:http-equiv,data-th-http-equiv}] [1000]: org.thymeleaf.standard.processor.StandardRemovableAttributeTagProcessor
[THYMELEAF]             * [* {th:accept,data-th-accept}] [1000]: org.thymeleaf.standard.processor.StandardRemovableAttributeTagProcessor
[THYMELEAF]             * [* {th:formmethod,data-th-formmethod}] [1000]: org.thymeleaf.standard.processor.StandardRemovableAttributeTagProcessor
[THYMELEAF]             * [* {th:hreflang,data-th-hreflang}] [1000]: org.thymeleaf.standard.processor.StandardRemovableAttributeTagProcessor
[THYMELEAF]             * [* {th:hspace,data-th-hspace}] [1000]: org.thymeleaf.standard.processor.StandardRemovableAttributeTagProcessor
[THYMELEAF]             * [* {th:accesskey,data-th-accesskey}] [1000]: org.thymeleaf.standard.processor.StandardRemovableAttributeTagProcessor
[THYMELEAF]             * [* {th:bgcolor,data-th-bgcolor}] [1000]: org.thymeleaf.standard.processor.StandardRemovableAttributeTagProcessor
[THYMELEAF]             * [* {th:sizes,data-th-sizes}] [1000]: org.thymeleaf.standard.processor.StandardRemovableAttributeTagProcessor
[THYMELEAF]             * [* {th:accept-charset,data-th-accept-charset}] [1000]: org.thymeleaf.standard.processor.StandardRemovableAttributeTagProcessor
[THYMELEAF]             * [* {th:charset,data-th-charset}] [1000]: org.thymeleaf.standard.processor.StandardRemovableAttributeTagProcessor
[THYMELEAF]             * [* {th:scrolling,data-th-scrolling}] [1000]: org.thymeleaf.standard.processor.StandardRemovableAttributeTagProcessor
[THYMELEAF]             * [* {th:alt,data-th-alt}] [1000]: org.thymeleaf.standard.processor.StandardRemovableAttributeTagProcessor
[THYMELEAF]             * [* {th:srclang,data-th-srclang}] [1000]: org.thymeleaf.standard.processor.StandardRemovableAttributeTagProcessor
[THYMELEAF]             * [* {th:kind,data-th-kind}] [1000]: org.thymeleaf.standard.processor.StandardRemovableAttributeTagProcessor
[THYMELEAF]             * [* {th:border,data-th-border}] [1000]: org.thymeleaf.standard.processor.StandardRemovableAttributeTagProcessor
[THYMELEAF]             * [* {th:summary,data-th-summary}] [1000]: org.thymeleaf.standard.processor.StandardRemovableAttributeTagProcessor
[THYMELEAF]             * [* {th:tabindex,data-th-tabindex}] [1000]: org.thymeleaf.standard.processor.StandardRemovableAttributeTagProcessor
[THYMELEAF]             * [* {th:high,data-th-high}] [1000]: org.thymeleaf.standard.processor.StandardRemovableAttributeTagProcessor
[THYMELEAF]             * [* {th:icon,data-th-icon}] [1000]: org.thymeleaf.standard.processor.StandardRemovableAttributeTagProcessor
[THYMELEAF]             * [* {th:headers,data-th-headers}] [1000]: org.thymeleaf.standard.processor.StandardRemovableAttributeTagProcessor
[THYMELEAF]             * [* {th:marginheight,data-th-marginheight}] [1000]: org.thymeleaf.standard.processor.StandardRemovableAttributeTagProcessor
[THYMELEAF]             * [* {th:rules,data-th-rules}] [1000]: org.thymeleaf.standard.processor.StandardRemovableAttributeTagProcessor
[THYMELEAF]             * [* {th:lang,data-th-lang}] [1000]: org.thymeleaf.standard.processor.StandardRemovableAttributeTagProcessor
[THYMELEAF]             * [* {th:rel,data-th-rel}] [1000]: org.thymeleaf.standard.processor.StandardRemovableAttributeTagProcessor
[THYMELEAF]             * [* {th:max,data-th-max}] [1000]: org.thymeleaf.standard.processor.StandardRemovableAttributeTagProcessor
[THYMELEAF]             * [* {th:rev,data-th-rev}] [1000]: org.thymeleaf.standard.processor.StandardRemovableAttributeTagProcessor
[THYMELEAF]             * [* {th:form,data-th-form}] [1000]: org.thymeleaf.standard.processor.StandardRemovableAttributeTagProcessor
[THYMELEAF]             * [* {th:maxlength,data-th-maxlength}] [1000]: org.thymeleaf.standard.processor.StandardRemovableAttributeTagProcessor
[THYMELEAF]             * [* {th:pattern,data-th-pattern}] [1000]: org.thymeleaf.standard.processor.StandardRemovableAttributeTagProcessor
[THYMELEAF]             * [* {th:abbr,data-th-abbr}] [1000]: org.thymeleaf.standard.processor.StandardRemovableAttributeTagProcessor
[THYMELEAF]             * [* {th:compact,data-th-compact}] [1000]: org.thymeleaf.standard.processor.StandardRemovableAttributeTagProcessor
[THYMELEAF]             * [* {th:formenctype,data-th-formenctype}] [1000]: org.thymeleaf.standard.processor.StandardRemovableAttributeTagProcessor
[THYMELEAF]             * [* {th:rowspan,data-th-rowspan}] [1000]: org.thymeleaf.standard.processor.StandardRemovableAttributeTagProcessor
[THYMELEAF]             * [* {th:scheme,data-th-scheme}] [1000]: org.thymeleaf.standard.processor.StandardRemovableAttributeTagProcessor
[THYMELEAF]             * [* {th:cite,data-th-cite}] [1000]: org.thymeleaf.standard.processor.StandardRemovableAttributeTagProcessor
[THYMELEAF]             * [* {th:height,data-th-height}] [1000]: org.thymeleaf.standard.processor.StandardRemovableAttributeTagProcessor
[THYMELEAF]             * [* {th:background,data-th-background}] [1000]: org.thymeleaf.standard.processor.StandardRemovableAttributeTagProcessor
[THYMELEAF]             * [* {th:step,data-th-step}] [1000]: org.thymeleaf.standard.processor.StandardRemovableAttributeTagProcessor
[THYMELEAF]             * [* {th:frameborder,data-th-frameborder}] [1000]: org.thymeleaf.standard.processor.StandardRemovableAttributeTagProcessor
[THYMELEAF]             * [* {th:radiogroup,data-th-radiogroup}] [1000]: org.thymeleaf.standard.processor.StandardRemovableAttributeTagProcessor
[THYMELEAF]             * [* {th:target,data-th-target}] [1000]: org.thymeleaf.standard.processor.StandardRemovableAttributeTagProcessor
[THYMELEAF]             * [* {th:wrap,data-th-wrap}] [1000]: org.thymeleaf.standard.processor.StandardRemovableAttributeTagProcessor
[THYMELEAF]             * [* {th:formtarget,data-th-formtarget}] [1000]: org.thymeleaf.standard.processor.StandardRemovableAttributeTagProcessor
[THYMELEAF]             * [* {th:codebase,data-th-codebase}] [1000]: org.thymeleaf.standard.processor.StandardRemovableAttributeTagProcessor
[THYMELEAF]             * [* {th:contextmenu,data-th-contextmenu}] [1000]: org.thymeleaf.standard.processor.StandardRemovableAttributeTagProcessor
[THYMELEAF]             * [* {th:longdesc,data-th-longdesc}] [1000]: org.thymeleaf.standard.processor.StandardRemovableAttributeTagProcessor
[THYMELEAF]             * [* {th:min,data-th-min}] [1000]: org.thymeleaf.standard.processor.StandardRemovableAttributeTagProcessor
[THYMELEAF]             * [* {th:draggable,data-th-draggable}] [1000]: org.thymeleaf.standard.processor.StandardRemovableAttributeTagProcessor
[THYMELEAF]             * [* {th:id,data-th-id}] [1000]: org.thymeleaf.standard.processor.StandardRemovableAttributeTagProcessor
[THYMELEAF]             * [* {th:marginwidth,data-th-marginwidth}] [1000]: org.thymeleaf.standard.processor.StandardRemovableAttributeTagProcessor
[THYMELEAF]             * [* {th:size,data-th-size}] [1000]: org.thymeleaf.standard.processor.StandardRemovableAttributeTagProcessor
[THYMELEAF]             * [* {th:title,data-th-title}] [1000]: org.thymeleaf.standard.processor.StandardRemovableAttributeTagProcessor
[THYMELEAF]             * [* {th:low,data-th-low}] [1000]: org.thymeleaf.standard.processor.StandardRemovableAttributeTagProcessor
[THYMELEAF]             * [* {th:frame,data-th-frame}] [1000]: org.thymeleaf.standard.processor.StandardRemovableAttributeTagProcessor
[THYMELEAF]             * [* {th:challenge,data-th-challenge}] [1000]: org.thymeleaf.standard.processor.StandardRemovableAttributeTagProcessor
[THYMELEAF]             * [* {th:style,data-th-style}] [1000]: org.thymeleaf.standard.processor.StandardRemovableAttributeTagProcessor
[THYMELEAF]             * [* {th:class,data-th-class}] [1000]: org.thymeleaf.standard.processor.StandardRemovableAttributeTagProcessor
[THYMELEAF]             * [* {th:list,data-th-list}] [1000]: org.thymeleaf.standard.processor.StandardRemovableAttributeTagProcessor
[THYMELEAF]             * [* {th:vspace,data-th-vspace}] [1000]: org.thymeleaf.standard.processor.StandardRemovableAttributeTagProcessor
[THYMELEAF]             * [* {th:label,data-th-label}] [1000]: org.thymeleaf.standard.processor.StandardRemovableAttributeTagProcessor
[THYMELEAF]             * [* {th:dir,data-th-dir}] [1000]: org.thymeleaf.standard.processor.StandardRemovableAttributeTagProcessor
[THYMELEAF]             * [* {th:dropzone,data-th-dropzone}] [1000]: org.thymeleaf.standard.processor.StandardRemovableAttributeTagProcessor
[THYMELEAF]             * [* {th:contenteditable,data-th-contenteditable}] [1000]: org.thymeleaf.standard.processor.StandardRemovableAttributeTagProcessor
[THYMELEAF]             * [* {th:data,data-th-data}] [1000]: org.thymeleaf.standard.processor.StandardRemovableAttributeTagProcessor
[THYMELEAF]             * [* {th:audio,data-th-audio}] [1000]: org.thymeleaf.standard.processor.StandardRemovableAttributeTagProcessor
[THYMELEAF]             * [* {th:for,data-th-for}] [1000]: org.thymeleaf.standard.processor.StandardRemovableAttributeTagProcessor
[THYMELEAF]             * [* {th:colspan,data-th-colspan}] [1000]: org.thymeleaf.standard.processor.StandardRemovableAttributeTagProcessor
[THYMELEAF]             * [* {th:valuetype,data-th-valuetype}] [1000]: org.thymeleaf.standard.processor.StandardRemovableAttributeTagProcessor
[THYMELEAF]             * [* {th:datetime,data-th-datetime}] [1000]: org.thymeleaf.standard.processor.StandardRemovableAttributeTagProcessor
[THYMELEAF]             * [* {th:width,data-th-width}] [1000]: org.thymeleaf.standard.processor.StandardRemovableAttributeTagProcessor
[THYMELEAF]             * [* {th:start,data-th-start}] [1000]: org.thymeleaf.standard.processor.StandardRemovableAttributeTagProcessor
[THYMELEAF]             * [* {th:media,data-th-media}] [1000]: org.thymeleaf.standard.processor.StandardRemovableAttributeTagProcessor
[THYMELEAF]             * [* {th:align,data-th-align}] [1000]: org.thymeleaf.standard.processor.StandardRemovableAttributeTagProcessor
[THYMELEAF]             * [* {th:usemap,data-th-usemap}] [1000]: org.thymeleaf.standard.processor.StandardRemovableAttributeTagProcessor
[THYMELEAF]             * [* {th:scope,data-th-scope}] [1000]: org.thymeleaf.standard.processor.StandardRemovableAttributeTagProcessor
[THYMELEAF]             * [* {th:enctype,data-th-enctype}] [1000]: org.thymeleaf.standard.processor.StandardRemovableAttributeTagProcessor
[THYMELEAF]             * [* {th:optimum,data-th-optimum}] [1000]: org.thymeleaf.standard.processor.StandardRemovableAttributeTagProcessor
[THYMELEAF]             * [* {th:sandbox,data-th-sandbox}] [1000]: org.thymeleaf.standard.processor.StandardRemovableAttributeTagProcessor
[THYMELEAF]             * [* {th:autocomplete,data-th-autocomplete}] [1000]: org.thymeleaf.standard.processor.StandardRemovableAttributeTagProcessor
[THYMELEAF]             * [* {th:src,data-th-src}] [1000]: org.thymeleaf.standard.processor.StandardSrcTagProcessor
[THYMELEAF]             * [* {th:value,data-th-value}] [1000]: org.thymeleaf.standard.processor.StandardValueTagProcessor
[THYMELEAF]             * [* {th:xmlbase,data-th-xmlbase}] [1000]: org.thymeleaf.standard.processor.StandardXmlBaseTagProcessor
[THYMELEAF]             * [* {th:xmllang,data-th-xmllang}] [1000]: org.thymeleaf.standard.processor.StandardXmlLangTagProcessor
[THYMELEAF]             * [* {xmlns:th}] [1000]: org.thymeleaf.standard.processor.StandardXmlNsTagProcessor
[THYMELEAF]             * [* {th:xmlspace,data-th-xmlspace}] [1000]: org.thymeleaf.standard.processor.StandardXmlSpaceTagProcessor
[THYMELEAF]             * [* {th:classappend,data-th-classappend}] [1100]: org.thymeleaf.standard.processor.StandardClassappendTagProcessor
[THYMELEAF]             * [* {th:styleappend,data-th-styleappend}] [1100]: org.thymeleaf.standard.processor.StandardStyleappendTagProcessor
[THYMELEAF]             * [* {th:text,data-th-text}] [1300]: org.thymeleaf.standard.processor.StandardTextTagProcessor
[THYMELEAF]             * [* {th:utext,data-th-utext}] [1400]: org.thymeleaf.standard.processor.StandardUtextTagProcessor
[THYMELEAF]             * [* {th:fragment,data-th-fragment}] [1500]: org.thymeleaf.standard.processor.StandardFragmentTagProcessor
[THYMELEAF]             * [* {th:assert,data-th-assert}] [1550]: org.thymeleaf.standard.processor.StandardAssertTagProcessor
[THYMELEAF]             * [* {th:remove,data-th-remove}] [1600]: org.thymeleaf.standard.processor.StandardRemoveTagProcessor
[THYMELEAF]             * [* {th:ref,data-th-ref}] [10000]: org.thymeleaf.standard.processor.StandardRefAttributeTagProcessor
[THYMELEAF]             * [{th:block,th-block} *] [100000]: org.thymeleaf.standard.processor.StandardBlockTagProcessor
[THYMELEAF]             * [* th:*] [2147483647]: org.thymeleaf.standard.processor.StandardDefaultAttributesTagProcessor
[THYMELEAF]         * Text Processors by [precedence]:
[THYMELEAF]             * [1000]: org.thymeleaf.standard.processor.StandardInliningTextProcessor
[THYMELEAF]         * DOCTYPE Processors by [precedence]:
[THYMELEAF]             * [1000]: org.thymeleaf.standard.processor.StandardTranslationDocTypeProcessor
[THYMELEAF]         * CDATA Section Processors by [precedence]:
[THYMELEAF]             * [1000]: org.thymeleaf.standard.processor.StandardInliningCDATASectionProcessor
[THYMELEAF]         * Comment Processors by [precedence]:
[THYMELEAF]             * [1000]: org.thymeleaf.standard.processor.StandardInliningCommentProcessor
[THYMELEAF]             * [1100]: org.thymeleaf.standard.processor.StandardConditionalCommentProcessor
[THYMELEAF]     * Processors for Template Mode: XML
[THYMELEAF]         * Element Tag Processors by [matching element and attribute name] [precedence]:
[THYMELEAF]             * [* {th:include}] [100]: org.thymeleaf.standard.processor.StandardIncludeTagProcessor
[THYMELEAF]             * [* {th:insert}] [100]: org.thymeleaf.standard.processor.StandardInsertTagProcessor
[THYMELEAF]             * [* {th:replace}] [100]: org.thymeleaf.standard.processor.StandardReplaceTagProcessor
[THYMELEAF]             * [* {th:each}] [200]: com.intuit.karate.template.KarateEachTagProcessor
[THYMELEAF]             * [* {th:switch}] [250]: org.thymeleaf.standard.processor.StandardSwitchTagProcessor
[THYMELEAF]             * [* {th:case}] [275]: org.thymeleaf.standard.processor.StandardCaseTagProcessor
[THYMELEAF]             * [* {th:if}] [300]: org.thymeleaf.standard.processor.StandardIfTagProcessor
[THYMELEAF]             * [* {th:unless}] [400]: org.thymeleaf.standard.processor.StandardUnlessTagProcessor
[THYMELEAF]             * [* {th:object}] [500]: org.thymeleaf.standard.processor.StandardObjectTagProcessor
[THYMELEAF]             * [* {th:with}] [600]: com.intuit.karate.template.KarateWithTagProcessor
[THYMELEAF]             * [* {th:attr}] [700]: com.intuit.karate.template.KarateAttributeTagProcessor.KarateAttrTagProcessor
[THYMELEAF]             * [* {th:attrappend}] [900]: com.intuit.karate.template.KarateAttributeTagProcessor.KarateAttrappendTagProcessor
[THYMELEAF]             * [* {th:attrprepend}] [900]: com.intuit.karate.template.KarateAttributeTagProcessor.KarateAttrprependTagProcessor
[THYMELEAF]             * [* {th:inline}] [1000]: org.thymeleaf.standard.processor.StandardInlineXMLTagProcessor
[THYMELEAF]             * [* {xmlns:th}] [1000]: org.thymeleaf.standard.processor.StandardXmlNsTagProcessor
[THYMELEAF]             * [* {th:text}] [1300]: org.thymeleaf.standard.processor.StandardTextTagProcessor
[THYMELEAF]             * [* {th:utext}] [1400]: org.thymeleaf.standard.processor.StandardUtextTagProcessor
[THYMELEAF]             * [* {th:fragment}] [1500]: org.thymeleaf.standard.processor.StandardFragmentTagProcessor
[THYMELEAF]             * [* {th:assert}] [1550]: org.thymeleaf.standard.processor.StandardAssertTagProcessor
[THYMELEAF]             * [* {th:remove}] [1600]: org.thymeleaf.standard.processor.StandardRemoveTagProcessor
[THYMELEAF]             * [* {th:ref}] [10000]: org.thymeleaf.standard.processor.StandardRefAttributeTagProcessor
[THYMELEAF]             * [{th:block} *] [100000]: org.thymeleaf.standard.processor.StandardBlockTagProcessor
[THYMELEAF]             * [* th:*] [2147483647]: org.thymeleaf.standard.processor.StandardDefaultAttributesTagProcessor
[THYMELEAF]         * Text Processors by [precedence]:
[THYMELEAF]             * [1000]: org.thymeleaf.standard.processor.StandardInliningTextProcessor
[THYMELEAF]         * CDATA Section Processors by [precedence]:
[THYMELEAF]             * [1000]: org.thymeleaf.standard.processor.StandardInliningCDATASectionProcessor
[THYMELEAF]         * Comment Processors by [precedence]:
[THYMELEAF]             * [1000]: org.thymeleaf.standard.processor.StandardInliningCommentProcessor
[THYMELEAF]     * Processors for Template Mode: TEXT
[THYMELEAF]         * Element Tag Processors by [matching element and attribute name] [precedence]:
[THYMELEAF]             * [* {th:insert}] [100]: org.thymeleaf.standard.processor.StandardInsertTagProcessor
[THYMELEAF]             * [* {th:replace}] [100]: org.thymeleaf.standard.processor.StandardReplaceTagProcessor
[THYMELEAF]             * [* {th:each}] [200]: com.intuit.karate.template.KarateEachTagProcessor
[THYMELEAF]             * [* {th:switch}] [250]: org.thymeleaf.standard.processor.StandardSwitchTagProcessor
[THYMELEAF]             * [* {th:case}] [275]: org.thymeleaf.standard.processor.StandardCaseTagProcessor
[THYMELEAF]             * [* {th:if}] [300]: org.thymeleaf.standard.processor.StandardIfTagProcessor
[THYMELEAF]             * [* {th:unless}] [400]: org.thymeleaf.standard.processor.StandardUnlessTagProcessor
[THYMELEAF]             * [* {th:object}] [500]: org.thymeleaf.standard.processor.StandardObjectTagProcessor
[THYMELEAF]             * [* {th:with}] [600]: com.intuit.karate.template.KarateWithTagProcessor
[THYMELEAF]             * [* {th:inline}] [1000]: org.thymeleaf.standard.processor.StandardInlineTextualTagProcessor
[THYMELEAF]             * [* {th:text}] [1300]: org.thymeleaf.standard.processor.StandardTextTagProcessor
[THYMELEAF]             * [* {th:utext}] [1400]: org.thymeleaf.standard.processor.StandardUtextTagProcessor
[THYMELEAF]             * [* {th:assert}] [1550]: org.thymeleaf.standard.processor.StandardAssertTagProcessor
[THYMELEAF]             * [* {th:remove}] [1600]: org.thymeleaf.standard.processor.StandardRemoveTagProcessor
[THYMELEAF]             * [* 100000] [org.thymeleaf.standard.processor.StandardBlockTagProcessor]: {}
[THYMELEAF]             * [{th:block} *] [100000]: org.thymeleaf.standard.processor.StandardBlockTagProcessor
[THYMELEAF]         * Text Processors by [precedence]:
[THYMELEAF]             * [1000]: org.thymeleaf.standard.processor.StandardInliningTextProcessor
[THYMELEAF]     * Processors for Template Mode: JAVASCRIPT
[THYMELEAF]         * Element Tag Processors by [matching element and attribute name] [precedence]:
[THYMELEAF]             * [* {th:insert}] [100]: org.thymeleaf.standard.processor.StandardInsertTagProcessor
[THYMELEAF]             * [* {th:replace}] [100]: org.thymeleaf.standard.processor.StandardReplaceTagProcessor
[THYMELEAF]             * [* {th:each}] [200]: com.intuit.karate.template.KarateEachTagProcessor
[THYMELEAF]             * [* {th:switch}] [250]: org.thymeleaf.standard.processor.StandardSwitchTagProcessor
[THYMELEAF]             * [* {th:case}] [275]: org.thymeleaf.standard.processor.StandardCaseTagProcessor
[THYMELEAF]             * [* {th:if}] [300]: org.thymeleaf.standard.processor.StandardIfTagProcessor
[THYMELEAF]             * [* {th:unless}] [400]: org.thymeleaf.standard.processor.StandardUnlessTagProcessor
[THYMELEAF]             * [* {th:object}] [500]: org.thymeleaf.standard.processor.StandardObjectTagProcessor
[THYMELEAF]             * [* {th:with}] [600]: com.intuit.karate.template.KarateWithTagProcessor
[THYMELEAF]             * [* {th:inline}] [1000]: org.thymeleaf.standard.processor.StandardInlineTextualTagProcessor
[THYMELEAF]             * [* {th:text}] [1300]: org.thymeleaf.standard.processor.StandardTextTagProcessor
[THYMELEAF]             * [* {th:utext}] [1400]: org.thymeleaf.standard.processor.StandardUtextTagProcessor
[THYMELEAF]             * [* {th:assert}] [1550]: org.thymeleaf.standard.processor.StandardAssertTagProcessor
[THYMELEAF]             * [* {th:remove}] [1600]: org.thymeleaf.standard.processor.StandardRemoveTagProcessor
[THYMELEAF]             * [* 100000] [org.thymeleaf.standard.processor.StandardBlockTagProcessor]: {}
[THYMELEAF]             * [{th:block} *] [100000]: org.thymeleaf.standard.processor.StandardBlockTagProcessor
[THYMELEAF]         * Text Processors by [precedence]:
[THYMELEAF]             * [1000]: org.thymeleaf.standard.processor.StandardInliningTextProcessor
[THYMELEAF]     * Processors for Template Mode: CSS
[THYMELEAF]         * Element Tag Processors by [matching element and attribute name] [precedence]:
[THYMELEAF]             * [* {th:insert}] [100]: org.thymeleaf.standard.processor.StandardInsertTagProcessor
[THYMELEAF]             * [* {th:replace}] [100]: org.thymeleaf.standard.processor.StandardReplaceTagProcessor
[THYMELEAF]             * [* {th:each}] [200]: com.intuit.karate.template.KarateEachTagProcessor
[THYMELEAF]             * [* {th:switch}] [250]: org.thymeleaf.standard.processor.StandardSwitchTagProcessor
[THYMELEAF]             * [* {th:case}] [275]: org.thymeleaf.standard.processor.StandardCaseTagProcessor
[THYMELEAF]             * [* {th:if}] [300]: org.thymeleaf.standard.processor.StandardIfTagProcessor
[THYMELEAF]             * [* {th:unless}] [400]: org.thymeleaf.standard.processor.StandardUnlessTagProcessor
[THYMELEAF]             * [* {th:object}] [500]: org.thymeleaf.standard.processor.StandardObjectTagProcessor
[THYMELEAF]             * [* {th:with}] [600]: com.intuit.karate.template.KarateWithTagProcessor
[THYMELEAF]             * [* {th:inline}] [1000]: org.thymeleaf.standard.processor.StandardInlineTextualTagProcessor
[THYMELEAF]             * [* {th:text}] [1300]: org.thymeleaf.standard.processor.StandardTextTagProcessor
[THYMELEAF]             * [* {th:utext}] [1400]: org.thymeleaf.standard.processor.StandardUtextTagProcessor
[THYMELEAF]             * [* {th:assert}] [1550]: org.thymeleaf.standard.processor.StandardAssertTagProcessor
[THYMELEAF]             * [* {th:remove}] [1600]: org.thymeleaf.standard.processor.StandardRemoveTagProcessor
[THYMELEAF]             * [{th:block} *] [100000]: org.thymeleaf.standard.processor.StandardBlockTagProcessor
[THYMELEAF]             * [* 100000] [org.thymeleaf.standard.processor.StandardBlockTagProcessor]: {}
[THYMELEAF]         * Text Processors by [precedence]:
[THYMELEAF]             * [1000]: org.thymeleaf.standard.processor.StandardInliningTextProcessor
[THYMELEAF]     * Expression Objects:
[THYMELEAF]         * #ctx
[THYMELEAF]         * #root
[THYMELEAF]         * #vars
[THYMELEAF]         * #object
[THYMELEAF]         * #locale
[THYMELEAF]         * #conversions
[THYMELEAF]         * #uris
[THYMELEAF]         * #temporals
[THYMELEAF]         * #calendars
[THYMELEAF]         * #dates
[THYMELEAF]         * #bools
[THYMELEAF]         * #numbers
[THYMELEAF]         * #objects
[THYMELEAF]         * #strings
[THYMELEAF]         * #arrays
[THYMELEAF]         * #lists
[THYMELEAF]         * #sets
[THYMELEAF]         * #maps
[THYMELEAF]         * #aggregates
[THYMELEAF]         * #messages
[THYMELEAF]         * #ids
[THYMELEAF]         * #execInfo
[THYMELEAF]         * #request
[THYMELEAF]         * #response
[THYMELEAF]         * #session
[THYMELEAF]         * #servletContext
[THYMELEAF]     * Execution Attributes:
[THYMELEAF]         * "StandardExpressionParser": com.intuit.karate.template.KarateStandardDialect@7740b0ab
[THYMELEAF]         * "StandardJavaScriptSerializer": org.thymeleaf.standard.serializer.StandardJavaScriptSerializer@64c95480
[THYMELEAF]         * "StandardCSSSerializer": org.thymeleaf.standard.serializer.StandardCSSSerializer@69499c6f
[THYMELEAF]         * "StandardVariableExpressionEvaluator": com.intuit.karate.template.KarateStandardDialect@7740b0ab
[THYMELEAF]         * "StandardConversionService": org.thymeleaf.standard.expression.StandardConversionService@3451fc88
[THYMELEAF] * Dialect [2 of 2]: karate (com.intuit.karate.template.KarateScriptDialect)
[THYMELEAF]     * Prefix: "ka"
[THYMELEAF]     * Processors for Template Mode: HTML
[THYMELEAF]         * Element Tag Processors by [matching element and attribute name] [precedence]:
[THYMELEAF]             * [* {src}] [1000]: com.intuit.karate.template.KaScriptAttrProcessor
[THYMELEAF]         * Element Model Processors by [matching element and attribute name] [precedence]:
[THYMELEAF]             * [{script} {ka:scope,data-ka-scope}] [1000]: com.intuit.karate.template.KaScriptElemProcessor
[THYMELEAF]             * [* {ka:set,data-ka-set}] [1000]: com.intuit.karate.template.KaSetElemProcessor
[THYMELEAF] TEMPLATE ENGINE CONFIGURED OK
23:46:04.830 [main] DEBUG org.thymeleaf.TemplateEngine -- [THYMELEAF] TEMPLATE ENGINE INITIALIZED
---------------------------------------------------------
feature: classpath:features/auth/register-excel.feature
scenarios:  1 | passed:  1 | failed:  0 | time: 2.6338
---------------------------------------------------------

Karate version: 1.4.1
======================================================
elapsed:   4.58 | threads:    1 | thread time: 2.63 
features:     1 | skipped:    0 | efficiency: 0.57
scenarios:    1 | passed:     1 | failed: 0
======================================================
23:46:05.761 [main] DEBUG org.thymeleaf.TemplateEngine -- [THYMELEAF] INITIALIZING TEMPLATE ENGINE
23:46:05.774 [main] DEBUG org.thymeleaf.TemplateEngine.CONFIG -- Initializing Thymeleaf Template engine configuration...
[THYMELEAF] TEMPLATE ENGINE CONFIGURATION:
[THYMELEAF] * Thymeleaf version: 3.1.2.RELEASE (built 2023-07-30T19:25:50+0000)
[THYMELEAF] * Cache Manager implementation: org.thymeleaf.cache.StandardCacheManager
[THYMELEAF] * Template resolvers:
[THYMELEAF]     * [1] com.intuit.karate.template.ResourceHtmlTemplateResolver
[THYMELEAF] * Message resolvers:
[THYMELEAF]     * org.thymeleaf.messageresolver.StandardMessageResolver
[THYMELEAF] * Link builders:
[THYMELEAF]     * org.thymeleaf.linkbuilder.StandardLinkBuilder
[THYMELEAF] * Dialect [1 of 2]: Standard (com.intuit.karate.template.KarateStandardDialect)
[THYMELEAF]     * Prefix: "th"
[THYMELEAF]     * Processors for Template Mode: HTML
[THYMELEAF]         * Element Tag Processors by [matching element and attribute name] [precedence]:
[THYMELEAF]             * [* {th:include,data-th-include}] [100]: org.thymeleaf.standard.processor.StandardIncludeTagProcessor
[THYMELEAF]             * [* {th:insert,data-th-insert}] [100]: org.thymeleaf.standard.processor.StandardInsertTagProcessor
[THYMELEAF]             * [* {th:replace,data-th-replace}] [100]: org.thymeleaf.standard.processor.StandardReplaceTagProcessor
[THYMELEAF]             * [* {th:each,data-th-each}] [200]: com.intuit.karate.template.KarateEachTagProcessor
[THYMELEAF]             * [* {th:switch,data-th-switch}] [250]: org.thymeleaf.standard.processor.StandardSwitchTagProcessor
[THYMELEAF]             * [* {th:case,data-th-case}] [275]: org.thymeleaf.standard.processor.StandardCaseTagProcessor
[THYMELEAF]             * [* {th:if,data-th-if}] [300]: org.thymeleaf.standard.processor.StandardIfTagProcessor
[THYMELEAF]             * [* {th:unless,data-th-unless}] [400]: org.thymeleaf.standard.processor.StandardUnlessTagProcessor
[THYMELEAF]             * [* {th:object,data-th-object}] [500]: org.thymeleaf.standard.processor.StandardObjectTagProcessor
[THYMELEAF]             * [* {th:with,data-th-with}] [600]: com.intuit.karate.template.KarateWithTagProcessor
[THYMELEAF]             * [* {th:attr,data-th-attr}] [700]: com.intuit.karate.template.KarateAttributeTagProcessor.KarateAttrTagProcessor
[THYMELEAF]             * [* {th:attrappend,data-th-attrappend}] [900]: com.intuit.karate.template.KarateAttributeTagProcessor.KarateAttrappendTagProcessor
[THYMELEAF]             * [* {th:attrprepend,data-th-attrprepend}] [900]: com.intuit.karate.template.KarateAttributeTagProcessor.KarateAttrprependTagProcessor
[THYMELEAF]             * [* {th:alt-title,data-th-alt-title}] [990]: org.thymeleaf.standard.processor.StandardAltTitleTagProcessor
[THYMELEAF]             * [* {th:lang-xmllang,data-th-lang-xmllang}] [990]: org.thymeleaf.standard.processor.StandardLangXmlLangTagProcessor
[THYMELEAF]             * [* {th:action,data-th-action}] [1000]: org.thymeleaf.standard.processor.StandardActionTagProcessor
[THYMELEAF]             * [* {th:controls,data-th-controls}] [1000]: org.thymeleaf.standard.processor.StandardConditionalFixedValueTagProcessor
[THYMELEAF]             * [* {th:scoped,data-th-scoped}] [1000]: org.thymeleaf.standard.processor.StandardConditionalFixedValueTagProcessor
[THYMELEAF]             * [* {th:defer,data-th-defer}] [1000]: org.thymeleaf.standard.processor.StandardConditionalFixedValueTagProcessor
[THYMELEAF]             * [* {th:autoplay,data-th-autoplay}] [1000]: org.thymeleaf.standard.processor.StandardConditionalFixedValueTagProcessor
[THYMELEAF]             * [* {th:disabled,data-th-disabled}] [1000]: org.thymeleaf.standard.processor.StandardConditionalFixedValueTagProcessor
[THYMELEAF]             * [* {th:loop,data-th-loop}] [1000]: org.thymeleaf.standard.processor.StandardConditionalFixedValueTagProcessor
[THYMELEAF]             * [* {th:declare,data-th-declare}] [1000]: org.thymeleaf.standard.processor.StandardConditionalFixedValueTagProcessor
[THYMELEAF]             * [* {th:pubdate,data-th-pubdate}] [1000]: org.thymeleaf.standard.processor.StandardConditionalFixedValueTagProcessor
[THYMELEAF]             * [* {th:async,data-th-async}] [1000]: org.thymeleaf.standard.processor.StandardConditionalFixedValueTagProcessor
[THYMELEAF]             * [* {th:nowrap,data-th-nowrap}] [1000]: org.thymeleaf.standard.processor.StandardConditionalFixedValueTagProcessor
[THYMELEAF]             * [* {th:checked,data-th-checked}] [1000]: org.thymeleaf.standard.processor.StandardConditionalFixedValueTagProcessor
[THYMELEAF]             * [* {th:formnovalidate,data-th-formnovalidate}] [1000]: org.thymeleaf.standard.processor.StandardConditionalFixedValueTagProcessor
[THYMELEAF]             * [* {th:reversed,data-th-reversed}] [1000]: org.thymeleaf.standard.processor.StandardConditionalFixedValueTagProcessor
[THYMELEAF]             * [* {th:open,data-th-open}] [1000]: org.thymeleaf.standard.processor.StandardConditionalFixedValueTagProcessor
[THYMELEAF]             * [* {th:readonly,data-th-readonly}] [1000]: org.thymeleaf.standard.processor.StandardConditionalFixedValueTagProcessor
[THYMELEAF]             * [* {th:autofocus,data-th-autofocus}] [1000]: org.thymeleaf.standard.processor.StandardConditionalFixedValueTagProcessor
[THYMELEAF]             * [* {th:multiple,data-th-multiple}] [1000]: org.thymeleaf.standard.processor.StandardConditionalFixedValueTagProcessor
[THYMELEAF]             * [* {th:required,data-th-required}] [1000]: org.thymeleaf.standard.processor.StandardConditionalFixedValueTagProcessor
[THYMELEAF]             * [* {th:selected,data-th-selected}] [1000]: org.thymeleaf.standard.processor.StandardConditionalFixedValueTagProcessor
[THYMELEAF]             * [* {th:hidden,data-th-hidden}] [1000]: org.thymeleaf.standard.processor.StandardConditionalFixedValueTagProcessor
[THYMELEAF]             * [* {th:ismap,data-th-ismap}] [1000]: org.thymeleaf.standard.processor.StandardConditionalFixedValueTagProcessor
[THYMELEAF]             * [* {th:novalidate,data-th-novalidate}] [1000]: org.thymeleaf.standard.processor.StandardConditionalFixedValueTagProcessor
[THYMELEAF]             * [* {th:seamless,data-th-seamless}] [1000]: org.thymeleaf.standard.processor.StandardConditionalFixedValueTagProcessor
[THYMELEAF]             * [* {th:default,data-th-default}] [1000]: org.thymeleaf.standard.processor.StandardConditionalFixedValueTagProcessor
[THYMELEAF]             * [* {th:onbeforeunload,data-th-onbeforeunload}] [1000]: org.thymeleaf.standard.processor.StandardDOMEventAttributeTagProcessor
[THYMELEAF]             * [* {th:onscroll,data-th-onscroll}] [1000]: org.thymeleaf.standard.processor.StandardDOMEventAttributeTagProcessor
[THYMELEAF]             * [* {th:onchange,data-th-onchange}] [1000]: org.thymeleaf.standard.processor.StandardDOMEventAttributeTagProcessor
[THYMELEAF]             * [* {th:oninvalid,data-th-oninvalid}] [1000]: org.thymeleaf.standard.processor.StandardDOMEventAttributeTagProcessor
[THYMELEAF]             * [* {th:onredo,data-th-onredo}] [1000]: org.thymeleaf.standard.processor.StandardDOMEventAttributeTagProcessor
[THYMELEAF]             * [* {th:onplay,data-th-onplay}] [1000]: org.thymeleaf.standard.processor.StandardDOMEventAttributeTagProcessor
[THYMELEAF]             * [* {th:onselect,data-th-onselect}] [1000]: org.thymeleaf.standard.processor.StandardDOMEventAttributeTagProcessor
[THYMELEAF]             * [* {th:onloadstart,data-th-onloadstart}] [1000]: org.thymeleaf.standard.processor.StandardDOMEventAttributeTagProcessor
[THYMELEAF]             * [* {th:onformchange,data-th-onformchange}] [1000]: org.thymeleaf.standard.processor.StandardDOMEventAttributeTagProcessor
[THYMELEAF]             * [* {th:onemptied,data-th-onemptied}] [1000]: org.thymeleaf.standard.processor.StandardDOMEventAttributeTagProcessor
[THYMELEAF]             * [* {th:ondragend,data-th-ondragend}] [1000]: org.thymeleaf.standard.processor.StandardDOMEventAttributeTagProcessor
[THYMELEAF]             * [* {th:onprogress,data-th-onprogress}] [1000]: org.thymeleaf.standard.processor.StandardDOMEventAttributeTagProcessor
[THYMELEAF]             * [* {th:onstorage,data-th-onstorage}] [1000]: org.thymeleaf.standard.processor.StandardDOMEventAttributeTagProcessor
[THYMELEAF]             * [* {th:onerror,data-th-onerror}] [1000]: org.thymeleaf.standard.processor.StandardDOMEventAttributeTagProcessor
[THYMELEAF]             * [* {th:onshow,data-th-onshow}] [1000]: org.thymeleaf.standard.processor.StandardDOMEventAttributeTagProcessor
[THYMELEAF]             * [* {th:onbeforeprint,data-th-onbeforeprint}] [1000]: org.thymeleaf.standard.processor.StandardDOMEventAttributeTagProcessor
[THYMELEAF]             * [* {th:onunload,data-th-onunload}] [1000]: org.thymeleaf.standard.processor.StandardDOMEventAttributeTagProcessor
[THYMELEAF]             * [* {th:onratechange,data-th-onratechange}] [1000]: org.thymeleaf.standard.processor.StandardDOMEventAttributeTagProcessor
[THYMELEAF]             * [* {th:oncontextmenu,data-th-oncontextmenu}] [1000]: org.thymeleaf.standard.processor.StandardDOMEventAttributeTagProcessor
[THYMELEAF]             * [* {th:onkeydown,data-th-onkeydown}] [1000]: org.thymeleaf.standard.processor.StandardDOMEventAttributeTagProcessor
[THYMELEAF]             * [* {th:onmousemove,data-th-onmousemove}] [1000]: org.thymeleaf.standard.processor.StandardDOMEventAttributeTagProcessor
[THYMELEAF]             * [* {th:onabort,data-th-onabort}] [1000]: org.thymeleaf.standard.processor.StandardDOMEventAttributeTagProcessor
[THYMELEAF]             * [* {th:onmouseout,data-th-onmouseout}] [1000]: org.thymeleaf.standard.processor.StandardDOMEventAttributeTagProcessor
[THYMELEAF]             * [* {th:onhashchange,data-th-onhashchange}] [1000]: org.thymeleaf.standard.processor.StandardDOMEventAttributeTagProcessor
[THYMELEAF]             * [* {th:onundo,data-th-onundo}] [1000]: org.thymeleaf.standard.processor.StandardDOMEventAttributeTagProcessor
[THYMELEAF]             * [* {th:onended,data-th-onended}] [1000]: org.thymeleaf.standard.processor.StandardDOMEventAttributeTagProcessor
[THYMELEAF]             * [* {th:onforminput,data-th-onforminput}] [1000]: org.thymeleaf.standard.processor.StandardDOMEventAttributeTagProcessor
[THYMELEAF]             * [* {th:onmouseup,data-th-onmouseup}] [1000]: org.thymeleaf.standard.processor.StandardDOMEventAttributeTagProcessor
[THYMELEAF]             * [* {th:ondragenter,data-th-ondragenter}] [1000]: org.thymeleaf.standard.processor.StandardDOMEventAttributeTagProcessor
[THYMELEAF]             * [* {th:onpopstate,data-th-onpopstate}] [1000]: org.thymeleaf.standard.processor.StandardDOMEventAttributeTagProcessor
[THYMELEAF]             * [* {th:ondblclick,data-th-ondblclick}] [1000]: org.thymeleaf.standard.processor.StandardDOMEventAttributeTagProcessor
[THYMELEAF]             * [* {th:onmouseover,data-th-onmouseover}] [1000]: org.thymeleaf.standard.processor.StandardDOMEventAttributeTagProcessor
[THYMELEAF]             * [* {th:onmessage,data-th-onmessage}] [1000]: org.thymeleaf.standard.processor.StandardDOMEventAttributeTagProcessor
[THYMELEAF]             * [* {th:onstalled,data-th-onstalled}] [1000]: org.thymeleaf.standard.processor.StandardDOMEventAttributeTagProcessor
[THYMELEAF]             * [* {th:ontimeupdate,data-th-ontimeupdate}] [1000]: org.thymeleaf.standard.processor.StandardDOMEventAttributeTagProcessor
[THYMELEAF]             * [* {th:onreset,data-th-onreset}] [1000]: org.thymeleaf.standard.processor.StandardDOMEventAttributeTagProcessor
[THYMELEAF]             * [* {th:onresize,data-th-onresize}] [1000]: org.thymeleaf.standard.processor.StandardDOMEventAttributeTagProcessor
[THYMELEAF]             * [* {th:onloadedmetadata,data-th-onloadedmetadata}] [1000]: org.thymeleaf.standard.processor.StandardDOMEventAttributeTagProcessor
[THYMELEAF]             * [* {th:ondrag,data-th-ondrag}] [1000]: org.thymeleaf.standard.processor.StandardDOMEventAttributeTagProcessor
[THYMELEAF]             * [* {th:onafterprint,data-th-onafterprint}] [1000]: org.thymeleaf.standard.processor.StandardDOMEventAttributeTagProcessor
[THYMELEAF]             * [* {th:oninput,data-th-oninput}] [1000]: org.thymeleaf.standard.processor.StandardDOMEventAttributeTagProcessor
[THYMELEAF]             * [* {th:onblur,data-th-onblur}] [1000]: org.thymeleaf.standard.processor.StandardDOMEventAttributeTagProcessor
[THYMELEAF]             * [* {th:onwaiting,data-th-onwaiting}] [1000]: org.thymeleaf.standard.processor.StandardDOMEventAttributeTagProcessor
[THYMELEAF]             * [* {th:ononline,data-th-ononline}] [1000]: org.thymeleaf.standard.processor.StandardDOMEventAttributeTagProcessor
[THYMELEAF]             * [* {th:oncanplaythrough,data-th-oncanplaythrough}] [1000]: org.thymeleaf.standard.processor.StandardDOMEventAttributeTagProcessor
[THYMELEAF]             * [* {th:onload,data-th-onload}] [1000]: org.thymeleaf.standard.processor.StandardDOMEventAttributeTagProcessor
[THYMELEAF]             * [* {th:onkeyup,data-th-onkeyup}] [1000]: org.thymeleaf.standard.processor.StandardDOMEventAttributeTagProcessor
[THYMELEAF]             * [* {th:ondurationchange,data-th-ondurationchange}] [1000]: org.thymeleaf.standard.processor.StandardDOMEventAttributeTagProcessor
[THYMELEAF]             * [* {th:onplaying,data-th-onplaying}] [1000]: org.thymeleaf.standard.processor.StandardDOMEventAttributeTagProcessor
[THYMELEAF]             * [* {th:ondragstart,data-th-ondragstart}] [1000]: org.thymeleaf.standard.processor.StandardDOMEventAttributeTagProcessor
[THYMELEAF]             * [* {th:onvolumechange,data-th-onvolumechange}] [1000]: org.thymeleaf.standard.processor.StandardDOMEventAttributeTagProcessor
[THYMELEAF]             * [* {th:onpause,data-th-onpause}] [1000]: org.thymeleaf.standard.processor.StandardDOMEventAttributeTagProcessor
[THYMELEAF]             * [* {th:onreadystatechange,data-th-onreadystatechange}] [1000]: org.thymeleaf.standard.processor.StandardDOMEventAttributeTagProcessor
[THYMELEAF]             * [* {th:onsubmit,data-th-onsubmit}] [1000]: org.thymeleaf.standard.processor.StandardDOMEventAttributeTagProcessor
[THYMELEAF]             * [* {th:onfocus,data-th-onfocus}] [1000]: org.thymeleaf.standard.processor.StandardDOMEventAttributeTagProcessor
[THYMELEAF]             * [* {th:oncanplay,data-th-oncanplay}] [1000]: org.thymeleaf.standard.processor.StandardDOMEventAttributeTagProcessor
[THYMELEAF]             * [* {th:onseeking,data-th-onseeking}] [1000]: org.thymeleaf.standard.processor.StandardDOMEventAttributeTagProcessor
[THYMELEAF]             * [* {th:onclick,data-th-onclick}] [1000]: org.thymeleaf.standard.processor.StandardDOMEventAttributeTagProcessor
[THYMELEAF]             * [* {th:onsuspend,data-th-onsuspend}] [1000]: org.thymeleaf.standard.processor.StandardDOMEventAttributeTagProcessor
[THYMELEAF]             * [* {th:ondrop,data-th-ondrop}] [1000]: org.thymeleaf.standard.processor.StandardDOMEventAttributeTagProcessor
[THYMELEAF]             * [* {th:onmousewheel,data-th-onmousewheel}] [1000]: org.thymeleaf.standard.processor.StandardDOMEventAttributeTagProcessor
[THYMELEAF]             * [* {th:onmousedown,data-th-onmousedown}] [1000]: org.thymeleaf.standard.processor.StandardDOMEventAttributeTagProcessor
[THYMELEAF]             * [* {th:onkeypress,data-th-onkeypress}] [1000]: org.thymeleaf.standard.processor.StandardDOMEventAttributeTagProcessor
[THYMELEAF]             * [* {th:onoffline,data-th-onoffline}] [1000]: org.thymeleaf.standard.processor.StandardDOMEventAttributeTagProcessor
[THYMELEAF]             * [* {th:onloadeddata,data-th-onloadeddata}] [1000]: org.thymeleaf.standard.processor.StandardDOMEventAttributeTagProcessor
[THYMELEAF]             * [* {th:onseeked,data-th-onseeked}] [1000]: org.thymeleaf.standard.processor.StandardDOMEventAttributeTagProcessor
[THYMELEAF]             * [* {th:ondragleave,data-th-ondragleave}] [1000]: org.thymeleaf.standard.processor.StandardDOMEventAttributeTagProcessor
[THYMELEAF]             * [* {th:ondragover,data-th-ondragover}] [1000]: org.thymeleaf.standard.processor.StandardDOMEventAttributeTagProcessor
[THYMELEAF]             * [* {th:href,data-th-href}] [1000]: org.thymeleaf.standard.processor.StandardHrefTagProcessor
[THYMELEAF]             * [* {th:inline,data-th-inline}] [1000]: org.thymeleaf.standard.processor.StandardInlineHTMLTagProcessor
[THYMELEAF]             * [* {th:method,data-th-method}] [1000]: org.thymeleaf.standard.processor.StandardMethodTagProcessor
[THYMELEAF]             * [* {th:type,data-th-type}] [1000]: org.thymeleaf.standard.processor.StandardNonRemovableAttributeTagProcessor
[THYMELEAF]             * [* {th:name,data-th-name}] [1000]: org.thymeleaf.standard.processor.StandardNonRemovableAttributeTagProcessor
[THYMELEAF]             * [* {th:placeholder,data-th-placeholder}] [1000]: org.thymeleaf.standard.processor.StandardRemovableAttributeTagProcessor
[THYMELEAF]             * [* {th:rev,data-th-rev}] [1000]: org.thymeleaf.standard.processor.StandardRemovableAttributeTagProcessor
[THYMELEAF]             * [* {th:formtarget,data-th-formtarget}] [1000]: org.thymeleaf.standard.processor.StandardRemovableAttributeTagProcessor
[THYMELEAF]             * [* {th:scheme,data-th-scheme}] [1000]: org.thymeleaf.standard.processor.StandardRemovableAttributeTagProcessor
[THYMELEAF]             * [* {th:codetype,data-th-codetype}] [1000]: org.thymeleaf.standard.processor.StandardRemovableAttributeTagProcessor
[THYMELEAF]             * [* {th:rows,data-th-rows}] [1000]: org.thymeleaf.standard.processor.StandardRemovableAttributeTagProcessor
[THYMELEAF]             * [* {th:target,data-th-target}] [1000]: org.thymeleaf.standard.processor.StandardRemovableAttributeTagProcessor
[THYMELEAF]             * [* {th:kind,data-th-kind}] [1000]: org.thymeleaf.standard.processor.StandardRemovableAttributeTagProcessor
[THYMELEAF]             * [* {th:content,data-th-content}] [1000]: org.thymeleaf.standard.processor.StandardRemovableAttributeTagProcessor
[THYMELEAF]             * [* {th:alt,data-th-alt}] [1000]: org.thymeleaf.standard.processor.StandardRemovableAttributeTagProcessor
[THYMELEAF]             * [* {th:optimum,data-th-optimum}] [1000]: org.thymeleaf.standard.processor.StandardRemovableAttributeTagProcessor
[THYMELEAF]             * [* {th:icon,data-th-icon}] [1000]: org.thymeleaf.standard.processor.StandardRemovableAttributeTagProcessor
[THYMELEAF]             * [* {th:classid,data-th-classid}] [1000]: org.thymeleaf.standard.processor.StandardRemovableAttributeTagProcessor
[THYMELEAF]             * [* {th:http-equiv,data-th-http-equiv}] [1000]: org.thymeleaf.standard.processor.StandardRemovableAttributeTagProcessor
[THYMELEAF]             * [* {th:sandbox,data-th-sandbox}] [1000]: org.thymeleaf.standard.processor.StandardRemovableAttributeTagProcessor
[THYMELEAF]             * [* {th:accept,data-th-accept}] [1000]: org.thymeleaf.standard.processor.StandardRemovableAttributeTagProcessor
[THYMELEAF]             * [* {th:summary,data-th-summary}] [1000]: org.thymeleaf.standard.processor.StandardRemovableAttributeTagProcessor
[THYMELEAF]             * [* {th:rules,data-th-rules}] [1000]: org.thymeleaf.standard.processor.StandardRemovableAttributeTagProcessor
[THYMELEAF]             * [* {th:rowspan,data-th-rowspan}] [1000]: org.thymeleaf.standard.processor.StandardRemovableAttributeTagProcessor
[THYMELEAF]             * [* {th:step,data-th-step}] [1000]: org.thymeleaf.standard.processor.StandardRemovableAttributeTagProcessor
[THYMELEAF]             * [* {th:pattern,data-th-pattern}] [1000]: org.thymeleaf.standard.processor.StandardRemovableAttributeTagProcessor
[THYMELEAF]             * [* {th:marginwidth,data-th-marginwidth}] [1000]: org.thymeleaf.standard.processor.StandardRemovableAttributeTagProcessor
[THYMELEAF]             * [* {th:contextmenu,data-th-contextmenu}] [1000]: org.thymeleaf.standard.processor.StandardRemovableAttributeTagProcessor
[THYMELEAF]             * [* {th:size,data-th-size}] [1000]: org.thymeleaf.standard.processor.StandardRemovableAttributeTagProcessor
[THYMELEAF]             * [* {th:hreflang,data-th-hreflang}] [1000]: org.thymeleaf.standard.processor.StandardRemovableAttributeTagProcessor
[THYMELEAF]             * [* {th:keytype,data-th-keytype}] [1000]: org.thymeleaf.standard.processor.StandardRemovableAttributeTagProcessor
[THYMELEAF]             * [* {th:bgcolor,data-th-bgcolor}] [1000]: org.thymeleaf.standard.processor.StandardRemovableAttributeTagProcessor
[THYMELEAF]             * [* {th:contenteditable,data-th-contenteditable}] [1000]: org.thymeleaf.standard.processor.StandardRemovableAttributeTagProcessor
[THYMELEAF]             * [* {th:start,data-th-start}] [1000]: org.thymeleaf.standard.processor.StandardRemovableAttributeTagProcessor
[THYMELEAF]             * [* {th:axis,data-th-axis}] [1000]: org.thymeleaf.standard.processor.StandardRemovableAttributeTagProcessor
[THYMELEAF]             * [* {th:scrolling,data-th-scrolling}] [1000]: org.thymeleaf.standard.processor.StandardRemovableAttributeTagProcessor
[THYMELEAF]             * [* {th:label,data-th-label}] [1000]: org.thymeleaf.standard.processor.StandardRemovableAttributeTagProcessor
[THYMELEAF]             * [* {th:height,data-th-height}] [1000]: org.thymeleaf.standard.processor.StandardRemovableAttributeTagProcessor
[THYMELEAF]             * [* {th:charset,data-th-charset}] [1000]: org.thymeleaf.standard.processor.StandardRemovableAttributeTagProcessor
[THYMELEAF]             * [* {th:scope,data-th-scope}] [1000]: org.thymeleaf.standard.processor.StandardRemovableAttributeTagProcessor
[THYMELEAF]             * [* {th:maxlength,data-th-maxlength}] [1000]: org.thymeleaf.standard.processor.StandardRemovableAttributeTagProcessor
[THYMELEAF]             * [* {th:preload,data-th-preload}] [1000]: org.thymeleaf.standard.processor.StandardRemovableAttributeTagProcessor
[THYMELEAF]             * [* {th:codebase,data-th-codebase}] [1000]: org.thymeleaf.standard.processor.StandardRemovableAttributeTagProcessor
[THYMELEAF]             * [* {th:audio,data-th-audio}] [1000]: org.thymeleaf.standard.processor.StandardRemovableAttributeTagProcessor
[THYMELEAF]             * [* {th:media,data-th-media}] [1000]: org.thymeleaf.standard.processor.StandardRemovableAttributeTagProcessor
[THYMELEAF]             * [* {th:title,data-th-title}] [1000]: org.thymeleaf.standard.processor.StandardRemovableAttributeTagProcessor
[THYMELEAF]             * [* {th:usemap,data-th-usemap}] [1000]: org.thymeleaf.standard.processor.StandardRemovableAttributeTagProcessor
[THYMELEAF]             * [* {th:draggable,data-th-draggable}] [1000]: org.thymeleaf.standard.processor.StandardRemovableAttributeTagProcessor
[THYMELEAF]             * [* {th:min,data-th-min}] [1000]: org.thymeleaf.standard.processor.StandardRemovableAttributeTagProcessor
[THYMELEAF]             * [* {th:low,data-th-low}] [1000]: org.thymeleaf.standard.processor.StandardRemovableAttributeTagProcessor
[THYMELEAF]             * [* {th:list,data-th-list}] [1000]: org.thymeleaf.standard.processor.StandardRemovableAttributeTagProcessor
[THYMELEAF]             * [* {th:spellcheck,data-th-spellcheck}] [1000]: org.thymeleaf.standard.processor.StandardRemovableAttributeTagProcessor
[THYMELEAF]             * [* {th:datetime,data-th-datetime}] [1000]: org.thymeleaf.standard.processor.StandardRemovableAttributeTagProcessor
[THYMELEAF]             * [* {th:align,data-th-align}] [1000]: org.thymeleaf.standard.processor.StandardRemovableAttributeTagProcessor
[THYMELEAF]             * [* {th:background,data-th-background}] [1000]: org.thymeleaf.standard.processor.StandardRemovableAttributeTagProcessor
[THYMELEAF]             * [* {th:class,data-th-class}] [1000]: org.thymeleaf.standard.processor.StandardRemovableAttributeTagProcessor
[THYMELEAF]             * [* {th:cols,data-th-cols}] [1000]: org.thymeleaf.standard.processor.StandardRemovableAttributeTagProcessor
[THYMELEAF]             * [* {th:dir,data-th-dir}] [1000]: org.thymeleaf.standard.processor.StandardRemovableAttributeTagProcessor
[THYMELEAF]             * [* {th:cite,data-th-cite}] [1000]: org.thymeleaf.standard.processor.StandardRemovableAttributeTagProcessor
[THYMELEAF]             * [* {th:vspace,data-th-vspace}] [1000]: org.thymeleaf.standard.processor.StandardRemovableAttributeTagProcessor
[THYMELEAF]             * [* {th:abbr,data-th-abbr}] [1000]: org.thymeleaf.standard.processor.StandardRemovableAttributeTagProcessor
[THYMELEAF]             * [* {th:span,data-th-span}] [1000]: org.thymeleaf.standard.processor.StandardRemovableAttributeTagProcessor
[THYMELEAF]             * [* {th:form,data-th-form}] [1000]: org.thymeleaf.standard.processor.StandardRemovableAttributeTagProcessor
[THYMELEAF]             * [* {th:data,data-th-data}] [1000]: org.thymeleaf.standard.processor.StandardRemovableAttributeTagProcessor
[THYMELEAF]             * [* {th:dropzone,data-th-dropzone}] [1000]: org.thymeleaf.standard.processor.StandardRemovableAttributeTagProcessor
[THYMELEAF]             * [* {th:cellspacing,data-th-cellspacing}] [1000]: org.thymeleaf.standard.processor.StandardRemovableAttributeTagProcessor
[THYMELEAF]             * [* {th:manifest,data-th-manifest}] [1000]: org.thymeleaf.standard.processor.StandardRemovableAttributeTagProcessor
[THYMELEAF]             * [* {th:valuetype,data-th-valuetype}] [1000]: org.thymeleaf.standard.processor.StandardRemovableAttributeTagProcessor
[THYMELEAF]             * [* {th:formmethod,data-th-formmethod}] [1000]: org.thymeleaf.standard.processor.StandardRemovableAttributeTagProcessor
[THYMELEAF]             * [* {th:high,data-th-high}] [1000]: org.thymeleaf.standard.processor.StandardRemovableAttributeTagProcessor
[THYMELEAF]             * [* {th:enctype,data-th-enctype}] [1000]: org.thymeleaf.standard.processor.StandardRemovableAttributeTagProcessor
[THYMELEAF]             * [* {th:for,data-th-for}] [1000]: org.thymeleaf.standard.processor.StandardRemovableAttributeTagProcessor
[THYMELEAF]             * [* {th:id,data-th-id}] [1000]: org.thymeleaf.standard.processor.StandardRemovableAttributeTagProcessor
[THYMELEAF]             * [* {th:lang,data-th-lang}] [1000]: org.thymeleaf.standard.processor.StandardRemovableAttributeTagProcessor
[THYMELEAF]             * [* {th:longdesc,data-th-longdesc}] [1000]: org.thymeleaf.standard.processor.StandardRemovableAttributeTagProcessor
[THYMELEAF]             * [* {th:hspace,data-th-hspace}] [1000]: org.thymeleaf.standard.processor.StandardRemovableAttributeTagProcessor
[THYMELEAF]             * [* {th:compact,data-th-compact}] [1000]: org.thymeleaf.standard.processor.StandardRemovableAttributeTagProcessor
[THYMELEAF]             * [* {th:rel,data-th-rel}] [1000]: org.thymeleaf.standard.processor.StandardRemovableAttributeTagProcessor
[THYMELEAF]             * [* {th:formenctype,data-th-formenctype}] [1000]: org.thymeleaf.standard.processor.StandardRemovableAttributeTagProcessor
[THYMELEAF]             * [* {th:autocomplete,data-th-autocomplete}] [1000]: org.thymeleaf.standard.processor.StandardRemovableAttributeTagProcessor
[THYMELEAF]             * [* {th:tabindex,data-th-tabindex}] [1000]: org.thymeleaf.standard.processor.StandardRemovableAttributeTagProcessor
[THYMELEAF]             * [* {th:marginheight,data-th-marginheight}] [1000]: org.thymeleaf.standard.processor.StandardRemovableAttributeTagProcessor
[THYMELEAF]             * [* {th:srclang,data-th-srclang}] [1000]: org.thymeleaf.standard.processor.StandardRemovableAttributeTagProcessor
[THYMELEAF]             * [* {th:wrap,data-th-wrap}] [1000]: org.thymeleaf.standard.processor.StandardRemovableAttributeTagProcessor
[THYMELEAF]             * [* {th:radiogroup,data-th-radiogroup}] [1000]: org.thymeleaf.standard.processor.StandardRemovableAttributeTagProcessor
[THYMELEAF]             * [* {th:accesskey,data-th-accesskey}] [1000]: org.thymeleaf.standard.processor.StandardRemovableAttributeTagProcessor
[THYMELEAF]             * [* {th:frame,data-th-frame}] [1000]: org.thymeleaf.standard.processor.StandardRemovableAttributeTagProcessor
[THYMELEAF]             * [* {th:archive,data-th-archive}] [1000]: org.thymeleaf.standard.processor.StandardRemovableAttributeTagProcessor
[THYMELEAF]             * [* {th:sizes,data-th-sizes}] [1000]: org.thymeleaf.standard.processor.StandardRemovableAttributeTagProcessor
[THYMELEAF]             * [* {th:standby,data-th-standby}] [1000]: org.thymeleaf.standard.processor.StandardRemovableAttributeTagProcessor
[THYMELEAF]             * [* {th:cellpadding,data-th-cellpadding}] [1000]: org.thymeleaf.standard.processor.StandardRemovableAttributeTagProcessor
[THYMELEAF]             * [* {th:style,data-th-style}] [1000]: org.thymeleaf.standard.processor.StandardRemovableAttributeTagProcessor
[THYMELEAF]             * [* {th:accept-charset,data-th-accept-charset}] [1000]: org.thymeleaf.standard.processor.StandardRemovableAttributeTagProcessor
[THYMELEAF]             * [* {th:formaction,data-th-formaction}] [1000]: org.thymeleaf.standard.processor.StandardRemovableAttributeTagProcessor
[THYMELEAF]             * [* {th:max,data-th-max}] [1000]: org.thymeleaf.standard.processor.StandardRemovableAttributeTagProcessor
[THYMELEAF]             * [* {th:frameborder,data-th-frameborder}] [1000]: org.thymeleaf.standard.processor.StandardRemovableAttributeTagProcessor
[THYMELEAF]             * [* {th:headers,data-th-headers}] [1000]: org.thymeleaf.standard.processor.StandardRemovableAttributeTagProcessor
[THYMELEAF]             * [* {th:border,data-th-border}] [1000]: org.thymeleaf.standard.processor.StandardRemovableAttributeTagProcessor
[THYMELEAF]             * [* {th:width,data-th-width}] [1000]: org.thymeleaf.standard.processor.StandardRemovableAttributeTagProcessor
[THYMELEAF]             * [* {th:colspan,data-th-colspan}] [1000]: org.thymeleaf.standard.processor.StandardRemovableAttributeTagProcessor
[THYMELEAF]             * [* {th:challenge,data-th-challenge}] [1000]: org.thymeleaf.standard.processor.StandardRemovableAttributeTagProcessor
[THYMELEAF]             * [* {th:poster,data-th-poster}] [1000]: org.thymeleaf.standard.processor.StandardRemovableAttributeTagProcessor
[THYMELEAF]             * [* {th:src,data-th-src}] [1000]: org.thymeleaf.standard.processor.StandardSrcTagProcessor
[THYMELEAF]             * [* {th:value,data-th-value}] [1000]: org.thymeleaf.standard.processor.StandardValueTagProcessor
[THYMELEAF]             * [* {th:xmlbase,data-th-xmlbase}] [1000]: org.thymeleaf.standard.processor.StandardXmlBaseTagProcessor
[THYMELEAF]             * [* {th:xmllang,data-th-xmllang}] [1000]: org.thymeleaf.standard.processor.StandardXmlLangTagProcessor
[THYMELEAF]             * [* {xmlns:th}] [1000]: org.thymeleaf.standard.processor.StandardXmlNsTagProcessor
[THYMELEAF]             * [* {th:xmlspace,data-th-xmlspace}] [1000]: org.thymeleaf.standard.processor.StandardXmlSpaceTagProcessor
[THYMELEAF]             * [* {th:classappend,data-th-classappend}] [1100]: org.thymeleaf.standard.processor.StandardClassappendTagProcessor
[THYMELEAF]             * [* {th:styleappend,data-th-styleappend}] [1100]: org.thymeleaf.standard.processor.StandardStyleappendTagProcessor
[THYMELEAF]             * [* {th:text,data-th-text}] [1300]: org.thymeleaf.standard.processor.StandardTextTagProcessor
[THYMELEAF]             * [* {th:utext,data-th-utext}] [1400]: org.thymeleaf.standard.processor.StandardUtextTagProcessor
[THYMELEAF]             * [* {th:fragment,data-th-fragment}] [1500]: org.thymeleaf.standard.processor.StandardFragmentTagProcessor
[THYMELEAF]             * [* {th:assert,data-th-assert}] [1550]: org.thymeleaf.standard.processor.StandardAssertTagProcessor
[THYMELEAF]             * [* {th:remove,data-th-remove}] [1600]: org.thymeleaf.standard.processor.StandardRemoveTagProcessor
[THYMELEAF]             * [* {th:ref,data-th-ref}] [10000]: org.thymeleaf.standard.processor.StandardRefAttributeTagProcessor
[THYMELEAF]             * [{th:block,th-block} *] [100000]: org.thymeleaf.standard.processor.StandardBlockTagProcessor
[THYMELEAF]             * [* th:*] [2147483647]: org.thymeleaf.standard.processor.StandardDefaultAttributesTagProcessor
[THYMELEAF]         * Text Processors by [precedence]:
[THYMELEAF]             * [1000]: org.thymeleaf.standard.processor.StandardInliningTextProcessor
[THYMELEAF]         * DOCTYPE Processors by [precedence]:
[THYMELEAF]             * [1000]: org.thymeleaf.standard.processor.StandardTranslationDocTypeProcessor
[THYMELEAF]         * CDATA Section Processors by [precedence]:
[THYMELEAF]             * [1000]: org.thymeleaf.standard.processor.StandardInliningCDATASectionProcessor
[THYMELEAF]         * Comment Processors by [precedence]:
[THYMELEAF]             * [1000]: org.thymeleaf.standard.processor.StandardInliningCommentProcessor
[THYMELEAF]             * [1100]: org.thymeleaf.standard.processor.StandardConditionalCommentProcessor
[THYMELEAF]     * Processors for Template Mode: XML
[THYMELEAF]         * Element Tag Processors by [matching element and attribute name] [precedence]:
[THYMELEAF]             * [* {th:include}] [100]: org.thymeleaf.standard.processor.StandardIncludeTagProcessor
[THYMELEAF]             * [* {th:insert}] [100]: org.thymeleaf.standard.processor.StandardInsertTagProcessor
[THYMELEAF]             * [* {th:replace}] [100]: org.thymeleaf.standard.processor.StandardReplaceTagProcessor
[THYMELEAF]             * [* {th:each}] [200]: com.intuit.karate.template.KarateEachTagProcessor
[THYMELEAF]             * [* {th:switch}] [250]: org.thymeleaf.standard.processor.StandardSwitchTagProcessor
[THYMELEAF]             * [* {th:case}] [275]: org.thymeleaf.standard.processor.StandardCaseTagProcessor
[THYMELEAF]             * [* {th:if}] [300]: org.thymeleaf.standard.processor.StandardIfTagProcessor
[THYMELEAF]             * [* {th:unless}] [400]: org.thymeleaf.standard.processor.StandardUnlessTagProcessor
[THYMELEAF]             * [* {th:object}] [500]: org.thymeleaf.standard.processor.StandardObjectTagProcessor
[THYMELEAF]             * [* {th:with}] [600]: com.intuit.karate.template.KarateWithTagProcessor
[THYMELEAF]             * [* {th:attr}] [700]: com.intuit.karate.template.KarateAttributeTagProcessor.KarateAttrTagProcessor
[THYMELEAF]             * [* {th:attrappend}] [900]: com.intuit.karate.template.KarateAttributeTagProcessor.KarateAttrappendTagProcessor
[THYMELEAF]             * [* {th:attrprepend}] [900]: com.intuit.karate.template.KarateAttributeTagProcessor.KarateAttrprependTagProcessor
[THYMELEAF]             * [* {th:inline}] [1000]: org.thymeleaf.standard.processor.StandardInlineXMLTagProcessor
[THYMELEAF]             * [* {xmlns:th}] [1000]: org.thymeleaf.standard.processor.StandardXmlNsTagProcessor
[THYMELEAF]             * [* {th:text}] [1300]: org.thymeleaf.standard.processor.StandardTextTagProcessor
[THYMELEAF]             * [* {th:utext}] [1400]: org.thymeleaf.standard.processor.StandardUtextTagProcessor
[THYMELEAF]             * [* {th:fragment}] [1500]: org.thymeleaf.standard.processor.StandardFragmentTagProcessor
[THYMELEAF]             * [* {th:assert}] [1550]: org.thymeleaf.standard.processor.StandardAssertTagProcessor
[THYMELEAF]             * [* {th:remove}] [1600]: org.thymeleaf.standard.processor.StandardRemoveTagProcessor
[THYMELEAF]             * [* {th:ref}] [10000]: org.thymeleaf.standard.processor.StandardRefAttributeTagProcessor
[THYMELEAF]             * [{th:block} *] [100000]: org.thymeleaf.standard.processor.StandardBlockTagProcessor
[THYMELEAF]             * [* th:*] [2147483647]: org.thymeleaf.standard.processor.StandardDefaultAttributesTagProcessor
[THYMELEAF]         * Text Processors by [precedence]:
[THYMELEAF]             * [1000]: org.thymeleaf.standard.processor.StandardInliningTextProcessor
[THYMELEAF]         * CDATA Section Processors by [precedence]:
[THYMELEAF]             * [1000]: org.thymeleaf.standard.processor.StandardInliningCDATASectionProcessor
[THYMELEAF]         * Comment Processors by [precedence]:
[THYMELEAF]             * [1000]: org.thymeleaf.standard.processor.StandardInliningCommentProcessor
[THYMELEAF]     * Processors for Template Mode: TEXT
[THYMELEAF]         * Element Tag Processors by [matching element and attribute name] [precedence]:
[THYMELEAF]             * [* {th:insert}] [100]: org.thymeleaf.standard.processor.StandardInsertTagProcessor
[THYMELEAF]             * [* {th:replace}] [100]: org.thymeleaf.standard.processor.StandardReplaceTagProcessor
[THYMELEAF]             * [* {th:each}] [200]: com.intuit.karate.template.KarateEachTagProcessor
[THYMELEAF]             * [* {th:switch}] [250]: org.thymeleaf.standard.processor.StandardSwitchTagProcessor
[THYMELEAF]             * [* {th:case}] [275]: org.thymeleaf.standard.processor.StandardCaseTagProcessor
[THYMELEAF]             * [* {th:if}] [300]: org.thymeleaf.standard.processor.StandardIfTagProcessor
[THYMELEAF]             * [* {th:unless}] [400]: org.thymeleaf.standard.processor.StandardUnlessTagProcessor
[THYMELEAF]             * [* {th:object}] [500]: org.thymeleaf.standard.processor.StandardObjectTagProcessor
[THYMELEAF]             * [* {th:with}] [600]: com.intuit.karate.template.KarateWithTagProcessor
[THYMELEAF]             * [* {th:inline}] [1000]: org.thymeleaf.standard.processor.StandardInlineTextualTagProcessor
[THYMELEAF]             * [* {th:text}] [1300]: org.thymeleaf.standard.processor.StandardTextTagProcessor
[THYMELEAF]             * [* {th:utext}] [1400]: org.thymeleaf.standard.processor.StandardUtextTagProcessor
[THYMELEAF]             * [* {th:assert}] [1550]: org.thymeleaf.standard.processor.StandardAssertTagProcessor
[THYMELEAF]             * [* {th:remove}] [1600]: org.thymeleaf.standard.processor.StandardRemoveTagProcessor
[THYMELEAF]             * [* 100000] [org.thymeleaf.standard.processor.StandardBlockTagProcessor]: {}
[THYMELEAF]             * [{th:block} *] [100000]: org.thymeleaf.standard.processor.StandardBlockTagProcessor
[THYMELEAF]         * Text Processors by [precedence]:
[THYMELEAF]             * [1000]: org.thymeleaf.standard.processor.StandardInliningTextProcessor
[THYMELEAF]     * Processors for Template Mode: JAVASCRIPT
[THYMELEAF]         * Element Tag Processors by [matching element and attribute name] [precedence]:
[THYMELEAF]             * [* {th:insert}] [100]: org.thymeleaf.standard.processor.StandardInsertTagProcessor
[THYMELEAF]             * [* {th:replace}] [100]: org.thymeleaf.standard.processor.StandardReplaceTagProcessor
[THYMELEAF]             * [* {th:each}] [200]: com.intuit.karate.template.KarateEachTagProcessor
[THYMELEAF]             * [* {th:switch}] [250]: org.thymeleaf.standard.processor.StandardSwitchTagProcessor
[THYMELEAF]             * [* {th:case}] [275]: org.thymeleaf.standard.processor.StandardCaseTagProcessor
[THYMELEAF]             * [* {th:if}] [300]: org.thymeleaf.standard.processor.StandardIfTagProcessor
[THYMELEAF]             * [* {th:unless}] [400]: org.thymeleaf.standard.processor.StandardUnlessTagProcessor
[THYMELEAF]             * [* {th:object}] [500]: org.thymeleaf.standard.processor.StandardObjectTagProcessor
[THYMELEAF]             * [* {th:with}] [600]: com.intuit.karate.template.KarateWithTagProcessor
[THYMELEAF]             * [* {th:inline}] [1000]: org.thymeleaf.standard.processor.StandardInlineTextualTagProcessor
[THYMELEAF]             * [* {th:text}] [1300]: org.thymeleaf.standard.processor.StandardTextTagProcessor
[THYMELEAF]             * [* {th:utext}] [1400]: org.thymeleaf.standard.processor.StandardUtextTagProcessor
[THYMELEAF]             * [* {th:assert}] [1550]: org.thymeleaf.standard.processor.StandardAssertTagProcessor
[THYMELEAF]             * [* {th:remove}] [1600]: org.thymeleaf.standard.processor.StandardRemoveTagProcessor
[THYMELEAF]             * [{th:block} *] [100000]: org.thymeleaf.standard.processor.StandardBlockTagProcessor
[THYMELEAF]             * [* 100000] [org.thymeleaf.standard.processor.StandardBlockTagProcessor]: {}
[THYMELEAF]         * Text Processors by [precedence]:
[THYMELEAF]             * [1000]: org.thymeleaf.standard.processor.StandardInliningTextProcessor
[THYMELEAF]     * Processors for Template Mode: CSS
[THYMELEAF]         * Element Tag Processors by [matching element and attribute name] [precedence]:
[THYMELEAF]             * [* {th:insert}] [100]: org.thymeleaf.standard.processor.StandardInsertTagProcessor
[THYMELEAF]             * [* {th:replace}] [100]: org.thymeleaf.standard.processor.StandardReplaceTagProcessor
[THYMELEAF]             * [* {th:each}] [200]: com.intuit.karate.template.KarateEachTagProcessor
[THYMELEAF]             * [* {th:switch}] [250]: org.thymeleaf.standard.processor.StandardSwitchTagProcessor
[THYMELEAF]             * [* {th:case}] [275]: org.thymeleaf.standard.processor.StandardCaseTagProcessor
[THYMELEAF]             * [* {th:if}] [300]: org.thymeleaf.standard.processor.StandardIfTagProcessor
[THYMELEAF]             * [* {th:unless}] [400]: org.thymeleaf.standard.processor.StandardUnlessTagProcessor
[THYMELEAF]             * [* {th:object}] [500]: org.thymeleaf.standard.processor.StandardObjectTagProcessor
[THYMELEAF]             * [* {th:with}] [600]: com.intuit.karate.template.KarateWithTagProcessor
[THYMELEAF]             * [* {th:inline}] [1000]: org.thymeleaf.standard.processor.StandardInlineTextualTagProcessor
[THYMELEAF]             * [* {th:text}] [1300]: org.thymeleaf.standard.processor.StandardTextTagProcessor
[THYMELEAF]             * [* {th:utext}] [1400]: org.thymeleaf.standard.processor.StandardUtextTagProcessor
[THYMELEAF]             * [* {th:assert}] [1550]: org.thymeleaf.standard.processor.StandardAssertTagProcessor
[THYMELEAF]             * [* {th:remove}] [1600]: org.thymeleaf.standard.processor.StandardRemoveTagProcessor
[THYMELEAF]             * [* 100000] [org.thymeleaf.standard.processor.StandardBlockTagProcessor]: {}
[THYMELEAF]             * [{th:block} *] [100000]: org.thymeleaf.standard.processor.StandardBlockTagProcessor
[THYMELEAF]         * Text Processors by [precedence]:
[THYMELEAF]             * [1000]: org.thymeleaf.standard.processor.StandardInliningTextProcessor
[THYMELEAF]     * Expression Objects:
[THYMELEAF]         * #ctx
[THYMELEAF]         * #root
[THYMELEAF]         * #vars
[THYMELEAF]         * #object
[THYMELEAF]         * #locale
[THYMELEAF]         * #conversions
[THYMELEAF]         * #uris
[THYMELEAF]         * #temporals
[THYMELEAF]         * #calendars
[THYMELEAF]         * #dates
[THYMELEAF]         * #bools
[THYMELEAF]         * #numbers
[THYMELEAF]         * #objects
[THYMELEAF]         * #strings
[THYMELEAF]         * #arrays
[THYMELEAF]         * #lists
[THYMELEAF]         * #sets
[THYMELEAF]         * #maps
[THYMELEAF]         * #aggregates
[THYMELEAF]         * #messages
[THYMELEAF]         * #ids
[THYMELEAF]         * #execInfo
[THYMELEAF]         * #request
[THYMELEAF]         * #response
[THYMELEAF]         * #session
[THYMELEAF]         * #servletContext
[THYMELEAF]     * Execution Attributes:
[THYMELEAF]         * "StandardExpressionParser": com.intuit.karate.template.KarateStandardDialect@98722ef
[THYMELEAF]         * "StandardJavaScriptSerializer": org.thymeleaf.standard.serializer.StandardJavaScriptSerializer@2b058bfd
[THYMELEAF]         * "StandardCSSSerializer": org.thymeleaf.standard.serializer.StandardCSSSerializer@4805069b
[THYMELEAF]         * "StandardVariableExpressionEvaluator": com.intuit.karate.template.KarateStandardDialect@98722ef
[THYMELEAF]         * "StandardConversionService": org.thymeleaf.standard.expression.StandardConversionService@14ca88bc
[THYMELEAF] * Dialect [2 of 2]: karate (com.intuit.karate.template.KarateScriptDialect)
[THYMELEAF]     * Prefix: "ka"
[THYMELEAF]     * Processors for Template Mode: HTML
[THYMELEAF]         * Element Tag Processors by [matching element and attribute name] [precedence]:
[THYMELEAF]             * [* {src}] [1000]: com.intuit.karate.template.KaScriptAttrProcessor
[THYMELEAF]         * Element Model Processors by [matching element and attribute name] [precedence]:
[THYMELEAF]             * [{script} {ka:scope,data-ka-scope}] [1000]: com.intuit.karate.template.KaScriptElemProcessor
[THYMELEAF]             * [* {ka:set,data-ka-set}] [1000]: com.intuit.karate.template.KaSetElemProcessor
[THYMELEAF] TEMPLATE ENGINE CONFIGURED OK
23:46:05.775 [main] DEBUG org.thymeleaf.TemplateEngine -- [THYMELEAF] TEMPLATE ENGINE INITIALIZED
23:46:05.780 [main] DEBUG org.thymeleaf.TemplateEngine -- [THYMELEAF] INITIALIZING TEMPLATE ENGINE
23:46:05.792 [main] DEBUG org.thymeleaf.TemplateEngine.CONFIG -- Initializing Thymeleaf Template engine configuration...
[THYMELEAF] TEMPLATE ENGINE CONFIGURATION:
[THYMELEAF] * Thymeleaf version: 3.1.2.RELEASE (built 2023-07-30T19:25:50+0000)
[THYMELEAF] * Cache Manager implementation: org.thymeleaf.cache.StandardCacheManager
[THYMELEAF] * Template resolvers:
[THYMELEAF]     * [1] com.intuit.karate.template.ResourceHtmlTemplateResolver
[THYMELEAF] * Message resolvers:
[THYMELEAF]     * org.thymeleaf.messageresolver.StandardMessageResolver
[THYMELEAF] * Link builders:
[THYMELEAF]     * org.thymeleaf.linkbuilder.StandardLinkBuilder
[THYMELEAF] * Dialect [1 of 2]: Standard (com.intuit.karate.template.KarateStandardDialect)
[THYMELEAF]     * Prefix: "th"
[THYMELEAF]     * Processors for Template Mode: HTML
[THYMELEAF]         * Element Tag Processors by [matching element and attribute name] [precedence]:
[THYMELEAF]             * [* {th:include,data-th-include}] [100]: org.thymeleaf.standard.processor.StandardIncludeTagProcessor
[THYMELEAF]             * [* {th:insert,data-th-insert}] [100]: org.thymeleaf.standard.processor.StandardInsertTagProcessor
[THYMELEAF]             * [* {th:replace,data-th-replace}] [100]: org.thymeleaf.standard.processor.StandardReplaceTagProcessor
[THYMELEAF]             * [* {th:each,data-th-each}] [200]: com.intuit.karate.template.KarateEachTagProcessor
[THYMELEAF]             * [* {th:switch,data-th-switch}] [250]: org.thymeleaf.standard.processor.StandardSwitchTagProcessor
[THYMELEAF]             * [* {th:case,data-th-case}] [275]: org.thymeleaf.standard.processor.StandardCaseTagProcessor
[THYMELEAF]             * [* {th:if,data-th-if}] [300]: org.thymeleaf.standard.processor.StandardIfTagProcessor
[THYMELEAF]             * [* {th:unless,data-th-unless}] [400]: org.thymeleaf.standard.processor.StandardUnlessTagProcessor
[THYMELEAF]             * [* {th:object,data-th-object}] [500]: org.thymeleaf.standard.processor.StandardObjectTagProcessor
[THYMELEAF]             * [* {th:with,data-th-with}] [600]: com.intuit.karate.template.KarateWithTagProcessor
[THYMELEAF]             * [* {th:attr,data-th-attr}] [700]: com.intuit.karate.template.KarateAttributeTagProcessor.KarateAttrTagProcessor
[THYMELEAF]             * [* {th:attrappend,data-th-attrappend}] [900]: com.intuit.karate.template.KarateAttributeTagProcessor.KarateAttrappendTagProcessor
[THYMELEAF]             * [* {th:attrprepend,data-th-attrprepend}] [900]: com.intuit.karate.template.KarateAttributeTagProcessor.KarateAttrprependTagProcessor
[THYMELEAF]             * [* {th:alt-title,data-th-alt-title}] [990]: org.thymeleaf.standard.processor.StandardAltTitleTagProcessor
[THYMELEAF]             * [* {th:lang-xmllang,data-th-lang-xmllang}] [990]: org.thymeleaf.standard.processor.StandardLangXmlLangTagProcessor
[THYMELEAF]             * [* {th:action,data-th-action}] [1000]: org.thymeleaf.standard.processor.StandardActionTagProcessor
[THYMELEAF]             * [* {th:defer,data-th-defer}] [1000]: org.thymeleaf.standard.processor.StandardConditionalFixedValueTagProcessor
[THYMELEAF]             * [* {th:formnovalidate,data-th-formnovalidate}] [1000]: org.thymeleaf.standard.processor.StandardConditionalFixedValueTagProcessor
[THYMELEAF]             * [* {th:autoplay,data-th-autoplay}] [1000]: org.thymeleaf.standard.processor.StandardConditionalFixedValueTagProcessor
[THYMELEAF]             * [* {th:hidden,data-th-hidden}] [1000]: org.thymeleaf.standard.processor.StandardConditionalFixedValueTagProcessor
[THYMELEAF]             * [* {th:reversed,data-th-reversed}] [1000]: org.thymeleaf.standard.processor.StandardConditionalFixedValueTagProcessor
[THYMELEAF]             * [* {th:open,data-th-open}] [1000]: org.thymeleaf.standard.processor.StandardConditionalFixedValueTagProcessor
[THYMELEAF]             * [* {th:multiple,data-th-multiple}] [1000]: org.thymeleaf.standard.processor.StandardConditionalFixedValueTagProcessor
[THYMELEAF]             * [* {th:required,data-th-required}] [1000]: org.thymeleaf.standard.processor.StandardConditionalFixedValueTagProcessor
[THYMELEAF]             * [* {th:scoped,data-th-scoped}] [1000]: org.thymeleaf.standard.processor.StandardConditionalFixedValueTagProcessor
[THYMELEAF]             * [* {th:default,data-th-default}] [1000]: org.thymeleaf.standard.processor.StandardConditionalFixedValueTagProcessor
[THYMELEAF]             * [* {th:readonly,data-th-readonly}] [1000]: org.thymeleaf.standard.processor.StandardConditionalFixedValueTagProcessor
[THYMELEAF]             * [* {th:disabled,data-th-disabled}] [1000]: org.thymeleaf.standard.processor.StandardConditionalFixedValueTagProcessor
[THYMELEAF]             * [* {th:nowrap,data-th-nowrap}] [1000]: org.thymeleaf.standard.processor.StandardConditionalFixedValueTagProcessor
[THYMELEAF]             * [* {th:selected,data-th-selected}] [1000]: org.thymeleaf.standard.processor.StandardConditionalFixedValueTagProcessor
[THYMELEAF]             * [* {th:pubdate,data-th-pubdate}] [1000]: org.thymeleaf.standard.processor.StandardConditionalFixedValueTagProcessor
[THYMELEAF]             * [* {th:novalidate,data-th-novalidate}] [1000]: org.thymeleaf.standard.processor.StandardConditionalFixedValueTagProcessor
[THYMELEAF]             * [* {th:checked,data-th-checked}] [1000]: org.thymeleaf.standard.processor.StandardConditionalFixedValueTagProcessor
[THYMELEAF]             * [* {th:ismap,data-th-ismap}] [1000]: org.thymeleaf.standard.processor.StandardConditionalFixedValueTagProcessor
[THYMELEAF]             * [* {th:async,data-th-async}] [1000]: org.thymeleaf.standard.processor.StandardConditionalFixedValueTagProcessor
[THYMELEAF]             * [* {th:autofocus,data-th-autofocus}] [1000]: org.thymeleaf.standard.processor.StandardConditionalFixedValueTagProcessor
[THYMELEAF]             * [* {th:controls,data-th-controls}] [1000]: org.thymeleaf.standard.processor.StandardConditionalFixedValueTagProcessor
[THYMELEAF]             * [* {th:declare,data-th-declare}] [1000]: org.thymeleaf.standard.processor.StandardConditionalFixedValueTagProcessor
[THYMELEAF]             * [* {th:loop,data-th-loop}] [1000]: org.thymeleaf.standard.processor.StandardConditionalFixedValueTagProcessor
[THYMELEAF]             * [* {th:seamless,data-th-seamless}] [1000]: org.thymeleaf.standard.processor.StandardConditionalFixedValueTagProcessor
[THYMELEAF]             * [* {th:onmessage,data-th-onmessage}] [1000]: org.thymeleaf.standard.processor.StandardDOMEventAttributeTagProcessor
[THYMELEAF]             * [* {th:ondrag,data-th-ondrag}] [1000]: org.thymeleaf.standard.processor.StandardDOMEventAttributeTagProcessor
[THYMELEAF]             * [* {th:onstalled,data-th-onstalled}] [1000]: org.thymeleaf.standard.processor.StandardDOMEventAttributeTagProcessor
[THYMELEAF]             * [* {th:onvolumechange,data-th-onvolumechange}] [1000]: org.thymeleaf.standard.processor.StandardDOMEventAttributeTagProcessor
[THYMELEAF]             * [* {th:onforminput,data-th-onforminput}] [1000]: org.thymeleaf.standard.processor.StandardDOMEventAttributeTagProcessor
[THYMELEAF]             * [* {th:onselect,data-th-onselect}] [1000]: org.thymeleaf.standard.processor.StandardDOMEventAttributeTagProcessor
[THYMELEAF]             * [* {th:onclick,data-th-onclick}] [1000]: org.thymeleaf.standard.processor.StandardDOMEventAttributeTagProcessor
[THYMELEAF]             * [* {th:onerror,data-th-onerror}] [1000]: org.thymeleaf.standard.processor.StandardDOMEventAttributeTagProcessor
[THYMELEAF]             * [* {th:ondragstart,data-th-ondragstart}] [1000]: org.thymeleaf.standard.processor.StandardDOMEventAttributeTagProcessor
[THYMELEAF]             * [* {th:ondrop,data-th-ondrop}] [1000]: org.thymeleaf.standard.processor.StandardDOMEventAttributeTagProcessor
[THYMELEAF]             * [* {th:onplaying,data-th-onplaying}] [1000]: org.thymeleaf.standard.processor.StandardDOMEventAttributeTagProcessor
[THYMELEAF]             * [* {th:onmouseover,data-th-onmouseover}] [1000]: org.thymeleaf.standard.processor.StandardDOMEventAttributeTagProcessor
[THYMELEAF]             * [* {th:oncanplay,data-th-oncanplay}] [1000]: org.thymeleaf.standard.processor.StandardDOMEventAttributeTagProcessor
[THYMELEAF]             * [* {th:onmouseup,data-th-onmouseup}] [1000]: org.thymeleaf.standard.processor.StandardDOMEventAttributeTagProcessor
[THYMELEAF]             * [* {th:ondragend,data-th-ondragend}] [1000]: org.thymeleaf.standard.processor.StandardDOMEventAttributeTagProcessor
[THYMELEAF]             * [* {th:onwaiting,data-th-onwaiting}] [1000]: org.thymeleaf.standard.processor.StandardDOMEventAttributeTagProcessor
[THYMELEAF]             * [* {th:onblur,data-th-onblur}] [1000]: org.thymeleaf.standard.processor.StandardDOMEventAttributeTagProcessor
[THYMELEAF]             * [* {th:onkeydown,data-th-onkeydown}] [1000]: org.thymeleaf.standard.processor.StandardDOMEventAttributeTagProcessor
[THYMELEAF]             * [* {th:onseeked,data-th-onseeked}] [1000]: org.thymeleaf.standard.processor.StandardDOMEventAttributeTagProcessor
[THYMELEAF]             * [* {th:onloadedmetadata,data-th-onloadedmetadata}] [1000]: org.thymeleaf.standard.processor.StandardDOMEventAttributeTagProcessor
[THYMELEAF]             * [* {th:onmouseout,data-th-onmouseout}] [1000]: org.thymeleaf.standard.processor.StandardDOMEventAttributeTagProcessor
[THYMELEAF]             * [* {th:onredo,data-th-onredo}] [1000]: org.thymeleaf.standard.processor.StandardDOMEventAttributeTagProcessor
[THYMELEAF]             * [* {th:oncontextmenu,data-th-oncontextmenu}] [1000]: org.thymeleaf.standard.processor.StandardDOMEventAttributeTagProcessor
[THYMELEAF]             * [* {th:onloadeddata,data-th-onloadeddata}] [1000]: org.thymeleaf.standard.processor.StandardDOMEventAttributeTagProcessor
[THYMELEAF]             * [* {th:onstorage,data-th-onstorage}] [1000]: org.thymeleaf.standard.processor.StandardDOMEventAttributeTagProcessor
[THYMELEAF]             * [* {th:onkeyup,data-th-onkeyup}] [1000]: org.thymeleaf.standard.processor.StandardDOMEventAttributeTagProcessor
[THYMELEAF]             * [* {th:onbeforeunload,data-th-onbeforeunload}] [1000]: org.thymeleaf.standard.processor.StandardDOMEventAttributeTagProcessor
[THYMELEAF]             * [* {th:ondblclick,data-th-ondblclick}] [1000]: org.thymeleaf.standard.processor.StandardDOMEventAttributeTagProcessor
[THYMELEAF]             * [* {th:onformchange,data-th-onformchange}] [1000]: org.thymeleaf.standard.processor.StandardDOMEventAttributeTagProcessor
[THYMELEAF]             * [* {th:onhashchange,data-th-onhashchange}] [1000]: org.thymeleaf.standard.processor.StandardDOMEventAttributeTagProcessor
[THYMELEAF]             * [* {th:onpause,data-th-onpause}] [1000]: org.thymeleaf.standard.processor.StandardDOMEventAttributeTagProcessor
[THYMELEAF]             * [* {th:onundo,data-th-onundo}] [1000]: org.thymeleaf.standard.processor.StandardDOMEventAttributeTagProcessor
[THYMELEAF]             * [* {th:onkeypress,data-th-onkeypress}] [1000]: org.thymeleaf.standard.processor.StandardDOMEventAttributeTagProcessor
[THYMELEAF]             * [* {th:ondragover,data-th-ondragover}] [1000]: org.thymeleaf.standard.processor.StandardDOMEventAttributeTagProcessor
[THYMELEAF]             * [* {th:onload,data-th-onload}] [1000]: org.thymeleaf.standard.processor.StandardDOMEventAttributeTagProcessor
[THYMELEAF]             * [* {th:onscroll,data-th-onscroll}] [1000]: org.thymeleaf.standard.processor.StandardDOMEventAttributeTagProcessor
[THYMELEAF]             * [* {th:onresize,data-th-onresize}] [1000]: org.thymeleaf.standard.processor.StandardDOMEventAttributeTagProcessor
[THYMELEAF]             * [* {th:onemptied,data-th-onemptied}] [1000]: org.thymeleaf.standard.processor.StandardDOMEventAttributeTagProcessor
[THYMELEAF]             * [* {th:ondragleave,data-th-ondragleave}] [1000]: org.thymeleaf.standard.processor.StandardDOMEventAttributeTagProcessor
[THYMELEAF]             * [* {th:onfocus,data-th-onfocus}] [1000]: org.thymeleaf.standard.processor.StandardDOMEventAttributeTagProcessor
[THYMELEAF]             * [* {th:onmousemove,data-th-onmousemove}] [1000]: org.thymeleaf.standard.processor.StandardDOMEventAttributeTagProcessor
[THYMELEAF]             * [* {th:oncanplaythrough,data-th-oncanplaythrough}] [1000]: org.thymeleaf.standard.processor.StandardDOMEventAttributeTagProcessor
[THYMELEAF]             * [* {th:onmousewheel,data-th-onmousewheel}] [1000]: org.thymeleaf.standard.processor.StandardDOMEventAttributeTagProcessor
[THYMELEAF]             * [* {th:onunload,data-th-onunload}] [1000]: org.thymeleaf.standard.processor.StandardDOMEventAttributeTagProcessor
[THYMELEAF]             * [* {th:onbeforeprint,data-th-onbeforeprint}] [1000]: org.thymeleaf.standard.processor.StandardDOMEventAttributeTagProcessor
[THYMELEAF]             * [* {th:onafterprint,data-th-onafterprint}] [1000]: org.thymeleaf.standard.processor.StandardDOMEventAttributeTagProcessor
[THYMELEAF]             * [* {th:onsuspend,data-th-onsuspend}] [1000]: org.thymeleaf.standard.processor.StandardDOMEventAttributeTagProcessor
[THYMELEAF]             * [* {th:onplay,data-th-onplay}] [1000]: org.thymeleaf.standard.processor.StandardDOMEventAttributeTagProcessor
[THYMELEAF]             * [* {th:onpopstate,data-th-onpopstate}] [1000]: org.thymeleaf.standard.processor.StandardDOMEventAttributeTagProcessor
[THYMELEAF]             * [* {th:ononline,data-th-ononline}] [1000]: org.thymeleaf.standard.processor.StandardDOMEventAttributeTagProcessor
[THYMELEAF]             * [* {th:onsubmit,data-th-onsubmit}] [1000]: org.thymeleaf.standard.processor.StandardDOMEventAttributeTagProcessor
[THYMELEAF]             * [* {th:ontimeupdate,data-th-ontimeupdate}] [1000]: org.thymeleaf.standard.processor.StandardDOMEventAttributeTagProcessor
[THYMELEAF]             * [* {th:onmousedown,data-th-onmousedown}] [1000]: org.thymeleaf.standard.processor.StandardDOMEventAttributeTagProcessor
[THYMELEAF]             * [* {th:onshow,data-th-onshow}] [1000]: org.thymeleaf.standard.processor.StandardDOMEventAttributeTagProcessor
[THYMELEAF]             * [* {th:onoffline,data-th-onoffline}] [1000]: org.thymeleaf.standard.processor.StandardDOMEventAttributeTagProcessor
[THYMELEAF]             * [* {th:ondurationchange,data-th-ondurationchange}] [1000]: org.thymeleaf.standard.processor.StandardDOMEventAttributeTagProcessor
[THYMELEAF]             * [* {th:onseeking,data-th-onseeking}] [1000]: org.thymeleaf.standard.processor.StandardDOMEventAttributeTagProcessor
[THYMELEAF]             * [* {th:ondragenter,data-th-ondragenter}] [1000]: org.thymeleaf.standard.processor.StandardDOMEventAttributeTagProcessor
[THYMELEAF]             * [* {th:onratechange,data-th-onratechange}] [1000]: org.thymeleaf.standard.processor.StandardDOMEventAttributeTagProcessor
[THYMELEAF]             * [* {th:oninput,data-th-oninput}] [1000]: org.thymeleaf.standard.processor.StandardDOMEventAttributeTagProcessor
[THYMELEAF]             * [* {th:onreset,data-th-onreset}] [1000]: org.thymeleaf.standard.processor.StandardDOMEventAttributeTagProcessor
[THYMELEAF]             * [* {th:onprogress,data-th-onprogress}] [1000]: org.thymeleaf.standard.processor.StandardDOMEventAttributeTagProcessor
[THYMELEAF]             * [* {th:oninvalid,data-th-oninvalid}] [1000]: org.thymeleaf.standard.processor.StandardDOMEventAttributeTagProcessor
[THYMELEAF]             * [* {th:onabort,data-th-onabort}] [1000]: org.thymeleaf.standard.processor.StandardDOMEventAttributeTagProcessor
[THYMELEAF]             * [* {th:onloadstart,data-th-onloadstart}] [1000]: org.thymeleaf.standard.processor.StandardDOMEventAttributeTagProcessor
[THYMELEAF]             * [* {th:onreadystatechange,data-th-onreadystatechange}] [1000]: org.thymeleaf.standard.processor.StandardDOMEventAttributeTagProcessor
[THYMELEAF]             * [* {th:onended,data-th-onended}] [1000]: org.thymeleaf.standard.processor.StandardDOMEventAttributeTagProcessor
[THYMELEAF]             * [* {th:onchange,data-th-onchange}] [1000]: org.thymeleaf.standard.processor.StandardDOMEventAttributeTagProcessor
[THYMELEAF]             * [* {th:href,data-th-href}] [1000]: org.thymeleaf.standard.processor.StandardHrefTagProcessor
[THYMELEAF]             * [* {th:inline,data-th-inline}] [1000]: org.thymeleaf.standard.processor.StandardInlineHTMLTagProcessor
[THYMELEAF]             * [* {th:method,data-th-method}] [1000]: org.thymeleaf.standard.processor.StandardMethodTagProcessor
[THYMELEAF]             * [* {th:name,data-th-name}] [1000]: org.thymeleaf.standard.processor.StandardNonRemovableAttributeTagProcessor
[THYMELEAF]             * [* {th:type,data-th-type}] [1000]: org.thymeleaf.standard.processor.StandardNonRemovableAttributeTagProcessor
[THYMELEAF]             * [* {th:rel,data-th-rel}] [1000]: org.thymeleaf.standard.processor.StandardRemovableAttributeTagProcessor
[THYMELEAF]             * [* {th:manifest,data-th-manifest}] [1000]: org.thymeleaf.standard.processor.StandardRemovableAttributeTagProcessor
[THYMELEAF]             * [* {th:formaction,data-th-formaction}] [1000]: org.thymeleaf.standard.processor.StandardRemovableAttributeTagProcessor
[THYMELEAF]             * [* {th:charset,data-th-charset}] [1000]: org.thymeleaf.standard.processor.StandardRemovableAttributeTagProcessor
[THYMELEAF]             * [* {th:formmethod,data-th-formmethod}] [1000]: org.thymeleaf.standard.processor.StandardRemovableAttributeTagProcessor
[THYMELEAF]             * [* {th:style,data-th-style}] [1000]: org.thymeleaf.standard.processor.StandardRemovableAttributeTagProcessor
[THYMELEAF]             * [* {th:scope,data-th-scope}] [1000]: org.thymeleaf.standard.processor.StandardRemovableAttributeTagProcessor
[THYMELEAF]             * [* {th:marginwidth,data-th-marginwidth}] [1000]: org.thymeleaf.standard.processor.StandardRemovableAttributeTagProcessor
[THYMELEAF]             * [* {th:accept-charset,data-th-accept-charset}] [1000]: org.thymeleaf.standard.processor.StandardRemovableAttributeTagProcessor
[THYMELEAF]             * [* {th:keytype,data-th-keytype}] [1000]: org.thymeleaf.standard.processor.StandardRemovableAttributeTagProcessor
[THYMELEAF]             * [* {th:tabindex,data-th-tabindex}] [1000]: org.thymeleaf.standard.processor.StandardRemovableAttributeTagProcessor
[THYMELEAF]             * [* {th:challenge,data-th-challenge}] [1000]: org.thymeleaf.standard.processor.StandardRemovableAttributeTagProcessor
[THYMELEAF]             * [* {th:audio,data-th-audio}] [1000]: org.thymeleaf.standard.processor.StandardRemovableAttributeTagProcessor
[THYMELEAF]             * [* {th:min,data-th-min}] [1000]: org.thymeleaf.standard.processor.StandardRemovableAttributeTagProcessor
[THYMELEAF]             * [* {th:sizes,data-th-sizes}] [1000]: org.thymeleaf.standard.processor.StandardRemovableAttributeTagProcessor
[THYMELEAF]             * [* {th:kind,data-th-kind}] [1000]: org.thymeleaf.standard.processor.StandardRemovableAttributeTagProcessor
[THYMELEAF]             * [* {th:http-equiv,data-th-http-equiv}] [1000]: org.thymeleaf.standard.processor.StandardRemovableAttributeTagProcessor
[THYMELEAF]             * [* {th:rules,data-th-rules}] [1000]: org.thymeleaf.standard.processor.StandardRemovableAttributeTagProcessor
[THYMELEAF]             * [* {th:class,data-th-class}] [1000]: org.thymeleaf.standard.processor.StandardRemovableAttributeTagProcessor
[THYMELEAF]             * [* {th:compact,data-th-compact}] [1000]: org.thymeleaf.standard.processor.StandardRemovableAttributeTagProcessor
[THYMELEAF]             * [* {th:size,data-th-size}] [1000]: org.thymeleaf.standard.processor.StandardRemovableAttributeTagProcessor
[THYMELEAF]             * [* {th:content,data-th-content}] [1000]: org.thymeleaf.standard.processor.StandardRemovableAttributeTagProcessor
[THYMELEAF]             * [* {th:target,data-th-target}] [1000]: org.thymeleaf.standard.processor.StandardRemovableAttributeTagProcessor
[THYMELEAF]             * [* {th:vspace,data-th-vspace}] [1000]: org.thymeleaf.standard.processor.StandardRemovableAttributeTagProcessor
[THYMELEAF]             * [* {th:summary,data-th-summary}] [1000]: org.thymeleaf.standard.processor.StandardRemovableAttributeTagProcessor
[THYMELEAF]             * [* {th:rows,data-th-rows}] [1000]: org.thymeleaf.standard.processor.StandardRemovableAttributeTagProcessor
[THYMELEAF]             * [* {th:hreflang,data-th-hreflang}] [1000]: org.thymeleaf.standard.processor.StandardRemovableAttributeTagProcessor
[THYMELEAF]             * [* {th:data,data-th-data}] [1000]: org.thymeleaf.standard.processor.StandardRemovableAttributeTagProcessor
[THYMELEAF]             * [* {th:spellcheck,data-th-spellcheck}] [1000]: org.thymeleaf.standard.processor.StandardRemovableAttributeTagProcessor
[THYMELEAF]             * [* {th:border,data-th-border}] [1000]: org.thymeleaf.standard.processor.StandardRemovableAttributeTagProcessor
[THYMELEAF]             * [* {th:preload,data-th-preload}] [1000]: org.thymeleaf.standard.processor.StandardRemovableAttributeTagProcessor
[THYMELEAF]             * [* {th:valuetype,data-th-valuetype}] [1000]: org.thymeleaf.standard.processor.StandardRemovableAttributeTagProcessor
[THYMELEAF]             * [* {th:alt,data-th-alt}] [1000]: org.thymeleaf.standard.processor.StandardRemovableAttributeTagProcessor
[THYMELEAF]             * [* {th:list,data-th-list}] [1000]: org.thymeleaf.standard.processor.StandardRemovableAttributeTagProcessor
[THYMELEAF]             * [* {th:optimum,data-th-optimum}] [1000]: org.thymeleaf.standard.processor.StandardRemovableAttributeTagProcessor
[THYMELEAF]             * [* {th:span,data-th-span}] [1000]: org.thymeleaf.standard.processor.StandardRemovableAttributeTagProcessor
[THYMELEAF]             * [* {th:contextmenu,data-th-contextmenu}] [1000]: org.thymeleaf.standard.processor.StandardRemovableAttributeTagProcessor
[THYMELEAF]             * [* {th:dropzone,data-th-dropzone}] [1000]: org.thymeleaf.standard.processor.StandardRemovableAttributeTagProcessor
[THYMELEAF]             * [* {th:lang,data-th-lang}] [1000]: org.thymeleaf.standard.processor.StandardRemovableAttributeTagProcessor
[THYMELEAF]             * [* {th:standby,data-th-standby}] [1000]: org.thymeleaf.standard.processor.StandardRemovableAttributeTagProcessor
[THYMELEAF]             * [* {th:start,data-th-start}] [1000]: org.thymeleaf.standard.processor.StandardRemovableAttributeTagProcessor
[THYMELEAF]             * [* {th:max,data-th-max}] [1000]: org.thymeleaf.standard.processor.StandardRemovableAttributeTagProcessor
[THYMELEAF]             * [* {th:height,data-th-height}] [1000]: org.thymeleaf.standard.processor.StandardRemovableAttributeTagProcessor
[THYMELEAF]             * [* {th:radiogroup,data-th-radiogroup}] [1000]: org.thymeleaf.standard.processor.StandardRemovableAttributeTagProcessor
[THYMELEAF]             * [* {th:accesskey,data-th-accesskey}] [1000]: org.thymeleaf.standard.processor.StandardRemovableAttributeTagProcessor
[THYMELEAF]             * [* {th:wrap,data-th-wrap}] [1000]: org.thymeleaf.standard.processor.StandardRemovableAttributeTagProcessor
[THYMELEAF]             * [* {th:dir,data-th-dir}] [1000]: org.thymeleaf.standard.processor.StandardRemovableAttributeTagProcessor
[THYMELEAF]             * [* {th:classid,data-th-classid}] [1000]: org.thymeleaf.standard.processor.StandardRemovableAttributeTagProcessor
[THYMELEAF]             * [* {th:formenctype,data-th-formenctype}] [1000]: org.thymeleaf.standard.processor.StandardRemovableAttributeTagProcessor
[THYMELEAF]             * [* {th:datetime,data-th-datetime}] [1000]: org.thymeleaf.standard.processor.StandardRemovableAttributeTagProcessor
[THYMELEAF]             * [* {th:icon,data-th-icon}] [1000]: org.thymeleaf.standard.processor.StandardRemovableAttributeTagProcessor
[THYMELEAF]             * [* {th:pattern,data-th-pattern}] [1000]: org.thymeleaf.standard.processor.StandardRemovableAttributeTagProcessor
[THYMELEAF]             * [* {th:poster,data-th-poster}] [1000]: org.thymeleaf.standard.processor.StandardRemovableAttributeTagProcessor
[THYMELEAF]             * [* {th:scheme,data-th-scheme}] [1000]: org.thymeleaf.standard.processor.StandardRemovableAttributeTagProcessor
[THYMELEAF]             * [* {th:placeholder,data-th-placeholder}] [1000]: org.thymeleaf.standard.processor.StandardRemovableAttributeTagProcessor
[THYMELEAF]             * [* {th:marginheight,data-th-marginheight}] [1000]: org.thymeleaf.standard.processor.StandardRemovableAttributeTagProcessor
[THYMELEAF]             * [* {th:colspan,data-th-colspan}] [1000]: org.thymeleaf.standard.processor.StandardRemovableAttributeTagProcessor
[THYMELEAF]             * [* {th:srclang,data-th-srclang}] [1000]: org.thymeleaf.standard.processor.StandardRemovableAttributeTagProcessor
[THYMELEAF]             * [* {th:accept,data-th-accept}] [1000]: org.thymeleaf.standard.processor.StandardRemovableAttributeTagProcessor
[THYMELEAF]             * [* {th:axis,data-th-axis}] [1000]: org.thymeleaf.standard.processor.StandardRemovableAttributeTagProcessor
[THYMELEAF]             * [* {th:scrolling,data-th-scrolling}] [1000]: org.thymeleaf.standard.processor.StandardRemovableAttributeTagProcessor
[THYMELEAF]             * [* {th:width,data-th-width}] [1000]: org.thymeleaf.standard.processor.StandardRemovableAttributeTagProcessor
[THYMELEAF]             * [* {th:codetype,data-th-codetype}] [1000]: org.thymeleaf.standard.processor.StandardRemovableAttributeTagProcessor
[THYMELEAF]             * [* {th:rev,data-th-rev}] [1000]: org.thymeleaf.standard.processor.StandardRemovableAttributeTagProcessor
[THYMELEAF]             * [* {th:maxlength,data-th-maxlength}] [1000]: org.thymeleaf.standard.processor.StandardRemovableAttributeTagProcessor
[THYMELEAF]             * [* {th:enctype,data-th-enctype}] [1000]: org.thymeleaf.standard.processor.StandardRemovableAttributeTagProcessor
[THYMELEAF]             * [* {th:rowspan,data-th-rowspan}] [1000]: org.thymeleaf.standard.processor.StandardRemovableAttributeTagProcessor
[THYMELEAF]             * [* {th:codebase,data-th-codebase}] [1000]: org.thymeleaf.standard.processor.StandardRemovableAttributeTagProcessor
[THYMELEAF]             * [* {th:draggable,data-th-draggable}] [1000]: org.thymeleaf.standard.processor.StandardRemovableAttributeTagProcessor
[THYMELEAF]             * [* {th:align,data-th-align}] [1000]: org.thymeleaf.standard.processor.StandardRemovableAttributeTagProcessor
[THYMELEAF]             * [* {th:background,data-th-background}] [1000]: org.thymeleaf.standard.processor.StandardRemovableAttributeTagProcessor
[THYMELEAF]             * [* {th:for,data-th-for}] [1000]: org.thymeleaf.standard.processor.StandardRemovableAttributeTagProcessor
[THYMELEAF]             * [* {th:contenteditable,data-th-contenteditable}] [1000]: org.thymeleaf.standard.processor.StandardRemovableAttributeTagProcessor
[THYMELEAF]             * [* {th:formtarget,data-th-formtarget}] [1000]: org.thymeleaf.standard.processor.StandardRemovableAttributeTagProcessor
[THYMELEAF]             * [* {th:headers,data-th-headers}] [1000]: org.thymeleaf.standard.processor.StandardRemovableAttributeTagProcessor
[THYMELEAF]             * [* {th:hspace,data-th-hspace}] [1000]: org.thymeleaf.standard.processor.StandardRemovableAttributeTagProcessor
[THYMELEAF]             * [* {th:cols,data-th-cols}] [1000]: org.thymeleaf.standard.processor.StandardRemovableAttributeTagProcessor
[THYMELEAF]             * [* {th:step,data-th-step}] [1000]: org.thymeleaf.standard.processor.StandardRemovableAttributeTagProcessor
[THYMELEAF]             * [* {th:cite,data-th-cite}] [1000]: org.thymeleaf.standard.processor.StandardRemovableAttributeTagProcessor
[THYMELEAF]             * [* {th:cellspacing,data-th-cellspacing}] [1000]: org.thymeleaf.standard.processor.StandardRemovableAttributeTagProcessor
[THYMELEAF]             * [* {th:media,data-th-media}] [1000]: org.thymeleaf.standard.processor.StandardRemovableAttributeTagProcessor
[THYMELEAF]             * [* {th:abbr,data-th-abbr}] [1000]: org.thymeleaf.standard.processor.StandardRemovableAttributeTagProcessor
[THYMELEAF]             * [* {th:high,data-th-high}] [1000]: org.thymeleaf.standard.processor.StandardRemovableAttributeTagProcessor
[THYMELEAF]             * [* {th:title,data-th-title}] [1000]: org.thymeleaf.standard.processor.StandardRemovableAttributeTagProcessor
[THYMELEAF]             * [* {th:bgcolor,data-th-bgcolor}] [1000]: org.thymeleaf.standard.processor.StandardRemovableAttributeTagProcessor
[THYMELEAF]             * [* {th:longdesc,data-th-longdesc}] [1000]: org.thymeleaf.standard.processor.StandardRemovableAttributeTagProcessor
[THYMELEAF]             * [* {th:archive,data-th-archive}] [1000]: org.thymeleaf.standard.processor.StandardRemovableAttributeTagProcessor
[THYMELEAF]             * [* {th:sandbox,data-th-sandbox}] [1000]: org.thymeleaf.standard.processor.StandardRemovableAttributeTagProcessor
[THYMELEAF]             * [* {th:form,data-th-form}] [1000]: org.thymeleaf.standard.processor.StandardRemovableAttributeTagProcessor
[THYMELEAF]             * [* {th:usemap,data-th-usemap}] [1000]: org.thymeleaf.standard.processor.StandardRemovableAttributeTagProcessor
[THYMELEAF]             * [* {th:low,data-th-low}] [1000]: org.thymeleaf.standard.processor.StandardRemovableAttributeTagProcessor
[THYMELEAF]             * [* {th:frame,data-th-frame}] [1000]: org.thymeleaf.standard.processor.StandardRemovableAttributeTagProcessor
[THYMELEAF]             * [* {th:id,data-th-id}] [1000]: org.thymeleaf.standard.processor.StandardRemovableAttributeTagProcessor
[THYMELEAF]             * [* {th:cellpadding,data-th-cellpadding}] [1000]: org.thymeleaf.standard.processor.StandardRemovableAttributeTagProcessor
[THYMELEAF]             * [* {th:autocomplete,data-th-autocomplete}] [1000]: org.thymeleaf.standard.processor.StandardRemovableAttributeTagProcessor
[THYMELEAF]             * [* {th:label,data-th-label}] [1000]: org.thymeleaf.standard.processor.StandardRemovableAttributeTagProcessor
[THYMELEAF]             * [* {th:frameborder,data-th-frameborder}] [1000]: org.thymeleaf.standard.processor.StandardRemovableAttributeTagProcessor
[THYMELEAF]             * [* {th:src,data-th-src}] [1000]: org.thymeleaf.standard.processor.StandardSrcTagProcessor
[THYMELEAF]             * [* {th:value,data-th-value}] [1000]: org.thymeleaf.standard.processor.StandardValueTagProcessor
[THYMELEAF]             * [* {th:xmlbase,data-th-xmlbase}] [1000]: org.thymeleaf.standard.processor.StandardXmlBaseTagProcessor
[THYMELEAF]             * [* {th:xmllang,data-th-xmllang}] [1000]: org.thymeleaf.standard.processor.StandardXmlLangTagProcessor
[THYMELEAF]             * [* {xmlns:th}] [1000]: org.thymeleaf.standard.processor.StandardXmlNsTagProcessor
[THYMELEAF]             * [* {th:xmlspace,data-th-xmlspace}] [1000]: org.thymeleaf.standard.processor.StandardXmlSpaceTagProcessor
[THYMELEAF]             * [* {th:classappend,data-th-classappend}] [1100]: org.thymeleaf.standard.processor.StandardClassappendTagProcessor
[THYMELEAF]             * [* {th:styleappend,data-th-styleappend}] [1100]: org.thymeleaf.standard.processor.StandardStyleappendTagProcessor
[THYMELEAF]             * [* {th:text,data-th-text}] [1300]: org.thymeleaf.standard.processor.StandardTextTagProcessor
[THYMELEAF]             * [* {th:utext,data-th-utext}] [1400]: org.thymeleaf.standard.processor.StandardUtextTagProcessor
[THYMELEAF]             * [* {th:fragment,data-th-fragment}] [1500]: org.thymeleaf.standard.processor.StandardFragmentTagProcessor
[THYMELEAF]             * [* {th:assert,data-th-assert}] [1550]: org.thymeleaf.standard.processor.StandardAssertTagProcessor
[THYMELEAF]             * [* {th:remove,data-th-remove}] [1600]: org.thymeleaf.standard.processor.StandardRemoveTagProcessor
[THYMELEAF]             * [* {th:ref,data-th-ref}] [10000]: org.thymeleaf.standard.processor.StandardRefAttributeTagProcessor
[THYMELEAF]             * [{th:block,th-block} *] [100000]: org.thymeleaf.standard.processor.StandardBlockTagProcessor
[THYMELEAF]             * [* th:*] [2147483647]: org.thymeleaf.standard.processor.StandardDefaultAttributesTagProcessor
[THYMELEAF]         * Text Processors by [precedence]:
[THYMELEAF]             * [1000]: org.thymeleaf.standard.processor.StandardInliningTextProcessor
[THYMELEAF]         * DOCTYPE Processors by [precedence]:
[THYMELEAF]             * [1000]: org.thymeleaf.standard.processor.StandardTranslationDocTypeProcessor
[THYMELEAF]         * CDATA Section Processors by [precedence]:
[THYMELEAF]             * [1000]: org.thymeleaf.standard.processor.StandardInliningCDATASectionProcessor
[THYMELEAF]         * Comment Processors by [precedence]:
[THYMELEAF]             * [1000]: org.thymeleaf.standard.processor.StandardInliningCommentProcessor
[THYMELEAF]             * [1100]: org.thymeleaf.standard.processor.StandardConditionalCommentProcessor
[THYMELEAF]     * Processors for Template Mode: XML
[THYMELEAF]         * Element Tag Processors by [matching element and attribute name] [precedence]:
[THYMELEAF]             * [* {th:include}] [100]: org.thymeleaf.standard.processor.StandardIncludeTagProcessor
[THYMELEAF]             * [* {th:insert}] [100]: org.thymeleaf.standard.processor.StandardInsertTagProcessor
[THYMELEAF]             * [* {th:replace}] [100]: org.thymeleaf.standard.processor.StandardReplaceTagProcessor
[THYMELEAF]             * [* {th:each}] [200]: com.intuit.karate.template.KarateEachTagProcessor
[THYMELEAF]             * [* {th:switch}] [250]: org.thymeleaf.standard.processor.StandardSwitchTagProcessor
[THYMELEAF]             * [* {th:case}] [275]: org.thymeleaf.standard.processor.StandardCaseTagProcessor
[THYMELEAF]             * [* {th:if}] [300]: org.thymeleaf.standard.processor.StandardIfTagProcessor
[THYMELEAF]             * [* {th:unless}] [400]: org.thymeleaf.standard.processor.StandardUnlessTagProcessor
[THYMELEAF]             * [* {th:object}] [500]: org.thymeleaf.standard.processor.StandardObjectTagProcessor
[THYMELEAF]             * [* {th:with}] [600]: com.intuit.karate.template.KarateWithTagProcessor
[THYMELEAF]             * [* {th:attr}] [700]: com.intuit.karate.template.KarateAttributeTagProcessor.KarateAttrTagProcessor
[THYMELEAF]             * [* {th:attrappend}] [900]: com.intuit.karate.template.KarateAttributeTagProcessor.KarateAttrappendTagProcessor
[THYMELEAF]             * [* {th:attrprepend}] [900]: com.intuit.karate.template.KarateAttributeTagProcessor.KarateAttrprependTagProcessor
[THYMELEAF]             * [* {th:inline}] [1000]: org.thymeleaf.standard.processor.StandardInlineXMLTagProcessor
[THYMELEAF]             * [* {xmlns:th}] [1000]: org.thymeleaf.standard.processor.StandardXmlNsTagProcessor
[THYMELEAF]             * [* {th:text}] [1300]: org.thymeleaf.standard.processor.StandardTextTagProcessor
[THYMELEAF]             * [* {th:utext}] [1400]: org.thymeleaf.standard.processor.StandardUtextTagProcessor
[THYMELEAF]             * [* {th:fragment}] [1500]: org.thymeleaf.standard.processor.StandardFragmentTagProcessor
[THYMELEAF]             * [* {th:assert}] [1550]: org.thymeleaf.standard.processor.StandardAssertTagProcessor
[THYMELEAF]             * [* {th:remove}] [1600]: org.thymeleaf.standard.processor.StandardRemoveTagProcessor
[THYMELEAF]             * [* {th:ref}] [10000]: org.thymeleaf.standard.processor.StandardRefAttributeTagProcessor
[THYMELEAF]             * [{th:block} *] [100000]: org.thymeleaf.standard.processor.StandardBlockTagProcessor
[THYMELEAF]             * [* th:*] [2147483647]: org.thymeleaf.standard.processor.StandardDefaultAttributesTagProcessor
[THYMELEAF]         * Text Processors by [precedence]:
[THYMELEAF]             * [1000]: org.thymeleaf.standard.processor.StandardInliningTextProcessor
[THYMELEAF]         * CDATA Section Processors by [precedence]:
[THYMELEAF]             * [1000]: org.thymeleaf.standard.processor.StandardInliningCDATASectionProcessor
[THYMELEAF]         * Comment Processors by [precedence]:
[THYMELEAF]             * [1000]: org.thymeleaf.standard.processor.StandardInliningCommentProcessor
[THYMELEAF]     * Processors for Template Mode: TEXT
[THYMELEAF]         * Element Tag Processors by [matching element and attribute name] [precedence]:
[THYMELEAF]             * [* {th:insert}] [100]: org.thymeleaf.standard.processor.StandardInsertTagProcessor
[THYMELEAF]             * [* {th:replace}] [100]: org.thymeleaf.standard.processor.StandardReplaceTagProcessor
[THYMELEAF]             * [* {th:each}] [200]: com.intuit.karate.template.KarateEachTagProcessor
[THYMELEAF]             * [* {th:switch}] [250]: org.thymeleaf.standard.processor.StandardSwitchTagProcessor
[THYMELEAF]             * [* {th:case}] [275]: org.thymeleaf.standard.processor.StandardCaseTagProcessor
[THYMELEAF]             * [* {th:if}] [300]: org.thymeleaf.standard.processor.StandardIfTagProcessor
[THYMELEAF]             * [* {th:unless}] [400]: org.thymeleaf.standard.processor.StandardUnlessTagProcessor
[THYMELEAF]             * [* {th:object}] [500]: org.thymeleaf.standard.processor.StandardObjectTagProcessor
[THYMELEAF]             * [* {th:with}] [600]: com.intuit.karate.template.KarateWithTagProcessor
[THYMELEAF]             * [* {th:inline}] [1000]: org.thymeleaf.standard.processor.StandardInlineTextualTagProcessor
[THYMELEAF]             * [* {th:text}] [1300]: org.thymeleaf.standard.processor.StandardTextTagProcessor
[THYMELEAF]             * [* {th:utext}] [1400]: org.thymeleaf.standard.processor.StandardUtextTagProcessor
[THYMELEAF]             * [* {th:assert}] [1550]: org.thymeleaf.standard.processor.StandardAssertTagProcessor
[THYMELEAF]             * [* {th:remove}] [1600]: org.thymeleaf.standard.processor.StandardRemoveTagProcessor
[THYMELEAF]             * [* 100000] [org.thymeleaf.standard.processor.StandardBlockTagProcessor]: {}
[THYMELEAF]             * [{th:block} *] [100000]: org.thymeleaf.standard.processor.StandardBlockTagProcessor
[THYMELEAF]         * Text Processors by [precedence]:
[THYMELEAF]             * [1000]: org.thymeleaf.standard.processor.StandardInliningTextProcessor
[THYMELEAF]     * Processors for Template Mode: JAVASCRIPT
[THYMELEAF]         * Element Tag Processors by [matching element and attribute name] [precedence]:
[THYMELEAF]             * [* {th:insert}] [100]: org.thymeleaf.standard.processor.StandardInsertTagProcessor
[THYMELEAF]             * [* {th:replace}] [100]: org.thymeleaf.standard.processor.StandardReplaceTagProcessor
[THYMELEAF]             * [* {th:each}] [200]: com.intuit.karate.template.KarateEachTagProcessor
[THYMELEAF]             * [* {th:switch}] [250]: org.thymeleaf.standard.processor.StandardSwitchTagProcessor
[THYMELEAF]             * [* {th:case}] [275]: org.thymeleaf.standard.processor.StandardCaseTagProcessor
[THYMELEAF]             * [* {th:if}] [300]: org.thymeleaf.standard.processor.StandardIfTagProcessor
[THYMELEAF]             * [* {th:unless}] [400]: org.thymeleaf.standard.processor.StandardUnlessTagProcessor
[THYMELEAF]             * [* {th:object}] [500]: org.thymeleaf.standard.processor.StandardObjectTagProcessor
[THYMELEAF]             * [* {th:with}] [600]: com.intuit.karate.template.KarateWithTagProcessor
[THYMELEAF]             * [* {th:inline}] [1000]: org.thymeleaf.standard.processor.StandardInlineTextualTagProcessor
[THYMELEAF]             * [* {th:text}] [1300]: org.thymeleaf.standard.processor.StandardTextTagProcessor
[THYMELEAF]             * [* {th:utext}] [1400]: org.thymeleaf.standard.processor.StandardUtextTagProcessor
[THYMELEAF]             * [* {th:assert}] [1550]: org.thymeleaf.standard.processor.StandardAssertTagProcessor
[THYMELEAF]             * [* {th:remove}] [1600]: org.thymeleaf.standard.processor.StandardRemoveTagProcessor
[THYMELEAF]             * [{th:block} *] [100000]: org.thymeleaf.standard.processor.StandardBlockTagProcessor
[THYMELEAF]             * [* 100000] [org.thymeleaf.standard.processor.StandardBlockTagProcessor]: {}
[THYMELEAF]         * Text Processors by [precedence]:
[THYMELEAF]             * [1000]: org.thymeleaf.standard.processor.StandardInliningTextProcessor
[THYMELEAF]     * Processors for Template Mode: CSS
[THYMELEAF]         * Element Tag Processors by [matching element and attribute name] [precedence]:
[THYMELEAF]             * [* {th:insert}] [100]: org.thymeleaf.standard.processor.StandardInsertTagProcessor
[THYMELEAF]             * [* {th:replace}] [100]: org.thymeleaf.standard.processor.StandardReplaceTagProcessor
[THYMELEAF]             * [* {th:each}] [200]: com.intuit.karate.template.KarateEachTagProcessor
[THYMELEAF]             * [* {th:switch}] [250]: org.thymeleaf.standard.processor.StandardSwitchTagProcessor
[THYMELEAF]             * [* {th:case}] [275]: org.thymeleaf.standard.processor.StandardCaseTagProcessor
[THYMELEAF]             * [* {th:if}] [300]: org.thymeleaf.standard.processor.StandardIfTagProcessor
[THYMELEAF]             * [* {th:unless}] [400]: org.thymeleaf.standard.processor.StandardUnlessTagProcessor
[THYMELEAF]             * [* {th:object}] [500]: org.thymeleaf.standard.processor.StandardObjectTagProcessor
[THYMELEAF]             * [* {th:with}] [600]: com.intuit.karate.template.KarateWithTagProcessor
[THYMELEAF]             * [* {th:inline}] [1000]: org.thymeleaf.standard.processor.StandardInlineTextualTagProcessor
[THYMELEAF]             * [* {th:text}] [1300]: org.thymeleaf.standard.processor.StandardTextTagProcessor
[THYMELEAF]             * [* {th:utext}] [1400]: org.thymeleaf.standard.processor.StandardUtextTagProcessor
[THYMELEAF]             * [* {th:assert}] [1550]: org.thymeleaf.standard.processor.StandardAssertTagProcessor
[THYMELEAF]             * [* {th:remove}] [1600]: org.thymeleaf.standard.processor.StandardRemoveTagProcessor
[THYMELEAF]             * [* 100000] [org.thymeleaf.standard.processor.StandardBlockTagProcessor]: {}
[THYMELEAF]             * [{th:block} *] [100000]: org.thymeleaf.standard.processor.StandardBlockTagProcessor
[THYMELEAF]         * Text Processors by [precedence]:
[THYMELEAF]             * [1000]: org.thymeleaf.standard.processor.StandardInliningTextProcessor
[THYMELEAF]     * Expression Objects:
[THYMELEAF]         * #ctx
[THYMELEAF]         * #root
[THYMELEAF]         * #vars
[THYMELEAF]         * #object
[THYMELEAF]         * #locale
[THYMELEAF]         * #conversions
[THYMELEAF]         * #uris
[THYMELEAF]         * #temporals
[THYMELEAF]         * #calendars
[THYMELEAF]         * #dates
[THYMELEAF]         * #bools
[THYMELEAF]         * #numbers
[THYMELEAF]         * #objects
[THYMELEAF]         * #strings
[THYMELEAF]         * #arrays
[THYMELEAF]         * #lists
[THYMELEAF]         * #sets
[THYMELEAF]         * #maps
[THYMELEAF]         * #aggregates
[THYMELEAF]         * #messages
[THYMELEAF]         * #ids
[THYMELEAF]         * #execInfo
[THYMELEAF]         * #request
[THYMELEAF]         * #response
[THYMELEAF]         * #session
[THYMELEAF]         * #servletContext
[THYMELEAF]     * Execution Attributes:
[THYMELEAF]         * "StandardExpressionParser": com.intuit.karate.template.KarateStandardDialect@148fca83
[THYMELEAF]         * "StandardJavaScriptSerializer": org.thymeleaf.standard.serializer.StandardJavaScriptSerializer@3340ce58
[THYMELEAF]         * "StandardCSSSerializer": org.thymeleaf.standard.serializer.StandardCSSSerializer@14499b52
[THYMELEAF]         * "StandardVariableExpressionEvaluator": com.intuit.karate.template.KarateStandardDialect@148fca83
[THYMELEAF]         * "StandardConversionService": org.thymeleaf.standard.expression.StandardConversionService@be083e1
[THYMELEAF] * Dialect [2 of 2]: karate (com.intuit.karate.template.KarateScriptDialect)
[THYMELEAF]     * Prefix: "ka"
[THYMELEAF]     * Processors for Template Mode: HTML
[THYMELEAF]         * Element Tag Processors by [matching element and attribute name] [precedence]:
[THYMELEAF]             * [* {src}] [1000]: com.intuit.karate.template.KaScriptAttrProcessor
[THYMELEAF]         * Element Model Processors by [matching element and attribute name] [precedence]:
[THYMELEAF]             * [{script} {ka:scope,data-ka-scope}] [1000]: com.intuit.karate.template.KaScriptElemProcessor
[THYMELEAF]             * [* {ka:set,data-ka-set}] [1000]: com.intuit.karate.template.KaSetElemProcessor
[THYMELEAF] TEMPLATE ENGINE CONFIGURED OK
23:46:05.792 [main] DEBUG org.thymeleaf.TemplateEngine -- [THYMELEAF] TEMPLATE ENGINE INITIALIZED
23:46:05.808 [main] DEBUG org.thymeleaf.TemplateEngine -- [THYMELEAF] INITIALIZING TEMPLATE ENGINE
23:46:05.822 [main] DEBUG org.thymeleaf.TemplateEngine.CONFIG -- Initializing Thymeleaf Template engine configuration...
[THYMELEAF] TEMPLATE ENGINE CONFIGURATION:
[THYMELEAF] * Thymeleaf version: 3.1.2.RELEASE (built 2023-07-30T19:25:50+0000)
[THYMELEAF] * Cache Manager implementation: org.thymeleaf.cache.StandardCacheManager
[THYMELEAF] * Template resolvers:
[THYMELEAF]     * [1] com.intuit.karate.template.ResourceHtmlTemplateResolver
[THYMELEAF] * Message resolvers:
[THYMELEAF]     * org.thymeleaf.messageresolver.StandardMessageResolver
[THYMELEAF] * Link builders:
[THYMELEAF]     * org.thymeleaf.linkbuilder.StandardLinkBuilder
[THYMELEAF] * Dialect [1 of 2]: Standard (com.intuit.karate.template.KarateStandardDialect)
[THYMELEAF]     * Prefix: "th"
[THYMELEAF]     * Processors for Template Mode: HTML
[THYMELEAF]         * Element Tag Processors by [matching element and attribute name] [precedence]:
[THYMELEAF]             * [* {th:include,data-th-include}] [100]: org.thymeleaf.standard.processor.StandardIncludeTagProcessor
[THYMELEAF]             * [* {th:insert,data-th-insert}] [100]: org.thymeleaf.standard.processor.StandardInsertTagProcessor
[THYMELEAF]             * [* {th:replace,data-th-replace}] [100]: org.thymeleaf.standard.processor.StandardReplaceTagProcessor
[THYMELEAF]             * [* {th:each,data-th-each}] [200]: com.intuit.karate.template.KarateEachTagProcessor
[THYMELEAF]             * [* {th:switch,data-th-switch}] [250]: org.thymeleaf.standard.processor.StandardSwitchTagProcessor
[THYMELEAF]             * [* {th:case,data-th-case}] [275]: org.thymeleaf.standard.processor.StandardCaseTagProcessor
[THYMELEAF]             * [* {th:if,data-th-if}] [300]: org.thymeleaf.standard.processor.StandardIfTagProcessor
[THYMELEAF]             * [* {th:unless,data-th-unless}] [400]: org.thymeleaf.standard.processor.StandardUnlessTagProcessor
[THYMELEAF]             * [* {th:object,data-th-object}] [500]: org.thymeleaf.standard.processor.StandardObjectTagProcessor
[THYMELEAF]             * [* {th:with,data-th-with}] [600]: com.intuit.karate.template.KarateWithTagProcessor
[THYMELEAF]             * [* {th:attr,data-th-attr}] [700]: com.intuit.karate.template.KarateAttributeTagProcessor.KarateAttrTagProcessor
[THYMELEAF]             * [* {th:attrappend,data-th-attrappend}] [900]: com.intuit.karate.template.KarateAttributeTagProcessor.KarateAttrappendTagProcessor
[THYMELEAF]             * [* {th:attrprepend,data-th-attrprepend}] [900]: com.intuit.karate.template.KarateAttributeTagProcessor.KarateAttrprependTagProcessor
[THYMELEAF]             * [* {th:alt-title,data-th-alt-title}] [990]: org.thymeleaf.standard.processor.StandardAltTitleTagProcessor
[THYMELEAF]             * [* {th:lang-xmllang,data-th-lang-xmllang}] [990]: org.thymeleaf.standard.processor.StandardLangXmlLangTagProcessor
[THYMELEAF]             * [* {th:action,data-th-action}] [1000]: org.thymeleaf.standard.processor.StandardActionTagProcessor
[THYMELEAF]             * [* {th:nowrap,data-th-nowrap}] [1000]: org.thymeleaf.standard.processor.StandardConditionalFixedValueTagProcessor
[THYMELEAF]             * [* {th:seamless,data-th-seamless}] [1000]: org.thymeleaf.standard.processor.StandardConditionalFixedValueTagProcessor
[THYMELEAF]             * [* {th:reversed,data-th-reversed}] [1000]: org.thymeleaf.standard.processor.StandardConditionalFixedValueTagProcessor
[THYMELEAF]             * [* {th:checked,data-th-checked}] [1000]: org.thymeleaf.standard.processor.StandardConditionalFixedValueTagProcessor
[THYMELEAF]             * [* {th:multiple,data-th-multiple}] [1000]: org.thymeleaf.standard.processor.StandardConditionalFixedValueTagProcessor
[THYMELEAF]             * [* {th:controls,data-th-controls}] [1000]: org.thymeleaf.standard.processor.StandardConditionalFixedValueTagProcessor
[THYMELEAF]             * [* {th:ismap,data-th-ismap}] [1000]: org.thymeleaf.standard.processor.StandardConditionalFixedValueTagProcessor
[THYMELEAF]             * [* {th:autofocus,data-th-autofocus}] [1000]: org.thymeleaf.standard.processor.StandardConditionalFixedValueTagProcessor
[THYMELEAF]             * [* {th:hidden,data-th-hidden}] [1000]: org.thymeleaf.standard.processor.StandardConditionalFixedValueTagProcessor
[THYMELEAF]             * [* {th:pubdate,data-th-pubdate}] [1000]: org.thymeleaf.standard.processor.StandardConditionalFixedValueTagProcessor
[THYMELEAF]             * [* {th:open,data-th-open}] [1000]: org.thymeleaf.standard.processor.StandardConditionalFixedValueTagProcessor
[THYMELEAF]             * [* {th:default,data-th-default}] [1000]: org.thymeleaf.standard.processor.StandardConditionalFixedValueTagProcessor
[THYMELEAF]             * [* {th:formnovalidate,data-th-formnovalidate}] [1000]: org.thymeleaf.standard.processor.StandardConditionalFixedValueTagProcessor
[THYMELEAF]             * [* {th:required,data-th-required}] [1000]: org.thymeleaf.standard.processor.StandardConditionalFixedValueTagProcessor
[THYMELEAF]             * [* {th:selected,data-th-selected}] [1000]: org.thymeleaf.standard.processor.StandardConditionalFixedValueTagProcessor
[THYMELEAF]             * [* {th:declare,data-th-declare}] [1000]: org.thymeleaf.standard.processor.StandardConditionalFixedValueTagProcessor
[THYMELEAF]             * [* {th:defer,data-th-defer}] [1000]: org.thymeleaf.standard.processor.StandardConditionalFixedValueTagProcessor
[THYMELEAF]             * [* {th:disabled,data-th-disabled}] [1000]: org.thymeleaf.standard.processor.StandardConditionalFixedValueTagProcessor
[THYMELEAF]             * [* {th:novalidate,data-th-novalidate}] [1000]: org.thymeleaf.standard.processor.StandardConditionalFixedValueTagProcessor
[THYMELEAF]             * [* {th:async,data-th-async}] [1000]: org.thymeleaf.standard.processor.StandardConditionalFixedValueTagProcessor
[THYMELEAF]             * [* {th:loop,data-th-loop}] [1000]: org.thymeleaf.standard.processor.StandardConditionalFixedValueTagProcessor
[THYMELEAF]             * [* {th:scoped,data-th-scoped}] [1000]: org.thymeleaf.standard.processor.StandardConditionalFixedValueTagProcessor
[THYMELEAF]             * [* {th:readonly,data-th-readonly}] [1000]: org.thymeleaf.standard.processor.StandardConditionalFixedValueTagProcessor
[THYMELEAF]             * [* {th:autoplay,data-th-autoplay}] [1000]: org.thymeleaf.standard.processor.StandardConditionalFixedValueTagProcessor
[THYMELEAF]             * [* {th:onfocus,data-th-onfocus}] [1000]: org.thymeleaf.standard.processor.StandardDOMEventAttributeTagProcessor
[THYMELEAF]             * [* {th:onblur,data-th-onblur}] [1000]: org.thymeleaf.standard.processor.StandardDOMEventAttributeTagProcessor
[THYMELEAF]             * [* {th:onredo,data-th-onredo}] [1000]: org.thymeleaf.standard.processor.StandardDOMEventAttributeTagProcessor
[THYMELEAF]             * [* {th:onunload,data-th-onunload}] [1000]: org.thymeleaf.standard.processor.StandardDOMEventAttributeTagProcessor
[THYMELEAF]             * [* {th:onmousewheel,data-th-onmousewheel}] [1000]: org.thymeleaf.standard.processor.StandardDOMEventAttributeTagProcessor
[THYMELEAF]             * [* {th:onchange,data-th-onchange}] [1000]: org.thymeleaf.standard.processor.StandardDOMEventAttributeTagProcessor
[THYMELEAF]             * [* {th:onloadedmetadata,data-th-onloadedmetadata}] [1000]: org.thymeleaf.standard.processor.StandardDOMEventAttributeTagProcessor
[THYMELEAF]             * [* {th:onmessage,data-th-onmessage}] [1000]: org.thymeleaf.standard.processor.StandardDOMEventAttributeTagProcessor
[THYMELEAF]             * [* {th:onmouseup,data-th-onmouseup}] [1000]: org.thymeleaf.standard.processor.StandardDOMEventAttributeTagProcessor
[THYMELEAF]             * [* {th:onscroll,data-th-onscroll}] [1000]: org.thymeleaf.standard.processor.StandardDOMEventAttributeTagProcessor
[THYMELEAF]             * [* {th:ondurationchange,data-th-ondurationchange}] [1000]: org.thymeleaf.standard.processor.StandardDOMEventAttributeTagProcessor
[THYMELEAF]             * [* {th:onkeydown,data-th-onkeydown}] [1000]: org.thymeleaf.standard.processor.StandardDOMEventAttributeTagProcessor
[THYMELEAF]             * [* {th:oncanplaythrough,data-th-oncanplaythrough}] [1000]: org.thymeleaf.standard.processor.StandardDOMEventAttributeTagProcessor
[THYMELEAF]             * [* {th:onstorage,data-th-onstorage}] [1000]: org.thymeleaf.standard.processor.StandardDOMEventAttributeTagProcessor
[THYMELEAF]             * [* {th:onloadeddata,data-th-onloadeddata}] [1000]: org.thymeleaf.standard.processor.StandardDOMEventAttributeTagProcessor
[THYMELEAF]             * [* {th:ondblclick,data-th-ondblclick}] [1000]: org.thymeleaf.standard.processor.StandardDOMEventAttributeTagProcessor
[THYMELEAF]             * [* {th:onundo,data-th-onundo}] [1000]: org.thymeleaf.standard.processor.StandardDOMEventAttributeTagProcessor
[THYMELEAF]             * [* {th:oninput,data-th-oninput}] [1000]: org.thymeleaf.standard.processor.StandardDOMEventAttributeTagProcessor
[THYMELEAF]             * [* {th:onkeyup,data-th-onkeyup}] [1000]: org.thymeleaf.standard.processor.StandardDOMEventAttributeTagProcessor
[THYMELEAF]             * [* {th:onresize,data-th-onresize}] [1000]: org.thymeleaf.standard.processor.StandardDOMEventAttributeTagProcessor
[THYMELEAF]             * [* {th:onpause,data-th-onpause}] [1000]: org.thymeleaf.standard.processor.StandardDOMEventAttributeTagProcessor
[THYMELEAF]             * [* {th:onemptied,data-th-onemptied}] [1000]: org.thymeleaf.standard.processor.StandardDOMEventAttributeTagProcessor
[THYMELEAF]             * [* {th:onbeforeprint,data-th-onbeforeprint}] [1000]: org.thymeleaf.standard.processor.StandardDOMEventAttributeTagProcessor
[THYMELEAF]             * [* {th:onseeking,data-th-onseeking}] [1000]: org.thymeleaf.standard.processor.StandardDOMEventAttributeTagProcessor
[THYMELEAF]             * [* {th:onformchange,data-th-onformchange}] [1000]: org.thymeleaf.standard.processor.StandardDOMEventAttributeTagProcessor
[THYMELEAF]             * [* {th:ononline,data-th-ononline}] [1000]: org.thymeleaf.standard.processor.StandardDOMEventAttributeTagProcessor
[THYMELEAF]             * [* {th:onwaiting,data-th-onwaiting}] [1000]: org.thymeleaf.standard.processor.StandardDOMEventAttributeTagProcessor
[THYMELEAF]             * [* {th:onshow,data-th-onshow}] [1000]: org.thymeleaf.standard.processor.StandardDOMEventAttributeTagProcessor
[THYMELEAF]             * [* {th:ondragstart,data-th-ondragstart}] [1000]: org.thymeleaf.standard.processor.StandardDOMEventAttributeTagProcessor
[THYMELEAF]             * [* {th:onratechange,data-th-onratechange}] [1000]: org.thymeleaf.standard.processor.StandardDOMEventAttributeTagProcessor
[THYMELEAF]             * [* {th:ondragenter,data-th-ondragenter}] [1000]: org.thymeleaf.standard.processor.StandardDOMEventAttributeTagProcessor
[THYMELEAF]             * [* {th:onclick,data-th-onclick}] [1000]: org.thymeleaf.standard.processor.StandardDOMEventAttributeTagProcessor
[THYMELEAF]             * [* {th:ondragend,data-th-ondragend}] [1000]: org.thymeleaf.standard.processor.StandardDOMEventAttributeTagProcessor
[THYMELEAF]             * [* {th:onmouseout,data-th-onmouseout}] [1000]: org.thymeleaf.standard.processor.StandardDOMEventAttributeTagProcessor
[THYMELEAF]             * [* {th:onsubmit,data-th-onsubmit}] [1000]: org.thymeleaf.standard.processor.StandardDOMEventAttributeTagProcessor
[THYMELEAF]             * [* {th:oninvalid,data-th-oninvalid}] [1000]: org.thymeleaf.standard.processor.StandardDOMEventAttributeTagProcessor
[THYMELEAF]             * [* {th:oncontextmenu,data-th-oncontextmenu}] [1000]: org.thymeleaf.standard.processor.StandardDOMEventAttributeTagProcessor
[THYMELEAF]             * [* {th:onkeypress,data-th-onkeypress}] [1000]: org.thymeleaf.standard.processor.StandardDOMEventAttributeTagProcessor
[THYMELEAF]             * [* {th:onended,data-th-onended}] [1000]: org.thymeleaf.standard.processor.StandardDOMEventAttributeTagProcessor
[THYMELEAF]             * [* {th:onabort,data-th-onabort}] [1000]: org.thymeleaf.standard.processor.StandardDOMEventAttributeTagProcessor
[THYMELEAF]             * [* {th:onreadystatechange,data-th-onreadystatechange}] [1000]: org.thymeleaf.standard.processor.StandardDOMEventAttributeTagProcessor
[THYMELEAF]             * [* {th:onmousedown,data-th-onmousedown}] [1000]: org.thymeleaf.standard.processor.StandardDOMEventAttributeTagProcessor
[THYMELEAF]             * [* {th:onmouseover,data-th-onmouseover}] [1000]: org.thymeleaf.standard.processor.StandardDOMEventAttributeTagProcessor
[THYMELEAF]             * [* {th:onplaying,data-th-onplaying}] [1000]: org.thymeleaf.standard.processor.StandardDOMEventAttributeTagProcessor
[THYMELEAF]             * [* {th:onhashchange,data-th-onhashchange}] [1000]: org.thymeleaf.standard.processor.StandardDOMEventAttributeTagProcessor
[THYMELEAF]             * [* {th:ondragleave,data-th-ondragleave}] [1000]: org.thymeleaf.standard.processor.StandardDOMEventAttributeTagProcessor
[THYMELEAF]             * [* {th:onseeked,data-th-onseeked}] [1000]: org.thymeleaf.standard.processor.StandardDOMEventAttributeTagProcessor
[THYMELEAF]             * [* {th:ondrag,data-th-ondrag}] [1000]: org.thymeleaf.standard.processor.StandardDOMEventAttributeTagProcessor
[THYMELEAF]             * [* {th:onprogress,data-th-onprogress}] [1000]: org.thymeleaf.standard.processor.StandardDOMEventAttributeTagProcessor
[THYMELEAF]             * [* {th:onload,data-th-onload}] [1000]: org.thymeleaf.standard.processor.StandardDOMEventAttributeTagProcessor
[THYMELEAF]             * [* {th:onvolumechange,data-th-onvolumechange}] [1000]: org.thymeleaf.standard.processor.StandardDOMEventAttributeTagProcessor
[THYMELEAF]             * [* {th:onselect,data-th-onselect}] [1000]: org.thymeleaf.standard.processor.StandardDOMEventAttributeTagProcessor
[THYMELEAF]             * [* {th:onoffline,data-th-onoffline}] [1000]: org.thymeleaf.standard.processor.StandardDOMEventAttributeTagProcessor
[THYMELEAF]             * [* {th:onbeforeunload,data-th-onbeforeunload}] [1000]: org.thymeleaf.standard.processor.StandardDOMEventAttributeTagProcessor
[THYMELEAF]             * [* {th:onmousemove,data-th-onmousemove}] [1000]: org.thymeleaf.standard.processor.StandardDOMEventAttributeTagProcessor
[THYMELEAF]             * [* {th:onreset,data-th-onreset}] [1000]: org.thymeleaf.standard.processor.StandardDOMEventAttributeTagProcessor
[THYMELEAF]             * [* {th:onpopstate,data-th-onpopstate}] [1000]: org.thymeleaf.standard.processor.StandardDOMEventAttributeTagProcessor
[THYMELEAF]             * [* {th:onloadstart,data-th-onloadstart}] [1000]: org.thymeleaf.standard.processor.StandardDOMEventAttributeTagProcessor
[THYMELEAF]             * [* {th:oncanplay,data-th-oncanplay}] [1000]: org.thymeleaf.standard.processor.StandardDOMEventAttributeTagProcessor
[THYMELEAF]             * [* {th:ontimeupdate,data-th-ontimeupdate}] [1000]: org.thymeleaf.standard.processor.StandardDOMEventAttributeTagProcessor
[THYMELEAF]             * [* {th:onforminput,data-th-onforminput}] [1000]: org.thymeleaf.standard.processor.StandardDOMEventAttributeTagProcessor
[THYMELEAF]             * [* {th:ondragover,data-th-ondragover}] [1000]: org.thymeleaf.standard.processor.StandardDOMEventAttributeTagProcessor
[THYMELEAF]             * [* {th:onsuspend,data-th-onsuspend}] [1000]: org.thymeleaf.standard.processor.StandardDOMEventAttributeTagProcessor
[THYMELEAF]             * [* {th:onplay,data-th-onplay}] [1000]: org.thymeleaf.standard.processor.StandardDOMEventAttributeTagProcessor
[THYMELEAF]             * [* {th:onerror,data-th-onerror}] [1000]: org.thymeleaf.standard.processor.StandardDOMEventAttributeTagProcessor
[THYMELEAF]             * [* {th:onstalled,data-th-onstalled}] [1000]: org.thymeleaf.standard.processor.StandardDOMEventAttributeTagProcessor
[THYMELEAF]             * [* {th:ondrop,data-th-ondrop}] [1000]: org.thymeleaf.standard.processor.StandardDOMEventAttributeTagProcessor
[THYMELEAF]             * [* {th:onafterprint,data-th-onafterprint}] [1000]: org.thymeleaf.standard.processor.StandardDOMEventAttributeTagProcessor
[THYMELEAF]             * [* {th:href,data-th-href}] [1000]: org.thymeleaf.standard.processor.StandardHrefTagProcessor
[THYMELEAF]             * [* {th:inline,data-th-inline}] [1000]: org.thymeleaf.standard.processor.StandardInlineHTMLTagProcessor
[THYMELEAF]             * [* {th:method,data-th-method}] [1000]: org.thymeleaf.standard.processor.StandardMethodTagProcessor
[THYMELEAF]             * [* {th:name,data-th-name}] [1000]: org.thymeleaf.standard.processor.StandardNonRemovableAttributeTagProcessor
[THYMELEAF]             * [* {th:type,data-th-type}] [1000]: org.thymeleaf.standard.processor.StandardNonRemovableAttributeTagProcessor
[THYMELEAF]             * [* {th:accept-charset,data-th-accept-charset}] [1000]: org.thymeleaf.standard.processor.StandardRemovableAttributeTagProcessor
[THYMELEAF]             * [* {th:preload,data-th-preload}] [1000]: org.thymeleaf.standard.processor.StandardRemovableAttributeTagProcessor
[THYMELEAF]             * [* {th:cols,data-th-cols}] [1000]: org.thymeleaf.standard.processor.StandardRemovableAttributeTagProcessor
[THYMELEAF]             * [* {th:marginheight,data-th-marginheight}] [1000]: org.thymeleaf.standard.processor.StandardRemovableAttributeTagProcessor
[THYMELEAF]             * [* {th:max,data-th-max}] [1000]: org.thymeleaf.standard.processor.StandardRemovableAttributeTagProcessor
[THYMELEAF]             * [* {th:background,data-th-background}] [1000]: org.thymeleaf.standard.processor.StandardRemovableAttributeTagProcessor
[THYMELEAF]             * [* {th:longdesc,data-th-longdesc}] [1000]: org.thymeleaf.standard.processor.StandardRemovableAttributeTagProcessor
[THYMELEAF]             * [* {th:archive,data-th-archive}] [1000]: org.thymeleaf.standard.processor.StandardRemovableAttributeTagProcessor
[THYMELEAF]             * [* {th:lang,data-th-lang}] [1000]: org.thymeleaf.standard.processor.StandardRemovableAttributeTagProcessor
[THYMELEAF]             * [* {th:maxlength,data-th-maxlength}] [1000]: org.thymeleaf.standard.processor.StandardRemovableAttributeTagProcessor
[THYMELEAF]             * [* {th:bgcolor,data-th-bgcolor}] [1000]: org.thymeleaf.standard.processor.StandardRemovableAttributeTagProcessor
[THYMELEAF]             * [* {th:cite,data-th-cite}] [1000]: org.thymeleaf.standard.processor.StandardRemovableAttributeTagProcessor
[THYMELEAF]             * [* {th:frame,data-th-frame}] [1000]: org.thymeleaf.standard.processor.StandardRemovableAttributeTagProcessor
[THYMELEAF]             * [* {th:step,data-th-step}] [1000]: org.thymeleaf.standard.processor.StandardRemovableAttributeTagProcessor
[THYMELEAF]             * [* {th:classid,data-th-classid}] [1000]: org.thymeleaf.standard.processor.StandardRemovableAttributeTagProcessor
[THYMELEAF]             * [* {th:accept,data-th-accept}] [1000]: org.thymeleaf.standard.processor.StandardRemovableAttributeTagProcessor
[THYMELEAF]             * [* {th:optimum,data-th-optimum}] [1000]: org.thymeleaf.standard.processor.StandardRemovableAttributeTagProcessor
[THYMELEAF]             * [* {th:rows,data-th-rows}] [1000]: org.thymeleaf.standard.processor.StandardRemovableAttributeTagProcessor
[THYMELEAF]             * [* {th:cellspacing,data-th-cellspacing}] [1000]: org.thymeleaf.standard.processor.StandardRemovableAttributeTagProcessor
[THYMELEAF]             * [* {th:hreflang,data-th-hreflang}] [1000]: org.thymeleaf.standard.processor.StandardRemovableAttributeTagProcessor
[THYMELEAF]             * [* {th:rules,data-th-rules}] [1000]: org.thymeleaf.standard.processor.StandardRemovableAttributeTagProcessor
[THYMELEAF]             * [* {th:formtarget,data-th-formtarget}] [1000]: org.thymeleaf.standard.processor.StandardRemovableAttributeTagProcessor
[THYMELEAF]             * [* {th:tabindex,data-th-tabindex}] [1000]: org.thymeleaf.standard.processor.StandardRemovableAttributeTagProcessor
[THYMELEAF]             * [* {th:label,data-th-label}] [1000]: org.thymeleaf.standard.processor.StandardRemovableAttributeTagProcessor
[THYMELEAF]             * [* {th:icon,data-th-icon}] [1000]: org.thymeleaf.standard.processor.StandardRemovableAttributeTagProcessor
[THYMELEAF]             * [* {th:colspan,data-th-colspan}] [1000]: org.thymeleaf.standard.processor.StandardRemovableAttributeTagProcessor
[THYMELEAF]             * [* {th:data,data-th-data}] [1000]: org.thymeleaf.standard.processor.StandardRemovableAttributeTagProcessor
[THYMELEAF]             * [* {th:alt,data-th-alt}] [1000]: org.thymeleaf.standard.processor.StandardRemovableAttributeTagProcessor
[THYMELEAF]             * [* {th:wrap,data-th-wrap}] [1000]: org.thymeleaf.standard.processor.StandardRemovableAttributeTagProcessor
[THYMELEAF]             * [* {th:dir,data-th-dir}] [1000]: org.thymeleaf.standard.processor.StandardRemovableAttributeTagProcessor
[THYMELEAF]             * [* {th:manifest,data-th-manifest}] [1000]: org.thymeleaf.standard.processor.StandardRemovableAttributeTagProcessor
[THYMELEAF]             * [* {th:http-equiv,data-th-http-equiv}] [1000]: org.thymeleaf.standard.processor.StandardRemovableAttributeTagProcessor
[THYMELEAF]             * [* {th:placeholder,data-th-placeholder}] [1000]: org.thymeleaf.standard.processor.StandardRemovableAttributeTagProcessor
[THYMELEAF]             * [* {th:headers,data-th-headers}] [1000]: org.thymeleaf.standard.processor.StandardRemovableAttributeTagProcessor
[THYMELEAF]             * [* {th:draggable,data-th-draggable}] [1000]: org.thymeleaf.standard.processor.StandardRemovableAttributeTagProcessor
[THYMELEAF]             * [* {th:id,data-th-id}] [1000]: org.thymeleaf.standard.processor.StandardRemovableAttributeTagProcessor
[THYMELEAF]             * [* {th:spellcheck,data-th-spellcheck}] [1000]: org.thymeleaf.standard.processor.StandardRemovableAttributeTagProcessor
[THYMELEAF]             * [* {th:datetime,data-th-datetime}] [1000]: org.thymeleaf.standard.processor.StandardRemovableAttributeTagProcessor
[THYMELEAF]             * [* {th:valuetype,data-th-valuetype}] [1000]: org.thymeleaf.standard.processor.StandardRemovableAttributeTagProcessor
[THYMELEAF]             * [* {th:for,data-th-for}] [1000]: org.thymeleaf.standard.processor.StandardRemovableAttributeTagProcessor
[THYMELEAF]             * [* {th:usemap,data-th-usemap}] [1000]: org.thymeleaf.standard.processor.StandardRemovableAttributeTagProcessor
[THYMELEAF]             * [* {th:cellpadding,data-th-cellpadding}] [1000]: org.thymeleaf.standard.processor.StandardRemovableAttributeTagProcessor
[THYMELEAF]             * [* {th:standby,data-th-standby}] [1000]: org.thymeleaf.standard.processor.StandardRemovableAttributeTagProcessor
[THYMELEAF]             * [* {th:list,data-th-list}] [1000]: org.thymeleaf.standard.processor.StandardRemovableAttributeTagProcessor
[THYMELEAF]             * [* {th:keytype,data-th-keytype}] [1000]: org.thymeleaf.standard.processor.StandardRemovableAttributeTagProcessor
[THYMELEAF]             * [* {th:dropzone,data-th-dropzone}] [1000]: org.thymeleaf.standard.processor.StandardRemovableAttributeTagProcessor
[THYMELEAF]             * [* {th:content,data-th-content}] [1000]: org.thymeleaf.standard.processor.StandardRemovableAttributeTagProcessor
[THYMELEAF]             * [* {th:size,data-th-size}] [1000]: org.thymeleaf.standard.processor.StandardRemovableAttributeTagProcessor
[THYMELEAF]             * [* {th:height,data-th-height}] [1000]: org.thymeleaf.standard.processor.StandardRemovableAttributeTagProcessor
[THYMELEAF]             * [* {th:sandbox,data-th-sandbox}] [1000]: org.thymeleaf.standard.processor.StandardRemovableAttributeTagProcessor
[THYMELEAF]             * [* {th:hspace,data-th-hspace}] [1000]: org.thymeleaf.standard.processor.StandardRemovableAttributeTagProcessor
[THYMELEAF]             * [* {th:compact,data-th-compact}] [1000]: org.thymeleaf.standard.processor.StandardRemovableAttributeTagProcessor
[THYMELEAF]             * [* {th:frameborder,data-th-frameborder}] [1000]: org.thymeleaf.standard.processor.StandardRemovableAttributeTagProcessor
[THYMELEAF]             * [* {th:target,data-th-target}] [1000]: org.thymeleaf.standard.processor.StandardRemovableAttributeTagProcessor
[THYMELEAF]             * [* {th:formmethod,data-th-formmethod}] [1000]: org.thymeleaf.standard.processor.StandardRemovableAttributeTagProcessor
[THYMELEAF]             * [* {th:formaction,data-th-formaction}] [1000]: org.thymeleaf.standard.processor.StandardRemovableAttributeTagProcessor
[THYMELEAF]             * [* {th:style,data-th-style}] [1000]: org.thymeleaf.standard.processor.StandardRemovableAttributeTagProcessor
[THYMELEAF]             * [* {th:poster,data-th-poster}] [1000]: org.thymeleaf.standard.processor.StandardRemovableAttributeTagProcessor
[THYMELEAF]             * [* {th:scheme,data-th-scheme}] [1000]: org.thymeleaf.standard.processor.StandardRemovableAttributeTagProcessor
[THYMELEAF]             * [* {th:rowspan,data-th-rowspan}] [1000]: org.thymeleaf.standard.processor.StandardRemovableAttributeTagProcessor
[THYMELEAF]             * [* {th:form,data-th-form}] [1000]: org.thymeleaf.standard.processor.StandardRemovableAttributeTagProcessor
[THYMELEAF]             * [* {th:formenctype,data-th-formenctype}] [1000]: org.thymeleaf.standard.processor.StandardRemovableAttributeTagProcessor
[THYMELEAF]             * [* {th:kind,data-th-kind}] [1000]: org.thymeleaf.standard.processor.StandardRemovableAttributeTagProcessor
[THYMELEAF]             * [* {th:rev,data-th-rev}] [1000]: org.thymeleaf.standard.processor.StandardRemovableAttributeTagProcessor
[THYMELEAF]             * [* {th:audio,data-th-audio}] [1000]: org.thymeleaf.standard.processor.StandardRemovableAttributeTagProcessor
[THYMELEAF]             * [* {th:scrolling,data-th-scrolling}] [1000]: org.thymeleaf.standard.processor.StandardRemovableAttributeTagProcessor
[THYMELEAF]             * [* {th:contenteditable,data-th-contenteditable}] [1000]: org.thymeleaf.standard.processor.StandardRemovableAttributeTagProcessor
[THYMELEAF]             * [* {th:marginwidth,data-th-marginwidth}] [1000]: org.thymeleaf.standard.processor.StandardRemovableAttributeTagProcessor
[THYMELEAF]             * [* {th:codebase,data-th-codebase}] [1000]: org.thymeleaf.standard.processor.StandardRemovableAttributeTagProcessor
[THYMELEAF]             * [* {th:min,data-th-min}] [1000]: org.thymeleaf.standard.processor.StandardRemovableAttributeTagProcessor
[THYMELEAF]             * [* {th:charset,data-th-charset}] [1000]: org.thymeleaf.standard.processor.StandardRemovableAttributeTagProcessor
[THYMELEAF]             * [* {th:start,data-th-start}] [1000]: org.thymeleaf.standard.processor.StandardRemovableAttributeTagProcessor
[THYMELEAF]             * [* {th:rel,data-th-rel}] [1000]: org.thymeleaf.standard.processor.StandardRemovableAttributeTagProcessor
[THYMELEAF]             * [* {th:summary,data-th-summary}] [1000]: org.thymeleaf.standard.processor.StandardRemovableAttributeTagProcessor
[THYMELEAF]             * [* {th:challenge,data-th-challenge}] [1000]: org.thymeleaf.standard.processor.StandardRemovableAttributeTagProcessor
[THYMELEAF]             * [* {th:scope,data-th-scope}] [1000]: org.thymeleaf.standard.processor.StandardRemovableAttributeTagProcessor
[THYMELEAF]             * [* {th:width,data-th-width}] [1000]: org.thymeleaf.standard.processor.StandardRemovableAttributeTagProcessor
[THYMELEAF]             * [* {th:codetype,data-th-codetype}] [1000]: org.thymeleaf.standard.processor.StandardRemovableAttributeTagProcessor
[THYMELEAF]             * [* {th:border,data-th-border}] [1000]: org.thymeleaf.standard.processor.StandardRemovableAttributeTagProcessor
[THYMELEAF]             * [* {th:sizes,data-th-sizes}] [1000]: org.thymeleaf.standard.processor.StandardRemovableAttributeTagProcessor
[THYMELEAF]             * [* {th:span,data-th-span}] [1000]: org.thymeleaf.standard.processor.StandardRemovableAttributeTagProcessor
[THYMELEAF]             * [* {th:accesskey,data-th-accesskey}] [1000]: org.thymeleaf.standard.processor.StandardRemovableAttributeTagProcessor
[THYMELEAF]             * [* {th:align,data-th-align}] [1000]: org.thymeleaf.standard.processor.StandardRemovableAttributeTagProcessor
[THYMELEAF]             * [* {th:vspace,data-th-vspace}] [1000]: org.thymeleaf.standard.processor.StandardRemovableAttributeTagProcessor
[THYMELEAF]             * [* {th:class,data-th-class}] [1000]: org.thymeleaf.standard.processor.StandardRemovableAttributeTagProcessor
[THYMELEAF]             * [* {th:pattern,data-th-pattern}] [1000]: org.thymeleaf.standard.processor.StandardRemovableAttributeTagProcessor
[THYMELEAF]             * [* {th:enctype,data-th-enctype}] [1000]: org.thymeleaf.standard.processor.StandardRemovableAttributeTagProcessor
[THYMELEAF]             * [* {th:axis,data-th-axis}] [1000]: org.thymeleaf.standard.processor.StandardRemovableAttributeTagProcessor
[THYMELEAF]             * [* {th:low,data-th-low}] [1000]: org.thymeleaf.standard.processor.StandardRemovableAttributeTagProcessor
[THYMELEAF]             * [* {th:high,data-th-high}] [1000]: org.thymeleaf.standard.processor.StandardRemovableAttributeTagProcessor
[THYMELEAF]             * [* {th:radiogroup,data-th-radiogroup}] [1000]: org.thymeleaf.standard.processor.StandardRemovableAttributeTagProcessor
[THYMELEAF]             * [* {th:srclang,data-th-srclang}] [1000]: org.thymeleaf.standard.processor.StandardRemovableAttributeTagProcessor
[THYMELEAF]             * [* {th:media,data-th-media}] [1000]: org.thymeleaf.standard.processor.StandardRemovableAttributeTagProcessor
[THYMELEAF]             * [* {th:autocomplete,data-th-autocomplete}] [1000]: org.thymeleaf.standard.processor.StandardRemovableAttributeTagProcessor
[THYMELEAF]             * [* {th:contextmenu,data-th-contextmenu}] [1000]: org.thymeleaf.standard.processor.StandardRemovableAttributeTagProcessor
[THYMELEAF]             * [* {th:abbr,data-th-abbr}] [1000]: org.thymeleaf.standard.processor.StandardRemovableAttributeTagProcessor
[THYMELEAF]             * [* {th:title,data-th-title}] [1000]: org.thymeleaf.standard.processor.StandardRemovableAttributeTagProcessor
[THYMELEAF]             * [* {th:src,data-th-src}] [1000]: org.thymeleaf.standard.processor.StandardSrcTagProcessor
[THYMELEAF]             * [* {th:value,data-th-value}] [1000]: org.thymeleaf.standard.processor.StandardValueTagProcessor
[THYMELEAF]             * [* {th:xmlbase,data-th-xmlbase}] [1000]: org.thymeleaf.standard.processor.StandardXmlBaseTagProcessor
[THYMELEAF]             * [* {th:xmllang,data-th-xmllang}] [1000]: org.thymeleaf.standard.processor.StandardXmlLangTagProcessor
[THYMELEAF]             * [* {xmlns:th}] [1000]: org.thymeleaf.standard.processor.StandardXmlNsTagProcessor
[THYMELEAF]             * [* {th:xmlspace,data-th-xmlspace}] [1000]: org.thymeleaf.standard.processor.StandardXmlSpaceTagProcessor
[THYMELEAF]             * [* {th:classappend,data-th-classappend}] [1100]: org.thymeleaf.standard.processor.StandardClassappendTagProcessor
[THYMELEAF]             * [* {th:styleappend,data-th-styleappend}] [1100]: org.thymeleaf.standard.processor.StandardStyleappendTagProcessor
[THYMELEAF]             * [* {th:text,data-th-text}] [1300]: org.thymeleaf.standard.processor.StandardTextTagProcessor
[THYMELEAF]             * [* {th:utext,data-th-utext}] [1400]: org.thymeleaf.standard.processor.StandardUtextTagProcessor
[THYMELEAF]             * [* {th:fragment,data-th-fragment}] [1500]: org.thymeleaf.standard.processor.StandardFragmentTagProcessor
[THYMELEAF]             * [* {th:assert,data-th-assert}] [1550]: org.thymeleaf.standard.processor.StandardAssertTagProcessor
[THYMELEAF]             * [* {th:remove,data-th-remove}] [1600]: org.thymeleaf.standard.processor.StandardRemoveTagProcessor
[THYMELEAF]             * [* {th:ref,data-th-ref}] [10000]: org.thymeleaf.standard.processor.StandardRefAttributeTagProcessor
[THYMELEAF]             * [{th:block,th-block} *] [100000]: org.thymeleaf.standard.processor.StandardBlockTagProcessor
[THYMELEAF]             * [* th:*] [2147483647]: org.thymeleaf.standard.processor.StandardDefaultAttributesTagProcessor
[THYMELEAF]         * Text Processors by [precedence]:
[THYMELEAF]             * [1000]: org.thymeleaf.standard.processor.StandardInliningTextProcessor
[THYMELEAF]         * DOCTYPE Processors by [precedence]:
[THYMELEAF]             * [1000]: org.thymeleaf.standard.processor.StandardTranslationDocTypeProcessor
[THYMELEAF]         * CDATA Section Processors by [precedence]:
[THYMELEAF]             * [1000]: org.thymeleaf.standard.processor.StandardInliningCDATASectionProcessor
[THYMELEAF]         * Comment Processors by [precedence]:
[THYMELEAF]             * [1000]: org.thymeleaf.standard.processor.StandardInliningCommentProcessor
[THYMELEAF]             * [1100]: org.thymeleaf.standard.processor.StandardConditionalCommentProcessor
[THYMELEAF]     * Processors for Template Mode: XML
[THYMELEAF]         * Element Tag Processors by [matching element and attribute name] [precedence]:
[THYMELEAF]             * [* {th:include}] [100]: org.thymeleaf.standard.processor.StandardIncludeTagProcessor
[THYMELEAF]             * [* {th:insert}] [100]: org.thymeleaf.standard.processor.StandardInsertTagProcessor
[THYMELEAF]             * [* {th:replace}] [100]: org.thymeleaf.standard.processor.StandardReplaceTagProcessor
[THYMELEAF]             * [* {th:each}] [200]: com.intuit.karate.template.KarateEachTagProcessor
[THYMELEAF]             * [* {th:switch}] [250]: org.thymeleaf.standard.processor.StandardSwitchTagProcessor
[THYMELEAF]             * [* {th:case}] [275]: org.thymeleaf.standard.processor.StandardCaseTagProcessor
[THYMELEAF]             * [* {th:if}] [300]: org.thymeleaf.standard.processor.StandardIfTagProcessor
[THYMELEAF]             * [* {th:unless}] [400]: org.thymeleaf.standard.processor.StandardUnlessTagProcessor
[THYMELEAF]             * [* {th:object}] [500]: org.thymeleaf.standard.processor.StandardObjectTagProcessor
[THYMELEAF]             * [* {th:with}] [600]: com.intuit.karate.template.KarateWithTagProcessor
[THYMELEAF]             * [* {th:attr}] [700]: com.intuit.karate.template.KarateAttributeTagProcessor.KarateAttrTagProcessor
[THYMELEAF]             * [* {th:attrappend}] [900]: com.intuit.karate.template.KarateAttributeTagProcessor.KarateAttrappendTagProcessor
[THYMELEAF]             * [* {th:attrprepend}] [900]: com.intuit.karate.template.KarateAttributeTagProcessor.KarateAttrprependTagProcessor
[THYMELEAF]             * [* {th:inline}] [1000]: org.thymeleaf.standard.processor.StandardInlineXMLTagProcessor
[THYMELEAF]             * [* {xmlns:th}] [1000]: org.thymeleaf.standard.processor.StandardXmlNsTagProcessor
[THYMELEAF]             * [* {th:text}] [1300]: org.thymeleaf.standard.processor.StandardTextTagProcessor
[THYMELEAF]             * [* {th:utext}] [1400]: org.thymeleaf.standard.processor.StandardUtextTagProcessor
[THYMELEAF]             * [* {th:fragment}] [1500]: org.thymeleaf.standard.processor.StandardFragmentTagProcessor
[THYMELEAF]             * [* {th:assert}] [1550]: org.thymeleaf.standard.processor.StandardAssertTagProcessor
[THYMELEAF]             * [* {th:remove}] [1600]: org.thymeleaf.standard.processor.StandardRemoveTagProcessor
[THYMELEAF]             * [* {th:ref}] [10000]: org.thymeleaf.standard.processor.StandardRefAttributeTagProcessor
[THYMELEAF]             * [{th:block} *] [100000]: org.thymeleaf.standard.processor.StandardBlockTagProcessor
[THYMELEAF]             * [* th:*] [2147483647]: org.thymeleaf.standard.processor.StandardDefaultAttributesTagProcessor
[THYMELEAF]         * Text Processors by [precedence]:
[THYMELEAF]             * [1000]: org.thymeleaf.standard.processor.StandardInliningTextProcessor
[THYMELEAF]         * CDATA Section Processors by [precedence]:
[THYMELEAF]             * [1000]: org.thymeleaf.standard.processor.StandardInliningCDATASectionProcessor
[THYMELEAF]         * Comment Processors by [precedence]:
[THYMELEAF]             * [1000]: org.thymeleaf.standard.processor.StandardInliningCommentProcessor
[THYMELEAF]     * Processors for Template Mode: TEXT
[THYMELEAF]         * Element Tag Processors by [matching element and attribute name] [precedence]:
[THYMELEAF]             * [* {th:insert}] [100]: org.thymeleaf.standard.processor.StandardInsertTagProcessor
[THYMELEAF]             * [* {th:replace}] [100]: org.thymeleaf.standard.processor.StandardReplaceTagProcessor
[THYMELEAF]             * [* {th:each}] [200]: com.intuit.karate.template.KarateEachTagProcessor
[THYMELEAF]             * [* {th:switch}] [250]: org.thymeleaf.standard.processor.StandardSwitchTagProcessor
[THYMELEAF]             * [* {th:case}] [275]: org.thymeleaf.standard.processor.StandardCaseTagProcessor
[THYMELEAF]             * [* {th:if}] [300]: org.thymeleaf.standard.processor.StandardIfTagProcessor
[THYMELEAF]             * [* {th:unless}] [400]: org.thymeleaf.standard.processor.StandardUnlessTagProcessor
[THYMELEAF]             * [* {th:object}] [500]: org.thymeleaf.standard.processor.StandardObjectTagProcessor
[THYMELEAF]             * [* {th:with}] [600]: com.intuit.karate.template.KarateWithTagProcessor
[THYMELEAF]             * [* {th:inline}] [1000]: org.thymeleaf.standard.processor.StandardInlineTextualTagProcessor
[THYMELEAF]             * [* {th:text}] [1300]: org.thymeleaf.standard.processor.StandardTextTagProcessor
[THYMELEAF]             * [* {th:utext}] [1400]: org.thymeleaf.standard.processor.StandardUtextTagProcessor
[THYMELEAF]             * [* {th:assert}] [1550]: org.thymeleaf.standard.processor.StandardAssertTagProcessor
[THYMELEAF]             * [* {th:remove}] [1600]: org.thymeleaf.standard.processor.StandardRemoveTagProcessor
[THYMELEAF]             * [{th:block} *] [100000]: org.thymeleaf.standard.processor.StandardBlockTagProcessor
[THYMELEAF]             * [* 100000] [org.thymeleaf.standard.processor.StandardBlockTagProcessor]: {}
[THYMELEAF]         * Text Processors by [precedence]:
[THYMELEAF]             * [1000]: org.thymeleaf.standard.processor.StandardInliningTextProcessor
[THYMELEAF]     * Processors for Template Mode: JAVASCRIPT
[THYMELEAF]         * Element Tag Processors by [matching element and attribute name] [precedence]:
[THYMELEAF]             * [* {th:insert}] [100]: org.thymeleaf.standard.processor.StandardInsertTagProcessor
[THYMELEAF]             * [* {th:replace}] [100]: org.thymeleaf.standard.processor.StandardReplaceTagProcessor
[THYMELEAF]             * [* {th:each}] [200]: com.intuit.karate.template.KarateEachTagProcessor
[THYMELEAF]             * [* {th:switch}] [250]: org.thymeleaf.standard.processor.StandardSwitchTagProcessor
[THYMELEAF]             * [* {th:case}] [275]: org.thymeleaf.standard.processor.StandardCaseTagProcessor
[THYMELEAF]             * [* {th:if}] [300]: org.thymeleaf.standard.processor.StandardIfTagProcessor
[THYMELEAF]             * [* {th:unless}] [400]: org.thymeleaf.standard.processor.StandardUnlessTagProcessor
[THYMELEAF]             * [* {th:object}] [500]: org.thymeleaf.standard.processor.StandardObjectTagProcessor
[THYMELEAF]             * [* {th:with}] [600]: com.intuit.karate.template.KarateWithTagProcessor
[THYMELEAF]             * [* {th:inline}] [1000]: org.thymeleaf.standard.processor.StandardInlineTextualTagProcessor
[THYMELEAF]             * [* {th:text}] [1300]: org.thymeleaf.standard.processor.StandardTextTagProcessor
[THYMELEAF]             * [* {th:utext}] [1400]: org.thymeleaf.standard.processor.StandardUtextTagProcessor
[THYMELEAF]             * [* {th:assert}] [1550]: org.thymeleaf.standard.processor.StandardAssertTagProcessor
[THYMELEAF]             * [* {th:remove}] [1600]: org.thymeleaf.standard.processor.StandardRemoveTagProcessor
[THYMELEAF]             * [* 100000] [org.thymeleaf.standard.processor.StandardBlockTagProcessor]: {}
[THYMELEAF]             * [{th:block} *] [100000]: org.thymeleaf.standard.processor.StandardBlockTagProcessor
[THYMELEAF]         * Text Processors by [precedence]:
[THYMELEAF]             * [1000]: org.thymeleaf.standard.processor.StandardInliningTextProcessor
[THYMELEAF]     * Processors for Template Mode: CSS
[THYMELEAF]         * Element Tag Processors by [matching element and attribute name] [precedence]:
[THYMELEAF]             * [* {th:insert}] [100]: org.thymeleaf.standard.processor.StandardInsertTagProcessor
[THYMELEAF]             * [* {th:replace}] [100]: org.thymeleaf.standard.processor.StandardReplaceTagProcessor
[THYMELEAF]             * [* {th:each}] [200]: com.intuit.karate.template.KarateEachTagProcessor
[THYMELEAF]             * [* {th:switch}] [250]: org.thymeleaf.standard.processor.StandardSwitchTagProcessor
[THYMELEAF]             * [* {th:case}] [275]: org.thymeleaf.standard.processor.StandardCaseTagProcessor
[THYMELEAF]             * [* {th:if}] [300]: org.thymeleaf.standard.processor.StandardIfTagProcessor
[THYMELEAF]             * [* {th:unless}] [400]: org.thymeleaf.standard.processor.StandardUnlessTagProcessor
[THYMELEAF]             * [* {th:object}] [500]: org.thymeleaf.standard.processor.StandardObjectTagProcessor
[THYMELEAF]             * [* {th:with}] [600]: com.intuit.karate.template.KarateWithTagProcessor
[THYMELEAF]             * [* {th:inline}] [1000]: org.thymeleaf.standard.processor.StandardInlineTextualTagProcessor
[THYMELEAF]             * [* {th:text}] [1300]: org.thymeleaf.standard.processor.StandardTextTagProcessor
[THYMELEAF]             * [* {th:utext}] [1400]: org.thymeleaf.standard.processor.StandardUtextTagProcessor
[THYMELEAF]             * [* {th:assert}] [1550]: org.thymeleaf.standard.processor.StandardAssertTagProcessor
[THYMELEAF]             * [* {th:remove}] [1600]: org.thymeleaf.standard.processor.StandardRemoveTagProcessor
[THYMELEAF]             * [{th:block} *] [100000]: org.thymeleaf.standard.processor.StandardBlockTagProcessor
[THYMELEAF]             * [* 100000] [org.thymeleaf.standard.processor.StandardBlockTagProcessor]: {}
[THYMELEAF]         * Text Processors by [precedence]:
[THYMELEAF]             * [1000]: org.thymeleaf.standard.processor.StandardInliningTextProcessor
[THYMELEAF]     * Expression Objects:
[THYMELEAF]         * #ctx
[THYMELEAF]         * #root
[THYMELEAF]         * #vars
[THYMELEAF]         * #object
[THYMELEAF]         * #locale
[THYMELEAF]         * #conversions
[THYMELEAF]         * #uris
[THYMELEAF]         * #temporals
[THYMELEAF]         * #calendars
[THYMELEAF]         * #dates
[THYMELEAF]         * #bools
[THYMELEAF]         * #numbers
[THYMELEAF]         * #objects
[THYMELEAF]         * #strings
[THYMELEAF]         * #arrays
[THYMELEAF]         * #lists
[THYMELEAF]         * #sets
[THYMELEAF]         * #maps
[THYMELEAF]         * #aggregates
[THYMELEAF]         * #messages
[THYMELEAF]         * #ids
[THYMELEAF]         * #execInfo
[THYMELEAF]         * #request
[THYMELEAF]         * #response
[THYMELEAF]         * #session
[THYMELEAF]         * #servletContext
[THYMELEAF]     * Execution Attributes:
[THYMELEAF]         * "StandardExpressionParser": com.intuit.karate.template.KarateStandardDialect@6f7c9755
[THYMELEAF]         * "StandardJavaScriptSerializer": org.thymeleaf.standard.serializer.StandardJavaScriptSerializer@446a5aa5
[THYMELEAF]         * "StandardCSSSerializer": org.thymeleaf.standard.serializer.StandardCSSSerializer@628bcf2c
[THYMELEAF]         * "StandardVariableExpressionEvaluator": com.intuit.karate.template.KarateStandardDialect@6f7c9755
[THYMELEAF]         * "StandardConversionService": org.thymeleaf.standard.expression.StandardConversionService@4b76251c
[THYMELEAF] * Dialect [2 of 2]: karate (com.intuit.karate.template.KarateScriptDialect)
[THYMELEAF]     * Prefix: "ka"
[THYMELEAF]     * Processors for Template Mode: HTML
[THYMELEAF]         * Element Tag Processors by [matching element and attribute name] [precedence]:
[THYMELEAF]             * [* {src}] [1000]: com.intuit.karate.template.KaScriptAttrProcessor
[THYMELEAF]         * Element Model Processors by [matching element and attribute name] [precedence]:
[THYMELEAF]             * [{script} {ka:scope,data-ka-scope}] [1000]: com.intuit.karate.template.KaScriptElemProcessor
[THYMELEAF]             * [* {ka:set,data-ka-set}] [1000]: com.intuit.karate.template.KaSetElemProcessor
[THYMELEAF] TEMPLATE ENGINE CONFIGURED OK
23:46:05.822 [main] DEBUG org.thymeleaf.TemplateEngine -- [THYMELEAF] TEMPLATE ENGINE INITIALIZED

HTML report: (paste into browser to view) | Karate version: 1.4.1
file:///C:/Users/monst/karate-tests/target/karate-reports/karate-summary.html
===================================================================

]]></system-out>
    <system-err><![CDATA[ERROR StatusLogger Log4j2 could not find a logging implementation. Please add log4j-core to the classpath. Using SimpleLogger to log to the console...
]]></system-err>
  </testcase>
</testsuite>