<?xml version="1.0" encoding="UTF-8"?>
<testsuite xmlns:xsi="http://www.w3.org/2001/XMLSchema-instance" xsi:noNamespaceSchemaLocation="https://maven.apache.org/surefire/maven-surefire-plugin/xsd/surefire-test-report-3.0.xsd" version="3.0" name="runners.performance.LoginPerfRunner" time="30.72" tests="1" errors="0" skipped="0" failures="0">
  <properties>
    <property name="java.specification.version" value="17"/>
    <property name="sun.cpu.isalist" value="amd64"/>
    <property name="sun.jnu.encoding" value="Cp1252"/>
    <property name="java.class.path" value="C:\Users\monst\karate-tests\target\test-classes;C:\Users\monst\karate-tests\target\classes;C:\Users\monst\.m2\repository\com\intuit\karate\karate-junit5\1.4.1\karate-junit5-1.4.1.jar;C:\Users\monst\.m2\repository\com\intuit\karate\karate-core\1.4.1\karate-core-1.4.1.jar;C:\Users\monst\.m2\repository\org\graalvm\js\js-scriptengine\22.3.3\js-scriptengine-22.3.3.jar;C:\Users\monst\.m2\repository\org\graalvm\sdk\graal-sdk\22.3.3\graal-sdk-22.3.3.jar;C:\Users\monst\.m2\repository\org\graalvm\js\js\22.3.3\js-22.3.3.jar;C:\Users\monst\.m2\repository\org\graalvm\regex\regex\22.3.3\regex-22.3.3.jar;C:\Users\monst\.m2\repository\org\graalvm\truffle\truffle-api\22.3.3\truffle-api-22.3.3.jar;C:\Users\monst\.m2\repository\com\ibm\icu\icu4j\71.1\icu4j-71.1.jar;C:\Users\monst\.m2\repository\org\thymeleaf\thymeleaf\3.1.2.RELEASE\thymeleaf-3.1.2.RELEASE.jar;C:\Users\monst\.m2\repository\ognl\ognl\3.3.4\ognl-3.3.4.jar;C:\Users\monst\.m2\repository\org\javassist\javassist\3.29.0-GA\javassist-3.29.0-GA.jar;C:\Users\monst\.m2\repository\org\attoparser\attoparser\2.0.7.RELEASE\attoparser-2.0.7.RELEASE.jar;C:\Users\monst\.m2\repository\org\unbescape\unbescape\1.1.6.RELEASE\unbescape-1.1.6.RELEASE.jar;C:\Users\monst\.m2\repository\org\slf4j\slf4j-api\2.0.7\slf4j-api-2.0.7.jar;C:\Users\monst\.m2\repository\com\linecorp\armeria\armeria\1.25.2\armeria-1.25.2.jar;C:\Users\monst\.m2\repository\com\fasterxml\jackson\core\jackson-core\2.15.2\jackson-core-2.15.2.jar;C:\Users\monst\.m2\repository\com\fasterxml\jackson\core\jackson-annotations\2.15.2\jackson-annotations-2.15.2.jar;C:\Users\monst\.m2\repository\com\fasterxml\jackson\datatype\jackson-datatype-jdk8\2.15.2\jackson-datatype-jdk8-2.15.2.jar;C:\Users\monst\.m2\repository\com\fasterxml\jackson\datatype\jackson-datatype-jsr310\2.15.2\jackson-datatype-jsr310-2.15.2.jar;C:\Users\monst\.m2\repository\io\micrometer\micrometer-core\1.11.3\micrometer-core-1.11.3.jar;C:\Users\monst\.m2\repository\io\micrometer\micrometer-commons\1.11.3\micrometer-commons-1.11.3.jar;C:\Users\monst\.m2\repository\io\micrometer\micrometer-observation\1.11.3\micrometer-observation-1.11.3.jar;C:\Users\monst\.m2\repository\org\latencyutils\LatencyUtils\2.0.3\LatencyUtils-2.0.3.jar;C:\Users\monst\.m2\repository\io\netty\netty-transport\4.1.96.Final\netty-transport-4.1.96.Final.jar;C:\Users\monst\.m2\repository\io\netty\netty-codec-haproxy\4.1.96.Final\netty-codec-haproxy-4.1.96.Final.jar;C:\Users\monst\.m2\repository\io\netty\netty-codec-http2\4.1.96.Final\netty-codec-http2-4.1.96.Final.jar;C:\Users\monst\.m2\repository\io\netty\netty-resolver-dns\4.1.96.Final\netty-resolver-dns-4.1.96.Final.jar;C:\Users\monst\.m2\repository\io\netty\netty-codec-dns\4.1.96.Final\netty-codec-dns-4.1.96.Final.jar;C:\Users\monst\.m2\repository\org\reactivestreams\reactive-streams\1.0.4\reactive-streams-1.0.4.jar;C:\Users\monst\.m2\repository\io\netty\netty-handler-proxy\4.1.96.Final\netty-handler-proxy-4.1.96.Final.jar;C:\Users\monst\.m2\repository\io\netty\netty-codec-socks\4.1.96.Final\netty-codec-socks-4.1.96.Final.jar;C:\Users\monst\.m2\repository\io\netty\netty-transport-native-unix-common\4.1.96.Final\netty-transport-native-unix-common-4.1.96.Final-linux-x86_64.jar;C:\Users\monst\.m2\repository\io\netty\netty-transport-native-unix-common\4.1.96.Final\netty-transport-native-unix-common-4.1.96.Final-linux-aarch_64.jar;C:\Users\monst\.m2\repository\io\netty\netty-transport-native-unix-common\4.1.96.Final\netty-transport-native-unix-common-4.1.96.Final-osx-x86_64.jar;C:\Users\monst\.m2\repository\io\netty\netty-transport-native-kqueue\4.1.96.Final\netty-transport-native-kqueue-4.1.96.Final-osx-x86_64.jar;C:\Users\monst\.m2\repository\io\netty\netty-transport-classes-kqueue\4.1.96.Final\netty-transport-classes-kqueue-4.1.96.Final.jar;C:\Users\monst\.m2\repository\io\netty\netty-resolver-dns-native-macos\4.1.96.Final\netty-resolver-dns-native-macos-4.1.96.Final-osx-x86_64.jar;C:\Users\monst\.m2\repository\io\netty\netty-resolver-dns-classes-macos\4.1.96.Final\netty-resolver-dns-classes-macos-4.1.96.Final.jar;C:\Users\monst\.m2\repository\io\netty\netty-transport-native-unix-common\4.1.96.Final\netty-transport-native-unix-common-4.1.96.Final-osx-aarch_64.jar;C:\Users\monst\.m2\repository\io\netty\netty-transport-native-kqueue\4.1.96.Final\netty-transport-native-kqueue-4.1.96.Final-osx-aarch_64.jar;C:\Users\monst\.m2\repository\io\netty\netty-resolver-dns-native-macos\4.1.96.Final\netty-resolver-dns-native-macos-4.1.96.Final-osx-aarch_64.jar;C:\Users\monst\.m2\repository\io\netty\netty-tcnative-boringssl-static\2.0.61.Final\netty-tcnative-boringssl-static-2.0.61.Final-linux-x86_64.jar;C:\Users\monst\.m2\repository\io\netty\netty-tcnative-boringssl-static\2.0.61.Final\netty-tcnative-boringssl-static-2.0.61.Final-linux-aarch_64.jar;C:\Users\monst\.m2\repository\io\netty\netty-tcnative-boringssl-static\2.0.61.Final\netty-tcnative-boringssl-static-2.0.61.Final-osx-x86_64.jar;C:\Users\monst\.m2\repository\io\netty\netty-tcnative-boringssl-static\2.0.61.Final\netty-tcnative-boringssl-static-2.0.61.Final-osx-aarch_64.jar;C:\Users\monst\.m2\repository\io\netty\netty-tcnative-boringssl-static\2.0.61.Final\netty-tcnative-boringssl-static-2.0.61.Final-windows-x86_64.jar;C:\Users\monst\.m2\repository\com\aayushatharva\brotli4j\brotli4j\1.12.0\brotli4j-1.12.0.jar;C:\Users\monst\.m2\repository\com\aayushatharva\brotli4j\service\1.12.0\service-1.12.0.jar;C:\Users\monst\.m2\repository\org\apache\httpcomponents\httpclient\4.5.14\httpclient-4.5.14.jar;C:\Users\monst\.m2\repository\org\apache\httpcomponents\httpcore\4.4.16\httpcore-4.4.16.jar;C:\Users\monst\.m2\repository\ch\qos\logback\logback-classic\1.4.11\logback-classic-1.4.11.jar;C:\Users\monst\.m2\repository\ch\qos\logback\logback-core\1.4.11\logback-core-1.4.11.jar;C:\Users\monst\.m2\repository\org\slf4j\jcl-over-slf4j\2.0.9\jcl-over-slf4j-2.0.9.jar;C:\Users\monst\.m2\repository\org\antlr\antlr4-runtime\4.11.1\antlr4-runtime-4.11.1.jar;C:\Users\monst\.m2\repository\com\jayway\jsonpath\json-path\2.8.0\json-path-2.8.0.jar;C:\Users\monst\.m2\repository\net\minidev\json-smart\2.4.10\json-smart-2.4.10.jar;C:\Users\monst\.m2\repository\net\minidev\accessors-smart\2.4.9\accessors-smart-2.4.9.jar;C:\Users\monst\.m2\repository\org\ow2\asm\asm\9.3\asm-9.3.jar;C:\Users\monst\.m2\repository\org\yaml\snakeyaml\2.0\snakeyaml-2.0.jar;C:\Users\monst\.m2\repository\de\siegmar\fastcsv\2.2.1\fastcsv-2.2.1.jar;C:\Users\monst\.m2\repository\info\picocli\picocli\4.7.1\picocli-4.7.1.jar;C:\Users\monst\.m2\repository\io\github\classgraph\classgraph\4.8.160\classgraph-4.8.160.jar;C:\Users\monst\.m2\repository\io\github\t12y\resemble\1.0.2\resemble-1.0.2.jar;C:\Users\monst\.m2\repository\io\github\t12y\ssim\1.0.0\ssim-1.0.0.jar;C:\Users\monst\.m2\repository\org\junit\jupiter\junit-jupiter-api\5.9.3\junit-jupiter-api-5.9.3.jar;C:\Users\monst\.m2\repository\org\opentest4j\opentest4j\1.2.0\opentest4j-1.2.0.jar;C:\Users\monst\.m2\repository\org\junit\platform\junit-platform-commons\1.9.3\junit-platform-commons-1.9.3.jar;C:\Users\monst\.m2\repository\org\apiguardian\apiguardian-api\1.1.2\apiguardian-api-1.1.2.jar;C:\Users\monst\.m2\repository\org\junit\jupiter\junit-jupiter-engine\5.9.3\junit-jupiter-engine-5.9.3.jar;C:\Users\monst\.m2\repository\org\junit\platform\junit-platform-engine\1.9.3\junit-platform-engine-1.9.3.jar;C:\Users\monst\.m2\repository\org\apache\poi\poi\5.2.4\poi-5.2.4.jar;C:\Users\monst\.m2\repository\commons-codec\commons-codec\1.16.0\commons-codec-1.16.0.jar;C:\Users\monst\.m2\repository\org\apache\commons\commons-collections4\4.4\commons-collections4-4.4.jar;C:\Users\monst\.m2\repository\org\apache\commons\commons-math3\3.6.1\commons-math3-3.6.1.jar;C:\Users\monst\.m2\repository\commons-io\commons-io\2.13.0\commons-io-2.13.0.jar;C:\Users\monst\.m2\repository\com\zaxxer\SparseBitSet\1.3\SparseBitSet-1.3.jar;C:\Users\monst\.m2\repository\org\apache\logging\log4j\log4j-api\2.20.0\log4j-api-2.20.0.jar;C:\Users\monst\.m2\repository\org\apache\poi\poi-ooxml\5.2.4\poi-ooxml-5.2.4.jar;C:\Users\monst\.m2\repository\org\apache\poi\poi-ooxml-lite\5.2.4\poi-ooxml-lite-5.2.4.jar;C:\Users\monst\.m2\repository\org\apache\xmlbeans\xmlbeans\5.1.1\xmlbeans-5.1.1.jar;C:\Users\monst\.m2\repository\org\apache\commons\commons-compress\1.24.0\commons-compress-1.24.0.jar;C:\Users\monst\.m2\repository\com\github\virtuald\curvesapi\1.08\curvesapi-1.08.jar;C:\Users\monst\.m2\repository\com\intuit\karate\karate-gatling\1.4.1\karate-gatling-1.4.1.jar;C:\Users\monst\.m2\repository\io\gatling\gatling-app\3.9.0\gatling-app-3.9.0.jar;C:\Users\monst\.m2\repository\io\gatling\gatling-core\3.9.0\gatling-core-3.9.0.jar;C:\Users\monst\.m2\repository\io\gatling\gatling-netty-util\3.9.0\gatling-netty-util-3.9.0.jar;C:\Users\monst\.m2\repository\io\gatling\gatling-jdk-util\3.9.0\gatling-jdk-util-3.9.0.jar;C:\Users\monst\.m2\repository\io\netty\netty-buffer\4.1.86.Final\netty-buffer-4.1.86.Final.jar;C:\Users\monst\.m2\repository\io\netty\incubator\netty-incubator-transport-native-io_uring\0.0.16.Final\netty-incubator-transport-native-io_uring-0.0.16.Final-linux-x86_64.jar;C:\Users\monst\.m2\repository\io\netty\incubator\netty-incubator-transport-classes-io_uring\0.0.16.Final\netty-incubator-transport-classes-io_uring-0.0.16.Final.jar;C:\Users\monst\.m2\repository\io\netty\incubator\netty-incubator-transport-native-io_uring\0.0.16.Final\netty-incubator-transport-native-io_uring-0.0.16.Final-linux-aarch_64.jar;C:\Users\monst\.m2\repository\io\gatling\gatling-commons\3.9.0\gatling-commons-3.9.0.jar;C:\Users\monst\.m2\repository\io\gatling\gatling-commons-shared\3.9.0\gatling-commons-shared-3.9.0.jar;C:\Users\monst\.m2\repository\org\scala-lang\scala-reflect\2.13.10\scala-reflect-2.13.10.jar;C:\Users\monst\.m2\repository\io\suzaku\boopickle_2.13\1.3.3\boopickle_2.13-1.3.3.jar;C:\Users\monst\.m2\repository\io\gatling\gatling-commons-shared-unstable\3.9.0\gatling-commons-shared-unstable-3.9.0.jar;C:\Users\monst\.m2\repository\com\typesafe\config\1.4.2\config-1.4.2.jar;C:\Users\monst\.m2\repository\org\typelevel\spire-macros_2.13\0.17.0\spire-macros_2.13-0.17.0.jar;C:\Users\monst\.m2\repository\com\typesafe\scala-logging\scala-logging_2.13\3.9.5\scala-logging_2.13-3.9.5.jar;C:\Users\monst\.m2\repository\io\gatling\gatling-jsonpath\3.9.0\gatling-jsonpath-3.9.0.jar;C:\Users\monst\.m2\repository\com\typesafe\akka\akka-actor_2.13\2.6.20\akka-actor_2.13-2.6.20.jar;C:\Users\monst\.m2\repository\org\scala-lang\modules\scala-java8-compat_2.13\1.0.0\scala-java8-compat_2.13-1.0.0.jar;C:\Users\monst\.m2\repository\com\typesafe\akka\akka-slf4j_2.13\2.6.20\akka-slf4j_2.13-2.6.20.jar;C:\Users\monst\.m2\repository\org\simpleflatmapper\lightning-csv\8.2.3\lightning-csv-8.2.3.jar;C:\Users\monst\.m2\repository\org\simpleflatmapper\sfm-util\8.2.3\sfm-util-8.2.3.jar;C:\Users\monst\.m2\repository\com\github\ben-manes\caffeine\caffeine\2.9.3\caffeine-2.9.3.jar;C:\Users\monst\.m2\repository\org\checkerframework\checker-qual\3.19.0\checker-qual-3.19.0.jar;C:\Users\monst\.m2\repository\com\google\errorprone\error_prone_annotations\2.10.0\error_prone_annotations-2.10.0.jar;C:\Users\monst\.m2\repository\io\pebbletemplates\pebble\3.2.0\pebble-3.2.0.jar;C:\Users\monst\.m2\repository\org\scala-lang\modules\scala-parser-combinators_2.13\2.1.1\scala-parser-combinators_2.13-2.1.1.jar;C:\Users\monst\.m2\repository\com\github\scopt\scopt_2.13\3.7.1\scopt_2.13-3.7.1.jar;C:\Users\monst\.m2\repository\io\netty\netty-handler\4.1.86.Final\netty-handler-4.1.86.Final.jar;C:\Users\monst\.m2\repository\io\netty\netty-common\4.1.86.Final\netty-common-4.1.86.Final.jar;C:\Users\monst\.m2\repository\io\netty\netty-resolver\4.1.86.Final\netty-resolver-4.1.86.Final.jar;C:\Users\monst\.m2\repository\io\netty\netty-transport-native-unix-common\4.1.86.Final\netty-transport-native-unix-common-4.1.86.Final.jar;C:\Users\monst\.m2\repository\io\netty\netty-codec\4.1.86.Final\netty-codec-4.1.86.Final.jar;C:\Users\monst\.m2\repository\io\netty\netty-tcnative-classes\2.0.54.Final\netty-tcnative-classes-2.0.54.Final.jar;C:\Users\monst\.m2\repository\com\softwaremill\quicklens\quicklens_2.13\1.9.0\quicklens_2.13-1.9.0.jar;C:\Users\monst\.m2\repository\com\fasterxml\jackson\core\jackson-databind\2.14.1\jackson-databind-2.14.1.jar;C:\Users\monst\.m2\repository\net\sf\saxon\Saxon-HE\10.6\Saxon-HE-10.6.jar;C:\Users\monst\.m2\repository\org\jodd\jodd-lagarto\6.0.6\jodd-lagarto-6.0.6.jar;C:\Users\monst\.m2\repository\org\jodd\jodd-util\6.1.0\jodd-util-6.1.0.jar;C:\Users\monst\.m2\repository\io\burt\jmespath-jackson\0.5.1\jmespath-jackson-0.5.1.jar;C:\Users\monst\.m2\repository\io\burt\jmespath-core\0.5.1\jmespath-core-0.5.1.jar;C:\Users\monst\.m2\repository\io\gatling\gatling-core-java\3.9.0\gatling-core-java-3.9.0.jar;C:\Users\monst\.m2\repository\net\jodah\typetools\0.6.3\typetools-0.6.3.jar;C:\Users\monst\.m2\repository\com\google\code\findbugs\jsr305\3.0.2\jsr305-3.0.2.jar;C:\Users\monst\.m2\repository\io\gatling\gatling-http\3.9.0\gatling-http-3.9.0.jar;C:\Users\monst\.m2\repository\io\gatling\gatling-http-client\3.9.0\gatling-http-client-3.9.0.jar;C:\Users\monst\.m2\repository\io\netty\netty-tcnative-boringssl-static\2.0.54.Final\netty-tcnative-boringssl-static-2.0.54.Final.jar;C:\Users\monst\.m2\repository\com\aayushatharva\brotli4j\native-linux-x86_64\1.8.0\native-linux-x86_64-1.8.0.jar;C:\Users\monst\.m2\repository\com\aayushatharva\brotli4j\native-linux-aarch64\1.8.0\native-linux-aarch64-1.8.0.jar;C:\Users\monst\.m2\repository\com\aayushatharva\brotli4j\native-osx-x86_64\1.8.0\native-osx-x86_64-1.8.0.jar;C:\Users\monst\.m2\repository\com\aayushatharva\brotli4j\native-osx-aarch64\1.8.0\native-osx-aarch64-1.8.0.jar;C:\Users\monst\.m2\repository\com\aayushatharva\brotli4j\native-windows-x86_64\1.8.0\native-windows-x86_64-1.8.0.jar;C:\Users\monst\.m2\repository\io\gatling\gatling-http-java\3.9.0\gatling-http-java-3.9.0.jar;C:\Users\monst\.m2\repository\io\gatling\gatling-jms\3.9.0\gatling-jms-3.9.0.jar;C:\Users\monst\.m2\repository\javax\jms\javax.jms-api\2.0.1\javax.jms-api-2.0.1.jar;C:\Users\monst\.m2\repository\com\eatthepath\fast-uuid\0.2.0\fast-uuid-0.2.0.jar;C:\Users\monst\.m2\repository\io\gatling\gatling-jms-java\3.9.0\gatling-jms-java-3.9.0.jar;C:\Users\monst\.m2\repository\io\gatling\gatling-mqtt\3.9.0\gatling-mqtt-3.9.0.jar;C:\Users\monst\.m2\repository\io\netty\netty-codec-mqtt\4.1.86.Final\netty-codec-mqtt-4.1.86.Final.jar;C:\Users\monst\.m2\repository\io\netty\netty-transport-native-epoll\4.1.86.Final\netty-transport-native-epoll-4.1.86.Final-linux-x86_64.jar;C:\Users\monst\.m2\repository\io\netty\netty-transport-classes-epoll\4.1.86.Final\netty-transport-classes-epoll-4.1.86.Final.jar;C:\Users\monst\.m2\repository\io\netty\netty-transport-native-epoll\4.1.86.Final\netty-transport-native-epoll-4.1.86.Final-linux-aarch_64.jar;C:\Users\monst\.m2\repository\io\gatling\gatling-mqtt-java\3.9.0\gatling-mqtt-java-3.9.0.jar;C:\Users\monst\.m2\repository\io\gatling\gatling-jdbc\3.9.0\gatling-jdbc-3.9.0.jar;C:\Users\monst\.m2\repository\io\gatling\gatling-jdbc-java\3.9.0\gatling-jdbc-java-3.9.0.jar;C:\Users\monst\.m2\repository\io\gatling\gatling-redis\3.9.0\gatling-redis-3.9.0.jar;C:\Users\monst\.m2\repository\net\debasishg\redisclient_2.13\3.42\redisclient_2.13-3.42.jar;C:\Users\monst\.m2\repository\org\apache\commons\commons-pool2\2.8.0\commons-pool2-2.8.0.jar;C:\Users\monst\.m2\repository\io\gatling\gatling-redis-java\3.9.0\gatling-redis-java-3.9.0.jar;C:\Users\monst\.m2\repository\io\gatling\gatling-graphite\3.9.0\gatling-graphite-3.9.0.jar;C:\Users\monst\.m2\repository\org\hdrhistogram\HdrHistogram\2.1.12\HdrHistogram-2.1.12.jar;C:\Users\monst\.m2\repository\io\gatling\gatling-charts\3.9.0\gatling-charts-3.9.0.jar;C:\Users\monst\.m2\repository\com\tdunning\t-digest\3.1\t-digest-3.1.jar;C:\Users\monst\.m2\repository\io\gatling\highcharts\gatling-charts-highcharts\3.9.0\gatling-charts-highcharts-3.9.0.jar;C:\Users\monst\.m2\repository\io\gatling\gatling-recorder\3.9.0\gatling-recorder-3.9.0.jar;C:\Users\monst\.m2\repository\org\scala-lang\modules\scala-swing_2.13\3.0.0\scala-swing_2.13-3.0.0.jar;C:\Users\monst\.m2\repository\io\gatling\gatling-recorder-bc-shaded\1.72\gatling-recorder-bc-shaded-1.72.jar;C:\Users\monst\.m2\repository\io\netty\netty-codec-http\4.1.86.Final\netty-codec-http-4.1.86.Final.jar;C:\Users\monst\.m2\repository\org\scala-lang\scala-library\2.13.10\scala-library-2.13.10.jar;"/>
    <property name="java.vm.vendor" value="Oracle Corporation"/>
    <property name="sun.arch.data.model" value="64"/>
    <property name="user.variant" value=""/>
    <property name="java.vendor.url" value="https://java.oracle.com/"/>
    <property name="user.timezone" value="Asia/Saigon"/>
    <property name="os.name" value="Windows 11"/>
    <property name="java.vm.specification.version" value="17"/>
    <property name="sun.java.launcher" value="SUN_STANDARD"/>
    <property name="user.country" value="US"/>
    <property name="sun.boot.library.path" value="C:\Program Files\Java\jdk-17\bin"/>
    <property name="sun.java.command" value="C:\Users\monst\AppData\Local\Temp\surefire12882575330914652346\surefirebooter-20250622230742503_3.jar C:\Users\monst\AppData\Local\Temp\surefire12882575330914652346 2025-06-22T23-07-42_091-jvmRun1 surefire-20250622230742503_1tmp surefire_0-20250622230742503_2tmp"/>
    <property name="jdk.debug" value="release"/>
    <property name="test" value="runners.performance.LoginPerfRunner"/>
    <property name="surefire.test.class.path" value="C:\Users\monst\karate-tests\target\test-classes;C:\Users\monst\karate-tests\target\classes;C:\Users\monst\.m2\repository\com\intuit\karate\karate-junit5\1.4.1\karate-junit5-1.4.1.jar;C:\Users\monst\.m2\repository\com\intuit\karate\karate-core\1.4.1\karate-core-1.4.1.jar;C:\Users\monst\.m2\repository\org\graalvm\js\js-scriptengine\22.3.3\js-scriptengine-22.3.3.jar;C:\Users\monst\.m2\repository\org\graalvm\sdk\graal-sdk\22.3.3\graal-sdk-22.3.3.jar;C:\Users\monst\.m2\repository\org\graalvm\js\js\22.3.3\js-22.3.3.jar;C:\Users\monst\.m2\repository\org\graalvm\regex\regex\22.3.3\regex-22.3.3.jar;C:\Users\monst\.m2\repository\org\graalvm\truffle\truffle-api\22.3.3\truffle-api-22.3.3.jar;C:\Users\monst\.m2\repository\com\ibm\icu\icu4j\71.1\icu4j-71.1.jar;C:\Users\monst\.m2\repository\org\thymeleaf\thymeleaf\3.1.2.RELEASE\thymeleaf-3.1.2.RELEASE.jar;C:\Users\monst\.m2\repository\ognl\ognl\3.3.4\ognl-3.3.4.jar;C:\Users\monst\.m2\repository\org\javassist\javassist\3.29.0-GA\javassist-3.29.0-GA.jar;C:\Users\monst\.m2\repository\org\attoparser\attoparser\2.0.7.RELEASE\attoparser-2.0.7.RELEASE.jar;C:\Users\monst\.m2\repository\org\unbescape\unbescape\1.1.6.RELEASE\unbescape-1.1.6.RELEASE.jar;C:\Users\monst\.m2\repository\org\slf4j\slf4j-api\2.0.7\slf4j-api-2.0.7.jar;C:\Users\monst\.m2\repository\com\linecorp\armeria\armeria\1.25.2\armeria-1.25.2.jar;C:\Users\monst\.m2\repository\com\fasterxml\jackson\core\jackson-core\2.15.2\jackson-core-2.15.2.jar;C:\Users\monst\.m2\repository\com\fasterxml\jackson\core\jackson-annotations\2.15.2\jackson-annotations-2.15.2.jar;C:\Users\monst\.m2\repository\com\fasterxml\jackson\datatype\jackson-datatype-jdk8\2.15.2\jackson-datatype-jdk8-2.15.2.jar;C:\Users\monst\.m2\repository\com\fasterxml\jackson\datatype\jackson-datatype-jsr310\2.15.2\jackson-datatype-jsr310-2.15.2.jar;C:\Users\monst\.m2\repository\io\micrometer\micrometer-core\1.11.3\micrometer-core-1.11.3.jar;C:\Users\monst\.m2\repository\io\micrometer\micrometer-commons\1.11.3\micrometer-commons-1.11.3.jar;C:\Users\monst\.m2\repository\io\micrometer\micrometer-observation\1.11.3\micrometer-observation-1.11.3.jar;C:\Users\monst\.m2\repository\org\latencyutils\LatencyUtils\2.0.3\LatencyUtils-2.0.3.jar;C:\Users\monst\.m2\repository\io\netty\netty-transport\4.1.96.Final\netty-transport-4.1.96.Final.jar;C:\Users\monst\.m2\repository\io\netty\netty-codec-haproxy\4.1.96.Final\netty-codec-haproxy-4.1.96.Final.jar;C:\Users\monst\.m2\repository\io\netty\netty-codec-http2\4.1.96.Final\netty-codec-http2-4.1.96.Final.jar;C:\Users\monst\.m2\repository\io\netty\netty-resolver-dns\4.1.96.Final\netty-resolver-dns-4.1.96.Final.jar;C:\Users\monst\.m2\repository\io\netty\netty-codec-dns\4.1.96.Final\netty-codec-dns-4.1.96.Final.jar;C:\Users\monst\.m2\repository\org\reactivestreams\reactive-streams\1.0.4\reactive-streams-1.0.4.jar;C:\Users\monst\.m2\repository\io\netty\netty-handler-proxy\4.1.96.Final\netty-handler-proxy-4.1.96.Final.jar;C:\Users\monst\.m2\repository\io\netty\netty-codec-socks\4.1.96.Final\netty-codec-socks-4.1.96.Final.jar;C:\Users\monst\.m2\repository\io\netty\netty-transport-native-unix-common\4.1.96.Final\netty-transport-native-unix-common-4.1.96.Final-linux-x86_64.jar;C:\Users\monst\.m2\repository\io\netty\netty-transport-native-unix-common\4.1.96.Final\netty-transport-native-unix-common-4.1.96.Final-linux-aarch_64.jar;C:\Users\monst\.m2\repository\io\netty\netty-transport-native-unix-common\4.1.96.Final\netty-transport-native-unix-common-4.1.96.Final-osx-x86_64.jar;C:\Users\monst\.m2\repository\io\netty\netty-transport-native-kqueue\4.1.96.Final\netty-transport-native-kqueue-4.1.96.Final-osx-x86_64.jar;C:\Users\monst\.m2\repository\io\netty\netty-transport-classes-kqueue\4.1.96.Final\netty-transport-classes-kqueue-4.1.96.Final.jar;C:\Users\monst\.m2\repository\io\netty\netty-resolver-dns-native-macos\4.1.96.Final\netty-resolver-dns-native-macos-4.1.96.Final-osx-x86_64.jar;C:\Users\monst\.m2\repository\io\netty\netty-resolver-dns-classes-macos\4.1.96.Final\netty-resolver-dns-classes-macos-4.1.96.Final.jar;C:\Users\monst\.m2\repository\io\netty\netty-transport-native-unix-common\4.1.96.Final\netty-transport-native-unix-common-4.1.96.Final-osx-aarch_64.jar;C:\Users\monst\.m2\repository\io\netty\netty-transport-native-kqueue\4.1.96.Final\netty-transport-native-kqueue-4.1.96.Final-osx-aarch_64.jar;C:\Users\monst\.m2\repository\io\netty\netty-resolver-dns-native-macos\4.1.96.Final\netty-resolver-dns-native-macos-4.1.96.Final-osx-aarch_64.jar;C:\Users\monst\.m2\repository\io\netty\netty-tcnative-boringssl-static\2.0.61.Final\netty-tcnative-boringssl-static-2.0.61.Final-linux-x86_64.jar;C:\Users\monst\.m2\repository\io\netty\netty-tcnative-boringssl-static\2.0.61.Final\netty-tcnative-boringssl-static-2.0.61.Final-linux-aarch_64.jar;C:\Users\monst\.m2\repository\io\netty\netty-tcnative-boringssl-static\2.0.61.Final\netty-tcnative-boringssl-static-2.0.61.Final-osx-x86_64.jar;C:\Users\monst\.m2\repository\io\netty\netty-tcnative-boringssl-static\2.0.61.Final\netty-tcnative-boringssl-static-2.0.61.Final-osx-aarch_64.jar;C:\Users\monst\.m2\repository\io\netty\netty-tcnative-boringssl-static\2.0.61.Final\netty-tcnative-boringssl-static-2.0.61.Final-windows-x86_64.jar;C:\Users\monst\.m2\repository\com\aayushatharva\brotli4j\brotli4j\1.12.0\brotli4j-1.12.0.jar;C:\Users\monst\.m2\repository\com\aayushatharva\brotli4j\service\1.12.0\service-1.12.0.jar;C:\Users\monst\.m2\repository\org\apache\httpcomponents\httpclient\4.5.14\httpclient-4.5.14.jar;C:\Users\monst\.m2\repository\org\apache\httpcomponents\httpcore\4.4.16\httpcore-4.4.16.jar;C:\Users\monst\.m2\repository\ch\qos\logback\logback-classic\1.4.11\logback-classic-1.4.11.jar;C:\Users\monst\.m2\repository\ch\qos\logback\logback-core\1.4.11\logback-core-1.4.11.jar;C:\Users\monst\.m2\repository\org\slf4j\jcl-over-slf4j\2.0.9\jcl-over-slf4j-2.0.9.jar;C:\Users\monst\.m2\repository\org\antlr\antlr4-runtime\4.11.1\antlr4-runtime-4.11.1.jar;C:\Users\monst\.m2\repository\com\jayway\jsonpath\json-path\2.8.0\json-path-2.8.0.jar;C:\Users\monst\.m2\repository\net\minidev\json-smart\2.4.10\json-smart-2.4.10.jar;C:\Users\monst\.m2\repository\net\minidev\accessors-smart\2.4.9\accessors-smart-2.4.9.jar;C:\Users\monst\.m2\repository\org\ow2\asm\asm\9.3\asm-9.3.jar;C:\Users\monst\.m2\repository\org\yaml\snakeyaml\2.0\snakeyaml-2.0.jar;C:\Users\monst\.m2\repository\de\siegmar\fastcsv\2.2.1\fastcsv-2.2.1.jar;C:\Users\monst\.m2\repository\info\picocli\picocli\4.7.1\picocli-4.7.1.jar;C:\Users\monst\.m2\repository\io\github\classgraph\classgraph\4.8.160\classgraph-4.8.160.jar;C:\Users\monst\.m2\repository\io\github\t12y\resemble\1.0.2\resemble-1.0.2.jar;C:\Users\monst\.m2\repository\io\github\t12y\ssim\1.0.0\ssim-1.0.0.jar;C:\Users\monst\.m2\repository\org\junit\jupiter\junit-jupiter-api\5.9.3\junit-jupiter-api-5.9.3.jar;C:\Users\monst\.m2\repository\org\opentest4j\opentest4j\1.2.0\opentest4j-1.2.0.jar;C:\Users\monst\.m2\repository\org\junit\platform\junit-platform-commons\1.9.3\junit-platform-commons-1.9.3.jar;C:\Users\monst\.m2\repository\org\apiguardian\apiguardian-api\1.1.2\apiguardian-api-1.1.2.jar;C:\Users\monst\.m2\repository\org\junit\jupiter\junit-jupiter-engine\5.9.3\junit-jupiter-engine-5.9.3.jar;C:\Users\monst\.m2\repository\org\junit\platform\junit-platform-engine\1.9.3\junit-platform-engine-1.9.3.jar;C:\Users\monst\.m2\repository\org\apache\poi\poi\5.2.4\poi-5.2.4.jar;C:\Users\monst\.m2\repository\commons-codec\commons-codec\1.16.0\commons-codec-1.16.0.jar;C:\Users\monst\.m2\repository\org\apache\commons\commons-collections4\4.4\commons-collections4-4.4.jar;C:\Users\monst\.m2\repository\org\apache\commons\commons-math3\3.6.1\commons-math3-3.6.1.jar;C:\Users\monst\.m2\repository\commons-io\commons-io\2.13.0\commons-io-2.13.0.jar;C:\Users\monst\.m2\repository\com\zaxxer\SparseBitSet\1.3\SparseBitSet-1.3.jar;C:\Users\monst\.m2\repository\org\apache\logging\log4j\log4j-api\2.20.0\log4j-api-2.20.0.jar;C:\Users\monst\.m2\repository\org\apache\poi\poi-ooxml\5.2.4\poi-ooxml-5.2.4.jar;C:\Users\monst\.m2\repository\org\apache\poi\poi-ooxml-lite\5.2.4\poi-ooxml-lite-5.2.4.jar;C:\Users\monst\.m2\repository\org\apache\xmlbeans\xmlbeans\5.1.1\xmlbeans-5.1.1.jar;C:\Users\monst\.m2\repository\org\apache\commons\commons-compress\1.24.0\commons-compress-1.24.0.jar;C:\Users\monst\.m2\repository\com\github\virtuald\curvesapi\1.08\curvesapi-1.08.jar;C:\Users\monst\.m2\repository\com\intuit\karate\karate-gatling\1.4.1\karate-gatling-1.4.1.jar;C:\Users\monst\.m2\repository\io\gatling\gatling-app\3.9.0\gatling-app-3.9.0.jar;C:\Users\monst\.m2\repository\io\gatling\gatling-core\3.9.0\gatling-core-3.9.0.jar;C:\Users\monst\.m2\repository\io\gatling\gatling-netty-util\3.9.0\gatling-netty-util-3.9.0.jar;C:\Users\monst\.m2\repository\io\gatling\gatling-jdk-util\3.9.0\gatling-jdk-util-3.9.0.jar;C:\Users\monst\.m2\repository\io\netty\netty-buffer\4.1.86.Final\netty-buffer-4.1.86.Final.jar;C:\Users\monst\.m2\repository\io\netty\incubator\netty-incubator-transport-native-io_uring\0.0.16.Final\netty-incubator-transport-native-io_uring-0.0.16.Final-linux-x86_64.jar;C:\Users\monst\.m2\repository\io\netty\incubator\netty-incubator-transport-classes-io_uring\0.0.16.Final\netty-incubator-transport-classes-io_uring-0.0.16.Final.jar;C:\Users\monst\.m2\repository\io\netty\incubator\netty-incubator-transport-native-io_uring\0.0.16.Final\netty-incubator-transport-native-io_uring-0.0.16.Final-linux-aarch_64.jar;C:\Users\monst\.m2\repository\io\gatling\gatling-commons\3.9.0\gatling-commons-3.9.0.jar;C:\Users\monst\.m2\repository\io\gatling\gatling-commons-shared\3.9.0\gatling-commons-shared-3.9.0.jar;C:\Users\monst\.m2\repository\org\scala-lang\scala-reflect\2.13.10\scala-reflect-2.13.10.jar;C:\Users\monst\.m2\repository\io\suzaku\boopickle_2.13\1.3.3\boopickle_2.13-1.3.3.jar;C:\Users\monst\.m2\repository\io\gatling\gatling-commons-shared-unstable\3.9.0\gatling-commons-shared-unstable-3.9.0.jar;C:\Users\monst\.m2\repository\com\typesafe\config\1.4.2\config-1.4.2.jar;C:\Users\monst\.m2\repository\org\typelevel\spire-macros_2.13\0.17.0\spire-macros_2.13-0.17.0.jar;C:\Users\monst\.m2\repository\com\typesafe\scala-logging\scala-logging_2.13\3.9.5\scala-logging_2.13-3.9.5.jar;C:\Users\monst\.m2\repository\io\gatling\gatling-jsonpath\3.9.0\gatling-jsonpath-3.9.0.jar;C:\Users\monst\.m2\repository\com\typesafe\akka\akka-actor_2.13\2.6.20\akka-actor_2.13-2.6.20.jar;C:\Users\monst\.m2\repository\org\scala-lang\modules\scala-java8-compat_2.13\1.0.0\scala-java8-compat_2.13-1.0.0.jar;C:\Users\monst\.m2\repository\com\typesafe\akka\akka-slf4j_2.13\2.6.20\akka-slf4j_2.13-2.6.20.jar;C:\Users\monst\.m2\repository\org\simpleflatmapper\lightning-csv\8.2.3\lightning-csv-8.2.3.jar;C:\Users\monst\.m2\repository\org\simpleflatmapper\sfm-util\8.2.3\sfm-util-8.2.3.jar;C:\Users\monst\.m2\repository\com\github\ben-manes\caffeine\caffeine\2.9.3\caffeine-2.9.3.jar;C:\Users\monst\.m2\repository\org\checkerframework\checker-qual\3.19.0\checker-qual-3.19.0.jar;C:\Users\monst\.m2\repository\com\google\errorprone\error_prone_annotations\2.10.0\error_prone_annotations-2.10.0.jar;C:\Users\monst\.m2\repository\io\pebbletemplates\pebble\3.2.0\pebble-3.2.0.jar;C:\Users\monst\.m2\repository\org\scala-lang\modules\scala-parser-combinators_2.13\2.1.1\scala-parser-combinators_2.13-2.1.1.jar;C:\Users\monst\.m2\repository\com\github\scopt\scopt_2.13\3.7.1\scopt_2.13-3.7.1.jar;C:\Users\monst\.m2\repository\io\netty\netty-handler\4.1.86.Final\netty-handler-4.1.86.Final.jar;C:\Users\monst\.m2\repository\io\netty\netty-common\4.1.86.Final\netty-common-4.1.86.Final.jar;C:\Users\monst\.m2\repository\io\netty\netty-resolver\4.1.86.Final\netty-resolver-4.1.86.Final.jar;C:\Users\monst\.m2\repository\io\netty\netty-transport-native-unix-common\4.1.86.Final\netty-transport-native-unix-common-4.1.86.Final.jar;C:\Users\monst\.m2\repository\io\netty\netty-codec\4.1.86.Final\netty-codec-4.1.86.Final.jar;C:\Users\monst\.m2\repository\io\netty\netty-tcnative-classes\2.0.54.Final\netty-tcnative-classes-2.0.54.Final.jar;C:\Users\monst\.m2\repository\com\softwaremill\quicklens\quicklens_2.13\1.9.0\quicklens_2.13-1.9.0.jar;C:\Users\monst\.m2\repository\com\fasterxml\jackson\core\jackson-databind\2.14.1\jackson-databind-2.14.1.jar;C:\Users\monst\.m2\repository\net\sf\saxon\Saxon-HE\10.6\Saxon-HE-10.6.jar;C:\Users\monst\.m2\repository\org\jodd\jodd-lagarto\6.0.6\jodd-lagarto-6.0.6.jar;C:\Users\monst\.m2\repository\org\jodd\jodd-util\6.1.0\jodd-util-6.1.0.jar;C:\Users\monst\.m2\repository\io\burt\jmespath-jackson\0.5.1\jmespath-jackson-0.5.1.jar;C:\Users\monst\.m2\repository\io\burt\jmespath-core\0.5.1\jmespath-core-0.5.1.jar;C:\Users\monst\.m2\repository\io\gatling\gatling-core-java\3.9.0\gatling-core-java-3.9.0.jar;C:\Users\monst\.m2\repository\net\jodah\typetools\0.6.3\typetools-0.6.3.jar;C:\Users\monst\.m2\repository\com\google\code\findbugs\jsr305\3.0.2\jsr305-3.0.2.jar;C:\Users\monst\.m2\repository\io\gatling\gatling-http\3.9.0\gatling-http-3.9.0.jar;C:\Users\monst\.m2\repository\io\gatling\gatling-http-client\3.9.0\gatling-http-client-3.9.0.jar;C:\Users\monst\.m2\repository\io\netty\netty-tcnative-boringssl-static\2.0.54.Final\netty-tcnative-boringssl-static-2.0.54.Final.jar;C:\Users\monst\.m2\repository\com\aayushatharva\brotli4j\native-linux-x86_64\1.8.0\native-linux-x86_64-1.8.0.jar;C:\Users\monst\.m2\repository\com\aayushatharva\brotli4j\native-linux-aarch64\1.8.0\native-linux-aarch64-1.8.0.jar;C:\Users\monst\.m2\repository\com\aayushatharva\brotli4j\native-osx-x86_64\1.8.0\native-osx-x86_64-1.8.0.jar;C:\Users\monst\.m2\repository\com\aayushatharva\brotli4j\native-osx-aarch64\1.8.0\native-osx-aarch64-1.8.0.jar;C:\Users\monst\.m2\repository\com\aayushatharva\brotli4j\native-windows-x86_64\1.8.0\native-windows-x86_64-1.8.0.jar;C:\Users\monst\.m2\repository\io\gatling\gatling-http-java\3.9.0\gatling-http-java-3.9.0.jar;C:\Users\monst\.m2\repository\io\gatling\gatling-jms\3.9.0\gatling-jms-3.9.0.jar;C:\Users\monst\.m2\repository\javax\jms\javax.jms-api\2.0.1\javax.jms-api-2.0.1.jar;C:\Users\monst\.m2\repository\com\eatthepath\fast-uuid\0.2.0\fast-uuid-0.2.0.jar;C:\Users\monst\.m2\repository\io\gatling\gatling-jms-java\3.9.0\gatling-jms-java-3.9.0.jar;C:\Users\monst\.m2\repository\io\gatling\gatling-mqtt\3.9.0\gatling-mqtt-3.9.0.jar;C:\Users\monst\.m2\repository\io\netty\netty-codec-mqtt\4.1.86.Final\netty-codec-mqtt-4.1.86.Final.jar;C:\Users\monst\.m2\repository\io\netty\netty-transport-native-epoll\4.1.86.Final\netty-transport-native-epoll-4.1.86.Final-linux-x86_64.jar;C:\Users\monst\.m2\repository\io\netty\netty-transport-classes-epoll\4.1.86.Final\netty-transport-classes-epoll-4.1.86.Final.jar;C:\Users\monst\.m2\repository\io\netty\netty-transport-native-epoll\4.1.86.Final\netty-transport-native-epoll-4.1.86.Final-linux-aarch_64.jar;C:\Users\monst\.m2\repository\io\gatling\gatling-mqtt-java\3.9.0\gatling-mqtt-java-3.9.0.jar;C:\Users\monst\.m2\repository\io\gatling\gatling-jdbc\3.9.0\gatling-jdbc-3.9.0.jar;C:\Users\monst\.m2\repository\io\gatling\gatling-jdbc-java\3.9.0\gatling-jdbc-java-3.9.0.jar;C:\Users\monst\.m2\repository\io\gatling\gatling-redis\3.9.0\gatling-redis-3.9.0.jar;C:\Users\monst\.m2\repository\net\debasishg\redisclient_2.13\3.42\redisclient_2.13-3.42.jar;C:\Users\monst\.m2\repository\org\apache\commons\commons-pool2\2.8.0\commons-pool2-2.8.0.jar;C:\Users\monst\.m2\repository\io\gatling\gatling-redis-java\3.9.0\gatling-redis-java-3.9.0.jar;C:\Users\monst\.m2\repository\io\gatling\gatling-graphite\3.9.0\gatling-graphite-3.9.0.jar;C:\Users\monst\.m2\repository\org\hdrhistogram\HdrHistogram\2.1.12\HdrHistogram-2.1.12.jar;C:\Users\monst\.m2\repository\io\gatling\gatling-charts\3.9.0\gatling-charts-3.9.0.jar;C:\Users\monst\.m2\repository\com\tdunning\t-digest\3.1\t-digest-3.1.jar;C:\Users\monst\.m2\repository\io\gatling\highcharts\gatling-charts-highcharts\3.9.0\gatling-charts-highcharts-3.9.0.jar;C:\Users\monst\.m2\repository\io\gatling\gatling-recorder\3.9.0\gatling-recorder-3.9.0.jar;C:\Users\monst\.m2\repository\org\scala-lang\modules\scala-swing_2.13\3.0.0\scala-swing_2.13-3.0.0.jar;C:\Users\monst\.m2\repository\io\gatling\gatling-recorder-bc-shaded\1.72\gatling-recorder-bc-shaded-1.72.jar;C:\Users\monst\.m2\repository\io\netty\netty-codec-http\4.1.86.Final\netty-codec-http-4.1.86.Final.jar;C:\Users\monst\.m2\repository\org\scala-lang\scala-library\2.13.10\scala-library-2.13.10.jar;"/>
    <property name="sun.cpu.endian" value="little"/>
    <property name="user.home" value="C:\Users\monst"/>
    <property name="user.language" value="en"/>
    <property name="java.specification.vendor" value="Oracle Corporation"/>
    <property name="java.version.date" value="2023-10-17"/>
    <property name="java.home" value="C:\Program Files\Java\jdk-17"/>
    <property name="file.separator" value="\"/>
    <property name="basedir" value="C:\Users\monst\karate-tests"/>
    <property name="java.vm.compressedOopsMode" value="Zero based"/>
    <property name="line.separator" value="&#10;"/>
    <property name="java.vm.specification.vendor" value="Oracle Corporation"/>
    <property name="java.specification.name" value="Java Platform API Specification"/>
    <property name="surefire.real.class.path" value="C:\Users\monst\AppData\Local\Temp\surefire12882575330914652346\surefirebooter-20250622230742503_3.jar"/>
    <property name="user.script" value=""/>
    <property name="sun.management.compiler" value="HotSpot 64-Bit Tiered Compilers"/>
    <property name="java.runtime.version" value="17.0.9+11-LTS-201"/>
    <property name="user.name" value="monst"/>
    <property name="path.separator" value=";"/>
    <property name="os.version" value="10.0"/>
    <property name="java.runtime.name" value="Java(TM) SE Runtime Environment"/>
    <property name="file.encoding" value="Cp1252"/>
    <property name="java.vm.name" value="Java HotSpot(TM) 64-Bit Server VM"/>
    <property name="localRepository" value="C:\Users\monst\.m2\repository"/>
    <property name="java.vendor.url.bug" value="https://bugreport.java.com/bugreport/"/>
    <property name="java.io.tmpdir" value="C:\Users\monst\AppData\Local\Temp\"/>
    <property name="java.version" value="17.0.9"/>
    <property name="user.dir" value="C:\Users\monst\karate-tests"/>
    <property name="os.arch" value="amd64"/>
    <property name="java.vm.specification.name" value="Java Virtual Machine Specification"/>
    <property name="sun.os.patch.level" value=""/>
    <property name="native.encoding" value="Cp1252"/>
    <property name="java.library.path" value="C:\Program Files\Java\jdk-17\bin;C:\WINDOWS\Sun\Java\bin;C:\WINDOWS\system32;C:\WINDOWS;C:\Program Files\Eclipse Adoptium\jdk-17.0.12.7-hotspot\bin;C:\Program Files\Common Files\Oracle\Java\javapath;C:\Program Files (x86)\VMware\VMware Workstation\bin\;C:\Windows\system32;C:\Windows;C:\Windows\System32\Wbem;C:\Windows\System32\WindowsPowerShell\v1.0\;C:\Windows\System32\OpenSSH\;C:\Program Files (x86)\NVIDIA Corporation\PhysX\Common;C:\Program Files\NVIDIA Corporation\NVIDIA NvDLISR;C:\WINDOWS\system32;C:\WINDOWS;C:\WINDOWS\System32\Wbem;C:\WINDOWS\System32\WindowsPowerShell\v1.0\;C:\WINDOWS\System32\OpenSSH\;C:\Program Files\Azure Data Studio\bin;C:\Program Files (x86)\Microsoft SQL Server\160\Tools\Binn\;C:\Program Files\Microsoft SQL Server\160\Tools\Binn\;C:\Program Files\Microsoft SQL Server\Client SDK\ODBC\170\Tools\Binn\;C:\Program Files\Microsoft SQL Server\160\DTS\Binn\;C:\Program Files (x86)\Microsoft SQL Server\160\DTS\Binn\;C:\ProgramData\chocolatey\bin;C:\Program Files\Docker\Docker\resources\bin;C:\Program Files\nodejs\;C:\Program Files\MySQL\MySQL Server 8.0\bin;C:\Program Files\Git\cmd;C:\Program Files (x86)\Windows Kits\10\Windows Performance Toolkit\;C:\Program Files\dotnet\;C:\Program Files\Microsoft SQL Server\150\Tools\Binn\;C:\Program Files\Apache\apache-maven-3.9.9\bin;C:\Users\monst\AppData\Local\Android\Sdk\platform-tools;C:\Program Files\Cloudflare\Cloudflare WARP\;C:\Users\monst\AppData\Local\Programs\Python\Python313\Scripts\;C:\dev\flutter\bin;C:\Users\monst\.dotnet\tools;C:\Users\monst\AppData\Local\Programs\Microsoft VS Code\bin;C:\Users\monst\AppData\Local\Programs\Python\Python313\;C:\Users\monst\AppData\Local\Programs\cursor\resources\app\bin;C:\Users\monst\AppData\Roaming\npm;;."/>
    <property name="java.vm.info" value="mixed mode, sharing"/>
    <property name="java.vendor" value="Oracle Corporation"/>
    <property name="java.vm.version" value="17.0.9+11-LTS-201"/>
    <property name="sun.io.unicode.encoding" value="UnicodeLittle"/>
    <property name="java.class.version" value="61.0"/>
  </properties>
  <testcase name="testLoginPerformance" classname="runners.performance.LoginPerfRunner" time="30.692">
    <system-out><![CDATA[23:07:44.141 [main] INFO com.intuit.karate.Suite -- backed up existing 'target\karate-reports' dir to: target\karate-reports_1750608464137
23:07:45.499 [pool-2-thread-11] DEBUG com.jayway.jsonpath.internal.path.CompiledPath -- Evaluating path: $
23:07:45.499 [pool-2-thread-7] DEBUG com.jayway.jsonpath.internal.path.CompiledPath -- Evaluating path: $
23:07:45.500 [pool-2-thread-13] DEBUG com.jayway.jsonpath.internal.path.CompiledPath -- Evaluating path: $
23:07:45.499 [pool-2-thread-5] DEBUG com.jayway.jsonpath.internal.path.CompiledPath -- Evaluating path: $
23:07:45.499 [pool-2-thread-28] DEBUG com.jayway.jsonpath.internal.path.CompiledPath -- Evaluating path: $
23:07:45.499 [pool-2-thread-19] DEBUG com.jayway.jsonpath.internal.path.CompiledPath -- Evaluating path: $
23:07:45.499 [pool-2-thread-1] DEBUG com.jayway.jsonpath.internal.path.CompiledPath -- Evaluating path: $
23:07:45.499 [pool-2-thread-29] DEBUG com.jayway.jsonpath.internal.path.CompiledPath -- Evaluating path: $
23:07:45.499 [pool-2-thread-24] DEBUG com.jayway.jsonpath.internal.path.CompiledPath -- Evaluating path: $
23:07:45.499 [pool-2-thread-9] DEBUG com.jayway.jsonpath.internal.path.CompiledPath -- Evaluating path: $
23:07:45.499 [pool-2-thread-16] DEBUG com.jayway.jsonpath.internal.path.CompiledPath -- Evaluating path: $
23:07:45.499 [pool-2-thread-2] DEBUG com.jayway.jsonpath.internal.path.CompiledPath -- Evaluating path: $
23:07:45.499 [pool-2-thread-14] DEBUG com.jayway.jsonpath.internal.path.CompiledPath -- Evaluating path: $
23:07:45.499 [pool-2-thread-22] DEBUG com.jayway.jsonpath.internal.path.CompiledPath -- Evaluating path: $
23:07:45.499 [pool-2-thread-23] DEBUG com.jayway.jsonpath.internal.path.CompiledPath -- Evaluating path: $
23:07:45.499 [pool-2-thread-3] DEBUG com.jayway.jsonpath.internal.path.CompiledPath -- Evaluating path: $
23:07:45.499 [pool-2-thread-20] DEBUG com.jayway.jsonpath.internal.path.CompiledPath -- Evaluating path: $
23:07:45.499 [pool-2-thread-26] DEBUG com.jayway.jsonpath.internal.path.CompiledPath -- Evaluating path: $
23:07:45.499 [pool-2-thread-30] DEBUG com.jayway.jsonpath.internal.path.CompiledPath -- Evaluating path: $
23:07:45.499 [pool-2-thread-8] DEBUG com.jayway.jsonpath.internal.path.CompiledPath -- Evaluating path: $
23:07:45.499 [pool-2-thread-25] DEBUG com.jayway.jsonpath.internal.path.CompiledPath -- Evaluating path: $
23:07:45.499 [pool-2-thread-17] DEBUG com.jayway.jsonpath.internal.path.CompiledPath -- Evaluating path: $
23:07:45.499 [pool-2-thread-27] DEBUG com.jayway.jsonpath.internal.path.CompiledPath -- Evaluating path: $
23:07:45.499 [pool-2-thread-18] DEBUG com.jayway.jsonpath.internal.path.CompiledPath -- Evaluating path: $
23:07:45.500 [pool-2-thread-15] DEBUG com.jayway.jsonpath.internal.path.CompiledPath -- Evaluating path: $
23:07:45.500 [pool-2-thread-4] DEBUG com.jayway.jsonpath.internal.path.CompiledPath -- Evaluating path: $
23:07:45.500 [pool-2-thread-21] DEBUG com.jayway.jsonpath.internal.path.CompiledPath -- Evaluating path: $
23:07:45.500 [pool-2-thread-12] DEBUG com.jayway.jsonpath.internal.path.CompiledPath -- Evaluating path: $
23:07:45.500 [pool-2-thread-10] DEBUG com.jayway.jsonpath.internal.path.CompiledPath -- Evaluating path: $
23:07:45.500 [pool-2-thread-6] DEBUG com.jayway.jsonpath.internal.path.CompiledPath -- Evaluating path: $
23:07:45.628 [pool-2-thread-3] INFO com.intuit.karate -- [print] === STARTING PERFORMANCE TEST for user: test@example.com === 
23:07:45.630 [pool-2-thread-2] INFO com.intuit.karate -- [print] === STARTING PERFORMANCE TEST for user: quang1@gmail.com === 
23:07:45.628 [pool-2-thread-30] INFO com.intuit.karate -- [print] === STARTING PERFORMANCE TEST for user: testit2@gmail.com === 
23:07:45.631 [pool-2-thread-8] INFO com.intuit.karate -- [print] === STARTING PERFORMANCE TEST for user: testit5@gmail.com === 
23:07:45.634 [pool-2-thread-10] INFO com.intuit.karate -- [print] === STARTING PERFORMANCE TEST for user: testit2@gmail.com === 
23:07:45.637 [pool-2-thread-4] INFO com.intuit.karate -- [print] === STARTING PERFORMANCE TEST for user: test2@example.com === 
23:07:45.639 [pool-2-thread-4] INFO com.intuit.karate -- [print] *** API CALL 1 *** 
23:07:45.640 [pool-2-thread-2] INFO com.intuit.karate -- [print] *** API CALL 1 *** 
23:07:45.640 [pool-2-thread-10] INFO com.intuit.karate -- [print] *** API CALL 1 *** 
23:07:45.637 [pool-2-thread-9] INFO com.intuit.karate -- [print] === STARTING PERFORMANCE TEST for user: testit@gmail.com === 
23:07:45.642 [pool-2-thread-9] INFO com.intuit.karate -- [print] *** API CALL 1 *** 
23:07:45.642 [pool-2-thread-30] INFO com.intuit.karate -- [print] *** API CALL 1 *** 
23:07:45.641 [pool-2-thread-3] INFO com.intuit.karate -- [print] *** API CALL 1 *** 
23:07:45.648 [pool-2-thread-20] INFO com.intuit.karate -- [print] === STARTING PERFORMANCE TEST for user: testit2@gmail.com === 
23:07:45.648 [pool-2-thread-8] INFO com.intuit.karate -- [print] *** API CALL 1 *** 
23:07:45.650 [pool-2-thread-18] INFO com.intuit.karate -- [print] === STARTING PERFORMANCE TEST for user: testit5@gmail.com === 
23:07:45.651 [pool-2-thread-24] INFO com.intuit.karate -- [print] === STARTING PERFORMANCE TEST for user: test2@example.com === 
23:07:45.651 [pool-2-thread-13] INFO com.intuit.karate -- [print] === STARTING PERFORMANCE TEST for user: test@example.com === 
23:07:45.651 [pool-2-thread-22] INFO com.intuit.karate -- [print] === STARTING PERFORMANCE TEST for user: quang1@gmail.com === 
23:07:45.650 [pool-2-thread-29] INFO com.intuit.karate -- [print] === STARTING PERFORMANCE TEST for user: testit@gmail.com === 
23:07:45.651 [pool-2-thread-25] INFO com.intuit.karate -- [print] === STARTING PERFORMANCE TEST for user: test28@example.com === 
23:07:45.651 [pool-2-thread-21] INFO com.intuit.karate -- [print] === STARTING PERFORMANCE TEST for user: nam@gmail.com === 
23:07:45.652 [pool-2-thread-27] INFO com.intuit.karate -- [print] === STARTING PERFORMANCE TEST for user: testit3@gmail.com === 
23:07:45.652 [pool-2-thread-6] INFO com.intuit.karate -- [print] === STARTING PERFORMANCE TEST for user: testit4@gmail.com === 
23:07:45.652 [pool-2-thread-12] INFO com.intuit.karate -- [print] === STARTING PERFORMANCE TEST for user: quang1@gmail.com === 
23:07:45.654 [pool-2-thread-17] INFO com.intuit.karate -- [print] === STARTING PERFORMANCE TEST for user: testit3@gmail.com === 
23:07:45.654 [pool-2-thread-27] INFO com.intuit.karate -- [print] *** API CALL 1 *** 
23:07:45.654 [pool-2-thread-6] INFO com.intuit.karate -- [print] *** API CALL 1 *** 
23:07:45.654 [pool-2-thread-29] INFO com.intuit.karate -- [print] *** API CALL 1 *** 
23:07:45.651 [pool-2-thread-20] INFO com.intuit.karate -- [print] *** API CALL 1 *** 
23:07:45.655 [pool-2-thread-12] INFO com.intuit.karate -- [print] *** API CALL 1 *** 
23:07:45.655 [pool-2-thread-1] INFO com.intuit.karate -- [print] === STARTING PERFORMANCE TEST for user: nam@gmail.com === 
23:07:45.651 [pool-2-thread-14] INFO com.intuit.karate -- [print] === STARTING PERFORMANCE TEST for user: test2@example.com === 
23:07:45.652 [pool-2-thread-11] INFO com.intuit.karate -- [print] === STARTING PERFORMANCE TEST for user: nam@gmail.com === 
23:07:45.655 [pool-2-thread-17] INFO com.intuit.karate -- [print] *** API CALL 1 *** 
23:07:45.654 [pool-2-thread-25] INFO com.intuit.karate -- [print] *** API CALL 1 *** 
23:07:45.654 [pool-2-thread-18] INFO com.intuit.karate -- [print] *** API CALL 1 *** 
23:07:45.657 [pool-2-thread-11] INFO com.intuit.karate -- [print] *** API CALL 1 *** 
23:07:45.658 [pool-2-thread-7] INFO com.intuit.karate -- [print] === STARTING PERFORMANCE TEST for user: testit3@gmail.com === 
23:07:45.654 [pool-2-thread-22] INFO com.intuit.karate -- [print] *** API CALL 1 *** 
23:07:45.654 [pool-2-thread-24] INFO com.intuit.karate -- [print] *** API CALL 1 *** 
23:07:45.660 [pool-2-thread-28] INFO com.intuit.karate -- [print] === STARTING PERFORMANCE TEST for user: testit5@gmail.com === 
23:07:45.654 [pool-2-thread-21] INFO com.intuit.karate -- [print] *** API CALL 1 *** 
23:07:45.654 [pool-2-thread-13] INFO com.intuit.karate -- [print] *** API CALL 1 *** 
23:07:45.654 [pool-2-thread-15] INFO com.intuit.karate -- [print] === STARTING PERFORMANCE TEST for user: test28@example.com === 
23:07:45.662 [pool-2-thread-7] INFO com.intuit.karate -- [print] *** API CALL 1 *** 
23:07:45.662 [pool-2-thread-28] INFO com.intuit.karate -- [print] *** API CALL 1 *** 
23:07:45.654 [pool-2-thread-26] INFO com.intuit.karate -- [print] === STARTING PERFORMANCE TEST for user: testit4@gmail.com === 
23:07:45.662 [pool-2-thread-15] INFO com.intuit.karate -- [print] *** API CALL 1 *** 
23:07:45.656 [pool-2-thread-16] INFO com.intuit.karate -- [print] === STARTING PERFORMANCE TEST for user: testit4@gmail.com === 
23:07:45.656 [pool-2-thread-1] INFO com.intuit.karate -- [print] *** API CALL 1 *** 
23:07:45.657 [pool-2-thread-14] INFO com.intuit.karate -- [print] *** API CALL 1 *** 
23:07:45.663 [pool-2-thread-19] INFO com.intuit.karate -- [print] === STARTING PERFORMANCE TEST for user: testit@gmail.com === 
23:07:45.664 [pool-2-thread-26] INFO com.intuit.karate -- [print] *** API CALL 1 *** 
23:07:45.665 [pool-2-thread-19] INFO com.intuit.karate -- [print] *** API CALL 1 *** 
23:07:45.666 [pool-2-thread-23] INFO com.intuit.karate -- [print] === STARTING PERFORMANCE TEST for user: test@example.com === 
23:07:45.666 [pool-2-thread-16] INFO com.intuit.karate -- [print] *** API CALL 1 *** 
23:07:45.668 [pool-2-thread-5] INFO com.intuit.karate -- [print] === STARTING PERFORMANCE TEST for user: test28@example.com === 
23:07:45.668 [pool-2-thread-23] INFO com.intuit.karate -- [print] *** API CALL 1 *** 
23:07:45.669 [pool-2-thread-5] INFO com.intuit.karate -- [print] *** API CALL 1 *** 
23:07:45.729 [pool-2-thread-30] DEBUG io.netty.util.internal.logging.InternalLoggerFactory -- Using SLF4J as the default logging framework
23:07:45.733 [pool-2-thread-30] DEBUG io.netty.util.internal.PlatformDependent0 -- -Dio.netty.noUnsafe: false
23:07:45.733 [pool-2-thread-30] DEBUG io.netty.util.internal.PlatformDependent0 -- Java version: 17
23:07:45.734 [pool-2-thread-30] DEBUG io.netty.util.internal.PlatformDependent0 -- sun.misc.Unsafe.theUnsafe: available
23:07:45.734 [pool-2-thread-30] DEBUG io.netty.util.internal.PlatformDependent0 -- sun.misc.Unsafe.copyMemory: available
23:07:45.735 [pool-2-thread-30] DEBUG io.netty.util.internal.PlatformDependent0 -- sun.misc.Unsafe.storeFence: available
23:07:45.735 [pool-2-thread-30] DEBUG io.netty.util.internal.PlatformDependent0 -- java.nio.Buffer.address: available
23:07:45.736 [pool-2-thread-30] DEBUG io.netty.util.internal.PlatformDependent0 -- direct buffer constructor: unavailable: Reflective setAccessible(true) disabled
23:07:45.737 [pool-2-thread-30] DEBUG io.netty.util.internal.PlatformDependent0 -- java.nio.Bits.unaligned: available, true
23:07:45.738 [pool-2-thread-30] DEBUG io.netty.util.internal.PlatformDependent0 -- jdk.internal.misc.Unsafe.allocateUninitializedArray(int): unavailable: class io.netty.util.internal.PlatformDependent0$7 cannot access class jdk.internal.misc.Unsafe (in module java.base) because module java.base does not export jdk.internal.misc to unnamed module @76329302
23:07:45.739 [pool-2-thread-30] DEBUG io.netty.util.internal.PlatformDependent0 -- java.nio.DirectByteBuffer.<init>(long, int): unavailable
23:07:45.739 [pool-2-thread-30] DEBUG io.netty.util.internal.PlatformDependent -- sun.misc.Unsafe: available
23:07:45.740 [pool-2-thread-30] DEBUG io.netty.util.internal.PlatformDependent -- maxDirectMemory: 4123000832 bytes (maybe)
23:07:45.741 [pool-2-thread-30] DEBUG io.netty.util.internal.PlatformDependent -- -Dio.netty.tmpdir: C:\Users\monst\AppData\Local\Temp (java.io.tmpdir)
23:07:45.741 [pool-2-thread-30] DEBUG io.netty.util.internal.PlatformDependent -- -Dio.netty.bitMode: 64 (sun.arch.data.model)
23:07:45.741 [pool-2-thread-30] DEBUG io.netty.util.internal.PlatformDependent -- Platform: Windows
23:07:45.743 [pool-2-thread-30] DEBUG io.netty.util.internal.PlatformDependent -- -Dio.netty.maxDirectMemory: -1 bytes
23:07:45.743 [pool-2-thread-30] DEBUG io.netty.util.internal.PlatformDependent -- -Dio.netty.uninitializedArrayAllocationThreshold: -1
23:07:45.745 [pool-2-thread-30] DEBUG io.netty.util.internal.CleanerJava9 -- java.nio.ByteBuffer.cleaner(): available
23:07:45.745 [pool-2-thread-30] DEBUG io.netty.util.internal.PlatformDependent -- -Dio.netty.noPreferDirect: false
23:07:46.050 [pool-2-thread-15] DEBUG org.apache.http.client.protocol.RequestAddCookies -- CookieSpec selected: karate
23:07:46.050 [pool-2-thread-26] DEBUG org.apache.http.client.protocol.RequestAddCookies -- CookieSpec selected: karate
23:07:46.050 [pool-2-thread-13] DEBUG org.apache.http.client.protocol.RequestAddCookies -- CookieSpec selected: karate
23:07:46.052 [pool-2-thread-14] DEBUG org.apache.http.client.protocol.RequestAddCookies -- CookieSpec selected: karate
23:07:46.052 [pool-2-thread-7] DEBUG org.apache.http.client.protocol.RequestAddCookies -- CookieSpec selected: karate
23:07:46.050 [pool-2-thread-30] DEBUG org.apache.http.client.protocol.RequestAddCookies -- CookieSpec selected: karate
23:07:46.052 [pool-2-thread-6] DEBUG org.apache.http.client.protocol.RequestAddCookies -- CookieSpec selected: karate
23:07:46.052 [pool-2-thread-8] DEBUG org.apache.http.client.protocol.RequestAddCookies -- CookieSpec selected: karate
23:07:46.053 [pool-2-thread-2] DEBUG org.apache.http.client.protocol.RequestAddCookies -- CookieSpec selected: karate
23:07:46.053 [pool-2-thread-19] DEBUG org.apache.http.client.protocol.RequestAddCookies -- CookieSpec selected: karate
23:07:46.050 [pool-2-thread-5] DEBUG org.apache.http.client.protocol.RequestAddCookies -- CookieSpec selected: karate
23:07:46.053 [pool-2-thread-20] DEBUG org.apache.http.client.protocol.RequestAddCookies -- CookieSpec selected: karate
23:07:46.053 [pool-2-thread-21] DEBUG org.apache.http.client.protocol.RequestAddCookies -- CookieSpec selected: karate
23:07:46.050 [pool-2-thread-27] DEBUG org.apache.http.client.protocol.RequestAddCookies -- CookieSpec selected: karate
23:07:46.053 [pool-2-thread-12] DEBUG org.apache.http.client.protocol.RequestAddCookies -- CookieSpec selected: karate
23:07:46.053 [pool-2-thread-3] DEBUG org.apache.http.client.protocol.RequestAddCookies -- CookieSpec selected: karate
23:07:46.050 [pool-2-thread-24] DEBUG org.apache.http.client.protocol.RequestAddCookies -- CookieSpec selected: karate
23:07:46.050 [pool-2-thread-18] DEBUG org.apache.http.client.protocol.RequestAddCookies -- CookieSpec selected: karate
23:07:46.052 [pool-2-thread-1] DEBUG org.apache.http.client.protocol.RequestAddCookies -- CookieSpec selected: karate
23:07:46.052 [pool-2-thread-16] DEBUG org.apache.http.client.protocol.RequestAddCookies -- CookieSpec selected: karate
23:07:46.052 [pool-2-thread-28] DEBUG org.apache.http.client.protocol.RequestAddCookies -- CookieSpec selected: karate
23:07:46.052 [pool-2-thread-22] DEBUG org.apache.http.client.protocol.RequestAddCookies -- CookieSpec selected: karate
23:07:46.052 [pool-2-thread-25] DEBUG org.apache.http.client.protocol.RequestAddCookies -- CookieSpec selected: karate
23:07:46.053 [pool-2-thread-10] DEBUG org.apache.http.client.protocol.RequestAddCookies -- CookieSpec selected: karate
23:07:46.053 [pool-2-thread-11] DEBUG org.apache.http.client.protocol.RequestAddCookies -- CookieSpec selected: karate
23:07:46.053 [pool-2-thread-17] DEBUG org.apache.http.client.protocol.RequestAddCookies -- CookieSpec selected: karate
23:07:46.053 [pool-2-thread-29] DEBUG org.apache.http.client.protocol.RequestAddCookies -- CookieSpec selected: karate
23:07:46.053 [pool-2-thread-9] DEBUG org.apache.http.client.protocol.RequestAddCookies -- CookieSpec selected: karate
23:07:46.053 [pool-2-thread-4] DEBUG org.apache.http.client.protocol.RequestAddCookies -- CookieSpec selected: karate
23:07:46.053 [pool-2-thread-23] DEBUG org.apache.http.client.protocol.RequestAddCookies -- CookieSpec selected: karate
23:07:46.064 [pool-2-thread-8] DEBUG org.apache.http.client.protocol.RequestAuthCache -- Auth cache not set in the context
23:07:46.065 [pool-2-thread-18] DEBUG org.apache.http.client.protocol.RequestAuthCache -- Auth cache not set in the context
23:07:46.065 [pool-2-thread-3] DEBUG org.apache.http.client.protocol.RequestAuthCache -- Auth cache not set in the context
23:07:46.064 [pool-2-thread-11] DEBUG org.apache.http.client.protocol.RequestAuthCache -- Auth cache not set in the context
23:07:46.065 [pool-2-thread-24] DEBUG org.apache.http.client.protocol.RequestAuthCache -- Auth cache not set in the context
23:07:46.065 [pool-2-thread-23] DEBUG org.apache.http.client.protocol.RequestAuthCache -- Auth cache not set in the context
23:07:46.064 [pool-2-thread-6] DEBUG org.apache.http.client.protocol.RequestAuthCache -- Auth cache not set in the context
23:07:46.065 [pool-2-thread-21] DEBUG org.apache.http.client.protocol.RequestAuthCache -- Auth cache not set in the context
23:07:46.064 [pool-2-thread-22] DEBUG org.apache.http.client.protocol.RequestAuthCache -- Auth cache not set in the context
23:07:46.065 [pool-2-thread-7] DEBUG org.apache.http.client.protocol.RequestAuthCache -- Auth cache not set in the context
23:07:46.064 [pool-2-thread-15] DEBUG org.apache.http.client.protocol.RequestAuthCache -- Auth cache not set in the context
23:07:46.065 [pool-2-thread-12] DEBUG org.apache.http.client.protocol.RequestAuthCache -- Auth cache not set in the context
23:07:46.064 [pool-2-thread-20] DEBUG org.apache.http.client.protocol.RequestAuthCache -- Auth cache not set in the context
23:07:46.065 [pool-2-thread-1] DEBUG org.apache.http.client.protocol.RequestAuthCache -- Auth cache not set in the context
23:07:46.064 [pool-2-thread-27] DEBUG org.apache.http.client.protocol.RequestAuthCache -- Auth cache not set in the context
23:07:46.065 [pool-2-thread-4] DEBUG org.apache.http.client.protocol.RequestAuthCache -- Auth cache not set in the context
23:07:46.066 [pool-2-thread-19] DEBUG org.apache.http.client.protocol.RequestAuthCache -- Auth cache not set in the context
23:07:46.065 [pool-2-thread-28] DEBUG org.apache.http.client.protocol.RequestAuthCache -- Auth cache not set in the context
23:07:46.066 [pool-2-thread-17] DEBUG org.apache.http.client.protocol.RequestAuthCache -- Auth cache not set in the context
23:07:46.065 [pool-2-thread-5] DEBUG org.apache.http.client.protocol.RequestAuthCache -- Auth cache not set in the context
23:07:46.065 [pool-2-thread-16] DEBUG org.apache.http.client.protocol.RequestAuthCache -- Auth cache not set in the context
23:07:46.065 [pool-2-thread-10] DEBUG org.apache.http.client.protocol.RequestAuthCache -- Auth cache not set in the context
23:07:46.065 [pool-2-thread-26] DEBUG org.apache.http.client.protocol.RequestAuthCache -- Auth cache not set in the context
23:07:46.065 [pool-2-thread-29] DEBUG org.apache.http.client.protocol.RequestAuthCache -- Auth cache not set in the context
23:07:46.065 [pool-2-thread-13] DEBUG org.apache.http.client.protocol.RequestAuthCache -- Auth cache not set in the context
23:07:46.065 [pool-2-thread-2] DEBUG org.apache.http.client.protocol.RequestAuthCache -- Auth cache not set in the context
23:07:46.065 [pool-2-thread-25] DEBUG org.apache.http.client.protocol.RequestAuthCache -- Auth cache not set in the context
23:07:46.065 [pool-2-thread-14] DEBUG org.apache.http.client.protocol.RequestAuthCache -- Auth cache not set in the context
23:07:46.065 [pool-2-thread-9] DEBUG org.apache.http.client.protocol.RequestAuthCache -- Auth cache not set in the context
23:07:46.065 [pool-2-thread-30] DEBUG org.apache.http.client.protocol.RequestAuthCache -- Auth cache not set in the context
23:07:46.070 [pool-2-thread-24] DEBUG com.intuit.karate -- request:
1 > POST http://localhost:3000/auth/login
1 > Content-Type: application/json; charset=UTF-8
1 > Content-Length: 54
1 > Host: localhost:3000
1 > Connection: Keep-Alive
1 > User-Agent: Apache-HttpClient/4.5.14 (Java/17.0.9)
1 > Accept-Encoding: gzip,deflate
{"email":"test2@example.com","password":"Password123"}

23:07:46.070 [pool-2-thread-14] DEBUG com.intuit.karate -- request:
1 > POST http://localhost:3000/auth/login
1 > Content-Type: application/json; charset=UTF-8
1 > Content-Length: 53
1 > Host: localhost:3000
1 > Connection: Keep-Alive
1 > User-Agent: Apache-HttpClient/4.5.14 (Java/17.0.9)
1 > Accept-Encoding: gzip,deflate
{"email":"test2@example.com","password":"Password12"}

23:07:46.070 [pool-2-thread-1] DEBUG com.intuit.karate -- request:
1 > POST http://localhost:3000/auth/login
1 > Content-Type: application/json; charset=UTF-8
1 > Content-Length: 45
1 > Host: localhost:3000
1 > Connection: Keep-Alive
1 > User-Agent: Apache-HttpClient/4.5.14 (Java/17.0.9)
1 > Accept-Encoding: gzip,deflate
{"email":"nam@gmail.com","password":"123456"}

23:07:46.070 [pool-2-thread-7] DEBUG com.intuit.karate -- request:
1 > POST http://localhost:3000/auth/login
1 > Content-Type: application/json; charset=UTF-8
1 > Content-Length: 54
1 > Host: localhost:3000
1 > Connection: Keep-Alive
1 > User-Agent: Apache-HttpClient/4.5.14 (Java/17.0.9)
1 > Accept-Encoding: gzip,deflate
{"email":"testit3@gmail.com","password":"Password123"}

23:07:46.070 [pool-2-thread-2] DEBUG com.intuit.karate -- request:
1 > POST http://localhost:3000/auth/login
1 > Content-Type: application/json; charset=UTF-8
1 > Content-Length: 48
1 > Host: localhost:3000
1 > Connection: Keep-Alive
1 > User-Agent: Apache-HttpClient/4.5.14 (Java/17.0.9)
1 > Accept-Encoding: gzip,deflate
{"email":"quang1@gmail.com","password":"quang1"}

23:07:46.070 [pool-2-thread-21] DEBUG com.intuit.karate -- request:
1 > POST http://localhost:3000/auth/login
1 > Content-Type: application/json; charset=UTF-8
1 > Content-Length: 45
1 > Host: localhost:3000
1 > Connection: Keep-Alive
1 > User-Agent: Apache-HttpClient/4.5.14 (Java/17.0.9)
1 > Accept-Encoding: gzip,deflate
{"email":"nam@gmail.com","password":"123456"}

23:07:46.070 [pool-2-thread-20] DEBUG com.intuit.karate -- request:
1 > POST http://localhost:3000/auth/login
1 > Content-Type: application/json; charset=UTF-8
1 > Content-Length: 54
1 > Host: localhost:3000
1 > Connection: Keep-Alive
1 > User-Agent: Apache-HttpClient/4.5.14 (Java/17.0.9)
1 > Accept-Encoding: gzip,deflate
{"email":"testit2@gmail.com","password":"Password123"}

23:07:46.070 [pool-2-thread-16] DEBUG com.intuit.karate -- request:
1 > POST http://localhost:3000/auth/login
1 > Content-Type: application/json; charset=UTF-8
1 > Content-Length: 54
1 > Host: localhost:3000
1 > Connection: Keep-Alive
1 > User-Agent: Apache-HttpClient/4.5.14 (Java/17.0.9)
1 > Accept-Encoding: gzip,deflate
{"email":"testit4@gmail.com","password":"Password12g"}

23:07:46.070 [pool-2-thread-22] DEBUG com.intuit.karate -- request:
1 > POST http://localhost:3000/auth/login
1 > Content-Type: application/json; charset=UTF-8
1 > Content-Length: 48
1 > Host: localhost:3000
1 > Connection: Keep-Alive
1 > User-Agent: Apache-HttpClient/4.5.14 (Java/17.0.9)
1 > Accept-Encoding: gzip,deflate
{"email":"quang1@gmail.com","password":"quang1"}

23:07:46.070 [pool-2-thread-18] DEBUG com.intuit.karate -- request:
1 > POST http://localhost:3000/auth/login
1 > Content-Type: application/json; charset=UTF-8
1 > Content-Length: 54
1 > Host: localhost:3000
1 > Connection: Keep-Alive
1 > User-Agent: Apache-HttpClient/4.5.14 (Java/17.0.9)
1 > Accept-Encoding: gzip,deflate
{"email":"testit5@gmail.com","password":"Password123"}

23:07:46.070 [pool-2-thread-27] DEBUG com.intuit.karate -- request:
1 > POST http://localhost:3000/auth/login
1 > Content-Type: application/json; charset=UTF-8
1 > Content-Length: 54
1 > Host: localhost:3000
1 > Connection: Keep-Alive
1 > User-Agent: Apache-HttpClient/4.5.14 (Java/17.0.9)
1 > Accept-Encoding: gzip,deflate
{"email":"testit3@gmail.com","password":"Password123"}

23:07:46.070 [pool-2-thread-12] DEBUG com.intuit.karate -- request:
1 > POST http://localhost:3000/auth/login
1 > Content-Type: application/json; charset=UTF-8
1 > Content-Length: 48
1 > Host: localhost:3000
1 > Connection: Keep-Alive
1 > User-Agent: Apache-HttpClient/4.5.14 (Java/17.0.9)
1 > Accept-Encoding: gzip,deflate
{"email":"quang1@gmail.com","password":"quang1"}

23:07:46.070 [pool-2-thread-3] DEBUG com.intuit.karate -- request:
1 > POST http://localhost:3000/auth/login
1 > Content-Type: application/json; charset=UTF-8
1 > Content-Length: 53
1 > Host: localhost:3000
1 > Connection: Keep-Alive
1 > User-Agent: Apache-HttpClient/4.5.14 (Java/17.0.9)
1 > Accept-Encoding: gzip,deflate
{"email":"test@example.com","password":"Password123"}

23:07:46.070 [pool-2-thread-11] DEBUG com.intuit.karate -- request:
1 > POST http://localhost:3000/auth/login
1 > Content-Type: application/json; charset=UTF-8
1 > Content-Length: 44
1 > Host: localhost:3000
1 > Connection: Keep-Alive
1 > User-Agent: Apache-HttpClient/4.5.14 (Java/17.0.9)
1 > Accept-Encoding: gzip,deflate
{"email":"nam@gmail.com","password":"12345"}

23:07:46.070 [pool-2-thread-17] DEBUG com.intuit.karate -- request:
1 > POST http://localhost:3000/auth/login
1 > Content-Type: application/json; charset=UTF-8
1 > Content-Length: 54
1 > Host: localhost:3000
1 > Connection: Keep-Alive
1 > User-Agent: Apache-HttpClient/4.5.14 (Java/17.0.9)
1 > Accept-Encoding: gzip,deflate
{"email":"testit3@gmail.com","password":"Password123"}

23:07:46.070 [pool-2-thread-4] DEBUG com.intuit.karate -- request:
1 > POST http://localhost:3000/auth/login
1 > Content-Type: application/json; charset=UTF-8
1 > Content-Length: 54
1 > Host: localhost:3000
1 > Connection: Keep-Alive
1 > User-Agent: Apache-HttpClient/4.5.14 (Java/17.0.9)
1 > Accept-Encoding: gzip,deflate
{"email":"test2@example.com","password":"Password123"}

23:07:46.070 [pool-2-thread-5] DEBUG com.intuit.karate -- request:
1 > POST http://localhost:3000/auth/login
1 > Content-Type: application/json; charset=UTF-8
1 > Content-Length: 55
1 > Host: localhost:3000
1 > Connection: Keep-Alive
1 > User-Agent: Apache-HttpClient/4.5.14 (Java/17.0.9)
1 > Accept-Encoding: gzip,deflate
{"email":"test28@example.com","password":"Password123"}

23:07:46.070 [pool-2-thread-10] DEBUG com.intuit.karate -- request:
1 > POST http://localhost:3000/auth/login
1 > Content-Type: application/json; charset=UTF-8
1 > Content-Length: 54
1 > Host: localhost:3000
1 > Connection: Keep-Alive
1 > User-Agent: Apache-HttpClient/4.5.14 (Java/17.0.9)
1 > Accept-Encoding: gzip,deflate
{"email":"testit2@gmail.com","password":"Password123"}

23:07:46.070 [pool-2-thread-25] DEBUG com.intuit.karate -- request:
1 > POST http://localhost:3000/auth/login
1 > Content-Type: application/json; charset=UTF-8
1 > Content-Length: 55
1 > Host: localhost:3000
1 > Connection: Keep-Alive
1 > User-Agent: Apache-HttpClient/4.5.14 (Java/17.0.9)
1 > Accept-Encoding: gzip,deflate
{"email":"test28@example.com","password":"Password123"}

23:07:46.070 [pool-2-thread-15] DEBUG com.intuit.karate -- request:
1 > POST http://localhost:3000/auth/login
1 > Content-Type: application/json; charset=UTF-8
1 > Content-Length: 55
1 > Host: localhost:3000
1 > Connection: Keep-Alive
1 > User-Agent: Apache-HttpClient/4.5.14 (Java/17.0.9)
1 > Accept-Encoding: gzip,deflate
{"email":"test28@example.com","password":"Password12s"}

23:07:46.070 [pool-2-thread-6] DEBUG com.intuit.karate -- request:
1 > POST http://localhost:3000/auth/login
1 > Content-Type: application/json; charset=UTF-8
1 > Content-Length: 54
1 > Host: localhost:3000
1 > Connection: Keep-Alive
1 > User-Agent: Apache-HttpClient/4.5.14 (Java/17.0.9)
1 > Accept-Encoding: gzip,deflate
{"email":"testit4@gmail.com","password":"Password123"}

23:07:46.070 [pool-2-thread-23] DEBUG com.intuit.karate -- request:
1 > POST http://localhost:3000/auth/login
1 > Content-Type: application/json; charset=UTF-8
1 > Content-Length: 53
1 > Host: localhost:3000
1 > Connection: Keep-Alive
1 > User-Agent: Apache-HttpClient/4.5.14 (Java/17.0.9)
1 > Accept-Encoding: gzip,deflate
{"email":"test@example.com","password":"Password123"}

23:07:46.070 [pool-2-thread-9] DEBUG com.intuit.karate -- request:
1 > POST http://localhost:3000/auth/login
1 > Content-Type: application/json; charset=UTF-8
1 > Content-Length: 53
1 > Host: localhost:3000
1 > Connection: Keep-Alive
1 > User-Agent: Apache-HttpClient/4.5.14 (Java/17.0.9)
1 > Accept-Encoding: gzip,deflate
{"email":"testit@gmail.com","password":"Password123"}

23:07:46.070 [pool-2-thread-8] DEBUG com.intuit.karate -- request:
1 > POST http://localhost:3000/auth/login
1 > Content-Type: application/json; charset=UTF-8
1 > Content-Length: 54
1 > Host: localhost:3000
1 > Connection: Keep-Alive
1 > User-Agent: Apache-HttpClient/4.5.14 (Java/17.0.9)
1 > Accept-Encoding: gzip,deflate
{"email":"testit5@gmail.com","password":"Password123"}

23:07:46.070 [pool-2-thread-13] DEBUG com.intuit.karate -- request:
1 > POST http://localhost:3000/auth/login
1 > Content-Type: application/json; charset=UTF-8
1 > Content-Length: 53
1 > Host: localhost:3000
1 > Connection: Keep-Alive
1 > User-Agent: Apache-HttpClient/4.5.14 (Java/17.0.9)
1 > Accept-Encoding: gzip,deflate
{"email":"test@example.com","password":"Password12d"}

23:07:46.070 [pool-2-thread-19] DEBUG com.intuit.karate -- request:
1 > POST http://localhost:3000/auth/login
1 > Content-Type: application/json; charset=UTF-8
1 > Content-Length: 53
1 > Host: localhost:3000
1 > Connection: Keep-Alive
1 > User-Agent: Apache-HttpClient/4.5.14 (Java/17.0.9)
1 > Accept-Encoding: gzip,deflate
{"email":"testit@gmail.com","password":"Password123"}

23:07:46.070 [pool-2-thread-30] DEBUG com.intuit.karate -- request:
1 > POST http://localhost:3000/auth/login
1 > Content-Type: application/json; charset=UTF-8
1 > Content-Length: 54
1 > Host: localhost:3000
1 > Connection: Keep-Alive
1 > User-Agent: Apache-HttpClient/4.5.14 (Java/17.0.9)
1 > Accept-Encoding: gzip,deflate
{"email":"testit2@gmail.com","password":"Password123"}

23:07:46.070 [pool-2-thread-28] DEBUG com.intuit.karate -- request:
1 > POST http://localhost:3000/auth/login
1 > Content-Type: application/json; charset=UTF-8
1 > Content-Length: 54
1 > Host: localhost:3000
1 > Connection: Keep-Alive
1 > User-Agent: Apache-HttpClient/4.5.14 (Java/17.0.9)
1 > Accept-Encoding: gzip,deflate
{"email":"testit5@gmail.com","password":"Password123"}

23:07:46.072 [pool-2-thread-25] DEBUG org.apache.http.impl.conn.PoolingHttpClientConnectionManager -- Connection request: [route: {}->http://localhost:3000][total available: 0; route allocated: 0 of 5; total allocated: 0 of 10]
23:07:46.070 [pool-2-thread-29] DEBUG com.intuit.karate -- request:
1 > POST http://localhost:3000/auth/login
1 > Content-Type: application/json; charset=UTF-8
1 > Content-Length: 53
1 > Host: localhost:3000
1 > Connection: Keep-Alive
1 > User-Agent: Apache-HttpClient/4.5.14 (Java/17.0.9)
1 > Accept-Encoding: gzip,deflate
{"email":"testit@gmail.com","password":"Password123"}

23:07:46.072 [pool-2-thread-27] DEBUG org.apache.http.impl.conn.PoolingHttpClientConnectionManager -- Connection request: [route: {}->http://localhost:3000][total available: 0; route allocated: 0 of 5; total allocated: 0 of 10]
23:07:46.072 [pool-2-thread-21] DEBUG org.apache.http.impl.conn.PoolingHttpClientConnectionManager -- Connection request: [route: {}->http://localhost:3000][total available: 0; route allocated: 0 of 5; total allocated: 0 of 10]
23:07:46.072 [pool-2-thread-1] DEBUG org.apache.http.impl.conn.PoolingHttpClientConnectionManager -- Connection request: [route: {}->http://localhost:3000][total available: 0; route allocated: 0 of 5; total allocated: 0 of 10]
23:07:46.072 [pool-2-thread-6] DEBUG org.apache.http.impl.conn.PoolingHttpClientConnectionManager -- Connection request: [route: {}->http://localhost:3000][total available: 0; route allocated: 0 of 5; total allocated: 0 of 10]
23:07:46.072 [pool-2-thread-15] DEBUG org.apache.http.impl.conn.PoolingHttpClientConnectionManager -- Connection request: [route: {}->http://localhost:3000][total available: 0; route allocated: 0 of 5; total allocated: 0 of 10]
23:07:46.070 [pool-2-thread-26] DEBUG com.intuit.karate -- request:
1 > POST http://localhost:3000/auth/login
1 > Content-Type: application/json; charset=UTF-8
1 > Content-Length: 54
1 > Host: localhost:3000
1 > Connection: Keep-Alive
1 > User-Agent: Apache-HttpClient/4.5.14 (Java/17.0.9)
1 > Accept-Encoding: gzip,deflate
{"email":"testit4@gmail.com","password":"Password123"}

23:07:46.072 [pool-2-thread-13] DEBUG org.apache.http.impl.conn.PoolingHttpClientConnectionManager -- Connection request: [route: {}->http://localhost:3000][total available: 0; route allocated: 0 of 5; total allocated: 0 of 10]
23:07:46.072 [pool-2-thread-20] DEBUG org.apache.http.impl.conn.PoolingHttpClientConnectionManager -- Connection request: [route: {}->http://localhost:3000][total available: 0; route allocated: 0 of 5; total allocated: 0 of 10]
23:07:46.072 [pool-2-thread-11] DEBUG org.apache.http.impl.conn.PoolingHttpClientConnectionManager -- Connection request: [route: {}->http://localhost:3000][total available: 0; route allocated: 0 of 5; total allocated: 0 of 10]
23:07:46.072 [pool-2-thread-23] DEBUG org.apache.http.impl.conn.PoolingHttpClientConnectionManager -- Connection request: [route: {}->http://localhost:3000][total available: 0; route allocated: 0 of 5; total allocated: 0 of 10]
23:07:46.072 [pool-2-thread-19] DEBUG org.apache.http.impl.conn.PoolingHttpClientConnectionManager -- Connection request: [route: {}->http://localhost:3000][total available: 0; route allocated: 0 of 5; total allocated: 0 of 10]
23:07:46.072 [pool-2-thread-9] DEBUG org.apache.http.impl.conn.PoolingHttpClientConnectionManager -- Connection request: [route: {}->http://localhost:3000][total available: 0; route allocated: 0 of 5; total allocated: 0 of 10]
23:07:46.072 [pool-2-thread-8] DEBUG org.apache.http.impl.conn.PoolingHttpClientConnectionManager -- Connection request: [route: {}->http://localhost:3000][total available: 0; route allocated: 0 of 5; total allocated: 0 of 10]
23:07:46.072 [pool-2-thread-7] DEBUG org.apache.http.impl.conn.PoolingHttpClientConnectionManager -- Connection request: [route: {}->http://localhost:3000][total available: 0; route allocated: 0 of 5; total allocated: 0 of 10]
23:07:46.072 [pool-2-thread-10] DEBUG org.apache.http.impl.conn.PoolingHttpClientConnectionManager -- Connection request: [route: {}->http://localhost:3000][total available: 0; route allocated: 0 of 5; total allocated: 0 of 10]
23:07:46.072 [pool-2-thread-18] DEBUG org.apache.http.impl.conn.PoolingHttpClientConnectionManager -- Connection request: [route: {}->http://localhost:3000][total available: 0; route allocated: 0 of 5; total allocated: 0 of 10]
23:07:46.072 [pool-2-thread-30] DEBUG org.apache.http.impl.conn.PoolingHttpClientConnectionManager -- Connection request: [route: {}->http://localhost:3000][total available: 0; route allocated: 0 of 5; total allocated: 0 of 10]
23:07:46.072 [pool-2-thread-2] DEBUG org.apache.http.impl.conn.PoolingHttpClientConnectionManager -- Connection request: [route: {}->http://localhost:3000][total available: 0; route allocated: 0 of 5; total allocated: 0 of 10]
23:07:46.072 [pool-2-thread-5] DEBUG org.apache.http.impl.conn.PoolingHttpClientConnectionManager -- Connection request: [route: {}->http://localhost:3000][total available: 0; route allocated: 0 of 5; total allocated: 0 of 10]
23:07:46.072 [pool-2-thread-4] DEBUG org.apache.http.impl.conn.PoolingHttpClientConnectionManager -- Connection request: [route: {}->http://localhost:3000][total available: 0; route allocated: 0 of 5; total allocated: 0 of 10]
23:07:46.072 [pool-2-thread-14] DEBUG org.apache.http.impl.conn.PoolingHttpClientConnectionManager -- Connection request: [route: {}->http://localhost:3000][total available: 0; route allocated: 0 of 5; total allocated: 0 of 10]
23:07:46.072 [pool-2-thread-24] DEBUG org.apache.http.impl.conn.PoolingHttpClientConnectionManager -- Connection request: [route: {}->http://localhost:3000][total available: 0; route allocated: 0 of 5; total allocated: 0 of 10]
23:07:46.072 [pool-2-thread-28] DEBUG org.apache.http.impl.conn.PoolingHttpClientConnectionManager -- Connection request: [route: {}->http://localhost:3000][total available: 0; route allocated: 0 of 5; total allocated: 0 of 10]
23:07:46.072 [pool-2-thread-3] DEBUG org.apache.http.impl.conn.PoolingHttpClientConnectionManager -- Connection request: [route: {}->http://localhost:3000][total available: 0; route allocated: 0 of 5; total allocated: 0 of 10]
23:07:46.072 [pool-2-thread-22] DEBUG org.apache.http.impl.conn.PoolingHttpClientConnectionManager -- Connection request: [route: {}->http://localhost:3000][total available: 0; route allocated: 0 of 5; total allocated: 0 of 10]
23:07:46.072 [pool-2-thread-17] DEBUG org.apache.http.impl.conn.PoolingHttpClientConnectionManager -- Connection request: [route: {}->http://localhost:3000][total available: 0; route allocated: 0 of 5; total allocated: 0 of 10]
23:07:46.072 [pool-2-thread-12] DEBUG org.apache.http.impl.conn.PoolingHttpClientConnectionManager -- Connection request: [route: {}->http://localhost:3000][total available: 0; route allocated: 0 of 5; total allocated: 0 of 10]
23:07:46.072 [pool-2-thread-29] DEBUG org.apache.http.impl.conn.PoolingHttpClientConnectionManager -- Connection request: [route: {}->http://localhost:3000][total available: 0; route allocated: 0 of 5; total allocated: 0 of 10]
23:07:46.072 [pool-2-thread-16] DEBUG org.apache.http.impl.conn.PoolingHttpClientConnectionManager -- Connection request: [route: {}->http://localhost:3000][total available: 0; route allocated: 0 of 5; total allocated: 0 of 10]
23:07:46.072 [pool-2-thread-26] DEBUG org.apache.http.impl.conn.PoolingHttpClientConnectionManager -- Connection request: [route: {}->http://localhost:3000][total available: 0; route allocated: 0 of 5; total allocated: 0 of 10]
23:07:46.083 [pool-2-thread-6] DEBUG org.apache.http.impl.conn.PoolingHttpClientConnectionManager -- Connection leased: [id: 13][route: {}->http://localhost:3000][total available: 0; route allocated: 1 of 5; total allocated: 1 of 10]
23:07:46.083 [pool-2-thread-11] DEBUG org.apache.http.impl.conn.PoolingHttpClientConnectionManager -- Connection leased: [id: 0][route: {}->http://localhost:3000][total available: 0; route allocated: 1 of 5; total allocated: 1 of 10]
23:07:46.083 [pool-2-thread-5] DEBUG org.apache.http.impl.conn.PoolingHttpClientConnectionManager -- Connection leased: [id: 18][route: {}->http://localhost:3000][total available: 0; route allocated: 1 of 5; total allocated: 1 of 10]
23:07:46.083 [pool-2-thread-22] DEBUG org.apache.http.impl.conn.PoolingHttpClientConnectionManager -- Connection leased: [id: 8][route: {}->http://localhost:3000][total available: 0; route allocated: 1 of 5; total allocated: 1 of 10]
23:07:46.083 [pool-2-thread-29] DEBUG org.apache.http.impl.conn.PoolingHttpClientConnectionManager -- Connection leased: [id: 21][route: {}->http://localhost:3000][total available: 0; route allocated: 1 of 5; total allocated: 1 of 10]
23:07:46.083 [pool-2-thread-3] DEBUG org.apache.http.impl.conn.PoolingHttpClientConnectionManager -- Connection leased: [id: 11][route: {}->http://localhost:3000][total available: 0; route allocated: 1 of 5; total allocated: 1 of 10]
23:07:46.083 [pool-2-thread-15] DEBUG org.apache.http.impl.conn.PoolingHttpClientConnectionManager -- Connection leased: [id: 22][route: {}->http://localhost:3000][total available: 0; route allocated: 1 of 5; total allocated: 1 of 10]
23:07:46.083 [pool-2-thread-7] DEBUG org.apache.http.impl.conn.PoolingHttpClientConnectionManager -- Connection leased: [id: 17][route: {}->http://localhost:3000][total available: 0; route allocated: 1 of 5; total allocated: 1 of 10]
23:07:46.083 [pool-2-thread-28] DEBUG org.apache.http.impl.conn.PoolingHttpClientConnectionManager -- Connection leased: [id: 25][route: {}->http://localhost:3000][total available: 0; route allocated: 1 of 5; total allocated: 1 of 10]
23:07:46.083 [pool-2-thread-2] DEBUG org.apache.http.impl.conn.PoolingHttpClientConnectionManager -- Connection leased: [id: 10][route: {}->http://localhost:3000][total available: 0; route allocated: 1 of 5; total allocated: 1 of 10]
23:07:46.083 [pool-2-thread-10] DEBUG org.apache.http.impl.conn.PoolingHttpClientConnectionManager -- Connection leased: [id: 23][route: {}->http://localhost:3000][total available: 0; route allocated: 1 of 5; total allocated: 1 of 10]
23:07:46.083 [pool-2-thread-25] DEBUG org.apache.http.impl.conn.PoolingHttpClientConnectionManager -- Connection leased: [id: 14][route: {}->http://localhost:3000][total available: 0; route allocated: 1 of 5; total allocated: 1 of 10]
23:07:46.083 [pool-2-thread-20] DEBUG org.apache.http.impl.conn.PoolingHttpClientConnectionManager -- Connection leased: [id: 26][route: {}->http://localhost:3000][total available: 0; route allocated: 1 of 5; total allocated: 1 of 10]
23:07:46.083 [pool-2-thread-4] DEBUG org.apache.http.impl.conn.PoolingHttpClientConnectionManager -- Connection leased: [id: 20][route: {}->http://localhost:3000][total available: 0; route allocated: 1 of 5; total allocated: 1 of 10]
23:07:46.083 [pool-2-thread-14] DEBUG org.apache.http.impl.conn.PoolingHttpClientConnectionManager -- Connection leased: [id: 9][route: {}->http://localhost:3000][total available: 0; route allocated: 1 of 5; total allocated: 1 of 10]
23:07:46.083 [pool-2-thread-12] DEBUG org.apache.http.impl.conn.PoolingHttpClientConnectionManager -- Connection leased: [id: 19][route: {}->http://localhost:3000][total available: 0; route allocated: 1 of 5; total allocated: 1 of 10]
23:07:46.083 [pool-2-thread-24] DEBUG org.apache.http.impl.conn.PoolingHttpClientConnectionManager -- Connection leased: [id: 3][route: {}->http://localhost:3000][total available: 0; route allocated: 1 of 5; total allocated: 1 of 10]
23:07:46.083 [pool-2-thread-1] DEBUG org.apache.http.impl.conn.PoolingHttpClientConnectionManager -- Connection leased: [id: 12][route: {}->http://localhost:3000][total available: 0; route allocated: 1 of 5; total allocated: 1 of 10]
23:07:46.083 [pool-2-thread-26] DEBUG org.apache.http.impl.conn.PoolingHttpClientConnectionManager -- Connection leased: [id: 24][route: {}->http://localhost:3000][total available: 0; route allocated: 1 of 5; total allocated: 1 of 10]
23:07:46.083 [pool-2-thread-17] DEBUG org.apache.http.impl.conn.PoolingHttpClientConnectionManager -- Connection leased: [id: 27][route: {}->http://localhost:3000][total available: 0; route allocated: 1 of 5; total allocated: 1 of 10]
23:07:46.083 [pool-2-thread-18] DEBUG org.apache.http.impl.conn.PoolingHttpClientConnectionManager -- Connection leased: [id: 15][route: {}->http://localhost:3000][total available: 0; route allocated: 1 of 5; total allocated: 1 of 10]
23:07:46.083 [pool-2-thread-27] DEBUG org.apache.http.impl.conn.PoolingHttpClientConnectionManager -- Connection leased: [id: 29][route: {}->http://localhost:3000][total available: 0; route allocated: 1 of 5; total allocated: 1 of 10]
23:07:46.083 [pool-2-thread-9] DEBUG org.apache.http.impl.conn.PoolingHttpClientConnectionManager -- Connection leased: [id: 28][route: {}->http://localhost:3000][total available: 0; route allocated: 1 of 5; total allocated: 1 of 10]
23:07:46.083 [pool-2-thread-30] DEBUG org.apache.http.impl.conn.PoolingHttpClientConnectionManager -- Connection leased: [id: 16][route: {}->http://localhost:3000][total available: 0; route allocated: 1 of 5; total allocated: 1 of 10]
23:07:46.083 [pool-2-thread-8] DEBUG org.apache.http.impl.conn.PoolingHttpClientConnectionManager -- Connection leased: [id: 4][route: {}->http://localhost:3000][total available: 0; route allocated: 1 of 5; total allocated: 1 of 10]
23:07:46.083 [pool-2-thread-16] DEBUG org.apache.http.impl.conn.PoolingHttpClientConnectionManager -- Connection leased: [id: 1][route: {}->http://localhost:3000][total available: 0; route allocated: 1 of 5; total allocated: 1 of 10]
23:07:46.083 [pool-2-thread-21] DEBUG org.apache.http.impl.conn.PoolingHttpClientConnectionManager -- Connection leased: [id: 7][route: {}->http://localhost:3000][total available: 0; route allocated: 1 of 5; total allocated: 1 of 10]
23:07:46.083 [pool-2-thread-13] DEBUG org.apache.http.impl.conn.PoolingHttpClientConnectionManager -- Connection leased: [id: 2][route: {}->http://localhost:3000][total available: 0; route allocated: 1 of 5; total allocated: 1 of 10]
23:07:46.084 [pool-2-thread-16] DEBUG org.apache.http.impl.execchain.MainClientExec -- Opening connection {}->http://localhost:3000
23:07:46.085 [pool-2-thread-21] DEBUG org.apache.http.impl.execchain.MainClientExec -- Opening connection {}->http://localhost:3000
23:07:46.085 [pool-2-thread-4] DEBUG org.apache.http.impl.execchain.MainClientExec -- Opening connection {}->http://localhost:3000
23:07:46.085 [pool-2-thread-6] DEBUG org.apache.http.impl.execchain.MainClientExec -- Opening connection {}->http://localhost:3000
23:07:46.085 [pool-2-thread-10] DEBUG org.apache.http.impl.execchain.MainClientExec -- Opening connection {}->http://localhost:3000
23:07:46.083 [pool-2-thread-23] DEBUG org.apache.http.impl.conn.PoolingHttpClientConnectionManager -- Connection leased: [id: 5][route: {}->http://localhost:3000][total available: 0; route allocated: 1 of 5; total allocated: 1 of 10]
23:07:46.085 [pool-2-thread-15] DEBUG org.apache.http.impl.execchain.MainClientExec -- Opening connection {}->http://localhost:3000
23:07:46.085 [pool-2-thread-29] DEBUG org.apache.http.impl.execchain.MainClientExec -- Opening connection {}->http://localhost:3000
23:07:46.083 [pool-2-thread-19] DEBUG org.apache.http.impl.conn.PoolingHttpClientConnectionManager -- Connection leased: [id: 6][route: {}->http://localhost:3000][total available: 0; route allocated: 1 of 5; total allocated: 1 of 10]
23:07:46.084 [pool-2-thread-9] DEBUG org.apache.http.impl.execchain.MainClientExec -- Opening connection {}->http://localhost:3000
23:07:46.084 [pool-2-thread-13] DEBUG org.apache.http.impl.execchain.MainClientExec -- Opening connection {}->http://localhost:3000
23:07:46.084 [pool-2-thread-5] DEBUG org.apache.http.impl.execchain.MainClientExec -- Opening connection {}->http://localhost:3000
23:07:46.084 [pool-2-thread-30] DEBUG org.apache.http.impl.execchain.MainClientExec -- Opening connection {}->http://localhost:3000
23:07:46.084 [pool-2-thread-8] DEBUG org.apache.http.impl.execchain.MainClientExec -- Opening connection {}->http://localhost:3000
23:07:46.084 [pool-2-thread-17] DEBUG org.apache.http.impl.execchain.MainClientExec -- Opening connection {}->http://localhost:3000
23:07:46.084 [pool-2-thread-27] DEBUG org.apache.http.impl.execchain.MainClientExec -- Opening connection {}->http://localhost:3000
23:07:46.085 [pool-2-thread-1] DEBUG org.apache.http.impl.execchain.MainClientExec -- Opening connection {}->http://localhost:3000
23:07:46.085 [pool-2-thread-18] DEBUG org.apache.http.impl.execchain.MainClientExec -- Opening connection {}->http://localhost:3000
23:07:46.085 [pool-2-thread-22] DEBUG org.apache.http.impl.execchain.MainClientExec -- Opening connection {}->http://localhost:3000
23:07:46.085 [pool-2-thread-26] DEBUG org.apache.http.impl.execchain.MainClientExec -- Opening connection {}->http://localhost:3000
23:07:46.085 [pool-2-thread-24] DEBUG org.apache.http.impl.execchain.MainClientExec -- Opening connection {}->http://localhost:3000
23:07:46.085 [pool-2-thread-28] DEBUG org.apache.http.impl.execchain.MainClientExec -- Opening connection {}->http://localhost:3000
23:07:46.085 [pool-2-thread-2] DEBUG org.apache.http.impl.execchain.MainClientExec -- Opening connection {}->http://localhost:3000
23:07:46.085 [pool-2-thread-20] DEBUG org.apache.http.impl.execchain.MainClientExec -- Opening connection {}->http://localhost:3000
23:07:46.085 [pool-2-thread-12] DEBUG org.apache.http.impl.execchain.MainClientExec -- Opening connection {}->http://localhost:3000
23:07:46.085 [pool-2-thread-7] DEBUG org.apache.http.impl.execchain.MainClientExec -- Opening connection {}->http://localhost:3000
23:07:46.085 [pool-2-thread-11] DEBUG org.apache.http.impl.execchain.MainClientExec -- Opening connection {}->http://localhost:3000
23:07:46.085 [pool-2-thread-3] DEBUG org.apache.http.impl.execchain.MainClientExec -- Opening connection {}->http://localhost:3000
23:07:46.085 [pool-2-thread-23] DEBUG org.apache.http.impl.execchain.MainClientExec -- Opening connection {}->http://localhost:3000
23:07:46.085 [pool-2-thread-25] DEBUG org.apache.http.impl.execchain.MainClientExec -- Opening connection {}->http://localhost:3000
23:07:46.085 [pool-2-thread-14] DEBUG org.apache.http.impl.execchain.MainClientExec -- Opening connection {}->http://localhost:3000
23:07:46.085 [pool-2-thread-19] DEBUG org.apache.http.impl.execchain.MainClientExec -- Opening connection {}->http://localhost:3000
23:07:46.096 [pool-2-thread-2] DEBUG org.apache.http.impl.conn.DefaultHttpClientConnectionOperator -- Connecting to localhost/127.0.0.1:3000
23:07:46.096 [pool-2-thread-7] DEBUG org.apache.http.impl.conn.DefaultHttpClientConnectionOperator -- Connecting to localhost/127.0.0.1:3000
23:07:46.096 [pool-2-thread-22] DEBUG org.apache.http.impl.conn.DefaultHttpClientConnectionOperator -- Connecting to localhost/127.0.0.1:3000
23:07:46.096 [pool-2-thread-4] DEBUG org.apache.http.impl.conn.DefaultHttpClientConnectionOperator -- Connecting to localhost/127.0.0.1:3000
23:07:46.096 [pool-2-thread-16] DEBUG org.apache.http.impl.conn.DefaultHttpClientConnectionOperator -- Connecting to localhost/127.0.0.1:3000
23:07:46.096 [pool-2-thread-3] DEBUG org.apache.http.impl.conn.DefaultHttpClientConnectionOperator -- Connecting to localhost/127.0.0.1:3000
23:07:46.096 [pool-2-thread-24] DEBUG org.apache.http.impl.conn.DefaultHttpClientConnectionOperator -- Connecting to localhost/127.0.0.1:3000
23:07:46.096 [pool-2-thread-15] DEBUG org.apache.http.impl.conn.DefaultHttpClientConnectionOperator -- Connecting to localhost/127.0.0.1:3000
23:07:46.096 [pool-2-thread-1] DEBUG org.apache.http.impl.conn.DefaultHttpClientConnectionOperator -- Connecting to localhost/127.0.0.1:3000
23:07:46.096 [pool-2-thread-21] DEBUG org.apache.http.impl.conn.DefaultHttpClientConnectionOperator -- Connecting to localhost/127.0.0.1:3000
23:07:46.096 [pool-2-thread-10] DEBUG org.apache.http.impl.conn.DefaultHttpClientConnectionOperator -- Connecting to localhost/127.0.0.1:3000
23:07:46.096 [pool-2-thread-6] DEBUG org.apache.http.impl.conn.DefaultHttpClientConnectionOperator -- Connecting to localhost/127.0.0.1:3000
23:07:46.096 [pool-2-thread-12] DEBUG org.apache.http.impl.conn.DefaultHttpClientConnectionOperator -- Connecting to localhost/127.0.0.1:3000
23:07:46.096 [pool-2-thread-17] DEBUG org.apache.http.impl.conn.DefaultHttpClientConnectionOperator -- Connecting to localhost/127.0.0.1:3000
23:07:46.096 [pool-2-thread-28] DEBUG org.apache.http.impl.conn.DefaultHttpClientConnectionOperator -- Connecting to localhost/127.0.0.1:3000
23:07:46.096 [pool-2-thread-30] DEBUG org.apache.http.impl.conn.DefaultHttpClientConnectionOperator -- Connecting to localhost/127.0.0.1:3000
23:07:46.096 [pool-2-thread-20] DEBUG org.apache.http.impl.conn.DefaultHttpClientConnectionOperator -- Connecting to localhost/127.0.0.1:3000
23:07:46.096 [pool-2-thread-5] DEBUG org.apache.http.impl.conn.DefaultHttpClientConnectionOperator -- Connecting to localhost/127.0.0.1:3000
23:07:46.096 [pool-2-thread-13] DEBUG org.apache.http.impl.conn.DefaultHttpClientConnectionOperator -- Connecting to localhost/127.0.0.1:3000
23:07:46.099 [pool-2-thread-17] DEBUG org.apache.http.impl.conn.DefaultHttpClientConnectionOperator -- Connection established 127.0.0.1:52668<->127.0.0.1:3000
23:07:46.099 [pool-2-thread-3] DEBUG org.apache.http.impl.conn.DefaultHttpClientConnectionOperator -- Connection established 127.0.0.1:52662<->127.0.0.1:3000
23:07:46.099 [pool-2-thread-15] DEBUG org.apache.http.impl.conn.DefaultHttpClientConnectionOperator -- Connection established 127.0.0.1:52661<->127.0.0.1:3000
23:07:46.099 [pool-2-thread-17] DEBUG org.apache.http.impl.conn.DefaultManagedHttpClientConnection -- http-outgoing-28: set socket timeout to 30000
23:07:46.096 [pool-2-thread-11] DEBUG org.apache.http.impl.conn.DefaultHttpClientConnectionOperator -- Connecting to localhost/127.0.0.1:3000
23:07:46.099 [pool-2-thread-6] DEBUG org.apache.http.impl.conn.DefaultHttpClientConnectionOperator -- Connection established 127.0.0.1:52666<->127.0.0.1:3000
23:07:46.099 [pool-2-thread-13] DEBUG org.apache.http.impl.conn.DefaultHttpClientConnectionOperator -- Connection established 127.0.0.1:52673<->127.0.0.1:3000
23:07:46.099 [pool-2-thread-4] DEBUG org.apache.http.impl.conn.DefaultHttpClientConnectionOperator -- Connection established 127.0.0.1:52664<->127.0.0.1:3000
23:07:46.099 [pool-2-thread-13] DEBUG org.apache.http.impl.conn.DefaultManagedHttpClientConnection -- http-outgoing-18: set socket timeout to 30000
23:07:46.099 [pool-2-thread-5] DEBUG org.apache.http.impl.conn.DefaultHttpClientConnectionOperator -- Connection established 127.0.0.1:52672<->127.0.0.1:3000
23:07:46.096 [pool-2-thread-14] DEBUG org.apache.http.impl.conn.DefaultHttpClientConnectionOperator -- Connecting to localhost/127.0.0.1:3000
23:07:46.096 [pool-2-thread-8] DEBUG org.apache.http.impl.conn.DefaultHttpClientConnectionOperator -- Connecting to localhost/127.0.0.1:3000
23:07:46.096 [pool-2-thread-27] DEBUG org.apache.http.impl.conn.DefaultHttpClientConnectionOperator -- Connecting to localhost/127.0.0.1:3000
23:07:46.096 [pool-2-thread-25] DEBUG org.apache.http.impl.conn.DefaultHttpClientConnectionOperator -- Connecting to localhost/127.0.0.1:3000
23:07:46.096 [pool-2-thread-26] DEBUG org.apache.http.impl.conn.DefaultHttpClientConnectionOperator -- Connecting to localhost/127.0.0.1:3000
23:07:46.099 [pool-2-thread-14] DEBUG org.apache.http.impl.conn.DefaultHttpClientConnectionOperator -- Connection established 127.0.0.1:52675<->127.0.0.1:3000
23:07:46.099 [pool-2-thread-8] DEBUG org.apache.http.impl.conn.DefaultHttpClientConnectionOperator -- Connection established 127.0.0.1:52676<->127.0.0.1:3000
23:07:46.096 [pool-2-thread-18] DEBUG org.apache.http.impl.conn.DefaultHttpClientConnectionOperator -- Connecting to localhost/127.0.0.1:3000
23:07:46.099 [pool-2-thread-25] DEBUG org.apache.http.impl.conn.DefaultHttpClientConnectionOperator -- Connection established 127.0.0.1:52677<->127.0.0.1:3000
23:07:46.099 [pool-2-thread-26] DEBUG org.apache.http.impl.conn.DefaultHttpClientConnectionOperator -- Connection established 127.0.0.1:52679<->127.0.0.1:3000
23:07:46.096 [pool-2-thread-9] DEBUG org.apache.http.impl.conn.DefaultHttpClientConnectionOperator -- Connecting to localhost/127.0.0.1:3000
23:07:46.099 [pool-2-thread-26] DEBUG org.apache.http.impl.conn.DefaultManagedHttpClientConnection -- http-outgoing-24: set socket timeout to 30000
23:07:46.096 [pool-2-thread-23] DEBUG org.apache.http.impl.conn.DefaultHttpClientConnectionOperator -- Connecting to localhost/127.0.0.1:3000
23:07:46.096 [pool-2-thread-29] DEBUG org.apache.http.impl.conn.DefaultHttpClientConnectionOperator -- Connecting to localhost/127.0.0.1:3000
23:07:46.100 [pool-2-thread-9] DEBUG org.apache.http.impl.conn.DefaultHttpClientConnectionOperator -- Connection established 127.0.0.1:52681<->127.0.0.1:3000
23:07:46.096 [pool-2-thread-19] DEBUG org.apache.http.impl.conn.DefaultHttpClientConnectionOperator -- Connecting to localhost/127.0.0.1:3000
23:07:46.099 [pool-2-thread-10] DEBUG org.apache.http.impl.conn.DefaultHttpClientConnectionOperator -- Connection established 127.0.0.1:52665<->127.0.0.1:3000
23:07:46.099 [pool-2-thread-28] DEBUG org.apache.http.impl.conn.DefaultHttpClientConnectionOperator -- Connection established 127.0.0.1:52669<->127.0.0.1:3000
23:07:46.100 [pool-2-thread-10] DEBUG org.apache.http.impl.conn.DefaultManagedHttpClientConnection -- http-outgoing-23: set socket timeout to 30000
23:07:46.099 [pool-2-thread-30] DEBUG org.apache.http.impl.conn.DefaultHttpClientConnectionOperator -- Connection established 127.0.0.1:52670<->127.0.0.1:3000
23:07:46.099 [pool-2-thread-12] DEBUG org.apache.http.impl.conn.DefaultHttpClientConnectionOperator -- Connection established 127.0.0.1:52667<->127.0.0.1:3000
23:07:46.099 [pool-2-thread-16] DEBUG org.apache.http.impl.conn.DefaultHttpClientConnectionOperator -- Connection established 127.0.0.1:52657<->127.0.0.1:3000
23:07:46.099 [pool-2-thread-20] DEBUG org.apache.http.impl.conn.DefaultHttpClientConnectionOperator -- Connection established 127.0.0.1:52671<->127.0.0.1:3000
23:07:46.099 [pool-2-thread-2] DEBUG org.apache.http.impl.conn.DefaultHttpClientConnectionOperator -- Connection established 127.0.0.1:52655<->127.0.0.1:3000
23:07:46.099 [pool-2-thread-3] DEBUG org.apache.http.impl.conn.DefaultManagedHttpClientConnection -- http-outgoing-20: set socket timeout to 30000
23:07:46.099 [pool-2-thread-7] DEBUG org.apache.http.impl.conn.DefaultHttpClientConnectionOperator -- Connection established 127.0.0.1:52658<->127.0.0.1:3000
23:07:46.099 [pool-2-thread-15] DEBUG org.apache.http.impl.conn.DefaultManagedHttpClientConnection -- http-outgoing-15: set socket timeout to 30000
23:07:46.100 [pool-2-thread-7] DEBUG org.apache.http.impl.conn.DefaultManagedHttpClientConnection -- http-outgoing-17: set socket timeout to 30000
23:07:46.100 [pool-2-thread-15] DEBUG org.apache.http.impl.execchain.MainClientExec -- Executing request POST /auth/login HTTP/1.1
23:07:46.099 [pool-2-thread-21] DEBUG org.apache.http.impl.conn.DefaultHttpClientConnectionOperator -- Connection established 127.0.0.1:52659<->127.0.0.1:3000
23:07:46.099 [pool-2-thread-24] DEBUG org.apache.http.impl.conn.DefaultHttpClientConnectionOperator -- Connection established 127.0.0.1:52660<->127.0.0.1:3000
23:07:46.099 [pool-2-thread-6] DEBUG org.apache.http.impl.conn.DefaultManagedHttpClientConnection -- http-outgoing-21: set socket timeout to 30000
23:07:46.101 [pool-2-thread-21] DEBUG org.apache.http.impl.conn.DefaultManagedHttpClientConnection -- http-outgoing-1: set socket timeout to 30000
23:07:46.099 [pool-2-thread-17] DEBUG org.apache.http.impl.execchain.MainClientExec -- Executing request POST /auth/login HTTP/1.1
23:07:46.099 [pool-2-thread-4] DEBUG org.apache.http.impl.conn.DefaultManagedHttpClientConnection -- http-outgoing-2: set socket timeout to 30000
23:07:46.099 [pool-2-thread-13] DEBUG org.apache.http.impl.execchain.MainClientExec -- Executing request POST /auth/login HTTP/1.1
23:07:46.099 [pool-2-thread-5] DEBUG org.apache.http.impl.conn.DefaultManagedHttpClientConnection -- http-outgoing-7: set socket timeout to 30000
23:07:46.099 [pool-2-thread-1] DEBUG org.apache.http.impl.conn.DefaultHttpClientConnectionOperator -- Connection established 127.0.0.1:52656<->127.0.0.1:3000
23:07:46.099 [pool-2-thread-22] DEBUG org.apache.http.impl.conn.DefaultHttpClientConnectionOperator -- Connection established 127.0.0.1:52663<->127.0.0.1:3000
23:07:46.099 [pool-2-thread-11] DEBUG org.apache.http.impl.conn.DefaultHttpClientConnectionOperator -- Connection established 127.0.0.1:52674<->127.0.0.1:3000
23:07:46.099 [pool-2-thread-14] DEBUG org.apache.http.impl.conn.DefaultManagedHttpClientConnection -- http-outgoing-4: set socket timeout to 30000
23:07:46.099 [pool-2-thread-8] DEBUG org.apache.http.impl.conn.DefaultManagedHttpClientConnection -- http-outgoing-12: set socket timeout to 30000
23:07:46.099 [pool-2-thread-25] DEBUG org.apache.http.impl.conn.DefaultManagedHttpClientConnection -- http-outgoing-9: set socket timeout to 30000
23:07:46.099 [pool-2-thread-27] DEBUG org.apache.http.impl.conn.DefaultHttpClientConnectionOperator -- Connection established 127.0.0.1:52678<->127.0.0.1:3000
23:07:46.100 [pool-2-thread-26] DEBUG org.apache.http.impl.execchain.MainClientExec -- Executing request POST /auth/login HTTP/1.1
23:07:46.100 [pool-2-thread-18] DEBUG org.apache.http.impl.conn.DefaultHttpClientConnectionOperator -- Connection established 127.0.0.1:52680<->127.0.0.1:3000
23:07:46.100 [pool-2-thread-9] DEBUG org.apache.http.impl.conn.DefaultManagedHttpClientConnection -- http-outgoing-14: set socket timeout to 30000
23:07:46.100 [pool-2-thread-29] DEBUG org.apache.http.impl.conn.DefaultHttpClientConnectionOperator -- Connection established 127.0.0.1:52683<->127.0.0.1:3000
23:07:46.100 [pool-2-thread-28] DEBUG org.apache.http.impl.conn.DefaultManagedHttpClientConnection -- http-outgoing-16: set socket timeout to 30000
23:07:46.100 [pool-2-thread-10] DEBUG org.apache.http.impl.execchain.MainClientExec -- Executing request POST /auth/login HTTP/1.1
23:07:46.100 [pool-2-thread-19] DEBUG org.apache.http.impl.conn.DefaultHttpClientConnectionOperator -- Connection established 127.0.0.1:52684<->127.0.0.1:3000
23:07:46.100 [pool-2-thread-23] DEBUG org.apache.http.impl.conn.DefaultHttpClientConnectionOperator -- Connection established 127.0.0.1:52682<->127.0.0.1:3000
23:07:46.100 [pool-2-thread-30] DEBUG org.apache.http.impl.conn.DefaultManagedHttpClientConnection -- http-outgoing-19: set socket timeout to 30000
23:07:46.100 [pool-2-thread-12] DEBUG org.apache.http.impl.conn.DefaultManagedHttpClientConnection -- http-outgoing-27: set socket timeout to 30000
23:07:46.100 [pool-2-thread-16] DEBUG org.apache.http.impl.conn.DefaultManagedHttpClientConnection -- http-outgoing-25: set socket timeout to 30000
23:07:46.100 [pool-2-thread-20] DEBUG org.apache.http.impl.conn.DefaultManagedHttpClientConnection -- http-outgoing-8: set socket timeout to 30000
23:07:46.100 [pool-2-thread-2] DEBUG org.apache.http.impl.conn.DefaultManagedHttpClientConnection -- http-outgoing-5: set socket timeout to 30000
23:07:46.100 [pool-2-thread-3] DEBUG org.apache.http.impl.execchain.MainClientExec -- Executing request POST /auth/login HTTP/1.1
23:07:46.100 [pool-2-thread-7] DEBUG org.apache.http.impl.execchain.MainClientExec -- Executing request POST /auth/login HTTP/1.1
23:07:46.100 [pool-2-thread-15] DEBUG org.apache.http.impl.execchain.MainClientExec -- Target auth state: UNCHALLENGED
23:07:46.101 [pool-2-thread-24] DEBUG org.apache.http.impl.conn.DefaultManagedHttpClientConnection -- http-outgoing-13: set socket timeout to 30000
23:07:46.102 [pool-2-thread-24] DEBUG org.apache.http.impl.execchain.MainClientExec -- Executing request POST /auth/login HTTP/1.1
23:07:46.102 [pool-2-thread-24] DEBUG org.apache.http.impl.execchain.MainClientExec -- Target auth state: UNCHALLENGED
23:07:46.101 [pool-2-thread-6] DEBUG org.apache.http.impl.execchain.MainClientExec -- Executing request POST /auth/login HTTP/1.1
23:07:46.102 [pool-2-thread-6] DEBUG org.apache.http.impl.execchain.MainClientExec -- Target auth state: UNCHALLENGED
23:07:46.101 [pool-2-thread-21] DEBUG org.apache.http.impl.execchain.MainClientExec -- Executing request POST /auth/login HTTP/1.1
23:07:46.102 [pool-2-thread-21] DEBUG org.apache.http.impl.execchain.MainClientExec -- Target auth state: UNCHALLENGED
23:07:46.102 [pool-2-thread-15] DEBUG org.apache.http.impl.execchain.MainClientExec -- Proxy auth state: UNCHALLENGED
23:07:46.103 [pool-2-thread-21] DEBUG org.apache.http.impl.execchain.MainClientExec -- Proxy auth state: UNCHALLENGED
23:07:46.103 [pool-2-thread-6] DEBUG org.apache.http.impl.execchain.MainClientExec -- Proxy auth state: UNCHALLENGED
23:07:46.103 [pool-2-thread-24] DEBUG org.apache.http.impl.execchain.MainClientExec -- Proxy auth state: UNCHALLENGED
23:07:46.101 [pool-2-thread-17] DEBUG org.apache.http.impl.execchain.MainClientExec -- Target auth state: UNCHALLENGED
23:07:46.101 [pool-2-thread-4] DEBUG org.apache.http.impl.execchain.MainClientExec -- Executing request POST /auth/login HTTP/1.1
23:07:46.103 [pool-2-thread-4] DEBUG org.apache.http.impl.execchain.MainClientExec -- Target auth state: UNCHALLENGED
23:07:46.103 [pool-2-thread-4] DEBUG org.apache.http.impl.execchain.MainClientExec -- Proxy auth state: UNCHALLENGED
23:07:46.101 [pool-2-thread-13] DEBUG org.apache.http.impl.execchain.MainClientExec -- Target auth state: UNCHALLENGED
23:07:46.103 [pool-2-thread-13] DEBUG org.apache.http.impl.execchain.MainClientExec -- Proxy auth state: UNCHALLENGED
23:07:46.101 [pool-2-thread-5] DEBUG org.apache.http.impl.execchain.MainClientExec -- Executing request POST /auth/login HTTP/1.1
23:07:46.104 [pool-2-thread-5] DEBUG org.apache.http.impl.execchain.MainClientExec -- Target auth state: UNCHALLENGED
23:07:46.104 [pool-2-thread-5] DEBUG org.apache.http.impl.execchain.MainClientExec -- Proxy auth state: UNCHALLENGED
23:07:46.101 [pool-2-thread-1] DEBUG org.apache.http.impl.conn.DefaultManagedHttpClientConnection -- http-outgoing-11: set socket timeout to 30000
23:07:46.101 [pool-2-thread-22] DEBUG org.apache.http.impl.conn.DefaultManagedHttpClientConnection -- http-outgoing-29: set socket timeout to 30000
23:07:46.104 [pool-2-thread-1] DEBUG org.apache.http.impl.execchain.MainClientExec -- Executing request POST /auth/login HTTP/1.1
23:07:46.104 [pool-2-thread-22] DEBUG org.apache.http.impl.execchain.MainClientExec -- Executing request POST /auth/login HTTP/1.1
23:07:46.104 [pool-2-thread-22] DEBUG org.apache.http.impl.execchain.MainClientExec -- Target auth state: UNCHALLENGED
23:07:46.101 [pool-2-thread-11] DEBUG org.apache.http.impl.conn.DefaultManagedHttpClientConnection -- http-outgoing-10: set socket timeout to 30000
23:07:46.105 [pool-2-thread-24] DEBUG org.apache.http.headers -- http-outgoing-13 >> POST /auth/login HTTP/1.1
23:07:46.105 [pool-2-thread-24] DEBUG org.apache.http.headers -- http-outgoing-13 >> Content-Type: application/json; charset=UTF-8
23:07:46.105 [pool-2-thread-6] DEBUG org.apache.http.headers -- http-outgoing-21 >> POST /auth/login HTTP/1.1
23:07:46.105 [pool-2-thread-4] DEBUG org.apache.http.headers -- http-outgoing-2 >> POST /auth/login HTTP/1.1
23:07:46.105 [pool-2-thread-5] DEBUG org.apache.http.headers -- http-outgoing-7 >> POST /auth/login HTTP/1.1
23:07:46.105 [pool-2-thread-5] DEBUG org.apache.http.headers -- http-outgoing-7 >> Content-Type: application/json; charset=UTF-8
23:07:46.105 [pool-2-thread-5] DEBUG org.apache.http.headers -- http-outgoing-7 >> Content-Length: 55
23:07:46.105 [pool-2-thread-5] DEBUG org.apache.http.headers -- http-outgoing-7 >> Host: localhost:3000
23:07:46.105 [pool-2-thread-5] DEBUG org.apache.http.headers -- http-outgoing-7 >> Connection: Keep-Alive
23:07:46.101 [pool-2-thread-14] DEBUG org.apache.http.impl.execchain.MainClientExec -- Executing request POST /auth/login HTTP/1.1
23:07:46.101 [pool-2-thread-8] DEBUG org.apache.http.impl.execchain.MainClientExec -- Executing request POST /auth/login HTTP/1.1
23:07:46.101 [pool-2-thread-25] DEBUG org.apache.http.impl.execchain.MainClientExec -- Executing request POST /auth/login HTTP/1.1
23:07:46.101 [pool-2-thread-27] DEBUG org.apache.http.impl.conn.DefaultManagedHttpClientConnection -- http-outgoing-3: set socket timeout to 30000
23:07:46.106 [pool-2-thread-27] DEBUG org.apache.http.impl.execchain.MainClientExec -- Executing request POST /auth/login HTTP/1.1
23:07:46.106 [pool-2-thread-27] DEBUG org.apache.http.impl.execchain.MainClientExec -- Target auth state: UNCHALLENGED
23:07:46.101 [pool-2-thread-26] DEBUG org.apache.http.impl.execchain.MainClientExec -- Target auth state: UNCHALLENGED
23:07:46.101 [pool-2-thread-18] DEBUG org.apache.http.impl.conn.DefaultManagedHttpClientConnection -- http-outgoing-22: set socket timeout to 30000
23:07:46.106 [pool-2-thread-18] DEBUG org.apache.http.impl.execchain.MainClientExec -- Executing request POST /auth/login HTTP/1.1
23:07:46.101 [pool-2-thread-9] DEBUG org.apache.http.impl.execchain.MainClientExec -- Executing request POST /auth/login HTTP/1.1
23:07:46.106 [pool-2-thread-9] DEBUG org.apache.http.impl.execchain.MainClientExec -- Target auth state: UNCHALLENGED
23:07:46.101 [pool-2-thread-29] DEBUG org.apache.http.impl.conn.DefaultManagedHttpClientConnection -- http-outgoing-26: set socket timeout to 30000
23:07:46.101 [pool-2-thread-28] DEBUG org.apache.http.impl.execchain.MainClientExec -- Executing request POST /auth/login HTTP/1.1
23:07:46.106 [pool-2-thread-29] DEBUG org.apache.http.impl.execchain.MainClientExec -- Executing request POST /auth/login HTTP/1.1
23:07:46.106 [pool-2-thread-29] DEBUG org.apache.http.impl.execchain.MainClientExec -- Target auth state: UNCHALLENGED
23:07:46.106 [pool-2-thread-29] DEBUG org.apache.http.impl.execchain.MainClientExec -- Proxy auth state: UNCHALLENGED
23:07:46.101 [pool-2-thread-10] DEBUG org.apache.http.impl.execchain.MainClientExec -- Target auth state: UNCHALLENGED
23:07:46.106 [pool-2-thread-10] DEBUG org.apache.http.impl.execchain.MainClientExec -- Proxy auth state: UNCHALLENGED
23:07:46.101 [pool-2-thread-19] DEBUG org.apache.http.impl.conn.DefaultManagedHttpClientConnection -- http-outgoing-6: set socket timeout to 30000
23:07:46.106 [pool-2-thread-29] DEBUG org.apache.http.headers -- http-outgoing-26 >> POST /auth/login HTTP/1.1
23:07:46.102 [pool-2-thread-23] DEBUG org.apache.http.impl.conn.DefaultManagedHttpClientConnection -- http-outgoing-0: set socket timeout to 30000
23:07:46.102 [pool-2-thread-30] DEBUG org.apache.http.impl.execchain.MainClientExec -- Executing request POST /auth/login HTTP/1.1
23:07:46.108 [pool-2-thread-30] DEBUG org.apache.http.impl.execchain.MainClientExec -- Target auth state: UNCHALLENGED
23:07:46.108 [pool-2-thread-30] DEBUG org.apache.http.impl.execchain.MainClientExec -- Proxy auth state: UNCHALLENGED
23:07:46.102 [pool-2-thread-12] DEBUG org.apache.http.impl.execchain.MainClientExec -- Executing request POST /auth/login HTTP/1.1
23:07:46.108 [pool-2-thread-12] DEBUG org.apache.http.impl.execchain.MainClientExec -- Target auth state: UNCHALLENGED
23:07:46.108 [pool-2-thread-12] DEBUG org.apache.http.impl.execchain.MainClientExec -- Proxy auth state: UNCHALLENGED
23:07:46.108 [pool-2-thread-30] DEBUG org.apache.http.headers -- http-outgoing-19 >> POST /auth/login HTTP/1.1
23:07:46.108 [pool-2-thread-30] DEBUG org.apache.http.headers -- http-outgoing-19 >> Content-Type: application/json; charset=UTF-8
23:07:46.108 [pool-2-thread-30] DEBUG org.apache.http.headers -- http-outgoing-19 >> Content-Length: 54
23:07:46.108 [pool-2-thread-30] DEBUG org.apache.http.headers -- http-outgoing-19 >> Host: localhost:3000
23:07:46.108 [pool-2-thread-30] DEBUG org.apache.http.headers -- http-outgoing-19 >> Connection: Keep-Alive
23:07:46.108 [pool-2-thread-30] DEBUG org.apache.http.headers -- http-outgoing-19 >> User-Agent: Apache-HttpClient/4.5.14 (Java/17.0.9)
23:07:46.108 [pool-2-thread-30] DEBUG org.apache.http.headers -- http-outgoing-19 >> Accept-Encoding: gzip,deflate
23:07:46.102 [pool-2-thread-16] DEBUG org.apache.http.impl.execchain.MainClientExec -- Executing request POST /auth/login HTTP/1.1
23:07:46.108 [pool-2-thread-16] DEBUG org.apache.http.impl.execchain.MainClientExec -- Target auth state: UNCHALLENGED
23:07:46.108 [pool-2-thread-16] DEBUG org.apache.http.impl.execchain.MainClientExec -- Proxy auth state: UNCHALLENGED
23:07:46.108 [pool-2-thread-12] DEBUG org.apache.http.headers -- http-outgoing-27 >> POST /auth/login HTTP/1.1
23:07:46.108 [pool-2-thread-16] DEBUG org.apache.http.headers -- http-outgoing-25 >> POST /auth/login HTTP/1.1
23:07:46.102 [pool-2-thread-20] DEBUG org.apache.http.impl.execchain.MainClientExec -- Executing request POST /auth/login HTTP/1.1
23:07:46.102 [pool-2-thread-2] DEBUG org.apache.http.impl.execchain.MainClientExec -- Executing request POST /auth/login HTTP/1.1
23:07:46.108 [pool-2-thread-20] DEBUG org.apache.http.impl.execchain.MainClientExec -- Target auth state: UNCHALLENGED
23:07:46.102 [pool-2-thread-3] DEBUG org.apache.http.impl.execchain.MainClientExec -- Target auth state: UNCHALLENGED
23:07:46.102 [pool-2-thread-7] DEBUG org.apache.http.impl.execchain.MainClientExec -- Target auth state: UNCHALLENGED
23:07:46.109 [pool-2-thread-30] DEBUG org.apache.http.wire -- http-outgoing-19 >> "POST /auth/login HTTP/1.1[\r][\n]"
23:07:46.103 [pool-2-thread-17] DEBUG org.apache.http.impl.execchain.MainClientExec -- Proxy auth state: UNCHALLENGED
23:07:46.104 [pool-2-thread-1] DEBUG org.apache.http.impl.execchain.MainClientExec -- Target auth state: UNCHALLENGED
23:07:46.109 [pool-2-thread-30] DEBUG org.apache.http.wire -- http-outgoing-19 >> "Content-Type: application/json; charset=UTF-8[\r][\n]"
23:07:46.104 [pool-2-thread-22] DEBUG org.apache.http.impl.execchain.MainClientExec -- Proxy auth state: UNCHALLENGED
23:07:46.110 [pool-2-thread-30] DEBUG org.apache.http.wire -- http-outgoing-19 >> "Content-Length: 54[\r][\n]"
23:07:46.105 [pool-2-thread-11] DEBUG org.apache.http.impl.execchain.MainClientExec -- Executing request POST /auth/login HTTP/1.1
23:07:46.110 [pool-2-thread-11] DEBUG org.apache.http.impl.execchain.MainClientExec -- Target auth state: UNCHALLENGED
23:07:46.110 [pool-2-thread-11] DEBUG org.apache.http.impl.execchain.MainClientExec -- Proxy auth state: UNCHALLENGED
23:07:46.105 [pool-2-thread-15] DEBUG org.apache.http.headers -- http-outgoing-15 >> POST /auth/login HTTP/1.1
23:07:46.110 [pool-2-thread-15] DEBUG org.apache.http.headers -- http-outgoing-15 >> Content-Type: application/json; charset=UTF-8
23:07:46.110 [pool-2-thread-15] DEBUG org.apache.http.headers -- http-outgoing-15 >> Content-Length: 55
23:07:46.105 [pool-2-thread-21] DEBUG org.apache.http.headers -- http-outgoing-1 >> POST /auth/login HTTP/1.1
23:07:46.110 [pool-2-thread-21] DEBUG org.apache.http.headers -- http-outgoing-1 >> Content-Type: application/json; charset=UTF-8
23:07:46.105 [pool-2-thread-24] DEBUG org.apache.http.headers -- http-outgoing-13 >> Content-Length: 54
23:07:46.110 [pool-2-thread-24] DEBUG org.apache.http.headers -- http-outgoing-13 >> Host: localhost:3000
23:07:46.110 [pool-2-thread-24] DEBUG org.apache.http.headers -- http-outgoing-13 >> Connection: Keep-Alive
23:07:46.110 [pool-2-thread-24] DEBUG org.apache.http.headers -- http-outgoing-13 >> User-Agent: Apache-HttpClient/4.5.14 (Java/17.0.9)
23:07:46.105 [pool-2-thread-6] DEBUG org.apache.http.headers -- http-outgoing-21 >> Content-Type: application/json; charset=UTF-8
23:07:46.105 [pool-2-thread-4] DEBUG org.apache.http.headers -- http-outgoing-2 >> Content-Type: application/json; charset=UTF-8
23:07:46.110 [pool-2-thread-4] DEBUG org.apache.http.headers -- http-outgoing-2 >> Content-Length: 54
23:07:46.105 [pool-2-thread-13] DEBUG org.apache.http.headers -- http-outgoing-18 >> POST /auth/login HTTP/1.1
23:07:46.110 [pool-2-thread-13] DEBUG org.apache.http.headers -- http-outgoing-18 >> Content-Type: application/json; charset=UTF-8
23:07:46.110 [pool-2-thread-13] DEBUG org.apache.http.headers -- http-outgoing-18 >> Content-Length: 53
23:07:46.110 [pool-2-thread-13] DEBUG org.apache.http.headers -- http-outgoing-18 >> Host: localhost:3000
23:07:46.110 [pool-2-thread-13] DEBUG org.apache.http.headers -- http-outgoing-18 >> Connection: Keep-Alive
23:07:46.110 [pool-2-thread-13] DEBUG org.apache.http.headers -- http-outgoing-18 >> User-Agent: Apache-HttpClient/4.5.14 (Java/17.0.9)
23:07:46.110 [pool-2-thread-13] DEBUG org.apache.http.headers -- http-outgoing-18 >> Accept-Encoding: gzip,deflate
23:07:46.110 [pool-2-thread-13] DEBUG org.apache.http.wire -- http-outgoing-18 >> "POST /auth/login HTTP/1.1[\r][\n]"
23:07:46.110 [pool-2-thread-13] DEBUG org.apache.http.wire -- http-outgoing-18 >> "Content-Type: application/json; charset=UTF-8[\r][\n]"
23:07:46.110 [pool-2-thread-13] DEBUG org.apache.http.wire -- http-outgoing-18 >> "Content-Length: 53[\r][\n]"
23:07:46.110 [pool-2-thread-13] DEBUG org.apache.http.wire -- http-outgoing-18 >> "Host: localhost:3000[\r][\n]"
23:07:46.110 [pool-2-thread-13] DEBUG org.apache.http.wire -- http-outgoing-18 >> "Connection: Keep-Alive[\r][\n]"
23:07:46.110 [pool-2-thread-13] DEBUG org.apache.http.wire -- http-outgoing-18 >> "User-Agent: Apache-HttpClient/4.5.14 (Java/17.0.9)[\r][\n]"
23:07:46.110 [pool-2-thread-13] DEBUG org.apache.http.wire -- http-outgoing-18 >> "Accept-Encoding: gzip,deflate[\r][\n]"
23:07:46.110 [pool-2-thread-13] DEBUG org.apache.http.wire -- http-outgoing-18 >> "[\r][\n]"
23:07:46.110 [pool-2-thread-13] DEBUG org.apache.http.wire -- http-outgoing-18 >> "{"email":"test@example.com","password":"Password12d"}"
23:07:46.105 [pool-2-thread-5] DEBUG org.apache.http.headers -- http-outgoing-7 >> User-Agent: Apache-HttpClient/4.5.14 (Java/17.0.9)
23:07:46.105 [pool-2-thread-14] DEBUG org.apache.http.impl.execchain.MainClientExec -- Target auth state: UNCHALLENGED
23:07:46.111 [pool-2-thread-5] DEBUG org.apache.http.headers -- http-outgoing-7 >> Accept-Encoding: gzip,deflate
23:07:46.105 [pool-2-thread-8] DEBUG org.apache.http.impl.execchain.MainClientExec -- Target auth state: UNCHALLENGED
23:07:46.111 [pool-2-thread-8] DEBUG org.apache.http.impl.execchain.MainClientExec -- Proxy auth state: UNCHALLENGED
23:07:46.111 [pool-2-thread-8] DEBUG org.apache.http.headers -- http-outgoing-12 >> POST /auth/login HTTP/1.1
23:07:46.111 [pool-2-thread-8] DEBUG org.apache.http.headers -- http-outgoing-12 >> Content-Type: application/json; charset=UTF-8
23:07:46.106 [pool-2-thread-25] DEBUG org.apache.http.impl.execchain.MainClientExec -- Target auth state: UNCHALLENGED
23:07:46.106 [pool-2-thread-27] DEBUG org.apache.http.impl.execchain.MainClientExec -- Proxy auth state: UNCHALLENGED
23:07:46.106 [pool-2-thread-26] DEBUG org.apache.http.impl.execchain.MainClientExec -- Proxy auth state: UNCHALLENGED
23:07:46.111 [pool-2-thread-27] DEBUG org.apache.http.headers -- http-outgoing-3 >> POST /auth/login HTTP/1.1
23:07:46.111 [pool-2-thread-26] DEBUG org.apache.http.headers -- http-outgoing-24 >> POST /auth/login HTTP/1.1
23:07:46.111 [pool-2-thread-26] DEBUG org.apache.http.headers -- http-outgoing-24 >> Content-Type: application/json; charset=UTF-8
23:07:46.111 [pool-2-thread-26] DEBUG org.apache.http.headers -- http-outgoing-24 >> Content-Length: 54
23:07:46.111 [pool-2-thread-26] DEBUG org.apache.http.headers -- http-outgoing-24 >> Host: localhost:3000
23:07:46.111 [pool-2-thread-26] DEBUG org.apache.http.headers -- http-outgoing-24 >> Connection: Keep-Alive
23:07:46.111 [pool-2-thread-26] DEBUG org.apache.http.headers -- http-outgoing-24 >> User-Agent: Apache-HttpClient/4.5.14 (Java/17.0.9)
23:07:46.111 [pool-2-thread-26] DEBUG org.apache.http.headers -- http-outgoing-24 >> Accept-Encoding: gzip,deflate
23:07:46.111 [pool-2-thread-26] DEBUG org.apache.http.wire -- http-outgoing-24 >> "POST /auth/login HTTP/1.1[\r][\n]"
23:07:46.111 [pool-2-thread-26] DEBUG org.apache.http.wire -- http-outgoing-24 >> "Content-Type: application/json; charset=UTF-8[\r][\n]"
23:07:46.111 [pool-2-thread-26] DEBUG org.apache.http.wire -- http-outgoing-24 >> "Content-Length: 54[\r][\n]"
23:07:46.111 [pool-2-thread-26] DEBUG org.apache.http.wire -- http-outgoing-24 >> "Host: localhost:3000[\r][\n]"
23:07:46.111 [pool-2-thread-26] DEBUG org.apache.http.wire -- http-outgoing-24 >> "Connection: Keep-Alive[\r][\n]"
23:07:46.111 [pool-2-thread-26] DEBUG org.apache.http.wire -- http-outgoing-24 >> "User-Agent: Apache-HttpClient/4.5.14 (Java/17.0.9)[\r][\n]"
23:07:46.112 [pool-2-thread-26] DEBUG org.apache.http.wire -- http-outgoing-24 >> "Accept-Encoding: gzip,deflate[\r][\n]"
23:07:46.112 [pool-2-thread-26] DEBUG org.apache.http.wire -- http-outgoing-24 >> "[\r][\n]"
23:07:46.112 [pool-2-thread-26] DEBUG org.apache.http.wire -- http-outgoing-24 >> "{"email":"testit4@gmail.com","password":"Password123"}"
23:07:46.106 [pool-2-thread-18] DEBUG org.apache.http.impl.execchain.MainClientExec -- Target auth state: UNCHALLENGED
23:07:46.106 [pool-2-thread-9] DEBUG org.apache.http.impl.execchain.MainClientExec -- Proxy auth state: UNCHALLENGED
23:07:46.106 [pool-2-thread-28] DEBUG org.apache.http.impl.execchain.MainClientExec -- Target auth state: UNCHALLENGED
23:07:46.106 [pool-2-thread-19] DEBUG org.apache.http.impl.execchain.MainClientExec -- Executing request POST /auth/login HTTP/1.1
23:07:46.113 [pool-2-thread-28] DEBUG org.apache.http.impl.execchain.MainClientExec -- Proxy auth state: UNCHALLENGED
23:07:46.106 [pool-2-thread-10] DEBUG org.apache.http.headers -- http-outgoing-23 >> POST /auth/login HTTP/1.1
23:07:46.113 [pool-2-thread-28] DEBUG org.apache.http.headers -- http-outgoing-16 >> POST /auth/login HTTP/1.1
23:07:46.113 [pool-2-thread-28] DEBUG org.apache.http.headers -- http-outgoing-16 >> Content-Type: application/json; charset=UTF-8
23:07:46.113 [pool-2-thread-28] DEBUG org.apache.http.headers -- http-outgoing-16 >> Content-Length: 54
23:07:46.113 [pool-2-thread-28] DEBUG org.apache.http.headers -- http-outgoing-16 >> Host: localhost:3000
23:07:46.113 [pool-2-thread-28] DEBUG org.apache.http.headers -- http-outgoing-16 >> Connection: Keep-Alive
23:07:46.108 [pool-2-thread-29] DEBUG org.apache.http.headers -- http-outgoing-26 >> Content-Type: application/json; charset=UTF-8
23:07:46.114 [pool-2-thread-29] DEBUG org.apache.http.headers -- http-outgoing-26 >> Content-Length: 53
23:07:46.114 [pool-2-thread-29] DEBUG org.apache.http.headers -- http-outgoing-26 >> Host: localhost:3000
23:07:46.114 [pool-2-thread-29] DEBUG org.apache.http.headers -- http-outgoing-26 >> Connection: Keep-Alive
23:07:46.114 [pool-2-thread-29] DEBUG org.apache.http.headers -- http-outgoing-26 >> User-Agent: Apache-HttpClient/4.5.14 (Java/17.0.9)
23:07:46.114 [pool-2-thread-29] DEBUG org.apache.http.headers -- http-outgoing-26 >> Accept-Encoding: gzip,deflate
23:07:46.114 [pool-2-thread-29] DEBUG org.apache.http.wire -- http-outgoing-26 >> "POST /auth/login HTTP/1.1[\r][\n]"
23:07:46.114 [pool-2-thread-29] DEBUG org.apache.http.wire -- http-outgoing-26 >> "Content-Type: application/json; charset=UTF-8[\r][\n]"
23:07:46.114 [pool-2-thread-29] DEBUG org.apache.http.wire -- http-outgoing-26 >> "Content-Length: 53[\r][\n]"
23:07:46.114 [pool-2-thread-29] DEBUG org.apache.http.wire -- http-outgoing-26 >> "Host: localhost:3000[\r][\n]"
23:07:46.114 [pool-2-thread-29] DEBUG org.apache.http.wire -- http-outgoing-26 >> "Connection: Keep-Alive[\r][\n]"
23:07:46.114 [pool-2-thread-29] DEBUG org.apache.http.wire -- http-outgoing-26 >> "User-Agent: Apache-HttpClient/4.5.14 (Java/17.0.9)[\r][\n]"
23:07:46.114 [pool-2-thread-29] DEBUG org.apache.http.wire -- http-outgoing-26 >> "Accept-Encoding: gzip,deflate[\r][\n]"
23:07:46.114 [pool-2-thread-29] DEBUG org.apache.http.wire -- http-outgoing-26 >> "[\r][\n]"
23:07:46.114 [pool-2-thread-29] DEBUG org.apache.http.wire -- http-outgoing-26 >> "{"email":"testit@gmail.com","password":"Password123"}"
23:07:46.108 [pool-2-thread-23] DEBUG org.apache.http.impl.execchain.MainClientExec -- Executing request POST /auth/login HTTP/1.1
23:07:46.108 [pool-2-thread-12] DEBUG org.apache.http.headers -- http-outgoing-27 >> Content-Type: application/json; charset=UTF-8
23:07:46.108 [pool-2-thread-16] DEBUG org.apache.http.headers -- http-outgoing-25 >> Content-Type: application/json; charset=UTF-8
23:07:46.115 [pool-2-thread-12] DEBUG org.apache.http.headers -- http-outgoing-27 >> Content-Length: 48
23:07:46.115 [pool-2-thread-16] DEBUG org.apache.http.headers -- http-outgoing-25 >> Content-Length: 54
23:07:46.115 [pool-2-thread-23] DEBUG org.apache.http.impl.execchain.MainClientExec -- Target auth state: UNCHALLENGED
23:07:46.108 [pool-2-thread-2] DEBUG org.apache.http.impl.execchain.MainClientExec -- Target auth state: UNCHALLENGED
23:07:46.108 [pool-2-thread-20] DEBUG org.apache.http.impl.execchain.MainClientExec -- Proxy auth state: UNCHALLENGED
23:07:46.109 [pool-2-thread-7] DEBUG org.apache.http.impl.execchain.MainClientExec -- Proxy auth state: UNCHALLENGED
23:07:46.109 [pool-2-thread-3] DEBUG org.apache.http.impl.execchain.MainClientExec -- Proxy auth state: UNCHALLENGED
23:07:46.109 [pool-2-thread-17] DEBUG org.apache.http.headers -- http-outgoing-28 >> POST /auth/login HTTP/1.1
23:07:46.116 [pool-2-thread-3] DEBUG org.apache.http.headers -- http-outgoing-20 >> POST /auth/login HTTP/1.1
23:07:46.109 [pool-2-thread-1] DEBUG org.apache.http.impl.execchain.MainClientExec -- Proxy auth state: UNCHALLENGED
23:07:46.110 [pool-2-thread-30] DEBUG org.apache.http.wire -- http-outgoing-19 >> "Host: localhost:3000[\r][\n]"
23:07:46.116 [pool-2-thread-1] DEBUG org.apache.http.headers -- http-outgoing-11 >> POST /auth/login HTTP/1.1
23:07:46.116 [pool-2-thread-30] DEBUG org.apache.http.wire -- http-outgoing-19 >> "Connection: Keep-Alive[\r][\n]"
23:07:46.110 [pool-2-thread-22] DEBUG org.apache.http.headers -- http-outgoing-29 >> POST /auth/login HTTP/1.1
23:07:46.116 [pool-2-thread-22] DEBUG org.apache.http.headers -- http-outgoing-29 >> Content-Type: application/json; charset=UTF-8
23:07:46.116 [pool-2-thread-22] DEBUG org.apache.http.headers -- http-outgoing-29 >> Content-Length: 48
23:07:46.110 [pool-2-thread-11] DEBUG org.apache.http.headers -- http-outgoing-10 >> POST /auth/login HTTP/1.1
23:07:46.116 [pool-2-thread-11] DEBUG org.apache.http.headers -- http-outgoing-10 >> Content-Type: application/json; charset=UTF-8
23:07:46.110 [pool-2-thread-15] DEBUG org.apache.http.headers -- http-outgoing-15 >> Host: localhost:3000
23:07:46.110 [pool-2-thread-21] DEBUG org.apache.http.headers -- http-outgoing-1 >> Content-Length: 45
23:07:46.110 [pool-2-thread-24] DEBUG org.apache.http.headers -- http-outgoing-13 >> Accept-Encoding: gzip,deflate
23:07:46.110 [pool-2-thread-6] DEBUG org.apache.http.headers -- http-outgoing-21 >> Content-Length: 54
23:07:46.116 [pool-2-thread-24] DEBUG org.apache.http.wire -- http-outgoing-13 >> "POST /auth/login HTTP/1.1[\r][\n]"
23:07:46.116 [pool-2-thread-24] DEBUG org.apache.http.wire -- http-outgoing-13 >> "Content-Type: application/json; charset=UTF-8[\r][\n]"
23:07:46.117 [pool-2-thread-24] DEBUG org.apache.http.wire -- http-outgoing-13 >> "Content-Length: 54[\r][\n]"
23:07:46.110 [pool-2-thread-4] DEBUG org.apache.http.headers -- http-outgoing-2 >> Host: localhost:3000
23:07:46.111 [pool-2-thread-14] DEBUG org.apache.http.impl.execchain.MainClientExec -- Proxy auth state: UNCHALLENGED
23:07:46.118 [pool-2-thread-4] DEBUG org.apache.http.headers -- http-outgoing-2 >> Connection: Keep-Alive
23:07:46.118 [pool-2-thread-24] DEBUG org.apache.http.wire -- http-outgoing-13 >> "Host: localhost:3000[\r][\n]"
23:07:46.111 [pool-2-thread-5] DEBUG org.apache.http.wire -- http-outgoing-7 >> "POST /auth/login HTTP/1.1[\r][\n]"
23:07:46.111 [pool-2-thread-8] DEBUG org.apache.http.headers -- http-outgoing-12 >> Content-Length: 54
23:07:46.118 [pool-2-thread-14] DEBUG org.apache.http.headers -- http-outgoing-4 >> POST /auth/login HTTP/1.1
23:07:46.118 [pool-2-thread-14] DEBUG org.apache.http.headers -- http-outgoing-4 >> Content-Type: application/json; charset=UTF-8
23:07:46.118 [pool-2-thread-14] DEBUG org.apache.http.headers -- http-outgoing-4 >> Content-Length: 53
23:07:46.111 [pool-2-thread-25] DEBUG org.apache.http.impl.execchain.MainClientExec -- Proxy auth state: UNCHALLENGED
23:07:46.111 [pool-2-thread-27] DEBUG org.apache.http.headers -- http-outgoing-3 >> Content-Type: application/json; charset=UTF-8
23:07:46.118 [pool-2-thread-25] DEBUG org.apache.http.headers -- http-outgoing-9 >> POST /auth/login HTTP/1.1
23:07:46.118 [pool-2-thread-25] DEBUG org.apache.http.headers -- http-outgoing-9 >> Content-Type: application/json; charset=UTF-8
23:07:46.118 [pool-2-thread-25] DEBUG org.apache.http.headers -- http-outgoing-9 >> Content-Length: 55
23:07:46.118 [pool-2-thread-25] DEBUG org.apache.http.headers -- http-outgoing-9 >> Host: localhost:3000
23:07:46.118 [pool-2-thread-25] DEBUG org.apache.http.headers -- http-outgoing-9 >> Connection: Keep-Alive
23:07:46.118 [pool-2-thread-25] DEBUG org.apache.http.headers -- http-outgoing-9 >> User-Agent: Apache-HttpClient/4.5.14 (Java/17.0.9)
23:07:46.118 [pool-2-thread-25] DEBUG org.apache.http.headers -- http-outgoing-9 >> Accept-Encoding: gzip,deflate
23:07:46.118 [pool-2-thread-25] DEBUG org.apache.http.wire -- http-outgoing-9 >> "POST /auth/login HTTP/1.1[\r][\n]"
23:07:46.118 [pool-2-thread-25] DEBUG org.apache.http.wire -- http-outgoing-9 >> "Content-Type: application/json; charset=UTF-8[\r][\n]"
23:07:46.118 [pool-2-thread-25] DEBUG org.apache.http.wire -- http-outgoing-9 >> "Content-Length: 55[\r][\n]"
23:07:46.118 [pool-2-thread-25] DEBUG org.apache.http.wire -- http-outgoing-9 >> "Host: localhost:3000[\r][\n]"
23:07:46.118 [pool-2-thread-25] DEBUG org.apache.http.wire -- http-outgoing-9 >> "Connection: Keep-Alive[\r][\n]"
23:07:46.118 [pool-2-thread-25] DEBUG org.apache.http.wire -- http-outgoing-9 >> "User-Agent: Apache-HttpClient/4.5.14 (Java/17.0.9)[\r][\n]"
23:07:46.118 [pool-2-thread-25] DEBUG org.apache.http.wire -- http-outgoing-9 >> "Accept-Encoding: gzip,deflate[\r][\n]"
23:07:46.112 [pool-2-thread-18] DEBUG org.apache.http.impl.execchain.MainClientExec -- Proxy auth state: UNCHALLENGED
23:07:46.118 [pool-2-thread-18] DEBUG org.apache.http.headers -- http-outgoing-22 >> POST /auth/login HTTP/1.1
23:07:46.118 [pool-2-thread-18] DEBUG org.apache.http.headers -- http-outgoing-22 >> Content-Type: application/json; charset=UTF-8
23:07:46.118 [pool-2-thread-18] DEBUG org.apache.http.headers -- http-outgoing-22 >> Content-Length: 54
23:07:46.118 [pool-2-thread-18] DEBUG org.apache.http.headers -- http-outgoing-22 >> Host: localhost:3000
23:07:46.118 [pool-2-thread-18] DEBUG org.apache.http.headers -- http-outgoing-22 >> Connection: Keep-Alive
23:07:46.118 [pool-2-thread-18] DEBUG org.apache.http.headers -- http-outgoing-22 >> User-Agent: Apache-HttpClient/4.5.14 (Java/17.0.9)
23:07:46.118 [pool-2-thread-18] DEBUG org.apache.http.headers -- http-outgoing-22 >> Accept-Encoding: gzip,deflate
23:07:46.118 [pool-2-thread-18] DEBUG org.apache.http.wire -- http-outgoing-22 >> "POST /auth/login HTTP/1.1[\r][\n]"
23:07:46.118 [pool-2-thread-18] DEBUG org.apache.http.wire -- http-outgoing-22 >> "Content-Type: application/json; charset=UTF-8[\r][\n]"
23:07:46.118 [pool-2-thread-18] DEBUG org.apache.http.wire -- http-outgoing-22 >> "Content-Length: 54[\r][\n]"
23:07:46.118 [pool-2-thread-18] DEBUG org.apache.http.wire -- http-outgoing-22 >> "Host: localhost:3000[\r][\n]"
23:07:46.118 [pool-2-thread-18] DEBUG org.apache.http.wire -- http-outgoing-22 >> "Connection: Keep-Alive[\r][\n]"
23:07:46.113 [pool-2-thread-9] DEBUG org.apache.http.headers -- http-outgoing-14 >> POST /auth/login HTTP/1.1
23:07:46.113 [pool-2-thread-19] DEBUG org.apache.http.impl.execchain.MainClientExec -- Target auth state: UNCHALLENGED
23:07:46.120 [pool-2-thread-9] DEBUG org.apache.http.headers -- http-outgoing-14 >> Content-Type: application/json; charset=UTF-8
23:07:46.120 [pool-2-thread-9] DEBUG org.apache.http.headers -- http-outgoing-14 >> Content-Length: 53
23:07:46.120 [pool-2-thread-9] DEBUG org.apache.http.headers -- http-outgoing-14 >> Host: localhost:3000
23:07:46.113 [pool-2-thread-10] DEBUG org.apache.http.headers -- http-outgoing-23 >> Content-Type: application/json; charset=UTF-8
23:07:46.120 [pool-2-thread-10] DEBUG org.apache.http.headers -- http-outgoing-23 >> Content-Length: 54
23:07:46.113 [pool-2-thread-28] DEBUG org.apache.http.headers -- http-outgoing-16 >> User-Agent: Apache-HttpClient/4.5.14 (Java/17.0.9)
23:07:46.120 [pool-2-thread-28] DEBUG org.apache.http.headers -- http-outgoing-16 >> Accept-Encoding: gzip,deflate
23:07:46.120 [pool-2-thread-10] DEBUG org.apache.http.headers -- http-outgoing-23 >> Host: localhost:3000
23:07:46.120 [pool-2-thread-10] DEBUG org.apache.http.headers -- http-outgoing-23 >> Connection: Keep-Alive
23:07:46.120 [pool-2-thread-10] DEBUG org.apache.http.headers -- http-outgoing-23 >> User-Agent: Apache-HttpClient/4.5.14 (Java/17.0.9)
23:07:46.115 [pool-2-thread-12] DEBUG org.apache.http.headers -- http-outgoing-27 >> Host: localhost:3000
23:07:46.120 [pool-2-thread-10] DEBUG org.apache.http.headers -- http-outgoing-23 >> Accept-Encoding: gzip,deflate
23:07:46.115 [pool-2-thread-16] DEBUG org.apache.http.headers -- http-outgoing-25 >> Host: localhost:3000
23:07:46.120 [pool-2-thread-16] DEBUG org.apache.http.headers -- http-outgoing-25 >> Connection: Keep-Alive
23:07:46.120 [pool-2-thread-16] DEBUG org.apache.http.headers -- http-outgoing-25 >> User-Agent: Apache-HttpClient/4.5.14 (Java/17.0.9)
23:07:46.120 [pool-2-thread-16] DEBUG org.apache.http.headers -- http-outgoing-25 >> Accept-Encoding: gzip,deflate
23:07:46.120 [pool-2-thread-16] DEBUG org.apache.http.wire -- http-outgoing-25 >> "POST /auth/login HTTP/1.1[\r][\n]"
23:07:46.120 [pool-2-thread-16] DEBUG org.apache.http.wire -- http-outgoing-25 >> "Content-Type: application/json; charset=UTF-8[\r][\n]"
23:07:46.120 [pool-2-thread-16] DEBUG org.apache.http.wire -- http-outgoing-25 >> "Content-Length: 54[\r][\n]"
23:07:46.120 [pool-2-thread-16] DEBUG org.apache.http.wire -- http-outgoing-25 >> "Host: localhost:3000[\r][\n]"
23:07:46.120 [pool-2-thread-16] DEBUG org.apache.http.wire -- http-outgoing-25 >> "Connection: Keep-Alive[\r][\n]"
23:07:46.120 [pool-2-thread-16] DEBUG org.apache.http.wire -- http-outgoing-25 >> "User-Agent: Apache-HttpClient/4.5.14 (Java/17.0.9)[\r][\n]"
23:07:46.121 [pool-2-thread-16] DEBUG org.apache.http.wire -- http-outgoing-25 >> "Accept-Encoding: gzip,deflate[\r][\n]"
23:07:46.121 [pool-2-thread-16] DEBUG org.apache.http.wire -- http-outgoing-25 >> "[\r][\n]"
23:07:46.121 [pool-2-thread-16] DEBUG org.apache.http.wire -- http-outgoing-25 >> "{"email":"testit4@gmail.com","password":"Password12g"}"
23:07:46.121 [pool-2-thread-12] DEBUG org.apache.http.headers -- http-outgoing-27 >> Connection: Keep-Alive
23:07:46.121 [pool-2-thread-12] DEBUG org.apache.http.headers -- http-outgoing-27 >> User-Agent: Apache-HttpClient/4.5.14 (Java/17.0.9)
23:07:46.121 [pool-2-thread-12] DEBUG org.apache.http.headers -- http-outgoing-27 >> Accept-Encoding: gzip,deflate
23:07:46.121 [pool-2-thread-10] DEBUG org.apache.http.wire -- http-outgoing-23 >> "POST /auth/login HTTP/1.1[\r][\n]"
23:07:46.121 [pool-2-thread-12] DEBUG org.apache.http.wire -- http-outgoing-27 >> "POST /auth/login HTTP/1.1[\r][\n]"
23:07:46.121 [pool-2-thread-12] DEBUG org.apache.http.wire -- http-outgoing-27 >> "Content-Type: application/json; charset=UTF-8[\r][\n]"
23:07:46.121 [pool-2-thread-12] DEBUG org.apache.http.wire -- http-outgoing-27 >> "Content-Length: 48[\r][\n]"
23:07:46.121 [pool-2-thread-10] DEBUG org.apache.http.wire -- http-outgoing-23 >> "Content-Type: application/json; charset=UTF-8[\r][\n]"
23:07:46.115 [pool-2-thread-23] DEBUG org.apache.http.impl.execchain.MainClientExec -- Proxy auth state: UNCHALLENGED
23:07:46.122 [pool-2-thread-23] DEBUG org.apache.http.headers -- http-outgoing-0 >> POST /auth/login HTTP/1.1
23:07:46.122 [pool-2-thread-23] DEBUG org.apache.http.headers -- http-outgoing-0 >> Content-Type: application/json; charset=UTF-8
23:07:46.122 [pool-2-thread-23] DEBUG org.apache.http.headers -- http-outgoing-0 >> Content-Length: 53
23:07:46.115 [pool-2-thread-2] DEBUG org.apache.http.impl.execchain.MainClientExec -- Proxy auth state: UNCHALLENGED
23:07:46.122 [pool-2-thread-2] DEBUG org.apache.http.headers -- http-outgoing-5 >> POST /auth/login HTTP/1.1
23:07:46.122 [pool-2-thread-2] DEBUG org.apache.http.headers -- http-outgoing-5 >> Content-Type: application/json; charset=UTF-8
23:07:46.115 [pool-2-thread-20] DEBUG org.apache.http.headers -- http-outgoing-8 >> POST /auth/login HTTP/1.1
23:07:46.115 [pool-2-thread-7] DEBUG org.apache.http.headers -- http-outgoing-17 >> POST /auth/login HTTP/1.1
23:07:46.116 [pool-2-thread-17] DEBUG org.apache.http.headers -- http-outgoing-28 >> Content-Type: application/json; charset=UTF-8
23:07:46.123 [pool-2-thread-7] DEBUG org.apache.http.headers -- http-outgoing-17 >> Content-Type: application/json; charset=UTF-8
23:07:46.116 [pool-2-thread-3] DEBUG org.apache.http.headers -- http-outgoing-20 >> Content-Type: application/json; charset=UTF-8
23:07:46.123 [pool-2-thread-3] DEBUG org.apache.http.headers -- http-outgoing-20 >> Content-Length: 53
23:07:46.123 [pool-2-thread-3] DEBUG org.apache.http.headers -- http-outgoing-20 >> Host: localhost:3000
23:07:46.123 [pool-2-thread-3] DEBUG org.apache.http.headers -- http-outgoing-20 >> Connection: Keep-Alive
23:07:46.123 [pool-2-thread-3] DEBUG org.apache.http.headers -- http-outgoing-20 >> User-Agent: Apache-HttpClient/4.5.14 (Java/17.0.9)
23:07:46.123 [pool-2-thread-3] DEBUG org.apache.http.headers -- http-outgoing-20 >> Accept-Encoding: gzip,deflate
23:07:46.123 [pool-2-thread-3] DEBUG org.apache.http.wire -- http-outgoing-20 >> "POST /auth/login HTTP/1.1[\r][\n]"
23:07:46.123 [pool-2-thread-3] DEBUG org.apache.http.wire -- http-outgoing-20 >> "Content-Type: application/json; charset=UTF-8[\r][\n]"
23:07:46.116 [pool-2-thread-1] DEBUG org.apache.http.headers -- http-outgoing-11 >> Content-Type: application/json; charset=UTF-8
23:07:46.123 [pool-2-thread-1] DEBUG org.apache.http.headers -- http-outgoing-11 >> Content-Length: 45
23:07:46.123 [pool-2-thread-1] DEBUG org.apache.http.headers -- http-outgoing-11 >> Host: localhost:3000
23:07:46.123 [pool-2-thread-1] DEBUG org.apache.http.headers -- http-outgoing-11 >> Connection: Keep-Alive
23:07:46.123 [pool-2-thread-1] DEBUG org.apache.http.headers -- http-outgoing-11 >> User-Agent: Apache-HttpClient/4.5.14 (Java/17.0.9)
23:07:46.123 [pool-2-thread-1] DEBUG org.apache.http.headers -- http-outgoing-11 >> Accept-Encoding: gzip,deflate
23:07:46.123 [pool-2-thread-1] DEBUG org.apache.http.wire -- http-outgoing-11 >> "POST /auth/login HTTP/1.1[\r][\n]"
23:07:46.123 [pool-2-thread-1] DEBUG org.apache.http.wire -- http-outgoing-11 >> "Content-Type: application/json; charset=UTF-8[\r][\n]"
23:07:46.123 [pool-2-thread-1] DEBUG org.apache.http.wire -- http-outgoing-11 >> "Content-Length: 45[\r][\n]"
23:07:46.123 [pool-2-thread-1] DEBUG org.apache.http.wire -- http-outgoing-11 >> "Host: localhost:3000[\r][\n]"
23:07:46.123 [pool-2-thread-1] DEBUG org.apache.http.wire -- http-outgoing-11 >> "Connection: Keep-Alive[\r][\n]"
23:07:46.123 [pool-2-thread-1] DEBUG org.apache.http.wire -- http-outgoing-11 >> "User-Agent: Apache-HttpClient/4.5.14 (Java/17.0.9)[\r][\n]"
23:07:46.123 [pool-2-thread-1] DEBUG org.apache.http.wire -- http-outgoing-11 >> "Accept-Encoding: gzip,deflate[\r][\n]"
23:07:46.123 [pool-2-thread-1] DEBUG org.apache.http.wire -- http-outgoing-11 >> "[\r][\n]"
23:07:46.123 [pool-2-thread-1] DEBUG org.apache.http.wire -- http-outgoing-11 >> "{"email":"nam@gmail.com","password":"123456"}"
23:07:46.116 [pool-2-thread-30] DEBUG org.apache.http.wire -- http-outgoing-19 >> "User-Agent: Apache-HttpClient/4.5.14 (Java/17.0.9)[\r][\n]"
23:07:46.123 [pool-2-thread-30] DEBUG org.apache.http.wire -- http-outgoing-19 >> "Accept-Encoding: gzip,deflate[\r][\n]"
23:07:46.116 [pool-2-thread-22] DEBUG org.apache.http.headers -- http-outgoing-29 >> Host: localhost:3000
23:07:46.124 [pool-2-thread-30] DEBUG org.apache.http.wire -- http-outgoing-19 >> "[\r][\n]"
23:07:46.124 [pool-2-thread-30] DEBUG org.apache.http.wire -- http-outgoing-19 >> "{"email":"testit2@gmail.com","password":"Password123"}"
23:07:46.116 [pool-2-thread-11] DEBUG org.apache.http.headers -- http-outgoing-10 >> Content-Length: 44
23:07:46.124 [pool-2-thread-11] DEBUG org.apache.http.headers -- http-outgoing-10 >> Host: localhost:3000
23:07:46.124 [pool-2-thread-11] DEBUG org.apache.http.headers -- http-outgoing-10 >> Connection: Keep-Alive
23:07:46.124 [pool-2-thread-11] DEBUG org.apache.http.headers -- http-outgoing-10 >> User-Agent: Apache-HttpClient/4.5.14 (Java/17.0.9)
23:07:46.116 [pool-2-thread-15] DEBUG org.apache.http.headers -- http-outgoing-15 >> Connection: Keep-Alive
23:07:46.116 [pool-2-thread-21] DEBUG org.apache.http.headers -- http-outgoing-1 >> Host: localhost:3000
23:07:46.124 [pool-2-thread-15] DEBUG org.apache.http.headers -- http-outgoing-15 >> User-Agent: Apache-HttpClient/4.5.14 (Java/17.0.9)
23:07:46.124 [pool-2-thread-21] DEBUG org.apache.http.headers -- http-outgoing-1 >> Connection: Keep-Alive
23:07:46.116 [pool-2-thread-6] DEBUG org.apache.http.headers -- http-outgoing-21 >> Host: localhost:3000
23:07:46.118 [pool-2-thread-4] DEBUG org.apache.http.headers -- http-outgoing-2 >> User-Agent: Apache-HttpClient/4.5.14 (Java/17.0.9)
23:07:46.118 [pool-2-thread-24] DEBUG org.apache.http.wire -- http-outgoing-13 >> "Connection: Keep-Alive[\r][\n]"
23:07:46.118 [pool-2-thread-5] DEBUG org.apache.http.wire -- http-outgoing-7 >> "Content-Type: application/json; charset=UTF-8[\r][\n]"
23:07:46.118 [pool-2-thread-8] DEBUG org.apache.http.headers -- http-outgoing-12 >> Host: localhost:3000
23:07:46.125 [pool-2-thread-8] DEBUG org.apache.http.headers -- http-outgoing-12 >> Connection: Keep-Alive
23:07:46.118 [pool-2-thread-14] DEBUG org.apache.http.headers -- http-outgoing-4 >> Host: localhost:3000
23:07:46.118 [pool-2-thread-27] DEBUG org.apache.http.headers -- http-outgoing-3 >> Content-Length: 54
23:07:46.118 [pool-2-thread-25] DEBUG org.apache.http.wire -- http-outgoing-9 >> "[\r][\n]"
23:07:46.125 [pool-2-thread-25] DEBUG org.apache.http.wire -- http-outgoing-9 >> "{"email":"test28@example.com","password":"Password123"}"
23:07:46.118 [pool-2-thread-18] DEBUG org.apache.http.wire -- http-outgoing-22 >> "User-Agent: Apache-HttpClient/4.5.14 (Java/17.0.9)[\r][\n]"
23:07:46.120 [pool-2-thread-19] DEBUG org.apache.http.impl.execchain.MainClientExec -- Proxy auth state: UNCHALLENGED
23:07:46.120 [pool-2-thread-9] DEBUG org.apache.http.headers -- http-outgoing-14 >> Connection: Keep-Alive
23:07:46.120 [pool-2-thread-28] DEBUG org.apache.http.wire -- http-outgoing-16 >> "POST /auth/login HTTP/1.1[\r][\n]"
23:07:46.126 [pool-2-thread-18] DEBUG org.apache.http.wire -- http-outgoing-22 >> "Accept-Encoding: gzip,deflate[\r][\n]"
23:07:46.126 [pool-2-thread-18] DEBUG org.apache.http.wire -- http-outgoing-22 >> "[\r][\n]"
23:07:46.126 [pool-2-thread-28] DEBUG org.apache.http.wire -- http-outgoing-16 >> "Content-Type: application/json; charset=UTF-8[\r][\n]"
23:07:46.126 [pool-2-thread-28] DEBUG org.apache.http.wire -- http-outgoing-16 >> "Content-Length: 54[\r][\n]"
23:07:46.126 [pool-2-thread-28] DEBUG org.apache.http.wire -- http-outgoing-16 >> "Host: localhost:3000[\r][\n]"
23:07:46.126 [pool-2-thread-28] DEBUG org.apache.http.wire -- http-outgoing-16 >> "Connection: Keep-Alive[\r][\n]"
23:07:46.126 [pool-2-thread-28] DEBUG org.apache.http.wire -- http-outgoing-16 >> "User-Agent: Apache-HttpClient/4.5.14 (Java/17.0.9)[\r][\n]"
23:07:46.126 [pool-2-thread-28] DEBUG org.apache.http.wire -- http-outgoing-16 >> "Accept-Encoding: gzip,deflate[\r][\n]"
23:07:46.126 [pool-2-thread-28] DEBUG org.apache.http.wire -- http-outgoing-16 >> "[\r][\n]"
23:07:46.121 [pool-2-thread-12] DEBUG org.apache.http.wire -- http-outgoing-27 >> "Host: localhost:3000[\r][\n]"
23:07:46.126 [pool-2-thread-28] DEBUG org.apache.http.wire -- http-outgoing-16 >> "{"email":"testit5@gmail.com","password":"Password123"}"
23:07:46.126 [pool-2-thread-12] DEBUG org.apache.http.wire -- http-outgoing-27 >> "Connection: Keep-Alive[\r][\n]"
23:07:46.126 [pool-2-thread-12] DEBUG org.apache.http.wire -- http-outgoing-27 >> "User-Agent: Apache-HttpClient/4.5.14 (Java/17.0.9)[\r][\n]"
23:07:46.126 [pool-2-thread-12] DEBUG org.apache.http.wire -- http-outgoing-27 >> "Accept-Encoding: gzip,deflate[\r][\n]"
23:07:46.127 [pool-2-thread-12] DEBUG org.apache.http.wire -- http-outgoing-27 >> "[\r][\n]"
23:07:46.122 [pool-2-thread-10] DEBUG org.apache.http.wire -- http-outgoing-23 >> "Content-Length: 54[\r][\n]"
23:07:46.127 [pool-2-thread-10] DEBUG org.apache.http.wire -- http-outgoing-23 >> "Host: localhost:3000[\r][\n]"
23:07:46.127 [pool-2-thread-10] DEBUG org.apache.http.wire -- http-outgoing-23 >> "Connection: Keep-Alive[\r][\n]"
23:07:46.127 [pool-2-thread-10] DEBUG org.apache.http.wire -- http-outgoing-23 >> "User-Agent: Apache-HttpClient/4.5.14 (Java/17.0.9)[\r][\n]"
23:07:46.127 [pool-2-thread-10] DEBUG org.apache.http.wire -- http-outgoing-23 >> "Accept-Encoding: gzip,deflate[\r][\n]"
23:07:46.127 [pool-2-thread-10] DEBUG org.apache.http.wire -- http-outgoing-23 >> "[\r][\n]"
23:07:46.127 [pool-2-thread-10] DEBUG org.apache.http.wire -- http-outgoing-23 >> "{"email":"testit2@gmail.com","password":"Password123"}"
23:07:46.122 [pool-2-thread-23] DEBUG org.apache.http.headers -- http-outgoing-0 >> Host: localhost:3000
23:07:46.122 [pool-2-thread-2] DEBUG org.apache.http.headers -- http-outgoing-5 >> Content-Length: 48
23:07:46.122 [pool-2-thread-20] DEBUG org.apache.http.headers -- http-outgoing-8 >> Content-Type: application/json; charset=UTF-8
23:07:46.130 [pool-2-thread-2] DEBUG org.apache.http.headers -- http-outgoing-5 >> Host: localhost:3000
23:07:46.130 [pool-2-thread-2] DEBUG org.apache.http.headers -- http-outgoing-5 >> Connection: Keep-Alive
23:07:46.123 [pool-2-thread-7] DEBUG org.apache.http.headers -- http-outgoing-17 >> Content-Length: 54
23:07:46.130 [pool-2-thread-7] DEBUG org.apache.http.headers -- http-outgoing-17 >> Host: localhost:3000
23:07:46.130 [pool-2-thread-7] DEBUG org.apache.http.headers -- http-outgoing-17 >> Connection: Keep-Alive
23:07:46.130 [pool-2-thread-7] DEBUG org.apache.http.headers -- http-outgoing-17 >> User-Agent: Apache-HttpClient/4.5.14 (Java/17.0.9)
23:07:46.130 [pool-2-thread-7] DEBUG org.apache.http.headers -- http-outgoing-17 >> Accept-Encoding: gzip,deflate
23:07:46.130 [pool-2-thread-7] DEBUG org.apache.http.wire -- http-outgoing-17 >> "POST /auth/login HTTP/1.1[\r][\n]"
23:07:46.130 [pool-2-thread-7] DEBUG org.apache.http.wire -- http-outgoing-17 >> "Content-Type: application/json; charset=UTF-8[\r][\n]"
23:07:46.131 [pool-2-thread-7] DEBUG org.apache.http.wire -- http-outgoing-17 >> "Content-Length: 54[\r][\n]"
23:07:46.131 [pool-2-thread-7] DEBUG org.apache.http.wire -- http-outgoing-17 >> "Host: localhost:3000[\r][\n]"
23:07:46.131 [pool-2-thread-7] DEBUG org.apache.http.wire -- http-outgoing-17 >> "Connection: Keep-Alive[\r][\n]"
23:07:46.131 [pool-2-thread-7] DEBUG org.apache.http.wire -- http-outgoing-17 >> "User-Agent: Apache-HttpClient/4.5.14 (Java/17.0.9)[\r][\n]"
23:07:46.131 [pool-2-thread-7] DEBUG org.apache.http.wire -- http-outgoing-17 >> "Accept-Encoding: gzip,deflate[\r][\n]"
23:07:46.131 [pool-2-thread-7] DEBUG org.apache.http.wire -- http-outgoing-17 >> "[\r][\n]"
23:07:46.131 [pool-2-thread-7] DEBUG org.apache.http.wire -- http-outgoing-17 >> "{"email":"testit3@gmail.com","password":"Password123"}"
23:07:46.123 [pool-2-thread-17] DEBUG org.apache.http.headers -- http-outgoing-28 >> Content-Length: 54
23:07:46.123 [pool-2-thread-3] DEBUG org.apache.http.wire -- http-outgoing-20 >> "Content-Length: 53[\r][\n]"
23:07:46.133 [pool-2-thread-3] DEBUG org.apache.http.wire -- http-outgoing-20 >> "Host: localhost:3000[\r][\n]"
23:07:46.133 [pool-2-thread-3] DEBUG org.apache.http.wire -- http-outgoing-20 >> "Connection: Keep-Alive[\r][\n]"
23:07:46.134 [pool-2-thread-3] DEBUG org.apache.http.wire -- http-outgoing-20 >> "User-Agent: Apache-HttpClient/4.5.14 (Java/17.0.9)[\r][\n]"
23:07:46.124 [pool-2-thread-22] DEBUG org.apache.http.headers -- http-outgoing-29 >> Connection: Keep-Alive
23:07:46.134 [pool-2-thread-22] DEBUG org.apache.http.headers -- http-outgoing-29 >> User-Agent: Apache-HttpClient/4.5.14 (Java/17.0.9)
23:07:46.134 [pool-2-thread-22] DEBUG org.apache.http.headers -- http-outgoing-29 >> Accept-Encoding: gzip,deflate
23:07:46.134 [pool-2-thread-22] DEBUG org.apache.http.wire -- http-outgoing-29 >> "POST /auth/login HTTP/1.1[\r][\n]"
23:07:46.134 [pool-2-thread-22] DEBUG org.apache.http.wire -- http-outgoing-29 >> "Content-Type: application/json; charset=UTF-8[\r][\n]"
23:07:46.134 [pool-2-thread-22] DEBUG org.apache.http.wire -- http-outgoing-29 >> "Content-Length: 48[\r][\n]"
23:07:46.134 [pool-2-thread-22] DEBUG org.apache.http.wire -- http-outgoing-29 >> "Host: localhost:3000[\r][\n]"
23:07:46.134 [pool-2-thread-22] DEBUG org.apache.http.wire -- http-outgoing-29 >> "Connection: Keep-Alive[\r][\n]"
23:07:46.134 [pool-2-thread-22] DEBUG org.apache.http.wire -- http-outgoing-29 >> "User-Agent: Apache-HttpClient/4.5.14 (Java/17.0.9)[\r][\n]"
23:07:46.134 [pool-2-thread-22] DEBUG org.apache.http.wire -- http-outgoing-29 >> "Accept-Encoding: gzip,deflate[\r][\n]"
23:07:46.134 [pool-2-thread-22] DEBUG org.apache.http.wire -- http-outgoing-29 >> "[\r][\n]"
23:07:46.134 [pool-2-thread-22] DEBUG org.apache.http.wire -- http-outgoing-29 >> "{"email":"quang1@gmail.com","password":"quang1"}"
23:07:46.124 [pool-2-thread-11] DEBUG org.apache.http.headers -- http-outgoing-10 >> Accept-Encoding: gzip,deflate
23:07:46.124 [pool-2-thread-15] DEBUG org.apache.http.headers -- http-outgoing-15 >> Accept-Encoding: gzip,deflate
23:07:46.136 [pool-2-thread-15] DEBUG org.apache.http.wire -- http-outgoing-15 >> "POST /auth/login HTTP/1.1[\r][\n]"
23:07:46.136 [pool-2-thread-11] DEBUG org.apache.http.wire -- http-outgoing-10 >> "POST /auth/login HTTP/1.1[\r][\n]"
23:07:46.136 [pool-2-thread-15] DEBUG org.apache.http.wire -- http-outgoing-15 >> "Content-Type: application/json; charset=UTF-8[\r][\n]"
23:07:46.136 [pool-2-thread-11] DEBUG org.apache.http.wire -- http-outgoing-10 >> "Content-Type: application/json; charset=UTF-8[\r][\n]"
23:07:46.136 [pool-2-thread-11] DEBUG org.apache.http.wire -- http-outgoing-10 >> "Content-Length: 44[\r][\n]"
23:07:46.136 [pool-2-thread-15] DEBUG org.apache.http.wire -- http-outgoing-15 >> "Content-Length: 55[\r][\n]"
23:07:46.124 [pool-2-thread-21] DEBUG org.apache.http.headers -- http-outgoing-1 >> User-Agent: Apache-HttpClient/4.5.14 (Java/17.0.9)
23:07:46.136 [pool-2-thread-21] DEBUG org.apache.http.headers -- http-outgoing-1 >> Accept-Encoding: gzip,deflate
23:07:46.136 [pool-2-thread-21] DEBUG org.apache.http.wire -- http-outgoing-1 >> "POST /auth/login HTTP/1.1[\r][\n]"
23:07:46.136 [pool-2-thread-21] DEBUG org.apache.http.wire -- http-outgoing-1 >> "Content-Type: application/json; charset=UTF-8[\r][\n]"
23:07:46.136 [pool-2-thread-21] DEBUG org.apache.http.wire -- http-outgoing-1 >> "Content-Length: 45[\r][\n]"
23:07:46.136 [pool-2-thread-21] DEBUG org.apache.http.wire -- http-outgoing-1 >> "Host: localhost:3000[\r][\n]"
23:07:46.136 [pool-2-thread-21] DEBUG org.apache.http.wire -- http-outgoing-1 >> "Connection: Keep-Alive[\r][\n]"
23:07:46.136 [pool-2-thread-21] DEBUG org.apache.http.wire -- http-outgoing-1 >> "User-Agent: Apache-HttpClient/4.5.14 (Java/17.0.9)[\r][\n]"
23:07:46.137 [pool-2-thread-21] DEBUG org.apache.http.wire -- http-outgoing-1 >> "Accept-Encoding: gzip,deflate[\r][\n]"
23:07:46.137 [pool-2-thread-21] DEBUG org.apache.http.wire -- http-outgoing-1 >> "[\r][\n]"
23:07:46.137 [pool-2-thread-21] DEBUG org.apache.http.wire -- http-outgoing-1 >> "{"email":"nam@gmail.com","password":"123456"}"
23:07:46.124 [pool-2-thread-6] DEBUG org.apache.http.headers -- http-outgoing-21 >> Connection: Keep-Alive
23:07:46.137 [pool-2-thread-6] DEBUG org.apache.http.headers -- http-outgoing-21 >> User-Agent: Apache-HttpClient/4.5.14 (Java/17.0.9)
23:07:46.137 [pool-2-thread-6] DEBUG org.apache.http.headers -- http-outgoing-21 >> Accept-Encoding: gzip,deflate
23:07:46.125 [pool-2-thread-4] DEBUG org.apache.http.headers -- http-outgoing-2 >> Accept-Encoding: gzip,deflate
23:07:46.137 [pool-2-thread-6] DEBUG org.apache.http.wire -- http-outgoing-21 >> "POST /auth/login HTTP/1.1[\r][\n]"
23:07:46.137 [pool-2-thread-6] DEBUG org.apache.http.wire -- http-outgoing-21 >> "Content-Type: application/json; charset=UTF-8[\r][\n]"
23:07:46.137 [pool-2-thread-6] DEBUG org.apache.http.wire -- http-outgoing-21 >> "Content-Length: 54[\r][\n]"
23:07:46.137 [pool-2-thread-6] DEBUG org.apache.http.wire -- http-outgoing-21 >> "Host: localhost:3000[\r][\n]"
23:07:46.137 [pool-2-thread-6] DEBUG org.apache.http.wire -- http-outgoing-21 >> "Connection: Keep-Alive[\r][\n]"
23:07:46.137 [pool-2-thread-6] DEBUG org.apache.http.wire -- http-outgoing-21 >> "User-Agent: Apache-HttpClient/4.5.14 (Java/17.0.9)[\r][\n]"
23:07:46.137 [pool-2-thread-6] DEBUG org.apache.http.wire -- http-outgoing-21 >> "Accept-Encoding: gzip,deflate[\r][\n]"
23:07:46.137 [pool-2-thread-6] DEBUG org.apache.http.wire -- http-outgoing-21 >> "[\r][\n]"
23:07:46.137 [pool-2-thread-6] DEBUG org.apache.http.wire -- http-outgoing-21 >> "{"email":"testit4@gmail.com","password":"Password123"}"
23:07:46.125 [pool-2-thread-5] DEBUG org.apache.http.wire -- http-outgoing-7 >> "Content-Length: 55[\r][\n]"
23:07:46.140 [pool-2-thread-5] DEBUG org.apache.http.wire -- http-outgoing-7 >> "Host: localhost:3000[\r][\n]"
23:07:46.140 [pool-2-thread-5] DEBUG org.apache.http.wire -- http-outgoing-7 >> "Connection: Keep-Alive[\r][\n]"
23:07:46.140 [pool-2-thread-5] DEBUG org.apache.http.wire -- http-outgoing-7 >> "User-Agent: Apache-HttpClient/4.5.14 (Java/17.0.9)[\r][\n]"
23:07:46.140 [pool-2-thread-5] DEBUG org.apache.http.wire -- http-outgoing-7 >> "Accept-Encoding: gzip,deflate[\r][\n]"
23:07:46.141 [pool-2-thread-5] DEBUG org.apache.http.wire -- http-outgoing-7 >> "[\r][\n]"
23:07:46.141 [pool-2-thread-5] DEBUG org.apache.http.wire -- http-outgoing-7 >> "{"email":"test28@example.com","password":"Password123"}"
23:07:46.125 [pool-2-thread-24] DEBUG org.apache.http.wire -- http-outgoing-13 >> "User-Agent: Apache-HttpClient/4.5.14 (Java/17.0.9)[\r][\n]"
23:07:46.125 [pool-2-thread-8] DEBUG org.apache.http.headers -- http-outgoing-12 >> User-Agent: Apache-HttpClient/4.5.14 (Java/17.0.9)
23:07:46.125 [pool-2-thread-14] DEBUG org.apache.http.headers -- http-outgoing-4 >> Connection: Keep-Alive
23:07:46.143 [pool-2-thread-14] DEBUG org.apache.http.headers -- http-outgoing-4 >> User-Agent: Apache-HttpClient/4.5.14 (Java/17.0.9)
23:07:46.143 [pool-2-thread-14] DEBUG org.apache.http.headers -- http-outgoing-4 >> Accept-Encoding: gzip,deflate
23:07:46.143 [pool-2-thread-14] DEBUG org.apache.http.wire -- http-outgoing-4 >> "POST /auth/login HTTP/1.1[\r][\n]"
23:07:46.143 [pool-2-thread-14] DEBUG org.apache.http.wire -- http-outgoing-4 >> "Content-Type: application/json; charset=UTF-8[\r][\n]"
23:07:46.143 [pool-2-thread-14] DEBUG org.apache.http.wire -- http-outgoing-4 >> "Content-Length: 53[\r][\n]"
23:07:46.143 [pool-2-thread-14] DEBUG org.apache.http.wire -- http-outgoing-4 >> "Host: localhost:3000[\r][\n]"
23:07:46.143 [pool-2-thread-14] DEBUG org.apache.http.wire -- http-outgoing-4 >> "Connection: Keep-Alive[\r][\n]"
23:07:46.143 [pool-2-thread-14] DEBUG org.apache.http.wire -- http-outgoing-4 >> "User-Agent: Apache-HttpClient/4.5.14 (Java/17.0.9)[\r][\n]"
23:07:46.143 [pool-2-thread-14] DEBUG org.apache.http.wire -- http-outgoing-4 >> "Accept-Encoding: gzip,deflate[\r][\n]"
23:07:46.143 [pool-2-thread-14] DEBUG org.apache.http.wire -- http-outgoing-4 >> "[\r][\n]"
23:07:46.143 [pool-2-thread-14] DEBUG org.apache.http.wire -- http-outgoing-4 >> "{"email":"test2@example.com","password":"Password12"}"
23:07:46.125 [pool-2-thread-27] DEBUG org.apache.http.headers -- http-outgoing-3 >> Host: localhost:3000
23:07:46.143 [pool-2-thread-27] DEBUG org.apache.http.headers -- http-outgoing-3 >> Connection: Keep-Alive
23:07:46.143 [pool-2-thread-27] DEBUG org.apache.http.headers -- http-outgoing-3 >> User-Agent: Apache-HttpClient/4.5.14 (Java/17.0.9)
23:07:46.143 [pool-2-thread-27] DEBUG org.apache.http.headers -- http-outgoing-3 >> Accept-Encoding: gzip,deflate
23:07:46.143 [pool-2-thread-27] DEBUG org.apache.http.wire -- http-outgoing-3 >> "POST /auth/login HTTP/1.1[\r][\n]"
23:07:46.143 [pool-2-thread-27] DEBUG org.apache.http.wire -- http-outgoing-3 >> "Content-Type: application/json; charset=UTF-8[\r][\n]"
23:07:46.143 [pool-2-thread-27] DEBUG org.apache.http.wire -- http-outgoing-3 >> "Content-Length: 54[\r][\n]"
23:07:46.143 [pool-2-thread-27] DEBUG org.apache.http.wire -- http-outgoing-3 >> "Host: localhost:3000[\r][\n]"
23:07:46.143 [pool-2-thread-27] DEBUG org.apache.http.wire -- http-outgoing-3 >> "Connection: Keep-Alive[\r][\n]"
23:07:46.143 [pool-2-thread-27] DEBUG org.apache.http.wire -- http-outgoing-3 >> "User-Agent: Apache-HttpClient/4.5.14 (Java/17.0.9)[\r][\n]"
23:07:46.143 [pool-2-thread-27] DEBUG org.apache.http.wire -- http-outgoing-3 >> "Accept-Encoding: gzip,deflate[\r][\n]"
23:07:46.143 [pool-2-thread-27] DEBUG org.apache.http.wire -- http-outgoing-3 >> "[\r][\n]"
23:07:46.143 [pool-2-thread-27] DEBUG org.apache.http.wire -- http-outgoing-3 >> "{"email":"testit3@gmail.com","password":"Password123"}"
23:07:46.126 [pool-2-thread-9] DEBUG org.apache.http.headers -- http-outgoing-14 >> User-Agent: Apache-HttpClient/4.5.14 (Java/17.0.9)
23:07:46.143 [pool-2-thread-9] DEBUG org.apache.http.headers -- http-outgoing-14 >> Accept-Encoding: gzip,deflate
23:07:46.126 [pool-2-thread-19] DEBUG org.apache.http.headers -- http-outgoing-6 >> POST /auth/login HTTP/1.1
23:07:46.142 [pool-2-thread-24] DEBUG org.apache.http.wire -- http-outgoing-13 >> "Accept-Encoding: gzip,deflate[\r][\n]"
23:07:46.144 [pool-2-thread-19] DEBUG org.apache.http.headers -- http-outgoing-6 >> Content-Type: application/json; charset=UTF-8
23:07:46.144 [pool-2-thread-19] DEBUG org.apache.http.headers -- http-outgoing-6 >> Content-Length: 53
23:07:46.144 [pool-2-thread-19] DEBUG org.apache.http.headers -- http-outgoing-6 >> Host: localhost:3000
23:07:46.144 [pool-2-thread-19] DEBUG org.apache.http.headers -- http-outgoing-6 >> Connection: Keep-Alive
23:07:46.144 [pool-2-thread-19] DEBUG org.apache.http.headers -- http-outgoing-6 >> User-Agent: Apache-HttpClient/4.5.14 (Java/17.0.9)
23:07:46.144 [pool-2-thread-19] DEBUG org.apache.http.headers -- http-outgoing-6 >> Accept-Encoding: gzip,deflate
23:07:46.144 [pool-2-thread-19] DEBUG org.apache.http.wire -- http-outgoing-6 >> "POST /auth/login HTTP/1.1[\r][\n]"
23:07:46.144 [pool-2-thread-19] DEBUG org.apache.http.wire -- http-outgoing-6 >> "Content-Type: application/json; charset=UTF-8[\r][\n]"
23:07:46.144 [pool-2-thread-19] DEBUG org.apache.http.wire -- http-outgoing-6 >> "Content-Length: 53[\r][\n]"
23:07:46.144 [pool-2-thread-19] DEBUG org.apache.http.wire -- http-outgoing-6 >> "Host: localhost:3000[\r][\n]"
23:07:46.144 [pool-2-thread-19] DEBUG org.apache.http.wire -- http-outgoing-6 >> "Connection: Keep-Alive[\r][\n]"
23:07:46.144 [pool-2-thread-19] DEBUG org.apache.http.wire -- http-outgoing-6 >> "User-Agent: Apache-HttpClient/4.5.14 (Java/17.0.9)[\r][\n]"
23:07:46.144 [pool-2-thread-19] DEBUG org.apache.http.wire -- http-outgoing-6 >> "Accept-Encoding: gzip,deflate[\r][\n]"
23:07:46.144 [pool-2-thread-19] DEBUG org.apache.http.wire -- http-outgoing-6 >> "[\r][\n]"
23:07:46.144 [pool-2-thread-19] DEBUG org.apache.http.wire -- http-outgoing-6 >> "{"email":"testit@gmail.com","password":"Password123"}"
23:07:46.126 [pool-2-thread-18] DEBUG org.apache.http.wire -- http-outgoing-22 >> "{"email":"testit5@gmail.com","password":"Password123"}"
23:07:46.127 [pool-2-thread-12] DEBUG org.apache.http.wire -- http-outgoing-27 >> "{"email":"quang1@gmail.com","password":"quang1"}"
23:07:46.130 [pool-2-thread-20] DEBUG org.apache.http.headers -- http-outgoing-8 >> Content-Length: 54
23:07:46.130 [pool-2-thread-2] DEBUG org.apache.http.headers -- http-outgoing-5 >> User-Agent: Apache-HttpClient/4.5.14 (Java/17.0.9)
23:07:46.130 [pool-2-thread-23] DEBUG org.apache.http.headers -- http-outgoing-0 >> Connection: Keep-Alive
23:07:46.134 [pool-2-thread-3] DEBUG org.apache.http.wire -- http-outgoing-20 >> "Accept-Encoding: gzip,deflate[\r][\n]"
23:07:46.145 [pool-2-thread-20] DEBUG org.apache.http.headers -- http-outgoing-8 >> Host: localhost:3000
23:07:46.145 [pool-2-thread-20] DEBUG org.apache.http.headers -- http-outgoing-8 >> Connection: Keep-Alive
23:07:46.145 [pool-2-thread-3] DEBUG org.apache.http.wire -- http-outgoing-20 >> "[\r][\n]"
23:07:46.145 [pool-2-thread-3] DEBUG org.apache.http.wire -- http-outgoing-20 >> "{"email":"test@example.com","password":"Password123"}"
23:07:46.134 [pool-2-thread-17] DEBUG org.apache.http.headers -- http-outgoing-28 >> Host: localhost:3000
23:07:46.146 [pool-2-thread-17] DEBUG org.apache.http.headers -- http-outgoing-28 >> Connection: Keep-Alive
23:07:46.146 [pool-2-thread-17] DEBUG org.apache.http.headers -- http-outgoing-28 >> User-Agent: Apache-HttpClient/4.5.14 (Java/17.0.9)
23:07:46.146 [pool-2-thread-17] DEBUG org.apache.http.headers -- http-outgoing-28 >> Accept-Encoding: gzip,deflate
23:07:46.146 [pool-2-thread-17] DEBUG org.apache.http.wire -- http-outgoing-28 >> "POST /auth/login HTTP/1.1[\r][\n]"
23:07:46.136 [pool-2-thread-11] DEBUG org.apache.http.wire -- http-outgoing-10 >> "Host: localhost:3000[\r][\n]"
23:07:46.136 [pool-2-thread-15] DEBUG org.apache.http.wire -- http-outgoing-15 >> "Host: localhost:3000[\r][\n]"
23:07:46.137 [pool-2-thread-4] DEBUG org.apache.http.wire -- http-outgoing-2 >> "POST /auth/login HTTP/1.1[\r][\n]"
23:07:46.146 [pool-2-thread-4] DEBUG org.apache.http.wire -- http-outgoing-2 >> "Content-Type: application/json; charset=UTF-8[\r][\n]"
23:07:46.142 [pool-2-thread-8] DEBUG org.apache.http.headers -- http-outgoing-12 >> Accept-Encoding: gzip,deflate
23:07:46.146 [pool-2-thread-4] DEBUG org.apache.http.wire -- http-outgoing-2 >> "Content-Length: 54[\r][\n]"
23:07:46.144 [pool-2-thread-9] DEBUG org.apache.http.wire -- http-outgoing-14 >> "POST /auth/login HTTP/1.1[\r][\n]"
23:07:46.144 [pool-2-thread-24] DEBUG org.apache.http.wire -- http-outgoing-13 >> "[\r][\n]"
23:07:46.145 [pool-2-thread-23] DEBUG org.apache.http.headers -- http-outgoing-0 >> User-Agent: Apache-HttpClient/4.5.14 (Java/17.0.9)
23:07:46.146 [pool-2-thread-23] DEBUG org.apache.http.headers -- http-outgoing-0 >> Accept-Encoding: gzip,deflate
23:07:46.145 [pool-2-thread-2] DEBUG org.apache.http.headers -- http-outgoing-5 >> Accept-Encoding: gzip,deflate
23:07:46.146 [pool-2-thread-23] DEBUG org.apache.http.wire -- http-outgoing-0 >> "POST /auth/login HTTP/1.1[\r][\n]"
23:07:46.146 [pool-2-thread-23] DEBUG org.apache.http.wire -- http-outgoing-0 >> "Content-Type: application/json; charset=UTF-8[\r][\n]"
23:07:46.146 [pool-2-thread-2] DEBUG org.apache.http.wire -- http-outgoing-5 >> "POST /auth/login HTTP/1.1[\r][\n]"
23:07:46.145 [pool-2-thread-20] DEBUG org.apache.http.headers -- http-outgoing-8 >> User-Agent: Apache-HttpClient/4.5.14 (Java/17.0.9)
23:07:46.146 [pool-2-thread-17] DEBUG org.apache.http.wire -- http-outgoing-28 >> "Content-Type: application/json; charset=UTF-8[\r][\n]"
23:07:46.146 [pool-2-thread-11] DEBUG org.apache.http.wire -- http-outgoing-10 >> "Connection: Keep-Alive[\r][\n]"
23:07:46.146 [pool-2-thread-15] DEBUG org.apache.http.wire -- http-outgoing-15 >> "Connection: Keep-Alive[\r][\n]"
23:07:46.146 [pool-2-thread-8] DEBUG org.apache.http.wire -- http-outgoing-12 >> "POST /auth/login HTTP/1.1[\r][\n]"
23:07:46.146 [pool-2-thread-15] DEBUG org.apache.http.wire -- http-outgoing-15 >> "User-Agent: Apache-HttpClient/4.5.14 (Java/17.0.9)[\r][\n]"
23:07:46.146 [pool-2-thread-4] DEBUG org.apache.http.wire -- http-outgoing-2 >> "Host: localhost:3000[\r][\n]"
23:07:46.146 [pool-2-thread-9] DEBUG org.apache.http.wire -- http-outgoing-14 >> "Content-Type: application/json; charset=UTF-8[\r][\n]"
23:07:46.146 [pool-2-thread-24] DEBUG org.apache.http.wire -- http-outgoing-13 >> "{"email":"test2@example.com","password":"Password123"}"
23:07:46.146 [pool-2-thread-23] DEBUG org.apache.http.wire -- http-outgoing-0 >> "Content-Length: 53[\r][\n]"
23:07:46.146 [pool-2-thread-2] DEBUG org.apache.http.wire -- http-outgoing-5 >> "Content-Type: application/json; charset=UTF-8[\r][\n]"
23:07:46.146 [pool-2-thread-20] DEBUG org.apache.http.headers -- http-outgoing-8 >> Accept-Encoding: gzip,deflate
23:07:46.147 [pool-2-thread-23] DEBUG org.apache.http.wire -- http-outgoing-0 >> "Host: localhost:3000[\r][\n]"
23:07:46.146 [pool-2-thread-17] DEBUG org.apache.http.wire -- http-outgoing-28 >> "Content-Length: 54[\r][\n]"
23:07:46.146 [pool-2-thread-8] DEBUG org.apache.http.wire -- http-outgoing-12 >> "Content-Type: application/json; charset=UTF-8[\r][\n]"
23:07:46.146 [pool-2-thread-15] DEBUG org.apache.http.wire -- http-outgoing-15 >> "Accept-Encoding: gzip,deflate[\r][\n]"
23:07:46.146 [pool-2-thread-11] DEBUG org.apache.http.wire -- http-outgoing-10 >> "User-Agent: Apache-HttpClient/4.5.14 (Java/17.0.9)[\r][\n]"
23:07:46.147 [pool-2-thread-11] DEBUG org.apache.http.wire -- http-outgoing-10 >> "Accept-Encoding: gzip,deflate[\r][\n]"
23:07:46.146 [pool-2-thread-4] DEBUG org.apache.http.wire -- http-outgoing-2 >> "Connection: Keep-Alive[\r][\n]"
23:07:46.146 [pool-2-thread-9] DEBUG org.apache.http.wire -- http-outgoing-14 >> "Content-Length: 53[\r][\n]"
23:07:46.147 [pool-2-thread-9] DEBUG org.apache.http.wire -- http-outgoing-14 >> "Host: localhost:3000[\r][\n]"
23:07:46.147 [pool-2-thread-2] DEBUG org.apache.http.wire -- http-outgoing-5 >> "Content-Length: 48[\r][\n]"
23:07:46.147 [pool-2-thread-20] DEBUG org.apache.http.wire -- http-outgoing-8 >> "POST /auth/login HTTP/1.1[\r][\n]"
23:07:46.147 [pool-2-thread-23] DEBUG org.apache.http.wire -- http-outgoing-0 >> "Connection: Keep-Alive[\r][\n]"
23:07:46.147 [pool-2-thread-17] DEBUG org.apache.http.wire -- http-outgoing-28 >> "Host: localhost:3000[\r][\n]"
23:07:46.147 [pool-2-thread-8] DEBUG org.apache.http.wire -- http-outgoing-12 >> "Content-Length: 54[\r][\n]"
23:07:46.147 [pool-2-thread-15] DEBUG org.apache.http.wire -- http-outgoing-15 >> "[\r][\n]"
23:07:46.147 [pool-2-thread-11] DEBUG org.apache.http.wire -- http-outgoing-10 >> "[\r][\n]"
23:07:46.147 [pool-2-thread-4] DEBUG org.apache.http.wire -- http-outgoing-2 >> "User-Agent: Apache-HttpClient/4.5.14 (Java/17.0.9)[\r][\n]"
23:07:46.147 [pool-2-thread-9] DEBUG org.apache.http.wire -- http-outgoing-14 >> "Connection: Keep-Alive[\r][\n]"
23:07:46.147 [pool-2-thread-2] DEBUG org.apache.http.wire -- http-outgoing-5 >> "Host: localhost:3000[\r][\n]"
23:07:46.147 [pool-2-thread-20] DEBUG org.apache.http.wire -- http-outgoing-8 >> "Content-Type: application/json; charset=UTF-8[\r][\n]"
23:07:46.147 [pool-2-thread-23] DEBUG org.apache.http.wire -- http-outgoing-0 >> "User-Agent: Apache-HttpClient/4.5.14 (Java/17.0.9)[\r][\n]"
23:07:46.147 [pool-2-thread-17] DEBUG org.apache.http.wire -- http-outgoing-28 >> "Connection: Keep-Alive[\r][\n]"
23:07:46.147 [pool-2-thread-8] DEBUG org.apache.http.wire -- http-outgoing-12 >> "Host: localhost:3000[\r][\n]"
23:07:46.147 [pool-2-thread-8] DEBUG org.apache.http.wire -- http-outgoing-12 >> "Connection: Keep-Alive[\r][\n]"
23:07:46.147 [pool-2-thread-15] DEBUG org.apache.http.wire -- http-outgoing-15 >> "{"email":"test28@example.com","password":"Password12s"}"
23:07:46.147 [pool-2-thread-11] DEBUG org.apache.http.wire -- http-outgoing-10 >> "{"email":"nam@gmail.com","password":"12345"}"
23:07:46.147 [pool-2-thread-4] DEBUG org.apache.http.wire -- http-outgoing-2 >> "Accept-Encoding: gzip,deflate[\r][\n]"
23:07:46.147 [pool-2-thread-9] DEBUG org.apache.http.wire -- http-outgoing-14 >> "User-Agent: Apache-HttpClient/4.5.14 (Java/17.0.9)[\r][\n]"
23:07:46.147 [pool-2-thread-9] DEBUG org.apache.http.wire -- http-outgoing-14 >> "Accept-Encoding: gzip,deflate[\r][\n]"
23:07:46.147 [pool-2-thread-9] DEBUG org.apache.http.wire -- http-outgoing-14 >> "[\r][\n]"
23:07:46.148 [pool-2-thread-9] DEBUG org.apache.http.wire -- http-outgoing-14 >> "{"email":"testit@gmail.com","password":"Password123"}"
23:07:46.147 [pool-2-thread-2] DEBUG org.apache.http.wire -- http-outgoing-5 >> "Connection: Keep-Alive[\r][\n]"
23:07:46.148 [pool-2-thread-2] DEBUG org.apache.http.wire -- http-outgoing-5 >> "User-Agent: Apache-HttpClient/4.5.14 (Java/17.0.9)[\r][\n]"
23:07:46.148 [pool-2-thread-2] DEBUG org.apache.http.wire -- http-outgoing-5 >> "Accept-Encoding: gzip,deflate[\r][\n]"
23:07:46.148 [pool-2-thread-2] DEBUG org.apache.http.wire -- http-outgoing-5 >> "[\r][\n]"
23:07:46.147 [pool-2-thread-20] DEBUG org.apache.http.wire -- http-outgoing-8 >> "Content-Length: 54[\r][\n]"
23:07:46.148 [pool-2-thread-20] DEBUG org.apache.http.wire -- http-outgoing-8 >> "Host: localhost:3000[\r][\n]"
23:07:46.148 [pool-2-thread-20] DEBUG org.apache.http.wire -- http-outgoing-8 >> "Connection: Keep-Alive[\r][\n]"
23:07:46.148 [pool-2-thread-20] DEBUG org.apache.http.wire -- http-outgoing-8 >> "User-Agent: Apache-HttpClient/4.5.14 (Java/17.0.9)[\r][\n]"
23:07:46.148 [pool-2-thread-20] DEBUG org.apache.http.wire -- http-outgoing-8 >> "Accept-Encoding: gzip,deflate[\r][\n]"
23:07:46.148 [pool-2-thread-20] DEBUG org.apache.http.wire -- http-outgoing-8 >> "[\r][\n]"
23:07:46.148 [pool-2-thread-20] DEBUG org.apache.http.wire -- http-outgoing-8 >> "{"email":"testit2@gmail.com","password":"Password123"}"
23:07:46.147 [pool-2-thread-23] DEBUG org.apache.http.wire -- http-outgoing-0 >> "Accept-Encoding: gzip,deflate[\r][\n]"
23:07:46.148 [pool-2-thread-23] DEBUG org.apache.http.wire -- http-outgoing-0 >> "[\r][\n]"
23:07:46.148 [pool-2-thread-23] DEBUG org.apache.http.wire -- http-outgoing-0 >> "{"email":"test@example.com","password":"Password123"}"
23:07:46.147 [pool-2-thread-17] DEBUG org.apache.http.wire -- http-outgoing-28 >> "User-Agent: Apache-HttpClient/4.5.14 (Java/17.0.9)[\r][\n]"
23:07:46.147 [pool-2-thread-8] DEBUG org.apache.http.wire -- http-outgoing-12 >> "User-Agent: Apache-HttpClient/4.5.14 (Java/17.0.9)[\r][\n]"
23:07:46.148 [pool-2-thread-8] DEBUG org.apache.http.wire -- http-outgoing-12 >> "Accept-Encoding: gzip,deflate[\r][\n]"
23:07:46.148 [pool-2-thread-8] DEBUG org.apache.http.wire -- http-outgoing-12 >> "[\r][\n]"
23:07:46.148 [pool-2-thread-8] DEBUG org.apache.http.wire -- http-outgoing-12 >> "{"email":"testit5@gmail.com","password":"Password123"}"
23:07:46.147 [pool-2-thread-4] DEBUG org.apache.http.wire -- http-outgoing-2 >> "[\r][\n]"
23:07:46.148 [pool-2-thread-4] DEBUG org.apache.http.wire -- http-outgoing-2 >> "{"email":"test2@example.com","password":"Password123"}"
23:07:46.148 [pool-2-thread-2] DEBUG org.apache.http.wire -- http-outgoing-5 >> "{"email":"quang1@gmail.com","password":"quang1"}"
23:07:46.149 [pool-2-thread-17] DEBUG org.apache.http.wire -- http-outgoing-28 >> "Accept-Encoding: gzip,deflate[\r][\n]"
23:07:46.150 [pool-2-thread-17] DEBUG org.apache.http.wire -- http-outgoing-28 >> "[\r][\n]"
23:07:46.150 [pool-2-thread-17] DEBUG org.apache.http.wire -- http-outgoing-28 >> "{"email":"testit3@gmail.com","password":"Password123"}"
23:07:46.272 [pool-2-thread-13] DEBUG org.apache.http.wire -- http-outgoing-18 << "HTTP/1.1 401 Unauthorized[\r][\n]"
23:07:46.272 [pool-2-thread-13] DEBUG org.apache.http.wire -- http-outgoing-18 << "X-Powered-By: Express[\r][\n]"
23:07:46.272 [pool-2-thread-13] DEBUG org.apache.http.wire -- http-outgoing-18 << "Access-Control-Allow-Origin: *[\r][\n]"
23:07:46.272 [pool-2-thread-13] DEBUG org.apache.http.wire -- http-outgoing-18 << "Content-Type: application/json; charset=utf-8[\r][\n]"
23:07:46.272 [pool-2-thread-13] DEBUG org.apache.http.wire -- http-outgoing-18 << "Content-Length: 149[\r][\n]"
23:07:46.272 [pool-2-thread-13] DEBUG org.apache.http.wire -- http-outgoing-18 << "ETag: W/"95-+ehuh+pwxg0IvldRenFyvHgTcpE"[\r][\n]"
23:07:46.272 [pool-2-thread-13] DEBUG org.apache.http.wire -- http-outgoing-18 << "Date: Sun, 22 Jun 2025 16:07:46 GMT[\r][\n]"
23:07:46.272 [pool-2-thread-13] DEBUG org.apache.http.wire -- http-outgoing-18 << "Connection: keep-alive[\r][\n]"
23:07:46.272 [pool-2-thread-13] DEBUG org.apache.http.wire -- http-outgoing-18 << "Keep-Alive: timeout=5[\r][\n]"
23:07:46.272 [pool-2-thread-13] DEBUG org.apache.http.wire -- http-outgoing-18 << "[\r][\n]"
23:07:46.273 [pool-2-thread-13] DEBUG org.apache.http.wire -- http-outgoing-18 << "{"success":false,"statusCode":401,"message":"Th[0xc3][0xb4]ng tin [0xc4][0x91][0xc4][0x83]ng nh[0xe1][0xba][0xad]p kh[0xc3][0xb4]ng h[0xe1][0xbb][0xa3]p l[0xe1][0xbb][0x87]","path":"/auth/login","timestamp":"2025-06-22T16:07:46.270Z"}"
23:07:46.277 [pool-2-thread-13] DEBUG org.apache.http.headers -- http-outgoing-18 << HTTP/1.1 401 Unauthorized
23:07:46.277 [pool-2-thread-13] DEBUG org.apache.http.headers -- http-outgoing-18 << X-Powered-By: Express
23:07:46.277 [pool-2-thread-13] DEBUG org.apache.http.headers -- http-outgoing-18 << Access-Control-Allow-Origin: *
23:07:46.277 [pool-2-thread-13] DEBUG org.apache.http.headers -- http-outgoing-18 << Content-Type: application/json; charset=utf-8
23:07:46.277 [pool-2-thread-13] DEBUG org.apache.http.headers -- http-outgoing-18 << Content-Length: 149
23:07:46.277 [pool-2-thread-13] DEBUG org.apache.http.headers -- http-outgoing-18 << ETag: W/"95-+ehuh+pwxg0IvldRenFyvHgTcpE"
23:07:46.277 [pool-2-thread-13] DEBUG org.apache.http.headers -- http-outgoing-18 << Date: Sun, 22 Jun 2025 16:07:46 GMT
23:07:46.277 [pool-2-thread-13] DEBUG org.apache.http.headers -- http-outgoing-18 << Connection: keep-alive
23:07:46.277 [pool-2-thread-13] DEBUG org.apache.http.headers -- http-outgoing-18 << Keep-Alive: timeout=5
23:07:46.281 [pool-2-thread-13] DEBUG org.apache.http.impl.execchain.MainClientExec -- Connection can be kept alive for 5000 MILLISECONDS
23:07:46.281 [pool-2-thread-13] DEBUG org.apache.http.impl.auth.HttpAuthenticator -- Authentication required
23:07:46.281 [pool-2-thread-13] DEBUG org.apache.http.impl.auth.HttpAuthenticator -- localhost:3000 requested authentication
23:07:46.281 [pool-2-thread-13] DEBUG org.apache.http.impl.auth.HttpAuthenticator -- Response contains no authentication challenges
23:07:46.283 [pool-2-thread-13] DEBUG org.apache.http.impl.conn.PoolingHttpClientConnectionManager -- Connection [id: 2][route: {}->http://localhost:3000] can be kept alive for 5.0 seconds
23:07:46.283 [pool-2-thread-13] DEBUG org.apache.http.impl.conn.DefaultManagedHttpClientConnection -- http-outgoing-18: set socket timeout to 0
23:07:46.284 [pool-2-thread-13] DEBUG org.apache.http.impl.conn.PoolingHttpClientConnectionManager -- Connection released: [id: 2][route: {}->http://localhost:3000][total available: 1; route allocated: 1 of 5; total allocated: 1 of 10]
23:07:46.284 [pool-2-thread-13] DEBUG org.apache.http.impl.conn.PoolingHttpClientConnectionManager -- Connection manager is shutting down
23:07:46.284 [pool-2-thread-13] DEBUG org.apache.http.impl.conn.DefaultManagedHttpClientConnection -- http-outgoing-18: Close connection
23:07:46.285 [pool-2-thread-13] DEBUG org.apache.http.impl.conn.PoolingHttpClientConnectionManager -- Connection manager shut down
23:07:46.288 [pool-2-thread-13] DEBUG com.intuit.karate -- response time in milliseconds: 212
1 < 401
1 < X-Powered-By: Express
1 < Access-Control-Allow-Origin: *
1 < Content-Type: application/json; charset=utf-8
1 < Content-Length: 149
1 < ETag: W/"95-+ehuh+pwxg0IvldRenFyvHgTcpE"
1 < Date: Sun, 22 Jun 2025 16:07:46 GMT
1 < Connection: keep-alive
1 < Keep-Alive: timeout=5
{"success":false,"statusCode":401,"message":"Thông tin ??ng nh?p không h?p l?","path":"/auth/login","timestamp":"2025-06-22T16:07:46.270Z"}

23:07:46.304 [pool-2-thread-13] ERROR com.intuit.karate -- classpath:features/performance/login-performance.feature:15
Then status 200
status code was: 401, expected: 200, response time in milliseconds: 212, url: http://localhost:3000/auth/login, response: 
{"success":false,"statusCode":401,"message":"Thông tin ??ng nh?p không h?p l?","path":"/auth/login","timestamp":"2025-06-22T16:07:46.270Z"}
classpath:features/performance/login-performance.feature:15
23:07:46.315 [pool-2-thread-16] DEBUG org.apache.http.wire -- http-outgoing-25 << "HTTP/1.1 401 Unauthorized[\r][\n]"
23:07:46.315 [pool-2-thread-16] DEBUG org.apache.http.wire -- http-outgoing-25 << "X-Powered-By: Express[\r][\n]"
23:07:46.315 [pool-2-thread-16] DEBUG org.apache.http.wire -- http-outgoing-25 << "Access-Control-Allow-Origin: *[\r][\n]"
23:07:46.315 [pool-2-thread-16] DEBUG org.apache.http.wire -- http-outgoing-25 << "Content-Type: application/json; charset=utf-8[\r][\n]"
23:07:46.315 [pool-2-thread-16] DEBUG org.apache.http.wire -- http-outgoing-25 << "Content-Length: 149[\r][\n]"
23:07:46.315 [pool-2-thread-16] DEBUG org.apache.http.wire -- http-outgoing-25 << "ETag: W/"95-OtNEX6JJKtI2z/DElaRng0Rf+aQ"[\r][\n]"
23:07:46.315 [pool-2-thread-16] DEBUG org.apache.http.wire -- http-outgoing-25 << "Date: Sun, 22 Jun 2025 16:07:46 GMT[\r][\n]"
23:07:46.315 [pool-2-thread-16] DEBUG org.apache.http.wire -- http-outgoing-25 << "Connection: keep-alive[\r][\n]"
23:07:46.315 [pool-2-thread-16] DEBUG org.apache.http.wire -- http-outgoing-25 << "Keep-Alive: timeout=5[\r][\n]"
23:07:46.315 [pool-2-thread-16] DEBUG org.apache.http.wire -- http-outgoing-25 << "[\r][\n]"
23:07:46.315 [pool-2-thread-16] DEBUG org.apache.http.wire -- http-outgoing-25 << "{"success":false,"statusCode":401,"message":"Th[0xc3][0xb4]ng tin [0xc4][0x91][0xc4][0x83]ng nh[0xe1][0xba][0xad]p kh[0xc3][0xb4]ng h[0xe1][0xbb][0xa3]p l[0xe1][0xbb][0x87]","path":"/auth/login","timestamp":"2025-06-22T16:07:46.314Z"}"
23:07:46.316 [pool-2-thread-16] DEBUG org.apache.http.headers -- http-outgoing-25 << HTTP/1.1 401 Unauthorized
23:07:46.316 [pool-2-thread-16] DEBUG org.apache.http.headers -- http-outgoing-25 << X-Powered-By: Express
23:07:46.316 [pool-2-thread-16] DEBUG org.apache.http.headers -- http-outgoing-25 << Access-Control-Allow-Origin: *
23:07:46.316 [pool-2-thread-16] DEBUG org.apache.http.headers -- http-outgoing-25 << Content-Type: application/json; charset=utf-8
23:07:46.316 [pool-2-thread-16] DEBUG org.apache.http.headers -- http-outgoing-25 << Content-Length: 149
23:07:46.316 [pool-2-thread-16] DEBUG org.apache.http.headers -- http-outgoing-25 << ETag: W/"95-OtNEX6JJKtI2z/DElaRng0Rf+aQ"
23:07:46.316 [pool-2-thread-16] DEBUG org.apache.http.headers -- http-outgoing-25 << Date: Sun, 22 Jun 2025 16:07:46 GMT
23:07:46.316 [pool-2-thread-16] DEBUG org.apache.http.headers -- http-outgoing-25 << Connection: keep-alive
23:07:46.316 [pool-2-thread-16] DEBUG org.apache.http.headers -- http-outgoing-25 << Keep-Alive: timeout=5
23:07:46.316 [pool-2-thread-16] DEBUG org.apache.http.impl.execchain.MainClientExec -- Connection can be kept alive for 5000 MILLISECONDS
23:07:46.316 [pool-2-thread-16] DEBUG org.apache.http.impl.auth.HttpAuthenticator -- Authentication required
23:07:46.316 [pool-2-thread-16] DEBUG org.apache.http.impl.auth.HttpAuthenticator -- localhost:3000 requested authentication
23:07:46.316 [pool-2-thread-16] DEBUG org.apache.http.impl.auth.HttpAuthenticator -- Response contains no authentication challenges
23:07:46.316 [pool-2-thread-16] DEBUG org.apache.http.impl.conn.PoolingHttpClientConnectionManager -- Connection [id: 1][route: {}->http://localhost:3000] can be kept alive for 5.0 seconds
23:07:46.316 [pool-2-thread-16] DEBUG org.apache.http.impl.conn.DefaultManagedHttpClientConnection -- http-outgoing-25: set socket timeout to 0
23:07:46.316 [pool-2-thread-16] DEBUG org.apache.http.impl.conn.PoolingHttpClientConnectionManager -- Connection released: [id: 1][route: {}->http://localhost:3000][total available: 1; route allocated: 1 of 5; total allocated: 1 of 10]
23:07:46.316 [pool-2-thread-16] DEBUG org.apache.http.impl.conn.PoolingHttpClientConnectionManager -- Connection manager is shutting down
23:07:46.316 [pool-2-thread-16] DEBUG org.apache.http.impl.conn.DefaultManagedHttpClientConnection -- http-outgoing-25: Close connection
23:07:46.316 [pool-2-thread-16] DEBUG org.apache.http.impl.conn.PoolingHttpClientConnectionManager -- Connection manager shut down
23:07:46.317 [pool-2-thread-16] DEBUG com.intuit.karate -- response time in milliseconds: 246
1 < 401
1 < X-Powered-By: Express
1 < Access-Control-Allow-Origin: *
1 < Content-Type: application/json; charset=utf-8
1 < Content-Length: 149
1 < ETag: W/"95-OtNEX6JJKtI2z/DElaRng0Rf+aQ"
1 < Date: Sun, 22 Jun 2025 16:07:46 GMT
1 < Connection: keep-alive
1 < Keep-Alive: timeout=5
{"success":false,"statusCode":401,"message":"Thông tin ??ng nh?p không h?p l?","path":"/auth/login","timestamp":"2025-06-22T16:07:46.314Z"}

23:07:46.319 [pool-2-thread-16] ERROR com.intuit.karate -- classpath:features/performance/login-performance.feature:15
Then status 200
status code was: 401, expected: 200, response time in milliseconds: 246, url: http://localhost:3000/auth/login, response: 
{"success":false,"statusCode":401,"message":"Thông tin ??ng nh?p không h?p l?","path":"/auth/login","timestamp":"2025-06-22T16:07:46.314Z"}
classpath:features/performance/login-performance.feature:15
23:07:46.449 [pool-2-thread-26] DEBUG org.apache.http.wire -- http-outgoing-24 << "HTTP/1.1 200 OK[\r][\n]"
23:07:46.449 [pool-2-thread-26] DEBUG org.apache.http.wire -- http-outgoing-24 << "X-Powered-By: Express[\r][\n]"
23:07:46.450 [pool-2-thread-26] DEBUG org.apache.http.wire -- http-outgoing-24 << "Access-Control-Allow-Origin: *[\r][\n]"
23:07:46.450 [pool-2-thread-26] DEBUG org.apache.http.wire -- http-outgoing-24 << "Content-Type: application/json; charset=utf-8[\r][\n]"
23:07:46.450 [pool-2-thread-26] DEBUG org.apache.http.wire -- http-outgoing-24 << "Content-Length: 607[\r][\n]"
23:07:46.450 [pool-2-thread-26] DEBUG org.apache.http.wire -- http-outgoing-24 << "ETag: W/"25f-iZTj0z3bKxXLMnKzfwNkdf2eZ4Y"[\r][\n]"
23:07:46.450 [pool-2-thread-26] DEBUG org.apache.http.wire -- http-outgoing-24 << "Date: Sun, 22 Jun 2025 16:07:46 GMT[\r][\n]"
23:07:46.450 [pool-2-thread-26] DEBUG org.apache.http.wire -- http-outgoing-24 << "Connection: keep-alive[\r][\n]"
23:07:46.450 [pool-2-thread-26] DEBUG org.apache.http.wire -- http-outgoing-24 << "Keep-Alive: timeout=5[\r][\n]"
23:07:46.450 [pool-2-thread-26] DEBUG org.apache.http.wire -- http-outgoing-24 << "[\r][\n]"
23:07:46.450 [pool-2-thread-26] DEBUG org.apache.http.wire -- http-outgoing-24 << "{"access_token":"eyJhbGciOiJIUzI1NiIsInR5cCI6IkpXVCJ9.eyJzdWIiOiI5YTI2OTc2Yy0xNTMyLTRkZjMtYTE2ZS03NjMxNTI1Yzg1MDIiLCJ1c2VybmFtZSI6ImpvaG5kb2UyZDUiLCJyb2xlIjowLCJpYXQiOjE3NTA2MDg0NjYsImV4cCI6MTc1MDYxMjA2Nn0.NPhl7ok1Gi2LZHheM_nabe1oGvPr83rp6wox3SOLQ78","refresh_token":"c7ae5e7ba7b99994815ef8e39cee9b0337993208657d3bb2a4f5cd979f290d92","user":{"id":"9a26976c-1532-4df3-a16e-7631525c8502","email":"testit4@gmail.com","username":"johndoe2d5","name":"John Doe","phoneNumber":"0123456212","profilePic":null,"bio":null,"private":false,"verified":false,"role":0,"followersCount":0,"followingCount":0,"postCount":0}}"
23:07:46.450 [pool-2-thread-26] DEBUG org.apache.http.headers -- http-outgoing-24 << HTTP/1.1 200 OK
23:07:46.450 [pool-2-thread-26] DEBUG org.apache.http.headers -- http-outgoing-24 << X-Powered-By: Express
23:07:46.450 [pool-2-thread-26] DEBUG org.apache.http.headers -- http-outgoing-24 << Access-Control-Allow-Origin: *
23:07:46.450 [pool-2-thread-26] DEBUG org.apache.http.headers -- http-outgoing-24 << Content-Type: application/json; charset=utf-8
23:07:46.450 [pool-2-thread-26] DEBUG org.apache.http.headers -- http-outgoing-24 << Content-Length: 607
23:07:46.450 [pool-2-thread-26] DEBUG org.apache.http.headers -- http-outgoing-24 << ETag: W/"25f-iZTj0z3bKxXLMnKzfwNkdf2eZ4Y"
23:07:46.450 [pool-2-thread-26] DEBUG org.apache.http.headers -- http-outgoing-24 << Date: Sun, 22 Jun 2025 16:07:46 GMT
23:07:46.450 [pool-2-thread-26] DEBUG org.apache.http.headers -- http-outgoing-24 << Connection: keep-alive
23:07:46.450 [pool-2-thread-26] DEBUG org.apache.http.headers -- http-outgoing-24 << Keep-Alive: timeout=5
23:07:46.450 [pool-2-thread-26] DEBUG org.apache.http.impl.execchain.MainClientExec -- Connection can be kept alive for 5000 MILLISECONDS
23:07:46.450 [pool-2-thread-26] DEBUG org.apache.http.impl.conn.PoolingHttpClientConnectionManager -- Connection [id: 24][route: {}->http://localhost:3000] can be kept alive for 5.0 seconds
23:07:46.450 [pool-2-thread-26] DEBUG org.apache.http.impl.conn.DefaultManagedHttpClientConnection -- http-outgoing-24: set socket timeout to 0
23:07:46.450 [pool-2-thread-26] DEBUG org.apache.http.impl.conn.PoolingHttpClientConnectionManager -- Connection released: [id: 24][route: {}->http://localhost:3000][total available: 1; route allocated: 1 of 5; total allocated: 1 of 10]
23:07:46.450 [pool-2-thread-26] DEBUG org.apache.http.impl.conn.PoolingHttpClientConnectionManager -- Connection manager is shutting down
23:07:46.450 [pool-2-thread-26] DEBUG org.apache.http.impl.conn.DefaultManagedHttpClientConnection -- http-outgoing-24: Close connection
23:07:46.450 [pool-2-thread-26] DEBUG org.apache.http.impl.conn.PoolingHttpClientConnectionManager -- Connection manager shut down
23:07:46.451 [pool-2-thread-26] DEBUG com.intuit.karate -- response time in milliseconds: 378
1 < 200
1 < X-Powered-By: Express
1 < Access-Control-Allow-Origin: *
1 < Content-Type: application/json; charset=utf-8
1 < Content-Length: 607
1 < ETag: W/"25f-iZTj0z3bKxXLMnKzfwNkdf2eZ4Y"
1 < Date: Sun, 22 Jun 2025 16:07:46 GMT
1 < Connection: keep-alive
1 < Keep-Alive: timeout=5
{"access_token":"eyJhbGciOiJIUzI1NiIsInR5cCI6IkpXVCJ9.eyJzdWIiOiI5YTI2OTc2Yy0xNTMyLTRkZjMtYTE2ZS03NjMxNTI1Yzg1MDIiLCJ1c2VybmFtZSI6ImpvaG5kb2UyZDUiLCJyb2xlIjowLCJpYXQiOjE3NTA2MDg0NjYsImV4cCI6MTc1MDYxMjA2Nn0.NPhl7ok1Gi2LZHheM_nabe1oGvPr83rp6wox3SOLQ78","refresh_token":"c7ae5e7ba7b99994815ef8e39cee9b0337993208657d3bb2a4f5cd979f290d92","user":{"id":"9a26976c-1532-4df3-a16e-7631525c8502","email":"testit4@gmail.com","username":"johndoe2d5","name":"John Doe","phoneNumber":"0123456212","profilePic":null,"bio":null,"private":false,"verified":false,"role":0,"followersCount":0,"followingCount":0,"postCount":0}}

23:07:46.455 [pool-2-thread-26] INFO com.intuit.karate -- [print] Call 1 completed, status: 200 
23:07:46.459 [pool-2-thread-26] INFO com.intuit.karate -- [print] *** API CALL 2 *** 
23:07:46.464 [pool-2-thread-26] DEBUG org.apache.http.client.protocol.RequestAddCookies -- CookieSpec selected: karate
23:07:46.464 [pool-2-thread-26] DEBUG org.apache.http.client.protocol.RequestAuthCache -- Auth cache not set in the context
23:07:46.464 [pool-2-thread-26] DEBUG com.intuit.karate -- request:
2 > POST http://localhost:3000/auth/login
2 > Content-Type: application/json; charset=UTF-8
2 > Content-Length: 54
2 > Host: localhost:3000
2 > Connection: Keep-Alive
2 > User-Agent: Apache-HttpClient/4.5.14 (Java/17.0.9)
2 > Accept-Encoding: gzip,deflate
{"email":"testit4@gmail.com","password":"Password123"}

23:07:46.464 [pool-2-thread-26] DEBUG org.apache.http.impl.conn.PoolingHttpClientConnectionManager -- Connection request: [route: {}->http://localhost:3000][total available: 0; route allocated: 0 of 5; total allocated: 0 of 10]
23:07:46.464 [pool-2-thread-26] DEBUG org.apache.http.impl.conn.PoolingHttpClientConnectionManager -- Connection leased: [id: 30][route: {}->http://localhost:3000][total available: 0; route allocated: 1 of 5; total allocated: 1 of 10]
23:07:46.464 [pool-2-thread-26] DEBUG org.apache.http.impl.execchain.MainClientExec -- Opening connection {}->http://localhost:3000
23:07:46.465 [pool-2-thread-26] DEBUG org.apache.http.impl.conn.DefaultHttpClientConnectionOperator -- Connecting to localhost/127.0.0.1:3000
23:07:46.465 [pool-2-thread-26] DEBUG org.apache.http.impl.conn.DefaultHttpClientConnectionOperator -- Connection established 127.0.0.1:52685<->127.0.0.1:3000
23:07:46.465 [pool-2-thread-26] DEBUG org.apache.http.impl.conn.DefaultManagedHttpClientConnection -- http-outgoing-30: set socket timeout to 30000
23:07:46.465 [pool-2-thread-26] DEBUG org.apache.http.impl.execchain.MainClientExec -- Executing request POST /auth/login HTTP/1.1
23:07:46.465 [pool-2-thread-26] DEBUG org.apache.http.impl.execchain.MainClientExec -- Target auth state: UNCHALLENGED
23:07:46.465 [pool-2-thread-26] DEBUG org.apache.http.impl.execchain.MainClientExec -- Proxy auth state: UNCHALLENGED
23:07:46.466 [pool-2-thread-26] DEBUG org.apache.http.headers -- http-outgoing-30 >> POST /auth/login HTTP/1.1
23:07:46.466 [pool-2-thread-26] DEBUG org.apache.http.headers -- http-outgoing-30 >> Content-Type: application/json; charset=UTF-8
23:07:46.466 [pool-2-thread-26] DEBUG org.apache.http.headers -- http-outgoing-30 >> Content-Length: 54
23:07:46.466 [pool-2-thread-26] DEBUG org.apache.http.headers -- http-outgoing-30 >> Host: localhost:3000
23:07:46.466 [pool-2-thread-26] DEBUG org.apache.http.headers -- http-outgoing-30 >> Connection: Keep-Alive
23:07:46.466 [pool-2-thread-26] DEBUG org.apache.http.headers -- http-outgoing-30 >> User-Agent: Apache-HttpClient/4.5.14 (Java/17.0.9)
23:07:46.466 [pool-2-thread-26] DEBUG org.apache.http.headers -- http-outgoing-30 >> Accept-Encoding: gzip,deflate
23:07:46.466 [pool-2-thread-26] DEBUG org.apache.http.wire -- http-outgoing-30 >> "POST /auth/login HTTP/1.1[\r][\n]"
23:07:46.466 [pool-2-thread-26] DEBUG org.apache.http.wire -- http-outgoing-30 >> "Content-Type: application/json; charset=UTF-8[\r][\n]"
23:07:46.466 [pool-2-thread-26] DEBUG org.apache.http.wire -- http-outgoing-30 >> "Content-Length: 54[\r][\n]"
23:07:46.466 [pool-2-thread-26] DEBUG org.apache.http.wire -- http-outgoing-30 >> "Host: localhost:3000[\r][\n]"
23:07:46.466 [pool-2-thread-26] DEBUG org.apache.http.wire -- http-outgoing-30 >> "Connection: Keep-Alive[\r][\n]"
23:07:46.466 [pool-2-thread-26] DEBUG org.apache.http.wire -- http-outgoing-30 >> "User-Agent: Apache-HttpClient/4.5.14 (Java/17.0.9)[\r][\n]"
23:07:46.466 [pool-2-thread-26] DEBUG org.apache.http.wire -- http-outgoing-30 >> "Accept-Encoding: gzip,deflate[\r][\n]"
23:07:46.466 [pool-2-thread-26] DEBUG org.apache.http.wire -- http-outgoing-30 >> "[\r][\n]"
23:07:46.466 [pool-2-thread-26] DEBUG org.apache.http.wire -- http-outgoing-30 >> "{"email":"testit4@gmail.com","password":"Password123"}"
23:07:46.488 [pool-2-thread-29] DEBUG org.apache.http.wire -- http-outgoing-26 << "HTTP/1.1 200 OK[\r][\n]"
23:07:46.489 [pool-2-thread-29] DEBUG org.apache.http.wire -- http-outgoing-26 << "X-Powered-By: Express[\r][\n]"
23:07:46.490 [pool-2-thread-29] DEBUG org.apache.http.wire -- http-outgoing-26 << "Access-Control-Allow-Origin: *[\r][\n]"
23:07:46.490 [pool-2-thread-29] DEBUG org.apache.http.wire -- http-outgoing-26 << "Content-Type: application/json; charset=utf-8[\r][\n]"
23:07:46.490 [pool-2-thread-29] DEBUG org.apache.http.wire -- http-outgoing-26 << "Content-Length: 604[\r][\n]"
23:07:46.490 [pool-2-thread-29] DEBUG org.apache.http.wire -- http-outgoing-26 << "ETag: W/"25c-HHXgGfs8/lf+/ulyo2pzScL1Oss"[\r][\n]"
23:07:46.490 [pool-2-thread-29] DEBUG org.apache.http.wire -- http-outgoing-26 << "Date: Sun, 22 Jun 2025 16:07:46 GMT[\r][\n]"
23:07:46.490 [pool-2-thread-29] DEBUG org.apache.http.wire -- http-outgoing-26 << "Connection: keep-alive[\r][\n]"
23:07:46.490 [pool-2-thread-29] DEBUG org.apache.http.wire -- http-outgoing-26 << "Keep-Alive: timeout=5[\r][\n]"
23:07:46.490 [pool-2-thread-29] DEBUG org.apache.http.wire -- http-outgoing-26 << "[\r][\n]"
23:07:46.490 [pool-2-thread-29] DEBUG org.apache.http.wire -- http-outgoing-26 << "{"access_token":"eyJhbGciOiJIUzI1NiIsInR5cCI6IkpXVCJ9.eyJzdWIiOiJkZjZmMDkxOS1hMjNkLTQ0YzktYTkyNS00ZWE4YmU1MjVkMTAiLCJ1c2VybmFtZSI6ImpvaG5kb2UyMyIsInJvbGUiOjAsImlhdCI6MTc1MDYwODQ2NiwiZXhwIjoxNzUwNjEyMDY2fQ.9TH40-T7V_RFtyOQFyAGzdyJnq-faG7yfPHrvwgVvuU","refresh_token":"42e74712ff2d707bd7479413a6442cd2430a6b361714cf899fec5c5541904e47","user":{"id":"df6f0919-a23d-44c9-a925-4ea8be525d10","email":"testit@gmail.com","username":"johndoe23","name":"John Doe","phoneNumber":"0123456788","profilePic":null,"bio":null,"private":false,"verified":false,"role":0,"followersCount":0,"followingCount":0,"postCount":0}}"
23:07:46.490 [pool-2-thread-29] DEBUG org.apache.http.headers -- http-outgoing-26 << HTTP/1.1 200 OK
23:07:46.490 [pool-2-thread-29] DEBUG org.apache.http.headers -- http-outgoing-26 << X-Powered-By: Express
23:07:46.490 [pool-2-thread-29] DEBUG org.apache.http.headers -- http-outgoing-26 << Access-Control-Allow-Origin: *
23:07:46.490 [pool-2-thread-29] DEBUG org.apache.http.headers -- http-outgoing-26 << Content-Type: application/json; charset=utf-8
23:07:46.490 [pool-2-thread-29] DEBUG org.apache.http.headers -- http-outgoing-26 << Content-Length: 604
23:07:46.490 [pool-2-thread-29] DEBUG org.apache.http.headers -- http-outgoing-26 << ETag: W/"25c-HHXgGfs8/lf+/ulyo2pzScL1Oss"
23:07:46.490 [pool-2-thread-29] DEBUG org.apache.http.headers -- http-outgoing-26 << Date: Sun, 22 Jun 2025 16:07:46 GMT
23:07:46.490 [pool-2-thread-29] DEBUG org.apache.http.headers -- http-outgoing-26 << Connection: keep-alive
23:07:46.490 [pool-2-thread-29] DEBUG org.apache.http.headers -- http-outgoing-26 << Keep-Alive: timeout=5
23:07:46.491 [pool-2-thread-29] DEBUG org.apache.http.impl.execchain.MainClientExec -- Connection can be kept alive for 5000 MILLISECONDS
23:07:46.493 [pool-2-thread-29] DEBUG org.apache.http.impl.conn.PoolingHttpClientConnectionManager -- Connection [id: 21][route: {}->http://localhost:3000] can be kept alive for 5.0 seconds
23:07:46.494 [pool-2-thread-29] DEBUG org.apache.http.impl.conn.DefaultManagedHttpClientConnection -- http-outgoing-26: set socket timeout to 0
23:07:46.494 [pool-2-thread-29] DEBUG org.apache.http.impl.conn.PoolingHttpClientConnectionManager -- Connection released: [id: 21][route: {}->http://localhost:3000][total available: 1; route allocated: 1 of 5; total allocated: 1 of 10]
23:07:46.494 [pool-2-thread-29] DEBUG org.apache.http.impl.conn.PoolingHttpClientConnectionManager -- Connection manager is shutting down
23:07:46.494 [pool-2-thread-29] DEBUG org.apache.http.impl.conn.DefaultManagedHttpClientConnection -- http-outgoing-26: Close connection
23:07:46.494 [pool-2-thread-29] DEBUG org.apache.http.impl.conn.PoolingHttpClientConnectionManager -- Connection manager shut down
23:07:46.495 [pool-2-thread-29] DEBUG com.intuit.karate -- response time in milliseconds: 422
1 < 200
1 < X-Powered-By: Express
1 < Access-Control-Allow-Origin: *
1 < Content-Type: application/json; charset=utf-8
1 < Content-Length: 604
1 < ETag: W/"25c-HHXgGfs8/lf+/ulyo2pzScL1Oss"
1 < Date: Sun, 22 Jun 2025 16:07:46 GMT
1 < Connection: keep-alive
1 < Keep-Alive: timeout=5
{"access_token":"eyJhbGciOiJIUzI1NiIsInR5cCI6IkpXVCJ9.eyJzdWIiOiJkZjZmMDkxOS1hMjNkLTQ0YzktYTkyNS00ZWE4YmU1MjVkMTAiLCJ1c2VybmFtZSI6ImpvaG5kb2UyMyIsInJvbGUiOjAsImlhdCI6MTc1MDYwODQ2NiwiZXhwIjoxNzUwNjEyMDY2fQ.9TH40-T7V_RFtyOQFyAGzdyJnq-faG7yfPHrvwgVvuU","refresh_token":"42e74712ff2d707bd7479413a6442cd2430a6b361714cf899fec5c5541904e47","user":{"id":"df6f0919-a23d-44c9-a925-4ea8be525d10","email":"testit@gmail.com","username":"johndoe23","name":"John Doe","phoneNumber":"0123456788","profilePic":null,"bio":null,"private":false,"verified":false,"role":0,"followersCount":0,"followingCount":0,"postCount":0}}

23:07:46.503 [pool-2-thread-29] INFO com.intuit.karate -- [print] Call 1 completed, status: 200 
23:07:46.505 [pool-2-thread-29] INFO com.intuit.karate -- [print] *** API CALL 2 *** 
23:07:46.510 [pool-2-thread-29] DEBUG org.apache.http.client.protocol.RequestAddCookies -- CookieSpec selected: karate
23:07:46.511 [pool-2-thread-29] DEBUG org.apache.http.client.protocol.RequestAuthCache -- Auth cache not set in the context
23:07:46.511 [pool-2-thread-29] DEBUG com.intuit.karate -- request:
2 > POST http://localhost:3000/auth/login
2 > Content-Type: application/json; charset=UTF-8
2 > Content-Length: 53
2 > Host: localhost:3000
2 > Connection: Keep-Alive
2 > User-Agent: Apache-HttpClient/4.5.14 (Java/17.0.9)
2 > Accept-Encoding: gzip,deflate
{"email":"testit@gmail.com","password":"Password123"}

23:07:46.511 [pool-2-thread-29] DEBUG org.apache.http.impl.conn.PoolingHttpClientConnectionManager -- Connection request: [route: {}->http://localhost:3000][total available: 0; route allocated: 0 of 5; total allocated: 0 of 10]
23:07:46.511 [pool-2-thread-29] DEBUG org.apache.http.impl.conn.PoolingHttpClientConnectionManager -- Connection leased: [id: 31][route: {}->http://localhost:3000][total available: 0; route allocated: 1 of 5; total allocated: 1 of 10]
23:07:46.511 [pool-2-thread-29] DEBUG org.apache.http.impl.execchain.MainClientExec -- Opening connection {}->http://localhost:3000
23:07:46.511 [pool-2-thread-29] DEBUG org.apache.http.impl.conn.DefaultHttpClientConnectionOperator -- Connecting to localhost/127.0.0.1:3000
23:07:46.512 [pool-2-thread-29] DEBUG org.apache.http.impl.conn.DefaultHttpClientConnectionOperator -- Connection established 127.0.0.1:52686<->127.0.0.1:3000
23:07:46.512 [pool-2-thread-29] DEBUG org.apache.http.impl.conn.DefaultManagedHttpClientConnection -- http-outgoing-31: set socket timeout to 30000
23:07:46.512 [pool-2-thread-29] DEBUG org.apache.http.impl.execchain.MainClientExec -- Executing request POST /auth/login HTTP/1.1
23:07:46.512 [pool-2-thread-29] DEBUG org.apache.http.impl.execchain.MainClientExec -- Target auth state: UNCHALLENGED
23:07:46.512 [pool-2-thread-29] DEBUG org.apache.http.impl.execchain.MainClientExec -- Proxy auth state: UNCHALLENGED
23:07:46.512 [pool-2-thread-29] DEBUG org.apache.http.headers -- http-outgoing-31 >> POST /auth/login HTTP/1.1
23:07:46.512 [pool-2-thread-29] DEBUG org.apache.http.headers -- http-outgoing-31 >> Content-Type: application/json; charset=UTF-8
23:07:46.512 [pool-2-thread-29] DEBUG org.apache.http.headers -- http-outgoing-31 >> Content-Length: 53
23:07:46.513 [pool-2-thread-29] DEBUG org.apache.http.headers -- http-outgoing-31 >> Host: localhost:3000
23:07:46.513 [pool-2-thread-29] DEBUG org.apache.http.headers -- http-outgoing-31 >> Connection: Keep-Alive
23:07:46.513 [pool-2-thread-29] DEBUG org.apache.http.headers -- http-outgoing-31 >> User-Agent: Apache-HttpClient/4.5.14 (Java/17.0.9)
23:07:46.513 [pool-2-thread-29] DEBUG org.apache.http.headers -- http-outgoing-31 >> Accept-Encoding: gzip,deflate
23:07:46.513 [pool-2-thread-29] DEBUG org.apache.http.wire -- http-outgoing-31 >> "POST /auth/login HTTP/1.1[\r][\n]"
23:07:46.513 [pool-2-thread-29] DEBUG org.apache.http.wire -- http-outgoing-31 >> "Content-Type: application/json; charset=UTF-8[\r][\n]"
23:07:46.513 [pool-2-thread-29] DEBUG org.apache.http.wire -- http-outgoing-31 >> "Content-Length: 53[\r][\n]"
23:07:46.513 [pool-2-thread-29] DEBUG org.apache.http.wire -- http-outgoing-31 >> "Host: localhost:3000[\r][\n]"
23:07:46.513 [pool-2-thread-29] DEBUG org.apache.http.wire -- http-outgoing-31 >> "Connection: Keep-Alive[\r][\n]"
23:07:46.513 [pool-2-thread-29] DEBUG org.apache.http.wire -- http-outgoing-31 >> "User-Agent: Apache-HttpClient/4.5.14 (Java/17.0.9)[\r][\n]"
23:07:46.513 [pool-2-thread-29] DEBUG org.apache.http.wire -- http-outgoing-31 >> "Accept-Encoding: gzip,deflate[\r][\n]"
23:07:46.513 [pool-2-thread-29] DEBUG org.apache.http.wire -- http-outgoing-31 >> "[\r][\n]"
23:07:46.513 [pool-2-thread-29] DEBUG org.apache.http.wire -- http-outgoing-31 >> "{"email":"testit@gmail.com","password":"Password123"}"
23:07:46.561 [pool-2-thread-14] DEBUG org.apache.http.wire -- http-outgoing-4 << "HTTP/1.1 401 Unauthorized[\r][\n]"
23:07:46.561 [pool-2-thread-14] DEBUG org.apache.http.wire -- http-outgoing-4 << "X-Powered-By: Express[\r][\n]"
23:07:46.561 [pool-2-thread-14] DEBUG org.apache.http.wire -- http-outgoing-4 << "Access-Control-Allow-Origin: *[\r][\n]"
23:07:46.561 [pool-2-thread-14] DEBUG org.apache.http.wire -- http-outgoing-4 << "Content-Type: application/json; charset=utf-8[\r][\n]"
23:07:46.561 [pool-2-thread-14] DEBUG org.apache.http.wire -- http-outgoing-4 << "Content-Length: 149[\r][\n]"
23:07:46.561 [pool-2-thread-14] DEBUG org.apache.http.wire -- http-outgoing-4 << "ETag: W/"95-zif6C68yvW2YxcNEE3feSL4FEZY"[\r][\n]"
23:07:46.561 [pool-2-thread-14] DEBUG org.apache.http.wire -- http-outgoing-4 << "Date: Sun, 22 Jun 2025 16:07:46 GMT[\r][\n]"
23:07:46.561 [pool-2-thread-14] DEBUG org.apache.http.wire -- http-outgoing-4 << "Connection: keep-alive[\r][\n]"
23:07:46.561 [pool-2-thread-14] DEBUG org.apache.http.wire -- http-outgoing-4 << "Keep-Alive: timeout=5[\r][\n]"
23:07:46.561 [pool-2-thread-14] DEBUG org.apache.http.wire -- http-outgoing-4 << "[\r][\n]"
23:07:46.561 [pool-2-thread-14] DEBUG org.apache.http.wire -- http-outgoing-4 << "{"success":false,"statusCode":401,"message":"Th[0xc3][0xb4]ng tin [0xc4][0x91][0xc4][0x83]ng nh[0xe1][0xba][0xad]p kh[0xc3][0xb4]ng h[0xe1][0xbb][0xa3]p l[0xe1][0xbb][0x87]","path":"/auth/login","timestamp":"2025-06-22T16:07:46.560Z"}"
23:07:46.561 [pool-2-thread-14] DEBUG org.apache.http.headers -- http-outgoing-4 << HTTP/1.1 401 Unauthorized
23:07:46.561 [pool-2-thread-14] DEBUG org.apache.http.headers -- http-outgoing-4 << X-Powered-By: Express
23:07:46.561 [pool-2-thread-14] DEBUG org.apache.http.headers -- http-outgoing-4 << Access-Control-Allow-Origin: *
23:07:46.561 [pool-2-thread-14] DEBUG org.apache.http.headers -- http-outgoing-4 << Content-Type: application/json; charset=utf-8
23:07:46.561 [pool-2-thread-14] DEBUG org.apache.http.headers -- http-outgoing-4 << Content-Length: 149
23:07:46.561 [pool-2-thread-14] DEBUG org.apache.http.headers -- http-outgoing-4 << ETag: W/"95-zif6C68yvW2YxcNEE3feSL4FEZY"
23:07:46.561 [pool-2-thread-14] DEBUG org.apache.http.headers -- http-outgoing-4 << Date: Sun, 22 Jun 2025 16:07:46 GMT
23:07:46.561 [pool-2-thread-14] DEBUG org.apache.http.headers -- http-outgoing-4 << Connection: keep-alive
23:07:46.561 [pool-2-thread-14] DEBUG org.apache.http.headers -- http-outgoing-4 << Keep-Alive: timeout=5
23:07:46.562 [pool-2-thread-14] DEBUG org.apache.http.impl.execchain.MainClientExec -- Connection can be kept alive for 5000 MILLISECONDS
23:07:46.562 [pool-2-thread-14] DEBUG org.apache.http.impl.auth.HttpAuthenticator -- Authentication required
23:07:46.562 [pool-2-thread-14] DEBUG org.apache.http.impl.auth.HttpAuthenticator -- localhost:3000 requested authentication
23:07:46.562 [pool-2-thread-14] DEBUG org.apache.http.impl.auth.HttpAuthenticator -- Response contains no authentication challenges
23:07:46.562 [pool-2-thread-14] DEBUG org.apache.http.impl.conn.PoolingHttpClientConnectionManager -- Connection [id: 9][route: {}->http://localhost:3000] can be kept alive for 5.0 seconds
23:07:46.562 [pool-2-thread-14] DEBUG org.apache.http.impl.conn.DefaultManagedHttpClientConnection -- http-outgoing-4: set socket timeout to 0
23:07:46.562 [pool-2-thread-14] DEBUG org.apache.http.impl.conn.PoolingHttpClientConnectionManager -- Connection released: [id: 9][route: {}->http://localhost:3000][total available: 1; route allocated: 1 of 5; total allocated: 1 of 10]
23:07:46.562 [pool-2-thread-14] DEBUG org.apache.http.impl.conn.PoolingHttpClientConnectionManager -- Connection manager is shutting down
23:07:46.562 [pool-2-thread-14] DEBUG org.apache.http.impl.conn.DefaultManagedHttpClientConnection -- http-outgoing-4: Close connection
23:07:46.562 [pool-2-thread-14] DEBUG org.apache.http.impl.conn.PoolingHttpClientConnectionManager -- Connection manager shut down
23:07:46.562 [pool-2-thread-14] DEBUG com.intuit.karate -- response time in milliseconds: 492
1 < 401
1 < X-Powered-By: Express
1 < Access-Control-Allow-Origin: *
1 < Content-Type: application/json; charset=utf-8
1 < Content-Length: 149
1 < ETag: W/"95-zif6C68yvW2YxcNEE3feSL4FEZY"
1 < Date: Sun, 22 Jun 2025 16:07:46 GMT
1 < Connection: keep-alive
1 < Keep-Alive: timeout=5
{"success":false,"statusCode":401,"message":"Thông tin ??ng nh?p không h?p l?","path":"/auth/login","timestamp":"2025-06-22T16:07:46.560Z"}

23:07:46.564 [pool-2-thread-14] ERROR com.intuit.karate -- classpath:features/performance/login-performance.feature:15
Then status 200
status code was: 401, expected: 200, response time in milliseconds: 492, url: http://localhost:3000/auth/login, response: 
{"success":false,"statusCode":401,"message":"Thông tin ??ng nh?p không h?p l?","path":"/auth/login","timestamp":"2025-06-22T16:07:46.560Z"}
classpath:features/performance/login-performance.feature:15
23:07:46.576 [pool-2-thread-30] DEBUG org.apache.http.wire -- http-outgoing-19 << "HTTP/1.1 200 OK[\r][\n]"
23:07:46.576 [pool-2-thread-30] DEBUG org.apache.http.wire -- http-outgoing-19 << "X-Powered-By: Express[\r][\n]"
23:07:46.576 [pool-2-thread-30] DEBUG org.apache.http.wire -- http-outgoing-19 << "Access-Control-Allow-Origin: *[\r][\n]"
23:07:46.576 [pool-2-thread-30] DEBUG org.apache.http.wire -- http-outgoing-19 << "Content-Type: application/json; charset=utf-8[\r][\n]"
23:07:46.578 [pool-2-thread-30] DEBUG org.apache.http.wire -- http-outgoing-19 << "Content-Length: 605[\r][\n]"
23:07:46.578 [pool-2-thread-30] DEBUG org.apache.http.wire -- http-outgoing-19 << "ETag: W/"25d-VUXzlN1bMa7UuYWRob7FeUklvJo"[\r][\n]"
23:07:46.578 [pool-2-thread-30] DEBUG org.apache.http.wire -- http-outgoing-19 << "Date: Sun, 22 Jun 2025 16:07:46 GMT[\r][\n]"
23:07:46.578 [pool-2-thread-30] DEBUG org.apache.http.wire -- http-outgoing-19 << "Connection: keep-alive[\r][\n]"
23:07:46.578 [pool-2-thread-30] DEBUG org.apache.http.wire -- http-outgoing-19 << "Keep-Alive: timeout=5[\r][\n]"
23:07:46.578 [pool-2-thread-30] DEBUG org.apache.http.wire -- http-outgoing-19 << "[\r][\n]"
23:07:46.578 [pool-2-thread-30] DEBUG org.apache.http.wire -- http-outgoing-19 << "{"access_token":"eyJhbGciOiJIUzI1NiIsInR5cCI6IkpXVCJ9.eyJzdWIiOiIwYTM3ZWY0My1mZWU4LTQxZDMtYTY4Ni04YWIwODY5NDg2OTUiLCJ1c2VybmFtZSI6ImpvaG5kb2UyMSIsInJvbGUiOjAsImlhdCI6MTc1MDYwODQ2NiwiZXhwIjoxNzUwNjEyMDY2fQ.7CNG2BJUCtf-aYZHQBUH8kbzxU1SxxiLTNLBOyO5BfQ","refresh_token":"1d2efdfeb07d71c5b0b08faec698975661fa9a118baad239402cbe4074457858","user":{"id":"0a37ef43-fee8-41d3-a686-8ab086948695","email":"testit2@gmail.com","username":"johndoe21","name":"John Doe","phoneNumber":"0123456712","profilePic":null,"bio":null,"private":false,"verified":false,"role":0,"followersCount":0,"followingCount":0,"postCount":0}}"
23:07:46.578 [pool-2-thread-30] DEBUG org.apache.http.headers -- http-outgoing-19 << HTTP/1.1 200 OK
23:07:46.578 [pool-2-thread-30] DEBUG org.apache.http.headers -- http-outgoing-19 << X-Powered-By: Express
23:07:46.578 [pool-2-thread-30] DEBUG org.apache.http.headers -- http-outgoing-19 << Access-Control-Allow-Origin: *
23:07:46.578 [pool-2-thread-30] DEBUG org.apache.http.headers -- http-outgoing-19 << Content-Type: application/json; charset=utf-8
23:07:46.578 [pool-2-thread-30] DEBUG org.apache.http.headers -- http-outgoing-19 << Content-Length: 605
23:07:46.578 [pool-2-thread-30] DEBUG org.apache.http.headers -- http-outgoing-19 << ETag: W/"25d-VUXzlN1bMa7UuYWRob7FeUklvJo"
23:07:46.578 [pool-2-thread-30] DEBUG org.apache.http.headers -- http-outgoing-19 << Date: Sun, 22 Jun 2025 16:07:46 GMT
23:07:46.578 [pool-2-thread-30] DEBUG org.apache.http.headers -- http-outgoing-19 << Connection: keep-alive
23:07:46.578 [pool-2-thread-30] DEBUG org.apache.http.headers -- http-outgoing-19 << Keep-Alive: timeout=5
23:07:46.578 [pool-2-thread-30] DEBUG org.apache.http.impl.execchain.MainClientExec -- Connection can be kept alive for 5000 MILLISECONDS
23:07:46.578 [pool-2-thread-30] DEBUG org.apache.http.impl.conn.PoolingHttpClientConnectionManager -- Connection [id: 16][route: {}->http://localhost:3000] can be kept alive for 5.0 seconds
23:07:46.578 [pool-2-thread-30] DEBUG org.apache.http.impl.conn.DefaultManagedHttpClientConnection -- http-outgoing-19: set socket timeout to 0
23:07:46.578 [pool-2-thread-30] DEBUG org.apache.http.impl.conn.PoolingHttpClientConnectionManager -- Connection released: [id: 16][route: {}->http://localhost:3000][total available: 1; route allocated: 1 of 5; total allocated: 1 of 10]
23:07:46.578 [pool-2-thread-30] DEBUG org.apache.http.impl.conn.PoolingHttpClientConnectionManager -- Connection manager is shutting down
23:07:46.578 [pool-2-thread-30] DEBUG org.apache.http.impl.conn.DefaultManagedHttpClientConnection -- http-outgoing-19: Close connection
23:07:46.578 [pool-2-thread-30] DEBUG org.apache.http.impl.conn.PoolingHttpClientConnectionManager -- Connection manager shut down
23:07:46.579 [pool-2-thread-1] DEBUG org.apache.http.wire -- http-outgoing-11 << "HTTP/1.1 200 OK[\r][\n]"
23:07:46.579 [pool-2-thread-1] DEBUG org.apache.http.wire -- http-outgoing-11 << "X-Powered-By: Express[\r][\n]"
23:07:46.579 [pool-2-thread-1] DEBUG org.apache.http.wire -- http-outgoing-11 << "Access-Control-Allow-Origin: *[\r][\n]"
23:07:46.579 [pool-2-thread-1] DEBUG org.apache.http.wire -- http-outgoing-11 << "Content-Type: application/json; charset=utf-8[\r][\n]"
23:07:46.579 [pool-2-thread-1] DEBUG org.apache.http.wire -- http-outgoing-11 << "Content-Length: 708[\r][\n]"
23:07:46.579 [pool-2-thread-1] DEBUG org.apache.http.wire -- http-outgoing-11 << "ETag: W/"2c4-V2uDKvxoc3u/ddlOkv/tG0eUCuE"[\r][\n]"
23:07:46.579 [pool-2-thread-1] DEBUG org.apache.http.wire -- http-outgoing-11 << "Date: Sun, 22 Jun 2025 16:07:46 GMT[\r][\n]"
23:07:46.579 [pool-2-thread-1] DEBUG org.apache.http.wire -- http-outgoing-11 << "Connection: keep-alive[\r][\n]"
23:07:46.580 [pool-2-thread-1] DEBUG org.apache.http.wire -- http-outgoing-11 << "Keep-Alive: timeout=5[\r][\n]"
23:07:46.580 [pool-2-thread-1] DEBUG org.apache.http.wire -- http-outgoing-11 << "[\r][\n]"
23:07:46.580 [pool-2-thread-1] DEBUG org.apache.http.wire -- http-outgoing-11 << "{"access_token":"eyJhbGciOiJIUzI1NiIsInR5cCI6IkpXVCJ9.eyJzdWIiOiIwODUxNWIwNS0yZDNlLTQ3ODktYWQ2MC1kYjM1NTI1YTQ5NzAiLCJ1c2VybmFtZSI6Im5hbSIsInJvbGUiOjAsImlhdCI6MTc1MDYwODQ2NiwiZXhwIjoxNzUwNjEyMDY2fQ._Hf8kGlmXH7SQCiyPzSro08JJjugCbWOY36bc56k_P4","refresh_token":"837be9c1bda92aedfb2611f43b996b504eb70c397f88999bb1c9140f1657cd26","user":{"id":"08515b05-2d3e-4789-ad60-db35525a4970","email":"nam@gmail.com","username":"nam","name":"nam","phoneNumber":"0123456789","profilePic":"https://res.cloudinary.com/dizcvrefo/image/upload/v1749266646/nestjs_uploads/zk9zrpeidnovxibfqdxr.png","bio":"Chu tich hoi dong Quan tri 1","private":false,"verified":false,"role":0,"followersCount":2,"followingCount":2,"postCount":13}}"
23:07:46.580 [pool-2-thread-1] DEBUG org.apache.http.headers -- http-outgoing-11 << HTTP/1.1 200 OK
23:07:46.580 [pool-2-thread-1] DEBUG org.apache.http.headers -- http-outgoing-11 << X-Powered-By: Express
23:07:46.580 [pool-2-thread-1] DEBUG org.apache.http.headers -- http-outgoing-11 << Access-Control-Allow-Origin: *
23:07:46.580 [pool-2-thread-1] DEBUG org.apache.http.headers -- http-outgoing-11 << Content-Type: application/json; charset=utf-8
23:07:46.580 [pool-2-thread-1] DEBUG org.apache.http.headers -- http-outgoing-11 << Content-Length: 708
23:07:46.580 [pool-2-thread-1] DEBUG org.apache.http.headers -- http-outgoing-11 << ETag: W/"2c4-V2uDKvxoc3u/ddlOkv/tG0eUCuE"
23:07:46.580 [pool-2-thread-1] DEBUG org.apache.http.headers -- http-outgoing-11 << Date: Sun, 22 Jun 2025 16:07:46 GMT
23:07:46.580 [pool-2-thread-1] DEBUG org.apache.http.headers -- http-outgoing-11 << Connection: keep-alive
23:07:46.580 [pool-2-thread-1] DEBUG org.apache.http.headers -- http-outgoing-11 << Keep-Alive: timeout=5
23:07:46.580 [pool-2-thread-30] DEBUG com.intuit.karate -- response time in milliseconds: 506
1 < 200
1 < X-Powered-By: Express
1 < Access-Control-Allow-Origin: *
1 < Content-Type: application/json; charset=utf-8
1 < Content-Length: 605
1 < ETag: W/"25d-VUXzlN1bMa7UuYWRob7FeUklvJo"
1 < Date: Sun, 22 Jun 2025 16:07:46 GMT
1 < Connection: keep-alive
1 < Keep-Alive: timeout=5
{"access_token":"eyJhbGciOiJIUzI1NiIsInR5cCI6IkpXVCJ9.eyJzdWIiOiIwYTM3ZWY0My1mZWU4LTQxZDMtYTY4Ni04YWIwODY5NDg2OTUiLCJ1c2VybmFtZSI6ImpvaG5kb2UyMSIsInJvbGUiOjAsImlhdCI6MTc1MDYwODQ2NiwiZXhwIjoxNzUwNjEyMDY2fQ.7CNG2BJUCtf-aYZHQBUH8kbzxU1SxxiLTNLBOyO5BfQ","refresh_token":"1d2efdfeb07d71c5b0b08faec698975661fa9a118baad239402cbe4074457858","user":{"id":"0a37ef43-fee8-41d3-a686-8ab086948695","email":"testit2@gmail.com","username":"johndoe21","name":"John Doe","phoneNumber":"0123456712","profilePic":null,"bio":null,"private":false,"verified":false,"role":0,"followersCount":0,"followingCount":0,"postCount":0}}

23:07:46.580 [pool-2-thread-1] DEBUG org.apache.http.impl.execchain.MainClientExec -- Connection can be kept alive for 5000 MILLISECONDS
23:07:46.580 [pool-2-thread-1] DEBUG org.apache.http.impl.conn.PoolingHttpClientConnectionManager -- Connection [id: 12][route: {}->http://localhost:3000] can be kept alive for 5.0 seconds
23:07:46.580 [pool-2-thread-1] DEBUG org.apache.http.impl.conn.DefaultManagedHttpClientConnection -- http-outgoing-11: set socket timeout to 0
23:07:46.580 [pool-2-thread-1] DEBUG org.apache.http.impl.conn.PoolingHttpClientConnectionManager -- Connection released: [id: 12][route: {}->http://localhost:3000][total available: 1; route allocated: 1 of 5; total allocated: 1 of 10]
23:07:46.580 [pool-2-thread-1] DEBUG org.apache.http.impl.conn.PoolingHttpClientConnectionManager -- Connection manager is shutting down
23:07:46.580 [pool-2-thread-1] DEBUG org.apache.http.impl.conn.DefaultManagedHttpClientConnection -- http-outgoing-11: Close connection
23:07:46.580 [pool-2-thread-1] DEBUG org.apache.http.impl.conn.PoolingHttpClientConnectionManager -- Connection manager shut down
23:07:46.580 [pool-2-thread-1] DEBUG com.intuit.karate -- response time in milliseconds: 510
1 < 200
1 < X-Powered-By: Express
1 < Access-Control-Allow-Origin: *
1 < Content-Type: application/json; charset=utf-8
1 < Content-Length: 708
1 < ETag: W/"2c4-V2uDKvxoc3u/ddlOkv/tG0eUCuE"
1 < Date: Sun, 22 Jun 2025 16:07:46 GMT
1 < Connection: keep-alive
1 < Keep-Alive: timeout=5
{"access_token":"eyJhbGciOiJIUzI1NiIsInR5cCI6IkpXVCJ9.eyJzdWIiOiIwODUxNWIwNS0yZDNlLTQ3ODktYWQ2MC1kYjM1NTI1YTQ5NzAiLCJ1c2VybmFtZSI6Im5hbSIsInJvbGUiOjAsImlhdCI6MTc1MDYwODQ2NiwiZXhwIjoxNzUwNjEyMDY2fQ._Hf8kGlmXH7SQCiyPzSro08JJjugCbWOY36bc56k_P4","refresh_token":"837be9c1bda92aedfb2611f43b996b504eb70c397f88999bb1c9140f1657cd26","user":{"id":"08515b05-2d3e-4789-ad60-db35525a4970","email":"nam@gmail.com","username":"nam","name":"nam","phoneNumber":"0123456789","profilePic":"https://res.cloudinary.com/dizcvrefo/image/upload/v1749266646/nestjs_uploads/zk9zrpeidnovxibfqdxr.png","bio":"Chu tich hoi dong Quan tri 1","private":false,"verified":false,"role":0,"followersCount":2,"followingCount":2,"postCount":13}}

23:07:46.583 [pool-2-thread-30] INFO com.intuit.karate -- [print] Call 1 completed, status: 200 
23:07:46.583 [pool-2-thread-1] INFO com.intuit.karate -- [print] Call 1 completed, status: 200 
23:07:46.584 [pool-2-thread-30] INFO com.intuit.karate -- [print] *** API CALL 2 *** 
23:07:46.584 [pool-2-thread-1] INFO com.intuit.karate -- [print] *** API CALL 2 *** 
23:07:46.586 [pool-2-thread-1] DEBUG org.apache.http.client.protocol.RequestAddCookies -- CookieSpec selected: karate
23:07:46.586 [pool-2-thread-1] DEBUG org.apache.http.client.protocol.RequestAuthCache -- Auth cache not set in the context
23:07:46.586 [pool-2-thread-1] DEBUG com.intuit.karate -- request:
2 > POST http://localhost:3000/auth/login
2 > Content-Type: application/json; charset=UTF-8
2 > Content-Length: 45
2 > Host: localhost:3000
2 > Connection: Keep-Alive
2 > User-Agent: Apache-HttpClient/4.5.14 (Java/17.0.9)
2 > Accept-Encoding: gzip,deflate
{"email":"nam@gmail.com","password":"123456"}

23:07:46.586 [pool-2-thread-30] DEBUG org.apache.http.client.protocol.RequestAddCookies -- CookieSpec selected: karate
23:07:46.586 [pool-2-thread-1] DEBUG org.apache.http.impl.conn.PoolingHttpClientConnectionManager -- Connection request: [route: {}->http://localhost:3000][total available: 0; route allocated: 0 of 5; total allocated: 0 of 10]
23:07:46.588 [pool-2-thread-30] DEBUG org.apache.http.client.protocol.RequestAuthCache -- Auth cache not set in the context
23:07:46.588 [pool-2-thread-1] DEBUG org.apache.http.impl.conn.PoolingHttpClientConnectionManager -- Connection leased: [id: 32][route: {}->http://localhost:3000][total available: 0; route allocated: 1 of 5; total allocated: 1 of 10]
23:07:46.588 [pool-2-thread-1] DEBUG org.apache.http.impl.execchain.MainClientExec -- Opening connection {}->http://localhost:3000
23:07:46.588 [pool-2-thread-30] DEBUG com.intuit.karate -- request:
2 > POST http://localhost:3000/auth/login
2 > Content-Type: application/json; charset=UTF-8
2 > Content-Length: 54
2 > Host: localhost:3000
2 > Connection: Keep-Alive
2 > User-Agent: Apache-HttpClient/4.5.14 (Java/17.0.9)
2 > Accept-Encoding: gzip,deflate
{"email":"testit2@gmail.com","password":"Password123"}

23:07:46.588 [pool-2-thread-30] DEBUG org.apache.http.impl.conn.PoolingHttpClientConnectionManager -- Connection request: [route: {}->http://localhost:3000][total available: 0; route allocated: 0 of 5; total allocated: 0 of 10]
23:07:46.588 [pool-2-thread-30] DEBUG org.apache.http.impl.conn.PoolingHttpClientConnectionManager -- Connection leased: [id: 33][route: {}->http://localhost:3000][total available: 0; route allocated: 1 of 5; total allocated: 1 of 10]
23:07:46.588 [pool-2-thread-30] DEBUG org.apache.http.impl.execchain.MainClientExec -- Opening connection {}->http://localhost:3000
23:07:46.588 [pool-2-thread-1] DEBUG org.apache.http.impl.conn.DefaultHttpClientConnectionOperator -- Connecting to localhost/127.0.0.1:3000
23:07:46.588 [pool-2-thread-30] DEBUG org.apache.http.impl.conn.DefaultHttpClientConnectionOperator -- Connecting to localhost/127.0.0.1:3000
23:07:46.588 [pool-2-thread-1] DEBUG org.apache.http.impl.conn.DefaultHttpClientConnectionOperator -- Connection established 127.0.0.1:52687<->127.0.0.1:3000
23:07:46.588 [pool-2-thread-30] DEBUG org.apache.http.impl.conn.DefaultHttpClientConnectionOperator -- Connection established 127.0.0.1:52688<->127.0.0.1:3000
23:07:46.588 [pool-2-thread-1] DEBUG org.apache.http.impl.conn.DefaultManagedHttpClientConnection -- http-outgoing-32: set socket timeout to 30000
23:07:46.588 [pool-2-thread-30] DEBUG org.apache.http.impl.conn.DefaultManagedHttpClientConnection -- http-outgoing-33: set socket timeout to 30000
23:07:46.588 [pool-2-thread-1] DEBUG org.apache.http.impl.execchain.MainClientExec -- Executing request POST /auth/login HTTP/1.1
23:07:46.588 [pool-2-thread-1] DEBUG org.apache.http.impl.execchain.MainClientExec -- Target auth state: UNCHALLENGED
23:07:46.588 [pool-2-thread-1] DEBUG org.apache.http.impl.execchain.MainClientExec -- Proxy auth state: UNCHALLENGED
23:07:46.588 [pool-2-thread-1] DEBUG org.apache.http.headers -- http-outgoing-32 >> POST /auth/login HTTP/1.1
23:07:46.588 [pool-2-thread-1] DEBUG org.apache.http.headers -- http-outgoing-32 >> Content-Type: application/json; charset=UTF-8
23:07:46.588 [pool-2-thread-1] DEBUG org.apache.http.headers -- http-outgoing-32 >> Content-Length: 45
23:07:46.588 [pool-2-thread-1] DEBUG org.apache.http.headers -- http-outgoing-32 >> Host: localhost:3000
23:07:46.588 [pool-2-thread-1] DEBUG org.apache.http.headers -- http-outgoing-32 >> Connection: Keep-Alive
23:07:46.588 [pool-2-thread-1] DEBUG org.apache.http.headers -- http-outgoing-32 >> User-Agent: Apache-HttpClient/4.5.14 (Java/17.0.9)
23:07:46.588 [pool-2-thread-1] DEBUG org.apache.http.headers -- http-outgoing-32 >> Accept-Encoding: gzip,deflate
23:07:46.588 [pool-2-thread-1] DEBUG org.apache.http.wire -- http-outgoing-32 >> "POST /auth/login HTTP/1.1[\r][\n]"
23:07:46.588 [pool-2-thread-1] DEBUG org.apache.http.wire -- http-outgoing-32 >> "Content-Type: application/json; charset=UTF-8[\r][\n]"
23:07:46.588 [pool-2-thread-1] DEBUG org.apache.http.wire -- http-outgoing-32 >> "Content-Length: 45[\r][\n]"
23:07:46.588 [pool-2-thread-1] DEBUG org.apache.http.wire -- http-outgoing-32 >> "Host: localhost:3000[\r][\n]"
23:07:46.588 [pool-2-thread-1] DEBUG org.apache.http.wire -- http-outgoing-32 >> "Connection: Keep-Alive[\r][\n]"
23:07:46.588 [pool-2-thread-1] DEBUG org.apache.http.wire -- http-outgoing-32 >> "User-Agent: Apache-HttpClient/4.5.14 (Java/17.0.9)[\r][\n]"
23:07:46.588 [pool-2-thread-1] DEBUG org.apache.http.wire -- http-outgoing-32 >> "Accept-Encoding: gzip,deflate[\r][\n]"
23:07:46.588 [pool-2-thread-1] DEBUG org.apache.http.wire -- http-outgoing-32 >> "[\r][\n]"
23:07:46.588 [pool-2-thread-1] DEBUG org.apache.http.wire -- http-outgoing-32 >> "{"email":"nam@gmail.com","password":"123456"}"
23:07:46.588 [pool-2-thread-30] DEBUG org.apache.http.impl.execchain.MainClientExec -- Executing request POST /auth/login HTTP/1.1
23:07:46.589 [pool-2-thread-30] DEBUG org.apache.http.impl.execchain.MainClientExec -- Target auth state: UNCHALLENGED
23:07:46.589 [pool-2-thread-30] DEBUG org.apache.http.impl.execchain.MainClientExec -- Proxy auth state: UNCHALLENGED
23:07:46.589 [pool-2-thread-30] DEBUG org.apache.http.headers -- http-outgoing-33 >> POST /auth/login HTTP/1.1
23:07:46.589 [pool-2-thread-30] DEBUG org.apache.http.headers -- http-outgoing-33 >> Content-Type: application/json; charset=UTF-8
23:07:46.589 [pool-2-thread-30] DEBUG org.apache.http.headers -- http-outgoing-33 >> Content-Length: 54
23:07:46.589 [pool-2-thread-30] DEBUG org.apache.http.headers -- http-outgoing-33 >> Host: localhost:3000
23:07:46.589 [pool-2-thread-30] DEBUG org.apache.http.headers -- http-outgoing-33 >> Connection: Keep-Alive
23:07:46.589 [pool-2-thread-30] DEBUG org.apache.http.headers -- http-outgoing-33 >> User-Agent: Apache-HttpClient/4.5.14 (Java/17.0.9)
23:07:46.589 [pool-2-thread-30] DEBUG org.apache.http.headers -- http-outgoing-33 >> Accept-Encoding: gzip,deflate
23:07:46.589 [pool-2-thread-30] DEBUG org.apache.http.wire -- http-outgoing-33 >> "POST /auth/login HTTP/1.1[\r][\n]"
23:07:46.589 [pool-2-thread-30] DEBUG org.apache.http.wire -- http-outgoing-33 >> "Content-Type: application/json; charset=UTF-8[\r][\n]"
23:07:46.589 [pool-2-thread-30] DEBUG org.apache.http.wire -- http-outgoing-33 >> "Content-Length: 54[\r][\n]"
23:07:46.589 [pool-2-thread-30] DEBUG org.apache.http.wire -- http-outgoing-33 >> "Host: localhost:3000[\r][\n]"
23:07:46.589 [pool-2-thread-30] DEBUG org.apache.http.wire -- http-outgoing-33 >> "Connection: Keep-Alive[\r][\n]"
23:07:46.589 [pool-2-thread-30] DEBUG org.apache.http.wire -- http-outgoing-33 >> "User-Agent: Apache-HttpClient/4.5.14 (Java/17.0.9)[\r][\n]"
23:07:46.589 [pool-2-thread-30] DEBUG org.apache.http.wire -- http-outgoing-33 >> "Accept-Encoding: gzip,deflate[\r][\n]"
23:07:46.589 [pool-2-thread-30] DEBUG org.apache.http.wire -- http-outgoing-33 >> "[\r][\n]"
23:07:46.589 [pool-2-thread-30] DEBUG org.apache.http.wire -- http-outgoing-33 >> "{"email":"testit2@gmail.com","password":"Password123"}"
23:07:46.601 [pool-2-thread-25] DEBUG org.apache.http.wire -- http-outgoing-9 << "HTTP/1.1 200 OK[\r][\n]"
23:07:46.601 [pool-2-thread-25] DEBUG org.apache.http.wire -- http-outgoing-9 << "X-Powered-By: Express[\r][\n]"
23:07:46.601 [pool-2-thread-25] DEBUG org.apache.http.wire -- http-outgoing-9 << "Access-Control-Allow-Origin: *[\r][\n]"
23:07:46.601 [pool-2-thread-25] DEBUG org.apache.http.wire -- http-outgoing-9 << "Content-Type: application/json; charset=utf-8[\r][\n]"
23:07:46.601 [pool-2-thread-25] DEBUG org.apache.http.wire -- http-outgoing-9 << "Content-Length: 607[\r][\n]"
23:07:46.601 [pool-2-thread-25] DEBUG org.apache.http.wire -- http-outgoing-9 << "ETag: W/"25f-fmDQnRP6TgQbW6slzXoZLqFUny4"[\r][\n]"
23:07:46.601 [pool-2-thread-25] DEBUG org.apache.http.wire -- http-outgoing-9 << "Date: Sun, 22 Jun 2025 16:07:46 GMT[\r][\n]"
23:07:46.601 [pool-2-thread-25] DEBUG org.apache.http.wire -- http-outgoing-9 << "Connection: keep-alive[\r][\n]"
23:07:46.601 [pool-2-thread-25] DEBUG org.apache.http.wire -- http-outgoing-9 << "Keep-Alive: timeout=5[\r][\n]"
23:07:46.601 [pool-2-thread-25] DEBUG org.apache.http.wire -- http-outgoing-9 << "[\r][\n]"
23:07:46.601 [pool-2-thread-25] DEBUG org.apache.http.wire -- http-outgoing-9 << "{"access_token":"eyJhbGciOiJIUzI1NiIsInR5cCI6IkpXVCJ9.eyJzdWIiOiJjMjE0MjJkZi1jY2VjLTQ0MGUtOWE0Mi1jMWI4MmFiZjczM2QiLCJ1c2VybmFtZSI6ImpvaG5kb2UyOCIsInJvbGUiOjAsImlhdCI6MTc1MDYwODQ2NiwiZXhwIjoxNzUwNjEyMDY2fQ.7Wx8O9lrgBU3NbroHJJlEraiarQY6zDIap9oQLeg5CE","refresh_token":"e9d5717aeea64768ee4353e94f3868d0ff12be97322f8a03aada355828f41e6d","user":{"id":"c21422df-ccec-440e-9a42-c1b82abf733d","email":"test28@example.com","username":"johndoe28","name":"John Doe","phoneNumber":"84987654321","profilePic":null,"bio":null,"private":false,"verified":false,"role":0,"followersCount":0,"followingCount":0,"postCount":0}}"
23:07:46.602 [pool-2-thread-25] DEBUG org.apache.http.headers -- http-outgoing-9 << HTTP/1.1 200 OK
23:07:46.602 [pool-2-thread-25] DEBUG org.apache.http.headers -- http-outgoing-9 << X-Powered-By: Express
23:07:46.602 [pool-2-thread-25] DEBUG org.apache.http.headers -- http-outgoing-9 << Access-Control-Allow-Origin: *
23:07:46.602 [pool-2-thread-25] DEBUG org.apache.http.headers -- http-outgoing-9 << Content-Type: application/json; charset=utf-8
23:07:46.602 [pool-2-thread-25] DEBUG org.apache.http.headers -- http-outgoing-9 << Content-Length: 607
23:07:46.602 [pool-2-thread-25] DEBUG org.apache.http.headers -- http-outgoing-9 << ETag: W/"25f-fmDQnRP6TgQbW6slzXoZLqFUny4"
23:07:46.602 [pool-2-thread-25] DEBUG org.apache.http.headers -- http-outgoing-9 << Date: Sun, 22 Jun 2025 16:07:46 GMT
23:07:46.602 [pool-2-thread-25] DEBUG org.apache.http.headers -- http-outgoing-9 << Connection: keep-alive
23:07:46.602 [pool-2-thread-25] DEBUG org.apache.http.headers -- http-outgoing-9 << Keep-Alive: timeout=5
23:07:46.602 [pool-2-thread-25] DEBUG org.apache.http.impl.execchain.MainClientExec -- Connection can be kept alive for 5000 MILLISECONDS
23:07:46.602 [pool-2-thread-25] DEBUG org.apache.http.impl.conn.PoolingHttpClientConnectionManager -- Connection [id: 14][route: {}->http://localhost:3000] can be kept alive for 5.0 seconds
23:07:46.602 [pool-2-thread-25] DEBUG org.apache.http.impl.conn.DefaultManagedHttpClientConnection -- http-outgoing-9: set socket timeout to 0
23:07:46.602 [pool-2-thread-25] DEBUG org.apache.http.impl.conn.PoolingHttpClientConnectionManager -- Connection released: [id: 14][route: {}->http://localhost:3000][total available: 1; route allocated: 1 of 5; total allocated: 1 of 10]
23:07:46.602 [pool-2-thread-25] DEBUG org.apache.http.impl.conn.PoolingHttpClientConnectionManager -- Connection manager is shutting down
23:07:46.602 [pool-2-thread-25] DEBUG org.apache.http.impl.conn.DefaultManagedHttpClientConnection -- http-outgoing-9: Close connection
23:07:46.602 [pool-2-thread-25] DEBUG org.apache.http.impl.conn.PoolingHttpClientConnectionManager -- Connection manager shut down
23:07:46.603 [pool-2-thread-25] DEBUG com.intuit.karate -- response time in milliseconds: 531
1 < 200
1 < X-Powered-By: Express
1 < Access-Control-Allow-Origin: *
1 < Content-Type: application/json; charset=utf-8
1 < Content-Length: 607
1 < ETag: W/"25f-fmDQnRP6TgQbW6slzXoZLqFUny4"
1 < Date: Sun, 22 Jun 2025 16:07:46 GMT
1 < Connection: keep-alive
1 < Keep-Alive: timeout=5
{"access_token":"eyJhbGciOiJIUzI1NiIsInR5cCI6IkpXVCJ9.eyJzdWIiOiJjMjE0MjJkZi1jY2VjLTQ0MGUtOWE0Mi1jMWI4MmFiZjczM2QiLCJ1c2VybmFtZSI6ImpvaG5kb2UyOCIsInJvbGUiOjAsImlhdCI6MTc1MDYwODQ2NiwiZXhwIjoxNzUwNjEyMDY2fQ.7Wx8O9lrgBU3NbroHJJlEraiarQY6zDIap9oQLeg5CE","refresh_token":"e9d5717aeea64768ee4353e94f3868d0ff12be97322f8a03aada355828f41e6d","user":{"id":"c21422df-ccec-440e-9a42-c1b82abf733d","email":"test28@example.com","username":"johndoe28","name":"John Doe","phoneNumber":"84987654321","profilePic":null,"bio":null,"private":false,"verified":false,"role":0,"followersCount":0,"followingCount":0,"postCount":0}}

23:07:46.607 [pool-2-thread-25] INFO com.intuit.karate -- [print] Call 1 completed, status: 200 
23:07:46.609 [pool-2-thread-25] INFO com.intuit.karate -- [print] *** API CALL 2 *** 
23:07:46.612 [pool-2-thread-25] DEBUG org.apache.http.client.protocol.RequestAddCookies -- CookieSpec selected: karate
23:07:46.612 [pool-2-thread-25] DEBUG org.apache.http.client.protocol.RequestAuthCache -- Auth cache not set in the context
23:07:46.612 [pool-2-thread-25] DEBUG com.intuit.karate -- request:
2 > POST http://localhost:3000/auth/login
2 > Content-Type: application/json; charset=UTF-8
2 > Content-Length: 55
2 > Host: localhost:3000
2 > Connection: Keep-Alive
2 > User-Agent: Apache-HttpClient/4.5.14 (Java/17.0.9)
2 > Accept-Encoding: gzip,deflate
{"email":"test28@example.com","password":"Password123"}

23:07:46.612 [pool-2-thread-25] DEBUG org.apache.http.impl.conn.PoolingHttpClientConnectionManager -- Connection request: [route: {}->http://localhost:3000][total available: 0; route allocated: 0 of 5; total allocated: 0 of 10]
23:07:46.613 [pool-2-thread-25] DEBUG org.apache.http.impl.conn.PoolingHttpClientConnectionManager -- Connection leased: [id: 34][route: {}->http://localhost:3000][total available: 0; route allocated: 1 of 5; total allocated: 1 of 10]
23:07:46.613 [pool-2-thread-25] DEBUG org.apache.http.impl.execchain.MainClientExec -- Opening connection {}->http://localhost:3000
23:07:46.613 [pool-2-thread-25] DEBUG org.apache.http.impl.conn.DefaultHttpClientConnectionOperator -- Connecting to localhost/127.0.0.1:3000
23:07:46.613 [pool-2-thread-25] DEBUG org.apache.http.impl.conn.DefaultHttpClientConnectionOperator -- Connection established 127.0.0.1:52689<->127.0.0.1:3000
23:07:46.613 [pool-2-thread-25] DEBUG org.apache.http.impl.conn.DefaultManagedHttpClientConnection -- http-outgoing-34: set socket timeout to 30000
23:07:46.613 [pool-2-thread-25] DEBUG org.apache.http.impl.execchain.MainClientExec -- Executing request POST /auth/login HTTP/1.1
23:07:46.614 [pool-2-thread-25] DEBUG org.apache.http.impl.execchain.MainClientExec -- Target auth state: UNCHALLENGED
23:07:46.614 [pool-2-thread-25] DEBUG org.apache.http.impl.execchain.MainClientExec -- Proxy auth state: UNCHALLENGED
23:07:46.614 [pool-2-thread-25] DEBUG org.apache.http.headers -- http-outgoing-34 >> POST /auth/login HTTP/1.1
23:07:46.614 [pool-2-thread-25] DEBUG org.apache.http.headers -- http-outgoing-34 >> Content-Type: application/json; charset=UTF-8
23:07:46.614 [pool-2-thread-25] DEBUG org.apache.http.headers -- http-outgoing-34 >> Content-Length: 55
23:07:46.614 [pool-2-thread-25] DEBUG org.apache.http.headers -- http-outgoing-34 >> Host: localhost:3000
23:07:46.614 [pool-2-thread-25] DEBUG org.apache.http.headers -- http-outgoing-34 >> Connection: Keep-Alive
23:07:46.614 [pool-2-thread-25] DEBUG org.apache.http.headers -- http-outgoing-34 >> User-Agent: Apache-HttpClient/4.5.14 (Java/17.0.9)
23:07:46.614 [pool-2-thread-25] DEBUG org.apache.http.headers -- http-outgoing-34 >> Accept-Encoding: gzip,deflate
23:07:46.614 [pool-2-thread-25] DEBUG org.apache.http.wire -- http-outgoing-34 >> "POST /auth/login HTTP/1.1[\r][\n]"
23:07:46.614 [pool-2-thread-25] DEBUG org.apache.http.wire -- http-outgoing-34 >> "Content-Type: application/json; charset=UTF-8[\r][\n]"
23:07:46.614 [pool-2-thread-25] DEBUG org.apache.http.wire -- http-outgoing-34 >> "Content-Length: 55[\r][\n]"
23:07:46.614 [pool-2-thread-25] DEBUG org.apache.http.wire -- http-outgoing-34 >> "Host: localhost:3000[\r][\n]"
23:07:46.614 [pool-2-thread-25] DEBUG org.apache.http.wire -- http-outgoing-34 >> "Connection: Keep-Alive[\r][\n]"
23:07:46.614 [pool-2-thread-25] DEBUG org.apache.http.wire -- http-outgoing-34 >> "User-Agent: Apache-HttpClient/4.5.14 (Java/17.0.9)[\r][\n]"
23:07:46.614 [pool-2-thread-25] DEBUG org.apache.http.wire -- http-outgoing-34 >> "Accept-Encoding: gzip,deflate[\r][\n]"
23:07:46.614 [pool-2-thread-25] DEBUG org.apache.http.wire -- http-outgoing-34 >> "[\r][\n]"
23:07:46.614 [pool-2-thread-25] DEBUG org.apache.http.wire -- http-outgoing-34 >> "{"email":"test28@example.com","password":"Password123"}"
23:07:46.628 [pool-2-thread-28] DEBUG org.apache.http.wire -- http-outgoing-16 << "HTTP/1.1 200 OK[\r][\n]"
23:07:46.628 [pool-2-thread-28] DEBUG org.apache.http.wire -- http-outgoing-16 << "X-Powered-By: Express[\r][\n]"
23:07:46.628 [pool-2-thread-28] DEBUG org.apache.http.wire -- http-outgoing-16 << "Access-Control-Allow-Origin: *[\r][\n]"
23:07:46.628 [pool-2-thread-28] DEBUG org.apache.http.wire -- http-outgoing-16 << "Content-Type: application/json; charset=utf-8[\r][\n]"
23:07:46.628 [pool-2-thread-28] DEBUG org.apache.http.wire -- http-outgoing-16 << "Content-Length: 609[\r][\n]"
23:07:46.629 [pool-2-thread-28] DEBUG org.apache.http.wire -- http-outgoing-16 << "ETag: W/"261-x31lqnrZVcLZehesk3vXS64AkuU"[\r][\n]"
23:07:46.629 [pool-2-thread-28] DEBUG org.apache.http.wire -- http-outgoing-16 << "Date: Sun, 22 Jun 2025 16:07:46 GMT[\r][\n]"
23:07:46.629 [pool-2-thread-28] DEBUG org.apache.http.wire -- http-outgoing-16 << "Connection: keep-alive[\r][\n]"
23:07:46.629 [pool-2-thread-28] DEBUG org.apache.http.wire -- http-outgoing-16 << "Keep-Alive: timeout=5[\r][\n]"
23:07:46.629 [pool-2-thread-28] DEBUG org.apache.http.wire -- http-outgoing-16 << "[\r][\n]"
23:07:46.629 [pool-2-thread-28] DEBUG org.apache.http.wire -- http-outgoing-16 << "{"access_token":"eyJhbGciOiJIUzI1NiIsInR5cCI6IkpXVCJ9.eyJzdWIiOiIyNzJmNmI1NS01MTc5LTRhZTMtODU2My1iNGVjMTBmNzY3MTUiLCJ1c2VybmFtZSI6ImpvaG5kb2UyZDVkIiwicm9sZSI6MCwiaWF0IjoxNzUwNjA4NDY2LCJleHAiOjE3NTA2MTIwNjZ9.ID8AY0xQKvKpiO0V9869Xfnvd7xLqPmbWozKpZFwCFE","refresh_token":"5eb3ef1caaaae3284188117bace514ed71df549f047639ceeced68f934753513","user":{"id":"272f6b55-5179-4ae3-8563-b4ec10f76715","email":"testit5@gmail.com","username":"johndoe2d5d","name":"John Doe","phoneNumber":"0123456132","profilePic":null,"bio":null,"private":false,"verified":false,"role":0,"followersCount":0,"followingCount":0,"postCount":0}}"
23:07:46.629 [pool-2-thread-28] DEBUG org.apache.http.headers -- http-outgoing-16 << HTTP/1.1 200 OK
23:07:46.629 [pool-2-thread-28] DEBUG org.apache.http.headers -- http-outgoing-16 << X-Powered-By: Express
23:07:46.629 [pool-2-thread-28] DEBUG org.apache.http.headers -- http-outgoing-16 << Access-Control-Allow-Origin: *
23:07:46.629 [pool-2-thread-28] DEBUG org.apache.http.headers -- http-outgoing-16 << Content-Type: application/json; charset=utf-8
23:07:46.629 [pool-2-thread-28] DEBUG org.apache.http.headers -- http-outgoing-16 << Content-Length: 609
23:07:46.629 [pool-2-thread-28] DEBUG org.apache.http.headers -- http-outgoing-16 << ETag: W/"261-x31lqnrZVcLZehesk3vXS64AkuU"
23:07:46.629 [pool-2-thread-28] DEBUG org.apache.http.headers -- http-outgoing-16 << Date: Sun, 22 Jun 2025 16:07:46 GMT
23:07:46.629 [pool-2-thread-28] DEBUG org.apache.http.headers -- http-outgoing-16 << Connection: keep-alive
23:07:46.629 [pool-2-thread-28] DEBUG org.apache.http.headers -- http-outgoing-16 << Keep-Alive: timeout=5
23:07:46.629 [pool-2-thread-28] DEBUG org.apache.http.impl.execchain.MainClientExec -- Connection can be kept alive for 5000 MILLISECONDS
23:07:46.629 [pool-2-thread-28] DEBUG org.apache.http.impl.conn.PoolingHttpClientConnectionManager -- Connection [id: 25][route: {}->http://localhost:3000] can be kept alive for 5.0 seconds
23:07:46.629 [pool-2-thread-28] DEBUG org.apache.http.impl.conn.DefaultManagedHttpClientConnection -- http-outgoing-16: set socket timeout to 0
23:07:46.629 [pool-2-thread-28] DEBUG org.apache.http.impl.conn.PoolingHttpClientConnectionManager -- Connection released: [id: 25][route: {}->http://localhost:3000][total available: 1; route allocated: 1 of 5; total allocated: 1 of 10]
23:07:46.630 [pool-2-thread-28] DEBUG org.apache.http.impl.conn.PoolingHttpClientConnectionManager -- Connection manager is shutting down
23:07:46.630 [pool-2-thread-28] DEBUG org.apache.http.impl.conn.DefaultManagedHttpClientConnection -- http-outgoing-16: Close connection
23:07:46.630 [pool-2-thread-28] DEBUG org.apache.http.impl.conn.PoolingHttpClientConnectionManager -- Connection manager shut down
23:07:46.630 [pool-2-thread-28] DEBUG com.intuit.karate -- response time in milliseconds: 558
1 < 200
1 < X-Powered-By: Express
1 < Access-Control-Allow-Origin: *
1 < Content-Type: application/json; charset=utf-8
1 < Content-Length: 609
1 < ETag: W/"261-x31lqnrZVcLZehesk3vXS64AkuU"
1 < Date: Sun, 22 Jun 2025 16:07:46 GMT
1 < Connection: keep-alive
1 < Keep-Alive: timeout=5
{"access_token":"eyJhbGciOiJIUzI1NiIsInR5cCI6IkpXVCJ9.eyJzdWIiOiIyNzJmNmI1NS01MTc5LTRhZTMtODU2My1iNGVjMTBmNzY3MTUiLCJ1c2VybmFtZSI6ImpvaG5kb2UyZDVkIiwicm9sZSI6MCwiaWF0IjoxNzUwNjA4NDY2LCJleHAiOjE3NTA2MTIwNjZ9.ID8AY0xQKvKpiO0V9869Xfnvd7xLqPmbWozKpZFwCFE","refresh_token":"5eb3ef1caaaae3284188117bace514ed71df549f047639ceeced68f934753513","user":{"id":"272f6b55-5179-4ae3-8563-b4ec10f76715","email":"testit5@gmail.com","username":"johndoe2d5d","name":"John Doe","phoneNumber":"0123456132","profilePic":null,"bio":null,"private":false,"verified":false,"role":0,"followersCount":0,"followingCount":0,"postCount":0}}

23:07:46.633 [pool-2-thread-28] INFO com.intuit.karate -- [print] Call 1 completed, status: 200 
23:07:46.634 [pool-2-thread-28] INFO com.intuit.karate -- [print] *** API CALL 2 *** 
23:07:46.637 [pool-2-thread-28] DEBUG org.apache.http.client.protocol.RequestAddCookies -- CookieSpec selected: karate
23:07:46.637 [pool-2-thread-28] DEBUG org.apache.http.client.protocol.RequestAuthCache -- Auth cache not set in the context
23:07:46.637 [pool-2-thread-28] DEBUG com.intuit.karate -- request:
2 > POST http://localhost:3000/auth/login
2 > Content-Type: application/json; charset=UTF-8
2 > Content-Length: 54
2 > Host: localhost:3000
2 > Connection: Keep-Alive
2 > User-Agent: Apache-HttpClient/4.5.14 (Java/17.0.9)
2 > Accept-Encoding: gzip,deflate
{"email":"testit5@gmail.com","password":"Password123"}

23:07:46.637 [pool-2-thread-28] DEBUG org.apache.http.impl.conn.PoolingHttpClientConnectionManager -- Connection request: [route: {}->http://localhost:3000][total available: 0; route allocated: 0 of 5; total allocated: 0 of 10]
23:07:46.637 [pool-2-thread-28] DEBUG org.apache.http.impl.conn.PoolingHttpClientConnectionManager -- Connection leased: [id: 35][route: {}->http://localhost:3000][total available: 0; route allocated: 1 of 5; total allocated: 1 of 10]
23:07:46.637 [pool-2-thread-28] DEBUG org.apache.http.impl.execchain.MainClientExec -- Opening connection {}->http://localhost:3000
23:07:46.637 [pool-2-thread-28] DEBUG org.apache.http.impl.conn.DefaultHttpClientConnectionOperator -- Connecting to localhost/127.0.0.1:3000
23:07:46.638 [pool-2-thread-28] DEBUG org.apache.http.impl.conn.DefaultHttpClientConnectionOperator -- Connection established 127.0.0.1:52690<->127.0.0.1:3000
23:07:46.638 [pool-2-thread-28] DEBUG org.apache.http.impl.conn.DefaultManagedHttpClientConnection -- http-outgoing-35: set socket timeout to 30000
23:07:46.638 [pool-2-thread-28] DEBUG org.apache.http.impl.execchain.MainClientExec -- Executing request POST /auth/login HTTP/1.1
23:07:46.638 [pool-2-thread-28] DEBUG org.apache.http.impl.execchain.MainClientExec -- Target auth state: UNCHALLENGED
23:07:46.638 [pool-2-thread-28] DEBUG org.apache.http.impl.execchain.MainClientExec -- Proxy auth state: UNCHALLENGED
23:07:46.638 [pool-2-thread-28] DEBUG org.apache.http.headers -- http-outgoing-35 >> POST /auth/login HTTP/1.1
23:07:46.638 [pool-2-thread-28] DEBUG org.apache.http.headers -- http-outgoing-35 >> Content-Type: application/json; charset=UTF-8
23:07:46.638 [pool-2-thread-28] DEBUG org.apache.http.headers -- http-outgoing-35 >> Content-Length: 54
23:07:46.638 [pool-2-thread-28] DEBUG org.apache.http.headers -- http-outgoing-35 >> Host: localhost:3000
23:07:46.638 [pool-2-thread-28] DEBUG org.apache.http.headers -- http-outgoing-35 >> Connection: Keep-Alive
23:07:46.638 [pool-2-thread-28] DEBUG org.apache.http.headers -- http-outgoing-35 >> User-Agent: Apache-HttpClient/4.5.14 (Java/17.0.9)
23:07:46.638 [pool-2-thread-28] DEBUG org.apache.http.headers -- http-outgoing-35 >> Accept-Encoding: gzip,deflate
23:07:46.638 [pool-2-thread-28] DEBUG org.apache.http.wire -- http-outgoing-35 >> "POST /auth/login HTTP/1.1[\r][\n]"
23:07:46.638 [pool-2-thread-28] DEBUG org.apache.http.wire -- http-outgoing-35 >> "Content-Type: application/json; charset=UTF-8[\r][\n]"
23:07:46.638 [pool-2-thread-28] DEBUG org.apache.http.wire -- http-outgoing-35 >> "Content-Length: 54[\r][\n]"
23:07:46.638 [pool-2-thread-28] DEBUG org.apache.http.wire -- http-outgoing-35 >> "Host: localhost:3000[\r][\n]"
23:07:46.638 [pool-2-thread-28] DEBUG org.apache.http.wire -- http-outgoing-35 >> "Connection: Keep-Alive[\r][\n]"
23:07:46.638 [pool-2-thread-28] DEBUG org.apache.http.wire -- http-outgoing-35 >> "User-Agent: Apache-HttpClient/4.5.14 (Java/17.0.9)[\r][\n]"
23:07:46.638 [pool-2-thread-28] DEBUG org.apache.http.wire -- http-outgoing-35 >> "Accept-Encoding: gzip,deflate[\r][\n]"
23:07:46.638 [pool-2-thread-28] DEBUG org.apache.http.wire -- http-outgoing-35 >> "[\r][\n]"
23:07:46.638 [pool-2-thread-28] DEBUG org.apache.http.wire -- http-outgoing-35 >> "{"email":"testit5@gmail.com","password":"Password123"}"
23:07:46.715 [pool-2-thread-15] DEBUG org.apache.http.wire -- http-outgoing-15 << "HTTP/1.1 401 Unauthorized[\r][\n]"
23:07:46.715 [pool-2-thread-15] DEBUG org.apache.http.wire -- http-outgoing-15 << "X-Powered-By: Express[\r][\n]"
23:07:46.715 [pool-2-thread-15] DEBUG org.apache.http.wire -- http-outgoing-15 << "Access-Control-Allow-Origin: *[\r][\n]"
23:07:46.715 [pool-2-thread-15] DEBUG org.apache.http.wire -- http-outgoing-15 << "Content-Type: application/json; charset=utf-8[\r][\n]"
23:07:46.715 [pool-2-thread-15] DEBUG org.apache.http.wire -- http-outgoing-15 << "Content-Length: 149[\r][\n]"
23:07:46.715 [pool-2-thread-15] DEBUG org.apache.http.wire -- http-outgoing-15 << "ETag: W/"95-wACrRfgKvnXcEF61IrMPyJzuyY8"[\r][\n]"
23:07:46.715 [pool-2-thread-15] DEBUG org.apache.http.wire -- http-outgoing-15 << "Date: Sun, 22 Jun 2025 16:07:46 GMT[\r][\n]"
23:07:46.715 [pool-2-thread-15] DEBUG org.apache.http.wire -- http-outgoing-15 << "Connection: keep-alive[\r][\n]"
23:07:46.715 [pool-2-thread-15] DEBUG org.apache.http.wire -- http-outgoing-15 << "Keep-Alive: timeout=5[\r][\n]"
23:07:46.715 [pool-2-thread-15] DEBUG org.apache.http.wire -- http-outgoing-15 << "[\r][\n]"
23:07:46.715 [pool-2-thread-15] DEBUG org.apache.http.wire -- http-outgoing-15 << "{"success":false,"statusCode":401,"message":"Th[0xc3][0xb4]ng tin [0xc4][0x91][0xc4][0x83]ng nh[0xe1][0xba][0xad]p kh[0xc3][0xb4]ng h[0xe1][0xbb][0xa3]p l[0xe1][0xbb][0x87]","path":"/auth/login","timestamp":"2025-06-22T16:07:46.713Z"}"
23:07:46.715 [pool-2-thread-15] DEBUG org.apache.http.headers -- http-outgoing-15 << HTTP/1.1 401 Unauthorized
23:07:46.715 [pool-2-thread-15] DEBUG org.apache.http.headers -- http-outgoing-15 << X-Powered-By: Express
23:07:46.715 [pool-2-thread-15] DEBUG org.apache.http.headers -- http-outgoing-15 << Access-Control-Allow-Origin: *
23:07:46.715 [pool-2-thread-15] DEBUG org.apache.http.headers -- http-outgoing-15 << Content-Type: application/json; charset=utf-8
23:07:46.715 [pool-2-thread-15] DEBUG org.apache.http.headers -- http-outgoing-15 << Content-Length: 149
23:07:46.715 [pool-2-thread-15] DEBUG org.apache.http.headers -- http-outgoing-15 << ETag: W/"95-wACrRfgKvnXcEF61IrMPyJzuyY8"
23:07:46.715 [pool-2-thread-15] DEBUG org.apache.http.headers -- http-outgoing-15 << Date: Sun, 22 Jun 2025 16:07:46 GMT
23:07:46.715 [pool-2-thread-15] DEBUG org.apache.http.headers -- http-outgoing-15 << Connection: keep-alive
23:07:46.715 [pool-2-thread-15] DEBUG org.apache.http.headers -- http-outgoing-15 << Keep-Alive: timeout=5
23:07:46.715 [pool-2-thread-15] DEBUG org.apache.http.impl.execchain.MainClientExec -- Connection can be kept alive for 5000 MILLISECONDS
23:07:46.715 [pool-2-thread-15] DEBUG org.apache.http.impl.auth.HttpAuthenticator -- Authentication required
23:07:46.715 [pool-2-thread-15] DEBUG org.apache.http.impl.auth.HttpAuthenticator -- localhost:3000 requested authentication
23:07:46.715 [pool-2-thread-15] DEBUG org.apache.http.impl.auth.HttpAuthenticator -- Response contains no authentication challenges
23:07:46.715 [pool-2-thread-15] DEBUG org.apache.http.impl.conn.PoolingHttpClientConnectionManager -- Connection [id: 22][route: {}->http://localhost:3000] can be kept alive for 5.0 seconds
23:07:46.715 [pool-2-thread-15] DEBUG org.apache.http.impl.conn.DefaultManagedHttpClientConnection -- http-outgoing-15: set socket timeout to 0
23:07:46.715 [pool-2-thread-15] DEBUG org.apache.http.impl.conn.PoolingHttpClientConnectionManager -- Connection released: [id: 22][route: {}->http://localhost:3000][total available: 1; route allocated: 1 of 5; total allocated: 1 of 10]
23:07:46.715 [pool-2-thread-15] DEBUG org.apache.http.impl.conn.PoolingHttpClientConnectionManager -- Connection manager is shutting down
23:07:46.715 [pool-2-thread-15] DEBUG org.apache.http.impl.conn.DefaultManagedHttpClientConnection -- http-outgoing-15: Close connection
23:07:46.716 [pool-2-thread-15] DEBUG org.apache.http.impl.conn.PoolingHttpClientConnectionManager -- Connection manager shut down
23:07:46.716 [pool-2-thread-15] DEBUG com.intuit.karate -- response time in milliseconds: 644
1 < 401
1 < X-Powered-By: Express
1 < Access-Control-Allow-Origin: *
1 < Content-Type: application/json; charset=utf-8
1 < Content-Length: 149
1 < ETag: W/"95-wACrRfgKvnXcEF61IrMPyJzuyY8"
1 < Date: Sun, 22 Jun 2025 16:07:46 GMT
1 < Connection: keep-alive
1 < Keep-Alive: timeout=5
{"success":false,"statusCode":401,"message":"Thông tin ??ng nh?p không h?p l?","path":"/auth/login","timestamp":"2025-06-22T16:07:46.713Z"}

23:07:46.719 [pool-2-thread-15] ERROR com.intuit.karate -- classpath:features/performance/login-performance.feature:15
Then status 200
status code was: 401, expected: 200, response time in milliseconds: 644, url: http://localhost:3000/auth/login, response: 
{"success":false,"statusCode":401,"message":"Thông tin ??ng nh?p không h?p l?","path":"/auth/login","timestamp":"2025-06-22T16:07:46.713Z"}
classpath:features/performance/login-performance.feature:15
23:07:46.774 [pool-2-thread-11] DEBUG org.apache.http.wire -- http-outgoing-10 << "HTTP/1.1 401 Unauthorized[\r][\n]"
23:07:46.775 [pool-2-thread-11] DEBUG org.apache.http.wire -- http-outgoing-10 << "X-Powered-By: Express[\r][\n]"
23:07:46.775 [pool-2-thread-11] DEBUG org.apache.http.wire -- http-outgoing-10 << "Access-Control-Allow-Origin: *[\r][\n]"
23:07:46.775 [pool-2-thread-11] DEBUG org.apache.http.wire -- http-outgoing-10 << "Content-Type: application/json; charset=utf-8[\r][\n]"
23:07:46.775 [pool-2-thread-11] DEBUG org.apache.http.wire -- http-outgoing-10 << "Content-Length: 149[\r][\n]"
23:07:46.775 [pool-2-thread-11] DEBUG org.apache.http.wire -- http-outgoing-10 << "ETag: W/"95-a2z9Qo8WfNcMSb3bjh2x70/IzMw"[\r][\n]"
23:07:46.775 [pool-2-thread-11] DEBUG org.apache.http.wire -- http-outgoing-10 << "Date: Sun, 22 Jun 2025 16:07:46 GMT[\r][\n]"
23:07:46.775 [pool-2-thread-11] DEBUG org.apache.http.wire -- http-outgoing-10 << "Connection: keep-alive[\r][\n]"
23:07:46.775 [pool-2-thread-11] DEBUG org.apache.http.wire -- http-outgoing-10 << "Keep-Alive: timeout=5[\r][\n]"
23:07:46.775 [pool-2-thread-11] DEBUG org.apache.http.wire -- http-outgoing-10 << "[\r][\n]"
23:07:46.775 [pool-2-thread-11] DEBUG org.apache.http.wire -- http-outgoing-10 << "{"success":false,"statusCode":401,"message":"Th[0xc3][0xb4]ng tin [0xc4][0x91][0xc4][0x83]ng nh[0xe1][0xba][0xad]p kh[0xc3][0xb4]ng h[0xe1][0xbb][0xa3]p l[0xe1][0xbb][0x87]","path":"/auth/login","timestamp":"2025-06-22T16:07:46.773Z"}"
23:07:46.775 [pool-2-thread-11] DEBUG org.apache.http.headers -- http-outgoing-10 << HTTP/1.1 401 Unauthorized
23:07:46.775 [pool-2-thread-11] DEBUG org.apache.http.headers -- http-outgoing-10 << X-Powered-By: Express
23:07:46.775 [pool-2-thread-11] DEBUG org.apache.http.headers -- http-outgoing-10 << Access-Control-Allow-Origin: *
23:07:46.775 [pool-2-thread-11] DEBUG org.apache.http.headers -- http-outgoing-10 << Content-Type: application/json; charset=utf-8
23:07:46.775 [pool-2-thread-11] DEBUG org.apache.http.headers -- http-outgoing-10 << Content-Length: 149
23:07:46.775 [pool-2-thread-11] DEBUG org.apache.http.headers -- http-outgoing-10 << ETag: W/"95-a2z9Qo8WfNcMSb3bjh2x70/IzMw"
23:07:46.775 [pool-2-thread-11] DEBUG org.apache.http.headers -- http-outgoing-10 << Date: Sun, 22 Jun 2025 16:07:46 GMT
23:07:46.775 [pool-2-thread-11] DEBUG org.apache.http.headers -- http-outgoing-10 << Connection: keep-alive
23:07:46.775 [pool-2-thread-11] DEBUG org.apache.http.headers -- http-outgoing-10 << Keep-Alive: timeout=5
23:07:46.775 [pool-2-thread-11] DEBUG org.apache.http.impl.execchain.MainClientExec -- Connection can be kept alive for 5000 MILLISECONDS
23:07:46.775 [pool-2-thread-11] DEBUG org.apache.http.impl.auth.HttpAuthenticator -- Authentication required
23:07:46.775 [pool-2-thread-11] DEBUG org.apache.http.impl.auth.HttpAuthenticator -- localhost:3000 requested authentication
23:07:46.775 [pool-2-thread-11] DEBUG org.apache.http.impl.auth.HttpAuthenticator -- Response contains no authentication challenges
23:07:46.775 [pool-2-thread-11] DEBUG org.apache.http.impl.conn.PoolingHttpClientConnectionManager -- Connection [id: 0][route: {}->http://localhost:3000] can be kept alive for 5.0 seconds
23:07:46.775 [pool-2-thread-11] DEBUG org.apache.http.impl.conn.DefaultManagedHttpClientConnection -- http-outgoing-10: set socket timeout to 0
23:07:46.776 [pool-2-thread-11] DEBUG org.apache.http.impl.conn.PoolingHttpClientConnectionManager -- Connection released: [id: 0][route: {}->http://localhost:3000][total available: 1; route allocated: 1 of 5; total allocated: 1 of 10]
23:07:46.776 [pool-2-thread-11] DEBUG org.apache.http.impl.conn.PoolingHttpClientConnectionManager -- Connection manager is shutting down
23:07:46.776 [pool-2-thread-11] DEBUG org.apache.http.impl.conn.DefaultManagedHttpClientConnection -- http-outgoing-10: Close connection
23:07:46.776 [pool-2-thread-11] DEBUG org.apache.http.impl.conn.PoolingHttpClientConnectionManager -- Connection manager shut down
23:07:46.776 [pool-2-thread-11] DEBUG com.intuit.karate -- response time in milliseconds: 705
1 < 401
1 < X-Powered-By: Express
1 < Access-Control-Allow-Origin: *
1 < Content-Type: application/json; charset=utf-8
1 < Content-Length: 149
1 < ETag: W/"95-a2z9Qo8WfNcMSb3bjh2x70/IzMw"
1 < Date: Sun, 22 Jun 2025 16:07:46 GMT
1 < Connection: keep-alive
1 < Keep-Alive: timeout=5
{"success":false,"statusCode":401,"message":"Thông tin ??ng nh?p không h?p l?","path":"/auth/login","timestamp":"2025-06-22T16:07:46.773Z"}

23:07:46.780 [pool-2-thread-11] ERROR com.intuit.karate -- classpath:features/performance/login-performance.feature:15
Then status 200
status code was: 401, expected: 200, response time in milliseconds: 705, url: http://localhost:3000/auth/login, response: 
{"success":false,"statusCode":401,"message":"Thông tin ??ng nh?p không h?p l?","path":"/auth/login","timestamp":"2025-06-22T16:07:46.773Z"}
classpath:features/performance/login-performance.feature:15
23:07:47.168 [pool-2-thread-7] DEBUG org.apache.http.wire -- http-outgoing-17 << "HTTP/1.1 200 OK[\r][\n]"
23:07:47.168 [pool-2-thread-7] DEBUG org.apache.http.wire -- http-outgoing-17 << "X-Powered-By: Express[\r][\n]"
23:07:47.168 [pool-2-thread-7] DEBUG org.apache.http.wire -- http-outgoing-17 << "Access-Control-Allow-Origin: *[\r][\n]"
23:07:47.168 [pool-2-thread-7] DEBUG org.apache.http.wire -- http-outgoing-17 << "Content-Type: application/json; charset=utf-8[\r][\n]"
23:07:47.168 [pool-2-thread-7] DEBUG org.apache.http.wire -- http-outgoing-17 << "Content-Length: 605[\r][\n]"
23:07:47.168 [pool-2-thread-7] DEBUG org.apache.http.wire -- http-outgoing-17 << "ETag: W/"25d-y3NDM4XofYf+fae09e3QYNtRH0M"[\r][\n]"
23:07:47.168 [pool-2-thread-7] DEBUG org.apache.http.wire -- http-outgoing-17 << "Date: Sun, 22 Jun 2025 16:07:47 GMT[\r][\n]"
23:07:47.168 [pool-2-thread-7] DEBUG org.apache.http.wire -- http-outgoing-17 << "Connection: keep-alive[\r][\n]"
23:07:47.168 [pool-2-thread-7] DEBUG org.apache.http.wire -- http-outgoing-17 << "Keep-Alive: timeout=5[\r][\n]"
23:07:47.168 [pool-2-thread-7] DEBUG org.apache.http.wire -- http-outgoing-17 << "[\r][\n]"
23:07:47.168 [pool-2-thread-7] DEBUG org.apache.http.wire -- http-outgoing-17 << "{"access_token":"eyJhbGciOiJIUzI1NiIsInR5cCI6IkpXVCJ9.eyJzdWIiOiI2NTBjZTFlZC1hYWNhLTQzOGYtOTk4OC0xZjA1OGFiNWFhMWEiLCJ1c2VybmFtZSI6ImpvaG5kb2UyNSIsInJvbGUiOjAsImlhdCI6MTc1MDYwODQ2NiwiZXhwIjoxNzUwNjEyMDY2fQ.qLb87EzUIvf5es8g-JktaZ_SJbgidFeYjhrTN2-xmT8","refresh_token":"850442feea4d8b66e4378c8a05f37f714d3e989b35c22c52443db84c22897672","user":{"id":"650ce1ed-aaca-438f-9988-1f058ab5aa1a","email":"testit3@gmail.com","username":"johndoe25","name":"John Doe","phoneNumber":"0123456713","profilePic":null,"bio":null,"private":false,"verified":false,"role":0,"followersCount":0,"followingCount":0,"postCount":0}}"
23:07:47.168 [pool-2-thread-7] DEBUG org.apache.http.headers -- http-outgoing-17 << HTTP/1.1 200 OK
23:07:47.168 [pool-2-thread-7] DEBUG org.apache.http.headers -- http-outgoing-17 << X-Powered-By: Express
23:07:47.168 [pool-2-thread-7] DEBUG org.apache.http.headers -- http-outgoing-17 << Access-Control-Allow-Origin: *
23:07:47.168 [pool-2-thread-7] DEBUG org.apache.http.headers -- http-outgoing-17 << Content-Type: application/json; charset=utf-8
23:07:47.168 [pool-2-thread-7] DEBUG org.apache.http.headers -- http-outgoing-17 << Content-Length: 605
23:07:47.168 [pool-2-thread-7] DEBUG org.apache.http.headers -- http-outgoing-17 << ETag: W/"25d-y3NDM4XofYf+fae09e3QYNtRH0M"
23:07:47.168 [pool-2-thread-7] DEBUG org.apache.http.headers -- http-outgoing-17 << Date: Sun, 22 Jun 2025 16:07:47 GMT
23:07:47.168 [pool-2-thread-7] DEBUG org.apache.http.headers -- http-outgoing-17 << Connection: keep-alive
23:07:47.168 [pool-2-thread-7] DEBUG org.apache.http.headers -- http-outgoing-17 << Keep-Alive: timeout=5
23:07:47.168 [pool-2-thread-7] DEBUG org.apache.http.impl.execchain.MainClientExec -- Connection can be kept alive for 5000 MILLISECONDS
23:07:47.169 [pool-2-thread-7] DEBUG org.apache.http.impl.conn.PoolingHttpClientConnectionManager -- Connection [id: 17][route: {}->http://localhost:3000] can be kept alive for 5.0 seconds
23:07:47.169 [pool-2-thread-7] DEBUG org.apache.http.impl.conn.DefaultManagedHttpClientConnection -- http-outgoing-17: set socket timeout to 0
23:07:47.169 [pool-2-thread-7] DEBUG org.apache.http.impl.conn.PoolingHttpClientConnectionManager -- Connection released: [id: 17][route: {}->http://localhost:3000][total available: 1; route allocated: 1 of 5; total allocated: 1 of 10]
23:07:47.169 [pool-2-thread-7] DEBUG org.apache.http.impl.conn.PoolingHttpClientConnectionManager -- Connection manager is shutting down
23:07:47.169 [pool-2-thread-7] DEBUG org.apache.http.impl.conn.DefaultManagedHttpClientConnection -- http-outgoing-17: Close connection
23:07:47.169 [pool-2-thread-7] DEBUG org.apache.http.impl.conn.PoolingHttpClientConnectionManager -- Connection manager shut down
23:07:47.169 [pool-2-thread-7] DEBUG com.intuit.karate -- response time in milliseconds: 1099
1 < 200
1 < X-Powered-By: Express
1 < Access-Control-Allow-Origin: *
1 < Content-Type: application/json; charset=utf-8
1 < Content-Length: 605
1 < ETag: W/"25d-y3NDM4XofYf+fae09e3QYNtRH0M"
1 < Date: Sun, 22 Jun 2025 16:07:47 GMT
1 < Connection: keep-alive
1 < Keep-Alive: timeout=5
{"access_token":"eyJhbGciOiJIUzI1NiIsInR5cCI6IkpXVCJ9.eyJzdWIiOiI2NTBjZTFlZC1hYWNhLTQzOGYtOTk4OC0xZjA1OGFiNWFhMWEiLCJ1c2VybmFtZSI6ImpvaG5kb2UyNSIsInJvbGUiOjAsImlhdCI6MTc1MDYwODQ2NiwiZXhwIjoxNzUwNjEyMDY2fQ.qLb87EzUIvf5es8g-JktaZ_SJbgidFeYjhrTN2-xmT8","refresh_token":"850442feea4d8b66e4378c8a05f37f714d3e989b35c22c52443db84c22897672","user":{"id":"650ce1ed-aaca-438f-9988-1f058ab5aa1a","email":"testit3@gmail.com","username":"johndoe25","name":"John Doe","phoneNumber":"0123456713","profilePic":null,"bio":null,"private":false,"verified":false,"role":0,"followersCount":0,"followingCount":0,"postCount":0}}

23:07:47.171 [pool-2-thread-7] INFO com.intuit.karate -- [print] Call 1 completed, status: 200 
23:07:47.172 [pool-2-thread-7] INFO com.intuit.karate -- [print] *** API CALL 2 *** 
23:07:47.174 [pool-2-thread-7] DEBUG org.apache.http.client.protocol.RequestAddCookies -- CookieSpec selected: karate
23:07:47.174 [pool-2-thread-7] DEBUG org.apache.http.client.protocol.RequestAuthCache -- Auth cache not set in the context
23:07:47.174 [pool-2-thread-7] DEBUG com.intuit.karate -- request:
2 > POST http://localhost:3000/auth/login
2 > Content-Type: application/json; charset=UTF-8
2 > Content-Length: 54
2 > Host: localhost:3000
2 > Connection: Keep-Alive
2 > User-Agent: Apache-HttpClient/4.5.14 (Java/17.0.9)
2 > Accept-Encoding: gzip,deflate
{"email":"testit3@gmail.com","password":"Password123"}

23:07:47.174 [pool-2-thread-7] DEBUG org.apache.http.impl.conn.PoolingHttpClientConnectionManager -- Connection request: [route: {}->http://localhost:3000][total available: 0; route allocated: 0 of 5; total allocated: 0 of 10]
23:07:47.174 [pool-2-thread-7] DEBUG org.apache.http.impl.conn.PoolingHttpClientConnectionManager -- Connection leased: [id: 36][route: {}->http://localhost:3000][total available: 0; route allocated: 1 of 5; total allocated: 1 of 10]
23:07:47.174 [pool-2-thread-7] DEBUG org.apache.http.impl.execchain.MainClientExec -- Opening connection {}->http://localhost:3000
23:07:47.174 [pool-2-thread-7] DEBUG org.apache.http.impl.conn.DefaultHttpClientConnectionOperator -- Connecting to localhost/127.0.0.1:3000
23:07:47.176 [pool-2-thread-7] DEBUG org.apache.http.impl.conn.DefaultHttpClientConnectionOperator -- Connection established 127.0.0.1:52691<->127.0.0.1:3000
23:07:47.176 [pool-2-thread-7] DEBUG org.apache.http.impl.conn.DefaultManagedHttpClientConnection -- http-outgoing-36: set socket timeout to 30000
23:07:47.176 [pool-2-thread-7] DEBUG org.apache.http.impl.execchain.MainClientExec -- Executing request POST /auth/login HTTP/1.1
23:07:47.176 [pool-2-thread-7] DEBUG org.apache.http.impl.execchain.MainClientExec -- Target auth state: UNCHALLENGED
23:07:47.176 [pool-2-thread-7] DEBUG org.apache.http.impl.execchain.MainClientExec -- Proxy auth state: UNCHALLENGED
23:07:47.176 [pool-2-thread-7] DEBUG org.apache.http.headers -- http-outgoing-36 >> POST /auth/login HTTP/1.1
23:07:47.176 [pool-2-thread-7] DEBUG org.apache.http.headers -- http-outgoing-36 >> Content-Type: application/json; charset=UTF-8
23:07:47.176 [pool-2-thread-7] DEBUG org.apache.http.headers -- http-outgoing-36 >> Content-Length: 54
23:07:47.176 [pool-2-thread-7] DEBUG org.apache.http.headers -- http-outgoing-36 >> Host: localhost:3000
23:07:47.176 [pool-2-thread-7] DEBUG org.apache.http.headers -- http-outgoing-36 >> Connection: Keep-Alive
23:07:47.176 [pool-2-thread-7] DEBUG org.apache.http.headers -- http-outgoing-36 >> User-Agent: Apache-HttpClient/4.5.14 (Java/17.0.9)
23:07:47.176 [pool-2-thread-7] DEBUG org.apache.http.headers -- http-outgoing-36 >> Accept-Encoding: gzip,deflate
23:07:47.176 [pool-2-thread-7] DEBUG org.apache.http.wire -- http-outgoing-36 >> "POST /auth/login HTTP/1.1[\r][\n]"
23:07:47.176 [pool-2-thread-7] DEBUG org.apache.http.wire -- http-outgoing-36 >> "Content-Type: application/json; charset=UTF-8[\r][\n]"
23:07:47.176 [pool-2-thread-7] DEBUG org.apache.http.wire -- http-outgoing-36 >> "Content-Length: 54[\r][\n]"
23:07:47.176 [pool-2-thread-7] DEBUG org.apache.http.wire -- http-outgoing-36 >> "Host: localhost:3000[\r][\n]"
23:07:47.176 [pool-2-thread-7] DEBUG org.apache.http.wire -- http-outgoing-36 >> "Connection: Keep-Alive[\r][\n]"
23:07:47.176 [pool-2-thread-7] DEBUG org.apache.http.wire -- http-outgoing-36 >> "User-Agent: Apache-HttpClient/4.5.14 (Java/17.0.9)[\r][\n]"
23:07:47.176 [pool-2-thread-7] DEBUG org.apache.http.wire -- http-outgoing-36 >> "Accept-Encoding: gzip,deflate[\r][\n]"
23:07:47.176 [pool-2-thread-7] DEBUG org.apache.http.wire -- http-outgoing-36 >> "[\r][\n]"
23:07:47.176 [pool-2-thread-7] DEBUG org.apache.http.wire -- http-outgoing-36 >> "{"email":"testit3@gmail.com","password":"Password123"}"
23:07:47.210 [pool-2-thread-22] DEBUG org.apache.http.wire -- http-outgoing-29 << "HTTP/1.1 200 OK[\r][\n]"
23:07:47.211 [pool-2-thread-22] DEBUG org.apache.http.wire -- http-outgoing-29 << "X-Powered-By: Express[\r][\n]"
23:07:47.211 [pool-2-thread-22] DEBUG org.apache.http.wire -- http-outgoing-29 << "Access-Control-Allow-Origin: *[\r][\n]"
23:07:47.211 [pool-2-thread-22] DEBUG org.apache.http.wire -- http-outgoing-29 << "Content-Type: application/json; charset=utf-8[\r][\n]"
23:07:47.211 [pool-2-thread-22] DEBUG org.apache.http.wire -- http-outgoing-29 << "Content-Length: 715[\r][\n]"
23:07:47.211 [pool-2-thread-22] DEBUG org.apache.http.wire -- http-outgoing-29 << "ETag: W/"2cb-/TZ5FEjrQQX3PQ2/UwqAJ4RJULI"[\r][\n]"
23:07:47.211 [pool-2-thread-22] DEBUG org.apache.http.wire -- http-outgoing-29 << "Date: Sun, 22 Jun 2025 16:07:47 GMT[\r][\n]"
23:07:47.211 [pool-2-thread-22] DEBUG org.apache.http.wire -- http-outgoing-29 << "Connection: keep-alive[\r][\n]"
23:07:47.211 [pool-2-thread-22] DEBUG org.apache.http.wire -- http-outgoing-29 << "Keep-Alive: timeout=5[\r][\n]"
23:07:47.211 [pool-2-thread-22] DEBUG org.apache.http.wire -- http-outgoing-29 << "[\r][\n]"
23:07:47.211 [pool-2-thread-22] DEBUG org.apache.http.wire -- http-outgoing-29 << "{"access_token":"eyJhbGciOiJIUzI1NiIsInR5cCI6IkpXVCJ9.eyJzdWIiOiIyYjg0YWEyNC02NjhhLTQwZTItYWYxYy1hZDRmYzRmYTVhNmYiLCJ1c2VybmFtZSI6InF1YW5nMSIsInJvbGUiOjAsImlhdCI6MTc1MDYwODQ2NiwiZXhwIjoxNzUwNjEyMDY2fQ._MgkpoFJv9QAyIMYemzCQ2dkTJ5lYfveLpdKcDKCko0","refresh_token":"f5b7ad3fc19cb9b83dbf80391e657b08137617af45f6c3a08781033b3962a38d","user":{"id":"2b84aa24-668a-40e2-af1c-ad4fc4fa5a6f","email":"quang1@gmail.com","username":"quang1","name":"quang1","phoneNumber":"09874563210","profilePic":"https://res.cloudinary.com/dizcvrefo/image/upload/v1749027586/nestjs_uploads/xehairydt9rzlbmbmv4c.jpg","bio":"Thang Nam Lao Vua Thoi","private":false,"verified":false,"role":0,"followersCount":2,"followingCount":3,"postCount":2}}"
23:07:47.211 [pool-2-thread-22] DEBUG org.apache.http.headers -- http-outgoing-29 << HTTP/1.1 200 OK
23:07:47.211 [pool-2-thread-22] DEBUG org.apache.http.headers -- http-outgoing-29 << X-Powered-By: Express
23:07:47.211 [pool-2-thread-22] DEBUG org.apache.http.headers -- http-outgoing-29 << Access-Control-Allow-Origin: *
23:07:47.211 [pool-2-thread-22] DEBUG org.apache.http.headers -- http-outgoing-29 << Content-Type: application/json; charset=utf-8
23:07:47.211 [pool-2-thread-22] DEBUG org.apache.http.headers -- http-outgoing-29 << Content-Length: 715
23:07:47.211 [pool-2-thread-22] DEBUG org.apache.http.headers -- http-outgoing-29 << ETag: W/"2cb-/TZ5FEjrQQX3PQ2/UwqAJ4RJULI"
23:07:47.211 [pool-2-thread-22] DEBUG org.apache.http.headers -- http-outgoing-29 << Date: Sun, 22 Jun 2025 16:07:47 GMT
23:07:47.211 [pool-2-thread-22] DEBUG org.apache.http.headers -- http-outgoing-29 << Connection: keep-alive
23:07:47.211 [pool-2-thread-22] DEBUG org.apache.http.headers -- http-outgoing-29 << Keep-Alive: timeout=5
23:07:47.211 [pool-2-thread-22] DEBUG org.apache.http.impl.execchain.MainClientExec -- Connection can be kept alive for 5000 MILLISECONDS
23:07:47.212 [pool-2-thread-22] DEBUG org.apache.http.impl.conn.PoolingHttpClientConnectionManager -- Connection [id: 8][route: {}->http://localhost:3000] can be kept alive for 5.0 seconds
23:07:47.212 [pool-2-thread-22] DEBUG org.apache.http.impl.conn.DefaultManagedHttpClientConnection -- http-outgoing-29: set socket timeout to 0
23:07:47.212 [pool-2-thread-22] DEBUG org.apache.http.impl.conn.PoolingHttpClientConnectionManager -- Connection released: [id: 8][route: {}->http://localhost:3000][total available: 1; route allocated: 1 of 5; total allocated: 1 of 10]
23:07:47.212 [pool-2-thread-22] DEBUG org.apache.http.impl.conn.PoolingHttpClientConnectionManager -- Connection manager is shutting down
23:07:47.212 [pool-2-thread-22] DEBUG org.apache.http.impl.conn.DefaultManagedHttpClientConnection -- http-outgoing-29: Close connection
23:07:47.212 [pool-2-thread-22] DEBUG org.apache.http.impl.conn.PoolingHttpClientConnectionManager -- Connection manager shut down
23:07:47.212 [pool-2-thread-22] DEBUG com.intuit.karate -- response time in milliseconds: 1142
1 < 200
1 < X-Powered-By: Express
1 < Access-Control-Allow-Origin: *
1 < Content-Type: application/json; charset=utf-8
1 < Content-Length: 715
1 < ETag: W/"2cb-/TZ5FEjrQQX3PQ2/UwqAJ4RJULI"
1 < Date: Sun, 22 Jun 2025 16:07:47 GMT
1 < Connection: keep-alive
1 < Keep-Alive: timeout=5
{"access_token":"eyJhbGciOiJIUzI1NiIsInR5cCI6IkpXVCJ9.eyJzdWIiOiIyYjg0YWEyNC02NjhhLTQwZTItYWYxYy1hZDRmYzRmYTVhNmYiLCJ1c2VybmFtZSI6InF1YW5nMSIsInJvbGUiOjAsImlhdCI6MTc1MDYwODQ2NiwiZXhwIjoxNzUwNjEyMDY2fQ._MgkpoFJv9QAyIMYemzCQ2dkTJ5lYfveLpdKcDKCko0","refresh_token":"f5b7ad3fc19cb9b83dbf80391e657b08137617af45f6c3a08781033b3962a38d","user":{"id":"2b84aa24-668a-40e2-af1c-ad4fc4fa5a6f","email":"quang1@gmail.com","username":"quang1","name":"quang1","phoneNumber":"09874563210","profilePic":"https://res.cloudinary.com/dizcvrefo/image/upload/v1749027586/nestjs_uploads/xehairydt9rzlbmbmv4c.jpg","bio":"Thang Nam Lao Vua Thoi","private":false,"verified":false,"role":0,"followersCount":2,"followingCount":3,"postCount":2}}

23:07:47.216 [pool-2-thread-21] DEBUG org.apache.http.wire -- http-outgoing-1 << "HTTP/1.1 200 OK[\r][\n]"
23:07:47.216 [pool-2-thread-21] DEBUG org.apache.http.wire -- http-outgoing-1 << "X-Powered-By: Express[\r][\n]"
23:07:47.216 [pool-2-thread-21] DEBUG org.apache.http.wire -- http-outgoing-1 << "Access-Control-Allow-Origin: *[\r][\n]"
23:07:47.216 [pool-2-thread-21] DEBUG org.apache.http.wire -- http-outgoing-1 << "Content-Type: application/json; charset=utf-8[\r][\n]"
23:07:47.216 [pool-2-thread-21] DEBUG org.apache.http.wire -- http-outgoing-1 << "Content-Length: 708[\r][\n]"
23:07:47.216 [pool-2-thread-21] DEBUG org.apache.http.wire -- http-outgoing-1 << "ETag: W/"2c4-bbGbKkwst/hqYcbYhhD2lQdnZ5Y"[\r][\n]"
23:07:47.216 [pool-2-thread-21] DEBUG org.apache.http.wire -- http-outgoing-1 << "Date: Sun, 22 Jun 2025 16:07:47 GMT[\r][\n]"
23:07:47.216 [pool-2-thread-21] DEBUG org.apache.http.wire -- http-outgoing-1 << "Connection: keep-alive[\r][\n]"
23:07:47.216 [pool-2-thread-21] DEBUG org.apache.http.wire -- http-outgoing-1 << "Keep-Alive: timeout=5[\r][\n]"
23:07:47.216 [pool-2-thread-21] DEBUG org.apache.http.wire -- http-outgoing-1 << "[\r][\n]"
23:07:47.216 [pool-2-thread-22] INFO com.intuit.karate -- [print] Call 1 completed, status: 200 
23:07:47.216 [pool-2-thread-21] DEBUG org.apache.http.wire -- http-outgoing-1 << "{"access_token":"eyJhbGciOiJIUzI1NiIsInR5cCI6IkpXVCJ9.eyJzdWIiOiIwODUxNWIwNS0yZDNlLTQ3ODktYWQ2MC1kYjM1NTI1YTQ5NzAiLCJ1c2VybmFtZSI6Im5hbSIsInJvbGUiOjAsImlhdCI6MTc1MDYwODQ2NiwiZXhwIjoxNzUwNjEyMDY2fQ._Hf8kGlmXH7SQCiyPzSro08JJjugCbWOY36bc56k_P4","refresh_token":"229cba32492e72c36c2caa16994efe5d485c828e413dc421125e80f0ed788926","user":{"id":"08515b05-2d3e-4789-ad60-db35525a4970","email":"nam@gmail.com","username":"nam","name":"nam","phoneNumber":"0123456789","profilePic":"https://res.cloudinary.com/dizcvrefo/image/upload/v1749266646/nestjs_uploads/zk9zrpeidnovxibfqdxr.png","bio":"Chu tich hoi dong Quan tri 1","private":false,"verified":false,"role":0,"followersCount":2,"followingCount":2,"postCount":13}}"
23:07:47.216 [pool-2-thread-21] DEBUG org.apache.http.headers -- http-outgoing-1 << HTTP/1.1 200 OK
23:07:47.216 [pool-2-thread-21] DEBUG org.apache.http.headers -- http-outgoing-1 << X-Powered-By: Express
23:07:47.216 [pool-2-thread-21] DEBUG org.apache.http.headers -- http-outgoing-1 << Access-Control-Allow-Origin: *
23:07:47.216 [pool-2-thread-21] DEBUG org.apache.http.headers -- http-outgoing-1 << Content-Type: application/json; charset=utf-8
23:07:47.216 [pool-2-thread-21] DEBUG org.apache.http.headers -- http-outgoing-1 << Content-Length: 708
23:07:47.216 [pool-2-thread-21] DEBUG org.apache.http.headers -- http-outgoing-1 << ETag: W/"2c4-bbGbKkwst/hqYcbYhhD2lQdnZ5Y"
23:07:47.216 [pool-2-thread-21] DEBUG org.apache.http.headers -- http-outgoing-1 << Date: Sun, 22 Jun 2025 16:07:47 GMT
23:07:47.216 [pool-2-thread-21] DEBUG org.apache.http.headers -- http-outgoing-1 << Connection: keep-alive
23:07:47.216 [pool-2-thread-21] DEBUG org.apache.http.headers -- http-outgoing-1 << Keep-Alive: timeout=5
23:07:47.216 [pool-2-thread-21] DEBUG org.apache.http.impl.execchain.MainClientExec -- Connection can be kept alive for 5000 MILLISECONDS
23:07:47.216 [pool-2-thread-21] DEBUG org.apache.http.impl.conn.PoolingHttpClientConnectionManager -- Connection [id: 7][route: {}->http://localhost:3000] can be kept alive for 5.0 seconds
23:07:47.216 [pool-2-thread-21] DEBUG org.apache.http.impl.conn.DefaultManagedHttpClientConnection -- http-outgoing-1: set socket timeout to 0
23:07:47.217 [pool-2-thread-21] DEBUG org.apache.http.impl.conn.PoolingHttpClientConnectionManager -- Connection released: [id: 7][route: {}->http://localhost:3000][total available: 1; route allocated: 1 of 5; total allocated: 1 of 10]
23:07:47.217 [pool-2-thread-21] DEBUG org.apache.http.impl.conn.PoolingHttpClientConnectionManager -- Connection manager is shutting down
23:07:47.217 [pool-2-thread-21] DEBUG org.apache.http.impl.conn.DefaultManagedHttpClientConnection -- http-outgoing-1: Close connection
23:07:47.217 [pool-2-thread-21] DEBUG org.apache.http.impl.conn.PoolingHttpClientConnectionManager -- Connection manager shut down
23:07:47.217 [pool-2-thread-21] DEBUG com.intuit.karate -- response time in milliseconds: 1147
1 < 200
1 < X-Powered-By: Express
1 < Access-Control-Allow-Origin: *
1 < Content-Type: application/json; charset=utf-8
1 < Content-Length: 708
1 < ETag: W/"2c4-bbGbKkwst/hqYcbYhhD2lQdnZ5Y"
1 < Date: Sun, 22 Jun 2025 16:07:47 GMT
1 < Connection: keep-alive
1 < Keep-Alive: timeout=5
{"access_token":"eyJhbGciOiJIUzI1NiIsInR5cCI6IkpXVCJ9.eyJzdWIiOiIwODUxNWIwNS0yZDNlLTQ3ODktYWQ2MC1kYjM1NTI1YTQ5NzAiLCJ1c2VybmFtZSI6Im5hbSIsInJvbGUiOjAsImlhdCI6MTc1MDYwODQ2NiwiZXhwIjoxNzUwNjEyMDY2fQ._Hf8kGlmXH7SQCiyPzSro08JJjugCbWOY36bc56k_P4","refresh_token":"229cba32492e72c36c2caa16994efe5d485c828e413dc421125e80f0ed788926","user":{"id":"08515b05-2d3e-4789-ad60-db35525a4970","email":"nam@gmail.com","username":"nam","name":"nam","phoneNumber":"0123456789","profilePic":"https://res.cloudinary.com/dizcvrefo/image/upload/v1749266646/nestjs_uploads/zk9zrpeidnovxibfqdxr.png","bio":"Chu tich hoi dong Quan tri 1","private":false,"verified":false,"role":0,"followersCount":2,"followingCount":2,"postCount":13}}

23:07:47.218 [pool-2-thread-22] INFO com.intuit.karate -- [print] *** API CALL 2 *** 
23:07:47.219 [pool-2-thread-21] INFO com.intuit.karate -- [print] Call 1 completed, status: 200 
23:07:47.220 [pool-2-thread-22] DEBUG org.apache.http.client.protocol.RequestAddCookies -- CookieSpec selected: karate
23:07:47.220 [pool-2-thread-22] DEBUG org.apache.http.client.protocol.RequestAuthCache -- Auth cache not set in the context
23:07:47.220 [pool-2-thread-22] DEBUG com.intuit.karate -- request:
2 > POST http://localhost:3000/auth/login
2 > Content-Type: application/json; charset=UTF-8
2 > Content-Length: 48
2 > Host: localhost:3000
2 > Connection: Keep-Alive
2 > User-Agent: Apache-HttpClient/4.5.14 (Java/17.0.9)
2 > Accept-Encoding: gzip,deflate
{"email":"quang1@gmail.com","password":"quang1"}

23:07:47.220 [pool-2-thread-22] DEBUG org.apache.http.impl.conn.PoolingHttpClientConnectionManager -- Connection request: [route: {}->http://localhost:3000][total available: 0; route allocated: 0 of 5; total allocated: 0 of 10]
23:07:47.221 [pool-2-thread-22] DEBUG org.apache.http.impl.conn.PoolingHttpClientConnectionManager -- Connection leased: [id: 37][route: {}->http://localhost:3000][total available: 0; route allocated: 1 of 5; total allocated: 1 of 10]
23:07:47.221 [pool-2-thread-22] DEBUG org.apache.http.impl.execchain.MainClientExec -- Opening connection {}->http://localhost:3000
23:07:47.221 [pool-2-thread-22] DEBUG org.apache.http.impl.conn.DefaultHttpClientConnectionOperator -- Connecting to localhost/127.0.0.1:3000
23:07:47.221 [pool-2-thread-21] INFO com.intuit.karate -- [print] *** API CALL 2 *** 
23:07:47.222 [pool-2-thread-22] DEBUG org.apache.http.impl.conn.DefaultHttpClientConnectionOperator -- Connection established 127.0.0.1:52692<->127.0.0.1:3000
23:07:47.222 [pool-2-thread-22] DEBUG org.apache.http.impl.conn.DefaultManagedHttpClientConnection -- http-outgoing-37: set socket timeout to 30000
23:07:47.222 [pool-2-thread-22] DEBUG org.apache.http.impl.execchain.MainClientExec -- Executing request POST /auth/login HTTP/1.1
23:07:47.222 [pool-2-thread-22] DEBUG org.apache.http.impl.execchain.MainClientExec -- Target auth state: UNCHALLENGED
23:07:47.222 [pool-2-thread-22] DEBUG org.apache.http.impl.execchain.MainClientExec -- Proxy auth state: UNCHALLENGED
23:07:47.222 [pool-2-thread-22] DEBUG org.apache.http.headers -- http-outgoing-37 >> POST /auth/login HTTP/1.1
23:07:47.222 [pool-2-thread-22] DEBUG org.apache.http.headers -- http-outgoing-37 >> Content-Type: application/json; charset=UTF-8
23:07:47.222 [pool-2-thread-22] DEBUG org.apache.http.headers -- http-outgoing-37 >> Content-Length: 48
23:07:47.222 [pool-2-thread-22] DEBUG org.apache.http.headers -- http-outgoing-37 >> Host: localhost:3000
23:07:47.222 [pool-2-thread-22] DEBUG org.apache.http.headers -- http-outgoing-37 >> Connection: Keep-Alive
23:07:47.222 [pool-2-thread-22] DEBUG org.apache.http.headers -- http-outgoing-37 >> User-Agent: Apache-HttpClient/4.5.14 (Java/17.0.9)
23:07:47.222 [pool-2-thread-22] DEBUG org.apache.http.headers -- http-outgoing-37 >> Accept-Encoding: gzip,deflate
23:07:47.222 [pool-2-thread-22] DEBUG org.apache.http.wire -- http-outgoing-37 >> "POST /auth/login HTTP/1.1[\r][\n]"
23:07:47.222 [pool-2-thread-22] DEBUG org.apache.http.wire -- http-outgoing-37 >> "Content-Type: application/json; charset=UTF-8[\r][\n]"
23:07:47.222 [pool-2-thread-22] DEBUG org.apache.http.wire -- http-outgoing-37 >> "Content-Length: 48[\r][\n]"
23:07:47.222 [pool-2-thread-22] DEBUG org.apache.http.wire -- http-outgoing-37 >> "Host: localhost:3000[\r][\n]"
23:07:47.222 [pool-2-thread-22] DEBUG org.apache.http.wire -- http-outgoing-37 >> "Connection: Keep-Alive[\r][\n]"
23:07:47.222 [pool-2-thread-22] DEBUG org.apache.http.wire -- http-outgoing-37 >> "User-Agent: Apache-HttpClient/4.5.14 (Java/17.0.9)[\r][\n]"
23:07:47.222 [pool-2-thread-22] DEBUG org.apache.http.wire -- http-outgoing-37 >> "Accept-Encoding: gzip,deflate[\r][\n]"
23:07:47.222 [pool-2-thread-22] DEBUG org.apache.http.wire -- http-outgoing-37 >> "[\r][\n]"
23:07:47.222 [pool-2-thread-22] DEBUG org.apache.http.wire -- http-outgoing-37 >> "{"email":"quang1@gmail.com","password":"quang1"}"
23:07:47.223 [pool-2-thread-21] DEBUG org.apache.http.client.protocol.RequestAddCookies -- CookieSpec selected: karate
23:07:47.223 [pool-2-thread-21] DEBUG org.apache.http.client.protocol.RequestAuthCache -- Auth cache not set in the context
23:07:47.224 [pool-2-thread-21] DEBUG com.intuit.karate -- request:
2 > POST http://localhost:3000/auth/login
2 > Content-Type: application/json; charset=UTF-8
2 > Content-Length: 45
2 > Host: localhost:3000
2 > Connection: Keep-Alive
2 > User-Agent: Apache-HttpClient/4.5.14 (Java/17.0.9)
2 > Accept-Encoding: gzip,deflate
{"email":"nam@gmail.com","password":"123456"}

23:07:47.224 [pool-2-thread-21] DEBUG org.apache.http.impl.conn.PoolingHttpClientConnectionManager -- Connection request: [route: {}->http://localhost:3000][total available: 0; route allocated: 0 of 5; total allocated: 0 of 10]
23:07:47.224 [pool-2-thread-21] DEBUG org.apache.http.impl.conn.PoolingHttpClientConnectionManager -- Connection leased: [id: 38][route: {}->http://localhost:3000][total available: 0; route allocated: 1 of 5; total allocated: 1 of 10]
23:07:47.224 [pool-2-thread-21] DEBUG org.apache.http.impl.execchain.MainClientExec -- Opening connection {}->http://localhost:3000
23:07:47.224 [pool-2-thread-21] DEBUG org.apache.http.impl.conn.DefaultHttpClientConnectionOperator -- Connecting to localhost/127.0.0.1:3000
23:07:47.225 [pool-2-thread-21] DEBUG org.apache.http.impl.conn.DefaultHttpClientConnectionOperator -- Connection established 127.0.0.1:52693<->127.0.0.1:3000
23:07:47.225 [pool-2-thread-21] DEBUG org.apache.http.impl.conn.DefaultManagedHttpClientConnection -- http-outgoing-38: set socket timeout to 30000
23:07:47.225 [pool-2-thread-21] DEBUG org.apache.http.impl.execchain.MainClientExec -- Executing request POST /auth/login HTTP/1.1
23:07:47.225 [pool-2-thread-21] DEBUG org.apache.http.impl.execchain.MainClientExec -- Target auth state: UNCHALLENGED
23:07:47.225 [pool-2-thread-21] DEBUG org.apache.http.impl.execchain.MainClientExec -- Proxy auth state: UNCHALLENGED
23:07:47.225 [pool-2-thread-21] DEBUG org.apache.http.headers -- http-outgoing-38 >> POST /auth/login HTTP/1.1
23:07:47.225 [pool-2-thread-21] DEBUG org.apache.http.headers -- http-outgoing-38 >> Content-Type: application/json; charset=UTF-8
23:07:47.225 [pool-2-thread-21] DEBUG org.apache.http.headers -- http-outgoing-38 >> Content-Length: 45
23:07:47.225 [pool-2-thread-21] DEBUG org.apache.http.headers -- http-outgoing-38 >> Host: localhost:3000
23:07:47.225 [pool-2-thread-21] DEBUG org.apache.http.headers -- http-outgoing-38 >> Connection: Keep-Alive
23:07:47.225 [pool-2-thread-21] DEBUG org.apache.http.headers -- http-outgoing-38 >> User-Agent: Apache-HttpClient/4.5.14 (Java/17.0.9)
23:07:47.225 [pool-2-thread-21] DEBUG org.apache.http.headers -- http-outgoing-38 >> Accept-Encoding: gzip,deflate
23:07:47.225 [pool-2-thread-21] DEBUG org.apache.http.wire -- http-outgoing-38 >> "POST /auth/login HTTP/1.1[\r][\n]"
23:07:47.225 [pool-2-thread-21] DEBUG org.apache.http.wire -- http-outgoing-38 >> "Content-Type: application/json; charset=UTF-8[\r][\n]"
23:07:47.225 [pool-2-thread-21] DEBUG org.apache.http.wire -- http-outgoing-38 >> "Content-Length: 45[\r][\n]"
23:07:47.225 [pool-2-thread-21] DEBUG org.apache.http.wire -- http-outgoing-38 >> "Host: localhost:3000[\r][\n]"
23:07:47.225 [pool-2-thread-21] DEBUG org.apache.http.wire -- http-outgoing-38 >> "Connection: Keep-Alive[\r][\n]"
23:07:47.225 [pool-2-thread-21] DEBUG org.apache.http.wire -- http-outgoing-38 >> "User-Agent: Apache-HttpClient/4.5.14 (Java/17.0.9)[\r][\n]"
23:07:47.225 [pool-2-thread-21] DEBUG org.apache.http.wire -- http-outgoing-38 >> "Accept-Encoding: gzip,deflate[\r][\n]"
23:07:47.225 [pool-2-thread-21] DEBUG org.apache.http.wire -- http-outgoing-38 >> "[\r][\n]"
23:07:47.225 [pool-2-thread-21] DEBUG org.apache.http.wire -- http-outgoing-38 >> "{"email":"nam@gmail.com","password":"123456"}"
23:07:47.294 [pool-2-thread-5] DEBUG org.apache.http.wire -- http-outgoing-7 << "HTTP/1.1 200 OK[\r][\n]"
23:07:47.295 [pool-2-thread-5] DEBUG org.apache.http.wire -- http-outgoing-7 << "X-Powered-By: Express[\r][\n]"
23:07:47.295 [pool-2-thread-5] DEBUG org.apache.http.wire -- http-outgoing-7 << "Access-Control-Allow-Origin: *[\r][\n]"
23:07:47.295 [pool-2-thread-5] DEBUG org.apache.http.wire -- http-outgoing-7 << "Content-Type: application/json; charset=utf-8[\r][\n]"
23:07:47.295 [pool-2-thread-5] DEBUG org.apache.http.wire -- http-outgoing-7 << "Content-Length: 607[\r][\n]"
23:07:47.295 [pool-2-thread-5] DEBUG org.apache.http.wire -- http-outgoing-7 << "ETag: W/"25f-mywmV8GjtLXtnXuxa2EtqJ1GKTc"[\r][\n]"
23:07:47.295 [pool-2-thread-5] DEBUG org.apache.http.wire -- http-outgoing-7 << "Date: Sun, 22 Jun 2025 16:07:47 GMT[\r][\n]"
23:07:47.295 [pool-2-thread-5] DEBUG org.apache.http.wire -- http-outgoing-7 << "Connection: keep-alive[\r][\n]"
23:07:47.295 [pool-2-thread-5] DEBUG org.apache.http.wire -- http-outgoing-7 << "Keep-Alive: timeout=5[\r][\n]"
23:07:47.295 [pool-2-thread-5] DEBUG org.apache.http.wire -- http-outgoing-7 << "[\r][\n]"
23:07:47.295 [pool-2-thread-5] DEBUG org.apache.http.wire -- http-outgoing-7 << "{"access_token":"eyJhbGciOiJIUzI1NiIsInR5cCI6IkpXVCJ9.eyJzdWIiOiJjMjE0MjJkZi1jY2VjLTQ0MGUtOWE0Mi1jMWI4MmFiZjczM2QiLCJ1c2VybmFtZSI6ImpvaG5kb2UyOCIsInJvbGUiOjAsImlhdCI6MTc1MDYwODQ2NywiZXhwIjoxNzUwNjEyMDY3fQ.PD-qzMr8Y5463pdF4FIwTBiGzpvUMfoMZTs9T0of-KE","refresh_token":"0b4a97276e206002e2980a8616fc3248f4c727b2993cda783d690896e9284361","user":{"id":"c21422df-ccec-440e-9a42-c1b82abf733d","email":"test28@example.com","username":"johndoe28","name":"John Doe","phoneNumber":"84987654321","profilePic":null,"bio":null,"private":false,"verified":false,"role":0,"followersCount":0,"followingCount":0,"postCount":0}}"
23:07:47.295 [pool-2-thread-5] DEBUG org.apache.http.headers -- http-outgoing-7 << HTTP/1.1 200 OK
23:07:47.295 [pool-2-thread-5] DEBUG org.apache.http.headers -- http-outgoing-7 << X-Powered-By: Express
23:07:47.295 [pool-2-thread-5] DEBUG org.apache.http.headers -- http-outgoing-7 << Access-Control-Allow-Origin: *
23:07:47.295 [pool-2-thread-5] DEBUG org.apache.http.headers -- http-outgoing-7 << Content-Type: application/json; charset=utf-8
23:07:47.295 [pool-2-thread-5] DEBUG org.apache.http.headers -- http-outgoing-7 << Content-Length: 607
23:07:47.295 [pool-2-thread-5] DEBUG org.apache.http.headers -- http-outgoing-7 << ETag: W/"25f-mywmV8GjtLXtnXuxa2EtqJ1GKTc"
23:07:47.295 [pool-2-thread-5] DEBUG org.apache.http.headers -- http-outgoing-7 << Date: Sun, 22 Jun 2025 16:07:47 GMT
23:07:47.295 [pool-2-thread-5] DEBUG org.apache.http.headers -- http-outgoing-7 << Connection: keep-alive
23:07:47.295 [pool-2-thread-5] DEBUG org.apache.http.headers -- http-outgoing-7 << Keep-Alive: timeout=5
23:07:47.295 [pool-2-thread-5] DEBUG org.apache.http.impl.execchain.MainClientExec -- Connection can be kept alive for 5000 MILLISECONDS
23:07:47.295 [pool-2-thread-5] DEBUG org.apache.http.impl.conn.PoolingHttpClientConnectionManager -- Connection [id: 18][route: {}->http://localhost:3000] can be kept alive for 5.0 seconds
23:07:47.295 [pool-2-thread-5] DEBUG org.apache.http.impl.conn.DefaultManagedHttpClientConnection -- http-outgoing-7: set socket timeout to 0
23:07:47.295 [pool-2-thread-5] DEBUG org.apache.http.impl.conn.PoolingHttpClientConnectionManager -- Connection released: [id: 18][route: {}->http://localhost:3000][total available: 1; route allocated: 1 of 5; total allocated: 1 of 10]
23:07:47.295 [pool-2-thread-5] DEBUG org.apache.http.impl.conn.PoolingHttpClientConnectionManager -- Connection manager is shutting down
23:07:47.295 [pool-2-thread-5] DEBUG org.apache.http.impl.conn.DefaultManagedHttpClientConnection -- http-outgoing-7: Close connection
23:07:47.295 [pool-2-thread-5] DEBUG org.apache.http.impl.conn.PoolingHttpClientConnectionManager -- Connection manager shut down
23:07:47.295 [pool-2-thread-5] DEBUG com.intuit.karate -- response time in milliseconds: 1224
1 < 200
1 < X-Powered-By: Express
1 < Access-Control-Allow-Origin: *
1 < Content-Type: application/json; charset=utf-8
1 < Content-Length: 607
1 < ETag: W/"25f-mywmV8GjtLXtnXuxa2EtqJ1GKTc"
1 < Date: Sun, 22 Jun 2025 16:07:47 GMT
1 < Connection: keep-alive
1 < Keep-Alive: timeout=5
{"access_token":"eyJhbGciOiJIUzI1NiIsInR5cCI6IkpXVCJ9.eyJzdWIiOiJjMjE0MjJkZi1jY2VjLTQ0MGUtOWE0Mi1jMWI4MmFiZjczM2QiLCJ1c2VybmFtZSI6ImpvaG5kb2UyOCIsInJvbGUiOjAsImlhdCI6MTc1MDYwODQ2NywiZXhwIjoxNzUwNjEyMDY3fQ.PD-qzMr8Y5463pdF4FIwTBiGzpvUMfoMZTs9T0of-KE","refresh_token":"0b4a97276e206002e2980a8616fc3248f4c727b2993cda783d690896e9284361","user":{"id":"c21422df-ccec-440e-9a42-c1b82abf733d","email":"test28@example.com","username":"johndoe28","name":"John Doe","phoneNumber":"84987654321","profilePic":null,"bio":null,"private":false,"verified":false,"role":0,"followersCount":0,"followingCount":0,"postCount":0}}

23:07:47.298 [pool-2-thread-5] INFO com.intuit.karate -- [print] Call 1 completed, status: 200 
23:07:47.300 [pool-2-thread-5] INFO com.intuit.karate -- [print] *** API CALL 2 *** 
23:07:47.303 [pool-2-thread-5] DEBUG org.apache.http.client.protocol.RequestAddCookies -- CookieSpec selected: karate
23:07:47.303 [pool-2-thread-5] DEBUG org.apache.http.client.protocol.RequestAuthCache -- Auth cache not set in the context
23:07:47.303 [pool-2-thread-5] DEBUG com.intuit.karate -- request:
2 > POST http://localhost:3000/auth/login
2 > Content-Type: application/json; charset=UTF-8
2 > Content-Length: 55
2 > Host: localhost:3000
2 > Connection: Keep-Alive
2 > User-Agent: Apache-HttpClient/4.5.14 (Java/17.0.9)
2 > Accept-Encoding: gzip,deflate
{"email":"test28@example.com","password":"Password123"}

23:07:47.304 [pool-2-thread-5] DEBUG org.apache.http.impl.conn.PoolingHttpClientConnectionManager -- Connection request: [route: {}->http://localhost:3000][total available: 0; route allocated: 0 of 5; total allocated: 0 of 10]
23:07:47.304 [pool-2-thread-5] DEBUG org.apache.http.impl.conn.PoolingHttpClientConnectionManager -- Connection leased: [id: 39][route: {}->http://localhost:3000][total available: 0; route allocated: 1 of 5; total allocated: 1 of 10]
23:07:47.304 [pool-2-thread-5] DEBUG org.apache.http.impl.execchain.MainClientExec -- Opening connection {}->http://localhost:3000
23:07:47.304 [pool-2-thread-5] DEBUG org.apache.http.impl.conn.DefaultHttpClientConnectionOperator -- Connecting to localhost/127.0.0.1:3000
23:07:47.305 [pool-2-thread-5] DEBUG org.apache.http.impl.conn.DefaultHttpClientConnectionOperator -- Connection established 127.0.0.1:52694<->127.0.0.1:3000
23:07:47.305 [pool-2-thread-5] DEBUG org.apache.http.impl.conn.DefaultManagedHttpClientConnection -- http-outgoing-39: set socket timeout to 30000
23:07:47.305 [pool-2-thread-5] DEBUG org.apache.http.impl.execchain.MainClientExec -- Executing request POST /auth/login HTTP/1.1
23:07:47.305 [pool-2-thread-5] DEBUG org.apache.http.impl.execchain.MainClientExec -- Target auth state: UNCHALLENGED
23:07:47.305 [pool-2-thread-5] DEBUG org.apache.http.impl.execchain.MainClientExec -- Proxy auth state: UNCHALLENGED
23:07:47.305 [pool-2-thread-5] DEBUG org.apache.http.headers -- http-outgoing-39 >> POST /auth/login HTTP/1.1
23:07:47.305 [pool-2-thread-5] DEBUG org.apache.http.headers -- http-outgoing-39 >> Content-Type: application/json; charset=UTF-8
23:07:47.305 [pool-2-thread-5] DEBUG org.apache.http.headers -- http-outgoing-39 >> Content-Length: 55
23:07:47.305 [pool-2-thread-5] DEBUG org.apache.http.headers -- http-outgoing-39 >> Host: localhost:3000
23:07:47.305 [pool-2-thread-5] DEBUG org.apache.http.headers -- http-outgoing-39 >> Connection: Keep-Alive
23:07:47.305 [pool-2-thread-5] DEBUG org.apache.http.headers -- http-outgoing-39 >> User-Agent: Apache-HttpClient/4.5.14 (Java/17.0.9)
23:07:47.305 [pool-2-thread-5] DEBUG org.apache.http.headers -- http-outgoing-39 >> Accept-Encoding: gzip,deflate
23:07:47.305 [pool-2-thread-5] DEBUG org.apache.http.wire -- http-outgoing-39 >> "POST /auth/login HTTP/1.1[\r][\n]"
23:07:47.305 [pool-2-thread-5] DEBUG org.apache.http.wire -- http-outgoing-39 >> "Content-Type: application/json; charset=UTF-8[\r][\n]"
23:07:47.305 [pool-2-thread-5] DEBUG org.apache.http.wire -- http-outgoing-39 >> "Content-Length: 55[\r][\n]"
23:07:47.305 [pool-2-thread-5] DEBUG org.apache.http.wire -- http-outgoing-39 >> "Host: localhost:3000[\r][\n]"
23:07:47.305 [pool-2-thread-5] DEBUG org.apache.http.wire -- http-outgoing-39 >> "Connection: Keep-Alive[\r][\n]"
23:07:47.305 [pool-2-thread-5] DEBUG org.apache.http.wire -- http-outgoing-39 >> "User-Agent: Apache-HttpClient/4.5.14 (Java/17.0.9)[\r][\n]"
23:07:47.305 [pool-2-thread-5] DEBUG org.apache.http.wire -- http-outgoing-39 >> "Accept-Encoding: gzip,deflate[\r][\n]"
23:07:47.305 [pool-2-thread-5] DEBUG org.apache.http.wire -- http-outgoing-39 >> "[\r][\n]"
23:07:47.305 [pool-2-thread-5] DEBUG org.apache.http.wire -- http-outgoing-39 >> "{"email":"test28@example.com","password":"Password123"}"
23:07:47.366 [pool-2-thread-6] DEBUG org.apache.http.wire -- http-outgoing-21 << "HTTP/1.1 200 OK[\r][\n]"
23:07:47.366 [pool-2-thread-6] DEBUG org.apache.http.wire -- http-outgoing-21 << "X-Powered-By: Express[\r][\n]"
23:07:47.366 [pool-2-thread-6] DEBUG org.apache.http.wire -- http-outgoing-21 << "Access-Control-Allow-Origin: *[\r][\n]"
23:07:47.366 [pool-2-thread-6] DEBUG org.apache.http.wire -- http-outgoing-21 << "Content-Type: application/json; charset=utf-8[\r][\n]"
23:07:47.366 [pool-2-thread-6] DEBUG org.apache.http.wire -- http-outgoing-21 << "Content-Length: 607[\r][\n]"
23:07:47.366 [pool-2-thread-6] DEBUG org.apache.http.wire -- http-outgoing-21 << "ETag: W/"25f-8aorRhWc5bx2nykD1AlBk5h/XtM"[\r][\n]"
23:07:47.366 [pool-2-thread-6] DEBUG org.apache.http.wire -- http-outgoing-21 << "Date: Sun, 22 Jun 2025 16:07:47 GMT[\r][\n]"
23:07:47.366 [pool-2-thread-6] DEBUG org.apache.http.wire -- http-outgoing-21 << "Connection: keep-alive[\r][\n]"
23:07:47.366 [pool-2-thread-6] DEBUG org.apache.http.wire -- http-outgoing-21 << "Keep-Alive: timeout=5[\r][\n]"
23:07:47.366 [pool-2-thread-6] DEBUG org.apache.http.wire -- http-outgoing-21 << "[\r][\n]"
23:07:47.366 [pool-2-thread-6] DEBUG org.apache.http.wire -- http-outgoing-21 << "{"access_token":"eyJhbGciOiJIUzI1NiIsInR5cCI6IkpXVCJ9.eyJzdWIiOiI5YTI2OTc2Yy0xNTMyLTRkZjMtYTE2ZS03NjMxNTI1Yzg1MDIiLCJ1c2VybmFtZSI6ImpvaG5kb2UyZDUiLCJyb2xlIjowLCJpYXQiOjE3NTA2MDg0NjcsImV4cCI6MTc1MDYxMjA2N30.qp3G1y32kK_kLgopXVU3T217nHqtq0V21NrCXpfvlfw","refresh_token":"d07a5a3fd2c2bbbb814b87887c5a5a5a2e212261bef3b9268ea2fb81e6b702cb","user":{"id":"9a26976c-1532-4df3-a16e-7631525c8502","email":"testit4@gmail.com","username":"johndoe2d5","name":"John Doe","phoneNumber":"0123456212","profilePic":null,"bio":null,"private":false,"verified":false,"role":0,"followersCount":0,"followingCount":0,"postCount":0}}"
23:07:47.366 [pool-2-thread-6] DEBUG org.apache.http.headers -- http-outgoing-21 << HTTP/1.1 200 OK
23:07:47.366 [pool-2-thread-6] DEBUG org.apache.http.headers -- http-outgoing-21 << X-Powered-By: Express
23:07:47.366 [pool-2-thread-6] DEBUG org.apache.http.headers -- http-outgoing-21 << Access-Control-Allow-Origin: *
23:07:47.366 [pool-2-thread-6] DEBUG org.apache.http.headers -- http-outgoing-21 << Content-Type: application/json; charset=utf-8
23:07:47.366 [pool-2-thread-6] DEBUG org.apache.http.headers -- http-outgoing-21 << Content-Length: 607
23:07:47.366 [pool-2-thread-6] DEBUG org.apache.http.headers -- http-outgoing-21 << ETag: W/"25f-8aorRhWc5bx2nykD1AlBk5h/XtM"
23:07:47.366 [pool-2-thread-6] DEBUG org.apache.http.headers -- http-outgoing-21 << Date: Sun, 22 Jun 2025 16:07:47 GMT
23:07:47.366 [pool-2-thread-6] DEBUG org.apache.http.headers -- http-outgoing-21 << Connection: keep-alive
23:07:47.366 [pool-2-thread-6] DEBUG org.apache.http.headers -- http-outgoing-21 << Keep-Alive: timeout=5
23:07:47.366 [pool-2-thread-6] DEBUG org.apache.http.impl.execchain.MainClientExec -- Connection can be kept alive for 5000 MILLISECONDS
23:07:47.368 [pool-2-thread-6] DEBUG org.apache.http.impl.conn.PoolingHttpClientConnectionManager -- Connection [id: 13][route: {}->http://localhost:3000] can be kept alive for 5.0 seconds
23:07:47.368 [pool-2-thread-6] DEBUG org.apache.http.impl.conn.DefaultManagedHttpClientConnection -- http-outgoing-21: set socket timeout to 0
23:07:47.368 [pool-2-thread-6] DEBUG org.apache.http.impl.conn.PoolingHttpClientConnectionManager -- Connection released: [id: 13][route: {}->http://localhost:3000][total available: 1; route allocated: 1 of 5; total allocated: 1 of 10]
23:07:47.368 [pool-2-thread-6] DEBUG org.apache.http.impl.conn.PoolingHttpClientConnectionManager -- Connection manager is shutting down
23:07:47.368 [pool-2-thread-6] DEBUG org.apache.http.impl.conn.DefaultManagedHttpClientConnection -- http-outgoing-21: Close connection
23:07:47.368 [pool-2-thread-6] DEBUG org.apache.http.impl.conn.PoolingHttpClientConnectionManager -- Connection manager shut down
23:07:47.368 [pool-2-thread-6] DEBUG com.intuit.karate -- response time in milliseconds: 1297
1 < 200
1 < X-Powered-By: Express
1 < Access-Control-Allow-Origin: *
1 < Content-Type: application/json; charset=utf-8
1 < Content-Length: 607
1 < ETag: W/"25f-8aorRhWc5bx2nykD1AlBk5h/XtM"
1 < Date: Sun, 22 Jun 2025 16:07:47 GMT
1 < Connection: keep-alive
1 < Keep-Alive: timeout=5
{"access_token":"eyJhbGciOiJIUzI1NiIsInR5cCI6IkpXVCJ9.eyJzdWIiOiI5YTI2OTc2Yy0xNTMyLTRkZjMtYTE2ZS03NjMxNTI1Yzg1MDIiLCJ1c2VybmFtZSI6ImpvaG5kb2UyZDUiLCJyb2xlIjowLCJpYXQiOjE3NTA2MDg0NjcsImV4cCI6MTc1MDYxMjA2N30.qp3G1y32kK_kLgopXVU3T217nHqtq0V21NrCXpfvlfw","refresh_token":"d07a5a3fd2c2bbbb814b87887c5a5a5a2e212261bef3b9268ea2fb81e6b702cb","user":{"id":"9a26976c-1532-4df3-a16e-7631525c8502","email":"testit4@gmail.com","username":"johndoe2d5","name":"John Doe","phoneNumber":"0123456212","profilePic":null,"bio":null,"private":false,"verified":false,"role":0,"followersCount":0,"followingCount":0,"postCount":0}}

23:07:47.372 [pool-2-thread-6] INFO com.intuit.karate -- [print] Call 1 completed, status: 200 
23:07:47.374 [pool-2-thread-6] INFO com.intuit.karate -- [print] *** API CALL 2 *** 
23:07:47.376 [pool-2-thread-6] DEBUG org.apache.http.client.protocol.RequestAddCookies -- CookieSpec selected: karate
23:07:47.376 [pool-2-thread-6] DEBUG org.apache.http.client.protocol.RequestAuthCache -- Auth cache not set in the context
23:07:47.376 [pool-2-thread-6] DEBUG com.intuit.karate -- request:
2 > POST http://localhost:3000/auth/login
2 > Content-Type: application/json; charset=UTF-8
2 > Content-Length: 54
2 > Host: localhost:3000
2 > Connection: Keep-Alive
2 > User-Agent: Apache-HttpClient/4.5.14 (Java/17.0.9)
2 > Accept-Encoding: gzip,deflate
{"email":"testit4@gmail.com","password":"Password123"}

23:07:47.376 [pool-2-thread-6] DEBUG org.apache.http.impl.conn.PoolingHttpClientConnectionManager -- Connection request: [route: {}->http://localhost:3000][total available: 0; route allocated: 0 of 5; total allocated: 0 of 10]
23:07:47.376 [pool-2-thread-6] DEBUG org.apache.http.impl.conn.PoolingHttpClientConnectionManager -- Connection leased: [id: 40][route: {}->http://localhost:3000][total available: 0; route allocated: 1 of 5; total allocated: 1 of 10]
23:07:47.376 [pool-2-thread-6] DEBUG org.apache.http.impl.execchain.MainClientExec -- Opening connection {}->http://localhost:3000
23:07:47.376 [pool-2-thread-6] DEBUG org.apache.http.impl.conn.DefaultHttpClientConnectionOperator -- Connecting to localhost/127.0.0.1:3000
23:07:47.377 [pool-2-thread-6] DEBUG org.apache.http.impl.conn.DefaultHttpClientConnectionOperator -- Connection established 127.0.0.1:52695<->127.0.0.1:3000
23:07:47.377 [pool-2-thread-6] DEBUG org.apache.http.impl.conn.DefaultManagedHttpClientConnection -- http-outgoing-40: set socket timeout to 30000
23:07:47.377 [pool-2-thread-6] DEBUG org.apache.http.impl.execchain.MainClientExec -- Executing request POST /auth/login HTTP/1.1
23:07:47.377 [pool-2-thread-6] DEBUG org.apache.http.impl.execchain.MainClientExec -- Target auth state: UNCHALLENGED
23:07:47.377 [pool-2-thread-6] DEBUG org.apache.http.impl.execchain.MainClientExec -- Proxy auth state: UNCHALLENGED
23:07:47.377 [pool-2-thread-6] DEBUG org.apache.http.headers -- http-outgoing-40 >> POST /auth/login HTTP/1.1
23:07:47.377 [pool-2-thread-6] DEBUG org.apache.http.headers -- http-outgoing-40 >> Content-Type: application/json; charset=UTF-8
23:07:47.377 [pool-2-thread-6] DEBUG org.apache.http.headers -- http-outgoing-40 >> Content-Length: 54
23:07:47.377 [pool-2-thread-6] DEBUG org.apache.http.headers -- http-outgoing-40 >> Host: localhost:3000
23:07:47.377 [pool-2-thread-6] DEBUG org.apache.http.headers -- http-outgoing-40 >> Connection: Keep-Alive
23:07:47.377 [pool-2-thread-6] DEBUG org.apache.http.headers -- http-outgoing-40 >> User-Agent: Apache-HttpClient/4.5.14 (Java/17.0.9)
23:07:47.377 [pool-2-thread-6] DEBUG org.apache.http.headers -- http-outgoing-40 >> Accept-Encoding: gzip,deflate
23:07:47.377 [pool-2-thread-6] DEBUG org.apache.http.wire -- http-outgoing-40 >> "POST /auth/login HTTP/1.1[\r][\n]"
23:07:47.377 [pool-2-thread-6] DEBUG org.apache.http.wire -- http-outgoing-40 >> "Content-Type: application/json; charset=UTF-8[\r][\n]"
23:07:47.377 [pool-2-thread-6] DEBUG org.apache.http.wire -- http-outgoing-40 >> "Content-Length: 54[\r][\n]"
23:07:47.377 [pool-2-thread-6] DEBUG org.apache.http.wire -- http-outgoing-40 >> "Host: localhost:3000[\r][\n]"
23:07:47.377 [pool-2-thread-6] DEBUG org.apache.http.wire -- http-outgoing-40 >> "Connection: Keep-Alive[\r][\n]"
23:07:47.377 [pool-2-thread-6] DEBUG org.apache.http.wire -- http-outgoing-40 >> "User-Agent: Apache-HttpClient/4.5.14 (Java/17.0.9)[\r][\n]"
23:07:47.377 [pool-2-thread-6] DEBUG org.apache.http.wire -- http-outgoing-40 >> "Accept-Encoding: gzip,deflate[\r][\n]"
23:07:47.377 [pool-2-thread-6] DEBUG org.apache.http.wire -- http-outgoing-40 >> "[\r][\n]"
23:07:47.377 [pool-2-thread-6] DEBUG org.apache.http.wire -- http-outgoing-40 >> "{"email":"testit4@gmail.com","password":"Password123"}"
23:07:47.386 [pool-2-thread-10] DEBUG org.apache.http.wire -- http-outgoing-23 << "HTTP/1.1 200 OK[\r][\n]"
23:07:47.386 [pool-2-thread-10] DEBUG org.apache.http.wire -- http-outgoing-23 << "X-Powered-By: Express[\r][\n]"
23:07:47.386 [pool-2-thread-10] DEBUG org.apache.http.wire -- http-outgoing-23 << "Access-Control-Allow-Origin: *[\r][\n]"
23:07:47.386 [pool-2-thread-10] DEBUG org.apache.http.wire -- http-outgoing-23 << "Content-Type: application/json; charset=utf-8[\r][\n]"
23:07:47.386 [pool-2-thread-10] DEBUG org.apache.http.wire -- http-outgoing-23 << "Content-Length: 605[\r][\n]"
23:07:47.386 [pool-2-thread-10] DEBUG org.apache.http.wire -- http-outgoing-23 << "ETag: W/"25d-e5Fz1XtYS4YlP0Md14/Lc6LEZPQ"[\r][\n]"
23:07:47.386 [pool-2-thread-10] DEBUG org.apache.http.wire -- http-outgoing-23 << "Date: Sun, 22 Jun 2025 16:07:47 GMT[\r][\n]"
23:07:47.386 [pool-2-thread-10] DEBUG org.apache.http.wire -- http-outgoing-23 << "Connection: keep-alive[\r][\n]"
23:07:47.386 [pool-2-thread-10] DEBUG org.apache.http.wire -- http-outgoing-23 << "Keep-Alive: timeout=5[\r][\n]"
23:07:47.386 [pool-2-thread-10] DEBUG org.apache.http.wire -- http-outgoing-23 << "[\r][\n]"
23:07:47.386 [pool-2-thread-10] DEBUG org.apache.http.wire -- http-outgoing-23 << "{"access_token":"eyJhbGciOiJIUzI1NiIsInR5cCI6IkpXVCJ9.eyJzdWIiOiIwYTM3ZWY0My1mZWU4LTQxZDMtYTY4Ni04YWIwODY5NDg2OTUiLCJ1c2VybmFtZSI6ImpvaG5kb2UyMSIsInJvbGUiOjAsImlhdCI6MTc1MDYwODQ2NywiZXhwIjoxNzUwNjEyMDY3fQ.alWHAeEZMf-bAwxAu-daLklqmoAwqyPYqcYXc52C74Y","refresh_token":"726a305503abc18825402168dbb2b8386a5231e44943ac14d3e848bf85d6b96a","user":{"id":"0a37ef43-fee8-41d3-a686-8ab086948695","email":"testit2@gmail.com","username":"johndoe21","name":"John Doe","phoneNumber":"0123456712","profilePic":null,"bio":null,"private":false,"verified":false,"role":0,"followersCount":0,"followingCount":0,"postCount":0}}"
23:07:47.386 [pool-2-thread-10] DEBUG org.apache.http.headers -- http-outgoing-23 << HTTP/1.1 200 OK
23:07:47.386 [pool-2-thread-10] DEBUG org.apache.http.headers -- http-outgoing-23 << X-Powered-By: Express
23:07:47.386 [pool-2-thread-10] DEBUG org.apache.http.headers -- http-outgoing-23 << Access-Control-Allow-Origin: *
23:07:47.386 [pool-2-thread-10] DEBUG org.apache.http.headers -- http-outgoing-23 << Content-Type: application/json; charset=utf-8
23:07:47.386 [pool-2-thread-10] DEBUG org.apache.http.headers -- http-outgoing-23 << Content-Length: 605
23:07:47.386 [pool-2-thread-10] DEBUG org.apache.http.headers -- http-outgoing-23 << ETag: W/"25d-e5Fz1XtYS4YlP0Md14/Lc6LEZPQ"
23:07:47.386 [pool-2-thread-10] DEBUG org.apache.http.headers -- http-outgoing-23 << Date: Sun, 22 Jun 2025 16:07:47 GMT
23:07:47.386 [pool-2-thread-10] DEBUG org.apache.http.headers -- http-outgoing-23 << Connection: keep-alive
23:07:47.386 [pool-2-thread-10] DEBUG org.apache.http.headers -- http-outgoing-23 << Keep-Alive: timeout=5
23:07:47.386 [pool-2-thread-10] DEBUG org.apache.http.impl.execchain.MainClientExec -- Connection can be kept alive for 5000 MILLISECONDS
23:07:47.387 [pool-2-thread-10] DEBUG org.apache.http.impl.conn.PoolingHttpClientConnectionManager -- Connection [id: 23][route: {}->http://localhost:3000] can be kept alive for 5.0 seconds
23:07:47.387 [pool-2-thread-10] DEBUG org.apache.http.impl.conn.DefaultManagedHttpClientConnection -- http-outgoing-23: set socket timeout to 0
23:07:47.387 [pool-2-thread-10] DEBUG org.apache.http.impl.conn.PoolingHttpClientConnectionManager -- Connection released: [id: 23][route: {}->http://localhost:3000][total available: 1; route allocated: 1 of 5; total allocated: 1 of 10]
23:07:47.387 [pool-2-thread-10] DEBUG org.apache.http.impl.conn.PoolingHttpClientConnectionManager -- Connection manager is shutting down
23:07:47.387 [pool-2-thread-10] DEBUG org.apache.http.impl.conn.DefaultManagedHttpClientConnection -- http-outgoing-23: Close connection
23:07:47.387 [pool-2-thread-10] DEBUG org.apache.http.impl.conn.PoolingHttpClientConnectionManager -- Connection manager shut down
23:07:47.387 [pool-2-thread-10] DEBUG com.intuit.karate -- response time in milliseconds: 1316
1 < 200
1 < X-Powered-By: Express
1 < Access-Control-Allow-Origin: *
1 < Content-Type: application/json; charset=utf-8
1 < Content-Length: 605
1 < ETag: W/"25d-e5Fz1XtYS4YlP0Md14/Lc6LEZPQ"
1 < Date: Sun, 22 Jun 2025 16:07:47 GMT
1 < Connection: keep-alive
1 < Keep-Alive: timeout=5
{"access_token":"eyJhbGciOiJIUzI1NiIsInR5cCI6IkpXVCJ9.eyJzdWIiOiIwYTM3ZWY0My1mZWU4LTQxZDMtYTY4Ni04YWIwODY5NDg2OTUiLCJ1c2VybmFtZSI6ImpvaG5kb2UyMSIsInJvbGUiOjAsImlhdCI6MTc1MDYwODQ2NywiZXhwIjoxNzUwNjEyMDY3fQ.alWHAeEZMf-bAwxAu-daLklqmoAwqyPYqcYXc52C74Y","refresh_token":"726a305503abc18825402168dbb2b8386a5231e44943ac14d3e848bf85d6b96a","user":{"id":"0a37ef43-fee8-41d3-a686-8ab086948695","email":"testit2@gmail.com","username":"johndoe21","name":"John Doe","phoneNumber":"0123456712","profilePic":null,"bio":null,"private":false,"verified":false,"role":0,"followersCount":0,"followingCount":0,"postCount":0}}

23:07:47.389 [pool-2-thread-10] INFO com.intuit.karate -- [print] Call 1 completed, status: 200 
23:07:47.390 [pool-2-thread-10] INFO com.intuit.karate -- [print] *** API CALL 2 *** 
23:07:47.391 [pool-2-thread-10] DEBUG org.apache.http.client.protocol.RequestAddCookies -- CookieSpec selected: karate
23:07:47.391 [pool-2-thread-10] DEBUG org.apache.http.client.protocol.RequestAuthCache -- Auth cache not set in the context
23:07:47.391 [pool-2-thread-10] DEBUG com.intuit.karate -- request:
2 > POST http://localhost:3000/auth/login
2 > Content-Type: application/json; charset=UTF-8
2 > Content-Length: 54
2 > Host: localhost:3000
2 > Connection: Keep-Alive
2 > User-Agent: Apache-HttpClient/4.5.14 (Java/17.0.9)
2 > Accept-Encoding: gzip,deflate
{"email":"testit2@gmail.com","password":"Password123"}

23:07:47.393 [pool-2-thread-10] DEBUG org.apache.http.impl.conn.PoolingHttpClientConnectionManager -- Connection request: [route: {}->http://localhost:3000][total available: 0; route allocated: 0 of 5; total allocated: 0 of 10]
23:07:47.393 [pool-2-thread-10] DEBUG org.apache.http.impl.conn.PoolingHttpClientConnectionManager -- Connection leased: [id: 41][route: {}->http://localhost:3000][total available: 0; route allocated: 1 of 5; total allocated: 1 of 10]
23:07:47.393 [pool-2-thread-10] DEBUG org.apache.http.impl.execchain.MainClientExec -- Opening connection {}->http://localhost:3000
23:07:47.393 [pool-2-thread-10] DEBUG org.apache.http.impl.conn.DefaultHttpClientConnectionOperator -- Connecting to localhost/127.0.0.1:3000
23:07:47.393 [pool-2-thread-10] DEBUG org.apache.http.impl.conn.DefaultHttpClientConnectionOperator -- Connection established 127.0.0.1:52696<->127.0.0.1:3000
23:07:47.393 [pool-2-thread-10] DEBUG org.apache.http.impl.conn.DefaultManagedHttpClientConnection -- http-outgoing-41: set socket timeout to 30000
23:07:47.393 [pool-2-thread-10] DEBUG org.apache.http.impl.execchain.MainClientExec -- Executing request POST /auth/login HTTP/1.1
23:07:47.393 [pool-2-thread-10] DEBUG org.apache.http.impl.execchain.MainClientExec -- Target auth state: UNCHALLENGED
23:07:47.393 [pool-2-thread-10] DEBUG org.apache.http.impl.execchain.MainClientExec -- Proxy auth state: UNCHALLENGED
23:07:47.394 [pool-2-thread-10] DEBUG org.apache.http.headers -- http-outgoing-41 >> POST /auth/login HTTP/1.1
23:07:47.394 [pool-2-thread-10] DEBUG org.apache.http.headers -- http-outgoing-41 >> Content-Type: application/json; charset=UTF-8
23:07:47.394 [pool-2-thread-10] DEBUG org.apache.http.headers -- http-outgoing-41 >> Content-Length: 54
23:07:47.394 [pool-2-thread-10] DEBUG org.apache.http.headers -- http-outgoing-41 >> Host: localhost:3000
23:07:47.394 [pool-2-thread-10] DEBUG org.apache.http.headers -- http-outgoing-41 >> Connection: Keep-Alive
23:07:47.394 [pool-2-thread-10] DEBUG org.apache.http.headers -- http-outgoing-41 >> User-Agent: Apache-HttpClient/4.5.14 (Java/17.0.9)
23:07:47.394 [pool-2-thread-10] DEBUG org.apache.http.headers -- http-outgoing-41 >> Accept-Encoding: gzip,deflate
23:07:47.394 [pool-2-thread-10] DEBUG org.apache.http.wire -- http-outgoing-41 >> "POST /auth/login HTTP/1.1[\r][\n]"
23:07:47.394 [pool-2-thread-10] DEBUG org.apache.http.wire -- http-outgoing-41 >> "Content-Type: application/json; charset=UTF-8[\r][\n]"
23:07:47.394 [pool-2-thread-10] DEBUG org.apache.http.wire -- http-outgoing-41 >> "Content-Length: 54[\r][\n]"
23:07:47.394 [pool-2-thread-10] DEBUG org.apache.http.wire -- http-outgoing-41 >> "Host: localhost:3000[\r][\n]"
23:07:47.394 [pool-2-thread-10] DEBUG org.apache.http.wire -- http-outgoing-41 >> "Connection: Keep-Alive[\r][\n]"
23:07:47.394 [pool-2-thread-10] DEBUG org.apache.http.wire -- http-outgoing-41 >> "User-Agent: Apache-HttpClient/4.5.14 (Java/17.0.9)[\r][\n]"
23:07:47.394 [pool-2-thread-10] DEBUG org.apache.http.wire -- http-outgoing-41 >> "Accept-Encoding: gzip,deflate[\r][\n]"
23:07:47.394 [pool-2-thread-10] DEBUG org.apache.http.wire -- http-outgoing-41 >> "[\r][\n]"
23:07:47.394 [pool-2-thread-10] DEBUG org.apache.http.wire -- http-outgoing-41 >> "{"email":"testit2@gmail.com","password":"Password123"}"
23:07:48.208 [pool-2-thread-27] DEBUG org.apache.http.wire -- http-outgoing-3 << "HTTP/1.1 200 OK[\r][\n]"
23:07:48.208 [pool-2-thread-27] DEBUG org.apache.http.wire -- http-outgoing-3 << "X-Powered-By: Express[\r][\n]"
23:07:48.208 [pool-2-thread-27] DEBUG org.apache.http.wire -- http-outgoing-3 << "Access-Control-Allow-Origin: *[\r][\n]"
23:07:48.208 [pool-2-thread-27] DEBUG org.apache.http.wire -- http-outgoing-3 << "Content-Type: application/json; charset=utf-8[\r][\n]"
23:07:48.208 [pool-2-thread-27] DEBUG org.apache.http.wire -- http-outgoing-3 << "Content-Length: 605[\r][\n]"
23:07:48.208 [pool-2-thread-27] DEBUG org.apache.http.wire -- http-outgoing-3 << "ETag: W/"25d-SMWlHtpzCSU8D9lz2nuTIHLm9Gs"[\r][\n]"
23:07:48.208 [pool-2-thread-27] DEBUG org.apache.http.wire -- http-outgoing-3 << "Date: Sun, 22 Jun 2025 16:07:48 GMT[\r][\n]"
23:07:48.208 [pool-2-thread-27] DEBUG org.apache.http.wire -- http-outgoing-3 << "Connection: keep-alive[\r][\n]"
23:07:48.208 [pool-2-thread-27] DEBUG org.apache.http.wire -- http-outgoing-3 << "Keep-Alive: timeout=5[\r][\n]"
23:07:48.208 [pool-2-thread-27] DEBUG org.apache.http.wire -- http-outgoing-3 << "[\r][\n]"
23:07:48.208 [pool-2-thread-27] DEBUG org.apache.http.wire -- http-outgoing-3 << "{"access_token":"eyJhbGciOiJIUzI1NiIsInR5cCI6IkpXVCJ9.eyJzdWIiOiI2NTBjZTFlZC1hYWNhLTQzOGYtOTk4OC0xZjA1OGFiNWFhMWEiLCJ1c2VybmFtZSI6ImpvaG5kb2UyNSIsInJvbGUiOjAsImlhdCI6MTc1MDYwODQ2NywiZXhwIjoxNzUwNjEyMDY3fQ.J41NwVD4PJfJYGLo94t3Bnqx4Pw5gMqEOlEPHWNMb8M","refresh_token":"72f6175fbbc554bca842d193bf6bc700996b615ed306aa0a7fbc7f286765d7ab","user":{"id":"650ce1ed-aaca-438f-9988-1f058ab5aa1a","email":"testit3@gmail.com","username":"johndoe25","name":"John Doe","phoneNumber":"0123456713","profilePic":null,"bio":null,"private":false,"verified":false,"role":0,"followersCount":0,"followingCount":0,"postCount":0}}"
23:07:48.208 [pool-2-thread-27] DEBUG org.apache.http.headers -- http-outgoing-3 << HTTP/1.1 200 OK
23:07:48.208 [pool-2-thread-27] DEBUG org.apache.http.headers -- http-outgoing-3 << X-Powered-By: Express
23:07:48.208 [pool-2-thread-27] DEBUG org.apache.http.headers -- http-outgoing-3 << Access-Control-Allow-Origin: *
23:07:48.208 [pool-2-thread-27] DEBUG org.apache.http.headers -- http-outgoing-3 << Content-Type: application/json; charset=utf-8
23:07:48.208 [pool-2-thread-27] DEBUG org.apache.http.headers -- http-outgoing-3 << Content-Length: 605
23:07:48.208 [pool-2-thread-27] DEBUG org.apache.http.headers -- http-outgoing-3 << ETag: W/"25d-SMWlHtpzCSU8D9lz2nuTIHLm9Gs"
23:07:48.208 [pool-2-thread-27] DEBUG org.apache.http.headers -- http-outgoing-3 << Date: Sun, 22 Jun 2025 16:07:48 GMT
23:07:48.208 [pool-2-thread-27] DEBUG org.apache.http.headers -- http-outgoing-3 << Connection: keep-alive
23:07:48.208 [pool-2-thread-27] DEBUG org.apache.http.headers -- http-outgoing-3 << Keep-Alive: timeout=5
23:07:48.208 [pool-2-thread-27] DEBUG org.apache.http.impl.execchain.MainClientExec -- Connection can be kept alive for 5000 MILLISECONDS
23:07:48.208 [pool-2-thread-27] DEBUG org.apache.http.impl.conn.PoolingHttpClientConnectionManager -- Connection [id: 29][route: {}->http://localhost:3000] can be kept alive for 5.0 seconds
23:07:48.208 [pool-2-thread-27] DEBUG org.apache.http.impl.conn.DefaultManagedHttpClientConnection -- http-outgoing-3: set socket timeout to 0
23:07:48.208 [pool-2-thread-27] DEBUG org.apache.http.impl.conn.PoolingHttpClientConnectionManager -- Connection released: [id: 29][route: {}->http://localhost:3000][total available: 1; route allocated: 1 of 5; total allocated: 1 of 10]
23:07:48.208 [pool-2-thread-27] DEBUG org.apache.http.impl.conn.PoolingHttpClientConnectionManager -- Connection manager is shutting down
23:07:48.208 [pool-2-thread-27] DEBUG org.apache.http.impl.conn.DefaultManagedHttpClientConnection -- http-outgoing-3: Close connection
23:07:48.208 [pool-2-thread-27] DEBUG org.apache.http.impl.conn.PoolingHttpClientConnectionManager -- Connection manager shut down
23:07:48.208 [pool-2-thread-27] DEBUG com.intuit.karate -- response time in milliseconds: 2138
1 < 200
1 < X-Powered-By: Express
1 < Access-Control-Allow-Origin: *
1 < Content-Type: application/json; charset=utf-8
1 < Content-Length: 605
1 < ETag: W/"25d-SMWlHtpzCSU8D9lz2nuTIHLm9Gs"
1 < Date: Sun, 22 Jun 2025 16:07:48 GMT
1 < Connection: keep-alive
1 < Keep-Alive: timeout=5
{"access_token":"eyJhbGciOiJIUzI1NiIsInR5cCI6IkpXVCJ9.eyJzdWIiOiI2NTBjZTFlZC1hYWNhLTQzOGYtOTk4OC0xZjA1OGFiNWFhMWEiLCJ1c2VybmFtZSI6ImpvaG5kb2UyNSIsInJvbGUiOjAsImlhdCI6MTc1MDYwODQ2NywiZXhwIjoxNzUwNjEyMDY3fQ.J41NwVD4PJfJYGLo94t3Bnqx4Pw5gMqEOlEPHWNMb8M","refresh_token":"72f6175fbbc554bca842d193bf6bc700996b615ed306aa0a7fbc7f286765d7ab","user":{"id":"650ce1ed-aaca-438f-9988-1f058ab5aa1a","email":"testit3@gmail.com","username":"johndoe25","name":"John Doe","phoneNumber":"0123456713","profilePic":null,"bio":null,"private":false,"verified":false,"role":0,"followersCount":0,"followingCount":0,"postCount":0}}

23:07:48.210 [pool-2-thread-27] INFO com.intuit.karate -- [print] Call 1 completed, status: 200 
23:07:48.211 [pool-2-thread-27] INFO com.intuit.karate -- [print] *** API CALL 2 *** 
23:07:48.212 [pool-2-thread-27] DEBUG org.apache.http.client.protocol.RequestAddCookies -- CookieSpec selected: karate
23:07:48.212 [pool-2-thread-27] DEBUG org.apache.http.client.protocol.RequestAuthCache -- Auth cache not set in the context
23:07:48.212 [pool-2-thread-27] DEBUG com.intuit.karate -- request:
2 > POST http://localhost:3000/auth/login
2 > Content-Type: application/json; charset=UTF-8
2 > Content-Length: 54
2 > Host: localhost:3000
2 > Connection: Keep-Alive
2 > User-Agent: Apache-HttpClient/4.5.14 (Java/17.0.9)
2 > Accept-Encoding: gzip,deflate
{"email":"testit3@gmail.com","password":"Password123"}

23:07:48.212 [pool-2-thread-27] DEBUG org.apache.http.impl.conn.PoolingHttpClientConnectionManager -- Connection request: [route: {}->http://localhost:3000][total available: 0; route allocated: 0 of 5; total allocated: 0 of 10]
23:07:48.212 [pool-2-thread-27] DEBUG org.apache.http.impl.conn.PoolingHttpClientConnectionManager -- Connection leased: [id: 42][route: {}->http://localhost:3000][total available: 0; route allocated: 1 of 5; total allocated: 1 of 10]
23:07:48.212 [pool-2-thread-27] DEBUG org.apache.http.impl.execchain.MainClientExec -- Opening connection {}->http://localhost:3000
23:07:48.213 [pool-2-thread-27] DEBUG org.apache.http.impl.conn.DefaultHttpClientConnectionOperator -- Connecting to localhost/127.0.0.1:3000
23:07:48.213 [pool-2-thread-27] DEBUG org.apache.http.impl.conn.DefaultHttpClientConnectionOperator -- Connection established 127.0.0.1:52697<->127.0.0.1:3000
23:07:48.213 [pool-2-thread-27] DEBUG org.apache.http.impl.conn.DefaultManagedHttpClientConnection -- http-outgoing-42: set socket timeout to 30000
23:07:48.213 [pool-2-thread-27] DEBUG org.apache.http.impl.execchain.MainClientExec -- Executing request POST /auth/login HTTP/1.1
23:07:48.213 [pool-2-thread-27] DEBUG org.apache.http.impl.execchain.MainClientExec -- Target auth state: UNCHALLENGED
23:07:48.213 [pool-2-thread-27] DEBUG org.apache.http.impl.execchain.MainClientExec -- Proxy auth state: UNCHALLENGED
23:07:48.213 [pool-2-thread-27] DEBUG org.apache.http.headers -- http-outgoing-42 >> POST /auth/login HTTP/1.1
23:07:48.213 [pool-2-thread-27] DEBUG org.apache.http.headers -- http-outgoing-42 >> Content-Type: application/json; charset=UTF-8
23:07:48.213 [pool-2-thread-27] DEBUG org.apache.http.headers -- http-outgoing-42 >> Content-Length: 54
23:07:48.213 [pool-2-thread-27] DEBUG org.apache.http.headers -- http-outgoing-42 >> Host: localhost:3000
23:07:48.213 [pool-2-thread-27] DEBUG org.apache.http.headers -- http-outgoing-42 >> Connection: Keep-Alive
23:07:48.213 [pool-2-thread-27] DEBUG org.apache.http.headers -- http-outgoing-42 >> User-Agent: Apache-HttpClient/4.5.14 (Java/17.0.9)
23:07:48.213 [pool-2-thread-27] DEBUG org.apache.http.headers -- http-outgoing-42 >> Accept-Encoding: gzip,deflate
23:07:48.213 [pool-2-thread-27] DEBUG org.apache.http.wire -- http-outgoing-42 >> "POST /auth/login HTTP/1.1[\r][\n]"
23:07:48.213 [pool-2-thread-27] DEBUG org.apache.http.wire -- http-outgoing-42 >> "Content-Type: application/json; charset=UTF-8[\r][\n]"
23:07:48.213 [pool-2-thread-27] DEBUG org.apache.http.wire -- http-outgoing-42 >> "Content-Length: 54[\r][\n]"
23:07:48.213 [pool-2-thread-27] DEBUG org.apache.http.wire -- http-outgoing-42 >> "Host: localhost:3000[\r][\n]"
23:07:48.213 [pool-2-thread-27] DEBUG org.apache.http.wire -- http-outgoing-42 >> "Connection: Keep-Alive[\r][\n]"
23:07:48.213 [pool-2-thread-27] DEBUG org.apache.http.wire -- http-outgoing-42 >> "User-Agent: Apache-HttpClient/4.5.14 (Java/17.0.9)[\r][\n]"
23:07:48.213 [pool-2-thread-27] DEBUG org.apache.http.wire -- http-outgoing-42 >> "Accept-Encoding: gzip,deflate[\r][\n]"
23:07:48.213 [pool-2-thread-27] DEBUG org.apache.http.wire -- http-outgoing-42 >> "[\r][\n]"
23:07:48.213 [pool-2-thread-27] DEBUG org.apache.http.wire -- http-outgoing-42 >> "{"email":"testit3@gmail.com","password":"Password123"}"
23:07:48.238 [pool-2-thread-19] DEBUG org.apache.http.wire -- http-outgoing-6 << "HTTP/1.1 200 OK[\r][\n]"
23:07:48.238 [pool-2-thread-19] DEBUG org.apache.http.wire -- http-outgoing-6 << "X-Powered-By: Express[\r][\n]"
23:07:48.238 [pool-2-thread-19] DEBUG org.apache.http.wire -- http-outgoing-6 << "Access-Control-Allow-Origin: *[\r][\n]"
23:07:48.238 [pool-2-thread-19] DEBUG org.apache.http.wire -- http-outgoing-6 << "Content-Type: application/json; charset=utf-8[\r][\n]"
23:07:48.238 [pool-2-thread-19] DEBUG org.apache.http.wire -- http-outgoing-6 << "Content-Length: 604[\r][\n]"
23:07:48.238 [pool-2-thread-3] DEBUG org.apache.http.wire -- http-outgoing-20 << "HTTP/1.1 200 OK[\r][\n]"
23:07:48.238 [pool-2-thread-19] DEBUG org.apache.http.wire -- http-outgoing-6 << "ETag: W/"25c-p15QIVx8Q0xz/iQmyfmfXgdQxmI"[\r][\n]"
23:07:48.238 [pool-2-thread-3] DEBUG org.apache.http.wire -- http-outgoing-20 << "X-Powered-By: Express[\r][\n]"
23:07:48.238 [pool-2-thread-19] DEBUG org.apache.http.wire -- http-outgoing-6 << "Date: Sun, 22 Jun 2025 16:07:48 GMT[\r][\n]"
23:07:48.239 [pool-2-thread-19] DEBUG org.apache.http.wire -- http-outgoing-6 << "Connection: keep-alive[\r][\n]"
23:07:48.239 [pool-2-thread-19] DEBUG org.apache.http.wire -- http-outgoing-6 << "Keep-Alive: timeout=5[\r][\n]"
23:07:48.239 [pool-2-thread-3] DEBUG org.apache.http.wire -- http-outgoing-20 << "Access-Control-Allow-Origin: *[\r][\n]"
23:07:48.239 [pool-2-thread-19] DEBUG org.apache.http.wire -- http-outgoing-6 << "[\r][\n]"
23:07:48.239 [pool-2-thread-3] DEBUG org.apache.http.wire -- http-outgoing-20 << "Content-Type: application/json; charset=utf-8[\r][\n]"
23:07:48.239 [pool-2-thread-3] DEBUG org.apache.http.wire -- http-outgoing-20 << "Content-Length: 599[\r][\n]"
23:07:48.239 [pool-2-thread-3] DEBUG org.apache.http.wire -- http-outgoing-20 << "ETag: W/"257-8fJq2cXxHGvnQUKz+JcAyYz9s1A"[\r][\n]"
23:07:48.239 [pool-2-thread-3] DEBUG org.apache.http.wire -- http-outgoing-20 << "Date: Sun, 22 Jun 2025 16:07:48 GMT[\r][\n]"
23:07:48.239 [pool-2-thread-3] DEBUG org.apache.http.wire -- http-outgoing-20 << "Connection: keep-alive[\r][\n]"
23:07:48.239 [pool-2-thread-3] DEBUG org.apache.http.wire -- http-outgoing-20 << "Keep-Alive: timeout=5[\r][\n]"
23:07:48.239 [pool-2-thread-19] DEBUG org.apache.http.wire -- http-outgoing-6 << "{"access_token":"eyJhbGciOiJIUzI1NiIsInR5cCI6IkpXVCJ9.eyJzdWIiOiJkZjZmMDkxOS1hMjNkLTQ0YzktYTkyNS00ZWE4YmU1MjVkMTAiLCJ1c2VybmFtZSI6ImpvaG5kb2UyMyIsInJvbGUiOjAsImlhdCI6MTc1MDYwODQ2NywiZXhwIjoxNzUwNjEyMDY3fQ.zn0r2QsNy6SBakDjENBaUM7pNxM-XzQPY25RbCFj0cA","refresh_token":"5dfdb1fdd997c852ccd362230a943377b15ba0bfddd809373f96743ff6e2d33c","user":{"id":"df6f0919-a23d-44c9-a925-4ea8be525d10","email":"testit@gmail.com","username":"johndoe23","name":"John Doe","phoneNumber":"0123456788","profilePic":null,"bio":null,"private":false,"verified":false,"role":0,"followersCount":0,"followingCount":0,"postCount":0}}"
23:07:48.239 [pool-2-thread-3] DEBUG org.apache.http.wire -- http-outgoing-20 << "[\r][\n]"
23:07:48.239 [pool-2-thread-3] DEBUG org.apache.http.wire -- http-outgoing-20 << "{"access_token":"eyJhbGciOiJIUzI1NiIsInR5cCI6IkpXVCJ9.eyJzdWIiOiIyZGRhMDQzOS01MTgwLTQ1YWEtOTE3Zi1lNjMyZTQ1YThlNDEiLCJ1c2VybmFtZSI6ImpvaG5kb2UiLCJyb2xlIjowLCJpYXQiOjE3NTA2MDg0NjcsImV4cCI6MTc1MDYxMjA2N30.jmp7vJ5Ppe2ckJMmdszIB1nX9FgCL84hoefajQgpnXo","refresh_token":"c9b1532613efd96d3e6cb8267abfe56e58665daaa0421e17d51271e23fab7426","user":{"id":"2dda0439-5180-45aa-917f-e632e45a8e41","email":"test@example.com","username":"johndoe","name":"John Doe","phoneNumber":"0987654321","profilePic":null,"bio":null,"private":false,"verified":false,"role":0,"followersCount":0,"followingCount":0,"postCount":0}}"
23:07:48.239 [pool-2-thread-3] DEBUG org.apache.http.headers -- http-outgoing-20 << HTTP/1.1 200 OK
23:07:48.239 [pool-2-thread-19] DEBUG org.apache.http.headers -- http-outgoing-6 << HTTP/1.1 200 OK
23:07:48.239 [pool-2-thread-3] DEBUG org.apache.http.headers -- http-outgoing-20 << X-Powered-By: Express
23:07:48.239 [pool-2-thread-19] DEBUG org.apache.http.headers -- http-outgoing-6 << X-Powered-By: Express
23:07:48.239 [pool-2-thread-3] DEBUG org.apache.http.headers -- http-outgoing-20 << Access-Control-Allow-Origin: *
23:07:48.239 [pool-2-thread-19] DEBUG org.apache.http.headers -- http-outgoing-6 << Access-Control-Allow-Origin: *
23:07:48.239 [pool-2-thread-3] DEBUG org.apache.http.headers -- http-outgoing-20 << Content-Type: application/json; charset=utf-8
23:07:48.239 [pool-2-thread-3] DEBUG org.apache.http.headers -- http-outgoing-20 << Content-Length: 599
23:07:48.239 [pool-2-thread-3] DEBUG org.apache.http.headers -- http-outgoing-20 << ETag: W/"257-8fJq2cXxHGvnQUKz+JcAyYz9s1A"
23:07:48.239 [pool-2-thread-19] DEBUG org.apache.http.headers -- http-outgoing-6 << Content-Type: application/json; charset=utf-8
23:07:48.239 [pool-2-thread-3] DEBUG org.apache.http.headers -- http-outgoing-20 << Date: Sun, 22 Jun 2025 16:07:48 GMT
23:07:48.239 [pool-2-thread-19] DEBUG org.apache.http.headers -- http-outgoing-6 << Content-Length: 604
23:07:48.239 [pool-2-thread-3] DEBUG org.apache.http.headers -- http-outgoing-20 << Connection: keep-alive
23:07:48.239 [pool-2-thread-19] DEBUG org.apache.http.headers -- http-outgoing-6 << ETag: W/"25c-p15QIVx8Q0xz/iQmyfmfXgdQxmI"
23:07:48.239 [pool-2-thread-19] DEBUG org.apache.http.headers -- http-outgoing-6 << Date: Sun, 22 Jun 2025 16:07:48 GMT
23:07:48.239 [pool-2-thread-19] DEBUG org.apache.http.headers -- http-outgoing-6 << Connection: keep-alive
23:07:48.239 [pool-2-thread-3] DEBUG org.apache.http.headers -- http-outgoing-20 << Keep-Alive: timeout=5
23:07:48.239 [pool-2-thread-19] DEBUG org.apache.http.headers -- http-outgoing-6 << Keep-Alive: timeout=5
23:07:48.239 [pool-2-thread-19] DEBUG org.apache.http.impl.execchain.MainClientExec -- Connection can be kept alive for 5000 MILLISECONDS
23:07:48.239 [pool-2-thread-3] DEBUG org.apache.http.impl.execchain.MainClientExec -- Connection can be kept alive for 5000 MILLISECONDS
23:07:48.239 [pool-2-thread-19] DEBUG org.apache.http.impl.conn.PoolingHttpClientConnectionManager -- Connection [id: 6][route: {}->http://localhost:3000] can be kept alive for 5.0 seconds
23:07:48.239 [pool-2-thread-19] DEBUG org.apache.http.impl.conn.DefaultManagedHttpClientConnection -- http-outgoing-6: set socket timeout to 0
23:07:48.239 [pool-2-thread-19] DEBUG org.apache.http.impl.conn.PoolingHttpClientConnectionManager -- Connection released: [id: 6][route: {}->http://localhost:3000][total available: 1; route allocated: 1 of 5; total allocated: 1 of 10]
23:07:48.239 [pool-2-thread-3] DEBUG org.apache.http.impl.conn.PoolingHttpClientConnectionManager -- Connection [id: 11][route: {}->http://localhost:3000] can be kept alive for 5.0 seconds
23:07:48.239 [pool-2-thread-19] DEBUG org.apache.http.impl.conn.PoolingHttpClientConnectionManager -- Connection manager is shutting down
23:07:48.239 [pool-2-thread-3] DEBUG org.apache.http.impl.conn.DefaultManagedHttpClientConnection -- http-outgoing-20: set socket timeout to 0
23:07:48.239 [pool-2-thread-19] DEBUG org.apache.http.impl.conn.DefaultManagedHttpClientConnection -- http-outgoing-6: Close connection
23:07:48.239 [pool-2-thread-3] DEBUG org.apache.http.impl.conn.PoolingHttpClientConnectionManager -- Connection released: [id: 11][route: {}->http://localhost:3000][total available: 1; route allocated: 1 of 5; total allocated: 1 of 10]
23:07:48.239 [pool-2-thread-3] DEBUG org.apache.http.impl.conn.PoolingHttpClientConnectionManager -- Connection manager is shutting down
23:07:48.239 [pool-2-thread-3] DEBUG org.apache.http.impl.conn.DefaultManagedHttpClientConnection -- http-outgoing-20: Close connection
23:07:48.239 [pool-2-thread-18] DEBUG org.apache.http.wire -- http-outgoing-22 << "HTTP/1.1 200 OK[\r][\n]"
23:07:48.239 [pool-2-thread-18] DEBUG org.apache.http.wire -- http-outgoing-22 << "X-Powered-By: Express[\r][\n]"
23:07:48.239 [pool-2-thread-18] DEBUG org.apache.http.wire -- http-outgoing-22 << "Access-Control-Allow-Origin: *[\r][\n]"
23:07:48.239 [pool-2-thread-18] DEBUG org.apache.http.wire -- http-outgoing-22 << "Content-Type: application/json; charset=utf-8[\r][\n]"
23:07:48.239 [pool-2-thread-18] DEBUG org.apache.http.wire -- http-outgoing-22 << "Content-Length: 609[\r][\n]"
23:07:48.239 [pool-2-thread-18] DEBUG org.apache.http.wire -- http-outgoing-22 << "ETag: W/"261-9QvbCrG9JX35coRm+LBYKNA6qs8"[\r][\n]"
23:07:48.239 [pool-2-thread-18] DEBUG org.apache.http.wire -- http-outgoing-22 << "Date: Sun, 22 Jun 2025 16:07:48 GMT[\r][\n]"
23:07:48.239 [pool-2-thread-18] DEBUG org.apache.http.wire -- http-outgoing-22 << "Connection: keep-alive[\r][\n]"
23:07:48.239 [pool-2-thread-18] DEBUG org.apache.http.wire -- http-outgoing-22 << "Keep-Alive: timeout=5[\r][\n]"
23:07:48.239 [pool-2-thread-18] DEBUG org.apache.http.wire -- http-outgoing-22 << "[\r][\n]"
23:07:48.239 [pool-2-thread-3] DEBUG org.apache.http.impl.conn.PoolingHttpClientConnectionManager -- Connection manager shut down
23:07:48.239 [pool-2-thread-19] DEBUG org.apache.http.impl.conn.PoolingHttpClientConnectionManager -- Connection manager shut down
23:07:48.239 [pool-2-thread-18] DEBUG org.apache.http.wire -- http-outgoing-22 << "{"access_token":"eyJhbGciOiJIUzI1NiIsInR5cCI6IkpXVCJ9.eyJzdWIiOiIyNzJmNmI1NS01MTc5LTRhZTMtODU2My1iNGVjMTBmNzY3MTUiLCJ1c2VybmFtZSI6ImpvaG5kb2UyZDVkIiwicm9sZSI6MCwiaWF0IjoxNzUwNjA4NDY3LCJleHAiOjE3NTA2MTIwNjd9.NXxbZbnzr8bkamyaLAJXQgaTHdp073w6Ohd08uyYu1Y","refresh_token":"7c75e512220920d82afabe8174d66979ba0629e418c6ad75aeccf26491b66474","user":{"id":"272f6b55-5179-4ae3-8563-b4ec10f76715","email":"testit5@gmail.com","username":"johndoe2d5d","name":"John Doe","phoneNumber":"0123456132","profilePic":null,"bio":null,"private":false,"verified":false,"role":0,"followersCount":0,"followingCount":0,"postCount":0}}"
23:07:48.239 [pool-2-thread-18] DEBUG org.apache.http.headers -- http-outgoing-22 << HTTP/1.1 200 OK
23:07:48.239 [pool-2-thread-18] DEBUG org.apache.http.headers -- http-outgoing-22 << X-Powered-By: Express
23:07:48.239 [pool-2-thread-18] DEBUG org.apache.http.headers -- http-outgoing-22 << Access-Control-Allow-Origin: *
23:07:48.239 [pool-2-thread-18] DEBUG org.apache.http.headers -- http-outgoing-22 << Content-Type: application/json; charset=utf-8
23:07:48.239 [pool-2-thread-18] DEBUG org.apache.http.headers -- http-outgoing-22 << Content-Length: 609
23:07:48.239 [pool-2-thread-18] DEBUG org.apache.http.headers -- http-outgoing-22 << ETag: W/"261-9QvbCrG9JX35coRm+LBYKNA6qs8"
23:07:48.239 [pool-2-thread-18] DEBUG org.apache.http.headers -- http-outgoing-22 << Date: Sun, 22 Jun 2025 16:07:48 GMT
23:07:48.239 [pool-2-thread-18] DEBUG org.apache.http.headers -- http-outgoing-22 << Connection: keep-alive
23:07:48.239 [pool-2-thread-18] DEBUG org.apache.http.headers -- http-outgoing-22 << Keep-Alive: timeout=5
23:07:48.239 [pool-2-thread-3] DEBUG com.intuit.karate -- response time in milliseconds: 2168
1 < 200
1 < X-Powered-By: Express
1 < Access-Control-Allow-Origin: *
1 < Content-Type: application/json; charset=utf-8
1 < Content-Length: 599
1 < ETag: W/"257-8fJq2cXxHGvnQUKz+JcAyYz9s1A"
1 < Date: Sun, 22 Jun 2025 16:07:48 GMT
1 < Connection: keep-alive
1 < Keep-Alive: timeout=5
{"access_token":"eyJhbGciOiJIUzI1NiIsInR5cCI6IkpXVCJ9.eyJzdWIiOiIyZGRhMDQzOS01MTgwLTQ1YWEtOTE3Zi1lNjMyZTQ1YThlNDEiLCJ1c2VybmFtZSI6ImpvaG5kb2UiLCJyb2xlIjowLCJpYXQiOjE3NTA2MDg0NjcsImV4cCI6MTc1MDYxMjA2N30.jmp7vJ5Ppe2ckJMmdszIB1nX9FgCL84hoefajQgpnXo","refresh_token":"c9b1532613efd96d3e6cb8267abfe56e58665daaa0421e17d51271e23fab7426","user":{"id":"2dda0439-5180-45aa-917f-e632e45a8e41","email":"test@example.com","username":"johndoe","name":"John Doe","phoneNumber":"0987654321","profilePic":null,"bio":null,"private":false,"verified":false,"role":0,"followersCount":0,"followingCount":0,"postCount":0}}

23:07:48.239 [pool-2-thread-19] DEBUG com.intuit.karate -- response time in milliseconds: 2167
1 < 200
1 < X-Powered-By: Express
1 < Access-Control-Allow-Origin: *
1 < Content-Type: application/json; charset=utf-8
1 < Content-Length: 604
1 < ETag: W/"25c-p15QIVx8Q0xz/iQmyfmfXgdQxmI"
1 < Date: Sun, 22 Jun 2025 16:07:48 GMT
1 < Connection: keep-alive
1 < Keep-Alive: timeout=5
{"access_token":"eyJhbGciOiJIUzI1NiIsInR5cCI6IkpXVCJ9.eyJzdWIiOiJkZjZmMDkxOS1hMjNkLTQ0YzktYTkyNS00ZWE4YmU1MjVkMTAiLCJ1c2VybmFtZSI6ImpvaG5kb2UyMyIsInJvbGUiOjAsImlhdCI6MTc1MDYwODQ2NywiZXhwIjoxNzUwNjEyMDY3fQ.zn0r2QsNy6SBakDjENBaUM7pNxM-XzQPY25RbCFj0cA","refresh_token":"5dfdb1fdd997c852ccd362230a943377b15ba0bfddd809373f96743ff6e2d33c","user":{"id":"df6f0919-a23d-44c9-a925-4ea8be525d10","email":"testit@gmail.com","username":"johndoe23","name":"John Doe","phoneNumber":"0123456788","profilePic":null,"bio":null,"private":false,"verified":false,"role":0,"followersCount":0,"followingCount":0,"postCount":0}}

23:07:48.240 [pool-2-thread-18] DEBUG org.apache.http.impl.execchain.MainClientExec -- Connection can be kept alive for 5000 MILLISECONDS
23:07:48.240 [pool-2-thread-18] DEBUG org.apache.http.impl.conn.PoolingHttpClientConnectionManager -- Connection [id: 15][route: {}->http://localhost:3000] can be kept alive for 5.0 seconds
23:07:48.240 [pool-2-thread-18] DEBUG org.apache.http.impl.conn.DefaultManagedHttpClientConnection -- http-outgoing-22: set socket timeout to 0
23:07:48.240 [pool-2-thread-18] DEBUG org.apache.http.impl.conn.PoolingHttpClientConnectionManager -- Connection released: [id: 15][route: {}->http://localhost:3000][total available: 1; route allocated: 1 of 5; total allocated: 1 of 10]
23:07:48.240 [pool-2-thread-18] DEBUG org.apache.http.impl.conn.PoolingHttpClientConnectionManager -- Connection manager is shutting down
23:07:48.240 [pool-2-thread-18] DEBUG org.apache.http.impl.conn.DefaultManagedHttpClientConnection -- http-outgoing-22: Close connection
23:07:48.240 [pool-2-thread-18] DEBUG org.apache.http.impl.conn.PoolingHttpClientConnectionManager -- Connection manager shut down
23:07:48.240 [pool-2-thread-18] DEBUG com.intuit.karate -- response time in milliseconds: 2170
1 < 200
1 < X-Powered-By: Express
1 < Access-Control-Allow-Origin: *
1 < Content-Type: application/json; charset=utf-8
1 < Content-Length: 609
1 < ETag: W/"261-9QvbCrG9JX35coRm+LBYKNA6qs8"
1 < Date: Sun, 22 Jun 2025 16:07:48 GMT
1 < Connection: keep-alive
1 < Keep-Alive: timeout=5
{"access_token":"eyJhbGciOiJIUzI1NiIsInR5cCI6IkpXVCJ9.eyJzdWIiOiIyNzJmNmI1NS01MTc5LTRhZTMtODU2My1iNGVjMTBmNzY3MTUiLCJ1c2VybmFtZSI6ImpvaG5kb2UyZDVkIiwicm9sZSI6MCwiaWF0IjoxNzUwNjA4NDY3LCJleHAiOjE3NTA2MTIwNjd9.NXxbZbnzr8bkamyaLAJXQgaTHdp073w6Ohd08uyYu1Y","refresh_token":"7c75e512220920d82afabe8174d66979ba0629e418c6ad75aeccf26491b66474","user":{"id":"272f6b55-5179-4ae3-8563-b4ec10f76715","email":"testit5@gmail.com","username":"johndoe2d5d","name":"John Doe","phoneNumber":"0123456132","profilePic":null,"bio":null,"private":false,"verified":false,"role":0,"followersCount":0,"followingCount":0,"postCount":0}}

23:07:48.241 [pool-2-thread-18] INFO com.intuit.karate -- [print] Call 1 completed, status: 200 
23:07:48.241 [pool-2-thread-3] INFO com.intuit.karate -- [print] Call 1 completed, status: 200 
23:07:48.241 [pool-2-thread-19] INFO com.intuit.karate -- [print] Call 1 completed, status: 200 
23:07:48.241 [pool-2-thread-18] INFO com.intuit.karate -- [print] *** API CALL 2 *** 
23:07:48.241 [pool-2-thread-19] INFO com.intuit.karate -- [print] *** API CALL 2 *** 
23:07:48.241 [pool-2-thread-3] INFO com.intuit.karate -- [print] *** API CALL 2 *** 
23:07:48.242 [pool-2-thread-18] DEBUG org.apache.http.client.protocol.RequestAddCookies -- CookieSpec selected: karate
23:07:48.242 [pool-2-thread-19] DEBUG org.apache.http.client.protocol.RequestAddCookies -- CookieSpec selected: karate
23:07:48.242 [pool-2-thread-3] DEBUG org.apache.http.client.protocol.RequestAddCookies -- CookieSpec selected: karate
23:07:48.242 [pool-2-thread-18] DEBUG org.apache.http.client.protocol.RequestAuthCache -- Auth cache not set in the context
23:07:48.242 [pool-2-thread-19] DEBUG org.apache.http.client.protocol.RequestAuthCache -- Auth cache not set in the context
23:07:48.242 [pool-2-thread-3] DEBUG org.apache.http.client.protocol.RequestAuthCache -- Auth cache not set in the context
23:07:48.242 [pool-2-thread-18] DEBUG com.intuit.karate -- request:
2 > POST http://localhost:3000/auth/login
2 > Content-Type: application/json; charset=UTF-8
2 > Content-Length: 54
2 > Host: localhost:3000
2 > Connection: Keep-Alive
2 > User-Agent: Apache-HttpClient/4.5.14 (Java/17.0.9)
2 > Accept-Encoding: gzip,deflate
{"email":"testit5@gmail.com","password":"Password123"}

23:07:48.242 [pool-2-thread-3] DEBUG com.intuit.karate -- request:
2 > POST http://localhost:3000/auth/login
2 > Content-Type: application/json; charset=UTF-8
2 > Content-Length: 53
2 > Host: localhost:3000
2 > Connection: Keep-Alive
2 > User-Agent: Apache-HttpClient/4.5.14 (Java/17.0.9)
2 > Accept-Encoding: gzip,deflate
{"email":"test@example.com","password":"Password123"}

23:07:48.242 [pool-2-thread-19] DEBUG com.intuit.karate -- request:
2 > POST http://localhost:3000/auth/login
2 > Content-Type: application/json; charset=UTF-8
2 > Content-Length: 53
2 > Host: localhost:3000
2 > Connection: Keep-Alive
2 > User-Agent: Apache-HttpClient/4.5.14 (Java/17.0.9)
2 > Accept-Encoding: gzip,deflate
{"email":"testit@gmail.com","password":"Password123"}

23:07:48.243 [pool-2-thread-3] DEBUG org.apache.http.impl.conn.PoolingHttpClientConnectionManager -- Connection request: [route: {}->http://localhost:3000][total available: 0; route allocated: 0 of 5; total allocated: 0 of 10]
23:07:48.243 [pool-2-thread-18] DEBUG org.apache.http.impl.conn.PoolingHttpClientConnectionManager -- Connection request: [route: {}->http://localhost:3000][total available: 0; route allocated: 0 of 5; total allocated: 0 of 10]
23:07:48.243 [pool-2-thread-19] DEBUG org.apache.http.impl.conn.PoolingHttpClientConnectionManager -- Connection request: [route: {}->http://localhost:3000][total available: 0; route allocated: 0 of 5; total allocated: 0 of 10]
23:07:48.243 [pool-2-thread-3] DEBUG org.apache.http.impl.conn.PoolingHttpClientConnectionManager -- Connection leased: [id: 43][route: {}->http://localhost:3000][total available: 0; route allocated: 1 of 5; total allocated: 1 of 10]
23:07:48.243 [pool-2-thread-19] DEBUG org.apache.http.impl.conn.PoolingHttpClientConnectionManager -- Connection leased: [id: 45][route: {}->http://localhost:3000][total available: 0; route allocated: 1 of 5; total allocated: 1 of 10]
23:07:48.243 [pool-2-thread-3] DEBUG org.apache.http.impl.execchain.MainClientExec -- Opening connection {}->http://localhost:3000
23:07:48.243 [pool-2-thread-19] DEBUG org.apache.http.impl.execchain.MainClientExec -- Opening connection {}->http://localhost:3000
23:07:48.243 [pool-2-thread-18] DEBUG org.apache.http.impl.conn.PoolingHttpClientConnectionManager -- Connection leased: [id: 44][route: {}->http://localhost:3000][total available: 0; route allocated: 1 of 5; total allocated: 1 of 10]
23:07:48.243 [pool-2-thread-18] DEBUG org.apache.http.impl.execchain.MainClientExec -- Opening connection {}->http://localhost:3000
23:07:48.243 [pool-2-thread-18] DEBUG org.apache.http.impl.conn.DefaultHttpClientConnectionOperator -- Connecting to localhost/127.0.0.1:3000
23:07:48.243 [pool-2-thread-3] DEBUG org.apache.http.impl.conn.DefaultHttpClientConnectionOperator -- Connecting to localhost/127.0.0.1:3000
23:07:48.243 [pool-2-thread-19] DEBUG org.apache.http.impl.conn.DefaultHttpClientConnectionOperator -- Connecting to localhost/127.0.0.1:3000
23:07:48.243 [pool-2-thread-19] DEBUG org.apache.http.impl.conn.DefaultHttpClientConnectionOperator -- Connection established 127.0.0.1:52699<->127.0.0.1:3000
23:07:48.243 [pool-2-thread-19] DEBUG org.apache.http.impl.conn.DefaultManagedHttpClientConnection -- http-outgoing-45: set socket timeout to 30000
23:07:48.243 [pool-2-thread-19] DEBUG org.apache.http.impl.execchain.MainClientExec -- Executing request POST /auth/login HTTP/1.1
23:07:48.243 [pool-2-thread-19] DEBUG org.apache.http.impl.execchain.MainClientExec -- Target auth state: UNCHALLENGED
23:07:48.243 [pool-2-thread-19] DEBUG org.apache.http.impl.execchain.MainClientExec -- Proxy auth state: UNCHALLENGED
23:07:48.243 [pool-2-thread-18] DEBUG org.apache.http.impl.conn.DefaultHttpClientConnectionOperator -- Connection established 127.0.0.1:52698<->127.0.0.1:3000
23:07:48.243 [pool-2-thread-18] DEBUG org.apache.http.impl.conn.DefaultManagedHttpClientConnection -- http-outgoing-44: set socket timeout to 30000
23:07:48.243 [pool-2-thread-3] DEBUG org.apache.http.impl.conn.DefaultHttpClientConnectionOperator -- Connection established 127.0.0.1:52700<->127.0.0.1:3000
23:07:48.243 [pool-2-thread-19] DEBUG org.apache.http.headers -- http-outgoing-45 >> POST /auth/login HTTP/1.1
23:07:48.243 [pool-2-thread-3] DEBUG org.apache.http.impl.conn.DefaultManagedHttpClientConnection -- http-outgoing-43: set socket timeout to 30000
23:07:48.243 [pool-2-thread-18] DEBUG org.apache.http.impl.execchain.MainClientExec -- Executing request POST /auth/login HTTP/1.1
23:07:48.243 [pool-2-thread-19] DEBUG org.apache.http.headers -- http-outgoing-45 >> Content-Type: application/json; charset=UTF-8
23:07:48.243 [pool-2-thread-19] DEBUG org.apache.http.headers -- http-outgoing-45 >> Content-Length: 53
23:07:48.243 [pool-2-thread-3] DEBUG org.apache.http.impl.execchain.MainClientExec -- Executing request POST /auth/login HTTP/1.1
23:07:48.243 [pool-2-thread-3] DEBUG org.apache.http.impl.execchain.MainClientExec -- Target auth state: UNCHALLENGED
23:07:48.243 [pool-2-thread-18] DEBUG org.apache.http.impl.execchain.MainClientExec -- Target auth state: UNCHALLENGED
23:07:48.243 [pool-2-thread-18] DEBUG org.apache.http.impl.execchain.MainClientExec -- Proxy auth state: UNCHALLENGED
23:07:48.243 [pool-2-thread-19] DEBUG org.apache.http.headers -- http-outgoing-45 >> Host: localhost:3000
23:07:48.243 [pool-2-thread-19] DEBUG org.apache.http.headers -- http-outgoing-45 >> Connection: Keep-Alive
23:07:48.243 [pool-2-thread-3] DEBUG org.apache.http.impl.execchain.MainClientExec -- Proxy auth state: UNCHALLENGED
23:07:48.243 [pool-2-thread-18] DEBUG org.apache.http.headers -- http-outgoing-44 >> POST /auth/login HTTP/1.1
23:07:48.243 [pool-2-thread-19] DEBUG org.apache.http.headers -- http-outgoing-45 >> User-Agent: Apache-HttpClient/4.5.14 (Java/17.0.9)
23:07:48.243 [pool-2-thread-18] DEBUG org.apache.http.headers -- http-outgoing-44 >> Content-Type: application/json; charset=UTF-8
23:07:48.243 [pool-2-thread-3] DEBUG org.apache.http.headers -- http-outgoing-43 >> POST /auth/login HTTP/1.1
23:07:48.243 [pool-2-thread-18] DEBUG org.apache.http.headers -- http-outgoing-44 >> Content-Length: 54
23:07:48.243 [pool-2-thread-18] DEBUG org.apache.http.headers -- http-outgoing-44 >> Host: localhost:3000
23:07:48.243 [pool-2-thread-19] DEBUG org.apache.http.headers -- http-outgoing-45 >> Accept-Encoding: gzip,deflate
23:07:48.243 [pool-2-thread-3] DEBUG org.apache.http.headers -- http-outgoing-43 >> Content-Type: application/json; charset=UTF-8
23:07:48.243 [pool-2-thread-3] DEBUG org.apache.http.headers -- http-outgoing-43 >> Content-Length: 53
23:07:48.243 [pool-2-thread-3] DEBUG org.apache.http.headers -- http-outgoing-43 >> Host: localhost:3000
23:07:48.243 [pool-2-thread-18] DEBUG org.apache.http.headers -- http-outgoing-44 >> Connection: Keep-Alive
23:07:48.243 [pool-2-thread-19] DEBUG org.apache.http.wire -- http-outgoing-45 >> "POST /auth/login HTTP/1.1[\r][\n]"
23:07:48.243 [pool-2-thread-18] DEBUG org.apache.http.headers -- http-outgoing-44 >> User-Agent: Apache-HttpClient/4.5.14 (Java/17.0.9)
23:07:48.243 [pool-2-thread-19] DEBUG org.apache.http.wire -- http-outgoing-45 >> "Content-Type: application/json; charset=UTF-8[\r][\n]"
23:07:48.243 [pool-2-thread-19] DEBUG org.apache.http.wire -- http-outgoing-45 >> "Content-Length: 53[\r][\n]"
23:07:48.243 [pool-2-thread-18] DEBUG org.apache.http.headers -- http-outgoing-44 >> Accept-Encoding: gzip,deflate
23:07:48.243 [pool-2-thread-19] DEBUG org.apache.http.wire -- http-outgoing-45 >> "Host: localhost:3000[\r][\n]"
23:07:48.243 [pool-2-thread-19] DEBUG org.apache.http.wire -- http-outgoing-45 >> "Connection: Keep-Alive[\r][\n]"
23:07:48.243 [pool-2-thread-3] DEBUG org.apache.http.headers -- http-outgoing-43 >> Connection: Keep-Alive
23:07:48.243 [pool-2-thread-19] DEBUG org.apache.http.wire -- http-outgoing-45 >> "User-Agent: Apache-HttpClient/4.5.14 (Java/17.0.9)[\r][\n]"
23:07:48.243 [pool-2-thread-3] DEBUG org.apache.http.headers -- http-outgoing-43 >> User-Agent: Apache-HttpClient/4.5.14 (Java/17.0.9)
23:07:48.243 [pool-2-thread-3] DEBUG org.apache.http.headers -- http-outgoing-43 >> Accept-Encoding: gzip,deflate
23:07:48.243 [pool-2-thread-19] DEBUG org.apache.http.wire -- http-outgoing-45 >> "Accept-Encoding: gzip,deflate[\r][\n]"
23:07:48.243 [pool-2-thread-19] DEBUG org.apache.http.wire -- http-outgoing-45 >> "[\r][\n]"
23:07:48.243 [pool-2-thread-3] DEBUG org.apache.http.wire -- http-outgoing-43 >> "POST /auth/login HTTP/1.1[\r][\n]"
23:07:48.243 [pool-2-thread-18] DEBUG org.apache.http.wire -- http-outgoing-44 >> "POST /auth/login HTTP/1.1[\r][\n]"
23:07:48.243 [pool-2-thread-3] DEBUG org.apache.http.wire -- http-outgoing-43 >> "Content-Type: application/json; charset=UTF-8[\r][\n]"
23:07:48.243 [pool-2-thread-18] DEBUG org.apache.http.wire -- http-outgoing-44 >> "Content-Type: application/json; charset=UTF-8[\r][\n]"
23:07:48.243 [pool-2-thread-3] DEBUG org.apache.http.wire -- http-outgoing-43 >> "Content-Length: 53[\r][\n]"
23:07:48.243 [pool-2-thread-3] DEBUG org.apache.http.wire -- http-outgoing-43 >> "Host: localhost:3000[\r][\n]"
23:07:48.243 [pool-2-thread-19] DEBUG org.apache.http.wire -- http-outgoing-45 >> "{"email":"testit@gmail.com","password":"Password123"}"
23:07:48.243 [pool-2-thread-3] DEBUG org.apache.http.wire -- http-outgoing-43 >> "Connection: Keep-Alive[\r][\n]"
23:07:48.243 [pool-2-thread-3] DEBUG org.apache.http.wire -- http-outgoing-43 >> "User-Agent: Apache-HttpClient/4.5.14 (Java/17.0.9)[\r][\n]"
23:07:48.243 [pool-2-thread-18] DEBUG org.apache.http.wire -- http-outgoing-44 >> "Content-Length: 54[\r][\n]"
23:07:48.243 [pool-2-thread-3] DEBUG org.apache.http.wire -- http-outgoing-43 >> "Accept-Encoding: gzip,deflate[\r][\n]"
23:07:48.243 [pool-2-thread-18] DEBUG org.apache.http.wire -- http-outgoing-44 >> "Host: localhost:3000[\r][\n]"
23:07:48.243 [pool-2-thread-3] DEBUG org.apache.http.wire -- http-outgoing-43 >> "[\r][\n]"
23:07:48.243 [pool-2-thread-18] DEBUG org.apache.http.wire -- http-outgoing-44 >> "Connection: Keep-Alive[\r][\n]"
23:07:48.243 [pool-2-thread-3] DEBUG org.apache.http.wire -- http-outgoing-43 >> "{"email":"test@example.com","password":"Password123"}"
23:07:48.243 [pool-2-thread-18] DEBUG org.apache.http.wire -- http-outgoing-44 >> "User-Agent: Apache-HttpClient/4.5.14 (Java/17.0.9)[\r][\n]"
23:07:48.243 [pool-2-thread-18] DEBUG org.apache.http.wire -- http-outgoing-44 >> "Accept-Encoding: gzip,deflate[\r][\n]"
23:07:48.243 [pool-2-thread-18] DEBUG org.apache.http.wire -- http-outgoing-44 >> "[\r][\n]"
23:07:48.245 [pool-2-thread-18] DEBUG org.apache.http.wire -- http-outgoing-44 >> "{"email":"testit5@gmail.com","password":"Password123"}"
23:07:48.250 [pool-2-thread-24] DEBUG org.apache.http.wire -- http-outgoing-13 << "HTTP/1.1 200 OK[\r][\n]"
23:07:48.250 [pool-2-thread-24] DEBUG org.apache.http.wire -- http-outgoing-13 << "X-Powered-By: Express[\r][\n]"
23:07:48.250 [pool-2-thread-24] DEBUG org.apache.http.wire -- http-outgoing-13 << "Access-Control-Allow-Origin: *[\r][\n]"
23:07:48.250 [pool-2-thread-24] DEBUG org.apache.http.wire -- http-outgoing-13 << "Content-Type: application/json; charset=utf-8[\r][\n]"
23:07:48.250 [pool-2-thread-24] DEBUG org.apache.http.wire -- http-outgoing-13 << "Content-Length: 608[\r][\n]"
23:07:48.250 [pool-2-thread-24] DEBUG org.apache.http.wire -- http-outgoing-13 << "ETag: W/"260-0fqyYOJOY7YP+hIU0dGtAXUv+xE"[\r][\n]"
23:07:48.250 [pool-2-thread-24] DEBUG org.apache.http.wire -- http-outgoing-13 << "Date: Sun, 22 Jun 2025 16:07:48 GMT[\r][\n]"
23:07:48.250 [pool-2-thread-24] DEBUG org.apache.http.wire -- http-outgoing-13 << "Connection: keep-alive[\r][\n]"
23:07:48.250 [pool-2-thread-24] DEBUG org.apache.http.wire -- http-outgoing-13 << "Keep-Alive: timeout=5[\r][\n]"
23:07:48.250 [pool-2-thread-24] DEBUG org.apache.http.wire -- http-outgoing-13 << "[\r][\n]"
23:07:48.250 [pool-2-thread-24] DEBUG org.apache.http.wire -- http-outgoing-13 << "{"access_token":"eyJhbGciOiJIUzI1NiIsInR5cCI6IkpXVCJ9.eyJzdWIiOiI4YTI0NzQ2MS01YzA0LTQyMWQtOThmNS1mYTljNzM0ZmFlYTUiLCJ1c2VybmFtZSI6ImphbmVzbWl0aCIsInJvbGUiOjAsImlhdCI6MTc1MDYwODQ2NywiZXhwIjoxNzUwNjEyMDY3fQ.EsC62v0DaOU1kciTMP4CkRvEvBLSg7_lP9e8rNiH5_M","refresh_token":"1c2a1f478f0beb21144d0745541cce894592c3a71879a32f8f063f11896c6d1a","user":{"id":"8a247461-5c04-421d-98f5-fa9c734faea5","email":"test2@example.com","username":"janesmith","name":"Jane Smith","phoneNumber":"01234567890","profilePic":null,"bio":null,"private":false,"verified":false,"role":0,"followersCount":0,"followingCount":0,"postCount":0}}"
23:07:48.250 [pool-2-thread-24] DEBUG org.apache.http.headers -- http-outgoing-13 << HTTP/1.1 200 OK
23:07:48.250 [pool-2-thread-24] DEBUG org.apache.http.headers -- http-outgoing-13 << X-Powered-By: Express
23:07:48.250 [pool-2-thread-24] DEBUG org.apache.http.headers -- http-outgoing-13 << Access-Control-Allow-Origin: *
23:07:48.250 [pool-2-thread-24] DEBUG org.apache.http.headers -- http-outgoing-13 << Content-Type: application/json; charset=utf-8
23:07:48.250 [pool-2-thread-24] DEBUG org.apache.http.headers -- http-outgoing-13 << Content-Length: 608
23:07:48.250 [pool-2-thread-24] DEBUG org.apache.http.headers -- http-outgoing-13 << ETag: W/"260-0fqyYOJOY7YP+hIU0dGtAXUv+xE"
23:07:48.250 [pool-2-thread-24] DEBUG org.apache.http.headers -- http-outgoing-13 << Date: Sun, 22 Jun 2025 16:07:48 GMT
23:07:48.250 [pool-2-thread-24] DEBUG org.apache.http.headers -- http-outgoing-13 << Connection: keep-alive
23:07:48.250 [pool-2-thread-24] DEBUG org.apache.http.headers -- http-outgoing-13 << Keep-Alive: timeout=5
23:07:48.250 [pool-2-thread-24] DEBUG org.apache.http.impl.execchain.MainClientExec -- Connection can be kept alive for 5000 MILLISECONDS
23:07:48.250 [pool-2-thread-24] DEBUG org.apache.http.impl.conn.PoolingHttpClientConnectionManager -- Connection [id: 3][route: {}->http://localhost:3000] can be kept alive for 5.0 seconds
23:07:48.250 [pool-2-thread-24] DEBUG org.apache.http.impl.conn.DefaultManagedHttpClientConnection -- http-outgoing-13: set socket timeout to 0
23:07:48.250 [pool-2-thread-24] DEBUG org.apache.http.impl.conn.PoolingHttpClientConnectionManager -- Connection released: [id: 3][route: {}->http://localhost:3000][total available: 1; route allocated: 1 of 5; total allocated: 1 of 10]
23:07:48.250 [pool-2-thread-24] DEBUG org.apache.http.impl.conn.PoolingHttpClientConnectionManager -- Connection manager is shutting down
23:07:48.250 [pool-2-thread-24] DEBUG org.apache.http.impl.conn.DefaultManagedHttpClientConnection -- http-outgoing-13: Close connection
23:07:48.250 [pool-2-thread-24] DEBUG org.apache.http.impl.conn.PoolingHttpClientConnectionManager -- Connection manager shut down
23:07:48.251 [pool-2-thread-24] DEBUG com.intuit.karate -- response time in milliseconds: 2180
1 < 200
1 < X-Powered-By: Express
1 < Access-Control-Allow-Origin: *
1 < Content-Type: application/json; charset=utf-8
1 < Content-Length: 608
1 < ETag: W/"260-0fqyYOJOY7YP+hIU0dGtAXUv+xE"
1 < Date: Sun, 22 Jun 2025 16:07:48 GMT
1 < Connection: keep-alive
1 < Keep-Alive: timeout=5
{"access_token":"eyJhbGciOiJIUzI1NiIsInR5cCI6IkpXVCJ9.eyJzdWIiOiI4YTI0NzQ2MS01YzA0LTQyMWQtOThmNS1mYTljNzM0ZmFlYTUiLCJ1c2VybmFtZSI6ImphbmVzbWl0aCIsInJvbGUiOjAsImlhdCI6MTc1MDYwODQ2NywiZXhwIjoxNzUwNjEyMDY3fQ.EsC62v0DaOU1kciTMP4CkRvEvBLSg7_lP9e8rNiH5_M","refresh_token":"1c2a1f478f0beb21144d0745541cce894592c3a71879a32f8f063f11896c6d1a","user":{"id":"8a247461-5c04-421d-98f5-fa9c734faea5","email":"test2@example.com","username":"janesmith","name":"Jane Smith","phoneNumber":"01234567890","profilePic":null,"bio":null,"private":false,"verified":false,"role":0,"followersCount":0,"followingCount":0,"postCount":0}}

23:07:48.252 [pool-2-thread-24] INFO com.intuit.karate -- [print] Call 1 completed, status: 200 
23:07:48.253 [pool-2-thread-24] INFO com.intuit.karate -- [print] *** API CALL 2 *** 
23:07:48.255 [pool-2-thread-24] DEBUG org.apache.http.client.protocol.RequestAddCookies -- CookieSpec selected: karate
23:07:48.255 [pool-2-thread-24] DEBUG org.apache.http.client.protocol.RequestAuthCache -- Auth cache not set in the context
23:07:48.255 [pool-2-thread-24] DEBUG com.intuit.karate -- request:
2 > POST http://localhost:3000/auth/login
2 > Content-Type: application/json; charset=UTF-8
2 > Content-Length: 54
2 > Host: localhost:3000
2 > Connection: Keep-Alive
2 > User-Agent: Apache-HttpClient/4.5.14 (Java/17.0.9)
2 > Accept-Encoding: gzip,deflate
{"email":"test2@example.com","password":"Password123"}

23:07:48.255 [pool-2-thread-24] DEBUG org.apache.http.impl.conn.PoolingHttpClientConnectionManager -- Connection request: [route: {}->http://localhost:3000][total available: 0; route allocated: 0 of 5; total allocated: 0 of 10]
23:07:48.255 [pool-2-thread-24] DEBUG org.apache.http.impl.conn.PoolingHttpClientConnectionManager -- Connection leased: [id: 46][route: {}->http://localhost:3000][total available: 0; route allocated: 1 of 5; total allocated: 1 of 10]
23:07:48.255 [pool-2-thread-24] DEBUG org.apache.http.impl.execchain.MainClientExec -- Opening connection {}->http://localhost:3000
23:07:48.255 [pool-2-thread-24] DEBUG org.apache.http.impl.conn.DefaultHttpClientConnectionOperator -- Connecting to localhost/127.0.0.1:3000
23:07:48.257 [pool-2-thread-24] DEBUG org.apache.http.impl.conn.DefaultHttpClientConnectionOperator -- Connection established 127.0.0.1:52701<->127.0.0.1:3000
23:07:48.257 [pool-2-thread-24] DEBUG org.apache.http.impl.conn.DefaultManagedHttpClientConnection -- http-outgoing-46: set socket timeout to 30000
23:07:48.257 [pool-2-thread-24] DEBUG org.apache.http.impl.execchain.MainClientExec -- Executing request POST /auth/login HTTP/1.1
23:07:48.257 [pool-2-thread-24] DEBUG org.apache.http.impl.execchain.MainClientExec -- Target auth state: UNCHALLENGED
23:07:48.257 [pool-2-thread-24] DEBUG org.apache.http.impl.execchain.MainClientExec -- Proxy auth state: UNCHALLENGED
23:07:48.257 [pool-2-thread-24] DEBUG org.apache.http.headers -- http-outgoing-46 >> POST /auth/login HTTP/1.1
23:07:48.257 [pool-2-thread-24] DEBUG org.apache.http.headers -- http-outgoing-46 >> Content-Type: application/json; charset=UTF-8
23:07:48.257 [pool-2-thread-24] DEBUG org.apache.http.headers -- http-outgoing-46 >> Content-Length: 54
23:07:48.257 [pool-2-thread-24] DEBUG org.apache.http.headers -- http-outgoing-46 >> Host: localhost:3000
23:07:48.257 [pool-2-thread-24] DEBUG org.apache.http.headers -- http-outgoing-46 >> Connection: Keep-Alive
23:07:48.257 [pool-2-thread-24] DEBUG org.apache.http.headers -- http-outgoing-46 >> User-Agent: Apache-HttpClient/4.5.14 (Java/17.0.9)
23:07:48.257 [pool-2-thread-24] DEBUG org.apache.http.headers -- http-outgoing-46 >> Accept-Encoding: gzip,deflate
23:07:48.257 [pool-2-thread-24] DEBUG org.apache.http.wire -- http-outgoing-46 >> "POST /auth/login HTTP/1.1[\r][\n]"
23:07:48.257 [pool-2-thread-24] DEBUG org.apache.http.wire -- http-outgoing-46 >> "Content-Type: application/json; charset=UTF-8[\r][\n]"
23:07:48.257 [pool-2-thread-24] DEBUG org.apache.http.wire -- http-outgoing-46 >> "Content-Length: 54[\r][\n]"
23:07:48.257 [pool-2-thread-24] DEBUG org.apache.http.wire -- http-outgoing-46 >> "Host: localhost:3000[\r][\n]"
23:07:48.257 [pool-2-thread-24] DEBUG org.apache.http.wire -- http-outgoing-46 >> "Connection: Keep-Alive[\r][\n]"
23:07:48.257 [pool-2-thread-24] DEBUG org.apache.http.wire -- http-outgoing-46 >> "User-Agent: Apache-HttpClient/4.5.14 (Java/17.0.9)[\r][\n]"
23:07:48.257 [pool-2-thread-24] DEBUG org.apache.http.wire -- http-outgoing-46 >> "Accept-Encoding: gzip,deflate[\r][\n]"
23:07:48.257 [pool-2-thread-24] DEBUG org.apache.http.wire -- http-outgoing-46 >> "[\r][\n]"
23:07:48.257 [pool-2-thread-24] DEBUG org.apache.http.wire -- http-outgoing-46 >> "{"email":"test2@example.com","password":"Password123"}"
23:07:48.263 [pool-2-thread-12] DEBUG org.apache.http.wire -- http-outgoing-27 << "HTTP/1.1 200 OK[\r][\n]"
23:07:48.264 [pool-2-thread-12] DEBUG org.apache.http.wire -- http-outgoing-27 << "X-Powered-By: Express[\r][\n]"
23:07:48.264 [pool-2-thread-12] DEBUG org.apache.http.wire -- http-outgoing-27 << "Access-Control-Allow-Origin: *[\r][\n]"
23:07:48.264 [pool-2-thread-12] DEBUG org.apache.http.wire -- http-outgoing-27 << "Content-Type: application/json; charset=utf-8[\r][\n]"
23:07:48.264 [pool-2-thread-12] DEBUG org.apache.http.wire -- http-outgoing-27 << "Content-Length: 715[\r][\n]"
23:07:48.264 [pool-2-thread-12] DEBUG org.apache.http.wire -- http-outgoing-27 << "ETag: W/"2cb-4DoSsyhdqEtMJn93GD/A75ry+8w"[\r][\n]"
23:07:48.264 [pool-2-thread-12] DEBUG org.apache.http.wire -- http-outgoing-27 << "Date: Sun, 22 Jun 2025 16:07:48 GMT[\r][\n]"
23:07:48.264 [pool-2-thread-12] DEBUG org.apache.http.wire -- http-outgoing-27 << "Connection: keep-alive[\r][\n]"
23:07:48.264 [pool-2-thread-12] DEBUG org.apache.http.wire -- http-outgoing-27 << "Keep-Alive: timeout=5[\r][\n]"
23:07:48.264 [pool-2-thread-12] DEBUG org.apache.http.wire -- http-outgoing-27 << "[\r][\n]"
23:07:48.264 [pool-2-thread-12] DEBUG org.apache.http.wire -- http-outgoing-27 << "{"access_token":"eyJhbGciOiJIUzI1NiIsInR5cCI6IkpXVCJ9.eyJzdWIiOiIyYjg0YWEyNC02NjhhLTQwZTItYWYxYy1hZDRmYzRmYTVhNmYiLCJ1c2VybmFtZSI6InF1YW5nMSIsInJvbGUiOjAsImlhdCI6MTc1MDYwODQ2NywiZXhwIjoxNzUwNjEyMDY3fQ.AToxgczvhO7wRz6i6lAosx0bFXHjzfywKN2VbPSSuMA","refresh_token":"7edaaf41b4f873d13527f4a75cbc459dfb4620d388d8c24b391450571ae36e8f","user":{"id":"2b84aa24-668a-40e2-af1c-ad4fc4fa5a6f","email":"quang1@gmail.com","username":"quang1","name":"quang1","phoneNumber":"09874563210","profilePic":"https://res.cloudinary.com/dizcvrefo/image/upload/v1749027586/nestjs_uploads/xehairydt9rzlbmbmv4c.jpg","bio":"Thang Nam Lao Vua Thoi","private":false,"verified":false,"role":0,"followersCount":2,"followingCount":3,"postCount":2}}"
23:07:48.264 [pool-2-thread-12] DEBUG org.apache.http.headers -- http-outgoing-27 << HTTP/1.1 200 OK
23:07:48.264 [pool-2-thread-12] DEBUG org.apache.http.headers -- http-outgoing-27 << X-Powered-By: Express
23:07:48.264 [pool-2-thread-12] DEBUG org.apache.http.headers -- http-outgoing-27 << Access-Control-Allow-Origin: *
23:07:48.264 [pool-2-thread-12] DEBUG org.apache.http.headers -- http-outgoing-27 << Content-Type: application/json; charset=utf-8
23:07:48.264 [pool-2-thread-12] DEBUG org.apache.http.headers -- http-outgoing-27 << Content-Length: 715
23:07:48.264 [pool-2-thread-12] DEBUG org.apache.http.headers -- http-outgoing-27 << ETag: W/"2cb-4DoSsyhdqEtMJn93GD/A75ry+8w"
23:07:48.264 [pool-2-thread-12] DEBUG org.apache.http.headers -- http-outgoing-27 << Date: Sun, 22 Jun 2025 16:07:48 GMT
23:07:48.264 [pool-2-thread-12] DEBUG org.apache.http.headers -- http-outgoing-27 << Connection: keep-alive
23:07:48.264 [pool-2-thread-12] DEBUG org.apache.http.headers -- http-outgoing-27 << Keep-Alive: timeout=5
23:07:48.264 [pool-2-thread-12] DEBUG org.apache.http.impl.execchain.MainClientExec -- Connection can be kept alive for 5000 MILLISECONDS
23:07:48.264 [pool-2-thread-12] DEBUG org.apache.http.impl.conn.PoolingHttpClientConnectionManager -- Connection [id: 19][route: {}->http://localhost:3000] can be kept alive for 5.0 seconds
23:07:48.264 [pool-2-thread-12] DEBUG org.apache.http.impl.conn.DefaultManagedHttpClientConnection -- http-outgoing-27: set socket timeout to 0
23:07:48.265 [pool-2-thread-12] DEBUG org.apache.http.impl.conn.PoolingHttpClientConnectionManager -- Connection released: [id: 19][route: {}->http://localhost:3000][total available: 1; route allocated: 1 of 5; total allocated: 1 of 10]
23:07:48.265 [pool-2-thread-12] DEBUG org.apache.http.impl.conn.PoolingHttpClientConnectionManager -- Connection manager is shutting down
23:07:48.265 [pool-2-thread-12] DEBUG org.apache.http.impl.conn.DefaultManagedHttpClientConnection -- http-outgoing-27: Close connection
23:07:48.265 [pool-2-thread-12] DEBUG org.apache.http.impl.conn.PoolingHttpClientConnectionManager -- Connection manager shut down
23:07:48.265 [pool-2-thread-12] DEBUG com.intuit.karate -- response time in milliseconds: 2194
1 < 200
1 < X-Powered-By: Express
1 < Access-Control-Allow-Origin: *
1 < Content-Type: application/json; charset=utf-8
1 < Content-Length: 715
1 < ETag: W/"2cb-4DoSsyhdqEtMJn93GD/A75ry+8w"
1 < Date: Sun, 22 Jun 2025 16:07:48 GMT
1 < Connection: keep-alive
1 < Keep-Alive: timeout=5
{"access_token":"eyJhbGciOiJIUzI1NiIsInR5cCI6IkpXVCJ9.eyJzdWIiOiIyYjg0YWEyNC02NjhhLTQwZTItYWYxYy1hZDRmYzRmYTVhNmYiLCJ1c2VybmFtZSI6InF1YW5nMSIsInJvbGUiOjAsImlhdCI6MTc1MDYwODQ2NywiZXhwIjoxNzUwNjEyMDY3fQ.AToxgczvhO7wRz6i6lAosx0bFXHjzfywKN2VbPSSuMA","refresh_token":"7edaaf41b4f873d13527f4a75cbc459dfb4620d388d8c24b391450571ae36e8f","user":{"id":"2b84aa24-668a-40e2-af1c-ad4fc4fa5a6f","email":"quang1@gmail.com","username":"quang1","name":"quang1","phoneNumber":"09874563210","profilePic":"https://res.cloudinary.com/dizcvrefo/image/upload/v1749027586/nestjs_uploads/xehairydt9rzlbmbmv4c.jpg","bio":"Thang Nam Lao Vua Thoi","private":false,"verified":false,"role":0,"followersCount":2,"followingCount":3,"postCount":2}}

23:07:48.268 [pool-2-thread-12] INFO com.intuit.karate -- [print] Call 1 completed, status: 200 
23:07:48.269 [pool-2-thread-12] INFO com.intuit.karate -- [print] *** API CALL 2 *** 
23:07:48.272 [pool-2-thread-12] DEBUG org.apache.http.client.protocol.RequestAddCookies -- CookieSpec selected: karate
23:07:48.272 [pool-2-thread-12] DEBUG org.apache.http.client.protocol.RequestAuthCache -- Auth cache not set in the context
23:07:48.272 [pool-2-thread-12] DEBUG com.intuit.karate -- request:
2 > POST http://localhost:3000/auth/login
2 > Content-Type: application/json; charset=UTF-8
2 > Content-Length: 48
2 > Host: localhost:3000
2 > Connection: Keep-Alive
2 > User-Agent: Apache-HttpClient/4.5.14 (Java/17.0.9)
2 > Accept-Encoding: gzip,deflate
{"email":"quang1@gmail.com","password":"quang1"}

23:07:48.272 [pool-2-thread-12] DEBUG org.apache.http.impl.conn.PoolingHttpClientConnectionManager -- Connection request: [route: {}->http://localhost:3000][total available: 0; route allocated: 0 of 5; total allocated: 0 of 10]
23:07:48.273 [pool-2-thread-12] DEBUG org.apache.http.impl.conn.PoolingHttpClientConnectionManager -- Connection leased: [id: 47][route: {}->http://localhost:3000][total available: 0; route allocated: 1 of 5; total allocated: 1 of 10]
23:07:48.273 [pool-2-thread-12] DEBUG org.apache.http.impl.execchain.MainClientExec -- Opening connection {}->http://localhost:3000
23:07:48.273 [pool-2-thread-12] DEBUG org.apache.http.impl.conn.DefaultHttpClientConnectionOperator -- Connecting to localhost/127.0.0.1:3000
23:07:48.273 [pool-2-thread-12] DEBUG org.apache.http.impl.conn.DefaultHttpClientConnectionOperator -- Connection established 127.0.0.1:52702<->127.0.0.1:3000
23:07:48.273 [pool-2-thread-12] DEBUG org.apache.http.impl.conn.DefaultManagedHttpClientConnection -- http-outgoing-47: set socket timeout to 30000
23:07:48.273 [pool-2-thread-12] DEBUG org.apache.http.impl.execchain.MainClientExec -- Executing request POST /auth/login HTTP/1.1
23:07:48.273 [pool-2-thread-12] DEBUG org.apache.http.impl.execchain.MainClientExec -- Target auth state: UNCHALLENGED
23:07:48.273 [pool-2-thread-12] DEBUG org.apache.http.impl.execchain.MainClientExec -- Proxy auth state: UNCHALLENGED
23:07:48.273 [pool-2-thread-12] DEBUG org.apache.http.headers -- http-outgoing-47 >> POST /auth/login HTTP/1.1
23:07:48.273 [pool-2-thread-12] DEBUG org.apache.http.headers -- http-outgoing-47 >> Content-Type: application/json; charset=UTF-8
23:07:48.273 [pool-2-thread-12] DEBUG org.apache.http.headers -- http-outgoing-47 >> Content-Length: 48
23:07:48.273 [pool-2-thread-12] DEBUG org.apache.http.headers -- http-outgoing-47 >> Host: localhost:3000
23:07:48.273 [pool-2-thread-12] DEBUG org.apache.http.headers -- http-outgoing-47 >> Connection: Keep-Alive
23:07:48.273 [pool-2-thread-12] DEBUG org.apache.http.headers -- http-outgoing-47 >> User-Agent: Apache-HttpClient/4.5.14 (Java/17.0.9)
23:07:48.273 [pool-2-thread-12] DEBUG org.apache.http.headers -- http-outgoing-47 >> Accept-Encoding: gzip,deflate
23:07:48.273 [pool-2-thread-12] DEBUG org.apache.http.wire -- http-outgoing-47 >> "POST /auth/login HTTP/1.1[\r][\n]"
23:07:48.273 [pool-2-thread-12] DEBUG org.apache.http.wire -- http-outgoing-47 >> "Content-Type: application/json; charset=UTF-8[\r][\n]"
23:07:48.273 [pool-2-thread-12] DEBUG org.apache.http.wire -- http-outgoing-47 >> "Content-Length: 48[\r][\n]"
23:07:48.273 [pool-2-thread-12] DEBUG org.apache.http.wire -- http-outgoing-47 >> "Host: localhost:3000[\r][\n]"
23:07:48.273 [pool-2-thread-12] DEBUG org.apache.http.wire -- http-outgoing-47 >> "Connection: Keep-Alive[\r][\n]"
23:07:48.273 [pool-2-thread-12] DEBUG org.apache.http.wire -- http-outgoing-47 >> "User-Agent: Apache-HttpClient/4.5.14 (Java/17.0.9)[\r][\n]"
23:07:48.273 [pool-2-thread-12] DEBUG org.apache.http.wire -- http-outgoing-47 >> "Accept-Encoding: gzip,deflate[\r][\n]"
23:07:48.273 [pool-2-thread-12] DEBUG org.apache.http.wire -- http-outgoing-47 >> "[\r][\n]"
23:07:48.273 [pool-2-thread-12] DEBUG org.apache.http.wire -- http-outgoing-47 >> "{"email":"quang1@gmail.com","password":"quang1"}"
23:07:48.286 [pool-2-thread-1] DEBUG org.apache.http.wire -- http-outgoing-32 << "HTTP/1.1 200 OK[\r][\n]"
23:07:48.286 [pool-2-thread-1] DEBUG org.apache.http.wire -- http-outgoing-32 << "X-Powered-By: Express[\r][\n]"
23:07:48.286 [pool-2-thread-1] DEBUG org.apache.http.wire -- http-outgoing-32 << "Access-Control-Allow-Origin: *[\r][\n]"
23:07:48.286 [pool-2-thread-1] DEBUG org.apache.http.wire -- http-outgoing-32 << "Content-Type: application/json; charset=utf-8[\r][\n]"
23:07:48.286 [pool-2-thread-1] DEBUG org.apache.http.wire -- http-outgoing-32 << "Content-Length: 708[\r][\n]"
23:07:48.286 [pool-2-thread-1] DEBUG org.apache.http.wire -- http-outgoing-32 << "ETag: W/"2c4-U3P2vBT7n/wcdMxAj2lI42AFPPc"[\r][\n]"
23:07:48.286 [pool-2-thread-1] DEBUG org.apache.http.wire -- http-outgoing-32 << "Date: Sun, 22 Jun 2025 16:07:48 GMT[\r][\n]"
23:07:48.286 [pool-2-thread-1] DEBUG org.apache.http.wire -- http-outgoing-32 << "Connection: keep-alive[\r][\n]"
23:07:48.286 [pool-2-thread-1] DEBUG org.apache.http.wire -- http-outgoing-32 << "Keep-Alive: timeout=5[\r][\n]"
23:07:48.286 [pool-2-thread-1] DEBUG org.apache.http.wire -- http-outgoing-32 << "[\r][\n]"
23:07:48.286 [pool-2-thread-1] DEBUG org.apache.http.wire -- http-outgoing-32 << "{"access_token":"eyJhbGciOiJIUzI1NiIsInR5cCI6IkpXVCJ9.eyJzdWIiOiIwODUxNWIwNS0yZDNlLTQ3ODktYWQ2MC1kYjM1NTI1YTQ5NzAiLCJ1c2VybmFtZSI6Im5hbSIsInJvbGUiOjAsImlhdCI6MTc1MDYwODQ2NywiZXhwIjoxNzUwNjEyMDY3fQ.FHn2eFE-yVusl3tN8hcOcj9PLY4ZXB0mruSnDLkfdzs","refresh_token":"259e9e5b870ccd607f5ed41a7468466922db0ca855827afdd2e1b99bb4c2db3c","user":{"id":"08515b05-2d3e-4789-ad60-db35525a4970","email":"nam@gmail.com","username":"nam","name":"nam","phoneNumber":"0123456789","profilePic":"https://res.cloudinary.com/dizcvrefo/image/upload/v1749266646/nestjs_uploads/zk9zrpeidnovxibfqdxr.png","bio":"Chu tich hoi dong Quan tri 1","private":false,"verified":false,"role":0,"followersCount":2,"followingCount":2,"postCount":13}}"
23:07:48.288 [pool-2-thread-1] DEBUG org.apache.http.headers -- http-outgoing-32 << HTTP/1.1 200 OK
23:07:48.288 [pool-2-thread-1] DEBUG org.apache.http.headers -- http-outgoing-32 << X-Powered-By: Express
23:07:48.288 [pool-2-thread-1] DEBUG org.apache.http.headers -- http-outgoing-32 << Access-Control-Allow-Origin: *
23:07:48.288 [pool-2-thread-1] DEBUG org.apache.http.headers -- http-outgoing-32 << Content-Type: application/json; charset=utf-8
23:07:48.288 [pool-2-thread-1] DEBUG org.apache.http.headers -- http-outgoing-32 << Content-Length: 708
23:07:48.288 [pool-2-thread-1] DEBUG org.apache.http.headers -- http-outgoing-32 << ETag: W/"2c4-U3P2vBT7n/wcdMxAj2lI42AFPPc"
23:07:48.288 [pool-2-thread-1] DEBUG org.apache.http.headers -- http-outgoing-32 << Date: Sun, 22 Jun 2025 16:07:48 GMT
23:07:48.288 [pool-2-thread-1] DEBUG org.apache.http.headers -- http-outgoing-32 << Connection: keep-alive
23:07:48.288 [pool-2-thread-1] DEBUG org.apache.http.headers -- http-outgoing-32 << Keep-Alive: timeout=5
23:07:48.288 [pool-2-thread-1] DEBUG org.apache.http.impl.execchain.MainClientExec -- Connection can be kept alive for 5000 MILLISECONDS
23:07:48.288 [pool-2-thread-1] DEBUG org.apache.http.impl.conn.PoolingHttpClientConnectionManager -- Connection [id: 32][route: {}->http://localhost:3000] can be kept alive for 5.0 seconds
23:07:48.288 [pool-2-thread-1] DEBUG org.apache.http.impl.conn.DefaultManagedHttpClientConnection -- http-outgoing-32: set socket timeout to 0
23:07:48.289 [pool-2-thread-1] DEBUG org.apache.http.impl.conn.PoolingHttpClientConnectionManager -- Connection released: [id: 32][route: {}->http://localhost:3000][total available: 1; route allocated: 1 of 5; total allocated: 1 of 10]
23:07:48.289 [pool-2-thread-1] DEBUG org.apache.http.impl.conn.PoolingHttpClientConnectionManager -- Connection manager is shutting down
23:07:48.289 [pool-2-thread-1] DEBUG org.apache.http.impl.conn.DefaultManagedHttpClientConnection -- http-outgoing-32: Close connection
23:07:48.289 [pool-2-thread-1] DEBUG org.apache.http.impl.conn.PoolingHttpClientConnectionManager -- Connection manager shut down
23:07:48.289 [pool-2-thread-1] DEBUG com.intuit.karate -- response time in milliseconds: 1703
2 < 200
2 < X-Powered-By: Express
2 < Access-Control-Allow-Origin: *
2 < Content-Type: application/json; charset=utf-8
2 < Content-Length: 708
2 < ETag: W/"2c4-U3P2vBT7n/wcdMxAj2lI42AFPPc"
2 < Date: Sun, 22 Jun 2025 16:07:48 GMT
2 < Connection: keep-alive
2 < Keep-Alive: timeout=5
{"access_token":"eyJhbGciOiJIUzI1NiIsInR5cCI6IkpXVCJ9.eyJzdWIiOiIwODUxNWIwNS0yZDNlLTQ3ODktYWQ2MC1kYjM1NTI1YTQ5NzAiLCJ1c2VybmFtZSI6Im5hbSIsInJvbGUiOjAsImlhdCI6MTc1MDYwODQ2NywiZXhwIjoxNzUwNjEyMDY3fQ.FHn2eFE-yVusl3tN8hcOcj9PLY4ZXB0mruSnDLkfdzs","refresh_token":"259e9e5b870ccd607f5ed41a7468466922db0ca855827afdd2e1b99bb4c2db3c","user":{"id":"08515b05-2d3e-4789-ad60-db35525a4970","email":"nam@gmail.com","username":"nam","name":"nam","phoneNumber":"0123456789","profilePic":"https://res.cloudinary.com/dizcvrefo/image/upload/v1749266646/nestjs_uploads/zk9zrpeidnovxibfqdxr.png","bio":"Chu tich hoi dong Quan tri 1","private":false,"verified":false,"role":0,"followersCount":2,"followingCount":2,"postCount":13}}

23:07:48.293 [pool-2-thread-1] INFO com.intuit.karate -- [print] Call 2 completed, status: 200 
23:07:48.295 [pool-2-thread-1] INFO com.intuit.karate -- [print] *** API CALL 3 *** 
23:07:48.298 [pool-2-thread-1] DEBUG org.apache.http.client.protocol.RequestAddCookies -- CookieSpec selected: karate
23:07:48.298 [pool-2-thread-1] DEBUG org.apache.http.client.protocol.RequestAuthCache -- Auth cache not set in the context
23:07:48.298 [pool-2-thread-1] DEBUG com.intuit.karate -- request:
3 > POST http://localhost:3000/auth/login
3 > Content-Type: application/json; charset=UTF-8
3 > Content-Length: 45
3 > Host: localhost:3000
3 > Connection: Keep-Alive
3 > User-Agent: Apache-HttpClient/4.5.14 (Java/17.0.9)
3 > Accept-Encoding: gzip,deflate
{"email":"nam@gmail.com","password":"123456"}

23:07:48.298 [pool-2-thread-1] DEBUG org.apache.http.impl.conn.PoolingHttpClientConnectionManager -- Connection request: [route: {}->http://localhost:3000][total available: 0; route allocated: 0 of 5; total allocated: 0 of 10]
23:07:48.299 [pool-2-thread-1] DEBUG org.apache.http.impl.conn.PoolingHttpClientConnectionManager -- Connection leased: [id: 48][route: {}->http://localhost:3000][total available: 0; route allocated: 1 of 5; total allocated: 1 of 10]
23:07:48.299 [pool-2-thread-1] DEBUG org.apache.http.impl.execchain.MainClientExec -- Opening connection {}->http://localhost:3000
23:07:48.300 [pool-2-thread-1] DEBUG org.apache.http.impl.conn.DefaultHttpClientConnectionOperator -- Connecting to localhost/127.0.0.1:3000
23:07:48.300 [pool-2-thread-1] DEBUG org.apache.http.impl.conn.DefaultHttpClientConnectionOperator -- Connection established 127.0.0.1:52703<->127.0.0.1:3000
23:07:48.300 [pool-2-thread-1] DEBUG org.apache.http.impl.conn.DefaultManagedHttpClientConnection -- http-outgoing-48: set socket timeout to 30000
23:07:48.300 [pool-2-thread-1] DEBUG org.apache.http.impl.execchain.MainClientExec -- Executing request POST /auth/login HTTP/1.1
23:07:48.300 [pool-2-thread-1] DEBUG org.apache.http.impl.execchain.MainClientExec -- Target auth state: UNCHALLENGED
23:07:48.300 [pool-2-thread-1] DEBUG org.apache.http.impl.execchain.MainClientExec -- Proxy auth state: UNCHALLENGED
23:07:48.300 [pool-2-thread-1] DEBUG org.apache.http.headers -- http-outgoing-48 >> POST /auth/login HTTP/1.1
23:07:48.300 [pool-2-thread-1] DEBUG org.apache.http.headers -- http-outgoing-48 >> Content-Type: application/json; charset=UTF-8
23:07:48.300 [pool-2-thread-1] DEBUG org.apache.http.headers -- http-outgoing-48 >> Content-Length: 45
23:07:48.300 [pool-2-thread-1] DEBUG org.apache.http.headers -- http-outgoing-48 >> Host: localhost:3000
23:07:48.300 [pool-2-thread-1] DEBUG org.apache.http.headers -- http-outgoing-48 >> Connection: Keep-Alive
23:07:48.300 [pool-2-thread-1] DEBUG org.apache.http.headers -- http-outgoing-48 >> User-Agent: Apache-HttpClient/4.5.14 (Java/17.0.9)
23:07:48.300 [pool-2-thread-1] DEBUG org.apache.http.headers -- http-outgoing-48 >> Accept-Encoding: gzip,deflate
23:07:48.300 [pool-2-thread-1] DEBUG org.apache.http.wire -- http-outgoing-48 >> "POST /auth/login HTTP/1.1[\r][\n]"
23:07:48.300 [pool-2-thread-1] DEBUG org.apache.http.wire -- http-outgoing-48 >> "Content-Type: application/json; charset=UTF-8[\r][\n]"
23:07:48.300 [pool-2-thread-1] DEBUG org.apache.http.wire -- http-outgoing-48 >> "Content-Length: 45[\r][\n]"
23:07:48.300 [pool-2-thread-1] DEBUG org.apache.http.wire -- http-outgoing-48 >> "Host: localhost:3000[\r][\n]"
23:07:48.300 [pool-2-thread-1] DEBUG org.apache.http.wire -- http-outgoing-48 >> "Connection: Keep-Alive[\r][\n]"
23:07:48.300 [pool-2-thread-1] DEBUG org.apache.http.wire -- http-outgoing-48 >> "User-Agent: Apache-HttpClient/4.5.14 (Java/17.0.9)[\r][\n]"
23:07:48.300 [pool-2-thread-1] DEBUG org.apache.http.wire -- http-outgoing-48 >> "Accept-Encoding: gzip,deflate[\r][\n]"
23:07:48.300 [pool-2-thread-1] DEBUG org.apache.http.wire -- http-outgoing-48 >> "[\r][\n]"
23:07:48.300 [pool-2-thread-1] DEBUG org.apache.http.wire -- http-outgoing-48 >> "{"email":"nam@gmail.com","password":"123456"}"
23:07:48.380 [pool-2-thread-25] DEBUG org.apache.http.wire -- http-outgoing-34 << "HTTP/1.1 200 OK[\r][\n]"
23:07:48.380 [pool-2-thread-25] DEBUG org.apache.http.wire -- http-outgoing-34 << "X-Powered-By: Express[\r][\n]"
23:07:48.380 [pool-2-thread-25] DEBUG org.apache.http.wire -- http-outgoing-34 << "Access-Control-Allow-Origin: *[\r][\n]"
23:07:48.380 [pool-2-thread-25] DEBUG org.apache.http.wire -- http-outgoing-34 << "Content-Type: application/json; charset=utf-8[\r][\n]"
23:07:48.380 [pool-2-thread-25] DEBUG org.apache.http.wire -- http-outgoing-34 << "Content-Length: 607[\r][\n]"
23:07:48.380 [pool-2-thread-25] DEBUG org.apache.http.wire -- http-outgoing-34 << "ETag: W/"25f-smW9IOuPl8VcrlAevKh6GXcc9fU"[\r][\n]"
23:07:48.380 [pool-2-thread-25] DEBUG org.apache.http.wire -- http-outgoing-34 << "Date: Sun, 22 Jun 2025 16:07:48 GMT[\r][\n]"
23:07:48.380 [pool-2-thread-25] DEBUG org.apache.http.wire -- http-outgoing-34 << "Connection: keep-alive[\r][\n]"
23:07:48.380 [pool-2-thread-25] DEBUG org.apache.http.wire -- http-outgoing-34 << "Keep-Alive: timeout=5[\r][\n]"
23:07:48.380 [pool-2-thread-25] DEBUG org.apache.http.wire -- http-outgoing-34 << "[\r][\n]"
23:07:48.380 [pool-2-thread-25] DEBUG org.apache.http.wire -- http-outgoing-34 << "{"access_token":"eyJhbGciOiJIUzI1NiIsInR5cCI6IkpXVCJ9.eyJzdWIiOiJjMjE0MjJkZi1jY2VjLTQ0MGUtOWE0Mi1jMWI4MmFiZjczM2QiLCJ1c2VybmFtZSI6ImpvaG5kb2UyOCIsInJvbGUiOjAsImlhdCI6MTc1MDYwODQ2OCwiZXhwIjoxNzUwNjEyMDY4fQ.iiAdEeAhjWop_VE8f1qlZ53rEMFf5BkU9pr4RTTLCwE","refresh_token":"2dec649215957fe4256c5fdee30decb1c1a9daa211f1e6606e00093e97208e07","user":{"id":"c21422df-ccec-440e-9a42-c1b82abf733d","email":"test28@example.com","username":"johndoe28","name":"John Doe","phoneNumber":"84987654321","profilePic":null,"bio":null,"private":false,"verified":false,"role":0,"followersCount":0,"followingCount":0,"postCount":0}}"
23:07:48.381 [pool-2-thread-25] DEBUG org.apache.http.headers -- http-outgoing-34 << HTTP/1.1 200 OK
23:07:48.381 [pool-2-thread-25] DEBUG org.apache.http.headers -- http-outgoing-34 << X-Powered-By: Express
23:07:48.381 [pool-2-thread-25] DEBUG org.apache.http.headers -- http-outgoing-34 << Access-Control-Allow-Origin: *
23:07:48.381 [pool-2-thread-25] DEBUG org.apache.http.headers -- http-outgoing-34 << Content-Type: application/json; charset=utf-8
23:07:48.381 [pool-2-thread-25] DEBUG org.apache.http.headers -- http-outgoing-34 << Content-Length: 607
23:07:48.381 [pool-2-thread-25] DEBUG org.apache.http.headers -- http-outgoing-34 << ETag: W/"25f-smW9IOuPl8VcrlAevKh6GXcc9fU"
23:07:48.381 [pool-2-thread-25] DEBUG org.apache.http.headers -- http-outgoing-34 << Date: Sun, 22 Jun 2025 16:07:48 GMT
23:07:48.381 [pool-2-thread-25] DEBUG org.apache.http.headers -- http-outgoing-34 << Connection: keep-alive
23:07:48.381 [pool-2-thread-25] DEBUG org.apache.http.headers -- http-outgoing-34 << Keep-Alive: timeout=5
23:07:48.381 [pool-2-thread-25] DEBUG org.apache.http.impl.execchain.MainClientExec -- Connection can be kept alive for 5000 MILLISECONDS
23:07:48.381 [pool-2-thread-25] DEBUG org.apache.http.impl.conn.PoolingHttpClientConnectionManager -- Connection [id: 34][route: {}->http://localhost:3000] can be kept alive for 5.0 seconds
23:07:48.381 [pool-2-thread-25] DEBUG org.apache.http.impl.conn.DefaultManagedHttpClientConnection -- http-outgoing-34: set socket timeout to 0
23:07:48.381 [pool-2-thread-25] DEBUG org.apache.http.impl.conn.PoolingHttpClientConnectionManager -- Connection released: [id: 34][route: {}->http://localhost:3000][total available: 1; route allocated: 1 of 5; total allocated: 1 of 10]
23:07:48.381 [pool-2-thread-25] DEBUG org.apache.http.impl.conn.PoolingHttpClientConnectionManager -- Connection manager is shutting down
23:07:48.381 [pool-2-thread-25] DEBUG org.apache.http.impl.conn.DefaultManagedHttpClientConnection -- http-outgoing-34: Close connection
23:07:48.381 [pool-2-thread-25] DEBUG org.apache.http.impl.conn.PoolingHttpClientConnectionManager -- Connection manager shut down
23:07:48.382 [pool-2-thread-25] DEBUG com.intuit.karate -- response time in milliseconds: 1769
2 < 200
2 < X-Powered-By: Express
2 < Access-Control-Allow-Origin: *
2 < Content-Type: application/json; charset=utf-8
2 < Content-Length: 607
2 < ETag: W/"25f-smW9IOuPl8VcrlAevKh6GXcc9fU"
2 < Date: Sun, 22 Jun 2025 16:07:48 GMT
2 < Connection: keep-alive
2 < Keep-Alive: timeout=5
{"access_token":"eyJhbGciOiJIUzI1NiIsInR5cCI6IkpXVCJ9.eyJzdWIiOiJjMjE0MjJkZi1jY2VjLTQ0MGUtOWE0Mi1jMWI4MmFiZjczM2QiLCJ1c2VybmFtZSI6ImpvaG5kb2UyOCIsInJvbGUiOjAsImlhdCI6MTc1MDYwODQ2OCwiZXhwIjoxNzUwNjEyMDY4fQ.iiAdEeAhjWop_VE8f1qlZ53rEMFf5BkU9pr4RTTLCwE","refresh_token":"2dec649215957fe4256c5fdee30decb1c1a9daa211f1e6606e00093e97208e07","user":{"id":"c21422df-ccec-440e-9a42-c1b82abf733d","email":"test28@example.com","username":"johndoe28","name":"John Doe","phoneNumber":"84987654321","profilePic":null,"bio":null,"private":false,"verified":false,"role":0,"followersCount":0,"followingCount":0,"postCount":0}}

23:07:48.384 [pool-2-thread-25] INFO com.intuit.karate -- [print] Call 2 completed, status: 200 
23:07:48.385 [pool-2-thread-25] INFO com.intuit.karate -- [print] *** API CALL 3 *** 
23:07:48.388 [pool-2-thread-25] DEBUG org.apache.http.client.protocol.RequestAddCookies -- CookieSpec selected: karate
23:07:48.388 [pool-2-thread-25] DEBUG org.apache.http.client.protocol.RequestAuthCache -- Auth cache not set in the context
23:07:48.388 [pool-2-thread-25] DEBUG com.intuit.karate -- request:
3 > POST http://localhost:3000/auth/login
3 > Content-Type: application/json; charset=UTF-8
3 > Content-Length: 55
3 > Host: localhost:3000
3 > Connection: Keep-Alive
3 > User-Agent: Apache-HttpClient/4.5.14 (Java/17.0.9)
3 > Accept-Encoding: gzip,deflate
{"email":"test28@example.com","password":"Password123"}

23:07:48.388 [pool-2-thread-25] DEBUG org.apache.http.impl.conn.PoolingHttpClientConnectionManager -- Connection request: [route: {}->http://localhost:3000][total available: 0; route allocated: 0 of 5; total allocated: 0 of 10]
23:07:48.388 [pool-2-thread-25] DEBUG org.apache.http.impl.conn.PoolingHttpClientConnectionManager -- Connection leased: [id: 49][route: {}->http://localhost:3000][total available: 0; route allocated: 1 of 5; total allocated: 1 of 10]
23:07:48.388 [pool-2-thread-25] DEBUG org.apache.http.impl.execchain.MainClientExec -- Opening connection {}->http://localhost:3000
23:07:48.389 [pool-2-thread-25] DEBUG org.apache.http.impl.conn.DefaultHttpClientConnectionOperator -- Connecting to localhost/127.0.0.1:3000
23:07:48.389 [pool-2-thread-25] DEBUG org.apache.http.impl.conn.DefaultHttpClientConnectionOperator -- Connection established 127.0.0.1:52704<->127.0.0.1:3000
23:07:48.389 [pool-2-thread-25] DEBUG org.apache.http.impl.conn.DefaultManagedHttpClientConnection -- http-outgoing-49: set socket timeout to 30000
23:07:48.389 [pool-2-thread-25] DEBUG org.apache.http.impl.execchain.MainClientExec -- Executing request POST /auth/login HTTP/1.1
23:07:48.389 [pool-2-thread-25] DEBUG org.apache.http.impl.execchain.MainClientExec -- Target auth state: UNCHALLENGED
23:07:48.389 [pool-2-thread-25] DEBUG org.apache.http.impl.execchain.MainClientExec -- Proxy auth state: UNCHALLENGED
23:07:48.389 [pool-2-thread-25] DEBUG org.apache.http.headers -- http-outgoing-49 >> POST /auth/login HTTP/1.1
23:07:48.389 [pool-2-thread-25] DEBUG org.apache.http.headers -- http-outgoing-49 >> Content-Type: application/json; charset=UTF-8
23:07:48.389 [pool-2-thread-25] DEBUG org.apache.http.headers -- http-outgoing-49 >> Content-Length: 55
23:07:48.389 [pool-2-thread-25] DEBUG org.apache.http.headers -- http-outgoing-49 >> Host: localhost:3000
23:07:48.389 [pool-2-thread-25] DEBUG org.apache.http.headers -- http-outgoing-49 >> Connection: Keep-Alive
23:07:48.390 [pool-2-thread-25] DEBUG org.apache.http.headers -- http-outgoing-49 >> User-Agent: Apache-HttpClient/4.5.14 (Java/17.0.9)
23:07:48.390 [pool-2-thread-25] DEBUG org.apache.http.headers -- http-outgoing-49 >> Accept-Encoding: gzip,deflate
23:07:48.390 [pool-2-thread-25] DEBUG org.apache.http.wire -- http-outgoing-49 >> "POST /auth/login HTTP/1.1[\r][\n]"
23:07:48.390 [pool-2-thread-25] DEBUG org.apache.http.wire -- http-outgoing-49 >> "Content-Type: application/json; charset=UTF-8[\r][\n]"
23:07:48.390 [pool-2-thread-25] DEBUG org.apache.http.wire -- http-outgoing-49 >> "Content-Length: 55[\r][\n]"
23:07:48.390 [pool-2-thread-25] DEBUG org.apache.http.wire -- http-outgoing-49 >> "Host: localhost:3000[\r][\n]"
23:07:48.390 [pool-2-thread-25] DEBUG org.apache.http.wire -- http-outgoing-49 >> "Connection: Keep-Alive[\r][\n]"
23:07:48.390 [pool-2-thread-25] DEBUG org.apache.http.wire -- http-outgoing-49 >> "User-Agent: Apache-HttpClient/4.5.14 (Java/17.0.9)[\r][\n]"
23:07:48.390 [pool-2-thread-25] DEBUG org.apache.http.wire -- http-outgoing-49 >> "Accept-Encoding: gzip,deflate[\r][\n]"
23:07:48.390 [pool-2-thread-25] DEBUG org.apache.http.wire -- http-outgoing-49 >> "[\r][\n]"
23:07:48.390 [pool-2-thread-25] DEBUG org.apache.http.wire -- http-outgoing-49 >> "{"email":"test28@example.com","password":"Password123"}"
23:07:49.145 [pool-2-thread-7] DEBUG org.apache.http.wire -- http-outgoing-36 << "HTTP/1.1 200 OK[\r][\n]"
23:07:49.145 [pool-2-thread-7] DEBUG org.apache.http.wire -- http-outgoing-36 << "X-Powered-By: Express[\r][\n]"
23:07:49.145 [pool-2-thread-7] DEBUG org.apache.http.wire -- http-outgoing-36 << "Access-Control-Allow-Origin: *[\r][\n]"
23:07:49.145 [pool-2-thread-7] DEBUG org.apache.http.wire -- http-outgoing-36 << "Content-Type: application/json; charset=utf-8[\r][\n]"
23:07:49.145 [pool-2-thread-7] DEBUG org.apache.http.wire -- http-outgoing-36 << "Content-Length: 605[\r][\n]"
23:07:49.145 [pool-2-thread-7] DEBUG org.apache.http.wire -- http-outgoing-36 << "ETag: W/"25d-TID6J0nfIGkR0zkc1F1fWXMTUHI"[\r][\n]"
23:07:49.145 [pool-2-thread-7] DEBUG org.apache.http.wire -- http-outgoing-36 << "Date: Sun, 22 Jun 2025 16:07:49 GMT[\r][\n]"
23:07:49.145 [pool-2-thread-7] DEBUG org.apache.http.wire -- http-outgoing-36 << "Connection: keep-alive[\r][\n]"
23:07:49.145 [pool-2-thread-7] DEBUG org.apache.http.wire -- http-outgoing-36 << "Keep-Alive: timeout=5[\r][\n]"
23:07:49.145 [pool-2-thread-7] DEBUG org.apache.http.wire -- http-outgoing-36 << "[\r][\n]"
23:07:49.146 [pool-2-thread-7] DEBUG org.apache.http.wire -- http-outgoing-36 << "{"access_token":"eyJhbGciOiJIUzI1NiIsInR5cCI6IkpXVCJ9.eyJzdWIiOiI2NTBjZTFlZC1hYWNhLTQzOGYtOTk4OC0xZjA1OGFiNWFhMWEiLCJ1c2VybmFtZSI6ImpvaG5kb2UyNSIsInJvbGUiOjAsImlhdCI6MTc1MDYwODQ2OCwiZXhwIjoxNzUwNjEyMDY4fQ.7Nnk7Xk4PW3zLGw4X4QeJeEcgGRItS0S2DS6L_7mG_c","refresh_token":"1db33a0fd5c705582742f53faee84872190fb24b71d3c436d783e0242d8a1639","user":{"id":"650ce1ed-aaca-438f-9988-1f058ab5aa1a","email":"testit3@gmail.com","username":"johndoe25","name":"John Doe","phoneNumber":"0123456713","profilePic":null,"bio":null,"private":false,"verified":false,"role":0,"followersCount":0,"followingCount":0,"postCount":0}}"
23:07:49.146 [pool-2-thread-7] DEBUG org.apache.http.headers -- http-outgoing-36 << HTTP/1.1 200 OK
23:07:49.146 [pool-2-thread-7] DEBUG org.apache.http.headers -- http-outgoing-36 << X-Powered-By: Express
23:07:49.146 [pool-2-thread-7] DEBUG org.apache.http.headers -- http-outgoing-36 << Access-Control-Allow-Origin: *
23:07:49.146 [pool-2-thread-7] DEBUG org.apache.http.headers -- http-outgoing-36 << Content-Type: application/json; charset=utf-8
23:07:49.146 [pool-2-thread-7] DEBUG org.apache.http.headers -- http-outgoing-36 << Content-Length: 605
23:07:49.146 [pool-2-thread-7] DEBUG org.apache.http.headers -- http-outgoing-36 << ETag: W/"25d-TID6J0nfIGkR0zkc1F1fWXMTUHI"
23:07:49.146 [pool-2-thread-7] DEBUG org.apache.http.headers -- http-outgoing-36 << Date: Sun, 22 Jun 2025 16:07:49 GMT
23:07:49.146 [pool-2-thread-7] DEBUG org.apache.http.headers -- http-outgoing-36 << Connection: keep-alive
23:07:49.146 [pool-2-thread-7] DEBUG org.apache.http.headers -- http-outgoing-36 << Keep-Alive: timeout=5
23:07:49.146 [pool-2-thread-7] DEBUG org.apache.http.impl.execchain.MainClientExec -- Connection can be kept alive for 5000 MILLISECONDS
23:07:49.146 [pool-2-thread-7] DEBUG org.apache.http.impl.conn.PoolingHttpClientConnectionManager -- Connection [id: 36][route: {}->http://localhost:3000] can be kept alive for 5.0 seconds
23:07:49.146 [pool-2-thread-7] DEBUG org.apache.http.impl.conn.DefaultManagedHttpClientConnection -- http-outgoing-36: set socket timeout to 0
23:07:49.146 [pool-2-thread-7] DEBUG org.apache.http.impl.conn.PoolingHttpClientConnectionManager -- Connection released: [id: 36][route: {}->http://localhost:3000][total available: 1; route allocated: 1 of 5; total allocated: 1 of 10]
23:07:49.146 [pool-2-thread-7] DEBUG org.apache.http.impl.conn.PoolingHttpClientConnectionManager -- Connection manager is shutting down
23:07:49.146 [pool-2-thread-7] DEBUG org.apache.http.impl.conn.DefaultManagedHttpClientConnection -- http-outgoing-36: Close connection
23:07:49.146 [pool-2-thread-7] DEBUG org.apache.http.impl.conn.PoolingHttpClientConnectionManager -- Connection manager shut down
23:07:49.146 [pool-2-thread-7] DEBUG com.intuit.karate -- response time in milliseconds: 1972
2 < 200
2 < X-Powered-By: Express
2 < Access-Control-Allow-Origin: *
2 < Content-Type: application/json; charset=utf-8
2 < Content-Length: 605
2 < ETag: W/"25d-TID6J0nfIGkR0zkc1F1fWXMTUHI"
2 < Date: Sun, 22 Jun 2025 16:07:49 GMT
2 < Connection: keep-alive
2 < Keep-Alive: timeout=5
{"access_token":"eyJhbGciOiJIUzI1NiIsInR5cCI6IkpXVCJ9.eyJzdWIiOiI2NTBjZTFlZC1hYWNhLTQzOGYtOTk4OC0xZjA1OGFiNWFhMWEiLCJ1c2VybmFtZSI6ImpvaG5kb2UyNSIsInJvbGUiOjAsImlhdCI6MTc1MDYwODQ2OCwiZXhwIjoxNzUwNjEyMDY4fQ.7Nnk7Xk4PW3zLGw4X4QeJeEcgGRItS0S2DS6L_7mG_c","refresh_token":"1db33a0fd5c705582742f53faee84872190fb24b71d3c436d783e0242d8a1639","user":{"id":"650ce1ed-aaca-438f-9988-1f058ab5aa1a","email":"testit3@gmail.com","username":"johndoe25","name":"John Doe","phoneNumber":"0123456713","profilePic":null,"bio":null,"private":false,"verified":false,"role":0,"followersCount":0,"followingCount":0,"postCount":0}}

23:07:49.146 [pool-2-thread-8] DEBUG org.apache.http.wire -- http-outgoing-12 << "HTTP/1.1 200 OK[\r][\n]"
23:07:49.146 [pool-2-thread-8] DEBUG org.apache.http.wire -- http-outgoing-12 << "X-Powered-By: Express[\r][\n]"
23:07:49.146 [pool-2-thread-8] DEBUG org.apache.http.wire -- http-outgoing-12 << "Access-Control-Allow-Origin: *[\r][\n]"
23:07:49.146 [pool-2-thread-8] DEBUG org.apache.http.wire -- http-outgoing-12 << "Content-Type: application/json; charset=utf-8[\r][\n]"
23:07:49.146 [pool-2-thread-8] DEBUG org.apache.http.wire -- http-outgoing-12 << "Content-Length: 609[\r][\n]"
23:07:49.146 [pool-2-thread-8] DEBUG org.apache.http.wire -- http-outgoing-12 << "ETag: W/"261-TfV3zM8FhhyH3nqTcUVktpsgCG4"[\r][\n]"
23:07:49.146 [pool-2-thread-8] DEBUG org.apache.http.wire -- http-outgoing-12 << "Date: Sun, 22 Jun 2025 16:07:49 GMT[\r][\n]"
23:07:49.146 [pool-2-thread-8] DEBUG org.apache.http.wire -- http-outgoing-12 << "Connection: keep-alive[\r][\n]"
23:07:49.146 [pool-2-thread-8] DEBUG org.apache.http.wire -- http-outgoing-12 << "Keep-Alive: timeout=5[\r][\n]"
23:07:49.146 [pool-2-thread-8] DEBUG org.apache.http.wire -- http-outgoing-12 << "[\r][\n]"
23:07:49.146 [pool-2-thread-8] DEBUG org.apache.http.wire -- http-outgoing-12 << "{"access_token":"eyJhbGciOiJIUzI1NiIsInR5cCI6IkpXVCJ9.eyJzdWIiOiIyNzJmNmI1NS01MTc5LTRhZTMtODU2My1iNGVjMTBmNzY3MTUiLCJ1c2VybmFtZSI6ImpvaG5kb2UyZDVkIiwicm9sZSI6MCwiaWF0IjoxNzUwNjA4NDY4LCJleHAiOjE3NTA2MTIwNjh9.HQzoUn1Y5IMnYNo2UMRVEVYfc-7dYzOkQg3R40YmyR4","refresh_token":"294b12632d7f8395cc48b949e013da32718a28c3835da928ad4099a533c4fca4","user":{"id":"272f6b55-5179-4ae3-8563-b4ec10f76715","email":"testit5@gmail.com","username":"johndoe2d5d","name":"John Doe","phoneNumber":"0123456132","profilePic":null,"bio":null,"private":false,"verified":false,"role":0,"followersCount":0,"followingCount":0,"postCount":0}}"
23:07:49.146 [pool-2-thread-8] DEBUG org.apache.http.headers -- http-outgoing-12 << HTTP/1.1 200 OK
23:07:49.146 [pool-2-thread-8] DEBUG org.apache.http.headers -- http-outgoing-12 << X-Powered-By: Express
23:07:49.146 [pool-2-thread-8] DEBUG org.apache.http.headers -- http-outgoing-12 << Access-Control-Allow-Origin: *
23:07:49.146 [pool-2-thread-8] DEBUG org.apache.http.headers -- http-outgoing-12 << Content-Type: application/json; charset=utf-8
23:07:49.146 [pool-2-thread-8] DEBUG org.apache.http.headers -- http-outgoing-12 << Content-Length: 609
23:07:49.146 [pool-2-thread-8] DEBUG org.apache.http.headers -- http-outgoing-12 << ETag: W/"261-TfV3zM8FhhyH3nqTcUVktpsgCG4"
23:07:49.146 [pool-2-thread-8] DEBUG org.apache.http.headers -- http-outgoing-12 << Date: Sun, 22 Jun 2025 16:07:49 GMT
23:07:49.146 [pool-2-thread-8] DEBUG org.apache.http.headers -- http-outgoing-12 << Connection: keep-alive
23:07:49.146 [pool-2-thread-8] DEBUG org.apache.http.headers -- http-outgoing-12 << Keep-Alive: timeout=5
23:07:49.148 [pool-2-thread-8] DEBUG org.apache.http.impl.execchain.MainClientExec -- Connection can be kept alive for 5000 MILLISECONDS
23:07:49.148 [pool-2-thread-8] DEBUG org.apache.http.impl.conn.PoolingHttpClientConnectionManager -- Connection [id: 4][route: {}->http://localhost:3000] can be kept alive for 5.0 seconds
23:07:49.148 [pool-2-thread-8] DEBUG org.apache.http.impl.conn.DefaultManagedHttpClientConnection -- http-outgoing-12: set socket timeout to 0
23:07:49.148 [pool-2-thread-8] DEBUG org.apache.http.impl.conn.PoolingHttpClientConnectionManager -- Connection released: [id: 4][route: {}->http://localhost:3000][total available: 1; route allocated: 1 of 5; total allocated: 1 of 10]
23:07:49.148 [pool-2-thread-8] DEBUG org.apache.http.impl.conn.PoolingHttpClientConnectionManager -- Connection manager is shutting down
23:07:49.148 [pool-2-thread-8] DEBUG org.apache.http.impl.conn.DefaultManagedHttpClientConnection -- http-outgoing-12: Close connection
23:07:49.148 [pool-2-thread-8] DEBUG org.apache.http.impl.conn.PoolingHttpClientConnectionManager -- Connection manager shut down
23:07:49.148 [pool-2-thread-8] DEBUG com.intuit.karate -- response time in milliseconds: 3076
1 < 200
1 < X-Powered-By: Express
1 < Access-Control-Allow-Origin: *
1 < Content-Type: application/json; charset=utf-8
1 < Content-Length: 609
1 < ETag: W/"261-TfV3zM8FhhyH3nqTcUVktpsgCG4"
1 < Date: Sun, 22 Jun 2025 16:07:49 GMT
1 < Connection: keep-alive
1 < Keep-Alive: timeout=5
{"access_token":"eyJhbGciOiJIUzI1NiIsInR5cCI6IkpXVCJ9.eyJzdWIiOiIyNzJmNmI1NS01MTc5LTRhZTMtODU2My1iNGVjMTBmNzY3MTUiLCJ1c2VybmFtZSI6ImpvaG5kb2UyZDVkIiwicm9sZSI6MCwiaWF0IjoxNzUwNjA4NDY4LCJleHAiOjE3NTA2MTIwNjh9.HQzoUn1Y5IMnYNo2UMRVEVYfc-7dYzOkQg3R40YmyR4","refresh_token":"294b12632d7f8395cc48b949e013da32718a28c3835da928ad4099a533c4fca4","user":{"id":"272f6b55-5179-4ae3-8563-b4ec10f76715","email":"testit5@gmail.com","username":"johndoe2d5d","name":"John Doe","phoneNumber":"0123456132","profilePic":null,"bio":null,"private":false,"verified":false,"role":0,"followersCount":0,"followingCount":0,"postCount":0}}

23:07:49.148 [pool-2-thread-7] INFO com.intuit.karate -- [print] Call 2 completed, status: 200 
23:07:49.150 [pool-2-thread-2] DEBUG org.apache.http.wire -- http-outgoing-5 << "HTTP/1.1 200 OK[\r][\n]"
23:07:49.150 [pool-2-thread-2] DEBUG org.apache.http.wire -- http-outgoing-5 << "X-Powered-By: Express[\r][\n]"
23:07:49.150 [pool-2-thread-2] DEBUG org.apache.http.wire -- http-outgoing-5 << "Access-Control-Allow-Origin: *[\r][\n]"
23:07:49.150 [pool-2-thread-2] DEBUG org.apache.http.wire -- http-outgoing-5 << "Content-Type: application/json; charset=utf-8[\r][\n]"
23:07:49.150 [pool-2-thread-2] DEBUG org.apache.http.wire -- http-outgoing-5 << "Content-Length: 715[\r][\n]"
23:07:49.150 [pool-2-thread-2] DEBUG org.apache.http.wire -- http-outgoing-5 << "ETag: W/"2cb-GQLgO5p0uBm2R89Du2nXIfzqarc"[\r][\n]"
23:07:49.150 [pool-2-thread-2] DEBUG org.apache.http.wire -- http-outgoing-5 << "Date: Sun, 22 Jun 2025 16:07:49 GMT[\r][\n]"
23:07:49.150 [pool-2-thread-2] DEBUG org.apache.http.wire -- http-outgoing-5 << "Connection: keep-alive[\r][\n]"
23:07:49.150 [pool-2-thread-2] DEBUG org.apache.http.wire -- http-outgoing-5 << "Keep-Alive: timeout=5[\r][\n]"
23:07:49.150 [pool-2-thread-2] DEBUG org.apache.http.wire -- http-outgoing-5 << "[\r][\n]"
23:07:49.150 [pool-2-thread-2] DEBUG org.apache.http.wire -- http-outgoing-5 << "{"access_token":"eyJhbGciOiJIUzI1NiIsInR5cCI6IkpXVCJ9.eyJzdWIiOiIyYjg0YWEyNC02NjhhLTQwZTItYWYxYy1hZDRmYzRmYTVhNmYiLCJ1c2VybmFtZSI6InF1YW5nMSIsInJvbGUiOjAsImlhdCI6MTc1MDYwODQ2OCwiZXhwIjoxNzUwNjEyMDY4fQ.quG1ZuFnP1EyCv-urLk2N-ZfKegRUpWgOZkyrjQKeaE","refresh_token":"9636eff50cc6c08d19e468f2be745f7abb1b3de9ccce735811a6e916276aac31","user":{"id":"2b84aa24-668a-40e2-af1c-ad4fc4fa5a6f","email":"quang1@gmail.com","username":"quang1","name":"quang1","phoneNumber":"09874563210","profilePic":"https://res.cloudinary.com/dizcvrefo/image/upload/v1749027586/nestjs_uploads/xehairydt9rzlbmbmv4c.jpg","bio":"Thang Nam Lao Vua Thoi","private":false,"verified":false,"role":0,"followersCount":2,"followingCount":3,"postCount":2}}"
23:07:49.150 [pool-2-thread-7] INFO com.intuit.karate -- [print] *** API CALL 3 *** 
23:07:49.150 [pool-2-thread-8] INFO com.intuit.karate -- [print] Call 1 completed, status: 200 
23:07:49.150 [pool-2-thread-2] DEBUG org.apache.http.headers -- http-outgoing-5 << HTTP/1.1 200 OK
23:07:49.150 [pool-2-thread-2] DEBUG org.apache.http.headers -- http-outgoing-5 << X-Powered-By: Express
23:07:49.150 [pool-2-thread-2] DEBUG org.apache.http.headers -- http-outgoing-5 << Access-Control-Allow-Origin: *
23:07:49.150 [pool-2-thread-2] DEBUG org.apache.http.headers -- http-outgoing-5 << Content-Type: application/json; charset=utf-8
23:07:49.150 [pool-2-thread-2] DEBUG org.apache.http.headers -- http-outgoing-5 << Content-Length: 715
23:07:49.150 [pool-2-thread-2] DEBUG org.apache.http.headers -- http-outgoing-5 << ETag: W/"2cb-GQLgO5p0uBm2R89Du2nXIfzqarc"
23:07:49.150 [pool-2-thread-2] DEBUG org.apache.http.headers -- http-outgoing-5 << Date: Sun, 22 Jun 2025 16:07:49 GMT
23:07:49.150 [pool-2-thread-2] DEBUG org.apache.http.headers -- http-outgoing-5 << Connection: keep-alive
23:07:49.150 [pool-2-thread-2] DEBUG org.apache.http.headers -- http-outgoing-5 << Keep-Alive: timeout=5
23:07:49.150 [pool-2-thread-2] DEBUG org.apache.http.impl.execchain.MainClientExec -- Connection can be kept alive for 5000 MILLISECONDS
23:07:49.150 [pool-2-thread-2] DEBUG org.apache.http.impl.conn.PoolingHttpClientConnectionManager -- Connection [id: 10][route: {}->http://localhost:3000] can be kept alive for 5.0 seconds
23:07:49.150 [pool-2-thread-2] DEBUG org.apache.http.impl.conn.DefaultManagedHttpClientConnection -- http-outgoing-5: set socket timeout to 0
23:07:49.150 [pool-2-thread-2] DEBUG org.apache.http.impl.conn.PoolingHttpClientConnectionManager -- Connection released: [id: 10][route: {}->http://localhost:3000][total available: 1; route allocated: 1 of 5; total allocated: 1 of 10]
23:07:49.150 [pool-2-thread-2] DEBUG org.apache.http.impl.conn.PoolingHttpClientConnectionManager -- Connection manager is shutting down
23:07:49.150 [pool-2-thread-2] DEBUG org.apache.http.impl.conn.DefaultManagedHttpClientConnection -- http-outgoing-5: Close connection
23:07:49.150 [pool-2-thread-8] INFO com.intuit.karate -- [print] *** API CALL 2 *** 
23:07:49.150 [pool-2-thread-2] DEBUG org.apache.http.impl.conn.PoolingHttpClientConnectionManager -- Connection manager shut down
23:07:49.150 [pool-2-thread-2] DEBUG com.intuit.karate -- response time in milliseconds: 3080
1 < 200
1 < X-Powered-By: Express
1 < Access-Control-Allow-Origin: *
1 < Content-Type: application/json; charset=utf-8
1 < Content-Length: 715
1 < ETag: W/"2cb-GQLgO5p0uBm2R89Du2nXIfzqarc"
1 < Date: Sun, 22 Jun 2025 16:07:49 GMT
1 < Connection: keep-alive
1 < Keep-Alive: timeout=5
{"access_token":"eyJhbGciOiJIUzI1NiIsInR5cCI6IkpXVCJ9.eyJzdWIiOiIyYjg0YWEyNC02NjhhLTQwZTItYWYxYy1hZDRmYzRmYTVhNmYiLCJ1c2VybmFtZSI6InF1YW5nMSIsInJvbGUiOjAsImlhdCI6MTc1MDYwODQ2OCwiZXhwIjoxNzUwNjEyMDY4fQ.quG1ZuFnP1EyCv-urLk2N-ZfKegRUpWgOZkyrjQKeaE","refresh_token":"9636eff50cc6c08d19e468f2be745f7abb1b3de9ccce735811a6e916276aac31","user":{"id":"2b84aa24-668a-40e2-af1c-ad4fc4fa5a6f","email":"quang1@gmail.com","username":"quang1","name":"quang1","phoneNumber":"09874563210","profilePic":"https://res.cloudinary.com/dizcvrefo/image/upload/v1749027586/nestjs_uploads/xehairydt9rzlbmbmv4c.jpg","bio":"Thang Nam Lao Vua Thoi","private":false,"verified":false,"role":0,"followersCount":2,"followingCount":3,"postCount":2}}

23:07:49.151 [pool-2-thread-8] DEBUG org.apache.http.client.protocol.RequestAddCookies -- CookieSpec selected: karate
23:07:49.151 [pool-2-thread-7] DEBUG org.apache.http.client.protocol.RequestAddCookies -- CookieSpec selected: karate
23:07:49.152 [pool-2-thread-8] DEBUG org.apache.http.client.protocol.RequestAuthCache -- Auth cache not set in the context
23:07:49.152 [pool-2-thread-7] DEBUG org.apache.http.client.protocol.RequestAuthCache -- Auth cache not set in the context
23:07:49.152 [pool-2-thread-7] DEBUG com.intuit.karate -- request:
3 > POST http://localhost:3000/auth/login
3 > Content-Type: application/json; charset=UTF-8
3 > Content-Length: 54
3 > Host: localhost:3000
3 > Connection: Keep-Alive
3 > User-Agent: Apache-HttpClient/4.5.14 (Java/17.0.9)
3 > Accept-Encoding: gzip,deflate
{"email":"testit3@gmail.com","password":"Password123"}

23:07:49.152 [pool-2-thread-8] DEBUG com.intuit.karate -- request:
2 > POST http://localhost:3000/auth/login
2 > Content-Type: application/json; charset=UTF-8
2 > Content-Length: 54
2 > Host: localhost:3000
2 > Connection: Keep-Alive
2 > User-Agent: Apache-HttpClient/4.5.14 (Java/17.0.9)
2 > Accept-Encoding: gzip,deflate
{"email":"testit5@gmail.com","password":"Password123"}

23:07:49.152 [pool-2-thread-8] DEBUG org.apache.http.impl.conn.PoolingHttpClientConnectionManager -- Connection request: [route: {}->http://localhost:3000][total available: 0; route allocated: 0 of 5; total allocated: 0 of 10]
23:07:49.152 [pool-2-thread-7] DEBUG org.apache.http.impl.conn.PoolingHttpClientConnectionManager -- Connection request: [route: {}->http://localhost:3000][total available: 0; route allocated: 0 of 5; total allocated: 0 of 10]
23:07:49.152 [pool-2-thread-20] DEBUG org.apache.http.wire -- http-outgoing-8 << "HTTP/1.1 200 OK[\r][\n]"
23:07:49.152 [pool-2-thread-20] DEBUG org.apache.http.wire -- http-outgoing-8 << "X-Powered-By: Express[\r][\n]"
23:07:49.152 [pool-2-thread-20] DEBUG org.apache.http.wire -- http-outgoing-8 << "Access-Control-Allow-Origin: *[\r][\n]"
23:07:49.152 [pool-2-thread-20] DEBUG org.apache.http.wire -- http-outgoing-8 << "Content-Type: application/json; charset=utf-8[\r][\n]"
23:07:49.152 [pool-2-thread-20] DEBUG org.apache.http.wire -- http-outgoing-8 << "Content-Length: 605[\r][\n]"
23:07:49.152 [pool-2-thread-20] DEBUG org.apache.http.wire -- http-outgoing-8 << "ETag: W/"25d-e0/TaBOowF6b3SIab5Kp8Ero7wk"[\r][\n]"
23:07:49.152 [pool-2-thread-20] DEBUG org.apache.http.wire -- http-outgoing-8 << "Date: Sun, 22 Jun 2025 16:07:49 GMT[\r][\n]"
23:07:49.152 [pool-2-thread-20] DEBUG org.apache.http.wire -- http-outgoing-8 << "Connection: keep-alive[\r][\n]"
23:07:49.152 [pool-2-thread-7] DEBUG org.apache.http.impl.conn.PoolingHttpClientConnectionManager -- Connection leased: [id: 51][route: {}->http://localhost:3000][total available: 0; route allocated: 1 of 5; total allocated: 1 of 10]
23:07:49.152 [pool-2-thread-20] DEBUG org.apache.http.wire -- http-outgoing-8 << "Keep-Alive: timeout=5[\r][\n]"
23:07:49.152 [pool-2-thread-8] DEBUG org.apache.http.impl.conn.PoolingHttpClientConnectionManager -- Connection leased: [id: 50][route: {}->http://localhost:3000][total available: 0; route allocated: 1 of 5; total allocated: 1 of 10]
23:07:49.152 [pool-2-thread-7] DEBUG org.apache.http.impl.execchain.MainClientExec -- Opening connection {}->http://localhost:3000
23:07:49.152 [pool-2-thread-8] DEBUG org.apache.http.impl.execchain.MainClientExec -- Opening connection {}->http://localhost:3000
23:07:49.152 [pool-2-thread-20] DEBUG org.apache.http.wire -- http-outgoing-8 << "[\r][\n]"
23:07:49.152 [pool-2-thread-20] DEBUG org.apache.http.wire -- http-outgoing-8 << "{"access_token":"eyJhbGciOiJIUzI1NiIsInR5cCI6IkpXVCJ9.eyJzdWIiOiIwYTM3ZWY0My1mZWU4LTQxZDMtYTY4Ni04YWIwODY5NDg2OTUiLCJ1c2VybmFtZSI6ImpvaG5kb2UyMSIsInJvbGUiOjAsImlhdCI6MTc1MDYwODQ2OCwiZXhwIjoxNzUwNjEyMDY4fQ.tmVNCu8WNyZ-9OjnAdgSV3w_CKjP4cRwqRGor5t63zM","refresh_token":"57a216731df3f37524f6301401c39aa461094a03d06ccd6b2d4939da5a5476d7","user":{"id":"0a37ef43-fee8-41d3-a686-8ab086948695","email":"testit2@gmail.com","username":"johndoe21","name":"John Doe","phoneNumber":"0123456712","profilePic":null,"bio":null,"private":false,"verified":false,"role":0,"followersCount":0,"followingCount":0,"postCount":0}}"
23:07:49.152 [pool-2-thread-20] DEBUG org.apache.http.headers -- http-outgoing-8 << HTTP/1.1 200 OK
23:07:49.152 [pool-2-thread-20] DEBUG org.apache.http.headers -- http-outgoing-8 << X-Powered-By: Express
23:07:49.152 [pool-2-thread-20] DEBUG org.apache.http.headers -- http-outgoing-8 << Access-Control-Allow-Origin: *
23:07:49.152 [pool-2-thread-20] DEBUG org.apache.http.headers -- http-outgoing-8 << Content-Type: application/json; charset=utf-8
23:07:49.152 [pool-2-thread-20] DEBUG org.apache.http.headers -- http-outgoing-8 << Content-Length: 605
23:07:49.152 [pool-2-thread-20] DEBUG org.apache.http.headers -- http-outgoing-8 << ETag: W/"25d-e0/TaBOowF6b3SIab5Kp8Ero7wk"
23:07:49.152 [pool-2-thread-20] DEBUG org.apache.http.headers -- http-outgoing-8 << Date: Sun, 22 Jun 2025 16:07:49 GMT
23:07:49.152 [pool-2-thread-20] DEBUG org.apache.http.headers -- http-outgoing-8 << Connection: keep-alive
23:07:49.152 [pool-2-thread-20] DEBUG org.apache.http.headers -- http-outgoing-8 << Keep-Alive: timeout=5
23:07:49.152 [pool-2-thread-8] DEBUG org.apache.http.impl.conn.DefaultHttpClientConnectionOperator -- Connecting to localhost/127.0.0.1:3000
23:07:49.152 [pool-2-thread-7] DEBUG org.apache.http.impl.conn.DefaultHttpClientConnectionOperator -- Connecting to localhost/127.0.0.1:3000
23:07:49.152 [pool-2-thread-20] DEBUG org.apache.http.impl.execchain.MainClientExec -- Connection can be kept alive for 5000 MILLISECONDS
23:07:49.152 [pool-2-thread-20] DEBUG org.apache.http.impl.conn.PoolingHttpClientConnectionManager -- Connection [id: 26][route: {}->http://localhost:3000] can be kept alive for 5.0 seconds
23:07:49.152 [pool-2-thread-20] DEBUG org.apache.http.impl.conn.DefaultManagedHttpClientConnection -- http-outgoing-8: set socket timeout to 0
23:07:49.152 [pool-2-thread-20] DEBUG org.apache.http.impl.conn.PoolingHttpClientConnectionManager -- Connection released: [id: 26][route: {}->http://localhost:3000][total available: 1; route allocated: 1 of 5; total allocated: 1 of 10]
23:07:49.152 [pool-2-thread-20] DEBUG org.apache.http.impl.conn.PoolingHttpClientConnectionManager -- Connection manager is shutting down
23:07:49.152 [pool-2-thread-20] DEBUG org.apache.http.impl.conn.DefaultManagedHttpClientConnection -- http-outgoing-8: Close connection
23:07:49.153 [pool-2-thread-2] INFO com.intuit.karate -- [print] Call 1 completed, status: 200 
23:07:49.153 [pool-2-thread-20] DEBUG org.apache.http.impl.conn.PoolingHttpClientConnectionManager -- Connection manager shut down
23:07:49.153 [pool-2-thread-20] DEBUG com.intuit.karate -- response time in milliseconds: 3082
1 < 200
1 < X-Powered-By: Express
1 < Access-Control-Allow-Origin: *
1 < Content-Type: application/json; charset=utf-8
1 < Content-Length: 605
1 < ETag: W/"25d-e0/TaBOowF6b3SIab5Kp8Ero7wk"
1 < Date: Sun, 22 Jun 2025 16:07:49 GMT
1 < Connection: keep-alive
1 < Keep-Alive: timeout=5
{"access_token":"eyJhbGciOiJIUzI1NiIsInR5cCI6IkpXVCJ9.eyJzdWIiOiIwYTM3ZWY0My1mZWU4LTQxZDMtYTY4Ni04YWIwODY5NDg2OTUiLCJ1c2VybmFtZSI6ImpvaG5kb2UyMSIsInJvbGUiOjAsImlhdCI6MTc1MDYwODQ2OCwiZXhwIjoxNzUwNjEyMDY4fQ.tmVNCu8WNyZ-9OjnAdgSV3w_CKjP4cRwqRGor5t63zM","refresh_token":"57a216731df3f37524f6301401c39aa461094a03d06ccd6b2d4939da5a5476d7","user":{"id":"0a37ef43-fee8-41d3-a686-8ab086948695","email":"testit2@gmail.com","username":"johndoe21","name":"John Doe","phoneNumber":"0123456712","profilePic":null,"bio":null,"private":false,"verified":false,"role":0,"followersCount":0,"followingCount":0,"postCount":0}}

23:07:49.153 [pool-2-thread-8] DEBUG org.apache.http.impl.conn.DefaultHttpClientConnectionOperator -- Connection established 127.0.0.1:52705<->127.0.0.1:3000
23:07:49.153 [pool-2-thread-8] DEBUG org.apache.http.impl.conn.DefaultManagedHttpClientConnection -- http-outgoing-50: set socket timeout to 30000
23:07:49.153 [pool-2-thread-7] DEBUG org.apache.http.impl.conn.DefaultHttpClientConnectionOperator -- Connection established 127.0.0.1:52706<->127.0.0.1:3000
23:07:49.153 [pool-2-thread-8] DEBUG org.apache.http.impl.execchain.MainClientExec -- Executing request POST /auth/login HTTP/1.1
23:07:49.153 [pool-2-thread-7] DEBUG org.apache.http.impl.conn.DefaultManagedHttpClientConnection -- http-outgoing-51: set socket timeout to 30000
23:07:49.153 [pool-2-thread-8] DEBUG org.apache.http.impl.execchain.MainClientExec -- Target auth state: UNCHALLENGED
23:07:49.153 [pool-2-thread-7] DEBUG org.apache.http.impl.execchain.MainClientExec -- Executing request POST /auth/login HTTP/1.1
23:07:49.153 [pool-2-thread-8] DEBUG org.apache.http.impl.execchain.MainClientExec -- Proxy auth state: UNCHALLENGED
23:07:49.153 [pool-2-thread-7] DEBUG org.apache.http.impl.execchain.MainClientExec -- Target auth state: UNCHALLENGED
23:07:49.153 [pool-2-thread-7] DEBUG org.apache.http.impl.execchain.MainClientExec -- Proxy auth state: UNCHALLENGED
23:07:49.153 [pool-2-thread-7] DEBUG org.apache.http.headers -- http-outgoing-51 >> POST /auth/login HTTP/1.1
23:07:49.153 [pool-2-thread-8] DEBUG org.apache.http.headers -- http-outgoing-50 >> POST /auth/login HTTP/1.1
23:07:49.153 [pool-2-thread-7] DEBUG org.apache.http.headers -- http-outgoing-51 >> Content-Type: application/json; charset=UTF-8
23:07:49.153 [pool-2-thread-8] DEBUG org.apache.http.headers -- http-outgoing-50 >> Content-Type: application/json; charset=UTF-8
23:07:49.153 [pool-2-thread-8] DEBUG org.apache.http.headers -- http-outgoing-50 >> Content-Length: 54
23:07:49.153 [pool-2-thread-7] DEBUG org.apache.http.headers -- http-outgoing-51 >> Content-Length: 54
23:07:49.153 [pool-2-thread-8] DEBUG org.apache.http.headers -- http-outgoing-50 >> Host: localhost:3000
23:07:49.153 [pool-2-thread-7] DEBUG org.apache.http.headers -- http-outgoing-51 >> Host: localhost:3000
23:07:49.153 [pool-2-thread-8] DEBUG org.apache.http.headers -- http-outgoing-50 >> Connection: Keep-Alive
23:07:49.153 [pool-2-thread-8] DEBUG org.apache.http.headers -- http-outgoing-50 >> User-Agent: Apache-HttpClient/4.5.14 (Java/17.0.9)
23:07:49.153 [pool-2-thread-8] DEBUG org.apache.http.headers -- http-outgoing-50 >> Accept-Encoding: gzip,deflate
23:07:49.153 [pool-2-thread-7] DEBUG org.apache.http.headers -- http-outgoing-51 >> Connection: Keep-Alive
23:07:49.153 [pool-2-thread-7] DEBUG org.apache.http.headers -- http-outgoing-51 >> User-Agent: Apache-HttpClient/4.5.14 (Java/17.0.9)
23:07:49.153 [pool-2-thread-7] DEBUG org.apache.http.headers -- http-outgoing-51 >> Accept-Encoding: gzip,deflate
23:07:49.153 [pool-2-thread-8] DEBUG org.apache.http.wire -- http-outgoing-50 >> "POST /auth/login HTTP/1.1[\r][\n]"
23:07:49.153 [pool-2-thread-8] DEBUG org.apache.http.wire -- http-outgoing-50 >> "Content-Type: application/json; charset=UTF-8[\r][\n]"
23:07:49.153 [pool-2-thread-7] DEBUG org.apache.http.wire -- http-outgoing-51 >> "POST /auth/login HTTP/1.1[\r][\n]"
23:07:49.153 [pool-2-thread-8] DEBUG org.apache.http.wire -- http-outgoing-50 >> "Content-Length: 54[\r][\n]"
23:07:49.153 [pool-2-thread-8] DEBUG org.apache.http.wire -- http-outgoing-50 >> "Host: localhost:3000[\r][\n]"
23:07:49.153 [pool-2-thread-7] DEBUG org.apache.http.wire -- http-outgoing-51 >> "Content-Type: application/json; charset=UTF-8[\r][\n]"
23:07:49.153 [pool-2-thread-8] DEBUG org.apache.http.wire -- http-outgoing-50 >> "Connection: Keep-Alive[\r][\n]"
23:07:49.153 [pool-2-thread-8] DEBUG org.apache.http.wire -- http-outgoing-50 >> "User-Agent: Apache-HttpClient/4.5.14 (Java/17.0.9)[\r][\n]"
23:07:49.153 [pool-2-thread-8] DEBUG org.apache.http.wire -- http-outgoing-50 >> "Accept-Encoding: gzip,deflate[\r][\n]"
23:07:49.153 [pool-2-thread-8] DEBUG org.apache.http.wire -- http-outgoing-50 >> "[\r][\n]"
23:07:49.153 [pool-2-thread-8] DEBUG org.apache.http.wire -- http-outgoing-50 >> "{"email":"testit5@gmail.com","password":"Password123"}"
23:07:49.153 [pool-2-thread-7] DEBUG org.apache.http.wire -- http-outgoing-51 >> "Content-Length: 54[\r][\n]"
23:07:49.153 [pool-2-thread-7] DEBUG org.apache.http.wire -- http-outgoing-51 >> "Host: localhost:3000[\r][\n]"
23:07:49.153 [pool-2-thread-7] DEBUG org.apache.http.wire -- http-outgoing-51 >> "Connection: Keep-Alive[\r][\n]"
23:07:49.153 [pool-2-thread-7] DEBUG org.apache.http.wire -- http-outgoing-51 >> "User-Agent: Apache-HttpClient/4.5.14 (Java/17.0.9)[\r][\n]"
23:07:49.153 [pool-2-thread-7] DEBUG org.apache.http.wire -- http-outgoing-51 >> "Accept-Encoding: gzip,deflate[\r][\n]"
23:07:49.153 [pool-2-thread-7] DEBUG org.apache.http.wire -- http-outgoing-51 >> "[\r][\n]"
23:07:49.153 [pool-2-thread-7] DEBUG org.apache.http.wire -- http-outgoing-51 >> "{"email":"testit3@gmail.com","password":"Password123"}"
23:07:49.154 [pool-2-thread-2] INFO com.intuit.karate -- [print] *** API CALL 2 *** 
23:07:49.154 [pool-2-thread-20] INFO com.intuit.karate -- [print] Call 1 completed, status: 200 
23:07:49.156 [pool-2-thread-20] INFO com.intuit.karate -- [print] *** API CALL 2 *** 
23:07:49.156 [pool-2-thread-2] DEBUG org.apache.http.client.protocol.RequestAddCookies -- CookieSpec selected: karate
23:07:49.156 [pool-2-thread-2] DEBUG org.apache.http.client.protocol.RequestAuthCache -- Auth cache not set in the context
23:07:49.157 [pool-2-thread-2] DEBUG com.intuit.karate -- request:
2 > POST http://localhost:3000/auth/login
2 > Content-Type: application/json; charset=UTF-8
2 > Content-Length: 48
2 > Host: localhost:3000
2 > Connection: Keep-Alive
2 > User-Agent: Apache-HttpClient/4.5.14 (Java/17.0.9)
2 > Accept-Encoding: gzip,deflate
{"email":"quang1@gmail.com","password":"quang1"}

23:07:49.157 [pool-2-thread-2] DEBUG org.apache.http.impl.conn.PoolingHttpClientConnectionManager -- Connection request: [route: {}->http://localhost:3000][total available: 0; route allocated: 0 of 5; total allocated: 0 of 10]
23:07:49.157 [pool-2-thread-2] DEBUG org.apache.http.impl.conn.PoolingHttpClientConnectionManager -- Connection leased: [id: 52][route: {}->http://localhost:3000][total available: 0; route allocated: 1 of 5; total allocated: 1 of 10]
23:07:49.157 [pool-2-thread-2] DEBUG org.apache.http.impl.execchain.MainClientExec -- Opening connection {}->http://localhost:3000
23:07:49.157 [pool-2-thread-2] DEBUG org.apache.http.impl.conn.DefaultHttpClientConnectionOperator -- Connecting to localhost/127.0.0.1:3000
23:07:49.157 [pool-2-thread-20] DEBUG org.apache.http.client.protocol.RequestAddCookies -- CookieSpec selected: karate
23:07:49.157 [pool-2-thread-20] DEBUG org.apache.http.client.protocol.RequestAuthCache -- Auth cache not set in the context
23:07:49.157 [pool-2-thread-20] DEBUG com.intuit.karate -- request:
2 > POST http://localhost:3000/auth/login
2 > Content-Type: application/json; charset=UTF-8
2 > Content-Length: 54
2 > Host: localhost:3000
2 > Connection: Keep-Alive
2 > User-Agent: Apache-HttpClient/4.5.14 (Java/17.0.9)
2 > Accept-Encoding: gzip,deflate
{"email":"testit2@gmail.com","password":"Password123"}

23:07:49.158 [pool-2-thread-20] DEBUG org.apache.http.impl.conn.PoolingHttpClientConnectionManager -- Connection request: [route: {}->http://localhost:3000][total available: 0; route allocated: 0 of 5; total allocated: 0 of 10]
23:07:49.158 [pool-2-thread-2] DEBUG org.apache.http.impl.conn.DefaultHttpClientConnectionOperator -- Connection established 127.0.0.1:52707<->127.0.0.1:3000
23:07:49.158 [pool-2-thread-2] DEBUG org.apache.http.impl.conn.DefaultManagedHttpClientConnection -- http-outgoing-52: set socket timeout to 30000
23:07:49.158 [pool-2-thread-2] DEBUG org.apache.http.impl.execchain.MainClientExec -- Executing request POST /auth/login HTTP/1.1
23:07:49.158 [pool-2-thread-2] DEBUG org.apache.http.impl.execchain.MainClientExec -- Target auth state: UNCHALLENGED
23:07:49.158 [pool-2-thread-20] DEBUG org.apache.http.impl.conn.PoolingHttpClientConnectionManager -- Connection leased: [id: 53][route: {}->http://localhost:3000][total available: 0; route allocated: 1 of 5; total allocated: 1 of 10]
23:07:49.158 [pool-2-thread-20] DEBUG org.apache.http.impl.execchain.MainClientExec -- Opening connection {}->http://localhost:3000
23:07:49.158 [pool-2-thread-2] DEBUG org.apache.http.impl.execchain.MainClientExec -- Proxy auth state: UNCHALLENGED
23:07:49.158 [pool-2-thread-2] DEBUG org.apache.http.headers -- http-outgoing-52 >> POST /auth/login HTTP/1.1
23:07:49.158 [pool-2-thread-2] DEBUG org.apache.http.headers -- http-outgoing-52 >> Content-Type: application/json; charset=UTF-8
23:07:49.158 [pool-2-thread-2] DEBUG org.apache.http.headers -- http-outgoing-52 >> Content-Length: 48
23:07:49.158 [pool-2-thread-2] DEBUG org.apache.http.headers -- http-outgoing-52 >> Host: localhost:3000
23:07:49.158 [pool-2-thread-2] DEBUG org.apache.http.headers -- http-outgoing-52 >> Connection: Keep-Alive
23:07:49.158 [pool-2-thread-2] DEBUG org.apache.http.headers -- http-outgoing-52 >> User-Agent: Apache-HttpClient/4.5.14 (Java/17.0.9)
23:07:49.158 [pool-2-thread-2] DEBUG org.apache.http.headers -- http-outgoing-52 >> Accept-Encoding: gzip,deflate
23:07:49.158 [pool-2-thread-2] DEBUG org.apache.http.wire -- http-outgoing-52 >> "POST /auth/login HTTP/1.1[\r][\n]"
23:07:49.158 [pool-2-thread-2] DEBUG org.apache.http.wire -- http-outgoing-52 >> "Content-Type: application/json; charset=UTF-8[\r][\n]"
23:07:49.158 [pool-2-thread-2] DEBUG org.apache.http.wire -- http-outgoing-52 >> "Content-Length: 48[\r][\n]"
23:07:49.158 [pool-2-thread-2] DEBUG org.apache.http.wire -- http-outgoing-52 >> "Host: localhost:3000[\r][\n]"
23:07:49.158 [pool-2-thread-2] DEBUG org.apache.http.wire -- http-outgoing-52 >> "Connection: Keep-Alive[\r][\n]"
23:07:49.158 [pool-2-thread-2] DEBUG org.apache.http.wire -- http-outgoing-52 >> "User-Agent: Apache-HttpClient/4.5.14 (Java/17.0.9)[\r][\n]"
23:07:49.158 [pool-2-thread-20] DEBUG org.apache.http.impl.conn.DefaultHttpClientConnectionOperator -- Connecting to localhost/127.0.0.1:3000
23:07:49.158 [pool-2-thread-2] DEBUG org.apache.http.wire -- http-outgoing-52 >> "Accept-Encoding: gzip,deflate[\r][\n]"
23:07:49.158 [pool-2-thread-2] DEBUG org.apache.http.wire -- http-outgoing-52 >> "[\r][\n]"
23:07:49.158 [pool-2-thread-2] DEBUG org.apache.http.wire -- http-outgoing-52 >> "{"email":"quang1@gmail.com","password":"quang1"}"
23:07:49.158 [pool-2-thread-20] DEBUG org.apache.http.impl.conn.DefaultHttpClientConnectionOperator -- Connection established 127.0.0.1:52708<->127.0.0.1:3000
23:07:49.158 [pool-2-thread-20] DEBUG org.apache.http.impl.conn.DefaultManagedHttpClientConnection -- http-outgoing-53: set socket timeout to 30000
23:07:49.158 [pool-2-thread-20] DEBUG org.apache.http.impl.execchain.MainClientExec -- Executing request POST /auth/login HTTP/1.1
23:07:49.158 [pool-2-thread-20] DEBUG org.apache.http.impl.execchain.MainClientExec -- Target auth state: UNCHALLENGED
23:07:49.158 [pool-2-thread-20] DEBUG org.apache.http.impl.execchain.MainClientExec -- Proxy auth state: UNCHALLENGED
23:07:49.159 [pool-2-thread-20] DEBUG org.apache.http.headers -- http-outgoing-53 >> POST /auth/login HTTP/1.1
23:07:49.159 [pool-2-thread-20] DEBUG org.apache.http.headers -- http-outgoing-53 >> Content-Type: application/json; charset=UTF-8
23:07:49.159 [pool-2-thread-20] DEBUG org.apache.http.headers -- http-outgoing-53 >> Content-Length: 54
23:07:49.159 [pool-2-thread-20] DEBUG org.apache.http.headers -- http-outgoing-53 >> Host: localhost:3000
23:07:49.159 [pool-2-thread-20] DEBUG org.apache.http.headers -- http-outgoing-53 >> Connection: Keep-Alive
23:07:49.159 [pool-2-thread-20] DEBUG org.apache.http.headers -- http-outgoing-53 >> User-Agent: Apache-HttpClient/4.5.14 (Java/17.0.9)
23:07:49.159 [pool-2-thread-20] DEBUG org.apache.http.headers -- http-outgoing-53 >> Accept-Encoding: gzip,deflate
23:07:49.159 [pool-2-thread-20] DEBUG org.apache.http.wire -- http-outgoing-53 >> "POST /auth/login HTTP/1.1[\r][\n]"
23:07:49.159 [pool-2-thread-20] DEBUG org.apache.http.wire -- http-outgoing-53 >> "Content-Type: application/json; charset=UTF-8[\r][\n]"
23:07:49.159 [pool-2-thread-20] DEBUG org.apache.http.wire -- http-outgoing-53 >> "Content-Length: 54[\r][\n]"
23:07:49.159 [pool-2-thread-20] DEBUG org.apache.http.wire -- http-outgoing-53 >> "Host: localhost:3000[\r][\n]"
23:07:49.159 [pool-2-thread-20] DEBUG org.apache.http.wire -- http-outgoing-53 >> "Connection: Keep-Alive[\r][\n]"
23:07:49.159 [pool-2-thread-20] DEBUG org.apache.http.wire -- http-outgoing-53 >> "User-Agent: Apache-HttpClient/4.5.14 (Java/17.0.9)[\r][\n]"
23:07:49.159 [pool-2-thread-20] DEBUG org.apache.http.wire -- http-outgoing-53 >> "Accept-Encoding: gzip,deflate[\r][\n]"
23:07:49.159 [pool-2-thread-20] DEBUG org.apache.http.wire -- http-outgoing-53 >> "[\r][\n]"
23:07:49.159 [pool-2-thread-20] DEBUG org.apache.http.wire -- http-outgoing-53 >> "{"email":"testit2@gmail.com","password":"Password123"}"
23:07:49.172 [pool-2-thread-9] DEBUG org.apache.http.wire -- http-outgoing-14 << "HTTP/1.1 200 OK[\r][\n]"
23:07:49.172 [pool-2-thread-23] DEBUG org.apache.http.wire -- http-outgoing-0 << "HTTP/1.1 200 OK[\r][\n]"
23:07:49.174 [pool-2-thread-9] DEBUG org.apache.http.wire -- http-outgoing-14 << "X-Powered-By: Express[\r][\n]"
23:07:49.174 [pool-2-thread-23] DEBUG org.apache.http.wire -- http-outgoing-0 << "X-Powered-By: Express[\r][\n]"
23:07:49.174 [pool-2-thread-9] DEBUG org.apache.http.wire -- http-outgoing-14 << "Access-Control-Allow-Origin: *[\r][\n]"
23:07:49.174 [pool-2-thread-23] DEBUG org.apache.http.wire -- http-outgoing-0 << "Access-Control-Allow-Origin: *[\r][\n]"
23:07:49.174 [pool-2-thread-9] DEBUG org.apache.http.wire -- http-outgoing-14 << "Content-Type: application/json; charset=utf-8[\r][\n]"
23:07:49.174 [pool-2-thread-23] DEBUG org.apache.http.wire -- http-outgoing-0 << "Content-Type: application/json; charset=utf-8[\r][\n]"
23:07:49.174 [pool-2-thread-9] DEBUG org.apache.http.wire -- http-outgoing-14 << "Content-Length: 604[\r][\n]"
23:07:49.174 [pool-2-thread-23] DEBUG org.apache.http.wire -- http-outgoing-0 << "Content-Length: 599[\r][\n]"
23:07:49.174 [pool-2-thread-9] DEBUG org.apache.http.wire -- http-outgoing-14 << "ETag: W/"25c-QoGLUjvAb6NjtsQlT4jg61mZcSI"[\r][\n]"
23:07:49.174 [pool-2-thread-23] DEBUG org.apache.http.wire -- http-outgoing-0 << "ETag: W/"257-CsXlaRwnovxrqxDcAshtZHAiW9E"[\r][\n]"
23:07:49.174 [pool-2-thread-9] DEBUG org.apache.http.wire -- http-outgoing-14 << "Date: Sun, 22 Jun 2025 16:07:49 GMT[\r][\n]"
23:07:49.174 [pool-2-thread-23] DEBUG org.apache.http.wire -- http-outgoing-0 << "Date: Sun, 22 Jun 2025 16:07:49 GMT[\r][\n]"
23:07:49.174 [pool-2-thread-9] DEBUG org.apache.http.wire -- http-outgoing-14 << "Connection: keep-alive[\r][\n]"
23:07:49.174 [pool-2-thread-23] DEBUG org.apache.http.wire -- http-outgoing-0 << "Connection: keep-alive[\r][\n]"
23:07:49.174 [pool-2-thread-9] DEBUG org.apache.http.wire -- http-outgoing-14 << "Keep-Alive: timeout=5[\r][\n]"
23:07:49.174 [pool-2-thread-23] DEBUG org.apache.http.wire -- http-outgoing-0 << "Keep-Alive: timeout=5[\r][\n]"
23:07:49.174 [pool-2-thread-9] DEBUG org.apache.http.wire -- http-outgoing-14 << "[\r][\n]"
23:07:49.174 [pool-2-thread-23] DEBUG org.apache.http.wire -- http-outgoing-0 << "[\r][\n]"
23:07:49.174 [pool-2-thread-26] DEBUG org.apache.http.wire -- http-outgoing-30 << "HTTP/1.1 200 OK[\r][\n]"
23:07:49.174 [pool-2-thread-9] DEBUG org.apache.http.wire -- http-outgoing-14 << "{"access_token":"eyJhbGciOiJIUzI1NiIsInR5cCI6IkpXVCJ9.eyJzdWIiOiJkZjZmMDkxOS1hMjNkLTQ0YzktYTkyNS00ZWE4YmU1MjVkMTAiLCJ1c2VybmFtZSI6ImpvaG5kb2UyMyIsInJvbGUiOjAsImlhdCI6MTc1MDYwODQ2OCwiZXhwIjoxNzUwNjEyMDY4fQ.Y8qPbvRp-mG84BQ6gUMmheQtZYqQMscM_kHtjmIEh8s","refresh_token":"c5a5425bdd548f31b9f31d6ffef42c60c942facd7a0454223f648fd18b3fdc50","user":{"id":"df6f0919-a23d-44c9-a925-4ea8be525d10","email":"testit@gmail.com","username":"johndoe23","name":"John Doe","phoneNumber":"0123456788","profilePic":null,"bio":null,"private":false,"verified":false,"role":0,"followersCount":0,"followingCount":0,"postCount":0}}"
23:07:49.174 [pool-2-thread-23] DEBUG org.apache.http.wire -- http-outgoing-0 << "{"access_token":"eyJhbGciOiJIUzI1NiIsInR5cCI6IkpXVCJ9.eyJzdWIiOiIyZGRhMDQzOS01MTgwLTQ1YWEtOTE3Zi1lNjMyZTQ1YThlNDEiLCJ1c2VybmFtZSI6ImpvaG5kb2UiLCJyb2xlIjowLCJpYXQiOjE3NTA2MDg0NjgsImV4cCI6MTc1MDYxMjA2OH0.I-zM8Zcsy5G6HjPZZLhy4hAPQHNNof8EtLzn7mNJ_Zo","refresh_token":"457a5899f73fbeea11eb22dca3c3d7cc305a03b7968ff08fb341cdefcfc6d304","user":{"id":"2dda0439-5180-45aa-917f-e632e45a8e41","email":"test@example.com","username":"johndoe","name":"John Doe","phoneNumber":"0987654321","profilePic":null,"bio":null,"private":false,"verified":false,"role":0,"followersCount":0,"followingCount":0,"postCount":0}}"
23:07:49.174 [pool-2-thread-26] DEBUG org.apache.http.wire -- http-outgoing-30 << "X-Powered-By: Express[\r][\n]"
23:07:49.174 [pool-2-thread-26] DEBUG org.apache.http.wire -- http-outgoing-30 << "Access-Control-Allow-Origin: *[\r][\n]"
23:07:49.174 [pool-2-thread-26] DEBUG org.apache.http.wire -- http-outgoing-30 << "Content-Type: application/json; charset=utf-8[\r][\n]"
23:07:49.174 [pool-2-thread-26] DEBUG org.apache.http.wire -- http-outgoing-30 << "Content-Length: 607[\r][\n]"
23:07:49.174 [pool-2-thread-26] DEBUG org.apache.http.wire -- http-outgoing-30 << "ETag: W/"25f-y2I1iM84qGY3Bpk14WOhx82D2rM"[\r][\n]"
23:07:49.174 [pool-2-thread-9] DEBUG org.apache.http.headers -- http-outgoing-14 << HTTP/1.1 200 OK
23:07:49.174 [pool-2-thread-26] DEBUG org.apache.http.wire -- http-outgoing-30 << "Date: Sun, 22 Jun 2025 16:07:49 GMT[\r][\n]"
23:07:49.174 [pool-2-thread-9] DEBUG org.apache.http.headers -- http-outgoing-14 << X-Powered-By: Express
23:07:49.174 [pool-2-thread-23] DEBUG org.apache.http.headers -- http-outgoing-0 << HTTP/1.1 200 OK
23:07:49.174 [pool-2-thread-9] DEBUG org.apache.http.headers -- http-outgoing-14 << Access-Control-Allow-Origin: *
23:07:49.174 [pool-2-thread-23] DEBUG org.apache.http.headers -- http-outgoing-0 << X-Powered-By: Express
23:07:49.174 [pool-2-thread-23] DEBUG org.apache.http.headers -- http-outgoing-0 << Access-Control-Allow-Origin: *
23:07:49.174 [pool-2-thread-26] DEBUG org.apache.http.wire -- http-outgoing-30 << "Connection: keep-alive[\r][\n]"
23:07:49.174 [pool-2-thread-9] DEBUG org.apache.http.headers -- http-outgoing-14 << Content-Type: application/json; charset=utf-8
23:07:49.174 [pool-2-thread-9] DEBUG org.apache.http.headers -- http-outgoing-14 << Content-Length: 604
23:07:49.174 [pool-2-thread-9] DEBUG org.apache.http.headers -- http-outgoing-14 << ETag: W/"25c-QoGLUjvAb6NjtsQlT4jg61mZcSI"
23:07:49.174 [pool-2-thread-9] DEBUG org.apache.http.headers -- http-outgoing-14 << Date: Sun, 22 Jun 2025 16:07:49 GMT
23:07:49.174 [pool-2-thread-23] DEBUG org.apache.http.headers -- http-outgoing-0 << Content-Type: application/json; charset=utf-8
23:07:49.174 [pool-2-thread-26] DEBUG org.apache.http.wire -- http-outgoing-30 << "Keep-Alive: timeout=5[\r][\n]"
23:07:49.174 [pool-2-thread-26] DEBUG org.apache.http.wire -- http-outgoing-30 << "[\r][\n]"
23:07:49.174 [pool-2-thread-9] DEBUG org.apache.http.headers -- http-outgoing-14 << Connection: keep-alive
23:07:49.174 [pool-2-thread-23] DEBUG org.apache.http.headers -- http-outgoing-0 << Content-Length: 599
23:07:49.174 [pool-2-thread-9] DEBUG org.apache.http.headers -- http-outgoing-14 << Keep-Alive: timeout=5
23:07:49.174 [pool-2-thread-23] DEBUG org.apache.http.headers -- http-outgoing-0 << ETag: W/"257-CsXlaRwnovxrqxDcAshtZHAiW9E"
23:07:49.174 [pool-2-thread-23] DEBUG org.apache.http.headers -- http-outgoing-0 << Date: Sun, 22 Jun 2025 16:07:49 GMT
23:07:49.174 [pool-2-thread-23] DEBUG org.apache.http.headers -- http-outgoing-0 << Connection: keep-alive
23:07:49.174 [pool-2-thread-23] DEBUG org.apache.http.headers -- http-outgoing-0 << Keep-Alive: timeout=5
23:07:49.174 [pool-2-thread-26] DEBUG org.apache.http.wire -- http-outgoing-30 << "{"access_token":"eyJhbGciOiJIUzI1NiIsInR5cCI6IkpXVCJ9.eyJzdWIiOiI5YTI2OTc2Yy0xNTMyLTRkZjMtYTE2ZS03NjMxNTI1Yzg1MDIiLCJ1c2VybmFtZSI6ImpvaG5kb2UyZDUiLCJyb2xlIjowLCJpYXQiOjE3NTA2MDg0NjgsImV4cCI6MTc1MDYxMjA2OH0.cRV5VmumAjIRFo8oD4tGdkP_FOIvRbQNDPIFgxEZoCI","refresh_token":"ecb91199aec202aa1ef30c3a4b8eb2640bbdeb404c85a26551128fb569cf67d5","user":{"id":"9a26976c-1532-4df3-a16e-7631525c8502","email":"testit4@gmail.com","username":"johndoe2d5","name":"John Doe","phoneNumber":"0123456212","profilePic":null,"bio":null,"private":false,"verified":false,"role":0,"followersCount":0,"followingCount":0,"postCount":0}}"
23:07:49.174 [pool-2-thread-26] DEBUG org.apache.http.headers -- http-outgoing-30 << HTTP/1.1 200 OK
23:07:49.174 [pool-2-thread-26] DEBUG org.apache.http.headers -- http-outgoing-30 << X-Powered-By: Express
23:07:49.174 [pool-2-thread-26] DEBUG org.apache.http.headers -- http-outgoing-30 << Access-Control-Allow-Origin: *
23:07:49.174 [pool-2-thread-26] DEBUG org.apache.http.headers -- http-outgoing-30 << Content-Type: application/json; charset=utf-8
23:07:49.174 [pool-2-thread-26] DEBUG org.apache.http.headers -- http-outgoing-30 << Content-Length: 607
23:07:49.174 [pool-2-thread-26] DEBUG org.apache.http.headers -- http-outgoing-30 << ETag: W/"25f-y2I1iM84qGY3Bpk14WOhx82D2rM"
23:07:49.174 [pool-2-thread-26] DEBUG org.apache.http.headers -- http-outgoing-30 << Date: Sun, 22 Jun 2025 16:07:49 GMT
23:07:49.174 [pool-2-thread-26] DEBUG org.apache.http.headers -- http-outgoing-30 << Connection: keep-alive
23:07:49.174 [pool-2-thread-26] DEBUG org.apache.http.headers -- http-outgoing-30 << Keep-Alive: timeout=5
23:07:49.174 [pool-2-thread-23] DEBUG org.apache.http.impl.execchain.MainClientExec -- Connection can be kept alive for 5000 MILLISECONDS
23:07:49.174 [pool-2-thread-26] DEBUG org.apache.http.impl.execchain.MainClientExec -- Connection can be kept alive for 5000 MILLISECONDS
23:07:49.174 [pool-2-thread-9] DEBUG org.apache.http.impl.execchain.MainClientExec -- Connection can be kept alive for 5000 MILLISECONDS
23:07:49.174 [pool-2-thread-26] DEBUG org.apache.http.impl.conn.PoolingHttpClientConnectionManager -- Connection [id: 30][route: {}->http://localhost:3000] can be kept alive for 5.0 seconds
23:07:49.174 [pool-2-thread-23] DEBUG org.apache.http.impl.conn.PoolingHttpClientConnectionManager -- Connection [id: 5][route: {}->http://localhost:3000] can be kept alive for 5.0 seconds
23:07:49.174 [pool-2-thread-23] DEBUG org.apache.http.impl.conn.DefaultManagedHttpClientConnection -- http-outgoing-0: set socket timeout to 0
23:07:49.174 [pool-2-thread-9] DEBUG org.apache.http.impl.conn.PoolingHttpClientConnectionManager -- Connection [id: 28][route: {}->http://localhost:3000] can be kept alive for 5.0 seconds
23:07:49.174 [pool-2-thread-26] DEBUG org.apache.http.impl.conn.DefaultManagedHttpClientConnection -- http-outgoing-30: set socket timeout to 0
23:07:49.174 [pool-2-thread-9] DEBUG org.apache.http.impl.conn.DefaultManagedHttpClientConnection -- http-outgoing-14: set socket timeout to 0
23:07:49.174 [pool-2-thread-23] DEBUG org.apache.http.impl.conn.PoolingHttpClientConnectionManager -- Connection released: [id: 5][route: {}->http://localhost:3000][total available: 1; route allocated: 1 of 5; total allocated: 1 of 10]
23:07:49.174 [pool-2-thread-26] DEBUG org.apache.http.impl.conn.PoolingHttpClientConnectionManager -- Connection released: [id: 30][route: {}->http://localhost:3000][total available: 1; route allocated: 1 of 5; total allocated: 1 of 10]
23:07:49.174 [pool-2-thread-9] DEBUG org.apache.http.impl.conn.PoolingHttpClientConnectionManager -- Connection released: [id: 28][route: {}->http://localhost:3000][total available: 1; route allocated: 1 of 5; total allocated: 1 of 10]
23:07:49.174 [pool-2-thread-26] DEBUG org.apache.http.impl.conn.PoolingHttpClientConnectionManager -- Connection manager is shutting down
23:07:49.174 [pool-2-thread-23] DEBUG org.apache.http.impl.conn.PoolingHttpClientConnectionManager -- Connection manager is shutting down
23:07:49.174 [pool-2-thread-9] DEBUG org.apache.http.impl.conn.PoolingHttpClientConnectionManager -- Connection manager is shutting down
23:07:49.174 [pool-2-thread-26] DEBUG org.apache.http.impl.conn.DefaultManagedHttpClientConnection -- http-outgoing-30: Close connection
23:07:49.174 [pool-2-thread-9] DEBUG org.apache.http.impl.conn.DefaultManagedHttpClientConnection -- http-outgoing-14: Close connection
23:07:49.174 [pool-2-thread-23] DEBUG org.apache.http.impl.conn.DefaultManagedHttpClientConnection -- http-outgoing-0: Close connection
23:07:49.174 [pool-2-thread-9] DEBUG org.apache.http.impl.conn.PoolingHttpClientConnectionManager -- Connection manager shut down
23:07:49.174 [pool-2-thread-26] DEBUG org.apache.http.impl.conn.PoolingHttpClientConnectionManager -- Connection manager shut down
23:07:49.174 [pool-2-thread-23] DEBUG org.apache.http.impl.conn.PoolingHttpClientConnectionManager -- Connection manager shut down
23:07:49.175 [pool-2-thread-9] DEBUG com.intuit.karate -- response time in milliseconds: 3103
1 < 200
1 < X-Powered-By: Express
1 < Access-Control-Allow-Origin: *
1 < Content-Type: application/json; charset=utf-8
1 < Content-Length: 604
1 < ETag: W/"25c-QoGLUjvAb6NjtsQlT4jg61mZcSI"
1 < Date: Sun, 22 Jun 2025 16:07:49 GMT
1 < Connection: keep-alive
1 < Keep-Alive: timeout=5
{"access_token":"eyJhbGciOiJIUzI1NiIsInR5cCI6IkpXVCJ9.eyJzdWIiOiJkZjZmMDkxOS1hMjNkLTQ0YzktYTkyNS00ZWE4YmU1MjVkMTAiLCJ1c2VybmFtZSI6ImpvaG5kb2UyMyIsInJvbGUiOjAsImlhdCI6MTc1MDYwODQ2OCwiZXhwIjoxNzUwNjEyMDY4fQ.Y8qPbvRp-mG84BQ6gUMmheQtZYqQMscM_kHtjmIEh8s","refresh_token":"c5a5425bdd548f31b9f31d6ffef42c60c942facd7a0454223f648fd18b3fdc50","user":{"id":"df6f0919-a23d-44c9-a925-4ea8be525d10","email":"testit@gmail.com","username":"johndoe23","name":"John Doe","phoneNumber":"0123456788","profilePic":null,"bio":null,"private":false,"verified":false,"role":0,"followersCount":0,"followingCount":0,"postCount":0}}

23:07:49.175 [pool-2-thread-23] DEBUG com.intuit.karate -- response time in milliseconds: 3103
1 < 200
1 < X-Powered-By: Express
1 < Access-Control-Allow-Origin: *
1 < Content-Type: application/json; charset=utf-8
1 < Content-Length: 599
1 < ETag: W/"257-CsXlaRwnovxrqxDcAshtZHAiW9E"
1 < Date: Sun, 22 Jun 2025 16:07:49 GMT
1 < Connection: keep-alive
1 < Keep-Alive: timeout=5
{"access_token":"eyJhbGciOiJIUzI1NiIsInR5cCI6IkpXVCJ9.eyJzdWIiOiIyZGRhMDQzOS01MTgwLTQ1YWEtOTE3Zi1lNjMyZTQ1YThlNDEiLCJ1c2VybmFtZSI6ImpvaG5kb2UiLCJyb2xlIjowLCJpYXQiOjE3NTA2MDg0NjgsImV4cCI6MTc1MDYxMjA2OH0.I-zM8Zcsy5G6HjPZZLhy4hAPQHNNof8EtLzn7mNJ_Zo","refresh_token":"457a5899f73fbeea11eb22dca3c3d7cc305a03b7968ff08fb341cdefcfc6d304","user":{"id":"2dda0439-5180-45aa-917f-e632e45a8e41","email":"test@example.com","username":"johndoe","name":"John Doe","phoneNumber":"0987654321","profilePic":null,"bio":null,"private":false,"verified":false,"role":0,"followersCount":0,"followingCount":0,"postCount":0}}

23:07:49.175 [pool-2-thread-26] DEBUG com.intuit.karate -- response time in milliseconds: 2710
2 < 200
2 < X-Powered-By: Express
2 < Access-Control-Allow-Origin: *
2 < Content-Type: application/json; charset=utf-8
2 < Content-Length: 607
2 < ETag: W/"25f-y2I1iM84qGY3Bpk14WOhx82D2rM"
2 < Date: Sun, 22 Jun 2025 16:07:49 GMT
2 < Connection: keep-alive
2 < Keep-Alive: timeout=5
{"access_token":"eyJhbGciOiJIUzI1NiIsInR5cCI6IkpXVCJ9.eyJzdWIiOiI5YTI2OTc2Yy0xNTMyLTRkZjMtYTE2ZS03NjMxNTI1Yzg1MDIiLCJ1c2VybmFtZSI6ImpvaG5kb2UyZDUiLCJyb2xlIjowLCJpYXQiOjE3NTA2MDg0NjgsImV4cCI6MTc1MDYxMjA2OH0.cRV5VmumAjIRFo8oD4tGdkP_FOIvRbQNDPIFgxEZoCI","refresh_token":"ecb91199aec202aa1ef30c3a4b8eb2640bbdeb404c85a26551128fb569cf67d5","user":{"id":"9a26976c-1532-4df3-a16e-7631525c8502","email":"testit4@gmail.com","username":"johndoe2d5","name":"John Doe","phoneNumber":"0123456212","profilePic":null,"bio":null,"private":false,"verified":false,"role":0,"followersCount":0,"followingCount":0,"postCount":0}}

23:07:49.177 [pool-2-thread-26] INFO com.intuit.karate -- [print] Call 2 completed, status: 200 
23:07:49.177 [pool-2-thread-9] INFO com.intuit.karate -- [print] Call 1 completed, status: 200 
23:07:49.177 [pool-2-thread-23] INFO com.intuit.karate -- [print] Call 1 completed, status: 200 
23:07:49.178 [pool-2-thread-26] INFO com.intuit.karate -- [print] *** API CALL 3 *** 
23:07:49.178 [pool-2-thread-9] INFO com.intuit.karate -- [print] *** API CALL 2 *** 
23:07:49.180 [pool-2-thread-26] DEBUG org.apache.http.client.protocol.RequestAddCookies -- CookieSpec selected: karate
23:07:49.180 [pool-2-thread-26] DEBUG org.apache.http.client.protocol.RequestAuthCache -- Auth cache not set in the context
23:07:49.180 [pool-2-thread-26] DEBUG com.intuit.karate -- request:
3 > POST http://localhost:3000/auth/login
3 > Content-Type: application/json; charset=UTF-8
3 > Content-Length: 54
3 > Host: localhost:3000
3 > Connection: Keep-Alive
3 > User-Agent: Apache-HttpClient/4.5.14 (Java/17.0.9)
3 > Accept-Encoding: gzip,deflate
{"email":"testit4@gmail.com","password":"Password123"}

23:07:49.180 [pool-2-thread-26] DEBUG org.apache.http.impl.conn.PoolingHttpClientConnectionManager -- Connection request: [route: {}->http://localhost:3000][total available: 0; route allocated: 0 of 5; total allocated: 0 of 10]
23:07:49.180 [pool-2-thread-26] DEBUG org.apache.http.impl.conn.PoolingHttpClientConnectionManager -- Connection leased: [id: 54][route: {}->http://localhost:3000][total available: 0; route allocated: 1 of 5; total allocated: 1 of 10]
23:07:49.180 [pool-2-thread-26] DEBUG org.apache.http.impl.execchain.MainClientExec -- Opening connection {}->http://localhost:3000
23:07:49.180 [pool-2-thread-26] DEBUG org.apache.http.impl.conn.DefaultHttpClientConnectionOperator -- Connecting to localhost/127.0.0.1:3000
23:07:49.181 [pool-2-thread-9] DEBUG org.apache.http.client.protocol.RequestAddCookies -- CookieSpec selected: karate
23:07:49.181 [pool-2-thread-23] INFO com.intuit.karate -- [print] *** API CALL 2 *** 
23:07:49.181 [pool-2-thread-9] DEBUG org.apache.http.client.protocol.RequestAuthCache -- Auth cache not set in the context
23:07:49.181 [pool-2-thread-9] DEBUG com.intuit.karate -- request:
2 > POST http://localhost:3000/auth/login
2 > Content-Type: application/json; charset=UTF-8
2 > Content-Length: 53
2 > Host: localhost:3000
2 > Connection: Keep-Alive
2 > User-Agent: Apache-HttpClient/4.5.14 (Java/17.0.9)
2 > Accept-Encoding: gzip,deflate
{"email":"testit@gmail.com","password":"Password123"}

23:07:49.181 [pool-2-thread-9] DEBUG org.apache.http.impl.conn.PoolingHttpClientConnectionManager -- Connection request: [route: {}->http://localhost:3000][total available: 0; route allocated: 0 of 5; total allocated: 0 of 10]
23:07:49.181 [pool-2-thread-26] DEBUG org.apache.http.impl.conn.DefaultHttpClientConnectionOperator -- Connection established 127.0.0.1:52709<->127.0.0.1:3000
23:07:49.181 [pool-2-thread-26] DEBUG org.apache.http.impl.conn.DefaultManagedHttpClientConnection -- http-outgoing-54: set socket timeout to 30000
23:07:49.181 [pool-2-thread-9] DEBUG org.apache.http.impl.conn.PoolingHttpClientConnectionManager -- Connection leased: [id: 55][route: {}->http://localhost:3000][total available: 0; route allocated: 1 of 5; total allocated: 1 of 10]
23:07:49.181 [pool-2-thread-26] DEBUG org.apache.http.impl.execchain.MainClientExec -- Executing request POST /auth/login HTTP/1.1
23:07:49.182 [pool-2-thread-9] DEBUG org.apache.http.impl.execchain.MainClientExec -- Opening connection {}->http://localhost:3000
23:07:49.182 [pool-2-thread-4] DEBUG org.apache.http.wire -- http-outgoing-2 << "HTTP/1.1 200 OK[\r][\n]"
23:07:49.182 [pool-2-thread-26] DEBUG org.apache.http.impl.execchain.MainClientExec -- Target auth state: UNCHALLENGED
23:07:49.182 [pool-2-thread-4] DEBUG org.apache.http.wire -- http-outgoing-2 << "X-Powered-By: Express[\r][\n]"
23:07:49.182 [pool-2-thread-26] DEBUG org.apache.http.impl.execchain.MainClientExec -- Proxy auth state: UNCHALLENGED
23:07:49.182 [pool-2-thread-4] DEBUG org.apache.http.wire -- http-outgoing-2 << "Access-Control-Allow-Origin: *[\r][\n]"
23:07:49.182 [pool-2-thread-4] DEBUG org.apache.http.wire -- http-outgoing-2 << "Content-Type: application/json; charset=utf-8[\r][\n]"
23:07:49.182 [pool-2-thread-4] DEBUG org.apache.http.wire -- http-outgoing-2 << "Content-Length: 608[\r][\n]"
23:07:49.182 [pool-2-thread-4] DEBUG org.apache.http.wire -- http-outgoing-2 << "ETag: W/"260-PqIin2VwHESU3BywsRU1fN1guzs"[\r][\n]"
23:07:49.182 [pool-2-thread-4] DEBUG org.apache.http.wire -- http-outgoing-2 << "Date: Sun, 22 Jun 2025 16:07:49 GMT[\r][\n]"
23:07:49.182 [pool-2-thread-4] DEBUG org.apache.http.wire -- http-outgoing-2 << "Connection: keep-alive[\r][\n]"
23:07:49.182 [pool-2-thread-26] DEBUG org.apache.http.headers -- http-outgoing-54 >> POST /auth/login HTTP/1.1
23:07:49.182 [pool-2-thread-4] DEBUG org.apache.http.wire -- http-outgoing-2 << "Keep-Alive: timeout=5[\r][\n]"
23:07:49.182 [pool-2-thread-26] DEBUG org.apache.http.headers -- http-outgoing-54 >> Content-Type: application/json; charset=UTF-8
23:07:49.182 [pool-2-thread-26] DEBUG org.apache.http.headers -- http-outgoing-54 >> Content-Length: 54
23:07:49.182 [pool-2-thread-26] DEBUG org.apache.http.headers -- http-outgoing-54 >> Host: localhost:3000
23:07:49.182 [pool-2-thread-4] DEBUG org.apache.http.wire -- http-outgoing-2 << "[\r][\n]"
23:07:49.182 [pool-2-thread-9] DEBUG org.apache.http.impl.conn.DefaultHttpClientConnectionOperator -- Connecting to localhost/127.0.0.1:3000
23:07:49.182 [pool-2-thread-26] DEBUG org.apache.http.headers -- http-outgoing-54 >> Connection: Keep-Alive
23:07:49.182 [pool-2-thread-26] DEBUG org.apache.http.headers -- http-outgoing-54 >> User-Agent: Apache-HttpClient/4.5.14 (Java/17.0.9)
23:07:49.182 [pool-2-thread-26] DEBUG org.apache.http.headers -- http-outgoing-54 >> Accept-Encoding: gzip,deflate
23:07:49.182 [pool-2-thread-4] DEBUG org.apache.http.wire -- http-outgoing-2 << "{"access_token":"eyJhbGciOiJIUzI1NiIsInR5cCI6IkpXVCJ9.eyJzdWIiOiI4YTI0NzQ2MS01YzA0LTQyMWQtOThmNS1mYTljNzM0ZmFlYTUiLCJ1c2VybmFtZSI6ImphbmVzbWl0aCIsInJvbGUiOjAsImlhdCI6MTc1MDYwODQ2OCwiZXhwIjoxNzUwNjEyMDY4fQ.lGm9i_3teu9t-Dk01VTtCuXAlhHyZqdJlWUvDKQxhtg","refresh_token":"d6192dfbfcfa6a0ead0e2aeda542020cd7336b5c118bab7c8b8ca3dba80f27dd","user":{"id":"8a247461-5c04-421d-98f5-fa9c734faea5","email":"test2@example.com","username":"janesmith","name":"Jane Smith","phoneNumber":"01234567890","profilePic":null,"bio":null,"private":false,"verified":false,"role":0,"followersCount":0,"followingCount":0,"postCount":0}}"
23:07:49.182 [pool-2-thread-26] DEBUG org.apache.http.wire -- http-outgoing-54 >> "POST /auth/login HTTP/1.1[\r][\n]"
23:07:49.183 [pool-2-thread-26] DEBUG org.apache.http.wire -- http-outgoing-54 >> "Content-Type: application/json; charset=UTF-8[\r][\n]"
23:07:49.183 [pool-2-thread-26] DEBUG org.apache.http.wire -- http-outgoing-54 >> "Content-Length: 54[\r][\n]"
23:07:49.183 [pool-2-thread-26] DEBUG org.apache.http.wire -- http-outgoing-54 >> "Host: localhost:3000[\r][\n]"
23:07:49.183 [pool-2-thread-26] DEBUG org.apache.http.wire -- http-outgoing-54 >> "Connection: Keep-Alive[\r][\n]"
23:07:49.183 [pool-2-thread-26] DEBUG org.apache.http.wire -- http-outgoing-54 >> "User-Agent: Apache-HttpClient/4.5.14 (Java/17.0.9)[\r][\n]"
23:07:49.183 [pool-2-thread-4] DEBUG org.apache.http.headers -- http-outgoing-2 << HTTP/1.1 200 OK
23:07:49.183 [pool-2-thread-26] DEBUG org.apache.http.wire -- http-outgoing-54 >> "Accept-Encoding: gzip,deflate[\r][\n]"
23:07:49.183 [pool-2-thread-26] DEBUG org.apache.http.wire -- http-outgoing-54 >> "[\r][\n]"
23:07:49.183 [pool-2-thread-4] DEBUG org.apache.http.headers -- http-outgoing-2 << X-Powered-By: Express
23:07:49.183 [pool-2-thread-4] DEBUG org.apache.http.headers -- http-outgoing-2 << Access-Control-Allow-Origin: *
23:07:49.183 [pool-2-thread-4] DEBUG org.apache.http.headers -- http-outgoing-2 << Content-Type: application/json; charset=utf-8
23:07:49.183 [pool-2-thread-4] DEBUG org.apache.http.headers -- http-outgoing-2 << Content-Length: 608
23:07:49.183 [pool-2-thread-26] DEBUG org.apache.http.wire -- http-outgoing-54 >> "{"email":"testit4@gmail.com","password":"Password123"}"
23:07:49.183 [pool-2-thread-4] DEBUG org.apache.http.headers -- http-outgoing-2 << ETag: W/"260-PqIin2VwHESU3BywsRU1fN1guzs"
23:07:49.183 [pool-2-thread-4] DEBUG org.apache.http.headers -- http-outgoing-2 << Date: Sun, 22 Jun 2025 16:07:49 GMT
23:07:49.183 [pool-2-thread-4] DEBUG org.apache.http.headers -- http-outgoing-2 << Connection: keep-alive
23:07:49.183 [pool-2-thread-4] DEBUG org.apache.http.headers -- http-outgoing-2 << Keep-Alive: timeout=5
23:07:49.183 [pool-2-thread-4] DEBUG org.apache.http.impl.execchain.MainClientExec -- Connection can be kept alive for 5000 MILLISECONDS
23:07:49.183 [pool-2-thread-9] DEBUG org.apache.http.impl.conn.DefaultHttpClientConnectionOperator -- Connection established 127.0.0.1:52710<->127.0.0.1:3000
23:07:49.183 [pool-2-thread-9] DEBUG org.apache.http.impl.conn.DefaultManagedHttpClientConnection -- http-outgoing-55: set socket timeout to 30000
23:07:49.183 [pool-2-thread-9] DEBUG org.apache.http.impl.execchain.MainClientExec -- Executing request POST /auth/login HTTP/1.1
23:07:49.183 [pool-2-thread-9] DEBUG org.apache.http.impl.execchain.MainClientExec -- Target auth state: UNCHALLENGED
23:07:49.183 [pool-2-thread-9] DEBUG org.apache.http.impl.execchain.MainClientExec -- Proxy auth state: UNCHALLENGED
23:07:49.183 [pool-2-thread-9] DEBUG org.apache.http.headers -- http-outgoing-55 >> POST /auth/login HTTP/1.1
23:07:49.183 [pool-2-thread-4] DEBUG org.apache.http.impl.conn.PoolingHttpClientConnectionManager -- Connection [id: 20][route: {}->http://localhost:3000] can be kept alive for 5.0 seconds
23:07:49.183 [pool-2-thread-9] DEBUG org.apache.http.headers -- http-outgoing-55 >> Content-Type: application/json; charset=UTF-8
23:07:49.183 [pool-2-thread-4] DEBUG org.apache.http.impl.conn.DefaultManagedHttpClientConnection -- http-outgoing-2: set socket timeout to 0
23:07:49.183 [pool-2-thread-4] DEBUG org.apache.http.impl.conn.PoolingHttpClientConnectionManager -- Connection released: [id: 20][route: {}->http://localhost:3000][total available: 1; route allocated: 1 of 5; total allocated: 1 of 10]
23:07:49.183 [pool-2-thread-9] DEBUG org.apache.http.headers -- http-outgoing-55 >> Content-Length: 53
23:07:49.183 [pool-2-thread-9] DEBUG org.apache.http.headers -- http-outgoing-55 >> Host: localhost:3000
23:07:49.183 [pool-2-thread-9] DEBUG org.apache.http.headers -- http-outgoing-55 >> Connection: Keep-Alive
23:07:49.183 [pool-2-thread-4] DEBUG org.apache.http.impl.conn.PoolingHttpClientConnectionManager -- Connection manager is shutting down
23:07:49.183 [pool-2-thread-4] DEBUG org.apache.http.impl.conn.DefaultManagedHttpClientConnection -- http-outgoing-2: Close connection
23:07:49.183 [pool-2-thread-9] DEBUG org.apache.http.headers -- http-outgoing-55 >> User-Agent: Apache-HttpClient/4.5.14 (Java/17.0.9)
23:07:49.183 [pool-2-thread-9] DEBUG org.apache.http.headers -- http-outgoing-55 >> Accept-Encoding: gzip,deflate
23:07:49.183 [pool-2-thread-9] DEBUG org.apache.http.wire -- http-outgoing-55 >> "POST /auth/login HTTP/1.1[\r][\n]"
23:07:49.183 [pool-2-thread-9] DEBUG org.apache.http.wire -- http-outgoing-55 >> "Content-Type: application/json; charset=UTF-8[\r][\n]"
23:07:49.183 [pool-2-thread-9] DEBUG org.apache.http.wire -- http-outgoing-55 >> "Content-Length: 53[\r][\n]"
23:07:49.183 [pool-2-thread-9] DEBUG org.apache.http.wire -- http-outgoing-55 >> "Host: localhost:3000[\r][\n]"
23:07:49.183 [pool-2-thread-9] DEBUG org.apache.http.wire -- http-outgoing-55 >> "Connection: Keep-Alive[\r][\n]"
23:07:49.183 [pool-2-thread-9] DEBUG org.apache.http.wire -- http-outgoing-55 >> "User-Agent: Apache-HttpClient/4.5.14 (Java/17.0.9)[\r][\n]"
23:07:49.183 [pool-2-thread-4] DEBUG org.apache.http.impl.conn.PoolingHttpClientConnectionManager -- Connection manager shut down
23:07:49.183 [pool-2-thread-9] DEBUG org.apache.http.wire -- http-outgoing-55 >> "Accept-Encoding: gzip,deflate[\r][\n]"
23:07:49.183 [pool-2-thread-9] DEBUG org.apache.http.wire -- http-outgoing-55 >> "[\r][\n]"
23:07:49.183 [pool-2-thread-9] DEBUG org.apache.http.wire -- http-outgoing-55 >> "{"email":"testit@gmail.com","password":"Password123"}"
23:07:49.183 [pool-2-thread-4] DEBUG com.intuit.karate -- response time in milliseconds: 3112
1 < 200
1 < X-Powered-By: Express
1 < Access-Control-Allow-Origin: *
1 < Content-Type: application/json; charset=utf-8
1 < Content-Length: 608
1 < ETag: W/"260-PqIin2VwHESU3BywsRU1fN1guzs"
1 < Date: Sun, 22 Jun 2025 16:07:49 GMT
1 < Connection: keep-alive
1 < Keep-Alive: timeout=5
{"access_token":"eyJhbGciOiJIUzI1NiIsInR5cCI6IkpXVCJ9.eyJzdWIiOiI4YTI0NzQ2MS01YzA0LTQyMWQtOThmNS1mYTljNzM0ZmFlYTUiLCJ1c2VybmFtZSI6ImphbmVzbWl0aCIsInJvbGUiOjAsImlhdCI6MTc1MDYwODQ2OCwiZXhwIjoxNzUwNjEyMDY4fQ.lGm9i_3teu9t-Dk01VTtCuXAlhHyZqdJlWUvDKQxhtg","refresh_token":"d6192dfbfcfa6a0ead0e2aeda542020cd7336b5c118bab7c8b8ca3dba80f27dd","user":{"id":"8a247461-5c04-421d-98f5-fa9c734faea5","email":"test2@example.com","username":"janesmith","name":"Jane Smith","phoneNumber":"01234567890","profilePic":null,"bio":null,"private":false,"verified":false,"role":0,"followersCount":0,"followingCount":0,"postCount":0}}

23:07:49.184 [pool-2-thread-23] DEBUG org.apache.http.client.protocol.RequestAddCookies -- CookieSpec selected: karate
23:07:49.184 [pool-2-thread-23] DEBUG org.apache.http.client.protocol.RequestAuthCache -- Auth cache not set in the context
23:07:49.184 [pool-2-thread-23] DEBUG com.intuit.karate -- request:
2 > POST http://localhost:3000/auth/login
2 > Content-Type: application/json; charset=UTF-8
2 > Content-Length: 53
2 > Host: localhost:3000
2 > Connection: Keep-Alive
2 > User-Agent: Apache-HttpClient/4.5.14 (Java/17.0.9)
2 > Accept-Encoding: gzip,deflate
{"email":"test@example.com","password":"Password123"}

23:07:49.184 [pool-2-thread-23] DEBUG org.apache.http.impl.conn.PoolingHttpClientConnectionManager -- Connection request: [route: {}->http://localhost:3000][total available: 0; route allocated: 0 of 5; total allocated: 0 of 10]
23:07:49.184 [pool-2-thread-23] DEBUG org.apache.http.impl.conn.PoolingHttpClientConnectionManager -- Connection leased: [id: 56][route: {}->http://localhost:3000][total available: 0; route allocated: 1 of 5; total allocated: 1 of 10]
23:07:49.184 [pool-2-thread-23] DEBUG org.apache.http.impl.execchain.MainClientExec -- Opening connection {}->http://localhost:3000
23:07:49.184 [pool-2-thread-23] DEBUG org.apache.http.impl.conn.DefaultHttpClientConnectionOperator -- Connecting to localhost/127.0.0.1:3000
23:07:49.185 [pool-2-thread-23] DEBUG org.apache.http.impl.conn.DefaultHttpClientConnectionOperator -- Connection established 127.0.0.1:52711<->127.0.0.1:3000
23:07:49.185 [pool-2-thread-23] DEBUG org.apache.http.impl.conn.DefaultManagedHttpClientConnection -- http-outgoing-56: set socket timeout to 30000
23:07:49.185 [pool-2-thread-23] DEBUG org.apache.http.impl.execchain.MainClientExec -- Executing request POST /auth/login HTTP/1.1
23:07:49.185 [pool-2-thread-23] DEBUG org.apache.http.impl.execchain.MainClientExec -- Target auth state: UNCHALLENGED
23:07:49.185 [pool-2-thread-23] DEBUG org.apache.http.impl.execchain.MainClientExec -- Proxy auth state: UNCHALLENGED
23:07:49.185 [pool-2-thread-23] DEBUG org.apache.http.headers -- http-outgoing-56 >> POST /auth/login HTTP/1.1
23:07:49.185 [pool-2-thread-23] DEBUG org.apache.http.headers -- http-outgoing-56 >> Content-Type: application/json; charset=UTF-8
23:07:49.185 [pool-2-thread-23] DEBUG org.apache.http.headers -- http-outgoing-56 >> Content-Length: 53
23:07:49.185 [pool-2-thread-23] DEBUG org.apache.http.headers -- http-outgoing-56 >> Host: localhost:3000
23:07:49.185 [pool-2-thread-23] DEBUG org.apache.http.headers -- http-outgoing-56 >> Connection: Keep-Alive
23:07:49.185 [pool-2-thread-23] DEBUG org.apache.http.headers -- http-outgoing-56 >> User-Agent: Apache-HttpClient/4.5.14 (Java/17.0.9)
23:07:49.185 [pool-2-thread-23] DEBUG org.apache.http.headers -- http-outgoing-56 >> Accept-Encoding: gzip,deflate
23:07:49.185 [pool-2-thread-23] DEBUG org.apache.http.wire -- http-outgoing-56 >> "POST /auth/login HTTP/1.1[\r][\n]"
23:07:49.185 [pool-2-thread-23] DEBUG org.apache.http.wire -- http-outgoing-56 >> "Content-Type: application/json; charset=UTF-8[\r][\n]"
23:07:49.185 [pool-2-thread-23] DEBUG org.apache.http.wire -- http-outgoing-56 >> "Content-Length: 53[\r][\n]"
23:07:49.185 [pool-2-thread-23] DEBUG org.apache.http.wire -- http-outgoing-56 >> "Host: localhost:3000[\r][\n]"
23:07:49.185 [pool-2-thread-23] DEBUG org.apache.http.wire -- http-outgoing-56 >> "Connection: Keep-Alive[\r][\n]"
23:07:49.185 [pool-2-thread-23] DEBUG org.apache.http.wire -- http-outgoing-56 >> "User-Agent: Apache-HttpClient/4.5.14 (Java/17.0.9)[\r][\n]"
23:07:49.185 [pool-2-thread-23] DEBUG org.apache.http.wire -- http-outgoing-56 >> "Accept-Encoding: gzip,deflate[\r][\n]"
23:07:49.185 [pool-2-thread-23] DEBUG org.apache.http.wire -- http-outgoing-56 >> "[\r][\n]"
23:07:49.185 [pool-2-thread-23] DEBUG org.apache.http.wire -- http-outgoing-56 >> "{"email":"test@example.com","password":"Password123"}"
23:07:49.186 [pool-2-thread-4] INFO com.intuit.karate -- [print] Call 1 completed, status: 200 
23:07:49.189 [pool-2-thread-4] INFO com.intuit.karate -- [print] *** API CALL 2 *** 
23:07:49.193 [pool-2-thread-4] DEBUG org.apache.http.client.protocol.RequestAddCookies -- CookieSpec selected: karate
23:07:49.193 [pool-2-thread-4] DEBUG org.apache.http.client.protocol.RequestAuthCache -- Auth cache not set in the context
23:07:49.193 [pool-2-thread-4] DEBUG com.intuit.karate -- request:
2 > POST http://localhost:3000/auth/login
2 > Content-Type: application/json; charset=UTF-8
2 > Content-Length: 54
2 > Host: localhost:3000
2 > Connection: Keep-Alive
2 > User-Agent: Apache-HttpClient/4.5.14 (Java/17.0.9)
2 > Accept-Encoding: gzip,deflate
{"email":"test2@example.com","password":"Password123"}

23:07:49.194 [pool-2-thread-4] DEBUG org.apache.http.impl.conn.PoolingHttpClientConnectionManager -- Connection request: [route: {}->http://localhost:3000][total available: 0; route allocated: 0 of 5; total allocated: 0 of 10]
23:07:49.194 [pool-2-thread-4] DEBUG org.apache.http.impl.conn.PoolingHttpClientConnectionManager -- Connection leased: [id: 57][route: {}->http://localhost:3000][total available: 0; route allocated: 1 of 5; total allocated: 1 of 10]
23:07:49.194 [pool-2-thread-4] DEBUG org.apache.http.impl.execchain.MainClientExec -- Opening connection {}->http://localhost:3000
23:07:49.194 [pool-2-thread-4] DEBUG org.apache.http.impl.conn.DefaultHttpClientConnectionOperator -- Connecting to localhost/127.0.0.1:3000
23:07:49.195 [pool-2-thread-4] DEBUG org.apache.http.impl.conn.DefaultHttpClientConnectionOperator -- Connection established 127.0.0.1:52712<->127.0.0.1:3000
23:07:49.195 [pool-2-thread-4] DEBUG org.apache.http.impl.conn.DefaultManagedHttpClientConnection -- http-outgoing-57: set socket timeout to 30000
23:07:49.195 [pool-2-thread-4] DEBUG org.apache.http.impl.execchain.MainClientExec -- Executing request POST /auth/login HTTP/1.1
23:07:49.195 [pool-2-thread-4] DEBUG org.apache.http.impl.execchain.MainClientExec -- Target auth state: UNCHALLENGED
23:07:49.195 [pool-2-thread-4] DEBUG org.apache.http.impl.execchain.MainClientExec -- Proxy auth state: UNCHALLENGED
23:07:49.196 [pool-2-thread-4] DEBUG org.apache.http.headers -- http-outgoing-57 >> POST /auth/login HTTP/1.1
23:07:49.196 [pool-2-thread-4] DEBUG org.apache.http.headers -- http-outgoing-57 >> Content-Type: application/json; charset=UTF-8
23:07:49.196 [pool-2-thread-4] DEBUG org.apache.http.headers -- http-outgoing-57 >> Content-Length: 54
23:07:49.196 [pool-2-thread-4] DEBUG org.apache.http.headers -- http-outgoing-57 >> Host: localhost:3000
23:07:49.196 [pool-2-thread-4] DEBUG org.apache.http.headers -- http-outgoing-57 >> Connection: Keep-Alive
23:07:49.196 [pool-2-thread-4] DEBUG org.apache.http.headers -- http-outgoing-57 >> User-Agent: Apache-HttpClient/4.5.14 (Java/17.0.9)
23:07:49.196 [pool-2-thread-4] DEBUG org.apache.http.headers -- http-outgoing-57 >> Accept-Encoding: gzip,deflate
23:07:49.196 [pool-2-thread-4] DEBUG org.apache.http.wire -- http-outgoing-57 >> "POST /auth/login HTTP/1.1[\r][\n]"
23:07:49.196 [pool-2-thread-4] DEBUG org.apache.http.wire -- http-outgoing-57 >> "Content-Type: application/json; charset=UTF-8[\r][\n]"
23:07:49.196 [pool-2-thread-4] DEBUG org.apache.http.wire -- http-outgoing-57 >> "Content-Length: 54[\r][\n]"
23:07:49.196 [pool-2-thread-4] DEBUG org.apache.http.wire -- http-outgoing-57 >> "Host: localhost:3000[\r][\n]"
23:07:49.196 [pool-2-thread-4] DEBUG org.apache.http.wire -- http-outgoing-57 >> "Connection: Keep-Alive[\r][\n]"
23:07:49.196 [pool-2-thread-4] DEBUG org.apache.http.wire -- http-outgoing-57 >> "User-Agent: Apache-HttpClient/4.5.14 (Java/17.0.9)[\r][\n]"
23:07:49.196 [pool-2-thread-4] DEBUG org.apache.http.wire -- http-outgoing-57 >> "Accept-Encoding: gzip,deflate[\r][\n]"
23:07:49.196 [pool-2-thread-4] DEBUG org.apache.http.wire -- http-outgoing-57 >> "[\r][\n]"
23:07:49.196 [pool-2-thread-4] DEBUG org.apache.http.wire -- http-outgoing-57 >> "{"email":"test2@example.com","password":"Password123"}"
23:07:49.224 [pool-2-thread-21] DEBUG org.apache.http.wire -- http-outgoing-38 << "HTTP/1.1 200 OK[\r][\n]"
23:07:49.224 [pool-2-thread-21] DEBUG org.apache.http.wire -- http-outgoing-38 << "X-Powered-By: Express[\r][\n]"
23:07:49.224 [pool-2-thread-21] DEBUG org.apache.http.wire -- http-outgoing-38 << "Access-Control-Allow-Origin: *[\r][\n]"
23:07:49.224 [pool-2-thread-21] DEBUG org.apache.http.wire -- http-outgoing-38 << "Content-Type: application/json; charset=utf-8[\r][\n]"
23:07:49.224 [pool-2-thread-21] DEBUG org.apache.http.wire -- http-outgoing-38 << "Content-Length: 708[\r][\n]"
23:07:49.224 [pool-2-thread-21] DEBUG org.apache.http.wire -- http-outgoing-38 << "ETag: W/"2c4-A1C3kO0x71DbSDPArJQk01+47Cg"[\r][\n]"
23:07:49.224 [pool-2-thread-21] DEBUG org.apache.http.wire -- http-outgoing-38 << "Date: Sun, 22 Jun 2025 16:07:49 GMT[\r][\n]"
23:07:49.224 [pool-2-thread-21] DEBUG org.apache.http.wire -- http-outgoing-38 << "Connection: keep-alive[\r][\n]"
23:07:49.224 [pool-2-thread-21] DEBUG org.apache.http.wire -- http-outgoing-38 << "Keep-Alive: timeout=5[\r][\n]"
23:07:49.224 [pool-2-thread-21] DEBUG org.apache.http.wire -- http-outgoing-38 << "[\r][\n]"
23:07:49.224 [pool-2-thread-21] DEBUG org.apache.http.wire -- http-outgoing-38 << "{"access_token":"eyJhbGciOiJIUzI1NiIsInR5cCI6IkpXVCJ9.eyJzdWIiOiIwODUxNWIwNS0yZDNlLTQ3ODktYWQ2MC1kYjM1NTI1YTQ5NzAiLCJ1c2VybmFtZSI6Im5hbSIsInJvbGUiOjAsImlhdCI6MTc1MDYwODQ2OCwiZXhwIjoxNzUwNjEyMDY4fQ._1Nz7C0MI8r-fnYeNvZtutGyAi4JWq2KOgu159OEDVY","refresh_token":"6a6e5bd9e09c76ebacb40e2a906904b6124932b859be61c6f78bcff7cfdd7280","user":{"id":"08515b05-2d3e-4789-ad60-db35525a4970","email":"nam@gmail.com","username":"nam","name":"nam","phoneNumber":"0123456789","profilePic":"https://res.cloudinary.com/dizcvrefo/image/upload/v1749266646/nestjs_uploads/zk9zrpeidnovxibfqdxr.png","bio":"Chu tich hoi dong Quan tri 1","private":false,"verified":false,"role":0,"followersCount":2,"followingCount":2,"postCount":13}}"
23:07:49.225 [pool-2-thread-21] DEBUG org.apache.http.headers -- http-outgoing-38 << HTTP/1.1 200 OK
23:07:49.225 [pool-2-thread-21] DEBUG org.apache.http.headers -- http-outgoing-38 << X-Powered-By: Express
23:07:49.225 [pool-2-thread-21] DEBUG org.apache.http.headers -- http-outgoing-38 << Access-Control-Allow-Origin: *
23:07:49.225 [pool-2-thread-21] DEBUG org.apache.http.headers -- http-outgoing-38 << Content-Type: application/json; charset=utf-8
23:07:49.225 [pool-2-thread-21] DEBUG org.apache.http.headers -- http-outgoing-38 << Content-Length: 708
23:07:49.225 [pool-2-thread-21] DEBUG org.apache.http.headers -- http-outgoing-38 << ETag: W/"2c4-A1C3kO0x71DbSDPArJQk01+47Cg"
23:07:49.225 [pool-2-thread-21] DEBUG org.apache.http.headers -- http-outgoing-38 << Date: Sun, 22 Jun 2025 16:07:49 GMT
23:07:49.225 [pool-2-thread-21] DEBUG org.apache.http.headers -- http-outgoing-38 << Connection: keep-alive
23:07:49.225 [pool-2-thread-21] DEBUG org.apache.http.headers -- http-outgoing-38 << Keep-Alive: timeout=5
23:07:49.225 [pool-2-thread-21] DEBUG org.apache.http.impl.execchain.MainClientExec -- Connection can be kept alive for 5000 MILLISECONDS
23:07:49.225 [pool-2-thread-21] DEBUG org.apache.http.impl.conn.PoolingHttpClientConnectionManager -- Connection [id: 38][route: {}->http://localhost:3000] can be kept alive for 5.0 seconds
23:07:49.225 [pool-2-thread-21] DEBUG org.apache.http.impl.conn.DefaultManagedHttpClientConnection -- http-outgoing-38: set socket timeout to 0
23:07:49.225 [pool-2-thread-21] DEBUG org.apache.http.impl.conn.PoolingHttpClientConnectionManager -- Connection released: [id: 38][route: {}->http://localhost:3000][total available: 1; route allocated: 1 of 5; total allocated: 1 of 10]
23:07:49.225 [pool-2-thread-21] DEBUG org.apache.http.impl.conn.PoolingHttpClientConnectionManager -- Connection manager is shutting down
23:07:49.225 [pool-2-thread-21] DEBUG org.apache.http.impl.conn.DefaultManagedHttpClientConnection -- http-outgoing-38: Close connection
23:07:49.225 [pool-2-thread-21] DEBUG org.apache.http.impl.conn.PoolingHttpClientConnectionManager -- Connection manager shut down
23:07:49.225 [pool-2-thread-21] DEBUG com.intuit.karate -- response time in milliseconds: 2001
2 < 200
2 < X-Powered-By: Express
2 < Access-Control-Allow-Origin: *
2 < Content-Type: application/json; charset=utf-8
2 < Content-Length: 708
2 < ETag: W/"2c4-A1C3kO0x71DbSDPArJQk01+47Cg"
2 < Date: Sun, 22 Jun 2025 16:07:49 GMT
2 < Connection: keep-alive
2 < Keep-Alive: timeout=5
{"access_token":"eyJhbGciOiJIUzI1NiIsInR5cCI6IkpXVCJ9.eyJzdWIiOiIwODUxNWIwNS0yZDNlLTQ3ODktYWQ2MC1kYjM1NTI1YTQ5NzAiLCJ1c2VybmFtZSI6Im5hbSIsInJvbGUiOjAsImlhdCI6MTc1MDYwODQ2OCwiZXhwIjoxNzUwNjEyMDY4fQ._1Nz7C0MI8r-fnYeNvZtutGyAi4JWq2KOgu159OEDVY","refresh_token":"6a6e5bd9e09c76ebacb40e2a906904b6124932b859be61c6f78bcff7cfdd7280","user":{"id":"08515b05-2d3e-4789-ad60-db35525a4970","email":"nam@gmail.com","username":"nam","name":"nam","phoneNumber":"0123456789","profilePic":"https://res.cloudinary.com/dizcvrefo/image/upload/v1749266646/nestjs_uploads/zk9zrpeidnovxibfqdxr.png","bio":"Chu tich hoi dong Quan tri 1","private":false,"verified":false,"role":0,"followersCount":2,"followingCount":2,"postCount":13}}

23:07:49.227 [pool-2-thread-21] INFO com.intuit.karate -- [print] Call 2 completed, status: 200 
23:07:49.229 [pool-2-thread-21] INFO com.intuit.karate -- [print] *** API CALL 3 *** 
23:07:49.232 [pool-2-thread-21] DEBUG org.apache.http.client.protocol.RequestAddCookies -- CookieSpec selected: karate
23:07:49.232 [pool-2-thread-21] DEBUG org.apache.http.client.protocol.RequestAuthCache -- Auth cache not set in the context
23:07:49.232 [pool-2-thread-21] DEBUG com.intuit.karate -- request:
3 > POST http://localhost:3000/auth/login
3 > Content-Type: application/json; charset=UTF-8
3 > Content-Length: 45
3 > Host: localhost:3000
3 > Connection: Keep-Alive
3 > User-Agent: Apache-HttpClient/4.5.14 (Java/17.0.9)
3 > Accept-Encoding: gzip,deflate
{"email":"nam@gmail.com","password":"123456"}

23:07:49.232 [pool-2-thread-21] DEBUG org.apache.http.impl.conn.PoolingHttpClientConnectionManager -- Connection request: [route: {}->http://localhost:3000][total available: 0; route allocated: 0 of 5; total allocated: 0 of 10]
23:07:49.233 [pool-2-thread-21] DEBUG org.apache.http.impl.conn.PoolingHttpClientConnectionManager -- Connection leased: [id: 58][route: {}->http://localhost:3000][total available: 0; route allocated: 1 of 5; total allocated: 1 of 10]
23:07:49.233 [pool-2-thread-21] DEBUG org.apache.http.impl.execchain.MainClientExec -- Opening connection {}->http://localhost:3000
23:07:49.233 [pool-2-thread-21] DEBUG org.apache.http.impl.conn.DefaultHttpClientConnectionOperator -- Connecting to localhost/127.0.0.1:3000
23:07:49.233 [pool-2-thread-21] DEBUG org.apache.http.impl.conn.DefaultHttpClientConnectionOperator -- Connection established 127.0.0.1:52713<->127.0.0.1:3000
23:07:49.233 [pool-2-thread-21] DEBUG org.apache.http.impl.conn.DefaultManagedHttpClientConnection -- http-outgoing-58: set socket timeout to 30000
23:07:49.233 [pool-2-thread-21] DEBUG org.apache.http.impl.execchain.MainClientExec -- Executing request POST /auth/login HTTP/1.1
23:07:49.233 [pool-2-thread-21] DEBUG org.apache.http.impl.execchain.MainClientExec -- Target auth state: UNCHALLENGED
23:07:49.233 [pool-2-thread-21] DEBUG org.apache.http.impl.execchain.MainClientExec -- Proxy auth state: UNCHALLENGED
23:07:49.233 [pool-2-thread-21] DEBUG org.apache.http.headers -- http-outgoing-58 >> POST /auth/login HTTP/1.1
23:07:49.233 [pool-2-thread-21] DEBUG org.apache.http.headers -- http-outgoing-58 >> Content-Type: application/json; charset=UTF-8
23:07:49.234 [pool-2-thread-21] DEBUG org.apache.http.headers -- http-outgoing-58 >> Content-Length: 45
23:07:49.234 [pool-2-thread-21] DEBUG org.apache.http.headers -- http-outgoing-58 >> Host: localhost:3000
23:07:49.234 [pool-2-thread-21] DEBUG org.apache.http.headers -- http-outgoing-58 >> Connection: Keep-Alive
23:07:49.234 [pool-2-thread-21] DEBUG org.apache.http.headers -- http-outgoing-58 >> User-Agent: Apache-HttpClient/4.5.14 (Java/17.0.9)
23:07:49.234 [pool-2-thread-21] DEBUG org.apache.http.headers -- http-outgoing-58 >> Accept-Encoding: gzip,deflate
23:07:49.234 [pool-2-thread-21] DEBUG org.apache.http.wire -- http-outgoing-58 >> "POST /auth/login HTTP/1.1[\r][\n]"
23:07:49.234 [pool-2-thread-21] DEBUG org.apache.http.wire -- http-outgoing-58 >> "Content-Type: application/json; charset=UTF-8[\r][\n]"
23:07:49.234 [pool-2-thread-21] DEBUG org.apache.http.wire -- http-outgoing-58 >> "Content-Length: 45[\r][\n]"
23:07:49.234 [pool-2-thread-21] DEBUG org.apache.http.wire -- http-outgoing-58 >> "Host: localhost:3000[\r][\n]"
23:07:49.234 [pool-2-thread-21] DEBUG org.apache.http.wire -- http-outgoing-58 >> "Connection: Keep-Alive[\r][\n]"
23:07:49.234 [pool-2-thread-21] DEBUG org.apache.http.wire -- http-outgoing-58 >> "User-Agent: Apache-HttpClient/4.5.14 (Java/17.0.9)[\r][\n]"
23:07:49.234 [pool-2-thread-21] DEBUG org.apache.http.wire -- http-outgoing-58 >> "Accept-Encoding: gzip,deflate[\r][\n]"
23:07:49.234 [pool-2-thread-21] DEBUG org.apache.http.wire -- http-outgoing-58 >> "[\r][\n]"
23:07:49.234 [pool-2-thread-21] DEBUG org.apache.http.wire -- http-outgoing-58 >> "{"email":"nam@gmail.com","password":"123456"}"
23:07:49.256 [pool-2-thread-5] DEBUG org.apache.http.wire -- http-outgoing-39 << "HTTP/1.1 200 OK[\r][\n]"
23:07:49.256 [pool-2-thread-5] DEBUG org.apache.http.wire -- http-outgoing-39 << "X-Powered-By: Express[\r][\n]"
23:07:49.256 [pool-2-thread-5] DEBUG org.apache.http.wire -- http-outgoing-39 << "Access-Control-Allow-Origin: *[\r][\n]"
23:07:49.256 [pool-2-thread-5] DEBUG org.apache.http.wire -- http-outgoing-39 << "Content-Type: application/json; charset=utf-8[\r][\n]"
23:07:49.256 [pool-2-thread-5] DEBUG org.apache.http.wire -- http-outgoing-39 << "Content-Length: 607[\r][\n]"
23:07:49.256 [pool-2-thread-5] DEBUG org.apache.http.wire -- http-outgoing-39 << "ETag: W/"25f-0cHvg+V+YlxXwNO8R+bB+Ph7FqQ"[\r][\n]"
23:07:49.256 [pool-2-thread-5] DEBUG org.apache.http.wire -- http-outgoing-39 << "Date: Sun, 22 Jun 2025 16:07:49 GMT[\r][\n]"
23:07:49.256 [pool-2-thread-5] DEBUG org.apache.http.wire -- http-outgoing-39 << "Connection: keep-alive[\r][\n]"
23:07:49.256 [pool-2-thread-5] DEBUG org.apache.http.wire -- http-outgoing-39 << "Keep-Alive: timeout=5[\r][\n]"
23:07:49.256 [pool-2-thread-5] DEBUG org.apache.http.wire -- http-outgoing-39 << "[\r][\n]"
23:07:49.256 [pool-2-thread-5] DEBUG org.apache.http.wire -- http-outgoing-39 << "{"access_token":"eyJhbGciOiJIUzI1NiIsInR5cCI6IkpXVCJ9.eyJzdWIiOiJjMjE0MjJkZi1jY2VjLTQ0MGUtOWE0Mi1jMWI4MmFiZjczM2QiLCJ1c2VybmFtZSI6ImpvaG5kb2UyOCIsInJvbGUiOjAsImlhdCI6MTc1MDYwODQ2OCwiZXhwIjoxNzUwNjEyMDY4fQ.iiAdEeAhjWop_VE8f1qlZ53rEMFf5BkU9pr4RTTLCwE","refresh_token":"4884682e5c95e46058f00be0d7b2c3ec58589e0c3123031a802588027ae75b6b","user":{"id":"c21422df-ccec-440e-9a42-c1b82abf733d","email":"test28@example.com","username":"johndoe28","name":"John Doe","phoneNumber":"84987654321","profilePic":null,"bio":null,"private":false,"verified":false,"role":0,"followersCount":0,"followingCount":0,"postCount":0}}"
23:07:49.256 [pool-2-thread-5] DEBUG org.apache.http.headers -- http-outgoing-39 << HTTP/1.1 200 OK
23:07:49.256 [pool-2-thread-5] DEBUG org.apache.http.headers -- http-outgoing-39 << X-Powered-By: Express
23:07:49.256 [pool-2-thread-5] DEBUG org.apache.http.headers -- http-outgoing-39 << Access-Control-Allow-Origin: *
23:07:49.256 [pool-2-thread-5] DEBUG org.apache.http.headers -- http-outgoing-39 << Content-Type: application/json; charset=utf-8
23:07:49.256 [pool-2-thread-5] DEBUG org.apache.http.headers -- http-outgoing-39 << Content-Length: 607
23:07:49.256 [pool-2-thread-5] DEBUG org.apache.http.headers -- http-outgoing-39 << ETag: W/"25f-0cHvg+V+YlxXwNO8R+bB+Ph7FqQ"
23:07:49.256 [pool-2-thread-5] DEBUG org.apache.http.headers -- http-outgoing-39 << Date: Sun, 22 Jun 2025 16:07:49 GMT
23:07:49.256 [pool-2-thread-5] DEBUG org.apache.http.headers -- http-outgoing-39 << Connection: keep-alive
23:07:49.256 [pool-2-thread-5] DEBUG org.apache.http.headers -- http-outgoing-39 << Keep-Alive: timeout=5
23:07:49.258 [pool-2-thread-5] DEBUG org.apache.http.impl.execchain.MainClientExec -- Connection can be kept alive for 5000 MILLISECONDS
23:07:49.258 [pool-2-thread-5] DEBUG org.apache.http.impl.conn.PoolingHttpClientConnectionManager -- Connection [id: 39][route: {}->http://localhost:3000] can be kept alive for 5.0 seconds
23:07:49.258 [pool-2-thread-5] DEBUG org.apache.http.impl.conn.DefaultManagedHttpClientConnection -- http-outgoing-39: set socket timeout to 0
23:07:49.258 [pool-2-thread-5] DEBUG org.apache.http.impl.conn.PoolingHttpClientConnectionManager -- Connection released: [id: 39][route: {}->http://localhost:3000][total available: 1; route allocated: 1 of 5; total allocated: 1 of 10]
23:07:49.258 [pool-2-thread-5] DEBUG org.apache.http.impl.conn.PoolingHttpClientConnectionManager -- Connection manager is shutting down
23:07:49.258 [pool-2-thread-5] DEBUG org.apache.http.impl.conn.DefaultManagedHttpClientConnection -- http-outgoing-39: Close connection
23:07:49.260 [pool-2-thread-5] DEBUG org.apache.http.impl.conn.PoolingHttpClientConnectionManager -- Connection manager shut down
23:07:49.261 [pool-2-thread-5] DEBUG com.intuit.karate -- response time in milliseconds: 1954
2 < 200
2 < X-Powered-By: Express
2 < Access-Control-Allow-Origin: *
2 < Content-Type: application/json; charset=utf-8
2 < Content-Length: 607
2 < ETag: W/"25f-0cHvg+V+YlxXwNO8R+bB+Ph7FqQ"
2 < Date: Sun, 22 Jun 2025 16:07:49 GMT
2 < Connection: keep-alive
2 < Keep-Alive: timeout=5
{"access_token":"eyJhbGciOiJIUzI1NiIsInR5cCI6IkpXVCJ9.eyJzdWIiOiJjMjE0MjJkZi1jY2VjLTQ0MGUtOWE0Mi1jMWI4MmFiZjczM2QiLCJ1c2VybmFtZSI6ImpvaG5kb2UyOCIsInJvbGUiOjAsImlhdCI6MTc1MDYwODQ2OCwiZXhwIjoxNzUwNjEyMDY4fQ.iiAdEeAhjWop_VE8f1qlZ53rEMFf5BkU9pr4RTTLCwE","refresh_token":"4884682e5c95e46058f00be0d7b2c3ec58589e0c3123031a802588027ae75b6b","user":{"id":"c21422df-ccec-440e-9a42-c1b82abf733d","email":"test28@example.com","username":"johndoe28","name":"John Doe","phoneNumber":"84987654321","profilePic":null,"bio":null,"private":false,"verified":false,"role":0,"followersCount":0,"followingCount":0,"postCount":0}}

23:07:49.265 [pool-2-thread-5] INFO com.intuit.karate -- [print] Call 2 completed, status: 200 
23:07:49.266 [pool-2-thread-5] INFO com.intuit.karate -- [print] *** API CALL 3 *** 
23:07:49.270 [pool-2-thread-5] DEBUG org.apache.http.client.protocol.RequestAddCookies -- CookieSpec selected: karate
23:07:49.270 [pool-2-thread-5] DEBUG org.apache.http.client.protocol.RequestAuthCache -- Auth cache not set in the context
23:07:49.271 [pool-2-thread-5] DEBUG com.intuit.karate -- request:
3 > POST http://localhost:3000/auth/login
3 > Content-Type: application/json; charset=UTF-8
3 > Content-Length: 55
3 > Host: localhost:3000
3 > Connection: Keep-Alive
3 > User-Agent: Apache-HttpClient/4.5.14 (Java/17.0.9)
3 > Accept-Encoding: gzip,deflate
{"email":"test28@example.com","password":"Password123"}

23:07:49.271 [pool-2-thread-5] DEBUG org.apache.http.impl.conn.PoolingHttpClientConnectionManager -- Connection request: [route: {}->http://localhost:3000][total available: 0; route allocated: 0 of 5; total allocated: 0 of 10]
23:07:49.271 [pool-2-thread-5] DEBUG org.apache.http.impl.conn.PoolingHttpClientConnectionManager -- Connection leased: [id: 59][route: {}->http://localhost:3000][total available: 0; route allocated: 1 of 5; total allocated: 1 of 10]
23:07:49.271 [pool-2-thread-5] DEBUG org.apache.http.impl.execchain.MainClientExec -- Opening connection {}->http://localhost:3000
23:07:49.272 [pool-2-thread-5] DEBUG org.apache.http.impl.conn.DefaultHttpClientConnectionOperator -- Connecting to localhost/127.0.0.1:3000
23:07:49.273 [pool-2-thread-5] DEBUG org.apache.http.impl.conn.DefaultHttpClientConnectionOperator -- Connection established 127.0.0.1:52714<->127.0.0.1:3000
23:07:49.273 [pool-2-thread-5] DEBUG org.apache.http.impl.conn.DefaultManagedHttpClientConnection -- http-outgoing-59: set socket timeout to 30000
23:07:49.273 [pool-2-thread-5] DEBUG org.apache.http.impl.execchain.MainClientExec -- Executing request POST /auth/login HTTP/1.1
23:07:49.273 [pool-2-thread-5] DEBUG org.apache.http.impl.execchain.MainClientExec -- Target auth state: UNCHALLENGED
23:07:49.273 [pool-2-thread-5] DEBUG org.apache.http.impl.execchain.MainClientExec -- Proxy auth state: UNCHALLENGED
23:07:49.273 [pool-2-thread-5] DEBUG org.apache.http.headers -- http-outgoing-59 >> POST /auth/login HTTP/1.1
23:07:49.273 [pool-2-thread-5] DEBUG org.apache.http.headers -- http-outgoing-59 >> Content-Type: application/json; charset=UTF-8
23:07:49.273 [pool-2-thread-5] DEBUG org.apache.http.headers -- http-outgoing-59 >> Content-Length: 55
23:07:49.273 [pool-2-thread-5] DEBUG org.apache.http.headers -- http-outgoing-59 >> Host: localhost:3000
23:07:49.273 [pool-2-thread-5] DEBUG org.apache.http.headers -- http-outgoing-59 >> Connection: Keep-Alive
23:07:49.273 [pool-2-thread-5] DEBUG org.apache.http.headers -- http-outgoing-59 >> User-Agent: Apache-HttpClient/4.5.14 (Java/17.0.9)
23:07:49.273 [pool-2-thread-5] DEBUG org.apache.http.headers -- http-outgoing-59 >> Accept-Encoding: gzip,deflate
23:07:49.274 [pool-2-thread-5] DEBUG org.apache.http.wire -- http-outgoing-59 >> "POST /auth/login HTTP/1.1[\r][\n]"
23:07:49.274 [pool-2-thread-5] DEBUG org.apache.http.wire -- http-outgoing-59 >> "Content-Type: application/json; charset=UTF-8[\r][\n]"
23:07:49.274 [pool-2-thread-5] DEBUG org.apache.http.wire -- http-outgoing-59 >> "Content-Length: 55[\r][\n]"
23:07:49.274 [pool-2-thread-5] DEBUG org.apache.http.wire -- http-outgoing-59 >> "Host: localhost:3000[\r][\n]"
23:07:49.274 [pool-2-thread-5] DEBUG org.apache.http.wire -- http-outgoing-59 >> "Connection: Keep-Alive[\r][\n]"
23:07:49.274 [pool-2-thread-5] DEBUG org.apache.http.wire -- http-outgoing-59 >> "User-Agent: Apache-HttpClient/4.5.14 (Java/17.0.9)[\r][\n]"
23:07:49.274 [pool-2-thread-5] DEBUG org.apache.http.wire -- http-outgoing-59 >> "Accept-Encoding: gzip,deflate[\r][\n]"
23:07:49.274 [pool-2-thread-5] DEBUG org.apache.http.wire -- http-outgoing-59 >> "[\r][\n]"
23:07:49.274 [pool-2-thread-5] DEBUG org.apache.http.wire -- http-outgoing-59 >> "{"email":"test28@example.com","password":"Password123"}"
23:07:49.386 [pool-2-thread-22] DEBUG org.apache.http.wire -- http-outgoing-37 << "HTTP/1.1 200 OK[\r][\n]"
23:07:49.386 [pool-2-thread-22] DEBUG org.apache.http.wire -- http-outgoing-37 << "X-Powered-By: Express[\r][\n]"
23:07:49.386 [pool-2-thread-22] DEBUG org.apache.http.wire -- http-outgoing-37 << "Access-Control-Allow-Origin: *[\r][\n]"
23:07:49.386 [pool-2-thread-22] DEBUG org.apache.http.wire -- http-outgoing-37 << "Content-Type: application/json; charset=utf-8[\r][\n]"
23:07:49.386 [pool-2-thread-22] DEBUG org.apache.http.wire -- http-outgoing-37 << "Content-Length: 715[\r][\n]"
23:07:49.386 [pool-2-thread-22] DEBUG org.apache.http.wire -- http-outgoing-37 << "ETag: W/"2cb-4iBaUp9HUWyMoMbn8O2/B0/8QZw"[\r][\n]"
23:07:49.386 [pool-2-thread-22] DEBUG org.apache.http.wire -- http-outgoing-37 << "Date: Sun, 22 Jun 2025 16:07:49 GMT[\r][\n]"
23:07:49.386 [pool-2-thread-22] DEBUG org.apache.http.wire -- http-outgoing-37 << "Connection: keep-alive[\r][\n]"
23:07:49.386 [pool-2-thread-22] DEBUG org.apache.http.wire -- http-outgoing-37 << "Keep-Alive: timeout=5[\r][\n]"
23:07:49.386 [pool-2-thread-22] DEBUG org.apache.http.wire -- http-outgoing-37 << "[\r][\n]"
23:07:49.388 [pool-2-thread-22] DEBUG org.apache.http.wire -- http-outgoing-37 << "{"access_token":"eyJhbGciOiJIUzI1NiIsInR5cCI6IkpXVCJ9.eyJzdWIiOiIyYjg0YWEyNC02NjhhLTQwZTItYWYxYy1hZDRmYzRmYTVhNmYiLCJ1c2VybmFtZSI6InF1YW5nMSIsInJvbGUiOjAsImlhdCI6MTc1MDYwODQ2OSwiZXhwIjoxNzUwNjEyMDY5fQ.nHbuT2uaeCA2L6YwuSzartC4tp6gfjjNTGC7xr8P6Fw","refresh_token":"f23a3b1db609d79fbe37f5ed85ce5b5739ccda44e1d837bf4f092f8961989780","user":{"id":"2b84aa24-668a-40e2-af1c-ad4fc4fa5a6f","email":"quang1@gmail.com","username":"quang1","name":"quang1","phoneNumber":"09874563210","profilePic":"https://res.cloudinary.com/dizcvrefo/image/upload/v1749027586/nestjs_uploads/xehairydt9rzlbmbmv4c.jpg","bio":"Thang Nam Lao Vua Thoi","private":false,"verified":false,"role":0,"followersCount":2,"followingCount":3,"postCount":2}}"
23:07:49.388 [pool-2-thread-22] DEBUG org.apache.http.headers -- http-outgoing-37 << HTTP/1.1 200 OK
23:07:49.388 [pool-2-thread-22] DEBUG org.apache.http.headers -- http-outgoing-37 << X-Powered-By: Express
23:07:49.388 [pool-2-thread-22] DEBUG org.apache.http.headers -- http-outgoing-37 << Access-Control-Allow-Origin: *
23:07:49.388 [pool-2-thread-22] DEBUG org.apache.http.headers -- http-outgoing-37 << Content-Type: application/json; charset=utf-8
23:07:49.388 [pool-2-thread-22] DEBUG org.apache.http.headers -- http-outgoing-37 << Content-Length: 715
23:07:49.388 [pool-2-thread-22] DEBUG org.apache.http.headers -- http-outgoing-37 << ETag: W/"2cb-4iBaUp9HUWyMoMbn8O2/B0/8QZw"
23:07:49.388 [pool-2-thread-22] DEBUG org.apache.http.headers -- http-outgoing-37 << Date: Sun, 22 Jun 2025 16:07:49 GMT
23:07:49.388 [pool-2-thread-22] DEBUG org.apache.http.headers -- http-outgoing-37 << Connection: keep-alive
23:07:49.388 [pool-2-thread-22] DEBUG org.apache.http.headers -- http-outgoing-37 << Keep-Alive: timeout=5
23:07:49.388 [pool-2-thread-22] DEBUG org.apache.http.impl.execchain.MainClientExec -- Connection can be kept alive for 5000 MILLISECONDS
23:07:49.388 [pool-2-thread-22] DEBUG org.apache.http.impl.conn.PoolingHttpClientConnectionManager -- Connection [id: 37][route: {}->http://localhost:3000] can be kept alive for 5.0 seconds
23:07:49.388 [pool-2-thread-22] DEBUG org.apache.http.impl.conn.DefaultManagedHttpClientConnection -- http-outgoing-37: set socket timeout to 0
23:07:49.388 [pool-2-thread-22] DEBUG org.apache.http.impl.conn.PoolingHttpClientConnectionManager -- Connection released: [id: 37][route: {}->http://localhost:3000][total available: 1; route allocated: 1 of 5; total allocated: 1 of 10]
23:07:49.388 [pool-2-thread-22] DEBUG org.apache.http.impl.conn.PoolingHttpClientConnectionManager -- Connection manager is shutting down
23:07:49.388 [pool-2-thread-22] DEBUG org.apache.http.impl.conn.DefaultManagedHttpClientConnection -- http-outgoing-37: Close connection
23:07:49.388 [pool-2-thread-22] DEBUG org.apache.http.impl.conn.PoolingHttpClientConnectionManager -- Connection manager shut down
23:07:49.388 [pool-2-thread-22] DEBUG com.intuit.karate -- response time in milliseconds: 2168
2 < 200
2 < X-Powered-By: Express
2 < Access-Control-Allow-Origin: *
2 < Content-Type: application/json; charset=utf-8
2 < Content-Length: 715
2 < ETag: W/"2cb-4iBaUp9HUWyMoMbn8O2/B0/8QZw"
2 < Date: Sun, 22 Jun 2025 16:07:49 GMT
2 < Connection: keep-alive
2 < Keep-Alive: timeout=5
{"access_token":"eyJhbGciOiJIUzI1NiIsInR5cCI6IkpXVCJ9.eyJzdWIiOiIyYjg0YWEyNC02NjhhLTQwZTItYWYxYy1hZDRmYzRmYTVhNmYiLCJ1c2VybmFtZSI6InF1YW5nMSIsInJvbGUiOjAsImlhdCI6MTc1MDYwODQ2OSwiZXhwIjoxNzUwNjEyMDY5fQ.nHbuT2uaeCA2L6YwuSzartC4tp6gfjjNTGC7xr8P6Fw","refresh_token":"f23a3b1db609d79fbe37f5ed85ce5b5739ccda44e1d837bf4f092f8961989780","user":{"id":"2b84aa24-668a-40e2-af1c-ad4fc4fa5a6f","email":"quang1@gmail.com","username":"quang1","name":"quang1","phoneNumber":"09874563210","profilePic":"https://res.cloudinary.com/dizcvrefo/image/upload/v1749027586/nestjs_uploads/xehairydt9rzlbmbmv4c.jpg","bio":"Thang Nam Lao Vua Thoi","private":false,"verified":false,"role":0,"followersCount":2,"followingCount":3,"postCount":2}}

23:07:49.391 [pool-2-thread-22] INFO com.intuit.karate -- [print] Call 2 completed, status: 200 
23:07:49.392 [pool-2-thread-17] DEBUG org.apache.http.wire -- http-outgoing-28 << "HTTP/1.1 200 OK[\r][\n]"
23:07:49.392 [pool-2-thread-17] DEBUG org.apache.http.wire -- http-outgoing-28 << "X-Powered-By: Express[\r][\n]"
23:07:49.392 [pool-2-thread-17] DEBUG org.apache.http.wire -- http-outgoing-28 << "Access-Control-Allow-Origin: *[\r][\n]"
23:07:49.392 [pool-2-thread-17] DEBUG org.apache.http.wire -- http-outgoing-28 << "Content-Type: application/json; charset=utf-8[\r][\n]"
23:07:49.392 [pool-2-thread-17] DEBUG org.apache.http.wire -- http-outgoing-28 << "Content-Length: 605[\r][\n]"
23:07:49.392 [pool-2-thread-17] DEBUG org.apache.http.wire -- http-outgoing-28 << "ETag: W/"25d-YZTfZ99l4qiy60OxF1iqaNG1jEc"[\r][\n]"
23:07:49.392 [pool-2-thread-17] DEBUG org.apache.http.wire -- http-outgoing-28 << "Date: Sun, 22 Jun 2025 16:07:49 GMT[\r][\n]"
23:07:49.392 [pool-2-thread-17] DEBUG org.apache.http.wire -- http-outgoing-28 << "Connection: keep-alive[\r][\n]"
23:07:49.392 [pool-2-thread-17] DEBUG org.apache.http.wire -- http-outgoing-28 << "Keep-Alive: timeout=5[\r][\n]"
23:07:49.392 [pool-2-thread-17] DEBUG org.apache.http.wire -- http-outgoing-28 << "[\r][\n]"
23:07:49.393 [pool-2-thread-17] DEBUG org.apache.http.wire -- http-outgoing-28 << "{"access_token":"eyJhbGciOiJIUzI1NiIsInR5cCI6IkpXVCJ9.eyJzdWIiOiI2NTBjZTFlZC1hYWNhLTQzOGYtOTk4OC0xZjA1OGFiNWFhMWEiLCJ1c2VybmFtZSI6ImpvaG5kb2UyNSIsInJvbGUiOjAsImlhdCI6MTc1MDYwODQ2OSwiZXhwIjoxNzUwNjEyMDY5fQ._T16iX93BMb_7oJqPS3rcs2MnNBGvLNwI8I3uoap9Ek","refresh_token":"1579f2b24991d86ec789d26129d5a7c56908a3bbb3d8084b9e08479ce5c73559","user":{"id":"650ce1ed-aaca-438f-9988-1f058ab5aa1a","email":"testit3@gmail.com","username":"johndoe25","name":"John Doe","phoneNumber":"0123456713","profilePic":null,"bio":null,"private":false,"verified":false,"role":0,"followersCount":0,"followingCount":0,"postCount":0}}"
23:07:49.393 [pool-2-thread-17] DEBUG org.apache.http.headers -- http-outgoing-28 << HTTP/1.1 200 OK
23:07:49.393 [pool-2-thread-17] DEBUG org.apache.http.headers -- http-outgoing-28 << X-Powered-By: Express
23:07:49.393 [pool-2-thread-17] DEBUG org.apache.http.headers -- http-outgoing-28 << Access-Control-Allow-Origin: *
23:07:49.393 [pool-2-thread-17] DEBUG org.apache.http.headers -- http-outgoing-28 << Content-Type: application/json; charset=utf-8
23:07:49.393 [pool-2-thread-17] DEBUG org.apache.http.headers -- http-outgoing-28 << Content-Length: 605
23:07:49.393 [pool-2-thread-17] DEBUG org.apache.http.headers -- http-outgoing-28 << ETag: W/"25d-YZTfZ99l4qiy60OxF1iqaNG1jEc"
23:07:49.393 [pool-2-thread-17] DEBUG org.apache.http.headers -- http-outgoing-28 << Date: Sun, 22 Jun 2025 16:07:49 GMT
23:07:49.393 [pool-2-thread-17] DEBUG org.apache.http.headers -- http-outgoing-28 << Connection: keep-alive
23:07:49.393 [pool-2-thread-17] DEBUG org.apache.http.headers -- http-outgoing-28 << Keep-Alive: timeout=5
23:07:49.393 [pool-2-thread-17] DEBUG org.apache.http.impl.execchain.MainClientExec -- Connection can be kept alive for 5000 MILLISECONDS
23:07:49.393 [pool-2-thread-22] INFO com.intuit.karate -- [print] *** API CALL 3 *** 
23:07:49.393 [pool-2-thread-17] DEBUG org.apache.http.impl.conn.PoolingHttpClientConnectionManager -- Connection [id: 27][route: {}->http://localhost:3000] can be kept alive for 5.0 seconds
23:07:49.393 [pool-2-thread-17] DEBUG org.apache.http.impl.conn.DefaultManagedHttpClientConnection -- http-outgoing-28: set socket timeout to 0
23:07:49.393 [pool-2-thread-17] DEBUG org.apache.http.impl.conn.PoolingHttpClientConnectionManager -- Connection released: [id: 27][route: {}->http://localhost:3000][total available: 1; route allocated: 1 of 5; total allocated: 1 of 10]
23:07:49.393 [pool-2-thread-17] DEBUG org.apache.http.impl.conn.PoolingHttpClientConnectionManager -- Connection manager is shutting down
23:07:49.393 [pool-2-thread-17] DEBUG org.apache.http.impl.conn.DefaultManagedHttpClientConnection -- http-outgoing-28: Close connection
23:07:49.394 [pool-2-thread-17] DEBUG org.apache.http.impl.conn.PoolingHttpClientConnectionManager -- Connection manager shut down
23:07:49.394 [pool-2-thread-17] DEBUG com.intuit.karate -- response time in milliseconds: 3322
1 < 200
1 < X-Powered-By: Express
1 < Access-Control-Allow-Origin: *
1 < Content-Type: application/json; charset=utf-8
1 < Content-Length: 605
1 < ETag: W/"25d-YZTfZ99l4qiy60OxF1iqaNG1jEc"
1 < Date: Sun, 22 Jun 2025 16:07:49 GMT
1 < Connection: keep-alive
1 < Keep-Alive: timeout=5
{"access_token":"eyJhbGciOiJIUzI1NiIsInR5cCI6IkpXVCJ9.eyJzdWIiOiI2NTBjZTFlZC1hYWNhLTQzOGYtOTk4OC0xZjA1OGFiNWFhMWEiLCJ1c2VybmFtZSI6ImpvaG5kb2UyNSIsInJvbGUiOjAsImlhdCI6MTc1MDYwODQ2OSwiZXhwIjoxNzUwNjEyMDY5fQ._T16iX93BMb_7oJqPS3rcs2MnNBGvLNwI8I3uoap9Ek","refresh_token":"1579f2b24991d86ec789d26129d5a7c56908a3bbb3d8084b9e08479ce5c73559","user":{"id":"650ce1ed-aaca-438f-9988-1f058ab5aa1a","email":"testit3@gmail.com","username":"johndoe25","name":"John Doe","phoneNumber":"0123456713","profilePic":null,"bio":null,"private":false,"verified":false,"role":0,"followersCount":0,"followingCount":0,"postCount":0}}

23:07:49.396 [pool-2-thread-22] DEBUG org.apache.http.client.protocol.RequestAddCookies -- CookieSpec selected: karate
23:07:49.396 [pool-2-thread-22] DEBUG org.apache.http.client.protocol.RequestAuthCache -- Auth cache not set in the context
23:07:49.396 [pool-2-thread-22] DEBUG com.intuit.karate -- request:
3 > POST http://localhost:3000/auth/login
3 > Content-Type: application/json; charset=UTF-8
3 > Content-Length: 48
3 > Host: localhost:3000
3 > Connection: Keep-Alive
3 > User-Agent: Apache-HttpClient/4.5.14 (Java/17.0.9)
3 > Accept-Encoding: gzip,deflate
{"email":"quang1@gmail.com","password":"quang1"}

23:07:49.396 [pool-2-thread-22] DEBUG org.apache.http.impl.conn.PoolingHttpClientConnectionManager -- Connection request: [route: {}->http://localhost:3000][total available: 0; route allocated: 0 of 5; total allocated: 0 of 10]
23:07:49.396 [pool-2-thread-22] DEBUG org.apache.http.impl.conn.PoolingHttpClientConnectionManager -- Connection leased: [id: 60][route: {}->http://localhost:3000][total available: 0; route allocated: 1 of 5; total allocated: 1 of 10]
23:07:49.396 [pool-2-thread-22] DEBUG org.apache.http.impl.execchain.MainClientExec -- Opening connection {}->http://localhost:3000
23:07:49.396 [pool-2-thread-17] INFO com.intuit.karate -- [print] Call 1 completed, status: 200 
23:07:49.396 [pool-2-thread-22] DEBUG org.apache.http.impl.conn.DefaultHttpClientConnectionOperator -- Connecting to localhost/127.0.0.1:3000
23:07:49.398 [pool-2-thread-22] DEBUG org.apache.http.impl.conn.DefaultHttpClientConnectionOperator -- Connection established 127.0.0.1:52715<->127.0.0.1:3000
23:07:49.398 [pool-2-thread-22] DEBUG org.apache.http.impl.conn.DefaultManagedHttpClientConnection -- http-outgoing-60: set socket timeout to 30000
23:07:49.398 [pool-2-thread-22] DEBUG org.apache.http.impl.execchain.MainClientExec -- Executing request POST /auth/login HTTP/1.1
23:07:49.398 [pool-2-thread-22] DEBUG org.apache.http.impl.execchain.MainClientExec -- Target auth state: UNCHALLENGED
23:07:49.398 [pool-2-thread-17] INFO com.intuit.karate -- [print] *** API CALL 2 *** 
23:07:49.398 [pool-2-thread-22] DEBUG org.apache.http.impl.execchain.MainClientExec -- Proxy auth state: UNCHALLENGED
23:07:49.398 [pool-2-thread-22] DEBUG org.apache.http.headers -- http-outgoing-60 >> POST /auth/login HTTP/1.1
23:07:49.398 [pool-2-thread-22] DEBUG org.apache.http.headers -- http-outgoing-60 >> Content-Type: application/json; charset=UTF-8
23:07:49.398 [pool-2-thread-22] DEBUG org.apache.http.headers -- http-outgoing-60 >> Content-Length: 48
23:07:49.398 [pool-2-thread-22] DEBUG org.apache.http.headers -- http-outgoing-60 >> Host: localhost:3000
23:07:49.398 [pool-2-thread-22] DEBUG org.apache.http.headers -- http-outgoing-60 >> Connection: Keep-Alive
23:07:49.398 [pool-2-thread-22] DEBUG org.apache.http.headers -- http-outgoing-60 >> User-Agent: Apache-HttpClient/4.5.14 (Java/17.0.9)
23:07:49.398 [pool-2-thread-22] DEBUG org.apache.http.headers -- http-outgoing-60 >> Accept-Encoding: gzip,deflate
23:07:49.398 [pool-2-thread-22] DEBUG org.apache.http.wire -- http-outgoing-60 >> "POST /auth/login HTTP/1.1[\r][\n]"
23:07:49.398 [pool-2-thread-22] DEBUG org.apache.http.wire -- http-outgoing-60 >> "Content-Type: application/json; charset=UTF-8[\r][\n]"
23:07:49.398 [pool-2-thread-22] DEBUG org.apache.http.wire -- http-outgoing-60 >> "Content-Length: 48[\r][\n]"
23:07:49.398 [pool-2-thread-22] DEBUG org.apache.http.wire -- http-outgoing-60 >> "Host: localhost:3000[\r][\n]"
23:07:49.398 [pool-2-thread-22] DEBUG org.apache.http.wire -- http-outgoing-60 >> "Connection: Keep-Alive[\r][\n]"
23:07:49.398 [pool-2-thread-22] DEBUG org.apache.http.wire -- http-outgoing-60 >> "User-Agent: Apache-HttpClient/4.5.14 (Java/17.0.9)[\r][\n]"
23:07:49.398 [pool-2-thread-22] DEBUG org.apache.http.wire -- http-outgoing-60 >> "Accept-Encoding: gzip,deflate[\r][\n]"
23:07:49.398 [pool-2-thread-22] DEBUG org.apache.http.wire -- http-outgoing-60 >> "[\r][\n]"
23:07:49.398 [pool-2-thread-22] DEBUG org.apache.http.wire -- http-outgoing-60 >> "{"email":"quang1@gmail.com","password":"quang1"}"
23:07:49.401 [pool-2-thread-17] DEBUG org.apache.http.client.protocol.RequestAddCookies -- CookieSpec selected: karate
23:07:49.401 [pool-2-thread-17] DEBUG org.apache.http.client.protocol.RequestAuthCache -- Auth cache not set in the context
23:07:49.401 [pool-2-thread-17] DEBUG com.intuit.karate -- request:
2 > POST http://localhost:3000/auth/login
2 > Content-Type: application/json; charset=UTF-8
2 > Content-Length: 54
2 > Host: localhost:3000
2 > Connection: Keep-Alive
2 > User-Agent: Apache-HttpClient/4.5.14 (Java/17.0.9)
2 > Accept-Encoding: gzip,deflate
{"email":"testit3@gmail.com","password":"Password123"}

23:07:49.401 [pool-2-thread-17] DEBUG org.apache.http.impl.conn.PoolingHttpClientConnectionManager -- Connection request: [route: {}->http://localhost:3000][total available: 0; route allocated: 0 of 5; total allocated: 0 of 10]
23:07:49.402 [pool-2-thread-17] DEBUG org.apache.http.impl.conn.PoolingHttpClientConnectionManager -- Connection leased: [id: 61][route: {}->http://localhost:3000][total available: 0; route allocated: 1 of 5; total allocated: 1 of 10]
23:07:49.402 [pool-2-thread-17] DEBUG org.apache.http.impl.execchain.MainClientExec -- Opening connection {}->http://localhost:3000
23:07:49.402 [pool-2-thread-17] DEBUG org.apache.http.impl.conn.DefaultHttpClientConnectionOperator -- Connecting to localhost/127.0.0.1:3000
23:07:49.403 [pool-2-thread-17] DEBUG org.apache.http.impl.conn.DefaultHttpClientConnectionOperator -- Connection established 127.0.0.1:52716<->127.0.0.1:3000
23:07:49.403 [pool-2-thread-17] DEBUG org.apache.http.impl.conn.DefaultManagedHttpClientConnection -- http-outgoing-61: set socket timeout to 30000
23:07:49.403 [pool-2-thread-17] DEBUG org.apache.http.impl.execchain.MainClientExec -- Executing request POST /auth/login HTTP/1.1
23:07:49.403 [pool-2-thread-17] DEBUG org.apache.http.impl.execchain.MainClientExec -- Target auth state: UNCHALLENGED
23:07:49.403 [pool-2-thread-17] DEBUG org.apache.http.impl.execchain.MainClientExec -- Proxy auth state: UNCHALLENGED
23:07:49.403 [pool-2-thread-17] DEBUG org.apache.http.headers -- http-outgoing-61 >> POST /auth/login HTTP/1.1
23:07:49.403 [pool-2-thread-17] DEBUG org.apache.http.headers -- http-outgoing-61 >> Content-Type: application/json; charset=UTF-8
23:07:49.403 [pool-2-thread-17] DEBUG org.apache.http.headers -- http-outgoing-61 >> Content-Length: 54
23:07:49.403 [pool-2-thread-17] DEBUG org.apache.http.headers -- http-outgoing-61 >> Host: localhost:3000
23:07:49.403 [pool-2-thread-17] DEBUG org.apache.http.headers -- http-outgoing-61 >> Connection: Keep-Alive
23:07:49.403 [pool-2-thread-17] DEBUG org.apache.http.headers -- http-outgoing-61 >> User-Agent: Apache-HttpClient/4.5.14 (Java/17.0.9)
23:07:49.403 [pool-2-thread-17] DEBUG org.apache.http.headers -- http-outgoing-61 >> Accept-Encoding: gzip,deflate
23:07:49.403 [pool-2-thread-17] DEBUG org.apache.http.wire -- http-outgoing-61 >> "POST /auth/login HTTP/1.1[\r][\n]"
23:07:49.403 [pool-2-thread-17] DEBUG org.apache.http.wire -- http-outgoing-61 >> "Content-Type: application/json; charset=UTF-8[\r][\n]"
23:07:49.403 [pool-2-thread-17] DEBUG org.apache.http.wire -- http-outgoing-61 >> "Content-Length: 54[\r][\n]"
23:07:49.403 [pool-2-thread-17] DEBUG org.apache.http.wire -- http-outgoing-61 >> "Host: localhost:3000[\r][\n]"
23:07:49.403 [pool-2-thread-17] DEBUG org.apache.http.wire -- http-outgoing-61 >> "Connection: Keep-Alive[\r][\n]"
23:07:49.403 [pool-2-thread-17] DEBUG org.apache.http.wire -- http-outgoing-61 >> "User-Agent: Apache-HttpClient/4.5.14 (Java/17.0.9)[\r][\n]"
23:07:49.403 [pool-2-thread-17] DEBUG org.apache.http.wire -- http-outgoing-61 >> "Accept-Encoding: gzip,deflate[\r][\n]"
23:07:49.403 [pool-2-thread-17] DEBUG org.apache.http.wire -- http-outgoing-61 >> "[\r][\n]"
23:07:49.403 [pool-2-thread-17] DEBUG org.apache.http.wire -- http-outgoing-61 >> "{"email":"testit3@gmail.com","password":"Password123"}"
23:07:49.406 [pool-2-thread-29] DEBUG org.apache.http.wire -- http-outgoing-31 << "HTTP/1.1 200 OK[\r][\n]"
23:07:49.406 [pool-2-thread-29] DEBUG org.apache.http.wire -- http-outgoing-31 << "X-Powered-By: Express[\r][\n]"
23:07:49.406 [pool-2-thread-29] DEBUG org.apache.http.wire -- http-outgoing-31 << "Access-Control-Allow-Origin: *[\r][\n]"
23:07:49.406 [pool-2-thread-29] DEBUG org.apache.http.wire -- http-outgoing-31 << "Content-Type: application/json; charset=utf-8[\r][\n]"
23:07:49.406 [pool-2-thread-29] DEBUG org.apache.http.wire -- http-outgoing-31 << "Content-Length: 604[\r][\n]"
23:07:49.406 [pool-2-thread-29] DEBUG org.apache.http.wire -- http-outgoing-31 << "ETag: W/"25c-kOH/5+oa2FcWeOGHP0WZtUaMQjc"[\r][\n]"
23:07:49.406 [pool-2-thread-29] DEBUG org.apache.http.wire -- http-outgoing-31 << "Date: Sun, 22 Jun 2025 16:07:49 GMT[\r][\n]"
23:07:49.406 [pool-2-thread-29] DEBUG org.apache.http.wire -- http-outgoing-31 << "Connection: keep-alive[\r][\n]"
23:07:49.406 [pool-2-thread-29] DEBUG org.apache.http.wire -- http-outgoing-31 << "Keep-Alive: timeout=5[\r][\n]"
23:07:49.406 [pool-2-thread-29] DEBUG org.apache.http.wire -- http-outgoing-31 << "[\r][\n]"
23:07:49.406 [pool-2-thread-29] DEBUG org.apache.http.wire -- http-outgoing-31 << "{"access_token":"eyJhbGciOiJIUzI1NiIsInR5cCI6IkpXVCJ9.eyJzdWIiOiJkZjZmMDkxOS1hMjNkLTQ0YzktYTkyNS00ZWE4YmU1MjVkMTAiLCJ1c2VybmFtZSI6ImpvaG5kb2UyMyIsInJvbGUiOjAsImlhdCI6MTc1MDYwODQ2OSwiZXhwIjoxNzUwNjEyMDY5fQ.pnGf5ufxHEZNfQwsxtDDqICyI_9J8095Vvh0rVdGiZU","refresh_token":"ad54d863ce10e8a85f013ab3774a709ede01f69044acfcec82a8fc02b7aca6b4","user":{"id":"df6f0919-a23d-44c9-a925-4ea8be525d10","email":"testit@gmail.com","username":"johndoe23","name":"John Doe","phoneNumber":"0123456788","profilePic":null,"bio":null,"private":false,"verified":false,"role":0,"followersCount":0,"followingCount":0,"postCount":0}}"
23:07:49.406 [pool-2-thread-29] DEBUG org.apache.http.headers -- http-outgoing-31 << HTTP/1.1 200 OK
23:07:49.406 [pool-2-thread-29] DEBUG org.apache.http.headers -- http-outgoing-31 << X-Powered-By: Express
23:07:49.406 [pool-2-thread-29] DEBUG org.apache.http.headers -- http-outgoing-31 << Access-Control-Allow-Origin: *
23:07:49.406 [pool-2-thread-29] DEBUG org.apache.http.headers -- http-outgoing-31 << Content-Type: application/json; charset=utf-8
23:07:49.406 [pool-2-thread-29] DEBUG org.apache.http.headers -- http-outgoing-31 << Content-Length: 604
23:07:49.406 [pool-2-thread-29] DEBUG org.apache.http.headers -- http-outgoing-31 << ETag: W/"25c-kOH/5+oa2FcWeOGHP0WZtUaMQjc"
23:07:49.406 [pool-2-thread-29] DEBUG org.apache.http.headers -- http-outgoing-31 << Date: Sun, 22 Jun 2025 16:07:49 GMT
23:07:49.406 [pool-2-thread-29] DEBUG org.apache.http.headers -- http-outgoing-31 << Connection: keep-alive
23:07:49.406 [pool-2-thread-29] DEBUG org.apache.http.headers -- http-outgoing-31 << Keep-Alive: timeout=5
23:07:49.406 [pool-2-thread-29] DEBUG org.apache.http.impl.execchain.MainClientExec -- Connection can be kept alive for 5000 MILLISECONDS
23:07:49.406 [pool-2-thread-29] DEBUG org.apache.http.impl.conn.PoolingHttpClientConnectionManager -- Connection [id: 31][route: {}->http://localhost:3000] can be kept alive for 5.0 seconds
23:07:49.406 [pool-2-thread-29] DEBUG org.apache.http.impl.conn.DefaultManagedHttpClientConnection -- http-outgoing-31: set socket timeout to 0
23:07:49.406 [pool-2-thread-29] DEBUG org.apache.http.impl.conn.PoolingHttpClientConnectionManager -- Connection released: [id: 31][route: {}->http://localhost:3000][total available: 1; route allocated: 1 of 5; total allocated: 1 of 10]
23:07:49.406 [pool-2-thread-29] DEBUG org.apache.http.impl.conn.PoolingHttpClientConnectionManager -- Connection manager is shutting down
23:07:49.408 [pool-2-thread-29] DEBUG org.apache.http.impl.conn.DefaultManagedHttpClientConnection -- http-outgoing-31: Close connection
23:07:49.408 [pool-2-thread-29] DEBUG org.apache.http.impl.conn.PoolingHttpClientConnectionManager -- Connection manager shut down
23:07:49.408 [pool-2-thread-29] DEBUG com.intuit.karate -- response time in milliseconds: 2895
2 < 200
2 < X-Powered-By: Express
2 < Access-Control-Allow-Origin: *
2 < Content-Type: application/json; charset=utf-8
2 < Content-Length: 604
2 < ETag: W/"25c-kOH/5+oa2FcWeOGHP0WZtUaMQjc"
2 < Date: Sun, 22 Jun 2025 16:07:49 GMT
2 < Connection: keep-alive
2 < Keep-Alive: timeout=5
{"access_token":"eyJhbGciOiJIUzI1NiIsInR5cCI6IkpXVCJ9.eyJzdWIiOiJkZjZmMDkxOS1hMjNkLTQ0YzktYTkyNS00ZWE4YmU1MjVkMTAiLCJ1c2VybmFtZSI6ImpvaG5kb2UyMyIsInJvbGUiOjAsImlhdCI6MTc1MDYwODQ2OSwiZXhwIjoxNzUwNjEyMDY5fQ.pnGf5ufxHEZNfQwsxtDDqICyI_9J8095Vvh0rVdGiZU","refresh_token":"ad54d863ce10e8a85f013ab3774a709ede01f69044acfcec82a8fc02b7aca6b4","user":{"id":"df6f0919-a23d-44c9-a925-4ea8be525d10","email":"testit@gmail.com","username":"johndoe23","name":"John Doe","phoneNumber":"0123456788","profilePic":null,"bio":null,"private":false,"verified":false,"role":0,"followersCount":0,"followingCount":0,"postCount":0}}

23:07:49.410 [pool-2-thread-29] INFO com.intuit.karate -- [print] Call 2 completed, status: 200 
23:07:49.412 [pool-2-thread-30] DEBUG org.apache.http.wire -- http-outgoing-33 << "HTTP/1.1 200 OK[\r][\n]"
23:07:49.412 [pool-2-thread-30] DEBUG org.apache.http.wire -- http-outgoing-33 << "X-Powered-By: Express[\r][\n]"
23:07:49.412 [pool-2-thread-30] DEBUG org.apache.http.wire -- http-outgoing-33 << "Access-Control-Allow-Origin: *[\r][\n]"
23:07:49.412 [pool-2-thread-30] DEBUG org.apache.http.wire -- http-outgoing-33 << "Content-Type: application/json; charset=utf-8[\r][\n]"
23:07:49.412 [pool-2-thread-30] DEBUG org.apache.http.wire -- http-outgoing-33 << "Content-Length: 605[\r][\n]"
23:07:49.412 [pool-2-thread-30] DEBUG org.apache.http.wire -- http-outgoing-33 << "ETag: W/"25d-5R1GKNxBKCeApz9K3nahGnLJj2o"[\r][\n]"
23:07:49.412 [pool-2-thread-30] DEBUG org.apache.http.wire -- http-outgoing-33 << "Date: Sun, 22 Jun 2025 16:07:49 GMT[\r][\n]"
23:07:49.412 [pool-2-thread-30] DEBUG org.apache.http.wire -- http-outgoing-33 << "Connection: keep-alive[\r][\n]"
23:07:49.412 [pool-2-thread-30] DEBUG org.apache.http.wire -- http-outgoing-33 << "Keep-Alive: timeout=5[\r][\n]"
23:07:49.412 [pool-2-thread-30] DEBUG org.apache.http.wire -- http-outgoing-33 << "[\r][\n]"
23:07:49.412 [pool-2-thread-30] DEBUG org.apache.http.wire -- http-outgoing-33 << "{"access_token":"eyJhbGciOiJIUzI1NiIsInR5cCI6IkpXVCJ9.eyJzdWIiOiIwYTM3ZWY0My1mZWU4LTQxZDMtYTY4Ni04YWIwODY5NDg2OTUiLCJ1c2VybmFtZSI6ImpvaG5kb2UyMSIsInJvbGUiOjAsImlhdCI6MTc1MDYwODQ2OSwiZXhwIjoxNzUwNjEyMDY5fQ.SsCyC5OnNkH7KUzMZF8_Y3OEnyOPXyZe8wYTx2Ixvi4","refresh_token":"e349fe25b70de5b511fd568638d501a3ce2f9ea213d9b81da0856f0547d5e512","user":{"id":"0a37ef43-fee8-41d3-a686-8ab086948695","email":"testit2@gmail.com","username":"johndoe21","name":"John Doe","phoneNumber":"0123456712","profilePic":null,"bio":null,"private":false,"verified":false,"role":0,"followersCount":0,"followingCount":0,"postCount":0}}"
23:07:49.412 [pool-2-thread-29] INFO com.intuit.karate -- [print] *** API CALL 3 *** 
23:07:49.412 [pool-2-thread-30] DEBUG org.apache.http.headers -- http-outgoing-33 << HTTP/1.1 200 OK
23:07:49.412 [pool-2-thread-30] DEBUG org.apache.http.headers -- http-outgoing-33 << X-Powered-By: Express
23:07:49.412 [pool-2-thread-30] DEBUG org.apache.http.headers -- http-outgoing-33 << Access-Control-Allow-Origin: *
23:07:49.412 [pool-2-thread-30] DEBUG org.apache.http.headers -- http-outgoing-33 << Content-Type: application/json; charset=utf-8
23:07:49.412 [pool-2-thread-30] DEBUG org.apache.http.headers -- http-outgoing-33 << Content-Length: 605
23:07:49.412 [pool-2-thread-30] DEBUG org.apache.http.headers -- http-outgoing-33 << ETag: W/"25d-5R1GKNxBKCeApz9K3nahGnLJj2o"
23:07:49.412 [pool-2-thread-30] DEBUG org.apache.http.headers -- http-outgoing-33 << Date: Sun, 22 Jun 2025 16:07:49 GMT
23:07:49.412 [pool-2-thread-30] DEBUG org.apache.http.headers -- http-outgoing-33 << Connection: keep-alive
23:07:49.412 [pool-2-thread-30] DEBUG org.apache.http.headers -- http-outgoing-33 << Keep-Alive: timeout=5
23:07:49.413 [pool-2-thread-30] DEBUG org.apache.http.impl.execchain.MainClientExec -- Connection can be kept alive for 5000 MILLISECONDS
23:07:49.413 [pool-2-thread-30] DEBUG org.apache.http.impl.conn.PoolingHttpClientConnectionManager -- Connection [id: 33][route: {}->http://localhost:3000] can be kept alive for 5.0 seconds
23:07:49.413 [pool-2-thread-30] DEBUG org.apache.http.impl.conn.DefaultManagedHttpClientConnection -- http-outgoing-33: set socket timeout to 0
23:07:49.413 [pool-2-thread-30] DEBUG org.apache.http.impl.conn.PoolingHttpClientConnectionManager -- Connection released: [id: 33][route: {}->http://localhost:3000][total available: 1; route allocated: 1 of 5; total allocated: 1 of 10]
23:07:49.413 [pool-2-thread-30] DEBUG org.apache.http.impl.conn.PoolingHttpClientConnectionManager -- Connection manager is shutting down
23:07:49.413 [pool-2-thread-30] DEBUG org.apache.http.impl.conn.DefaultManagedHttpClientConnection -- http-outgoing-33: Close connection
23:07:49.413 [pool-2-thread-30] DEBUG org.apache.http.impl.conn.PoolingHttpClientConnectionManager -- Connection manager shut down
23:07:49.414 [pool-2-thread-30] DEBUG com.intuit.karate -- response time in milliseconds: 2825
2 < 200
2 < X-Powered-By: Express
2 < Access-Control-Allow-Origin: *
2 < Content-Type: application/json; charset=utf-8
2 < Content-Length: 605
2 < ETag: W/"25d-5R1GKNxBKCeApz9K3nahGnLJj2o"
2 < Date: Sun, 22 Jun 2025 16:07:49 GMT
2 < Connection: keep-alive
2 < Keep-Alive: timeout=5
{"access_token":"eyJhbGciOiJIUzI1NiIsInR5cCI6IkpXVCJ9.eyJzdWIiOiIwYTM3ZWY0My1mZWU4LTQxZDMtYTY4Ni04YWIwODY5NDg2OTUiLCJ1c2VybmFtZSI6ImpvaG5kb2UyMSIsInJvbGUiOjAsImlhdCI6MTc1MDYwODQ2OSwiZXhwIjoxNzUwNjEyMDY5fQ.SsCyC5OnNkH7KUzMZF8_Y3OEnyOPXyZe8wYTx2Ixvi4","refresh_token":"e349fe25b70de5b511fd568638d501a3ce2f9ea213d9b81da0856f0547d5e512","user":{"id":"0a37ef43-fee8-41d3-a686-8ab086948695","email":"testit2@gmail.com","username":"johndoe21","name":"John Doe","phoneNumber":"0123456712","profilePic":null,"bio":null,"private":false,"verified":false,"role":0,"followersCount":0,"followingCount":0,"postCount":0}}

23:07:49.415 [pool-2-thread-29] DEBUG org.apache.http.client.protocol.RequestAddCookies -- CookieSpec selected: karate
23:07:49.415 [pool-2-thread-29] DEBUG org.apache.http.client.protocol.RequestAuthCache -- Auth cache not set in the context
23:07:49.416 [pool-2-thread-29] DEBUG com.intuit.karate -- request:
3 > POST http://localhost:3000/auth/login
3 > Content-Type: application/json; charset=UTF-8
3 > Content-Length: 53
3 > Host: localhost:3000
3 > Connection: Keep-Alive
3 > User-Agent: Apache-HttpClient/4.5.14 (Java/17.0.9)
3 > Accept-Encoding: gzip,deflate
{"email":"testit@gmail.com","password":"Password123"}

23:07:49.416 [pool-2-thread-29] DEBUG org.apache.http.impl.conn.PoolingHttpClientConnectionManager -- Connection request: [route: {}->http://localhost:3000][total available: 0; route allocated: 0 of 5; total allocated: 0 of 10]
23:07:49.416 [pool-2-thread-29] DEBUG org.apache.http.impl.conn.PoolingHttpClientConnectionManager -- Connection leased: [id: 62][route: {}->http://localhost:3000][total available: 0; route allocated: 1 of 5; total allocated: 1 of 10]
23:07:49.416 [pool-2-thread-29] DEBUG org.apache.http.impl.execchain.MainClientExec -- Opening connection {}->http://localhost:3000
23:07:49.419 [pool-2-thread-29] DEBUG org.apache.http.impl.conn.DefaultHttpClientConnectionOperator -- Connecting to localhost/127.0.0.1:3000
23:07:49.419 [pool-2-thread-30] INFO com.intuit.karate -- [print] Call 2 completed, status: 200 
23:07:49.420 [pool-2-thread-29] DEBUG org.apache.http.impl.conn.DefaultHttpClientConnectionOperator -- Connection established 127.0.0.1:52717<->127.0.0.1:3000
23:07:49.420 [pool-2-thread-29] DEBUG org.apache.http.impl.conn.DefaultManagedHttpClientConnection -- http-outgoing-62: set socket timeout to 30000
23:07:49.420 [pool-2-thread-29] DEBUG org.apache.http.impl.execchain.MainClientExec -- Executing request POST /auth/login HTTP/1.1
23:07:49.420 [pool-2-thread-29] DEBUG org.apache.http.impl.execchain.MainClientExec -- Target auth state: UNCHALLENGED
23:07:49.420 [pool-2-thread-29] DEBUG org.apache.http.impl.execchain.MainClientExec -- Proxy auth state: UNCHALLENGED
23:07:49.420 [pool-2-thread-29] DEBUG org.apache.http.headers -- http-outgoing-62 >> POST /auth/login HTTP/1.1
23:07:49.420 [pool-2-thread-29] DEBUG org.apache.http.headers -- http-outgoing-62 >> Content-Type: application/json; charset=UTF-8
23:07:49.420 [pool-2-thread-29] DEBUG org.apache.http.headers -- http-outgoing-62 >> Content-Length: 53
23:07:49.420 [pool-2-thread-29] DEBUG org.apache.http.headers -- http-outgoing-62 >> Host: localhost:3000
23:07:49.420 [pool-2-thread-29] DEBUG org.apache.http.headers -- http-outgoing-62 >> Connection: Keep-Alive
23:07:49.420 [pool-2-thread-29] DEBUG org.apache.http.headers -- http-outgoing-62 >> User-Agent: Apache-HttpClient/4.5.14 (Java/17.0.9)
23:07:49.420 [pool-2-thread-29] DEBUG org.apache.http.headers -- http-outgoing-62 >> Accept-Encoding: gzip,deflate
23:07:49.420 [pool-2-thread-29] DEBUG org.apache.http.wire -- http-outgoing-62 >> "POST /auth/login HTTP/1.1[\r][\n]"
23:07:49.420 [pool-2-thread-29] DEBUG org.apache.http.wire -- http-outgoing-62 >> "Content-Type: application/json; charset=UTF-8[\r][\n]"
23:07:49.420 [pool-2-thread-29] DEBUG org.apache.http.wire -- http-outgoing-62 >> "Content-Length: 53[\r][\n]"
23:07:49.420 [pool-2-thread-29] DEBUG org.apache.http.wire -- http-outgoing-62 >> "Host: localhost:3000[\r][\n]"
23:07:49.420 [pool-2-thread-29] DEBUG org.apache.http.wire -- http-outgoing-62 >> "Connection: Keep-Alive[\r][\n]"
23:07:49.420 [pool-2-thread-29] DEBUG org.apache.http.wire -- http-outgoing-62 >> "User-Agent: Apache-HttpClient/4.5.14 (Java/17.0.9)[\r][\n]"
23:07:49.420 [pool-2-thread-29] DEBUG org.apache.http.wire -- http-outgoing-62 >> "Accept-Encoding: gzip,deflate[\r][\n]"
23:07:49.420 [pool-2-thread-29] DEBUG org.apache.http.wire -- http-outgoing-62 >> "[\r][\n]"
23:07:49.420 [pool-2-thread-29] DEBUG org.apache.http.wire -- http-outgoing-62 >> "{"email":"testit@gmail.com","password":"Password123"}"
23:07:49.422 [pool-2-thread-30] INFO com.intuit.karate -- [print] *** API CALL 3 *** 
23:07:49.426 [pool-2-thread-30] DEBUG org.apache.http.client.protocol.RequestAddCookies -- CookieSpec selected: karate
23:07:49.426 [pool-2-thread-30] DEBUG org.apache.http.client.protocol.RequestAuthCache -- Auth cache not set in the context
23:07:49.426 [pool-2-thread-30] DEBUG com.intuit.karate -- request:
3 > POST http://localhost:3000/auth/login
3 > Content-Type: application/json; charset=UTF-8
3 > Content-Length: 54
3 > Host: localhost:3000
3 > Connection: Keep-Alive
3 > User-Agent: Apache-HttpClient/4.5.14 (Java/17.0.9)
3 > Accept-Encoding: gzip,deflate
{"email":"testit2@gmail.com","password":"Password123"}

23:07:49.429 [pool-2-thread-30] DEBUG org.apache.http.impl.conn.PoolingHttpClientConnectionManager -- Connection request: [route: {}->http://localhost:3000][total available: 0; route allocated: 0 of 5; total allocated: 0 of 10]
23:07:49.429 [pool-2-thread-30] DEBUG org.apache.http.impl.conn.PoolingHttpClientConnectionManager -- Connection leased: [id: 63][route: {}->http://localhost:3000][total available: 0; route allocated: 1 of 5; total allocated: 1 of 10]
23:07:49.429 [pool-2-thread-30] DEBUG org.apache.http.impl.execchain.MainClientExec -- Opening connection {}->http://localhost:3000
23:07:49.429 [pool-2-thread-30] DEBUG org.apache.http.impl.conn.DefaultHttpClientConnectionOperator -- Connecting to localhost/127.0.0.1:3000
23:07:49.430 [pool-2-thread-30] DEBUG org.apache.http.impl.conn.DefaultHttpClientConnectionOperator -- Connection established 127.0.0.1:52718<->127.0.0.1:3000
23:07:49.430 [pool-2-thread-30] DEBUG org.apache.http.impl.conn.DefaultManagedHttpClientConnection -- http-outgoing-63: set socket timeout to 30000
23:07:49.430 [pool-2-thread-30] DEBUG org.apache.http.impl.execchain.MainClientExec -- Executing request POST /auth/login HTTP/1.1
23:07:49.430 [pool-2-thread-30] DEBUG org.apache.http.impl.execchain.MainClientExec -- Target auth state: UNCHALLENGED
23:07:49.430 [pool-2-thread-30] DEBUG org.apache.http.impl.execchain.MainClientExec -- Proxy auth state: UNCHALLENGED
23:07:49.430 [pool-2-thread-30] DEBUG org.apache.http.headers -- http-outgoing-63 >> POST /auth/login HTTP/1.1
23:07:49.430 [pool-2-thread-30] DEBUG org.apache.http.headers -- http-outgoing-63 >> Content-Type: application/json; charset=UTF-8
23:07:49.430 [pool-2-thread-30] DEBUG org.apache.http.headers -- http-outgoing-63 >> Content-Length: 54
23:07:49.430 [pool-2-thread-30] DEBUG org.apache.http.headers -- http-outgoing-63 >> Host: localhost:3000
23:07:49.430 [pool-2-thread-30] DEBUG org.apache.http.headers -- http-outgoing-63 >> Connection: Keep-Alive
23:07:49.430 [pool-2-thread-30] DEBUG org.apache.http.headers -- http-outgoing-63 >> User-Agent: Apache-HttpClient/4.5.14 (Java/17.0.9)
23:07:49.430 [pool-2-thread-30] DEBUG org.apache.http.headers -- http-outgoing-63 >> Accept-Encoding: gzip,deflate
23:07:49.430 [pool-2-thread-30] DEBUG org.apache.http.wire -- http-outgoing-63 >> "POST /auth/login HTTP/1.1[\r][\n]"
23:07:49.430 [pool-2-thread-30] DEBUG org.apache.http.wire -- http-outgoing-63 >> "Content-Type: application/json; charset=UTF-8[\r][\n]"
23:07:49.430 [pool-2-thread-30] DEBUG org.apache.http.wire -- http-outgoing-63 >> "Content-Length: 54[\r][\n]"
23:07:49.430 [pool-2-thread-30] DEBUG org.apache.http.wire -- http-outgoing-63 >> "Host: localhost:3000[\r][\n]"
23:07:49.430 [pool-2-thread-30] DEBUG org.apache.http.wire -- http-outgoing-63 >> "Connection: Keep-Alive[\r][\n]"
23:07:49.430 [pool-2-thread-30] DEBUG org.apache.http.wire -- http-outgoing-63 >> "User-Agent: Apache-HttpClient/4.5.14 (Java/17.0.9)[\r][\n]"
23:07:49.430 [pool-2-thread-30] DEBUG org.apache.http.wire -- http-outgoing-63 >> "Accept-Encoding: gzip,deflate[\r][\n]"
23:07:49.430 [pool-2-thread-30] DEBUG org.apache.http.wire -- http-outgoing-63 >> "[\r][\n]"
23:07:49.430 [pool-2-thread-30] DEBUG org.apache.http.wire -- http-outgoing-63 >> "{"email":"testit2@gmail.com","password":"Password123"}"
23:07:50.153 [pool-2-thread-18] DEBUG org.apache.http.wire -- http-outgoing-44 << "HTTP/1.1 200 OK[\r][\n]"
23:07:50.153 [pool-2-thread-18] DEBUG org.apache.http.wire -- http-outgoing-44 << "X-Powered-By: Express[\r][\n]"
23:07:50.153 [pool-2-thread-18] DEBUG org.apache.http.wire -- http-outgoing-44 << "Access-Control-Allow-Origin: *[\r][\n]"
23:07:50.153 [pool-2-thread-18] DEBUG org.apache.http.wire -- http-outgoing-44 << "Content-Type: application/json; charset=utf-8[\r][\n]"
23:07:50.153 [pool-2-thread-18] DEBUG org.apache.http.wire -- http-outgoing-44 << "Content-Length: 609[\r][\n]"
23:07:50.153 [pool-2-thread-18] DEBUG org.apache.http.wire -- http-outgoing-44 << "ETag: W/"261-p8AxwRt5R+1uWEs5z7AUT+9vKc8"[\r][\n]"
23:07:50.153 [pool-2-thread-18] DEBUG org.apache.http.wire -- http-outgoing-44 << "Date: Sun, 22 Jun 2025 16:07:50 GMT[\r][\n]"
23:07:50.153 [pool-2-thread-18] DEBUG org.apache.http.wire -- http-outgoing-44 << "Connection: keep-alive[\r][\n]"
23:07:50.153 [pool-2-thread-18] DEBUG org.apache.http.wire -- http-outgoing-44 << "Keep-Alive: timeout=5[\r][\n]"
23:07:50.153 [pool-2-thread-18] DEBUG org.apache.http.wire -- http-outgoing-44 << "[\r][\n]"
23:07:50.153 [pool-2-thread-18] DEBUG org.apache.http.wire -- http-outgoing-44 << "{"access_token":"eyJhbGciOiJIUzI1NiIsInR5cCI6IkpXVCJ9.eyJzdWIiOiIyNzJmNmI1NS01MTc5LTRhZTMtODU2My1iNGVjMTBmNzY3MTUiLCJ1c2VybmFtZSI6ImpvaG5kb2UyZDVkIiwicm9sZSI6MCwiaWF0IjoxNzUwNjA4NDY5LCJleHAiOjE3NTA2MTIwNjl9.eFAlpWWOwHkl0nosGRkABMPsgErzTPrzZEmm_K7brhg","refresh_token":"d0131f2647ef78310b3aa7d20629418511a3f7b4be412658c1f2c72cb28c6dfd","user":{"id":"272f6b55-5179-4ae3-8563-b4ec10f76715","email":"testit5@gmail.com","username":"johndoe2d5d","name":"John Doe","phoneNumber":"0123456132","profilePic":null,"bio":null,"private":false,"verified":false,"role":0,"followersCount":0,"followingCount":0,"postCount":0}}"
23:07:50.154 [pool-2-thread-18] DEBUG org.apache.http.headers -- http-outgoing-44 << HTTP/1.1 200 OK
23:07:50.154 [pool-2-thread-18] DEBUG org.apache.http.headers -- http-outgoing-44 << X-Powered-By: Express
23:07:50.154 [pool-2-thread-18] DEBUG org.apache.http.headers -- http-outgoing-44 << Access-Control-Allow-Origin: *
23:07:50.154 [pool-2-thread-18] DEBUG org.apache.http.headers -- http-outgoing-44 << Content-Type: application/json; charset=utf-8
23:07:50.154 [pool-2-thread-18] DEBUG org.apache.http.headers -- http-outgoing-44 << Content-Length: 609
23:07:50.154 [pool-2-thread-18] DEBUG org.apache.http.headers -- http-outgoing-44 << ETag: W/"261-p8AxwRt5R+1uWEs5z7AUT+9vKc8"
23:07:50.154 [pool-2-thread-18] DEBUG org.apache.http.headers -- http-outgoing-44 << Date: Sun, 22 Jun 2025 16:07:50 GMT
23:07:50.154 [pool-2-thread-18] DEBUG org.apache.http.headers -- http-outgoing-44 << Connection: keep-alive
23:07:50.154 [pool-2-thread-18] DEBUG org.apache.http.headers -- http-outgoing-44 << Keep-Alive: timeout=5
23:07:50.154 [pool-2-thread-18] DEBUG org.apache.http.impl.execchain.MainClientExec -- Connection can be kept alive for 5000 MILLISECONDS
23:07:50.154 [pool-2-thread-18] DEBUG org.apache.http.impl.conn.PoolingHttpClientConnectionManager -- Connection [id: 44][route: {}->http://localhost:3000] can be kept alive for 5.0 seconds
23:07:50.154 [pool-2-thread-18] DEBUG org.apache.http.impl.conn.DefaultManagedHttpClientConnection -- http-outgoing-44: set socket timeout to 0
23:07:50.154 [pool-2-thread-18] DEBUG org.apache.http.impl.conn.PoolingHttpClientConnectionManager -- Connection released: [id: 44][route: {}->http://localhost:3000][total available: 1; route allocated: 1 of 5; total allocated: 1 of 10]
23:07:50.154 [pool-2-thread-18] DEBUG org.apache.http.impl.conn.PoolingHttpClientConnectionManager -- Connection manager is shutting down
23:07:50.154 [pool-2-thread-18] DEBUG org.apache.http.impl.conn.DefaultManagedHttpClientConnection -- http-outgoing-44: Close connection
23:07:50.154 [pool-2-thread-18] DEBUG org.apache.http.impl.conn.PoolingHttpClientConnectionManager -- Connection manager shut down
23:07:50.154 [pool-2-thread-18] DEBUG com.intuit.karate -- response time in milliseconds: 1912
2 < 200
2 < X-Powered-By: Express
2 < Access-Control-Allow-Origin: *
2 < Content-Type: application/json; charset=utf-8
2 < Content-Length: 609
2 < ETag: W/"261-p8AxwRt5R+1uWEs5z7AUT+9vKc8"
2 < Date: Sun, 22 Jun 2025 16:07:50 GMT
2 < Connection: keep-alive
2 < Keep-Alive: timeout=5
{"access_token":"eyJhbGciOiJIUzI1NiIsInR5cCI6IkpXVCJ9.eyJzdWIiOiIyNzJmNmI1NS01MTc5LTRhZTMtODU2My1iNGVjMTBmNzY3MTUiLCJ1c2VybmFtZSI6ImpvaG5kb2UyZDVkIiwicm9sZSI6MCwiaWF0IjoxNzUwNjA4NDY5LCJleHAiOjE3NTA2MTIwNjl9.eFAlpWWOwHkl0nosGRkABMPsgErzTPrzZEmm_K7brhg","refresh_token":"d0131f2647ef78310b3aa7d20629418511a3f7b4be412658c1f2c72cb28c6dfd","user":{"id":"272f6b55-5179-4ae3-8563-b4ec10f76715","email":"testit5@gmail.com","username":"johndoe2d5d","name":"John Doe","phoneNumber":"0123456132","profilePic":null,"bio":null,"private":false,"verified":false,"role":0,"followersCount":0,"followingCount":0,"postCount":0}}

23:07:50.156 [pool-2-thread-18] INFO com.intuit.karate -- [print] Call 2 completed, status: 200 
23:07:50.156 [pool-2-thread-18] INFO com.intuit.karate -- [print] *** API CALL 3 *** 
23:07:50.158 [pool-2-thread-18] DEBUG org.apache.http.client.protocol.RequestAddCookies -- CookieSpec selected: karate
23:07:50.158 [pool-2-thread-18] DEBUG org.apache.http.client.protocol.RequestAuthCache -- Auth cache not set in the context
23:07:50.158 [pool-2-thread-18] DEBUG com.intuit.karate -- request:
3 > POST http://localhost:3000/auth/login
3 > Content-Type: application/json; charset=UTF-8
3 > Content-Length: 54
3 > Host: localhost:3000
3 > Connection: Keep-Alive
3 > User-Agent: Apache-HttpClient/4.5.14 (Java/17.0.9)
3 > Accept-Encoding: gzip,deflate
{"email":"testit5@gmail.com","password":"Password123"}

23:07:50.158 [pool-2-thread-18] DEBUG org.apache.http.impl.conn.PoolingHttpClientConnectionManager -- Connection request: [route: {}->http://localhost:3000][total available: 0; route allocated: 0 of 5; total allocated: 0 of 10]
23:07:50.158 [pool-2-thread-18] DEBUG org.apache.http.impl.conn.PoolingHttpClientConnectionManager -- Connection leased: [id: 64][route: {}->http://localhost:3000][total available: 0; route allocated: 1 of 5; total allocated: 1 of 10]
23:07:50.158 [pool-2-thread-18] DEBUG org.apache.http.impl.execchain.MainClientExec -- Opening connection {}->http://localhost:3000
23:07:50.158 [pool-2-thread-18] DEBUG org.apache.http.impl.conn.DefaultHttpClientConnectionOperator -- Connecting to localhost/127.0.0.1:3000
23:07:50.159 [pool-2-thread-18] DEBUG org.apache.http.impl.conn.DefaultHttpClientConnectionOperator -- Connection established 127.0.0.1:52722<->127.0.0.1:3000
23:07:50.159 [pool-2-thread-18] DEBUG org.apache.http.impl.conn.DefaultManagedHttpClientConnection -- http-outgoing-64: set socket timeout to 30000
23:07:50.159 [pool-2-thread-18] DEBUG org.apache.http.impl.execchain.MainClientExec -- Executing request POST /auth/login HTTP/1.1
23:07:50.159 [pool-2-thread-18] DEBUG org.apache.http.impl.execchain.MainClientExec -- Target auth state: UNCHALLENGED
23:07:50.159 [pool-2-thread-18] DEBUG org.apache.http.impl.execchain.MainClientExec -- Proxy auth state: UNCHALLENGED
23:07:50.159 [pool-2-thread-18] DEBUG org.apache.http.headers -- http-outgoing-64 >> POST /auth/login HTTP/1.1
23:07:50.159 [pool-2-thread-18] DEBUG org.apache.http.headers -- http-outgoing-64 >> Content-Type: application/json; charset=UTF-8
23:07:50.159 [pool-2-thread-18] DEBUG org.apache.http.headers -- http-outgoing-64 >> Content-Length: 54
23:07:50.159 [pool-2-thread-18] DEBUG org.apache.http.headers -- http-outgoing-64 >> Host: localhost:3000
23:07:50.159 [pool-2-thread-18] DEBUG org.apache.http.headers -- http-outgoing-64 >> Connection: Keep-Alive
23:07:50.159 [pool-2-thread-18] DEBUG org.apache.http.headers -- http-outgoing-64 >> User-Agent: Apache-HttpClient/4.5.14 (Java/17.0.9)
23:07:50.159 [pool-2-thread-18] DEBUG org.apache.http.headers -- http-outgoing-64 >> Accept-Encoding: gzip,deflate
23:07:50.159 [pool-2-thread-18] DEBUG org.apache.http.wire -- http-outgoing-64 >> "POST /auth/login HTTP/1.1[\r][\n]"
23:07:50.159 [pool-2-thread-18] DEBUG org.apache.http.wire -- http-outgoing-64 >> "Content-Type: application/json; charset=UTF-8[\r][\n]"
23:07:50.159 [pool-2-thread-18] DEBUG org.apache.http.wire -- http-outgoing-64 >> "Content-Length: 54[\r][\n]"
23:07:50.159 [pool-2-thread-18] DEBUG org.apache.http.wire -- http-outgoing-64 >> "Host: localhost:3000[\r][\n]"
23:07:50.159 [pool-2-thread-18] DEBUG org.apache.http.wire -- http-outgoing-64 >> "Connection: Keep-Alive[\r][\n]"
23:07:50.159 [pool-2-thread-18] DEBUG org.apache.http.wire -- http-outgoing-64 >> "User-Agent: Apache-HttpClient/4.5.14 (Java/17.0.9)[\r][\n]"
23:07:50.159 [pool-2-thread-18] DEBUG org.apache.http.wire -- http-outgoing-64 >> "Accept-Encoding: gzip,deflate[\r][\n]"
23:07:50.159 [pool-2-thread-18] DEBUG org.apache.http.wire -- http-outgoing-64 >> "[\r][\n]"
23:07:50.159 [pool-2-thread-18] DEBUG org.apache.http.wire -- http-outgoing-64 >> "{"email":"testit5@gmail.com","password":"Password123"}"
23:07:50.210 [pool-2-thread-6] DEBUG org.apache.http.wire -- http-outgoing-40 << "HTTP/1.1 200 OK[\r][\n]"
23:07:50.211 [pool-2-thread-6] DEBUG org.apache.http.wire -- http-outgoing-40 << "X-Powered-By: Express[\r][\n]"
23:07:50.211 [pool-2-thread-6] DEBUG org.apache.http.wire -- http-outgoing-40 << "Access-Control-Allow-Origin: *[\r][\n]"
23:07:50.211 [pool-2-thread-6] DEBUG org.apache.http.wire -- http-outgoing-40 << "Content-Type: application/json; charset=utf-8[\r][\n]"
23:07:50.211 [pool-2-thread-6] DEBUG org.apache.http.wire -- http-outgoing-40 << "Content-Length: 607[\r][\n]"
23:07:50.211 [pool-2-thread-6] DEBUG org.apache.http.wire -- http-outgoing-40 << "ETag: W/"25f-mUs432RYdrcREthGBuy0pXVM78U"[\r][\n]"
23:07:50.211 [pool-2-thread-6] DEBUG org.apache.http.wire -- http-outgoing-40 << "Date: Sun, 22 Jun 2025 16:07:50 GMT[\r][\n]"
23:07:50.211 [pool-2-thread-6] DEBUG org.apache.http.wire -- http-outgoing-40 << "Connection: keep-alive[\r][\n]"
23:07:50.211 [pool-2-thread-6] DEBUG org.apache.http.wire -- http-outgoing-40 << "Keep-Alive: timeout=5[\r][\n]"
23:07:50.211 [pool-2-thread-6] DEBUG org.apache.http.wire -- http-outgoing-40 << "[\r][\n]"
23:07:50.211 [pool-2-thread-6] DEBUG org.apache.http.wire -- http-outgoing-40 << "{"access_token":"eyJhbGciOiJIUzI1NiIsInR5cCI6IkpXVCJ9.eyJzdWIiOiI5YTI2OTc2Yy0xNTMyLTRkZjMtYTE2ZS03NjMxNTI1Yzg1MDIiLCJ1c2VybmFtZSI6ImpvaG5kb2UyZDUiLCJyb2xlIjowLCJpYXQiOjE3NTA2MDg0NjksImV4cCI6MTc1MDYxMjA2OX0.UoKoxZL4zpNz3OKxfOj1jc5ofKhGmboxNuqg9AjlF3o","refresh_token":"e53614aa0fd112e5366ed487375a86ae67489a927eed87372f5b7f31e153200f","user":{"id":"9a26976c-1532-4df3-a16e-7631525c8502","email":"testit4@gmail.com","username":"johndoe2d5","name":"John Doe","phoneNumber":"0123456212","profilePic":null,"bio":null,"private":false,"verified":false,"role":0,"followersCount":0,"followingCount":0,"postCount":0}}"
23:07:50.211 [pool-2-thread-6] DEBUG org.apache.http.headers -- http-outgoing-40 << HTTP/1.1 200 OK
23:07:50.211 [pool-2-thread-6] DEBUG org.apache.http.headers -- http-outgoing-40 << X-Powered-By: Express
23:07:50.211 [pool-2-thread-6] DEBUG org.apache.http.headers -- http-outgoing-40 << Access-Control-Allow-Origin: *
23:07:50.211 [pool-2-thread-6] DEBUG org.apache.http.headers -- http-outgoing-40 << Content-Type: application/json; charset=utf-8
23:07:50.211 [pool-2-thread-6] DEBUG org.apache.http.headers -- http-outgoing-40 << Content-Length: 607
23:07:50.211 [pool-2-thread-6] DEBUG org.apache.http.headers -- http-outgoing-40 << ETag: W/"25f-mUs432RYdrcREthGBuy0pXVM78U"
23:07:50.211 [pool-2-thread-6] DEBUG org.apache.http.headers -- http-outgoing-40 << Date: Sun, 22 Jun 2025 16:07:50 GMT
23:07:50.211 [pool-2-thread-6] DEBUG org.apache.http.headers -- http-outgoing-40 << Connection: keep-alive
23:07:50.211 [pool-2-thread-6] DEBUG org.apache.http.headers -- http-outgoing-40 << Keep-Alive: timeout=5
23:07:50.211 [pool-2-thread-6] DEBUG org.apache.http.impl.execchain.MainClientExec -- Connection can be kept alive for 5000 MILLISECONDS
23:07:50.211 [pool-2-thread-6] DEBUG org.apache.http.impl.conn.PoolingHttpClientConnectionManager -- Connection [id: 40][route: {}->http://localhost:3000] can be kept alive for 5.0 seconds
23:07:50.211 [pool-2-thread-6] DEBUG org.apache.http.impl.conn.DefaultManagedHttpClientConnection -- http-outgoing-40: set socket timeout to 0
23:07:50.211 [pool-2-thread-6] DEBUG org.apache.http.impl.conn.PoolingHttpClientConnectionManager -- Connection released: [id: 40][route: {}->http://localhost:3000][total available: 1; route allocated: 1 of 5; total allocated: 1 of 10]
23:07:50.211 [pool-2-thread-6] DEBUG org.apache.http.impl.conn.PoolingHttpClientConnectionManager -- Connection manager is shutting down
23:07:50.211 [pool-2-thread-6] DEBUG org.apache.http.impl.conn.DefaultManagedHttpClientConnection -- http-outgoing-40: Close connection
23:07:50.211 [pool-2-thread-6] DEBUG org.apache.http.impl.conn.PoolingHttpClientConnectionManager -- Connection manager shut down
23:07:50.211 [pool-2-thread-6] DEBUG com.intuit.karate -- response time in milliseconds: 2835
2 < 200
2 < X-Powered-By: Express
2 < Access-Control-Allow-Origin: *
2 < Content-Type: application/json; charset=utf-8
2 < Content-Length: 607
2 < ETag: W/"25f-mUs432RYdrcREthGBuy0pXVM78U"
2 < Date: Sun, 22 Jun 2025 16:07:50 GMT
2 < Connection: keep-alive
2 < Keep-Alive: timeout=5
{"access_token":"eyJhbGciOiJIUzI1NiIsInR5cCI6IkpXVCJ9.eyJzdWIiOiI5YTI2OTc2Yy0xNTMyLTRkZjMtYTE2ZS03NjMxNTI1Yzg1MDIiLCJ1c2VybmFtZSI6ImpvaG5kb2UyZDUiLCJyb2xlIjowLCJpYXQiOjE3NTA2MDg0NjksImV4cCI6MTc1MDYxMjA2OX0.UoKoxZL4zpNz3OKxfOj1jc5ofKhGmboxNuqg9AjlF3o","refresh_token":"e53614aa0fd112e5366ed487375a86ae67489a927eed87372f5b7f31e153200f","user":{"id":"9a26976c-1532-4df3-a16e-7631525c8502","email":"testit4@gmail.com","username":"johndoe2d5","name":"John Doe","phoneNumber":"0123456212","profilePic":null,"bio":null,"private":false,"verified":false,"role":0,"followersCount":0,"followingCount":0,"postCount":0}}

23:07:50.212 [pool-2-thread-6] INFO com.intuit.karate -- [print] Call 2 completed, status: 200 
23:07:50.213 [pool-2-thread-6] INFO com.intuit.karate -- [print] *** API CALL 3 *** 
23:07:50.215 [pool-2-thread-6] DEBUG org.apache.http.client.protocol.RequestAddCookies -- CookieSpec selected: karate
23:07:50.215 [pool-2-thread-6] DEBUG org.apache.http.client.protocol.RequestAuthCache -- Auth cache not set in the context
23:07:50.215 [pool-2-thread-6] DEBUG com.intuit.karate -- request:
3 > POST http://localhost:3000/auth/login
3 > Content-Type: application/json; charset=UTF-8
3 > Content-Length: 54
3 > Host: localhost:3000
3 > Connection: Keep-Alive
3 > User-Agent: Apache-HttpClient/4.5.14 (Java/17.0.9)
3 > Accept-Encoding: gzip,deflate
{"email":"testit4@gmail.com","password":"Password123"}

23:07:50.215 [pool-2-thread-6] DEBUG org.apache.http.impl.conn.PoolingHttpClientConnectionManager -- Connection request: [route: {}->http://localhost:3000][total available: 0; route allocated: 0 of 5; total allocated: 0 of 10]
23:07:50.215 [pool-2-thread-6] DEBUG org.apache.http.impl.conn.PoolingHttpClientConnectionManager -- Connection leased: [id: 65][route: {}->http://localhost:3000][total available: 0; route allocated: 1 of 5; total allocated: 1 of 10]
23:07:50.215 [pool-2-thread-6] DEBUG org.apache.http.impl.execchain.MainClientExec -- Opening connection {}->http://localhost:3000
23:07:50.215 [pool-2-thread-6] DEBUG org.apache.http.impl.conn.DefaultHttpClientConnectionOperator -- Connecting to localhost/127.0.0.1:3000
23:07:50.216 [pool-2-thread-6] DEBUG org.apache.http.impl.conn.DefaultHttpClientConnectionOperator -- Connection established 127.0.0.1:52723<->127.0.0.1:3000
23:07:50.216 [pool-2-thread-6] DEBUG org.apache.http.impl.conn.DefaultManagedHttpClientConnection -- http-outgoing-65: set socket timeout to 30000
23:07:50.216 [pool-2-thread-6] DEBUG org.apache.http.impl.execchain.MainClientExec -- Executing request POST /auth/login HTTP/1.1
23:07:50.216 [pool-2-thread-6] DEBUG org.apache.http.impl.execchain.MainClientExec -- Target auth state: UNCHALLENGED
23:07:50.216 [pool-2-thread-6] DEBUG org.apache.http.impl.execchain.MainClientExec -- Proxy auth state: UNCHALLENGED
23:07:50.216 [pool-2-thread-6] DEBUG org.apache.http.headers -- http-outgoing-65 >> POST /auth/login HTTP/1.1
23:07:50.216 [pool-2-thread-6] DEBUG org.apache.http.headers -- http-outgoing-65 >> Content-Type: application/json; charset=UTF-8
23:07:50.216 [pool-2-thread-6] DEBUG org.apache.http.headers -- http-outgoing-65 >> Content-Length: 54
23:07:50.216 [pool-2-thread-6] DEBUG org.apache.http.headers -- http-outgoing-65 >> Host: localhost:3000
23:07:50.216 [pool-2-thread-6] DEBUG org.apache.http.headers -- http-outgoing-65 >> Connection: Keep-Alive
23:07:50.216 [pool-2-thread-6] DEBUG org.apache.http.headers -- http-outgoing-65 >> User-Agent: Apache-HttpClient/4.5.14 (Java/17.0.9)
23:07:50.216 [pool-2-thread-6] DEBUG org.apache.http.headers -- http-outgoing-65 >> Accept-Encoding: gzip,deflate
23:07:50.216 [pool-2-thread-6] DEBUG org.apache.http.wire -- http-outgoing-65 >> "POST /auth/login HTTP/1.1[\r][\n]"
23:07:50.216 [pool-2-thread-6] DEBUG org.apache.http.wire -- http-outgoing-65 >> "Content-Type: application/json; charset=UTF-8[\r][\n]"
23:07:50.216 [pool-2-thread-6] DEBUG org.apache.http.wire -- http-outgoing-65 >> "Content-Length: 54[\r][\n]"
23:07:50.216 [pool-2-thread-6] DEBUG org.apache.http.wire -- http-outgoing-65 >> "Host: localhost:3000[\r][\n]"
23:07:50.216 [pool-2-thread-6] DEBUG org.apache.http.wire -- http-outgoing-65 >> "Connection: Keep-Alive[\r][\n]"
23:07:50.216 [pool-2-thread-6] DEBUG org.apache.http.wire -- http-outgoing-65 >> "User-Agent: Apache-HttpClient/4.5.14 (Java/17.0.9)[\r][\n]"
23:07:50.216 [pool-2-thread-6] DEBUG org.apache.http.wire -- http-outgoing-65 >> "Accept-Encoding: gzip,deflate[\r][\n]"
23:07:50.216 [pool-2-thread-6] DEBUG org.apache.http.wire -- http-outgoing-65 >> "[\r][\n]"
23:07:50.216 [pool-2-thread-6] DEBUG org.apache.http.wire -- http-outgoing-65 >> "{"email":"testit4@gmail.com","password":"Password123"}"
23:07:50.236 [pool-2-thread-24] DEBUG org.apache.http.wire -- http-outgoing-46 << "HTTP/1.1 200 OK[\r][\n]"
23:07:50.236 [pool-2-thread-24] DEBUG org.apache.http.wire -- http-outgoing-46 << "X-Powered-By: Express[\r][\n]"
23:07:50.236 [pool-2-thread-24] DEBUG org.apache.http.wire -- http-outgoing-46 << "Access-Control-Allow-Origin: *[\r][\n]"
23:07:50.236 [pool-2-thread-24] DEBUG org.apache.http.wire -- http-outgoing-46 << "Content-Type: application/json; charset=utf-8[\r][\n]"
23:07:50.236 [pool-2-thread-24] DEBUG org.apache.http.wire -- http-outgoing-46 << "Content-Length: 608[\r][\n]"
23:07:50.236 [pool-2-thread-24] DEBUG org.apache.http.wire -- http-outgoing-46 << "ETag: W/"260-7lflEeKQAqH6E4WBAgU8NmixiGM"[\r][\n]"
23:07:50.236 [pool-2-thread-24] DEBUG org.apache.http.wire -- http-outgoing-46 << "Date: Sun, 22 Jun 2025 16:07:50 GMT[\r][\n]"
23:07:50.236 [pool-2-thread-24] DEBUG org.apache.http.wire -- http-outgoing-46 << "Connection: keep-alive[\r][\n]"
23:07:50.236 [pool-2-thread-24] DEBUG org.apache.http.wire -- http-outgoing-46 << "Keep-Alive: timeout=5[\r][\n]"
23:07:50.236 [pool-2-thread-24] DEBUG org.apache.http.wire -- http-outgoing-46 << "[\r][\n]"
23:07:50.236 [pool-2-thread-24] DEBUG org.apache.http.wire -- http-outgoing-46 << "{"access_token":"eyJhbGciOiJIUzI1NiIsInR5cCI6IkpXVCJ9.eyJzdWIiOiI4YTI0NzQ2MS01YzA0LTQyMWQtOThmNS1mYTljNzM0ZmFlYTUiLCJ1c2VybmFtZSI6ImphbmVzbWl0aCIsInJvbGUiOjAsImlhdCI6MTc1MDYwODQ2OSwiZXhwIjoxNzUwNjEyMDY5fQ.1Inc4VEgoHOWUWAfKEGwoHsb0q_oa-pZ56I68uTZq5U","refresh_token":"95e3a991a6301a91848a2bf9e44f01a15f4de3523d26b967a0a6a714f1df87d5","user":{"id":"8a247461-5c04-421d-98f5-fa9c734faea5","email":"test2@example.com","username":"janesmith","name":"Jane Smith","phoneNumber":"01234567890","profilePic":null,"bio":null,"private":false,"verified":false,"role":0,"followersCount":0,"followingCount":0,"postCount":0}}"
23:07:50.236 [pool-2-thread-24] DEBUG org.apache.http.headers -- http-outgoing-46 << HTTP/1.1 200 OK
23:07:50.236 [pool-2-thread-24] DEBUG org.apache.http.headers -- http-outgoing-46 << X-Powered-By: Express
23:07:50.236 [pool-2-thread-24] DEBUG org.apache.http.headers -- http-outgoing-46 << Access-Control-Allow-Origin: *
23:07:50.236 [pool-2-thread-24] DEBUG org.apache.http.headers -- http-outgoing-46 << Content-Type: application/json; charset=utf-8
23:07:50.236 [pool-2-thread-24] DEBUG org.apache.http.headers -- http-outgoing-46 << Content-Length: 608
23:07:50.236 [pool-2-thread-24] DEBUG org.apache.http.headers -- http-outgoing-46 << ETag: W/"260-7lflEeKQAqH6E4WBAgU8NmixiGM"
23:07:50.236 [pool-2-thread-24] DEBUG org.apache.http.headers -- http-outgoing-46 << Date: Sun, 22 Jun 2025 16:07:50 GMT
23:07:50.237 [pool-2-thread-24] DEBUG org.apache.http.headers -- http-outgoing-46 << Connection: keep-alive
23:07:50.237 [pool-2-thread-24] DEBUG org.apache.http.headers -- http-outgoing-46 << Keep-Alive: timeout=5
23:07:50.237 [pool-2-thread-24] DEBUG org.apache.http.impl.execchain.MainClientExec -- Connection can be kept alive for 5000 MILLISECONDS
23:07:50.237 [pool-2-thread-24] DEBUG org.apache.http.impl.conn.PoolingHttpClientConnectionManager -- Connection [id: 46][route: {}->http://localhost:3000] can be kept alive for 5.0 seconds
23:07:50.237 [pool-2-thread-24] DEBUG org.apache.http.impl.conn.DefaultManagedHttpClientConnection -- http-outgoing-46: set socket timeout to 0
23:07:50.237 [pool-2-thread-24] DEBUG org.apache.http.impl.conn.PoolingHttpClientConnectionManager -- Connection released: [id: 46][route: {}->http://localhost:3000][total available: 1; route allocated: 1 of 5; total allocated: 1 of 10]
23:07:50.237 [pool-2-thread-24] DEBUG org.apache.http.impl.conn.PoolingHttpClientConnectionManager -- Connection manager is shutting down
23:07:50.238 [pool-2-thread-24] DEBUG org.apache.http.impl.conn.DefaultManagedHttpClientConnection -- http-outgoing-46: Close connection
23:07:50.238 [pool-2-thread-24] DEBUG org.apache.http.impl.conn.PoolingHttpClientConnectionManager -- Connection manager shut down
23:07:50.238 [pool-2-thread-24] DEBUG com.intuit.karate -- response time in milliseconds: 1982
2 < 200
2 < X-Powered-By: Express
2 < Access-Control-Allow-Origin: *
2 < Content-Type: application/json; charset=utf-8
2 < Content-Length: 608
2 < ETag: W/"260-7lflEeKQAqH6E4WBAgU8NmixiGM"
2 < Date: Sun, 22 Jun 2025 16:07:50 GMT
2 < Connection: keep-alive
2 < Keep-Alive: timeout=5
{"access_token":"eyJhbGciOiJIUzI1NiIsInR5cCI6IkpXVCJ9.eyJzdWIiOiI4YTI0NzQ2MS01YzA0LTQyMWQtOThmNS1mYTljNzM0ZmFlYTUiLCJ1c2VybmFtZSI6ImphbmVzbWl0aCIsInJvbGUiOjAsImlhdCI6MTc1MDYwODQ2OSwiZXhwIjoxNzUwNjEyMDY5fQ.1Inc4VEgoHOWUWAfKEGwoHsb0q_oa-pZ56I68uTZq5U","refresh_token":"95e3a991a6301a91848a2bf9e44f01a15f4de3523d26b967a0a6a714f1df87d5","user":{"id":"8a247461-5c04-421d-98f5-fa9c734faea5","email":"test2@example.com","username":"janesmith","name":"Jane Smith","phoneNumber":"01234567890","profilePic":null,"bio":null,"private":false,"verified":false,"role":0,"followersCount":0,"followingCount":0,"postCount":0}}

23:07:50.239 [pool-2-thread-24] INFO com.intuit.karate -- [print] Call 2 completed, status: 200 
23:07:50.240 [pool-2-thread-24] INFO com.intuit.karate -- [print] *** API CALL 3 *** 
23:07:50.241 [pool-2-thread-24] DEBUG org.apache.http.client.protocol.RequestAddCookies -- CookieSpec selected: karate
23:07:50.242 [pool-2-thread-24] DEBUG org.apache.http.client.protocol.RequestAuthCache -- Auth cache not set in the context
23:07:50.242 [pool-2-thread-24] DEBUG com.intuit.karate -- request:
3 > POST http://localhost:3000/auth/login
3 > Content-Type: application/json; charset=UTF-8
3 > Content-Length: 54
3 > Host: localhost:3000
3 > Connection: Keep-Alive
3 > User-Agent: Apache-HttpClient/4.5.14 (Java/17.0.9)
3 > Accept-Encoding: gzip,deflate
{"email":"test2@example.com","password":"Password123"}

23:07:50.242 [pool-2-thread-24] DEBUG org.apache.http.impl.conn.PoolingHttpClientConnectionManager -- Connection request: [route: {}->http://localhost:3000][total available: 0; route allocated: 0 of 5; total allocated: 0 of 10]
23:07:50.242 [pool-2-thread-24] DEBUG org.apache.http.impl.conn.PoolingHttpClientConnectionManager -- Connection leased: [id: 66][route: {}->http://localhost:3000][total available: 0; route allocated: 1 of 5; total allocated: 1 of 10]
23:07:50.242 [pool-2-thread-24] DEBUG org.apache.http.impl.execchain.MainClientExec -- Opening connection {}->http://localhost:3000
23:07:50.242 [pool-2-thread-24] DEBUG org.apache.http.impl.conn.DefaultHttpClientConnectionOperator -- Connecting to localhost/127.0.0.1:3000
23:07:50.242 [pool-2-thread-24] DEBUG org.apache.http.impl.conn.DefaultHttpClientConnectionOperator -- Connection established 127.0.0.1:52726<->127.0.0.1:3000
23:07:50.242 [pool-2-thread-24] DEBUG org.apache.http.impl.conn.DefaultManagedHttpClientConnection -- http-outgoing-66: set socket timeout to 30000
23:07:50.242 [pool-2-thread-24] DEBUG org.apache.http.impl.execchain.MainClientExec -- Executing request POST /auth/login HTTP/1.1
23:07:50.242 [pool-2-thread-24] DEBUG org.apache.http.impl.execchain.MainClientExec -- Target auth state: UNCHALLENGED
23:07:50.242 [pool-2-thread-24] DEBUG org.apache.http.impl.execchain.MainClientExec -- Proxy auth state: UNCHALLENGED
23:07:50.242 [pool-2-thread-24] DEBUG org.apache.http.headers -- http-outgoing-66 >> POST /auth/login HTTP/1.1
23:07:50.242 [pool-2-thread-24] DEBUG org.apache.http.headers -- http-outgoing-66 >> Content-Type: application/json; charset=UTF-8
23:07:50.242 [pool-2-thread-24] DEBUG org.apache.http.headers -- http-outgoing-66 >> Content-Length: 54
23:07:50.242 [pool-2-thread-24] DEBUG org.apache.http.headers -- http-outgoing-66 >> Host: localhost:3000
23:07:50.242 [pool-2-thread-24] DEBUG org.apache.http.headers -- http-outgoing-66 >> Connection: Keep-Alive
23:07:50.242 [pool-2-thread-24] DEBUG org.apache.http.headers -- http-outgoing-66 >> User-Agent: Apache-HttpClient/4.5.14 (Java/17.0.9)
23:07:50.242 [pool-2-thread-24] DEBUG org.apache.http.headers -- http-outgoing-66 >> Accept-Encoding: gzip,deflate
23:07:50.242 [pool-2-thread-24] DEBUG org.apache.http.wire -- http-outgoing-66 >> "POST /auth/login HTTP/1.1[\r][\n]"
23:07:50.242 [pool-2-thread-24] DEBUG org.apache.http.wire -- http-outgoing-66 >> "Content-Type: application/json; charset=UTF-8[\r][\n]"
23:07:50.242 [pool-2-thread-24] DEBUG org.apache.http.wire -- http-outgoing-66 >> "Content-Length: 54[\r][\n]"
23:07:50.242 [pool-2-thread-24] DEBUG org.apache.http.wire -- http-outgoing-66 >> "Host: localhost:3000[\r][\n]"
23:07:50.242 [pool-2-thread-24] DEBUG org.apache.http.wire -- http-outgoing-66 >> "Connection: Keep-Alive[\r][\n]"
23:07:50.242 [pool-2-thread-24] DEBUG org.apache.http.wire -- http-outgoing-66 >> "User-Agent: Apache-HttpClient/4.5.14 (Java/17.0.9)[\r][\n]"
23:07:50.242 [pool-2-thread-24] DEBUG org.apache.http.wire -- http-outgoing-66 >> "Accept-Encoding: gzip,deflate[\r][\n]"
23:07:50.242 [pool-2-thread-24] DEBUG org.apache.http.wire -- http-outgoing-66 >> "[\r][\n]"
23:07:50.242 [pool-2-thread-24] DEBUG org.apache.http.wire -- http-outgoing-66 >> "{"email":"test2@example.com","password":"Password123"}"
23:07:50.248 [pool-2-thread-3] DEBUG org.apache.http.wire -- http-outgoing-43 << "HTTP/1.1 200 OK[\r][\n]"
23:07:50.248 [pool-2-thread-3] DEBUG org.apache.http.wire -- http-outgoing-43 << "X-Powered-By: Express[\r][\n]"
23:07:50.248 [pool-2-thread-3] DEBUG org.apache.http.wire -- http-outgoing-43 << "Access-Control-Allow-Origin: *[\r][\n]"
23:07:50.248 [pool-2-thread-3] DEBUG org.apache.http.wire -- http-outgoing-43 << "Content-Type: application/json; charset=utf-8[\r][\n]"
23:07:50.248 [pool-2-thread-3] DEBUG org.apache.http.wire -- http-outgoing-43 << "Content-Length: 599[\r][\n]"
23:07:50.248 [pool-2-thread-3] DEBUG org.apache.http.wire -- http-outgoing-43 << "ETag: W/"257-BHHgni93CHyvCQ4O2mz6lbLn+ao"[\r][\n]"
23:07:50.248 [pool-2-thread-3] DEBUG org.apache.http.wire -- http-outgoing-43 << "Date: Sun, 22 Jun 2025 16:07:50 GMT[\r][\n]"
23:07:50.248 [pool-2-thread-3] DEBUG org.apache.http.wire -- http-outgoing-43 << "Connection: keep-alive[\r][\n]"
23:07:50.248 [pool-2-thread-3] DEBUG org.apache.http.wire -- http-outgoing-43 << "Keep-Alive: timeout=5[\r][\n]"
23:07:50.248 [pool-2-thread-3] DEBUG org.apache.http.wire -- http-outgoing-43 << "[\r][\n]"
23:07:50.248 [pool-2-thread-3] DEBUG org.apache.http.wire -- http-outgoing-43 << "{"access_token":"eyJhbGciOiJIUzI1NiIsInR5cCI6IkpXVCJ9.eyJzdWIiOiIyZGRhMDQzOS01MTgwLTQ1YWEtOTE3Zi1lNjMyZTQ1YThlNDEiLCJ1c2VybmFtZSI6ImpvaG5kb2UiLCJyb2xlIjowLCJpYXQiOjE3NTA2MDg0NjksImV4cCI6MTc1MDYxMjA2OX0.e2S1mROqovsv-RP5YYQoPLgaJhnkIc_n_DZ5whfK5Ik","refresh_token":"1fc79276ebc776aaa9032c0103223e79e52493804ff25f6e25d50004a9ef5686","user":{"id":"2dda0439-5180-45aa-917f-e632e45a8e41","email":"test@example.com","username":"johndoe","name":"John Doe","phoneNumber":"0987654321","profilePic":null,"bio":null,"private":false,"verified":false,"role":0,"followersCount":0,"followingCount":0,"postCount":0}}"
23:07:50.248 [pool-2-thread-3] DEBUG org.apache.http.headers -- http-outgoing-43 << HTTP/1.1 200 OK
23:07:50.248 [pool-2-thread-3] DEBUG org.apache.http.headers -- http-outgoing-43 << X-Powered-By: Express
23:07:50.248 [pool-2-thread-3] DEBUG org.apache.http.headers -- http-outgoing-43 << Access-Control-Allow-Origin: *
23:07:50.248 [pool-2-thread-3] DEBUG org.apache.http.headers -- http-outgoing-43 << Content-Type: application/json; charset=utf-8
23:07:50.248 [pool-2-thread-3] DEBUG org.apache.http.headers -- http-outgoing-43 << Content-Length: 599
23:07:50.248 [pool-2-thread-3] DEBUG org.apache.http.headers -- http-outgoing-43 << ETag: W/"257-BHHgni93CHyvCQ4O2mz6lbLn+ao"
23:07:50.248 [pool-2-thread-3] DEBUG org.apache.http.headers -- http-outgoing-43 << Date: Sun, 22 Jun 2025 16:07:50 GMT
23:07:50.248 [pool-2-thread-3] DEBUG org.apache.http.headers -- http-outgoing-43 << Connection: keep-alive
23:07:50.248 [pool-2-thread-3] DEBUG org.apache.http.headers -- http-outgoing-43 << Keep-Alive: timeout=5
23:07:50.248 [pool-2-thread-3] DEBUG org.apache.http.impl.execchain.MainClientExec -- Connection can be kept alive for 5000 MILLISECONDS
23:07:50.248 [pool-2-thread-3] DEBUG org.apache.http.impl.conn.PoolingHttpClientConnectionManager -- Connection [id: 43][route: {}->http://localhost:3000] can be kept alive for 5.0 seconds
23:07:50.248 [pool-2-thread-3] DEBUG org.apache.http.impl.conn.DefaultManagedHttpClientConnection -- http-outgoing-43: set socket timeout to 0
23:07:50.249 [pool-2-thread-3] DEBUG org.apache.http.impl.conn.PoolingHttpClientConnectionManager -- Connection released: [id: 43][route: {}->http://localhost:3000][total available: 1; route allocated: 1 of 5; total allocated: 1 of 10]
23:07:50.249 [pool-2-thread-3] DEBUG org.apache.http.impl.conn.PoolingHttpClientConnectionManager -- Connection manager is shutting down
23:07:50.249 [pool-2-thread-3] DEBUG org.apache.http.impl.conn.DefaultManagedHttpClientConnection -- http-outgoing-43: Close connection
23:07:50.249 [pool-2-thread-3] DEBUG org.apache.http.impl.conn.PoolingHttpClientConnectionManager -- Connection manager shut down
23:07:50.249 [pool-2-thread-3] DEBUG com.intuit.karate -- response time in milliseconds: 2006
2 < 200
2 < X-Powered-By: Express
2 < Access-Control-Allow-Origin: *
2 < Content-Type: application/json; charset=utf-8
2 < Content-Length: 599
2 < ETag: W/"257-BHHgni93CHyvCQ4O2mz6lbLn+ao"
2 < Date: Sun, 22 Jun 2025 16:07:50 GMT
2 < Connection: keep-alive
2 < Keep-Alive: timeout=5
{"access_token":"eyJhbGciOiJIUzI1NiIsInR5cCI6IkpXVCJ9.eyJzdWIiOiIyZGRhMDQzOS01MTgwLTQ1YWEtOTE3Zi1lNjMyZTQ1YThlNDEiLCJ1c2VybmFtZSI6ImpvaG5kb2UiLCJyb2xlIjowLCJpYXQiOjE3NTA2MDg0NjksImV4cCI6MTc1MDYxMjA2OX0.e2S1mROqovsv-RP5YYQoPLgaJhnkIc_n_DZ5whfK5Ik","refresh_token":"1fc79276ebc776aaa9032c0103223e79e52493804ff25f6e25d50004a9ef5686","user":{"id":"2dda0439-5180-45aa-917f-e632e45a8e41","email":"test@example.com","username":"johndoe","name":"John Doe","phoneNumber":"0987654321","profilePic":null,"bio":null,"private":false,"verified":false,"role":0,"followersCount":0,"followingCount":0,"postCount":0}}

23:07:50.252 [pool-2-thread-3] INFO com.intuit.karate -- [print] Call 2 completed, status: 200 
23:07:50.253 [pool-2-thread-3] INFO com.intuit.karate -- [print] *** API CALL 3 *** 
23:07:50.254 [pool-2-thread-3] DEBUG org.apache.http.client.protocol.RequestAddCookies -- CookieSpec selected: karate
23:07:50.254 [pool-2-thread-3] DEBUG org.apache.http.client.protocol.RequestAuthCache -- Auth cache not set in the context
23:07:50.254 [pool-2-thread-3] DEBUG com.intuit.karate -- request:
3 > POST http://localhost:3000/auth/login
3 > Content-Type: application/json; charset=UTF-8
3 > Content-Length: 53
3 > Host: localhost:3000
3 > Connection: Keep-Alive
3 > User-Agent: Apache-HttpClient/4.5.14 (Java/17.0.9)
3 > Accept-Encoding: gzip,deflate
{"email":"test@example.com","password":"Password123"}

23:07:50.254 [pool-2-thread-3] DEBUG org.apache.http.impl.conn.PoolingHttpClientConnectionManager -- Connection request: [route: {}->http://localhost:3000][total available: 0; route allocated: 0 of 5; total allocated: 0 of 10]
23:07:50.254 [pool-2-thread-3] DEBUG org.apache.http.impl.conn.PoolingHttpClientConnectionManager -- Connection leased: [id: 67][route: {}->http://localhost:3000][total available: 0; route allocated: 1 of 5; total allocated: 1 of 10]
23:07:50.254 [pool-2-thread-3] DEBUG org.apache.http.impl.execchain.MainClientExec -- Opening connection {}->http://localhost:3000
23:07:50.254 [pool-2-thread-3] DEBUG org.apache.http.impl.conn.DefaultHttpClientConnectionOperator -- Connecting to localhost/127.0.0.1:3000
23:07:50.255 [pool-2-thread-3] DEBUG org.apache.http.impl.conn.DefaultHttpClientConnectionOperator -- Connection established 127.0.0.1:52727<->127.0.0.1:3000
23:07:50.255 [pool-2-thread-3] DEBUG org.apache.http.impl.conn.DefaultManagedHttpClientConnection -- http-outgoing-67: set socket timeout to 30000
23:07:50.255 [pool-2-thread-3] DEBUG org.apache.http.impl.execchain.MainClientExec -- Executing request POST /auth/login HTTP/1.1
23:07:50.255 [pool-2-thread-3] DEBUG org.apache.http.impl.execchain.MainClientExec -- Target auth state: UNCHALLENGED
23:07:50.255 [pool-2-thread-3] DEBUG org.apache.http.impl.execchain.MainClientExec -- Proxy auth state: UNCHALLENGED
23:07:50.255 [pool-2-thread-1] DEBUG org.apache.http.wire -- http-outgoing-48 << "HTTP/1.1 200 OK[\r][\n]"
23:07:50.255 [pool-2-thread-1] DEBUG org.apache.http.wire -- http-outgoing-48 << "X-Powered-By: Express[\r][\n]"
23:07:50.255 [pool-2-thread-1] DEBUG org.apache.http.wire -- http-outgoing-48 << "Access-Control-Allow-Origin: *[\r][\n]"
23:07:50.255 [pool-2-thread-1] DEBUG org.apache.http.wire -- http-outgoing-48 << "Content-Type: application/json; charset=utf-8[\r][\n]"
23:07:50.255 [pool-2-thread-1] DEBUG org.apache.http.wire -- http-outgoing-48 << "Content-Length: 708[\r][\n]"
23:07:50.255 [pool-2-thread-1] DEBUG org.apache.http.wire -- http-outgoing-48 << "ETag: W/"2c4-0pM+kT3sIkABt1nHOV81vEceV7E"[\r][\n]"
23:07:50.255 [pool-2-thread-1] DEBUG org.apache.http.wire -- http-outgoing-48 << "Date: Sun, 22 Jun 2025 16:07:50 GMT[\r][\n]"
23:07:50.255 [pool-2-thread-3] DEBUG org.apache.http.headers -- http-outgoing-67 >> POST /auth/login HTTP/1.1
23:07:50.255 [pool-2-thread-1] DEBUG org.apache.http.wire -- http-outgoing-48 << "Connection: keep-alive[\r][\n]"
23:07:50.255 [pool-2-thread-1] DEBUG org.apache.http.wire -- http-outgoing-48 << "Keep-Alive: timeout=5[\r][\n]"
23:07:50.255 [pool-2-thread-3] DEBUG org.apache.http.headers -- http-outgoing-67 >> Content-Type: application/json; charset=UTF-8
23:07:50.255 [pool-2-thread-1] DEBUG org.apache.http.wire -- http-outgoing-48 << "[\r][\n]"
23:07:50.255 [pool-2-thread-3] DEBUG org.apache.http.headers -- http-outgoing-67 >> Content-Length: 53
23:07:50.255 [pool-2-thread-3] DEBUG org.apache.http.headers -- http-outgoing-67 >> Host: localhost:3000
23:07:50.255 [pool-2-thread-3] DEBUG org.apache.http.headers -- http-outgoing-67 >> Connection: Keep-Alive
23:07:50.255 [pool-2-thread-3] DEBUG org.apache.http.headers -- http-outgoing-67 >> User-Agent: Apache-HttpClient/4.5.14 (Java/17.0.9)
23:07:50.255 [pool-2-thread-1] DEBUG org.apache.http.wire -- http-outgoing-48 << "{"access_token":"eyJhbGciOiJIUzI1NiIsInR5cCI6IkpXVCJ9.eyJzdWIiOiIwODUxNWIwNS0yZDNlLTQ3ODktYWQ2MC1kYjM1NTI1YTQ5NzAiLCJ1c2VybmFtZSI6Im5hbSIsInJvbGUiOjAsImlhdCI6MTc1MDYwODQ2OSwiZXhwIjoxNzUwNjEyMDY5fQ.VYaD0zh5jv2RbliaFn96-5lP4v48t2UmNnljzVyVSo8","refresh_token":"1ba6e873fafea8cddf3f7b76b26636978a54e96717cf797370a04e029065fca7","user":{"id":"08515b05-2d3e-4789-ad60-db35525a4970","email":"nam@gmail.com","username":"nam","name":"nam","phoneNumber":"0123456789","profilePic":"https://res.cloudinary.com/dizcvrefo/image/upload/v1749266646/nestjs_uploads/zk9zrpeidnovxibfqdxr.png","bio":"Chu tich hoi dong Quan tri 1","private":false,"verified":false,"role":0,"followersCount":2,"followingCount":2,"postCount":13}}"
23:07:50.255 [pool-2-thread-3] DEBUG org.apache.http.headers -- http-outgoing-67 >> Accept-Encoding: gzip,deflate
23:07:50.255 [pool-2-thread-3] DEBUG org.apache.http.wire -- http-outgoing-67 >> "POST /auth/login HTTP/1.1[\r][\n]"
23:07:50.255 [pool-2-thread-3] DEBUG org.apache.http.wire -- http-outgoing-67 >> "Content-Type: application/json; charset=UTF-8[\r][\n]"
23:07:50.255 [pool-2-thread-3] DEBUG org.apache.http.wire -- http-outgoing-67 >> "Content-Length: 53[\r][\n]"
23:07:50.255 [pool-2-thread-1] DEBUG org.apache.http.headers -- http-outgoing-48 << HTTP/1.1 200 OK
23:07:50.255 [pool-2-thread-1] DEBUG org.apache.http.headers -- http-outgoing-48 << X-Powered-By: Express
23:07:50.255 [pool-2-thread-1] DEBUG org.apache.http.headers -- http-outgoing-48 << Access-Control-Allow-Origin: *
23:07:50.255 [pool-2-thread-1] DEBUG org.apache.http.headers -- http-outgoing-48 << Content-Type: application/json; charset=utf-8
23:07:50.255 [pool-2-thread-3] DEBUG org.apache.http.wire -- http-outgoing-67 >> "Host: localhost:3000[\r][\n]"
23:07:50.255 [pool-2-thread-1] DEBUG org.apache.http.headers -- http-outgoing-48 << Content-Length: 708
23:07:50.255 [pool-2-thread-3] DEBUG org.apache.http.wire -- http-outgoing-67 >> "Connection: Keep-Alive[\r][\n]"
23:07:50.255 [pool-2-thread-1] DEBUG org.apache.http.headers -- http-outgoing-48 << ETag: W/"2c4-0pM+kT3sIkABt1nHOV81vEceV7E"
23:07:50.255 [pool-2-thread-3] DEBUG org.apache.http.wire -- http-outgoing-67 >> "User-Agent: Apache-HttpClient/4.5.14 (Java/17.0.9)[\r][\n]"
23:07:50.255 [pool-2-thread-3] DEBUG org.apache.http.wire -- http-outgoing-67 >> "Accept-Encoding: gzip,deflate[\r][\n]"
23:07:50.255 [pool-2-thread-3] DEBUG org.apache.http.wire -- http-outgoing-67 >> "[\r][\n]"
23:07:50.255 [pool-2-thread-1] DEBUG org.apache.http.headers -- http-outgoing-48 << Date: Sun, 22 Jun 2025 16:07:50 GMT
23:07:50.255 [pool-2-thread-1] DEBUG org.apache.http.headers -- http-outgoing-48 << Connection: keep-alive
23:07:50.255 [pool-2-thread-3] DEBUG org.apache.http.wire -- http-outgoing-67 >> "{"email":"test@example.com","password":"Password123"}"
23:07:50.255 [pool-2-thread-1] DEBUG org.apache.http.headers -- http-outgoing-48 << Keep-Alive: timeout=5
23:07:50.255 [pool-2-thread-1] DEBUG org.apache.http.impl.execchain.MainClientExec -- Connection can be kept alive for 5000 MILLISECONDS
23:07:50.255 [pool-2-thread-1] DEBUG org.apache.http.impl.conn.PoolingHttpClientConnectionManager -- Connection [id: 48][route: {}->http://localhost:3000] can be kept alive for 5.0 seconds
23:07:50.255 [pool-2-thread-1] DEBUG org.apache.http.impl.conn.DefaultManagedHttpClientConnection -- http-outgoing-48: set socket timeout to 0
23:07:50.255 [pool-2-thread-1] DEBUG org.apache.http.impl.conn.PoolingHttpClientConnectionManager -- Connection released: [id: 48][route: {}->http://localhost:3000][total available: 1; route allocated: 1 of 5; total allocated: 1 of 10]
23:07:50.255 [pool-2-thread-1] DEBUG org.apache.http.impl.conn.PoolingHttpClientConnectionManager -- Connection manager is shutting down
23:07:50.255 [pool-2-thread-1] DEBUG org.apache.http.impl.conn.DefaultManagedHttpClientConnection -- http-outgoing-48: Close connection
23:07:50.255 [pool-2-thread-1] DEBUG org.apache.http.impl.conn.PoolingHttpClientConnectionManager -- Connection manager shut down
23:07:50.255 [pool-2-thread-1] DEBUG com.intuit.karate -- response time in milliseconds: 1957
3 < 200
3 < X-Powered-By: Express
3 < Access-Control-Allow-Origin: *
3 < Content-Type: application/json; charset=utf-8
3 < Content-Length: 708
3 < ETag: W/"2c4-0pM+kT3sIkABt1nHOV81vEceV7E"
3 < Date: Sun, 22 Jun 2025 16:07:50 GMT
3 < Connection: keep-alive
3 < Keep-Alive: timeout=5
{"access_token":"eyJhbGciOiJIUzI1NiIsInR5cCI6IkpXVCJ9.eyJzdWIiOiIwODUxNWIwNS0yZDNlLTQ3ODktYWQ2MC1kYjM1NTI1YTQ5NzAiLCJ1c2VybmFtZSI6Im5hbSIsInJvbGUiOjAsImlhdCI6MTc1MDYwODQ2OSwiZXhwIjoxNzUwNjEyMDY5fQ.VYaD0zh5jv2RbliaFn96-5lP4v48t2UmNnljzVyVSo8","refresh_token":"1ba6e873fafea8cddf3f7b76b26636978a54e96717cf797370a04e029065fca7","user":{"id":"08515b05-2d3e-4789-ad60-db35525a4970","email":"nam@gmail.com","username":"nam","name":"nam","phoneNumber":"0123456789","profilePic":"https://res.cloudinary.com/dizcvrefo/image/upload/v1749266646/nestjs_uploads/zk9zrpeidnovxibfqdxr.png","bio":"Chu tich hoi dong Quan tri 1","private":false,"verified":false,"role":0,"followersCount":2,"followingCount":2,"postCount":13}}

23:07:50.257 [pool-2-thread-1] INFO com.intuit.karate -- [print] Call 3 completed, status: 200 
23:07:50.258 [pool-2-thread-1] INFO com.intuit.karate -- [print] *** API CALL 4 *** 
23:07:50.262 [pool-2-thread-1] DEBUG org.apache.http.client.protocol.RequestAddCookies -- CookieSpec selected: karate
23:07:50.262 [pool-2-thread-1] DEBUG org.apache.http.client.protocol.RequestAuthCache -- Auth cache not set in the context
23:07:50.262 [pool-2-thread-1] DEBUG com.intuit.karate -- request:
4 > POST http://localhost:3000/auth/login
4 > Content-Type: application/json; charset=UTF-8
4 > Content-Length: 45
4 > Host: localhost:3000
4 > Connection: Keep-Alive
4 > User-Agent: Apache-HttpClient/4.5.14 (Java/17.0.9)
4 > Accept-Encoding: gzip,deflate
{"email":"nam@gmail.com","password":"123456"}

23:07:50.262 [pool-2-thread-1] DEBUG org.apache.http.impl.conn.PoolingHttpClientConnectionManager -- Connection request: [route: {}->http://localhost:3000][total available: 0; route allocated: 0 of 5; total allocated: 0 of 10]
23:07:50.262 [pool-2-thread-1] DEBUG org.apache.http.impl.conn.PoolingHttpClientConnectionManager -- Connection leased: [id: 68][route: {}->http://localhost:3000][total available: 0; route allocated: 1 of 5; total allocated: 1 of 10]
23:07:50.262 [pool-2-thread-1] DEBUG org.apache.http.impl.execchain.MainClientExec -- Opening connection {}->http://localhost:3000
23:07:50.263 [pool-2-thread-1] DEBUG org.apache.http.impl.conn.DefaultHttpClientConnectionOperator -- Connecting to localhost/127.0.0.1:3000
23:07:50.264 [pool-2-thread-1] DEBUG org.apache.http.impl.conn.DefaultHttpClientConnectionOperator -- Connection established 127.0.0.1:52728<->127.0.0.1:3000
23:07:50.264 [pool-2-thread-1] DEBUG org.apache.http.impl.conn.DefaultManagedHttpClientConnection -- http-outgoing-68: set socket timeout to 30000
23:07:50.264 [pool-2-thread-1] DEBUG org.apache.http.impl.execchain.MainClientExec -- Executing request POST /auth/login HTTP/1.1
23:07:50.264 [pool-2-thread-1] DEBUG org.apache.http.impl.execchain.MainClientExec -- Target auth state: UNCHALLENGED
23:07:50.264 [pool-2-thread-1] DEBUG org.apache.http.impl.execchain.MainClientExec -- Proxy auth state: UNCHALLENGED
23:07:50.264 [pool-2-thread-1] DEBUG org.apache.http.headers -- http-outgoing-68 >> POST /auth/login HTTP/1.1
23:07:50.264 [pool-2-thread-1] DEBUG org.apache.http.headers -- http-outgoing-68 >> Content-Type: application/json; charset=UTF-8
23:07:50.264 [pool-2-thread-1] DEBUG org.apache.http.headers -- http-outgoing-68 >> Content-Length: 45
23:07:50.264 [pool-2-thread-1] DEBUG org.apache.http.headers -- http-outgoing-68 >> Host: localhost:3000
23:07:50.264 [pool-2-thread-1] DEBUG org.apache.http.headers -- http-outgoing-68 >> Connection: Keep-Alive
23:07:50.264 [pool-2-thread-1] DEBUG org.apache.http.headers -- http-outgoing-68 >> User-Agent: Apache-HttpClient/4.5.14 (Java/17.0.9)
23:07:50.264 [pool-2-thread-1] DEBUG org.apache.http.headers -- http-outgoing-68 >> Accept-Encoding: gzip,deflate
23:07:50.264 [pool-2-thread-1] DEBUG org.apache.http.wire -- http-outgoing-68 >> "POST /auth/login HTTP/1.1[\r][\n]"
23:07:50.264 [pool-2-thread-1] DEBUG org.apache.http.wire -- http-outgoing-68 >> "Content-Type: application/json; charset=UTF-8[\r][\n]"
23:07:50.264 [pool-2-thread-1] DEBUG org.apache.http.wire -- http-outgoing-68 >> "Content-Length: 45[\r][\n]"
23:07:50.264 [pool-2-thread-1] DEBUG org.apache.http.wire -- http-outgoing-68 >> "Host: localhost:3000[\r][\n]"
23:07:50.264 [pool-2-thread-1] DEBUG org.apache.http.wire -- http-outgoing-68 >> "Connection: Keep-Alive[\r][\n]"
23:07:50.264 [pool-2-thread-1] DEBUG org.apache.http.wire -- http-outgoing-68 >> "User-Agent: Apache-HttpClient/4.5.14 (Java/17.0.9)[\r][\n]"
23:07:50.264 [pool-2-thread-1] DEBUG org.apache.http.wire -- http-outgoing-68 >> "Accept-Encoding: gzip,deflate[\r][\n]"
23:07:50.264 [pool-2-thread-1] DEBUG org.apache.http.wire -- http-outgoing-68 >> "[\r][\n]"
23:07:50.264 [pool-2-thread-1] DEBUG org.apache.http.wire -- http-outgoing-68 >> "{"email":"nam@gmail.com","password":"123456"}"
23:07:50.356 [pool-2-thread-25] DEBUG org.apache.http.wire -- http-outgoing-49 << "HTTP/1.1 200 OK[\r][\n]"
23:07:50.356 [pool-2-thread-25] DEBUG org.apache.http.wire -- http-outgoing-49 << "X-Powered-By: Express[\r][\n]"
23:07:50.356 [pool-2-thread-25] DEBUG org.apache.http.wire -- http-outgoing-49 << "Access-Control-Allow-Origin: *[\r][\n]"
23:07:50.356 [pool-2-thread-25] DEBUG org.apache.http.wire -- http-outgoing-49 << "Content-Type: application/json; charset=utf-8[\r][\n]"
23:07:50.356 [pool-2-thread-25] DEBUG org.apache.http.wire -- http-outgoing-49 << "Content-Length: 607[\r][\n]"
23:07:50.356 [pool-2-thread-25] DEBUG org.apache.http.wire -- http-outgoing-49 << "ETag: W/"25f-ym5NczZ6kyOCioBJ7SBYSI8nuPo"[\r][\n]"
23:07:50.356 [pool-2-thread-25] DEBUG org.apache.http.wire -- http-outgoing-49 << "Date: Sun, 22 Jun 2025 16:07:50 GMT[\r][\n]"
23:07:50.356 [pool-2-thread-25] DEBUG org.apache.http.wire -- http-outgoing-49 << "Connection: keep-alive[\r][\n]"
23:07:50.356 [pool-2-thread-25] DEBUG org.apache.http.wire -- http-outgoing-49 << "Keep-Alive: timeout=5[\r][\n]"
23:07:50.356 [pool-2-thread-25] DEBUG org.apache.http.wire -- http-outgoing-49 << "[\r][\n]"
23:07:50.356 [pool-2-thread-25] DEBUG org.apache.http.wire -- http-outgoing-49 << "{"access_token":"eyJhbGciOiJIUzI1NiIsInR5cCI6IkpXVCJ9.eyJzdWIiOiJjMjE0MjJkZi1jY2VjLTQ0MGUtOWE0Mi1jMWI4MmFiZjczM2QiLCJ1c2VybmFtZSI6ImpvaG5kb2UyOCIsInJvbGUiOjAsImlhdCI6MTc1MDYwODQ3MCwiZXhwIjoxNzUwNjEyMDcwfQ.kRKvjx3QODu_-v6YZVnFpxECxoCw8iushZgEErxpmaY","refresh_token":"b9a46495704192d492159b1277e973b251ed357bee36c1da76dafe05b996675c","user":{"id":"c21422df-ccec-440e-9a42-c1b82abf733d","email":"test28@example.com","username":"johndoe28","name":"John Doe","phoneNumber":"84987654321","profilePic":null,"bio":null,"private":false,"verified":false,"role":0,"followersCount":0,"followingCount":0,"postCount":0}}"
23:07:50.356 [pool-2-thread-25] DEBUG org.apache.http.headers -- http-outgoing-49 << HTTP/1.1 200 OK
23:07:50.356 [pool-2-thread-25] DEBUG org.apache.http.headers -- http-outgoing-49 << X-Powered-By: Express
23:07:50.356 [pool-2-thread-25] DEBUG org.apache.http.headers -- http-outgoing-49 << Access-Control-Allow-Origin: *
23:07:50.356 [pool-2-thread-25] DEBUG org.apache.http.headers -- http-outgoing-49 << Content-Type: application/json; charset=utf-8
23:07:50.356 [pool-2-thread-25] DEBUG org.apache.http.headers -- http-outgoing-49 << Content-Length: 607
23:07:50.356 [pool-2-thread-25] DEBUG org.apache.http.headers -- http-outgoing-49 << ETag: W/"25f-ym5NczZ6kyOCioBJ7SBYSI8nuPo"
23:07:50.356 [pool-2-thread-25] DEBUG org.apache.http.headers -- http-outgoing-49 << Date: Sun, 22 Jun 2025 16:07:50 GMT
23:07:50.356 [pool-2-thread-25] DEBUG org.apache.http.headers -- http-outgoing-49 << Connection: keep-alive
23:07:50.356 [pool-2-thread-25] DEBUG org.apache.http.headers -- http-outgoing-49 << Keep-Alive: timeout=5
23:07:50.356 [pool-2-thread-25] DEBUG org.apache.http.impl.execchain.MainClientExec -- Connection can be kept alive for 5000 MILLISECONDS
23:07:50.356 [pool-2-thread-25] DEBUG org.apache.http.impl.conn.PoolingHttpClientConnectionManager -- Connection [id: 49][route: {}->http://localhost:3000] can be kept alive for 5.0 seconds
23:07:50.356 [pool-2-thread-25] DEBUG org.apache.http.impl.conn.DefaultManagedHttpClientConnection -- http-outgoing-49: set socket timeout to 0
23:07:50.356 [pool-2-thread-25] DEBUG org.apache.http.impl.conn.PoolingHttpClientConnectionManager -- Connection released: [id: 49][route: {}->http://localhost:3000][total available: 1; route allocated: 1 of 5; total allocated: 1 of 10]
23:07:50.356 [pool-2-thread-25] DEBUG org.apache.http.impl.conn.PoolingHttpClientConnectionManager -- Connection manager is shutting down
23:07:50.356 [pool-2-thread-25] DEBUG org.apache.http.impl.conn.DefaultManagedHttpClientConnection -- http-outgoing-49: Close connection
23:07:50.356 [pool-2-thread-25] DEBUG org.apache.http.impl.conn.PoolingHttpClientConnectionManager -- Connection manager shut down
23:07:50.356 [pool-2-thread-25] DEBUG com.intuit.karate -- response time in milliseconds: 1968
3 < 200
3 < X-Powered-By: Express
3 < Access-Control-Allow-Origin: *
3 < Content-Type: application/json; charset=utf-8
3 < Content-Length: 607
3 < ETag: W/"25f-ym5NczZ6kyOCioBJ7SBYSI8nuPo"
3 < Date: Sun, 22 Jun 2025 16:07:50 GMT
3 < Connection: keep-alive
3 < Keep-Alive: timeout=5
{"access_token":"eyJhbGciOiJIUzI1NiIsInR5cCI6IkpXVCJ9.eyJzdWIiOiJjMjE0MjJkZi1jY2VjLTQ0MGUtOWE0Mi1jMWI4MmFiZjczM2QiLCJ1c2VybmFtZSI6ImpvaG5kb2UyOCIsInJvbGUiOjAsImlhdCI6MTc1MDYwODQ3MCwiZXhwIjoxNzUwNjEyMDcwfQ.kRKvjx3QODu_-v6YZVnFpxECxoCw8iushZgEErxpmaY","refresh_token":"b9a46495704192d492159b1277e973b251ed357bee36c1da76dafe05b996675c","user":{"id":"c21422df-ccec-440e-9a42-c1b82abf733d","email":"test28@example.com","username":"johndoe28","name":"John Doe","phoneNumber":"84987654321","profilePic":null,"bio":null,"private":false,"verified":false,"role":0,"followersCount":0,"followingCount":0,"postCount":0}}

23:07:50.358 [pool-2-thread-25] INFO com.intuit.karate -- [print] Call 3 completed, status: 200 
23:07:50.358 [pool-2-thread-25] INFO com.intuit.karate -- [print] *** API CALL 4 *** 
23:07:50.360 [pool-2-thread-25] DEBUG org.apache.http.client.protocol.RequestAddCookies -- CookieSpec selected: karate
23:07:50.360 [pool-2-thread-25] DEBUG org.apache.http.client.protocol.RequestAuthCache -- Auth cache not set in the context
23:07:50.360 [pool-2-thread-25] DEBUG com.intuit.karate -- request:
4 > POST http://localhost:3000/auth/login
4 > Content-Type: application/json; charset=UTF-8
4 > Content-Length: 55
4 > Host: localhost:3000
4 > Connection: Keep-Alive
4 > User-Agent: Apache-HttpClient/4.5.14 (Java/17.0.9)
4 > Accept-Encoding: gzip,deflate
{"email":"test28@example.com","password":"Password123"}

23:07:50.360 [pool-2-thread-25] DEBUG org.apache.http.impl.conn.PoolingHttpClientConnectionManager -- Connection request: [route: {}->http://localhost:3000][total available: 0; route allocated: 0 of 5; total allocated: 0 of 10]
23:07:50.360 [pool-2-thread-25] DEBUG org.apache.http.impl.conn.PoolingHttpClientConnectionManager -- Connection leased: [id: 69][route: {}->http://localhost:3000][total available: 0; route allocated: 1 of 5; total allocated: 1 of 10]
23:07:50.360 [pool-2-thread-25] DEBUG org.apache.http.impl.execchain.MainClientExec -- Opening connection {}->http://localhost:3000
23:07:50.361 [pool-2-thread-25] DEBUG org.apache.http.impl.conn.DefaultHttpClientConnectionOperator -- Connecting to localhost/127.0.0.1:3000
23:07:50.361 [pool-2-thread-25] DEBUG org.apache.http.impl.conn.DefaultHttpClientConnectionOperator -- Connection established 127.0.0.1:52729<->127.0.0.1:3000
23:07:50.361 [pool-2-thread-25] DEBUG org.apache.http.impl.conn.DefaultManagedHttpClientConnection -- http-outgoing-69: set socket timeout to 30000
23:07:50.361 [pool-2-thread-25] DEBUG org.apache.http.impl.execchain.MainClientExec -- Executing request POST /auth/login HTTP/1.1
23:07:50.361 [pool-2-thread-25] DEBUG org.apache.http.impl.execchain.MainClientExec -- Target auth state: UNCHALLENGED
23:07:50.361 [pool-2-thread-25] DEBUG org.apache.http.impl.execchain.MainClientExec -- Proxy auth state: UNCHALLENGED
23:07:50.361 [pool-2-thread-25] DEBUG org.apache.http.headers -- http-outgoing-69 >> POST /auth/login HTTP/1.1
23:07:50.361 [pool-2-thread-25] DEBUG org.apache.http.headers -- http-outgoing-69 >> Content-Type: application/json; charset=UTF-8
23:07:50.361 [pool-2-thread-25] DEBUG org.apache.http.headers -- http-outgoing-69 >> Content-Length: 55
23:07:50.361 [pool-2-thread-25] DEBUG org.apache.http.headers -- http-outgoing-69 >> Host: localhost:3000
23:07:50.361 [pool-2-thread-25] DEBUG org.apache.http.headers -- http-outgoing-69 >> Connection: Keep-Alive
23:07:50.361 [pool-2-thread-25] DEBUG org.apache.http.headers -- http-outgoing-69 >> User-Agent: Apache-HttpClient/4.5.14 (Java/17.0.9)
23:07:50.361 [pool-2-thread-25] DEBUG org.apache.http.headers -- http-outgoing-69 >> Accept-Encoding: gzip,deflate
23:07:50.361 [pool-2-thread-25] DEBUG org.apache.http.wire -- http-outgoing-69 >> "POST /auth/login HTTP/1.1[\r][\n]"
23:07:50.361 [pool-2-thread-25] DEBUG org.apache.http.wire -- http-outgoing-69 >> "Content-Type: application/json; charset=UTF-8[\r][\n]"
23:07:50.361 [pool-2-thread-25] DEBUG org.apache.http.wire -- http-outgoing-69 >> "Content-Length: 55[\r][\n]"
23:07:50.361 [pool-2-thread-25] DEBUG org.apache.http.wire -- http-outgoing-69 >> "Host: localhost:3000[\r][\n]"
23:07:50.361 [pool-2-thread-25] DEBUG org.apache.http.wire -- http-outgoing-69 >> "Connection: Keep-Alive[\r][\n]"
23:07:50.361 [pool-2-thread-25] DEBUG org.apache.http.wire -- http-outgoing-69 >> "User-Agent: Apache-HttpClient/4.5.14 (Java/17.0.9)[\r][\n]"
23:07:50.361 [pool-2-thread-25] DEBUG org.apache.http.wire -- http-outgoing-69 >> "Accept-Encoding: gzip,deflate[\r][\n]"
23:07:50.361 [pool-2-thread-25] DEBUG org.apache.http.wire -- http-outgoing-69 >> "[\r][\n]"
23:07:50.361 [pool-2-thread-25] DEBUG org.apache.http.wire -- http-outgoing-69 >> "{"email":"test28@example.com","password":"Password123"}"
23:07:50.395 [pool-2-thread-20] DEBUG org.apache.http.wire -- http-outgoing-53 << "HTTP/1.1 200 OK[\r][\n]"
23:07:50.395 [pool-2-thread-20] DEBUG org.apache.http.wire -- http-outgoing-53 << "X-Powered-By: Express[\r][\n]"
23:07:50.395 [pool-2-thread-20] DEBUG org.apache.http.wire -- http-outgoing-53 << "Access-Control-Allow-Origin: *[\r][\n]"
23:07:50.395 [pool-2-thread-20] DEBUG org.apache.http.wire -- http-outgoing-53 << "Content-Type: application/json; charset=utf-8[\r][\n]"
23:07:50.395 [pool-2-thread-20] DEBUG org.apache.http.wire -- http-outgoing-53 << "Content-Length: 605[\r][\n]"
23:07:50.395 [pool-2-thread-20] DEBUG org.apache.http.wire -- http-outgoing-53 << "ETag: W/"25d-+DNGdQFSh2+CoWekidwZ8KfsFqQ"[\r][\n]"
23:07:50.395 [pool-2-thread-20] DEBUG org.apache.http.wire -- http-outgoing-53 << "Date: Sun, 22 Jun 2025 16:07:50 GMT[\r][\n]"
23:07:50.395 [pool-2-thread-20] DEBUG org.apache.http.wire -- http-outgoing-53 << "Connection: keep-alive[\r][\n]"
23:07:50.395 [pool-2-thread-20] DEBUG org.apache.http.wire -- http-outgoing-53 << "Keep-Alive: timeout=5[\r][\n]"
23:07:50.395 [pool-2-thread-20] DEBUG org.apache.http.wire -- http-outgoing-53 << "[\r][\n]"
23:07:50.395 [pool-2-thread-20] DEBUG org.apache.http.wire -- http-outgoing-53 << "{"access_token":"eyJhbGciOiJIUzI1NiIsInR5cCI6IkpXVCJ9.eyJzdWIiOiIwYTM3ZWY0My1mZWU4LTQxZDMtYTY4Ni04YWIwODY5NDg2OTUiLCJ1c2VybmFtZSI6ImpvaG5kb2UyMSIsInJvbGUiOjAsImlhdCI6MTc1MDYwODQ3MCwiZXhwIjoxNzUwNjEyMDcwfQ.IsuUHpN-ft6cko66Mj23fMTnYyAh3pPt5GYVVVDOrao","refresh_token":"2d1c2acca5d39ccb8e578bcf001dfef3e78aa9e6c6f28e372b2d75ca10ed6773","user":{"id":"0a37ef43-fee8-41d3-a686-8ab086948695","email":"testit2@gmail.com","username":"johndoe21","name":"John Doe","phoneNumber":"0123456712","profilePic":null,"bio":null,"private":false,"verified":false,"role":0,"followersCount":0,"followingCount":0,"postCount":0}}"
23:07:50.395 [pool-2-thread-20] DEBUG org.apache.http.headers -- http-outgoing-53 << HTTP/1.1 200 OK
23:07:50.395 [pool-2-thread-20] DEBUG org.apache.http.headers -- http-outgoing-53 << X-Powered-By: Express
23:07:50.395 [pool-2-thread-20] DEBUG org.apache.http.headers -- http-outgoing-53 << Access-Control-Allow-Origin: *
23:07:50.395 [pool-2-thread-20] DEBUG org.apache.http.headers -- http-outgoing-53 << Content-Type: application/json; charset=utf-8
23:07:50.395 [pool-2-thread-20] DEBUG org.apache.http.headers -- http-outgoing-53 << Content-Length: 605
23:07:50.395 [pool-2-thread-20] DEBUG org.apache.http.headers -- http-outgoing-53 << ETag: W/"25d-+DNGdQFSh2+CoWekidwZ8KfsFqQ"
23:07:50.395 [pool-2-thread-20] DEBUG org.apache.http.headers -- http-outgoing-53 << Date: Sun, 22 Jun 2025 16:07:50 GMT
23:07:50.395 [pool-2-thread-20] DEBUG org.apache.http.headers -- http-outgoing-53 << Connection: keep-alive
23:07:50.395 [pool-2-thread-20] DEBUG org.apache.http.headers -- http-outgoing-53 << Keep-Alive: timeout=5
23:07:50.396 [pool-2-thread-20] DEBUG org.apache.http.impl.execchain.MainClientExec -- Connection can be kept alive for 5000 MILLISECONDS
23:07:50.396 [pool-2-thread-20] DEBUG org.apache.http.impl.conn.PoolingHttpClientConnectionManager -- Connection [id: 53][route: {}->http://localhost:3000] can be kept alive for 5.0 seconds
23:07:50.396 [pool-2-thread-20] DEBUG org.apache.http.impl.conn.DefaultManagedHttpClientConnection -- http-outgoing-53: set socket timeout to 0
23:07:50.396 [pool-2-thread-20] DEBUG org.apache.http.impl.conn.PoolingHttpClientConnectionManager -- Connection released: [id: 53][route: {}->http://localhost:3000][total available: 1; route allocated: 1 of 5; total allocated: 1 of 10]
23:07:50.396 [pool-2-thread-20] DEBUG org.apache.http.impl.conn.PoolingHttpClientConnectionManager -- Connection manager is shutting down
23:07:50.396 [pool-2-thread-20] DEBUG org.apache.http.impl.conn.DefaultManagedHttpClientConnection -- http-outgoing-53: Close connection
23:07:50.396 [pool-2-thread-20] DEBUG org.apache.http.impl.conn.PoolingHttpClientConnectionManager -- Connection manager shut down
23:07:50.396 [pool-2-thread-20] DEBUG com.intuit.karate -- response time in milliseconds: 1238
2 < 200
2 < X-Powered-By: Express
2 < Access-Control-Allow-Origin: *
2 < Content-Type: application/json; charset=utf-8
2 < Content-Length: 605
2 < ETag: W/"25d-+DNGdQFSh2+CoWekidwZ8KfsFqQ"
2 < Date: Sun, 22 Jun 2025 16:07:50 GMT
2 < Connection: keep-alive
2 < Keep-Alive: timeout=5
{"access_token":"eyJhbGciOiJIUzI1NiIsInR5cCI6IkpXVCJ9.eyJzdWIiOiIwYTM3ZWY0My1mZWU4LTQxZDMtYTY4Ni04YWIwODY5NDg2OTUiLCJ1c2VybmFtZSI6ImpvaG5kb2UyMSIsInJvbGUiOjAsImlhdCI6MTc1MDYwODQ3MCwiZXhwIjoxNzUwNjEyMDcwfQ.IsuUHpN-ft6cko66Mj23fMTnYyAh3pPt5GYVVVDOrao","refresh_token":"2d1c2acca5d39ccb8e578bcf001dfef3e78aa9e6c6f28e372b2d75ca10ed6773","user":{"id":"0a37ef43-fee8-41d3-a686-8ab086948695","email":"testit2@gmail.com","username":"johndoe21","name":"John Doe","phoneNumber":"0123456712","profilePic":null,"bio":null,"private":false,"verified":false,"role":0,"followersCount":0,"followingCount":0,"postCount":0}}

23:07:50.397 [pool-2-thread-20] INFO com.intuit.karate -- [print] Call 2 completed, status: 200 
23:07:50.398 [pool-2-thread-20] INFO com.intuit.karate -- [print] *** API CALL 3 *** 
23:07:50.401 [pool-2-thread-20] DEBUG org.apache.http.client.protocol.RequestAddCookies -- CookieSpec selected: karate
23:07:50.401 [pool-2-thread-20] DEBUG org.apache.http.client.protocol.RequestAuthCache -- Auth cache not set in the context
23:07:50.401 [pool-2-thread-20] DEBUG com.intuit.karate -- request:
3 > POST http://localhost:3000/auth/login
3 > Content-Type: application/json; charset=UTF-8
3 > Content-Length: 54
3 > Host: localhost:3000
3 > Connection: Keep-Alive
3 > User-Agent: Apache-HttpClient/4.5.14 (Java/17.0.9)
3 > Accept-Encoding: gzip,deflate
{"email":"testit2@gmail.com","password":"Password123"}

23:07:50.401 [pool-2-thread-20] DEBUG org.apache.http.impl.conn.PoolingHttpClientConnectionManager -- Connection request: [route: {}->http://localhost:3000][total available: 0; route allocated: 0 of 5; total allocated: 0 of 10]
23:07:50.401 [pool-2-thread-20] DEBUG org.apache.http.impl.conn.PoolingHttpClientConnectionManager -- Connection leased: [id: 70][route: {}->http://localhost:3000][total available: 0; route allocated: 1 of 5; total allocated: 1 of 10]
23:07:50.401 [pool-2-thread-20] DEBUG org.apache.http.impl.execchain.MainClientExec -- Opening connection {}->http://localhost:3000
23:07:50.401 [pool-2-thread-20] DEBUG org.apache.http.impl.conn.DefaultHttpClientConnectionOperator -- Connecting to localhost/127.0.0.1:3000
23:07:50.401 [pool-2-thread-28] DEBUG org.apache.http.wire -- http-outgoing-35 << "HTTP/1.1 200 OK[\r][\n]"
23:07:50.401 [pool-2-thread-28] DEBUG org.apache.http.wire -- http-outgoing-35 << "X-Powered-By: Express[\r][\n]"
23:07:50.402 [pool-2-thread-28] DEBUG org.apache.http.wire -- http-outgoing-35 << "Access-Control-Allow-Origin: *[\r][\n]"
23:07:50.402 [pool-2-thread-28] DEBUG org.apache.http.wire -- http-outgoing-35 << "Content-Type: application/json; charset=utf-8[\r][\n]"
23:07:50.402 [pool-2-thread-28] DEBUG org.apache.http.wire -- http-outgoing-35 << "Content-Length: 609[\r][\n]"
23:07:50.402 [pool-2-thread-28] DEBUG org.apache.http.wire -- http-outgoing-35 << "ETag: W/"261-xXCBqwLJ8G934xe+2EOeCq2zVrY"[\r][\n]"
23:07:50.402 [pool-2-thread-28] DEBUG org.apache.http.wire -- http-outgoing-35 << "Date: Sun, 22 Jun 2025 16:07:50 GMT[\r][\n]"
23:07:50.402 [pool-2-thread-28] DEBUG org.apache.http.wire -- http-outgoing-35 << "Connection: keep-alive[\r][\n]"
23:07:50.402 [pool-2-thread-28] DEBUG org.apache.http.wire -- http-outgoing-35 << "Keep-Alive: timeout=5[\r][\n]"
23:07:50.402 [pool-2-thread-28] DEBUG org.apache.http.wire -- http-outgoing-35 << "[\r][\n]"
23:07:50.402 [pool-2-thread-28] DEBUG org.apache.http.wire -- http-outgoing-35 << "{"access_token":"eyJhbGciOiJIUzI1NiIsInR5cCI6IkpXVCJ9.eyJzdWIiOiIyNzJmNmI1NS01MTc5LTRhZTMtODU2My1iNGVjMTBmNzY3MTUiLCJ1c2VybmFtZSI6ImpvaG5kb2UyZDVkIiwicm9sZSI6MCwiaWF0IjoxNzUwNjA4NDcwLCJleHAiOjE3NTA2MTIwNzB9.QM7HGgxQWvkYZgw6btMA4c1duIq6vDaSAtegwE8grms","refresh_token":"d2ed87277c7bca9d5b262611fdfe2b49d7b84f1afaaa55560e45deb5c9d7977b","user":{"id":"272f6b55-5179-4ae3-8563-b4ec10f76715","email":"testit5@gmail.com","username":"johndoe2d5d","name":"John Doe","phoneNumber":"0123456132","profilePic":null,"bio":null,"private":false,"verified":false,"role":0,"followersCount":0,"followingCount":0,"postCount":0}}"
23:07:50.402 [pool-2-thread-28] DEBUG org.apache.http.headers -- http-outgoing-35 << HTTP/1.1 200 OK
23:07:50.402 [pool-2-thread-28] DEBUG org.apache.http.headers -- http-outgoing-35 << X-Powered-By: Express
23:07:50.402 [pool-2-thread-28] DEBUG org.apache.http.headers -- http-outgoing-35 << Access-Control-Allow-Origin: *
23:07:50.402 [pool-2-thread-28] DEBUG org.apache.http.headers -- http-outgoing-35 << Content-Type: application/json; charset=utf-8
23:07:50.402 [pool-2-thread-28] DEBUG org.apache.http.headers -- http-outgoing-35 << Content-Length: 609
23:07:50.402 [pool-2-thread-28] DEBUG org.apache.http.headers -- http-outgoing-35 << ETag: W/"261-xXCBqwLJ8G934xe+2EOeCq2zVrY"
23:07:50.402 [pool-2-thread-28] DEBUG org.apache.http.headers -- http-outgoing-35 << Date: Sun, 22 Jun 2025 16:07:50 GMT
23:07:50.402 [pool-2-thread-28] DEBUG org.apache.http.headers -- http-outgoing-35 << Connection: keep-alive
23:07:50.402 [pool-2-thread-28] DEBUG org.apache.http.headers -- http-outgoing-35 << Keep-Alive: timeout=5
23:07:50.402 [pool-2-thread-27] DEBUG org.apache.http.wire -- http-outgoing-42 << "HTTP/1.1 200 OK[\r][\n]"
23:07:50.402 [pool-2-thread-27] DEBUG org.apache.http.wire -- http-outgoing-42 << "X-Powered-By: Express[\r][\n]"
23:07:50.402 [pool-2-thread-27] DEBUG org.apache.http.wire -- http-outgoing-42 << "Access-Control-Allow-Origin: *[\r][\n]"
23:07:50.402 [pool-2-thread-27] DEBUG org.apache.http.wire -- http-outgoing-42 << "Content-Type: application/json; charset=utf-8[\r][\n]"
23:07:50.402 [pool-2-thread-27] DEBUG org.apache.http.wire -- http-outgoing-42 << "Content-Length: 605[\r][\n]"
23:07:50.402 [pool-2-thread-27] DEBUG org.apache.http.wire -- http-outgoing-42 << "ETag: W/"25d-39OwiKzIiDEVd+mSXSsHr7MYdyk"[\r][\n]"
23:07:50.402 [pool-2-thread-27] DEBUG org.apache.http.wire -- http-outgoing-42 << "Date: Sun, 22 Jun 2025 16:07:50 GMT[\r][\n]"
23:07:50.402 [pool-2-thread-27] DEBUG org.apache.http.wire -- http-outgoing-42 << "Connection: keep-alive[\r][\n]"
23:07:50.402 [pool-2-thread-27] DEBUG org.apache.http.wire -- http-outgoing-42 << "Keep-Alive: timeout=5[\r][\n]"
23:07:50.402 [pool-2-thread-27] DEBUG org.apache.http.wire -- http-outgoing-42 << "[\r][\n]"
23:07:50.402 [pool-2-thread-27] DEBUG org.apache.http.wire -- http-outgoing-42 << "{"access_token":"eyJhbGciOiJIUzI1NiIsInR5cCI6IkpXVCJ9.eyJzdWIiOiI2NTBjZTFlZC1hYWNhLTQzOGYtOTk4OC0xZjA1OGFiNWFhMWEiLCJ1c2VybmFtZSI6ImpvaG5kb2UyNSIsInJvbGUiOjAsImlhdCI6MTc1MDYwODQ3MCwiZXhwIjoxNzUwNjEyMDcwfQ.2MWP4xQy9fYlZwak0NYnYYtO8lCyNscMf3Ges4A6b18","refresh_token":"44ee66a0050c983f9ce7d2d28b751e46d9b3e0493de8e9c4b6ab32dca19c6a9a","user":{"id":"650ce1ed-aaca-438f-9988-1f058ab5aa1a","email":"testit3@gmail.com","username":"johndoe25","name":"John Doe","phoneNumber":"0123456713","profilePic":null,"bio":null,"private":false,"verified":false,"role":0,"followersCount":0,"followingCount":0,"postCount":0}}"
23:07:50.402 [pool-2-thread-28] DEBUG org.apache.http.impl.execchain.MainClientExec -- Connection can be kept alive for 5000 MILLISECONDS
23:07:50.402 [pool-2-thread-27] DEBUG org.apache.http.headers -- http-outgoing-42 << HTTP/1.1 200 OK
23:07:50.402 [pool-2-thread-27] DEBUG org.apache.http.headers -- http-outgoing-42 << X-Powered-By: Express
23:07:50.402 [pool-2-thread-20] DEBUG org.apache.http.impl.conn.DefaultHttpClientConnectionOperator -- Connection established 127.0.0.1:52730<->127.0.0.1:3000
23:07:50.402 [pool-2-thread-27] DEBUG org.apache.http.headers -- http-outgoing-42 << Access-Control-Allow-Origin: *
23:07:50.402 [pool-2-thread-27] DEBUG org.apache.http.headers -- http-outgoing-42 << Content-Type: application/json; charset=utf-8
23:07:50.402 [pool-2-thread-27] DEBUG org.apache.http.headers -- http-outgoing-42 << Content-Length: 605
23:07:50.402 [pool-2-thread-27] DEBUG org.apache.http.headers -- http-outgoing-42 << ETag: W/"25d-39OwiKzIiDEVd+mSXSsHr7MYdyk"
23:07:50.402 [pool-2-thread-20] DEBUG org.apache.http.impl.conn.DefaultManagedHttpClientConnection -- http-outgoing-70: set socket timeout to 30000
23:07:50.402 [pool-2-thread-27] DEBUG org.apache.http.headers -- http-outgoing-42 << Date: Sun, 22 Jun 2025 16:07:50 GMT
23:07:50.402 [pool-2-thread-20] DEBUG org.apache.http.impl.execchain.MainClientExec -- Executing request POST /auth/login HTTP/1.1
23:07:50.402 [pool-2-thread-27] DEBUG org.apache.http.headers -- http-outgoing-42 << Connection: keep-alive
23:07:50.402 [pool-2-thread-20] DEBUG org.apache.http.impl.execchain.MainClientExec -- Target auth state: UNCHALLENGED
23:07:50.402 [pool-2-thread-27] DEBUG org.apache.http.headers -- http-outgoing-42 << Keep-Alive: timeout=5
23:07:50.403 [pool-2-thread-20] DEBUG org.apache.http.impl.execchain.MainClientExec -- Proxy auth state: UNCHALLENGED
23:07:50.403 [pool-2-thread-28] DEBUG org.apache.http.impl.conn.PoolingHttpClientConnectionManager -- Connection [id: 35][route: {}->http://localhost:3000] can be kept alive for 5.0 seconds
23:07:50.403 [pool-2-thread-28] DEBUG org.apache.http.impl.conn.DefaultManagedHttpClientConnection -- http-outgoing-35: set socket timeout to 0
23:07:50.403 [pool-2-thread-20] DEBUG org.apache.http.headers -- http-outgoing-70 >> POST /auth/login HTTP/1.1
23:07:50.403 [pool-2-thread-20] DEBUG org.apache.http.headers -- http-outgoing-70 >> Content-Type: application/json; charset=UTF-8
23:07:50.403 [pool-2-thread-20] DEBUG org.apache.http.headers -- http-outgoing-70 >> Content-Length: 54
23:07:50.403 [pool-2-thread-20] DEBUG org.apache.http.headers -- http-outgoing-70 >> Host: localhost:3000
23:07:50.403 [pool-2-thread-20] DEBUG org.apache.http.headers -- http-outgoing-70 >> Connection: Keep-Alive
23:07:50.403 [pool-2-thread-28] DEBUG org.apache.http.impl.conn.PoolingHttpClientConnectionManager -- Connection released: [id: 35][route: {}->http://localhost:3000][total available: 1; route allocated: 1 of 5; total allocated: 1 of 10]
23:07:50.403 [pool-2-thread-27] DEBUG org.apache.http.impl.execchain.MainClientExec -- Connection can be kept alive for 5000 MILLISECONDS
23:07:50.403 [pool-2-thread-28] DEBUG org.apache.http.impl.conn.PoolingHttpClientConnectionManager -- Connection manager is shutting down
23:07:50.403 [pool-2-thread-20] DEBUG org.apache.http.headers -- http-outgoing-70 >> User-Agent: Apache-HttpClient/4.5.14 (Java/17.0.9)
23:07:50.403 [pool-2-thread-20] DEBUG org.apache.http.headers -- http-outgoing-70 >> Accept-Encoding: gzip,deflate
23:07:50.403 [pool-2-thread-28] DEBUG org.apache.http.impl.conn.DefaultManagedHttpClientConnection -- http-outgoing-35: Close connection
23:07:50.403 [pool-2-thread-20] DEBUG org.apache.http.wire -- http-outgoing-70 >> "POST /auth/login HTTP/1.1[\r][\n]"
23:07:50.403 [pool-2-thread-20] DEBUG org.apache.http.wire -- http-outgoing-70 >> "Content-Type: application/json; charset=UTF-8[\r][\n]"
23:07:50.403 [pool-2-thread-20] DEBUG org.apache.http.wire -- http-outgoing-70 >> "Content-Length: 54[\r][\n]"
23:07:50.403 [pool-2-thread-20] DEBUG org.apache.http.wire -- http-outgoing-70 >> "Host: localhost:3000[\r][\n]"
23:07:50.403 [pool-2-thread-20] DEBUG org.apache.http.wire -- http-outgoing-70 >> "Connection: Keep-Alive[\r][\n]"
23:07:50.403 [pool-2-thread-20] DEBUG org.apache.http.wire -- http-outgoing-70 >> "User-Agent: Apache-HttpClient/4.5.14 (Java/17.0.9)[\r][\n]"
23:07:50.403 [pool-2-thread-20] DEBUG org.apache.http.wire -- http-outgoing-70 >> "Accept-Encoding: gzip,deflate[\r][\n]"
23:07:50.403 [pool-2-thread-20] DEBUG org.apache.http.wire -- http-outgoing-70 >> "[\r][\n]"
23:07:50.403 [pool-2-thread-20] DEBUG org.apache.http.wire -- http-outgoing-70 >> "{"email":"testit2@gmail.com","password":"Password123"}"
23:07:50.403 [pool-2-thread-27] DEBUG org.apache.http.impl.conn.PoolingHttpClientConnectionManager -- Connection [id: 42][route: {}->http://localhost:3000] can be kept alive for 5.0 seconds
23:07:50.403 [pool-2-thread-27] DEBUG org.apache.http.impl.conn.DefaultManagedHttpClientConnection -- http-outgoing-42: set socket timeout to 0
23:07:50.403 [pool-2-thread-27] DEBUG org.apache.http.impl.conn.PoolingHttpClientConnectionManager -- Connection released: [id: 42][route: {}->http://localhost:3000][total available: 1; route allocated: 1 of 5; total allocated: 1 of 10]
23:07:50.403 [pool-2-thread-28] DEBUG org.apache.http.impl.conn.PoolingHttpClientConnectionManager -- Connection manager shut down
23:07:50.403 [pool-2-thread-27] DEBUG org.apache.http.impl.conn.PoolingHttpClientConnectionManager -- Connection manager is shutting down
23:07:50.403 [pool-2-thread-27] DEBUG org.apache.http.impl.conn.DefaultManagedHttpClientConnection -- http-outgoing-42: Close connection
23:07:50.403 [pool-2-thread-27] DEBUG org.apache.http.impl.conn.PoolingHttpClientConnectionManager -- Connection manager shut down
23:07:50.403 [pool-2-thread-28] DEBUG com.intuit.karate -- response time in milliseconds: 3766
2 < 200
2 < X-Powered-By: Express
2 < Access-Control-Allow-Origin: *
2 < Content-Type: application/json; charset=utf-8
2 < Content-Length: 609
2 < ETag: W/"261-xXCBqwLJ8G934xe+2EOeCq2zVrY"
2 < Date: Sun, 22 Jun 2025 16:07:50 GMT
2 < Connection: keep-alive
2 < Keep-Alive: timeout=5
{"access_token":"eyJhbGciOiJIUzI1NiIsInR5cCI6IkpXVCJ9.eyJzdWIiOiIyNzJmNmI1NS01MTc5LTRhZTMtODU2My1iNGVjMTBmNzY3MTUiLCJ1c2VybmFtZSI6ImpvaG5kb2UyZDVkIiwicm9sZSI6MCwiaWF0IjoxNzUwNjA4NDcwLCJleHAiOjE3NTA2MTIwNzB9.QM7HGgxQWvkYZgw6btMA4c1duIq6vDaSAtegwE8grms","refresh_token":"d2ed87277c7bca9d5b262611fdfe2b49d7b84f1afaaa55560e45deb5c9d7977b","user":{"id":"272f6b55-5179-4ae3-8563-b4ec10f76715","email":"testit5@gmail.com","username":"johndoe2d5d","name":"John Doe","phoneNumber":"0123456132","profilePic":null,"bio":null,"private":false,"verified":false,"role":0,"followersCount":0,"followingCount":0,"postCount":0}}

23:07:50.403 [pool-2-thread-27] DEBUG com.intuit.karate -- response time in milliseconds: 2191
2 < 200
2 < X-Powered-By: Express
2 < Access-Control-Allow-Origin: *
2 < Content-Type: application/json; charset=utf-8
2 < Content-Length: 605
2 < ETag: W/"25d-39OwiKzIiDEVd+mSXSsHr7MYdyk"
2 < Date: Sun, 22 Jun 2025 16:07:50 GMT
2 < Connection: keep-alive
2 < Keep-Alive: timeout=5
{"access_token":"eyJhbGciOiJIUzI1NiIsInR5cCI6IkpXVCJ9.eyJzdWIiOiI2NTBjZTFlZC1hYWNhLTQzOGYtOTk4OC0xZjA1OGFiNWFhMWEiLCJ1c2VybmFtZSI6ImpvaG5kb2UyNSIsInJvbGUiOjAsImlhdCI6MTc1MDYwODQ3MCwiZXhwIjoxNzUwNjEyMDcwfQ.2MWP4xQy9fYlZwak0NYnYYtO8lCyNscMf3Ges4A6b18","refresh_token":"44ee66a0050c983f9ce7d2d28b751e46d9b3e0493de8e9c4b6ab32dca19c6a9a","user":{"id":"650ce1ed-aaca-438f-9988-1f058ab5aa1a","email":"testit3@gmail.com","username":"johndoe25","name":"John Doe","phoneNumber":"0123456713","profilePic":null,"bio":null,"private":false,"verified":false,"role":0,"followersCount":0,"followingCount":0,"postCount":0}}

23:07:50.405 [pool-2-thread-27] INFO com.intuit.karate -- [print] Call 2 completed, status: 200 
23:07:50.405 [pool-2-thread-28] INFO com.intuit.karate -- [print] Call 2 completed, status: 200 
23:07:50.406 [pool-2-thread-28] INFO com.intuit.karate -- [print] *** API CALL 3 *** 
23:07:50.406 [pool-2-thread-27] INFO com.intuit.karate -- [print] *** API CALL 3 *** 
23:07:50.409 [pool-2-thread-28] DEBUG org.apache.http.client.protocol.RequestAddCookies -- CookieSpec selected: karate
23:07:50.409 [pool-2-thread-27] DEBUG org.apache.http.client.protocol.RequestAddCookies -- CookieSpec selected: karate
23:07:50.409 [pool-2-thread-27] DEBUG org.apache.http.client.protocol.RequestAuthCache -- Auth cache not set in the context
23:07:50.409 [pool-2-thread-28] DEBUG org.apache.http.client.protocol.RequestAuthCache -- Auth cache not set in the context
23:07:50.409 [pool-2-thread-28] DEBUG com.intuit.karate -- request:
3 > POST http://localhost:3000/auth/login
3 > Content-Type: application/json; charset=UTF-8
3 > Content-Length: 54
3 > Host: localhost:3000
3 > Connection: Keep-Alive
3 > User-Agent: Apache-HttpClient/4.5.14 (Java/17.0.9)
3 > Accept-Encoding: gzip,deflate
{"email":"testit5@gmail.com","password":"Password123"}

23:07:50.409 [pool-2-thread-27] DEBUG com.intuit.karate -- request:
3 > POST http://localhost:3000/auth/login
3 > Content-Type: application/json; charset=UTF-8
3 > Content-Length: 54
3 > Host: localhost:3000
3 > Connection: Keep-Alive
3 > User-Agent: Apache-HttpClient/4.5.14 (Java/17.0.9)
3 > Accept-Encoding: gzip,deflate
{"email":"testit3@gmail.com","password":"Password123"}

23:07:50.409 [pool-2-thread-28] DEBUG org.apache.http.impl.conn.PoolingHttpClientConnectionManager -- Connection request: [route: {}->http://localhost:3000][total available: 0; route allocated: 0 of 5; total allocated: 0 of 10]
23:07:50.409 [pool-2-thread-27] DEBUG org.apache.http.impl.conn.PoolingHttpClientConnectionManager -- Connection request: [route: {}->http://localhost:3000][total available: 0; route allocated: 0 of 5; total allocated: 0 of 10]
23:07:50.409 [pool-2-thread-27] DEBUG org.apache.http.impl.conn.PoolingHttpClientConnectionManager -- Connection leased: [id: 71][route: {}->http://localhost:3000][total available: 0; route allocated: 1 of 5; total allocated: 1 of 10]
23:07:50.409 [pool-2-thread-28] DEBUG org.apache.http.impl.conn.PoolingHttpClientConnectionManager -- Connection leased: [id: 72][route: {}->http://localhost:3000][total available: 0; route allocated: 1 of 5; total allocated: 1 of 10]
23:07:50.409 [pool-2-thread-27] DEBUG org.apache.http.impl.execchain.MainClientExec -- Opening connection {}->http://localhost:3000
23:07:50.409 [pool-2-thread-28] DEBUG org.apache.http.impl.execchain.MainClientExec -- Opening connection {}->http://localhost:3000
23:07:50.409 [pool-2-thread-27] DEBUG org.apache.http.impl.conn.DefaultHttpClientConnectionOperator -- Connecting to localhost/127.0.0.1:3000
23:07:50.409 [pool-2-thread-28] DEBUG org.apache.http.impl.conn.DefaultHttpClientConnectionOperator -- Connecting to localhost/127.0.0.1:3000
23:07:50.410 [pool-2-thread-28] DEBUG org.apache.http.impl.conn.DefaultHttpClientConnectionOperator -- Connection established 127.0.0.1:52731<->127.0.0.1:3000
23:07:50.410 [pool-2-thread-27] DEBUG org.apache.http.impl.conn.DefaultHttpClientConnectionOperator -- Connection established 127.0.0.1:52732<->127.0.0.1:3000
23:07:50.410 [pool-2-thread-27] DEBUG org.apache.http.impl.conn.DefaultManagedHttpClientConnection -- http-outgoing-71: set socket timeout to 30000
23:07:50.410 [pool-2-thread-28] DEBUG org.apache.http.impl.conn.DefaultManagedHttpClientConnection -- http-outgoing-72: set socket timeout to 30000
23:07:50.410 [pool-2-thread-28] DEBUG org.apache.http.impl.execchain.MainClientExec -- Executing request POST /auth/login HTTP/1.1
23:07:50.410 [pool-2-thread-27] DEBUG org.apache.http.impl.execchain.MainClientExec -- Executing request POST /auth/login HTTP/1.1
23:07:50.410 [pool-2-thread-27] DEBUG org.apache.http.impl.execchain.MainClientExec -- Target auth state: UNCHALLENGED
23:07:50.410 [pool-2-thread-28] DEBUG org.apache.http.impl.execchain.MainClientExec -- Target auth state: UNCHALLENGED
23:07:50.410 [pool-2-thread-27] DEBUG org.apache.http.impl.execchain.MainClientExec -- Proxy auth state: UNCHALLENGED
23:07:50.410 [pool-2-thread-28] DEBUG org.apache.http.impl.execchain.MainClientExec -- Proxy auth state: UNCHALLENGED
23:07:50.410 [pool-2-thread-27] DEBUG org.apache.http.headers -- http-outgoing-71 >> POST /auth/login HTTP/1.1
23:07:50.410 [pool-2-thread-28] DEBUG org.apache.http.headers -- http-outgoing-72 >> POST /auth/login HTTP/1.1
23:07:50.410 [pool-2-thread-27] DEBUG org.apache.http.headers -- http-outgoing-71 >> Content-Type: application/json; charset=UTF-8
23:07:50.410 [pool-2-thread-27] DEBUG org.apache.http.headers -- http-outgoing-71 >> Content-Length: 54
23:07:50.410 [pool-2-thread-27] DEBUG org.apache.http.headers -- http-outgoing-71 >> Host: localhost:3000
23:07:50.410 [pool-2-thread-28] DEBUG org.apache.http.headers -- http-outgoing-72 >> Content-Type: application/json; charset=UTF-8
23:07:50.410 [pool-2-thread-27] DEBUG org.apache.http.headers -- http-outgoing-71 >> Connection: Keep-Alive
23:07:50.410 [pool-2-thread-28] DEBUG org.apache.http.headers -- http-outgoing-72 >> Content-Length: 54
23:07:50.410 [pool-2-thread-28] DEBUG org.apache.http.headers -- http-outgoing-72 >> Host: localhost:3000
23:07:50.410 [pool-2-thread-27] DEBUG org.apache.http.headers -- http-outgoing-71 >> User-Agent: Apache-HttpClient/4.5.14 (Java/17.0.9)
23:07:50.410 [pool-2-thread-27] DEBUG org.apache.http.headers -- http-outgoing-71 >> Accept-Encoding: gzip,deflate
23:07:50.410 [pool-2-thread-28] DEBUG org.apache.http.headers -- http-outgoing-72 >> Connection: Keep-Alive
23:07:50.410 [pool-2-thread-28] DEBUG org.apache.http.headers -- http-outgoing-72 >> User-Agent: Apache-HttpClient/4.5.14 (Java/17.0.9)
23:07:50.410 [pool-2-thread-28] DEBUG org.apache.http.headers -- http-outgoing-72 >> Accept-Encoding: gzip,deflate
23:07:50.410 [pool-2-thread-27] DEBUG org.apache.http.wire -- http-outgoing-71 >> "POST /auth/login HTTP/1.1[\r][\n]"
23:07:50.410 [pool-2-thread-28] DEBUG org.apache.http.wire -- http-outgoing-72 >> "POST /auth/login HTTP/1.1[\r][\n]"
23:07:50.410 [pool-2-thread-28] DEBUG org.apache.http.wire -- http-outgoing-72 >> "Content-Type: application/json; charset=UTF-8[\r][\n]"
23:07:50.410 [pool-2-thread-27] DEBUG org.apache.http.wire -- http-outgoing-71 >> "Content-Type: application/json; charset=UTF-8[\r][\n]"
23:07:50.410 [pool-2-thread-28] DEBUG org.apache.http.wire -- http-outgoing-72 >> "Content-Length: 54[\r][\n]"
23:07:50.410 [pool-2-thread-27] DEBUG org.apache.http.wire -- http-outgoing-71 >> "Content-Length: 54[\r][\n]"
23:07:50.410 [pool-2-thread-27] DEBUG org.apache.http.wire -- http-outgoing-71 >> "Host: localhost:3000[\r][\n]"
23:07:50.410 [pool-2-thread-28] DEBUG org.apache.http.wire -- http-outgoing-72 >> "Host: localhost:3000[\r][\n]"
23:07:50.410 [pool-2-thread-27] DEBUG org.apache.http.wire -- http-outgoing-71 >> "Connection: Keep-Alive[\r][\n]"
23:07:50.410 [pool-2-thread-27] DEBUG org.apache.http.wire -- http-outgoing-71 >> "User-Agent: Apache-HttpClient/4.5.14 (Java/17.0.9)[\r][\n]"
23:07:50.410 [pool-2-thread-28] DEBUG org.apache.http.wire -- http-outgoing-72 >> "Connection: Keep-Alive[\r][\n]"
23:07:50.410 [pool-2-thread-28] DEBUG org.apache.http.wire -- http-outgoing-72 >> "User-Agent: Apache-HttpClient/4.5.14 (Java/17.0.9)[\r][\n]"
23:07:50.410 [pool-2-thread-27] DEBUG org.apache.http.wire -- http-outgoing-71 >> "Accept-Encoding: gzip,deflate[\r][\n]"
23:07:50.410 [pool-2-thread-28] DEBUG org.apache.http.wire -- http-outgoing-72 >> "Accept-Encoding: gzip,deflate[\r][\n]"
23:07:50.410 [pool-2-thread-28] DEBUG org.apache.http.wire -- http-outgoing-72 >> "[\r][\n]"
23:07:50.410 [pool-2-thread-27] DEBUG org.apache.http.wire -- http-outgoing-71 >> "[\r][\n]"
23:07:50.410 [pool-2-thread-28] DEBUG org.apache.http.wire -- http-outgoing-72 >> "{"email":"testit5@gmail.com","password":"Password123"}"
23:07:50.410 [pool-2-thread-27] DEBUG org.apache.http.wire -- http-outgoing-71 >> "{"email":"testit3@gmail.com","password":"Password123"}"
23:07:50.415 [pool-2-thread-19] DEBUG org.apache.http.wire -- http-outgoing-45 << "HTTP/1.1 200 OK[\r][\n]"
23:07:50.415 [pool-2-thread-19] DEBUG org.apache.http.wire -- http-outgoing-45 << "X-Powered-By: Express[\r][\n]"
23:07:50.415 [pool-2-thread-19] DEBUG org.apache.http.wire -- http-outgoing-45 << "Access-Control-Allow-Origin: *[\r][\n]"
23:07:50.415 [pool-2-thread-19] DEBUG org.apache.http.wire -- http-outgoing-45 << "Content-Type: application/json; charset=utf-8[\r][\n]"
23:07:50.415 [pool-2-thread-19] DEBUG org.apache.http.wire -- http-outgoing-45 << "Content-Length: 604[\r][\n]"
23:07:50.415 [pool-2-thread-19] DEBUG org.apache.http.wire -- http-outgoing-45 << "ETag: W/"25c-atvuag8lkYGwIGFdEew8ZidMGCU"[\r][\n]"
23:07:50.415 [pool-2-thread-19] DEBUG org.apache.http.wire -- http-outgoing-45 << "Date: Sun, 22 Jun 2025 16:07:50 GMT[\r][\n]"
23:07:50.415 [pool-2-thread-19] DEBUG org.apache.http.wire -- http-outgoing-45 << "Connection: keep-alive[\r][\n]"
23:07:50.415 [pool-2-thread-19] DEBUG org.apache.http.wire -- http-outgoing-45 << "Keep-Alive: timeout=5[\r][\n]"
23:07:50.415 [pool-2-thread-19] DEBUG org.apache.http.wire -- http-outgoing-45 << "[\r][\n]"
23:07:50.415 [pool-2-thread-19] DEBUG org.apache.http.wire -- http-outgoing-45 << "{"access_token":"eyJhbGciOiJIUzI1NiIsInR5cCI6IkpXVCJ9.eyJzdWIiOiJkZjZmMDkxOS1hMjNkLTQ0YzktYTkyNS00ZWE4YmU1MjVkMTAiLCJ1c2VybmFtZSI6ImpvaG5kb2UyMyIsInJvbGUiOjAsImlhdCI6MTc1MDYwODQ3MCwiZXhwIjoxNzUwNjEyMDcwfQ.G4Iq4neaEvHx5dVY5IfMD9HXuuAPsB0VrH0OQw_ZC3g","refresh_token":"c0bfda2f6eaacbd47a5d5f45fc3098822bdf92d85cc91f3dd1a30f38fdafe5b8","user":{"id":"df6f0919-a23d-44c9-a925-4ea8be525d10","email":"testit@gmail.com","username":"johndoe23","name":"John Doe","phoneNumber":"0123456788","profilePic":null,"bio":null,"private":false,"verified":false,"role":0,"followersCount":0,"followingCount":0,"postCount":0}}"
23:07:50.415 [pool-2-thread-19] DEBUG org.apache.http.headers -- http-outgoing-45 << HTTP/1.1 200 OK
23:07:50.415 [pool-2-thread-19] DEBUG org.apache.http.headers -- http-outgoing-45 << X-Powered-By: Express
23:07:50.415 [pool-2-thread-19] DEBUG org.apache.http.headers -- http-outgoing-45 << Access-Control-Allow-Origin: *
23:07:50.415 [pool-2-thread-19] DEBUG org.apache.http.headers -- http-outgoing-45 << Content-Type: application/json; charset=utf-8
23:07:50.415 [pool-2-thread-19] DEBUG org.apache.http.headers -- http-outgoing-45 << Content-Length: 604
23:07:50.415 [pool-2-thread-19] DEBUG org.apache.http.headers -- http-outgoing-45 << ETag: W/"25c-atvuag8lkYGwIGFdEew8ZidMGCU"
23:07:50.415 [pool-2-thread-19] DEBUG org.apache.http.headers -- http-outgoing-45 << Date: Sun, 22 Jun 2025 16:07:50 GMT
23:07:50.415 [pool-2-thread-19] DEBUG org.apache.http.headers -- http-outgoing-45 << Connection: keep-alive
23:07:50.415 [pool-2-thread-19] DEBUG org.apache.http.headers -- http-outgoing-45 << Keep-Alive: timeout=5
23:07:50.415 [pool-2-thread-2] DEBUG org.apache.http.wire -- http-outgoing-52 << "HTTP/1.1 200 OK[\r][\n]"
23:07:50.415 [pool-2-thread-2] DEBUG org.apache.http.wire -- http-outgoing-52 << "X-Powered-By: Express[\r][\n]"
23:07:50.415 [pool-2-thread-2] DEBUG org.apache.http.wire -- http-outgoing-52 << "Access-Control-Allow-Origin: *[\r][\n]"
23:07:50.415 [pool-2-thread-2] DEBUG org.apache.http.wire -- http-outgoing-52 << "Content-Type: application/json; charset=utf-8[\r][\n]"
23:07:50.415 [pool-2-thread-2] DEBUG org.apache.http.wire -- http-outgoing-52 << "Content-Length: 715[\r][\n]"
23:07:50.415 [pool-2-thread-2] DEBUG org.apache.http.wire -- http-outgoing-52 << "ETag: W/"2cb-JAXisFdGPbbeTo/otlLrki+S8Fw"[\r][\n]"
23:07:50.415 [pool-2-thread-2] DEBUG org.apache.http.wire -- http-outgoing-52 << "Date: Sun, 22 Jun 2025 16:07:50 GMT[\r][\n]"
23:07:50.415 [pool-2-thread-2] DEBUG org.apache.http.wire -- http-outgoing-52 << "Connection: keep-alive[\r][\n]"
23:07:50.415 [pool-2-thread-2] DEBUG org.apache.http.wire -- http-outgoing-52 << "Keep-Alive: timeout=5[\r][\n]"
23:07:50.415 [pool-2-thread-19] DEBUG org.apache.http.impl.execchain.MainClientExec -- Connection can be kept alive for 5000 MILLISECONDS
23:07:50.415 [pool-2-thread-2] DEBUG org.apache.http.wire -- http-outgoing-52 << "[\r][\n]"
23:07:50.415 [pool-2-thread-2] DEBUG org.apache.http.wire -- http-outgoing-52 << "{"access_token":"eyJhbGciOiJIUzI1NiIsInR5cCI6IkpXVCJ9.eyJzdWIiOiIyYjg0YWEyNC02NjhhLTQwZTItYWYxYy1hZDRmYzRmYTVhNmYiLCJ1c2VybmFtZSI6InF1YW5nMSIsInJvbGUiOjAsImlhdCI6MTc1MDYwODQ3MCwiZXhwIjoxNzUwNjEyMDcwfQ.FjFhg9nv2LykLlevNBNOeZXoTcocC8MI0-PHHinxTgw","refresh_token":"19e2fb6db2626995ce4e9a5322dd3a8284d7b4fe3eb2c6f309ef2390becaa20d","user":{"id":"2b84aa24-668a-40e2-af1c-ad4fc4fa5a6f","email":"quang1@gmail.com","username":"quang1","name":"quang1","phoneNumber":"09874563210","profilePic":"https://res.cloudinary.com/dizcvrefo/image/upload/v1749027586/nestjs_uploads/xehairydt9rzlbmbmv4c.jpg","bio":"Thang Nam Lao Vua Thoi","private":false,"verified":false,"role":0,"followersCount":2,"followingCount":3,"postCount":2}}"
23:07:50.415 [pool-2-thread-2] DEBUG org.apache.http.headers -- http-outgoing-52 << HTTP/1.1 200 OK
23:07:50.415 [pool-2-thread-2] DEBUG org.apache.http.headers -- http-outgoing-52 << X-Powered-By: Express
23:07:50.415 [pool-2-thread-2] DEBUG org.apache.http.headers -- http-outgoing-52 << Access-Control-Allow-Origin: *
23:07:50.415 [pool-2-thread-2] DEBUG org.apache.http.headers -- http-outgoing-52 << Content-Type: application/json; charset=utf-8
23:07:50.415 [pool-2-thread-2] DEBUG org.apache.http.headers -- http-outgoing-52 << Content-Length: 715
23:07:50.415 [pool-2-thread-2] DEBUG org.apache.http.headers -- http-outgoing-52 << ETag: W/"2cb-JAXisFdGPbbeTo/otlLrki+S8Fw"
23:07:50.415 [pool-2-thread-19] DEBUG org.apache.http.impl.conn.PoolingHttpClientConnectionManager -- Connection [id: 45][route: {}->http://localhost:3000] can be kept alive for 5.0 seconds
23:07:50.415 [pool-2-thread-2] DEBUG org.apache.http.headers -- http-outgoing-52 << Date: Sun, 22 Jun 2025 16:07:50 GMT
23:07:50.415 [pool-2-thread-19] DEBUG org.apache.http.impl.conn.DefaultManagedHttpClientConnection -- http-outgoing-45: set socket timeout to 0
23:07:50.415 [pool-2-thread-2] DEBUG org.apache.http.headers -- http-outgoing-52 << Connection: keep-alive
23:07:50.415 [pool-2-thread-2] DEBUG org.apache.http.headers -- http-outgoing-52 << Keep-Alive: timeout=5
23:07:50.415 [pool-2-thread-19] DEBUG org.apache.http.impl.conn.PoolingHttpClientConnectionManager -- Connection released: [id: 45][route: {}->http://localhost:3000][total available: 1; route allocated: 1 of 5; total allocated: 1 of 10]
23:07:50.415 [pool-2-thread-2] DEBUG org.apache.http.impl.execchain.MainClientExec -- Connection can be kept alive for 5000 MILLISECONDS
23:07:50.415 [pool-2-thread-19] DEBUG org.apache.http.impl.conn.PoolingHttpClientConnectionManager -- Connection manager is shutting down
23:07:50.415 [pool-2-thread-19] DEBUG org.apache.http.impl.conn.DefaultManagedHttpClientConnection -- http-outgoing-45: Close connection
23:07:50.415 [pool-2-thread-2] DEBUG org.apache.http.impl.conn.PoolingHttpClientConnectionManager -- Connection [id: 52][route: {}->http://localhost:3000] can be kept alive for 5.0 seconds
23:07:50.415 [pool-2-thread-2] DEBUG org.apache.http.impl.conn.DefaultManagedHttpClientConnection -- http-outgoing-52: set socket timeout to 0
23:07:50.415 [pool-2-thread-2] DEBUG org.apache.http.impl.conn.PoolingHttpClientConnectionManager -- Connection released: [id: 52][route: {}->http://localhost:3000][total available: 1; route allocated: 1 of 5; total allocated: 1 of 10]
23:07:50.416 [pool-2-thread-2] DEBUG org.apache.http.impl.conn.PoolingHttpClientConnectionManager -- Connection manager is shutting down
23:07:50.416 [pool-2-thread-2] DEBUG org.apache.http.impl.conn.DefaultManagedHttpClientConnection -- http-outgoing-52: Close connection
23:07:50.416 [pool-2-thread-19] DEBUG org.apache.http.impl.conn.PoolingHttpClientConnectionManager -- Connection manager shut down
23:07:50.416 [pool-2-thread-2] DEBUG org.apache.http.impl.conn.PoolingHttpClientConnectionManager -- Connection manager shut down
23:07:50.416 [pool-2-thread-19] DEBUG com.intuit.karate -- response time in milliseconds: 2172
2 < 200
2 < X-Powered-By: Express
2 < Access-Control-Allow-Origin: *
2 < Content-Type: application/json; charset=utf-8
2 < Content-Length: 604
2 < ETag: W/"25c-atvuag8lkYGwIGFdEew8ZidMGCU"
2 < Date: Sun, 22 Jun 2025 16:07:50 GMT
2 < Connection: keep-alive
2 < Keep-Alive: timeout=5
{"access_token":"eyJhbGciOiJIUzI1NiIsInR5cCI6IkpXVCJ9.eyJzdWIiOiJkZjZmMDkxOS1hMjNkLTQ0YzktYTkyNS00ZWE4YmU1MjVkMTAiLCJ1c2VybmFtZSI6ImpvaG5kb2UyMyIsInJvbGUiOjAsImlhdCI6MTc1MDYwODQ3MCwiZXhwIjoxNzUwNjEyMDcwfQ.G4Iq4neaEvHx5dVY5IfMD9HXuuAPsB0VrH0OQw_ZC3g","refresh_token":"c0bfda2f6eaacbd47a5d5f45fc3098822bdf92d85cc91f3dd1a30f38fdafe5b8","user":{"id":"df6f0919-a23d-44c9-a925-4ea8be525d10","email":"testit@gmail.com","username":"johndoe23","name":"John Doe","phoneNumber":"0123456788","profilePic":null,"bio":null,"private":false,"verified":false,"role":0,"followersCount":0,"followingCount":0,"postCount":0}}

23:07:50.416 [pool-2-thread-2] DEBUG com.intuit.karate -- response time in milliseconds: 1259
2 < 200
2 < X-Powered-By: Express
2 < Access-Control-Allow-Origin: *
2 < Content-Type: application/json; charset=utf-8
2 < Content-Length: 715
2 < ETag: W/"2cb-JAXisFdGPbbeTo/otlLrki+S8Fw"
2 < Date: Sun, 22 Jun 2025 16:07:50 GMT
2 < Connection: keep-alive
2 < Keep-Alive: timeout=5
{"access_token":"eyJhbGciOiJIUzI1NiIsInR5cCI6IkpXVCJ9.eyJzdWIiOiIyYjg0YWEyNC02NjhhLTQwZTItYWYxYy1hZDRmYzRmYTVhNmYiLCJ1c2VybmFtZSI6InF1YW5nMSIsInJvbGUiOjAsImlhdCI6MTc1MDYwODQ3MCwiZXhwIjoxNzUwNjEyMDcwfQ.FjFhg9nv2LykLlevNBNOeZXoTcocC8MI0-PHHinxTgw","refresh_token":"19e2fb6db2626995ce4e9a5322dd3a8284d7b4fe3eb2c6f309ef2390becaa20d","user":{"id":"2b84aa24-668a-40e2-af1c-ad4fc4fa5a6f","email":"quang1@gmail.com","username":"quang1","name":"quang1","phoneNumber":"09874563210","profilePic":"https://res.cloudinary.com/dizcvrefo/image/upload/v1749027586/nestjs_uploads/xehairydt9rzlbmbmv4c.jpg","bio":"Thang Nam Lao Vua Thoi","private":false,"verified":false,"role":0,"followersCount":2,"followingCount":3,"postCount":2}}

23:07:50.419 [pool-2-thread-2] INFO com.intuit.karate -- [print] Call 2 completed, status: 200 
23:07:50.419 [pool-2-thread-19] INFO com.intuit.karate -- [print] Call 2 completed, status: 200 
23:07:50.420 [pool-2-thread-2] INFO com.intuit.karate -- [print] *** API CALL 3 *** 
23:07:50.420 [pool-2-thread-19] INFO com.intuit.karate -- [print] *** API CALL 3 *** 
23:07:50.421 [pool-2-thread-2] DEBUG org.apache.http.client.protocol.RequestAddCookies -- CookieSpec selected: karate
23:07:50.421 [pool-2-thread-19] DEBUG org.apache.http.client.protocol.RequestAddCookies -- CookieSpec selected: karate
23:07:50.421 [pool-2-thread-19] DEBUG org.apache.http.client.protocol.RequestAuthCache -- Auth cache not set in the context
23:07:50.421 [pool-2-thread-2] DEBUG org.apache.http.client.protocol.RequestAuthCache -- Auth cache not set in the context
23:07:50.421 [pool-2-thread-19] DEBUG com.intuit.karate -- request:
3 > POST http://localhost:3000/auth/login
3 > Content-Type: application/json; charset=UTF-8
3 > Content-Length: 53
3 > Host: localhost:3000
3 > Connection: Keep-Alive
3 > User-Agent: Apache-HttpClient/4.5.14 (Java/17.0.9)
3 > Accept-Encoding: gzip,deflate
{"email":"testit@gmail.com","password":"Password123"}

23:07:50.421 [pool-2-thread-2] DEBUG com.intuit.karate -- request:
3 > POST http://localhost:3000/auth/login
3 > Content-Type: application/json; charset=UTF-8
3 > Content-Length: 48
3 > Host: localhost:3000
3 > Connection: Keep-Alive
3 > User-Agent: Apache-HttpClient/4.5.14 (Java/17.0.9)
3 > Accept-Encoding: gzip,deflate
{"email":"quang1@gmail.com","password":"quang1"}

23:07:50.421 [pool-2-thread-19] DEBUG org.apache.http.impl.conn.PoolingHttpClientConnectionManager -- Connection request: [route: {}->http://localhost:3000][total available: 0; route allocated: 0 of 5; total allocated: 0 of 10]
23:07:50.421 [pool-2-thread-2] DEBUG org.apache.http.impl.conn.PoolingHttpClientConnectionManager -- Connection request: [route: {}->http://localhost:3000][total available: 0; route allocated: 0 of 5; total allocated: 0 of 10]
23:07:50.421 [pool-2-thread-2] DEBUG org.apache.http.impl.conn.PoolingHttpClientConnectionManager -- Connection leased: [id: 74][route: {}->http://localhost:3000][total available: 0; route allocated: 1 of 5; total allocated: 1 of 10]
23:07:50.421 [pool-2-thread-19] DEBUG org.apache.http.impl.conn.PoolingHttpClientConnectionManager -- Connection leased: [id: 73][route: {}->http://localhost:3000][total available: 0; route allocated: 1 of 5; total allocated: 1 of 10]
23:07:50.422 [pool-2-thread-19] DEBUG org.apache.http.impl.execchain.MainClientExec -- Opening connection {}->http://localhost:3000
23:07:50.422 [pool-2-thread-2] DEBUG org.apache.http.impl.execchain.MainClientExec -- Opening connection {}->http://localhost:3000
23:07:50.422 [pool-2-thread-19] DEBUG org.apache.http.impl.conn.DefaultHttpClientConnectionOperator -- Connecting to localhost/127.0.0.1:3000
23:07:50.422 [pool-2-thread-2] DEBUG org.apache.http.impl.conn.DefaultHttpClientConnectionOperator -- Connecting to localhost/127.0.0.1:3000
23:07:50.422 [pool-2-thread-2] DEBUG org.apache.http.impl.conn.DefaultHttpClientConnectionOperator -- Connection established 127.0.0.1:52734<->127.0.0.1:3000
23:07:50.422 [pool-2-thread-19] DEBUG org.apache.http.impl.conn.DefaultHttpClientConnectionOperator -- Connection established 127.0.0.1:52733<->127.0.0.1:3000
23:07:50.422 [pool-2-thread-2] DEBUG org.apache.http.impl.conn.DefaultManagedHttpClientConnection -- http-outgoing-74: set socket timeout to 30000
23:07:50.422 [pool-2-thread-19] DEBUG org.apache.http.impl.conn.DefaultManagedHttpClientConnection -- http-outgoing-73: set socket timeout to 30000
23:07:50.422 [pool-2-thread-2] DEBUG org.apache.http.impl.execchain.MainClientExec -- Executing request POST /auth/login HTTP/1.1
23:07:50.422 [pool-2-thread-19] DEBUG org.apache.http.impl.execchain.MainClientExec -- Executing request POST /auth/login HTTP/1.1
23:07:50.422 [pool-2-thread-2] DEBUG org.apache.http.impl.execchain.MainClientExec -- Target auth state: UNCHALLENGED
23:07:50.422 [pool-2-thread-19] DEBUG org.apache.http.impl.execchain.MainClientExec -- Target auth state: UNCHALLENGED
23:07:50.422 [pool-2-thread-2] DEBUG org.apache.http.impl.execchain.MainClientExec -- Proxy auth state: UNCHALLENGED
23:07:50.422 [pool-2-thread-19] DEBUG org.apache.http.impl.execchain.MainClientExec -- Proxy auth state: UNCHALLENGED
23:07:50.422 [pool-2-thread-19] DEBUG org.apache.http.headers -- http-outgoing-73 >> POST /auth/login HTTP/1.1
23:07:50.422 [pool-2-thread-2] DEBUG org.apache.http.headers -- http-outgoing-74 >> POST /auth/login HTTP/1.1
23:07:50.422 [pool-2-thread-2] DEBUG org.apache.http.headers -- http-outgoing-74 >> Content-Type: application/json; charset=UTF-8
23:07:50.422 [pool-2-thread-2] DEBUG org.apache.http.headers -- http-outgoing-74 >> Content-Length: 48
23:07:50.422 [pool-2-thread-19] DEBUG org.apache.http.headers -- http-outgoing-73 >> Content-Type: application/json; charset=UTF-8
23:07:50.422 [pool-2-thread-2] DEBUG org.apache.http.headers -- http-outgoing-74 >> Host: localhost:3000
23:07:50.422 [pool-2-thread-19] DEBUG org.apache.http.headers -- http-outgoing-73 >> Content-Length: 53
23:07:50.422 [pool-2-thread-2] DEBUG org.apache.http.headers -- http-outgoing-74 >> Connection: Keep-Alive
23:07:50.422 [pool-2-thread-19] DEBUG org.apache.http.headers -- http-outgoing-73 >> Host: localhost:3000
23:07:50.422 [pool-2-thread-2] DEBUG org.apache.http.headers -- http-outgoing-74 >> User-Agent: Apache-HttpClient/4.5.14 (Java/17.0.9)
23:07:50.422 [pool-2-thread-19] DEBUG org.apache.http.headers -- http-outgoing-73 >> Connection: Keep-Alive
23:07:50.422 [pool-2-thread-2] DEBUG org.apache.http.headers -- http-outgoing-74 >> Accept-Encoding: gzip,deflate
23:07:50.422 [pool-2-thread-19] DEBUG org.apache.http.headers -- http-outgoing-73 >> User-Agent: Apache-HttpClient/4.5.14 (Java/17.0.9)
23:07:50.422 [pool-2-thread-19] DEBUG org.apache.http.headers -- http-outgoing-73 >> Accept-Encoding: gzip,deflate
23:07:50.422 [pool-2-thread-2] DEBUG org.apache.http.wire -- http-outgoing-74 >> "POST /auth/login HTTP/1.1[\r][\n]"
23:07:50.422 [pool-2-thread-19] DEBUG org.apache.http.wire -- http-outgoing-73 >> "POST /auth/login HTTP/1.1[\r][\n]"
23:07:50.422 [pool-2-thread-19] DEBUG org.apache.http.wire -- http-outgoing-73 >> "Content-Type: application/json; charset=UTF-8[\r][\n]"
23:07:50.422 [pool-2-thread-19] DEBUG org.apache.http.wire -- http-outgoing-73 >> "Content-Length: 53[\r][\n]"
23:07:50.422 [pool-2-thread-2] DEBUG org.apache.http.wire -- http-outgoing-74 >> "Content-Type: application/json; charset=UTF-8[\r][\n]"
23:07:50.422 [pool-2-thread-19] DEBUG org.apache.http.wire -- http-outgoing-73 >> "Host: localhost:3000[\r][\n]"
23:07:50.422 [pool-2-thread-19] DEBUG org.apache.http.wire -- http-outgoing-73 >> "Connection: Keep-Alive[\r][\n]"
23:07:50.422 [pool-2-thread-2] DEBUG org.apache.http.wire -- http-outgoing-74 >> "Content-Length: 48[\r][\n]"
23:07:50.422 [pool-2-thread-19] DEBUG org.apache.http.wire -- http-outgoing-73 >> "User-Agent: Apache-HttpClient/4.5.14 (Java/17.0.9)[\r][\n]"
23:07:50.422 [pool-2-thread-2] DEBUG org.apache.http.wire -- http-outgoing-74 >> "Host: localhost:3000[\r][\n]"
23:07:50.422 [pool-2-thread-19] DEBUG org.apache.http.wire -- http-outgoing-73 >> "Accept-Encoding: gzip,deflate[\r][\n]"
23:07:50.422 [pool-2-thread-2] DEBUG org.apache.http.wire -- http-outgoing-74 >> "Connection: Keep-Alive[\r][\n]"
23:07:50.422 [pool-2-thread-19] DEBUG org.apache.http.wire -- http-outgoing-73 >> "[\r][\n]"
23:07:50.422 [pool-2-thread-2] DEBUG org.apache.http.wire -- http-outgoing-74 >> "User-Agent: Apache-HttpClient/4.5.14 (Java/17.0.9)[\r][\n]"
23:07:50.422 [pool-2-thread-19] DEBUG org.apache.http.wire -- http-outgoing-73 >> "{"email":"testit@gmail.com","password":"Password123"}"
23:07:50.422 [pool-2-thread-2] DEBUG org.apache.http.wire -- http-outgoing-74 >> "Accept-Encoding: gzip,deflate[\r][\n]"
23:07:50.422 [pool-2-thread-2] DEBUG org.apache.http.wire -- http-outgoing-74 >> "[\r][\n]"
23:07:50.422 [pool-2-thread-2] DEBUG org.apache.http.wire -- http-outgoing-74 >> "{"email":"quang1@gmail.com","password":"quang1"}"
23:07:51.201 [pool-2-thread-26] DEBUG org.apache.http.wire -- http-outgoing-54 << "HTTP/1.1 200 OK[\r][\n]"
23:07:51.201 [pool-2-thread-26] DEBUG org.apache.http.wire -- http-outgoing-54 << "X-Powered-By: Express[\r][\n]"
23:07:51.201 [pool-2-thread-26] DEBUG org.apache.http.wire -- http-outgoing-54 << "Access-Control-Allow-Origin: *[\r][\n]"
23:07:51.201 [pool-2-thread-26] DEBUG org.apache.http.wire -- http-outgoing-54 << "Content-Type: application/json; charset=utf-8[\r][\n]"
23:07:51.201 [pool-2-thread-26] DEBUG org.apache.http.wire -- http-outgoing-54 << "Content-Length: 607[\r][\n]"
23:07:51.201 [pool-2-thread-26] DEBUG org.apache.http.wire -- http-outgoing-54 << "ETag: W/"25f-/uR9WHigyxXgwX+YfTjmOOY57GI"[\r][\n]"
23:07:51.201 [pool-2-thread-26] DEBUG org.apache.http.wire -- http-outgoing-54 << "Date: Sun, 22 Jun 2025 16:07:51 GMT[\r][\n]"
23:07:51.201 [pool-2-thread-26] DEBUG org.apache.http.wire -- http-outgoing-54 << "Connection: keep-alive[\r][\n]"
23:07:51.201 [pool-2-thread-26] DEBUG org.apache.http.wire -- http-outgoing-54 << "Keep-Alive: timeout=5[\r][\n]"
23:07:51.201 [pool-2-thread-26] DEBUG org.apache.http.wire -- http-outgoing-54 << "[\r][\n]"
23:07:51.201 [pool-2-thread-26] DEBUG org.apache.http.wire -- http-outgoing-54 << "{"access_token":"eyJhbGciOiJIUzI1NiIsInR5cCI6IkpXVCJ9.eyJzdWIiOiI5YTI2OTc2Yy0xNTMyLTRkZjMtYTE2ZS03NjMxNTI1Yzg1MDIiLCJ1c2VybmFtZSI6ImpvaG5kb2UyZDUiLCJyb2xlIjowLCJpYXQiOjE3NTA2MDg0NzAsImV4cCI6MTc1MDYxMjA3MH0.2V2l_XPH3Rk_3eYl2Xykh52bZOOt2IT2ChzVvNcFm90","refresh_token":"59b54f432e2f26acb1caddfaefae7b1c8514f643d036f97f5c9d57d93b20769c","user":{"id":"9a26976c-1532-4df3-a16e-7631525c8502","email":"testit4@gmail.com","username":"johndoe2d5","name":"John Doe","phoneNumber":"0123456212","profilePic":null,"bio":null,"private":false,"verified":false,"role":0,"followersCount":0,"followingCount":0,"postCount":0}}"
23:07:51.201 [pool-2-thread-26] DEBUG org.apache.http.headers -- http-outgoing-54 << HTTP/1.1 200 OK
23:07:51.201 [pool-2-thread-26] DEBUG org.apache.http.headers -- http-outgoing-54 << X-Powered-By: Express
23:07:51.201 [pool-2-thread-26] DEBUG org.apache.http.headers -- http-outgoing-54 << Access-Control-Allow-Origin: *
23:07:51.201 [pool-2-thread-26] DEBUG org.apache.http.headers -- http-outgoing-54 << Content-Type: application/json; charset=utf-8
23:07:51.201 [pool-2-thread-26] DEBUG org.apache.http.headers -- http-outgoing-54 << Content-Length: 607
23:07:51.201 [pool-2-thread-26] DEBUG org.apache.http.headers -- http-outgoing-54 << ETag: W/"25f-/uR9WHigyxXgwX+YfTjmOOY57GI"
23:07:51.201 [pool-2-thread-26] DEBUG org.apache.http.headers -- http-outgoing-54 << Date: Sun, 22 Jun 2025 16:07:51 GMT
23:07:51.201 [pool-2-thread-26] DEBUG org.apache.http.headers -- http-outgoing-54 << Connection: keep-alive
23:07:51.201 [pool-2-thread-26] DEBUG org.apache.http.headers -- http-outgoing-54 << Keep-Alive: timeout=5
23:07:51.201 [pool-2-thread-26] DEBUG org.apache.http.impl.execchain.MainClientExec -- Connection can be kept alive for 5000 MILLISECONDS
23:07:51.202 [pool-2-thread-26] DEBUG org.apache.http.impl.conn.PoolingHttpClientConnectionManager -- Connection [id: 54][route: {}->http://localhost:3000] can be kept alive for 5.0 seconds
23:07:51.202 [pool-2-thread-26] DEBUG org.apache.http.impl.conn.DefaultManagedHttpClientConnection -- http-outgoing-54: set socket timeout to 0
23:07:51.202 [pool-2-thread-26] DEBUG org.apache.http.impl.conn.PoolingHttpClientConnectionManager -- Connection released: [id: 54][route: {}->http://localhost:3000][total available: 1; route allocated: 1 of 5; total allocated: 1 of 10]
23:07:51.202 [pool-2-thread-26] DEBUG org.apache.http.impl.conn.PoolingHttpClientConnectionManager -- Connection manager is shutting down
23:07:51.202 [pool-2-thread-26] DEBUG org.apache.http.impl.conn.DefaultManagedHttpClientConnection -- http-outgoing-54: Close connection
23:07:51.202 [pool-2-thread-26] DEBUG org.apache.http.impl.conn.PoolingHttpClientConnectionManager -- Connection manager shut down
23:07:51.202 [pool-2-thread-26] DEBUG com.intuit.karate -- response time in milliseconds: 2022
3 < 200
3 < X-Powered-By: Express
3 < Access-Control-Allow-Origin: *
3 < Content-Type: application/json; charset=utf-8
3 < Content-Length: 607
3 < ETag: W/"25f-/uR9WHigyxXgwX+YfTjmOOY57GI"
3 < Date: Sun, 22 Jun 2025 16:07:51 GMT
3 < Connection: keep-alive
3 < Keep-Alive: timeout=5
{"access_token":"eyJhbGciOiJIUzI1NiIsInR5cCI6IkpXVCJ9.eyJzdWIiOiI5YTI2OTc2Yy0xNTMyLTRkZjMtYTE2ZS03NjMxNTI1Yzg1MDIiLCJ1c2VybmFtZSI6ImpvaG5kb2UyZDUiLCJyb2xlIjowLCJpYXQiOjE3NTA2MDg0NzAsImV4cCI6MTc1MDYxMjA3MH0.2V2l_XPH3Rk_3eYl2Xykh52bZOOt2IT2ChzVvNcFm90","refresh_token":"59b54f432e2f26acb1caddfaefae7b1c8514f643d036f97f5c9d57d93b20769c","user":{"id":"9a26976c-1532-4df3-a16e-7631525c8502","email":"testit4@gmail.com","username":"johndoe2d5","name":"John Doe","phoneNumber":"0123456212","profilePic":null,"bio":null,"private":false,"verified":false,"role":0,"followersCount":0,"followingCount":0,"postCount":0}}

23:07:51.203 [pool-2-thread-26] INFO com.intuit.karate -- [print] Call 3 completed, status: 200 
23:07:51.204 [pool-2-thread-26] INFO com.intuit.karate -- [print] *** API CALL 4 *** 
23:07:51.205 [pool-2-thread-26] DEBUG org.apache.http.client.protocol.RequestAddCookies -- CookieSpec selected: karate
23:07:51.205 [pool-2-thread-26] DEBUG org.apache.http.client.protocol.RequestAuthCache -- Auth cache not set in the context
23:07:51.205 [pool-2-thread-26] DEBUG com.intuit.karate -- request:
4 > POST http://localhost:3000/auth/login
4 > Content-Type: application/json; charset=UTF-8
4 > Content-Length: 54
4 > Host: localhost:3000
4 > Connection: Keep-Alive
4 > User-Agent: Apache-HttpClient/4.5.14 (Java/17.0.9)
4 > Accept-Encoding: gzip,deflate
{"email":"testit4@gmail.com","password":"Password123"}

23:07:51.205 [pool-2-thread-26] DEBUG org.apache.http.impl.conn.PoolingHttpClientConnectionManager -- Connection request: [route: {}->http://localhost:3000][total available: 0; route allocated: 0 of 5; total allocated: 0 of 10]
23:07:51.205 [pool-2-thread-26] DEBUG org.apache.http.impl.conn.PoolingHttpClientConnectionManager -- Connection leased: [id: 75][route: {}->http://localhost:3000][total available: 0; route allocated: 1 of 5; total allocated: 1 of 10]
23:07:51.205 [pool-2-thread-26] DEBUG org.apache.http.impl.execchain.MainClientExec -- Opening connection {}->http://localhost:3000
23:07:51.205 [pool-2-thread-26] DEBUG org.apache.http.impl.conn.DefaultHttpClientConnectionOperator -- Connecting to localhost/127.0.0.1:3000
23:07:51.205 [pool-2-thread-26] DEBUG org.apache.http.impl.conn.DefaultHttpClientConnectionOperator -- Connection established 127.0.0.1:52736<->127.0.0.1:3000
23:07:51.205 [pool-2-thread-26] DEBUG org.apache.http.impl.conn.DefaultManagedHttpClientConnection -- http-outgoing-75: set socket timeout to 30000
23:07:51.205 [pool-2-thread-26] DEBUG org.apache.http.impl.execchain.MainClientExec -- Executing request POST /auth/login HTTP/1.1
23:07:51.205 [pool-2-thread-26] DEBUG org.apache.http.impl.execchain.MainClientExec -- Target auth state: UNCHALLENGED
23:07:51.205 [pool-2-thread-26] DEBUG org.apache.http.impl.execchain.MainClientExec -- Proxy auth state: UNCHALLENGED
23:07:51.205 [pool-2-thread-26] DEBUG org.apache.http.headers -- http-outgoing-75 >> POST /auth/login HTTP/1.1
23:07:51.205 [pool-2-thread-26] DEBUG org.apache.http.headers -- http-outgoing-75 >> Content-Type: application/json; charset=UTF-8
23:07:51.205 [pool-2-thread-26] DEBUG org.apache.http.headers -- http-outgoing-75 >> Content-Length: 54
23:07:51.205 [pool-2-thread-26] DEBUG org.apache.http.headers -- http-outgoing-75 >> Host: localhost:3000
23:07:51.206 [pool-2-thread-26] DEBUG org.apache.http.headers -- http-outgoing-75 >> Connection: Keep-Alive
23:07:51.206 [pool-2-thread-26] DEBUG org.apache.http.headers -- http-outgoing-75 >> User-Agent: Apache-HttpClient/4.5.14 (Java/17.0.9)
23:07:51.206 [pool-2-thread-26] DEBUG org.apache.http.headers -- http-outgoing-75 >> Accept-Encoding: gzip,deflate
23:07:51.206 [pool-2-thread-26] DEBUG org.apache.http.wire -- http-outgoing-75 >> "POST /auth/login HTTP/1.1[\r][\n]"
23:07:51.206 [pool-2-thread-26] DEBUG org.apache.http.wire -- http-outgoing-75 >> "Content-Type: application/json; charset=UTF-8[\r][\n]"
23:07:51.206 [pool-2-thread-26] DEBUG org.apache.http.wire -- http-outgoing-75 >> "Content-Length: 54[\r][\n]"
23:07:51.206 [pool-2-thread-26] DEBUG org.apache.http.wire -- http-outgoing-75 >> "Host: localhost:3000[\r][\n]"
23:07:51.206 [pool-2-thread-26] DEBUG org.apache.http.wire -- http-outgoing-75 >> "Connection: Keep-Alive[\r][\n]"
23:07:51.206 [pool-2-thread-26] DEBUG org.apache.http.wire -- http-outgoing-75 >> "User-Agent: Apache-HttpClient/4.5.14 (Java/17.0.9)[\r][\n]"
23:07:51.206 [pool-2-thread-26] DEBUG org.apache.http.wire -- http-outgoing-75 >> "Accept-Encoding: gzip,deflate[\r][\n]"
23:07:51.206 [pool-2-thread-26] DEBUG org.apache.http.wire -- http-outgoing-75 >> "[\r][\n]"
23:07:51.206 [pool-2-thread-26] DEBUG org.apache.http.wire -- http-outgoing-75 >> "{"email":"testit4@gmail.com","password":"Password123"}"
23:07:51.208 [pool-2-thread-4] DEBUG org.apache.http.wire -- http-outgoing-57 << "HTTP/1.1 200 OK[\r][\n]"
23:07:51.209 [pool-2-thread-4] DEBUG org.apache.http.wire -- http-outgoing-57 << "X-Powered-By: Express[\r][\n]"
23:07:51.209 [pool-2-thread-4] DEBUG org.apache.http.wire -- http-outgoing-57 << "Access-Control-Allow-Origin: *[\r][\n]"
23:07:51.209 [pool-2-thread-4] DEBUG org.apache.http.wire -- http-outgoing-57 << "Content-Type: application/json; charset=utf-8[\r][\n]"
23:07:51.209 [pool-2-thread-4] DEBUG org.apache.http.wire -- http-outgoing-57 << "Content-Length: 608[\r][\n]"
23:07:51.209 [pool-2-thread-4] DEBUG org.apache.http.wire -- http-outgoing-57 << "ETag: W/"260-dhmBpH1msBUeIGL3+m1oi+6Qft0"[\r][\n]"
23:07:51.209 [pool-2-thread-4] DEBUG org.apache.http.wire -- http-outgoing-57 << "Date: Sun, 22 Jun 2025 16:07:51 GMT[\r][\n]"
23:07:51.209 [pool-2-thread-4] DEBUG org.apache.http.wire -- http-outgoing-57 << "Connection: keep-alive[\r][\n]"
23:07:51.209 [pool-2-thread-4] DEBUG org.apache.http.wire -- http-outgoing-57 << "Keep-Alive: timeout=5[\r][\n]"
23:07:51.209 [pool-2-thread-4] DEBUG org.apache.http.wire -- http-outgoing-57 << "[\r][\n]"
23:07:51.209 [pool-2-thread-4] DEBUG org.apache.http.wire -- http-outgoing-57 << "{"access_token":"eyJhbGciOiJIUzI1NiIsInR5cCI6IkpXVCJ9.eyJzdWIiOiI4YTI0NzQ2MS01YzA0LTQyMWQtOThmNS1mYTljNzM0ZmFlYTUiLCJ1c2VybmFtZSI6ImphbmVzbWl0aCIsInJvbGUiOjAsImlhdCI6MTc1MDYwODQ3MCwiZXhwIjoxNzUwNjEyMDcwfQ.uVFnQPGK5bYIe6G5K2zFssfNa3RX4Hpfr8HLaMZ-nxY","refresh_token":"31d547171864d1eb0c7caa843dd487df63150f9b19e11cf0a1bacc44e9329d46","user":{"id":"8a247461-5c04-421d-98f5-fa9c734faea5","email":"test2@example.com","username":"janesmith","name":"Jane Smith","phoneNumber":"01234567890","profilePic":null,"bio":null,"private":false,"verified":false,"role":0,"followersCount":0,"followingCount":0,"postCount":0}}"
23:07:51.209 [pool-2-thread-4] DEBUG org.apache.http.headers -- http-outgoing-57 << HTTP/1.1 200 OK
23:07:51.209 [pool-2-thread-4] DEBUG org.apache.http.headers -- http-outgoing-57 << X-Powered-By: Express
23:07:51.209 [pool-2-thread-4] DEBUG org.apache.http.headers -- http-outgoing-57 << Access-Control-Allow-Origin: *
23:07:51.209 [pool-2-thread-4] DEBUG org.apache.http.headers -- http-outgoing-57 << Content-Type: application/json; charset=utf-8
23:07:51.209 [pool-2-thread-4] DEBUG org.apache.http.headers -- http-outgoing-57 << Content-Length: 608
23:07:51.209 [pool-2-thread-4] DEBUG org.apache.http.headers -- http-outgoing-57 << ETag: W/"260-dhmBpH1msBUeIGL3+m1oi+6Qft0"
23:07:51.209 [pool-2-thread-4] DEBUG org.apache.http.headers -- http-outgoing-57 << Date: Sun, 22 Jun 2025 16:07:51 GMT
23:07:51.209 [pool-2-thread-4] DEBUG org.apache.http.headers -- http-outgoing-57 << Connection: keep-alive
23:07:51.209 [pool-2-thread-4] DEBUG org.apache.http.headers -- http-outgoing-57 << Keep-Alive: timeout=5
23:07:51.209 [pool-2-thread-4] DEBUG org.apache.http.impl.execchain.MainClientExec -- Connection can be kept alive for 5000 MILLISECONDS
23:07:51.209 [pool-2-thread-4] DEBUG org.apache.http.impl.conn.PoolingHttpClientConnectionManager -- Connection [id: 57][route: {}->http://localhost:3000] can be kept alive for 5.0 seconds
23:07:51.209 [pool-2-thread-4] DEBUG org.apache.http.impl.conn.DefaultManagedHttpClientConnection -- http-outgoing-57: set socket timeout to 0
23:07:51.209 [pool-2-thread-4] DEBUG org.apache.http.impl.conn.PoolingHttpClientConnectionManager -- Connection released: [id: 57][route: {}->http://localhost:3000][total available: 1; route allocated: 1 of 5; total allocated: 1 of 10]
23:07:51.209 [pool-2-thread-4] DEBUG org.apache.http.impl.conn.PoolingHttpClientConnectionManager -- Connection manager is shutting down
23:07:51.209 [pool-2-thread-4] DEBUG org.apache.http.impl.conn.DefaultManagedHttpClientConnection -- http-outgoing-57: Close connection
23:07:51.209 [pool-2-thread-4] DEBUG org.apache.http.impl.conn.PoolingHttpClientConnectionManager -- Connection manager shut down
23:07:51.209 [pool-2-thread-4] DEBUG com.intuit.karate -- response time in milliseconds: 2015
2 < 200
2 < X-Powered-By: Express
2 < Access-Control-Allow-Origin: *
2 < Content-Type: application/json; charset=utf-8
2 < Content-Length: 608
2 < ETag: W/"260-dhmBpH1msBUeIGL3+m1oi+6Qft0"
2 < Date: Sun, 22 Jun 2025 16:07:51 GMT
2 < Connection: keep-alive
2 < Keep-Alive: timeout=5
{"access_token":"eyJhbGciOiJIUzI1NiIsInR5cCI6IkpXVCJ9.eyJzdWIiOiI4YTI0NzQ2MS01YzA0LTQyMWQtOThmNS1mYTljNzM0ZmFlYTUiLCJ1c2VybmFtZSI6ImphbmVzbWl0aCIsInJvbGUiOjAsImlhdCI6MTc1MDYwODQ3MCwiZXhwIjoxNzUwNjEyMDcwfQ.uVFnQPGK5bYIe6G5K2zFssfNa3RX4Hpfr8HLaMZ-nxY","refresh_token":"31d547171864d1eb0c7caa843dd487df63150f9b19e11cf0a1bacc44e9329d46","user":{"id":"8a247461-5c04-421d-98f5-fa9c734faea5","email":"test2@example.com","username":"janesmith","name":"Jane Smith","phoneNumber":"01234567890","profilePic":null,"bio":null,"private":false,"verified":false,"role":0,"followersCount":0,"followingCount":0,"postCount":0}}

23:07:51.211 [pool-2-thread-4] INFO com.intuit.karate -- [print] Call 2 completed, status: 200 
23:07:51.212 [pool-2-thread-4] INFO com.intuit.karate -- [print] *** API CALL 3 *** 
23:07:51.215 [pool-2-thread-4] DEBUG org.apache.http.client.protocol.RequestAddCookies -- CookieSpec selected: karate
23:07:51.215 [pool-2-thread-4] DEBUG org.apache.http.client.protocol.RequestAuthCache -- Auth cache not set in the context
23:07:51.215 [pool-2-thread-4] DEBUG com.intuit.karate -- request:
3 > POST http://localhost:3000/auth/login
3 > Content-Type: application/json; charset=UTF-8
3 > Content-Length: 54
3 > Host: localhost:3000
3 > Connection: Keep-Alive
3 > User-Agent: Apache-HttpClient/4.5.14 (Java/17.0.9)
3 > Accept-Encoding: gzip,deflate
{"email":"test2@example.com","password":"Password123"}

23:07:51.215 [pool-2-thread-4] DEBUG org.apache.http.impl.conn.PoolingHttpClientConnectionManager -- Connection request: [route: {}->http://localhost:3000][total available: 0; route allocated: 0 of 5; total allocated: 0 of 10]
23:07:51.215 [pool-2-thread-4] DEBUG org.apache.http.impl.conn.PoolingHttpClientConnectionManager -- Connection leased: [id: 76][route: {}->http://localhost:3000][total available: 0; route allocated: 1 of 5; total allocated: 1 of 10]
23:07:51.215 [pool-2-thread-4] DEBUG org.apache.http.impl.execchain.MainClientExec -- Opening connection {}->http://localhost:3000
23:07:51.215 [pool-2-thread-4] DEBUG org.apache.http.impl.conn.DefaultHttpClientConnectionOperator -- Connecting to localhost/127.0.0.1:3000
23:07:51.216 [pool-2-thread-4] DEBUG org.apache.http.impl.conn.DefaultHttpClientConnectionOperator -- Connection established 127.0.0.1:52737<->127.0.0.1:3000
23:07:51.216 [pool-2-thread-4] DEBUG org.apache.http.impl.conn.DefaultManagedHttpClientConnection -- http-outgoing-76: set socket timeout to 30000
23:07:51.216 [pool-2-thread-4] DEBUG org.apache.http.impl.execchain.MainClientExec -- Executing request POST /auth/login HTTP/1.1
23:07:51.216 [pool-2-thread-4] DEBUG org.apache.http.impl.execchain.MainClientExec -- Target auth state: UNCHALLENGED
23:07:51.216 [pool-2-thread-4] DEBUG org.apache.http.impl.execchain.MainClientExec -- Proxy auth state: UNCHALLENGED
23:07:51.216 [pool-2-thread-4] DEBUG org.apache.http.headers -- http-outgoing-76 >> POST /auth/login HTTP/1.1
23:07:51.216 [pool-2-thread-4] DEBUG org.apache.http.headers -- http-outgoing-76 >> Content-Type: application/json; charset=UTF-8
23:07:51.216 [pool-2-thread-4] DEBUG org.apache.http.headers -- http-outgoing-76 >> Content-Length: 54
23:07:51.216 [pool-2-thread-4] DEBUG org.apache.http.headers -- http-outgoing-76 >> Host: localhost:3000
23:07:51.216 [pool-2-thread-4] DEBUG org.apache.http.headers -- http-outgoing-76 >> Connection: Keep-Alive
23:07:51.216 [pool-2-thread-4] DEBUG org.apache.http.headers -- http-outgoing-76 >> User-Agent: Apache-HttpClient/4.5.14 (Java/17.0.9)
23:07:51.216 [pool-2-thread-4] DEBUG org.apache.http.headers -- http-outgoing-76 >> Accept-Encoding: gzip,deflate
23:07:51.216 [pool-2-thread-4] DEBUG org.apache.http.wire -- http-outgoing-76 >> "POST /auth/login HTTP/1.1[\r][\n]"
23:07:51.216 [pool-2-thread-4] DEBUG org.apache.http.wire -- http-outgoing-76 >> "Content-Type: application/json; charset=UTF-8[\r][\n]"
23:07:51.216 [pool-2-thread-4] DEBUG org.apache.http.wire -- http-outgoing-76 >> "Content-Length: 54[\r][\n]"
23:07:51.216 [pool-2-thread-4] DEBUG org.apache.http.wire -- http-outgoing-76 >> "Host: localhost:3000[\r][\n]"
23:07:51.216 [pool-2-thread-4] DEBUG org.apache.http.wire -- http-outgoing-76 >> "Connection: Keep-Alive[\r][\n]"
23:07:51.216 [pool-2-thread-4] DEBUG org.apache.http.wire -- http-outgoing-76 >> "User-Agent: Apache-HttpClient/4.5.14 (Java/17.0.9)[\r][\n]"
23:07:51.216 [pool-2-thread-4] DEBUG org.apache.http.wire -- http-outgoing-76 >> "Accept-Encoding: gzip,deflate[\r][\n]"
23:07:51.216 [pool-2-thread-4] DEBUG org.apache.http.wire -- http-outgoing-76 >> "[\r][\n]"
23:07:51.216 [pool-2-thread-4] DEBUG org.apache.http.wire -- http-outgoing-76 >> "{"email":"test2@example.com","password":"Password123"}"
23:07:51.222 [pool-2-thread-23] DEBUG org.apache.http.wire -- http-outgoing-56 << "HTTP/1.1 200 OK[\r][\n]"
23:07:51.222 [pool-2-thread-23] DEBUG org.apache.http.wire -- http-outgoing-56 << "X-Powered-By: Express[\r][\n]"
23:07:51.222 [pool-2-thread-23] DEBUG org.apache.http.wire -- http-outgoing-56 << "Access-Control-Allow-Origin: *[\r][\n]"
23:07:51.222 [pool-2-thread-23] DEBUG org.apache.http.wire -- http-outgoing-56 << "Content-Type: application/json; charset=utf-8[\r][\n]"
23:07:51.222 [pool-2-thread-23] DEBUG org.apache.http.wire -- http-outgoing-56 << "Content-Length: 599[\r][\n]"
23:07:51.222 [pool-2-thread-23] DEBUG org.apache.http.wire -- http-outgoing-56 << "ETag: W/"257-PCHSnFACmYHLOxqTedvf/2/xeb0"[\r][\n]"
23:07:51.222 [pool-2-thread-23] DEBUG org.apache.http.wire -- http-outgoing-56 << "Date: Sun, 22 Jun 2025 16:07:51 GMT[\r][\n]"
23:07:51.222 [pool-2-thread-23] DEBUG org.apache.http.wire -- http-outgoing-56 << "Connection: keep-alive[\r][\n]"
23:07:51.222 [pool-2-thread-23] DEBUG org.apache.http.wire -- http-outgoing-56 << "Keep-Alive: timeout=5[\r][\n]"
23:07:51.222 [pool-2-thread-23] DEBUG org.apache.http.wire -- http-outgoing-56 << "[\r][\n]"
23:07:51.222 [pool-2-thread-23] DEBUG org.apache.http.wire -- http-outgoing-56 << "{"access_token":"eyJhbGciOiJIUzI1NiIsInR5cCI6IkpXVCJ9.eyJzdWIiOiIyZGRhMDQzOS01MTgwLTQ1YWEtOTE3Zi1lNjMyZTQ1YThlNDEiLCJ1c2VybmFtZSI6ImpvaG5kb2UiLCJyb2xlIjowLCJpYXQiOjE3NTA2MDg0NzAsImV4cCI6MTc1MDYxMjA3MH0.uK2sf14SvCIXEMVtJsl0SudOibSSdk9pVspg5hHxZ1A","refresh_token":"2d0b195d21ed9695a74c5291a18031e605a7149254c6df586d46875407d94e8e","user":{"id":"2dda0439-5180-45aa-917f-e632e45a8e41","email":"test@example.com","username":"johndoe","name":"John Doe","phoneNumber":"0987654321","profilePic":null,"bio":null,"private":false,"verified":false,"role":0,"followersCount":0,"followingCount":0,"postCount":0}}"
23:07:51.223 [pool-2-thread-23] DEBUG org.apache.http.headers -- http-outgoing-56 << HTTP/1.1 200 OK
23:07:51.223 [pool-2-thread-23] DEBUG org.apache.http.headers -- http-outgoing-56 << X-Powered-By: Express
23:07:51.223 [pool-2-thread-23] DEBUG org.apache.http.headers -- http-outgoing-56 << Access-Control-Allow-Origin: *
23:07:51.223 [pool-2-thread-23] DEBUG org.apache.http.headers -- http-outgoing-56 << Content-Type: application/json; charset=utf-8
23:07:51.223 [pool-2-thread-23] DEBUG org.apache.http.headers -- http-outgoing-56 << Content-Length: 599
23:07:51.223 [pool-2-thread-23] DEBUG org.apache.http.headers -- http-outgoing-56 << ETag: W/"257-PCHSnFACmYHLOxqTedvf/2/xeb0"
23:07:51.223 [pool-2-thread-23] DEBUG org.apache.http.headers -- http-outgoing-56 << Date: Sun, 22 Jun 2025 16:07:51 GMT
23:07:51.223 [pool-2-thread-23] DEBUG org.apache.http.headers -- http-outgoing-56 << Connection: keep-alive
23:07:51.223 [pool-2-thread-23] DEBUG org.apache.http.headers -- http-outgoing-56 << Keep-Alive: timeout=5
23:07:51.223 [pool-2-thread-23] DEBUG org.apache.http.impl.execchain.MainClientExec -- Connection can be kept alive for 5000 MILLISECONDS
23:07:51.223 [pool-2-thread-23] DEBUG org.apache.http.impl.conn.PoolingHttpClientConnectionManager -- Connection [id: 56][route: {}->http://localhost:3000] can be kept alive for 5.0 seconds
23:07:51.223 [pool-2-thread-23] DEBUG org.apache.http.impl.conn.DefaultManagedHttpClientConnection -- http-outgoing-56: set socket timeout to 0
23:07:51.223 [pool-2-thread-23] DEBUG org.apache.http.impl.conn.PoolingHttpClientConnectionManager -- Connection released: [id: 56][route: {}->http://localhost:3000][total available: 1; route allocated: 1 of 5; total allocated: 1 of 10]
23:07:51.223 [pool-2-thread-23] DEBUG org.apache.http.impl.conn.PoolingHttpClientConnectionManager -- Connection manager is shutting down
23:07:51.224 [pool-2-thread-23] DEBUG org.apache.http.impl.conn.DefaultManagedHttpClientConnection -- http-outgoing-56: Close connection
23:07:51.224 [pool-2-thread-23] DEBUG org.apache.http.impl.conn.PoolingHttpClientConnectionManager -- Connection manager shut down
23:07:51.224 [pool-2-thread-23] DEBUG com.intuit.karate -- response time in milliseconds: 2039
2 < 200
2 < X-Powered-By: Express
2 < Access-Control-Allow-Origin: *
2 < Content-Type: application/json; charset=utf-8
2 < Content-Length: 599
2 < ETag: W/"257-PCHSnFACmYHLOxqTedvf/2/xeb0"
2 < Date: Sun, 22 Jun 2025 16:07:51 GMT
2 < Connection: keep-alive
2 < Keep-Alive: timeout=5
{"access_token":"eyJhbGciOiJIUzI1NiIsInR5cCI6IkpXVCJ9.eyJzdWIiOiIyZGRhMDQzOS01MTgwLTQ1YWEtOTE3Zi1lNjMyZTQ1YThlNDEiLCJ1c2VybmFtZSI6ImpvaG5kb2UiLCJyb2xlIjowLCJpYXQiOjE3NTA2MDg0NzAsImV4cCI6MTc1MDYxMjA3MH0.uK2sf14SvCIXEMVtJsl0SudOibSSdk9pVspg5hHxZ1A","refresh_token":"2d0b195d21ed9695a74c5291a18031e605a7149254c6df586d46875407d94e8e","user":{"id":"2dda0439-5180-45aa-917f-e632e45a8e41","email":"test@example.com","username":"johndoe","name":"John Doe","phoneNumber":"0987654321","profilePic":null,"bio":null,"private":false,"verified":false,"role":0,"followersCount":0,"followingCount":0,"postCount":0}}

23:07:51.226 [pool-2-thread-23] INFO com.intuit.karate -- [print] Call 2 completed, status: 200 
23:07:51.228 [pool-2-thread-23] INFO com.intuit.karate -- [print] *** API CALL 3 *** 
23:07:51.233 [pool-2-thread-23] DEBUG org.apache.http.client.protocol.RequestAddCookies -- CookieSpec selected: karate
23:07:51.233 [pool-2-thread-23] DEBUG org.apache.http.client.protocol.RequestAuthCache -- Auth cache not set in the context
23:07:51.233 [pool-2-thread-23] DEBUG com.intuit.karate -- request:
3 > POST http://localhost:3000/auth/login
3 > Content-Type: application/json; charset=UTF-8
3 > Content-Length: 53
3 > Host: localhost:3000
3 > Connection: Keep-Alive
3 > User-Agent: Apache-HttpClient/4.5.14 (Java/17.0.9)
3 > Accept-Encoding: gzip,deflate
{"email":"test@example.com","password":"Password123"}

23:07:51.233 [pool-2-thread-23] DEBUG org.apache.http.impl.conn.PoolingHttpClientConnectionManager -- Connection request: [route: {}->http://localhost:3000][total available: 0; route allocated: 0 of 5; total allocated: 0 of 10]
23:07:51.233 [pool-2-thread-23] DEBUG org.apache.http.impl.conn.PoolingHttpClientConnectionManager -- Connection leased: [id: 77][route: {}->http://localhost:3000][total available: 0; route allocated: 1 of 5; total allocated: 1 of 10]
23:07:51.233 [pool-2-thread-23] DEBUG org.apache.http.impl.execchain.MainClientExec -- Opening connection {}->http://localhost:3000
23:07:51.234 [pool-2-thread-23] DEBUG org.apache.http.impl.conn.DefaultHttpClientConnectionOperator -- Connecting to localhost/127.0.0.1:3000
23:07:51.234 [pool-2-thread-23] DEBUG org.apache.http.impl.conn.DefaultHttpClientConnectionOperator -- Connection established 127.0.0.1:52738<->127.0.0.1:3000
23:07:51.235 [pool-2-thread-23] DEBUG org.apache.http.impl.conn.DefaultManagedHttpClientConnection -- http-outgoing-77: set socket timeout to 30000
23:07:51.235 [pool-2-thread-23] DEBUG org.apache.http.impl.execchain.MainClientExec -- Executing request POST /auth/login HTTP/1.1
23:07:51.235 [pool-2-thread-23] DEBUG org.apache.http.impl.execchain.MainClientExec -- Target auth state: UNCHALLENGED
23:07:51.235 [pool-2-thread-23] DEBUG org.apache.http.impl.execchain.MainClientExec -- Proxy auth state: UNCHALLENGED
23:07:51.235 [pool-2-thread-23] DEBUG org.apache.http.headers -- http-outgoing-77 >> POST /auth/login HTTP/1.1
23:07:51.235 [pool-2-thread-23] DEBUG org.apache.http.headers -- http-outgoing-77 >> Content-Type: application/json; charset=UTF-8
23:07:51.235 [pool-2-thread-23] DEBUG org.apache.http.headers -- http-outgoing-77 >> Content-Length: 53
23:07:51.235 [pool-2-thread-23] DEBUG org.apache.http.headers -- http-outgoing-77 >> Host: localhost:3000
23:07:51.235 [pool-2-thread-23] DEBUG org.apache.http.headers -- http-outgoing-77 >> Connection: Keep-Alive
23:07:51.235 [pool-2-thread-23] DEBUG org.apache.http.headers -- http-outgoing-77 >> User-Agent: Apache-HttpClient/4.5.14 (Java/17.0.9)
23:07:51.235 [pool-2-thread-23] DEBUG org.apache.http.headers -- http-outgoing-77 >> Accept-Encoding: gzip,deflate
23:07:51.235 [pool-2-thread-23] DEBUG org.apache.http.wire -- http-outgoing-77 >> "POST /auth/login HTTP/1.1[\r][\n]"
23:07:51.235 [pool-2-thread-23] DEBUG org.apache.http.wire -- http-outgoing-77 >> "Content-Type: application/json; charset=UTF-8[\r][\n]"
23:07:51.235 [pool-2-thread-23] DEBUG org.apache.http.wire -- http-outgoing-77 >> "Content-Length: 53[\r][\n]"
23:07:51.235 [pool-2-thread-23] DEBUG org.apache.http.wire -- http-outgoing-77 >> "Host: localhost:3000[\r][\n]"
23:07:51.235 [pool-2-thread-23] DEBUG org.apache.http.wire -- http-outgoing-77 >> "Connection: Keep-Alive[\r][\n]"
23:07:51.235 [pool-2-thread-23] DEBUG org.apache.http.wire -- http-outgoing-77 >> "User-Agent: Apache-HttpClient/4.5.14 (Java/17.0.9)[\r][\n]"
23:07:51.235 [pool-2-thread-23] DEBUG org.apache.http.wire -- http-outgoing-77 >> "Accept-Encoding: gzip,deflate[\r][\n]"
23:07:51.235 [pool-2-thread-23] DEBUG org.apache.http.wire -- http-outgoing-77 >> "[\r][\n]"
23:07:51.235 [pool-2-thread-23] DEBUG org.apache.http.wire -- http-outgoing-77 >> "{"email":"test@example.com","password":"Password123"}"
23:07:51.261 [pool-2-thread-5] DEBUG org.apache.http.wire -- http-outgoing-59 << "HTTP/1.1 200 OK[\r][\n]"
23:07:51.261 [pool-2-thread-5] DEBUG org.apache.http.wire -- http-outgoing-59 << "X-Powered-By: Express[\r][\n]"
23:07:51.261 [pool-2-thread-5] DEBUG org.apache.http.wire -- http-outgoing-59 << "Access-Control-Allow-Origin: *[\r][\n]"
23:07:51.261 [pool-2-thread-5] DEBUG org.apache.http.wire -- http-outgoing-59 << "Content-Type: application/json; charset=utf-8[\r][\n]"
23:07:51.261 [pool-2-thread-5] DEBUG org.apache.http.wire -- http-outgoing-59 << "Content-Length: 607[\r][\n]"
23:07:51.261 [pool-2-thread-5] DEBUG org.apache.http.wire -- http-outgoing-59 << "ETag: W/"25f-CDdjGX5PaIPprk4BlT92jSIsUN0"[\r][\n]"
23:07:51.261 [pool-2-thread-5] DEBUG org.apache.http.wire -- http-outgoing-59 << "Date: Sun, 22 Jun 2025 16:07:51 GMT[\r][\n]"
23:07:51.261 [pool-2-thread-5] DEBUG org.apache.http.wire -- http-outgoing-59 << "Connection: keep-alive[\r][\n]"
23:07:51.261 [pool-2-thread-5] DEBUG org.apache.http.wire -- http-outgoing-59 << "Keep-Alive: timeout=5[\r][\n]"
23:07:51.261 [pool-2-thread-5] DEBUG org.apache.http.wire -- http-outgoing-59 << "[\r][\n]"
23:07:51.261 [pool-2-thread-5] DEBUG org.apache.http.wire -- http-outgoing-59 << "{"access_token":"eyJhbGciOiJIUzI1NiIsInR5cCI6IkpXVCJ9.eyJzdWIiOiJjMjE0MjJkZi1jY2VjLTQ0MGUtOWE0Mi1jMWI4MmFiZjczM2QiLCJ1c2VybmFtZSI6ImpvaG5kb2UyOCIsInJvbGUiOjAsImlhdCI6MTc1MDYwODQ3MCwiZXhwIjoxNzUwNjEyMDcwfQ.kRKvjx3QODu_-v6YZVnFpxECxoCw8iushZgEErxpmaY","refresh_token":"a3e39a18e54803bbd70d2ede62e44f28a9e68a4a8bd71ae8e6d915dc1bfb4c4f","user":{"id":"c21422df-ccec-440e-9a42-c1b82abf733d","email":"test28@example.com","username":"johndoe28","name":"John Doe","phoneNumber":"84987654321","profilePic":null,"bio":null,"private":false,"verified":false,"role":0,"followersCount":0,"followingCount":0,"postCount":0}}"
23:07:51.261 [pool-2-thread-5] DEBUG org.apache.http.headers -- http-outgoing-59 << HTTP/1.1 200 OK
23:07:51.261 [pool-2-thread-5] DEBUG org.apache.http.headers -- http-outgoing-59 << X-Powered-By: Express
23:07:51.261 [pool-2-thread-5] DEBUG org.apache.http.headers -- http-outgoing-59 << Access-Control-Allow-Origin: *
23:07:51.261 [pool-2-thread-5] DEBUG org.apache.http.headers -- http-outgoing-59 << Content-Type: application/json; charset=utf-8
23:07:51.261 [pool-2-thread-5] DEBUG org.apache.http.headers -- http-outgoing-59 << Content-Length: 607
23:07:51.261 [pool-2-thread-5] DEBUG org.apache.http.headers -- http-outgoing-59 << ETag: W/"25f-CDdjGX5PaIPprk4BlT92jSIsUN0"
23:07:51.261 [pool-2-thread-5] DEBUG org.apache.http.headers -- http-outgoing-59 << Date: Sun, 22 Jun 2025 16:07:51 GMT
23:07:51.261 [pool-2-thread-5] DEBUG org.apache.http.headers -- http-outgoing-59 << Connection: keep-alive
23:07:51.261 [pool-2-thread-5] DEBUG org.apache.http.headers -- http-outgoing-59 << Keep-Alive: timeout=5
23:07:51.261 [pool-2-thread-21] DEBUG org.apache.http.wire -- http-outgoing-58 << "HTTP/1.1 200 OK[\r][\n]"
23:07:51.261 [pool-2-thread-21] DEBUG org.apache.http.wire -- http-outgoing-58 << "X-Powered-By: Express[\r][\n]"
23:07:51.261 [pool-2-thread-5] DEBUG org.apache.http.impl.execchain.MainClientExec -- Connection can be kept alive for 5000 MILLISECONDS
23:07:51.261 [pool-2-thread-21] DEBUG org.apache.http.wire -- http-outgoing-58 << "Access-Control-Allow-Origin: *[\r][\n]"
23:07:51.261 [pool-2-thread-21] DEBUG org.apache.http.wire -- http-outgoing-58 << "Content-Type: application/json; charset=utf-8[\r][\n]"
23:07:51.261 [pool-2-thread-21] DEBUG org.apache.http.wire -- http-outgoing-58 << "Content-Length: 708[\r][\n]"
23:07:51.261 [pool-2-thread-21] DEBUG org.apache.http.wire -- http-outgoing-58 << "ETag: W/"2c4-g6P3TzH/kysFQL+5KCjV7xeXNEw"[\r][\n]"
23:07:51.261 [pool-2-thread-21] DEBUG org.apache.http.wire -- http-outgoing-58 << "Date: Sun, 22 Jun 2025 16:07:51 GMT[\r][\n]"
23:07:51.261 [pool-2-thread-21] DEBUG org.apache.http.wire -- http-outgoing-58 << "Connection: keep-alive[\r][\n]"
23:07:51.261 [pool-2-thread-21] DEBUG org.apache.http.wire -- http-outgoing-58 << "Keep-Alive: timeout=5[\r][\n]"
23:07:51.261 [pool-2-thread-21] DEBUG org.apache.http.wire -- http-outgoing-58 << "[\r][\n]"
23:07:51.261 [pool-2-thread-21] DEBUG org.apache.http.wire -- http-outgoing-58 << "{"access_token":"eyJhbGciOiJIUzI1NiIsInR5cCI6IkpXVCJ9.eyJzdWIiOiIwODUxNWIwNS0yZDNlLTQ3ODktYWQ2MC1kYjM1NTI1YTQ5NzAiLCJ1c2VybmFtZSI6Im5hbSIsInJvbGUiOjAsImlhdCI6MTc1MDYwODQ3MCwiZXhwIjoxNzUwNjEyMDcwfQ.YQtJzJ603udMdqU16oekn0zWTUyAPI-R99Ml1es-UJw","refresh_token":"f12a03a4f3ef233b0dd61f519cf6cee98eee5d57c95c64856201aa0877ff37eb","user":{"id":"08515b05-2d3e-4789-ad60-db35525a4970","email":"nam@gmail.com","username":"nam","name":"nam","phoneNumber":"0123456789","profilePic":"https://res.cloudinary.com/dizcvrefo/image/upload/v1749266646/nestjs_uploads/zk9zrpeidnovxibfqdxr.png","bio":"Chu tich hoi dong Quan tri 1","private":false,"verified":false,"role":0,"followersCount":2,"followingCount":2,"postCount":13}}"
23:07:51.261 [pool-2-thread-21] DEBUG org.apache.http.headers -- http-outgoing-58 << HTTP/1.1 200 OK
23:07:51.261 [pool-2-thread-5] DEBUG org.apache.http.impl.conn.PoolingHttpClientConnectionManager -- Connection [id: 59][route: {}->http://localhost:3000] can be kept alive for 5.0 seconds
23:07:51.261 [pool-2-thread-21] DEBUG org.apache.http.headers -- http-outgoing-58 << X-Powered-By: Express
23:07:51.261 [pool-2-thread-5] DEBUG org.apache.http.impl.conn.DefaultManagedHttpClientConnection -- http-outgoing-59: set socket timeout to 0
23:07:51.261 [pool-2-thread-21] DEBUG org.apache.http.headers -- http-outgoing-58 << Access-Control-Allow-Origin: *
23:07:51.261 [pool-2-thread-21] DEBUG org.apache.http.headers -- http-outgoing-58 << Content-Type: application/json; charset=utf-8
23:07:51.261 [pool-2-thread-21] DEBUG org.apache.http.headers -- http-outgoing-58 << Content-Length: 708
23:07:51.261 [pool-2-thread-21] DEBUG org.apache.http.headers -- http-outgoing-58 << ETag: W/"2c4-g6P3TzH/kysFQL+5KCjV7xeXNEw"
23:07:51.261 [pool-2-thread-21] DEBUG org.apache.http.headers -- http-outgoing-58 << Date: Sun, 22 Jun 2025 16:07:51 GMT
23:07:51.261 [pool-2-thread-21] DEBUG org.apache.http.headers -- http-outgoing-58 << Connection: keep-alive
23:07:51.261 [pool-2-thread-21] DEBUG org.apache.http.headers -- http-outgoing-58 << Keep-Alive: timeout=5
23:07:51.261 [pool-2-thread-5] DEBUG org.apache.http.impl.conn.PoolingHttpClientConnectionManager -- Connection released: [id: 59][route: {}->http://localhost:3000][total available: 1; route allocated: 1 of 5; total allocated: 1 of 10]
23:07:51.261 [pool-2-thread-5] DEBUG org.apache.http.impl.conn.PoolingHttpClientConnectionManager -- Connection manager is shutting down
23:07:51.262 [pool-2-thread-5] DEBUG org.apache.http.impl.conn.DefaultManagedHttpClientConnection -- http-outgoing-59: Close connection
23:07:51.262 [pool-2-thread-21] DEBUG org.apache.http.impl.execchain.MainClientExec -- Connection can be kept alive for 5000 MILLISECONDS
23:07:51.262 [pool-2-thread-5] DEBUG org.apache.http.impl.conn.PoolingHttpClientConnectionManager -- Connection manager shut down
23:07:51.262 [pool-2-thread-21] DEBUG org.apache.http.impl.conn.PoolingHttpClientConnectionManager -- Connection [id: 58][route: {}->http://localhost:3000] can be kept alive for 5.0 seconds
23:07:51.262 [pool-2-thread-21] DEBUG org.apache.http.impl.conn.DefaultManagedHttpClientConnection -- http-outgoing-58: set socket timeout to 0
23:07:51.262 [pool-2-thread-21] DEBUG org.apache.http.impl.conn.PoolingHttpClientConnectionManager -- Connection released: [id: 58][route: {}->http://localhost:3000][total available: 1; route allocated: 1 of 5; total allocated: 1 of 10]
23:07:51.262 [pool-2-thread-21] DEBUG org.apache.http.impl.conn.PoolingHttpClientConnectionManager -- Connection manager is shutting down
23:07:51.262 [pool-2-thread-21] DEBUG org.apache.http.impl.conn.DefaultManagedHttpClientConnection -- http-outgoing-58: Close connection
23:07:51.262 [pool-2-thread-5] DEBUG com.intuit.karate -- response time in milliseconds: 1990
3 < 200
3 < X-Powered-By: Express
3 < Access-Control-Allow-Origin: *
3 < Content-Type: application/json; charset=utf-8
3 < Content-Length: 607
3 < ETag: W/"25f-CDdjGX5PaIPprk4BlT92jSIsUN0"
3 < Date: Sun, 22 Jun 2025 16:07:51 GMT
3 < Connection: keep-alive
3 < Keep-Alive: timeout=5
{"access_token":"eyJhbGciOiJIUzI1NiIsInR5cCI6IkpXVCJ9.eyJzdWIiOiJjMjE0MjJkZi1jY2VjLTQ0MGUtOWE0Mi1jMWI4MmFiZjczM2QiLCJ1c2VybmFtZSI6ImpvaG5kb2UyOCIsInJvbGUiOjAsImlhdCI6MTc1MDYwODQ3MCwiZXhwIjoxNzUwNjEyMDcwfQ.kRKvjx3QODu_-v6YZVnFpxECxoCw8iushZgEErxpmaY","refresh_token":"a3e39a18e54803bbd70d2ede62e44f28a9e68a4a8bd71ae8e6d915dc1bfb4c4f","user":{"id":"c21422df-ccec-440e-9a42-c1b82abf733d","email":"test28@example.com","username":"johndoe28","name":"John Doe","phoneNumber":"84987654321","profilePic":null,"bio":null,"private":false,"verified":false,"role":0,"followersCount":0,"followingCount":0,"postCount":0}}

23:07:51.262 [pool-2-thread-21] DEBUG org.apache.http.impl.conn.PoolingHttpClientConnectionManager -- Connection manager shut down
23:07:51.262 [pool-2-thread-21] DEBUG com.intuit.karate -- response time in milliseconds: 2030
3 < 200
3 < X-Powered-By: Express
3 < Access-Control-Allow-Origin: *
3 < Content-Type: application/json; charset=utf-8
3 < Content-Length: 708
3 < ETag: W/"2c4-g6P3TzH/kysFQL+5KCjV7xeXNEw"
3 < Date: Sun, 22 Jun 2025 16:07:51 GMT
3 < Connection: keep-alive
3 < Keep-Alive: timeout=5
{"access_token":"eyJhbGciOiJIUzI1NiIsInR5cCI6IkpXVCJ9.eyJzdWIiOiIwODUxNWIwNS0yZDNlLTQ3ODktYWQ2MC1kYjM1NTI1YTQ5NzAiLCJ1c2VybmFtZSI6Im5hbSIsInJvbGUiOjAsImlhdCI6MTc1MDYwODQ3MCwiZXhwIjoxNzUwNjEyMDcwfQ.YQtJzJ603udMdqU16oekn0zWTUyAPI-R99Ml1es-UJw","refresh_token":"f12a03a4f3ef233b0dd61f519cf6cee98eee5d57c95c64856201aa0877ff37eb","user":{"id":"08515b05-2d3e-4789-ad60-db35525a4970","email":"nam@gmail.com","username":"nam","name":"nam","phoneNumber":"0123456789","profilePic":"https://res.cloudinary.com/dizcvrefo/image/upload/v1749266646/nestjs_uploads/zk9zrpeidnovxibfqdxr.png","bio":"Chu tich hoi dong Quan tri 1","private":false,"verified":false,"role":0,"followersCount":2,"followingCount":2,"postCount":13}}

23:07:51.263 [pool-2-thread-5] INFO com.intuit.karate -- [print] Call 3 completed, status: 200 
23:07:51.263 [pool-2-thread-21] INFO com.intuit.karate -- [print] Call 3 completed, status: 200 
23:07:51.263 [pool-2-thread-21] INFO com.intuit.karate -- [print] *** API CALL 4 *** 
23:07:51.263 [pool-2-thread-5] INFO com.intuit.karate -- [print] *** API CALL 4 *** 
23:07:51.264 [pool-2-thread-5] DEBUG org.apache.http.client.protocol.RequestAddCookies -- CookieSpec selected: karate
23:07:51.264 [pool-2-thread-21] DEBUG org.apache.http.client.protocol.RequestAddCookies -- CookieSpec selected: karate
23:07:51.264 [pool-2-thread-5] DEBUG org.apache.http.client.protocol.RequestAuthCache -- Auth cache not set in the context
23:07:51.264 [pool-2-thread-21] DEBUG org.apache.http.client.protocol.RequestAuthCache -- Auth cache not set in the context
23:07:51.264 [pool-2-thread-5] DEBUG com.intuit.karate -- request:
4 > POST http://localhost:3000/auth/login
4 > Content-Type: application/json; charset=UTF-8
4 > Content-Length: 55
4 > Host: localhost:3000
4 > Connection: Keep-Alive
4 > User-Agent: Apache-HttpClient/4.5.14 (Java/17.0.9)
4 > Accept-Encoding: gzip,deflate
{"email":"test28@example.com","password":"Password123"}

23:07:51.264 [pool-2-thread-21] DEBUG com.intuit.karate -- request:
4 > POST http://localhost:3000/auth/login
4 > Content-Type: application/json; charset=UTF-8
4 > Content-Length: 45
4 > Host: localhost:3000
4 > Connection: Keep-Alive
4 > User-Agent: Apache-HttpClient/4.5.14 (Java/17.0.9)
4 > Accept-Encoding: gzip,deflate
{"email":"nam@gmail.com","password":"123456"}

23:07:51.264 [pool-2-thread-5] DEBUG org.apache.http.impl.conn.PoolingHttpClientConnectionManager -- Connection request: [route: {}->http://localhost:3000][total available: 0; route allocated: 0 of 5; total allocated: 0 of 10]
23:07:51.264 [pool-2-thread-21] DEBUG org.apache.http.impl.conn.PoolingHttpClientConnectionManager -- Connection request: [route: {}->http://localhost:3000][total available: 0; route allocated: 0 of 5; total allocated: 0 of 10]
23:07:51.264 [pool-2-thread-5] DEBUG org.apache.http.impl.conn.PoolingHttpClientConnectionManager -- Connection leased: [id: 78][route: {}->http://localhost:3000][total available: 0; route allocated: 1 of 5; total allocated: 1 of 10]
23:07:51.264 [pool-2-thread-21] DEBUG org.apache.http.impl.conn.PoolingHttpClientConnectionManager -- Connection leased: [id: 79][route: {}->http://localhost:3000][total available: 0; route allocated: 1 of 5; total allocated: 1 of 10]
23:07:51.264 [pool-2-thread-5] DEBUG org.apache.http.impl.execchain.MainClientExec -- Opening connection {}->http://localhost:3000
23:07:51.264 [pool-2-thread-21] DEBUG org.apache.http.impl.execchain.MainClientExec -- Opening connection {}->http://localhost:3000
23:07:51.265 [pool-2-thread-5] DEBUG org.apache.http.impl.conn.DefaultHttpClientConnectionOperator -- Connecting to localhost/127.0.0.1:3000
23:07:51.265 [pool-2-thread-21] DEBUG org.apache.http.impl.conn.DefaultHttpClientConnectionOperator -- Connecting to localhost/127.0.0.1:3000
23:07:51.265 [pool-2-thread-5] DEBUG org.apache.http.impl.conn.DefaultHttpClientConnectionOperator -- Connection established 127.0.0.1:52739<->127.0.0.1:3000
23:07:51.265 [pool-2-thread-21] DEBUG org.apache.http.impl.conn.DefaultHttpClientConnectionOperator -- Connection established 127.0.0.1:52740<->127.0.0.1:3000
23:07:51.265 [pool-2-thread-5] DEBUG org.apache.http.impl.conn.DefaultManagedHttpClientConnection -- http-outgoing-78: set socket timeout to 30000
23:07:51.265 [pool-2-thread-21] DEBUG org.apache.http.impl.conn.DefaultManagedHttpClientConnection -- http-outgoing-79: set socket timeout to 30000
23:07:51.265 [pool-2-thread-21] DEBUG org.apache.http.impl.execchain.MainClientExec -- Executing request POST /auth/login HTTP/1.1
23:07:51.265 [pool-2-thread-5] DEBUG org.apache.http.impl.execchain.MainClientExec -- Executing request POST /auth/login HTTP/1.1
23:07:51.265 [pool-2-thread-21] DEBUG org.apache.http.impl.execchain.MainClientExec -- Target auth state: UNCHALLENGED
23:07:51.265 [pool-2-thread-5] DEBUG org.apache.http.impl.execchain.MainClientExec -- Target auth state: UNCHALLENGED
23:07:51.265 [pool-2-thread-21] DEBUG org.apache.http.impl.execchain.MainClientExec -- Proxy auth state: UNCHALLENGED
23:07:51.265 [pool-2-thread-5] DEBUG org.apache.http.impl.execchain.MainClientExec -- Proxy auth state: UNCHALLENGED
23:07:51.265 [pool-2-thread-5] DEBUG org.apache.http.headers -- http-outgoing-78 >> POST /auth/login HTTP/1.1
23:07:51.265 [pool-2-thread-21] DEBUG org.apache.http.headers -- http-outgoing-79 >> POST /auth/login HTTP/1.1
23:07:51.265 [pool-2-thread-5] DEBUG org.apache.http.headers -- http-outgoing-78 >> Content-Type: application/json; charset=UTF-8
23:07:51.265 [pool-2-thread-5] DEBUG org.apache.http.headers -- http-outgoing-78 >> Content-Length: 55
23:07:51.265 [pool-2-thread-5] DEBUG org.apache.http.headers -- http-outgoing-78 >> Host: localhost:3000
23:07:51.265 [pool-2-thread-5] DEBUG org.apache.http.headers -- http-outgoing-78 >> Connection: Keep-Alive
23:07:51.265 [pool-2-thread-21] DEBUG org.apache.http.headers -- http-outgoing-79 >> Content-Type: application/json; charset=UTF-8
23:07:51.265 [pool-2-thread-21] DEBUG org.apache.http.headers -- http-outgoing-79 >> Content-Length: 45
23:07:51.265 [pool-2-thread-21] DEBUG org.apache.http.headers -- http-outgoing-79 >> Host: localhost:3000
23:07:51.265 [pool-2-thread-21] DEBUG org.apache.http.headers -- http-outgoing-79 >> Connection: Keep-Alive
23:07:51.265 [pool-2-thread-21] DEBUG org.apache.http.headers -- http-outgoing-79 >> User-Agent: Apache-HttpClient/4.5.14 (Java/17.0.9)
23:07:51.265 [pool-2-thread-5] DEBUG org.apache.http.headers -- http-outgoing-78 >> User-Agent: Apache-HttpClient/4.5.14 (Java/17.0.9)
23:07:51.265 [pool-2-thread-5] DEBUG org.apache.http.headers -- http-outgoing-78 >> Accept-Encoding: gzip,deflate
23:07:51.265 [pool-2-thread-21] DEBUG org.apache.http.headers -- http-outgoing-79 >> Accept-Encoding: gzip,deflate
23:07:51.265 [pool-2-thread-5] DEBUG org.apache.http.wire -- http-outgoing-78 >> "POST /auth/login HTTP/1.1[\r][\n]"
23:07:51.265 [pool-2-thread-5] DEBUG org.apache.http.wire -- http-outgoing-78 >> "Content-Type: application/json; charset=UTF-8[\r][\n]"
23:07:51.265 [pool-2-thread-21] DEBUG org.apache.http.wire -- http-outgoing-79 >> "POST /auth/login HTTP/1.1[\r][\n]"
23:07:51.265 [pool-2-thread-21] DEBUG org.apache.http.wire -- http-outgoing-79 >> "Content-Type: application/json; charset=UTF-8[\r][\n]"
23:07:51.265 [pool-2-thread-5] DEBUG org.apache.http.wire -- http-outgoing-78 >> "Content-Length: 55[\r][\n]"
23:07:51.265 [pool-2-thread-21] DEBUG org.apache.http.wire -- http-outgoing-79 >> "Content-Length: 45[\r][\n]"
23:07:51.265 [pool-2-thread-5] DEBUG org.apache.http.wire -- http-outgoing-78 >> "Host: localhost:3000[\r][\n]"
23:07:51.265 [pool-2-thread-21] DEBUG org.apache.http.wire -- http-outgoing-79 >> "Host: localhost:3000[\r][\n]"
23:07:51.265 [pool-2-thread-5] DEBUG org.apache.http.wire -- http-outgoing-78 >> "Connection: Keep-Alive[\r][\n]"
23:07:51.265 [pool-2-thread-21] DEBUG org.apache.http.wire -- http-outgoing-79 >> "Connection: Keep-Alive[\r][\n]"
23:07:51.265 [pool-2-thread-5] DEBUG org.apache.http.wire -- http-outgoing-78 >> "User-Agent: Apache-HttpClient/4.5.14 (Java/17.0.9)[\r][\n]"
23:07:51.265 [pool-2-thread-21] DEBUG org.apache.http.wire -- http-outgoing-79 >> "User-Agent: Apache-HttpClient/4.5.14 (Java/17.0.9)[\r][\n]"
23:07:51.265 [pool-2-thread-21] DEBUG org.apache.http.wire -- http-outgoing-79 >> "Accept-Encoding: gzip,deflate[\r][\n]"
23:07:51.265 [pool-2-thread-5] DEBUG org.apache.http.wire -- http-outgoing-78 >> "Accept-Encoding: gzip,deflate[\r][\n]"
23:07:51.265 [pool-2-thread-21] DEBUG org.apache.http.wire -- http-outgoing-79 >> "[\r][\n]"
23:07:51.265 [pool-2-thread-5] DEBUG org.apache.http.wire -- http-outgoing-78 >> "[\r][\n]"
23:07:51.265 [pool-2-thread-21] DEBUG org.apache.http.wire -- http-outgoing-79 >> "{"email":"nam@gmail.com","password":"123456"}"
23:07:51.265 [pool-2-thread-5] DEBUG org.apache.http.wire -- http-outgoing-78 >> "{"email":"test28@example.com","password":"Password123"}"
23:07:51.315 [pool-2-thread-8] DEBUG org.apache.http.wire -- http-outgoing-50 << "HTTP/1.1 200 OK[\r][\n]"
23:07:51.315 [pool-2-thread-8] DEBUG org.apache.http.wire -- http-outgoing-50 << "X-Powered-By: Express[\r][\n]"
23:07:51.315 [pool-2-thread-8] DEBUG org.apache.http.wire -- http-outgoing-50 << "Access-Control-Allow-Origin: *[\r][\n]"
23:07:51.315 [pool-2-thread-8] DEBUG org.apache.http.wire -- http-outgoing-50 << "Content-Type: application/json; charset=utf-8[\r][\n]"
23:07:51.315 [pool-2-thread-8] DEBUG org.apache.http.wire -- http-outgoing-50 << "Content-Length: 609[\r][\n]"
23:07:51.315 [pool-2-thread-8] DEBUG org.apache.http.wire -- http-outgoing-50 << "ETag: W/"261-b9ZZiFwJ+u/r2OPNKu5arLCsnu0"[\r][\n]"
23:07:51.315 [pool-2-thread-8] DEBUG org.apache.http.wire -- http-outgoing-50 << "Date: Sun, 22 Jun 2025 16:07:51 GMT[\r][\n]"
23:07:51.315 [pool-2-thread-8] DEBUG org.apache.http.wire -- http-outgoing-50 << "Connection: keep-alive[\r][\n]"
23:07:51.315 [pool-2-thread-8] DEBUG org.apache.http.wire -- http-outgoing-50 << "Keep-Alive: timeout=5[\r][\n]"
23:07:51.315 [pool-2-thread-8] DEBUG org.apache.http.wire -- http-outgoing-50 << "[\r][\n]"
23:07:51.315 [pool-2-thread-8] DEBUG org.apache.http.wire -- http-outgoing-50 << "{"access_token":"eyJhbGciOiJIUzI1NiIsInR5cCI6IkpXVCJ9.eyJzdWIiOiIyNzJmNmI1NS01MTc5LTRhZTMtODU2My1iNGVjMTBmNzY3MTUiLCJ1c2VybmFtZSI6ImpvaG5kb2UyZDVkIiwicm9sZSI6MCwiaWF0IjoxNzUwNjA4NDcxLCJleHAiOjE3NTA2MTIwNzF9.0Vazpe3sUzXP9Y5nLZbR2QCSgFlEOnN2hWSJ4XFucYs","refresh_token":"c69bcbe0f8c3b7761c9b40a2e1af3da7babefc1710a9dca0f53cfa2462dc8edf","user":{"id":"272f6b55-5179-4ae3-8563-b4ec10f76715","email":"testit5@gmail.com","username":"johndoe2d5d","name":"John Doe","phoneNumber":"0123456132","profilePic":null,"bio":null,"private":false,"verified":false,"role":0,"followersCount":0,"followingCount":0,"postCount":0}}"
23:07:51.315 [pool-2-thread-8] DEBUG org.apache.http.headers -- http-outgoing-50 << HTTP/1.1 200 OK
23:07:51.315 [pool-2-thread-8] DEBUG org.apache.http.headers -- http-outgoing-50 << X-Powered-By: Express
23:07:51.315 [pool-2-thread-8] DEBUG org.apache.http.headers -- http-outgoing-50 << Access-Control-Allow-Origin: *
23:07:51.315 [pool-2-thread-8] DEBUG org.apache.http.headers -- http-outgoing-50 << Content-Type: application/json; charset=utf-8
23:07:51.315 [pool-2-thread-8] DEBUG org.apache.http.headers -- http-outgoing-50 << Content-Length: 609
23:07:51.315 [pool-2-thread-8] DEBUG org.apache.http.headers -- http-outgoing-50 << ETag: W/"261-b9ZZiFwJ+u/r2OPNKu5arLCsnu0"
23:07:51.315 [pool-2-thread-8] DEBUG org.apache.http.headers -- http-outgoing-50 << Date: Sun, 22 Jun 2025 16:07:51 GMT
23:07:51.315 [pool-2-thread-8] DEBUG org.apache.http.headers -- http-outgoing-50 << Connection: keep-alive
23:07:51.315 [pool-2-thread-8] DEBUG org.apache.http.headers -- http-outgoing-50 << Keep-Alive: timeout=5
23:07:51.315 [pool-2-thread-8] DEBUG org.apache.http.impl.execchain.MainClientExec -- Connection can be kept alive for 5000 MILLISECONDS
23:07:51.316 [pool-2-thread-8] DEBUG org.apache.http.impl.conn.PoolingHttpClientConnectionManager -- Connection [id: 50][route: {}->http://localhost:3000] can be kept alive for 5.0 seconds
23:07:51.316 [pool-2-thread-8] DEBUG org.apache.http.impl.conn.DefaultManagedHttpClientConnection -- http-outgoing-50: set socket timeout to 0
23:07:51.316 [pool-2-thread-8] DEBUG org.apache.http.impl.conn.PoolingHttpClientConnectionManager -- Connection released: [id: 50][route: {}->http://localhost:3000][total available: 1; route allocated: 1 of 5; total allocated: 1 of 10]
23:07:51.316 [pool-2-thread-8] DEBUG org.apache.http.impl.conn.PoolingHttpClientConnectionManager -- Connection manager is shutting down
23:07:51.316 [pool-2-thread-8] DEBUG org.apache.http.impl.conn.DefaultManagedHttpClientConnection -- http-outgoing-50: Close connection
23:07:51.316 [pool-2-thread-8] DEBUG org.apache.http.impl.conn.PoolingHttpClientConnectionManager -- Connection manager shut down
23:07:51.316 [pool-2-thread-8] DEBUG com.intuit.karate -- response time in milliseconds: 2164
2 < 200
2 < X-Powered-By: Express
2 < Access-Control-Allow-Origin: *
2 < Content-Type: application/json; charset=utf-8
2 < Content-Length: 609
2 < ETag: W/"261-b9ZZiFwJ+u/r2OPNKu5arLCsnu0"
2 < Date: Sun, 22 Jun 2025 16:07:51 GMT
2 < Connection: keep-alive
2 < Keep-Alive: timeout=5
{"access_token":"eyJhbGciOiJIUzI1NiIsInR5cCI6IkpXVCJ9.eyJzdWIiOiIyNzJmNmI1NS01MTc5LTRhZTMtODU2My1iNGVjMTBmNzY3MTUiLCJ1c2VybmFtZSI6ImpvaG5kb2UyZDVkIiwicm9sZSI6MCwiaWF0IjoxNzUwNjA4NDcxLCJleHAiOjE3NTA2MTIwNzF9.0Vazpe3sUzXP9Y5nLZbR2QCSgFlEOnN2hWSJ4XFucYs","refresh_token":"c69bcbe0f8c3b7761c9b40a2e1af3da7babefc1710a9dca0f53cfa2462dc8edf","user":{"id":"272f6b55-5179-4ae3-8563-b4ec10f76715","email":"testit5@gmail.com","username":"johndoe2d5d","name":"John Doe","phoneNumber":"0123456132","profilePic":null,"bio":null,"private":false,"verified":false,"role":0,"followersCount":0,"followingCount":0,"postCount":0}}

23:07:51.318 [pool-2-thread-8] INFO com.intuit.karate -- [print] Call 2 completed, status: 200 
23:07:51.318 [pool-2-thread-8] INFO com.intuit.karate -- [print] *** API CALL 3 *** 
23:07:51.319 [pool-2-thread-8] DEBUG org.apache.http.client.protocol.RequestAddCookies -- CookieSpec selected: karate
23:07:51.319 [pool-2-thread-8] DEBUG org.apache.http.client.protocol.RequestAuthCache -- Auth cache not set in the context
23:07:51.319 [pool-2-thread-8] DEBUG com.intuit.karate -- request:
3 > POST http://localhost:3000/auth/login
3 > Content-Type: application/json; charset=UTF-8
3 > Content-Length: 54
3 > Host: localhost:3000
3 > Connection: Keep-Alive
3 > User-Agent: Apache-HttpClient/4.5.14 (Java/17.0.9)
3 > Accept-Encoding: gzip,deflate
{"email":"testit5@gmail.com","password":"Password123"}

23:07:51.319 [pool-2-thread-8] DEBUG org.apache.http.impl.conn.PoolingHttpClientConnectionManager -- Connection request: [route: {}->http://localhost:3000][total available: 0; route allocated: 0 of 5; total allocated: 0 of 10]
23:07:51.319 [pool-2-thread-8] DEBUG org.apache.http.impl.conn.PoolingHttpClientConnectionManager -- Connection leased: [id: 80][route: {}->http://localhost:3000][total available: 0; route allocated: 1 of 5; total allocated: 1 of 10]
23:07:51.319 [pool-2-thread-8] DEBUG org.apache.http.impl.execchain.MainClientExec -- Opening connection {}->http://localhost:3000
23:07:51.319 [pool-2-thread-8] DEBUG org.apache.http.impl.conn.DefaultHttpClientConnectionOperator -- Connecting to localhost/127.0.0.1:3000
23:07:51.320 [pool-2-thread-8] DEBUG org.apache.http.impl.conn.DefaultHttpClientConnectionOperator -- Connection established 127.0.0.1:52741<->127.0.0.1:3000
23:07:51.320 [pool-2-thread-8] DEBUG org.apache.http.impl.conn.DefaultManagedHttpClientConnection -- http-outgoing-80: set socket timeout to 30000
23:07:51.320 [pool-2-thread-8] DEBUG org.apache.http.impl.execchain.MainClientExec -- Executing request POST /auth/login HTTP/1.1
23:07:51.320 [pool-2-thread-8] DEBUG org.apache.http.impl.execchain.MainClientExec -- Target auth state: UNCHALLENGED
23:07:51.320 [pool-2-thread-8] DEBUG org.apache.http.impl.execchain.MainClientExec -- Proxy auth state: UNCHALLENGED
23:07:51.320 [pool-2-thread-8] DEBUG org.apache.http.headers -- http-outgoing-80 >> POST /auth/login HTTP/1.1
23:07:51.320 [pool-2-thread-8] DEBUG org.apache.http.headers -- http-outgoing-80 >> Content-Type: application/json; charset=UTF-8
23:07:51.320 [pool-2-thread-8] DEBUG org.apache.http.headers -- http-outgoing-80 >> Content-Length: 54
23:07:51.320 [pool-2-thread-8] DEBUG org.apache.http.headers -- http-outgoing-80 >> Host: localhost:3000
23:07:51.320 [pool-2-thread-8] DEBUG org.apache.http.headers -- http-outgoing-80 >> Connection: Keep-Alive
23:07:51.320 [pool-2-thread-8] DEBUG org.apache.http.headers -- http-outgoing-80 >> User-Agent: Apache-HttpClient/4.5.14 (Java/17.0.9)
23:07:51.320 [pool-2-thread-8] DEBUG org.apache.http.headers -- http-outgoing-80 >> Accept-Encoding: gzip,deflate
23:07:51.320 [pool-2-thread-8] DEBUG org.apache.http.wire -- http-outgoing-80 >> "POST /auth/login HTTP/1.1[\r][\n]"
23:07:51.320 [pool-2-thread-8] DEBUG org.apache.http.wire -- http-outgoing-80 >> "Content-Type: application/json; charset=UTF-8[\r][\n]"
23:07:51.320 [pool-2-thread-8] DEBUG org.apache.http.wire -- http-outgoing-80 >> "Content-Length: 54[\r][\n]"
23:07:51.320 [pool-2-thread-8] DEBUG org.apache.http.wire -- http-outgoing-80 >> "Host: localhost:3000[\r][\n]"
23:07:51.320 [pool-2-thread-8] DEBUG org.apache.http.wire -- http-outgoing-80 >> "Connection: Keep-Alive[\r][\n]"
23:07:51.320 [pool-2-thread-8] DEBUG org.apache.http.wire -- http-outgoing-80 >> "User-Agent: Apache-HttpClient/4.5.14 (Java/17.0.9)[\r][\n]"
23:07:51.320 [pool-2-thread-8] DEBUG org.apache.http.wire -- http-outgoing-80 >> "Accept-Encoding: gzip,deflate[\r][\n]"
23:07:51.320 [pool-2-thread-8] DEBUG org.apache.http.wire -- http-outgoing-80 >> "[\r][\n]"
23:07:51.320 [pool-2-thread-8] DEBUG org.apache.http.wire -- http-outgoing-80 >> "{"email":"testit5@gmail.com","password":"Password123"}"
23:07:51.335 [pool-2-thread-7] DEBUG org.apache.http.wire -- http-outgoing-51 << "HTTP/1.1 200 OK[\r][\n]"
23:07:51.335 [pool-2-thread-7] DEBUG org.apache.http.wire -- http-outgoing-51 << "X-Powered-By: Express[\r][\n]"
23:07:51.335 [pool-2-thread-7] DEBUG org.apache.http.wire -- http-outgoing-51 << "Access-Control-Allow-Origin: *[\r][\n]"
23:07:51.335 [pool-2-thread-7] DEBUG org.apache.http.wire -- http-outgoing-51 << "Content-Type: application/json; charset=utf-8[\r][\n]"
23:07:51.335 [pool-2-thread-7] DEBUG org.apache.http.wire -- http-outgoing-51 << "Content-Length: 605[\r][\n]"
23:07:51.335 [pool-2-thread-7] DEBUG org.apache.http.wire -- http-outgoing-51 << "ETag: W/"25d-NSEDjM71CLRi/zoIIxfExAwPy2I"[\r][\n]"
23:07:51.335 [pool-2-thread-7] DEBUG org.apache.http.wire -- http-outgoing-51 << "Date: Sun, 22 Jun 2025 16:07:51 GMT[\r][\n]"
23:07:51.335 [pool-2-thread-7] DEBUG org.apache.http.wire -- http-outgoing-51 << "Connection: keep-alive[\r][\n]"
23:07:51.335 [pool-2-thread-7] DEBUG org.apache.http.wire -- http-outgoing-51 << "Keep-Alive: timeout=5[\r][\n]"
23:07:51.335 [pool-2-thread-7] DEBUG org.apache.http.wire -- http-outgoing-51 << "[\r][\n]"
23:07:51.335 [pool-2-thread-7] DEBUG org.apache.http.wire -- http-outgoing-51 << "{"access_token":"eyJhbGciOiJIUzI1NiIsInR5cCI6IkpXVCJ9.eyJzdWIiOiI2NTBjZTFlZC1hYWNhLTQzOGYtOTk4OC0xZjA1OGFiNWFhMWEiLCJ1c2VybmFtZSI6ImpvaG5kb2UyNSIsInJvbGUiOjAsImlhdCI6MTc1MDYwODQ3MSwiZXhwIjoxNzUwNjEyMDcxfQ.PiRJl9HUnVNHtxoTgJwJdoGkb4X6D_LA2hswaQUajoc","refresh_token":"bc6c863bc7d5fa2c981834904e2a39da9c2e5fa2be9fe0d813c2ecec5f2a2999","user":{"id":"650ce1ed-aaca-438f-9988-1f058ab5aa1a","email":"testit3@gmail.com","username":"johndoe25","name":"John Doe","phoneNumber":"0123456713","profilePic":null,"bio":null,"private":false,"verified":false,"role":0,"followersCount":0,"followingCount":0,"postCount":0}}"
23:07:51.335 [pool-2-thread-7] DEBUG org.apache.http.headers -- http-outgoing-51 << HTTP/1.1 200 OK
23:07:51.335 [pool-2-thread-7] DEBUG org.apache.http.headers -- http-outgoing-51 << X-Powered-By: Express
23:07:51.335 [pool-2-thread-7] DEBUG org.apache.http.headers -- http-outgoing-51 << Access-Control-Allow-Origin: *
23:07:51.335 [pool-2-thread-7] DEBUG org.apache.http.headers -- http-outgoing-51 << Content-Type: application/json; charset=utf-8
23:07:51.335 [pool-2-thread-7] DEBUG org.apache.http.headers -- http-outgoing-51 << Content-Length: 605
23:07:51.335 [pool-2-thread-7] DEBUG org.apache.http.headers -- http-outgoing-51 << ETag: W/"25d-NSEDjM71CLRi/zoIIxfExAwPy2I"
23:07:51.335 [pool-2-thread-7] DEBUG org.apache.http.headers -- http-outgoing-51 << Date: Sun, 22 Jun 2025 16:07:51 GMT
23:07:51.335 [pool-2-thread-7] DEBUG org.apache.http.headers -- http-outgoing-51 << Connection: keep-alive
23:07:51.335 [pool-2-thread-7] DEBUG org.apache.http.headers -- http-outgoing-51 << Keep-Alive: timeout=5
23:07:51.335 [pool-2-thread-7] DEBUG org.apache.http.impl.execchain.MainClientExec -- Connection can be kept alive for 5000 MILLISECONDS
23:07:51.335 [pool-2-thread-7] DEBUG org.apache.http.impl.conn.PoolingHttpClientConnectionManager -- Connection [id: 51][route: {}->http://localhost:3000] can be kept alive for 5.0 seconds
23:07:51.335 [pool-2-thread-7] DEBUG org.apache.http.impl.conn.DefaultManagedHttpClientConnection -- http-outgoing-51: set socket timeout to 0
23:07:51.336 [pool-2-thread-7] DEBUG org.apache.http.impl.conn.PoolingHttpClientConnectionManager -- Connection released: [id: 51][route: {}->http://localhost:3000][total available: 1; route allocated: 1 of 5; total allocated: 1 of 10]
23:07:51.336 [pool-2-thread-7] DEBUG org.apache.http.impl.conn.PoolingHttpClientConnectionManager -- Connection manager is shutting down
23:07:51.336 [pool-2-thread-7] DEBUG org.apache.http.impl.conn.DefaultManagedHttpClientConnection -- http-outgoing-51: Close connection
23:07:51.336 [pool-2-thread-7] DEBUG org.apache.http.impl.conn.PoolingHttpClientConnectionManager -- Connection manager shut down
23:07:51.336 [pool-2-thread-7] DEBUG com.intuit.karate -- response time in milliseconds: 2184
3 < 200
3 < X-Powered-By: Express
3 < Access-Control-Allow-Origin: *
3 < Content-Type: application/json; charset=utf-8
3 < Content-Length: 605
3 < ETag: W/"25d-NSEDjM71CLRi/zoIIxfExAwPy2I"
3 < Date: Sun, 22 Jun 2025 16:07:51 GMT
3 < Connection: keep-alive
3 < Keep-Alive: timeout=5
{"access_token":"eyJhbGciOiJIUzI1NiIsInR5cCI6IkpXVCJ9.eyJzdWIiOiI2NTBjZTFlZC1hYWNhLTQzOGYtOTk4OC0xZjA1OGFiNWFhMWEiLCJ1c2VybmFtZSI6ImpvaG5kb2UyNSIsInJvbGUiOjAsImlhdCI6MTc1MDYwODQ3MSwiZXhwIjoxNzUwNjEyMDcxfQ.PiRJl9HUnVNHtxoTgJwJdoGkb4X6D_LA2hswaQUajoc","refresh_token":"bc6c863bc7d5fa2c981834904e2a39da9c2e5fa2be9fe0d813c2ecec5f2a2999","user":{"id":"650ce1ed-aaca-438f-9988-1f058ab5aa1a","email":"testit3@gmail.com","username":"johndoe25","name":"John Doe","phoneNumber":"0123456713","profilePic":null,"bio":null,"private":false,"verified":false,"role":0,"followersCount":0,"followingCount":0,"postCount":0}}

23:07:51.338 [pool-2-thread-7] INFO com.intuit.karate -- [print] Call 3 completed, status: 200 
23:07:51.340 [pool-2-thread-7] INFO com.intuit.karate -- [print] *** API CALL 4 *** 
23:07:51.343 [pool-2-thread-7] DEBUG org.apache.http.client.protocol.RequestAddCookies -- CookieSpec selected: karate
23:07:51.344 [pool-2-thread-7] DEBUG org.apache.http.client.protocol.RequestAuthCache -- Auth cache not set in the context
23:07:51.344 [pool-2-thread-7] DEBUG com.intuit.karate -- request:
4 > POST http://localhost:3000/auth/login
4 > Content-Type: application/json; charset=UTF-8
4 > Content-Length: 54
4 > Host: localhost:3000
4 > Connection: Keep-Alive
4 > User-Agent: Apache-HttpClient/4.5.14 (Java/17.0.9)
4 > Accept-Encoding: gzip,deflate
{"email":"testit3@gmail.com","password":"Password123"}

23:07:51.344 [pool-2-thread-7] DEBUG org.apache.http.impl.conn.PoolingHttpClientConnectionManager -- Connection request: [route: {}->http://localhost:3000][total available: 0; route allocated: 0 of 5; total allocated: 0 of 10]
23:07:51.344 [pool-2-thread-7] DEBUG org.apache.http.impl.conn.PoolingHttpClientConnectionManager -- Connection leased: [id: 81][route: {}->http://localhost:3000][total available: 0; route allocated: 1 of 5; total allocated: 1 of 10]
23:07:51.344 [pool-2-thread-7] DEBUG org.apache.http.impl.execchain.MainClientExec -- Opening connection {}->http://localhost:3000
23:07:51.344 [pool-2-thread-7] DEBUG org.apache.http.impl.conn.DefaultHttpClientConnectionOperator -- Connecting to localhost/127.0.0.1:3000
23:07:51.345 [pool-2-thread-7] DEBUG org.apache.http.impl.conn.DefaultHttpClientConnectionOperator -- Connection established 127.0.0.1:52742<->127.0.0.1:3000
23:07:51.345 [pool-2-thread-7] DEBUG org.apache.http.impl.conn.DefaultManagedHttpClientConnection -- http-outgoing-81: set socket timeout to 30000
23:07:51.345 [pool-2-thread-7] DEBUG org.apache.http.impl.execchain.MainClientExec -- Executing request POST /auth/login HTTP/1.1
23:07:51.345 [pool-2-thread-7] DEBUG org.apache.http.impl.execchain.MainClientExec -- Target auth state: UNCHALLENGED
23:07:51.345 [pool-2-thread-7] DEBUG org.apache.http.impl.execchain.MainClientExec -- Proxy auth state: UNCHALLENGED
23:07:51.345 [pool-2-thread-7] DEBUG org.apache.http.headers -- http-outgoing-81 >> POST /auth/login HTTP/1.1
23:07:51.345 [pool-2-thread-7] DEBUG org.apache.http.headers -- http-outgoing-81 >> Content-Type: application/json; charset=UTF-8
23:07:51.345 [pool-2-thread-7] DEBUG org.apache.http.headers -- http-outgoing-81 >> Content-Length: 54
23:07:51.345 [pool-2-thread-7] DEBUG org.apache.http.headers -- http-outgoing-81 >> Host: localhost:3000
23:07:51.345 [pool-2-thread-7] DEBUG org.apache.http.headers -- http-outgoing-81 >> Connection: Keep-Alive
23:07:51.345 [pool-2-thread-7] DEBUG org.apache.http.headers -- http-outgoing-81 >> User-Agent: Apache-HttpClient/4.5.14 (Java/17.0.9)
23:07:51.345 [pool-2-thread-7] DEBUG org.apache.http.headers -- http-outgoing-81 >> Accept-Encoding: gzip,deflate
23:07:51.345 [pool-2-thread-7] DEBUG org.apache.http.wire -- http-outgoing-81 >> "POST /auth/login HTTP/1.1[\r][\n]"
23:07:51.345 [pool-2-thread-7] DEBUG org.apache.http.wire -- http-outgoing-81 >> "Content-Type: application/json; charset=UTF-8[\r][\n]"
23:07:51.345 [pool-2-thread-7] DEBUG org.apache.http.wire -- http-outgoing-81 >> "Content-Length: 54[\r][\n]"
23:07:51.345 [pool-2-thread-7] DEBUG org.apache.http.wire -- http-outgoing-81 >> "Host: localhost:3000[\r][\n]"
23:07:51.345 [pool-2-thread-7] DEBUG org.apache.http.wire -- http-outgoing-81 >> "Connection: Keep-Alive[\r][\n]"
23:07:51.345 [pool-2-thread-7] DEBUG org.apache.http.wire -- http-outgoing-81 >> "User-Agent: Apache-HttpClient/4.5.14 (Java/17.0.9)[\r][\n]"
23:07:51.345 [pool-2-thread-7] DEBUG org.apache.http.wire -- http-outgoing-81 >> "Accept-Encoding: gzip,deflate[\r][\n]"
23:07:51.345 [pool-2-thread-7] DEBUG org.apache.http.wire -- http-outgoing-81 >> "[\r][\n]"
23:07:51.345 [pool-2-thread-7] DEBUG org.apache.http.wire -- http-outgoing-81 >> "{"email":"testit3@gmail.com","password":"Password123"}"
23:07:51.354 [pool-2-thread-29] DEBUG org.apache.http.wire -- http-outgoing-62 << "HTTP/1.1 200 OK[\r][\n]"
23:07:51.354 [pool-2-thread-29] DEBUG org.apache.http.wire -- http-outgoing-62 << "X-Powered-By: Express[\r][\n]"
23:07:51.354 [pool-2-thread-29] DEBUG org.apache.http.wire -- http-outgoing-62 << "Access-Control-Allow-Origin: *[\r][\n]"
23:07:51.354 [pool-2-thread-29] DEBUG org.apache.http.wire -- http-outgoing-62 << "Content-Type: application/json; charset=utf-8[\r][\n]"
23:07:51.354 [pool-2-thread-29] DEBUG org.apache.http.wire -- http-outgoing-62 << "Content-Length: 604[\r][\n]"
23:07:51.354 [pool-2-thread-29] DEBUG org.apache.http.wire -- http-outgoing-62 << "ETag: W/"25c-+Jn2g127RKiMsR+nCceFANH4kGA"[\r][\n]"
23:07:51.354 [pool-2-thread-29] DEBUG org.apache.http.wire -- http-outgoing-62 << "Date: Sun, 22 Jun 2025 16:07:51 GMT[\r][\n]"
23:07:51.354 [pool-2-thread-29] DEBUG org.apache.http.wire -- http-outgoing-62 << "Connection: keep-alive[\r][\n]"
23:07:51.354 [pool-2-thread-29] DEBUG org.apache.http.wire -- http-outgoing-62 << "Keep-Alive: timeout=5[\r][\n]"
23:07:51.354 [pool-2-thread-29] DEBUG org.apache.http.wire -- http-outgoing-62 << "[\r][\n]"
23:07:51.354 [pool-2-thread-29] DEBUG org.apache.http.wire -- http-outgoing-62 << "{"access_token":"eyJhbGciOiJIUzI1NiIsInR5cCI6IkpXVCJ9.eyJzdWIiOiJkZjZmMDkxOS1hMjNkLTQ0YzktYTkyNS00ZWE4YmU1MjVkMTAiLCJ1c2VybmFtZSI6ImpvaG5kb2UyMyIsInJvbGUiOjAsImlhdCI6MTc1MDYwODQ3MSwiZXhwIjoxNzUwNjEyMDcxfQ.V5B3RE_L1YDyFTvbnI88yQjvbqwnAl6rH1dtGrQcoEQ","refresh_token":"66ff05446be6fb1fb82ce5f3a1c5a942a6f8ccec1b29d882d92b78b2713afb71","user":{"id":"df6f0919-a23d-44c9-a925-4ea8be525d10","email":"testit@gmail.com","username":"johndoe23","name":"John Doe","phoneNumber":"0123456788","profilePic":null,"bio":null,"private":false,"verified":false,"role":0,"followersCount":0,"followingCount":0,"postCount":0}}"
23:07:51.354 [pool-2-thread-29] DEBUG org.apache.http.headers -- http-outgoing-62 << HTTP/1.1 200 OK
23:07:51.354 [pool-2-thread-29] DEBUG org.apache.http.headers -- http-outgoing-62 << X-Powered-By: Express
23:07:51.354 [pool-2-thread-29] DEBUG org.apache.http.headers -- http-outgoing-62 << Access-Control-Allow-Origin: *
23:07:51.354 [pool-2-thread-29] DEBUG org.apache.http.headers -- http-outgoing-62 << Content-Type: application/json; charset=utf-8
23:07:51.354 [pool-2-thread-29] DEBUG org.apache.http.headers -- http-outgoing-62 << Content-Length: 604
23:07:51.354 [pool-2-thread-29] DEBUG org.apache.http.headers -- http-outgoing-62 << ETag: W/"25c-+Jn2g127RKiMsR+nCceFANH4kGA"
23:07:51.354 [pool-2-thread-29] DEBUG org.apache.http.headers -- http-outgoing-62 << Date: Sun, 22 Jun 2025 16:07:51 GMT
23:07:51.354 [pool-2-thread-29] DEBUG org.apache.http.headers -- http-outgoing-62 << Connection: keep-alive
23:07:51.354 [pool-2-thread-29] DEBUG org.apache.http.headers -- http-outgoing-62 << Keep-Alive: timeout=5
23:07:51.355 [pool-2-thread-29] DEBUG org.apache.http.impl.execchain.MainClientExec -- Connection can be kept alive for 5000 MILLISECONDS
23:07:51.355 [pool-2-thread-29] DEBUG org.apache.http.impl.conn.PoolingHttpClientConnectionManager -- Connection [id: 62][route: {}->http://localhost:3000] can be kept alive for 5.0 seconds
23:07:51.355 [pool-2-thread-29] DEBUG org.apache.http.impl.conn.DefaultManagedHttpClientConnection -- http-outgoing-62: set socket timeout to 0
23:07:51.355 [pool-2-thread-29] DEBUG org.apache.http.impl.conn.PoolingHttpClientConnectionManager -- Connection released: [id: 62][route: {}->http://localhost:3000][total available: 1; route allocated: 1 of 5; total allocated: 1 of 10]
23:07:51.355 [pool-2-thread-29] DEBUG org.apache.http.impl.conn.PoolingHttpClientConnectionManager -- Connection manager is shutting down
23:07:51.355 [pool-2-thread-29] DEBUG org.apache.http.impl.conn.DefaultManagedHttpClientConnection -- http-outgoing-62: Close connection
23:07:51.355 [pool-2-thread-29] DEBUG org.apache.http.impl.conn.PoolingHttpClientConnectionManager -- Connection manager shut down
23:07:51.355 [pool-2-thread-29] DEBUG com.intuit.karate -- response time in milliseconds: 1939
3 < 200
3 < X-Powered-By: Express
3 < Access-Control-Allow-Origin: *
3 < Content-Type: application/json; charset=utf-8
3 < Content-Length: 604
3 < ETag: W/"25c-+Jn2g127RKiMsR+nCceFANH4kGA"
3 < Date: Sun, 22 Jun 2025 16:07:51 GMT
3 < Connection: keep-alive
3 < Keep-Alive: timeout=5
{"access_token":"eyJhbGciOiJIUzI1NiIsInR5cCI6IkpXVCJ9.eyJzdWIiOiJkZjZmMDkxOS1hMjNkLTQ0YzktYTkyNS00ZWE4YmU1MjVkMTAiLCJ1c2VybmFtZSI6ImpvaG5kb2UyMyIsInJvbGUiOjAsImlhdCI6MTc1MDYwODQ3MSwiZXhwIjoxNzUwNjEyMDcxfQ.V5B3RE_L1YDyFTvbnI88yQjvbqwnAl6rH1dtGrQcoEQ","refresh_token":"66ff05446be6fb1fb82ce5f3a1c5a942a6f8ccec1b29d882d92b78b2713afb71","user":{"id":"df6f0919-a23d-44c9-a925-4ea8be525d10","email":"testit@gmail.com","username":"johndoe23","name":"John Doe","phoneNumber":"0123456788","profilePic":null,"bio":null,"private":false,"verified":false,"role":0,"followersCount":0,"followingCount":0,"postCount":0}}

23:07:51.357 [pool-2-thread-29] INFO com.intuit.karate -- [print] Call 3 completed, status: 200 
23:07:51.359 [pool-2-thread-29] INFO com.intuit.karate -- [print] *** API CALL 4 *** 
23:07:51.360 [pool-2-thread-22] DEBUG org.apache.http.wire -- http-outgoing-60 << "HTTP/1.1 200 OK[\r][\n]"
23:07:51.360 [pool-2-thread-22] DEBUG org.apache.http.wire -- http-outgoing-60 << "X-Powered-By: Express[\r][\n]"
23:07:51.360 [pool-2-thread-22] DEBUG org.apache.http.wire -- http-outgoing-60 << "Access-Control-Allow-Origin: *[\r][\n]"
23:07:51.360 [pool-2-thread-22] DEBUG org.apache.http.wire -- http-outgoing-60 << "Content-Type: application/json; charset=utf-8[\r][\n]"
23:07:51.361 [pool-2-thread-22] DEBUG org.apache.http.wire -- http-outgoing-60 << "Content-Length: 715[\r][\n]"
23:07:51.361 [pool-2-thread-22] DEBUG org.apache.http.wire -- http-outgoing-60 << "ETag: W/"2cb-Mx+RlpaBhOaRRXQ4YQNa3OBRcLw"[\r][\n]"
23:07:51.361 [pool-2-thread-22] DEBUG org.apache.http.wire -- http-outgoing-60 << "Date: Sun, 22 Jun 2025 16:07:51 GMT[\r][\n]"
23:07:51.361 [pool-2-thread-22] DEBUG org.apache.http.wire -- http-outgoing-60 << "Connection: keep-alive[\r][\n]"
23:07:51.361 [pool-2-thread-22] DEBUG org.apache.http.wire -- http-outgoing-60 << "Keep-Alive: timeout=5[\r][\n]"
23:07:51.361 [pool-2-thread-22] DEBUG org.apache.http.wire -- http-outgoing-60 << "[\r][\n]"
23:07:51.361 [pool-2-thread-22] DEBUG org.apache.http.wire -- http-outgoing-60 << "{"access_token":"eyJhbGciOiJIUzI1NiIsInR5cCI6IkpXVCJ9.eyJzdWIiOiIyYjg0YWEyNC02NjhhLTQwZTItYWYxYy1hZDRmYzRmYTVhNmYiLCJ1c2VybmFtZSI6InF1YW5nMSIsInJvbGUiOjAsImlhdCI6MTc1MDYwODQ3MSwiZXhwIjoxNzUwNjEyMDcxfQ._Xodx37c0Klalbz3wEUJNCcC8j4AQg9XJmr-TUbiGgM","refresh_token":"d943cb1bff9980f521298c91f346efff5bc9fc9dd247aae2c31b3da13680672b","user":{"id":"2b84aa24-668a-40e2-af1c-ad4fc4fa5a6f","email":"quang1@gmail.com","username":"quang1","name":"quang1","phoneNumber":"09874563210","profilePic":"https://res.cloudinary.com/dizcvrefo/image/upload/v1749027586/nestjs_uploads/xehairydt9rzlbmbmv4c.jpg","bio":"Thang Nam Lao Vua Thoi","private":false,"verified":false,"role":0,"followersCount":2,"followingCount":3,"postCount":2}}"
23:07:51.361 [pool-2-thread-22] DEBUG org.apache.http.headers -- http-outgoing-60 << HTTP/1.1 200 OK
23:07:51.361 [pool-2-thread-22] DEBUG org.apache.http.headers -- http-outgoing-60 << X-Powered-By: Express
23:07:51.361 [pool-2-thread-22] DEBUG org.apache.http.headers -- http-outgoing-60 << Access-Control-Allow-Origin: *
23:07:51.361 [pool-2-thread-22] DEBUG org.apache.http.headers -- http-outgoing-60 << Content-Type: application/json; charset=utf-8
23:07:51.361 [pool-2-thread-22] DEBUG org.apache.http.headers -- http-outgoing-60 << Content-Length: 715
23:07:51.361 [pool-2-thread-22] DEBUG org.apache.http.headers -- http-outgoing-60 << ETag: W/"2cb-Mx+RlpaBhOaRRXQ4YQNa3OBRcLw"
23:07:51.361 [pool-2-thread-22] DEBUG org.apache.http.headers -- http-outgoing-60 << Date: Sun, 22 Jun 2025 16:07:51 GMT
23:07:51.361 [pool-2-thread-22] DEBUG org.apache.http.headers -- http-outgoing-60 << Connection: keep-alive
23:07:51.361 [pool-2-thread-22] DEBUG org.apache.http.headers -- http-outgoing-60 << Keep-Alive: timeout=5
23:07:51.361 [pool-2-thread-22] DEBUG org.apache.http.impl.execchain.MainClientExec -- Connection can be kept alive for 5000 MILLISECONDS
23:07:51.361 [pool-2-thread-29] DEBUG org.apache.http.client.protocol.RequestAddCookies -- CookieSpec selected: karate
23:07:51.361 [pool-2-thread-22] DEBUG org.apache.http.impl.conn.PoolingHttpClientConnectionManager -- Connection [id: 60][route: {}->http://localhost:3000] can be kept alive for 5.0 seconds
23:07:51.361 [pool-2-thread-22] DEBUG org.apache.http.impl.conn.DefaultManagedHttpClientConnection -- http-outgoing-60: set socket timeout to 0
23:07:51.361 [pool-2-thread-29] DEBUG org.apache.http.client.protocol.RequestAuthCache -- Auth cache not set in the context
23:07:51.361 [pool-2-thread-22] DEBUG org.apache.http.impl.conn.PoolingHttpClientConnectionManager -- Connection released: [id: 60][route: {}->http://localhost:3000][total available: 1; route allocated: 1 of 5; total allocated: 1 of 10]
23:07:51.361 [pool-2-thread-22] DEBUG org.apache.http.impl.conn.PoolingHttpClientConnectionManager -- Connection manager is shutting down
23:07:51.361 [pool-2-thread-29] DEBUG com.intuit.karate -- request:
4 > POST http://localhost:3000/auth/login
4 > Content-Type: application/json; charset=UTF-8
4 > Content-Length: 53
4 > Host: localhost:3000
4 > Connection: Keep-Alive
4 > User-Agent: Apache-HttpClient/4.5.14 (Java/17.0.9)
4 > Accept-Encoding: gzip,deflate
{"email":"testit@gmail.com","password":"Password123"}

23:07:51.361 [pool-2-thread-22] DEBUG org.apache.http.impl.conn.DefaultManagedHttpClientConnection -- http-outgoing-60: Close connection
23:07:51.361 [pool-2-thread-29] DEBUG org.apache.http.impl.conn.PoolingHttpClientConnectionManager -- Connection request: [route: {}->http://localhost:3000][total available: 0; route allocated: 0 of 5; total allocated: 0 of 10]
23:07:51.361 [pool-2-thread-22] DEBUG org.apache.http.impl.conn.PoolingHttpClientConnectionManager -- Connection manager shut down
23:07:51.361 [pool-2-thread-22] DEBUG com.intuit.karate -- response time in milliseconds: 1965
3 < 200
3 < X-Powered-By: Express
3 < Access-Control-Allow-Origin: *
3 < Content-Type: application/json; charset=utf-8
3 < Content-Length: 715
3 < ETag: W/"2cb-Mx+RlpaBhOaRRXQ4YQNa3OBRcLw"
3 < Date: Sun, 22 Jun 2025 16:07:51 GMT
3 < Connection: keep-alive
3 < Keep-Alive: timeout=5
{"access_token":"eyJhbGciOiJIUzI1NiIsInR5cCI6IkpXVCJ9.eyJzdWIiOiIyYjg0YWEyNC02NjhhLTQwZTItYWYxYy1hZDRmYzRmYTVhNmYiLCJ1c2VybmFtZSI6InF1YW5nMSIsInJvbGUiOjAsImlhdCI6MTc1MDYwODQ3MSwiZXhwIjoxNzUwNjEyMDcxfQ._Xodx37c0Klalbz3wEUJNCcC8j4AQg9XJmr-TUbiGgM","refresh_token":"d943cb1bff9980f521298c91f346efff5bc9fc9dd247aae2c31b3da13680672b","user":{"id":"2b84aa24-668a-40e2-af1c-ad4fc4fa5a6f","email":"quang1@gmail.com","username":"quang1","name":"quang1","phoneNumber":"09874563210","profilePic":"https://res.cloudinary.com/dizcvrefo/image/upload/v1749027586/nestjs_uploads/xehairydt9rzlbmbmv4c.jpg","bio":"Thang Nam Lao Vua Thoi","private":false,"verified":false,"role":0,"followersCount":2,"followingCount":3,"postCount":2}}

23:07:51.361 [pool-2-thread-29] DEBUG org.apache.http.impl.conn.PoolingHttpClientConnectionManager -- Connection leased: [id: 82][route: {}->http://localhost:3000][total available: 0; route allocated: 1 of 5; total allocated: 1 of 10]
23:07:51.361 [pool-2-thread-29] DEBUG org.apache.http.impl.execchain.MainClientExec -- Opening connection {}->http://localhost:3000
23:07:51.361 [pool-2-thread-29] DEBUG org.apache.http.impl.conn.DefaultHttpClientConnectionOperator -- Connecting to localhost/127.0.0.1:3000
23:07:51.362 [pool-2-thread-29] DEBUG org.apache.http.impl.conn.DefaultHttpClientConnectionOperator -- Connection established 127.0.0.1:52743<->127.0.0.1:3000
23:07:51.362 [pool-2-thread-29] DEBUG org.apache.http.impl.conn.DefaultManagedHttpClientConnection -- http-outgoing-82: set socket timeout to 30000
23:07:51.362 [pool-2-thread-29] DEBUG org.apache.http.impl.execchain.MainClientExec -- Executing request POST /auth/login HTTP/1.1
23:07:51.362 [pool-2-thread-29] DEBUG org.apache.http.impl.execchain.MainClientExec -- Target auth state: UNCHALLENGED
23:07:51.362 [pool-2-thread-29] DEBUG org.apache.http.impl.execchain.MainClientExec -- Proxy auth state: UNCHALLENGED
23:07:51.362 [pool-2-thread-29] DEBUG org.apache.http.headers -- http-outgoing-82 >> POST /auth/login HTTP/1.1
23:07:51.362 [pool-2-thread-29] DEBUG org.apache.http.headers -- http-outgoing-82 >> Content-Type: application/json; charset=UTF-8
23:07:51.362 [pool-2-thread-29] DEBUG org.apache.http.headers -- http-outgoing-82 >> Content-Length: 53
23:07:51.362 [pool-2-thread-29] DEBUG org.apache.http.headers -- http-outgoing-82 >> Host: localhost:3000
23:07:51.362 [pool-2-thread-29] DEBUG org.apache.http.headers -- http-outgoing-82 >> Connection: Keep-Alive
23:07:51.362 [pool-2-thread-29] DEBUG org.apache.http.headers -- http-outgoing-82 >> User-Agent: Apache-HttpClient/4.5.14 (Java/17.0.9)
23:07:51.362 [pool-2-thread-29] DEBUG org.apache.http.headers -- http-outgoing-82 >> Accept-Encoding: gzip,deflate
23:07:51.362 [pool-2-thread-29] DEBUG org.apache.http.wire -- http-outgoing-82 >> "POST /auth/login HTTP/1.1[\r][\n]"
23:07:51.362 [pool-2-thread-29] DEBUG org.apache.http.wire -- http-outgoing-82 >> "Content-Type: application/json; charset=UTF-8[\r][\n]"
23:07:51.362 [pool-2-thread-29] DEBUG org.apache.http.wire -- http-outgoing-82 >> "Content-Length: 53[\r][\n]"
23:07:51.362 [pool-2-thread-29] DEBUG org.apache.http.wire -- http-outgoing-82 >> "Host: localhost:3000[\r][\n]"
23:07:51.362 [pool-2-thread-29] DEBUG org.apache.http.wire -- http-outgoing-82 >> "Connection: Keep-Alive[\r][\n]"
23:07:51.362 [pool-2-thread-29] DEBUG org.apache.http.wire -- http-outgoing-82 >> "User-Agent: Apache-HttpClient/4.5.14 (Java/17.0.9)[\r][\n]"
23:07:51.362 [pool-2-thread-29] DEBUG org.apache.http.wire -- http-outgoing-82 >> "Accept-Encoding: gzip,deflate[\r][\n]"
23:07:51.362 [pool-2-thread-29] DEBUG org.apache.http.wire -- http-outgoing-82 >> "[\r][\n]"
23:07:51.362 [pool-2-thread-29] DEBUG org.apache.http.wire -- http-outgoing-82 >> "{"email":"testit@gmail.com","password":"Password123"}"
23:07:51.363 [pool-2-thread-22] INFO com.intuit.karate -- [print] Call 3 completed, status: 200 
23:07:51.364 [pool-2-thread-22] INFO com.intuit.karate -- [print] *** API CALL 4 *** 
23:07:51.366 [pool-2-thread-10] DEBUG org.apache.http.wire -- http-outgoing-41 << "HTTP/1.1 200 OK[\r][\n]"
23:07:51.366 [pool-2-thread-10] DEBUG org.apache.http.wire -- http-outgoing-41 << "X-Powered-By: Express[\r][\n]"
23:07:51.366 [pool-2-thread-10] DEBUG org.apache.http.wire -- http-outgoing-41 << "Access-Control-Allow-Origin: *[\r][\n]"
23:07:51.366 [pool-2-thread-10] DEBUG org.apache.http.wire -- http-outgoing-41 << "Content-Type: application/json; charset=utf-8[\r][\n]"
23:07:51.366 [pool-2-thread-10] DEBUG org.apache.http.wire -- http-outgoing-41 << "Content-Length: 605[\r][\n]"
23:07:51.366 [pool-2-thread-10] DEBUG org.apache.http.wire -- http-outgoing-41 << "ETag: W/"25d-otiEWkk5uNYnNGQbH49DaHI1puU"[\r][\n]"
23:07:51.366 [pool-2-thread-10] DEBUG org.apache.http.wire -- http-outgoing-41 << "Date: Sun, 22 Jun 2025 16:07:51 GMT[\r][\n]"
23:07:51.366 [pool-2-thread-10] DEBUG org.apache.http.wire -- http-outgoing-41 << "Connection: keep-alive[\r][\n]"
23:07:51.366 [pool-2-thread-10] DEBUG org.apache.http.wire -- http-outgoing-41 << "Keep-Alive: timeout=5[\r][\n]"
23:07:51.366 [pool-2-thread-10] DEBUG org.apache.http.wire -- http-outgoing-41 << "[\r][\n]"
23:07:51.366 [pool-2-thread-10] DEBUG org.apache.http.wire -- http-outgoing-41 << "{"access_token":"eyJhbGciOiJIUzI1NiIsInR5cCI6IkpXVCJ9.eyJzdWIiOiIwYTM3ZWY0My1mZWU4LTQxZDMtYTY4Ni04YWIwODY5NDg2OTUiLCJ1c2VybmFtZSI6ImpvaG5kb2UyMSIsInJvbGUiOjAsImlhdCI6MTc1MDYwODQ3MSwiZXhwIjoxNzUwNjEyMDcxfQ.ntzgti0312viepIlzZ-k5clcn7fE26TeJSiGRnClhmA","refresh_token":"354cd3a8b7e55287d91ec291342244511002449fe151c9c7b301ea5df6f7c3bd","user":{"id":"0a37ef43-fee8-41d3-a686-8ab086948695","email":"testit2@gmail.com","username":"johndoe21","name":"John Doe","phoneNumber":"0123456712","profilePic":null,"bio":null,"private":false,"verified":false,"role":0,"followersCount":0,"followingCount":0,"postCount":0}}"
23:07:51.366 [pool-2-thread-22] DEBUG org.apache.http.client.protocol.RequestAddCookies -- CookieSpec selected: karate
23:07:51.366 [pool-2-thread-10] DEBUG org.apache.http.headers -- http-outgoing-41 << HTTP/1.1 200 OK
23:07:51.366 [pool-2-thread-10] DEBUG org.apache.http.headers -- http-outgoing-41 << X-Powered-By: Express
23:07:51.366 [pool-2-thread-10] DEBUG org.apache.http.headers -- http-outgoing-41 << Access-Control-Allow-Origin: *
23:07:51.366 [pool-2-thread-10] DEBUG org.apache.http.headers -- http-outgoing-41 << Content-Type: application/json; charset=utf-8
23:07:51.366 [pool-2-thread-10] DEBUG org.apache.http.headers -- http-outgoing-41 << Content-Length: 605
23:07:51.366 [pool-2-thread-10] DEBUG org.apache.http.headers -- http-outgoing-41 << ETag: W/"25d-otiEWkk5uNYnNGQbH49DaHI1puU"
23:07:51.366 [pool-2-thread-10] DEBUG org.apache.http.headers -- http-outgoing-41 << Date: Sun, 22 Jun 2025 16:07:51 GMT
23:07:51.366 [pool-2-thread-10] DEBUG org.apache.http.headers -- http-outgoing-41 << Connection: keep-alive
23:07:51.366 [pool-2-thread-10] DEBUG org.apache.http.headers -- http-outgoing-41 << Keep-Alive: timeout=5
23:07:51.366 [pool-2-thread-22] DEBUG org.apache.http.client.protocol.RequestAuthCache -- Auth cache not set in the context
23:07:51.366 [pool-2-thread-22] DEBUG com.intuit.karate -- request:
4 > POST http://localhost:3000/auth/login
4 > Content-Type: application/json; charset=UTF-8
4 > Content-Length: 48
4 > Host: localhost:3000
4 > Connection: Keep-Alive
4 > User-Agent: Apache-HttpClient/4.5.14 (Java/17.0.9)
4 > Accept-Encoding: gzip,deflate
{"email":"quang1@gmail.com","password":"quang1"}

23:07:51.366 [pool-2-thread-10] DEBUG org.apache.http.impl.execchain.MainClientExec -- Connection can be kept alive for 5000 MILLISECONDS
23:07:51.366 [pool-2-thread-22] DEBUG org.apache.http.impl.conn.PoolingHttpClientConnectionManager -- Connection request: [route: {}->http://localhost:3000][total available: 0; route allocated: 0 of 5; total allocated: 0 of 10]
23:07:51.366 [pool-2-thread-10] DEBUG org.apache.http.impl.conn.PoolingHttpClientConnectionManager -- Connection [id: 41][route: {}->http://localhost:3000] can be kept alive for 5.0 seconds
23:07:51.366 [pool-2-thread-10] DEBUG org.apache.http.impl.conn.DefaultManagedHttpClientConnection -- http-outgoing-41: set socket timeout to 0
23:07:51.366 [pool-2-thread-10] DEBUG org.apache.http.impl.conn.PoolingHttpClientConnectionManager -- Connection released: [id: 41][route: {}->http://localhost:3000][total available: 1; route allocated: 1 of 5; total allocated: 1 of 10]
23:07:51.366 [pool-2-thread-22] DEBUG org.apache.http.impl.conn.PoolingHttpClientConnectionManager -- Connection leased: [id: 83][route: {}->http://localhost:3000][total available: 0; route allocated: 1 of 5; total allocated: 1 of 10]
23:07:51.366 [pool-2-thread-10] DEBUG org.apache.http.impl.conn.PoolingHttpClientConnectionManager -- Connection manager is shutting down
23:07:51.366 [pool-2-thread-22] DEBUG org.apache.http.impl.execchain.MainClientExec -- Opening connection {}->http://localhost:3000
23:07:51.366 [pool-2-thread-10] DEBUG org.apache.http.impl.conn.DefaultManagedHttpClientConnection -- http-outgoing-41: Close connection
23:07:51.366 [pool-2-thread-10] DEBUG org.apache.http.impl.conn.PoolingHttpClientConnectionManager -- Connection manager shut down
23:07:51.366 [pool-2-thread-22] DEBUG org.apache.http.impl.conn.DefaultHttpClientConnectionOperator -- Connecting to localhost/127.0.0.1:3000
23:07:51.366 [pool-2-thread-10] DEBUG com.intuit.karate -- response time in milliseconds: 3975
2 < 200
2 < X-Powered-By: Express
2 < Access-Control-Allow-Origin: *
2 < Content-Type: application/json; charset=utf-8
2 < Content-Length: 605
2 < ETag: W/"25d-otiEWkk5uNYnNGQbH49DaHI1puU"
2 < Date: Sun, 22 Jun 2025 16:07:51 GMT
2 < Connection: keep-alive
2 < Keep-Alive: timeout=5
{"access_token":"eyJhbGciOiJIUzI1NiIsInR5cCI6IkpXVCJ9.eyJzdWIiOiIwYTM3ZWY0My1mZWU4LTQxZDMtYTY4Ni04YWIwODY5NDg2OTUiLCJ1c2VybmFtZSI6ImpvaG5kb2UyMSIsInJvbGUiOjAsImlhdCI6MTc1MDYwODQ3MSwiZXhwIjoxNzUwNjEyMDcxfQ.ntzgti0312viepIlzZ-k5clcn7fE26TeJSiGRnClhmA","refresh_token":"354cd3a8b7e55287d91ec291342244511002449fe151c9c7b301ea5df6f7c3bd","user":{"id":"0a37ef43-fee8-41d3-a686-8ab086948695","email":"testit2@gmail.com","username":"johndoe21","name":"John Doe","phoneNumber":"0123456712","profilePic":null,"bio":null,"private":false,"verified":false,"role":0,"followersCount":0,"followingCount":0,"postCount":0}}

23:07:51.366 [pool-2-thread-22] DEBUG org.apache.http.impl.conn.DefaultHttpClientConnectionOperator -- Connection established 127.0.0.1:52744<->127.0.0.1:3000
23:07:51.366 [pool-2-thread-22] DEBUG org.apache.http.impl.conn.DefaultManagedHttpClientConnection -- http-outgoing-83: set socket timeout to 30000
23:07:51.366 [pool-2-thread-22] DEBUG org.apache.http.impl.execchain.MainClientExec -- Executing request POST /auth/login HTTP/1.1
23:07:51.366 [pool-2-thread-22] DEBUG org.apache.http.impl.execchain.MainClientExec -- Target auth state: UNCHALLENGED
23:07:51.368 [pool-2-thread-22] DEBUG org.apache.http.impl.execchain.MainClientExec -- Proxy auth state: UNCHALLENGED
23:07:51.368 [pool-2-thread-22] DEBUG org.apache.http.headers -- http-outgoing-83 >> POST /auth/login HTTP/1.1
23:07:51.368 [pool-2-thread-22] DEBUG org.apache.http.headers -- http-outgoing-83 >> Content-Type: application/json; charset=UTF-8
23:07:51.368 [pool-2-thread-22] DEBUG org.apache.http.headers -- http-outgoing-83 >> Content-Length: 48
23:07:51.368 [pool-2-thread-22] DEBUG org.apache.http.headers -- http-outgoing-83 >> Host: localhost:3000
23:07:51.368 [pool-2-thread-22] DEBUG org.apache.http.headers -- http-outgoing-83 >> Connection: Keep-Alive
23:07:51.368 [pool-2-thread-22] DEBUG org.apache.http.headers -- http-outgoing-83 >> User-Agent: Apache-HttpClient/4.5.14 (Java/17.0.9)
23:07:51.368 [pool-2-thread-22] DEBUG org.apache.http.headers -- http-outgoing-83 >> Accept-Encoding: gzip,deflate
23:07:51.368 [pool-2-thread-22] DEBUG org.apache.http.wire -- http-outgoing-83 >> "POST /auth/login HTTP/1.1[\r][\n]"
23:07:51.368 [pool-2-thread-22] DEBUG org.apache.http.wire -- http-outgoing-83 >> "Content-Type: application/json; charset=UTF-8[\r][\n]"
23:07:51.368 [pool-2-thread-22] DEBUG org.apache.http.wire -- http-outgoing-83 >> "Content-Length: 48[\r][\n]"
23:07:51.368 [pool-2-thread-22] DEBUG org.apache.http.wire -- http-outgoing-83 >> "Host: localhost:3000[\r][\n]"
23:07:51.368 [pool-2-thread-22] DEBUG org.apache.http.wire -- http-outgoing-83 >> "Connection: Keep-Alive[\r][\n]"
23:07:51.368 [pool-2-thread-22] DEBUG org.apache.http.wire -- http-outgoing-83 >> "User-Agent: Apache-HttpClient/4.5.14 (Java/17.0.9)[\r][\n]"
23:07:51.368 [pool-2-thread-22] DEBUG org.apache.http.wire -- http-outgoing-83 >> "Accept-Encoding: gzip,deflate[\r][\n]"
23:07:51.368 [pool-2-thread-22] DEBUG org.apache.http.wire -- http-outgoing-83 >> "[\r][\n]"
23:07:51.368 [pool-2-thread-22] DEBUG org.apache.http.wire -- http-outgoing-83 >> "{"email":"quang1@gmail.com","password":"quang1"}"
23:07:51.369 [pool-2-thread-10] INFO com.intuit.karate -- [print] Call 2 completed, status: 200 
23:07:51.370 [pool-2-thread-10] INFO com.intuit.karate -- [print] *** API CALL 3 *** 
23:07:51.372 [pool-2-thread-10] DEBUG org.apache.http.client.protocol.RequestAddCookies -- CookieSpec selected: karate
23:07:51.373 [pool-2-thread-10] DEBUG org.apache.http.client.protocol.RequestAuthCache -- Auth cache not set in the context
23:07:51.373 [pool-2-thread-10] DEBUG com.intuit.karate -- request:
3 > POST http://localhost:3000/auth/login
3 > Content-Type: application/json; charset=UTF-8
3 > Content-Length: 54
3 > Host: localhost:3000
3 > Connection: Keep-Alive
3 > User-Agent: Apache-HttpClient/4.5.14 (Java/17.0.9)
3 > Accept-Encoding: gzip,deflate
{"email":"testit2@gmail.com","password":"Password123"}

23:07:51.373 [pool-2-thread-10] DEBUG org.apache.http.impl.conn.PoolingHttpClientConnectionManager -- Connection request: [route: {}->http://localhost:3000][total available: 0; route allocated: 0 of 5; total allocated: 0 of 10]
23:07:51.381 [pool-2-thread-10] DEBUG org.apache.http.impl.conn.PoolingHttpClientConnectionManager -- Connection leased: [id: 84][route: {}->http://localhost:3000][total available: 0; route allocated: 1 of 5; total allocated: 1 of 10]
23:07:51.381 [pool-2-thread-10] DEBUG org.apache.http.impl.execchain.MainClientExec -- Opening connection {}->http://localhost:3000
23:07:51.381 [pool-2-thread-10] DEBUG org.apache.http.impl.conn.DefaultHttpClientConnectionOperator -- Connecting to localhost/127.0.0.1:3000
23:07:51.382 [pool-2-thread-10] DEBUG org.apache.http.impl.conn.DefaultHttpClientConnectionOperator -- Connection established 127.0.0.1:52745<->127.0.0.1:3000
23:07:51.382 [pool-2-thread-10] DEBUG org.apache.http.impl.conn.DefaultManagedHttpClientConnection -- http-outgoing-84: set socket timeout to 30000
23:07:51.382 [pool-2-thread-10] DEBUG org.apache.http.impl.execchain.MainClientExec -- Executing request POST /auth/login HTTP/1.1
23:07:51.382 [pool-2-thread-10] DEBUG org.apache.http.impl.execchain.MainClientExec -- Target auth state: UNCHALLENGED
23:07:51.382 [pool-2-thread-10] DEBUG org.apache.http.impl.execchain.MainClientExec -- Proxy auth state: UNCHALLENGED
23:07:51.382 [pool-2-thread-10] DEBUG org.apache.http.headers -- http-outgoing-84 >> POST /auth/login HTTP/1.1
23:07:51.382 [pool-2-thread-10] DEBUG org.apache.http.headers -- http-outgoing-84 >> Content-Type: application/json; charset=UTF-8
23:07:51.382 [pool-2-thread-10] DEBUG org.apache.http.headers -- http-outgoing-84 >> Content-Length: 54
23:07:51.382 [pool-2-thread-10] DEBUG org.apache.http.headers -- http-outgoing-84 >> Host: localhost:3000
23:07:51.382 [pool-2-thread-10] DEBUG org.apache.http.headers -- http-outgoing-84 >> Connection: Keep-Alive
23:07:51.382 [pool-2-thread-10] DEBUG org.apache.http.headers -- http-outgoing-84 >> User-Agent: Apache-HttpClient/4.5.14 (Java/17.0.9)
23:07:51.382 [pool-2-thread-10] DEBUG org.apache.http.headers -- http-outgoing-84 >> Accept-Encoding: gzip,deflate
23:07:51.383 [pool-2-thread-10] DEBUG org.apache.http.wire -- http-outgoing-84 >> "POST /auth/login HTTP/1.1[\r][\n]"
23:07:51.383 [pool-2-thread-10] DEBUG org.apache.http.wire -- http-outgoing-84 >> "Content-Type: application/json; charset=UTF-8[\r][\n]"
23:07:51.383 [pool-2-thread-10] DEBUG org.apache.http.wire -- http-outgoing-84 >> "Content-Length: 54[\r][\n]"
23:07:51.383 [pool-2-thread-10] DEBUG org.apache.http.wire -- http-outgoing-84 >> "Host: localhost:3000[\r][\n]"
23:07:51.383 [pool-2-thread-10] DEBUG org.apache.http.wire -- http-outgoing-84 >> "Connection: Keep-Alive[\r][\n]"
23:07:51.383 [pool-2-thread-10] DEBUG org.apache.http.wire -- http-outgoing-84 >> "User-Agent: Apache-HttpClient/4.5.14 (Java/17.0.9)[\r][\n]"
23:07:51.383 [pool-2-thread-10] DEBUG org.apache.http.wire -- http-outgoing-84 >> "Accept-Encoding: gzip,deflate[\r][\n]"
23:07:51.383 [pool-2-thread-10] DEBUG org.apache.http.wire -- http-outgoing-84 >> "[\r][\n]"
23:07:51.383 [pool-2-thread-10] DEBUG org.apache.http.wire -- http-outgoing-84 >> "{"email":"testit2@gmail.com","password":"Password123"}"
23:07:52.175 [pool-2-thread-24] DEBUG org.apache.http.wire -- http-outgoing-66 << "HTTP/1.1 200 OK[\r][\n]"
23:07:52.175 [pool-2-thread-24] DEBUG org.apache.http.wire -- http-outgoing-66 << "X-Powered-By: Express[\r][\n]"
23:07:52.175 [pool-2-thread-24] DEBUG org.apache.http.wire -- http-outgoing-66 << "Access-Control-Allow-Origin: *[\r][\n]"
23:07:52.175 [pool-2-thread-24] DEBUG org.apache.http.wire -- http-outgoing-66 << "Content-Type: application/json; charset=utf-8[\r][\n]"
23:07:52.175 [pool-2-thread-24] DEBUG org.apache.http.wire -- http-outgoing-66 << "Content-Length: 608[\r][\n]"
23:07:52.175 [pool-2-thread-24] DEBUG org.apache.http.wire -- http-outgoing-66 << "ETag: W/"260-RIozAN1aJEyxwylL9NSag0txq5I"[\r][\n]"
23:07:52.175 [pool-2-thread-24] DEBUG org.apache.http.wire -- http-outgoing-66 << "Date: Sun, 22 Jun 2025 16:07:52 GMT[\r][\n]"
23:07:52.175 [pool-2-thread-24] DEBUG org.apache.http.wire -- http-outgoing-66 << "Connection: keep-alive[\r][\n]"
23:07:52.175 [pool-2-thread-24] DEBUG org.apache.http.wire -- http-outgoing-66 << "Keep-Alive: timeout=5[\r][\n]"
23:07:52.175 [pool-2-thread-24] DEBUG org.apache.http.wire -- http-outgoing-66 << "[\r][\n]"
23:07:52.175 [pool-2-thread-24] DEBUG org.apache.http.wire -- http-outgoing-66 << "{"access_token":"eyJhbGciOiJIUzI1NiIsInR5cCI6IkpXVCJ9.eyJzdWIiOiI4YTI0NzQ2MS01YzA0LTQyMWQtOThmNS1mYTljNzM0ZmFlYTUiLCJ1c2VybmFtZSI6ImphbmVzbWl0aCIsInJvbGUiOjAsImlhdCI6MTc1MDYwODQ3MSwiZXhwIjoxNzUwNjEyMDcxfQ.Eah5437iie6fy1IjIZBrBScaLEi_BMSkaQ1S2fkgXSM","refresh_token":"dbd10258abee35d28428bb3d90ddb85fabb3f1173c16c06c6ac0afcb8871776b","user":{"id":"8a247461-5c04-421d-98f5-fa9c734faea5","email":"test2@example.com","username":"janesmith","name":"Jane Smith","phoneNumber":"01234567890","profilePic":null,"bio":null,"private":false,"verified":false,"role":0,"followersCount":0,"followingCount":0,"postCount":0}}"
23:07:52.175 [pool-2-thread-24] DEBUG org.apache.http.headers -- http-outgoing-66 << HTTP/1.1 200 OK
23:07:52.175 [pool-2-thread-24] DEBUG org.apache.http.headers -- http-outgoing-66 << X-Powered-By: Express
23:07:52.175 [pool-2-thread-24] DEBUG org.apache.http.headers -- http-outgoing-66 << Access-Control-Allow-Origin: *
23:07:52.175 [pool-2-thread-24] DEBUG org.apache.http.headers -- http-outgoing-66 << Content-Type: application/json; charset=utf-8
23:07:52.175 [pool-2-thread-24] DEBUG org.apache.http.headers -- http-outgoing-66 << Content-Length: 608
23:07:52.175 [pool-2-thread-24] DEBUG org.apache.http.headers -- http-outgoing-66 << ETag: W/"260-RIozAN1aJEyxwylL9NSag0txq5I"
23:07:52.175 [pool-2-thread-24] DEBUG org.apache.http.headers -- http-outgoing-66 << Date: Sun, 22 Jun 2025 16:07:52 GMT
23:07:52.175 [pool-2-thread-24] DEBUG org.apache.http.headers -- http-outgoing-66 << Connection: keep-alive
23:07:52.175 [pool-2-thread-24] DEBUG org.apache.http.headers -- http-outgoing-66 << Keep-Alive: timeout=5
23:07:52.175 [pool-2-thread-24] DEBUG org.apache.http.impl.execchain.MainClientExec -- Connection can be kept alive for 5000 MILLISECONDS
23:07:52.175 [pool-2-thread-24] DEBUG org.apache.http.impl.conn.PoolingHttpClientConnectionManager -- Connection [id: 66][route: {}->http://localhost:3000] can be kept alive for 5.0 seconds
23:07:52.175 [pool-2-thread-24] DEBUG org.apache.http.impl.conn.DefaultManagedHttpClientConnection -- http-outgoing-66: set socket timeout to 0
23:07:52.175 [pool-2-thread-24] DEBUG org.apache.http.impl.conn.PoolingHttpClientConnectionManager -- Connection released: [id: 66][route: {}->http://localhost:3000][total available: 1; route allocated: 1 of 5; total allocated: 1 of 10]
23:07:52.175 [pool-2-thread-24] DEBUG org.apache.http.impl.conn.PoolingHttpClientConnectionManager -- Connection manager is shutting down
23:07:52.175 [pool-2-thread-24] DEBUG org.apache.http.impl.conn.DefaultManagedHttpClientConnection -- http-outgoing-66: Close connection
23:07:52.175 [pool-2-thread-24] DEBUG org.apache.http.impl.conn.PoolingHttpClientConnectionManager -- Connection manager shut down
23:07:52.175 [pool-2-thread-24] DEBUG com.intuit.karate -- response time in milliseconds: 1933
3 < 200
3 < X-Powered-By: Express
3 < Access-Control-Allow-Origin: *
3 < Content-Type: application/json; charset=utf-8
3 < Content-Length: 608
3 < ETag: W/"260-RIozAN1aJEyxwylL9NSag0txq5I"
3 < Date: Sun, 22 Jun 2025 16:07:52 GMT
3 < Connection: keep-alive
3 < Keep-Alive: timeout=5
{"access_token":"eyJhbGciOiJIUzI1NiIsInR5cCI6IkpXVCJ9.eyJzdWIiOiI4YTI0NzQ2MS01YzA0LTQyMWQtOThmNS1mYTljNzM0ZmFlYTUiLCJ1c2VybmFtZSI6ImphbmVzbWl0aCIsInJvbGUiOjAsImlhdCI6MTc1MDYwODQ3MSwiZXhwIjoxNzUwNjEyMDcxfQ.Eah5437iie6fy1IjIZBrBScaLEi_BMSkaQ1S2fkgXSM","refresh_token":"dbd10258abee35d28428bb3d90ddb85fabb3f1173c16c06c6ac0afcb8871776b","user":{"id":"8a247461-5c04-421d-98f5-fa9c734faea5","email":"test2@example.com","username":"janesmith","name":"Jane Smith","phoneNumber":"01234567890","profilePic":null,"bio":null,"private":false,"verified":false,"role":0,"followersCount":0,"followingCount":0,"postCount":0}}

23:07:52.176 [pool-2-thread-24] INFO com.intuit.karate -- [print] Call 3 completed, status: 200 
23:07:52.176 [pool-2-thread-6] DEBUG org.apache.http.wire -- http-outgoing-65 << "HTTP/1.1 200 OK[\r][\n]"
23:07:52.176 [pool-2-thread-6] DEBUG org.apache.http.wire -- http-outgoing-65 << "X-Powered-By: Express[\r][\n]"
23:07:52.176 [pool-2-thread-6] DEBUG org.apache.http.wire -- http-outgoing-65 << "Access-Control-Allow-Origin: *[\r][\n]"
23:07:52.176 [pool-2-thread-6] DEBUG org.apache.http.wire -- http-outgoing-65 << "Content-Type: application/json; charset=utf-8[\r][\n]"
23:07:52.176 [pool-2-thread-6] DEBUG org.apache.http.wire -- http-outgoing-65 << "Content-Length: 607[\r][\n]"
23:07:52.176 [pool-2-thread-6] DEBUG org.apache.http.wire -- http-outgoing-65 << "ETag: W/"25f-0sX1e31JJg1ELNZzv+c6kQ/kOGg"[\r][\n]"
23:07:52.176 [pool-2-thread-6] DEBUG org.apache.http.wire -- http-outgoing-65 << "Date: Sun, 22 Jun 2025 16:07:52 GMT[\r][\n]"
23:07:52.176 [pool-2-thread-6] DEBUG org.apache.http.wire -- http-outgoing-65 << "Connection: keep-alive[\r][\n]"
23:07:52.176 [pool-2-thread-6] DEBUG org.apache.http.wire -- http-outgoing-65 << "Keep-Alive: timeout=5[\r][\n]"
23:07:52.176 [pool-2-thread-6] DEBUG org.apache.http.wire -- http-outgoing-65 << "[\r][\n]"
23:07:52.176 [pool-2-thread-6] DEBUG org.apache.http.wire -- http-outgoing-65 << "{"access_token":"eyJhbGciOiJIUzI1NiIsInR5cCI6IkpXVCJ9.eyJzdWIiOiI5YTI2OTc2Yy0xNTMyLTRkZjMtYTE2ZS03NjMxNTI1Yzg1MDIiLCJ1c2VybmFtZSI6ImpvaG5kb2UyZDUiLCJyb2xlIjowLCJpYXQiOjE3NTA2MDg0NzEsImV4cCI6MTc1MDYxMjA3MX0.GZ6EWY3DgTy1tC_PSRhuFmnp7jkdYjpUdXLci5q04e0","refresh_token":"cb28b3a5e835c00a6d210d644408924fa8806dbf32a0f02f0d6241dd12b2f326","user":{"id":"9a26976c-1532-4df3-a16e-7631525c8502","email":"testit4@gmail.com","username":"johndoe2d5","name":"John Doe","phoneNumber":"0123456212","profilePic":null,"bio":null,"private":false,"verified":false,"role":0,"followersCount":0,"followingCount":0,"postCount":0}}"
23:07:52.176 [pool-2-thread-6] DEBUG org.apache.http.headers -- http-outgoing-65 << HTTP/1.1 200 OK
23:07:52.176 [pool-2-thread-6] DEBUG org.apache.http.headers -- http-outgoing-65 << X-Powered-By: Express
23:07:52.176 [pool-2-thread-6] DEBUG org.apache.http.headers -- http-outgoing-65 << Access-Control-Allow-Origin: *
23:07:52.176 [pool-2-thread-6] DEBUG org.apache.http.headers -- http-outgoing-65 << Content-Type: application/json; charset=utf-8
23:07:52.176 [pool-2-thread-6] DEBUG org.apache.http.headers -- http-outgoing-65 << Content-Length: 607
23:07:52.176 [pool-2-thread-6] DEBUG org.apache.http.headers -- http-outgoing-65 << ETag: W/"25f-0sX1e31JJg1ELNZzv+c6kQ/kOGg"
23:07:52.176 [pool-2-thread-6] DEBUG org.apache.http.headers -- http-outgoing-65 << Date: Sun, 22 Jun 2025 16:07:52 GMT
23:07:52.176 [pool-2-thread-6] DEBUG org.apache.http.headers -- http-outgoing-65 << Connection: keep-alive
23:07:52.176 [pool-2-thread-6] DEBUG org.apache.http.headers -- http-outgoing-65 << Keep-Alive: timeout=5
23:07:52.176 [pool-2-thread-6] DEBUG org.apache.http.impl.execchain.MainClientExec -- Connection can be kept alive for 5000 MILLISECONDS
23:07:52.176 [pool-2-thread-6] DEBUG org.apache.http.impl.conn.PoolingHttpClientConnectionManager -- Connection [id: 65][route: {}->http://localhost:3000] can be kept alive for 5.0 seconds
23:07:52.176 [pool-2-thread-6] DEBUG org.apache.http.impl.conn.DefaultManagedHttpClientConnection -- http-outgoing-65: set socket timeout to 0
23:07:52.176 [pool-2-thread-6] DEBUG org.apache.http.impl.conn.PoolingHttpClientConnectionManager -- Connection released: [id: 65][route: {}->http://localhost:3000][total available: 1; route allocated: 1 of 5; total allocated: 1 of 10]
23:07:52.176 [pool-2-thread-6] DEBUG org.apache.http.impl.conn.PoolingHttpClientConnectionManager -- Connection manager is shutting down
23:07:52.176 [pool-2-thread-6] DEBUG org.apache.http.impl.conn.DefaultManagedHttpClientConnection -- http-outgoing-65: Close connection
23:07:52.178 [pool-2-thread-6] DEBUG org.apache.http.impl.conn.PoolingHttpClientConnectionManager -- Connection manager shut down
23:07:52.178 [pool-2-thread-24] INFO com.intuit.karate -- [print] *** API CALL 4 *** 
23:07:52.178 [pool-2-thread-6] DEBUG com.intuit.karate -- response time in milliseconds: 1961
3 < 200
3 < X-Powered-By: Express
3 < Access-Control-Allow-Origin: *
3 < Content-Type: application/json; charset=utf-8
3 < Content-Length: 607
3 < ETag: W/"25f-0sX1e31JJg1ELNZzv+c6kQ/kOGg"
3 < Date: Sun, 22 Jun 2025 16:07:52 GMT
3 < Connection: keep-alive
3 < Keep-Alive: timeout=5
{"access_token":"eyJhbGciOiJIUzI1NiIsInR5cCI6IkpXVCJ9.eyJzdWIiOiI5YTI2OTc2Yy0xNTMyLTRkZjMtYTE2ZS03NjMxNTI1Yzg1MDIiLCJ1c2VybmFtZSI6ImpvaG5kb2UyZDUiLCJyb2xlIjowLCJpYXQiOjE3NTA2MDg0NzEsImV4cCI6MTc1MDYxMjA3MX0.GZ6EWY3DgTy1tC_PSRhuFmnp7jkdYjpUdXLci5q04e0","refresh_token":"cb28b3a5e835c00a6d210d644408924fa8806dbf32a0f02f0d6241dd12b2f326","user":{"id":"9a26976c-1532-4df3-a16e-7631525c8502","email":"testit4@gmail.com","username":"johndoe2d5","name":"John Doe","phoneNumber":"0123456212","profilePic":null,"bio":null,"private":false,"verified":false,"role":0,"followersCount":0,"followingCount":0,"postCount":0}}

23:07:52.178 [pool-2-thread-6] INFO com.intuit.karate -- [print] Call 3 completed, status: 200 
23:07:52.178 [pool-2-thread-6] INFO com.intuit.karate -- [print] *** API CALL 4 *** 
23:07:52.178 [pool-2-thread-24] DEBUG org.apache.http.client.protocol.RequestAddCookies -- CookieSpec selected: karate
23:07:52.178 [pool-2-thread-24] DEBUG org.apache.http.client.protocol.RequestAuthCache -- Auth cache not set in the context
23:07:52.178 [pool-2-thread-24] DEBUG com.intuit.karate -- request:
4 > POST http://localhost:3000/auth/login
4 > Content-Type: application/json; charset=UTF-8
4 > Content-Length: 54
4 > Host: localhost:3000
4 > Connection: Keep-Alive
4 > User-Agent: Apache-HttpClient/4.5.14 (Java/17.0.9)
4 > Accept-Encoding: gzip,deflate
{"email":"test2@example.com","password":"Password123"}

23:07:52.178 [pool-2-thread-24] DEBUG org.apache.http.impl.conn.PoolingHttpClientConnectionManager -- Connection request: [route: {}->http://localhost:3000][total available: 0; route allocated: 0 of 5; total allocated: 0 of 10]
23:07:52.178 [pool-2-thread-24] DEBUG org.apache.http.impl.conn.PoolingHttpClientConnectionManager -- Connection leased: [id: 85][route: {}->http://localhost:3000][total available: 0; route allocated: 1 of 5; total allocated: 1 of 10]
23:07:52.178 [pool-2-thread-24] DEBUG org.apache.http.impl.execchain.MainClientExec -- Opening connection {}->http://localhost:3000
23:07:52.178 [pool-2-thread-24] DEBUG org.apache.http.impl.conn.DefaultHttpClientConnectionOperator -- Connecting to localhost/127.0.0.1:3000
23:07:52.179 [pool-2-thread-24] DEBUG org.apache.http.impl.conn.DefaultHttpClientConnectionOperator -- Connection established 127.0.0.1:52749<->127.0.0.1:3000
23:07:52.179 [pool-2-thread-6] DEBUG org.apache.http.client.protocol.RequestAddCookies -- CookieSpec selected: karate
23:07:52.179 [pool-2-thread-24] DEBUG org.apache.http.impl.conn.DefaultManagedHttpClientConnection -- http-outgoing-85: set socket timeout to 30000
23:07:52.179 [pool-2-thread-24] DEBUG org.apache.http.impl.execchain.MainClientExec -- Executing request POST /auth/login HTTP/1.1
23:07:52.179 [pool-2-thread-24] DEBUG org.apache.http.impl.execchain.MainClientExec -- Target auth state: UNCHALLENGED
23:07:52.179 [pool-2-thread-24] DEBUG org.apache.http.impl.execchain.MainClientExec -- Proxy auth state: UNCHALLENGED
23:07:52.179 [pool-2-thread-6] DEBUG org.apache.http.client.protocol.RequestAuthCache -- Auth cache not set in the context
23:07:52.179 [pool-2-thread-24] DEBUG org.apache.http.headers -- http-outgoing-85 >> POST /auth/login HTTP/1.1
23:07:52.179 [pool-2-thread-24] DEBUG org.apache.http.headers -- http-outgoing-85 >> Content-Type: application/json; charset=UTF-8
23:07:52.179 [pool-2-thread-24] DEBUG org.apache.http.headers -- http-outgoing-85 >> Content-Length: 54
23:07:52.179 [pool-2-thread-24] DEBUG org.apache.http.headers -- http-outgoing-85 >> Host: localhost:3000
23:07:52.179 [pool-2-thread-24] DEBUG org.apache.http.headers -- http-outgoing-85 >> Connection: Keep-Alive
23:07:52.179 [pool-2-thread-6] DEBUG com.intuit.karate -- request:
4 > POST http://localhost:3000/auth/login
4 > Content-Type: application/json; charset=UTF-8
4 > Content-Length: 54
4 > Host: localhost:3000
4 > Connection: Keep-Alive
4 > User-Agent: Apache-HttpClient/4.5.14 (Java/17.0.9)
4 > Accept-Encoding: gzip,deflate
{"email":"testit4@gmail.com","password":"Password123"}

23:07:52.179 [pool-2-thread-24] DEBUG org.apache.http.headers -- http-outgoing-85 >> User-Agent: Apache-HttpClient/4.5.14 (Java/17.0.9)
23:07:52.179 [pool-2-thread-24] DEBUG org.apache.http.headers -- http-outgoing-85 >> Accept-Encoding: gzip,deflate
23:07:52.179 [pool-2-thread-24] DEBUG org.apache.http.wire -- http-outgoing-85 >> "POST /auth/login HTTP/1.1[\r][\n]"
23:07:52.179 [pool-2-thread-24] DEBUG org.apache.http.wire -- http-outgoing-85 >> "Content-Type: application/json; charset=UTF-8[\r][\n]"
23:07:52.179 [pool-2-thread-24] DEBUG org.apache.http.wire -- http-outgoing-85 >> "Content-Length: 54[\r][\n]"
23:07:52.179 [pool-2-thread-6] DEBUG org.apache.http.impl.conn.PoolingHttpClientConnectionManager -- Connection request: [route: {}->http://localhost:3000][total available: 0; route allocated: 0 of 5; total allocated: 0 of 10]
23:07:52.179 [pool-2-thread-24] DEBUG org.apache.http.wire -- http-outgoing-85 >> "Host: localhost:3000[\r][\n]"
23:07:52.179 [pool-2-thread-24] DEBUG org.apache.http.wire -- http-outgoing-85 >> "Connection: Keep-Alive[\r][\n]"
23:07:52.179 [pool-2-thread-24] DEBUG org.apache.http.wire -- http-outgoing-85 >> "User-Agent: Apache-HttpClient/4.5.14 (Java/17.0.9)[\r][\n]"
23:07:52.179 [pool-2-thread-24] DEBUG org.apache.http.wire -- http-outgoing-85 >> "Accept-Encoding: gzip,deflate[\r][\n]"
23:07:52.179 [pool-2-thread-24] DEBUG org.apache.http.wire -- http-outgoing-85 >> "[\r][\n]"
23:07:52.179 [pool-2-thread-24] DEBUG org.apache.http.wire -- http-outgoing-85 >> "{"email":"test2@example.com","password":"Password123"}"
23:07:52.179 [pool-2-thread-6] DEBUG org.apache.http.impl.conn.PoolingHttpClientConnectionManager -- Connection leased: [id: 86][route: {}->http://localhost:3000][total available: 0; route allocated: 1 of 5; total allocated: 1 of 10]
23:07:52.179 [pool-2-thread-6] DEBUG org.apache.http.impl.execchain.MainClientExec -- Opening connection {}->http://localhost:3000
23:07:52.179 [pool-2-thread-6] DEBUG org.apache.http.impl.conn.DefaultHttpClientConnectionOperator -- Connecting to localhost/127.0.0.1:3000
23:07:52.179 [pool-2-thread-6] DEBUG org.apache.http.impl.conn.DefaultHttpClientConnectionOperator -- Connection established 127.0.0.1:52750<->127.0.0.1:3000
23:07:52.179 [pool-2-thread-6] DEBUG org.apache.http.impl.conn.DefaultManagedHttpClientConnection -- http-outgoing-86: set socket timeout to 30000
23:07:52.179 [pool-2-thread-6] DEBUG org.apache.http.impl.execchain.MainClientExec -- Executing request POST /auth/login HTTP/1.1
23:07:52.179 [pool-2-thread-6] DEBUG org.apache.http.impl.execchain.MainClientExec -- Target auth state: UNCHALLENGED
23:07:52.179 [pool-2-thread-6] DEBUG org.apache.http.impl.execchain.MainClientExec -- Proxy auth state: UNCHALLENGED
23:07:52.179 [pool-2-thread-6] DEBUG org.apache.http.headers -- http-outgoing-86 >> POST /auth/login HTTP/1.1
23:07:52.179 [pool-2-thread-6] DEBUG org.apache.http.headers -- http-outgoing-86 >> Content-Type: application/json; charset=UTF-8
23:07:52.179 [pool-2-thread-6] DEBUG org.apache.http.headers -- http-outgoing-86 >> Content-Length: 54
23:07:52.179 [pool-2-thread-6] DEBUG org.apache.http.headers -- http-outgoing-86 >> Host: localhost:3000
23:07:52.179 [pool-2-thread-6] DEBUG org.apache.http.headers -- http-outgoing-86 >> Connection: Keep-Alive
23:07:52.179 [pool-2-thread-6] DEBUG org.apache.http.headers -- http-outgoing-86 >> User-Agent: Apache-HttpClient/4.5.14 (Java/17.0.9)
23:07:52.179 [pool-2-thread-6] DEBUG org.apache.http.headers -- http-outgoing-86 >> Accept-Encoding: gzip,deflate
23:07:52.179 [pool-2-thread-6] DEBUG org.apache.http.wire -- http-outgoing-86 >> "POST /auth/login HTTP/1.1[\r][\n]"
23:07:52.179 [pool-2-thread-6] DEBUG org.apache.http.wire -- http-outgoing-86 >> "Content-Type: application/json; charset=UTF-8[\r][\n]"
23:07:52.179 [pool-2-thread-6] DEBUG org.apache.http.wire -- http-outgoing-86 >> "Content-Length: 54[\r][\n]"
23:07:52.179 [pool-2-thread-6] DEBUG org.apache.http.wire -- http-outgoing-86 >> "Host: localhost:3000[\r][\n]"
23:07:52.179 [pool-2-thread-6] DEBUG org.apache.http.wire -- http-outgoing-86 >> "Connection: Keep-Alive[\r][\n]"
23:07:52.179 [pool-2-thread-6] DEBUG org.apache.http.wire -- http-outgoing-86 >> "User-Agent: Apache-HttpClient/4.5.14 (Java/17.0.9)[\r][\n]"
23:07:52.179 [pool-2-thread-6] DEBUG org.apache.http.wire -- http-outgoing-86 >> "Accept-Encoding: gzip,deflate[\r][\n]"
23:07:52.179 [pool-2-thread-6] DEBUG org.apache.http.wire -- http-outgoing-86 >> "[\r][\n]"
23:07:52.179 [pool-2-thread-6] DEBUG org.apache.http.wire -- http-outgoing-86 >> "{"email":"testit4@gmail.com","password":"Password123"}"
23:07:52.222 [pool-2-thread-3] DEBUG org.apache.http.wire -- http-outgoing-67 << "HTTP/1.1 200 OK[\r][\n]"
23:07:52.222 [pool-2-thread-3] DEBUG org.apache.http.wire -- http-outgoing-67 << "X-Powered-By: Express[\r][\n]"
23:07:52.222 [pool-2-thread-3] DEBUG org.apache.http.wire -- http-outgoing-67 << "Access-Control-Allow-Origin: *[\r][\n]"
23:07:52.222 [pool-2-thread-3] DEBUG org.apache.http.wire -- http-outgoing-67 << "Content-Type: application/json; charset=utf-8[\r][\n]"
23:07:52.222 [pool-2-thread-3] DEBUG org.apache.http.wire -- http-outgoing-67 << "Content-Length: 599[\r][\n]"
23:07:52.222 [pool-2-thread-3] DEBUG org.apache.http.wire -- http-outgoing-67 << "ETag: W/"257-YOaM0BXIJ96Eh/5sHFST0EC/A7Y"[\r][\n]"
23:07:52.222 [pool-2-thread-3] DEBUG org.apache.http.wire -- http-outgoing-67 << "Date: Sun, 22 Jun 2025 16:07:52 GMT[\r][\n]"
23:07:52.222 [pool-2-thread-3] DEBUG org.apache.http.wire -- http-outgoing-67 << "Connection: keep-alive[\r][\n]"
23:07:52.222 [pool-2-thread-3] DEBUG org.apache.http.wire -- http-outgoing-67 << "Keep-Alive: timeout=5[\r][\n]"
23:07:52.222 [pool-2-thread-3] DEBUG org.apache.http.wire -- http-outgoing-67 << "[\r][\n]"
23:07:52.222 [pool-2-thread-3] DEBUG org.apache.http.wire -- http-outgoing-67 << "{"access_token":"eyJhbGciOiJIUzI1NiIsInR5cCI6IkpXVCJ9.eyJzdWIiOiIyZGRhMDQzOS01MTgwLTQ1YWEtOTE3Zi1lNjMyZTQ1YThlNDEiLCJ1c2VybmFtZSI6ImpvaG5kb2UiLCJyb2xlIjowLCJpYXQiOjE3NTA2MDg0NzEsImV4cCI6MTc1MDYxMjA3MX0.16T2dT7w6Co-AaG68ip9SKO7o3QTJ7nB7bztxgWHNkE","refresh_token":"fce34d540a369c5c76a63c58093c8c7ba0b173423158538b1c732617c431ab83","user":{"id":"2dda0439-5180-45aa-917f-e632e45a8e41","email":"test@example.com","username":"johndoe","name":"John Doe","phoneNumber":"0987654321","profilePic":null,"bio":null,"private":false,"verified":false,"role":0,"followersCount":0,"followingCount":0,"postCount":0}}"
23:07:52.222 [pool-2-thread-3] DEBUG org.apache.http.headers -- http-outgoing-67 << HTTP/1.1 200 OK
23:07:52.222 [pool-2-thread-3] DEBUG org.apache.http.headers -- http-outgoing-67 << X-Powered-By: Express
23:07:52.222 [pool-2-thread-3] DEBUG org.apache.http.headers -- http-outgoing-67 << Access-Control-Allow-Origin: *
23:07:52.222 [pool-2-thread-3] DEBUG org.apache.http.headers -- http-outgoing-67 << Content-Type: application/json; charset=utf-8
23:07:52.223 [pool-2-thread-3] DEBUG org.apache.http.headers -- http-outgoing-67 << Content-Length: 599
23:07:52.223 [pool-2-thread-3] DEBUG org.apache.http.headers -- http-outgoing-67 << ETag: W/"257-YOaM0BXIJ96Eh/5sHFST0EC/A7Y"
23:07:52.223 [pool-2-thread-3] DEBUG org.apache.http.headers -- http-outgoing-67 << Date: Sun, 22 Jun 2025 16:07:52 GMT
23:07:52.223 [pool-2-thread-3] DEBUG org.apache.http.headers -- http-outgoing-67 << Connection: keep-alive
23:07:52.223 [pool-2-thread-3] DEBUG org.apache.http.headers -- http-outgoing-67 << Keep-Alive: timeout=5
23:07:52.223 [pool-2-thread-3] DEBUG org.apache.http.impl.execchain.MainClientExec -- Connection can be kept alive for 5000 MILLISECONDS
23:07:52.223 [pool-2-thread-3] DEBUG org.apache.http.impl.conn.PoolingHttpClientConnectionManager -- Connection [id: 67][route: {}->http://localhost:3000] can be kept alive for 5.0 seconds
23:07:52.223 [pool-2-thread-3] DEBUG org.apache.http.impl.conn.DefaultManagedHttpClientConnection -- http-outgoing-67: set socket timeout to 0
23:07:52.223 [pool-2-thread-3] DEBUG org.apache.http.impl.conn.PoolingHttpClientConnectionManager -- Connection released: [id: 67][route: {}->http://localhost:3000][total available: 1; route allocated: 1 of 5; total allocated: 1 of 10]
23:07:52.223 [pool-2-thread-3] DEBUG org.apache.http.impl.conn.PoolingHttpClientConnectionManager -- Connection manager is shutting down
23:07:52.223 [pool-2-thread-3] DEBUG org.apache.http.impl.conn.DefaultManagedHttpClientConnection -- http-outgoing-67: Close connection
23:07:52.223 [pool-2-thread-3] DEBUG org.apache.http.impl.conn.PoolingHttpClientConnectionManager -- Connection manager shut down
23:07:52.223 [pool-2-thread-3] DEBUG com.intuit.karate -- response time in milliseconds: 1969
3 < 200
3 < X-Powered-By: Express
3 < Access-Control-Allow-Origin: *
3 < Content-Type: application/json; charset=utf-8
3 < Content-Length: 599
3 < ETag: W/"257-YOaM0BXIJ96Eh/5sHFST0EC/A7Y"
3 < Date: Sun, 22 Jun 2025 16:07:52 GMT
3 < Connection: keep-alive
3 < Keep-Alive: timeout=5
{"access_token":"eyJhbGciOiJIUzI1NiIsInR5cCI6IkpXVCJ9.eyJzdWIiOiIyZGRhMDQzOS01MTgwLTQ1YWEtOTE3Zi1lNjMyZTQ1YThlNDEiLCJ1c2VybmFtZSI6ImpvaG5kb2UiLCJyb2xlIjowLCJpYXQiOjE3NTA2MDg0NzEsImV4cCI6MTc1MDYxMjA3MX0.16T2dT7w6Co-AaG68ip9SKO7o3QTJ7nB7bztxgWHNkE","refresh_token":"fce34d540a369c5c76a63c58093c8c7ba0b173423158538b1c732617c431ab83","user":{"id":"2dda0439-5180-45aa-917f-e632e45a8e41","email":"test@example.com","username":"johndoe","name":"John Doe","phoneNumber":"0987654321","profilePic":null,"bio":null,"private":false,"verified":false,"role":0,"followersCount":0,"followingCount":0,"postCount":0}}

23:07:52.224 [pool-2-thread-3] INFO com.intuit.karate -- [print] Call 3 completed, status: 200 
23:07:52.224 [pool-2-thread-3] INFO com.intuit.karate -- [print] *** API CALL 4 *** 
23:07:52.225 [pool-2-thread-3] DEBUG org.apache.http.client.protocol.RequestAddCookies -- CookieSpec selected: karate
23:07:52.225 [pool-2-thread-3] DEBUG org.apache.http.client.protocol.RequestAuthCache -- Auth cache not set in the context
23:07:52.226 [pool-2-thread-3] DEBUG com.intuit.karate -- request:
4 > POST http://localhost:3000/auth/login
4 > Content-Type: application/json; charset=UTF-8
4 > Content-Length: 53
4 > Host: localhost:3000
4 > Connection: Keep-Alive
4 > User-Agent: Apache-HttpClient/4.5.14 (Java/17.0.9)
4 > Accept-Encoding: gzip,deflate
{"email":"test@example.com","password":"Password123"}

23:07:52.226 [pool-2-thread-3] DEBUG org.apache.http.impl.conn.PoolingHttpClientConnectionManager -- Connection request: [route: {}->http://localhost:3000][total available: 0; route allocated: 0 of 5; total allocated: 0 of 10]
23:07:52.226 [pool-2-thread-3] DEBUG org.apache.http.impl.conn.PoolingHttpClientConnectionManager -- Connection leased: [id: 87][route: {}->http://localhost:3000][total available: 0; route allocated: 1 of 5; total allocated: 1 of 10]
23:07:52.226 [pool-2-thread-3] DEBUG org.apache.http.impl.execchain.MainClientExec -- Opening connection {}->http://localhost:3000
23:07:52.226 [pool-2-thread-3] DEBUG org.apache.http.impl.conn.DefaultHttpClientConnectionOperator -- Connecting to localhost/127.0.0.1:3000
23:07:52.226 [pool-2-thread-3] DEBUG org.apache.http.impl.conn.DefaultHttpClientConnectionOperator -- Connection established 127.0.0.1:52751<->127.0.0.1:3000
23:07:52.226 [pool-2-thread-3] DEBUG org.apache.http.impl.conn.DefaultManagedHttpClientConnection -- http-outgoing-87: set socket timeout to 30000
23:07:52.226 [pool-2-thread-3] DEBUG org.apache.http.impl.execchain.MainClientExec -- Executing request POST /auth/login HTTP/1.1
23:07:52.226 [pool-2-thread-3] DEBUG org.apache.http.impl.execchain.MainClientExec -- Target auth state: UNCHALLENGED
23:07:52.226 [pool-2-thread-3] DEBUG org.apache.http.impl.execchain.MainClientExec -- Proxy auth state: UNCHALLENGED
23:07:52.226 [pool-2-thread-3] DEBUG org.apache.http.headers -- http-outgoing-87 >> POST /auth/login HTTP/1.1
23:07:52.226 [pool-2-thread-3] DEBUG org.apache.http.headers -- http-outgoing-87 >> Content-Type: application/json; charset=UTF-8
23:07:52.226 [pool-2-thread-3] DEBUG org.apache.http.headers -- http-outgoing-87 >> Content-Length: 53
23:07:52.226 [pool-2-thread-3] DEBUG org.apache.http.headers -- http-outgoing-87 >> Host: localhost:3000
23:07:52.226 [pool-2-thread-3] DEBUG org.apache.http.headers -- http-outgoing-87 >> Connection: Keep-Alive
23:07:52.226 [pool-2-thread-3] DEBUG org.apache.http.headers -- http-outgoing-87 >> User-Agent: Apache-HttpClient/4.5.14 (Java/17.0.9)
23:07:52.226 [pool-2-thread-3] DEBUG org.apache.http.headers -- http-outgoing-87 >> Accept-Encoding: gzip,deflate
23:07:52.226 [pool-2-thread-3] DEBUG org.apache.http.wire -- http-outgoing-87 >> "POST /auth/login HTTP/1.1[\r][\n]"
23:07:52.226 [pool-2-thread-3] DEBUG org.apache.http.wire -- http-outgoing-87 >> "Content-Type: application/json; charset=UTF-8[\r][\n]"
23:07:52.226 [pool-2-thread-3] DEBUG org.apache.http.wire -- http-outgoing-87 >> "Content-Length: 53[\r][\n]"
23:07:52.226 [pool-2-thread-3] DEBUG org.apache.http.wire -- http-outgoing-87 >> "Host: localhost:3000[\r][\n]"
23:07:52.226 [pool-2-thread-3] DEBUG org.apache.http.wire -- http-outgoing-87 >> "Connection: Keep-Alive[\r][\n]"
23:07:52.226 [pool-2-thread-3] DEBUG org.apache.http.wire -- http-outgoing-87 >> "User-Agent: Apache-HttpClient/4.5.14 (Java/17.0.9)[\r][\n]"
23:07:52.226 [pool-2-thread-3] DEBUG org.apache.http.wire -- http-outgoing-87 >> "Accept-Encoding: gzip,deflate[\r][\n]"
23:07:52.226 [pool-2-thread-3] DEBUG org.apache.http.wire -- http-outgoing-87 >> "[\r][\n]"
23:07:52.226 [pool-2-thread-3] DEBUG org.apache.http.wire -- http-outgoing-87 >> "{"email":"test@example.com","password":"Password123"}"
23:07:52.233 [pool-2-thread-1] DEBUG org.apache.http.wire -- http-outgoing-68 << "HTTP/1.1 200 OK[\r][\n]"
23:07:52.233 [pool-2-thread-1] DEBUG org.apache.http.wire -- http-outgoing-68 << "X-Powered-By: Express[\r][\n]"
23:07:52.233 [pool-2-thread-1] DEBUG org.apache.http.wire -- http-outgoing-68 << "Access-Control-Allow-Origin: *[\r][\n]"
23:07:52.233 [pool-2-thread-1] DEBUG org.apache.http.wire -- http-outgoing-68 << "Content-Type: application/json; charset=utf-8[\r][\n]"
23:07:52.233 [pool-2-thread-1] DEBUG org.apache.http.wire -- http-outgoing-68 << "Content-Length: 708[\r][\n]"
23:07:52.233 [pool-2-thread-1] DEBUG org.apache.http.wire -- http-outgoing-68 << "ETag: W/"2c4-pTaGuiiq3Mnbfhz6DNI7d7WhJoQ"[\r][\n]"
23:07:52.233 [pool-2-thread-1] DEBUG org.apache.http.wire -- http-outgoing-68 << "Date: Sun, 22 Jun 2025 16:07:52 GMT[\r][\n]"
23:07:52.233 [pool-2-thread-1] DEBUG org.apache.http.wire -- http-outgoing-68 << "Connection: keep-alive[\r][\n]"
23:07:52.233 [pool-2-thread-1] DEBUG org.apache.http.wire -- http-outgoing-68 << "Keep-Alive: timeout=5[\r][\n]"
23:07:52.234 [pool-2-thread-1] DEBUG org.apache.http.wire -- http-outgoing-68 << "[\r][\n]"
23:07:52.234 [pool-2-thread-1] DEBUG org.apache.http.wire -- http-outgoing-68 << "{"access_token":"eyJhbGciOiJIUzI1NiIsInR5cCI6IkpXVCJ9.eyJzdWIiOiIwODUxNWIwNS0yZDNlLTQ3ODktYWQ2MC1kYjM1NTI1YTQ5NzAiLCJ1c2VybmFtZSI6Im5hbSIsInJvbGUiOjAsImlhdCI6MTc1MDYwODQ3MSwiZXhwIjoxNzUwNjEyMDcxfQ.d74y0P514ySKALOVLyITM-yREoAg8Pw1LTcx9Uedr3g","refresh_token":"11581aa3f6debd836f91e4a6cd061698071818219cbd9f3a18a7e51302f5b591","user":{"id":"08515b05-2d3e-4789-ad60-db35525a4970","email":"nam@gmail.com","username":"nam","name":"nam","phoneNumber":"0123456789","profilePic":"https://res.cloudinary.com/dizcvrefo/image/upload/v1749266646/nestjs_uploads/zk9zrpeidnovxibfqdxr.png","bio":"Chu tich hoi dong Quan tri 1","private":false,"verified":false,"role":0,"followersCount":2,"followingCount":2,"postCount":13}}"
23:07:52.234 [pool-2-thread-1] DEBUG org.apache.http.headers -- http-outgoing-68 << HTTP/1.1 200 OK
23:07:52.234 [pool-2-thread-1] DEBUG org.apache.http.headers -- http-outgoing-68 << X-Powered-By: Express
23:07:52.234 [pool-2-thread-1] DEBUG org.apache.http.headers -- http-outgoing-68 << Access-Control-Allow-Origin: *
23:07:52.234 [pool-2-thread-1] DEBUG org.apache.http.headers -- http-outgoing-68 << Content-Type: application/json; charset=utf-8
23:07:52.234 [pool-2-thread-1] DEBUG org.apache.http.headers -- http-outgoing-68 << Content-Length: 708
23:07:52.234 [pool-2-thread-1] DEBUG org.apache.http.headers -- http-outgoing-68 << ETag: W/"2c4-pTaGuiiq3Mnbfhz6DNI7d7WhJoQ"
23:07:52.234 [pool-2-thread-1] DEBUG org.apache.http.headers -- http-outgoing-68 << Date: Sun, 22 Jun 2025 16:07:52 GMT
23:07:52.234 [pool-2-thread-1] DEBUG org.apache.http.headers -- http-outgoing-68 << Connection: keep-alive
23:07:52.234 [pool-2-thread-1] DEBUG org.apache.http.headers -- http-outgoing-68 << Keep-Alive: timeout=5
23:07:52.234 [pool-2-thread-1] DEBUG org.apache.http.impl.execchain.MainClientExec -- Connection can be kept alive for 5000 MILLISECONDS
23:07:52.234 [pool-2-thread-1] DEBUG org.apache.http.impl.conn.PoolingHttpClientConnectionManager -- Connection [id: 68][route: {}->http://localhost:3000] can be kept alive for 5.0 seconds
23:07:52.234 [pool-2-thread-1] DEBUG org.apache.http.impl.conn.DefaultManagedHttpClientConnection -- http-outgoing-68: set socket timeout to 0
23:07:52.234 [pool-2-thread-1] DEBUG org.apache.http.impl.conn.PoolingHttpClientConnectionManager -- Connection released: [id: 68][route: {}->http://localhost:3000][total available: 1; route allocated: 1 of 5; total allocated: 1 of 10]
23:07:52.234 [pool-2-thread-1] DEBUG org.apache.http.impl.conn.PoolingHttpClientConnectionManager -- Connection manager is shutting down
23:07:52.234 [pool-2-thread-1] DEBUG org.apache.http.impl.conn.DefaultManagedHttpClientConnection -- http-outgoing-68: Close connection
23:07:52.234 [pool-2-thread-1] DEBUG org.apache.http.impl.conn.PoolingHttpClientConnectionManager -- Connection manager shut down
23:07:52.234 [pool-2-thread-1] DEBUG com.intuit.karate -- response time in milliseconds: 1972
4 < 200
4 < X-Powered-By: Express
4 < Access-Control-Allow-Origin: *
4 < Content-Type: application/json; charset=utf-8
4 < Content-Length: 708
4 < ETag: W/"2c4-pTaGuiiq3Mnbfhz6DNI7d7WhJoQ"
4 < Date: Sun, 22 Jun 2025 16:07:52 GMT
4 < Connection: keep-alive
4 < Keep-Alive: timeout=5
{"access_token":"eyJhbGciOiJIUzI1NiIsInR5cCI6IkpXVCJ9.eyJzdWIiOiIwODUxNWIwNS0yZDNlLTQ3ODktYWQ2MC1kYjM1NTI1YTQ5NzAiLCJ1c2VybmFtZSI6Im5hbSIsInJvbGUiOjAsImlhdCI6MTc1MDYwODQ3MSwiZXhwIjoxNzUwNjEyMDcxfQ.d74y0P514ySKALOVLyITM-yREoAg8Pw1LTcx9Uedr3g","refresh_token":"11581aa3f6debd836f91e4a6cd061698071818219cbd9f3a18a7e51302f5b591","user":{"id":"08515b05-2d3e-4789-ad60-db35525a4970","email":"nam@gmail.com","username":"nam","name":"nam","phoneNumber":"0123456789","profilePic":"https://res.cloudinary.com/dizcvrefo/image/upload/v1749266646/nestjs_uploads/zk9zrpeidnovxibfqdxr.png","bio":"Chu tich hoi dong Quan tri 1","private":false,"verified":false,"role":0,"followersCount":2,"followingCount":2,"postCount":13}}

23:07:52.235 [pool-2-thread-1] INFO com.intuit.karate -- [print] Call 4 completed, status: 200 
23:07:52.235 [pool-2-thread-1] INFO com.intuit.karate -- [print] *** API CALL 5 *** 
23:07:52.236 [pool-2-thread-1] DEBUG org.apache.http.client.protocol.RequestAddCookies -- CookieSpec selected: karate
23:07:52.236 [pool-2-thread-1] DEBUG org.apache.http.client.protocol.RequestAuthCache -- Auth cache not set in the context
23:07:52.236 [pool-2-thread-1] DEBUG com.intuit.karate -- request:
5 > POST http://localhost:3000/auth/login
5 > Content-Type: application/json; charset=UTF-8
5 > Content-Length: 45
5 > Host: localhost:3000
5 > Connection: Keep-Alive
5 > User-Agent: Apache-HttpClient/4.5.14 (Java/17.0.9)
5 > Accept-Encoding: gzip,deflate
{"email":"nam@gmail.com","password":"123456"}

23:07:52.236 [pool-2-thread-1] DEBUG org.apache.http.impl.conn.PoolingHttpClientConnectionManager -- Connection request: [route: {}->http://localhost:3000][total available: 0; route allocated: 0 of 5; total allocated: 0 of 10]
23:07:52.236 [pool-2-thread-1] DEBUG org.apache.http.impl.conn.PoolingHttpClientConnectionManager -- Connection leased: [id: 88][route: {}->http://localhost:3000][total available: 0; route allocated: 1 of 5; total allocated: 1 of 10]
23:07:52.236 [pool-2-thread-1] DEBUG org.apache.http.impl.execchain.MainClientExec -- Opening connection {}->http://localhost:3000
23:07:52.236 [pool-2-thread-1] DEBUG org.apache.http.impl.conn.DefaultHttpClientConnectionOperator -- Connecting to localhost/127.0.0.1:3000
23:07:52.236 [pool-2-thread-1] DEBUG org.apache.http.impl.conn.DefaultHttpClientConnectionOperator -- Connection established 127.0.0.1:52752<->127.0.0.1:3000
23:07:52.236 [pool-2-thread-1] DEBUG org.apache.http.impl.conn.DefaultManagedHttpClientConnection -- http-outgoing-88: set socket timeout to 30000
23:07:52.236 [pool-2-thread-1] DEBUG org.apache.http.impl.execchain.MainClientExec -- Executing request POST /auth/login HTTP/1.1
23:07:52.236 [pool-2-thread-1] DEBUG org.apache.http.impl.execchain.MainClientExec -- Target auth state: UNCHALLENGED
23:07:52.236 [pool-2-thread-1] DEBUG org.apache.http.impl.execchain.MainClientExec -- Proxy auth state: UNCHALLENGED
23:07:52.238 [pool-2-thread-1] DEBUG org.apache.http.headers -- http-outgoing-88 >> POST /auth/login HTTP/1.1
23:07:52.238 [pool-2-thread-1] DEBUG org.apache.http.headers -- http-outgoing-88 >> Content-Type: application/json; charset=UTF-8
23:07:52.238 [pool-2-thread-1] DEBUG org.apache.http.headers -- http-outgoing-88 >> Content-Length: 45
23:07:52.238 [pool-2-thread-1] DEBUG org.apache.http.headers -- http-outgoing-88 >> Host: localhost:3000
23:07:52.238 [pool-2-thread-1] DEBUG org.apache.http.headers -- http-outgoing-88 >> Connection: Keep-Alive
23:07:52.238 [pool-2-thread-1] DEBUG org.apache.http.headers -- http-outgoing-88 >> User-Agent: Apache-HttpClient/4.5.14 (Java/17.0.9)
23:07:52.238 [pool-2-thread-1] DEBUG org.apache.http.headers -- http-outgoing-88 >> Accept-Encoding: gzip,deflate
23:07:52.238 [pool-2-thread-1] DEBUG org.apache.http.wire -- http-outgoing-88 >> "POST /auth/login HTTP/1.1[\r][\n]"
23:07:52.238 [pool-2-thread-1] DEBUG org.apache.http.wire -- http-outgoing-88 >> "Content-Type: application/json; charset=UTF-8[\r][\n]"
23:07:52.238 [pool-2-thread-1] DEBUG org.apache.http.wire -- http-outgoing-88 >> "Content-Length: 45[\r][\n]"
23:07:52.238 [pool-2-thread-1] DEBUG org.apache.http.wire -- http-outgoing-88 >> "Host: localhost:3000[\r][\n]"
23:07:52.238 [pool-2-thread-1] DEBUG org.apache.http.wire -- http-outgoing-88 >> "Connection: Keep-Alive[\r][\n]"
23:07:52.238 [pool-2-thread-1] DEBUG org.apache.http.wire -- http-outgoing-88 >> "User-Agent: Apache-HttpClient/4.5.14 (Java/17.0.9)[\r][\n]"
23:07:52.238 [pool-2-thread-1] DEBUG org.apache.http.wire -- http-outgoing-88 >> "Accept-Encoding: gzip,deflate[\r][\n]"
23:07:52.238 [pool-2-thread-1] DEBUG org.apache.http.wire -- http-outgoing-88 >> "[\r][\n]"
23:07:52.238 [pool-2-thread-1] DEBUG org.apache.http.wire -- http-outgoing-88 >> "{"email":"nam@gmail.com","password":"123456"}"
23:07:52.281 [pool-2-thread-30] DEBUG org.apache.http.wire -- http-outgoing-63 << "HTTP/1.1 200 OK[\r][\n]"
23:07:52.281 [pool-2-thread-30] DEBUG org.apache.http.wire -- http-outgoing-63 << "X-Powered-By: Express[\r][\n]"
23:07:52.281 [pool-2-thread-30] DEBUG org.apache.http.wire -- http-outgoing-63 << "Access-Control-Allow-Origin: *[\r][\n]"
23:07:52.281 [pool-2-thread-30] DEBUG org.apache.http.wire -- http-outgoing-63 << "Content-Type: application/json; charset=utf-8[\r][\n]"
23:07:52.281 [pool-2-thread-30] DEBUG org.apache.http.wire -- http-outgoing-63 << "Content-Length: 605[\r][\n]"
23:07:52.281 [pool-2-thread-30] DEBUG org.apache.http.wire -- http-outgoing-63 << "ETag: W/"25d-EQxf5RT+HAAGMYobSmQ1wieXWr4"[\r][\n]"
23:07:52.281 [pool-2-thread-30] DEBUG org.apache.http.wire -- http-outgoing-63 << "Date: Sun, 22 Jun 2025 16:07:52 GMT[\r][\n]"
23:07:52.281 [pool-2-thread-30] DEBUG org.apache.http.wire -- http-outgoing-63 << "Connection: keep-alive[\r][\n]"
23:07:52.281 [pool-2-thread-30] DEBUG org.apache.http.wire -- http-outgoing-63 << "Keep-Alive: timeout=5[\r][\n]"
23:07:52.281 [pool-2-thread-30] DEBUG org.apache.http.wire -- http-outgoing-63 << "[\r][\n]"
23:07:52.281 [pool-2-thread-30] DEBUG org.apache.http.wire -- http-outgoing-63 << "{"access_token":"eyJhbGciOiJIUzI1NiIsInR5cCI6IkpXVCJ9.eyJzdWIiOiIwYTM3ZWY0My1mZWU4LTQxZDMtYTY4Ni04YWIwODY5NDg2OTUiLCJ1c2VybmFtZSI6ImpvaG5kb2UyMSIsInJvbGUiOjAsImlhdCI6MTc1MDYwODQ3MSwiZXhwIjoxNzUwNjEyMDcxfQ.ntzgti0312viepIlzZ-k5clcn7fE26TeJSiGRnClhmA","refresh_token":"7664fee05a3f0c7f7a29f7894e0a4569f6204861435e6607ba0b1bc12ad18893","user":{"id":"0a37ef43-fee8-41d3-a686-8ab086948695","email":"testit2@gmail.com","username":"johndoe21","name":"John Doe","phoneNumber":"0123456712","profilePic":null,"bio":null,"private":false,"verified":false,"role":0,"followersCount":0,"followingCount":0,"postCount":0}}"
23:07:52.282 [pool-2-thread-30] DEBUG org.apache.http.headers -- http-outgoing-63 << HTTP/1.1 200 OK
23:07:52.282 [pool-2-thread-25] DEBUG org.apache.http.wire -- http-outgoing-69 << "HTTP/1.1 200 OK[\r][\n]"
23:07:52.282 [pool-2-thread-25] DEBUG org.apache.http.wire -- http-outgoing-69 << "X-Powered-By: Express[\r][\n]"
23:07:52.282 [pool-2-thread-25] DEBUG org.apache.http.wire -- http-outgoing-69 << "Access-Control-Allow-Origin: *[\r][\n]"
23:07:52.282 [pool-2-thread-30] DEBUG org.apache.http.headers -- http-outgoing-63 << X-Powered-By: Express
23:07:52.282 [pool-2-thread-25] DEBUG org.apache.http.wire -- http-outgoing-69 << "Content-Type: application/json; charset=utf-8[\r][\n]"
23:07:52.282 [pool-2-thread-30] DEBUG org.apache.http.headers -- http-outgoing-63 << Access-Control-Allow-Origin: *
23:07:52.282 [pool-2-thread-25] DEBUG org.apache.http.wire -- http-outgoing-69 << "Content-Length: 607[\r][\n]"
23:07:52.282 [pool-2-thread-30] DEBUG org.apache.http.headers -- http-outgoing-63 << Content-Type: application/json; charset=utf-8
23:07:52.282 [pool-2-thread-25] DEBUG org.apache.http.wire -- http-outgoing-69 << "ETag: W/"25f-582fQHylQIgGNpslk2WDBXnOsVM"[\r][\n]"
23:07:52.282 [pool-2-thread-30] DEBUG org.apache.http.headers -- http-outgoing-63 << Content-Length: 605
23:07:52.282 [pool-2-thread-25] DEBUG org.apache.http.wire -- http-outgoing-69 << "Date: Sun, 22 Jun 2025 16:07:52 GMT[\r][\n]"
23:07:52.282 [pool-2-thread-30] DEBUG org.apache.http.headers -- http-outgoing-63 << ETag: W/"25d-EQxf5RT+HAAGMYobSmQ1wieXWr4"
23:07:52.282 [pool-2-thread-30] DEBUG org.apache.http.headers -- http-outgoing-63 << Date: Sun, 22 Jun 2025 16:07:52 GMT
23:07:52.282 [pool-2-thread-25] DEBUG org.apache.http.wire -- http-outgoing-69 << "Connection: keep-alive[\r][\n]"
23:07:52.282 [pool-2-thread-25] DEBUG org.apache.http.wire -- http-outgoing-69 << "Keep-Alive: timeout=5[\r][\n]"
23:07:52.282 [pool-2-thread-30] DEBUG org.apache.http.headers -- http-outgoing-63 << Connection: keep-alive
23:07:52.282 [pool-2-thread-25] DEBUG org.apache.http.wire -- http-outgoing-69 << "[\r][\n]"
23:07:52.282 [pool-2-thread-30] DEBUG org.apache.http.headers -- http-outgoing-63 << Keep-Alive: timeout=5
23:07:52.282 [pool-2-thread-25] DEBUG org.apache.http.wire -- http-outgoing-69 << "{"access_token":"eyJhbGciOiJIUzI1NiIsInR5cCI6IkpXVCJ9.eyJzdWIiOiJjMjE0MjJkZi1jY2VjLTQ0MGUtOWE0Mi1jMWI4MmFiZjczM2QiLCJ1c2VybmFtZSI6ImpvaG5kb2UyOCIsInJvbGUiOjAsImlhdCI6MTc1MDYwODQ3MSwiZXhwIjoxNzUwNjEyMDcxfQ.s5RBMYIHW-VroEfMqkf_HcFrRXUNSfmP3SeEdhdxLlU","refresh_token":"1b19ba63cde72bd9be65e29116d5c3c54ce08326bc00ca6765f210b0406c57ff","user":{"id":"c21422df-ccec-440e-9a42-c1b82abf733d","email":"test28@example.com","username":"johndoe28","name":"John Doe","phoneNumber":"84987654321","profilePic":null,"bio":null,"private":false,"verified":false,"role":0,"followersCount":0,"followingCount":0,"postCount":0}}"
23:07:52.282 [pool-2-thread-12] DEBUG org.apache.http.wire -- http-outgoing-47 << "HTTP/1.1 200 OK[\r][\n]"
23:07:52.282 [pool-2-thread-12] DEBUG org.apache.http.wire -- http-outgoing-47 << "X-Powered-By: Express[\r][\n]"
23:07:52.282 [pool-2-thread-25] DEBUG org.apache.http.headers -- http-outgoing-69 << HTTP/1.1 200 OK
23:07:52.282 [pool-2-thread-12] DEBUG org.apache.http.wire -- http-outgoing-47 << "Access-Control-Allow-Origin: *[\r][\n]"
23:07:52.282 [pool-2-thread-25] DEBUG org.apache.http.headers -- http-outgoing-69 << X-Powered-By: Express
23:07:52.282 [pool-2-thread-12] DEBUG org.apache.http.wire -- http-outgoing-47 << "Content-Type: application/json; charset=utf-8[\r][\n]"
23:07:52.282 [pool-2-thread-12] DEBUG org.apache.http.wire -- http-outgoing-47 << "Content-Length: 715[\r][\n]"
23:07:52.282 [pool-2-thread-12] DEBUG org.apache.http.wire -- http-outgoing-47 << "ETag: W/"2cb-h66bkXYNsWGlG697VtWazqbAbRQ"[\r][\n]"
23:07:52.282 [pool-2-thread-30] DEBUG org.apache.http.impl.execchain.MainClientExec -- Connection can be kept alive for 5000 MILLISECONDS
23:07:52.282 [pool-2-thread-12] DEBUG org.apache.http.wire -- http-outgoing-47 << "Date: Sun, 22 Jun 2025 16:07:52 GMT[\r][\n]"
23:07:52.282 [pool-2-thread-25] DEBUG org.apache.http.headers -- http-outgoing-69 << Access-Control-Allow-Origin: *
23:07:52.282 [pool-2-thread-12] DEBUG org.apache.http.wire -- http-outgoing-47 << "Connection: keep-alive[\r][\n]"
23:07:52.282 [pool-2-thread-25] DEBUG org.apache.http.headers -- http-outgoing-69 << Content-Type: application/json; charset=utf-8
23:07:52.282 [pool-2-thread-12] DEBUG org.apache.http.wire -- http-outgoing-47 << "Keep-Alive: timeout=5[\r][\n]"
23:07:52.282 [pool-2-thread-25] DEBUG org.apache.http.headers -- http-outgoing-69 << Content-Length: 607
23:07:52.282 [pool-2-thread-25] DEBUG org.apache.http.headers -- http-outgoing-69 << ETag: W/"25f-582fQHylQIgGNpslk2WDBXnOsVM"
23:07:52.282 [pool-2-thread-25] DEBUG org.apache.http.headers -- http-outgoing-69 << Date: Sun, 22 Jun 2025 16:07:52 GMT
23:07:52.282 [pool-2-thread-25] DEBUG org.apache.http.headers -- http-outgoing-69 << Connection: keep-alive
23:07:52.282 [pool-2-thread-25] DEBUG org.apache.http.headers -- http-outgoing-69 << Keep-Alive: timeout=5
23:07:52.282 [pool-2-thread-12] DEBUG org.apache.http.wire -- http-outgoing-47 << "[\r][\n]"
23:07:52.282 [pool-2-thread-12] DEBUG org.apache.http.wire -- http-outgoing-47 << "{"access_token":"eyJhbGciOiJIUzI1NiIsInR5cCI6IkpXVCJ9.eyJzdWIiOiIyYjg0YWEyNC02NjhhLTQwZTItYWYxYy1hZDRmYzRmYTVhNmYiLCJ1c2VybmFtZSI6InF1YW5nMSIsInJvbGUiOjAsImlhdCI6MTc1MDYwODQ3MSwiZXhwIjoxNzUwNjEyMDcxfQ._Xodx37c0Klalbz3wEUJNCcC8j4AQg9XJmr-TUbiGgM","refresh_token":"c2be03ea465a3e513c95c5f5851c5dcf967dbe5984285ed5fec632f5a768b7dc","user":{"id":"2b84aa24-668a-40e2-af1c-ad4fc4fa5a6f","email":"quang1@gmail.com","username":"quang1","name":"quang1","phoneNumber":"09874563210","profilePic":"https://res.cloudinary.com/dizcvrefo/image/upload/v1749027586/nestjs_uploads/xehairydt9rzlbmbmv4c.jpg","bio":"Thang Nam Lao Vua Thoi","private":false,"verified":false,"role":0,"followersCount":2,"followingCount":3,"postCount":2}}"
23:07:52.282 [pool-2-thread-25] DEBUG org.apache.http.impl.execchain.MainClientExec -- Connection can be kept alive for 5000 MILLISECONDS
23:07:52.282 [pool-2-thread-30] DEBUG org.apache.http.impl.conn.PoolingHttpClientConnectionManager -- Connection [id: 63][route: {}->http://localhost:3000] can be kept alive for 5.0 seconds
23:07:52.282 [pool-2-thread-12] DEBUG org.apache.http.headers -- http-outgoing-47 << HTTP/1.1 200 OK
23:07:52.282 [pool-2-thread-30] DEBUG org.apache.http.impl.conn.DefaultManagedHttpClientConnection -- http-outgoing-63: set socket timeout to 0
23:07:52.282 [pool-2-thread-12] DEBUG org.apache.http.headers -- http-outgoing-47 << X-Powered-By: Express
23:07:52.282 [pool-2-thread-12] DEBUG org.apache.http.headers -- http-outgoing-47 << Access-Control-Allow-Origin: *
23:07:52.282 [pool-2-thread-12] DEBUG org.apache.http.headers -- http-outgoing-47 << Content-Type: application/json; charset=utf-8
23:07:52.282 [pool-2-thread-12] DEBUG org.apache.http.headers -- http-outgoing-47 << Content-Length: 715
23:07:52.282 [pool-2-thread-12] DEBUG org.apache.http.headers -- http-outgoing-47 << ETag: W/"2cb-h66bkXYNsWGlG697VtWazqbAbRQ"
23:07:52.282 [pool-2-thread-12] DEBUG org.apache.http.headers -- http-outgoing-47 << Date: Sun, 22 Jun 2025 16:07:52 GMT
23:07:52.282 [pool-2-thread-12] DEBUG org.apache.http.headers -- http-outgoing-47 << Connection: keep-alive
23:07:52.282 [pool-2-thread-25] DEBUG org.apache.http.impl.conn.PoolingHttpClientConnectionManager -- Connection [id: 69][route: {}->http://localhost:3000] can be kept alive for 5.0 seconds
23:07:52.282 [pool-2-thread-25] DEBUG org.apache.http.impl.conn.DefaultManagedHttpClientConnection -- http-outgoing-69: set socket timeout to 0
23:07:52.282 [pool-2-thread-30] DEBUG org.apache.http.impl.conn.PoolingHttpClientConnectionManager -- Connection released: [id: 63][route: {}->http://localhost:3000][total available: 1; route allocated: 1 of 5; total allocated: 1 of 10]
23:07:52.282 [pool-2-thread-12] DEBUG org.apache.http.headers -- http-outgoing-47 << Keep-Alive: timeout=5
23:07:52.282 [pool-2-thread-25] DEBUG org.apache.http.impl.conn.PoolingHttpClientConnectionManager -- Connection released: [id: 69][route: {}->http://localhost:3000][total available: 1; route allocated: 1 of 5; total allocated: 1 of 10]
23:07:52.282 [pool-2-thread-30] DEBUG org.apache.http.impl.conn.PoolingHttpClientConnectionManager -- Connection manager is shutting down
23:07:52.282 [pool-2-thread-25] DEBUG org.apache.http.impl.conn.PoolingHttpClientConnectionManager -- Connection manager is shutting down
23:07:52.282 [pool-2-thread-25] DEBUG org.apache.http.impl.conn.DefaultManagedHttpClientConnection -- http-outgoing-69: Close connection
23:07:52.282 [pool-2-thread-12] DEBUG org.apache.http.impl.execchain.MainClientExec -- Connection can be kept alive for 5000 MILLISECONDS
23:07:52.282 [pool-2-thread-30] DEBUG org.apache.http.impl.conn.DefaultManagedHttpClientConnection -- http-outgoing-63: Close connection
23:07:52.282 [pool-2-thread-12] DEBUG org.apache.http.impl.conn.PoolingHttpClientConnectionManager -- Connection [id: 47][route: {}->http://localhost:3000] can be kept alive for 5.0 seconds
23:07:52.282 [pool-2-thread-12] DEBUG org.apache.http.impl.conn.DefaultManagedHttpClientConnection -- http-outgoing-47: set socket timeout to 0
23:07:52.282 [pool-2-thread-12] DEBUG org.apache.http.impl.conn.PoolingHttpClientConnectionManager -- Connection released: [id: 47][route: {}->http://localhost:3000][total available: 1; route allocated: 1 of 5; total allocated: 1 of 10]
23:07:52.282 [pool-2-thread-12] DEBUG org.apache.http.impl.conn.PoolingHttpClientConnectionManager -- Connection manager is shutting down
23:07:52.282 [pool-2-thread-12] DEBUG org.apache.http.impl.conn.DefaultManagedHttpClientConnection -- http-outgoing-47: Close connection
23:07:52.282 [pool-2-thread-25] DEBUG org.apache.http.impl.conn.PoolingHttpClientConnectionManager -- Connection manager shut down
23:07:52.282 [pool-2-thread-30] DEBUG org.apache.http.impl.conn.PoolingHttpClientConnectionManager -- Connection manager shut down
23:07:52.282 [pool-2-thread-12] DEBUG org.apache.http.impl.conn.PoolingHttpClientConnectionManager -- Connection manager shut down
23:07:52.282 [pool-2-thread-30] DEBUG com.intuit.karate -- response time in milliseconds: 2854
3 < 200
3 < X-Powered-By: Express
3 < Access-Control-Allow-Origin: *
3 < Content-Type: application/json; charset=utf-8
3 < Content-Length: 605
3 < ETag: W/"25d-EQxf5RT+HAAGMYobSmQ1wieXWr4"
3 < Date: Sun, 22 Jun 2025 16:07:52 GMT
3 < Connection: keep-alive
3 < Keep-Alive: timeout=5
{"access_token":"eyJhbGciOiJIUzI1NiIsInR5cCI6IkpXVCJ9.eyJzdWIiOiIwYTM3ZWY0My1mZWU4LTQxZDMtYTY4Ni04YWIwODY5NDg2OTUiLCJ1c2VybmFtZSI6ImpvaG5kb2UyMSIsInJvbGUiOjAsImlhdCI6MTc1MDYwODQ3MSwiZXhwIjoxNzUwNjEyMDcxfQ.ntzgti0312viepIlzZ-k5clcn7fE26TeJSiGRnClhmA","refresh_token":"7664fee05a3f0c7f7a29f7894e0a4569f6204861435e6607ba0b1bc12ad18893","user":{"id":"0a37ef43-fee8-41d3-a686-8ab086948695","email":"testit2@gmail.com","username":"johndoe21","name":"John Doe","phoneNumber":"0123456712","profilePic":null,"bio":null,"private":false,"verified":false,"role":0,"followersCount":0,"followingCount":0,"postCount":0}}

23:07:52.282 [pool-2-thread-12] DEBUG com.intuit.karate -- response time in milliseconds: 4010
2 < 200
2 < X-Powered-By: Express
2 < Access-Control-Allow-Origin: *
2 < Content-Type: application/json; charset=utf-8
2 < Content-Length: 715
2 < ETag: W/"2cb-h66bkXYNsWGlG697VtWazqbAbRQ"
2 < Date: Sun, 22 Jun 2025 16:07:52 GMT
2 < Connection: keep-alive
2 < Keep-Alive: timeout=5
{"access_token":"eyJhbGciOiJIUzI1NiIsInR5cCI6IkpXVCJ9.eyJzdWIiOiIyYjg0YWEyNC02NjhhLTQwZTItYWYxYy1hZDRmYzRmYTVhNmYiLCJ1c2VybmFtZSI6InF1YW5nMSIsInJvbGUiOjAsImlhdCI6MTc1MDYwODQ3MSwiZXhwIjoxNzUwNjEyMDcxfQ._Xodx37c0Klalbz3wEUJNCcC8j4AQg9XJmr-TUbiGgM","refresh_token":"c2be03ea465a3e513c95c5f5851c5dcf967dbe5984285ed5fec632f5a768b7dc","user":{"id":"2b84aa24-668a-40e2-af1c-ad4fc4fa5a6f","email":"quang1@gmail.com","username":"quang1","name":"quang1","phoneNumber":"09874563210","profilePic":"https://res.cloudinary.com/dizcvrefo/image/upload/v1749027586/nestjs_uploads/xehairydt9rzlbmbmv4c.jpg","bio":"Thang Nam Lao Vua Thoi","private":false,"verified":false,"role":0,"followersCount":2,"followingCount":3,"postCount":2}}

23:07:52.282 [pool-2-thread-25] DEBUG com.intuit.karate -- response time in milliseconds: 1922
4 < 200
4 < X-Powered-By: Express
4 < Access-Control-Allow-Origin: *
4 < Content-Type: application/json; charset=utf-8
4 < Content-Length: 607
4 < ETag: W/"25f-582fQHylQIgGNpslk2WDBXnOsVM"
4 < Date: Sun, 22 Jun 2025 16:07:52 GMT
4 < Connection: keep-alive
4 < Keep-Alive: timeout=5
{"access_token":"eyJhbGciOiJIUzI1NiIsInR5cCI6IkpXVCJ9.eyJzdWIiOiJjMjE0MjJkZi1jY2VjLTQ0MGUtOWE0Mi1jMWI4MmFiZjczM2QiLCJ1c2VybmFtZSI6ImpvaG5kb2UyOCIsInJvbGUiOjAsImlhdCI6MTc1MDYwODQ3MSwiZXhwIjoxNzUwNjEyMDcxfQ.s5RBMYIHW-VroEfMqkf_HcFrRXUNSfmP3SeEdhdxLlU","refresh_token":"1b19ba63cde72bd9be65e29116d5c3c54ce08326bc00ca6765f210b0406c57ff","user":{"id":"c21422df-ccec-440e-9a42-c1b82abf733d","email":"test28@example.com","username":"johndoe28","name":"John Doe","phoneNumber":"84987654321","profilePic":null,"bio":null,"private":false,"verified":false,"role":0,"followersCount":0,"followingCount":0,"postCount":0}}

23:07:52.284 [pool-2-thread-25] INFO com.intuit.karate -- [print] Call 4 completed, status: 200 
23:07:52.284 [pool-2-thread-12] INFO com.intuit.karate -- [print] Call 2 completed, status: 200 
23:07:52.284 [pool-2-thread-30] INFO com.intuit.karate -- [print] Call 3 completed, status: 200 
23:07:52.284 [pool-2-thread-25] INFO com.intuit.karate -- [print] *** API CALL 5 *** 
23:07:52.284 [pool-2-thread-30] INFO com.intuit.karate -- [print] *** API CALL 4 *** 
23:07:52.284 [pool-2-thread-12] INFO com.intuit.karate -- [print] *** API CALL 3 *** 
23:07:52.285 [pool-2-thread-25] DEBUG org.apache.http.client.protocol.RequestAddCookies -- CookieSpec selected: karate
23:07:52.285 [pool-2-thread-25] DEBUG org.apache.http.client.protocol.RequestAuthCache -- Auth cache not set in the context
23:07:52.286 [pool-2-thread-25] DEBUG com.intuit.karate -- request:
5 > POST http://localhost:3000/auth/login
5 > Content-Type: application/json; charset=UTF-8
5 > Content-Length: 55
5 > Host: localhost:3000
5 > Connection: Keep-Alive
5 > User-Agent: Apache-HttpClient/4.5.14 (Java/17.0.9)
5 > Accept-Encoding: gzip,deflate
{"email":"test28@example.com","password":"Password123"}

23:07:52.286 [pool-2-thread-25] DEBUG org.apache.http.impl.conn.PoolingHttpClientConnectionManager -- Connection request: [route: {}->http://localhost:3000][total available: 0; route allocated: 0 of 5; total allocated: 0 of 10]
23:07:52.286 [pool-2-thread-25] DEBUG org.apache.http.impl.conn.PoolingHttpClientConnectionManager -- Connection leased: [id: 89][route: {}->http://localhost:3000][total available: 0; route allocated: 1 of 5; total allocated: 1 of 10]
23:07:52.286 [pool-2-thread-25] DEBUG org.apache.http.impl.execchain.MainClientExec -- Opening connection {}->http://localhost:3000
23:07:52.286 [pool-2-thread-12] DEBUG org.apache.http.client.protocol.RequestAddCookies -- CookieSpec selected: karate
23:07:52.286 [pool-2-thread-25] DEBUG org.apache.http.impl.conn.DefaultHttpClientConnectionOperator -- Connecting to localhost/127.0.0.1:3000
23:07:52.286 [pool-2-thread-12] DEBUG org.apache.http.client.protocol.RequestAuthCache -- Auth cache not set in the context
23:07:52.286 [pool-2-thread-12] DEBUG com.intuit.karate -- request:
3 > POST http://localhost:3000/auth/login
3 > Content-Type: application/json; charset=UTF-8
3 > Content-Length: 48
3 > Host: localhost:3000
3 > Connection: Keep-Alive
3 > User-Agent: Apache-HttpClient/4.5.14 (Java/17.0.9)
3 > Accept-Encoding: gzip,deflate
{"email":"quang1@gmail.com","password":"quang1"}

23:07:52.286 [pool-2-thread-12] DEBUG org.apache.http.impl.conn.PoolingHttpClientConnectionManager -- Connection request: [route: {}->http://localhost:3000][total available: 0; route allocated: 0 of 5; total allocated: 0 of 10]
23:07:52.286 [pool-2-thread-12] DEBUG org.apache.http.impl.conn.PoolingHttpClientConnectionManager -- Connection leased: [id: 90][route: {}->http://localhost:3000][total available: 0; route allocated: 1 of 5; total allocated: 1 of 10]
23:07:52.286 [pool-2-thread-12] DEBUG org.apache.http.impl.execchain.MainClientExec -- Opening connection {}->http://localhost:3000
23:07:52.286 [pool-2-thread-12] DEBUG org.apache.http.impl.conn.DefaultHttpClientConnectionOperator -- Connecting to localhost/127.0.0.1:3000
23:07:52.286 [pool-2-thread-25] DEBUG org.apache.http.impl.conn.DefaultHttpClientConnectionOperator -- Connection established 127.0.0.1:52753<->127.0.0.1:3000
23:07:52.286 [pool-2-thread-25] DEBUG org.apache.http.impl.conn.DefaultManagedHttpClientConnection -- http-outgoing-89: set socket timeout to 30000
23:07:52.286 [pool-2-thread-25] DEBUG org.apache.http.impl.execchain.MainClientExec -- Executing request POST /auth/login HTTP/1.1
23:07:52.286 [pool-2-thread-25] DEBUG org.apache.http.impl.execchain.MainClientExec -- Target auth state: UNCHALLENGED
23:07:52.286 [pool-2-thread-25] DEBUG org.apache.http.impl.execchain.MainClientExec -- Proxy auth state: UNCHALLENGED
23:07:52.286 [pool-2-thread-25] DEBUG org.apache.http.headers -- http-outgoing-89 >> POST /auth/login HTTP/1.1
23:07:52.286 [pool-2-thread-25] DEBUG org.apache.http.headers -- http-outgoing-89 >> Content-Type: application/json; charset=UTF-8
23:07:52.286 [pool-2-thread-25] DEBUG org.apache.http.headers -- http-outgoing-89 >> Content-Length: 55
23:07:52.286 [pool-2-thread-25] DEBUG org.apache.http.headers -- http-outgoing-89 >> Host: localhost:3000
23:07:52.286 [pool-2-thread-25] DEBUG org.apache.http.headers -- http-outgoing-89 >> Connection: Keep-Alive
23:07:52.286 [pool-2-thread-25] DEBUG org.apache.http.headers -- http-outgoing-89 >> User-Agent: Apache-HttpClient/4.5.14 (Java/17.0.9)
23:07:52.286 [pool-2-thread-25] DEBUG org.apache.http.headers -- http-outgoing-89 >> Accept-Encoding: gzip,deflate
23:07:52.286 [pool-2-thread-25] DEBUG org.apache.http.wire -- http-outgoing-89 >> "POST /auth/login HTTP/1.1[\r][\n]"
23:07:52.286 [pool-2-thread-25] DEBUG org.apache.http.wire -- http-outgoing-89 >> "Content-Type: application/json; charset=UTF-8[\r][\n]"
23:07:52.286 [pool-2-thread-25] DEBUG org.apache.http.wire -- http-outgoing-89 >> "Content-Length: 55[\r][\n]"
23:07:52.286 [pool-2-thread-25] DEBUG org.apache.http.wire -- http-outgoing-89 >> "Host: localhost:3000[\r][\n]"
23:07:52.286 [pool-2-thread-25] DEBUG org.apache.http.wire -- http-outgoing-89 >> "Connection: Keep-Alive[\r][\n]"
23:07:52.286 [pool-2-thread-25] DEBUG org.apache.http.wire -- http-outgoing-89 >> "User-Agent: Apache-HttpClient/4.5.14 (Java/17.0.9)[\r][\n]"
23:07:52.286 [pool-2-thread-25] DEBUG org.apache.http.wire -- http-outgoing-89 >> "Accept-Encoding: gzip,deflate[\r][\n]"
23:07:52.286 [pool-2-thread-25] DEBUG org.apache.http.wire -- http-outgoing-89 >> "[\r][\n]"
23:07:52.286 [pool-2-thread-25] DEBUG org.apache.http.wire -- http-outgoing-89 >> "{"email":"test28@example.com","password":"Password123"}"
23:07:52.286 [pool-2-thread-12] DEBUG org.apache.http.impl.conn.DefaultHttpClientConnectionOperator -- Connection established 127.0.0.1:52754<->127.0.0.1:3000
23:07:52.286 [pool-2-thread-12] DEBUG org.apache.http.impl.conn.DefaultManagedHttpClientConnection -- http-outgoing-90: set socket timeout to 30000
23:07:52.286 [pool-2-thread-12] DEBUG org.apache.http.impl.execchain.MainClientExec -- Executing request POST /auth/login HTTP/1.1
23:07:52.286 [pool-2-thread-12] DEBUG org.apache.http.impl.execchain.MainClientExec -- Target auth state: UNCHALLENGED
23:07:52.286 [pool-2-thread-12] DEBUG org.apache.http.impl.execchain.MainClientExec -- Proxy auth state: UNCHALLENGED
23:07:52.286 [pool-2-thread-12] DEBUG org.apache.http.headers -- http-outgoing-90 >> POST /auth/login HTTP/1.1
23:07:52.286 [pool-2-thread-12] DEBUG org.apache.http.headers -- http-outgoing-90 >> Content-Type: application/json; charset=UTF-8
23:07:52.286 [pool-2-thread-12] DEBUG org.apache.http.headers -- http-outgoing-90 >> Content-Length: 48
23:07:52.288 [pool-2-thread-12] DEBUG org.apache.http.headers -- http-outgoing-90 >> Host: localhost:3000
23:07:52.288 [pool-2-thread-12] DEBUG org.apache.http.headers -- http-outgoing-90 >> Connection: Keep-Alive
23:07:52.288 [pool-2-thread-12] DEBUG org.apache.http.headers -- http-outgoing-90 >> User-Agent: Apache-HttpClient/4.5.14 (Java/17.0.9)
23:07:52.288 [pool-2-thread-12] DEBUG org.apache.http.headers -- http-outgoing-90 >> Accept-Encoding: gzip,deflate
23:07:52.288 [pool-2-thread-12] DEBUG org.apache.http.wire -- http-outgoing-90 >> "POST /auth/login HTTP/1.1[\r][\n]"
23:07:52.288 [pool-2-thread-12] DEBUG org.apache.http.wire -- http-outgoing-90 >> "Content-Type: application/json; charset=UTF-8[\r][\n]"
23:07:52.288 [pool-2-thread-12] DEBUG org.apache.http.wire -- http-outgoing-90 >> "Content-Length: 48[\r][\n]"
23:07:52.288 [pool-2-thread-12] DEBUG org.apache.http.wire -- http-outgoing-90 >> "Host: localhost:3000[\r][\n]"
23:07:52.288 [pool-2-thread-12] DEBUG org.apache.http.wire -- http-outgoing-90 >> "Connection: Keep-Alive[\r][\n]"
23:07:52.288 [pool-2-thread-12] DEBUG org.apache.http.wire -- http-outgoing-90 >> "User-Agent: Apache-HttpClient/4.5.14 (Java/17.0.9)[\r][\n]"
23:07:52.288 [pool-2-thread-12] DEBUG org.apache.http.wire -- http-outgoing-90 >> "Accept-Encoding: gzip,deflate[\r][\n]"
23:07:52.288 [pool-2-thread-12] DEBUG org.apache.http.wire -- http-outgoing-90 >> "[\r][\n]"
23:07:52.288 [pool-2-thread-12] DEBUG org.apache.http.wire -- http-outgoing-90 >> "{"email":"quang1@gmail.com","password":"quang1"}"
23:07:52.288 [pool-2-thread-30] DEBUG org.apache.http.client.protocol.RequestAddCookies -- CookieSpec selected: karate
23:07:52.288 [pool-2-thread-30] DEBUG org.apache.http.client.protocol.RequestAuthCache -- Auth cache not set in the context
23:07:52.288 [pool-2-thread-30] DEBUG com.intuit.karate -- request:
4 > POST http://localhost:3000/auth/login
4 > Content-Type: application/json; charset=UTF-8
4 > Content-Length: 54
4 > Host: localhost:3000
4 > Connection: Keep-Alive
4 > User-Agent: Apache-HttpClient/4.5.14 (Java/17.0.9)
4 > Accept-Encoding: gzip,deflate
{"email":"testit2@gmail.com","password":"Password123"}

23:07:52.288 [pool-2-thread-30] DEBUG org.apache.http.impl.conn.PoolingHttpClientConnectionManager -- Connection request: [route: {}->http://localhost:3000][total available: 0; route allocated: 0 of 5; total allocated: 0 of 10]
23:07:52.288 [pool-2-thread-30] DEBUG org.apache.http.impl.conn.PoolingHttpClientConnectionManager -- Connection leased: [id: 91][route: {}->http://localhost:3000][total available: 0; route allocated: 1 of 5; total allocated: 1 of 10]
23:07:52.288 [pool-2-thread-30] DEBUG org.apache.http.impl.execchain.MainClientExec -- Opening connection {}->http://localhost:3000
23:07:52.288 [pool-2-thread-30] DEBUG org.apache.http.impl.conn.DefaultHttpClientConnectionOperator -- Connecting to localhost/127.0.0.1:3000
23:07:52.289 [pool-2-thread-30] DEBUG org.apache.http.impl.conn.DefaultHttpClientConnectionOperator -- Connection established 127.0.0.1:52755<->127.0.0.1:3000
23:07:52.289 [pool-2-thread-30] DEBUG org.apache.http.impl.conn.DefaultManagedHttpClientConnection -- http-outgoing-91: set socket timeout to 30000
23:07:52.289 [pool-2-thread-30] DEBUG org.apache.http.impl.execchain.MainClientExec -- Executing request POST /auth/login HTTP/1.1
23:07:52.289 [pool-2-thread-30] DEBUG org.apache.http.impl.execchain.MainClientExec -- Target auth state: UNCHALLENGED
23:07:52.289 [pool-2-thread-30] DEBUG org.apache.http.impl.execchain.MainClientExec -- Proxy auth state: UNCHALLENGED
23:07:52.289 [pool-2-thread-30] DEBUG org.apache.http.headers -- http-outgoing-91 >> POST /auth/login HTTP/1.1
23:07:52.289 [pool-2-thread-30] DEBUG org.apache.http.headers -- http-outgoing-91 >> Content-Type: application/json; charset=UTF-8
23:07:52.289 [pool-2-thread-30] DEBUG org.apache.http.headers -- http-outgoing-91 >> Content-Length: 54
23:07:52.289 [pool-2-thread-30] DEBUG org.apache.http.headers -- http-outgoing-91 >> Host: localhost:3000
23:07:52.289 [pool-2-thread-30] DEBUG org.apache.http.headers -- http-outgoing-91 >> Connection: Keep-Alive
23:07:52.289 [pool-2-thread-30] DEBUG org.apache.http.headers -- http-outgoing-91 >> User-Agent: Apache-HttpClient/4.5.14 (Java/17.0.9)
23:07:52.289 [pool-2-thread-30] DEBUG org.apache.http.headers -- http-outgoing-91 >> Accept-Encoding: gzip,deflate
23:07:52.289 [pool-2-thread-30] DEBUG org.apache.http.wire -- http-outgoing-91 >> "POST /auth/login HTTP/1.1[\r][\n]"
23:07:52.289 [pool-2-thread-30] DEBUG org.apache.http.wire -- http-outgoing-91 >> "Content-Type: application/json; charset=UTF-8[\r][\n]"
23:07:52.289 [pool-2-thread-30] DEBUG org.apache.http.wire -- http-outgoing-91 >> "Content-Length: 54[\r][\n]"
23:07:52.289 [pool-2-thread-30] DEBUG org.apache.http.wire -- http-outgoing-91 >> "Host: localhost:3000[\r][\n]"
23:07:52.289 [pool-2-thread-30] DEBUG org.apache.http.wire -- http-outgoing-91 >> "Connection: Keep-Alive[\r][\n]"
23:07:52.289 [pool-2-thread-30] DEBUG org.apache.http.wire -- http-outgoing-91 >> "User-Agent: Apache-HttpClient/4.5.14 (Java/17.0.9)[\r][\n]"
23:07:52.289 [pool-2-thread-30] DEBUG org.apache.http.wire -- http-outgoing-91 >> "Accept-Encoding: gzip,deflate[\r][\n]"
23:07:52.289 [pool-2-thread-30] DEBUG org.apache.http.wire -- http-outgoing-91 >> "[\r][\n]"
23:07:52.289 [pool-2-thread-30] DEBUG org.apache.http.wire -- http-outgoing-91 >> "{"email":"testit2@gmail.com","password":"Password123"}"
23:07:52.300 [pool-2-thread-17] DEBUG org.apache.http.wire -- http-outgoing-61 << "HTTP/1.1 200 OK[\r][\n]"
23:07:52.300 [pool-2-thread-17] DEBUG org.apache.http.wire -- http-outgoing-61 << "X-Powered-By: Express[\r][\n]"
23:07:52.300 [pool-2-thread-17] DEBUG org.apache.http.wire -- http-outgoing-61 << "Access-Control-Allow-Origin: *[\r][\n]"
23:07:52.300 [pool-2-thread-17] DEBUG org.apache.http.wire -- http-outgoing-61 << "Content-Type: application/json; charset=utf-8[\r][\n]"
23:07:52.300 [pool-2-thread-17] DEBUG org.apache.http.wire -- http-outgoing-61 << "Content-Length: 605[\r][\n]"
23:07:52.300 [pool-2-thread-17] DEBUG org.apache.http.wire -- http-outgoing-61 << "ETag: W/"25d-LSU9d9sxcni2NxC0YcmXIqEE6kg"[\r][\n]"
23:07:52.300 [pool-2-thread-17] DEBUG org.apache.http.wire -- http-outgoing-61 << "Date: Sun, 22 Jun 2025 16:07:52 GMT[\r][\n]"
23:07:52.300 [pool-2-thread-17] DEBUG org.apache.http.wire -- http-outgoing-61 << "Connection: keep-alive[\r][\n]"
23:07:52.300 [pool-2-thread-17] DEBUG org.apache.http.wire -- http-outgoing-61 << "Keep-Alive: timeout=5[\r][\n]"
23:07:52.300 [pool-2-thread-17] DEBUG org.apache.http.wire -- http-outgoing-61 << "[\r][\n]"
23:07:52.300 [pool-2-thread-17] DEBUG org.apache.http.wire -- http-outgoing-61 << "{"access_token":"eyJhbGciOiJIUzI1NiIsInR5cCI6IkpXVCJ9.eyJzdWIiOiI2NTBjZTFlZC1hYWNhLTQzOGYtOTk4OC0xZjA1OGFiNWFhMWEiLCJ1c2VybmFtZSI6ImpvaG5kb2UyNSIsInJvbGUiOjAsImlhdCI6MTc1MDYwODQ3MSwiZXhwIjoxNzUwNjEyMDcxfQ.PiRJl9HUnVNHtxoTgJwJdoGkb4X6D_LA2hswaQUajoc","refresh_token":"70ebcbd95aa379314aea587469fe12abbebbb8b6e3361aea5ca9df765da7893d","user":{"id":"650ce1ed-aaca-438f-9988-1f058ab5aa1a","email":"testit3@gmail.com","username":"johndoe25","name":"John Doe","phoneNumber":"0123456713","profilePic":null,"bio":null,"private":false,"verified":false,"role":0,"followersCount":0,"followingCount":0,"postCount":0}}"
23:07:52.300 [pool-2-thread-17] DEBUG org.apache.http.headers -- http-outgoing-61 << HTTP/1.1 200 OK
23:07:52.300 [pool-2-thread-17] DEBUG org.apache.http.headers -- http-outgoing-61 << X-Powered-By: Express
23:07:52.300 [pool-2-thread-17] DEBUG org.apache.http.headers -- http-outgoing-61 << Access-Control-Allow-Origin: *
23:07:52.300 [pool-2-thread-17] DEBUG org.apache.http.headers -- http-outgoing-61 << Content-Type: application/json; charset=utf-8
23:07:52.300 [pool-2-thread-17] DEBUG org.apache.http.headers -- http-outgoing-61 << Content-Length: 605
23:07:52.300 [pool-2-thread-17] DEBUG org.apache.http.headers -- http-outgoing-61 << ETag: W/"25d-LSU9d9sxcni2NxC0YcmXIqEE6kg"
23:07:52.300 [pool-2-thread-17] DEBUG org.apache.http.headers -- http-outgoing-61 << Date: Sun, 22 Jun 2025 16:07:52 GMT
23:07:52.300 [pool-2-thread-17] DEBUG org.apache.http.headers -- http-outgoing-61 << Connection: keep-alive
23:07:52.300 [pool-2-thread-17] DEBUG org.apache.http.headers -- http-outgoing-61 << Keep-Alive: timeout=5
23:07:52.300 [pool-2-thread-17] DEBUG org.apache.http.impl.execchain.MainClientExec -- Connection can be kept alive for 5000 MILLISECONDS
23:07:52.301 [pool-2-thread-17] DEBUG org.apache.http.impl.conn.PoolingHttpClientConnectionManager -- Connection [id: 61][route: {}->http://localhost:3000] can be kept alive for 5.0 seconds
23:07:52.301 [pool-2-thread-17] DEBUG org.apache.http.impl.conn.DefaultManagedHttpClientConnection -- http-outgoing-61: set socket timeout to 0
23:07:52.301 [pool-2-thread-17] DEBUG org.apache.http.impl.conn.PoolingHttpClientConnectionManager -- Connection released: [id: 61][route: {}->http://localhost:3000][total available: 1; route allocated: 1 of 5; total allocated: 1 of 10]
23:07:52.301 [pool-2-thread-17] DEBUG org.apache.http.impl.conn.PoolingHttpClientConnectionManager -- Connection manager is shutting down
23:07:52.301 [pool-2-thread-17] DEBUG org.apache.http.impl.conn.DefaultManagedHttpClientConnection -- http-outgoing-61: Close connection
23:07:52.301 [pool-2-thread-17] DEBUG org.apache.http.impl.conn.PoolingHttpClientConnectionManager -- Connection manager shut down
23:07:52.301 [pool-2-thread-17] DEBUG com.intuit.karate -- response time in milliseconds: 2900
2 < 200
2 < X-Powered-By: Express
2 < Access-Control-Allow-Origin: *
2 < Content-Type: application/json; charset=utf-8
2 < Content-Length: 605
2 < ETag: W/"25d-LSU9d9sxcni2NxC0YcmXIqEE6kg"
2 < Date: Sun, 22 Jun 2025 16:07:52 GMT
2 < Connection: keep-alive
2 < Keep-Alive: timeout=5
{"access_token":"eyJhbGciOiJIUzI1NiIsInR5cCI6IkpXVCJ9.eyJzdWIiOiI2NTBjZTFlZC1hYWNhLTQzOGYtOTk4OC0xZjA1OGFiNWFhMWEiLCJ1c2VybmFtZSI6ImpvaG5kb2UyNSIsInJvbGUiOjAsImlhdCI6MTc1MDYwODQ3MSwiZXhwIjoxNzUwNjEyMDcxfQ.PiRJl9HUnVNHtxoTgJwJdoGkb4X6D_LA2hswaQUajoc","refresh_token":"70ebcbd95aa379314aea587469fe12abbebbb8b6e3361aea5ca9df765da7893d","user":{"id":"650ce1ed-aaca-438f-9988-1f058ab5aa1a","email":"testit3@gmail.com","username":"johndoe25","name":"John Doe","phoneNumber":"0123456713","profilePic":null,"bio":null,"private":false,"verified":false,"role":0,"followersCount":0,"followingCount":0,"postCount":0}}

23:07:52.303 [pool-2-thread-17] INFO com.intuit.karate -- [print] Call 2 completed, status: 200 
23:07:52.304 [pool-2-thread-17] INFO com.intuit.karate -- [print] *** API CALL 3 *** 
23:07:52.306 [pool-2-thread-17] DEBUG org.apache.http.client.protocol.RequestAddCookies -- CookieSpec selected: karate
23:07:52.306 [pool-2-thread-17] DEBUG org.apache.http.client.protocol.RequestAuthCache -- Auth cache not set in the context
23:07:52.306 [pool-2-thread-17] DEBUG com.intuit.karate -- request:
3 > POST http://localhost:3000/auth/login
3 > Content-Type: application/json; charset=UTF-8
3 > Content-Length: 54
3 > Host: localhost:3000
3 > Connection: Keep-Alive
3 > User-Agent: Apache-HttpClient/4.5.14 (Java/17.0.9)
3 > Accept-Encoding: gzip,deflate
{"email":"testit3@gmail.com","password":"Password123"}

23:07:52.306 [pool-2-thread-17] DEBUG org.apache.http.impl.conn.PoolingHttpClientConnectionManager -- Connection request: [route: {}->http://localhost:3000][total available: 0; route allocated: 0 of 5; total allocated: 0 of 10]
23:07:52.306 [pool-2-thread-17] DEBUG org.apache.http.impl.conn.PoolingHttpClientConnectionManager -- Connection leased: [id: 92][route: {}->http://localhost:3000][total available: 0; route allocated: 1 of 5; total allocated: 1 of 10]
23:07:52.306 [pool-2-thread-17] DEBUG org.apache.http.impl.execchain.MainClientExec -- Opening connection {}->http://localhost:3000
23:07:52.306 [pool-2-thread-17] DEBUG org.apache.http.impl.conn.DefaultHttpClientConnectionOperator -- Connecting to localhost/127.0.0.1:3000
23:07:52.306 [pool-2-thread-17] DEBUG org.apache.http.impl.conn.DefaultHttpClientConnectionOperator -- Connection established 127.0.0.1:52756<->127.0.0.1:3000
23:07:52.306 [pool-2-thread-17] DEBUG org.apache.http.impl.conn.DefaultManagedHttpClientConnection -- http-outgoing-92: set socket timeout to 30000
23:07:52.306 [pool-2-thread-17] DEBUG org.apache.http.impl.execchain.MainClientExec -- Executing request POST /auth/login HTTP/1.1
23:07:52.306 [pool-2-thread-17] DEBUG org.apache.http.impl.execchain.MainClientExec -- Target auth state: UNCHALLENGED
23:07:52.306 [pool-2-thread-17] DEBUG org.apache.http.impl.execchain.MainClientExec -- Proxy auth state: UNCHALLENGED
23:07:52.306 [pool-2-thread-17] DEBUG org.apache.http.headers -- http-outgoing-92 >> POST /auth/login HTTP/1.1
23:07:52.306 [pool-2-thread-17] DEBUG org.apache.http.headers -- http-outgoing-92 >> Content-Type: application/json; charset=UTF-8
23:07:52.306 [pool-2-thread-17] DEBUG org.apache.http.headers -- http-outgoing-92 >> Content-Length: 54
23:07:52.306 [pool-2-thread-17] DEBUG org.apache.http.headers -- http-outgoing-92 >> Host: localhost:3000
23:07:52.306 [pool-2-thread-17] DEBUG org.apache.http.headers -- http-outgoing-92 >> Connection: Keep-Alive
23:07:52.306 [pool-2-thread-17] DEBUG org.apache.http.headers -- http-outgoing-92 >> User-Agent: Apache-HttpClient/4.5.14 (Java/17.0.9)
23:07:52.306 [pool-2-thread-17] DEBUG org.apache.http.headers -- http-outgoing-92 >> Accept-Encoding: gzip,deflate
23:07:52.306 [pool-2-thread-17] DEBUG org.apache.http.wire -- http-outgoing-92 >> "POST /auth/login HTTP/1.1[\r][\n]"
23:07:52.306 [pool-2-thread-17] DEBUG org.apache.http.wire -- http-outgoing-92 >> "Content-Type: application/json; charset=UTF-8[\r][\n]"
23:07:52.306 [pool-2-thread-17] DEBUG org.apache.http.wire -- http-outgoing-92 >> "Content-Length: 54[\r][\n]"
23:07:52.306 [pool-2-thread-17] DEBUG org.apache.http.wire -- http-outgoing-92 >> "Host: localhost:3000[\r][\n]"
23:07:52.306 [pool-2-thread-17] DEBUG org.apache.http.wire -- http-outgoing-92 >> "Connection: Keep-Alive[\r][\n]"
23:07:52.306 [pool-2-thread-17] DEBUG org.apache.http.wire -- http-outgoing-92 >> "User-Agent: Apache-HttpClient/4.5.14 (Java/17.0.9)[\r][\n]"
23:07:52.306 [pool-2-thread-17] DEBUG org.apache.http.wire -- http-outgoing-92 >> "Accept-Encoding: gzip,deflate[\r][\n]"
23:07:52.306 [pool-2-thread-17] DEBUG org.apache.http.wire -- http-outgoing-92 >> "[\r][\n]"
23:07:52.306 [pool-2-thread-17] DEBUG org.apache.http.wire -- http-outgoing-92 >> "{"email":"testit3@gmail.com","password":"Password123"}"
23:07:52.356 [pool-2-thread-9] DEBUG org.apache.http.wire -- http-outgoing-55 << "HTTP/1.1 200 OK[\r][\n]"
23:07:52.356 [pool-2-thread-9] DEBUG org.apache.http.wire -- http-outgoing-55 << "X-Powered-By: Express[\r][\n]"
23:07:52.356 [pool-2-thread-9] DEBUG org.apache.http.wire -- http-outgoing-55 << "Access-Control-Allow-Origin: *[\r][\n]"
23:07:52.356 [pool-2-thread-9] DEBUG org.apache.http.wire -- http-outgoing-55 << "Content-Type: application/json; charset=utf-8[\r][\n]"
23:07:52.356 [pool-2-thread-9] DEBUG org.apache.http.wire -- http-outgoing-55 << "Content-Length: 604[\r][\n]"
23:07:52.356 [pool-2-thread-9] DEBUG org.apache.http.wire -- http-outgoing-55 << "ETag: W/"25c-q+x/8N4mRPy0zieB1UH0j0UrOtI"[\r][\n]"
23:07:52.356 [pool-2-thread-9] DEBUG org.apache.http.wire -- http-outgoing-55 << "Date: Sun, 22 Jun 2025 16:07:52 GMT[\r][\n]"
23:07:52.356 [pool-2-thread-9] DEBUG org.apache.http.wire -- http-outgoing-55 << "Connection: keep-alive[\r][\n]"
23:07:52.356 [pool-2-thread-9] DEBUG org.apache.http.wire -- http-outgoing-55 << "Keep-Alive: timeout=5[\r][\n]"
23:07:52.356 [pool-2-thread-9] DEBUG org.apache.http.wire -- http-outgoing-55 << "[\r][\n]"
23:07:52.356 [pool-2-thread-9] DEBUG org.apache.http.wire -- http-outgoing-55 << "{"access_token":"eyJhbGciOiJIUzI1NiIsInR5cCI6IkpXVCJ9.eyJzdWIiOiJkZjZmMDkxOS1hMjNkLTQ0YzktYTkyNS00ZWE4YmU1MjVkMTAiLCJ1c2VybmFtZSI6ImpvaG5kb2UyMyIsInJvbGUiOjAsImlhdCI6MTc1MDYwODQ3MiwiZXhwIjoxNzUwNjEyMDcyfQ.TfZScroqgdt0F3Lk4G9GgodEXB9Yo1tNFi5dZb68vs4","refresh_token":"19a6e65e7f5749ddbad630d7ad74380de1bb21d349c9b23e7384b2a545203847","user":{"id":"df6f0919-a23d-44c9-a925-4ea8be525d10","email":"testit@gmail.com","username":"johndoe23","name":"John Doe","phoneNumber":"0123456788","profilePic":null,"bio":null,"private":false,"verified":false,"role":0,"followersCount":0,"followingCount":0,"postCount":0}}"
23:07:52.356 [pool-2-thread-9] DEBUG org.apache.http.headers -- http-outgoing-55 << HTTP/1.1 200 OK
23:07:52.356 [pool-2-thread-9] DEBUG org.apache.http.headers -- http-outgoing-55 << X-Powered-By: Express
23:07:52.357 [pool-2-thread-9] DEBUG org.apache.http.headers -- http-outgoing-55 << Access-Control-Allow-Origin: *
23:07:52.357 [pool-2-thread-9] DEBUG org.apache.http.headers -- http-outgoing-55 << Content-Type: application/json; charset=utf-8
23:07:52.357 [pool-2-thread-9] DEBUG org.apache.http.headers -- http-outgoing-55 << Content-Length: 604
23:07:52.357 [pool-2-thread-9] DEBUG org.apache.http.headers -- http-outgoing-55 << ETag: W/"25c-q+x/8N4mRPy0zieB1UH0j0UrOtI"
23:07:52.357 [pool-2-thread-9] DEBUG org.apache.http.headers -- http-outgoing-55 << Date: Sun, 22 Jun 2025 16:07:52 GMT
23:07:52.357 [pool-2-thread-9] DEBUG org.apache.http.headers -- http-outgoing-55 << Connection: keep-alive
23:07:52.357 [pool-2-thread-9] DEBUG org.apache.http.headers -- http-outgoing-55 << Keep-Alive: timeout=5
23:07:52.357 [pool-2-thread-9] DEBUG org.apache.http.impl.execchain.MainClientExec -- Connection can be kept alive for 5000 MILLISECONDS
23:07:52.357 [pool-2-thread-9] DEBUG org.apache.http.impl.conn.PoolingHttpClientConnectionManager -- Connection [id: 55][route: {}->http://localhost:3000] can be kept alive for 5.0 seconds
23:07:52.357 [pool-2-thread-9] DEBUG org.apache.http.impl.conn.DefaultManagedHttpClientConnection -- http-outgoing-55: set socket timeout to 0
23:07:52.357 [pool-2-thread-9] DEBUG org.apache.http.impl.conn.PoolingHttpClientConnectionManager -- Connection released: [id: 55][route: {}->http://localhost:3000][total available: 1; route allocated: 1 of 5; total allocated: 1 of 10]
23:07:52.357 [pool-2-thread-9] DEBUG org.apache.http.impl.conn.PoolingHttpClientConnectionManager -- Connection manager is shutting down
23:07:52.357 [pool-2-thread-9] DEBUG org.apache.http.impl.conn.DefaultManagedHttpClientConnection -- http-outgoing-55: Close connection
23:07:52.357 [pool-2-thread-9] DEBUG org.apache.http.impl.conn.PoolingHttpClientConnectionManager -- Connection manager shut down
23:07:52.357 [pool-2-thread-9] DEBUG com.intuit.karate -- response time in milliseconds: 3176
2 < 200
2 < X-Powered-By: Express
2 < Access-Control-Allow-Origin: *
2 < Content-Type: application/json; charset=utf-8
2 < Content-Length: 604
2 < ETag: W/"25c-q+x/8N4mRPy0zieB1UH0j0UrOtI"
2 < Date: Sun, 22 Jun 2025 16:07:52 GMT
2 < Connection: keep-alive
2 < Keep-Alive: timeout=5
{"access_token":"eyJhbGciOiJIUzI1NiIsInR5cCI6IkpXVCJ9.eyJzdWIiOiJkZjZmMDkxOS1hMjNkLTQ0YzktYTkyNS00ZWE4YmU1MjVkMTAiLCJ1c2VybmFtZSI6ImpvaG5kb2UyMyIsInJvbGUiOjAsImlhdCI6MTc1MDYwODQ3MiwiZXhwIjoxNzUwNjEyMDcyfQ.TfZScroqgdt0F3Lk4G9GgodEXB9Yo1tNFi5dZb68vs4","refresh_token":"19a6e65e7f5749ddbad630d7ad74380de1bb21d349c9b23e7384b2a545203847","user":{"id":"df6f0919-a23d-44c9-a925-4ea8be525d10","email":"testit@gmail.com","username":"johndoe23","name":"John Doe","phoneNumber":"0123456788","profilePic":null,"bio":null,"private":false,"verified":false,"role":0,"followersCount":0,"followingCount":0,"postCount":0}}

23:07:52.360 [pool-2-thread-9] INFO com.intuit.karate -- [print] Call 2 completed, status: 200 
23:07:52.363 [pool-2-thread-9] INFO com.intuit.karate -- [print] *** API CALL 3 *** 
23:07:52.366 [pool-2-thread-9] DEBUG org.apache.http.client.protocol.RequestAddCookies -- CookieSpec selected: karate
23:07:52.366 [pool-2-thread-9] DEBUG org.apache.http.client.protocol.RequestAuthCache -- Auth cache not set in the context
23:07:52.366 [pool-2-thread-9] DEBUG com.intuit.karate -- request:
3 > POST http://localhost:3000/auth/login
3 > Content-Type: application/json; charset=UTF-8
3 > Content-Length: 53
3 > Host: localhost:3000
3 > Connection: Keep-Alive
3 > User-Agent: Apache-HttpClient/4.5.14 (Java/17.0.9)
3 > Accept-Encoding: gzip,deflate
{"email":"testit@gmail.com","password":"Password123"}

23:07:52.366 [pool-2-thread-9] DEBUG org.apache.http.impl.conn.PoolingHttpClientConnectionManager -- Connection request: [route: {}->http://localhost:3000][total available: 0; route allocated: 0 of 5; total allocated: 0 of 10]
23:07:52.366 [pool-2-thread-9] DEBUG org.apache.http.impl.conn.PoolingHttpClientConnectionManager -- Connection leased: [id: 93][route: {}->http://localhost:3000][total available: 0; route allocated: 1 of 5; total allocated: 1 of 10]
23:07:52.366 [pool-2-thread-9] DEBUG org.apache.http.impl.execchain.MainClientExec -- Opening connection {}->http://localhost:3000
23:07:52.366 [pool-2-thread-9] DEBUG org.apache.http.impl.conn.DefaultHttpClientConnectionOperator -- Connecting to localhost/127.0.0.1:3000
23:07:52.368 [pool-2-thread-9] DEBUG org.apache.http.impl.conn.DefaultHttpClientConnectionOperator -- Connection established 127.0.0.1:52757<->127.0.0.1:3000
23:07:52.368 [pool-2-thread-9] DEBUG org.apache.http.impl.conn.DefaultManagedHttpClientConnection -- http-outgoing-93: set socket timeout to 30000
23:07:52.368 [pool-2-thread-9] DEBUG org.apache.http.impl.execchain.MainClientExec -- Executing request POST /auth/login HTTP/1.1
23:07:52.368 [pool-2-thread-9] DEBUG org.apache.http.impl.execchain.MainClientExec -- Target auth state: UNCHALLENGED
23:07:52.368 [pool-2-thread-9] DEBUG org.apache.http.impl.execchain.MainClientExec -- Proxy auth state: UNCHALLENGED
23:07:52.368 [pool-2-thread-9] DEBUG org.apache.http.headers -- http-outgoing-93 >> POST /auth/login HTTP/1.1
23:07:52.368 [pool-2-thread-9] DEBUG org.apache.http.headers -- http-outgoing-93 >> Content-Type: application/json; charset=UTF-8
23:07:52.368 [pool-2-thread-9] DEBUG org.apache.http.headers -- http-outgoing-93 >> Content-Length: 53
23:07:52.368 [pool-2-thread-9] DEBUG org.apache.http.headers -- http-outgoing-93 >> Host: localhost:3000
23:07:52.368 [pool-2-thread-9] DEBUG org.apache.http.headers -- http-outgoing-93 >> Connection: Keep-Alive
23:07:52.368 [pool-2-thread-9] DEBUG org.apache.http.headers -- http-outgoing-93 >> User-Agent: Apache-HttpClient/4.5.14 (Java/17.0.9)
23:07:52.368 [pool-2-thread-9] DEBUG org.apache.http.headers -- http-outgoing-93 >> Accept-Encoding: gzip,deflate
23:07:52.368 [pool-2-thread-9] DEBUG org.apache.http.wire -- http-outgoing-93 >> "POST /auth/login HTTP/1.1[\r][\n]"
23:07:52.368 [pool-2-thread-9] DEBUG org.apache.http.wire -- http-outgoing-93 >> "Content-Type: application/json; charset=UTF-8[\r][\n]"
23:07:52.368 [pool-2-thread-9] DEBUG org.apache.http.wire -- http-outgoing-93 >> "Content-Length: 53[\r][\n]"
23:07:52.368 [pool-2-thread-9] DEBUG org.apache.http.wire -- http-outgoing-93 >> "Host: localhost:3000[\r][\n]"
23:07:52.368 [pool-2-thread-9] DEBUG org.apache.http.wire -- http-outgoing-93 >> "Connection: Keep-Alive[\r][\n]"
23:07:52.368 [pool-2-thread-9] DEBUG org.apache.http.wire -- http-outgoing-93 >> "User-Agent: Apache-HttpClient/4.5.14 (Java/17.0.9)[\r][\n]"
23:07:52.368 [pool-2-thread-9] DEBUG org.apache.http.wire -- http-outgoing-93 >> "Accept-Encoding: gzip,deflate[\r][\n]"
23:07:52.368 [pool-2-thread-9] DEBUG org.apache.http.wire -- http-outgoing-93 >> "[\r][\n]"
23:07:52.368 [pool-2-thread-9] DEBUG org.apache.http.wire -- http-outgoing-93 >> "{"email":"testit@gmail.com","password":"Password123"}"
23:07:52.403 [pool-2-thread-18] DEBUG org.apache.http.wire -- http-outgoing-64 << "HTTP/1.1 200 OK[\r][\n]"
23:07:52.403 [pool-2-thread-18] DEBUG org.apache.http.wire -- http-outgoing-64 << "X-Powered-By: Express[\r][\n]"
23:07:52.403 [pool-2-thread-18] DEBUG org.apache.http.wire -- http-outgoing-64 << "Access-Control-Allow-Origin: *[\r][\n]"
23:07:52.403 [pool-2-thread-18] DEBUG org.apache.http.wire -- http-outgoing-64 << "Content-Type: application/json; charset=utf-8[\r][\n]"
23:07:52.403 [pool-2-thread-18] DEBUG org.apache.http.wire -- http-outgoing-64 << "Content-Length: 609[\r][\n]"
23:07:52.403 [pool-2-thread-18] DEBUG org.apache.http.wire -- http-outgoing-64 << "ETag: W/"261-nALQmGsPQILjkbIEqMSedlUj5Ow"[\r][\n]"
23:07:52.403 [pool-2-thread-18] DEBUG org.apache.http.wire -- http-outgoing-64 << "Date: Sun, 22 Jun 2025 16:07:52 GMT[\r][\n]"
23:07:52.403 [pool-2-thread-18] DEBUG org.apache.http.wire -- http-outgoing-64 << "Connection: keep-alive[\r][\n]"
23:07:52.403 [pool-2-thread-18] DEBUG org.apache.http.wire -- http-outgoing-64 << "Keep-Alive: timeout=5[\r][\n]"
23:07:52.403 [pool-2-thread-18] DEBUG org.apache.http.wire -- http-outgoing-64 << "[\r][\n]"
23:07:52.403 [pool-2-thread-18] DEBUG org.apache.http.wire -- http-outgoing-64 << "{"access_token":"eyJhbGciOiJIUzI1NiIsInR5cCI6IkpXVCJ9.eyJzdWIiOiIyNzJmNmI1NS01MTc5LTRhZTMtODU2My1iNGVjMTBmNzY3MTUiLCJ1c2VybmFtZSI6ImpvaG5kb2UyZDVkIiwicm9sZSI6MCwiaWF0IjoxNzUwNjA4NDcyLCJleHAiOjE3NTA2MTIwNzJ9.JkxRaVB0Rvrxn_tdKCOxbydU5TI6Kvn1rSzKwE0EY6A","refresh_token":"0cb6e57c15077d4d6919a4cc1c1250d52a63f5d7230d6fdb816ef2d72a52fbf6","user":{"id":"272f6b55-5179-4ae3-8563-b4ec10f76715","email":"testit5@gmail.com","username":"johndoe2d5d","name":"John Doe","phoneNumber":"0123456132","profilePic":null,"bio":null,"private":false,"verified":false,"role":0,"followersCount":0,"followingCount":0,"postCount":0}}"
23:07:52.403 [pool-2-thread-18] DEBUG org.apache.http.headers -- http-outgoing-64 << HTTP/1.1 200 OK
23:07:52.403 [pool-2-thread-18] DEBUG org.apache.http.headers -- http-outgoing-64 << X-Powered-By: Express
23:07:52.403 [pool-2-thread-18] DEBUG org.apache.http.headers -- http-outgoing-64 << Access-Control-Allow-Origin: *
23:07:52.403 [pool-2-thread-18] DEBUG org.apache.http.headers -- http-outgoing-64 << Content-Type: application/json; charset=utf-8
23:07:52.403 [pool-2-thread-18] DEBUG org.apache.http.headers -- http-outgoing-64 << Content-Length: 609
23:07:52.403 [pool-2-thread-18] DEBUG org.apache.http.headers -- http-outgoing-64 << ETag: W/"261-nALQmGsPQILjkbIEqMSedlUj5Ow"
23:07:52.403 [pool-2-thread-18] DEBUG org.apache.http.headers -- http-outgoing-64 << Date: Sun, 22 Jun 2025 16:07:52 GMT
23:07:52.403 [pool-2-thread-18] DEBUG org.apache.http.headers -- http-outgoing-64 << Connection: keep-alive
23:07:52.403 [pool-2-thread-18] DEBUG org.apache.http.headers -- http-outgoing-64 << Keep-Alive: timeout=5
23:07:52.403 [pool-2-thread-18] DEBUG org.apache.http.impl.execchain.MainClientExec -- Connection can be kept alive for 5000 MILLISECONDS
23:07:52.404 [pool-2-thread-18] DEBUG org.apache.http.impl.conn.PoolingHttpClientConnectionManager -- Connection [id: 64][route: {}->http://localhost:3000] can be kept alive for 5.0 seconds
23:07:52.404 [pool-2-thread-18] DEBUG org.apache.http.impl.conn.DefaultManagedHttpClientConnection -- http-outgoing-64: set socket timeout to 0
23:07:52.404 [pool-2-thread-18] DEBUG org.apache.http.impl.conn.PoolingHttpClientConnectionManager -- Connection released: [id: 64][route: {}->http://localhost:3000][total available: 1; route allocated: 1 of 5; total allocated: 1 of 10]
23:07:52.404 [pool-2-thread-18] DEBUG org.apache.http.impl.conn.PoolingHttpClientConnectionManager -- Connection manager is shutting down
23:07:52.404 [pool-2-thread-18] DEBUG org.apache.http.impl.conn.DefaultManagedHttpClientConnection -- http-outgoing-64: Close connection
23:07:52.404 [pool-2-thread-18] DEBUG org.apache.http.impl.conn.PoolingHttpClientConnectionManager -- Connection manager shut down
23:07:52.404 [pool-2-thread-18] DEBUG com.intuit.karate -- response time in milliseconds: 2246
3 < 200
3 < X-Powered-By: Express
3 < Access-Control-Allow-Origin: *
3 < Content-Type: application/json; charset=utf-8
3 < Content-Length: 609
3 < ETag: W/"261-nALQmGsPQILjkbIEqMSedlUj5Ow"
3 < Date: Sun, 22 Jun 2025 16:07:52 GMT
3 < Connection: keep-alive
3 < Keep-Alive: timeout=5
{"access_token":"eyJhbGciOiJIUzI1NiIsInR5cCI6IkpXVCJ9.eyJzdWIiOiIyNzJmNmI1NS01MTc5LTRhZTMtODU2My1iNGVjMTBmNzY3MTUiLCJ1c2VybmFtZSI6ImpvaG5kb2UyZDVkIiwicm9sZSI6MCwiaWF0IjoxNzUwNjA4NDcyLCJleHAiOjE3NTA2MTIwNzJ9.JkxRaVB0Rvrxn_tdKCOxbydU5TI6Kvn1rSzKwE0EY6A","refresh_token":"0cb6e57c15077d4d6919a4cc1c1250d52a63f5d7230d6fdb816ef2d72a52fbf6","user":{"id":"272f6b55-5179-4ae3-8563-b4ec10f76715","email":"testit5@gmail.com","username":"johndoe2d5d","name":"John Doe","phoneNumber":"0123456132","profilePic":null,"bio":null,"private":false,"verified":false,"role":0,"followersCount":0,"followingCount":0,"postCount":0}}

23:07:52.406 [pool-2-thread-18] INFO com.intuit.karate -- [print] Call 3 completed, status: 200 
23:07:52.408 [pool-2-thread-18] INFO com.intuit.karate -- [print] *** API CALL 4 *** 
23:07:52.411 [pool-2-thread-18] DEBUG org.apache.http.client.protocol.RequestAddCookies -- CookieSpec selected: karate
23:07:52.412 [pool-2-thread-18] DEBUG org.apache.http.client.protocol.RequestAuthCache -- Auth cache not set in the context
23:07:52.412 [pool-2-thread-18] DEBUG com.intuit.karate -- request:
4 > POST http://localhost:3000/auth/login
4 > Content-Type: application/json; charset=UTF-8
4 > Content-Length: 54
4 > Host: localhost:3000
4 > Connection: Keep-Alive
4 > User-Agent: Apache-HttpClient/4.5.14 (Java/17.0.9)
4 > Accept-Encoding: gzip,deflate
{"email":"testit5@gmail.com","password":"Password123"}

23:07:52.412 [pool-2-thread-18] DEBUG org.apache.http.impl.conn.PoolingHttpClientConnectionManager -- Connection request: [route: {}->http://localhost:3000][total available: 0; route allocated: 0 of 5; total allocated: 0 of 10]
23:07:52.412 [pool-2-thread-18] DEBUG org.apache.http.impl.conn.PoolingHttpClientConnectionManager -- Connection leased: [id: 94][route: {}->http://localhost:3000][total available: 0; route allocated: 1 of 5; total allocated: 1 of 10]
23:07:52.412 [pool-2-thread-18] DEBUG org.apache.http.impl.execchain.MainClientExec -- Opening connection {}->http://localhost:3000
23:07:52.412 [pool-2-thread-18] DEBUG org.apache.http.impl.conn.DefaultHttpClientConnectionOperator -- Connecting to localhost/127.0.0.1:3000
23:07:52.413 [pool-2-thread-18] DEBUG org.apache.http.impl.conn.DefaultHttpClientConnectionOperator -- Connection established 127.0.0.1:52758<->127.0.0.1:3000
23:07:52.413 [pool-2-thread-18] DEBUG org.apache.http.impl.conn.DefaultManagedHttpClientConnection -- http-outgoing-94: set socket timeout to 30000
23:07:52.413 [pool-2-thread-18] DEBUG org.apache.http.impl.execchain.MainClientExec -- Executing request POST /auth/login HTTP/1.1
23:07:52.413 [pool-2-thread-18] DEBUG org.apache.http.impl.execchain.MainClientExec -- Target auth state: UNCHALLENGED
23:07:52.413 [pool-2-thread-18] DEBUG org.apache.http.impl.execchain.MainClientExec -- Proxy auth state: UNCHALLENGED
23:07:52.413 [pool-2-thread-18] DEBUG org.apache.http.headers -- http-outgoing-94 >> POST /auth/login HTTP/1.1
23:07:52.413 [pool-2-thread-18] DEBUG org.apache.http.headers -- http-outgoing-94 >> Content-Type: application/json; charset=UTF-8
23:07:52.413 [pool-2-thread-18] DEBUG org.apache.http.headers -- http-outgoing-94 >> Content-Length: 54
23:07:52.413 [pool-2-thread-18] DEBUG org.apache.http.headers -- http-outgoing-94 >> Host: localhost:3000
23:07:52.413 [pool-2-thread-18] DEBUG org.apache.http.headers -- http-outgoing-94 >> Connection: Keep-Alive
23:07:52.413 [pool-2-thread-18] DEBUG org.apache.http.headers -- http-outgoing-94 >> User-Agent: Apache-HttpClient/4.5.14 (Java/17.0.9)
23:07:52.413 [pool-2-thread-18] DEBUG org.apache.http.headers -- http-outgoing-94 >> Accept-Encoding: gzip,deflate
23:07:52.413 [pool-2-thread-18] DEBUG org.apache.http.wire -- http-outgoing-94 >> "POST /auth/login HTTP/1.1[\r][\n]"
23:07:52.413 [pool-2-thread-18] DEBUG org.apache.http.wire -- http-outgoing-94 >> "Content-Type: application/json; charset=UTF-8[\r][\n]"
23:07:52.413 [pool-2-thread-18] DEBUG org.apache.http.wire -- http-outgoing-94 >> "Content-Length: 54[\r][\n]"
23:07:52.413 [pool-2-thread-18] DEBUG org.apache.http.wire -- http-outgoing-94 >> "Host: localhost:3000[\r][\n]"
23:07:52.413 [pool-2-thread-18] DEBUG org.apache.http.wire -- http-outgoing-94 >> "Connection: Keep-Alive[\r][\n]"
23:07:52.413 [pool-2-thread-18] DEBUG org.apache.http.wire -- http-outgoing-94 >> "User-Agent: Apache-HttpClient/4.5.14 (Java/17.0.9)[\r][\n]"
23:07:52.413 [pool-2-thread-18] DEBUG org.apache.http.wire -- http-outgoing-94 >> "Accept-Encoding: gzip,deflate[\r][\n]"
23:07:52.414 [pool-2-thread-18] DEBUG org.apache.http.wire -- http-outgoing-94 >> "[\r][\n]"
23:07:52.414 [pool-2-thread-18] DEBUG org.apache.http.wire -- http-outgoing-94 >> "{"email":"testit5@gmail.com","password":"Password123"}"
23:07:53.150 [pool-2-thread-26] DEBUG org.apache.http.wire -- http-outgoing-75 << "HTTP/1.1 200 OK[\r][\n]"
23:07:53.150 [pool-2-thread-26] DEBUG org.apache.http.wire -- http-outgoing-75 << "X-Powered-By: Express[\r][\n]"
23:07:53.150 [pool-2-thread-26] DEBUG org.apache.http.wire -- http-outgoing-75 << "Access-Control-Allow-Origin: *[\r][\n]"
23:07:53.150 [pool-2-thread-26] DEBUG org.apache.http.wire -- http-outgoing-75 << "Content-Type: application/json; charset=utf-8[\r][\n]"
23:07:53.150 [pool-2-thread-26] DEBUG org.apache.http.wire -- http-outgoing-75 << "Content-Length: 607[\r][\n]"
23:07:53.150 [pool-2-thread-26] DEBUG org.apache.http.wire -- http-outgoing-75 << "ETag: W/"25f-Vt+keWiMYEuELHlKSD8y3soo7IA"[\r][\n]"
23:07:53.150 [pool-2-thread-26] DEBUG org.apache.http.wire -- http-outgoing-75 << "Date: Sun, 22 Jun 2025 16:07:53 GMT[\r][\n]"
23:07:53.150 [pool-2-thread-26] DEBUG org.apache.http.wire -- http-outgoing-75 << "Connection: keep-alive[\r][\n]"
23:07:53.150 [pool-2-thread-26] DEBUG org.apache.http.wire -- http-outgoing-75 << "Keep-Alive: timeout=5[\r][\n]"
23:07:53.150 [pool-2-thread-26] DEBUG org.apache.http.wire -- http-outgoing-75 << "[\r][\n]"
23:07:53.150 [pool-2-thread-26] DEBUG org.apache.http.wire -- http-outgoing-75 << "{"access_token":"eyJhbGciOiJIUzI1NiIsInR5cCI6IkpXVCJ9.eyJzdWIiOiI5YTI2OTc2Yy0xNTMyLTRkZjMtYTE2ZS03NjMxNTI1Yzg1MDIiLCJ1c2VybmFtZSI6ImpvaG5kb2UyZDUiLCJyb2xlIjowLCJpYXQiOjE3NTA2MDg0NzIsImV4cCI6MTc1MDYxMjA3Mn0.FhllRESrD-kyZ1WiWazkIaOpXe1QruSwiaWEXxW9XKg","refresh_token":"bfdb9e8e99a46c21614a495eae4e4cb097e197a6f2c4b677dbb002a99a3c2e7e","user":{"id":"9a26976c-1532-4df3-a16e-7631525c8502","email":"testit4@gmail.com","username":"johndoe2d5","name":"John Doe","phoneNumber":"0123456212","profilePic":null,"bio":null,"private":false,"verified":false,"role":0,"followersCount":0,"followingCount":0,"postCount":0}}"
23:07:53.150 [pool-2-thread-26] DEBUG org.apache.http.headers -- http-outgoing-75 << HTTP/1.1 200 OK
23:07:53.150 [pool-2-thread-26] DEBUG org.apache.http.headers -- http-outgoing-75 << X-Powered-By: Express
23:07:53.150 [pool-2-thread-26] DEBUG org.apache.http.headers -- http-outgoing-75 << Access-Control-Allow-Origin: *
23:07:53.150 [pool-2-thread-26] DEBUG org.apache.http.headers -- http-outgoing-75 << Content-Type: application/json; charset=utf-8
23:07:53.150 [pool-2-thread-26] DEBUG org.apache.http.headers -- http-outgoing-75 << Content-Length: 607
23:07:53.150 [pool-2-thread-26] DEBUG org.apache.http.headers -- http-outgoing-75 << ETag: W/"25f-Vt+keWiMYEuELHlKSD8y3soo7IA"
23:07:53.150 [pool-2-thread-26] DEBUG org.apache.http.headers -- http-outgoing-75 << Date: Sun, 22 Jun 2025 16:07:53 GMT
23:07:53.150 [pool-2-thread-26] DEBUG org.apache.http.headers -- http-outgoing-75 << Connection: keep-alive
23:07:53.150 [pool-2-thread-26] DEBUG org.apache.http.headers -- http-outgoing-75 << Keep-Alive: timeout=5
23:07:53.150 [pool-2-thread-26] DEBUG org.apache.http.impl.execchain.MainClientExec -- Connection can be kept alive for 5000 MILLISECONDS
23:07:53.150 [pool-2-thread-26] DEBUG org.apache.http.impl.conn.PoolingHttpClientConnectionManager -- Connection [id: 75][route: {}->http://localhost:3000] can be kept alive for 5.0 seconds
23:07:53.150 [pool-2-thread-26] DEBUG org.apache.http.impl.conn.DefaultManagedHttpClientConnection -- http-outgoing-75: set socket timeout to 0
23:07:53.150 [pool-2-thread-26] DEBUG org.apache.http.impl.conn.PoolingHttpClientConnectionManager -- Connection released: [id: 75][route: {}->http://localhost:3000][total available: 1; route allocated: 1 of 5; total allocated: 1 of 10]
23:07:53.150 [pool-2-thread-26] DEBUG org.apache.http.impl.conn.PoolingHttpClientConnectionManager -- Connection manager is shutting down
23:07:53.150 [pool-2-thread-26] DEBUG org.apache.http.impl.conn.DefaultManagedHttpClientConnection -- http-outgoing-75: Close connection
23:07:53.151 [pool-2-thread-26] DEBUG org.apache.http.impl.conn.PoolingHttpClientConnectionManager -- Connection manager shut down
23:07:53.151 [pool-2-thread-26] DEBUG com.intuit.karate -- response time in milliseconds: 1945
4 < 200
4 < X-Powered-By: Express
4 < Access-Control-Allow-Origin: *
4 < Content-Type: application/json; charset=utf-8
4 < Content-Length: 607
4 < ETag: W/"25f-Vt+keWiMYEuELHlKSD8y3soo7IA"
4 < Date: Sun, 22 Jun 2025 16:07:53 GMT
4 < Connection: keep-alive
4 < Keep-Alive: timeout=5
{"access_token":"eyJhbGciOiJIUzI1NiIsInR5cCI6IkpXVCJ9.eyJzdWIiOiI5YTI2OTc2Yy0xNTMyLTRkZjMtYTE2ZS03NjMxNTI1Yzg1MDIiLCJ1c2VybmFtZSI6ImpvaG5kb2UyZDUiLCJyb2xlIjowLCJpYXQiOjE3NTA2MDg0NzIsImV4cCI6MTc1MDYxMjA3Mn0.FhllRESrD-kyZ1WiWazkIaOpXe1QruSwiaWEXxW9XKg","refresh_token":"bfdb9e8e99a46c21614a495eae4e4cb097e197a6f2c4b677dbb002a99a3c2e7e","user":{"id":"9a26976c-1532-4df3-a16e-7631525c8502","email":"testit4@gmail.com","username":"johndoe2d5","name":"John Doe","phoneNumber":"0123456212","profilePic":null,"bio":null,"private":false,"verified":false,"role":0,"followersCount":0,"followingCount":0,"postCount":0}}

23:07:53.152 [pool-2-thread-26] INFO com.intuit.karate -- [print] Call 4 completed, status: 200 
23:07:53.152 [pool-2-thread-4] DEBUG org.apache.http.wire -- http-outgoing-76 << "HTTP/1.1 200 OK[\r][\n]"
23:07:53.152 [pool-2-thread-4] DEBUG org.apache.http.wire -- http-outgoing-76 << "X-Powered-By: Express[\r][\n]"
23:07:53.152 [pool-2-thread-4] DEBUG org.apache.http.wire -- http-outgoing-76 << "Access-Control-Allow-Origin: *[\r][\n]"
23:07:53.152 [pool-2-thread-4] DEBUG org.apache.http.wire -- http-outgoing-76 << "Content-Type: application/json; charset=utf-8[\r][\n]"
23:07:53.152 [pool-2-thread-4] DEBUG org.apache.http.wire -- http-outgoing-76 << "Content-Length: 608[\r][\n]"
23:07:53.152 [pool-2-thread-4] DEBUG org.apache.http.wire -- http-outgoing-76 << "ETag: W/"260-ou706K7xkESsVFjESRgEm2clcbw"[\r][\n]"
23:07:53.152 [pool-2-thread-4] DEBUG org.apache.http.wire -- http-outgoing-76 << "Date: Sun, 22 Jun 2025 16:07:53 GMT[\r][\n]"
23:07:53.152 [pool-2-thread-4] DEBUG org.apache.http.wire -- http-outgoing-76 << "Connection: keep-alive[\r][\n]"
23:07:53.152 [pool-2-thread-4] DEBUG org.apache.http.wire -- http-outgoing-76 << "Keep-Alive: timeout=5[\r][\n]"
23:07:53.152 [pool-2-thread-4] DEBUG org.apache.http.wire -- http-outgoing-76 << "[\r][\n]"
23:07:53.152 [pool-2-thread-4] DEBUG org.apache.http.wire -- http-outgoing-76 << "{"access_token":"eyJhbGciOiJIUzI1NiIsInR5cCI6IkpXVCJ9.eyJzdWIiOiI4YTI0NzQ2MS01YzA0LTQyMWQtOThmNS1mYTljNzM0ZmFlYTUiLCJ1c2VybmFtZSI6ImphbmVzbWl0aCIsInJvbGUiOjAsImlhdCI6MTc1MDYwODQ3MiwiZXhwIjoxNzUwNjEyMDcyfQ.WsCXshfZSoxxKgvI5E_yyfNYUA58M3URYHuyK25cpyw","refresh_token":"24a2c2416f264894c482c5b75117c82cf776048a07720a07d53e96d924b3186c","user":{"id":"8a247461-5c04-421d-98f5-fa9c734faea5","email":"test2@example.com","username":"janesmith","name":"Jane Smith","phoneNumber":"01234567890","profilePic":null,"bio":null,"private":false,"verified":false,"role":0,"followersCount":0,"followingCount":0,"postCount":0}}"
23:07:53.152 [pool-2-thread-4] DEBUG org.apache.http.headers -- http-outgoing-76 << HTTP/1.1 200 OK
23:07:53.152 [pool-2-thread-4] DEBUG org.apache.http.headers -- http-outgoing-76 << X-Powered-By: Express
23:07:53.152 [pool-2-thread-4] DEBUG org.apache.http.headers -- http-outgoing-76 << Access-Control-Allow-Origin: *
23:07:53.152 [pool-2-thread-4] DEBUG org.apache.http.headers -- http-outgoing-76 << Content-Type: application/json; charset=utf-8
23:07:53.152 [pool-2-thread-4] DEBUG org.apache.http.headers -- http-outgoing-76 << Content-Length: 608
23:07:53.152 [pool-2-thread-4] DEBUG org.apache.http.headers -- http-outgoing-76 << ETag: W/"260-ou706K7xkESsVFjESRgEm2clcbw"
23:07:53.152 [pool-2-thread-4] DEBUG org.apache.http.headers -- http-outgoing-76 << Date: Sun, 22 Jun 2025 16:07:53 GMT
23:07:53.152 [pool-2-thread-4] DEBUG org.apache.http.headers -- http-outgoing-76 << Connection: keep-alive
23:07:53.152 [pool-2-thread-4] DEBUG org.apache.http.headers -- http-outgoing-76 << Keep-Alive: timeout=5
23:07:53.152 [pool-2-thread-4] DEBUG org.apache.http.impl.execchain.MainClientExec -- Connection can be kept alive for 5000 MILLISECONDS
23:07:53.152 [pool-2-thread-4] DEBUG org.apache.http.impl.conn.PoolingHttpClientConnectionManager -- Connection [id: 76][route: {}->http://localhost:3000] can be kept alive for 5.0 seconds
23:07:53.152 [pool-2-thread-4] DEBUG org.apache.http.impl.conn.DefaultManagedHttpClientConnection -- http-outgoing-76: set socket timeout to 0
23:07:53.152 [pool-2-thread-4] DEBUG org.apache.http.impl.conn.PoolingHttpClientConnectionManager -- Connection released: [id: 76][route: {}->http://localhost:3000][total available: 1; route allocated: 1 of 5; total allocated: 1 of 10]
23:07:53.152 [pool-2-thread-4] DEBUG org.apache.http.impl.conn.PoolingHttpClientConnectionManager -- Connection manager is shutting down
23:07:53.152 [pool-2-thread-4] DEBUG org.apache.http.impl.conn.DefaultManagedHttpClientConnection -- http-outgoing-76: Close connection
23:07:53.152 [pool-2-thread-4] DEBUG org.apache.http.impl.conn.PoolingHttpClientConnectionManager -- Connection manager shut down
23:07:53.153 [pool-2-thread-4] DEBUG com.intuit.karate -- response time in milliseconds: 1937
3 < 200
3 < X-Powered-By: Express
3 < Access-Control-Allow-Origin: *
3 < Content-Type: application/json; charset=utf-8
3 < Content-Length: 608
3 < ETag: W/"260-ou706K7xkESsVFjESRgEm2clcbw"
3 < Date: Sun, 22 Jun 2025 16:07:53 GMT
3 < Connection: keep-alive
3 < Keep-Alive: timeout=5
{"access_token":"eyJhbGciOiJIUzI1NiIsInR5cCI6IkpXVCJ9.eyJzdWIiOiI4YTI0NzQ2MS01YzA0LTQyMWQtOThmNS1mYTljNzM0ZmFlYTUiLCJ1c2VybmFtZSI6ImphbmVzbWl0aCIsInJvbGUiOjAsImlhdCI6MTc1MDYwODQ3MiwiZXhwIjoxNzUwNjEyMDcyfQ.WsCXshfZSoxxKgvI5E_yyfNYUA58M3URYHuyK25cpyw","refresh_token":"24a2c2416f264894c482c5b75117c82cf776048a07720a07d53e96d924b3186c","user":{"id":"8a247461-5c04-421d-98f5-fa9c734faea5","email":"test2@example.com","username":"janesmith","name":"Jane Smith","phoneNumber":"01234567890","profilePic":null,"bio":null,"private":false,"verified":false,"role":0,"followersCount":0,"followingCount":0,"postCount":0}}

23:07:53.153 [pool-2-thread-26] INFO com.intuit.karate -- [print] *** API CALL 5 *** 
23:07:53.153 [pool-2-thread-4] INFO com.intuit.karate -- [print] Call 3 completed, status: 200 
23:07:53.154 [pool-2-thread-4] INFO com.intuit.karate -- [print] *** API CALL 4 *** 
23:07:53.154 [pool-2-thread-26] DEBUG org.apache.http.client.protocol.RequestAddCookies -- CookieSpec selected: karate
23:07:53.154 [pool-2-thread-26] DEBUG org.apache.http.client.protocol.RequestAuthCache -- Auth cache not set in the context
23:07:53.154 [pool-2-thread-26] DEBUG com.intuit.karate -- request:
5 > POST http://localhost:3000/auth/login
5 > Content-Type: application/json; charset=UTF-8
5 > Content-Length: 54
5 > Host: localhost:3000
5 > Connection: Keep-Alive
5 > User-Agent: Apache-HttpClient/4.5.14 (Java/17.0.9)
5 > Accept-Encoding: gzip,deflate
{"email":"testit4@gmail.com","password":"Password123"}

23:07:53.154 [pool-2-thread-26] DEBUG org.apache.http.impl.conn.PoolingHttpClientConnectionManager -- Connection request: [route: {}->http://localhost:3000][total available: 0; route allocated: 0 of 5; total allocated: 0 of 10]
23:07:53.154 [pool-2-thread-26] DEBUG org.apache.http.impl.conn.PoolingHttpClientConnectionManager -- Connection leased: [id: 95][route: {}->http://localhost:3000][total available: 0; route allocated: 1 of 5; total allocated: 1 of 10]
23:07:53.154 [pool-2-thread-26] DEBUG org.apache.http.impl.execchain.MainClientExec -- Opening connection {}->http://localhost:3000
23:07:53.154 [pool-2-thread-26] DEBUG org.apache.http.impl.conn.DefaultHttpClientConnectionOperator -- Connecting to localhost/127.0.0.1:3000
23:07:53.154 [pool-2-thread-4] DEBUG org.apache.http.client.protocol.RequestAddCookies -- CookieSpec selected: karate
23:07:53.155 [pool-2-thread-4] DEBUG org.apache.http.client.protocol.RequestAuthCache -- Auth cache not set in the context
23:07:53.155 [pool-2-thread-4] DEBUG com.intuit.karate -- request:
4 > POST http://localhost:3000/auth/login
4 > Content-Type: application/json; charset=UTF-8
4 > Content-Length: 54
4 > Host: localhost:3000
4 > Connection: Keep-Alive
4 > User-Agent: Apache-HttpClient/4.5.14 (Java/17.0.9)
4 > Accept-Encoding: gzip,deflate
{"email":"test2@example.com","password":"Password123"}

23:07:53.155 [pool-2-thread-4] DEBUG org.apache.http.impl.conn.PoolingHttpClientConnectionManager -- Connection request: [route: {}->http://localhost:3000][total available: 0; route allocated: 0 of 5; total allocated: 0 of 10]
23:07:53.155 [pool-2-thread-4] DEBUG org.apache.http.impl.conn.PoolingHttpClientConnectionManager -- Connection leased: [id: 96][route: {}->http://localhost:3000][total available: 0; route allocated: 1 of 5; total allocated: 1 of 10]
23:07:53.155 [pool-2-thread-4] DEBUG org.apache.http.impl.execchain.MainClientExec -- Opening connection {}->http://localhost:3000
23:07:53.155 [pool-2-thread-4] DEBUG org.apache.http.impl.conn.DefaultHttpClientConnectionOperator -- Connecting to localhost/127.0.0.1:3000
23:07:53.155 [pool-2-thread-26] DEBUG org.apache.http.impl.conn.DefaultHttpClientConnectionOperator -- Connection established 127.0.0.1:52760<->127.0.0.1:3000
23:07:53.155 [pool-2-thread-26] DEBUG org.apache.http.impl.conn.DefaultManagedHttpClientConnection -- http-outgoing-95: set socket timeout to 30000
23:07:53.155 [pool-2-thread-26] DEBUG org.apache.http.impl.execchain.MainClientExec -- Executing request POST /auth/login HTTP/1.1
23:07:53.155 [pool-2-thread-26] DEBUG org.apache.http.impl.execchain.MainClientExec -- Target auth state: UNCHALLENGED
23:07:53.155 [pool-2-thread-26] DEBUG org.apache.http.impl.execchain.MainClientExec -- Proxy auth state: UNCHALLENGED
23:07:53.155 [pool-2-thread-26] DEBUG org.apache.http.headers -- http-outgoing-95 >> POST /auth/login HTTP/1.1
23:07:53.155 [pool-2-thread-26] DEBUG org.apache.http.headers -- http-outgoing-95 >> Content-Type: application/json; charset=UTF-8
23:07:53.155 [pool-2-thread-26] DEBUG org.apache.http.headers -- http-outgoing-95 >> Content-Length: 54
23:07:53.155 [pool-2-thread-26] DEBUG org.apache.http.headers -- http-outgoing-95 >> Host: localhost:3000
23:07:53.155 [pool-2-thread-26] DEBUG org.apache.http.headers -- http-outgoing-95 >> Connection: Keep-Alive
23:07:53.155 [pool-2-thread-26] DEBUG org.apache.http.headers -- http-outgoing-95 >> User-Agent: Apache-HttpClient/4.5.14 (Java/17.0.9)
23:07:53.155 [pool-2-thread-26] DEBUG org.apache.http.headers -- http-outgoing-95 >> Accept-Encoding: gzip,deflate
23:07:53.155 [pool-2-thread-26] DEBUG org.apache.http.wire -- http-outgoing-95 >> "POST /auth/login HTTP/1.1[\r][\n]"
23:07:53.155 [pool-2-thread-26] DEBUG org.apache.http.wire -- http-outgoing-95 >> "Content-Type: application/json; charset=UTF-8[\r][\n]"
23:07:53.155 [pool-2-thread-26] DEBUG org.apache.http.wire -- http-outgoing-95 >> "Content-Length: 54[\r][\n]"
23:07:53.155 [pool-2-thread-26] DEBUG org.apache.http.wire -- http-outgoing-95 >> "Host: localhost:3000[\r][\n]"
23:07:53.155 [pool-2-thread-26] DEBUG org.apache.http.wire -- http-outgoing-95 >> "Connection: Keep-Alive[\r][\n]"
23:07:53.155 [pool-2-thread-26] DEBUG org.apache.http.wire -- http-outgoing-95 >> "User-Agent: Apache-HttpClient/4.5.14 (Java/17.0.9)[\r][\n]"
23:07:53.155 [pool-2-thread-26] DEBUG org.apache.http.wire -- http-outgoing-95 >> "Accept-Encoding: gzip,deflate[\r][\n]"
23:07:53.155 [pool-2-thread-26] DEBUG org.apache.http.wire -- http-outgoing-95 >> "[\r][\n]"
23:07:53.155 [pool-2-thread-26] DEBUG org.apache.http.wire -- http-outgoing-95 >> "{"email":"testit4@gmail.com","password":"Password123"}"
23:07:53.155 [pool-2-thread-4] DEBUG org.apache.http.impl.conn.DefaultHttpClientConnectionOperator -- Connection established 127.0.0.1:52761<->127.0.0.1:3000
23:07:53.155 [pool-2-thread-4] DEBUG org.apache.http.impl.conn.DefaultManagedHttpClientConnection -- http-outgoing-96: set socket timeout to 30000
23:07:53.155 [pool-2-thread-4] DEBUG org.apache.http.impl.execchain.MainClientExec -- Executing request POST /auth/login HTTP/1.1
23:07:53.155 [pool-2-thread-4] DEBUG org.apache.http.impl.execchain.MainClientExec -- Target auth state: UNCHALLENGED
23:07:53.155 [pool-2-thread-4] DEBUG org.apache.http.impl.execchain.MainClientExec -- Proxy auth state: UNCHALLENGED
23:07:53.155 [pool-2-thread-4] DEBUG org.apache.http.headers -- http-outgoing-96 >> POST /auth/login HTTP/1.1
23:07:53.155 [pool-2-thread-4] DEBUG org.apache.http.headers -- http-outgoing-96 >> Content-Type: application/json; charset=UTF-8
23:07:53.155 [pool-2-thread-4] DEBUG org.apache.http.headers -- http-outgoing-96 >> Content-Length: 54
23:07:53.155 [pool-2-thread-4] DEBUG org.apache.http.headers -- http-outgoing-96 >> Host: localhost:3000
23:07:53.155 [pool-2-thread-4] DEBUG org.apache.http.headers -- http-outgoing-96 >> Connection: Keep-Alive
23:07:53.155 [pool-2-thread-4] DEBUG org.apache.http.headers -- http-outgoing-96 >> User-Agent: Apache-HttpClient/4.5.14 (Java/17.0.9)
23:07:53.155 [pool-2-thread-4] DEBUG org.apache.http.headers -- http-outgoing-96 >> Accept-Encoding: gzip,deflate
23:07:53.155 [pool-2-thread-4] DEBUG org.apache.http.wire -- http-outgoing-96 >> "POST /auth/login HTTP/1.1[\r][\n]"
23:07:53.155 [pool-2-thread-4] DEBUG org.apache.http.wire -- http-outgoing-96 >> "Content-Type: application/json; charset=UTF-8[\r][\n]"
23:07:53.155 [pool-2-thread-4] DEBUG org.apache.http.wire -- http-outgoing-96 >> "Content-Length: 54[\r][\n]"
23:07:53.155 [pool-2-thread-4] DEBUG org.apache.http.wire -- http-outgoing-96 >> "Host: localhost:3000[\r][\n]"
23:07:53.155 [pool-2-thread-4] DEBUG org.apache.http.wire -- http-outgoing-96 >> "Connection: Keep-Alive[\r][\n]"
23:07:53.155 [pool-2-thread-4] DEBUG org.apache.http.wire -- http-outgoing-96 >> "User-Agent: Apache-HttpClient/4.5.14 (Java/17.0.9)[\r][\n]"
23:07:53.155 [pool-2-thread-4] DEBUG org.apache.http.wire -- http-outgoing-96 >> "Accept-Encoding: gzip,deflate[\r][\n]"
23:07:53.155 [pool-2-thread-4] DEBUG org.apache.http.wire -- http-outgoing-96 >> "[\r][\n]"
23:07:53.155 [pool-2-thread-4] DEBUG org.apache.http.wire -- http-outgoing-96 >> "{"email":"test2@example.com","password":"Password123"}"
23:07:53.236 [pool-2-thread-21] DEBUG org.apache.http.wire -- http-outgoing-79 << "HTTP/1.1 200 OK[\r][\n]"
23:07:53.236 [pool-2-thread-21] DEBUG org.apache.http.wire -- http-outgoing-79 << "X-Powered-By: Express[\r][\n]"
23:07:53.236 [pool-2-thread-21] DEBUG org.apache.http.wire -- http-outgoing-79 << "Access-Control-Allow-Origin: *[\r][\n]"
23:07:53.236 [pool-2-thread-21] DEBUG org.apache.http.wire -- http-outgoing-79 << "Content-Type: application/json; charset=utf-8[\r][\n]"
23:07:53.236 [pool-2-thread-21] DEBUG org.apache.http.wire -- http-outgoing-79 << "Content-Length: 708[\r][\n]"
23:07:53.236 [pool-2-thread-21] DEBUG org.apache.http.wire -- http-outgoing-79 << "ETag: W/"2c4-IYMg3wDSgMwzCnjjlRzdtaukP7A"[\r][\n]"
23:07:53.236 [pool-2-thread-21] DEBUG org.apache.http.wire -- http-outgoing-79 << "Date: Sun, 22 Jun 2025 16:07:53 GMT[\r][\n]"
23:07:53.236 [pool-2-thread-21] DEBUG org.apache.http.wire -- http-outgoing-79 << "Connection: keep-alive[\r][\n]"
23:07:53.236 [pool-2-thread-21] DEBUG org.apache.http.wire -- http-outgoing-79 << "Keep-Alive: timeout=5[\r][\n]"
23:07:53.236 [pool-2-thread-21] DEBUG org.apache.http.wire -- http-outgoing-79 << "[\r][\n]"
23:07:53.236 [pool-2-thread-21] DEBUG org.apache.http.wire -- http-outgoing-79 << "{"access_token":"eyJhbGciOiJIUzI1NiIsInR5cCI6IkpXVCJ9.eyJzdWIiOiIwODUxNWIwNS0yZDNlLTQ3ODktYWQ2MC1kYjM1NTI1YTQ5NzAiLCJ1c2VybmFtZSI6Im5hbSIsInJvbGUiOjAsImlhdCI6MTc1MDYwODQ3MiwiZXhwIjoxNzUwNjEyMDcyfQ.TnyVOiC_UyBBjZPF6BZNohLeZrlHmsKc-0O8kktHjdk","refresh_token":"55f31562345578e73d5487242946266583e1a28b50d77cda2d679b6e25098294","user":{"id":"08515b05-2d3e-4789-ad60-db35525a4970","email":"nam@gmail.com","username":"nam","name":"nam","phoneNumber":"0123456789","profilePic":"https://res.cloudinary.com/dizcvrefo/image/upload/v1749266646/nestjs_uploads/zk9zrpeidnovxibfqdxr.png","bio":"Chu tich hoi dong Quan tri 1","private":false,"verified":false,"role":0,"followersCount":2,"followingCount":2,"postCount":13}}"
23:07:53.236 [pool-2-thread-21] DEBUG org.apache.http.headers -- http-outgoing-79 << HTTP/1.1 200 OK
23:07:53.236 [pool-2-thread-21] DEBUG org.apache.http.headers -- http-outgoing-79 << X-Powered-By: Express
23:07:53.236 [pool-2-thread-21] DEBUG org.apache.http.headers -- http-outgoing-79 << Access-Control-Allow-Origin: *
23:07:53.236 [pool-2-thread-21] DEBUG org.apache.http.headers -- http-outgoing-79 << Content-Type: application/json; charset=utf-8
23:07:53.236 [pool-2-thread-21] DEBUG org.apache.http.headers -- http-outgoing-79 << Content-Length: 708
23:07:53.236 [pool-2-thread-21] DEBUG org.apache.http.headers -- http-outgoing-79 << ETag: W/"2c4-IYMg3wDSgMwzCnjjlRzdtaukP7A"
23:07:53.236 [pool-2-thread-21] DEBUG org.apache.http.headers -- http-outgoing-79 << Date: Sun, 22 Jun 2025 16:07:53 GMT
23:07:53.236 [pool-2-thread-21] DEBUG org.apache.http.headers -- http-outgoing-79 << Connection: keep-alive
23:07:53.236 [pool-2-thread-21] DEBUG org.apache.http.headers -- http-outgoing-79 << Keep-Alive: timeout=5
23:07:53.236 [pool-2-thread-21] DEBUG org.apache.http.impl.execchain.MainClientExec -- Connection can be kept alive for 5000 MILLISECONDS
23:07:53.236 [pool-2-thread-21] DEBUG org.apache.http.impl.conn.PoolingHttpClientConnectionManager -- Connection [id: 79][route: {}->http://localhost:3000] can be kept alive for 5.0 seconds
23:07:53.236 [pool-2-thread-21] DEBUG org.apache.http.impl.conn.DefaultManagedHttpClientConnection -- http-outgoing-79: set socket timeout to 0
23:07:53.236 [pool-2-thread-21] DEBUG org.apache.http.impl.conn.PoolingHttpClientConnectionManager -- Connection released: [id: 79][route: {}->http://localhost:3000][total available: 1; route allocated: 1 of 5; total allocated: 1 of 10]
23:07:53.236 [pool-2-thread-21] DEBUG org.apache.http.impl.conn.PoolingHttpClientConnectionManager -- Connection manager is shutting down
23:07:53.236 [pool-2-thread-21] DEBUG org.apache.http.impl.conn.DefaultManagedHttpClientConnection -- http-outgoing-79: Close connection
23:07:53.236 [pool-2-thread-21] DEBUG org.apache.http.impl.conn.PoolingHttpClientConnectionManager -- Connection manager shut down
23:07:53.237 [pool-2-thread-21] DEBUG com.intuit.karate -- response time in milliseconds: 1972
4 < 200
4 < X-Powered-By: Express
4 < Access-Control-Allow-Origin: *
4 < Content-Type: application/json; charset=utf-8
4 < Content-Length: 708
4 < ETag: W/"2c4-IYMg3wDSgMwzCnjjlRzdtaukP7A"
4 < Date: Sun, 22 Jun 2025 16:07:53 GMT
4 < Connection: keep-alive
4 < Keep-Alive: timeout=5
{"access_token":"eyJhbGciOiJIUzI1NiIsInR5cCI6IkpXVCJ9.eyJzdWIiOiIwODUxNWIwNS0yZDNlLTQ3ODktYWQ2MC1kYjM1NTI1YTQ5NzAiLCJ1c2VybmFtZSI6Im5hbSIsInJvbGUiOjAsImlhdCI6MTc1MDYwODQ3MiwiZXhwIjoxNzUwNjEyMDcyfQ.TnyVOiC_UyBBjZPF6BZNohLeZrlHmsKc-0O8kktHjdk","refresh_token":"55f31562345578e73d5487242946266583e1a28b50d77cda2d679b6e25098294","user":{"id":"08515b05-2d3e-4789-ad60-db35525a4970","email":"nam@gmail.com","username":"nam","name":"nam","phoneNumber":"0123456789","profilePic":"https://res.cloudinary.com/dizcvrefo/image/upload/v1749266646/nestjs_uploads/zk9zrpeidnovxibfqdxr.png","bio":"Chu tich hoi dong Quan tri 1","private":false,"verified":false,"role":0,"followersCount":2,"followingCount":2,"postCount":13}}

23:07:53.238 [pool-2-thread-21] INFO com.intuit.karate -- [print] Call 4 completed, status: 200 
23:07:53.239 [pool-2-thread-21] INFO com.intuit.karate -- [print] *** API CALL 5 *** 
23:07:53.241 [pool-2-thread-21] DEBUG org.apache.http.client.protocol.RequestAddCookies -- CookieSpec selected: karate
23:07:53.241 [pool-2-thread-21] DEBUG org.apache.http.client.protocol.RequestAuthCache -- Auth cache not set in the context
23:07:53.242 [pool-2-thread-21] DEBUG com.intuit.karate -- request:
5 > POST http://localhost:3000/auth/login
5 > Content-Type: application/json; charset=UTF-8
5 > Content-Length: 45
5 > Host: localhost:3000
5 > Connection: Keep-Alive
5 > User-Agent: Apache-HttpClient/4.5.14 (Java/17.0.9)
5 > Accept-Encoding: gzip,deflate
{"email":"nam@gmail.com","password":"123456"}

23:07:53.242 [pool-2-thread-21] DEBUG org.apache.http.impl.conn.PoolingHttpClientConnectionManager -- Connection request: [route: {}->http://localhost:3000][total available: 0; route allocated: 0 of 5; total allocated: 0 of 10]
23:07:53.242 [pool-2-thread-21] DEBUG org.apache.http.impl.conn.PoolingHttpClientConnectionManager -- Connection leased: [id: 97][route: {}->http://localhost:3000][total available: 0; route allocated: 1 of 5; total allocated: 1 of 10]
23:07:53.242 [pool-2-thread-21] DEBUG org.apache.http.impl.execchain.MainClientExec -- Opening connection {}->http://localhost:3000
23:07:53.242 [pool-2-thread-21] DEBUG org.apache.http.impl.conn.DefaultHttpClientConnectionOperator -- Connecting to localhost/127.0.0.1:3000
23:07:53.242 [pool-2-thread-21] DEBUG org.apache.http.impl.conn.DefaultHttpClientConnectionOperator -- Connection established 127.0.0.1:52763<->127.0.0.1:3000
23:07:53.242 [pool-2-thread-21] DEBUG org.apache.http.impl.conn.DefaultManagedHttpClientConnection -- http-outgoing-97: set socket timeout to 30000
23:07:53.242 [pool-2-thread-21] DEBUG org.apache.http.impl.execchain.MainClientExec -- Executing request POST /auth/login HTTP/1.1
23:07:53.242 [pool-2-thread-21] DEBUG org.apache.http.impl.execchain.MainClientExec -- Target auth state: UNCHALLENGED
23:07:53.242 [pool-2-thread-21] DEBUG org.apache.http.impl.execchain.MainClientExec -- Proxy auth state: UNCHALLENGED
23:07:53.242 [pool-2-thread-21] DEBUG org.apache.http.headers -- http-outgoing-97 >> POST /auth/login HTTP/1.1
23:07:53.242 [pool-2-thread-21] DEBUG org.apache.http.headers -- http-outgoing-97 >> Content-Type: application/json; charset=UTF-8
23:07:53.242 [pool-2-thread-21] DEBUG org.apache.http.headers -- http-outgoing-97 >> Content-Length: 45
23:07:53.242 [pool-2-thread-21] DEBUG org.apache.http.headers -- http-outgoing-97 >> Host: localhost:3000
23:07:53.242 [pool-2-thread-21] DEBUG org.apache.http.headers -- http-outgoing-97 >> Connection: Keep-Alive
23:07:53.242 [pool-2-thread-21] DEBUG org.apache.http.headers -- http-outgoing-97 >> User-Agent: Apache-HttpClient/4.5.14 (Java/17.0.9)
23:07:53.242 [pool-2-thread-21] DEBUG org.apache.http.headers -- http-outgoing-97 >> Accept-Encoding: gzip,deflate
23:07:53.242 [pool-2-thread-21] DEBUG org.apache.http.wire -- http-outgoing-97 >> "POST /auth/login HTTP/1.1[\r][\n]"
23:07:53.242 [pool-2-thread-21] DEBUG org.apache.http.wire -- http-outgoing-97 >> "Content-Type: application/json; charset=UTF-8[\r][\n]"
23:07:53.242 [pool-2-thread-21] DEBUG org.apache.http.wire -- http-outgoing-97 >> "Content-Length: 45[\r][\n]"
23:07:53.242 [pool-2-thread-21] DEBUG org.apache.http.wire -- http-outgoing-97 >> "Host: localhost:3000[\r][\n]"
23:07:53.242 [pool-2-thread-21] DEBUG org.apache.http.wire -- http-outgoing-97 >> "Connection: Keep-Alive[\r][\n]"
23:07:53.242 [pool-2-thread-21] DEBUG org.apache.http.wire -- http-outgoing-97 >> "User-Agent: Apache-HttpClient/4.5.14 (Java/17.0.9)[\r][\n]"
23:07:53.242 [pool-2-thread-21] DEBUG org.apache.http.wire -- http-outgoing-97 >> "Accept-Encoding: gzip,deflate[\r][\n]"
23:07:53.242 [pool-2-thread-21] DEBUG org.apache.http.wire -- http-outgoing-97 >> "[\r][\n]"
23:07:53.242 [pool-2-thread-21] DEBUG org.apache.http.wire -- http-outgoing-97 >> "{"email":"nam@gmail.com","password":"123456"}"
23:07:53.244 [pool-2-thread-23] DEBUG org.apache.http.wire -- http-outgoing-77 << "HTTP/1.1 200 OK[\r][\n]"
23:07:53.244 [pool-2-thread-23] DEBUG org.apache.http.wire -- http-outgoing-77 << "X-Powered-By: Express[\r][\n]"
23:07:53.244 [pool-2-thread-23] DEBUG org.apache.http.wire -- http-outgoing-77 << "Access-Control-Allow-Origin: *[\r][\n]"
23:07:53.244 [pool-2-thread-23] DEBUG org.apache.http.wire -- http-outgoing-77 << "Content-Type: application/json; charset=utf-8[\r][\n]"
23:07:53.244 [pool-2-thread-23] DEBUG org.apache.http.wire -- http-outgoing-77 << "Content-Length: 599[\r][\n]"
23:07:53.244 [pool-2-thread-23] DEBUG org.apache.http.wire -- http-outgoing-77 << "ETag: W/"257-S9PYDgLxDNLvBS/D7WtMA0J/mH0"[\r][\n]"
23:07:53.244 [pool-2-thread-23] DEBUG org.apache.http.wire -- http-outgoing-77 << "Date: Sun, 22 Jun 2025 16:07:53 GMT[\r][\n]"
23:07:53.244 [pool-2-thread-23] DEBUG org.apache.http.wire -- http-outgoing-77 << "Connection: keep-alive[\r][\n]"
23:07:53.244 [pool-2-thread-23] DEBUG org.apache.http.wire -- http-outgoing-77 << "Keep-Alive: timeout=5[\r][\n]"
23:07:53.244 [pool-2-thread-23] DEBUG org.apache.http.wire -- http-outgoing-77 << "[\r][\n]"
23:07:53.244 [pool-2-thread-23] DEBUG org.apache.http.wire -- http-outgoing-77 << "{"access_token":"eyJhbGciOiJIUzI1NiIsInR5cCI6IkpXVCJ9.eyJzdWIiOiIyZGRhMDQzOS01MTgwLTQ1YWEtOTE3Zi1lNjMyZTQ1YThlNDEiLCJ1c2VybmFtZSI6ImpvaG5kb2UiLCJyb2xlIjowLCJpYXQiOjE3NTA2MDg0NzIsImV4cCI6MTc1MDYxMjA3Mn0.J5qUoGDgArANQrLN2Vx2VgXlOQVNU2p7tofHDCPCk4Y","refresh_token":"a6b5750c5e86abf47ddbe764d3b121164f903b10b35bb4a4bc1e94919bb1f2e4","user":{"id":"2dda0439-5180-45aa-917f-e632e45a8e41","email":"test@example.com","username":"johndoe","name":"John Doe","phoneNumber":"0987654321","profilePic":null,"bio":null,"private":false,"verified":false,"role":0,"followersCount":0,"followingCount":0,"postCount":0}}"
23:07:53.244 [pool-2-thread-23] DEBUG org.apache.http.headers -- http-outgoing-77 << HTTP/1.1 200 OK
23:07:53.244 [pool-2-thread-23] DEBUG org.apache.http.headers -- http-outgoing-77 << X-Powered-By: Express
23:07:53.244 [pool-2-thread-23] DEBUG org.apache.http.headers -- http-outgoing-77 << Access-Control-Allow-Origin: *
23:07:53.244 [pool-2-thread-23] DEBUG org.apache.http.headers -- http-outgoing-77 << Content-Type: application/json; charset=utf-8
23:07:53.244 [pool-2-thread-23] DEBUG org.apache.http.headers -- http-outgoing-77 << Content-Length: 599
23:07:53.244 [pool-2-thread-23] DEBUG org.apache.http.headers -- http-outgoing-77 << ETag: W/"257-S9PYDgLxDNLvBS/D7WtMA0J/mH0"
23:07:53.244 [pool-2-thread-23] DEBUG org.apache.http.headers -- http-outgoing-77 << Date: Sun, 22 Jun 2025 16:07:53 GMT
23:07:53.244 [pool-2-thread-23] DEBUG org.apache.http.headers -- http-outgoing-77 << Connection: keep-alive
23:07:53.244 [pool-2-thread-23] DEBUG org.apache.http.headers -- http-outgoing-77 << Keep-Alive: timeout=5
23:07:53.244 [pool-2-thread-23] DEBUG org.apache.http.impl.execchain.MainClientExec -- Connection can be kept alive for 5000 MILLISECONDS
23:07:53.244 [pool-2-thread-23] DEBUG org.apache.http.impl.conn.PoolingHttpClientConnectionManager -- Connection [id: 77][route: {}->http://localhost:3000] can be kept alive for 5.0 seconds
23:07:53.244 [pool-2-thread-23] DEBUG org.apache.http.impl.conn.DefaultManagedHttpClientConnection -- http-outgoing-77: set socket timeout to 0
23:07:53.244 [pool-2-thread-23] DEBUG org.apache.http.impl.conn.PoolingHttpClientConnectionManager -- Connection released: [id: 77][route: {}->http://localhost:3000][total available: 1; route allocated: 1 of 5; total allocated: 1 of 10]
23:07:53.244 [pool-2-thread-23] DEBUG org.apache.http.impl.conn.PoolingHttpClientConnectionManager -- Connection manager is shutting down
23:07:53.244 [pool-2-thread-23] DEBUG org.apache.http.impl.conn.DefaultManagedHttpClientConnection -- http-outgoing-77: Close connection
23:07:53.244 [pool-2-thread-23] DEBUG org.apache.http.impl.conn.PoolingHttpClientConnectionManager -- Connection manager shut down
23:07:53.244 [pool-2-thread-23] DEBUG com.intuit.karate -- response time in milliseconds: 2011
3 < 200
3 < X-Powered-By: Express
3 < Access-Control-Allow-Origin: *
3 < Content-Type: application/json; charset=utf-8
3 < Content-Length: 599
3 < ETag: W/"257-S9PYDgLxDNLvBS/D7WtMA0J/mH0"
3 < Date: Sun, 22 Jun 2025 16:07:53 GMT
3 < Connection: keep-alive
3 < Keep-Alive: timeout=5
{"access_token":"eyJhbGciOiJIUzI1NiIsInR5cCI6IkpXVCJ9.eyJzdWIiOiIyZGRhMDQzOS01MTgwLTQ1YWEtOTE3Zi1lNjMyZTQ1YThlNDEiLCJ1c2VybmFtZSI6ImpvaG5kb2UiLCJyb2xlIjowLCJpYXQiOjE3NTA2MDg0NzIsImV4cCI6MTc1MDYxMjA3Mn0.J5qUoGDgArANQrLN2Vx2VgXlOQVNU2p7tofHDCPCk4Y","refresh_token":"a6b5750c5e86abf47ddbe764d3b121164f903b10b35bb4a4bc1e94919bb1f2e4","user":{"id":"2dda0439-5180-45aa-917f-e632e45a8e41","email":"test@example.com","username":"johndoe","name":"John Doe","phoneNumber":"0987654321","profilePic":null,"bio":null,"private":false,"verified":false,"role":0,"followersCount":0,"followingCount":0,"postCount":0}}

23:07:53.245 [pool-2-thread-23] INFO com.intuit.karate -- [print] Call 3 completed, status: 200 
23:07:53.246 [pool-2-thread-23] INFO com.intuit.karate -- [print] *** API CALL 4 *** 
23:07:53.246 [pool-2-thread-23] DEBUG org.apache.http.client.protocol.RequestAddCookies -- CookieSpec selected: karate
23:07:53.246 [pool-2-thread-23] DEBUG org.apache.http.client.protocol.RequestAuthCache -- Auth cache not set in the context
23:07:53.246 [pool-2-thread-23] DEBUG com.intuit.karate -- request:
4 > POST http://localhost:3000/auth/login
4 > Content-Type: application/json; charset=UTF-8
4 > Content-Length: 53
4 > Host: localhost:3000
4 > Connection: Keep-Alive
4 > User-Agent: Apache-HttpClient/4.5.14 (Java/17.0.9)
4 > Accept-Encoding: gzip,deflate
{"email":"test@example.com","password":"Password123"}

23:07:53.246 [pool-2-thread-23] DEBUG org.apache.http.impl.conn.PoolingHttpClientConnectionManager -- Connection request: [route: {}->http://localhost:3000][total available: 0; route allocated: 0 of 5; total allocated: 0 of 10]
23:07:53.248 [pool-2-thread-23] DEBUG org.apache.http.impl.conn.PoolingHttpClientConnectionManager -- Connection leased: [id: 98][route: {}->http://localhost:3000][total available: 0; route allocated: 1 of 5; total allocated: 1 of 10]
23:07:53.248 [pool-2-thread-23] DEBUG org.apache.http.impl.execchain.MainClientExec -- Opening connection {}->http://localhost:3000
23:07:53.248 [pool-2-thread-23] DEBUG org.apache.http.impl.conn.DefaultHttpClientConnectionOperator -- Connecting to localhost/127.0.0.1:3000
23:07:53.248 [pool-2-thread-23] DEBUG org.apache.http.impl.conn.DefaultHttpClientConnectionOperator -- Connection established 127.0.0.1:52764<->127.0.0.1:3000
23:07:53.248 [pool-2-thread-23] DEBUG org.apache.http.impl.conn.DefaultManagedHttpClientConnection -- http-outgoing-98: set socket timeout to 30000
23:07:53.248 [pool-2-thread-23] DEBUG org.apache.http.impl.execchain.MainClientExec -- Executing request POST /auth/login HTTP/1.1
23:07:53.248 [pool-2-thread-23] DEBUG org.apache.http.impl.execchain.MainClientExec -- Target auth state: UNCHALLENGED
23:07:53.248 [pool-2-thread-23] DEBUG org.apache.http.impl.execchain.MainClientExec -- Proxy auth state: UNCHALLENGED
23:07:53.248 [pool-2-thread-23] DEBUG org.apache.http.headers -- http-outgoing-98 >> POST /auth/login HTTP/1.1
23:07:53.248 [pool-2-thread-23] DEBUG org.apache.http.headers -- http-outgoing-98 >> Content-Type: application/json; charset=UTF-8
23:07:53.248 [pool-2-thread-23] DEBUG org.apache.http.headers -- http-outgoing-98 >> Content-Length: 53
23:07:53.248 [pool-2-thread-23] DEBUG org.apache.http.headers -- http-outgoing-98 >> Host: localhost:3000
23:07:53.248 [pool-2-thread-23] DEBUG org.apache.http.headers -- http-outgoing-98 >> Connection: Keep-Alive
23:07:53.248 [pool-2-thread-23] DEBUG org.apache.http.headers -- http-outgoing-98 >> User-Agent: Apache-HttpClient/4.5.14 (Java/17.0.9)
23:07:53.248 [pool-2-thread-23] DEBUG org.apache.http.headers -- http-outgoing-98 >> Accept-Encoding: gzip,deflate
23:07:53.248 [pool-2-thread-23] DEBUG org.apache.http.wire -- http-outgoing-98 >> "POST /auth/login HTTP/1.1[\r][\n]"
23:07:53.248 [pool-2-thread-23] DEBUG org.apache.http.wire -- http-outgoing-98 >> "Content-Type: application/json; charset=UTF-8[\r][\n]"
23:07:53.248 [pool-2-thread-23] DEBUG org.apache.http.wire -- http-outgoing-98 >> "Content-Length: 53[\r][\n]"
23:07:53.248 [pool-2-thread-23] DEBUG org.apache.http.wire -- http-outgoing-98 >> "Host: localhost:3000[\r][\n]"
23:07:53.248 [pool-2-thread-23] DEBUG org.apache.http.wire -- http-outgoing-98 >> "Connection: Keep-Alive[\r][\n]"
23:07:53.248 [pool-2-thread-23] DEBUG org.apache.http.wire -- http-outgoing-98 >> "User-Agent: Apache-HttpClient/4.5.14 (Java/17.0.9)[\r][\n]"
23:07:53.248 [pool-2-thread-23] DEBUG org.apache.http.wire -- http-outgoing-98 >> "Accept-Encoding: gzip,deflate[\r][\n]"
23:07:53.248 [pool-2-thread-23] DEBUG org.apache.http.wire -- http-outgoing-98 >> "[\r][\n]"
23:07:53.248 [pool-2-thread-23] DEBUG org.apache.http.wire -- http-outgoing-98 >> "{"email":"test@example.com","password":"Password123"}"
23:07:53.250 [pool-2-thread-5] DEBUG org.apache.http.wire -- http-outgoing-78 << "HTTP/1.1 200 OK[\r][\n]"
23:07:53.250 [pool-2-thread-5] DEBUG org.apache.http.wire -- http-outgoing-78 << "X-Powered-By: Express[\r][\n]"
23:07:53.250 [pool-2-thread-5] DEBUG org.apache.http.wire -- http-outgoing-78 << "Access-Control-Allow-Origin: *[\r][\n]"
23:07:53.250 [pool-2-thread-5] DEBUG org.apache.http.wire -- http-outgoing-78 << "Content-Type: application/json; charset=utf-8[\r][\n]"
23:07:53.250 [pool-2-thread-5] DEBUG org.apache.http.wire -- http-outgoing-78 << "Content-Length: 607[\r][\n]"
23:07:53.250 [pool-2-thread-5] DEBUG org.apache.http.wire -- http-outgoing-78 << "ETag: W/"25f-Whgp1APwSZDwvf4ku6hExDPmeqo"[\r][\n]"
23:07:53.250 [pool-2-thread-5] DEBUG org.apache.http.wire -- http-outgoing-78 << "Date: Sun, 22 Jun 2025 16:07:53 GMT[\r][\n]"
23:07:53.250 [pool-2-thread-5] DEBUG org.apache.http.wire -- http-outgoing-78 << "Connection: keep-alive[\r][\n]"
23:07:53.250 [pool-2-thread-5] DEBUG org.apache.http.wire -- http-outgoing-78 << "Keep-Alive: timeout=5[\r][\n]"
23:07:53.250 [pool-2-thread-5] DEBUG org.apache.http.wire -- http-outgoing-78 << "[\r][\n]"
23:07:53.250 [pool-2-thread-5] DEBUG org.apache.http.wire -- http-outgoing-78 << "{"access_token":"eyJhbGciOiJIUzI1NiIsInR5cCI6IkpXVCJ9.eyJzdWIiOiJjMjE0MjJkZi1jY2VjLTQ0MGUtOWE0Mi1jMWI4MmFiZjczM2QiLCJ1c2VybmFtZSI6ImpvaG5kb2UyOCIsInJvbGUiOjAsImlhdCI6MTc1MDYwODQ3MiwiZXhwIjoxNzUwNjEyMDcyfQ.IwAVyNYVGFZyhbHvumYF8fce8ACgFjekUrpi0JK0u2A","refresh_token":"9547da74e55f0c6eb08527b684a6f60ffb113cf009a5b00a82de4c3df9d1e6db","user":{"id":"c21422df-ccec-440e-9a42-c1b82abf733d","email":"test28@example.com","username":"johndoe28","name":"John Doe","phoneNumber":"84987654321","profilePic":null,"bio":null,"private":false,"verified":false,"role":0,"followersCount":0,"followingCount":0,"postCount":0}}"
23:07:53.250 [pool-2-thread-5] DEBUG org.apache.http.headers -- http-outgoing-78 << HTTP/1.1 200 OK
23:07:53.250 [pool-2-thread-5] DEBUG org.apache.http.headers -- http-outgoing-78 << X-Powered-By: Express
23:07:53.250 [pool-2-thread-5] DEBUG org.apache.http.headers -- http-outgoing-78 << Access-Control-Allow-Origin: *
23:07:53.250 [pool-2-thread-5] DEBUG org.apache.http.headers -- http-outgoing-78 << Content-Type: application/json; charset=utf-8
23:07:53.250 [pool-2-thread-5] DEBUG org.apache.http.headers -- http-outgoing-78 << Content-Length: 607
23:07:53.251 [pool-2-thread-5] DEBUG org.apache.http.headers -- http-outgoing-78 << ETag: W/"25f-Whgp1APwSZDwvf4ku6hExDPmeqo"
23:07:53.251 [pool-2-thread-5] DEBUG org.apache.http.headers -- http-outgoing-78 << Date: Sun, 22 Jun 2025 16:07:53 GMT
23:07:53.251 [pool-2-thread-5] DEBUG org.apache.http.headers -- http-outgoing-78 << Connection: keep-alive
23:07:53.251 [pool-2-thread-5] DEBUG org.apache.http.headers -- http-outgoing-78 << Keep-Alive: timeout=5
23:07:53.251 [pool-2-thread-5] DEBUG org.apache.http.impl.execchain.MainClientExec -- Connection can be kept alive for 5000 MILLISECONDS
23:07:53.251 [pool-2-thread-5] DEBUG org.apache.http.impl.conn.PoolingHttpClientConnectionManager -- Connection [id: 78][route: {}->http://localhost:3000] can be kept alive for 5.0 seconds
23:07:53.251 [pool-2-thread-5] DEBUG org.apache.http.impl.conn.DefaultManagedHttpClientConnection -- http-outgoing-78: set socket timeout to 0
23:07:53.251 [pool-2-thread-5] DEBUG org.apache.http.impl.conn.PoolingHttpClientConnectionManager -- Connection released: [id: 78][route: {}->http://localhost:3000][total available: 1; route allocated: 1 of 5; total allocated: 1 of 10]
23:07:53.251 [pool-2-thread-5] DEBUG org.apache.http.impl.conn.PoolingHttpClientConnectionManager -- Connection manager is shutting down
23:07:53.251 [pool-2-thread-5] DEBUG org.apache.http.impl.conn.DefaultManagedHttpClientConnection -- http-outgoing-78: Close connection
23:07:53.251 [pool-2-thread-5] DEBUG org.apache.http.impl.conn.PoolingHttpClientConnectionManager -- Connection manager shut down
23:07:53.252 [pool-2-thread-5] DEBUG com.intuit.karate -- response time in milliseconds: 1987
4 < 200
4 < X-Powered-By: Express
4 < Access-Control-Allow-Origin: *
4 < Content-Type: application/json; charset=utf-8
4 < Content-Length: 607
4 < ETag: W/"25f-Whgp1APwSZDwvf4ku6hExDPmeqo"
4 < Date: Sun, 22 Jun 2025 16:07:53 GMT
4 < Connection: keep-alive
4 < Keep-Alive: timeout=5
{"access_token":"eyJhbGciOiJIUzI1NiIsInR5cCI6IkpXVCJ9.eyJzdWIiOiJjMjE0MjJkZi1jY2VjLTQ0MGUtOWE0Mi1jMWI4MmFiZjczM2QiLCJ1c2VybmFtZSI6ImpvaG5kb2UyOCIsInJvbGUiOjAsImlhdCI6MTc1MDYwODQ3MiwiZXhwIjoxNzUwNjEyMDcyfQ.IwAVyNYVGFZyhbHvumYF8fce8ACgFjekUrpi0JK0u2A","refresh_token":"9547da74e55f0c6eb08527b684a6f60ffb113cf009a5b00a82de4c3df9d1e6db","user":{"id":"c21422df-ccec-440e-9a42-c1b82abf733d","email":"test28@example.com","username":"johndoe28","name":"John Doe","phoneNumber":"84987654321","profilePic":null,"bio":null,"private":false,"verified":false,"role":0,"followersCount":0,"followingCount":0,"postCount":0}}

23:07:53.253 [pool-2-thread-5] INFO com.intuit.karate -- [print] Call 4 completed, status: 200 
23:07:53.253 [pool-2-thread-5] INFO com.intuit.karate -- [print] *** API CALL 5 *** 
23:07:53.255 [pool-2-thread-5] DEBUG org.apache.http.client.protocol.RequestAddCookies -- CookieSpec selected: karate
23:07:53.255 [pool-2-thread-5] DEBUG org.apache.http.client.protocol.RequestAuthCache -- Auth cache not set in the context
23:07:53.255 [pool-2-thread-5] DEBUG com.intuit.karate -- request:
5 > POST http://localhost:3000/auth/login
5 > Content-Type: application/json; charset=UTF-8
5 > Content-Length: 55
5 > Host: localhost:3000
5 > Connection: Keep-Alive
5 > User-Agent: Apache-HttpClient/4.5.14 (Java/17.0.9)
5 > Accept-Encoding: gzip,deflate
{"email":"test28@example.com","password":"Password123"}

23:07:53.255 [pool-2-thread-5] DEBUG org.apache.http.impl.conn.PoolingHttpClientConnectionManager -- Connection request: [route: {}->http://localhost:3000][total available: 0; route allocated: 0 of 5; total allocated: 0 of 10]
23:07:53.255 [pool-2-thread-5] DEBUG org.apache.http.impl.conn.PoolingHttpClientConnectionManager -- Connection leased: [id: 99][route: {}->http://localhost:3000][total available: 0; route allocated: 1 of 5; total allocated: 1 of 10]
23:07:53.255 [pool-2-thread-5] DEBUG org.apache.http.impl.execchain.MainClientExec -- Opening connection {}->http://localhost:3000
23:07:53.255 [pool-2-thread-5] DEBUG org.apache.http.impl.conn.DefaultHttpClientConnectionOperator -- Connecting to localhost/127.0.0.1:3000
23:07:53.255 [pool-2-thread-5] DEBUG org.apache.http.impl.conn.DefaultHttpClientConnectionOperator -- Connection established 127.0.0.1:52765<->127.0.0.1:3000
23:07:53.255 [pool-2-thread-5] DEBUG org.apache.http.impl.conn.DefaultManagedHttpClientConnection -- http-outgoing-99: set socket timeout to 30000
23:07:53.255 [pool-2-thread-5] DEBUG org.apache.http.impl.execchain.MainClientExec -- Executing request POST /auth/login HTTP/1.1
23:07:53.255 [pool-2-thread-5] DEBUG org.apache.http.impl.execchain.MainClientExec -- Target auth state: UNCHALLENGED
23:07:53.255 [pool-2-thread-5] DEBUG org.apache.http.impl.execchain.MainClientExec -- Proxy auth state: UNCHALLENGED
23:07:53.255 [pool-2-thread-5] DEBUG org.apache.http.headers -- http-outgoing-99 >> POST /auth/login HTTP/1.1
23:07:53.255 [pool-2-thread-5] DEBUG org.apache.http.headers -- http-outgoing-99 >> Content-Type: application/json; charset=UTF-8
23:07:53.255 [pool-2-thread-5] DEBUG org.apache.http.headers -- http-outgoing-99 >> Content-Length: 55
23:07:53.255 [pool-2-thread-5] DEBUG org.apache.http.headers -- http-outgoing-99 >> Host: localhost:3000
23:07:53.255 [pool-2-thread-5] DEBUG org.apache.http.headers -- http-outgoing-99 >> Connection: Keep-Alive
23:07:53.255 [pool-2-thread-5] DEBUG org.apache.http.headers -- http-outgoing-99 >> User-Agent: Apache-HttpClient/4.5.14 (Java/17.0.9)
23:07:53.255 [pool-2-thread-5] DEBUG org.apache.http.headers -- http-outgoing-99 >> Accept-Encoding: gzip,deflate
23:07:53.255 [pool-2-thread-5] DEBUG org.apache.http.wire -- http-outgoing-99 >> "POST /auth/login HTTP/1.1[\r][\n]"
23:07:53.255 [pool-2-thread-5] DEBUG org.apache.http.wire -- http-outgoing-99 >> "Content-Type: application/json; charset=UTF-8[\r][\n]"
23:07:53.255 [pool-2-thread-5] DEBUG org.apache.http.wire -- http-outgoing-99 >> "Content-Length: 55[\r][\n]"
23:07:53.255 [pool-2-thread-5] DEBUG org.apache.http.wire -- http-outgoing-99 >> "Host: localhost:3000[\r][\n]"
23:07:53.255 [pool-2-thread-5] DEBUG org.apache.http.wire -- http-outgoing-99 >> "Connection: Keep-Alive[\r][\n]"
23:07:53.255 [pool-2-thread-5] DEBUG org.apache.http.wire -- http-outgoing-99 >> "User-Agent: Apache-HttpClient/4.5.14 (Java/17.0.9)[\r][\n]"
23:07:53.255 [pool-2-thread-5] DEBUG org.apache.http.wire -- http-outgoing-99 >> "Accept-Encoding: gzip,deflate[\r][\n]"
23:07:53.255 [pool-2-thread-5] DEBUG org.apache.http.wire -- http-outgoing-99 >> "[\r][\n]"
23:07:53.255 [pool-2-thread-5] DEBUG org.apache.http.wire -- http-outgoing-99 >> "{"email":"test28@example.com","password":"Password123"}"
23:07:53.259 [pool-2-thread-29] DEBUG org.apache.http.wire -- http-outgoing-82 << "HTTP/1.1 200 OK[\r][\n]"
23:07:53.259 [pool-2-thread-29] DEBUG org.apache.http.wire -- http-outgoing-82 << "X-Powered-By: Express[\r][\n]"
23:07:53.259 [pool-2-thread-29] DEBUG org.apache.http.wire -- http-outgoing-82 << "Access-Control-Allow-Origin: *[\r][\n]"
23:07:53.259 [pool-2-thread-29] DEBUG org.apache.http.wire -- http-outgoing-82 << "Content-Type: application/json; charset=utf-8[\r][\n]"
23:07:53.259 [pool-2-thread-29] DEBUG org.apache.http.wire -- http-outgoing-82 << "Content-Length: 604[\r][\n]"
23:07:53.259 [pool-2-thread-29] DEBUG org.apache.http.wire -- http-outgoing-82 << "ETag: W/"25c-iIp+zo0fT0e/klxEdROwDRXGNZs"[\r][\n]"
23:07:53.259 [pool-2-thread-29] DEBUG org.apache.http.wire -- http-outgoing-82 << "Date: Sun, 22 Jun 2025 16:07:53 GMT[\r][\n]"
23:07:53.259 [pool-2-thread-29] DEBUG org.apache.http.wire -- http-outgoing-82 << "Connection: keep-alive[\r][\n]"
23:07:53.259 [pool-2-thread-29] DEBUG org.apache.http.wire -- http-outgoing-82 << "Keep-Alive: timeout=5[\r][\n]"
23:07:53.259 [pool-2-thread-29] DEBUG org.apache.http.wire -- http-outgoing-82 << "[\r][\n]"
23:07:53.259 [pool-2-thread-29] DEBUG org.apache.http.wire -- http-outgoing-82 << "{"access_token":"eyJhbGciOiJIUzI1NiIsInR5cCI6IkpXVCJ9.eyJzdWIiOiJkZjZmMDkxOS1hMjNkLTQ0YzktYTkyNS00ZWE4YmU1MjVkMTAiLCJ1c2VybmFtZSI6ImpvaG5kb2UyMyIsInJvbGUiOjAsImlhdCI6MTc1MDYwODQ3MiwiZXhwIjoxNzUwNjEyMDcyfQ.TfZScroqgdt0F3Lk4G9GgodEXB9Yo1tNFi5dZb68vs4","refresh_token":"73b8d6942a071bc9fa289efc65d0918827cad72c1acc1a06f1f0f45b0cf15199","user":{"id":"df6f0919-a23d-44c9-a925-4ea8be525d10","email":"testit@gmail.com","username":"johndoe23","name":"John Doe","phoneNumber":"0123456788","profilePic":null,"bio":null,"private":false,"verified":false,"role":0,"followersCount":0,"followingCount":0,"postCount":0}}"
23:07:53.259 [pool-2-thread-29] DEBUG org.apache.http.headers -- http-outgoing-82 << HTTP/1.1 200 OK
23:07:53.259 [pool-2-thread-29] DEBUG org.apache.http.headers -- http-outgoing-82 << X-Powered-By: Express
23:07:53.259 [pool-2-thread-29] DEBUG org.apache.http.headers -- http-outgoing-82 << Access-Control-Allow-Origin: *
23:07:53.259 [pool-2-thread-29] DEBUG org.apache.http.headers -- http-outgoing-82 << Content-Type: application/json; charset=utf-8
23:07:53.259 [pool-2-thread-29] DEBUG org.apache.http.headers -- http-outgoing-82 << Content-Length: 604
23:07:53.259 [pool-2-thread-29] DEBUG org.apache.http.headers -- http-outgoing-82 << ETag: W/"25c-iIp+zo0fT0e/klxEdROwDRXGNZs"
23:07:53.259 [pool-2-thread-29] DEBUG org.apache.http.headers -- http-outgoing-82 << Date: Sun, 22 Jun 2025 16:07:53 GMT
23:07:53.259 [pool-2-thread-29] DEBUG org.apache.http.headers -- http-outgoing-82 << Connection: keep-alive
23:07:53.259 [pool-2-thread-29] DEBUG org.apache.http.headers -- http-outgoing-82 << Keep-Alive: timeout=5
23:07:53.259 [pool-2-thread-22] DEBUG org.apache.http.wire -- http-outgoing-83 << "HTTP/1.1 200 OK[\r][\n]"
23:07:53.259 [pool-2-thread-22] DEBUG org.apache.http.wire -- http-outgoing-83 << "X-Powered-By: Express[\r][\n]"
23:07:53.259 [pool-2-thread-22] DEBUG org.apache.http.wire -- http-outgoing-83 << "Access-Control-Allow-Origin: *[\r][\n]"
23:07:53.259 [pool-2-thread-22] DEBUG org.apache.http.wire -- http-outgoing-83 << "Content-Type: application/json; charset=utf-8[\r][\n]"
23:07:53.259 [pool-2-thread-22] DEBUG org.apache.http.wire -- http-outgoing-83 << "Content-Length: 715[\r][\n]"
23:07:53.259 [pool-2-thread-22] DEBUG org.apache.http.wire -- http-outgoing-83 << "ETag: W/"2cb-VnOoFCC1CsfEckehukwhaMydOHc"[\r][\n]"
23:07:53.259 [pool-2-thread-22] DEBUG org.apache.http.wire -- http-outgoing-83 << "Date: Sun, 22 Jun 2025 16:07:53 GMT[\r][\n]"
23:07:53.259 [pool-2-thread-22] DEBUG org.apache.http.wire -- http-outgoing-83 << "Connection: keep-alive[\r][\n]"
23:07:53.259 [pool-2-thread-22] DEBUG org.apache.http.wire -- http-outgoing-83 << "Keep-Alive: timeout=5[\r][\n]"
23:07:53.259 [pool-2-thread-22] DEBUG org.apache.http.wire -- http-outgoing-83 << "[\r][\n]"
23:07:53.259 [pool-2-thread-22] DEBUG org.apache.http.wire -- http-outgoing-83 << "{"access_token":"eyJhbGciOiJIUzI1NiIsInR5cCI6IkpXVCJ9.eyJzdWIiOiIyYjg0YWEyNC02NjhhLTQwZTItYWYxYy1hZDRmYzRmYTVhNmYiLCJ1c2VybmFtZSI6InF1YW5nMSIsInJvbGUiOjAsImlhdCI6MTc1MDYwODQ3MiwiZXhwIjoxNzUwNjEyMDcyfQ.Dj7nIOU0kfOibTGrt3rodIIlXc2aJUU3TvsSL5V6wcI","refresh_token":"b37fc4124f11c550c718e54bc2c5db5ba5536dbe35d4781f077e8e47f7beedf5","user":{"id":"2b84aa24-668a-40e2-af1c-ad4fc4fa5a6f","email":"quang1@gmail.com","username":"quang1","name":"quang1","phoneNumber":"09874563210","profilePic":"https://res.cloudinary.com/dizcvrefo/image/upload/v1749027586/nestjs_uploads/xehairydt9rzlbmbmv4c.jpg","bio":"Thang Nam Lao Vua Thoi","private":false,"verified":false,"role":0,"followersCount":2,"followingCount":3,"postCount":2}}"
23:07:53.259 [pool-2-thread-29] DEBUG org.apache.http.impl.execchain.MainClientExec -- Connection can be kept alive for 5000 MILLISECONDS
23:07:53.259 [pool-2-thread-22] DEBUG org.apache.http.headers -- http-outgoing-83 << HTTP/1.1 200 OK
23:07:53.259 [pool-2-thread-22] DEBUG org.apache.http.headers -- http-outgoing-83 << X-Powered-By: Express
23:07:53.259 [pool-2-thread-22] DEBUG org.apache.http.headers -- http-outgoing-83 << Access-Control-Allow-Origin: *
23:07:53.259 [pool-2-thread-22] DEBUG org.apache.http.headers -- http-outgoing-83 << Content-Type: application/json; charset=utf-8
23:07:53.259 [pool-2-thread-22] DEBUG org.apache.http.headers -- http-outgoing-83 << Content-Length: 715
23:07:53.259 [pool-2-thread-22] DEBUG org.apache.http.headers -- http-outgoing-83 << ETag: W/"2cb-VnOoFCC1CsfEckehukwhaMydOHc"
23:07:53.259 [pool-2-thread-22] DEBUG org.apache.http.headers -- http-outgoing-83 << Date: Sun, 22 Jun 2025 16:07:53 GMT
23:07:53.259 [pool-2-thread-22] DEBUG org.apache.http.headers -- http-outgoing-83 << Connection: keep-alive
23:07:53.259 [pool-2-thread-22] DEBUG org.apache.http.headers -- http-outgoing-83 << Keep-Alive: timeout=5
23:07:53.259 [pool-2-thread-22] DEBUG org.apache.http.impl.execchain.MainClientExec -- Connection can be kept alive for 5000 MILLISECONDS
23:07:53.259 [pool-2-thread-22] DEBUG org.apache.http.impl.conn.PoolingHttpClientConnectionManager -- Connection [id: 83][route: {}->http://localhost:3000] can be kept alive for 5.0 seconds
23:07:53.259 [pool-2-thread-22] DEBUG org.apache.http.impl.conn.DefaultManagedHttpClientConnection -- http-outgoing-83: set socket timeout to 0
23:07:53.259 [pool-2-thread-29] DEBUG org.apache.http.impl.conn.PoolingHttpClientConnectionManager -- Connection [id: 82][route: {}->http://localhost:3000] can be kept alive for 5.0 seconds
23:07:53.260 [pool-2-thread-29] DEBUG org.apache.http.impl.conn.DefaultManagedHttpClientConnection -- http-outgoing-82: set socket timeout to 0
23:07:53.260 [pool-2-thread-22] DEBUG org.apache.http.impl.conn.PoolingHttpClientConnectionManager -- Connection released: [id: 83][route: {}->http://localhost:3000][total available: 1; route allocated: 1 of 5; total allocated: 1 of 10]
23:07:53.260 [pool-2-thread-29] DEBUG org.apache.http.impl.conn.PoolingHttpClientConnectionManager -- Connection released: [id: 82][route: {}->http://localhost:3000][total available: 1; route allocated: 1 of 5; total allocated: 1 of 10]
23:07:53.260 [pool-2-thread-22] DEBUG org.apache.http.impl.conn.PoolingHttpClientConnectionManager -- Connection manager is shutting down
23:07:53.260 [pool-2-thread-29] DEBUG org.apache.http.impl.conn.PoolingHttpClientConnectionManager -- Connection manager is shutting down
23:07:53.260 [pool-2-thread-29] DEBUG org.apache.http.impl.conn.DefaultManagedHttpClientConnection -- http-outgoing-82: Close connection
23:07:53.260 [pool-2-thread-22] DEBUG org.apache.http.impl.conn.DefaultManagedHttpClientConnection -- http-outgoing-83: Close connection
23:07:53.260 [pool-2-thread-29] DEBUG org.apache.http.impl.conn.PoolingHttpClientConnectionManager -- Connection manager shut down
23:07:53.260 [pool-2-thread-22] DEBUG org.apache.http.impl.conn.PoolingHttpClientConnectionManager -- Connection manager shut down
23:07:53.260 [pool-2-thread-29] DEBUG com.intuit.karate -- response time in milliseconds: 1899
4 < 200
4 < X-Powered-By: Express
4 < Access-Control-Allow-Origin: *
4 < Content-Type: application/json; charset=utf-8
4 < Content-Length: 604
4 < ETag: W/"25c-iIp+zo0fT0e/klxEdROwDRXGNZs"
4 < Date: Sun, 22 Jun 2025 16:07:53 GMT
4 < Connection: keep-alive
4 < Keep-Alive: timeout=5
{"access_token":"eyJhbGciOiJIUzI1NiIsInR5cCI6IkpXVCJ9.eyJzdWIiOiJkZjZmMDkxOS1hMjNkLTQ0YzktYTkyNS00ZWE4YmU1MjVkMTAiLCJ1c2VybmFtZSI6ImpvaG5kb2UyMyIsInJvbGUiOjAsImlhdCI6MTc1MDYwODQ3MiwiZXhwIjoxNzUwNjEyMDcyfQ.TfZScroqgdt0F3Lk4G9GgodEXB9Yo1tNFi5dZb68vs4","refresh_token":"73b8d6942a071bc9fa289efc65d0918827cad72c1acc1a06f1f0f45b0cf15199","user":{"id":"df6f0919-a23d-44c9-a925-4ea8be525d10","email":"testit@gmail.com","username":"johndoe23","name":"John Doe","phoneNumber":"0123456788","profilePic":null,"bio":null,"private":false,"verified":false,"role":0,"followersCount":0,"followingCount":0,"postCount":0}}

23:07:53.260 [pool-2-thread-22] DEBUG com.intuit.karate -- response time in milliseconds: 1894
4 < 200
4 < X-Powered-By: Express
4 < Access-Control-Allow-Origin: *
4 < Content-Type: application/json; charset=utf-8
4 < Content-Length: 715
4 < ETag: W/"2cb-VnOoFCC1CsfEckehukwhaMydOHc"
4 < Date: Sun, 22 Jun 2025 16:07:53 GMT
4 < Connection: keep-alive
4 < Keep-Alive: timeout=5
{"access_token":"eyJhbGciOiJIUzI1NiIsInR5cCI6IkpXVCJ9.eyJzdWIiOiIyYjg0YWEyNC02NjhhLTQwZTItYWYxYy1hZDRmYzRmYTVhNmYiLCJ1c2VybmFtZSI6InF1YW5nMSIsInJvbGUiOjAsImlhdCI6MTc1MDYwODQ3MiwiZXhwIjoxNzUwNjEyMDcyfQ.Dj7nIOU0kfOibTGrt3rodIIlXc2aJUU3TvsSL5V6wcI","refresh_token":"b37fc4124f11c550c718e54bc2c5db5ba5536dbe35d4781f077e8e47f7beedf5","user":{"id":"2b84aa24-668a-40e2-af1c-ad4fc4fa5a6f","email":"quang1@gmail.com","username":"quang1","name":"quang1","phoneNumber":"09874563210","profilePic":"https://res.cloudinary.com/dizcvrefo/image/upload/v1749027586/nestjs_uploads/xehairydt9rzlbmbmv4c.jpg","bio":"Thang Nam Lao Vua Thoi","private":false,"verified":false,"role":0,"followersCount":2,"followingCount":3,"postCount":2}}

23:07:53.262 [pool-2-thread-29] INFO com.intuit.karate -- [print] Call 4 completed, status: 200 
23:07:53.262 [pool-2-thread-22] INFO com.intuit.karate -- [print] Call 4 completed, status: 200 
23:07:53.263 [pool-2-thread-22] INFO com.intuit.karate -- [print] *** API CALL 5 *** 
23:07:53.263 [pool-2-thread-29] INFO com.intuit.karate -- [print] *** API CALL 5 *** 
23:07:53.264 [pool-2-thread-22] DEBUG org.apache.http.client.protocol.RequestAddCookies -- CookieSpec selected: karate
23:07:53.264 [pool-2-thread-29] DEBUG org.apache.http.client.protocol.RequestAddCookies -- CookieSpec selected: karate
23:07:53.264 [pool-2-thread-29] DEBUG org.apache.http.client.protocol.RequestAuthCache -- Auth cache not set in the context
23:07:53.264 [pool-2-thread-22] DEBUG org.apache.http.client.protocol.RequestAuthCache -- Auth cache not set in the context
23:07:53.264 [pool-2-thread-29] DEBUG com.intuit.karate -- request:
5 > POST http://localhost:3000/auth/login
5 > Content-Type: application/json; charset=UTF-8
5 > Content-Length: 53
5 > Host: localhost:3000
5 > Connection: Keep-Alive
5 > User-Agent: Apache-HttpClient/4.5.14 (Java/17.0.9)
5 > Accept-Encoding: gzip,deflate
{"email":"testit@gmail.com","password":"Password123"}

23:07:53.264 [pool-2-thread-22] DEBUG com.intuit.karate -- request:
5 > POST http://localhost:3000/auth/login
5 > Content-Type: application/json; charset=UTF-8
5 > Content-Length: 48
5 > Host: localhost:3000
5 > Connection: Keep-Alive
5 > User-Agent: Apache-HttpClient/4.5.14 (Java/17.0.9)
5 > Accept-Encoding: gzip,deflate
{"email":"quang1@gmail.com","password":"quang1"}

23:07:53.264 [pool-2-thread-29] DEBUG org.apache.http.impl.conn.PoolingHttpClientConnectionManager -- Connection request: [route: {}->http://localhost:3000][total available: 0; route allocated: 0 of 5; total allocated: 0 of 10]
23:07:53.264 [pool-2-thread-22] DEBUG org.apache.http.impl.conn.PoolingHttpClientConnectionManager -- Connection request: [route: {}->http://localhost:3000][total available: 0; route allocated: 0 of 5; total allocated: 0 of 10]
23:07:53.265 [pool-2-thread-29] DEBUG org.apache.http.impl.conn.PoolingHttpClientConnectionManager -- Connection leased: [id: 101][route: {}->http://localhost:3000][total available: 0; route allocated: 1 of 5; total allocated: 1 of 10]
23:07:53.265 [pool-2-thread-22] DEBUG org.apache.http.impl.conn.PoolingHttpClientConnectionManager -- Connection leased: [id: 100][route: {}->http://localhost:3000][total available: 0; route allocated: 1 of 5; total allocated: 1 of 10]
23:07:53.265 [pool-2-thread-22] DEBUG org.apache.http.impl.execchain.MainClientExec -- Opening connection {}->http://localhost:3000
23:07:53.265 [pool-2-thread-29] DEBUG org.apache.http.impl.execchain.MainClientExec -- Opening connection {}->http://localhost:3000
23:07:53.265 [pool-2-thread-22] DEBUG org.apache.http.impl.conn.DefaultHttpClientConnectionOperator -- Connecting to localhost/127.0.0.1:3000
23:07:53.265 [pool-2-thread-29] DEBUG org.apache.http.impl.conn.DefaultHttpClientConnectionOperator -- Connecting to localhost/127.0.0.1:3000
23:07:53.265 [pool-2-thread-22] DEBUG org.apache.http.impl.conn.DefaultHttpClientConnectionOperator -- Connection established 127.0.0.1:52766<->127.0.0.1:3000
23:07:53.265 [pool-2-thread-29] DEBUG org.apache.http.impl.conn.DefaultHttpClientConnectionOperator -- Connection established 127.0.0.1:52767<->127.0.0.1:3000
23:07:53.265 [pool-2-thread-22] DEBUG org.apache.http.impl.conn.DefaultManagedHttpClientConnection -- http-outgoing-101: set socket timeout to 30000
23:07:53.265 [pool-2-thread-29] DEBUG org.apache.http.impl.conn.DefaultManagedHttpClientConnection -- http-outgoing-100: set socket timeout to 30000
23:07:53.265 [pool-2-thread-22] DEBUG org.apache.http.impl.execchain.MainClientExec -- Executing request POST /auth/login HTTP/1.1
23:07:53.265 [pool-2-thread-29] DEBUG org.apache.http.impl.execchain.MainClientExec -- Executing request POST /auth/login HTTP/1.1
23:07:53.265 [pool-2-thread-29] DEBUG org.apache.http.impl.execchain.MainClientExec -- Target auth state: UNCHALLENGED
23:07:53.265 [pool-2-thread-22] DEBUG org.apache.http.impl.execchain.MainClientExec -- Target auth state: UNCHALLENGED
23:07:53.265 [pool-2-thread-22] DEBUG org.apache.http.impl.execchain.MainClientExec -- Proxy auth state: UNCHALLENGED
23:07:53.265 [pool-2-thread-29] DEBUG org.apache.http.impl.execchain.MainClientExec -- Proxy auth state: UNCHALLENGED
23:07:53.265 [pool-2-thread-22] DEBUG org.apache.http.headers -- http-outgoing-101 >> POST /auth/login HTTP/1.1
23:07:53.265 [pool-2-thread-22] DEBUG org.apache.http.headers -- http-outgoing-101 >> Content-Type: application/json; charset=UTF-8
23:07:53.265 [pool-2-thread-22] DEBUG org.apache.http.headers -- http-outgoing-101 >> Content-Length: 48
23:07:53.265 [pool-2-thread-29] DEBUG org.apache.http.headers -- http-outgoing-100 >> POST /auth/login HTTP/1.1
23:07:53.265 [pool-2-thread-29] DEBUG org.apache.http.headers -- http-outgoing-100 >> Content-Type: application/json; charset=UTF-8
23:07:53.265 [pool-2-thread-29] DEBUG org.apache.http.headers -- http-outgoing-100 >> Content-Length: 53
23:07:53.265 [pool-2-thread-22] DEBUG org.apache.http.headers -- http-outgoing-101 >> Host: localhost:3000
23:07:53.265 [pool-2-thread-22] DEBUG org.apache.http.headers -- http-outgoing-101 >> Connection: Keep-Alive
23:07:53.265 [pool-2-thread-29] DEBUG org.apache.http.headers -- http-outgoing-100 >> Host: localhost:3000
23:07:53.265 [pool-2-thread-22] DEBUG org.apache.http.headers -- http-outgoing-101 >> User-Agent: Apache-HttpClient/4.5.14 (Java/17.0.9)
23:07:53.265 [pool-2-thread-29] DEBUG org.apache.http.headers -- http-outgoing-100 >> Connection: Keep-Alive
23:07:53.265 [pool-2-thread-29] DEBUG org.apache.http.headers -- http-outgoing-100 >> User-Agent: Apache-HttpClient/4.5.14 (Java/17.0.9)
23:07:53.265 [pool-2-thread-29] DEBUG org.apache.http.headers -- http-outgoing-100 >> Accept-Encoding: gzip,deflate
23:07:53.265 [pool-2-thread-22] DEBUG org.apache.http.headers -- http-outgoing-101 >> Accept-Encoding: gzip,deflate
23:07:53.265 [pool-2-thread-29] DEBUG org.apache.http.wire -- http-outgoing-100 >> "POST /auth/login HTTP/1.1[\r][\n]"
23:07:53.265 [pool-2-thread-29] DEBUG org.apache.http.wire -- http-outgoing-100 >> "Content-Type: application/json; charset=UTF-8[\r][\n]"
23:07:53.265 [pool-2-thread-29] DEBUG org.apache.http.wire -- http-outgoing-100 >> "Content-Length: 53[\r][\n]"
23:07:53.265 [pool-2-thread-22] DEBUG org.apache.http.wire -- http-outgoing-101 >> "POST /auth/login HTTP/1.1[\r][\n]"
23:07:53.265 [pool-2-thread-22] DEBUG org.apache.http.wire -- http-outgoing-101 >> "Content-Type: application/json; charset=UTF-8[\r][\n]"
23:07:53.265 [pool-2-thread-22] DEBUG org.apache.http.wire -- http-outgoing-101 >> "Content-Length: 48[\r][\n]"
23:07:53.265 [pool-2-thread-29] DEBUG org.apache.http.wire -- http-outgoing-100 >> "Host: localhost:3000[\r][\n]"
23:07:53.265 [pool-2-thread-29] DEBUG org.apache.http.wire -- http-outgoing-100 >> "Connection: Keep-Alive[\r][\n]"
23:07:53.265 [pool-2-thread-22] DEBUG org.apache.http.wire -- http-outgoing-101 >> "Host: localhost:3000[\r][\n]"
23:07:53.266 [pool-2-thread-29] DEBUG org.apache.http.wire -- http-outgoing-100 >> "User-Agent: Apache-HttpClient/4.5.14 (Java/17.0.9)[\r][\n]"
23:07:53.266 [pool-2-thread-29] DEBUG org.apache.http.wire -- http-outgoing-100 >> "Accept-Encoding: gzip,deflate[\r][\n]"
23:07:53.266 [pool-2-thread-29] DEBUG org.apache.http.wire -- http-outgoing-100 >> "[\r][\n]"
23:07:53.266 [pool-2-thread-22] DEBUG org.apache.http.wire -- http-outgoing-101 >> "Connection: Keep-Alive[\r][\n]"
23:07:53.266 [pool-2-thread-29] DEBUG org.apache.http.wire -- http-outgoing-100 >> "{"email":"testit@gmail.com","password":"Password123"}"
23:07:53.266 [pool-2-thread-22] DEBUG org.apache.http.wire -- http-outgoing-101 >> "User-Agent: Apache-HttpClient/4.5.14 (Java/17.0.9)[\r][\n]"
23:07:53.266 [pool-2-thread-22] DEBUG org.apache.http.wire -- http-outgoing-101 >> "Accept-Encoding: gzip,deflate[\r][\n]"
23:07:53.266 [pool-2-thread-22] DEBUG org.apache.http.wire -- http-outgoing-101 >> "[\r][\n]"
23:07:53.266 [pool-2-thread-22] DEBUG org.apache.http.wire -- http-outgoing-101 >> "{"email":"quang1@gmail.com","password":"quang1"}"
23:07:53.274 [pool-2-thread-8] DEBUG org.apache.http.wire -- http-outgoing-80 << "HTTP/1.1 200 OK[\r][\n]"
23:07:53.274 [pool-2-thread-8] DEBUG org.apache.http.wire -- http-outgoing-80 << "X-Powered-By: Express[\r][\n]"
23:07:53.274 [pool-2-thread-8] DEBUG org.apache.http.wire -- http-outgoing-80 << "Access-Control-Allow-Origin: *[\r][\n]"
23:07:53.274 [pool-2-thread-8] DEBUG org.apache.http.wire -- http-outgoing-80 << "Content-Type: application/json; charset=utf-8[\r][\n]"
23:07:53.274 [pool-2-thread-8] DEBUG org.apache.http.wire -- http-outgoing-80 << "Content-Length: 609[\r][\n]"
23:07:53.274 [pool-2-thread-8] DEBUG org.apache.http.wire -- http-outgoing-80 << "ETag: W/"261-RSbns1wCNCc7qZJO7FWgeJq9Gc4"[\r][\n]"
23:07:53.274 [pool-2-thread-8] DEBUG org.apache.http.wire -- http-outgoing-80 << "Date: Sun, 22 Jun 2025 16:07:53 GMT[\r][\n]"
23:07:53.274 [pool-2-thread-8] DEBUG org.apache.http.wire -- http-outgoing-80 << "Connection: keep-alive[\r][\n]"
23:07:53.274 [pool-2-thread-8] DEBUG org.apache.http.wire -- http-outgoing-80 << "Keep-Alive: timeout=5[\r][\n]"
23:07:53.274 [pool-2-thread-8] DEBUG org.apache.http.wire -- http-outgoing-80 << "[\r][\n]"
23:07:53.274 [pool-2-thread-8] DEBUG org.apache.http.wire -- http-outgoing-80 << "{"access_token":"eyJhbGciOiJIUzI1NiIsInR5cCI6IkpXVCJ9.eyJzdWIiOiIyNzJmNmI1NS01MTc5LTRhZTMtODU2My1iNGVjMTBmNzY3MTUiLCJ1c2VybmFtZSI6ImpvaG5kb2UyZDVkIiwicm9sZSI6MCwiaWF0IjoxNzUwNjA4NDcyLCJleHAiOjE3NTA2MTIwNzJ9.JkxRaVB0Rvrxn_tdKCOxbydU5TI6Kvn1rSzKwE0EY6A","refresh_token":"d5c39fe7f32b31482497b67ada4876e5b909e384f264d202e79c51593093f3af","user":{"id":"272f6b55-5179-4ae3-8563-b4ec10f76715","email":"testit5@gmail.com","username":"johndoe2d5d","name":"John Doe","phoneNumber":"0123456132","profilePic":null,"bio":null,"private":false,"verified":false,"role":0,"followersCount":0,"followingCount":0,"postCount":0}}"
23:07:53.274 [pool-2-thread-8] DEBUG org.apache.http.headers -- http-outgoing-80 << HTTP/1.1 200 OK
23:07:53.274 [pool-2-thread-8] DEBUG org.apache.http.headers -- http-outgoing-80 << X-Powered-By: Express
23:07:53.274 [pool-2-thread-8] DEBUG org.apache.http.headers -- http-outgoing-80 << Access-Control-Allow-Origin: *
23:07:53.274 [pool-2-thread-8] DEBUG org.apache.http.headers -- http-outgoing-80 << Content-Type: application/json; charset=utf-8
23:07:53.274 [pool-2-thread-8] DEBUG org.apache.http.headers -- http-outgoing-80 << Content-Length: 609
23:07:53.274 [pool-2-thread-8] DEBUG org.apache.http.headers -- http-outgoing-80 << ETag: W/"261-RSbns1wCNCc7qZJO7FWgeJq9Gc4"
23:07:53.274 [pool-2-thread-8] DEBUG org.apache.http.headers -- http-outgoing-80 << Date: Sun, 22 Jun 2025 16:07:53 GMT
23:07:53.274 [pool-2-thread-8] DEBUG org.apache.http.headers -- http-outgoing-80 << Connection: keep-alive
23:07:53.274 [pool-2-thread-8] DEBUG org.apache.http.headers -- http-outgoing-80 << Keep-Alive: timeout=5
23:07:53.275 [pool-2-thread-8] DEBUG org.apache.http.impl.execchain.MainClientExec -- Connection can be kept alive for 5000 MILLISECONDS
23:07:53.275 [pool-2-thread-7] DEBUG org.apache.http.wire -- http-outgoing-81 << "HTTP/1.1 200 OK[\r][\n]"
23:07:53.275 [pool-2-thread-7] DEBUG org.apache.http.wire -- http-outgoing-81 << "X-Powered-By: Express[\r][\n]"
23:07:53.275 [pool-2-thread-7] DEBUG org.apache.http.wire -- http-outgoing-81 << "Access-Control-Allow-Origin: *[\r][\n]"
23:07:53.275 [pool-2-thread-7] DEBUG org.apache.http.wire -- http-outgoing-81 << "Content-Type: application/json; charset=utf-8[\r][\n]"
23:07:53.275 [pool-2-thread-7] DEBUG org.apache.http.wire -- http-outgoing-81 << "Content-Length: 605[\r][\n]"
23:07:53.275 [pool-2-thread-7] DEBUG org.apache.http.wire -- http-outgoing-81 << "ETag: W/"25d-29CoIquMPZksavhe8XOi98jjKDE"[\r][\n]"
23:07:53.275 [pool-2-thread-7] DEBUG org.apache.http.wire -- http-outgoing-81 << "Date: Sun, 22 Jun 2025 16:07:53 GMT[\r][\n]"
23:07:53.275 [pool-2-thread-7] DEBUG org.apache.http.wire -- http-outgoing-81 << "Connection: keep-alive[\r][\n]"
23:07:53.275 [pool-2-thread-7] DEBUG org.apache.http.wire -- http-outgoing-81 << "Keep-Alive: timeout=5[\r][\n]"
23:07:53.275 [pool-2-thread-7] DEBUG org.apache.http.wire -- http-outgoing-81 << "[\r][\n]"
23:07:53.275 [pool-2-thread-8] DEBUG org.apache.http.impl.conn.PoolingHttpClientConnectionManager -- Connection [id: 80][route: {}->http://localhost:3000] can be kept alive for 5.0 seconds
23:07:53.275 [pool-2-thread-8] DEBUG org.apache.http.impl.conn.DefaultManagedHttpClientConnection -- http-outgoing-80: set socket timeout to 0
23:07:53.275 [pool-2-thread-7] DEBUG org.apache.http.wire -- http-outgoing-81 << "{"access_token":"eyJhbGciOiJIUzI1NiIsInR5cCI6IkpXVCJ9.eyJzdWIiOiI2NTBjZTFlZC1hYWNhLTQzOGYtOTk4OC0xZjA1OGFiNWFhMWEiLCJ1c2VybmFtZSI6ImpvaG5kb2UyNSIsInJvbGUiOjAsImlhdCI6MTc1MDYwODQ3MiwiZXhwIjoxNzUwNjEyMDcyfQ.wK3O_9MkxwxI03pjcSSCjUM9JHW2Ehr1YnJgV4Ar2c8","refresh_token":"020fdeae1496923cf4031ae491aeb60cab957479dc5adbf8e33b58da571c947e","user":{"id":"650ce1ed-aaca-438f-9988-1f058ab5aa1a","email":"testit3@gmail.com","username":"johndoe25","name":"John Doe","phoneNumber":"0123456713","profilePic":null,"bio":null,"private":false,"verified":false,"role":0,"followersCount":0,"followingCount":0,"postCount":0}}"
23:07:53.275 [pool-2-thread-8] DEBUG org.apache.http.impl.conn.PoolingHttpClientConnectionManager -- Connection released: [id: 80][route: {}->http://localhost:3000][total available: 1; route allocated: 1 of 5; total allocated: 1 of 10]
23:07:53.275 [pool-2-thread-8] DEBUG org.apache.http.impl.conn.PoolingHttpClientConnectionManager -- Connection manager is shutting down
23:07:53.275 [pool-2-thread-7] DEBUG org.apache.http.headers -- http-outgoing-81 << HTTP/1.1 200 OK
23:07:53.275 [pool-2-thread-7] DEBUG org.apache.http.headers -- http-outgoing-81 << X-Powered-By: Express
23:07:53.275 [pool-2-thread-7] DEBUG org.apache.http.headers -- http-outgoing-81 << Access-Control-Allow-Origin: *
23:07:53.275 [pool-2-thread-7] DEBUG org.apache.http.headers -- http-outgoing-81 << Content-Type: application/json; charset=utf-8
23:07:53.275 [pool-2-thread-8] DEBUG org.apache.http.impl.conn.DefaultManagedHttpClientConnection -- http-outgoing-80: Close connection
23:07:53.275 [pool-2-thread-7] DEBUG org.apache.http.headers -- http-outgoing-81 << Content-Length: 605
23:07:53.275 [pool-2-thread-7] DEBUG org.apache.http.headers -- http-outgoing-81 << ETag: W/"25d-29CoIquMPZksavhe8XOi98jjKDE"
23:07:53.275 [pool-2-thread-7] DEBUG org.apache.http.headers -- http-outgoing-81 << Date: Sun, 22 Jun 2025 16:07:53 GMT
23:07:53.275 [pool-2-thread-7] DEBUG org.apache.http.headers -- http-outgoing-81 << Connection: keep-alive
23:07:53.275 [pool-2-thread-7] DEBUG org.apache.http.headers -- http-outgoing-81 << Keep-Alive: timeout=5
23:07:53.275 [pool-2-thread-7] DEBUG org.apache.http.impl.execchain.MainClientExec -- Connection can be kept alive for 5000 MILLISECONDS
23:07:53.275 [pool-2-thread-8] DEBUG org.apache.http.impl.conn.PoolingHttpClientConnectionManager -- Connection manager shut down
23:07:53.275 [pool-2-thread-7] DEBUG org.apache.http.impl.conn.PoolingHttpClientConnectionManager -- Connection [id: 81][route: {}->http://localhost:3000] can be kept alive for 5.0 seconds
23:07:53.275 [pool-2-thread-7] DEBUG org.apache.http.impl.conn.DefaultManagedHttpClientConnection -- http-outgoing-81: set socket timeout to 0
23:07:53.275 [pool-2-thread-7] DEBUG org.apache.http.impl.conn.PoolingHttpClientConnectionManager -- Connection released: [id: 81][route: {}->http://localhost:3000][total available: 1; route allocated: 1 of 5; total allocated: 1 of 10]
23:07:53.275 [pool-2-thread-7] DEBUG org.apache.http.impl.conn.PoolingHttpClientConnectionManager -- Connection manager is shutting down
23:07:53.275 [pool-2-thread-7] DEBUG org.apache.http.impl.conn.DefaultManagedHttpClientConnection -- http-outgoing-81: Close connection
23:07:53.275 [pool-2-thread-8] DEBUG com.intuit.karate -- response time in milliseconds: 1956
3 < 200
3 < X-Powered-By: Express
3 < Access-Control-Allow-Origin: *
3 < Content-Type: application/json; charset=utf-8
3 < Content-Length: 609
3 < ETag: W/"261-RSbns1wCNCc7qZJO7FWgeJq9Gc4"
3 < Date: Sun, 22 Jun 2025 16:07:53 GMT
3 < Connection: keep-alive
3 < Keep-Alive: timeout=5
{"access_token":"eyJhbGciOiJIUzI1NiIsInR5cCI6IkpXVCJ9.eyJzdWIiOiIyNzJmNmI1NS01MTc5LTRhZTMtODU2My1iNGVjMTBmNzY3MTUiLCJ1c2VybmFtZSI6ImpvaG5kb2UyZDVkIiwicm9sZSI6MCwiaWF0IjoxNzUwNjA4NDcyLCJleHAiOjE3NTA2MTIwNzJ9.JkxRaVB0Rvrxn_tdKCOxbydU5TI6Kvn1rSzKwE0EY6A","refresh_token":"d5c39fe7f32b31482497b67ada4876e5b909e384f264d202e79c51593093f3af","user":{"id":"272f6b55-5179-4ae3-8563-b4ec10f76715","email":"testit5@gmail.com","username":"johndoe2d5d","name":"John Doe","phoneNumber":"0123456132","profilePic":null,"bio":null,"private":false,"verified":false,"role":0,"followersCount":0,"followingCount":0,"postCount":0}}

23:07:53.275 [pool-2-thread-7] DEBUG org.apache.http.impl.conn.PoolingHttpClientConnectionManager -- Connection manager shut down
23:07:53.275 [pool-2-thread-7] DEBUG com.intuit.karate -- response time in milliseconds: 1931
4 < 200
4 < X-Powered-By: Express
4 < Access-Control-Allow-Origin: *
4 < Content-Type: application/json; charset=utf-8
4 < Content-Length: 605
4 < ETag: W/"25d-29CoIquMPZksavhe8XOi98jjKDE"
4 < Date: Sun, 22 Jun 2025 16:07:53 GMT
4 < Connection: keep-alive
4 < Keep-Alive: timeout=5
{"access_token":"eyJhbGciOiJIUzI1NiIsInR5cCI6IkpXVCJ9.eyJzdWIiOiI2NTBjZTFlZC1hYWNhLTQzOGYtOTk4OC0xZjA1OGFiNWFhMWEiLCJ1c2VybmFtZSI6ImpvaG5kb2UyNSIsInJvbGUiOjAsImlhdCI6MTc1MDYwODQ3MiwiZXhwIjoxNzUwNjEyMDcyfQ.wK3O_9MkxwxI03pjcSSCjUM9JHW2Ehr1YnJgV4Ar2c8","refresh_token":"020fdeae1496923cf4031ae491aeb60cab957479dc5adbf8e33b58da571c947e","user":{"id":"650ce1ed-aaca-438f-9988-1f058ab5aa1a","email":"testit3@gmail.com","username":"johndoe25","name":"John Doe","phoneNumber":"0123456713","profilePic":null,"bio":null,"private":false,"verified":false,"role":0,"followersCount":0,"followingCount":0,"postCount":0}}

23:07:53.278 [pool-2-thread-8] INFO com.intuit.karate -- [print] Call 3 completed, status: 200 
23:07:53.278 [pool-2-thread-7] INFO com.intuit.karate -- [print] Call 4 completed, status: 200 
23:07:53.279 [pool-2-thread-7] INFO com.intuit.karate -- [print] *** API CALL 5 *** 
23:07:53.280 [pool-2-thread-8] INFO com.intuit.karate -- [print] *** API CALL 4 *** 
23:07:53.282 [pool-2-thread-8] DEBUG org.apache.http.client.protocol.RequestAddCookies -- CookieSpec selected: karate
23:07:53.282 [pool-2-thread-7] DEBUG org.apache.http.client.protocol.RequestAddCookies -- CookieSpec selected: karate
23:07:53.282 [pool-2-thread-8] DEBUG org.apache.http.client.protocol.RequestAuthCache -- Auth cache not set in the context
23:07:53.282 [pool-2-thread-7] DEBUG org.apache.http.client.protocol.RequestAuthCache -- Auth cache not set in the context
23:07:53.282 [pool-2-thread-7] DEBUG com.intuit.karate -- request:
5 > POST http://localhost:3000/auth/login
5 > Content-Type: application/json; charset=UTF-8
5 > Content-Length: 54
5 > Host: localhost:3000
5 > Connection: Keep-Alive
5 > User-Agent: Apache-HttpClient/4.5.14 (Java/17.0.9)
5 > Accept-Encoding: gzip,deflate
{"email":"testit3@gmail.com","password":"Password123"}

23:07:53.282 [pool-2-thread-8] DEBUG com.intuit.karate -- request:
4 > POST http://localhost:3000/auth/login
4 > Content-Type: application/json; charset=UTF-8
4 > Content-Length: 54
4 > Host: localhost:3000
4 > Connection: Keep-Alive
4 > User-Agent: Apache-HttpClient/4.5.14 (Java/17.0.9)
4 > Accept-Encoding: gzip,deflate
{"email":"testit5@gmail.com","password":"Password123"}

23:07:53.283 [pool-2-thread-8] DEBUG org.apache.http.impl.conn.PoolingHttpClientConnectionManager -- Connection request: [route: {}->http://localhost:3000][total available: 0; route allocated: 0 of 5; total allocated: 0 of 10]
23:07:53.283 [pool-2-thread-7] DEBUG org.apache.http.impl.conn.PoolingHttpClientConnectionManager -- Connection request: [route: {}->http://localhost:3000][total available: 0; route allocated: 0 of 5; total allocated: 0 of 10]
23:07:53.283 [pool-2-thread-7] DEBUG org.apache.http.impl.conn.PoolingHttpClientConnectionManager -- Connection leased: [id: 102][route: {}->http://localhost:3000][total available: 0; route allocated: 1 of 5; total allocated: 1 of 10]
23:07:53.283 [pool-2-thread-8] DEBUG org.apache.http.impl.conn.PoolingHttpClientConnectionManager -- Connection leased: [id: 103][route: {}->http://localhost:3000][total available: 0; route allocated: 1 of 5; total allocated: 1 of 10]
23:07:53.283 [pool-2-thread-7] DEBUG org.apache.http.impl.execchain.MainClientExec -- Opening connection {}->http://localhost:3000
23:07:53.283 [pool-2-thread-8] DEBUG org.apache.http.impl.execchain.MainClientExec -- Opening connection {}->http://localhost:3000
23:07:53.283 [pool-2-thread-7] DEBUG org.apache.http.impl.conn.DefaultHttpClientConnectionOperator -- Connecting to localhost/127.0.0.1:3000
23:07:53.283 [pool-2-thread-8] DEBUG org.apache.http.impl.conn.DefaultHttpClientConnectionOperator -- Connecting to localhost/127.0.0.1:3000
23:07:53.284 [pool-2-thread-8] DEBUG org.apache.http.impl.conn.DefaultHttpClientConnectionOperator -- Connection established 127.0.0.1:52768<->127.0.0.1:3000
23:07:53.284 [pool-2-thread-7] DEBUG org.apache.http.impl.conn.DefaultHttpClientConnectionOperator -- Connection established 127.0.0.1:52769<->127.0.0.1:3000
23:07:53.284 [pool-2-thread-7] DEBUG org.apache.http.impl.conn.DefaultManagedHttpClientConnection -- http-outgoing-103: set socket timeout to 30000
23:07:53.284 [pool-2-thread-8] DEBUG org.apache.http.impl.conn.DefaultManagedHttpClientConnection -- http-outgoing-102: set socket timeout to 30000
23:07:53.284 [pool-2-thread-8] DEBUG org.apache.http.impl.execchain.MainClientExec -- Executing request POST /auth/login HTTP/1.1
23:07:53.284 [pool-2-thread-7] DEBUG org.apache.http.impl.execchain.MainClientExec -- Executing request POST /auth/login HTTP/1.1
23:07:53.284 [pool-2-thread-8] DEBUG org.apache.http.impl.execchain.MainClientExec -- Target auth state: UNCHALLENGED
23:07:53.284 [pool-2-thread-7] DEBUG org.apache.http.impl.execchain.MainClientExec -- Target auth state: UNCHALLENGED
23:07:53.284 [pool-2-thread-8] DEBUG org.apache.http.impl.execchain.MainClientExec -- Proxy auth state: UNCHALLENGED
23:07:53.284 [pool-2-thread-7] DEBUG org.apache.http.impl.execchain.MainClientExec -- Proxy auth state: UNCHALLENGED
23:07:53.284 [pool-2-thread-8] DEBUG org.apache.http.headers -- http-outgoing-102 >> POST /auth/login HTTP/1.1
23:07:53.284 [pool-2-thread-8] DEBUG org.apache.http.headers -- http-outgoing-102 >> Content-Type: application/json; charset=UTF-8
23:07:53.284 [pool-2-thread-8] DEBUG org.apache.http.headers -- http-outgoing-102 >> Content-Length: 54
23:07:53.284 [pool-2-thread-7] DEBUG org.apache.http.headers -- http-outgoing-103 >> POST /auth/login HTTP/1.1
23:07:53.284 [pool-2-thread-8] DEBUG org.apache.http.headers -- http-outgoing-102 >> Host: localhost:3000
23:07:53.284 [pool-2-thread-8] DEBUG org.apache.http.headers -- http-outgoing-102 >> Connection: Keep-Alive
23:07:53.284 [pool-2-thread-8] DEBUG org.apache.http.headers -- http-outgoing-102 >> User-Agent: Apache-HttpClient/4.5.14 (Java/17.0.9)
23:07:53.284 [pool-2-thread-8] DEBUG org.apache.http.headers -- http-outgoing-102 >> Accept-Encoding: gzip,deflate
23:07:53.284 [pool-2-thread-7] DEBUG org.apache.http.headers -- http-outgoing-103 >> Content-Type: application/json; charset=UTF-8
23:07:53.284 [pool-2-thread-7] DEBUG org.apache.http.headers -- http-outgoing-103 >> Content-Length: 54
23:07:53.284 [pool-2-thread-7] DEBUG org.apache.http.headers -- http-outgoing-103 >> Host: localhost:3000
23:07:53.284 [pool-2-thread-7] DEBUG org.apache.http.headers -- http-outgoing-103 >> Connection: Keep-Alive
23:07:53.284 [pool-2-thread-7] DEBUG org.apache.http.headers -- http-outgoing-103 >> User-Agent: Apache-HttpClient/4.5.14 (Java/17.0.9)
23:07:53.284 [pool-2-thread-8] DEBUG org.apache.http.wire -- http-outgoing-102 >> "POST /auth/login HTTP/1.1[\r][\n]"
23:07:53.284 [pool-2-thread-7] DEBUG org.apache.http.headers -- http-outgoing-103 >> Accept-Encoding: gzip,deflate
23:07:53.284 [pool-2-thread-8] DEBUG org.apache.http.wire -- http-outgoing-102 >> "Content-Type: application/json; charset=UTF-8[\r][\n]"
23:07:53.284 [pool-2-thread-8] DEBUG org.apache.http.wire -- http-outgoing-102 >> "Content-Length: 54[\r][\n]"
23:07:53.284 [pool-2-thread-7] DEBUG org.apache.http.wire -- http-outgoing-103 >> "POST /auth/login HTTP/1.1[\r][\n]"
23:07:53.284 [pool-2-thread-8] DEBUG org.apache.http.wire -- http-outgoing-102 >> "Host: localhost:3000[\r][\n]"
23:07:53.284 [pool-2-thread-7] DEBUG org.apache.http.wire -- http-outgoing-103 >> "Content-Type: application/json; charset=UTF-8[\r][\n]"
23:07:53.284 [pool-2-thread-8] DEBUG org.apache.http.wire -- http-outgoing-102 >> "Connection: Keep-Alive[\r][\n]"
23:07:53.284 [pool-2-thread-7] DEBUG org.apache.http.wire -- http-outgoing-103 >> "Content-Length: 54[\r][\n]"
23:07:53.284 [pool-2-thread-8] DEBUG org.apache.http.wire -- http-outgoing-102 >> "User-Agent: Apache-HttpClient/4.5.14 (Java/17.0.9)[\r][\n]"
23:07:53.284 [pool-2-thread-7] DEBUG org.apache.http.wire -- http-outgoing-103 >> "Host: localhost:3000[\r][\n]"
23:07:53.284 [pool-2-thread-8] DEBUG org.apache.http.wire -- http-outgoing-102 >> "Accept-Encoding: gzip,deflate[\r][\n]"
23:07:53.284 [pool-2-thread-8] DEBUG org.apache.http.wire -- http-outgoing-102 >> "[\r][\n]"
23:07:53.284 [pool-2-thread-7] DEBUG org.apache.http.wire -- http-outgoing-103 >> "Connection: Keep-Alive[\r][\n]"
23:07:53.285 [pool-2-thread-8] DEBUG org.apache.http.wire -- http-outgoing-102 >> "{"email":"testit5@gmail.com","password":"Password123"}"
23:07:53.285 [pool-2-thread-7] DEBUG org.apache.http.wire -- http-outgoing-103 >> "User-Agent: Apache-HttpClient/4.5.14 (Java/17.0.9)[\r][\n]"
23:07:53.285 [pool-2-thread-7] DEBUG org.apache.http.wire -- http-outgoing-103 >> "Accept-Encoding: gzip,deflate[\r][\n]"
23:07:53.285 [pool-2-thread-7] DEBUG org.apache.http.wire -- http-outgoing-103 >> "[\r][\n]"
23:07:53.285 [pool-2-thread-7] DEBUG org.apache.http.wire -- http-outgoing-103 >> "{"email":"testit3@gmail.com","password":"Password123"}"
23:07:53.285 [pool-2-thread-20] DEBUG org.apache.http.wire -- http-outgoing-70 << "HTTP/1.1 200 OK[\r][\n]"
23:07:53.285 [pool-2-thread-20] DEBUG org.apache.http.wire -- http-outgoing-70 << "X-Powered-By: Express[\r][\n]"
23:07:53.285 [pool-2-thread-20] DEBUG org.apache.http.wire -- http-outgoing-70 << "Access-Control-Allow-Origin: *[\r][\n]"
23:07:53.285 [pool-2-thread-20] DEBUG org.apache.http.wire -- http-outgoing-70 << "Content-Type: application/json; charset=utf-8[\r][\n]"
23:07:53.285 [pool-2-thread-20] DEBUG org.apache.http.wire -- http-outgoing-70 << "Content-Length: 605[\r][\n]"
23:07:53.285 [pool-2-thread-20] DEBUG org.apache.http.wire -- http-outgoing-70 << "ETag: W/"25d-Ji2waoRn2NXbtK3e1bGNKOp+u5U"[\r][\n]"
23:07:53.285 [pool-2-thread-20] DEBUG org.apache.http.wire -- http-outgoing-70 << "Date: Sun, 22 Jun 2025 16:07:53 GMT[\r][\n]"
23:07:53.285 [pool-2-thread-20] DEBUG org.apache.http.wire -- http-outgoing-70 << "Connection: keep-alive[\r][\n]"
23:07:53.285 [pool-2-thread-20] DEBUG org.apache.http.wire -- http-outgoing-70 << "Keep-Alive: timeout=5[\r][\n]"
23:07:53.285 [pool-2-thread-20] DEBUG org.apache.http.wire -- http-outgoing-70 << "[\r][\n]"
23:07:53.285 [pool-2-thread-20] DEBUG org.apache.http.wire -- http-outgoing-70 << "{"access_token":"eyJhbGciOiJIUzI1NiIsInR5cCI6IkpXVCJ9.eyJzdWIiOiIwYTM3ZWY0My1mZWU4LTQxZDMtYTY4Ni04YWIwODY5NDg2OTUiLCJ1c2VybmFtZSI6ImpvaG5kb2UyMSIsInJvbGUiOjAsImlhdCI6MTc1MDYwODQ3MiwiZXhwIjoxNzUwNjEyMDcyfQ.DqW8bZmWSG0etw3dRcK2eME_mcMyePipChUuji9lPP8","refresh_token":"55ac08f208d59ba3c7f9d2dddcc33658330d4269498cd4a9a2ff0d1af9ae5c87","user":{"id":"0a37ef43-fee8-41d3-a686-8ab086948695","email":"testit2@gmail.com","username":"johndoe21","name":"John Doe","phoneNumber":"0123456712","profilePic":null,"bio":null,"private":false,"verified":false,"role":0,"followersCount":0,"followingCount":0,"postCount":0}}"
23:07:53.285 [pool-2-thread-20] DEBUG org.apache.http.headers -- http-outgoing-70 << HTTP/1.1 200 OK
23:07:53.285 [pool-2-thread-20] DEBUG org.apache.http.headers -- http-outgoing-70 << X-Powered-By: Express
23:07:53.285 [pool-2-thread-20] DEBUG org.apache.http.headers -- http-outgoing-70 << Access-Control-Allow-Origin: *
23:07:53.285 [pool-2-thread-20] DEBUG org.apache.http.headers -- http-outgoing-70 << Content-Type: application/json; charset=utf-8
23:07:53.285 [pool-2-thread-20] DEBUG org.apache.http.headers -- http-outgoing-70 << Content-Length: 605
23:07:53.285 [pool-2-thread-20] DEBUG org.apache.http.headers -- http-outgoing-70 << ETag: W/"25d-Ji2waoRn2NXbtK3e1bGNKOp+u5U"
23:07:53.285 [pool-2-thread-20] DEBUG org.apache.http.headers -- http-outgoing-70 << Date: Sun, 22 Jun 2025 16:07:53 GMT
23:07:53.285 [pool-2-thread-20] DEBUG org.apache.http.headers -- http-outgoing-70 << Connection: keep-alive
23:07:53.285 [pool-2-thread-20] DEBUG org.apache.http.headers -- http-outgoing-70 << Keep-Alive: timeout=5
23:07:53.285 [pool-2-thread-20] DEBUG org.apache.http.impl.execchain.MainClientExec -- Connection can be kept alive for 5000 MILLISECONDS
23:07:53.285 [pool-2-thread-20] DEBUG org.apache.http.impl.conn.PoolingHttpClientConnectionManager -- Connection [id: 70][route: {}->http://localhost:3000] can be kept alive for 5.0 seconds
23:07:53.285 [pool-2-thread-20] DEBUG org.apache.http.impl.conn.DefaultManagedHttpClientConnection -- http-outgoing-70: set socket timeout to 0
23:07:53.285 [pool-2-thread-20] DEBUG org.apache.http.impl.conn.PoolingHttpClientConnectionManager -- Connection released: [id: 70][route: {}->http://localhost:3000][total available: 1; route allocated: 1 of 5; total allocated: 1 of 10]
23:07:53.285 [pool-2-thread-20] DEBUG org.apache.http.impl.conn.PoolingHttpClientConnectionManager -- Connection manager is shutting down
23:07:53.285 [pool-2-thread-20] DEBUG org.apache.http.impl.conn.DefaultManagedHttpClientConnection -- http-outgoing-70: Close connection
23:07:53.285 [pool-2-thread-20] DEBUG org.apache.http.impl.conn.PoolingHttpClientConnectionManager -- Connection manager shut down
23:07:53.285 [pool-2-thread-20] DEBUG com.intuit.karate -- response time in milliseconds: 2884
3 < 200
3 < X-Powered-By: Express
3 < Access-Control-Allow-Origin: *
3 < Content-Type: application/json; charset=utf-8
3 < Content-Length: 605
3 < ETag: W/"25d-Ji2waoRn2NXbtK3e1bGNKOp+u5U"
3 < Date: Sun, 22 Jun 2025 16:07:53 GMT
3 < Connection: keep-alive
3 < Keep-Alive: timeout=5
{"access_token":"eyJhbGciOiJIUzI1NiIsInR5cCI6IkpXVCJ9.eyJzdWIiOiIwYTM3ZWY0My1mZWU4LTQxZDMtYTY4Ni04YWIwODY5NDg2OTUiLCJ1c2VybmFtZSI6ImpvaG5kb2UyMSIsInJvbGUiOjAsImlhdCI6MTc1MDYwODQ3MiwiZXhwIjoxNzUwNjEyMDcyfQ.DqW8bZmWSG0etw3dRcK2eME_mcMyePipChUuji9lPP8","refresh_token":"55ac08f208d59ba3c7f9d2dddcc33658330d4269498cd4a9a2ff0d1af9ae5c87","user":{"id":"0a37ef43-fee8-41d3-a686-8ab086948695","email":"testit2@gmail.com","username":"johndoe21","name":"John Doe","phoneNumber":"0123456712","profilePic":null,"bio":null,"private":false,"verified":false,"role":0,"followersCount":0,"followingCount":0,"postCount":0}}

23:07:53.288 [pool-2-thread-20] INFO com.intuit.karate -- [print] Call 3 completed, status: 200 
23:07:53.289 [pool-2-thread-20] INFO com.intuit.karate -- [print] *** API CALL 4 *** 
23:07:53.291 [pool-2-thread-20] DEBUG org.apache.http.client.protocol.RequestAddCookies -- CookieSpec selected: karate
23:07:53.291 [pool-2-thread-20] DEBUG org.apache.http.client.protocol.RequestAuthCache -- Auth cache not set in the context
23:07:53.291 [pool-2-thread-20] DEBUG com.intuit.karate -- request:
4 > POST http://localhost:3000/auth/login
4 > Content-Type: application/json; charset=UTF-8
4 > Content-Length: 54
4 > Host: localhost:3000
4 > Connection: Keep-Alive
4 > User-Agent: Apache-HttpClient/4.5.14 (Java/17.0.9)
4 > Accept-Encoding: gzip,deflate
{"email":"testit2@gmail.com","password":"Password123"}

23:07:53.291 [pool-2-thread-20] DEBUG org.apache.http.impl.conn.PoolingHttpClientConnectionManager -- Connection request: [route: {}->http://localhost:3000][total available: 0; route allocated: 0 of 5; total allocated: 0 of 10]
23:07:53.291 [pool-2-thread-20] DEBUG org.apache.http.impl.conn.PoolingHttpClientConnectionManager -- Connection leased: [id: 104][route: {}->http://localhost:3000][total available: 0; route allocated: 1 of 5; total allocated: 1 of 10]
23:07:53.291 [pool-2-thread-20] DEBUG org.apache.http.impl.execchain.MainClientExec -- Opening connection {}->http://localhost:3000
23:07:53.292 [pool-2-thread-20] DEBUG org.apache.http.impl.conn.DefaultHttpClientConnectionOperator -- Connecting to localhost/127.0.0.1:3000
23:07:53.292 [pool-2-thread-20] DEBUG org.apache.http.impl.conn.DefaultHttpClientConnectionOperator -- Connection established 127.0.0.1:52770<->127.0.0.1:3000
23:07:53.292 [pool-2-thread-20] DEBUG org.apache.http.impl.conn.DefaultManagedHttpClientConnection -- http-outgoing-104: set socket timeout to 30000
23:07:53.292 [pool-2-thread-20] DEBUG org.apache.http.impl.execchain.MainClientExec -- Executing request POST /auth/login HTTP/1.1
23:07:53.292 [pool-2-thread-20] DEBUG org.apache.http.impl.execchain.MainClientExec -- Target auth state: UNCHALLENGED
23:07:53.292 [pool-2-thread-20] DEBUG org.apache.http.impl.execchain.MainClientExec -- Proxy auth state: UNCHALLENGED
23:07:53.292 [pool-2-thread-20] DEBUG org.apache.http.headers -- http-outgoing-104 >> POST /auth/login HTTP/1.1
23:07:53.292 [pool-2-thread-20] DEBUG org.apache.http.headers -- http-outgoing-104 >> Content-Type: application/json; charset=UTF-8
23:07:53.292 [pool-2-thread-20] DEBUG org.apache.http.headers -- http-outgoing-104 >> Content-Length: 54
23:07:53.292 [pool-2-thread-20] DEBUG org.apache.http.headers -- http-outgoing-104 >> Host: localhost:3000
23:07:53.293 [pool-2-thread-20] DEBUG org.apache.http.headers -- http-outgoing-104 >> Connection: Keep-Alive
23:07:53.293 [pool-2-thread-20] DEBUG org.apache.http.headers -- http-outgoing-104 >> User-Agent: Apache-HttpClient/4.5.14 (Java/17.0.9)
23:07:53.293 [pool-2-thread-20] DEBUG org.apache.http.headers -- http-outgoing-104 >> Accept-Encoding: gzip,deflate
23:07:53.293 [pool-2-thread-20] DEBUG org.apache.http.wire -- http-outgoing-104 >> "POST /auth/login HTTP/1.1[\r][\n]"
23:07:53.293 [pool-2-thread-20] DEBUG org.apache.http.wire -- http-outgoing-104 >> "Content-Type: application/json; charset=UTF-8[\r][\n]"
23:07:53.293 [pool-2-thread-20] DEBUG org.apache.http.wire -- http-outgoing-104 >> "Content-Length: 54[\r][\n]"
23:07:53.293 [pool-2-thread-20] DEBUG org.apache.http.wire -- http-outgoing-104 >> "Host: localhost:3000[\r][\n]"
23:07:53.293 [pool-2-thread-20] DEBUG org.apache.http.wire -- http-outgoing-104 >> "Connection: Keep-Alive[\r][\n]"
23:07:53.293 [pool-2-thread-20] DEBUG org.apache.http.wire -- http-outgoing-104 >> "User-Agent: Apache-HttpClient/4.5.14 (Java/17.0.9)[\r][\n]"
23:07:53.293 [pool-2-thread-20] DEBUG org.apache.http.wire -- http-outgoing-104 >> "Accept-Encoding: gzip,deflate[\r][\n]"
23:07:53.293 [pool-2-thread-20] DEBUG org.apache.http.wire -- http-outgoing-104 >> "[\r][\n]"
23:07:53.293 [pool-2-thread-20] DEBUG org.apache.http.wire -- http-outgoing-104 >> "{"email":"testit2@gmail.com","password":"Password123"}"
23:07:53.437 [pool-2-thread-24] DEBUG org.apache.http.wire -- http-outgoing-85 << "HTTP/1.1 200 OK[\r][\n]"
23:07:53.437 [pool-2-thread-24] DEBUG org.apache.http.wire -- http-outgoing-85 << "X-Powered-By: Express[\r][\n]"
23:07:53.437 [pool-2-thread-24] DEBUG org.apache.http.wire -- http-outgoing-85 << "Access-Control-Allow-Origin: *[\r][\n]"
23:07:53.437 [pool-2-thread-24] DEBUG org.apache.http.wire -- http-outgoing-85 << "Content-Type: application/json; charset=utf-8[\r][\n]"
23:07:53.437 [pool-2-thread-24] DEBUG org.apache.http.wire -- http-outgoing-85 << "Content-Length: 608[\r][\n]"
23:07:53.437 [pool-2-thread-24] DEBUG org.apache.http.wire -- http-outgoing-85 << "ETag: W/"260-gbhzIoeIn09H4irn2UnkHjSZ2Mo"[\r][\n]"
23:07:53.437 [pool-2-thread-24] DEBUG org.apache.http.wire -- http-outgoing-85 << "Date: Sun, 22 Jun 2025 16:07:53 GMT[\r][\n]"
23:07:53.437 [pool-2-thread-24] DEBUG org.apache.http.wire -- http-outgoing-85 << "Connection: keep-alive[\r][\n]"
23:07:53.437 [pool-2-thread-24] DEBUG org.apache.http.wire -- http-outgoing-85 << "Keep-Alive: timeout=5[\r][\n]"
23:07:53.437 [pool-2-thread-24] DEBUG org.apache.http.wire -- http-outgoing-85 << "[\r][\n]"
23:07:53.437 [pool-2-thread-24] DEBUG org.apache.http.wire -- http-outgoing-85 << "{"access_token":"eyJhbGciOiJIUzI1NiIsInR5cCI6IkpXVCJ9.eyJzdWIiOiI4YTI0NzQ2MS01YzA0LTQyMWQtOThmNS1mYTljNzM0ZmFlYTUiLCJ1c2VybmFtZSI6ImphbmVzbWl0aCIsInJvbGUiOjAsImlhdCI6MTc1MDYwODQ3MywiZXhwIjoxNzUwNjEyMDczfQ.nsMKnlZKhSCO1qkyNm9Wq3zgw8KJKSvRpBDAMc1QiDQ","refresh_token":"0aa57cfc8031483427f96120dcf0f3dba99be098c6282aa907e69311b87c7f22","user":{"id":"8a247461-5c04-421d-98f5-fa9c734faea5","email":"test2@example.com","username":"janesmith","name":"Jane Smith","phoneNumber":"01234567890","profilePic":null,"bio":null,"private":false,"verified":false,"role":0,"followersCount":0,"followingCount":0,"postCount":0}}"
23:07:53.439 [pool-2-thread-24] DEBUG org.apache.http.headers -- http-outgoing-85 << HTTP/1.1 200 OK
23:07:53.439 [pool-2-thread-24] DEBUG org.apache.http.headers -- http-outgoing-85 << X-Powered-By: Express
23:07:53.439 [pool-2-thread-24] DEBUG org.apache.http.headers -- http-outgoing-85 << Access-Control-Allow-Origin: *
23:07:53.439 [pool-2-thread-24] DEBUG org.apache.http.headers -- http-outgoing-85 << Content-Type: application/json; charset=utf-8
23:07:53.439 [pool-2-thread-24] DEBUG org.apache.http.headers -- http-outgoing-85 << Content-Length: 608
23:07:53.439 [pool-2-thread-24] DEBUG org.apache.http.headers -- http-outgoing-85 << ETag: W/"260-gbhzIoeIn09H4irn2UnkHjSZ2Mo"
23:07:53.439 [pool-2-thread-24] DEBUG org.apache.http.headers -- http-outgoing-85 << Date: Sun, 22 Jun 2025 16:07:53 GMT
23:07:53.439 [pool-2-thread-24] DEBUG org.apache.http.headers -- http-outgoing-85 << Connection: keep-alive
23:07:53.439 [pool-2-thread-24] DEBUG org.apache.http.headers -- http-outgoing-85 << Keep-Alive: timeout=5
23:07:53.439 [pool-2-thread-24] DEBUG org.apache.http.impl.execchain.MainClientExec -- Connection can be kept alive for 5000 MILLISECONDS
23:07:53.439 [pool-2-thread-24] DEBUG org.apache.http.impl.conn.PoolingHttpClientConnectionManager -- Connection [id: 85][route: {}->http://localhost:3000] can be kept alive for 5.0 seconds
23:07:53.439 [pool-2-thread-24] DEBUG org.apache.http.impl.conn.DefaultManagedHttpClientConnection -- http-outgoing-85: set socket timeout to 0
23:07:53.439 [pool-2-thread-24] DEBUG org.apache.http.impl.conn.PoolingHttpClientConnectionManager -- Connection released: [id: 85][route: {}->http://localhost:3000][total available: 1; route allocated: 1 of 5; total allocated: 1 of 10]
23:07:53.439 [pool-2-thread-24] DEBUG org.apache.http.impl.conn.PoolingHttpClientConnectionManager -- Connection manager is shutting down
23:07:53.439 [pool-2-thread-24] DEBUG org.apache.http.impl.conn.DefaultManagedHttpClientConnection -- http-outgoing-85: Close connection
23:07:53.439 [pool-2-thread-24] DEBUG org.apache.http.impl.conn.PoolingHttpClientConnectionManager -- Connection manager shut down
23:07:53.439 [pool-2-thread-24] DEBUG com.intuit.karate -- response time in milliseconds: 1261
4 < 200
4 < X-Powered-By: Express
4 < Access-Control-Allow-Origin: *
4 < Content-Type: application/json; charset=utf-8
4 < Content-Length: 608
4 < ETag: W/"260-gbhzIoeIn09H4irn2UnkHjSZ2Mo"
4 < Date: Sun, 22 Jun 2025 16:07:53 GMT
4 < Connection: keep-alive
4 < Keep-Alive: timeout=5
{"access_token":"eyJhbGciOiJIUzI1NiIsInR5cCI6IkpXVCJ9.eyJzdWIiOiI4YTI0NzQ2MS01YzA0LTQyMWQtOThmNS1mYTljNzM0ZmFlYTUiLCJ1c2VybmFtZSI6ImphbmVzbWl0aCIsInJvbGUiOjAsImlhdCI6MTc1MDYwODQ3MywiZXhwIjoxNzUwNjEyMDczfQ.nsMKnlZKhSCO1qkyNm9Wq3zgw8KJKSvRpBDAMc1QiDQ","refresh_token":"0aa57cfc8031483427f96120dcf0f3dba99be098c6282aa907e69311b87c7f22","user":{"id":"8a247461-5c04-421d-98f5-fa9c734faea5","email":"test2@example.com","username":"janesmith","name":"Jane Smith","phoneNumber":"01234567890","profilePic":null,"bio":null,"private":false,"verified":false,"role":0,"followersCount":0,"followingCount":0,"postCount":0}}

23:07:53.441 [pool-2-thread-24] INFO com.intuit.karate -- [print] Call 4 completed, status: 200 
23:07:53.442 [pool-2-thread-24] INFO com.intuit.karate -- [print] *** API CALL 5 *** 
23:07:53.444 [pool-2-thread-24] DEBUG org.apache.http.client.protocol.RequestAddCookies -- CookieSpec selected: karate
23:07:53.444 [pool-2-thread-24] DEBUG org.apache.http.client.protocol.RequestAuthCache -- Auth cache not set in the context
23:07:53.444 [pool-2-thread-24] DEBUG com.intuit.karate -- request:
5 > POST http://localhost:3000/auth/login
5 > Content-Type: application/json; charset=UTF-8
5 > Content-Length: 54
5 > Host: localhost:3000
5 > Connection: Keep-Alive
5 > User-Agent: Apache-HttpClient/4.5.14 (Java/17.0.9)
5 > Accept-Encoding: gzip,deflate
{"email":"test2@example.com","password":"Password123"}

23:07:53.444 [pool-2-thread-24] DEBUG org.apache.http.impl.conn.PoolingHttpClientConnectionManager -- Connection request: [route: {}->http://localhost:3000][total available: 0; route allocated: 0 of 5; total allocated: 0 of 10]
23:07:53.444 [pool-2-thread-24] DEBUG org.apache.http.impl.conn.PoolingHttpClientConnectionManager -- Connection leased: [id: 105][route: {}->http://localhost:3000][total available: 0; route allocated: 1 of 5; total allocated: 1 of 10]
23:07:53.444 [pool-2-thread-24] DEBUG org.apache.http.impl.execchain.MainClientExec -- Opening connection {}->http://localhost:3000
23:07:53.445 [pool-2-thread-24] DEBUG org.apache.http.impl.conn.DefaultHttpClientConnectionOperator -- Connecting to localhost/127.0.0.1:3000
23:07:53.446 [pool-2-thread-24] DEBUG org.apache.http.impl.conn.DefaultHttpClientConnectionOperator -- Connection established 127.0.0.1:52771<->127.0.0.1:3000
23:07:53.446 [pool-2-thread-24] DEBUG org.apache.http.impl.conn.DefaultManagedHttpClientConnection -- http-outgoing-105: set socket timeout to 30000
23:07:53.446 [pool-2-thread-24] DEBUG org.apache.http.impl.execchain.MainClientExec -- Executing request POST /auth/login HTTP/1.1
23:07:53.446 [pool-2-thread-24] DEBUG org.apache.http.impl.execchain.MainClientExec -- Target auth state: UNCHALLENGED
23:07:53.446 [pool-2-thread-24] DEBUG org.apache.http.impl.execchain.MainClientExec -- Proxy auth state: UNCHALLENGED
23:07:53.446 [pool-2-thread-24] DEBUG org.apache.http.headers -- http-outgoing-105 >> POST /auth/login HTTP/1.1
23:07:53.446 [pool-2-thread-24] DEBUG org.apache.http.headers -- http-outgoing-105 >> Content-Type: application/json; charset=UTF-8
23:07:53.446 [pool-2-thread-24] DEBUG org.apache.http.headers -- http-outgoing-105 >> Content-Length: 54
23:07:53.446 [pool-2-thread-24] DEBUG org.apache.http.headers -- http-outgoing-105 >> Host: localhost:3000
23:07:53.446 [pool-2-thread-24] DEBUG org.apache.http.headers -- http-outgoing-105 >> Connection: Keep-Alive
23:07:53.446 [pool-2-thread-24] DEBUG org.apache.http.headers -- http-outgoing-105 >> User-Agent: Apache-HttpClient/4.5.14 (Java/17.0.9)
23:07:53.446 [pool-2-thread-24] DEBUG org.apache.http.headers -- http-outgoing-105 >> Accept-Encoding: gzip,deflate
23:07:53.446 [pool-2-thread-24] DEBUG org.apache.http.wire -- http-outgoing-105 >> "POST /auth/login HTTP/1.1[\r][\n]"
23:07:53.446 [pool-2-thread-24] DEBUG org.apache.http.wire -- http-outgoing-105 >> "Content-Type: application/json; charset=UTF-8[\r][\n]"
23:07:53.446 [pool-2-thread-24] DEBUG org.apache.http.wire -- http-outgoing-105 >> "Content-Length: 54[\r][\n]"
23:07:53.446 [pool-2-thread-24] DEBUG org.apache.http.wire -- http-outgoing-105 >> "Host: localhost:3000[\r][\n]"
23:07:53.446 [pool-2-thread-24] DEBUG org.apache.http.wire -- http-outgoing-105 >> "Connection: Keep-Alive[\r][\n]"
23:07:53.446 [pool-2-thread-24] DEBUG org.apache.http.wire -- http-outgoing-105 >> "User-Agent: Apache-HttpClient/4.5.14 (Java/17.0.9)[\r][\n]"
23:07:53.446 [pool-2-thread-24] DEBUG org.apache.http.wire -- http-outgoing-105 >> "Accept-Encoding: gzip,deflate[\r][\n]"
23:07:53.446 [pool-2-thread-24] DEBUG org.apache.http.wire -- http-outgoing-105 >> "[\r][\n]"
23:07:53.446 [pool-2-thread-24] DEBUG org.apache.http.wire -- http-outgoing-105 >> "{"email":"test2@example.com","password":"Password123"}"
23:07:54.155 [pool-2-thread-6] DEBUG org.apache.http.wire -- http-outgoing-86 << "HTTP/1.1 200 OK[\r][\n]"
23:07:54.155 [pool-2-thread-6] DEBUG org.apache.http.wire -- http-outgoing-86 << "X-Powered-By: Express[\r][\n]"
23:07:54.155 [pool-2-thread-6] DEBUG org.apache.http.wire -- http-outgoing-86 << "Access-Control-Allow-Origin: *[\r][\n]"
23:07:54.155 [pool-2-thread-6] DEBUG org.apache.http.wire -- http-outgoing-86 << "Content-Type: application/json; charset=utf-8[\r][\n]"
23:07:54.155 [pool-2-thread-6] DEBUG org.apache.http.wire -- http-outgoing-86 << "Content-Length: 607[\r][\n]"
23:07:54.155 [pool-2-thread-6] DEBUG org.apache.http.wire -- http-outgoing-86 << "ETag: W/"25f-Jc1vZzflRuu0Zx88R3Q5ArJJ+NI"[\r][\n]"
23:07:54.155 [pool-2-thread-6] DEBUG org.apache.http.wire -- http-outgoing-86 << "Date: Sun, 22 Jun 2025 16:07:54 GMT[\r][\n]"
23:07:54.155 [pool-2-thread-6] DEBUG org.apache.http.wire -- http-outgoing-86 << "Connection: keep-alive[\r][\n]"
23:07:54.155 [pool-2-thread-6] DEBUG org.apache.http.wire -- http-outgoing-86 << "Keep-Alive: timeout=5[\r][\n]"
23:07:54.155 [pool-2-thread-6] DEBUG org.apache.http.wire -- http-outgoing-86 << "[\r][\n]"
23:07:54.155 [pool-2-thread-6] DEBUG org.apache.http.wire -- http-outgoing-86 << "{"access_token":"eyJhbGciOiJIUzI1NiIsInR5cCI6IkpXVCJ9.eyJzdWIiOiI5YTI2OTc2Yy0xNTMyLTRkZjMtYTE2ZS03NjMxNTI1Yzg1MDIiLCJ1c2VybmFtZSI6ImpvaG5kb2UyZDUiLCJyb2xlIjowLCJpYXQiOjE3NTA2MDg0NzMsImV4cCI6MTc1MDYxMjA3M30.6Pij_iKdf3h3fZsG0TJs2vEFQJUSnp2aRv_OtUlaVvk","refresh_token":"5ee084aee4c3230ec40f68612d01025236f9f88e8f69ec4719cd1c99c53dcd26","user":{"id":"9a26976c-1532-4df3-a16e-7631525c8502","email":"testit4@gmail.com","username":"johndoe2d5","name":"John Doe","phoneNumber":"0123456212","profilePic":null,"bio":null,"private":false,"verified":false,"role":0,"followersCount":0,"followingCount":0,"postCount":0}}"
23:07:54.155 [pool-2-thread-6] DEBUG org.apache.http.headers -- http-outgoing-86 << HTTP/1.1 200 OK
23:07:54.155 [pool-2-thread-6] DEBUG org.apache.http.headers -- http-outgoing-86 << X-Powered-By: Express
23:07:54.155 [pool-2-thread-6] DEBUG org.apache.http.headers -- http-outgoing-86 << Access-Control-Allow-Origin: *
23:07:54.155 [pool-2-thread-6] DEBUG org.apache.http.headers -- http-outgoing-86 << Content-Type: application/json; charset=utf-8
23:07:54.155 [pool-2-thread-6] DEBUG org.apache.http.headers -- http-outgoing-86 << Content-Length: 607
23:07:54.155 [pool-2-thread-6] DEBUG org.apache.http.headers -- http-outgoing-86 << ETag: W/"25f-Jc1vZzflRuu0Zx88R3Q5ArJJ+NI"
23:07:54.155 [pool-2-thread-6] DEBUG org.apache.http.headers -- http-outgoing-86 << Date: Sun, 22 Jun 2025 16:07:54 GMT
23:07:54.155 [pool-2-thread-6] DEBUG org.apache.http.headers -- http-outgoing-86 << Connection: keep-alive
23:07:54.155 [pool-2-thread-6] DEBUG org.apache.http.headers -- http-outgoing-86 << Keep-Alive: timeout=5
23:07:54.155 [pool-2-thread-6] DEBUG org.apache.http.impl.execchain.MainClientExec -- Connection can be kept alive for 5000 MILLISECONDS
23:07:54.155 [pool-2-thread-6] DEBUG org.apache.http.impl.conn.PoolingHttpClientConnectionManager -- Connection [id: 86][route: {}->http://localhost:3000] can be kept alive for 5.0 seconds
23:07:54.155 [pool-2-thread-6] DEBUG org.apache.http.impl.conn.DefaultManagedHttpClientConnection -- http-outgoing-86: set socket timeout to 0
23:07:54.155 [pool-2-thread-6] DEBUG org.apache.http.impl.conn.PoolingHttpClientConnectionManager -- Connection released: [id: 86][route: {}->http://localhost:3000][total available: 1; route allocated: 1 of 5; total allocated: 1 of 10]
23:07:54.155 [pool-2-thread-6] DEBUG org.apache.http.impl.conn.PoolingHttpClientConnectionManager -- Connection manager is shutting down
23:07:54.155 [pool-2-thread-6] DEBUG org.apache.http.impl.conn.DefaultManagedHttpClientConnection -- http-outgoing-86: Close connection
23:07:54.155 [pool-2-thread-6] DEBUG org.apache.http.impl.conn.PoolingHttpClientConnectionManager -- Connection manager shut down
23:07:54.156 [pool-2-thread-6] DEBUG com.intuit.karate -- response time in milliseconds: 1976
4 < 200
4 < X-Powered-By: Express
4 < Access-Control-Allow-Origin: *
4 < Content-Type: application/json; charset=utf-8
4 < Content-Length: 607
4 < ETag: W/"25f-Jc1vZzflRuu0Zx88R3Q5ArJJ+NI"
4 < Date: Sun, 22 Jun 2025 16:07:54 GMT
4 < Connection: keep-alive
4 < Keep-Alive: timeout=5
{"access_token":"eyJhbGciOiJIUzI1NiIsInR5cCI6IkpXVCJ9.eyJzdWIiOiI5YTI2OTc2Yy0xNTMyLTRkZjMtYTE2ZS03NjMxNTI1Yzg1MDIiLCJ1c2VybmFtZSI6ImpvaG5kb2UyZDUiLCJyb2xlIjowLCJpYXQiOjE3NTA2MDg0NzMsImV4cCI6MTc1MDYxMjA3M30.6Pij_iKdf3h3fZsG0TJs2vEFQJUSnp2aRv_OtUlaVvk","refresh_token":"5ee084aee4c3230ec40f68612d01025236f9f88e8f69ec4719cd1c99c53dcd26","user":{"id":"9a26976c-1532-4df3-a16e-7631525c8502","email":"testit4@gmail.com","username":"johndoe2d5","name":"John Doe","phoneNumber":"0123456212","profilePic":null,"bio":null,"private":false,"verified":false,"role":0,"followersCount":0,"followingCount":0,"postCount":0}}

23:07:54.156 [pool-2-thread-6] INFO com.intuit.karate -- [print] Call 4 completed, status: 200 
23:07:54.157 [pool-2-thread-6] INFO com.intuit.karate -- [print] *** API CALL 5 *** 
23:07:54.159 [pool-2-thread-6] DEBUG org.apache.http.client.protocol.RequestAddCookies -- CookieSpec selected: karate
23:07:54.159 [pool-2-thread-6] DEBUG org.apache.http.client.protocol.RequestAuthCache -- Auth cache not set in the context
23:07:54.159 [pool-2-thread-6] DEBUG com.intuit.karate -- request:
5 > POST http://localhost:3000/auth/login
5 > Content-Type: application/json; charset=UTF-8
5 > Content-Length: 54
5 > Host: localhost:3000
5 > Connection: Keep-Alive
5 > User-Agent: Apache-HttpClient/4.5.14 (Java/17.0.9)
5 > Accept-Encoding: gzip,deflate
{"email":"testit4@gmail.com","password":"Password123"}

23:07:54.159 [pool-2-thread-6] DEBUG org.apache.http.impl.conn.PoolingHttpClientConnectionManager -- Connection request: [route: {}->http://localhost:3000][total available: 0; route allocated: 0 of 5; total allocated: 0 of 10]
23:07:54.159 [pool-2-thread-6] DEBUG org.apache.http.impl.conn.PoolingHttpClientConnectionManager -- Connection leased: [id: 106][route: {}->http://localhost:3000][total available: 0; route allocated: 1 of 5; total allocated: 1 of 10]
23:07:54.159 [pool-2-thread-6] DEBUG org.apache.http.impl.execchain.MainClientExec -- Opening connection {}->http://localhost:3000
23:07:54.159 [pool-2-thread-6] DEBUG org.apache.http.impl.conn.DefaultHttpClientConnectionOperator -- Connecting to localhost/127.0.0.1:3000
23:07:54.159 [pool-2-thread-6] DEBUG org.apache.http.impl.conn.DefaultHttpClientConnectionOperator -- Connection established 127.0.0.1:52772<->127.0.0.1:3000
23:07:54.159 [pool-2-thread-6] DEBUG org.apache.http.impl.conn.DefaultManagedHttpClientConnection -- http-outgoing-106: set socket timeout to 30000
23:07:54.159 [pool-2-thread-6] DEBUG org.apache.http.impl.execchain.MainClientExec -- Executing request POST /auth/login HTTP/1.1
23:07:54.159 [pool-2-thread-6] DEBUG org.apache.http.impl.execchain.MainClientExec -- Target auth state: UNCHALLENGED
23:07:54.159 [pool-2-thread-6] DEBUG org.apache.http.impl.execchain.MainClientExec -- Proxy auth state: UNCHALLENGED
23:07:54.159 [pool-2-thread-6] DEBUG org.apache.http.headers -- http-outgoing-106 >> POST /auth/login HTTP/1.1
23:07:54.159 [pool-2-thread-6] DEBUG org.apache.http.headers -- http-outgoing-106 >> Content-Type: application/json; charset=UTF-8
23:07:54.159 [pool-2-thread-6] DEBUG org.apache.http.headers -- http-outgoing-106 >> Content-Length: 54
23:07:54.159 [pool-2-thread-6] DEBUG org.apache.http.headers -- http-outgoing-106 >> Host: localhost:3000
23:07:54.159 [pool-2-thread-6] DEBUG org.apache.http.headers -- http-outgoing-106 >> Connection: Keep-Alive
23:07:54.159 [pool-2-thread-6] DEBUG org.apache.http.headers -- http-outgoing-106 >> User-Agent: Apache-HttpClient/4.5.14 (Java/17.0.9)
23:07:54.159 [pool-2-thread-6] DEBUG org.apache.http.headers -- http-outgoing-106 >> Accept-Encoding: gzip,deflate
23:07:54.159 [pool-2-thread-6] DEBUG org.apache.http.wire -- http-outgoing-106 >> "POST /auth/login HTTP/1.1[\r][\n]"
23:07:54.159 [pool-2-thread-6] DEBUG org.apache.http.wire -- http-outgoing-106 >> "Content-Type: application/json; charset=UTF-8[\r][\n]"
23:07:54.159 [pool-2-thread-6] DEBUG org.apache.http.wire -- http-outgoing-106 >> "Content-Length: 54[\r][\n]"
23:07:54.159 [pool-2-thread-6] DEBUG org.apache.http.wire -- http-outgoing-106 >> "Host: localhost:3000[\r][\n]"
23:07:54.159 [pool-2-thread-6] DEBUG org.apache.http.wire -- http-outgoing-106 >> "Connection: Keep-Alive[\r][\n]"
23:07:54.159 [pool-2-thread-6] DEBUG org.apache.http.wire -- http-outgoing-106 >> "User-Agent: Apache-HttpClient/4.5.14 (Java/17.0.9)[\r][\n]"
23:07:54.159 [pool-2-thread-6] DEBUG org.apache.http.wire -- http-outgoing-106 >> "Accept-Encoding: gzip,deflate[\r][\n]"
23:07:54.159 [pool-2-thread-6] DEBUG org.apache.http.wire -- http-outgoing-106 >> "[\r][\n]"
23:07:54.159 [pool-2-thread-6] DEBUG org.apache.http.wire -- http-outgoing-106 >> "{"email":"testit4@gmail.com","password":"Password123"}"
23:07:54.202 [pool-2-thread-3] DEBUG org.apache.http.wire -- http-outgoing-87 << "HTTP/1.1 200 OK[\r][\n]"
23:07:54.202 [pool-2-thread-3] DEBUG org.apache.http.wire -- http-outgoing-87 << "X-Powered-By: Express[\r][\n]"
23:07:54.202 [pool-2-thread-3] DEBUG org.apache.http.wire -- http-outgoing-87 << "Access-Control-Allow-Origin: *[\r][\n]"
23:07:54.202 [pool-2-thread-3] DEBUG org.apache.http.wire -- http-outgoing-87 << "Content-Type: application/json; charset=utf-8[\r][\n]"
23:07:54.202 [pool-2-thread-3] DEBUG org.apache.http.wire -- http-outgoing-87 << "Content-Length: 599[\r][\n]"
23:07:54.202 [pool-2-thread-3] DEBUG org.apache.http.wire -- http-outgoing-87 << "ETag: W/"257-BnrRFdH2cfZWJaOzgNazoVGJHSc"[\r][\n]"
23:07:54.202 [pool-2-thread-3] DEBUG org.apache.http.wire -- http-outgoing-87 << "Date: Sun, 22 Jun 2025 16:07:54 GMT[\r][\n]"
23:07:54.202 [pool-2-thread-3] DEBUG org.apache.http.wire -- http-outgoing-87 << "Connection: keep-alive[\r][\n]"
23:07:54.202 [pool-2-thread-3] DEBUG org.apache.http.wire -- http-outgoing-87 << "Keep-Alive: timeout=5[\r][\n]"
23:07:54.202 [pool-2-thread-3] DEBUG org.apache.http.wire -- http-outgoing-87 << "[\r][\n]"
23:07:54.202 [pool-2-thread-3] DEBUG org.apache.http.wire -- http-outgoing-87 << "{"access_token":"eyJhbGciOiJIUzI1NiIsInR5cCI6IkpXVCJ9.eyJzdWIiOiIyZGRhMDQzOS01MTgwLTQ1YWEtOTE3Zi1lNjMyZTQ1YThlNDEiLCJ1c2VybmFtZSI6ImpvaG5kb2UiLCJyb2xlIjowLCJpYXQiOjE3NTA2MDg0NzMsImV4cCI6MTc1MDYxMjA3M30.IAB7kQJTUnxB7api650RgeHoF8WgLDlOLWU9qg8oRb4","refresh_token":"84a1f7a254692bd982b726a1a20f9ff474c6ba52b379cf17c6155e5003c9fcd4","user":{"id":"2dda0439-5180-45aa-917f-e632e45a8e41","email":"test@example.com","username":"johndoe","name":"John Doe","phoneNumber":"0987654321","profilePic":null,"bio":null,"private":false,"verified":false,"role":0,"followersCount":0,"followingCount":0,"postCount":0}}"
23:07:54.202 [pool-2-thread-3] DEBUG org.apache.http.headers -- http-outgoing-87 << HTTP/1.1 200 OK
23:07:54.202 [pool-2-thread-3] DEBUG org.apache.http.headers -- http-outgoing-87 << X-Powered-By: Express
23:07:54.202 [pool-2-thread-3] DEBUG org.apache.http.headers -- http-outgoing-87 << Access-Control-Allow-Origin: *
23:07:54.202 [pool-2-thread-3] DEBUG org.apache.http.headers -- http-outgoing-87 << Content-Type: application/json; charset=utf-8
23:07:54.202 [pool-2-thread-3] DEBUG org.apache.http.headers -- http-outgoing-87 << Content-Length: 599
23:07:54.202 [pool-2-thread-3] DEBUG org.apache.http.headers -- http-outgoing-87 << ETag: W/"257-BnrRFdH2cfZWJaOzgNazoVGJHSc"
23:07:54.202 [pool-2-thread-3] DEBUG org.apache.http.headers -- http-outgoing-87 << Date: Sun, 22 Jun 2025 16:07:54 GMT
23:07:54.202 [pool-2-thread-3] DEBUG org.apache.http.headers -- http-outgoing-87 << Connection: keep-alive
23:07:54.202 [pool-2-thread-3] DEBUG org.apache.http.headers -- http-outgoing-87 << Keep-Alive: timeout=5
23:07:54.202 [pool-2-thread-3] DEBUG org.apache.http.impl.execchain.MainClientExec -- Connection can be kept alive for 5000 MILLISECONDS
23:07:54.203 [pool-2-thread-3] DEBUG org.apache.http.impl.conn.PoolingHttpClientConnectionManager -- Connection [id: 87][route: {}->http://localhost:3000] can be kept alive for 5.0 seconds
23:07:54.203 [pool-2-thread-3] DEBUG org.apache.http.impl.conn.DefaultManagedHttpClientConnection -- http-outgoing-87: set socket timeout to 0
23:07:54.203 [pool-2-thread-3] DEBUG org.apache.http.impl.conn.PoolingHttpClientConnectionManager -- Connection released: [id: 87][route: {}->http://localhost:3000][total available: 1; route allocated: 1 of 5; total allocated: 1 of 10]
23:07:54.203 [pool-2-thread-3] DEBUG org.apache.http.impl.conn.PoolingHttpClientConnectionManager -- Connection manager is shutting down
23:07:54.203 [pool-2-thread-3] DEBUG org.apache.http.impl.conn.DefaultManagedHttpClientConnection -- http-outgoing-87: Close connection
23:07:54.203 [pool-2-thread-3] DEBUG org.apache.http.impl.conn.PoolingHttpClientConnectionManager -- Connection manager shut down
23:07:54.203 [pool-2-thread-3] DEBUG com.intuit.karate -- response time in milliseconds: 1977
4 < 200
4 < X-Powered-By: Express
4 < Access-Control-Allow-Origin: *
4 < Content-Type: application/json; charset=utf-8
4 < Content-Length: 599
4 < ETag: W/"257-BnrRFdH2cfZWJaOzgNazoVGJHSc"
4 < Date: Sun, 22 Jun 2025 16:07:54 GMT
4 < Connection: keep-alive
4 < Keep-Alive: timeout=5
{"access_token":"eyJhbGciOiJIUzI1NiIsInR5cCI6IkpXVCJ9.eyJzdWIiOiIyZGRhMDQzOS01MTgwLTQ1YWEtOTE3Zi1lNjMyZTQ1YThlNDEiLCJ1c2VybmFtZSI6ImpvaG5kb2UiLCJyb2xlIjowLCJpYXQiOjE3NTA2MDg0NzMsImV4cCI6MTc1MDYxMjA3M30.IAB7kQJTUnxB7api650RgeHoF8WgLDlOLWU9qg8oRb4","refresh_token":"84a1f7a254692bd982b726a1a20f9ff474c6ba52b379cf17c6155e5003c9fcd4","user":{"id":"2dda0439-5180-45aa-917f-e632e45a8e41","email":"test@example.com","username":"johndoe","name":"John Doe","phoneNumber":"0987654321","profilePic":null,"bio":null,"private":false,"verified":false,"role":0,"followersCount":0,"followingCount":0,"postCount":0}}

23:07:54.204 [pool-2-thread-3] INFO com.intuit.karate -- [print] Call 4 completed, status: 200 
23:07:54.204 [pool-2-thread-3] INFO com.intuit.karate -- [print] *** API CALL 5 *** 
23:07:54.205 [pool-2-thread-3] DEBUG org.apache.http.client.protocol.RequestAddCookies -- CookieSpec selected: karate
23:07:54.205 [pool-2-thread-3] DEBUG org.apache.http.client.protocol.RequestAuthCache -- Auth cache not set in the context
23:07:54.205 [pool-2-thread-3] DEBUG com.intuit.karate -- request:
5 > POST http://localhost:3000/auth/login
5 > Content-Type: application/json; charset=UTF-8
5 > Content-Length: 53
5 > Host: localhost:3000
5 > Connection: Keep-Alive
5 > User-Agent: Apache-HttpClient/4.5.14 (Java/17.0.9)
5 > Accept-Encoding: gzip,deflate
{"email":"test@example.com","password":"Password123"}

23:07:54.205 [pool-2-thread-3] DEBUG org.apache.http.impl.conn.PoolingHttpClientConnectionManager -- Connection request: [route: {}->http://localhost:3000][total available: 0; route allocated: 0 of 5; total allocated: 0 of 10]
23:07:54.205 [pool-2-thread-3] DEBUG org.apache.http.impl.conn.PoolingHttpClientConnectionManager -- Connection leased: [id: 107][route: {}->http://localhost:3000][total available: 0; route allocated: 1 of 5; total allocated: 1 of 10]
23:07:54.205 [pool-2-thread-3] DEBUG org.apache.http.impl.execchain.MainClientExec -- Opening connection {}->http://localhost:3000
23:07:54.205 [pool-2-thread-3] DEBUG org.apache.http.impl.conn.DefaultHttpClientConnectionOperator -- Connecting to localhost/127.0.0.1:3000
23:07:54.206 [pool-2-thread-3] DEBUG org.apache.http.impl.conn.DefaultHttpClientConnectionOperator -- Connection established 127.0.0.1:52773<->127.0.0.1:3000
23:07:54.206 [pool-2-thread-3] DEBUG org.apache.http.impl.conn.DefaultManagedHttpClientConnection -- http-outgoing-107: set socket timeout to 30000
23:07:54.206 [pool-2-thread-3] DEBUG org.apache.http.impl.execchain.MainClientExec -- Executing request POST /auth/login HTTP/1.1
23:07:54.206 [pool-2-thread-3] DEBUG org.apache.http.impl.execchain.MainClientExec -- Target auth state: UNCHALLENGED
23:07:54.206 [pool-2-thread-3] DEBUG org.apache.http.impl.execchain.MainClientExec -- Proxy auth state: UNCHALLENGED
23:07:54.206 [pool-2-thread-3] DEBUG org.apache.http.headers -- http-outgoing-107 >> POST /auth/login HTTP/1.1
23:07:54.206 [pool-2-thread-3] DEBUG org.apache.http.headers -- http-outgoing-107 >> Content-Type: application/json; charset=UTF-8
23:07:54.206 [pool-2-thread-3] DEBUG org.apache.http.headers -- http-outgoing-107 >> Content-Length: 53
23:07:54.206 [pool-2-thread-3] DEBUG org.apache.http.headers -- http-outgoing-107 >> Host: localhost:3000
23:07:54.206 [pool-2-thread-3] DEBUG org.apache.http.headers -- http-outgoing-107 >> Connection: Keep-Alive
23:07:54.206 [pool-2-thread-3] DEBUG org.apache.http.headers -- http-outgoing-107 >> User-Agent: Apache-HttpClient/4.5.14 (Java/17.0.9)
23:07:54.206 [pool-2-thread-3] DEBUG org.apache.http.headers -- http-outgoing-107 >> Accept-Encoding: gzip,deflate
23:07:54.206 [pool-2-thread-3] DEBUG org.apache.http.wire -- http-outgoing-107 >> "POST /auth/login HTTP/1.1[\r][\n]"
23:07:54.206 [pool-2-thread-3] DEBUG org.apache.http.wire -- http-outgoing-107 >> "Content-Type: application/json; charset=UTF-8[\r][\n]"
23:07:54.206 [pool-2-thread-3] DEBUG org.apache.http.wire -- http-outgoing-107 >> "Content-Length: 53[\r][\n]"
23:07:54.206 [pool-2-thread-3] DEBUG org.apache.http.wire -- http-outgoing-107 >> "Host: localhost:3000[\r][\n]"
23:07:54.206 [pool-2-thread-3] DEBUG org.apache.http.wire -- http-outgoing-107 >> "Connection: Keep-Alive[\r][\n]"
23:07:54.206 [pool-2-thread-3] DEBUG org.apache.http.wire -- http-outgoing-107 >> "User-Agent: Apache-HttpClient/4.5.14 (Java/17.0.9)[\r][\n]"
23:07:54.206 [pool-2-thread-3] DEBUG org.apache.http.wire -- http-outgoing-107 >> "Accept-Encoding: gzip,deflate[\r][\n]"
23:07:54.206 [pool-2-thread-3] DEBUG org.apache.http.wire -- http-outgoing-107 >> "[\r][\n]"
23:07:54.206 [pool-2-thread-3] DEBUG org.apache.http.wire -- http-outgoing-107 >> "{"email":"test@example.com","password":"Password123"}"
23:07:54.234 [pool-2-thread-28] DEBUG org.apache.http.wire -- http-outgoing-72 << "HTTP/1.1 200 OK[\r][\n]"
23:07:54.234 [pool-2-thread-28] DEBUG org.apache.http.wire -- http-outgoing-72 << "X-Powered-By: Express[\r][\n]"
23:07:54.234 [pool-2-thread-28] DEBUG org.apache.http.wire -- http-outgoing-72 << "Access-Control-Allow-Origin: *[\r][\n]"
23:07:54.234 [pool-2-thread-28] DEBUG org.apache.http.wire -- http-outgoing-72 << "Content-Type: application/json; charset=utf-8[\r][\n]"
23:07:54.234 [pool-2-thread-28] DEBUG org.apache.http.wire -- http-outgoing-72 << "Content-Length: 609[\r][\n]"
23:07:54.234 [pool-2-thread-28] DEBUG org.apache.http.wire -- http-outgoing-72 << "ETag: W/"261-iwFj4sZDrfsAuH3dp81dI2Op/X0"[\r][\n]"
23:07:54.234 [pool-2-thread-28] DEBUG org.apache.http.wire -- http-outgoing-72 << "Date: Sun, 22 Jun 2025 16:07:54 GMT[\r][\n]"
23:07:54.234 [pool-2-thread-28] DEBUG org.apache.http.wire -- http-outgoing-72 << "Connection: keep-alive[\r][\n]"
23:07:54.234 [pool-2-thread-28] DEBUG org.apache.http.wire -- http-outgoing-72 << "Keep-Alive: timeout=5[\r][\n]"
23:07:54.234 [pool-2-thread-28] DEBUG org.apache.http.wire -- http-outgoing-72 << "[\r][\n]"
23:07:54.234 [pool-2-thread-28] DEBUG org.apache.http.wire -- http-outgoing-72 << "{"access_token":"eyJhbGciOiJIUzI1NiIsInR5cCI6IkpXVCJ9.eyJzdWIiOiIyNzJmNmI1NS01MTc5LTRhZTMtODU2My1iNGVjMTBmNzY3MTUiLCJ1c2VybmFtZSI6ImpvaG5kb2UyZDVkIiwicm9sZSI6MCwiaWF0IjoxNzUwNjA4NDczLCJleHAiOjE3NTA2MTIwNzN9.I6LOtgDECX_l4nn2zEASh3uRdS_F_mHOdn0Nyva1W7Y","refresh_token":"5463ed1f9b79756258df53d168e5a284be6b0007b404eecfca5c077e8607874d","user":{"id":"272f6b55-5179-4ae3-8563-b4ec10f76715","email":"testit5@gmail.com","username":"johndoe2d5d","name":"John Doe","phoneNumber":"0123456132","profilePic":null,"bio":null,"private":false,"verified":false,"role":0,"followersCount":0,"followingCount":0,"postCount":0}}"
23:07:54.234 [pool-2-thread-28] DEBUG org.apache.http.headers -- http-outgoing-72 << HTTP/1.1 200 OK
23:07:54.234 [pool-2-thread-28] DEBUG org.apache.http.headers -- http-outgoing-72 << X-Powered-By: Express
23:07:54.234 [pool-2-thread-28] DEBUG org.apache.http.headers -- http-outgoing-72 << Access-Control-Allow-Origin: *
23:07:54.234 [pool-2-thread-28] DEBUG org.apache.http.headers -- http-outgoing-72 << Content-Type: application/json; charset=utf-8
23:07:54.234 [pool-2-thread-28] DEBUG org.apache.http.headers -- http-outgoing-72 << Content-Length: 609
23:07:54.234 [pool-2-thread-28] DEBUG org.apache.http.headers -- http-outgoing-72 << ETag: W/"261-iwFj4sZDrfsAuH3dp81dI2Op/X0"
23:07:54.234 [pool-2-thread-28] DEBUG org.apache.http.headers -- http-outgoing-72 << Date: Sun, 22 Jun 2025 16:07:54 GMT
23:07:54.234 [pool-2-thread-28] DEBUG org.apache.http.headers -- http-outgoing-72 << Connection: keep-alive
23:07:54.234 [pool-2-thread-28] DEBUG org.apache.http.headers -- http-outgoing-72 << Keep-Alive: timeout=5
23:07:54.234 [pool-2-thread-28] DEBUG org.apache.http.impl.execchain.MainClientExec -- Connection can be kept alive for 5000 MILLISECONDS
23:07:54.234 [pool-2-thread-28] DEBUG org.apache.http.impl.conn.PoolingHttpClientConnectionManager -- Connection [id: 72][route: {}->http://localhost:3000] can be kept alive for 5.0 seconds
23:07:54.234 [pool-2-thread-28] DEBUG org.apache.http.impl.conn.DefaultManagedHttpClientConnection -- http-outgoing-72: set socket timeout to 0
23:07:54.234 [pool-2-thread-28] DEBUG org.apache.http.impl.conn.PoolingHttpClientConnectionManager -- Connection released: [id: 72][route: {}->http://localhost:3000][total available: 1; route allocated: 1 of 5; total allocated: 1 of 10]
23:07:54.234 [pool-2-thread-28] DEBUG org.apache.http.impl.conn.PoolingHttpClientConnectionManager -- Connection manager is shutting down
23:07:54.234 [pool-2-thread-28] DEBUG org.apache.http.impl.conn.DefaultManagedHttpClientConnection -- http-outgoing-72: Close connection
23:07:54.235 [pool-2-thread-28] DEBUG org.apache.http.impl.conn.PoolingHttpClientConnectionManager -- Connection manager shut down
23:07:54.235 [pool-2-thread-28] DEBUG com.intuit.karate -- response time in milliseconds: 3825
3 < 200
3 < X-Powered-By: Express
3 < Access-Control-Allow-Origin: *
3 < Content-Type: application/json; charset=utf-8
3 < Content-Length: 609
3 < ETag: W/"261-iwFj4sZDrfsAuH3dp81dI2Op/X0"
3 < Date: Sun, 22 Jun 2025 16:07:54 GMT
3 < Connection: keep-alive
3 < Keep-Alive: timeout=5
{"access_token":"eyJhbGciOiJIUzI1NiIsInR5cCI6IkpXVCJ9.eyJzdWIiOiIyNzJmNmI1NS01MTc5LTRhZTMtODU2My1iNGVjMTBmNzY3MTUiLCJ1c2VybmFtZSI6ImpvaG5kb2UyZDVkIiwicm9sZSI6MCwiaWF0IjoxNzUwNjA4NDczLCJleHAiOjE3NTA2MTIwNzN9.I6LOtgDECX_l4nn2zEASh3uRdS_F_mHOdn0Nyva1W7Y","refresh_token":"5463ed1f9b79756258df53d168e5a284be6b0007b404eecfca5c077e8607874d","user":{"id":"272f6b55-5179-4ae3-8563-b4ec10f76715","email":"testit5@gmail.com","username":"johndoe2d5d","name":"John Doe","phoneNumber":"0123456132","profilePic":null,"bio":null,"private":false,"verified":false,"role":0,"followersCount":0,"followingCount":0,"postCount":0}}

23:07:54.237 [pool-2-thread-28] INFO com.intuit.karate -- [print] Call 3 completed, status: 200 
23:07:54.238 [pool-2-thread-28] INFO com.intuit.karate -- [print] *** API CALL 4 *** 
23:07:54.240 [pool-2-thread-28] DEBUG org.apache.http.client.protocol.RequestAddCookies -- CookieSpec selected: karate
23:07:54.240 [pool-2-thread-28] DEBUG org.apache.http.client.protocol.RequestAuthCache -- Auth cache not set in the context
23:07:54.240 [pool-2-thread-28] DEBUG com.intuit.karate -- request:
4 > POST http://localhost:3000/auth/login
4 > Content-Type: application/json; charset=UTF-8
4 > Content-Length: 54
4 > Host: localhost:3000
4 > Connection: Keep-Alive
4 > User-Agent: Apache-HttpClient/4.5.14 (Java/17.0.9)
4 > Accept-Encoding: gzip,deflate
{"email":"testit5@gmail.com","password":"Password123"}

23:07:54.240 [pool-2-thread-28] DEBUG org.apache.http.impl.conn.PoolingHttpClientConnectionManager -- Connection request: [route: {}->http://localhost:3000][total available: 0; route allocated: 0 of 5; total allocated: 0 of 10]
23:07:54.240 [pool-2-thread-28] DEBUG org.apache.http.impl.conn.PoolingHttpClientConnectionManager -- Connection leased: [id: 108][route: {}->http://localhost:3000][total available: 0; route allocated: 1 of 5; total allocated: 1 of 10]
23:07:54.240 [pool-2-thread-28] DEBUG org.apache.http.impl.execchain.MainClientExec -- Opening connection {}->http://localhost:3000
23:07:54.242 [pool-2-thread-28] DEBUG org.apache.http.impl.conn.DefaultHttpClientConnectionOperator -- Connecting to localhost/127.0.0.1:3000
23:07:54.242 [pool-2-thread-28] DEBUG org.apache.http.impl.conn.DefaultHttpClientConnectionOperator -- Connection established 127.0.0.1:52774<->127.0.0.1:3000
23:07:54.242 [pool-2-thread-28] DEBUG org.apache.http.impl.conn.DefaultManagedHttpClientConnection -- http-outgoing-108: set socket timeout to 30000
23:07:54.242 [pool-2-thread-28] DEBUG org.apache.http.impl.execchain.MainClientExec -- Executing request POST /auth/login HTTP/1.1
23:07:54.242 [pool-2-thread-28] DEBUG org.apache.http.impl.execchain.MainClientExec -- Target auth state: UNCHALLENGED
23:07:54.242 [pool-2-thread-28] DEBUG org.apache.http.impl.execchain.MainClientExec -- Proxy auth state: UNCHALLENGED
23:07:54.242 [pool-2-thread-28] DEBUG org.apache.http.headers -- http-outgoing-108 >> POST /auth/login HTTP/1.1
23:07:54.242 [pool-2-thread-28] DEBUG org.apache.http.headers -- http-outgoing-108 >> Content-Type: application/json; charset=UTF-8
23:07:54.242 [pool-2-thread-28] DEBUG org.apache.http.headers -- http-outgoing-108 >> Content-Length: 54
23:07:54.242 [pool-2-thread-28] DEBUG org.apache.http.headers -- http-outgoing-108 >> Host: localhost:3000
23:07:54.242 [pool-2-thread-28] DEBUG org.apache.http.headers -- http-outgoing-108 >> Connection: Keep-Alive
23:07:54.242 [pool-2-thread-28] DEBUG org.apache.http.headers -- http-outgoing-108 >> User-Agent: Apache-HttpClient/4.5.14 (Java/17.0.9)
23:07:54.242 [pool-2-thread-28] DEBUG org.apache.http.headers -- http-outgoing-108 >> Accept-Encoding: gzip,deflate
23:07:54.242 [pool-2-thread-28] DEBUG org.apache.http.wire -- http-outgoing-108 >> "POST /auth/login HTTP/1.1[\r][\n]"
23:07:54.242 [pool-2-thread-28] DEBUG org.apache.http.wire -- http-outgoing-108 >> "Content-Type: application/json; charset=UTF-8[\r][\n]"
23:07:54.242 [pool-2-thread-28] DEBUG org.apache.http.wire -- http-outgoing-108 >> "Content-Length: 54[\r][\n]"
23:07:54.242 [pool-2-thread-28] DEBUG org.apache.http.wire -- http-outgoing-108 >> "Host: localhost:3000[\r][\n]"
23:07:54.242 [pool-2-thread-28] DEBUG org.apache.http.wire -- http-outgoing-108 >> "Connection: Keep-Alive[\r][\n]"
23:07:54.242 [pool-2-thread-28] DEBUG org.apache.http.wire -- http-outgoing-108 >> "User-Agent: Apache-HttpClient/4.5.14 (Java/17.0.9)[\r][\n]"
23:07:54.242 [pool-2-thread-28] DEBUG org.apache.http.wire -- http-outgoing-108 >> "Accept-Encoding: gzip,deflate[\r][\n]"
23:07:54.242 [pool-2-thread-28] DEBUG org.apache.http.wire -- http-outgoing-108 >> "[\r][\n]"
23:07:54.242 [pool-2-thread-28] DEBUG org.apache.http.wire -- http-outgoing-108 >> "{"email":"testit5@gmail.com","password":"Password123"}"
23:07:54.245 [pool-2-thread-27] DEBUG org.apache.http.wire -- http-outgoing-71 << "HTTP/1.1 200 OK[\r][\n]"
23:07:54.245 [pool-2-thread-27] DEBUG org.apache.http.wire -- http-outgoing-71 << "X-Powered-By: Express[\r][\n]"
23:07:54.245 [pool-2-thread-27] DEBUG org.apache.http.wire -- http-outgoing-71 << "Access-Control-Allow-Origin: *[\r][\n]"
23:07:54.245 [pool-2-thread-27] DEBUG org.apache.http.wire -- http-outgoing-71 << "Content-Type: application/json; charset=utf-8[\r][\n]"
23:07:54.245 [pool-2-thread-27] DEBUG org.apache.http.wire -- http-outgoing-71 << "Content-Length: 605[\r][\n]"
23:07:54.245 [pool-2-thread-27] DEBUG org.apache.http.wire -- http-outgoing-71 << "ETag: W/"25d-5BPkOof2mMreCsrqQJjukRfaozI"[\r][\n]"
23:07:54.245 [pool-2-thread-27] DEBUG org.apache.http.wire -- http-outgoing-71 << "Date: Sun, 22 Jun 2025 16:07:54 GMT[\r][\n]"
23:07:54.245 [pool-2-thread-27] DEBUG org.apache.http.wire -- http-outgoing-71 << "Connection: keep-alive[\r][\n]"
23:07:54.245 [pool-2-thread-27] DEBUG org.apache.http.wire -- http-outgoing-71 << "Keep-Alive: timeout=5[\r][\n]"
23:07:54.245 [pool-2-thread-27] DEBUG org.apache.http.wire -- http-outgoing-71 << "[\r][\n]"
23:07:54.245 [pool-2-thread-27] DEBUG org.apache.http.wire -- http-outgoing-71 << "{"access_token":"eyJhbGciOiJIUzI1NiIsInR5cCI6IkpXVCJ9.eyJzdWIiOiI2NTBjZTFlZC1hYWNhLTQzOGYtOTk4OC0xZjA1OGFiNWFhMWEiLCJ1c2VybmFtZSI6ImpvaG5kb2UyNSIsInJvbGUiOjAsImlhdCI6MTc1MDYwODQ3MywiZXhwIjoxNzUwNjEyMDczfQ.oqVnGw_xuFhwp--iJGnTZFH3wHr627xounsdtfrciwY","refresh_token":"ca6ffe944931fa7249f297d348dda3bfcc3829e40e92b5ce4d204f229c15ce4a","user":{"id":"650ce1ed-aaca-438f-9988-1f058ab5aa1a","email":"testit3@gmail.com","username":"johndoe25","name":"John Doe","phoneNumber":"0123456713","profilePic":null,"bio":null,"private":false,"verified":false,"role":0,"followersCount":0,"followingCount":0,"postCount":0}}"
23:07:54.245 [pool-2-thread-27] DEBUG org.apache.http.headers -- http-outgoing-71 << HTTP/1.1 200 OK
23:07:54.245 [pool-2-thread-27] DEBUG org.apache.http.headers -- http-outgoing-71 << X-Powered-By: Express
23:07:54.245 [pool-2-thread-27] DEBUG org.apache.http.headers -- http-outgoing-71 << Access-Control-Allow-Origin: *
23:07:54.245 [pool-2-thread-27] DEBUG org.apache.http.headers -- http-outgoing-71 << Content-Type: application/json; charset=utf-8
23:07:54.245 [pool-2-thread-27] DEBUG org.apache.http.headers -- http-outgoing-71 << Content-Length: 605
23:07:54.245 [pool-2-thread-27] DEBUG org.apache.http.headers -- http-outgoing-71 << ETag: W/"25d-5BPkOof2mMreCsrqQJjukRfaozI"
23:07:54.245 [pool-2-thread-27] DEBUG org.apache.http.headers -- http-outgoing-71 << Date: Sun, 22 Jun 2025 16:07:54 GMT
23:07:54.245 [pool-2-thread-27] DEBUG org.apache.http.headers -- http-outgoing-71 << Connection: keep-alive
23:07:54.245 [pool-2-thread-27] DEBUG org.apache.http.headers -- http-outgoing-71 << Keep-Alive: timeout=5
23:07:54.246 [pool-2-thread-27] DEBUG org.apache.http.impl.execchain.MainClientExec -- Connection can be kept alive for 5000 MILLISECONDS
23:07:54.246 [pool-2-thread-27] DEBUG org.apache.http.impl.conn.PoolingHttpClientConnectionManager -- Connection [id: 71][route: {}->http://localhost:3000] can be kept alive for 5.0 seconds
23:07:54.246 [pool-2-thread-27] DEBUG org.apache.http.impl.conn.DefaultManagedHttpClientConnection -- http-outgoing-71: set socket timeout to 0
23:07:54.246 [pool-2-thread-27] DEBUG org.apache.http.impl.conn.PoolingHttpClientConnectionManager -- Connection released: [id: 71][route: {}->http://localhost:3000][total available: 1; route allocated: 1 of 5; total allocated: 1 of 10]
23:07:54.246 [pool-2-thread-27] DEBUG org.apache.http.impl.conn.PoolingHttpClientConnectionManager -- Connection manager is shutting down
23:07:54.246 [pool-2-thread-27] DEBUG org.apache.http.impl.conn.DefaultManagedHttpClientConnection -- http-outgoing-71: Close connection
23:07:54.246 [pool-2-thread-27] DEBUG org.apache.http.impl.conn.PoolingHttpClientConnectionManager -- Connection manager shut down
23:07:54.246 [pool-2-thread-27] DEBUG com.intuit.karate -- response time in milliseconds: 3837
3 < 200
3 < X-Powered-By: Express
3 < Access-Control-Allow-Origin: *
3 < Content-Type: application/json; charset=utf-8
3 < Content-Length: 605
3 < ETag: W/"25d-5BPkOof2mMreCsrqQJjukRfaozI"
3 < Date: Sun, 22 Jun 2025 16:07:54 GMT
3 < Connection: keep-alive
3 < Keep-Alive: timeout=5
{"access_token":"eyJhbGciOiJIUzI1NiIsInR5cCI6IkpXVCJ9.eyJzdWIiOiI2NTBjZTFlZC1hYWNhLTQzOGYtOTk4OC0xZjA1OGFiNWFhMWEiLCJ1c2VybmFtZSI6ImpvaG5kb2UyNSIsInJvbGUiOjAsImlhdCI6MTc1MDYwODQ3MywiZXhwIjoxNzUwNjEyMDczfQ.oqVnGw_xuFhwp--iJGnTZFH3wHr627xounsdtfrciwY","refresh_token":"ca6ffe944931fa7249f297d348dda3bfcc3829e40e92b5ce4d204f229c15ce4a","user":{"id":"650ce1ed-aaca-438f-9988-1f058ab5aa1a","email":"testit3@gmail.com","username":"johndoe25","name":"John Doe","phoneNumber":"0123456713","profilePic":null,"bio":null,"private":false,"verified":false,"role":0,"followersCount":0,"followingCount":0,"postCount":0}}

23:07:54.246 [pool-2-thread-10] DEBUG org.apache.http.wire -- http-outgoing-84 << "HTTP/1.1 200 OK[\r][\n]"
23:07:54.246 [pool-2-thread-10] DEBUG org.apache.http.wire -- http-outgoing-84 << "X-Powered-By: Express[\r][\n]"
23:07:54.246 [pool-2-thread-10] DEBUG org.apache.http.wire -- http-outgoing-84 << "Access-Control-Allow-Origin: *[\r][\n]"
23:07:54.246 [pool-2-thread-10] DEBUG org.apache.http.wire -- http-outgoing-84 << "Content-Type: application/json; charset=utf-8[\r][\n]"
23:07:54.246 [pool-2-thread-10] DEBUG org.apache.http.wire -- http-outgoing-84 << "Content-Length: 605[\r][\n]"
23:07:54.246 [pool-2-thread-10] DEBUG org.apache.http.wire -- http-outgoing-84 << "ETag: W/"25d-QBhvWSkGPxY1K7M/3pSsaJMUdNY"[\r][\n]"
23:07:54.246 [pool-2-thread-10] DEBUG org.apache.http.wire -- http-outgoing-84 << "Date: Sun, 22 Jun 2025 16:07:54 GMT[\r][\n]"
23:07:54.246 [pool-2-thread-10] DEBUG org.apache.http.wire -- http-outgoing-84 << "Connection: keep-alive[\r][\n]"
23:07:54.246 [pool-2-thread-10] DEBUG org.apache.http.wire -- http-outgoing-84 << "Keep-Alive: timeout=5[\r][\n]"
23:07:54.246 [pool-2-thread-10] DEBUG org.apache.http.wire -- http-outgoing-84 << "[\r][\n]"
23:07:54.246 [pool-2-thread-10] DEBUG org.apache.http.wire -- http-outgoing-84 << "{"access_token":"eyJhbGciOiJIUzI1NiIsInR5cCI6IkpXVCJ9.eyJzdWIiOiIwYTM3ZWY0My1mZWU4LTQxZDMtYTY4Ni04YWIwODY5NDg2OTUiLCJ1c2VybmFtZSI6ImpvaG5kb2UyMSIsInJvbGUiOjAsImlhdCI6MTc1MDYwODQ3MywiZXhwIjoxNzUwNjEyMDczfQ.l549Fk_Y6xNWzIkzQ7p4Y2cQVnpaZDQnZZW67Zolq48","refresh_token":"71b198ad4dd12f59ce069bba6902fe3de0d92215aae2fdb213a60da35dffdd27","user":{"id":"0a37ef43-fee8-41d3-a686-8ab086948695","email":"testit2@gmail.com","username":"johndoe21","name":"John Doe","phoneNumber":"0123456712","profilePic":null,"bio":null,"private":false,"verified":false,"role":0,"followersCount":0,"followingCount":0,"postCount":0}}"
23:07:54.246 [pool-2-thread-10] DEBUG org.apache.http.headers -- http-outgoing-84 << HTTP/1.1 200 OK
23:07:54.246 [pool-2-thread-10] DEBUG org.apache.http.headers -- http-outgoing-84 << X-Powered-By: Express
23:07:54.246 [pool-2-thread-10] DEBUG org.apache.http.headers -- http-outgoing-84 << Access-Control-Allow-Origin: *
23:07:54.246 [pool-2-thread-10] DEBUG org.apache.http.headers -- http-outgoing-84 << Content-Type: application/json; charset=utf-8
23:07:54.246 [pool-2-thread-10] DEBUG org.apache.http.headers -- http-outgoing-84 << Content-Length: 605
23:07:54.246 [pool-2-thread-10] DEBUG org.apache.http.headers -- http-outgoing-84 << ETag: W/"25d-QBhvWSkGPxY1K7M/3pSsaJMUdNY"
23:07:54.246 [pool-2-thread-10] DEBUG org.apache.http.headers -- http-outgoing-84 << Date: Sun, 22 Jun 2025 16:07:54 GMT
23:07:54.246 [pool-2-thread-10] DEBUG org.apache.http.headers -- http-outgoing-84 << Connection: keep-alive
23:07:54.246 [pool-2-thread-10] DEBUG org.apache.http.headers -- http-outgoing-84 << Keep-Alive: timeout=5
23:07:54.246 [pool-2-thread-10] DEBUG org.apache.http.impl.execchain.MainClientExec -- Connection can be kept alive for 5000 MILLISECONDS
23:07:54.246 [pool-2-thread-10] DEBUG org.apache.http.impl.conn.PoolingHttpClientConnectionManager -- Connection [id: 84][route: {}->http://localhost:3000] can be kept alive for 5.0 seconds
23:07:54.246 [pool-2-thread-10] DEBUG org.apache.http.impl.conn.DefaultManagedHttpClientConnection -- http-outgoing-84: set socket timeout to 0
23:07:54.246 [pool-2-thread-10] DEBUG org.apache.http.impl.conn.PoolingHttpClientConnectionManager -- Connection released: [id: 84][route: {}->http://localhost:3000][total available: 1; route allocated: 1 of 5; total allocated: 1 of 10]
23:07:54.246 [pool-2-thread-10] DEBUG org.apache.http.impl.conn.PoolingHttpClientConnectionManager -- Connection manager is shutting down
23:07:54.246 [pool-2-thread-10] DEBUG org.apache.http.impl.conn.DefaultManagedHttpClientConnection -- http-outgoing-84: Close connection
23:07:54.246 [pool-2-thread-10] DEBUG org.apache.http.impl.conn.PoolingHttpClientConnectionManager -- Connection manager shut down
23:07:54.246 [pool-2-thread-10] DEBUG com.intuit.karate -- response time in milliseconds: 2873
3 < 200
3 < X-Powered-By: Express
3 < Access-Control-Allow-Origin: *
3 < Content-Type: application/json; charset=utf-8
3 < Content-Length: 605
3 < ETag: W/"25d-QBhvWSkGPxY1K7M/3pSsaJMUdNY"
3 < Date: Sun, 22 Jun 2025 16:07:54 GMT
3 < Connection: keep-alive
3 < Keep-Alive: timeout=5
{"access_token":"eyJhbGciOiJIUzI1NiIsInR5cCI6IkpXVCJ9.eyJzdWIiOiIwYTM3ZWY0My1mZWU4LTQxZDMtYTY4Ni04YWIwODY5NDg2OTUiLCJ1c2VybmFtZSI6ImpvaG5kb2UyMSIsInJvbGUiOjAsImlhdCI6MTc1MDYwODQ3MywiZXhwIjoxNzUwNjEyMDczfQ.l549Fk_Y6xNWzIkzQ7p4Y2cQVnpaZDQnZZW67Zolq48","refresh_token":"71b198ad4dd12f59ce069bba6902fe3de0d92215aae2fdb213a60da35dffdd27","user":{"id":"0a37ef43-fee8-41d3-a686-8ab086948695","email":"testit2@gmail.com","username":"johndoe21","name":"John Doe","phoneNumber":"0123456712","profilePic":null,"bio":null,"private":false,"verified":false,"role":0,"followersCount":0,"followingCount":0,"postCount":0}}

23:07:54.248 [pool-2-thread-27] INFO com.intuit.karate -- [print] Call 3 completed, status: 200 
23:07:54.248 [pool-2-thread-10] INFO com.intuit.karate -- [print] Call 3 completed, status: 200 
23:07:54.248 [pool-2-thread-27] INFO com.intuit.karate -- [print] *** API CALL 4 *** 
23:07:54.248 [pool-2-thread-10] INFO com.intuit.karate -- [print] *** API CALL 4 *** 
23:07:54.248 [pool-2-thread-19] DEBUG org.apache.http.wire -- http-outgoing-73 << "HTTP/1.1 200 OK[\r][\n]"
23:07:54.248 [pool-2-thread-19] DEBUG org.apache.http.wire -- http-outgoing-73 << "X-Powered-By: Express[\r][\n]"
23:07:54.248 [pool-2-thread-19] DEBUG org.apache.http.wire -- http-outgoing-73 << "Access-Control-Allow-Origin: *[\r][\n]"
23:07:54.248 [pool-2-thread-19] DEBUG org.apache.http.wire -- http-outgoing-73 << "Content-Type: application/json; charset=utf-8[\r][\n]"
23:07:54.248 [pool-2-thread-19] DEBUG org.apache.http.wire -- http-outgoing-73 << "Content-Length: 604[\r][\n]"
23:07:54.248 [pool-2-thread-19] DEBUG org.apache.http.wire -- http-outgoing-73 << "ETag: W/"25c-JrUW/vCIY+LvkShzhnCSSlftDjg"[\r][\n]"
23:07:54.248 [pool-2-thread-19] DEBUG org.apache.http.wire -- http-outgoing-73 << "Date: Sun, 22 Jun 2025 16:07:54 GMT[\r][\n]"
23:07:54.248 [pool-2-thread-19] DEBUG org.apache.http.wire -- http-outgoing-73 << "Connection: keep-alive[\r][\n]"
23:07:54.248 [pool-2-thread-19] DEBUG org.apache.http.wire -- http-outgoing-73 << "Keep-Alive: timeout=5[\r][\n]"
23:07:54.248 [pool-2-thread-19] DEBUG org.apache.http.wire -- http-outgoing-73 << "[\r][\n]"
23:07:54.248 [pool-2-thread-19] DEBUG org.apache.http.wire -- http-outgoing-73 << "{"access_token":"eyJhbGciOiJIUzI1NiIsInR5cCI6IkpXVCJ9.eyJzdWIiOiJkZjZmMDkxOS1hMjNkLTQ0YzktYTkyNS00ZWE4YmU1MjVkMTAiLCJ1c2VybmFtZSI6ImpvaG5kb2UyMyIsInJvbGUiOjAsImlhdCI6MTc1MDYwODQ3MywiZXhwIjoxNzUwNjEyMDczfQ.Fr8MD-mormtSC04Je9TdZBrsZ2vcEYxuyNlHoZK54Yg","refresh_token":"7cbdb437c7a818e09286451e46e4bc48f64d826c682af1243d7d0fdff4eed373","user":{"id":"df6f0919-a23d-44c9-a925-4ea8be525d10","email":"testit@gmail.com","username":"johndoe23","name":"John Doe","phoneNumber":"0123456788","profilePic":null,"bio":null,"private":false,"verified":false,"role":0,"followersCount":0,"followingCount":0,"postCount":0}}"
23:07:54.249 [pool-2-thread-19] DEBUG org.apache.http.headers -- http-outgoing-73 << HTTP/1.1 200 OK
23:07:54.249 [pool-2-thread-19] DEBUG org.apache.http.headers -- http-outgoing-73 << X-Powered-By: Express
23:07:54.249 [pool-2-thread-19] DEBUG org.apache.http.headers -- http-outgoing-73 << Access-Control-Allow-Origin: *
23:07:54.249 [pool-2-thread-19] DEBUG org.apache.http.headers -- http-outgoing-73 << Content-Type: application/json; charset=utf-8
23:07:54.249 [pool-2-thread-19] DEBUG org.apache.http.headers -- http-outgoing-73 << Content-Length: 604
23:07:54.249 [pool-2-thread-19] DEBUG org.apache.http.headers -- http-outgoing-73 << ETag: W/"25c-JrUW/vCIY+LvkShzhnCSSlftDjg"
23:07:54.249 [pool-2-thread-19] DEBUG org.apache.http.headers -- http-outgoing-73 << Date: Sun, 22 Jun 2025 16:07:54 GMT
23:07:54.249 [pool-2-thread-19] DEBUG org.apache.http.headers -- http-outgoing-73 << Connection: keep-alive
23:07:54.249 [pool-2-thread-19] DEBUG org.apache.http.headers -- http-outgoing-73 << Keep-Alive: timeout=5
23:07:54.249 [pool-2-thread-19] DEBUG org.apache.http.impl.execchain.MainClientExec -- Connection can be kept alive for 5000 MILLISECONDS
23:07:54.249 [pool-2-thread-19] DEBUG org.apache.http.impl.conn.PoolingHttpClientConnectionManager -- Connection [id: 73][route: {}->http://localhost:3000] can be kept alive for 5.0 seconds
23:07:54.249 [pool-2-thread-19] DEBUG org.apache.http.impl.conn.DefaultManagedHttpClientConnection -- http-outgoing-73: set socket timeout to 0
23:07:54.249 [pool-2-thread-19] DEBUG org.apache.http.impl.conn.PoolingHttpClientConnectionManager -- Connection released: [id: 73][route: {}->http://localhost:3000][total available: 1; route allocated: 1 of 5; total allocated: 1 of 10]
23:07:54.249 [pool-2-thread-19] DEBUG org.apache.http.impl.conn.PoolingHttpClientConnectionManager -- Connection manager is shutting down
23:07:54.249 [pool-2-thread-19] DEBUG org.apache.http.impl.conn.DefaultManagedHttpClientConnection -- http-outgoing-73: Close connection
23:07:54.249 [pool-2-thread-19] DEBUG org.apache.http.impl.conn.PoolingHttpClientConnectionManager -- Connection manager shut down
23:07:54.249 [pool-2-thread-19] DEBUG com.intuit.karate -- response time in milliseconds: 3828
3 < 200
3 < X-Powered-By: Express
3 < Access-Control-Allow-Origin: *
3 < Content-Type: application/json; charset=utf-8
3 < Content-Length: 604
3 < ETag: W/"25c-JrUW/vCIY+LvkShzhnCSSlftDjg"
3 < Date: Sun, 22 Jun 2025 16:07:54 GMT
3 < Connection: keep-alive
3 < Keep-Alive: timeout=5
{"access_token":"eyJhbGciOiJIUzI1NiIsInR5cCI6IkpXVCJ9.eyJzdWIiOiJkZjZmMDkxOS1hMjNkLTQ0YzktYTkyNS00ZWE4YmU1MjVkMTAiLCJ1c2VybmFtZSI6ImpvaG5kb2UyMyIsInJvbGUiOjAsImlhdCI6MTc1MDYwODQ3MywiZXhwIjoxNzUwNjEyMDczfQ.Fr8MD-mormtSC04Je9TdZBrsZ2vcEYxuyNlHoZK54Yg","refresh_token":"7cbdb437c7a818e09286451e46e4bc48f64d826c682af1243d7d0fdff4eed373","user":{"id":"df6f0919-a23d-44c9-a925-4ea8be525d10","email":"testit@gmail.com","username":"johndoe23","name":"John Doe","phoneNumber":"0123456788","profilePic":null,"bio":null,"private":false,"verified":false,"role":0,"followersCount":0,"followingCount":0,"postCount":0}}

23:07:54.249 [pool-2-thread-10] DEBUG org.apache.http.client.protocol.RequestAddCookies -- CookieSpec selected: karate
23:07:54.249 [pool-2-thread-27] DEBUG org.apache.http.client.protocol.RequestAddCookies -- CookieSpec selected: karate
23:07:54.249 [pool-2-thread-10] DEBUG org.apache.http.client.protocol.RequestAuthCache -- Auth cache not set in the context
23:07:54.249 [pool-2-thread-27] DEBUG org.apache.http.client.protocol.RequestAuthCache -- Auth cache not set in the context
23:07:54.249 [pool-2-thread-10] DEBUG com.intuit.karate -- request:
4 > POST http://localhost:3000/auth/login
4 > Content-Type: application/json; charset=UTF-8
4 > Content-Length: 54
4 > Host: localhost:3000
4 > Connection: Keep-Alive
4 > User-Agent: Apache-HttpClient/4.5.14 (Java/17.0.9)
4 > Accept-Encoding: gzip,deflate
{"email":"testit2@gmail.com","password":"Password123"}

23:07:54.249 [pool-2-thread-27] DEBUG com.intuit.karate -- request:
4 > POST http://localhost:3000/auth/login
4 > Content-Type: application/json; charset=UTF-8
4 > Content-Length: 54
4 > Host: localhost:3000
4 > Connection: Keep-Alive
4 > User-Agent: Apache-HttpClient/4.5.14 (Java/17.0.9)
4 > Accept-Encoding: gzip,deflate
{"email":"testit3@gmail.com","password":"Password123"}

23:07:54.249 [pool-2-thread-10] DEBUG org.apache.http.impl.conn.PoolingHttpClientConnectionManager -- Connection request: [route: {}->http://localhost:3000][total available: 0; route allocated: 0 of 5; total allocated: 0 of 10]
23:07:54.249 [pool-2-thread-27] DEBUG org.apache.http.impl.conn.PoolingHttpClientConnectionManager -- Connection request: [route: {}->http://localhost:3000][total available: 0; route allocated: 0 of 5; total allocated: 0 of 10]
23:07:54.249 [pool-2-thread-10] DEBUG org.apache.http.impl.conn.PoolingHttpClientConnectionManager -- Connection leased: [id: 109][route: {}->http://localhost:3000][total available: 0; route allocated: 1 of 5; total allocated: 1 of 10]
23:07:54.249 [pool-2-thread-27] DEBUG org.apache.http.impl.conn.PoolingHttpClientConnectionManager -- Connection leased: [id: 110][route: {}->http://localhost:3000][total available: 0; route allocated: 1 of 5; total allocated: 1 of 10]
23:07:54.249 [pool-2-thread-10] DEBUG org.apache.http.impl.execchain.MainClientExec -- Opening connection {}->http://localhost:3000
23:07:54.249 [pool-2-thread-27] DEBUG org.apache.http.impl.execchain.MainClientExec -- Opening connection {}->http://localhost:3000
23:07:54.249 [pool-2-thread-10] DEBUG org.apache.http.impl.conn.DefaultHttpClientConnectionOperator -- Connecting to localhost/127.0.0.1:3000
23:07:54.249 [pool-2-thread-27] DEBUG org.apache.http.impl.conn.DefaultHttpClientConnectionOperator -- Connecting to localhost/127.0.0.1:3000
23:07:54.249 [pool-2-thread-19] INFO com.intuit.karate -- [print] Call 3 completed, status: 200 
23:07:54.250 [pool-2-thread-27] DEBUG org.apache.http.impl.conn.DefaultHttpClientConnectionOperator -- Connection established 127.0.0.1:52776<->127.0.0.1:3000
23:07:54.250 [pool-2-thread-10] DEBUG org.apache.http.impl.conn.DefaultHttpClientConnectionOperator -- Connection established 127.0.0.1:52775<->127.0.0.1:3000
23:07:54.250 [pool-2-thread-27] DEBUG org.apache.http.impl.conn.DefaultManagedHttpClientConnection -- http-outgoing-110: set socket timeout to 30000
23:07:54.250 [pool-2-thread-10] DEBUG org.apache.http.impl.conn.DefaultManagedHttpClientConnection -- http-outgoing-109: set socket timeout to 30000
23:07:54.250 [pool-2-thread-10] DEBUG org.apache.http.impl.execchain.MainClientExec -- Executing request POST /auth/login HTTP/1.1
23:07:54.250 [pool-2-thread-27] DEBUG org.apache.http.impl.execchain.MainClientExec -- Executing request POST /auth/login HTTP/1.1
23:07:54.250 [pool-2-thread-10] DEBUG org.apache.http.impl.execchain.MainClientExec -- Target auth state: UNCHALLENGED
23:07:54.250 [pool-2-thread-27] DEBUG org.apache.http.impl.execchain.MainClientExec -- Target auth state: UNCHALLENGED
23:07:54.250 [pool-2-thread-10] DEBUG org.apache.http.impl.execchain.MainClientExec -- Proxy auth state: UNCHALLENGED
23:07:54.250 [pool-2-thread-27] DEBUG org.apache.http.impl.execchain.MainClientExec -- Proxy auth state: UNCHALLENGED
23:07:54.250 [pool-2-thread-10] DEBUG org.apache.http.headers -- http-outgoing-109 >> POST /auth/login HTTP/1.1
23:07:54.250 [pool-2-thread-19] INFO com.intuit.karate -- [print] *** API CALL 4 *** 
23:07:54.250 [pool-2-thread-27] DEBUG org.apache.http.headers -- http-outgoing-110 >> POST /auth/login HTTP/1.1
23:07:54.250 [pool-2-thread-27] DEBUG org.apache.http.headers -- http-outgoing-110 >> Content-Type: application/json; charset=UTF-8
23:07:54.250 [pool-2-thread-27] DEBUG org.apache.http.headers -- http-outgoing-110 >> Content-Length: 54
23:07:54.250 [pool-2-thread-27] DEBUG org.apache.http.headers -- http-outgoing-110 >> Host: localhost:3000
23:07:54.250 [pool-2-thread-27] DEBUG org.apache.http.headers -- http-outgoing-110 >> Connection: Keep-Alive
23:07:54.250 [pool-2-thread-27] DEBUG org.apache.http.headers -- http-outgoing-110 >> User-Agent: Apache-HttpClient/4.5.14 (Java/17.0.9)
23:07:54.250 [pool-2-thread-27] DEBUG org.apache.http.headers -- http-outgoing-110 >> Accept-Encoding: gzip,deflate
23:07:54.250 [pool-2-thread-10] DEBUG org.apache.http.headers -- http-outgoing-109 >> Content-Type: application/json; charset=UTF-8
23:07:54.250 [pool-2-thread-10] DEBUG org.apache.http.headers -- http-outgoing-109 >> Content-Length: 54
23:07:54.250 [pool-2-thread-10] DEBUG org.apache.http.headers -- http-outgoing-109 >> Host: localhost:3000
23:07:54.250 [pool-2-thread-27] DEBUG org.apache.http.wire -- http-outgoing-110 >> "POST /auth/login HTTP/1.1[\r][\n]"
23:07:54.250 [pool-2-thread-27] DEBUG org.apache.http.wire -- http-outgoing-110 >> "Content-Type: application/json; charset=UTF-8[\r][\n]"
23:07:54.250 [pool-2-thread-10] DEBUG org.apache.http.headers -- http-outgoing-109 >> Connection: Keep-Alive
23:07:54.250 [pool-2-thread-10] DEBUG org.apache.http.headers -- http-outgoing-109 >> User-Agent: Apache-HttpClient/4.5.14 (Java/17.0.9)
23:07:54.250 [pool-2-thread-10] DEBUG org.apache.http.headers -- http-outgoing-109 >> Accept-Encoding: gzip,deflate
23:07:54.250 [pool-2-thread-27] DEBUG org.apache.http.wire -- http-outgoing-110 >> "Content-Length: 54[\r][\n]"
23:07:54.250 [pool-2-thread-27] DEBUG org.apache.http.wire -- http-outgoing-110 >> "Host: localhost:3000[\r][\n]"
23:07:54.250 [pool-2-thread-27] DEBUG org.apache.http.wire -- http-outgoing-110 >> "Connection: Keep-Alive[\r][\n]"
23:07:54.250 [pool-2-thread-10] DEBUG org.apache.http.wire -- http-outgoing-109 >> "POST /auth/login HTTP/1.1[\r][\n]"
23:07:54.250 [pool-2-thread-10] DEBUG org.apache.http.wire -- http-outgoing-109 >> "Content-Type: application/json; charset=UTF-8[\r][\n]"
23:07:54.250 [pool-2-thread-27] DEBUG org.apache.http.wire -- http-outgoing-110 >> "User-Agent: Apache-HttpClient/4.5.14 (Java/17.0.9)[\r][\n]"
23:07:54.250 [pool-2-thread-27] DEBUG org.apache.http.wire -- http-outgoing-110 >> "Accept-Encoding: gzip,deflate[\r][\n]"
23:07:54.250 [pool-2-thread-10] DEBUG org.apache.http.wire -- http-outgoing-109 >> "Content-Length: 54[\r][\n]"
23:07:54.250 [pool-2-thread-10] DEBUG org.apache.http.wire -- http-outgoing-109 >> "Host: localhost:3000[\r][\n]"
23:07:54.250 [pool-2-thread-10] DEBUG org.apache.http.wire -- http-outgoing-109 >> "Connection: Keep-Alive[\r][\n]"
23:07:54.250 [pool-2-thread-27] DEBUG org.apache.http.wire -- http-outgoing-110 >> "[\r][\n]"
23:07:54.250 [pool-2-thread-10] DEBUG org.apache.http.wire -- http-outgoing-109 >> "User-Agent: Apache-HttpClient/4.5.14 (Java/17.0.9)[\r][\n]"
23:07:54.250 [pool-2-thread-27] DEBUG org.apache.http.wire -- http-outgoing-110 >> "{"email":"testit3@gmail.com","password":"Password123"}"
23:07:54.250 [pool-2-thread-10] DEBUG org.apache.http.wire -- http-outgoing-109 >> "Accept-Encoding: gzip,deflate[\r][\n]"
23:07:54.250 [pool-2-thread-10] DEBUG org.apache.http.wire -- http-outgoing-109 >> "[\r][\n]"
23:07:54.250 [pool-2-thread-10] DEBUG org.apache.http.wire -- http-outgoing-109 >> "{"email":"testit2@gmail.com","password":"Password123"}"
23:07:54.252 [pool-2-thread-19] DEBUG org.apache.http.client.protocol.RequestAddCookies -- CookieSpec selected: karate
23:07:54.252 [pool-2-thread-19] DEBUG org.apache.http.client.protocol.RequestAuthCache -- Auth cache not set in the context
23:07:54.252 [pool-2-thread-19] DEBUG com.intuit.karate -- request:
4 > POST http://localhost:3000/auth/login
4 > Content-Type: application/json; charset=UTF-8
4 > Content-Length: 53
4 > Host: localhost:3000
4 > Connection: Keep-Alive
4 > User-Agent: Apache-HttpClient/4.5.14 (Java/17.0.9)
4 > Accept-Encoding: gzip,deflate
{"email":"testit@gmail.com","password":"Password123"}

23:07:54.252 [pool-2-thread-19] DEBUG org.apache.http.impl.conn.PoolingHttpClientConnectionManager -- Connection request: [route: {}->http://localhost:3000][total available: 0; route allocated: 0 of 5; total allocated: 0 of 10]
23:07:54.252 [pool-2-thread-19] DEBUG org.apache.http.impl.conn.PoolingHttpClientConnectionManager -- Connection leased: [id: 111][route: {}->http://localhost:3000][total available: 0; route allocated: 1 of 5; total allocated: 1 of 10]
23:07:54.252 [pool-2-thread-19] DEBUG org.apache.http.impl.execchain.MainClientExec -- Opening connection {}->http://localhost:3000
23:07:54.252 [pool-2-thread-19] DEBUG org.apache.http.impl.conn.DefaultHttpClientConnectionOperator -- Connecting to localhost/127.0.0.1:3000
23:07:54.253 [pool-2-thread-19] DEBUG org.apache.http.impl.conn.DefaultHttpClientConnectionOperator -- Connection established 127.0.0.1:52777<->127.0.0.1:3000
23:07:54.253 [pool-2-thread-19] DEBUG org.apache.http.impl.conn.DefaultManagedHttpClientConnection -- http-outgoing-111: set socket timeout to 30000
23:07:54.253 [pool-2-thread-19] DEBUG org.apache.http.impl.execchain.MainClientExec -- Executing request POST /auth/login HTTP/1.1
23:07:54.253 [pool-2-thread-19] DEBUG org.apache.http.impl.execchain.MainClientExec -- Target auth state: UNCHALLENGED
23:07:54.253 [pool-2-thread-19] DEBUG org.apache.http.impl.execchain.MainClientExec -- Proxy auth state: UNCHALLENGED
23:07:54.253 [pool-2-thread-19] DEBUG org.apache.http.headers -- http-outgoing-111 >> POST /auth/login HTTP/1.1
23:07:54.253 [pool-2-thread-19] DEBUG org.apache.http.headers -- http-outgoing-111 >> Content-Type: application/json; charset=UTF-8
23:07:54.253 [pool-2-thread-19] DEBUG org.apache.http.headers -- http-outgoing-111 >> Content-Length: 53
23:07:54.253 [pool-2-thread-19] DEBUG org.apache.http.headers -- http-outgoing-111 >> Host: localhost:3000
23:07:54.253 [pool-2-thread-19] DEBUG org.apache.http.headers -- http-outgoing-111 >> Connection: Keep-Alive
23:07:54.253 [pool-2-thread-19] DEBUG org.apache.http.headers -- http-outgoing-111 >> User-Agent: Apache-HttpClient/4.5.14 (Java/17.0.9)
23:07:54.253 [pool-2-thread-19] DEBUG org.apache.http.headers -- http-outgoing-111 >> Accept-Encoding: gzip,deflate
23:07:54.253 [pool-2-thread-19] DEBUG org.apache.http.wire -- http-outgoing-111 >> "POST /auth/login HTTP/1.1[\r][\n]"
23:07:54.253 [pool-2-thread-19] DEBUG org.apache.http.wire -- http-outgoing-111 >> "Content-Type: application/json; charset=UTF-8[\r][\n]"
23:07:54.253 [pool-2-thread-19] DEBUG org.apache.http.wire -- http-outgoing-111 >> "Content-Length: 53[\r][\n]"
23:07:54.253 [pool-2-thread-19] DEBUG org.apache.http.wire -- http-outgoing-111 >> "Host: localhost:3000[\r][\n]"
23:07:54.253 [pool-2-thread-19] DEBUG org.apache.http.wire -- http-outgoing-111 >> "Connection: Keep-Alive[\r][\n]"
23:07:54.253 [pool-2-thread-19] DEBUG org.apache.http.wire -- http-outgoing-111 >> "User-Agent: Apache-HttpClient/4.5.14 (Java/17.0.9)[\r][\n]"
23:07:54.253 [pool-2-thread-19] DEBUG org.apache.http.wire -- http-outgoing-111 >> "Accept-Encoding: gzip,deflate[\r][\n]"
23:07:54.253 [pool-2-thread-19] DEBUG org.apache.http.wire -- http-outgoing-111 >> "[\r][\n]"
23:07:54.253 [pool-2-thread-19] DEBUG org.apache.http.wire -- http-outgoing-111 >> "{"email":"testit@gmail.com","password":"Password123"}"
23:07:54.256 [pool-2-thread-1] DEBUG org.apache.http.wire -- http-outgoing-88 << "HTTP/1.1 200 OK[\r][\n]"
23:07:54.256 [pool-2-thread-1] DEBUG org.apache.http.wire -- http-outgoing-88 << "X-Powered-By: Express[\r][\n]"
23:07:54.256 [pool-2-thread-1] DEBUG org.apache.http.wire -- http-outgoing-88 << "Access-Control-Allow-Origin: *[\r][\n]"
23:07:54.256 [pool-2-thread-1] DEBUG org.apache.http.wire -- http-outgoing-88 << "Content-Type: application/json; charset=utf-8[\r][\n]"
23:07:54.256 [pool-2-thread-1] DEBUG org.apache.http.wire -- http-outgoing-88 << "Content-Length: 708[\r][\n]"
23:07:54.256 [pool-2-thread-1] DEBUG org.apache.http.wire -- http-outgoing-88 << "ETag: W/"2c4-1H+IX5s/HhReevLRSn6FWctXDmw"[\r][\n]"
23:07:54.256 [pool-2-thread-1] DEBUG org.apache.http.wire -- http-outgoing-88 << "Date: Sun, 22 Jun 2025 16:07:54 GMT[\r][\n]"
23:07:54.256 [pool-2-thread-1] DEBUG org.apache.http.wire -- http-outgoing-88 << "Connection: keep-alive[\r][\n]"
23:07:54.256 [pool-2-thread-1] DEBUG org.apache.http.wire -- http-outgoing-88 << "Keep-Alive: timeout=5[\r][\n]"
23:07:54.256 [pool-2-thread-1] DEBUG org.apache.http.wire -- http-outgoing-88 << "[\r][\n]"
23:07:54.256 [pool-2-thread-1] DEBUG org.apache.http.wire -- http-outgoing-88 << "{"access_token":"eyJhbGciOiJIUzI1NiIsInR5cCI6IkpXVCJ9.eyJzdWIiOiIwODUxNWIwNS0yZDNlLTQ3ODktYWQ2MC1kYjM1NTI1YTQ5NzAiLCJ1c2VybmFtZSI6Im5hbSIsInJvbGUiOjAsImlhdCI6MTc1MDYwODQ3MywiZXhwIjoxNzUwNjEyMDczfQ.zdX36fxkBo_cUiaDWURuFPxG7a_1lMLJJLmHVNP7Kk0","refresh_token":"64daf1388a2b612c52ebdfc3526ebcd58fb97109618151c37e9f5c27b4bda037","user":{"id":"08515b05-2d3e-4789-ad60-db35525a4970","email":"nam@gmail.com","username":"nam","name":"nam","phoneNumber":"0123456789","profilePic":"https://res.cloudinary.com/dizcvrefo/image/upload/v1749266646/nestjs_uploads/zk9zrpeidnovxibfqdxr.png","bio":"Chu tich hoi dong Quan tri 1","private":false,"verified":false,"role":0,"followersCount":2,"followingCount":2,"postCount":13}}"
23:07:54.256 [pool-2-thread-25] DEBUG org.apache.http.wire -- http-outgoing-89 << "HTTP/1.1 200 OK[\r][\n]"
23:07:54.256 [pool-2-thread-25] DEBUG org.apache.http.wire -- http-outgoing-89 << "X-Powered-By: Express[\r][\n]"
23:07:54.256 [pool-2-thread-25] DEBUG org.apache.http.wire -- http-outgoing-89 << "Access-Control-Allow-Origin: *[\r][\n]"
23:07:54.256 [pool-2-thread-25] DEBUG org.apache.http.wire -- http-outgoing-89 << "Content-Type: application/json; charset=utf-8[\r][\n]"
23:07:54.256 [pool-2-thread-25] DEBUG org.apache.http.wire -- http-outgoing-89 << "Content-Length: 607[\r][\n]"
23:07:54.256 [pool-2-thread-25] DEBUG org.apache.http.wire -- http-outgoing-89 << "ETag: W/"25f-aNxN0vNtIU4v/vX1gjHWVeR0Q1o"[\r][\n]"
23:07:54.256 [pool-2-thread-25] DEBUG org.apache.http.wire -- http-outgoing-89 << "Date: Sun, 22 Jun 2025 16:07:54 GMT[\r][\n]"
23:07:54.256 [pool-2-thread-25] DEBUG org.apache.http.wire -- http-outgoing-89 << "Connection: keep-alive[\r][\n]"
23:07:54.256 [pool-2-thread-25] DEBUG org.apache.http.wire -- http-outgoing-89 << "Keep-Alive: timeout=5[\r][\n]"
23:07:54.256 [pool-2-thread-25] DEBUG org.apache.http.wire -- http-outgoing-89 << "[\r][\n]"
23:07:54.256 [pool-2-thread-1] DEBUG org.apache.http.headers -- http-outgoing-88 << HTTP/1.1 200 OK
23:07:54.256 [pool-2-thread-1] DEBUG org.apache.http.headers -- http-outgoing-88 << X-Powered-By: Express
23:07:54.256 [pool-2-thread-25] DEBUG org.apache.http.wire -- http-outgoing-89 << "{"access_token":"eyJhbGciOiJIUzI1NiIsInR5cCI6IkpXVCJ9.eyJzdWIiOiJjMjE0MjJkZi1jY2VjLTQ0MGUtOWE0Mi1jMWI4MmFiZjczM2QiLCJ1c2VybmFtZSI6ImpvaG5kb2UyOCIsInJvbGUiOjAsImlhdCI6MTc1MDYwODQ3MywiZXhwIjoxNzUwNjEyMDczfQ.D7AEBpbcaTC-orPiKCZUcOZs0A7nOvPpXSw9tpH7HxA","refresh_token":"ae8622f60d1c2b1f083beeb0480eff323d965606617f4b04dcba839aba0e8496","user":{"id":"c21422df-ccec-440e-9a42-c1b82abf733d","email":"test28@example.com","username":"johndoe28","name":"John Doe","phoneNumber":"84987654321","profilePic":null,"bio":null,"private":false,"verified":false,"role":0,"followersCount":0,"followingCount":0,"postCount":0}}"
23:07:54.256 [pool-2-thread-1] DEBUG org.apache.http.headers -- http-outgoing-88 << Access-Control-Allow-Origin: *
23:07:54.256 [pool-2-thread-1] DEBUG org.apache.http.headers -- http-outgoing-88 << Content-Type: application/json; charset=utf-8
23:07:54.256 [pool-2-thread-1] DEBUG org.apache.http.headers -- http-outgoing-88 << Content-Length: 708
23:07:54.256 [pool-2-thread-1] DEBUG org.apache.http.headers -- http-outgoing-88 << ETag: W/"2c4-1H+IX5s/HhReevLRSn6FWctXDmw"
23:07:54.256 [pool-2-thread-1] DEBUG org.apache.http.headers -- http-outgoing-88 << Date: Sun, 22 Jun 2025 16:07:54 GMT
23:07:54.256 [pool-2-thread-1] DEBUG org.apache.http.headers -- http-outgoing-88 << Connection: keep-alive
23:07:54.256 [pool-2-thread-1] DEBUG org.apache.http.headers -- http-outgoing-88 << Keep-Alive: timeout=5
23:07:54.256 [pool-2-thread-25] DEBUG org.apache.http.headers -- http-outgoing-89 << HTTP/1.1 200 OK
23:07:54.256 [pool-2-thread-25] DEBUG org.apache.http.headers -- http-outgoing-89 << X-Powered-By: Express
23:07:54.256 [pool-2-thread-25] DEBUG org.apache.http.headers -- http-outgoing-89 << Access-Control-Allow-Origin: *
23:07:54.256 [pool-2-thread-25] DEBUG org.apache.http.headers -- http-outgoing-89 << Content-Type: application/json; charset=utf-8
23:07:54.256 [pool-2-thread-25] DEBUG org.apache.http.headers -- http-outgoing-89 << Content-Length: 607
23:07:54.256 [pool-2-thread-25] DEBUG org.apache.http.headers -- http-outgoing-89 << ETag: W/"25f-aNxN0vNtIU4v/vX1gjHWVeR0Q1o"
23:07:54.256 [pool-2-thread-25] DEBUG org.apache.http.headers -- http-outgoing-89 << Date: Sun, 22 Jun 2025 16:07:54 GMT
23:07:54.256 [pool-2-thread-25] DEBUG org.apache.http.headers -- http-outgoing-89 << Connection: keep-alive
23:07:54.256 [pool-2-thread-25] DEBUG org.apache.http.headers -- http-outgoing-89 << Keep-Alive: timeout=5
23:07:54.256 [pool-2-thread-25] DEBUG org.apache.http.impl.execchain.MainClientExec -- Connection can be kept alive for 5000 MILLISECONDS
23:07:54.256 [pool-2-thread-1] DEBUG org.apache.http.impl.execchain.MainClientExec -- Connection can be kept alive for 5000 MILLISECONDS
23:07:54.256 [pool-2-thread-1] DEBUG org.apache.http.impl.conn.PoolingHttpClientConnectionManager -- Connection [id: 88][route: {}->http://localhost:3000] can be kept alive for 5.0 seconds
23:07:54.256 [pool-2-thread-25] DEBUG org.apache.http.impl.conn.PoolingHttpClientConnectionManager -- Connection [id: 89][route: {}->http://localhost:3000] can be kept alive for 5.0 seconds
23:07:54.256 [pool-2-thread-25] DEBUG org.apache.http.impl.conn.DefaultManagedHttpClientConnection -- http-outgoing-89: set socket timeout to 0
23:07:54.256 [pool-2-thread-1] DEBUG org.apache.http.impl.conn.DefaultManagedHttpClientConnection -- http-outgoing-88: set socket timeout to 0
23:07:54.256 [pool-2-thread-25] DEBUG org.apache.http.impl.conn.PoolingHttpClientConnectionManager -- Connection released: [id: 89][route: {}->http://localhost:3000][total available: 1; route allocated: 1 of 5; total allocated: 1 of 10]
23:07:54.256 [pool-2-thread-1] DEBUG org.apache.http.impl.conn.PoolingHttpClientConnectionManager -- Connection released: [id: 88][route: {}->http://localhost:3000][total available: 1; route allocated: 1 of 5; total allocated: 1 of 10]
23:07:54.256 [pool-2-thread-25] DEBUG org.apache.http.impl.conn.PoolingHttpClientConnectionManager -- Connection manager is shutting down
23:07:54.256 [pool-2-thread-1] DEBUG org.apache.http.impl.conn.PoolingHttpClientConnectionManager -- Connection manager is shutting down
23:07:54.256 [pool-2-thread-25] DEBUG org.apache.http.impl.conn.DefaultManagedHttpClientConnection -- http-outgoing-89: Close connection
23:07:54.256 [pool-2-thread-1] DEBUG org.apache.http.impl.conn.DefaultManagedHttpClientConnection -- http-outgoing-88: Close connection
23:07:54.257 [pool-2-thread-25] DEBUG org.apache.http.impl.conn.PoolingHttpClientConnectionManager -- Connection manager shut down
23:07:54.257 [pool-2-thread-1] DEBUG org.apache.http.impl.conn.PoolingHttpClientConnectionManager -- Connection manager shut down
23:07:54.257 [pool-2-thread-25] DEBUG com.intuit.karate -- response time in milliseconds: 1970
5 < 200
5 < X-Powered-By: Express
5 < Access-Control-Allow-Origin: *
5 < Content-Type: application/json; charset=utf-8
5 < Content-Length: 607
5 < ETag: W/"25f-aNxN0vNtIU4v/vX1gjHWVeR0Q1o"
5 < Date: Sun, 22 Jun 2025 16:07:54 GMT
5 < Connection: keep-alive
5 < Keep-Alive: timeout=5
{"access_token":"eyJhbGciOiJIUzI1NiIsInR5cCI6IkpXVCJ9.eyJzdWIiOiJjMjE0MjJkZi1jY2VjLTQ0MGUtOWE0Mi1jMWI4MmFiZjczM2QiLCJ1c2VybmFtZSI6ImpvaG5kb2UyOCIsInJvbGUiOjAsImlhdCI6MTc1MDYwODQ3MywiZXhwIjoxNzUwNjEyMDczfQ.D7AEBpbcaTC-orPiKCZUcOZs0A7nOvPpXSw9tpH7HxA","refresh_token":"ae8622f60d1c2b1f083beeb0480eff323d965606617f4b04dcba839aba0e8496","user":{"id":"c21422df-ccec-440e-9a42-c1b82abf733d","email":"test28@example.com","username":"johndoe28","name":"John Doe","phoneNumber":"84987654321","profilePic":null,"bio":null,"private":false,"verified":false,"role":0,"followersCount":0,"followingCount":0,"postCount":0}}

23:07:54.257 [pool-2-thread-1] DEBUG com.intuit.karate -- response time in milliseconds: 2020
5 < 200
5 < X-Powered-By: Express
5 < Access-Control-Allow-Origin: *
5 < Content-Type: application/json; charset=utf-8
5 < Content-Length: 708
5 < ETag: W/"2c4-1H+IX5s/HhReevLRSn6FWctXDmw"
5 < Date: Sun, 22 Jun 2025 16:07:54 GMT
5 < Connection: keep-alive
5 < Keep-Alive: timeout=5
{"access_token":"eyJhbGciOiJIUzI1NiIsInR5cCI6IkpXVCJ9.eyJzdWIiOiIwODUxNWIwNS0yZDNlLTQ3ODktYWQ2MC1kYjM1NTI1YTQ5NzAiLCJ1c2VybmFtZSI6Im5hbSIsInJvbGUiOjAsImlhdCI6MTc1MDYwODQ3MywiZXhwIjoxNzUwNjEyMDczfQ.zdX36fxkBo_cUiaDWURuFPxG7a_1lMLJJLmHVNP7Kk0","refresh_token":"64daf1388a2b612c52ebdfc3526ebcd58fb97109618151c37e9f5c27b4bda037","user":{"id":"08515b05-2d3e-4789-ad60-db35525a4970","email":"nam@gmail.com","username":"nam","name":"nam","phoneNumber":"0123456789","profilePic":"https://res.cloudinary.com/dizcvrefo/image/upload/v1749266646/nestjs_uploads/zk9zrpeidnovxibfqdxr.png","bio":"Chu tich hoi dong Quan tri 1","private":false,"verified":false,"role":0,"followersCount":2,"followingCount":2,"postCount":13}}

23:07:54.259 [pool-2-thread-25] INFO com.intuit.karate -- [print] Call 5 completed, status: 200 
23:07:54.259 [pool-2-thread-1] INFO com.intuit.karate -- [print] Call 5 completed, status: 200 
23:07:54.259 [pool-2-thread-25] INFO com.intuit.karate -- [print] *** API CALL 6 *** 
23:07:54.259 [pool-2-thread-1] INFO com.intuit.karate -- [print] *** API CALL 6 *** 
23:07:54.260 [pool-2-thread-25] DEBUG org.apache.http.client.protocol.RequestAddCookies -- CookieSpec selected: karate
23:07:54.260 [pool-2-thread-1] DEBUG org.apache.http.client.protocol.RequestAddCookies -- CookieSpec selected: karate
23:07:54.261 [pool-2-thread-1] DEBUG org.apache.http.client.protocol.RequestAuthCache -- Auth cache not set in the context
23:07:54.261 [pool-2-thread-25] DEBUG org.apache.http.client.protocol.RequestAuthCache -- Auth cache not set in the context
23:07:54.261 [pool-2-thread-1] DEBUG com.intuit.karate -- request:
6 > POST http://localhost:3000/auth/login
6 > Content-Type: application/json; charset=UTF-8
6 > Content-Length: 45
6 > Host: localhost:3000
6 > Connection: Keep-Alive
6 > User-Agent: Apache-HttpClient/4.5.14 (Java/17.0.9)
6 > Accept-Encoding: gzip,deflate
{"email":"nam@gmail.com","password":"123456"}

23:07:54.261 [pool-2-thread-25] DEBUG com.intuit.karate -- request:
6 > POST http://localhost:3000/auth/login
6 > Content-Type: application/json; charset=UTF-8
6 > Content-Length: 55
6 > Host: localhost:3000
6 > Connection: Keep-Alive
6 > User-Agent: Apache-HttpClient/4.5.14 (Java/17.0.9)
6 > Accept-Encoding: gzip,deflate
{"email":"test28@example.com","password":"Password123"}

23:07:54.261 [pool-2-thread-1] DEBUG org.apache.http.impl.conn.PoolingHttpClientConnectionManager -- Connection request: [route: {}->http://localhost:3000][total available: 0; route allocated: 0 of 5; total allocated: 0 of 10]
23:07:54.261 [pool-2-thread-25] DEBUG org.apache.http.impl.conn.PoolingHttpClientConnectionManager -- Connection request: [route: {}->http://localhost:3000][total available: 0; route allocated: 0 of 5; total allocated: 0 of 10]
23:07:54.261 [pool-2-thread-1] DEBUG org.apache.http.impl.conn.PoolingHttpClientConnectionManager -- Connection leased: [id: 113][route: {}->http://localhost:3000][total available: 0; route allocated: 1 of 5; total allocated: 1 of 10]
23:07:54.261 [pool-2-thread-25] DEBUG org.apache.http.impl.conn.PoolingHttpClientConnectionManager -- Connection leased: [id: 112][route: {}->http://localhost:3000][total available: 0; route allocated: 1 of 5; total allocated: 1 of 10]
23:07:54.261 [pool-2-thread-1] DEBUG org.apache.http.impl.execchain.MainClientExec -- Opening connection {}->http://localhost:3000
23:07:54.261 [pool-2-thread-25] DEBUG org.apache.http.impl.execchain.MainClientExec -- Opening connection {}->http://localhost:3000
23:07:54.261 [pool-2-thread-25] DEBUG org.apache.http.impl.conn.DefaultHttpClientConnectionOperator -- Connecting to localhost/127.0.0.1:3000
23:07:54.261 [pool-2-thread-1] DEBUG org.apache.http.impl.conn.DefaultHttpClientConnectionOperator -- Connecting to localhost/127.0.0.1:3000
23:07:54.261 [pool-2-thread-1] DEBUG org.apache.http.impl.conn.DefaultHttpClientConnectionOperator -- Connection established 127.0.0.1:52778<->127.0.0.1:3000
23:07:54.262 [pool-2-thread-25] DEBUG org.apache.http.impl.conn.DefaultHttpClientConnectionOperator -- Connection established 127.0.0.1:52779<->127.0.0.1:3000
23:07:54.262 [pool-2-thread-25] DEBUG org.apache.http.impl.conn.DefaultManagedHttpClientConnection -- http-outgoing-112: set socket timeout to 30000
23:07:54.262 [pool-2-thread-25] DEBUG org.apache.http.impl.execchain.MainClientExec -- Executing request POST /auth/login HTTP/1.1
23:07:54.262 [pool-2-thread-1] DEBUG org.apache.http.impl.conn.DefaultManagedHttpClientConnection -- http-outgoing-113: set socket timeout to 30000
23:07:54.262 [pool-2-thread-25] DEBUG org.apache.http.impl.execchain.MainClientExec -- Target auth state: UNCHALLENGED
23:07:54.262 [pool-2-thread-1] DEBUG org.apache.http.impl.execchain.MainClientExec -- Executing request POST /auth/login HTTP/1.1
23:07:54.262 [pool-2-thread-25] DEBUG org.apache.http.impl.execchain.MainClientExec -- Proxy auth state: UNCHALLENGED
23:07:54.262 [pool-2-thread-1] DEBUG org.apache.http.impl.execchain.MainClientExec -- Target auth state: UNCHALLENGED
23:07:54.262 [pool-2-thread-1] DEBUG org.apache.http.impl.execchain.MainClientExec -- Proxy auth state: UNCHALLENGED
23:07:54.262 [pool-2-thread-1] DEBUG org.apache.http.headers -- http-outgoing-113 >> POST /auth/login HTTP/1.1
23:07:54.262 [pool-2-thread-25] DEBUG org.apache.http.headers -- http-outgoing-112 >> POST /auth/login HTTP/1.1
23:07:54.262 [pool-2-thread-1] DEBUG org.apache.http.headers -- http-outgoing-113 >> Content-Type: application/json; charset=UTF-8
23:07:54.262 [pool-2-thread-25] DEBUG org.apache.http.headers -- http-outgoing-112 >> Content-Type: application/json; charset=UTF-8
23:07:54.262 [pool-2-thread-25] DEBUG org.apache.http.headers -- http-outgoing-112 >> Content-Length: 55
23:07:54.262 [pool-2-thread-25] DEBUG org.apache.http.headers -- http-outgoing-112 >> Host: localhost:3000
23:07:54.262 [pool-2-thread-1] DEBUG org.apache.http.headers -- http-outgoing-113 >> Content-Length: 45
23:07:54.262 [pool-2-thread-25] DEBUG org.apache.http.headers -- http-outgoing-112 >> Connection: Keep-Alive
23:07:54.262 [pool-2-thread-25] DEBUG org.apache.http.headers -- http-outgoing-112 >> User-Agent: Apache-HttpClient/4.5.14 (Java/17.0.9)
23:07:54.262 [pool-2-thread-25] DEBUG org.apache.http.headers -- http-outgoing-112 >> Accept-Encoding: gzip,deflate
23:07:54.262 [pool-2-thread-1] DEBUG org.apache.http.headers -- http-outgoing-113 >> Host: localhost:3000
23:07:54.262 [pool-2-thread-1] DEBUG org.apache.http.headers -- http-outgoing-113 >> Connection: Keep-Alive
23:07:54.262 [pool-2-thread-1] DEBUG org.apache.http.headers -- http-outgoing-113 >> User-Agent: Apache-HttpClient/4.5.14 (Java/17.0.9)
23:07:54.262 [pool-2-thread-1] DEBUG org.apache.http.headers -- http-outgoing-113 >> Accept-Encoding: gzip,deflate
23:07:54.262 [pool-2-thread-25] DEBUG org.apache.http.wire -- http-outgoing-112 >> "POST /auth/login HTTP/1.1[\r][\n]"
23:07:54.262 [pool-2-thread-25] DEBUG org.apache.http.wire -- http-outgoing-112 >> "Content-Type: application/json; charset=UTF-8[\r][\n]"
23:07:54.262 [pool-2-thread-25] DEBUG org.apache.http.wire -- http-outgoing-112 >> "Content-Length: 55[\r][\n]"
23:07:54.262 [pool-2-thread-25] DEBUG org.apache.http.wire -- http-outgoing-112 >> "Host: localhost:3000[\r][\n]"
23:07:54.262 [pool-2-thread-1] DEBUG org.apache.http.wire -- http-outgoing-113 >> "POST /auth/login HTTP/1.1[\r][\n]"
23:07:54.262 [pool-2-thread-1] DEBUG org.apache.http.wire -- http-outgoing-113 >> "Content-Type: application/json; charset=UTF-8[\r][\n]"
23:07:54.262 [pool-2-thread-1] DEBUG org.apache.http.wire -- http-outgoing-113 >> "Content-Length: 45[\r][\n]"
23:07:54.262 [pool-2-thread-1] DEBUG org.apache.http.wire -- http-outgoing-113 >> "Host: localhost:3000[\r][\n]"
23:07:54.262 [pool-2-thread-25] DEBUG org.apache.http.wire -- http-outgoing-112 >> "Connection: Keep-Alive[\r][\n]"
23:07:54.262 [pool-2-thread-25] DEBUG org.apache.http.wire -- http-outgoing-112 >> "User-Agent: Apache-HttpClient/4.5.14 (Java/17.0.9)[\r][\n]"
23:07:54.262 [pool-2-thread-25] DEBUG org.apache.http.wire -- http-outgoing-112 >> "Accept-Encoding: gzip,deflate[\r][\n]"
23:07:54.262 [pool-2-thread-25] DEBUG org.apache.http.wire -- http-outgoing-112 >> "[\r][\n]"
23:07:54.262 [pool-2-thread-25] DEBUG org.apache.http.wire -- http-outgoing-112 >> "{"email":"test28@example.com","password":"Password123"}"
23:07:54.262 [pool-2-thread-1] DEBUG org.apache.http.wire -- http-outgoing-113 >> "Connection: Keep-Alive[\r][\n]"
23:07:54.262 [pool-2-thread-1] DEBUG org.apache.http.wire -- http-outgoing-113 >> "User-Agent: Apache-HttpClient/4.5.14 (Java/17.0.9)[\r][\n]"
23:07:54.262 [pool-2-thread-1] DEBUG org.apache.http.wire -- http-outgoing-113 >> "Accept-Encoding: gzip,deflate[\r][\n]"
23:07:54.262 [pool-2-thread-1] DEBUG org.apache.http.wire -- http-outgoing-113 >> "[\r][\n]"
23:07:54.262 [pool-2-thread-1] DEBUG org.apache.http.wire -- http-outgoing-113 >> "{"email":"nam@gmail.com","password":"123456"}"
23:07:54.273 [pool-2-thread-2] DEBUG org.apache.http.wire -- http-outgoing-74 << "HTTP/1.1 200 OK[\r][\n]"
23:07:54.273 [pool-2-thread-2] DEBUG org.apache.http.wire -- http-outgoing-74 << "X-Powered-By: Express[\r][\n]"
23:07:54.273 [pool-2-thread-2] DEBUG org.apache.http.wire -- http-outgoing-74 << "Access-Control-Allow-Origin: *[\r][\n]"
23:07:54.273 [pool-2-thread-2] DEBUG org.apache.http.wire -- http-outgoing-74 << "Content-Type: application/json; charset=utf-8[\r][\n]"
23:07:54.273 [pool-2-thread-2] DEBUG org.apache.http.wire -- http-outgoing-74 << "Content-Length: 715[\r][\n]"
23:07:54.273 [pool-2-thread-2] DEBUG org.apache.http.wire -- http-outgoing-74 << "ETag: W/"2cb-OT+4QJh81tDjwItaFCZfsgvm+oY"[\r][\n]"
23:07:54.273 [pool-2-thread-2] DEBUG org.apache.http.wire -- http-outgoing-74 << "Date: Sun, 22 Jun 2025 16:07:54 GMT[\r][\n]"
23:07:54.273 [pool-2-thread-2] DEBUG org.apache.http.wire -- http-outgoing-74 << "Connection: keep-alive[\r][\n]"
23:07:54.273 [pool-2-thread-2] DEBUG org.apache.http.wire -- http-outgoing-74 << "Keep-Alive: timeout=5[\r][\n]"
23:07:54.273 [pool-2-thread-2] DEBUG org.apache.http.wire -- http-outgoing-74 << "[\r][\n]"
23:07:54.273 [pool-2-thread-2] DEBUG org.apache.http.wire -- http-outgoing-74 << "{"access_token":"eyJhbGciOiJIUzI1NiIsInR5cCI6IkpXVCJ9.eyJzdWIiOiIyYjg0YWEyNC02NjhhLTQwZTItYWYxYy1hZDRmYzRmYTVhNmYiLCJ1c2VybmFtZSI6InF1YW5nMSIsInJvbGUiOjAsImlhdCI6MTc1MDYwODQ3MywiZXhwIjoxNzUwNjEyMDczfQ.uFyis_dfXi56aLOu5J14c8sIjcotK0Osjgd7nHj4HhY","refresh_token":"28893c04620517f1955d7282fbc768cf450da468162495544bfe417185ce2f28","user":{"id":"2b84aa24-668a-40e2-af1c-ad4fc4fa5a6f","email":"quang1@gmail.com","username":"quang1","name":"quang1","phoneNumber":"09874563210","profilePic":"https://res.cloudinary.com/dizcvrefo/image/upload/v1749027586/nestjs_uploads/xehairydt9rzlbmbmv4c.jpg","bio":"Thang Nam Lao Vua Thoi","private":false,"verified":false,"role":0,"followersCount":2,"followingCount":3,"postCount":2}}"
23:07:54.273 [pool-2-thread-2] DEBUG org.apache.http.headers -- http-outgoing-74 << HTTP/1.1 200 OK
23:07:54.273 [pool-2-thread-2] DEBUG org.apache.http.headers -- http-outgoing-74 << X-Powered-By: Express
23:07:54.273 [pool-2-thread-2] DEBUG org.apache.http.headers -- http-outgoing-74 << Access-Control-Allow-Origin: *
23:07:54.273 [pool-2-thread-2] DEBUG org.apache.http.headers -- http-outgoing-74 << Content-Type: application/json; charset=utf-8
23:07:54.273 [pool-2-thread-2] DEBUG org.apache.http.headers -- http-outgoing-74 << Content-Length: 715
23:07:54.273 [pool-2-thread-2] DEBUG org.apache.http.headers -- http-outgoing-74 << ETag: W/"2cb-OT+4QJh81tDjwItaFCZfsgvm+oY"
23:07:54.273 [pool-2-thread-2] DEBUG org.apache.http.headers -- http-outgoing-74 << Date: Sun, 22 Jun 2025 16:07:54 GMT
23:07:54.273 [pool-2-thread-2] DEBUG org.apache.http.headers -- http-outgoing-74 << Connection: keep-alive
23:07:54.273 [pool-2-thread-2] DEBUG org.apache.http.headers -- http-outgoing-74 << Keep-Alive: timeout=5
23:07:54.273 [pool-2-thread-2] DEBUG org.apache.http.impl.execchain.MainClientExec -- Connection can be kept alive for 5000 MILLISECONDS
23:07:54.273 [pool-2-thread-2] DEBUG org.apache.http.impl.conn.PoolingHttpClientConnectionManager -- Connection [id: 74][route: {}->http://localhost:3000] can be kept alive for 5.0 seconds
23:07:54.273 [pool-2-thread-2] DEBUG org.apache.http.impl.conn.DefaultManagedHttpClientConnection -- http-outgoing-74: set socket timeout to 0
23:07:54.273 [pool-2-thread-2] DEBUG org.apache.http.impl.conn.PoolingHttpClientConnectionManager -- Connection released: [id: 74][route: {}->http://localhost:3000][total available: 1; route allocated: 1 of 5; total allocated: 1 of 10]
23:07:54.273 [pool-2-thread-2] DEBUG org.apache.http.impl.conn.PoolingHttpClientConnectionManager -- Connection manager is shutting down
23:07:54.273 [pool-2-thread-2] DEBUG org.apache.http.impl.conn.DefaultManagedHttpClientConnection -- http-outgoing-74: Close connection
23:07:54.273 [pool-2-thread-2] DEBUG org.apache.http.impl.conn.PoolingHttpClientConnectionManager -- Connection manager shut down
23:07:54.274 [pool-2-thread-2] DEBUG com.intuit.karate -- response time in milliseconds: 3852
3 < 200
3 < X-Powered-By: Express
3 < Access-Control-Allow-Origin: *
3 < Content-Type: application/json; charset=utf-8
3 < Content-Length: 715
3 < ETag: W/"2cb-OT+4QJh81tDjwItaFCZfsgvm+oY"
3 < Date: Sun, 22 Jun 2025 16:07:54 GMT
3 < Connection: keep-alive
3 < Keep-Alive: timeout=5
{"access_token":"eyJhbGciOiJIUzI1NiIsInR5cCI6IkpXVCJ9.eyJzdWIiOiIyYjg0YWEyNC02NjhhLTQwZTItYWYxYy1hZDRmYzRmYTVhNmYiLCJ1c2VybmFtZSI6InF1YW5nMSIsInJvbGUiOjAsImlhdCI6MTc1MDYwODQ3MywiZXhwIjoxNzUwNjEyMDczfQ.uFyis_dfXi56aLOu5J14c8sIjcotK0Osjgd7nHj4HhY","refresh_token":"28893c04620517f1955d7282fbc768cf450da468162495544bfe417185ce2f28","user":{"id":"2b84aa24-668a-40e2-af1c-ad4fc4fa5a6f","email":"quang1@gmail.com","username":"quang1","name":"quang1","phoneNumber":"09874563210","profilePic":"https://res.cloudinary.com/dizcvrefo/image/upload/v1749027586/nestjs_uploads/xehairydt9rzlbmbmv4c.jpg","bio":"Thang Nam Lao Vua Thoi","private":false,"verified":false,"role":0,"followersCount":2,"followingCount":3,"postCount":2}}

23:07:54.275 [pool-2-thread-2] INFO com.intuit.karate -- [print] Call 3 completed, status: 200 
23:07:54.275 [pool-2-thread-2] INFO com.intuit.karate -- [print] *** API CALL 4 *** 
23:07:54.276 [pool-2-thread-2] DEBUG org.apache.http.client.protocol.RequestAddCookies -- CookieSpec selected: karate
23:07:54.276 [pool-2-thread-2] DEBUG org.apache.http.client.protocol.RequestAuthCache -- Auth cache not set in the context
23:07:54.276 [pool-2-thread-2] DEBUG com.intuit.karate -- request:
4 > POST http://localhost:3000/auth/login
4 > Content-Type: application/json; charset=UTF-8
4 > Content-Length: 48
4 > Host: localhost:3000
4 > Connection: Keep-Alive
4 > User-Agent: Apache-HttpClient/4.5.14 (Java/17.0.9)
4 > Accept-Encoding: gzip,deflate
{"email":"quang1@gmail.com","password":"quang1"}

23:07:54.276 [pool-2-thread-2] DEBUG org.apache.http.impl.conn.PoolingHttpClientConnectionManager -- Connection request: [route: {}->http://localhost:3000][total available: 0; route allocated: 0 of 5; total allocated: 0 of 10]
23:07:54.276 [pool-2-thread-2] DEBUG org.apache.http.impl.conn.PoolingHttpClientConnectionManager -- Connection leased: [id: 114][route: {}->http://localhost:3000][total available: 0; route allocated: 1 of 5; total allocated: 1 of 10]
23:07:54.276 [pool-2-thread-2] DEBUG org.apache.http.impl.execchain.MainClientExec -- Opening connection {}->http://localhost:3000
23:07:54.276 [pool-2-thread-2] DEBUG org.apache.http.impl.conn.DefaultHttpClientConnectionOperator -- Connecting to localhost/127.0.0.1:3000
23:07:54.277 [pool-2-thread-2] DEBUG org.apache.http.impl.conn.DefaultHttpClientConnectionOperator -- Connection established 127.0.0.1:52780<->127.0.0.1:3000
23:07:54.277 [pool-2-thread-2] DEBUG org.apache.http.impl.conn.DefaultManagedHttpClientConnection -- http-outgoing-114: set socket timeout to 30000
23:07:54.277 [pool-2-thread-2] DEBUG org.apache.http.impl.execchain.MainClientExec -- Executing request POST /auth/login HTTP/1.1
23:07:54.277 [pool-2-thread-2] DEBUG org.apache.http.impl.execchain.MainClientExec -- Target auth state: UNCHALLENGED
23:07:54.277 [pool-2-thread-2] DEBUG org.apache.http.impl.execchain.MainClientExec -- Proxy auth state: UNCHALLENGED
23:07:54.277 [pool-2-thread-2] DEBUG org.apache.http.headers -- http-outgoing-114 >> POST /auth/login HTTP/1.1
23:07:54.277 [pool-2-thread-2] DEBUG org.apache.http.headers -- http-outgoing-114 >> Content-Type: application/json; charset=UTF-8
23:07:54.277 [pool-2-thread-2] DEBUG org.apache.http.headers -- http-outgoing-114 >> Content-Length: 48
23:07:54.277 [pool-2-thread-2] DEBUG org.apache.http.headers -- http-outgoing-114 >> Host: localhost:3000
23:07:54.277 [pool-2-thread-2] DEBUG org.apache.http.headers -- http-outgoing-114 >> Connection: Keep-Alive
23:07:54.277 [pool-2-thread-2] DEBUG org.apache.http.headers -- http-outgoing-114 >> User-Agent: Apache-HttpClient/4.5.14 (Java/17.0.9)
23:07:54.277 [pool-2-thread-2] DEBUG org.apache.http.headers -- http-outgoing-114 >> Accept-Encoding: gzip,deflate
23:07:54.277 [pool-2-thread-2] DEBUG org.apache.http.wire -- http-outgoing-114 >> "POST /auth/login HTTP/1.1[\r][\n]"
23:07:54.277 [pool-2-thread-2] DEBUG org.apache.http.wire -- http-outgoing-114 >> "Content-Type: application/json; charset=UTF-8[\r][\n]"
23:07:54.277 [pool-2-thread-2] DEBUG org.apache.http.wire -- http-outgoing-114 >> "Content-Length: 48[\r][\n]"
23:07:54.277 [pool-2-thread-2] DEBUG org.apache.http.wire -- http-outgoing-114 >> "Host: localhost:3000[\r][\n]"
23:07:54.277 [pool-2-thread-2] DEBUG org.apache.http.wire -- http-outgoing-114 >> "Connection: Keep-Alive[\r][\n]"
23:07:54.277 [pool-2-thread-2] DEBUG org.apache.http.wire -- http-outgoing-114 >> "User-Agent: Apache-HttpClient/4.5.14 (Java/17.0.9)[\r][\n]"
23:07:54.277 [pool-2-thread-2] DEBUG org.apache.http.wire -- http-outgoing-114 >> "Accept-Encoding: gzip,deflate[\r][\n]"
23:07:54.277 [pool-2-thread-2] DEBUG org.apache.http.wire -- http-outgoing-114 >> "[\r][\n]"
23:07:54.277 [pool-2-thread-2] DEBUG org.apache.http.wire -- http-outgoing-114 >> "{"email":"quang1@gmail.com","password":"quang1"}"
23:07:54.388 [pool-2-thread-26] DEBUG org.apache.http.wire -- http-outgoing-95 << "HTTP/1.1 200 OK[\r][\n]"
23:07:54.388 [pool-2-thread-26] DEBUG org.apache.http.wire -- http-outgoing-95 << "X-Powered-By: Express[\r][\n]"
23:07:54.388 [pool-2-thread-26] DEBUG org.apache.http.wire -- http-outgoing-95 << "Access-Control-Allow-Origin: *[\r][\n]"
23:07:54.388 [pool-2-thread-26] DEBUG org.apache.http.wire -- http-outgoing-95 << "Content-Type: application/json; charset=utf-8[\r][\n]"
23:07:54.388 [pool-2-thread-26] DEBUG org.apache.http.wire -- http-outgoing-95 << "Content-Length: 607[\r][\n]"
23:07:54.388 [pool-2-thread-26] DEBUG org.apache.http.wire -- http-outgoing-95 << "ETag: W/"25f-ZjshMuSVbWX+LGs1tcqTdK3+ieQ"[\r][\n]"
23:07:54.388 [pool-2-thread-26] DEBUG org.apache.http.wire -- http-outgoing-95 << "Date: Sun, 22 Jun 2025 16:07:54 GMT[\r][\n]"
23:07:54.388 [pool-2-thread-26] DEBUG org.apache.http.wire -- http-outgoing-95 << "Connection: keep-alive[\r][\n]"
23:07:54.388 [pool-2-thread-26] DEBUG org.apache.http.wire -- http-outgoing-95 << "Keep-Alive: timeout=5[\r][\n]"
23:07:54.388 [pool-2-thread-26] DEBUG org.apache.http.wire -- http-outgoing-95 << "[\r][\n]"
23:07:54.388 [pool-2-thread-26] DEBUG org.apache.http.wire -- http-outgoing-95 << "{"access_token":"eyJhbGciOiJIUzI1NiIsInR5cCI6IkpXVCJ9.eyJzdWIiOiI5YTI2OTc2Yy0xNTMyLTRkZjMtYTE2ZS03NjMxNTI1Yzg1MDIiLCJ1c2VybmFtZSI6ImpvaG5kb2UyZDUiLCJyb2xlIjowLCJpYXQiOjE3NTA2MDg0NzQsImV4cCI6MTc1MDYxMjA3NH0.NiJK4OKqhjT_xTiQwqIxsP7qAq5jsl6SLNp6-bSTvX8","refresh_token":"0b94d361c7804d6ca94becb8dfa70367e3619fd7a3aba84f51ad9d5091770f35","user":{"id":"9a26976c-1532-4df3-a16e-7631525c8502","email":"testit4@gmail.com","username":"johndoe2d5","name":"John Doe","phoneNumber":"0123456212","profilePic":null,"bio":null,"private":false,"verified":false,"role":0,"followersCount":0,"followingCount":0,"postCount":0}}"
23:07:54.388 [pool-2-thread-26] DEBUG org.apache.http.headers -- http-outgoing-95 << HTTP/1.1 200 OK
23:07:54.388 [pool-2-thread-26] DEBUG org.apache.http.headers -- http-outgoing-95 << X-Powered-By: Express
23:07:54.388 [pool-2-thread-26] DEBUG org.apache.http.headers -- http-outgoing-95 << Access-Control-Allow-Origin: *
23:07:54.388 [pool-2-thread-26] DEBUG org.apache.http.headers -- http-outgoing-95 << Content-Type: application/json; charset=utf-8
23:07:54.388 [pool-2-thread-26] DEBUG org.apache.http.headers -- http-outgoing-95 << Content-Length: 607
23:07:54.388 [pool-2-thread-26] DEBUG org.apache.http.headers -- http-outgoing-95 << ETag: W/"25f-ZjshMuSVbWX+LGs1tcqTdK3+ieQ"
23:07:54.388 [pool-2-thread-26] DEBUG org.apache.http.headers -- http-outgoing-95 << Date: Sun, 22 Jun 2025 16:07:54 GMT
23:07:54.388 [pool-2-thread-26] DEBUG org.apache.http.headers -- http-outgoing-95 << Connection: keep-alive
23:07:54.388 [pool-2-thread-26] DEBUG org.apache.http.headers -- http-outgoing-95 << Keep-Alive: timeout=5
23:07:54.388 [pool-2-thread-26] DEBUG org.apache.http.impl.execchain.MainClientExec -- Connection can be kept alive for 5000 MILLISECONDS
23:07:54.388 [pool-2-thread-26] DEBUG org.apache.http.impl.conn.PoolingHttpClientConnectionManager -- Connection [id: 95][route: {}->http://localhost:3000] can be kept alive for 5.0 seconds
23:07:54.388 [pool-2-thread-26] DEBUG org.apache.http.impl.conn.DefaultManagedHttpClientConnection -- http-outgoing-95: set socket timeout to 0
23:07:54.390 [pool-2-thread-26] DEBUG org.apache.http.impl.conn.PoolingHttpClientConnectionManager -- Connection released: [id: 95][route: {}->http://localhost:3000][total available: 1; route allocated: 1 of 5; total allocated: 1 of 10]
23:07:54.390 [pool-2-thread-26] DEBUG org.apache.http.impl.conn.PoolingHttpClientConnectionManager -- Connection manager is shutting down
23:07:54.390 [pool-2-thread-26] DEBUG org.apache.http.impl.conn.DefaultManagedHttpClientConnection -- http-outgoing-95: Close connection
23:07:54.390 [pool-2-thread-26] DEBUG org.apache.http.impl.conn.PoolingHttpClientConnectionManager -- Connection manager shut down
23:07:54.390 [pool-2-thread-26] DEBUG com.intuit.karate -- response time in milliseconds: 1236
5 < 200
5 < X-Powered-By: Express
5 < Access-Control-Allow-Origin: *
5 < Content-Type: application/json; charset=utf-8
5 < Content-Length: 607
5 < ETag: W/"25f-ZjshMuSVbWX+LGs1tcqTdK3+ieQ"
5 < Date: Sun, 22 Jun 2025 16:07:54 GMT
5 < Connection: keep-alive
5 < Keep-Alive: timeout=5
{"access_token":"eyJhbGciOiJIUzI1NiIsInR5cCI6IkpXVCJ9.eyJzdWIiOiI5YTI2OTc2Yy0xNTMyLTRkZjMtYTE2ZS03NjMxNTI1Yzg1MDIiLCJ1c2VybmFtZSI6ImpvaG5kb2UyZDUiLCJyb2xlIjowLCJpYXQiOjE3NTA2MDg0NzQsImV4cCI6MTc1MDYxMjA3NH0.NiJK4OKqhjT_xTiQwqIxsP7qAq5jsl6SLNp6-bSTvX8","refresh_token":"0b94d361c7804d6ca94becb8dfa70367e3619fd7a3aba84f51ad9d5091770f35","user":{"id":"9a26976c-1532-4df3-a16e-7631525c8502","email":"testit4@gmail.com","username":"johndoe2d5","name":"John Doe","phoneNumber":"0123456212","profilePic":null,"bio":null,"private":false,"verified":false,"role":0,"followersCount":0,"followingCount":0,"postCount":0}}

23:07:54.391 [pool-2-thread-26] INFO com.intuit.karate -- [print] Call 5 completed, status: 200 
23:07:54.392 [pool-2-thread-26] INFO com.intuit.karate -- [print] *** API CALL 6 *** 
23:07:54.393 [pool-2-thread-26] DEBUG org.apache.http.client.protocol.RequestAddCookies -- CookieSpec selected: karate
23:07:54.393 [pool-2-thread-26] DEBUG org.apache.http.client.protocol.RequestAuthCache -- Auth cache not set in the context
23:07:54.393 [pool-2-thread-26] DEBUG com.intuit.karate -- request:
6 > POST http://localhost:3000/auth/login
6 > Content-Type: application/json; charset=UTF-8
6 > Content-Length: 54
6 > Host: localhost:3000
6 > Connection: Keep-Alive
6 > User-Agent: Apache-HttpClient/4.5.14 (Java/17.0.9)
6 > Accept-Encoding: gzip,deflate
{"email":"testit4@gmail.com","password":"Password123"}

23:07:54.393 [pool-2-thread-26] DEBUG org.apache.http.impl.conn.PoolingHttpClientConnectionManager -- Connection request: [route: {}->http://localhost:3000][total available: 0; route allocated: 0 of 5; total allocated: 0 of 10]
23:07:54.393 [pool-2-thread-26] DEBUG org.apache.http.impl.conn.PoolingHttpClientConnectionManager -- Connection leased: [id: 115][route: {}->http://localhost:3000][total available: 0; route allocated: 1 of 5; total allocated: 1 of 10]
23:07:54.393 [pool-2-thread-26] DEBUG org.apache.http.impl.execchain.MainClientExec -- Opening connection {}->http://localhost:3000
23:07:54.393 [pool-2-thread-26] DEBUG org.apache.http.impl.conn.DefaultHttpClientConnectionOperator -- Connecting to localhost/127.0.0.1:3000
23:07:54.394 [pool-2-thread-26] DEBUG org.apache.http.impl.conn.DefaultHttpClientConnectionOperator -- Connection established 127.0.0.1:52781<->127.0.0.1:3000
23:07:54.394 [pool-2-thread-26] DEBUG org.apache.http.impl.conn.DefaultManagedHttpClientConnection -- http-outgoing-115: set socket timeout to 30000
23:07:54.394 [pool-2-thread-26] DEBUG org.apache.http.impl.execchain.MainClientExec -- Executing request POST /auth/login HTTP/1.1
23:07:54.394 [pool-2-thread-26] DEBUG org.apache.http.impl.execchain.MainClientExec -- Target auth state: UNCHALLENGED
23:07:54.394 [pool-2-thread-26] DEBUG org.apache.http.impl.execchain.MainClientExec -- Proxy auth state: UNCHALLENGED
23:07:54.394 [pool-2-thread-26] DEBUG org.apache.http.headers -- http-outgoing-115 >> POST /auth/login HTTP/1.1
23:07:54.394 [pool-2-thread-26] DEBUG org.apache.http.headers -- http-outgoing-115 >> Content-Type: application/json; charset=UTF-8
23:07:54.394 [pool-2-thread-26] DEBUG org.apache.http.headers -- http-outgoing-115 >> Content-Length: 54
23:07:54.394 [pool-2-thread-26] DEBUG org.apache.http.headers -- http-outgoing-115 >> Host: localhost:3000
23:07:54.394 [pool-2-thread-26] DEBUG org.apache.http.headers -- http-outgoing-115 >> Connection: Keep-Alive
23:07:54.394 [pool-2-thread-26] DEBUG org.apache.http.headers -- http-outgoing-115 >> User-Agent: Apache-HttpClient/4.5.14 (Java/17.0.9)
23:07:54.394 [pool-2-thread-26] DEBUG org.apache.http.headers -- http-outgoing-115 >> Accept-Encoding: gzip,deflate
23:07:54.394 [pool-2-thread-26] DEBUG org.apache.http.wire -- http-outgoing-115 >> "POST /auth/login HTTP/1.1[\r][\n]"
23:07:54.394 [pool-2-thread-26] DEBUG org.apache.http.wire -- http-outgoing-115 >> "Content-Type: application/json; charset=UTF-8[\r][\n]"
23:07:54.394 [pool-2-thread-26] DEBUG org.apache.http.wire -- http-outgoing-115 >> "Content-Length: 54[\r][\n]"
23:07:54.394 [pool-2-thread-26] DEBUG org.apache.http.wire -- http-outgoing-115 >> "Host: localhost:3000[\r][\n]"
23:07:54.394 [pool-2-thread-26] DEBUG org.apache.http.wire -- http-outgoing-115 >> "Connection: Keep-Alive[\r][\n]"
23:07:54.394 [pool-2-thread-26] DEBUG org.apache.http.wire -- http-outgoing-115 >> "User-Agent: Apache-HttpClient/4.5.14 (Java/17.0.9)[\r][\n]"
23:07:54.394 [pool-2-thread-26] DEBUG org.apache.http.wire -- http-outgoing-115 >> "Accept-Encoding: gzip,deflate[\r][\n]"
23:07:54.394 [pool-2-thread-26] DEBUG org.apache.http.wire -- http-outgoing-115 >> "[\r][\n]"
23:07:54.394 [pool-2-thread-26] DEBUG org.apache.http.wire -- http-outgoing-115 >> "{"email":"testit4@gmail.com","password":"Password123"}"
23:07:55.154 [pool-2-thread-4] DEBUG org.apache.http.wire -- http-outgoing-96 << "HTTP/1.1 200 OK[\r][\n]"
23:07:55.154 [pool-2-thread-4] DEBUG org.apache.http.wire -- http-outgoing-96 << "X-Powered-By: Express[\r][\n]"
23:07:55.154 [pool-2-thread-4] DEBUG org.apache.http.wire -- http-outgoing-96 << "Access-Control-Allow-Origin: *[\r][\n]"
23:07:55.154 [pool-2-thread-4] DEBUG org.apache.http.wire -- http-outgoing-96 << "Content-Type: application/json; charset=utf-8[\r][\n]"
23:07:55.154 [pool-2-thread-4] DEBUG org.apache.http.wire -- http-outgoing-96 << "Content-Length: 608[\r][\n]"
23:07:55.154 [pool-2-thread-4] DEBUG org.apache.http.wire -- http-outgoing-96 << "ETag: W/"260-GX0V/PgdUn25Hzf+kByK+qCqd5c"[\r][\n]"
23:07:55.154 [pool-2-thread-4] DEBUG org.apache.http.wire -- http-outgoing-96 << "Date: Sun, 22 Jun 2025 16:07:55 GMT[\r][\n]"
23:07:55.154 [pool-2-thread-4] DEBUG org.apache.http.wire -- http-outgoing-96 << "Connection: keep-alive[\r][\n]"
23:07:55.154 [pool-2-thread-4] DEBUG org.apache.http.wire -- http-outgoing-96 << "Keep-Alive: timeout=5[\r][\n]"
23:07:55.154 [pool-2-thread-4] DEBUG org.apache.http.wire -- http-outgoing-96 << "[\r][\n]"
23:07:55.154 [pool-2-thread-4] DEBUG org.apache.http.wire -- http-outgoing-96 << "{"access_token":"eyJhbGciOiJIUzI1NiIsInR5cCI6IkpXVCJ9.eyJzdWIiOiI4YTI0NzQ2MS01YzA0LTQyMWQtOThmNS1mYTljNzM0ZmFlYTUiLCJ1c2VybmFtZSI6ImphbmVzbWl0aCIsInJvbGUiOjAsImlhdCI6MTc1MDYwODQ3NCwiZXhwIjoxNzUwNjEyMDc0fQ.DIsS06tUJXIHqrgjC8l1j-6It6hdGAF1Sh8_NoKzSsA","refresh_token":"50b3e7b3843881dd385d6ac09aaff49268121a52b28fd95a1fba65e7fb0f1240","user":{"id":"8a247461-5c04-421d-98f5-fa9c734faea5","email":"test2@example.com","username":"janesmith","name":"Jane Smith","phoneNumber":"01234567890","profilePic":null,"bio":null,"private":false,"verified":false,"role":0,"followersCount":0,"followingCount":0,"postCount":0}}"
23:07:55.155 [pool-2-thread-4] DEBUG org.apache.http.headers -- http-outgoing-96 << HTTP/1.1 200 OK
23:07:55.155 [pool-2-thread-4] DEBUG org.apache.http.headers -- http-outgoing-96 << X-Powered-By: Express
23:07:55.155 [pool-2-thread-4] DEBUG org.apache.http.headers -- http-outgoing-96 << Access-Control-Allow-Origin: *
23:07:55.155 [pool-2-thread-4] DEBUG org.apache.http.headers -- http-outgoing-96 << Content-Type: application/json; charset=utf-8
23:07:55.155 [pool-2-thread-4] DEBUG org.apache.http.headers -- http-outgoing-96 << Content-Length: 608
23:07:55.155 [pool-2-thread-4] DEBUG org.apache.http.headers -- http-outgoing-96 << ETag: W/"260-GX0V/PgdUn25Hzf+kByK+qCqd5c"
23:07:55.155 [pool-2-thread-4] DEBUG org.apache.http.headers -- http-outgoing-96 << Date: Sun, 22 Jun 2025 16:07:55 GMT
23:07:55.155 [pool-2-thread-4] DEBUG org.apache.http.headers -- http-outgoing-96 << Connection: keep-alive
23:07:55.155 [pool-2-thread-4] DEBUG org.apache.http.headers -- http-outgoing-96 << Keep-Alive: timeout=5
23:07:55.155 [pool-2-thread-4] DEBUG org.apache.http.impl.execchain.MainClientExec -- Connection can be kept alive for 5000 MILLISECONDS
23:07:55.155 [pool-2-thread-4] DEBUG org.apache.http.impl.conn.PoolingHttpClientConnectionManager -- Connection [id: 96][route: {}->http://localhost:3000] can be kept alive for 5.0 seconds
23:07:55.155 [pool-2-thread-4] DEBUG org.apache.http.impl.conn.DefaultManagedHttpClientConnection -- http-outgoing-96: set socket timeout to 0
23:07:55.155 [pool-2-thread-4] DEBUG org.apache.http.impl.conn.PoolingHttpClientConnectionManager -- Connection released: [id: 96][route: {}->http://localhost:3000][total available: 1; route allocated: 1 of 5; total allocated: 1 of 10]
23:07:55.155 [pool-2-thread-4] DEBUG org.apache.http.impl.conn.PoolingHttpClientConnectionManager -- Connection manager is shutting down
23:07:55.155 [pool-2-thread-4] DEBUG org.apache.http.impl.conn.DefaultManagedHttpClientConnection -- http-outgoing-96: Close connection
23:07:55.155 [pool-2-thread-4] DEBUG org.apache.http.impl.conn.PoolingHttpClientConnectionManager -- Connection manager shut down
23:07:55.155 [pool-2-thread-4] DEBUG com.intuit.karate -- response time in milliseconds: 2000
4 < 200
4 < X-Powered-By: Express
4 < Access-Control-Allow-Origin: *
4 < Content-Type: application/json; charset=utf-8
4 < Content-Length: 608
4 < ETag: W/"260-GX0V/PgdUn25Hzf+kByK+qCqd5c"
4 < Date: Sun, 22 Jun 2025 16:07:55 GMT
4 < Connection: keep-alive
4 < Keep-Alive: timeout=5
{"access_token":"eyJhbGciOiJIUzI1NiIsInR5cCI6IkpXVCJ9.eyJzdWIiOiI4YTI0NzQ2MS01YzA0LTQyMWQtOThmNS1mYTljNzM0ZmFlYTUiLCJ1c2VybmFtZSI6ImphbmVzbWl0aCIsInJvbGUiOjAsImlhdCI6MTc1MDYwODQ3NCwiZXhwIjoxNzUwNjEyMDc0fQ.DIsS06tUJXIHqrgjC8l1j-6It6hdGAF1Sh8_NoKzSsA","refresh_token":"50b3e7b3843881dd385d6ac09aaff49268121a52b28fd95a1fba65e7fb0f1240","user":{"id":"8a247461-5c04-421d-98f5-fa9c734faea5","email":"test2@example.com","username":"janesmith","name":"Jane Smith","phoneNumber":"01234567890","profilePic":null,"bio":null,"private":false,"verified":false,"role":0,"followersCount":0,"followingCount":0,"postCount":0}}

23:07:55.156 [pool-2-thread-4] INFO com.intuit.karate -- [print] Call 4 completed, status: 200 
23:07:55.156 [pool-2-thread-4] INFO com.intuit.karate -- [print] *** API CALL 5 *** 
23:07:55.157 [pool-2-thread-4] DEBUG org.apache.http.client.protocol.RequestAddCookies -- CookieSpec selected: karate
23:07:55.157 [pool-2-thread-4] DEBUG org.apache.http.client.protocol.RequestAuthCache -- Auth cache not set in the context
23:07:55.157 [pool-2-thread-4] DEBUG com.intuit.karate -- request:
5 > POST http://localhost:3000/auth/login
5 > Content-Type: application/json; charset=UTF-8
5 > Content-Length: 54
5 > Host: localhost:3000
5 > Connection: Keep-Alive
5 > User-Agent: Apache-HttpClient/4.5.14 (Java/17.0.9)
5 > Accept-Encoding: gzip,deflate
{"email":"test2@example.com","password":"Password123"}

23:07:55.157 [pool-2-thread-4] DEBUG org.apache.http.impl.conn.PoolingHttpClientConnectionManager -- Connection request: [route: {}->http://localhost:3000][total available: 0; route allocated: 0 of 5; total allocated: 0 of 10]
23:07:55.158 [pool-2-thread-4] DEBUG org.apache.http.impl.conn.PoolingHttpClientConnectionManager -- Connection leased: [id: 116][route: {}->http://localhost:3000][total available: 0; route allocated: 1 of 5; total allocated: 1 of 10]
23:07:55.158 [pool-2-thread-4] DEBUG org.apache.http.impl.execchain.MainClientExec -- Opening connection {}->http://localhost:3000
23:07:55.158 [pool-2-thread-4] DEBUG org.apache.http.impl.conn.DefaultHttpClientConnectionOperator -- Connecting to localhost/127.0.0.1:3000
23:07:55.158 [pool-2-thread-4] DEBUG org.apache.http.impl.conn.DefaultHttpClientConnectionOperator -- Connection established 127.0.0.1:52782<->127.0.0.1:3000
23:07:55.158 [pool-2-thread-4] DEBUG org.apache.http.impl.conn.DefaultManagedHttpClientConnection -- http-outgoing-116: set socket timeout to 30000
23:07:55.158 [pool-2-thread-4] DEBUG org.apache.http.impl.execchain.MainClientExec -- Executing request POST /auth/login HTTP/1.1
23:07:55.158 [pool-2-thread-4] DEBUG org.apache.http.impl.execchain.MainClientExec -- Target auth state: UNCHALLENGED
23:07:55.158 [pool-2-thread-4] DEBUG org.apache.http.impl.execchain.MainClientExec -- Proxy auth state: UNCHALLENGED
23:07:55.158 [pool-2-thread-4] DEBUG org.apache.http.headers -- http-outgoing-116 >> POST /auth/login HTTP/1.1
23:07:55.158 [pool-2-thread-4] DEBUG org.apache.http.headers -- http-outgoing-116 >> Content-Type: application/json; charset=UTF-8
23:07:55.158 [pool-2-thread-4] DEBUG org.apache.http.headers -- http-outgoing-116 >> Content-Length: 54
23:07:55.158 [pool-2-thread-4] DEBUG org.apache.http.headers -- http-outgoing-116 >> Host: localhost:3000
23:07:55.158 [pool-2-thread-4] DEBUG org.apache.http.headers -- http-outgoing-116 >> Connection: Keep-Alive
23:07:55.158 [pool-2-thread-4] DEBUG org.apache.http.headers -- http-outgoing-116 >> User-Agent: Apache-HttpClient/4.5.14 (Java/17.0.9)
23:07:55.158 [pool-2-thread-4] DEBUG org.apache.http.headers -- http-outgoing-116 >> Accept-Encoding: gzip,deflate
23:07:55.158 [pool-2-thread-4] DEBUG org.apache.http.wire -- http-outgoing-116 >> "POST /auth/login HTTP/1.1[\r][\n]"
23:07:55.158 [pool-2-thread-4] DEBUG org.apache.http.wire -- http-outgoing-116 >> "Content-Type: application/json; charset=UTF-8[\r][\n]"
23:07:55.158 [pool-2-thread-4] DEBUG org.apache.http.wire -- http-outgoing-116 >> "Content-Length: 54[\r][\n]"
23:07:55.158 [pool-2-thread-4] DEBUG org.apache.http.wire -- http-outgoing-116 >> "Host: localhost:3000[\r][\n]"
23:07:55.158 [pool-2-thread-4] DEBUG org.apache.http.wire -- http-outgoing-116 >> "Connection: Keep-Alive[\r][\n]"
23:07:55.158 [pool-2-thread-4] DEBUG org.apache.http.wire -- http-outgoing-116 >> "User-Agent: Apache-HttpClient/4.5.14 (Java/17.0.9)[\r][\n]"
23:07:55.158 [pool-2-thread-4] DEBUG org.apache.http.wire -- http-outgoing-116 >> "Accept-Encoding: gzip,deflate[\r][\n]"
23:07:55.158 [pool-2-thread-4] DEBUG org.apache.http.wire -- http-outgoing-116 >> "[\r][\n]"
23:07:55.158 [pool-2-thread-4] DEBUG org.apache.http.wire -- http-outgoing-116 >> "{"email":"test2@example.com","password":"Password123"}"
23:07:55.178 [pool-2-thread-12] DEBUG org.apache.http.wire -- http-outgoing-90 << "HTTP/1.1 200 OK[\r][\n]"
23:07:55.178 [pool-2-thread-12] DEBUG org.apache.http.wire -- http-outgoing-90 << "X-Powered-By: Express[\r][\n]"
23:07:55.178 [pool-2-thread-12] DEBUG org.apache.http.wire -- http-outgoing-90 << "Access-Control-Allow-Origin: *[\r][\n]"
23:07:55.178 [pool-2-thread-12] DEBUG org.apache.http.wire -- http-outgoing-90 << "Content-Type: application/json; charset=utf-8[\r][\n]"
23:07:55.178 [pool-2-thread-12] DEBUG org.apache.http.wire -- http-outgoing-90 << "Content-Length: 715[\r][\n]"
23:07:55.178 [pool-2-thread-12] DEBUG org.apache.http.wire -- http-outgoing-90 << "ETag: W/"2cb-ncuWH3gO3DtI2Rmh0FaszGaCAAg"[\r][\n]"
23:07:55.178 [pool-2-thread-12] DEBUG org.apache.http.wire -- http-outgoing-90 << "Date: Sun, 22 Jun 2025 16:07:55 GMT[\r][\n]"
23:07:55.178 [pool-2-thread-12] DEBUG org.apache.http.wire -- http-outgoing-90 << "Connection: keep-alive[\r][\n]"
23:07:55.178 [pool-2-thread-12] DEBUG org.apache.http.wire -- http-outgoing-90 << "Keep-Alive: timeout=5[\r][\n]"
23:07:55.178 [pool-2-thread-12] DEBUG org.apache.http.wire -- http-outgoing-90 << "[\r][\n]"
23:07:55.178 [pool-2-thread-12] DEBUG org.apache.http.wire -- http-outgoing-90 << "{"access_token":"eyJhbGciOiJIUzI1NiIsInR5cCI6IkpXVCJ9.eyJzdWIiOiIyYjg0YWEyNC02NjhhLTQwZTItYWYxYy1hZDRmYzRmYTVhNmYiLCJ1c2VybmFtZSI6InF1YW5nMSIsInJvbGUiOjAsImlhdCI6MTc1MDYwODQ3NCwiZXhwIjoxNzUwNjEyMDc0fQ.AqmpB3bc10M6feUUy8WPHFZybdKQAYB62mVsJiEAzL4","refresh_token":"d096245a31c5fb9cdbcdfa06bb4bc6cfa94fdc95b54d87a28e683aaec088f21a","user":{"id":"2b84aa24-668a-40e2-af1c-ad4fc4fa5a6f","email":"quang1@gmail.com","username":"quang1","name":"quang1","phoneNumber":"09874563210","profilePic":"https://res.cloudinary.com/dizcvrefo/image/upload/v1749027586/nestjs_uploads/xehairydt9rzlbmbmv4c.jpg","bio":"Thang Nam Lao Vua Thoi","private":false,"verified":false,"role":0,"followersCount":2,"followingCount":3,"postCount":2}}"
23:07:55.178 [pool-2-thread-12] DEBUG org.apache.http.headers -- http-outgoing-90 << HTTP/1.1 200 OK
23:07:55.178 [pool-2-thread-12] DEBUG org.apache.http.headers -- http-outgoing-90 << X-Powered-By: Express
23:07:55.178 [pool-2-thread-12] DEBUG org.apache.http.headers -- http-outgoing-90 << Access-Control-Allow-Origin: *
23:07:55.178 [pool-2-thread-12] DEBUG org.apache.http.headers -- http-outgoing-90 << Content-Type: application/json; charset=utf-8
23:07:55.178 [pool-2-thread-12] DEBUG org.apache.http.headers -- http-outgoing-90 << Content-Length: 715
23:07:55.178 [pool-2-thread-12] DEBUG org.apache.http.headers -- http-outgoing-90 << ETag: W/"2cb-ncuWH3gO3DtI2Rmh0FaszGaCAAg"
23:07:55.178 [pool-2-thread-12] DEBUG org.apache.http.headers -- http-outgoing-90 << Date: Sun, 22 Jun 2025 16:07:55 GMT
23:07:55.178 [pool-2-thread-12] DEBUG org.apache.http.headers -- http-outgoing-90 << Connection: keep-alive
23:07:55.178 [pool-2-thread-12] DEBUG org.apache.http.headers -- http-outgoing-90 << Keep-Alive: timeout=5
23:07:55.178 [pool-2-thread-12] DEBUG org.apache.http.impl.execchain.MainClientExec -- Connection can be kept alive for 5000 MILLISECONDS
23:07:55.179 [pool-2-thread-12] DEBUG org.apache.http.impl.conn.PoolingHttpClientConnectionManager -- Connection [id: 90][route: {}->http://localhost:3000] can be kept alive for 5.0 seconds
23:07:55.179 [pool-2-thread-12] DEBUG org.apache.http.impl.conn.DefaultManagedHttpClientConnection -- http-outgoing-90: set socket timeout to 0
23:07:55.179 [pool-2-thread-12] DEBUG org.apache.http.impl.conn.PoolingHttpClientConnectionManager -- Connection released: [id: 90][route: {}->http://localhost:3000][total available: 1; route allocated: 1 of 5; total allocated: 1 of 10]
23:07:55.179 [pool-2-thread-12] DEBUG org.apache.http.impl.conn.PoolingHttpClientConnectionManager -- Connection manager is shutting down
23:07:55.179 [pool-2-thread-12] DEBUG org.apache.http.impl.conn.DefaultManagedHttpClientConnection -- http-outgoing-90: Close connection
23:07:55.179 [pool-2-thread-12] DEBUG org.apache.http.impl.conn.PoolingHttpClientConnectionManager -- Connection manager shut down
23:07:55.179 [pool-2-thread-12] DEBUG com.intuit.karate -- response time in milliseconds: 2893
3 < 200
3 < X-Powered-By: Express
3 < Access-Control-Allow-Origin: *
3 < Content-Type: application/json; charset=utf-8
3 < Content-Length: 715
3 < ETag: W/"2cb-ncuWH3gO3DtI2Rmh0FaszGaCAAg"
3 < Date: Sun, 22 Jun 2025 16:07:55 GMT
3 < Connection: keep-alive
3 < Keep-Alive: timeout=5
{"access_token":"eyJhbGciOiJIUzI1NiIsInR5cCI6IkpXVCJ9.eyJzdWIiOiIyYjg0YWEyNC02NjhhLTQwZTItYWYxYy1hZDRmYzRmYTVhNmYiLCJ1c2VybmFtZSI6InF1YW5nMSIsInJvbGUiOjAsImlhdCI6MTc1MDYwODQ3NCwiZXhwIjoxNzUwNjEyMDc0fQ.AqmpB3bc10M6feUUy8WPHFZybdKQAYB62mVsJiEAzL4","refresh_token":"d096245a31c5fb9cdbcdfa06bb4bc6cfa94fdc95b54d87a28e683aaec088f21a","user":{"id":"2b84aa24-668a-40e2-af1c-ad4fc4fa5a6f","email":"quang1@gmail.com","username":"quang1","name":"quang1","phoneNumber":"09874563210","profilePic":"https://res.cloudinary.com/dizcvrefo/image/upload/v1749027586/nestjs_uploads/xehairydt9rzlbmbmv4c.jpg","bio":"Thang Nam Lao Vua Thoi","private":false,"verified":false,"role":0,"followersCount":2,"followingCount":3,"postCount":2}}

23:07:55.180 [pool-2-thread-12] INFO com.intuit.karate -- [print] Call 3 completed, status: 200 
23:07:55.181 [pool-2-thread-12] INFO com.intuit.karate -- [print] *** API CALL 4 *** 
23:07:55.181 [pool-2-thread-12] DEBUG org.apache.http.client.protocol.RequestAddCookies -- CookieSpec selected: karate
23:07:55.181 [pool-2-thread-12] DEBUG org.apache.http.client.protocol.RequestAuthCache -- Auth cache not set in the context
23:07:55.181 [pool-2-thread-12] DEBUG com.intuit.karate -- request:
4 > POST http://localhost:3000/auth/login
4 > Content-Type: application/json; charset=UTF-8
4 > Content-Length: 48
4 > Host: localhost:3000
4 > Connection: Keep-Alive
4 > User-Agent: Apache-HttpClient/4.5.14 (Java/17.0.9)
4 > Accept-Encoding: gzip,deflate
{"email":"quang1@gmail.com","password":"quang1"}

23:07:55.181 [pool-2-thread-12] DEBUG org.apache.http.impl.conn.PoolingHttpClientConnectionManager -- Connection request: [route: {}->http://localhost:3000][total available: 0; route allocated: 0 of 5; total allocated: 0 of 10]
23:07:55.181 [pool-2-thread-12] DEBUG org.apache.http.impl.conn.PoolingHttpClientConnectionManager -- Connection leased: [id: 117][route: {}->http://localhost:3000][total available: 0; route allocated: 1 of 5; total allocated: 1 of 10]
23:07:55.181 [pool-2-thread-12] DEBUG org.apache.http.impl.execchain.MainClientExec -- Opening connection {}->http://localhost:3000
23:07:55.181 [pool-2-thread-12] DEBUG org.apache.http.impl.conn.DefaultHttpClientConnectionOperator -- Connecting to localhost/127.0.0.1:3000
23:07:55.182 [pool-2-thread-12] DEBUG org.apache.http.impl.conn.DefaultHttpClientConnectionOperator -- Connection established 127.0.0.1:52783<->127.0.0.1:3000
23:07:55.182 [pool-2-thread-12] DEBUG org.apache.http.impl.conn.DefaultManagedHttpClientConnection -- http-outgoing-117: set socket timeout to 30000
23:07:55.182 [pool-2-thread-12] DEBUG org.apache.http.impl.execchain.MainClientExec -- Executing request POST /auth/login HTTP/1.1
23:07:55.182 [pool-2-thread-12] DEBUG org.apache.http.impl.execchain.MainClientExec -- Target auth state: UNCHALLENGED
23:07:55.182 [pool-2-thread-12] DEBUG org.apache.http.impl.execchain.MainClientExec -- Proxy auth state: UNCHALLENGED
23:07:55.182 [pool-2-thread-12] DEBUG org.apache.http.headers -- http-outgoing-117 >> POST /auth/login HTTP/1.1
23:07:55.182 [pool-2-thread-12] DEBUG org.apache.http.headers -- http-outgoing-117 >> Content-Type: application/json; charset=UTF-8
23:07:55.182 [pool-2-thread-12] DEBUG org.apache.http.headers -- http-outgoing-117 >> Content-Length: 48
23:07:55.182 [pool-2-thread-12] DEBUG org.apache.http.headers -- http-outgoing-117 >> Host: localhost:3000
23:07:55.182 [pool-2-thread-12] DEBUG org.apache.http.headers -- http-outgoing-117 >> Connection: Keep-Alive
23:07:55.182 [pool-2-thread-12] DEBUG org.apache.http.headers -- http-outgoing-117 >> User-Agent: Apache-HttpClient/4.5.14 (Java/17.0.9)
23:07:55.182 [pool-2-thread-12] DEBUG org.apache.http.headers -- http-outgoing-117 >> Accept-Encoding: gzip,deflate
23:07:55.182 [pool-2-thread-12] DEBUG org.apache.http.wire -- http-outgoing-117 >> "POST /auth/login HTTP/1.1[\r][\n]"
23:07:55.182 [pool-2-thread-12] DEBUG org.apache.http.wire -- http-outgoing-117 >> "Content-Type: application/json; charset=UTF-8[\r][\n]"
23:07:55.182 [pool-2-thread-12] DEBUG org.apache.http.wire -- http-outgoing-117 >> "Content-Length: 48[\r][\n]"
23:07:55.182 [pool-2-thread-12] DEBUG org.apache.http.wire -- http-outgoing-117 >> "Host: localhost:3000[\r][\n]"
23:07:55.182 [pool-2-thread-12] DEBUG org.apache.http.wire -- http-outgoing-117 >> "Connection: Keep-Alive[\r][\n]"
23:07:55.182 [pool-2-thread-12] DEBUG org.apache.http.wire -- http-outgoing-117 >> "User-Agent: Apache-HttpClient/4.5.14 (Java/17.0.9)[\r][\n]"
23:07:55.182 [pool-2-thread-12] DEBUG org.apache.http.wire -- http-outgoing-117 >> "Accept-Encoding: gzip,deflate[\r][\n]"
23:07:55.182 [pool-2-thread-12] DEBUG org.apache.http.wire -- http-outgoing-117 >> "[\r][\n]"
23:07:55.182 [pool-2-thread-12] DEBUG org.apache.http.wire -- http-outgoing-117 >> "{"email":"quang1@gmail.com","password":"quang1"}"
23:07:55.196 [pool-2-thread-17] DEBUG org.apache.http.wire -- http-outgoing-92 << "HTTP/1.1 200 OK[\r][\n]"
23:07:55.196 [pool-2-thread-17] DEBUG org.apache.http.wire -- http-outgoing-92 << "X-Powered-By: Express[\r][\n]"
23:07:55.196 [pool-2-thread-17] DEBUG org.apache.http.wire -- http-outgoing-92 << "Access-Control-Allow-Origin: *[\r][\n]"
23:07:55.196 [pool-2-thread-17] DEBUG org.apache.http.wire -- http-outgoing-92 << "Content-Type: application/json; charset=utf-8[\r][\n]"
23:07:55.196 [pool-2-thread-17] DEBUG org.apache.http.wire -- http-outgoing-92 << "Content-Length: 605[\r][\n]"
23:07:55.196 [pool-2-thread-17] DEBUG org.apache.http.wire -- http-outgoing-92 << "ETag: W/"25d-Cvr2xeBCl+ddGVQ3JOi6BoM3jeU"[\r][\n]"
23:07:55.196 [pool-2-thread-17] DEBUG org.apache.http.wire -- http-outgoing-92 << "Date: Sun, 22 Jun 2025 16:07:55 GMT[\r][\n]"
23:07:55.196 [pool-2-thread-17] DEBUG org.apache.http.wire -- http-outgoing-92 << "Connection: keep-alive[\r][\n]"
23:07:55.196 [pool-2-thread-17] DEBUG org.apache.http.wire -- http-outgoing-92 << "Keep-Alive: timeout=5[\r][\n]"
23:07:55.196 [pool-2-thread-17] DEBUG org.apache.http.wire -- http-outgoing-92 << "[\r][\n]"
23:07:55.196 [pool-2-thread-17] DEBUG org.apache.http.wire -- http-outgoing-92 << "{"access_token":"eyJhbGciOiJIUzI1NiIsInR5cCI6IkpXVCJ9.eyJzdWIiOiI2NTBjZTFlZC1hYWNhLTQzOGYtOTk4OC0xZjA1OGFiNWFhMWEiLCJ1c2VybmFtZSI6ImpvaG5kb2UyNSIsInJvbGUiOjAsImlhdCI6MTc1MDYwODQ3NCwiZXhwIjoxNzUwNjEyMDc0fQ.Yq6sPCVzNyyXDjBKt1NY2WGSpY-1dnuKm5KvlR1bjMk","refresh_token":"e32ed68446e78a8c9689bf0b5f364400bfa3f0966b0c3352bd84618815d6363f","user":{"id":"650ce1ed-aaca-438f-9988-1f058ab5aa1a","email":"testit3@gmail.com","username":"johndoe25","name":"John Doe","phoneNumber":"0123456713","profilePic":null,"bio":null,"private":false,"verified":false,"role":0,"followersCount":0,"followingCount":0,"postCount":0}}"
23:07:55.198 [pool-2-thread-17] DEBUG org.apache.http.headers -- http-outgoing-92 << HTTP/1.1 200 OK
23:07:55.198 [pool-2-thread-17] DEBUG org.apache.http.headers -- http-outgoing-92 << X-Powered-By: Express
23:07:55.198 [pool-2-thread-17] DEBUG org.apache.http.headers -- http-outgoing-92 << Access-Control-Allow-Origin: *
23:07:55.198 [pool-2-thread-17] DEBUG org.apache.http.headers -- http-outgoing-92 << Content-Type: application/json; charset=utf-8
23:07:55.198 [pool-2-thread-17] DEBUG org.apache.http.headers -- http-outgoing-92 << Content-Length: 605
23:07:55.198 [pool-2-thread-17] DEBUG org.apache.http.headers -- http-outgoing-92 << ETag: W/"25d-Cvr2xeBCl+ddGVQ3JOi6BoM3jeU"
23:07:55.198 [pool-2-thread-17] DEBUG org.apache.http.headers -- http-outgoing-92 << Date: Sun, 22 Jun 2025 16:07:55 GMT
23:07:55.198 [pool-2-thread-17] DEBUG org.apache.http.headers -- http-outgoing-92 << Connection: keep-alive
23:07:55.198 [pool-2-thread-17] DEBUG org.apache.http.headers -- http-outgoing-92 << Keep-Alive: timeout=5
23:07:55.198 [pool-2-thread-17] DEBUG org.apache.http.impl.execchain.MainClientExec -- Connection can be kept alive for 5000 MILLISECONDS
23:07:55.198 [pool-2-thread-17] DEBUG org.apache.http.impl.conn.PoolingHttpClientConnectionManager -- Connection [id: 92][route: {}->http://localhost:3000] can be kept alive for 5.0 seconds
23:07:55.198 [pool-2-thread-17] DEBUG org.apache.http.impl.conn.DefaultManagedHttpClientConnection -- http-outgoing-92: set socket timeout to 0
23:07:55.198 [pool-2-thread-17] DEBUG org.apache.http.impl.conn.PoolingHttpClientConnectionManager -- Connection released: [id: 92][route: {}->http://localhost:3000][total available: 1; route allocated: 1 of 5; total allocated: 1 of 10]
23:07:55.198 [pool-2-thread-17] DEBUG org.apache.http.impl.conn.PoolingHttpClientConnectionManager -- Connection manager is shutting down
23:07:55.198 [pool-2-thread-17] DEBUG org.apache.http.impl.conn.DefaultManagedHttpClientConnection -- http-outgoing-92: Close connection
23:07:55.198 [pool-2-thread-17] DEBUG org.apache.http.impl.conn.PoolingHttpClientConnectionManager -- Connection manager shut down
23:07:55.198 [pool-2-thread-17] DEBUG com.intuit.karate -- response time in milliseconds: 2892
3 < 200
3 < X-Powered-By: Express
3 < Access-Control-Allow-Origin: *
3 < Content-Type: application/json; charset=utf-8
3 < Content-Length: 605
3 < ETag: W/"25d-Cvr2xeBCl+ddGVQ3JOi6BoM3jeU"
3 < Date: Sun, 22 Jun 2025 16:07:55 GMT
3 < Connection: keep-alive
3 < Keep-Alive: timeout=5
{"access_token":"eyJhbGciOiJIUzI1NiIsInR5cCI6IkpXVCJ9.eyJzdWIiOiI2NTBjZTFlZC1hYWNhLTQzOGYtOTk4OC0xZjA1OGFiNWFhMWEiLCJ1c2VybmFtZSI6ImpvaG5kb2UyNSIsInJvbGUiOjAsImlhdCI6MTc1MDYwODQ3NCwiZXhwIjoxNzUwNjEyMDc0fQ.Yq6sPCVzNyyXDjBKt1NY2WGSpY-1dnuKm5KvlR1bjMk","refresh_token":"e32ed68446e78a8c9689bf0b5f364400bfa3f0966b0c3352bd84618815d6363f","user":{"id":"650ce1ed-aaca-438f-9988-1f058ab5aa1a","email":"testit3@gmail.com","username":"johndoe25","name":"John Doe","phoneNumber":"0123456713","profilePic":null,"bio":null,"private":false,"verified":false,"role":0,"followersCount":0,"followingCount":0,"postCount":0}}

23:07:55.200 [pool-2-thread-17] INFO com.intuit.karate -- [print] Call 3 completed, status: 200 
23:07:55.201 [pool-2-thread-17] INFO com.intuit.karate -- [print] *** API CALL 4 *** 
23:07:55.201 [pool-2-thread-30] DEBUG org.apache.http.wire -- http-outgoing-91 << "HTTP/1.1 200 OK[\r][\n]"
23:07:55.201 [pool-2-thread-30] DEBUG org.apache.http.wire -- http-outgoing-91 << "X-Powered-By: Express[\r][\n]"
23:07:55.201 [pool-2-thread-30] DEBUG org.apache.http.wire -- http-outgoing-91 << "Access-Control-Allow-Origin: *[\r][\n]"
23:07:55.201 [pool-2-thread-30] DEBUG org.apache.http.wire -- http-outgoing-91 << "Content-Type: application/json; charset=utf-8[\r][\n]"
23:07:55.201 [pool-2-thread-30] DEBUG org.apache.http.wire -- http-outgoing-91 << "Content-Length: 605[\r][\n]"
23:07:55.201 [pool-2-thread-30] DEBUG org.apache.http.wire -- http-outgoing-91 << "ETag: W/"25d-qnTHA4eN65KHvOOPKtWKWpNbWnc"[\r][\n]"
23:07:55.201 [pool-2-thread-30] DEBUG org.apache.http.wire -- http-outgoing-91 << "Date: Sun, 22 Jun 2025 16:07:55 GMT[\r][\n]"
23:07:55.201 [pool-2-thread-30] DEBUG org.apache.http.wire -- http-outgoing-91 << "Connection: keep-alive[\r][\n]"
23:07:55.201 [pool-2-thread-30] DEBUG org.apache.http.wire -- http-outgoing-91 << "Keep-Alive: timeout=5[\r][\n]"
23:07:55.201 [pool-2-thread-30] DEBUG org.apache.http.wire -- http-outgoing-91 << "[\r][\n]"
23:07:55.201 [pool-2-thread-30] DEBUG org.apache.http.wire -- http-outgoing-91 << "{"access_token":"eyJhbGciOiJIUzI1NiIsInR5cCI6IkpXVCJ9.eyJzdWIiOiIwYTM3ZWY0My1mZWU4LTQxZDMtYTY4Ni04YWIwODY5NDg2OTUiLCJ1c2VybmFtZSI6ImpvaG5kb2UyMSIsInJvbGUiOjAsImlhdCI6MTc1MDYwODQ3NCwiZXhwIjoxNzUwNjEyMDc0fQ.kg4QLFJyc6eSKxHhxhc1X9F7hKkB_YmdqduQ-CcjIWY","refresh_token":"15b5aa19870d040ed1587d535f4b32665ceb3b5b822e149bc4c55d96deb4d9ad","user":{"id":"0a37ef43-fee8-41d3-a686-8ab086948695","email":"testit2@gmail.com","username":"johndoe21","name":"John Doe","phoneNumber":"0123456712","profilePic":null,"bio":null,"private":false,"verified":false,"role":0,"followersCount":0,"followingCount":0,"postCount":0}}"
23:07:55.201 [pool-2-thread-30] DEBUG org.apache.http.headers -- http-outgoing-91 << HTTP/1.1 200 OK
23:07:55.201 [pool-2-thread-30] DEBUG org.apache.http.headers -- http-outgoing-91 << X-Powered-By: Express
23:07:55.201 [pool-2-thread-30] DEBUG org.apache.http.headers -- http-outgoing-91 << Access-Control-Allow-Origin: *
23:07:55.201 [pool-2-thread-30] DEBUG org.apache.http.headers -- http-outgoing-91 << Content-Type: application/json; charset=utf-8
23:07:55.201 [pool-2-thread-30] DEBUG org.apache.http.headers -- http-outgoing-91 << Content-Length: 605
23:07:55.201 [pool-2-thread-30] DEBUG org.apache.http.headers -- http-outgoing-91 << ETag: W/"25d-qnTHA4eN65KHvOOPKtWKWpNbWnc"
23:07:55.201 [pool-2-thread-30] DEBUG org.apache.http.headers -- http-outgoing-91 << Date: Sun, 22 Jun 2025 16:07:55 GMT
23:07:55.201 [pool-2-thread-30] DEBUG org.apache.http.headers -- http-outgoing-91 << Connection: keep-alive
23:07:55.201 [pool-2-thread-30] DEBUG org.apache.http.headers -- http-outgoing-91 << Keep-Alive: timeout=5
23:07:55.201 [pool-2-thread-30] DEBUG org.apache.http.impl.execchain.MainClientExec -- Connection can be kept alive for 5000 MILLISECONDS
23:07:55.201 [pool-2-thread-30] DEBUG org.apache.http.impl.conn.PoolingHttpClientConnectionManager -- Connection [id: 91][route: {}->http://localhost:3000] can be kept alive for 5.0 seconds
23:07:55.201 [pool-2-thread-30] DEBUG org.apache.http.impl.conn.DefaultManagedHttpClientConnection -- http-outgoing-91: set socket timeout to 0
23:07:55.201 [pool-2-thread-30] DEBUG org.apache.http.impl.conn.PoolingHttpClientConnectionManager -- Connection released: [id: 91][route: {}->http://localhost:3000][total available: 1; route allocated: 1 of 5; total allocated: 1 of 10]
23:07:55.201 [pool-2-thread-30] DEBUG org.apache.http.impl.conn.PoolingHttpClientConnectionManager -- Connection manager is shutting down
23:07:55.201 [pool-2-thread-30] DEBUG org.apache.http.impl.conn.DefaultManagedHttpClientConnection -- http-outgoing-91: Close connection
23:07:55.202 [pool-2-thread-30] DEBUG org.apache.http.impl.conn.PoolingHttpClientConnectionManager -- Connection manager shut down
23:07:55.202 [pool-2-thread-30] DEBUG com.intuit.karate -- response time in milliseconds: 2913
4 < 200
4 < X-Powered-By: Express
4 < Access-Control-Allow-Origin: *
4 < Content-Type: application/json; charset=utf-8
4 < Content-Length: 605
4 < ETag: W/"25d-qnTHA4eN65KHvOOPKtWKWpNbWnc"
4 < Date: Sun, 22 Jun 2025 16:07:55 GMT
4 < Connection: keep-alive
4 < Keep-Alive: timeout=5
{"access_token":"eyJhbGciOiJIUzI1NiIsInR5cCI6IkpXVCJ9.eyJzdWIiOiIwYTM3ZWY0My1mZWU4LTQxZDMtYTY4Ni04YWIwODY5NDg2OTUiLCJ1c2VybmFtZSI6ImpvaG5kb2UyMSIsInJvbGUiOjAsImlhdCI6MTc1MDYwODQ3NCwiZXhwIjoxNzUwNjEyMDc0fQ.kg4QLFJyc6eSKxHhxhc1X9F7hKkB_YmdqduQ-CcjIWY","refresh_token":"15b5aa19870d040ed1587d535f4b32665ceb3b5b822e149bc4c55d96deb4d9ad","user":{"id":"0a37ef43-fee8-41d3-a686-8ab086948695","email":"testit2@gmail.com","username":"johndoe21","name":"John Doe","phoneNumber":"0123456712","profilePic":null,"bio":null,"private":false,"verified":false,"role":0,"followersCount":0,"followingCount":0,"postCount":0}}

23:07:55.202 [pool-2-thread-17] DEBUG org.apache.http.client.protocol.RequestAddCookies -- CookieSpec selected: karate
23:07:55.202 [pool-2-thread-17] DEBUG org.apache.http.client.protocol.RequestAuthCache -- Auth cache not set in the context
23:07:55.202 [pool-2-thread-30] INFO com.intuit.karate -- [print] Call 4 completed, status: 200 
23:07:55.202 [pool-2-thread-17] DEBUG com.intuit.karate -- request:
4 > POST http://localhost:3000/auth/login
4 > Content-Type: application/json; charset=UTF-8
4 > Content-Length: 54
4 > Host: localhost:3000
4 > Connection: Keep-Alive
4 > User-Agent: Apache-HttpClient/4.5.14 (Java/17.0.9)
4 > Accept-Encoding: gzip,deflate
{"email":"testit3@gmail.com","password":"Password123"}

23:07:55.203 [pool-2-thread-17] DEBUG org.apache.http.impl.conn.PoolingHttpClientConnectionManager -- Connection request: [route: {}->http://localhost:3000][total available: 0; route allocated: 0 of 5; total allocated: 0 of 10]
23:07:55.203 [pool-2-thread-17] DEBUG org.apache.http.impl.conn.PoolingHttpClientConnectionManager -- Connection leased: [id: 118][route: {}->http://localhost:3000][total available: 0; route allocated: 1 of 5; total allocated: 1 of 10]
23:07:55.203 [pool-2-thread-17] DEBUG org.apache.http.impl.execchain.MainClientExec -- Opening connection {}->http://localhost:3000
23:07:55.203 [pool-2-thread-17] DEBUG org.apache.http.impl.conn.DefaultHttpClientConnectionOperator -- Connecting to localhost/127.0.0.1:3000
23:07:55.203 [pool-2-thread-30] INFO com.intuit.karate -- [print] *** API CALL 5 *** 
23:07:55.203 [pool-2-thread-17] DEBUG org.apache.http.impl.conn.DefaultHttpClientConnectionOperator -- Connection established 127.0.0.1:52784<->127.0.0.1:3000
23:07:55.203 [pool-2-thread-17] DEBUG org.apache.http.impl.conn.DefaultManagedHttpClientConnection -- http-outgoing-118: set socket timeout to 30000
23:07:55.203 [pool-2-thread-17] DEBUG org.apache.http.impl.execchain.MainClientExec -- Executing request POST /auth/login HTTP/1.1
23:07:55.203 [pool-2-thread-17] DEBUG org.apache.http.impl.execchain.MainClientExec -- Target auth state: UNCHALLENGED
23:07:55.203 [pool-2-thread-17] DEBUG org.apache.http.impl.execchain.MainClientExec -- Proxy auth state: UNCHALLENGED
23:07:55.203 [pool-2-thread-17] DEBUG org.apache.http.headers -- http-outgoing-118 >> POST /auth/login HTTP/1.1
23:07:55.203 [pool-2-thread-17] DEBUG org.apache.http.headers -- http-outgoing-118 >> Content-Type: application/json; charset=UTF-8
23:07:55.203 [pool-2-thread-17] DEBUG org.apache.http.headers -- http-outgoing-118 >> Content-Length: 54
23:07:55.203 [pool-2-thread-17] DEBUG org.apache.http.headers -- http-outgoing-118 >> Host: localhost:3000
23:07:55.203 [pool-2-thread-17] DEBUG org.apache.http.headers -- http-outgoing-118 >> Connection: Keep-Alive
23:07:55.203 [pool-2-thread-17] DEBUG org.apache.http.headers -- http-outgoing-118 >> User-Agent: Apache-HttpClient/4.5.14 (Java/17.0.9)
23:07:55.203 [pool-2-thread-17] DEBUG org.apache.http.headers -- http-outgoing-118 >> Accept-Encoding: gzip,deflate
23:07:55.203 [pool-2-thread-17] DEBUG org.apache.http.wire -- http-outgoing-118 >> "POST /auth/login HTTP/1.1[\r][\n]"
23:07:55.203 [pool-2-thread-17] DEBUG org.apache.http.wire -- http-outgoing-118 >> "Content-Type: application/json; charset=UTF-8[\r][\n]"
23:07:55.203 [pool-2-thread-17] DEBUG org.apache.http.wire -- http-outgoing-118 >> "Content-Length: 54[\r][\n]"
23:07:55.203 [pool-2-thread-17] DEBUG org.apache.http.wire -- http-outgoing-118 >> "Host: localhost:3000[\r][\n]"
23:07:55.203 [pool-2-thread-17] DEBUG org.apache.http.wire -- http-outgoing-118 >> "Connection: Keep-Alive[\r][\n]"
23:07:55.203 [pool-2-thread-17] DEBUG org.apache.http.wire -- http-outgoing-118 >> "User-Agent: Apache-HttpClient/4.5.14 (Java/17.0.9)[\r][\n]"
23:07:55.203 [pool-2-thread-17] DEBUG org.apache.http.wire -- http-outgoing-118 >> "Accept-Encoding: gzip,deflate[\r][\n]"
23:07:55.203 [pool-2-thread-17] DEBUG org.apache.http.wire -- http-outgoing-118 >> "[\r][\n]"
23:07:55.204 [pool-2-thread-17] DEBUG org.apache.http.wire -- http-outgoing-118 >> "{"email":"testit3@gmail.com","password":"Password123"}"
23:07:55.204 [pool-2-thread-30] DEBUG org.apache.http.client.protocol.RequestAddCookies -- CookieSpec selected: karate
23:07:55.204 [pool-2-thread-30] DEBUG org.apache.http.client.protocol.RequestAuthCache -- Auth cache not set in the context
23:07:55.204 [pool-2-thread-30] DEBUG com.intuit.karate -- request:
5 > POST http://localhost:3000/auth/login
5 > Content-Type: application/json; charset=UTF-8
5 > Content-Length: 54
5 > Host: localhost:3000
5 > Connection: Keep-Alive
5 > User-Agent: Apache-HttpClient/4.5.14 (Java/17.0.9)
5 > Accept-Encoding: gzip,deflate
{"email":"testit2@gmail.com","password":"Password123"}

23:07:55.204 [pool-2-thread-30] DEBUG org.apache.http.impl.conn.PoolingHttpClientConnectionManager -- Connection request: [route: {}->http://localhost:3000][total available: 0; route allocated: 0 of 5; total allocated: 0 of 10]
23:07:55.205 [pool-2-thread-30] DEBUG org.apache.http.impl.conn.PoolingHttpClientConnectionManager -- Connection leased: [id: 119][route: {}->http://localhost:3000][total available: 0; route allocated: 1 of 5; total allocated: 1 of 10]
23:07:55.205 [pool-2-thread-30] DEBUG org.apache.http.impl.execchain.MainClientExec -- Opening connection {}->http://localhost:3000
23:07:55.205 [pool-2-thread-30] DEBUG org.apache.http.impl.conn.DefaultHttpClientConnectionOperator -- Connecting to localhost/127.0.0.1:3000
23:07:55.205 [pool-2-thread-30] DEBUG org.apache.http.impl.conn.DefaultHttpClientConnectionOperator -- Connection established 127.0.0.1:52785<->127.0.0.1:3000
23:07:55.205 [pool-2-thread-30] DEBUG org.apache.http.impl.conn.DefaultManagedHttpClientConnection -- http-outgoing-119: set socket timeout to 30000
23:07:55.205 [pool-2-thread-30] DEBUG org.apache.http.impl.execchain.MainClientExec -- Executing request POST /auth/login HTTP/1.1
23:07:55.205 [pool-2-thread-30] DEBUG org.apache.http.impl.execchain.MainClientExec -- Target auth state: UNCHALLENGED
23:07:55.205 [pool-2-thread-30] DEBUG org.apache.http.impl.execchain.MainClientExec -- Proxy auth state: UNCHALLENGED
23:07:55.205 [pool-2-thread-30] DEBUG org.apache.http.headers -- http-outgoing-119 >> POST /auth/login HTTP/1.1
23:07:55.205 [pool-2-thread-30] DEBUG org.apache.http.headers -- http-outgoing-119 >> Content-Type: application/json; charset=UTF-8
23:07:55.205 [pool-2-thread-30] DEBUG org.apache.http.headers -- http-outgoing-119 >> Content-Length: 54
23:07:55.205 [pool-2-thread-30] DEBUG org.apache.http.headers -- http-outgoing-119 >> Host: localhost:3000
23:07:55.205 [pool-2-thread-30] DEBUG org.apache.http.headers -- http-outgoing-119 >> Connection: Keep-Alive
23:07:55.205 [pool-2-thread-30] DEBUG org.apache.http.headers -- http-outgoing-119 >> User-Agent: Apache-HttpClient/4.5.14 (Java/17.0.9)
23:07:55.205 [pool-2-thread-30] DEBUG org.apache.http.headers -- http-outgoing-119 >> Accept-Encoding: gzip,deflate
23:07:55.206 [pool-2-thread-30] DEBUG org.apache.http.wire -- http-outgoing-119 >> "POST /auth/login HTTP/1.1[\r][\n]"
23:07:55.206 [pool-2-thread-30] DEBUG org.apache.http.wire -- http-outgoing-119 >> "Content-Type: application/json; charset=UTF-8[\r][\n]"
23:07:55.206 [pool-2-thread-30] DEBUG org.apache.http.wire -- http-outgoing-119 >> "Content-Length: 54[\r][\n]"
23:07:55.206 [pool-2-thread-30] DEBUG org.apache.http.wire -- http-outgoing-119 >> "Host: localhost:3000[\r][\n]"
23:07:55.206 [pool-2-thread-30] DEBUG org.apache.http.wire -- http-outgoing-119 >> "Connection: Keep-Alive[\r][\n]"
23:07:55.206 [pool-2-thread-30] DEBUG org.apache.http.wire -- http-outgoing-119 >> "User-Agent: Apache-HttpClient/4.5.14 (Java/17.0.9)[\r][\n]"
23:07:55.206 [pool-2-thread-30] DEBUG org.apache.http.wire -- http-outgoing-119 >> "Accept-Encoding: gzip,deflate[\r][\n]"
23:07:55.206 [pool-2-thread-30] DEBUG org.apache.http.wire -- http-outgoing-119 >> "[\r][\n]"
23:07:55.206 [pool-2-thread-30] DEBUG org.apache.http.wire -- http-outgoing-119 >> "{"email":"testit2@gmail.com","password":"Password123"}"
23:07:55.214 [pool-2-thread-9] DEBUG org.apache.http.wire -- http-outgoing-93 << "HTTP/1.1 200 OK[\r][\n]"
23:07:55.214 [pool-2-thread-9] DEBUG org.apache.http.wire -- http-outgoing-93 << "X-Powered-By: Express[\r][\n]"
23:07:55.214 [pool-2-thread-9] DEBUG org.apache.http.wire -- http-outgoing-93 << "Access-Control-Allow-Origin: *[\r][\n]"
23:07:55.214 [pool-2-thread-9] DEBUG org.apache.http.wire -- http-outgoing-93 << "Content-Type: application/json; charset=utf-8[\r][\n]"
23:07:55.214 [pool-2-thread-9] DEBUG org.apache.http.wire -- http-outgoing-93 << "Content-Length: 604[\r][\n]"
23:07:55.214 [pool-2-thread-9] DEBUG org.apache.http.wire -- http-outgoing-93 << "ETag: W/"25c-jo8NAB3KEpmdzv9FwWnLxNXhbEQ"[\r][\n]"
23:07:55.214 [pool-2-thread-9] DEBUG org.apache.http.wire -- http-outgoing-93 << "Date: Sun, 22 Jun 2025 16:07:55 GMT[\r][\n]"
23:07:55.214 [pool-2-thread-9] DEBUG org.apache.http.wire -- http-outgoing-93 << "Connection: keep-alive[\r][\n]"
23:07:55.214 [pool-2-thread-9] DEBUG org.apache.http.wire -- http-outgoing-93 << "Keep-Alive: timeout=5[\r][\n]"
23:07:55.214 [pool-2-thread-9] DEBUG org.apache.http.wire -- http-outgoing-93 << "[\r][\n]"
23:07:55.214 [pool-2-thread-9] DEBUG org.apache.http.wire -- http-outgoing-93 << "{"access_token":"eyJhbGciOiJIUzI1NiIsInR5cCI6IkpXVCJ9.eyJzdWIiOiJkZjZmMDkxOS1hMjNkLTQ0YzktYTkyNS00ZWE4YmU1MjVkMTAiLCJ1c2VybmFtZSI6ImpvaG5kb2UyMyIsInJvbGUiOjAsImlhdCI6MTc1MDYwODQ3NCwiZXhwIjoxNzUwNjEyMDc0fQ.JHPLzm7TqdU5Z0ktNift43OST6EH90OLSA36UXD94vw","refresh_token":"07ddd99ab0cc7378ac6e0f299a764a37bbeb57e0122a6b1b0037ac0026844a1a","user":{"id":"df6f0919-a23d-44c9-a925-4ea8be525d10","email":"testit@gmail.com","username":"johndoe23","name":"John Doe","phoneNumber":"0123456788","profilePic":null,"bio":null,"private":false,"verified":false,"role":0,"followersCount":0,"followingCount":0,"postCount":0}}"
23:07:55.215 [pool-2-thread-9] DEBUG org.apache.http.headers -- http-outgoing-93 << HTTP/1.1 200 OK
23:07:55.215 [pool-2-thread-9] DEBUG org.apache.http.headers -- http-outgoing-93 << X-Powered-By: Express
23:07:55.215 [pool-2-thread-9] DEBUG org.apache.http.headers -- http-outgoing-93 << Access-Control-Allow-Origin: *
23:07:55.215 [pool-2-thread-9] DEBUG org.apache.http.headers -- http-outgoing-93 << Content-Type: application/json; charset=utf-8
23:07:55.215 [pool-2-thread-9] DEBUG org.apache.http.headers -- http-outgoing-93 << Content-Length: 604
23:07:55.215 [pool-2-thread-9] DEBUG org.apache.http.headers -- http-outgoing-93 << ETag: W/"25c-jo8NAB3KEpmdzv9FwWnLxNXhbEQ"
23:07:55.215 [pool-2-thread-9] DEBUG org.apache.http.headers -- http-outgoing-93 << Date: Sun, 22 Jun 2025 16:07:55 GMT
23:07:55.215 [pool-2-thread-9] DEBUG org.apache.http.headers -- http-outgoing-93 << Connection: keep-alive
23:07:55.215 [pool-2-thread-9] DEBUG org.apache.http.headers -- http-outgoing-93 << Keep-Alive: timeout=5
23:07:55.215 [pool-2-thread-9] DEBUG org.apache.http.impl.execchain.MainClientExec -- Connection can be kept alive for 5000 MILLISECONDS
23:07:55.215 [pool-2-thread-9] DEBUG org.apache.http.impl.conn.PoolingHttpClientConnectionManager -- Connection [id: 93][route: {}->http://localhost:3000] can be kept alive for 5.0 seconds
23:07:55.215 [pool-2-thread-9] DEBUG org.apache.http.impl.conn.DefaultManagedHttpClientConnection -- http-outgoing-93: set socket timeout to 0
23:07:55.215 [pool-2-thread-9] DEBUG org.apache.http.impl.conn.PoolingHttpClientConnectionManager -- Connection released: [id: 93][route: {}->http://localhost:3000][total available: 1; route allocated: 1 of 5; total allocated: 1 of 10]
23:07:55.215 [pool-2-thread-9] DEBUG org.apache.http.impl.conn.PoolingHttpClientConnectionManager -- Connection manager is shutting down
23:07:55.215 [pool-2-thread-9] DEBUG org.apache.http.impl.conn.DefaultManagedHttpClientConnection -- http-outgoing-93: Close connection
23:07:55.215 [pool-2-thread-9] DEBUG org.apache.http.impl.conn.PoolingHttpClientConnectionManager -- Connection manager shut down
23:07:55.215 [pool-2-thread-9] DEBUG com.intuit.karate -- response time in milliseconds: 2849
3 < 200
3 < X-Powered-By: Express
3 < Access-Control-Allow-Origin: *
3 < Content-Type: application/json; charset=utf-8
3 < Content-Length: 604
3 < ETag: W/"25c-jo8NAB3KEpmdzv9FwWnLxNXhbEQ"
3 < Date: Sun, 22 Jun 2025 16:07:55 GMT
3 < Connection: keep-alive
3 < Keep-Alive: timeout=5
{"access_token":"eyJhbGciOiJIUzI1NiIsInR5cCI6IkpXVCJ9.eyJzdWIiOiJkZjZmMDkxOS1hMjNkLTQ0YzktYTkyNS00ZWE4YmU1MjVkMTAiLCJ1c2VybmFtZSI6ImpvaG5kb2UyMyIsInJvbGUiOjAsImlhdCI6MTc1MDYwODQ3NCwiZXhwIjoxNzUwNjEyMDc0fQ.JHPLzm7TqdU5Z0ktNift43OST6EH90OLSA36UXD94vw","refresh_token":"07ddd99ab0cc7378ac6e0f299a764a37bbeb57e0122a6b1b0037ac0026844a1a","user":{"id":"df6f0919-a23d-44c9-a925-4ea8be525d10","email":"testit@gmail.com","username":"johndoe23","name":"John Doe","phoneNumber":"0123456788","profilePic":null,"bio":null,"private":false,"verified":false,"role":0,"followersCount":0,"followingCount":0,"postCount":0}}

23:07:55.216 [pool-2-thread-9] INFO com.intuit.karate -- [print] Call 3 completed, status: 200 
23:07:55.216 [pool-2-thread-9] INFO com.intuit.karate -- [print] *** API CALL 4 *** 
23:07:55.218 [pool-2-thread-9] DEBUG org.apache.http.client.protocol.RequestAddCookies -- CookieSpec selected: karate
23:07:55.218 [pool-2-thread-9] DEBUG org.apache.http.client.protocol.RequestAuthCache -- Auth cache not set in the context
23:07:55.218 [pool-2-thread-9] DEBUG com.intuit.karate -- request:
4 > POST http://localhost:3000/auth/login
4 > Content-Type: application/json; charset=UTF-8
4 > Content-Length: 53
4 > Host: localhost:3000
4 > Connection: Keep-Alive
4 > User-Agent: Apache-HttpClient/4.5.14 (Java/17.0.9)
4 > Accept-Encoding: gzip,deflate
{"email":"testit@gmail.com","password":"Password123"}

23:07:55.218 [pool-2-thread-9] DEBUG org.apache.http.impl.conn.PoolingHttpClientConnectionManager -- Connection request: [route: {}->http://localhost:3000][total available: 0; route allocated: 0 of 5; total allocated: 0 of 10]
23:07:55.218 [pool-2-thread-9] DEBUG org.apache.http.impl.conn.PoolingHttpClientConnectionManager -- Connection leased: [id: 120][route: {}->http://localhost:3000][total available: 0; route allocated: 1 of 5; total allocated: 1 of 10]
23:07:55.218 [pool-2-thread-9] DEBUG org.apache.http.impl.execchain.MainClientExec -- Opening connection {}->http://localhost:3000
23:07:55.218 [pool-2-thread-9] DEBUG org.apache.http.impl.conn.DefaultHttpClientConnectionOperator -- Connecting to localhost/127.0.0.1:3000
23:07:55.219 [pool-2-thread-9] DEBUG org.apache.http.impl.conn.DefaultHttpClientConnectionOperator -- Connection established 127.0.0.1:52786<->127.0.0.1:3000
23:07:55.219 [pool-2-thread-9] DEBUG org.apache.http.impl.conn.DefaultManagedHttpClientConnection -- http-outgoing-120: set socket timeout to 30000
23:07:55.219 [pool-2-thread-9] DEBUG org.apache.http.impl.execchain.MainClientExec -- Executing request POST /auth/login HTTP/1.1
23:07:55.219 [pool-2-thread-9] DEBUG org.apache.http.impl.execchain.MainClientExec -- Target auth state: UNCHALLENGED
23:07:55.219 [pool-2-thread-9] DEBUG org.apache.http.impl.execchain.MainClientExec -- Proxy auth state: UNCHALLENGED
23:07:55.219 [pool-2-thread-9] DEBUG org.apache.http.headers -- http-outgoing-120 >> POST /auth/login HTTP/1.1
23:07:55.219 [pool-2-thread-9] DEBUG org.apache.http.headers -- http-outgoing-120 >> Content-Type: application/json; charset=UTF-8
23:07:55.219 [pool-2-thread-9] DEBUG org.apache.http.headers -- http-outgoing-120 >> Content-Length: 53
23:07:55.219 [pool-2-thread-9] DEBUG org.apache.http.headers -- http-outgoing-120 >> Host: localhost:3000
23:07:55.219 [pool-2-thread-9] DEBUG org.apache.http.headers -- http-outgoing-120 >> Connection: Keep-Alive
23:07:55.219 [pool-2-thread-9] DEBUG org.apache.http.headers -- http-outgoing-120 >> User-Agent: Apache-HttpClient/4.5.14 (Java/17.0.9)
23:07:55.219 [pool-2-thread-9] DEBUG org.apache.http.headers -- http-outgoing-120 >> Accept-Encoding: gzip,deflate
23:07:55.219 [pool-2-thread-9] DEBUG org.apache.http.wire -- http-outgoing-120 >> "POST /auth/login HTTP/1.1[\r][\n]"
23:07:55.219 [pool-2-thread-9] DEBUG org.apache.http.wire -- http-outgoing-120 >> "Content-Type: application/json; charset=UTF-8[\r][\n]"
23:07:55.219 [pool-2-thread-9] DEBUG org.apache.http.wire -- http-outgoing-120 >> "Content-Length: 53[\r][\n]"
23:07:55.219 [pool-2-thread-9] DEBUG org.apache.http.wire -- http-outgoing-120 >> "Host: localhost:3000[\r][\n]"
23:07:55.219 [pool-2-thread-9] DEBUG org.apache.http.wire -- http-outgoing-120 >> "Connection: Keep-Alive[\r][\n]"
23:07:55.219 [pool-2-thread-9] DEBUG org.apache.http.wire -- http-outgoing-120 >> "User-Agent: Apache-HttpClient/4.5.14 (Java/17.0.9)[\r][\n]"
23:07:55.219 [pool-2-thread-9] DEBUG org.apache.http.wire -- http-outgoing-120 >> "Accept-Encoding: gzip,deflate[\r][\n]"
23:07:55.219 [pool-2-thread-9] DEBUG org.apache.http.wire -- http-outgoing-120 >> "[\r][\n]"
23:07:55.219 [pool-2-thread-9] DEBUG org.apache.http.wire -- http-outgoing-120 >> "{"email":"testit@gmail.com","password":"Password123"}"
23:07:55.221 [pool-2-thread-23] DEBUG org.apache.http.wire -- http-outgoing-98 << "HTTP/1.1 200 OK[\r][\n]"
23:07:55.221 [pool-2-thread-23] DEBUG org.apache.http.wire -- http-outgoing-98 << "X-Powered-By: Express[\r][\n]"
23:07:55.221 [pool-2-thread-23] DEBUG org.apache.http.wire -- http-outgoing-98 << "Access-Control-Allow-Origin: *[\r][\n]"
23:07:55.221 [pool-2-thread-23] DEBUG org.apache.http.wire -- http-outgoing-98 << "Content-Type: application/json; charset=utf-8[\r][\n]"
23:07:55.221 [pool-2-thread-23] DEBUG org.apache.http.wire -- http-outgoing-98 << "Content-Length: 599[\r][\n]"
23:07:55.221 [pool-2-thread-23] DEBUG org.apache.http.wire -- http-outgoing-98 << "ETag: W/"257-lOwDvSa2anO71Zg+pE97O55tOmU"[\r][\n]"
23:07:55.221 [pool-2-thread-23] DEBUG org.apache.http.wire -- http-outgoing-98 << "Date: Sun, 22 Jun 2025 16:07:55 GMT[\r][\n]"
23:07:55.221 [pool-2-thread-23] DEBUG org.apache.http.wire -- http-outgoing-98 << "Connection: keep-alive[\r][\n]"
23:07:55.221 [pool-2-thread-23] DEBUG org.apache.http.wire -- http-outgoing-98 << "Keep-Alive: timeout=5[\r][\n]"
23:07:55.221 [pool-2-thread-23] DEBUG org.apache.http.wire -- http-outgoing-98 << "[\r][\n]"
23:07:55.221 [pool-2-thread-23] DEBUG org.apache.http.wire -- http-outgoing-98 << "{"access_token":"eyJhbGciOiJIUzI1NiIsInR5cCI6IkpXVCJ9.eyJzdWIiOiIyZGRhMDQzOS01MTgwLTQ1YWEtOTE3Zi1lNjMyZTQ1YThlNDEiLCJ1c2VybmFtZSI6ImpvaG5kb2UiLCJyb2xlIjowLCJpYXQiOjE3NTA2MDg0NzQsImV4cCI6MTc1MDYxMjA3NH0.zV4oi0pAAJhCjUfLfJIA9izFwMq8K7NZnVoSIRvcLG0","refresh_token":"85e97e47d0b323749d0438a6831b07b8d44920ca841a2692a1d0a7edebcfc40e","user":{"id":"2dda0439-5180-45aa-917f-e632e45a8e41","email":"test@example.com","username":"johndoe","name":"John Doe","phoneNumber":"0987654321","profilePic":null,"bio":null,"private":false,"verified":false,"role":0,"followersCount":0,"followingCount":0,"postCount":0}}"
23:07:55.221 [pool-2-thread-23] DEBUG org.apache.http.headers -- http-outgoing-98 << HTTP/1.1 200 OK
23:07:55.221 [pool-2-thread-23] DEBUG org.apache.http.headers -- http-outgoing-98 << X-Powered-By: Express
23:07:55.221 [pool-2-thread-23] DEBUG org.apache.http.headers -- http-outgoing-98 << Access-Control-Allow-Origin: *
23:07:55.221 [pool-2-thread-23] DEBUG org.apache.http.headers -- http-outgoing-98 << Content-Type: application/json; charset=utf-8
23:07:55.221 [pool-2-thread-23] DEBUG org.apache.http.headers -- http-outgoing-98 << Content-Length: 599
23:07:55.221 [pool-2-thread-23] DEBUG org.apache.http.headers -- http-outgoing-98 << ETag: W/"257-lOwDvSa2anO71Zg+pE97O55tOmU"
23:07:55.221 [pool-2-thread-23] DEBUG org.apache.http.headers -- http-outgoing-98 << Date: Sun, 22 Jun 2025 16:07:55 GMT
23:07:55.221 [pool-2-thread-23] DEBUG org.apache.http.headers -- http-outgoing-98 << Connection: keep-alive
23:07:55.221 [pool-2-thread-23] DEBUG org.apache.http.headers -- http-outgoing-98 << Keep-Alive: timeout=5
23:07:55.221 [pool-2-thread-23] DEBUG org.apache.http.impl.execchain.MainClientExec -- Connection can be kept alive for 5000 MILLISECONDS
23:07:55.221 [pool-2-thread-23] DEBUG org.apache.http.impl.conn.PoolingHttpClientConnectionManager -- Connection [id: 98][route: {}->http://localhost:3000] can be kept alive for 5.0 seconds
23:07:55.221 [pool-2-thread-23] DEBUG org.apache.http.impl.conn.DefaultManagedHttpClientConnection -- http-outgoing-98: set socket timeout to 0
23:07:55.221 [pool-2-thread-23] DEBUG org.apache.http.impl.conn.PoolingHttpClientConnectionManager -- Connection released: [id: 98][route: {}->http://localhost:3000][total available: 1; route allocated: 1 of 5; total allocated: 1 of 10]
23:07:55.221 [pool-2-thread-23] DEBUG org.apache.http.impl.conn.PoolingHttpClientConnectionManager -- Connection manager is shutting down
23:07:55.221 [pool-2-thread-23] DEBUG org.apache.http.impl.conn.DefaultManagedHttpClientConnection -- http-outgoing-98: Close connection
23:07:55.221 [pool-2-thread-23] DEBUG org.apache.http.impl.conn.PoolingHttpClientConnectionManager -- Connection manager shut down
23:07:55.221 [pool-2-thread-23] DEBUG com.intuit.karate -- response time in milliseconds: 1975
4 < 200
4 < X-Powered-By: Express
4 < Access-Control-Allow-Origin: *
4 < Content-Type: application/json; charset=utf-8
4 < Content-Length: 599
4 < ETag: W/"257-lOwDvSa2anO71Zg+pE97O55tOmU"
4 < Date: Sun, 22 Jun 2025 16:07:55 GMT
4 < Connection: keep-alive
4 < Keep-Alive: timeout=5
{"access_token":"eyJhbGciOiJIUzI1NiIsInR5cCI6IkpXVCJ9.eyJzdWIiOiIyZGRhMDQzOS01MTgwLTQ1YWEtOTE3Zi1lNjMyZTQ1YThlNDEiLCJ1c2VybmFtZSI6ImpvaG5kb2UiLCJyb2xlIjowLCJpYXQiOjE3NTA2MDg0NzQsImV4cCI6MTc1MDYxMjA3NH0.zV4oi0pAAJhCjUfLfJIA9izFwMq8K7NZnVoSIRvcLG0","refresh_token":"85e97e47d0b323749d0438a6831b07b8d44920ca841a2692a1d0a7edebcfc40e","user":{"id":"2dda0439-5180-45aa-917f-e632e45a8e41","email":"test@example.com","username":"johndoe","name":"John Doe","phoneNumber":"0987654321","profilePic":null,"bio":null,"private":false,"verified":false,"role":0,"followersCount":0,"followingCount":0,"postCount":0}}

23:07:55.222 [pool-2-thread-5] DEBUG org.apache.http.wire -- http-outgoing-99 << "HTTP/1.1 200 OK[\r][\n]"
23:07:55.222 [pool-2-thread-5] DEBUG org.apache.http.wire -- http-outgoing-99 << "X-Powered-By: Express[\r][\n]"
23:07:55.222 [pool-2-thread-5] DEBUG org.apache.http.wire -- http-outgoing-99 << "Access-Control-Allow-Origin: *[\r][\n]"
23:07:55.222 [pool-2-thread-5] DEBUG org.apache.http.wire -- http-outgoing-99 << "Content-Type: application/json; charset=utf-8[\r][\n]"
23:07:55.222 [pool-2-thread-5] DEBUG org.apache.http.wire -- http-outgoing-99 << "Content-Length: 607[\r][\n]"
23:07:55.222 [pool-2-thread-5] DEBUG org.apache.http.wire -- http-outgoing-99 << "ETag: W/"25f-P9o42Zl0vyTcHlNWuVz0FnAuN3c"[\r][\n]"
23:07:55.222 [pool-2-thread-5] DEBUG org.apache.http.wire -- http-outgoing-99 << "Date: Sun, 22 Jun 2025 16:07:55 GMT[\r][\n]"
23:07:55.222 [pool-2-thread-5] DEBUG org.apache.http.wire -- http-outgoing-99 << "Connection: keep-alive[\r][\n]"
23:07:55.222 [pool-2-thread-5] DEBUG org.apache.http.wire -- http-outgoing-99 << "Keep-Alive: timeout=5[\r][\n]"
23:07:55.222 [pool-2-thread-5] DEBUG org.apache.http.wire -- http-outgoing-99 << "[\r][\n]"
23:07:55.222 [pool-2-thread-5] DEBUG org.apache.http.wire -- http-outgoing-99 << "{"access_token":"eyJhbGciOiJIUzI1NiIsInR5cCI6IkpXVCJ9.eyJzdWIiOiJjMjE0MjJkZi1jY2VjLTQ0MGUtOWE0Mi1jMWI4MmFiZjczM2QiLCJ1c2VybmFtZSI6ImpvaG5kb2UyOCIsInJvbGUiOjAsImlhdCI6MTc1MDYwODQ3NCwiZXhwIjoxNzUwNjEyMDc0fQ.DB62jXPteDsmdSC28ZLVVEFBs9SgIo5pEYGuxBJz7U8","refresh_token":"2a0c14efe9682cd856b8999baa0371ddb99af7a72521cbbed7a866efad0f3fe8","user":{"id":"c21422df-ccec-440e-9a42-c1b82abf733d","email":"test28@example.com","username":"johndoe28","name":"John Doe","phoneNumber":"84987654321","profilePic":null,"bio":null,"private":false,"verified":false,"role":0,"followersCount":0,"followingCount":0,"postCount":0}}"
23:07:55.222 [pool-2-thread-5] DEBUG org.apache.http.headers -- http-outgoing-99 << HTTP/1.1 200 OK
23:07:55.222 [pool-2-thread-5] DEBUG org.apache.http.headers -- http-outgoing-99 << X-Powered-By: Express
23:07:55.222 [pool-2-thread-5] DEBUG org.apache.http.headers -- http-outgoing-99 << Access-Control-Allow-Origin: *
23:07:55.222 [pool-2-thread-5] DEBUG org.apache.http.headers -- http-outgoing-99 << Content-Type: application/json; charset=utf-8
23:07:55.222 [pool-2-thread-5] DEBUG org.apache.http.headers -- http-outgoing-99 << Content-Length: 607
23:07:55.222 [pool-2-thread-5] DEBUG org.apache.http.headers -- http-outgoing-99 << ETag: W/"25f-P9o42Zl0vyTcHlNWuVz0FnAuN3c"
23:07:55.222 [pool-2-thread-5] DEBUG org.apache.http.headers -- http-outgoing-99 << Date: Sun, 22 Jun 2025 16:07:55 GMT
23:07:55.222 [pool-2-thread-5] DEBUG org.apache.http.headers -- http-outgoing-99 << Connection: keep-alive
23:07:55.222 [pool-2-thread-5] DEBUG org.apache.http.headers -- http-outgoing-99 << Keep-Alive: timeout=5
23:07:55.223 [pool-2-thread-5] DEBUG org.apache.http.impl.execchain.MainClientExec -- Connection can be kept alive for 5000 MILLISECONDS
23:07:55.223 [pool-2-thread-23] INFO com.intuit.karate -- [print] Call 4 completed, status: 200 
23:07:55.223 [pool-2-thread-5] DEBUG org.apache.http.impl.conn.PoolingHttpClientConnectionManager -- Connection [id: 99][route: {}->http://localhost:3000] can be kept alive for 5.0 seconds
23:07:55.223 [pool-2-thread-5] DEBUG org.apache.http.impl.conn.DefaultManagedHttpClientConnection -- http-outgoing-99: set socket timeout to 0
23:07:55.223 [pool-2-thread-5] DEBUG org.apache.http.impl.conn.PoolingHttpClientConnectionManager -- Connection released: [id: 99][route: {}->http://localhost:3000][total available: 1; route allocated: 1 of 5; total allocated: 1 of 10]
23:07:55.223 [pool-2-thread-5] DEBUG org.apache.http.impl.conn.PoolingHttpClientConnectionManager -- Connection manager is shutting down
23:07:55.223 [pool-2-thread-5] DEBUG org.apache.http.impl.conn.DefaultManagedHttpClientConnection -- http-outgoing-99: Close connection
23:07:55.223 [pool-2-thread-5] DEBUG org.apache.http.impl.conn.PoolingHttpClientConnectionManager -- Connection manager shut down
23:07:55.223 [pool-2-thread-5] DEBUG com.intuit.karate -- response time in milliseconds: 1968
5 < 200
5 < X-Powered-By: Express
5 < Access-Control-Allow-Origin: *
5 < Content-Type: application/json; charset=utf-8
5 < Content-Length: 607
5 < ETag: W/"25f-P9o42Zl0vyTcHlNWuVz0FnAuN3c"
5 < Date: Sun, 22 Jun 2025 16:07:55 GMT
5 < Connection: keep-alive
5 < Keep-Alive: timeout=5
{"access_token":"eyJhbGciOiJIUzI1NiIsInR5cCI6IkpXVCJ9.eyJzdWIiOiJjMjE0MjJkZi1jY2VjLTQ0MGUtOWE0Mi1jMWI4MmFiZjczM2QiLCJ1c2VybmFtZSI6ImpvaG5kb2UyOCIsInJvbGUiOjAsImlhdCI6MTc1MDYwODQ3NCwiZXhwIjoxNzUwNjEyMDc0fQ.DB62jXPteDsmdSC28ZLVVEFBs9SgIo5pEYGuxBJz7U8","refresh_token":"2a0c14efe9682cd856b8999baa0371ddb99af7a72521cbbed7a866efad0f3fe8","user":{"id":"c21422df-ccec-440e-9a42-c1b82abf733d","email":"test28@example.com","username":"johndoe28","name":"John Doe","phoneNumber":"84987654321","profilePic":null,"bio":null,"private":false,"verified":false,"role":0,"followersCount":0,"followingCount":0,"postCount":0}}

23:07:55.223 [pool-2-thread-23] INFO com.intuit.karate -- [print] *** API CALL 5 *** 
23:07:55.223 [pool-2-thread-5] INFO com.intuit.karate -- [print] Call 5 completed, status: 200 
23:07:55.224 [pool-2-thread-5] INFO com.intuit.karate -- [print] *** API CALL 6 *** 
23:07:55.224 [pool-2-thread-23] DEBUG org.apache.http.client.protocol.RequestAddCookies -- CookieSpec selected: karate
23:07:55.224 [pool-2-thread-23] DEBUG org.apache.http.client.protocol.RequestAuthCache -- Auth cache not set in the context
23:07:55.224 [pool-2-thread-23] DEBUG com.intuit.karate -- request:
5 > POST http://localhost:3000/auth/login
5 > Content-Type: application/json; charset=UTF-8
5 > Content-Length: 53
5 > Host: localhost:3000
5 > Connection: Keep-Alive
5 > User-Agent: Apache-HttpClient/4.5.14 (Java/17.0.9)
5 > Accept-Encoding: gzip,deflate
{"email":"test@example.com","password":"Password123"}

23:07:55.224 [pool-2-thread-23] DEBUG org.apache.http.impl.conn.PoolingHttpClientConnectionManager -- Connection request: [route: {}->http://localhost:3000][total available: 0; route allocated: 0 of 5; total allocated: 0 of 10]
23:07:55.224 [pool-2-thread-23] DEBUG org.apache.http.impl.conn.PoolingHttpClientConnectionManager -- Connection leased: [id: 121][route: {}->http://localhost:3000][total available: 0; route allocated: 1 of 5; total allocated: 1 of 10]
23:07:55.225 [pool-2-thread-23] DEBUG org.apache.http.impl.execchain.MainClientExec -- Opening connection {}->http://localhost:3000
23:07:55.225 [pool-2-thread-5] DEBUG org.apache.http.client.protocol.RequestAddCookies -- CookieSpec selected: karate
23:07:55.225 [pool-2-thread-5] DEBUG org.apache.http.client.protocol.RequestAuthCache -- Auth cache not set in the context
23:07:55.225 [pool-2-thread-5] DEBUG com.intuit.karate -- request:
6 > POST http://localhost:3000/auth/login
6 > Content-Type: application/json; charset=UTF-8
6 > Content-Length: 55
6 > Host: localhost:3000
6 > Connection: Keep-Alive
6 > User-Agent: Apache-HttpClient/4.5.14 (Java/17.0.9)
6 > Accept-Encoding: gzip,deflate
{"email":"test28@example.com","password":"Password123"}

23:07:55.225 [pool-2-thread-23] DEBUG org.apache.http.impl.conn.DefaultHttpClientConnectionOperator -- Connecting to localhost/127.0.0.1:3000
23:07:55.225 [pool-2-thread-5] DEBUG org.apache.http.impl.conn.PoolingHttpClientConnectionManager -- Connection request: [route: {}->http://localhost:3000][total available: 0; route allocated: 0 of 5; total allocated: 0 of 10]
23:07:55.225 [pool-2-thread-5] DEBUG org.apache.http.impl.conn.PoolingHttpClientConnectionManager -- Connection leased: [id: 122][route: {}->http://localhost:3000][total available: 0; route allocated: 1 of 5; total allocated: 1 of 10]
23:07:55.225 [pool-2-thread-5] DEBUG org.apache.http.impl.execchain.MainClientExec -- Opening connection {}->http://localhost:3000
23:07:55.225 [pool-2-thread-5] DEBUG org.apache.http.impl.conn.DefaultHttpClientConnectionOperator -- Connecting to localhost/127.0.0.1:3000
23:07:55.225 [pool-2-thread-21] DEBUG org.apache.http.wire -- http-outgoing-97 << "HTTP/1.1 200 OK[\r][\n]"
23:07:55.225 [pool-2-thread-21] DEBUG org.apache.http.wire -- http-outgoing-97 << "X-Powered-By: Express[\r][\n]"
23:07:55.225 [pool-2-thread-21] DEBUG org.apache.http.wire -- http-outgoing-97 << "Access-Control-Allow-Origin: *[\r][\n]"
23:07:55.225 [pool-2-thread-21] DEBUG org.apache.http.wire -- http-outgoing-97 << "Content-Type: application/json; charset=utf-8[\r][\n]"
23:07:55.225 [pool-2-thread-21] DEBUG org.apache.http.wire -- http-outgoing-97 << "Content-Length: 708[\r][\n]"
23:07:55.225 [pool-2-thread-21] DEBUG org.apache.http.wire -- http-outgoing-97 << "ETag: W/"2c4-fJupA85ySaQv1ECH9hajA2uekYY"[\r][\n]"
23:07:55.225 [pool-2-thread-21] DEBUG org.apache.http.wire -- http-outgoing-97 << "Date: Sun, 22 Jun 2025 16:07:55 GMT[\r][\n]"
23:07:55.225 [pool-2-thread-21] DEBUG org.apache.http.wire -- http-outgoing-97 << "Connection: keep-alive[\r][\n]"
23:07:55.225 [pool-2-thread-21] DEBUG org.apache.http.wire -- http-outgoing-97 << "Keep-Alive: timeout=5[\r][\n]"
23:07:55.225 [pool-2-thread-21] DEBUG org.apache.http.wire -- http-outgoing-97 << "[\r][\n]"
23:07:55.225 [pool-2-thread-21] DEBUG org.apache.http.wire -- http-outgoing-97 << "{"access_token":"eyJhbGciOiJIUzI1NiIsInR5cCI6IkpXVCJ9.eyJzdWIiOiIwODUxNWIwNS0yZDNlLTQ3ODktYWQ2MC1kYjM1NTI1YTQ5NzAiLCJ1c2VybmFtZSI6Im5hbSIsInJvbGUiOjAsImlhdCI6MTc1MDYwODQ3NCwiZXhwIjoxNzUwNjEyMDc0fQ.SqYZAx5l4BckySxTQWEpcZ8a_nOiqmzZp0Rmw4Iq5J8","refresh_token":"4f16372442222a5ee4f7a515a3249c160e36ee4b57be464accf934df53052953","user":{"id":"08515b05-2d3e-4789-ad60-db35525a4970","email":"nam@gmail.com","username":"nam","name":"nam","phoneNumber":"0123456789","profilePic":"https://res.cloudinary.com/dizcvrefo/image/upload/v1749266646/nestjs_uploads/zk9zrpeidnovxibfqdxr.png","bio":"Chu tich hoi dong Quan tri 1","private":false,"verified":false,"role":0,"followersCount":2,"followingCount":2,"postCount":13}}"
23:07:55.225 [pool-2-thread-21] DEBUG org.apache.http.headers -- http-outgoing-97 << HTTP/1.1 200 OK
23:07:55.225 [pool-2-thread-21] DEBUG org.apache.http.headers -- http-outgoing-97 << X-Powered-By: Express
23:07:55.225 [pool-2-thread-21] DEBUG org.apache.http.headers -- http-outgoing-97 << Access-Control-Allow-Origin: *
23:07:55.225 [pool-2-thread-21] DEBUG org.apache.http.headers -- http-outgoing-97 << Content-Type: application/json; charset=utf-8
23:07:55.225 [pool-2-thread-21] DEBUG org.apache.http.headers -- http-outgoing-97 << Content-Length: 708
23:07:55.225 [pool-2-thread-21] DEBUG org.apache.http.headers -- http-outgoing-97 << ETag: W/"2c4-fJupA85ySaQv1ECH9hajA2uekYY"
23:07:55.225 [pool-2-thread-21] DEBUG org.apache.http.headers -- http-outgoing-97 << Date: Sun, 22 Jun 2025 16:07:55 GMT
23:07:55.225 [pool-2-thread-21] DEBUG org.apache.http.headers -- http-outgoing-97 << Connection: keep-alive
23:07:55.225 [pool-2-thread-21] DEBUG org.apache.http.headers -- http-outgoing-97 << Keep-Alive: timeout=5
23:07:55.225 [pool-2-thread-23] DEBUG org.apache.http.impl.conn.DefaultHttpClientConnectionOperator -- Connection established 127.0.0.1:52788<->127.0.0.1:3000
23:07:55.225 [pool-2-thread-23] DEBUG org.apache.http.impl.conn.DefaultManagedHttpClientConnection -- http-outgoing-121: set socket timeout to 30000
23:07:55.225 [pool-2-thread-23] DEBUG org.apache.http.impl.execchain.MainClientExec -- Executing request POST /auth/login HTTP/1.1
23:07:55.225 [pool-2-thread-23] DEBUG org.apache.http.impl.execchain.MainClientExec -- Target auth state: UNCHALLENGED
23:07:55.225 [pool-2-thread-23] DEBUG org.apache.http.impl.execchain.MainClientExec -- Proxy auth state: UNCHALLENGED
23:07:55.225 [pool-2-thread-5] DEBUG org.apache.http.impl.conn.DefaultHttpClientConnectionOperator -- Connection established 127.0.0.1:52789<->127.0.0.1:3000
23:07:55.225 [pool-2-thread-21] DEBUG org.apache.http.impl.execchain.MainClientExec -- Connection can be kept alive for 5000 MILLISECONDS
23:07:55.225 [pool-2-thread-5] DEBUG org.apache.http.impl.conn.DefaultManagedHttpClientConnection -- http-outgoing-122: set socket timeout to 30000
23:07:55.225 [pool-2-thread-5] DEBUG org.apache.http.impl.execchain.MainClientExec -- Executing request POST /auth/login HTTP/1.1
23:07:55.225 [pool-2-thread-5] DEBUG org.apache.http.impl.execchain.MainClientExec -- Target auth state: UNCHALLENGED
23:07:55.225 [pool-2-thread-23] DEBUG org.apache.http.headers -- http-outgoing-121 >> POST /auth/login HTTP/1.1
23:07:55.225 [pool-2-thread-5] DEBUG org.apache.http.impl.execchain.MainClientExec -- Proxy auth state: UNCHALLENGED
23:07:55.225 [pool-2-thread-23] DEBUG org.apache.http.headers -- http-outgoing-121 >> Content-Type: application/json; charset=UTF-8
23:07:55.225 [pool-2-thread-23] DEBUG org.apache.http.headers -- http-outgoing-121 >> Content-Length: 53
23:07:55.225 [pool-2-thread-23] DEBUG org.apache.http.headers -- http-outgoing-121 >> Host: localhost:3000
23:07:55.225 [pool-2-thread-5] DEBUG org.apache.http.headers -- http-outgoing-122 >> POST /auth/login HTTP/1.1
23:07:55.225 [pool-2-thread-21] DEBUG org.apache.http.impl.conn.PoolingHttpClientConnectionManager -- Connection [id: 97][route: {}->http://localhost:3000] can be kept alive for 5.0 seconds
23:07:55.225 [pool-2-thread-5] DEBUG org.apache.http.headers -- http-outgoing-122 >> Content-Type: application/json; charset=UTF-8
23:07:55.225 [pool-2-thread-5] DEBUG org.apache.http.headers -- http-outgoing-122 >> Content-Length: 55
23:07:55.225 [pool-2-thread-23] DEBUG org.apache.http.headers -- http-outgoing-121 >> Connection: Keep-Alive
23:07:55.225 [pool-2-thread-23] DEBUG org.apache.http.headers -- http-outgoing-121 >> User-Agent: Apache-HttpClient/4.5.14 (Java/17.0.9)
23:07:55.225 [pool-2-thread-21] DEBUG org.apache.http.impl.conn.DefaultManagedHttpClientConnection -- http-outgoing-97: set socket timeout to 0
23:07:55.225 [pool-2-thread-5] DEBUG org.apache.http.headers -- http-outgoing-122 >> Host: localhost:3000
23:07:55.225 [pool-2-thread-21] DEBUG org.apache.http.impl.conn.PoolingHttpClientConnectionManager -- Connection released: [id: 97][route: {}->http://localhost:3000][total available: 1; route allocated: 1 of 5; total allocated: 1 of 10]
23:07:55.225 [pool-2-thread-23] DEBUG org.apache.http.headers -- http-outgoing-121 >> Accept-Encoding: gzip,deflate
23:07:55.225 [pool-2-thread-21] DEBUG org.apache.http.impl.conn.PoolingHttpClientConnectionManager -- Connection manager is shutting down
23:07:55.225 [pool-2-thread-5] DEBUG org.apache.http.headers -- http-outgoing-122 >> Connection: Keep-Alive
23:07:55.225 [pool-2-thread-21] DEBUG org.apache.http.impl.conn.DefaultManagedHttpClientConnection -- http-outgoing-97: Close connection
23:07:55.225 [pool-2-thread-5] DEBUG org.apache.http.headers -- http-outgoing-122 >> User-Agent: Apache-HttpClient/4.5.14 (Java/17.0.9)
23:07:55.225 [pool-2-thread-5] DEBUG org.apache.http.headers -- http-outgoing-122 >> Accept-Encoding: gzip,deflate
23:07:55.225 [pool-2-thread-23] DEBUG org.apache.http.wire -- http-outgoing-121 >> "POST /auth/login HTTP/1.1[\r][\n]"
23:07:55.226 [pool-2-thread-5] DEBUG org.apache.http.wire -- http-outgoing-122 >> "POST /auth/login HTTP/1.1[\r][\n]"
23:07:55.226 [pool-2-thread-5] DEBUG org.apache.http.wire -- http-outgoing-122 >> "Content-Type: application/json; charset=UTF-8[\r][\n]"
23:07:55.226 [pool-2-thread-23] DEBUG org.apache.http.wire -- http-outgoing-121 >> "Content-Type: application/json; charset=UTF-8[\r][\n]"
23:07:55.226 [pool-2-thread-23] DEBUG org.apache.http.wire -- http-outgoing-121 >> "Content-Length: 53[\r][\n]"
23:07:55.226 [pool-2-thread-21] DEBUG org.apache.http.impl.conn.PoolingHttpClientConnectionManager -- Connection manager shut down
23:07:55.226 [pool-2-thread-5] DEBUG org.apache.http.wire -- http-outgoing-122 >> "Content-Length: 55[\r][\n]"
23:07:55.226 [pool-2-thread-5] DEBUG org.apache.http.wire -- http-outgoing-122 >> "Host: localhost:3000[\r][\n]"
23:07:55.226 [pool-2-thread-5] DEBUG org.apache.http.wire -- http-outgoing-122 >> "Connection: Keep-Alive[\r][\n]"
23:07:55.226 [pool-2-thread-5] DEBUG org.apache.http.wire -- http-outgoing-122 >> "User-Agent: Apache-HttpClient/4.5.14 (Java/17.0.9)[\r][\n]"
23:07:55.226 [pool-2-thread-5] DEBUG org.apache.http.wire -- http-outgoing-122 >> "Accept-Encoding: gzip,deflate[\r][\n]"
23:07:55.226 [pool-2-thread-5] DEBUG org.apache.http.wire -- http-outgoing-122 >> "[\r][\n]"
23:07:55.226 [pool-2-thread-23] DEBUG org.apache.http.wire -- http-outgoing-121 >> "Host: localhost:3000[\r][\n]"
23:07:55.226 [pool-2-thread-23] DEBUG org.apache.http.wire -- http-outgoing-121 >> "Connection: Keep-Alive[\r][\n]"
23:07:55.226 [pool-2-thread-21] DEBUG com.intuit.karate -- response time in milliseconds: 1983
5 < 200
5 < X-Powered-By: Express
5 < Access-Control-Allow-Origin: *
5 < Content-Type: application/json; charset=utf-8
5 < Content-Length: 708
5 < ETag: W/"2c4-fJupA85ySaQv1ECH9hajA2uekYY"
5 < Date: Sun, 22 Jun 2025 16:07:55 GMT
5 < Connection: keep-alive
5 < Keep-Alive: timeout=5
{"access_token":"eyJhbGciOiJIUzI1NiIsInR5cCI6IkpXVCJ9.eyJzdWIiOiIwODUxNWIwNS0yZDNlLTQ3ODktYWQ2MC1kYjM1NTI1YTQ5NzAiLCJ1c2VybmFtZSI6Im5hbSIsInJvbGUiOjAsImlhdCI6MTc1MDYwODQ3NCwiZXhwIjoxNzUwNjEyMDc0fQ.SqYZAx5l4BckySxTQWEpcZ8a_nOiqmzZp0Rmw4Iq5J8","refresh_token":"4f16372442222a5ee4f7a515a3249c160e36ee4b57be464accf934df53052953","user":{"id":"08515b05-2d3e-4789-ad60-db35525a4970","email":"nam@gmail.com","username":"nam","name":"nam","phoneNumber":"0123456789","profilePic":"https://res.cloudinary.com/dizcvrefo/image/upload/v1749266646/nestjs_uploads/zk9zrpeidnovxibfqdxr.png","bio":"Chu tich hoi dong Quan tri 1","private":false,"verified":false,"role":0,"followersCount":2,"followingCount":2,"postCount":13}}

23:07:55.226 [pool-2-thread-5] DEBUG org.apache.http.wire -- http-outgoing-122 >> "{"email":"test28@example.com","password":"Password123"}"
23:07:55.226 [pool-2-thread-23] DEBUG org.apache.http.wire -- http-outgoing-121 >> "User-Agent: Apache-HttpClient/4.5.14 (Java/17.0.9)[\r][\n]"
23:07:55.226 [pool-2-thread-23] DEBUG org.apache.http.wire -- http-outgoing-121 >> "Accept-Encoding: gzip,deflate[\r][\n]"
23:07:55.226 [pool-2-thread-23] DEBUG org.apache.http.wire -- http-outgoing-121 >> "[\r][\n]"
23:07:55.226 [pool-2-thread-23] DEBUG org.apache.http.wire -- http-outgoing-121 >> "{"email":"test@example.com","password":"Password123"}"
23:07:55.228 [pool-2-thread-21] INFO com.intuit.karate -- [print] Call 5 completed, status: 200 
23:07:55.229 [pool-2-thread-21] INFO com.intuit.karate -- [print] *** API CALL 6 *** 
23:07:55.230 [pool-2-thread-21] DEBUG org.apache.http.client.protocol.RequestAddCookies -- CookieSpec selected: karate
23:07:55.230 [pool-2-thread-21] DEBUG org.apache.http.client.protocol.RequestAuthCache -- Auth cache not set in the context
23:07:55.230 [pool-2-thread-21] DEBUG com.intuit.karate -- request:
6 > POST http://localhost:3000/auth/login
6 > Content-Type: application/json; charset=UTF-8
6 > Content-Length: 45
6 > Host: localhost:3000
6 > Connection: Keep-Alive
6 > User-Agent: Apache-HttpClient/4.5.14 (Java/17.0.9)
6 > Accept-Encoding: gzip,deflate
{"email":"nam@gmail.com","password":"123456"}

23:07:55.231 [pool-2-thread-21] DEBUG org.apache.http.impl.conn.PoolingHttpClientConnectionManager -- Connection request: [route: {}->http://localhost:3000][total available: 0; route allocated: 0 of 5; total allocated: 0 of 10]
23:07:55.231 [pool-2-thread-21] DEBUG org.apache.http.impl.conn.PoolingHttpClientConnectionManager -- Connection leased: [id: 123][route: {}->http://localhost:3000][total available: 0; route allocated: 1 of 5; total allocated: 1 of 10]
23:07:55.231 [pool-2-thread-21] DEBUG org.apache.http.impl.execchain.MainClientExec -- Opening connection {}->http://localhost:3000
23:07:55.231 [pool-2-thread-21] DEBUG org.apache.http.impl.conn.DefaultHttpClientConnectionOperator -- Connecting to localhost/127.0.0.1:3000
23:07:55.231 [pool-2-thread-21] DEBUG org.apache.http.impl.conn.DefaultHttpClientConnectionOperator -- Connection established 127.0.0.1:52790<->127.0.0.1:3000
23:07:55.231 [pool-2-thread-21] DEBUG org.apache.http.impl.conn.DefaultManagedHttpClientConnection -- http-outgoing-123: set socket timeout to 30000
23:07:55.231 [pool-2-thread-21] DEBUG org.apache.http.impl.execchain.MainClientExec -- Executing request POST /auth/login HTTP/1.1
23:07:55.231 [pool-2-thread-21] DEBUG org.apache.http.impl.execchain.MainClientExec -- Target auth state: UNCHALLENGED
23:07:55.231 [pool-2-thread-21] DEBUG org.apache.http.impl.execchain.MainClientExec -- Proxy auth state: UNCHALLENGED
23:07:55.231 [pool-2-thread-21] DEBUG org.apache.http.headers -- http-outgoing-123 >> POST /auth/login HTTP/1.1
23:07:55.231 [pool-2-thread-21] DEBUG org.apache.http.headers -- http-outgoing-123 >> Content-Type: application/json; charset=UTF-8
23:07:55.231 [pool-2-thread-21] DEBUG org.apache.http.headers -- http-outgoing-123 >> Content-Length: 45
23:07:55.231 [pool-2-thread-21] DEBUG org.apache.http.headers -- http-outgoing-123 >> Host: localhost:3000
23:07:55.231 [pool-2-thread-21] DEBUG org.apache.http.headers -- http-outgoing-123 >> Connection: Keep-Alive
23:07:55.231 [pool-2-thread-21] DEBUG org.apache.http.headers -- http-outgoing-123 >> User-Agent: Apache-HttpClient/4.5.14 (Java/17.0.9)
23:07:55.231 [pool-2-thread-21] DEBUG org.apache.http.headers -- http-outgoing-123 >> Accept-Encoding: gzip,deflate
23:07:55.232 [pool-2-thread-21] DEBUG org.apache.http.wire -- http-outgoing-123 >> "POST /auth/login HTTP/1.1[\r][\n]"
23:07:55.232 [pool-2-thread-21] DEBUG org.apache.http.wire -- http-outgoing-123 >> "Content-Type: application/json; charset=UTF-8[\r][\n]"
23:07:55.232 [pool-2-thread-21] DEBUG org.apache.http.wire -- http-outgoing-123 >> "Content-Length: 45[\r][\n]"
23:07:55.232 [pool-2-thread-21] DEBUG org.apache.http.wire -- http-outgoing-123 >> "Host: localhost:3000[\r][\n]"
23:07:55.232 [pool-2-thread-21] DEBUG org.apache.http.wire -- http-outgoing-123 >> "Connection: Keep-Alive[\r][\n]"
23:07:55.232 [pool-2-thread-21] DEBUG org.apache.http.wire -- http-outgoing-123 >> "User-Agent: Apache-HttpClient/4.5.14 (Java/17.0.9)[\r][\n]"
23:07:55.232 [pool-2-thread-21] DEBUG org.apache.http.wire -- http-outgoing-123 >> "Accept-Encoding: gzip,deflate[\r][\n]"
23:07:55.232 [pool-2-thread-21] DEBUG org.apache.http.wire -- http-outgoing-123 >> "[\r][\n]"
23:07:55.232 [pool-2-thread-21] DEBUG org.apache.http.wire -- http-outgoing-123 >> "{"email":"nam@gmail.com","password":"123456"}"
23:07:55.247 [pool-2-thread-18] DEBUG org.apache.http.wire -- http-outgoing-94 << "HTTP/1.1 200 OK[\r][\n]"
23:07:55.247 [pool-2-thread-18] DEBUG org.apache.http.wire -- http-outgoing-94 << "X-Powered-By: Express[\r][\n]"
23:07:55.247 [pool-2-thread-18] DEBUG org.apache.http.wire -- http-outgoing-94 << "Access-Control-Allow-Origin: *[\r][\n]"
23:07:55.247 [pool-2-thread-18] DEBUG org.apache.http.wire -- http-outgoing-94 << "Content-Type: application/json; charset=utf-8[\r][\n]"
23:07:55.247 [pool-2-thread-18] DEBUG org.apache.http.wire -- http-outgoing-94 << "Content-Length: 609[\r][\n]"
23:07:55.247 [pool-2-thread-18] DEBUG org.apache.http.wire -- http-outgoing-94 << "ETag: W/"261-iRPIRpoJW5KI7SyVbTYv5ICn8EA"[\r][\n]"
23:07:55.247 [pool-2-thread-18] DEBUG org.apache.http.wire -- http-outgoing-94 << "Date: Sun, 22 Jun 2025 16:07:55 GMT[\r][\n]"
23:07:55.247 [pool-2-thread-18] DEBUG org.apache.http.wire -- http-outgoing-94 << "Connection: keep-alive[\r][\n]"
23:07:55.247 [pool-2-thread-18] DEBUG org.apache.http.wire -- http-outgoing-94 << "Keep-Alive: timeout=5[\r][\n]"
23:07:55.247 [pool-2-thread-18] DEBUG org.apache.http.wire -- http-outgoing-94 << "[\r][\n]"
23:07:55.247 [pool-2-thread-18] DEBUG org.apache.http.wire -- http-outgoing-94 << "{"access_token":"eyJhbGciOiJIUzI1NiIsInR5cCI6IkpXVCJ9.eyJzdWIiOiIyNzJmNmI1NS01MTc5LTRhZTMtODU2My1iNGVjMTBmNzY3MTUiLCJ1c2VybmFtZSI6ImpvaG5kb2UyZDVkIiwicm9sZSI6MCwiaWF0IjoxNzUwNjA4NDc0LCJleHAiOjE3NTA2MTIwNzR9.kTrko6hJANvtLgx7VebKv-xF5qMM-THBYalTWHxtlW4","refresh_token":"d32c04047a5fedd68a3c64cc8585c0fe43254d2ba42f38defcb0453c06c66ada","user":{"id":"272f6b55-5179-4ae3-8563-b4ec10f76715","email":"testit5@gmail.com","username":"johndoe2d5d","name":"John Doe","phoneNumber":"0123456132","profilePic":null,"bio":null,"private":false,"verified":false,"role":0,"followersCount":0,"followingCount":0,"postCount":0}}"
23:07:55.247 [pool-2-thread-18] DEBUG org.apache.http.headers -- http-outgoing-94 << HTTP/1.1 200 OK
23:07:55.247 [pool-2-thread-18] DEBUG org.apache.http.headers -- http-outgoing-94 << X-Powered-By: Express
23:07:55.247 [pool-2-thread-18] DEBUG org.apache.http.headers -- http-outgoing-94 << Access-Control-Allow-Origin: *
23:07:55.247 [pool-2-thread-18] DEBUG org.apache.http.headers -- http-outgoing-94 << Content-Type: application/json; charset=utf-8
23:07:55.247 [pool-2-thread-18] DEBUG org.apache.http.headers -- http-outgoing-94 << Content-Length: 609
23:07:55.247 [pool-2-thread-18] DEBUG org.apache.http.headers -- http-outgoing-94 << ETag: W/"261-iRPIRpoJW5KI7SyVbTYv5ICn8EA"
23:07:55.247 [pool-2-thread-18] DEBUG org.apache.http.headers -- http-outgoing-94 << Date: Sun, 22 Jun 2025 16:07:55 GMT
23:07:55.247 [pool-2-thread-18] DEBUG org.apache.http.headers -- http-outgoing-94 << Connection: keep-alive
23:07:55.247 [pool-2-thread-18] DEBUG org.apache.http.headers -- http-outgoing-94 << Keep-Alive: timeout=5
23:07:55.247 [pool-2-thread-18] DEBUG org.apache.http.impl.execchain.MainClientExec -- Connection can be kept alive for 5000 MILLISECONDS
23:07:55.247 [pool-2-thread-18] DEBUG org.apache.http.impl.conn.PoolingHttpClientConnectionManager -- Connection [id: 94][route: {}->http://localhost:3000] can be kept alive for 5.0 seconds
23:07:55.247 [pool-2-thread-18] DEBUG org.apache.http.impl.conn.DefaultManagedHttpClientConnection -- http-outgoing-94: set socket timeout to 0
23:07:55.247 [pool-2-thread-18] DEBUG org.apache.http.impl.conn.PoolingHttpClientConnectionManager -- Connection released: [id: 94][route: {}->http://localhost:3000][total available: 1; route allocated: 1 of 5; total allocated: 1 of 10]
23:07:55.247 [pool-2-thread-18] DEBUG org.apache.http.impl.conn.PoolingHttpClientConnectionManager -- Connection manager is shutting down
23:07:55.247 [pool-2-thread-18] DEBUG org.apache.http.impl.conn.DefaultManagedHttpClientConnection -- http-outgoing-94: Close connection
23:07:55.247 [pool-2-thread-18] DEBUG org.apache.http.impl.conn.PoolingHttpClientConnectionManager -- Connection manager shut down
23:07:55.248 [pool-2-thread-18] DEBUG com.intuit.karate -- response time in milliseconds: 2835
4 < 200
4 < X-Powered-By: Express
4 < Access-Control-Allow-Origin: *
4 < Content-Type: application/json; charset=utf-8
4 < Content-Length: 609
4 < ETag: W/"261-iRPIRpoJW5KI7SyVbTYv5ICn8EA"
4 < Date: Sun, 22 Jun 2025 16:07:55 GMT
4 < Connection: keep-alive
4 < Keep-Alive: timeout=5
{"access_token":"eyJhbGciOiJIUzI1NiIsInR5cCI6IkpXVCJ9.eyJzdWIiOiIyNzJmNmI1NS01MTc5LTRhZTMtODU2My1iNGVjMTBmNzY3MTUiLCJ1c2VybmFtZSI6ImpvaG5kb2UyZDVkIiwicm9sZSI6MCwiaWF0IjoxNzUwNjA4NDc0LCJleHAiOjE3NTA2MTIwNzR9.kTrko6hJANvtLgx7VebKv-xF5qMM-THBYalTWHxtlW4","refresh_token":"d32c04047a5fedd68a3c64cc8585c0fe43254d2ba42f38defcb0453c06c66ada","user":{"id":"272f6b55-5179-4ae3-8563-b4ec10f76715","email":"testit5@gmail.com","username":"johndoe2d5d","name":"John Doe","phoneNumber":"0123456132","profilePic":null,"bio":null,"private":false,"verified":false,"role":0,"followersCount":0,"followingCount":0,"postCount":0}}

23:07:55.249 [pool-2-thread-18] INFO com.intuit.karate -- [print] Call 4 completed, status: 200 
23:07:55.251 [pool-2-thread-18] INFO com.intuit.karate -- [print] *** API CALL 5 *** 
23:07:55.253 [pool-2-thread-18] DEBUG org.apache.http.client.protocol.RequestAddCookies -- CookieSpec selected: karate
23:07:55.253 [pool-2-thread-18] DEBUG org.apache.http.client.protocol.RequestAuthCache -- Auth cache not set in the context
23:07:55.254 [pool-2-thread-18] DEBUG com.intuit.karate -- request:
5 > POST http://localhost:3000/auth/login
5 > Content-Type: application/json; charset=UTF-8
5 > Content-Length: 54
5 > Host: localhost:3000
5 > Connection: Keep-Alive
5 > User-Agent: Apache-HttpClient/4.5.14 (Java/17.0.9)
5 > Accept-Encoding: gzip,deflate
{"email":"testit5@gmail.com","password":"Password123"}

23:07:55.254 [pool-2-thread-18] DEBUG org.apache.http.impl.conn.PoolingHttpClientConnectionManager -- Connection request: [route: {}->http://localhost:3000][total available: 0; route allocated: 0 of 5; total allocated: 0 of 10]
23:07:55.254 [pool-2-thread-18] DEBUG org.apache.http.impl.conn.PoolingHttpClientConnectionManager -- Connection leased: [id: 124][route: {}->http://localhost:3000][total available: 0; route allocated: 1 of 5; total allocated: 1 of 10]
23:07:55.254 [pool-2-thread-18] DEBUG org.apache.http.impl.execchain.MainClientExec -- Opening connection {}->http://localhost:3000
23:07:55.254 [pool-2-thread-18] DEBUG org.apache.http.impl.conn.DefaultHttpClientConnectionOperator -- Connecting to localhost/127.0.0.1:3000
23:07:55.255 [pool-2-thread-18] DEBUG org.apache.http.impl.conn.DefaultHttpClientConnectionOperator -- Connection established 127.0.0.1:52791<->127.0.0.1:3000
23:07:55.255 [pool-2-thread-18] DEBUG org.apache.http.impl.conn.DefaultManagedHttpClientConnection -- http-outgoing-124: set socket timeout to 30000
23:07:55.255 [pool-2-thread-18] DEBUG org.apache.http.impl.execchain.MainClientExec -- Executing request POST /auth/login HTTP/1.1
23:07:55.255 [pool-2-thread-18] DEBUG org.apache.http.impl.execchain.MainClientExec -- Target auth state: UNCHALLENGED
23:07:55.255 [pool-2-thread-18] DEBUG org.apache.http.impl.execchain.MainClientExec -- Proxy auth state: UNCHALLENGED
23:07:55.255 [pool-2-thread-18] DEBUG org.apache.http.headers -- http-outgoing-124 >> POST /auth/login HTTP/1.1
23:07:55.255 [pool-2-thread-18] DEBUG org.apache.http.headers -- http-outgoing-124 >> Content-Type: application/json; charset=UTF-8
23:07:55.255 [pool-2-thread-18] DEBUG org.apache.http.headers -- http-outgoing-124 >> Content-Length: 54
23:07:55.255 [pool-2-thread-18] DEBUG org.apache.http.headers -- http-outgoing-124 >> Host: localhost:3000
23:07:55.255 [pool-2-thread-18] DEBUG org.apache.http.headers -- http-outgoing-124 >> Connection: Keep-Alive
23:07:55.255 [pool-2-thread-18] DEBUG org.apache.http.headers -- http-outgoing-124 >> User-Agent: Apache-HttpClient/4.5.14 (Java/17.0.9)
23:07:55.255 [pool-2-thread-18] DEBUG org.apache.http.headers -- http-outgoing-124 >> Accept-Encoding: gzip,deflate
23:07:55.255 [pool-2-thread-18] DEBUG org.apache.http.wire -- http-outgoing-124 >> "POST /auth/login HTTP/1.1[\r][\n]"
23:07:55.255 [pool-2-thread-18] DEBUG org.apache.http.wire -- http-outgoing-124 >> "Content-Type: application/json; charset=UTF-8[\r][\n]"
23:07:55.255 [pool-2-thread-18] DEBUG org.apache.http.wire -- http-outgoing-124 >> "Content-Length: 54[\r][\n]"
23:07:55.255 [pool-2-thread-18] DEBUG org.apache.http.wire -- http-outgoing-124 >> "Host: localhost:3000[\r][\n]"
23:07:55.255 [pool-2-thread-18] DEBUG org.apache.http.wire -- http-outgoing-124 >> "Connection: Keep-Alive[\r][\n]"
23:07:55.255 [pool-2-thread-18] DEBUG org.apache.http.wire -- http-outgoing-124 >> "User-Agent: Apache-HttpClient/4.5.14 (Java/17.0.9)[\r][\n]"
23:07:55.255 [pool-2-thread-18] DEBUG org.apache.http.wire -- http-outgoing-124 >> "Accept-Encoding: gzip,deflate[\r][\n]"
23:07:55.255 [pool-2-thread-18] DEBUG org.apache.http.wire -- http-outgoing-124 >> "[\r][\n]"
23:07:55.255 [pool-2-thread-18] DEBUG org.apache.http.wire -- http-outgoing-124 >> "{"email":"testit5@gmail.com","password":"Password123"}"
23:07:55.393 [pool-2-thread-24] DEBUG org.apache.http.wire -- http-outgoing-105 << "HTTP/1.1 200 OK[\r][\n]"
23:07:55.393 [pool-2-thread-24] DEBUG org.apache.http.wire -- http-outgoing-105 << "X-Powered-By: Express[\r][\n]"
23:07:55.393 [pool-2-thread-24] DEBUG org.apache.http.wire -- http-outgoing-105 << "Access-Control-Allow-Origin: *[\r][\n]"
23:07:55.393 [pool-2-thread-24] DEBUG org.apache.http.wire -- http-outgoing-105 << "Content-Type: application/json; charset=utf-8[\r][\n]"
23:07:55.393 [pool-2-thread-24] DEBUG org.apache.http.wire -- http-outgoing-105 << "Content-Length: 608[\r][\n]"
23:07:55.393 [pool-2-thread-24] DEBUG org.apache.http.wire -- http-outgoing-105 << "ETag: W/"260-/OoQ+5F2xEo23pnfguUE//xW8mY"[\r][\n]"
23:07:55.393 [pool-2-thread-24] DEBUG org.apache.http.wire -- http-outgoing-105 << "Date: Sun, 22 Jun 2025 16:07:55 GMT[\r][\n]"
23:07:55.393 [pool-2-thread-24] DEBUG org.apache.http.wire -- http-outgoing-105 << "Connection: keep-alive[\r][\n]"
23:07:55.393 [pool-2-thread-24] DEBUG org.apache.http.wire -- http-outgoing-105 << "Keep-Alive: timeout=5[\r][\n]"
23:07:55.393 [pool-2-thread-24] DEBUG org.apache.http.wire -- http-outgoing-105 << "[\r][\n]"
23:07:55.393 [pool-2-thread-24] DEBUG org.apache.http.wire -- http-outgoing-105 << "{"access_token":"eyJhbGciOiJIUzI1NiIsInR5cCI6IkpXVCJ9.eyJzdWIiOiI4YTI0NzQ2MS01YzA0LTQyMWQtOThmNS1mYTljNzM0ZmFlYTUiLCJ1c2VybmFtZSI6ImphbmVzbWl0aCIsInJvbGUiOjAsImlhdCI6MTc1MDYwODQ3NSwiZXhwIjoxNzUwNjEyMDc1fQ.37FBwBTtXRlffXL0V2EbD-rbmJHbXd75Sp8cxpFJ0y4","refresh_token":"4198008b7a7134b4f7a5dedd1e22656f161a90dd80fb00278324a8aeb7ff47c3","user":{"id":"8a247461-5c04-421d-98f5-fa9c734faea5","email":"test2@example.com","username":"janesmith","name":"Jane Smith","phoneNumber":"01234567890","profilePic":null,"bio":null,"private":false,"verified":false,"role":0,"followersCount":0,"followingCount":0,"postCount":0}}"
23:07:55.393 [pool-2-thread-24] DEBUG org.apache.http.headers -- http-outgoing-105 << HTTP/1.1 200 OK
23:07:55.393 [pool-2-thread-24] DEBUG org.apache.http.headers -- http-outgoing-105 << X-Powered-By: Express
23:07:55.393 [pool-2-thread-24] DEBUG org.apache.http.headers -- http-outgoing-105 << Access-Control-Allow-Origin: *
23:07:55.393 [pool-2-thread-24] DEBUG org.apache.http.headers -- http-outgoing-105 << Content-Type: application/json; charset=utf-8
23:07:55.393 [pool-2-thread-24] DEBUG org.apache.http.headers -- http-outgoing-105 << Content-Length: 608
23:07:55.393 [pool-2-thread-24] DEBUG org.apache.http.headers -- http-outgoing-105 << ETag: W/"260-/OoQ+5F2xEo23pnfguUE//xW8mY"
23:07:55.393 [pool-2-thread-24] DEBUG org.apache.http.headers -- http-outgoing-105 << Date: Sun, 22 Jun 2025 16:07:55 GMT
23:07:55.393 [pool-2-thread-24] DEBUG org.apache.http.headers -- http-outgoing-105 << Connection: keep-alive
23:07:55.393 [pool-2-thread-24] DEBUG org.apache.http.headers -- http-outgoing-105 << Keep-Alive: timeout=5
23:07:55.393 [pool-2-thread-24] DEBUG org.apache.http.impl.execchain.MainClientExec -- Connection can be kept alive for 5000 MILLISECONDS
23:07:55.394 [pool-2-thread-24] DEBUG org.apache.http.impl.conn.PoolingHttpClientConnectionManager -- Connection [id: 105][route: {}->http://localhost:3000] can be kept alive for 5.0 seconds
23:07:55.394 [pool-2-thread-24] DEBUG org.apache.http.impl.conn.DefaultManagedHttpClientConnection -- http-outgoing-105: set socket timeout to 0
23:07:55.394 [pool-2-thread-24] DEBUG org.apache.http.impl.conn.PoolingHttpClientConnectionManager -- Connection released: [id: 105][route: {}->http://localhost:3000][total available: 1; route allocated: 1 of 5; total allocated: 1 of 10]
23:07:55.394 [pool-2-thread-24] DEBUG org.apache.http.impl.conn.PoolingHttpClientConnectionManager -- Connection manager is shutting down
23:07:55.394 [pool-2-thread-24] DEBUG org.apache.http.impl.conn.DefaultManagedHttpClientConnection -- http-outgoing-105: Close connection
23:07:55.394 [pool-2-thread-24] DEBUG org.apache.http.impl.conn.PoolingHttpClientConnectionManager -- Connection manager shut down
23:07:55.394 [pool-2-thread-24] DEBUG com.intuit.karate -- response time in milliseconds: 1950
5 < 200
5 < X-Powered-By: Express
5 < Access-Control-Allow-Origin: *
5 < Content-Type: application/json; charset=utf-8
5 < Content-Length: 608
5 < ETag: W/"260-/OoQ+5F2xEo23pnfguUE//xW8mY"
5 < Date: Sun, 22 Jun 2025 16:07:55 GMT
5 < Connection: keep-alive
5 < Keep-Alive: timeout=5
{"access_token":"eyJhbGciOiJIUzI1NiIsInR5cCI6IkpXVCJ9.eyJzdWIiOiI4YTI0NzQ2MS01YzA0LTQyMWQtOThmNS1mYTljNzM0ZmFlYTUiLCJ1c2VybmFtZSI6ImphbmVzbWl0aCIsInJvbGUiOjAsImlhdCI6MTc1MDYwODQ3NSwiZXhwIjoxNzUwNjEyMDc1fQ.37FBwBTtXRlffXL0V2EbD-rbmJHbXd75Sp8cxpFJ0y4","refresh_token":"4198008b7a7134b4f7a5dedd1e22656f161a90dd80fb00278324a8aeb7ff47c3","user":{"id":"8a247461-5c04-421d-98f5-fa9c734faea5","email":"test2@example.com","username":"janesmith","name":"Jane Smith","phoneNumber":"01234567890","profilePic":null,"bio":null,"private":false,"verified":false,"role":0,"followersCount":0,"followingCount":0,"postCount":0}}

23:07:55.395 [pool-2-thread-24] INFO com.intuit.karate -- [print] Call 5 completed, status: 200 
23:07:55.395 [pool-2-thread-24] INFO com.intuit.karate -- [print] *** API CALL 6 *** 
23:07:55.398 [pool-2-thread-24] DEBUG org.apache.http.client.protocol.RequestAddCookies -- CookieSpec selected: karate
23:07:55.398 [pool-2-thread-24] DEBUG org.apache.http.client.protocol.RequestAuthCache -- Auth cache not set in the context
23:07:55.398 [pool-2-thread-24] DEBUG com.intuit.karate -- request:
6 > POST http://localhost:3000/auth/login
6 > Content-Type: application/json; charset=UTF-8
6 > Content-Length: 54
6 > Host: localhost:3000
6 > Connection: Keep-Alive
6 > User-Agent: Apache-HttpClient/4.5.14 (Java/17.0.9)
6 > Accept-Encoding: gzip,deflate
{"email":"test2@example.com","password":"Password123"}

23:07:55.398 [pool-2-thread-24] DEBUG org.apache.http.impl.conn.PoolingHttpClientConnectionManager -- Connection request: [route: {}->http://localhost:3000][total available: 0; route allocated: 0 of 5; total allocated: 0 of 10]
23:07:55.398 [pool-2-thread-24] DEBUG org.apache.http.impl.conn.PoolingHttpClientConnectionManager -- Connection leased: [id: 125][route: {}->http://localhost:3000][total available: 0; route allocated: 1 of 5; total allocated: 1 of 10]
23:07:55.398 [pool-2-thread-24] DEBUG org.apache.http.impl.execchain.MainClientExec -- Opening connection {}->http://localhost:3000
23:07:55.398 [pool-2-thread-24] DEBUG org.apache.http.impl.conn.DefaultHttpClientConnectionOperator -- Connecting to localhost/127.0.0.1:3000
23:07:55.399 [pool-2-thread-24] DEBUG org.apache.http.impl.conn.DefaultHttpClientConnectionOperator -- Connection established 127.0.0.1:52792<->127.0.0.1:3000
23:07:55.399 [pool-2-thread-24] DEBUG org.apache.http.impl.conn.DefaultManagedHttpClientConnection -- http-outgoing-125: set socket timeout to 30000
23:07:55.399 [pool-2-thread-24] DEBUG org.apache.http.impl.execchain.MainClientExec -- Executing request POST /auth/login HTTP/1.1
23:07:55.399 [pool-2-thread-24] DEBUG org.apache.http.impl.execchain.MainClientExec -- Target auth state: UNCHALLENGED
23:07:55.399 [pool-2-thread-24] DEBUG org.apache.http.impl.execchain.MainClientExec -- Proxy auth state: UNCHALLENGED
23:07:55.399 [pool-2-thread-24] DEBUG org.apache.http.headers -- http-outgoing-125 >> POST /auth/login HTTP/1.1
23:07:55.399 [pool-2-thread-24] DEBUG org.apache.http.headers -- http-outgoing-125 >> Content-Type: application/json; charset=UTF-8
23:07:55.399 [pool-2-thread-24] DEBUG org.apache.http.headers -- http-outgoing-125 >> Content-Length: 54
23:07:55.399 [pool-2-thread-24] DEBUG org.apache.http.headers -- http-outgoing-125 >> Host: localhost:3000
23:07:55.399 [pool-2-thread-24] DEBUG org.apache.http.headers -- http-outgoing-125 >> Connection: Keep-Alive
23:07:55.399 [pool-2-thread-24] DEBUG org.apache.http.headers -- http-outgoing-125 >> User-Agent: Apache-HttpClient/4.5.14 (Java/17.0.9)
23:07:55.399 [pool-2-thread-24] DEBUG org.apache.http.headers -- http-outgoing-125 >> Accept-Encoding: gzip,deflate
23:07:55.399 [pool-2-thread-24] DEBUG org.apache.http.wire -- http-outgoing-125 >> "POST /auth/login HTTP/1.1[\r][\n]"
23:07:55.399 [pool-2-thread-24] DEBUG org.apache.http.wire -- http-outgoing-125 >> "Content-Type: application/json; charset=UTF-8[\r][\n]"
23:07:55.399 [pool-2-thread-24] DEBUG org.apache.http.wire -- http-outgoing-125 >> "Content-Length: 54[\r][\n]"
23:07:55.399 [pool-2-thread-24] DEBUG org.apache.http.wire -- http-outgoing-125 >> "Host: localhost:3000[\r][\n]"
23:07:55.399 [pool-2-thread-24] DEBUG org.apache.http.wire -- http-outgoing-125 >> "Connection: Keep-Alive[\r][\n]"
23:07:55.399 [pool-2-thread-24] DEBUG org.apache.http.wire -- http-outgoing-125 >> "User-Agent: Apache-HttpClient/4.5.14 (Java/17.0.9)[\r][\n]"
23:07:55.399 [pool-2-thread-24] DEBUG org.apache.http.wire -- http-outgoing-125 >> "Accept-Encoding: gzip,deflate[\r][\n]"
23:07:55.399 [pool-2-thread-24] DEBUG org.apache.http.wire -- http-outgoing-125 >> "[\r][\n]"
23:07:55.399 [pool-2-thread-24] DEBUG org.apache.http.wire -- http-outgoing-125 >> "{"email":"test2@example.com","password":"Password123"}"
23:07:56.150 [pool-2-thread-3] DEBUG org.apache.http.wire -- http-outgoing-107 << "HTTP/1.1 200 OK[\r][\n]"
23:07:56.150 [pool-2-thread-3] DEBUG org.apache.http.wire -- http-outgoing-107 << "X-Powered-By: Express[\r][\n]"
23:07:56.150 [pool-2-thread-3] DEBUG org.apache.http.wire -- http-outgoing-107 << "Access-Control-Allow-Origin: *[\r][\n]"
23:07:56.150 [pool-2-thread-3] DEBUG org.apache.http.wire -- http-outgoing-107 << "Content-Type: application/json; charset=utf-8[\r][\n]"
23:07:56.150 [pool-2-thread-3] DEBUG org.apache.http.wire -- http-outgoing-107 << "Content-Length: 599[\r][\n]"
23:07:56.150 [pool-2-thread-3] DEBUG org.apache.http.wire -- http-outgoing-107 << "ETag: W/"257-UT04udA1CHlLeZXYU5UdXJ/x+vM"[\r][\n]"
23:07:56.150 [pool-2-thread-3] DEBUG org.apache.http.wire -- http-outgoing-107 << "Date: Sun, 22 Jun 2025 16:07:56 GMT[\r][\n]"
23:07:56.150 [pool-2-thread-3] DEBUG org.apache.http.wire -- http-outgoing-107 << "Connection: keep-alive[\r][\n]"
23:07:56.150 [pool-2-thread-3] DEBUG org.apache.http.wire -- http-outgoing-107 << "Keep-Alive: timeout=5[\r][\n]"
23:07:56.150 [pool-2-thread-3] DEBUG org.apache.http.wire -- http-outgoing-107 << "[\r][\n]"
23:07:56.150 [pool-2-thread-3] DEBUG org.apache.http.wire -- http-outgoing-107 << "{"access_token":"eyJhbGciOiJIUzI1NiIsInR5cCI6IkpXVCJ9.eyJzdWIiOiIyZGRhMDQzOS01MTgwLTQ1YWEtOTE3Zi1lNjMyZTQ1YThlNDEiLCJ1c2VybmFtZSI6ImpvaG5kb2UiLCJyb2xlIjowLCJpYXQiOjE3NTA2MDg0NzUsImV4cCI6MTc1MDYxMjA3NX0.U3zsjkS085xSRxUxDNgDdEKHcW83Y9Eb1BsfxI_BV8g","refresh_token":"41bb7afd38be821e990e78ca7cc2443e14eef00fc9a4586bb6381a368cb333c3","user":{"id":"2dda0439-5180-45aa-917f-e632e45a8e41","email":"test@example.com","username":"johndoe","name":"John Doe","phoneNumber":"0987654321","profilePic":null,"bio":null,"private":false,"verified":false,"role":0,"followersCount":0,"followingCount":0,"postCount":0}}"
23:07:56.150 [pool-2-thread-3] DEBUG org.apache.http.headers -- http-outgoing-107 << HTTP/1.1 200 OK
23:07:56.150 [pool-2-thread-3] DEBUG org.apache.http.headers -- http-outgoing-107 << X-Powered-By: Express
23:07:56.150 [pool-2-thread-3] DEBUG org.apache.http.headers -- http-outgoing-107 << Access-Control-Allow-Origin: *
23:07:56.150 [pool-2-thread-3] DEBUG org.apache.http.headers -- http-outgoing-107 << Content-Type: application/json; charset=utf-8
23:07:56.150 [pool-2-thread-3] DEBUG org.apache.http.headers -- http-outgoing-107 << Content-Length: 599
23:07:56.150 [pool-2-thread-3] DEBUG org.apache.http.headers -- http-outgoing-107 << ETag: W/"257-UT04udA1CHlLeZXYU5UdXJ/x+vM"
23:07:56.150 [pool-2-thread-3] DEBUG org.apache.http.headers -- http-outgoing-107 << Date: Sun, 22 Jun 2025 16:07:56 GMT
23:07:56.150 [pool-2-thread-3] DEBUG org.apache.http.headers -- http-outgoing-107 << Connection: keep-alive
23:07:56.150 [pool-2-thread-3] DEBUG org.apache.http.headers -- http-outgoing-107 << Keep-Alive: timeout=5
23:07:56.150 [pool-2-thread-3] DEBUG org.apache.http.impl.execchain.MainClientExec -- Connection can be kept alive for 5000 MILLISECONDS
23:07:56.150 [pool-2-thread-3] DEBUG org.apache.http.impl.conn.PoolingHttpClientConnectionManager -- Connection [id: 107][route: {}->http://localhost:3000] can be kept alive for 5.0 seconds
23:07:56.150 [pool-2-thread-3] DEBUG org.apache.http.impl.conn.DefaultManagedHttpClientConnection -- http-outgoing-107: set socket timeout to 0
23:07:56.150 [pool-2-thread-3] DEBUG org.apache.http.impl.conn.PoolingHttpClientConnectionManager -- Connection released: [id: 107][route: {}->http://localhost:3000][total available: 1; route allocated: 1 of 5; total allocated: 1 of 10]
23:07:56.150 [pool-2-thread-3] DEBUG org.apache.http.impl.conn.PoolingHttpClientConnectionManager -- Connection manager is shutting down
23:07:56.151 [pool-2-thread-3] DEBUG org.apache.http.impl.conn.DefaultManagedHttpClientConnection -- http-outgoing-107: Close connection
23:07:56.151 [pool-2-thread-3] DEBUG org.apache.http.impl.conn.PoolingHttpClientConnectionManager -- Connection manager shut down
23:07:56.151 [pool-2-thread-3] DEBUG com.intuit.karate -- response time in milliseconds: 1945
5 < 200
5 < X-Powered-By: Express
5 < Access-Control-Allow-Origin: *
5 < Content-Type: application/json; charset=utf-8
5 < Content-Length: 599
5 < ETag: W/"257-UT04udA1CHlLeZXYU5UdXJ/x+vM"
5 < Date: Sun, 22 Jun 2025 16:07:56 GMT
5 < Connection: keep-alive
5 < Keep-Alive: timeout=5
{"access_token":"eyJhbGciOiJIUzI1NiIsInR5cCI6IkpXVCJ9.eyJzdWIiOiIyZGRhMDQzOS01MTgwLTQ1YWEtOTE3Zi1lNjMyZTQ1YThlNDEiLCJ1c2VybmFtZSI6ImpvaG5kb2UiLCJyb2xlIjowLCJpYXQiOjE3NTA2MDg0NzUsImV4cCI6MTc1MDYxMjA3NX0.U3zsjkS085xSRxUxDNgDdEKHcW83Y9Eb1BsfxI_BV8g","refresh_token":"41bb7afd38be821e990e78ca7cc2443e14eef00fc9a4586bb6381a368cb333c3","user":{"id":"2dda0439-5180-45aa-917f-e632e45a8e41","email":"test@example.com","username":"johndoe","name":"John Doe","phoneNumber":"0987654321","profilePic":null,"bio":null,"private":false,"verified":false,"role":0,"followersCount":0,"followingCount":0,"postCount":0}}

23:07:56.152 [pool-2-thread-3] INFO com.intuit.karate -- [print] Call 5 completed, status: 200 
23:07:56.152 [pool-2-thread-3] INFO com.intuit.karate -- [print] *** API CALL 6 *** 
23:07:56.154 [pool-2-thread-3] DEBUG org.apache.http.client.protocol.RequestAddCookies -- CookieSpec selected: karate
23:07:56.154 [pool-2-thread-3] DEBUG org.apache.http.client.protocol.RequestAuthCache -- Auth cache not set in the context
23:07:56.154 [pool-2-thread-3] DEBUG com.intuit.karate -- request:
6 > POST http://localhost:3000/auth/login
6 > Content-Type: application/json; charset=UTF-8
6 > Content-Length: 53
6 > Host: localhost:3000
6 > Connection: Keep-Alive
6 > User-Agent: Apache-HttpClient/4.5.14 (Java/17.0.9)
6 > Accept-Encoding: gzip,deflate
{"email":"test@example.com","password":"Password123"}

23:07:56.154 [pool-2-thread-3] DEBUG org.apache.http.impl.conn.PoolingHttpClientConnectionManager -- Connection request: [route: {}->http://localhost:3000][total available: 0; route allocated: 0 of 5; total allocated: 0 of 10]
23:07:56.154 [pool-2-thread-3] DEBUG org.apache.http.impl.conn.PoolingHttpClientConnectionManager -- Connection leased: [id: 126][route: {}->http://localhost:3000][total available: 0; route allocated: 1 of 5; total allocated: 1 of 10]
23:07:56.154 [pool-2-thread-3] DEBUG org.apache.http.impl.execchain.MainClientExec -- Opening connection {}->http://localhost:3000
23:07:56.155 [pool-2-thread-3] DEBUG org.apache.http.impl.conn.DefaultHttpClientConnectionOperator -- Connecting to localhost/127.0.0.1:3000
23:07:56.155 [pool-2-thread-3] DEBUG org.apache.http.impl.conn.DefaultHttpClientConnectionOperator -- Connection established 127.0.0.1:52793<->127.0.0.1:3000
23:07:56.155 [pool-2-thread-3] DEBUG org.apache.http.impl.conn.DefaultManagedHttpClientConnection -- http-outgoing-126: set socket timeout to 30000
23:07:56.155 [pool-2-thread-3] DEBUG org.apache.http.impl.execchain.MainClientExec -- Executing request POST /auth/login HTTP/1.1
23:07:56.155 [pool-2-thread-3] DEBUG org.apache.http.impl.execchain.MainClientExec -- Target auth state: UNCHALLENGED
23:07:56.155 [pool-2-thread-3] DEBUG org.apache.http.impl.execchain.MainClientExec -- Proxy auth state: UNCHALLENGED
23:07:56.155 [pool-2-thread-3] DEBUG org.apache.http.headers -- http-outgoing-126 >> POST /auth/login HTTP/1.1
23:07:56.155 [pool-2-thread-3] DEBUG org.apache.http.headers -- http-outgoing-126 >> Content-Type: application/json; charset=UTF-8
23:07:56.155 [pool-2-thread-3] DEBUG org.apache.http.headers -- http-outgoing-126 >> Content-Length: 53
23:07:56.155 [pool-2-thread-3] DEBUG org.apache.http.headers -- http-outgoing-126 >> Host: localhost:3000
23:07:56.155 [pool-2-thread-3] DEBUG org.apache.http.headers -- http-outgoing-126 >> Connection: Keep-Alive
23:07:56.155 [pool-2-thread-3] DEBUG org.apache.http.headers -- http-outgoing-126 >> User-Agent: Apache-HttpClient/4.5.14 (Java/17.0.9)
23:07:56.155 [pool-2-thread-3] DEBUG org.apache.http.headers -- http-outgoing-126 >> Accept-Encoding: gzip,deflate
23:07:56.155 [pool-2-thread-3] DEBUG org.apache.http.wire -- http-outgoing-126 >> "POST /auth/login HTTP/1.1[\r][\n]"
23:07:56.155 [pool-2-thread-3] DEBUG org.apache.http.wire -- http-outgoing-126 >> "Content-Type: application/json; charset=UTF-8[\r][\n]"
23:07:56.155 [pool-2-thread-3] DEBUG org.apache.http.wire -- http-outgoing-126 >> "Content-Length: 53[\r][\n]"
23:07:56.155 [pool-2-thread-3] DEBUG org.apache.http.wire -- http-outgoing-126 >> "Host: localhost:3000[\r][\n]"
23:07:56.155 [pool-2-thread-3] DEBUG org.apache.http.wire -- http-outgoing-126 >> "Connection: Keep-Alive[\r][\n]"
23:07:56.155 [pool-2-thread-3] DEBUG org.apache.http.wire -- http-outgoing-126 >> "User-Agent: Apache-HttpClient/4.5.14 (Java/17.0.9)[\r][\n]"
23:07:56.155 [pool-2-thread-3] DEBUG org.apache.http.wire -- http-outgoing-126 >> "Accept-Encoding: gzip,deflate[\r][\n]"
23:07:56.155 [pool-2-thread-3] DEBUG org.apache.http.wire -- http-outgoing-126 >> "[\r][\n]"
23:07:56.155 [pool-2-thread-3] DEBUG org.apache.http.wire -- http-outgoing-126 >> "{"email":"test@example.com","password":"Password123"}"
23:07:56.158 [pool-2-thread-22] DEBUG org.apache.http.wire -- http-outgoing-101 << "HTTP/1.1 200 OK[\r][\n]"
23:07:56.158 [pool-2-thread-22] DEBUG org.apache.http.wire -- http-outgoing-101 << "X-Powered-By: Express[\r][\n]"
23:07:56.158 [pool-2-thread-22] DEBUG org.apache.http.wire -- http-outgoing-101 << "Access-Control-Allow-Origin: *[\r][\n]"
23:07:56.158 [pool-2-thread-22] DEBUG org.apache.http.wire -- http-outgoing-101 << "Content-Type: application/json; charset=utf-8[\r][\n]"
23:07:56.158 [pool-2-thread-22] DEBUG org.apache.http.wire -- http-outgoing-101 << "Content-Length: 715[\r][\n]"
23:07:56.158 [pool-2-thread-22] DEBUG org.apache.http.wire -- http-outgoing-101 << "ETag: W/"2cb-9pEBx2zAZLIPmiiI/NlR47tCi30"[\r][\n]"
23:07:56.158 [pool-2-thread-22] DEBUG org.apache.http.wire -- http-outgoing-101 << "Date: Sun, 22 Jun 2025 16:07:56 GMT[\r][\n]"
23:07:56.158 [pool-2-thread-22] DEBUG org.apache.http.wire -- http-outgoing-101 << "Connection: keep-alive[\r][\n]"
23:07:56.158 [pool-2-thread-22] DEBUG org.apache.http.wire -- http-outgoing-101 << "Keep-Alive: timeout=5[\r][\n]"
23:07:56.158 [pool-2-thread-22] DEBUG org.apache.http.wire -- http-outgoing-101 << "[\r][\n]"
23:07:56.158 [pool-2-thread-22] DEBUG org.apache.http.wire -- http-outgoing-101 << "{"access_token":"eyJhbGciOiJIUzI1NiIsInR5cCI6IkpXVCJ9.eyJzdWIiOiIyYjg0YWEyNC02NjhhLTQwZTItYWYxYy1hZDRmYzRmYTVhNmYiLCJ1c2VybmFtZSI6InF1YW5nMSIsInJvbGUiOjAsImlhdCI6MTc1MDYwODQ3NSwiZXhwIjoxNzUwNjEyMDc1fQ.PnVZ3Kcw5aoWGy6jn_ckxOLJ2Zf2_a1t9IOhkEVyYlk","refresh_token":"3d50b9ff96f4a361418855985b63b64d474ccb67743b94834250d3b5d399d280","user":{"id":"2b84aa24-668a-40e2-af1c-ad4fc4fa5a6f","email":"quang1@gmail.com","username":"quang1","name":"quang1","phoneNumber":"09874563210","profilePic":"https://res.cloudinary.com/dizcvrefo/image/upload/v1749027586/nestjs_uploads/xehairydt9rzlbmbmv4c.jpg","bio":"Thang Nam Lao Vua Thoi","private":false,"verified":false,"role":0,"followersCount":2,"followingCount":3,"postCount":2}}"
23:07:56.158 [pool-2-thread-22] DEBUG org.apache.http.headers -- http-outgoing-101 << HTTP/1.1 200 OK
23:07:56.158 [pool-2-thread-22] DEBUG org.apache.http.headers -- http-outgoing-101 << X-Powered-By: Express
23:07:56.158 [pool-2-thread-22] DEBUG org.apache.http.headers -- http-outgoing-101 << Access-Control-Allow-Origin: *
23:07:56.158 [pool-2-thread-22] DEBUG org.apache.http.headers -- http-outgoing-101 << Content-Type: application/json; charset=utf-8
23:07:56.158 [pool-2-thread-22] DEBUG org.apache.http.headers -- http-outgoing-101 << Content-Length: 715
23:07:56.158 [pool-2-thread-22] DEBUG org.apache.http.headers -- http-outgoing-101 << ETag: W/"2cb-9pEBx2zAZLIPmiiI/NlR47tCi30"
23:07:56.158 [pool-2-thread-22] DEBUG org.apache.http.headers -- http-outgoing-101 << Date: Sun, 22 Jun 2025 16:07:56 GMT
23:07:56.158 [pool-2-thread-22] DEBUG org.apache.http.headers -- http-outgoing-101 << Connection: keep-alive
23:07:56.158 [pool-2-thread-22] DEBUG org.apache.http.headers -- http-outgoing-101 << Keep-Alive: timeout=5
23:07:56.158 [pool-2-thread-6] DEBUG org.apache.http.wire -- http-outgoing-106 << "HTTP/1.1 200 OK[\r][\n]"
23:07:56.158 [pool-2-thread-6] DEBUG org.apache.http.wire -- http-outgoing-106 << "X-Powered-By: Express[\r][\n]"
23:07:56.158 [pool-2-thread-6] DEBUG org.apache.http.wire -- http-outgoing-106 << "Access-Control-Allow-Origin: *[\r][\n]"
23:07:56.158 [pool-2-thread-6] DEBUG org.apache.http.wire -- http-outgoing-106 << "Content-Type: application/json; charset=utf-8[\r][\n]"
23:07:56.159 [pool-2-thread-6] DEBUG org.apache.http.wire -- http-outgoing-106 << "Content-Length: 607[\r][\n]"
23:07:56.159 [pool-2-thread-6] DEBUG org.apache.http.wire -- http-outgoing-106 << "ETag: W/"25f-j0NxZi4f6txsqcnqsE5Y1wKoRYs"[\r][\n]"
23:07:56.159 [pool-2-thread-6] DEBUG org.apache.http.wire -- http-outgoing-106 << "Date: Sun, 22 Jun 2025 16:07:56 GMT[\r][\n]"
23:07:56.159 [pool-2-thread-6] DEBUG org.apache.http.wire -- http-outgoing-106 << "Connection: keep-alive[\r][\n]"
23:07:56.159 [pool-2-thread-6] DEBUG org.apache.http.wire -- http-outgoing-106 << "Keep-Alive: timeout=5[\r][\n]"
23:07:56.159 [pool-2-thread-6] DEBUG org.apache.http.wire -- http-outgoing-106 << "[\r][\n]"
23:07:56.159 [pool-2-thread-6] DEBUG org.apache.http.wire -- http-outgoing-106 << "{"access_token":"eyJhbGciOiJIUzI1NiIsInR5cCI6IkpXVCJ9.eyJzdWIiOiI5YTI2OTc2Yy0xNTMyLTRkZjMtYTE2ZS03NjMxNTI1Yzg1MDIiLCJ1c2VybmFtZSI6ImpvaG5kb2UyZDUiLCJyb2xlIjowLCJpYXQiOjE3NTA2MDg0NzUsImV4cCI6MTc1MDYxMjA3NX0.iTB1RZeVK6fOHy1w4XUAYVDkxq6DZfv1TLoAok0z2X8","refresh_token":"e88983664a3eb1ea8222ccb44540312672459c1e9e41f5f8863f323dd03b835c","user":{"id":"9a26976c-1532-4df3-a16e-7631525c8502","email":"testit4@gmail.com","username":"johndoe2d5","name":"John Doe","phoneNumber":"0123456212","profilePic":null,"bio":null,"private":false,"verified":false,"role":0,"followersCount":0,"followingCount":0,"postCount":0}}"
23:07:56.159 [pool-2-thread-22] DEBUG org.apache.http.impl.execchain.MainClientExec -- Connection can be kept alive for 5000 MILLISECONDS
23:07:56.159 [pool-2-thread-6] DEBUG org.apache.http.headers -- http-outgoing-106 << HTTP/1.1 200 OK
23:07:56.159 [pool-2-thread-6] DEBUG org.apache.http.headers -- http-outgoing-106 << X-Powered-By: Express
23:07:56.159 [pool-2-thread-6] DEBUG org.apache.http.headers -- http-outgoing-106 << Access-Control-Allow-Origin: *
23:07:56.159 [pool-2-thread-6] DEBUG org.apache.http.headers -- http-outgoing-106 << Content-Type: application/json; charset=utf-8
23:07:56.159 [pool-2-thread-6] DEBUG org.apache.http.headers -- http-outgoing-106 << Content-Length: 607
23:07:56.159 [pool-2-thread-6] DEBUG org.apache.http.headers -- http-outgoing-106 << ETag: W/"25f-j0NxZi4f6txsqcnqsE5Y1wKoRYs"
23:07:56.159 [pool-2-thread-6] DEBUG org.apache.http.headers -- http-outgoing-106 << Date: Sun, 22 Jun 2025 16:07:56 GMT
23:07:56.159 [pool-2-thread-6] DEBUG org.apache.http.headers -- http-outgoing-106 << Connection: keep-alive
23:07:56.159 [pool-2-thread-6] DEBUG org.apache.http.headers -- http-outgoing-106 << Keep-Alive: timeout=5
23:07:56.159 [pool-2-thread-6] DEBUG org.apache.http.impl.execchain.MainClientExec -- Connection can be kept alive for 5000 MILLISECONDS
23:07:56.159 [pool-2-thread-22] DEBUG org.apache.http.impl.conn.PoolingHttpClientConnectionManager -- Connection [id: 100][route: {}->http://localhost:3000] can be kept alive for 5.0 seconds
23:07:56.159 [pool-2-thread-22] DEBUG org.apache.http.impl.conn.DefaultManagedHttpClientConnection -- http-outgoing-101: set socket timeout to 0
23:07:56.159 [pool-2-thread-6] DEBUG org.apache.http.impl.conn.PoolingHttpClientConnectionManager -- Connection [id: 106][route: {}->http://localhost:3000] can be kept alive for 5.0 seconds
23:07:56.159 [pool-2-thread-6] DEBUG org.apache.http.impl.conn.DefaultManagedHttpClientConnection -- http-outgoing-106: set socket timeout to 0
23:07:56.159 [pool-2-thread-6] DEBUG org.apache.http.impl.conn.PoolingHttpClientConnectionManager -- Connection released: [id: 106][route: {}->http://localhost:3000][total available: 1; route allocated: 1 of 5; total allocated: 1 of 10]
23:07:56.159 [pool-2-thread-22] DEBUG org.apache.http.impl.conn.PoolingHttpClientConnectionManager -- Connection released: [id: 100][route: {}->http://localhost:3000][total available: 1; route allocated: 1 of 5; total allocated: 1 of 10]
23:07:56.159 [pool-2-thread-6] DEBUG org.apache.http.impl.conn.PoolingHttpClientConnectionManager -- Connection manager is shutting down
23:07:56.159 [pool-2-thread-22] DEBUG org.apache.http.impl.conn.PoolingHttpClientConnectionManager -- Connection manager is shutting down
23:07:56.159 [pool-2-thread-22] DEBUG org.apache.http.impl.conn.DefaultManagedHttpClientConnection -- http-outgoing-101: Close connection
23:07:56.159 [pool-2-thread-6] DEBUG org.apache.http.impl.conn.DefaultManagedHttpClientConnection -- http-outgoing-106: Close connection
23:07:56.159 [pool-2-thread-22] DEBUG org.apache.http.impl.conn.PoolingHttpClientConnectionManager -- Connection manager shut down
23:07:56.159 [pool-2-thread-6] DEBUG org.apache.http.impl.conn.PoolingHttpClientConnectionManager -- Connection manager shut down
23:07:56.159 [pool-2-thread-22] DEBUG com.intuit.karate -- response time in milliseconds: 2895
5 < 200
5 < X-Powered-By: Express
5 < Access-Control-Allow-Origin: *
5 < Content-Type: application/json; charset=utf-8
5 < Content-Length: 715
5 < ETag: W/"2cb-9pEBx2zAZLIPmiiI/NlR47tCi30"
5 < Date: Sun, 22 Jun 2025 16:07:56 GMT
5 < Connection: keep-alive
5 < Keep-Alive: timeout=5
{"access_token":"eyJhbGciOiJIUzI1NiIsInR5cCI6IkpXVCJ9.eyJzdWIiOiIyYjg0YWEyNC02NjhhLTQwZTItYWYxYy1hZDRmYzRmYTVhNmYiLCJ1c2VybmFtZSI6InF1YW5nMSIsInJvbGUiOjAsImlhdCI6MTc1MDYwODQ3NSwiZXhwIjoxNzUwNjEyMDc1fQ.PnVZ3Kcw5aoWGy6jn_ckxOLJ2Zf2_a1t9IOhkEVyYlk","refresh_token":"3d50b9ff96f4a361418855985b63b64d474ccb67743b94834250d3b5d399d280","user":{"id":"2b84aa24-668a-40e2-af1c-ad4fc4fa5a6f","email":"quang1@gmail.com","username":"quang1","name":"quang1","phoneNumber":"09874563210","profilePic":"https://res.cloudinary.com/dizcvrefo/image/upload/v1749027586/nestjs_uploads/xehairydt9rzlbmbmv4c.jpg","bio":"Thang Nam Lao Vua Thoi","private":false,"verified":false,"role":0,"followersCount":2,"followingCount":3,"postCount":2}}

23:07:56.159 [pool-2-thread-6] DEBUG com.intuit.karate -- response time in milliseconds: 2000
5 < 200
5 < X-Powered-By: Express
5 < Access-Control-Allow-Origin: *
5 < Content-Type: application/json; charset=utf-8
5 < Content-Length: 607
5 < ETag: W/"25f-j0NxZi4f6txsqcnqsE5Y1wKoRYs"
5 < Date: Sun, 22 Jun 2025 16:07:56 GMT
5 < Connection: keep-alive
5 < Keep-Alive: timeout=5
{"access_token":"eyJhbGciOiJIUzI1NiIsInR5cCI6IkpXVCJ9.eyJzdWIiOiI5YTI2OTc2Yy0xNTMyLTRkZjMtYTE2ZS03NjMxNTI1Yzg1MDIiLCJ1c2VybmFtZSI6ImpvaG5kb2UyZDUiLCJyb2xlIjowLCJpYXQiOjE3NTA2MDg0NzUsImV4cCI6MTc1MDYxMjA3NX0.iTB1RZeVK6fOHy1w4XUAYVDkxq6DZfv1TLoAok0z2X8","refresh_token":"e88983664a3eb1ea8222ccb44540312672459c1e9e41f5f8863f323dd03b835c","user":{"id":"9a26976c-1532-4df3-a16e-7631525c8502","email":"testit4@gmail.com","username":"johndoe2d5","name":"John Doe","phoneNumber":"0123456212","profilePic":null,"bio":null,"private":false,"verified":false,"role":0,"followersCount":0,"followingCount":0,"postCount":0}}

23:07:56.160 [pool-2-thread-6] INFO com.intuit.karate -- [print] Call 5 completed, status: 200 
23:07:56.160 [pool-2-thread-22] INFO com.intuit.karate -- [print] Call 5 completed, status: 200 
23:07:56.161 [pool-2-thread-6] INFO com.intuit.karate -- [print] *** API CALL 6 *** 
23:07:56.161 [pool-2-thread-22] INFO com.intuit.karate -- [print] *** API CALL 6 *** 
23:07:56.162 [pool-2-thread-22] DEBUG org.apache.http.client.protocol.RequestAddCookies -- CookieSpec selected: karate
23:07:56.162 [pool-2-thread-6] DEBUG org.apache.http.client.protocol.RequestAddCookies -- CookieSpec selected: karate
23:07:56.162 [pool-2-thread-22] DEBUG org.apache.http.client.protocol.RequestAuthCache -- Auth cache not set in the context
23:07:56.162 [pool-2-thread-6] DEBUG org.apache.http.client.protocol.RequestAuthCache -- Auth cache not set in the context
23:07:56.162 [pool-2-thread-22] DEBUG com.intuit.karate -- request:
6 > POST http://localhost:3000/auth/login
6 > Content-Type: application/json; charset=UTF-8
6 > Content-Length: 48
6 > Host: localhost:3000
6 > Connection: Keep-Alive
6 > User-Agent: Apache-HttpClient/4.5.14 (Java/17.0.9)
6 > Accept-Encoding: gzip,deflate
{"email":"quang1@gmail.com","password":"quang1"}

23:07:56.162 [pool-2-thread-6] DEBUG com.intuit.karate -- request:
6 > POST http://localhost:3000/auth/login
6 > Content-Type: application/json; charset=UTF-8
6 > Content-Length: 54
6 > Host: localhost:3000
6 > Connection: Keep-Alive
6 > User-Agent: Apache-HttpClient/4.5.14 (Java/17.0.9)
6 > Accept-Encoding: gzip,deflate
{"email":"testit4@gmail.com","password":"Password123"}

23:07:56.162 [pool-2-thread-22] DEBUG org.apache.http.impl.conn.PoolingHttpClientConnectionManager -- Connection request: [route: {}->http://localhost:3000][total available: 0; route allocated: 0 of 5; total allocated: 0 of 10]
23:07:56.162 [pool-2-thread-6] DEBUG org.apache.http.impl.conn.PoolingHttpClientConnectionManager -- Connection request: [route: {}->http://localhost:3000][total available: 0; route allocated: 0 of 5; total allocated: 0 of 10]
23:07:56.162 [pool-2-thread-22] DEBUG org.apache.http.impl.conn.PoolingHttpClientConnectionManager -- Connection leased: [id: 128][route: {}->http://localhost:3000][total available: 0; route allocated: 1 of 5; total allocated: 1 of 10]
23:07:56.162 [pool-2-thread-6] DEBUG org.apache.http.impl.conn.PoolingHttpClientConnectionManager -- Connection leased: [id: 127][route: {}->http://localhost:3000][total available: 0; route allocated: 1 of 5; total allocated: 1 of 10]
23:07:56.162 [pool-2-thread-22] DEBUG org.apache.http.impl.execchain.MainClientExec -- Opening connection {}->http://localhost:3000
23:07:56.162 [pool-2-thread-6] DEBUG org.apache.http.impl.execchain.MainClientExec -- Opening connection {}->http://localhost:3000
23:07:56.162 [pool-2-thread-22] DEBUG org.apache.http.impl.conn.DefaultHttpClientConnectionOperator -- Connecting to localhost/127.0.0.1:3000
23:07:56.162 [pool-2-thread-6] DEBUG org.apache.http.impl.conn.DefaultHttpClientConnectionOperator -- Connecting to localhost/127.0.0.1:3000
23:07:56.162 [pool-2-thread-6] DEBUG org.apache.http.impl.conn.DefaultHttpClientConnectionOperator -- Connection established 127.0.0.1:52795<->127.0.0.1:3000
23:07:56.162 [pool-2-thread-22] DEBUG org.apache.http.impl.conn.DefaultHttpClientConnectionOperator -- Connection established 127.0.0.1:52794<->127.0.0.1:3000
23:07:56.162 [pool-2-thread-6] DEBUG org.apache.http.impl.conn.DefaultManagedHttpClientConnection -- http-outgoing-127: set socket timeout to 30000
23:07:56.162 [pool-2-thread-22] DEBUG org.apache.http.impl.conn.DefaultManagedHttpClientConnection -- http-outgoing-128: set socket timeout to 30000
23:07:56.162 [pool-2-thread-6] DEBUG org.apache.http.impl.execchain.MainClientExec -- Executing request POST /auth/login HTTP/1.1
23:07:56.162 [pool-2-thread-22] DEBUG org.apache.http.impl.execchain.MainClientExec -- Executing request POST /auth/login HTTP/1.1
23:07:56.162 [pool-2-thread-6] DEBUG org.apache.http.impl.execchain.MainClientExec -- Target auth state: UNCHALLENGED
23:07:56.162 [pool-2-thread-22] DEBUG org.apache.http.impl.execchain.MainClientExec -- Target auth state: UNCHALLENGED
23:07:56.162 [pool-2-thread-22] DEBUG org.apache.http.impl.execchain.MainClientExec -- Proxy auth state: UNCHALLENGED
23:07:56.162 [pool-2-thread-6] DEBUG org.apache.http.impl.execchain.MainClientExec -- Proxy auth state: UNCHALLENGED
23:07:56.163 [pool-2-thread-22] DEBUG org.apache.http.headers -- http-outgoing-128 >> POST /auth/login HTTP/1.1
23:07:56.163 [pool-2-thread-22] DEBUG org.apache.http.headers -- http-outgoing-128 >> Content-Type: application/json; charset=UTF-8
23:07:56.163 [pool-2-thread-6] DEBUG org.apache.http.headers -- http-outgoing-127 >> POST /auth/login HTTP/1.1
23:07:56.163 [pool-2-thread-6] DEBUG org.apache.http.headers -- http-outgoing-127 >> Content-Type: application/json; charset=UTF-8
23:07:56.163 [pool-2-thread-6] DEBUG org.apache.http.headers -- http-outgoing-127 >> Content-Length: 54
23:07:56.163 [pool-2-thread-6] DEBUG org.apache.http.headers -- http-outgoing-127 >> Host: localhost:3000
23:07:56.163 [pool-2-thread-6] DEBUG org.apache.http.headers -- http-outgoing-127 >> Connection: Keep-Alive
23:07:56.163 [pool-2-thread-22] DEBUG org.apache.http.headers -- http-outgoing-128 >> Content-Length: 48
23:07:56.163 [pool-2-thread-6] DEBUG org.apache.http.headers -- http-outgoing-127 >> User-Agent: Apache-HttpClient/4.5.14 (Java/17.0.9)
23:07:56.163 [pool-2-thread-22] DEBUG org.apache.http.headers -- http-outgoing-128 >> Host: localhost:3000
23:07:56.163 [pool-2-thread-22] DEBUG org.apache.http.headers -- http-outgoing-128 >> Connection: Keep-Alive
23:07:56.163 [pool-2-thread-22] DEBUG org.apache.http.headers -- http-outgoing-128 >> User-Agent: Apache-HttpClient/4.5.14 (Java/17.0.9)
23:07:56.163 [pool-2-thread-22] DEBUG org.apache.http.headers -- http-outgoing-128 >> Accept-Encoding: gzip,deflate
23:07:56.163 [pool-2-thread-22] DEBUG org.apache.http.wire -- http-outgoing-128 >> "POST /auth/login HTTP/1.1[\r][\n]"
23:07:56.163 [pool-2-thread-22] DEBUG org.apache.http.wire -- http-outgoing-128 >> "Content-Type: application/json; charset=UTF-8[\r][\n]"
23:07:56.163 [pool-2-thread-22] DEBUG org.apache.http.wire -- http-outgoing-128 >> "Content-Length: 48[\r][\n]"
23:07:56.163 [pool-2-thread-22] DEBUG org.apache.http.wire -- http-outgoing-128 >> "Host: localhost:3000[\r][\n]"
23:07:56.163 [pool-2-thread-22] DEBUG org.apache.http.wire -- http-outgoing-128 >> "Connection: Keep-Alive[\r][\n]"
23:07:56.163 [pool-2-thread-22] DEBUG org.apache.http.wire -- http-outgoing-128 >> "User-Agent: Apache-HttpClient/4.5.14 (Java/17.0.9)[\r][\n]"
23:07:56.163 [pool-2-thread-22] DEBUG org.apache.http.wire -- http-outgoing-128 >> "Accept-Encoding: gzip,deflate[\r][\n]"
23:07:56.163 [pool-2-thread-22] DEBUG org.apache.http.wire -- http-outgoing-128 >> "[\r][\n]"
23:07:56.163 [pool-2-thread-22] DEBUG org.apache.http.wire -- http-outgoing-128 >> "{"email":"quang1@gmail.com","password":"quang1"}"
23:07:56.163 [pool-2-thread-6] DEBUG org.apache.http.headers -- http-outgoing-127 >> Accept-Encoding: gzip,deflate
23:07:56.163 [pool-2-thread-6] DEBUG org.apache.http.wire -- http-outgoing-127 >> "POST /auth/login HTTP/1.1[\r][\n]"
23:07:56.163 [pool-2-thread-6] DEBUG org.apache.http.wire -- http-outgoing-127 >> "Content-Type: application/json; charset=UTF-8[\r][\n]"
23:07:56.163 [pool-2-thread-6] DEBUG org.apache.http.wire -- http-outgoing-127 >> "Content-Length: 54[\r][\n]"
23:07:56.163 [pool-2-thread-6] DEBUG org.apache.http.wire -- http-outgoing-127 >> "Host: localhost:3000[\r][\n]"
23:07:56.163 [pool-2-thread-6] DEBUG org.apache.http.wire -- http-outgoing-127 >> "Connection: Keep-Alive[\r][\n]"
23:07:56.163 [pool-2-thread-6] DEBUG org.apache.http.wire -- http-outgoing-127 >> "User-Agent: Apache-HttpClient/4.5.14 (Java/17.0.9)[\r][\n]"
23:07:56.163 [pool-2-thread-6] DEBUG org.apache.http.wire -- http-outgoing-127 >> "Accept-Encoding: gzip,deflate[\r][\n]"
23:07:56.163 [pool-2-thread-6] DEBUG org.apache.http.wire -- http-outgoing-127 >> "[\r][\n]"
23:07:56.163 [pool-2-thread-6] DEBUG org.apache.http.wire -- http-outgoing-127 >> "{"email":"testit4@gmail.com","password":"Password123"}"
23:07:56.188 [pool-2-thread-8] DEBUG org.apache.http.wire -- http-outgoing-102 << "HTTP/1.1 200 OK[\r][\n]"
23:07:56.188 [pool-2-thread-8] DEBUG org.apache.http.wire -- http-outgoing-102 << "X-Powered-By: Express[\r][\n]"
23:07:56.188 [pool-2-thread-8] DEBUG org.apache.http.wire -- http-outgoing-102 << "Access-Control-Allow-Origin: *[\r][\n]"
23:07:56.188 [pool-2-thread-8] DEBUG org.apache.http.wire -- http-outgoing-102 << "Content-Type: application/json; charset=utf-8[\r][\n]"
23:07:56.188 [pool-2-thread-8] DEBUG org.apache.http.wire -- http-outgoing-102 << "Content-Length: 609[\r][\n]"
23:07:56.188 [pool-2-thread-8] DEBUG org.apache.http.wire -- http-outgoing-102 << "ETag: W/"261-HLlYA43BNp/JrmOAAdLAYhUj/5A"[\r][\n]"
23:07:56.188 [pool-2-thread-8] DEBUG org.apache.http.wire -- http-outgoing-102 << "Date: Sun, 22 Jun 2025 16:07:56 GMT[\r][\n]"
23:07:56.188 [pool-2-thread-8] DEBUG org.apache.http.wire -- http-outgoing-102 << "Connection: keep-alive[\r][\n]"
23:07:56.188 [pool-2-thread-8] DEBUG org.apache.http.wire -- http-outgoing-102 << "Keep-Alive: timeout=5[\r][\n]"
23:07:56.188 [pool-2-thread-8] DEBUG org.apache.http.wire -- http-outgoing-102 << "[\r][\n]"
23:07:56.188 [pool-2-thread-8] DEBUG org.apache.http.wire -- http-outgoing-102 << "{"access_token":"eyJhbGciOiJIUzI1NiIsInR5cCI6IkpXVCJ9.eyJzdWIiOiIyNzJmNmI1NS01MTc5LTRhZTMtODU2My1iNGVjMTBmNzY3MTUiLCJ1c2VybmFtZSI6ImpvaG5kb2UyZDVkIiwicm9sZSI6MCwiaWF0IjoxNzUwNjA4NDc1LCJleHAiOjE3NTA2MTIwNzV9.mB8Iulho-Fog5lQcF971ZeOs7j_srOV2t3essFZc-mg","refresh_token":"2a72aabb6e8c01ce6fa2a63f69221e595f86a325ec11d6f3936fa479e9fd67cf","user":{"id":"272f6b55-5179-4ae3-8563-b4ec10f76715","email":"testit5@gmail.com","username":"johndoe2d5d","name":"John Doe","phoneNumber":"0123456132","profilePic":null,"bio":null,"private":false,"verified":false,"role":0,"followersCount":0,"followingCount":0,"postCount":0}}"
23:07:56.189 [pool-2-thread-8] DEBUG org.apache.http.headers -- http-outgoing-102 << HTTP/1.1 200 OK
23:07:56.189 [pool-2-thread-8] DEBUG org.apache.http.headers -- http-outgoing-102 << X-Powered-By: Express
23:07:56.189 [pool-2-thread-8] DEBUG org.apache.http.headers -- http-outgoing-102 << Access-Control-Allow-Origin: *
23:07:56.189 [pool-2-thread-8] DEBUG org.apache.http.headers -- http-outgoing-102 << Content-Type: application/json; charset=utf-8
23:07:56.189 [pool-2-thread-8] DEBUG org.apache.http.headers -- http-outgoing-102 << Content-Length: 609
23:07:56.189 [pool-2-thread-8] DEBUG org.apache.http.headers -- http-outgoing-102 << ETag: W/"261-HLlYA43BNp/JrmOAAdLAYhUj/5A"
23:07:56.189 [pool-2-thread-8] DEBUG org.apache.http.headers -- http-outgoing-102 << Date: Sun, 22 Jun 2025 16:07:56 GMT
23:07:56.189 [pool-2-thread-8] DEBUG org.apache.http.headers -- http-outgoing-102 << Connection: keep-alive
23:07:56.189 [pool-2-thread-8] DEBUG org.apache.http.headers -- http-outgoing-102 << Keep-Alive: timeout=5
23:07:56.189 [pool-2-thread-29] DEBUG org.apache.http.wire -- http-outgoing-100 << "HTTP/1.1 200 OK[\r][\n]"
23:07:56.189 [pool-2-thread-29] DEBUG org.apache.http.wire -- http-outgoing-100 << "X-Powered-By: Express[\r][\n]"
23:07:56.189 [pool-2-thread-29] DEBUG org.apache.http.wire -- http-outgoing-100 << "Access-Control-Allow-Origin: *[\r][\n]"
23:07:56.189 [pool-2-thread-8] DEBUG org.apache.http.impl.execchain.MainClientExec -- Connection can be kept alive for 5000 MILLISECONDS
23:07:56.189 [pool-2-thread-29] DEBUG org.apache.http.wire -- http-outgoing-100 << "Content-Type: application/json; charset=utf-8[\r][\n]"
23:07:56.189 [pool-2-thread-29] DEBUG org.apache.http.wire -- http-outgoing-100 << "Content-Length: 604[\r][\n]"
23:07:56.189 [pool-2-thread-29] DEBUG org.apache.http.wire -- http-outgoing-100 << "ETag: W/"25c-ufCLrHiU7LJ68FzFNkZj+BlIyvs"[\r][\n]"
23:07:56.189 [pool-2-thread-29] DEBUG org.apache.http.wire -- http-outgoing-100 << "Date: Sun, 22 Jun 2025 16:07:56 GMT[\r][\n]"
23:07:56.189 [pool-2-thread-8] DEBUG org.apache.http.impl.conn.PoolingHttpClientConnectionManager -- Connection [id: 103][route: {}->http://localhost:3000] can be kept alive for 5.0 seconds
23:07:56.189 [pool-2-thread-29] DEBUG org.apache.http.wire -- http-outgoing-100 << "Connection: keep-alive[\r][\n]"
23:07:56.189 [pool-2-thread-8] DEBUG org.apache.http.impl.conn.DefaultManagedHttpClientConnection -- http-outgoing-102: set socket timeout to 0
23:07:56.189 [pool-2-thread-29] DEBUG org.apache.http.wire -- http-outgoing-100 << "Keep-Alive: timeout=5[\r][\n]"
23:07:56.189 [pool-2-thread-29] DEBUG org.apache.http.wire -- http-outgoing-100 << "[\r][\n]"
23:07:56.189 [pool-2-thread-29] DEBUG org.apache.http.wire -- http-outgoing-100 << "{"access_token":"eyJhbGciOiJIUzI1NiIsInR5cCI6IkpXVCJ9.eyJzdWIiOiJkZjZmMDkxOS1hMjNkLTQ0YzktYTkyNS00ZWE4YmU1MjVkMTAiLCJ1c2VybmFtZSI6ImpvaG5kb2UyMyIsInJvbGUiOjAsImlhdCI6MTc1MDYwODQ3NSwiZXhwIjoxNzUwNjEyMDc1fQ.3R72COoNgXU13rMDc1kTLZ4M_OB4HiaxcWcXBYeTA-w","refresh_token":"8de370526a57857e872db23694a4b57ca024cf452dcc79580b4428a6df63bb88","user":{"id":"df6f0919-a23d-44c9-a925-4ea8be525d10","email":"testit@gmail.com","username":"johndoe23","name":"John Doe","phoneNumber":"0123456788","profilePic":null,"bio":null,"private":false,"verified":false,"role":0,"followersCount":0,"followingCount":0,"postCount":0}}"
23:07:56.189 [pool-2-thread-8] DEBUG org.apache.http.impl.conn.PoolingHttpClientConnectionManager -- Connection released: [id: 103][route: {}->http://localhost:3000][total available: 1; route allocated: 1 of 5; total allocated: 1 of 10]
23:07:56.189 [pool-2-thread-8] DEBUG org.apache.http.impl.conn.PoolingHttpClientConnectionManager -- Connection manager is shutting down
23:07:56.189 [pool-2-thread-8] DEBUG org.apache.http.impl.conn.DefaultManagedHttpClientConnection -- http-outgoing-102: Close connection
23:07:56.189 [pool-2-thread-29] DEBUG org.apache.http.headers -- http-outgoing-100 << HTTP/1.1 200 OK
23:07:56.189 [pool-2-thread-29] DEBUG org.apache.http.headers -- http-outgoing-100 << X-Powered-By: Express
23:07:56.189 [pool-2-thread-29] DEBUG org.apache.http.headers -- http-outgoing-100 << Access-Control-Allow-Origin: *
23:07:56.189 [pool-2-thread-29] DEBUG org.apache.http.headers -- http-outgoing-100 << Content-Type: application/json; charset=utf-8
23:07:56.189 [pool-2-thread-29] DEBUG org.apache.http.headers -- http-outgoing-100 << Content-Length: 604
23:07:56.189 [pool-2-thread-29] DEBUG org.apache.http.headers -- http-outgoing-100 << ETag: W/"25c-ufCLrHiU7LJ68FzFNkZj+BlIyvs"
23:07:56.189 [pool-2-thread-29] DEBUG org.apache.http.headers -- http-outgoing-100 << Date: Sun, 22 Jun 2025 16:07:56 GMT
23:07:56.189 [pool-2-thread-29] DEBUG org.apache.http.headers -- http-outgoing-100 << Connection: keep-alive
23:07:56.189 [pool-2-thread-29] DEBUG org.apache.http.headers -- http-outgoing-100 << Keep-Alive: timeout=5
23:07:56.189 [pool-2-thread-29] DEBUG org.apache.http.impl.execchain.MainClientExec -- Connection can be kept alive for 5000 MILLISECONDS
23:07:56.189 [pool-2-thread-8] DEBUG org.apache.http.impl.conn.PoolingHttpClientConnectionManager -- Connection manager shut down
23:07:56.189 [pool-2-thread-29] DEBUG org.apache.http.impl.conn.PoolingHttpClientConnectionManager -- Connection [id: 101][route: {}->http://localhost:3000] can be kept alive for 5.0 seconds
23:07:56.189 [pool-2-thread-29] DEBUG org.apache.http.impl.conn.DefaultManagedHttpClientConnection -- http-outgoing-100: set socket timeout to 0
23:07:56.189 [pool-2-thread-29] DEBUG org.apache.http.impl.conn.PoolingHttpClientConnectionManager -- Connection released: [id: 101][route: {}->http://localhost:3000][total available: 1; route allocated: 1 of 5; total allocated: 1 of 10]
23:07:56.189 [pool-2-thread-29] DEBUG org.apache.http.impl.conn.PoolingHttpClientConnectionManager -- Connection manager is shutting down
23:07:56.189 [pool-2-thread-29] DEBUG org.apache.http.impl.conn.DefaultManagedHttpClientConnection -- http-outgoing-100: Close connection
23:07:56.189 [pool-2-thread-8] DEBUG com.intuit.karate -- response time in milliseconds: 2906
4 < 200
4 < X-Powered-By: Express
4 < Access-Control-Allow-Origin: *
4 < Content-Type: application/json; charset=utf-8
4 < Content-Length: 609
4 < ETag: W/"261-HLlYA43BNp/JrmOAAdLAYhUj/5A"
4 < Date: Sun, 22 Jun 2025 16:07:56 GMT
4 < Connection: keep-alive
4 < Keep-Alive: timeout=5
{"access_token":"eyJhbGciOiJIUzI1NiIsInR5cCI6IkpXVCJ9.eyJzdWIiOiIyNzJmNmI1NS01MTc5LTRhZTMtODU2My1iNGVjMTBmNzY3MTUiLCJ1c2VybmFtZSI6ImpvaG5kb2UyZDVkIiwicm9sZSI6MCwiaWF0IjoxNzUwNjA4NDc1LCJleHAiOjE3NTA2MTIwNzV9.mB8Iulho-Fog5lQcF971ZeOs7j_srOV2t3essFZc-mg","refresh_token":"2a72aabb6e8c01ce6fa2a63f69221e595f86a325ec11d6f3936fa479e9fd67cf","user":{"id":"272f6b55-5179-4ae3-8563-b4ec10f76715","email":"testit5@gmail.com","username":"johndoe2d5d","name":"John Doe","phoneNumber":"0123456132","profilePic":null,"bio":null,"private":false,"verified":false,"role":0,"followersCount":0,"followingCount":0,"postCount":0}}

23:07:56.189 [pool-2-thread-29] DEBUG org.apache.http.impl.conn.PoolingHttpClientConnectionManager -- Connection manager shut down
23:07:56.189 [pool-2-thread-29] DEBUG com.intuit.karate -- response time in milliseconds: 2925
5 < 200
5 < X-Powered-By: Express
5 < Access-Control-Allow-Origin: *
5 < Content-Type: application/json; charset=utf-8
5 < Content-Length: 604
5 < ETag: W/"25c-ufCLrHiU7LJ68FzFNkZj+BlIyvs"
5 < Date: Sun, 22 Jun 2025 16:07:56 GMT
5 < Connection: keep-alive
5 < Keep-Alive: timeout=5
{"access_token":"eyJhbGciOiJIUzI1NiIsInR5cCI6IkpXVCJ9.eyJzdWIiOiJkZjZmMDkxOS1hMjNkLTQ0YzktYTkyNS00ZWE4YmU1MjVkMTAiLCJ1c2VybmFtZSI6ImpvaG5kb2UyMyIsInJvbGUiOjAsImlhdCI6MTc1MDYwODQ3NSwiZXhwIjoxNzUwNjEyMDc1fQ.3R72COoNgXU13rMDc1kTLZ4M_OB4HiaxcWcXBYeTA-w","refresh_token":"8de370526a57857e872db23694a4b57ca024cf452dcc79580b4428a6df63bb88","user":{"id":"df6f0919-a23d-44c9-a925-4ea8be525d10","email":"testit@gmail.com","username":"johndoe23","name":"John Doe","phoneNumber":"0123456788","profilePic":null,"bio":null,"private":false,"verified":false,"role":0,"followersCount":0,"followingCount":0,"postCount":0}}

23:07:56.190 [pool-2-thread-29] INFO com.intuit.karate -- [print] Call 5 completed, status: 200 
23:07:56.190 [pool-2-thread-8] INFO com.intuit.karate -- [print] Call 4 completed, status: 200 
23:07:56.191 [pool-2-thread-29] INFO com.intuit.karate -- [print] *** API CALL 6 *** 
23:07:56.191 [pool-2-thread-8] INFO com.intuit.karate -- [print] *** API CALL 5 *** 
23:07:56.192 [pool-2-thread-8] DEBUG org.apache.http.client.protocol.RequestAddCookies -- CookieSpec selected: karate
23:07:56.192 [pool-2-thread-29] DEBUG org.apache.http.client.protocol.RequestAddCookies -- CookieSpec selected: karate
23:07:56.193 [pool-2-thread-8] DEBUG org.apache.http.client.protocol.RequestAuthCache -- Auth cache not set in the context
23:07:56.193 [pool-2-thread-29] DEBUG org.apache.http.client.protocol.RequestAuthCache -- Auth cache not set in the context
23:07:56.193 [pool-2-thread-8] DEBUG com.intuit.karate -- request:
5 > POST http://localhost:3000/auth/login
5 > Content-Type: application/json; charset=UTF-8
5 > Content-Length: 54
5 > Host: localhost:3000
5 > Connection: Keep-Alive
5 > User-Agent: Apache-HttpClient/4.5.14 (Java/17.0.9)
5 > Accept-Encoding: gzip,deflate
{"email":"testit5@gmail.com","password":"Password123"}

23:07:56.193 [pool-2-thread-29] DEBUG com.intuit.karate -- request:
6 > POST http://localhost:3000/auth/login
6 > Content-Type: application/json; charset=UTF-8
6 > Content-Length: 53
6 > Host: localhost:3000
6 > Connection: Keep-Alive
6 > User-Agent: Apache-HttpClient/4.5.14 (Java/17.0.9)
6 > Accept-Encoding: gzip,deflate
{"email":"testit@gmail.com","password":"Password123"}

23:07:56.193 [pool-2-thread-8] DEBUG org.apache.http.impl.conn.PoolingHttpClientConnectionManager -- Connection request: [route: {}->http://localhost:3000][total available: 0; route allocated: 0 of 5; total allocated: 0 of 10]
23:07:56.193 [pool-2-thread-29] DEBUG org.apache.http.impl.conn.PoolingHttpClientConnectionManager -- Connection request: [route: {}->http://localhost:3000][total available: 0; route allocated: 0 of 5; total allocated: 0 of 10]
23:07:56.193 [pool-2-thread-8] DEBUG org.apache.http.impl.conn.PoolingHttpClientConnectionManager -- Connection leased: [id: 130][route: {}->http://localhost:3000][total available: 0; route allocated: 1 of 5; total allocated: 1 of 10]
23:07:56.193 [pool-2-thread-29] DEBUG org.apache.http.impl.conn.PoolingHttpClientConnectionManager -- Connection leased: [id: 129][route: {}->http://localhost:3000][total available: 0; route allocated: 1 of 5; total allocated: 1 of 10]
23:07:56.193 [pool-2-thread-8] DEBUG org.apache.http.impl.execchain.MainClientExec -- Opening connection {}->http://localhost:3000
23:07:56.193 [pool-2-thread-29] DEBUG org.apache.http.impl.execchain.MainClientExec -- Opening connection {}->http://localhost:3000
23:07:56.193 [pool-2-thread-8] DEBUG org.apache.http.impl.conn.DefaultHttpClientConnectionOperator -- Connecting to localhost/127.0.0.1:3000
23:07:56.193 [pool-2-thread-29] DEBUG org.apache.http.impl.conn.DefaultHttpClientConnectionOperator -- Connecting to localhost/127.0.0.1:3000
23:07:56.194 [pool-2-thread-8] DEBUG org.apache.http.impl.conn.DefaultHttpClientConnectionOperator -- Connection established 127.0.0.1:52796<->127.0.0.1:3000
23:07:56.194 [pool-2-thread-8] DEBUG org.apache.http.impl.conn.DefaultManagedHttpClientConnection -- http-outgoing-129: set socket timeout to 30000
23:07:56.194 [pool-2-thread-8] DEBUG org.apache.http.impl.execchain.MainClientExec -- Executing request POST /auth/login HTTP/1.1
23:07:56.194 [pool-2-thread-8] DEBUG org.apache.http.impl.execchain.MainClientExec -- Target auth state: UNCHALLENGED
23:07:56.194 [pool-2-thread-8] DEBUG org.apache.http.impl.execchain.MainClientExec -- Proxy auth state: UNCHALLENGED
23:07:56.194 [pool-2-thread-8] DEBUG org.apache.http.headers -- http-outgoing-129 >> POST /auth/login HTTP/1.1
23:07:56.194 [pool-2-thread-8] DEBUG org.apache.http.headers -- http-outgoing-129 >> Content-Type: application/json; charset=UTF-8
23:07:56.194 [pool-2-thread-8] DEBUG org.apache.http.headers -- http-outgoing-129 >> Content-Length: 54
23:07:56.194 [pool-2-thread-8] DEBUG org.apache.http.headers -- http-outgoing-129 >> Host: localhost:3000
23:07:56.194 [pool-2-thread-8] DEBUG org.apache.http.headers -- http-outgoing-129 >> Connection: Keep-Alive
23:07:56.194 [pool-2-thread-8] DEBUG org.apache.http.headers -- http-outgoing-129 >> User-Agent: Apache-HttpClient/4.5.14 (Java/17.0.9)
23:07:56.194 [pool-2-thread-8] DEBUG org.apache.http.headers -- http-outgoing-129 >> Accept-Encoding: gzip,deflate
23:07:56.194 [pool-2-thread-8] DEBUG org.apache.http.wire -- http-outgoing-129 >> "POST /auth/login HTTP/1.1[\r][\n]"
23:07:56.194 [pool-2-thread-8] DEBUG org.apache.http.wire -- http-outgoing-129 >> "Content-Type: application/json; charset=UTF-8[\r][\n]"
23:07:56.194 [pool-2-thread-8] DEBUG org.apache.http.wire -- http-outgoing-129 >> "Content-Length: 54[\r][\n]"
23:07:56.194 [pool-2-thread-8] DEBUG org.apache.http.wire -- http-outgoing-129 >> "Host: localhost:3000[\r][\n]"
23:07:56.194 [pool-2-thread-8] DEBUG org.apache.http.wire -- http-outgoing-129 >> "Connection: Keep-Alive[\r][\n]"
23:07:56.194 [pool-2-thread-8] DEBUG org.apache.http.wire -- http-outgoing-129 >> "User-Agent: Apache-HttpClient/4.5.14 (Java/17.0.9)[\r][\n]"
23:07:56.194 [pool-2-thread-8] DEBUG org.apache.http.wire -- http-outgoing-129 >> "Accept-Encoding: gzip,deflate[\r][\n]"
23:07:56.194 [pool-2-thread-8] DEBUG org.apache.http.wire -- http-outgoing-129 >> "[\r][\n]"
23:07:56.194 [pool-2-thread-8] DEBUG org.apache.http.wire -- http-outgoing-129 >> "{"email":"testit5@gmail.com","password":"Password123"}"
23:07:56.194 [pool-2-thread-29] DEBUG org.apache.http.impl.conn.DefaultHttpClientConnectionOperator -- Connection established 127.0.0.1:52797<->127.0.0.1:3000
23:07:56.194 [pool-2-thread-29] DEBUG org.apache.http.impl.conn.DefaultManagedHttpClientConnection -- http-outgoing-130: set socket timeout to 30000
23:07:56.194 [pool-2-thread-29] DEBUG org.apache.http.impl.execchain.MainClientExec -- Executing request POST /auth/login HTTP/1.1
23:07:56.194 [pool-2-thread-29] DEBUG org.apache.http.impl.execchain.MainClientExec -- Target auth state: UNCHALLENGED
23:07:56.194 [pool-2-thread-29] DEBUG org.apache.http.impl.execchain.MainClientExec -- Proxy auth state: UNCHALLENGED
23:07:56.194 [pool-2-thread-29] DEBUG org.apache.http.headers -- http-outgoing-130 >> POST /auth/login HTTP/1.1
23:07:56.194 [pool-2-thread-29] DEBUG org.apache.http.headers -- http-outgoing-130 >> Content-Type: application/json; charset=UTF-8
23:07:56.194 [pool-2-thread-29] DEBUG org.apache.http.headers -- http-outgoing-130 >> Content-Length: 53
23:07:56.194 [pool-2-thread-29] DEBUG org.apache.http.headers -- http-outgoing-130 >> Host: localhost:3000
23:07:56.194 [pool-2-thread-29] DEBUG org.apache.http.headers -- http-outgoing-130 >> Connection: Keep-Alive
23:07:56.194 [pool-2-thread-29] DEBUG org.apache.http.headers -- http-outgoing-130 >> User-Agent: Apache-HttpClient/4.5.14 (Java/17.0.9)
23:07:56.194 [pool-2-thread-29] DEBUG org.apache.http.headers -- http-outgoing-130 >> Accept-Encoding: gzip,deflate
23:07:56.194 [pool-2-thread-29] DEBUG org.apache.http.wire -- http-outgoing-130 >> "POST /auth/login HTTP/1.1[\r][\n]"
23:07:56.194 [pool-2-thread-29] DEBUG org.apache.http.wire -- http-outgoing-130 >> "Content-Type: application/json; charset=UTF-8[\r][\n]"
23:07:56.194 [pool-2-thread-29] DEBUG org.apache.http.wire -- http-outgoing-130 >> "Content-Length: 53[\r][\n]"
23:07:56.194 [pool-2-thread-29] DEBUG org.apache.http.wire -- http-outgoing-130 >> "Host: localhost:3000[\r][\n]"
23:07:56.194 [pool-2-thread-29] DEBUG org.apache.http.wire -- http-outgoing-130 >> "Connection: Keep-Alive[\r][\n]"
23:07:56.194 [pool-2-thread-29] DEBUG org.apache.http.wire -- http-outgoing-130 >> "User-Agent: Apache-HttpClient/4.5.14 (Java/17.0.9)[\r][\n]"
23:07:56.194 [pool-2-thread-29] DEBUG org.apache.http.wire -- http-outgoing-130 >> "Accept-Encoding: gzip,deflate[\r][\n]"
23:07:56.194 [pool-2-thread-29] DEBUG org.apache.http.wire -- http-outgoing-130 >> "[\r][\n]"
23:07:56.194 [pool-2-thread-29] DEBUG org.apache.http.wire -- http-outgoing-130 >> "{"email":"testit@gmail.com","password":"Password123"}"
23:07:56.204 [pool-2-thread-7] DEBUG org.apache.http.wire -- http-outgoing-103 << "HTTP/1.1 200 OK[\r][\n]"
23:07:56.204 [pool-2-thread-7] DEBUG org.apache.http.wire -- http-outgoing-103 << "X-Powered-By: Express[\r][\n]"
23:07:56.204 [pool-2-thread-7] DEBUG org.apache.http.wire -- http-outgoing-103 << "Access-Control-Allow-Origin: *[\r][\n]"
23:07:56.204 [pool-2-thread-7] DEBUG org.apache.http.wire -- http-outgoing-103 << "Content-Type: application/json; charset=utf-8[\r][\n]"
23:07:56.204 [pool-2-thread-7] DEBUG org.apache.http.wire -- http-outgoing-103 << "Content-Length: 605[\r][\n]"
23:07:56.204 [pool-2-thread-7] DEBUG org.apache.http.wire -- http-outgoing-103 << "ETag: W/"25d-0eygBRcgLB/YO0MOVlRy5zU5Kgg"[\r][\n]"
23:07:56.204 [pool-2-thread-7] DEBUG org.apache.http.wire -- http-outgoing-103 << "Date: Sun, 22 Jun 2025 16:07:56 GMT[\r][\n]"
23:07:56.204 [pool-2-thread-7] DEBUG org.apache.http.wire -- http-outgoing-103 << "Connection: keep-alive[\r][\n]"
23:07:56.204 [pool-2-thread-7] DEBUG org.apache.http.wire -- http-outgoing-103 << "Keep-Alive: timeout=5[\r][\n]"
23:07:56.204 [pool-2-thread-7] DEBUG org.apache.http.wire -- http-outgoing-103 << "[\r][\n]"
23:07:56.204 [pool-2-thread-7] DEBUG org.apache.http.wire -- http-outgoing-103 << "{"access_token":"eyJhbGciOiJIUzI1NiIsInR5cCI6IkpXVCJ9.eyJzdWIiOiI2NTBjZTFlZC1hYWNhLTQzOGYtOTk4OC0xZjA1OGFiNWFhMWEiLCJ1c2VybmFtZSI6ImpvaG5kb2UyNSIsInJvbGUiOjAsImlhdCI6MTc1MDYwODQ3NSwiZXhwIjoxNzUwNjEyMDc1fQ.SWbl7Ihoge3qg4HSKoomPVDAjuIs4lT9B-fA8E1KufA","refresh_token":"6bf3013c3440fd21614413a69170d9cc1b7d10551a50a0d76118d322aeed0e82","user":{"id":"650ce1ed-aaca-438f-9988-1f058ab5aa1a","email":"testit3@gmail.com","username":"johndoe25","name":"John Doe","phoneNumber":"0123456713","profilePic":null,"bio":null,"private":false,"verified":false,"role":0,"followersCount":0,"followingCount":0,"postCount":0}}"
23:07:56.204 [pool-2-thread-7] DEBUG org.apache.http.headers -- http-outgoing-103 << HTTP/1.1 200 OK
23:07:56.204 [pool-2-thread-7] DEBUG org.apache.http.headers -- http-outgoing-103 << X-Powered-By: Express
23:07:56.204 [pool-2-thread-7] DEBUG org.apache.http.headers -- http-outgoing-103 << Access-Control-Allow-Origin: *
23:07:56.204 [pool-2-thread-7] DEBUG org.apache.http.headers -- http-outgoing-103 << Content-Type: application/json; charset=utf-8
23:07:56.204 [pool-2-thread-7] DEBUG org.apache.http.headers -- http-outgoing-103 << Content-Length: 605
23:07:56.204 [pool-2-thread-7] DEBUG org.apache.http.headers -- http-outgoing-103 << ETag: W/"25d-0eygBRcgLB/YO0MOVlRy5zU5Kgg"
23:07:56.204 [pool-2-thread-7] DEBUG org.apache.http.headers -- http-outgoing-103 << Date: Sun, 22 Jun 2025 16:07:56 GMT
23:07:56.204 [pool-2-thread-7] DEBUG org.apache.http.headers -- http-outgoing-103 << Connection: keep-alive
23:07:56.204 [pool-2-thread-7] DEBUG org.apache.http.headers -- http-outgoing-103 << Keep-Alive: timeout=5
23:07:56.205 [pool-2-thread-7] DEBUG org.apache.http.impl.execchain.MainClientExec -- Connection can be kept alive for 5000 MILLISECONDS
23:07:56.205 [pool-2-thread-7] DEBUG org.apache.http.impl.conn.PoolingHttpClientConnectionManager -- Connection [id: 102][route: {}->http://localhost:3000] can be kept alive for 5.0 seconds
23:07:56.205 [pool-2-thread-7] DEBUG org.apache.http.impl.conn.DefaultManagedHttpClientConnection -- http-outgoing-103: set socket timeout to 0
23:07:56.205 [pool-2-thread-7] DEBUG org.apache.http.impl.conn.PoolingHttpClientConnectionManager -- Connection released: [id: 102][route: {}->http://localhost:3000][total available: 1; route allocated: 1 of 5; total allocated: 1 of 10]
23:07:56.205 [pool-2-thread-7] DEBUG org.apache.http.impl.conn.PoolingHttpClientConnectionManager -- Connection manager is shutting down
23:07:56.205 [pool-2-thread-7] DEBUG org.apache.http.impl.conn.DefaultManagedHttpClientConnection -- http-outgoing-103: Close connection
23:07:56.205 [pool-2-thread-7] DEBUG org.apache.http.impl.conn.PoolingHttpClientConnectionManager -- Connection manager shut down
23:07:56.205 [pool-2-thread-7] DEBUG com.intuit.karate -- response time in milliseconds: 2922
5 < 200
5 < X-Powered-By: Express
5 < Access-Control-Allow-Origin: *
5 < Content-Type: application/json; charset=utf-8
5 < Content-Length: 605
5 < ETag: W/"25d-0eygBRcgLB/YO0MOVlRy5zU5Kgg"
5 < Date: Sun, 22 Jun 2025 16:07:56 GMT
5 < Connection: keep-alive
5 < Keep-Alive: timeout=5
{"access_token":"eyJhbGciOiJIUzI1NiIsInR5cCI6IkpXVCJ9.eyJzdWIiOiI2NTBjZTFlZC1hYWNhLTQzOGYtOTk4OC0xZjA1OGFiNWFhMWEiLCJ1c2VybmFtZSI6ImpvaG5kb2UyNSIsInJvbGUiOjAsImlhdCI6MTc1MDYwODQ3NSwiZXhwIjoxNzUwNjEyMDc1fQ.SWbl7Ihoge3qg4HSKoomPVDAjuIs4lT9B-fA8E1KufA","refresh_token":"6bf3013c3440fd21614413a69170d9cc1b7d10551a50a0d76118d322aeed0e82","user":{"id":"650ce1ed-aaca-438f-9988-1f058ab5aa1a","email":"testit3@gmail.com","username":"johndoe25","name":"John Doe","phoneNumber":"0123456713","profilePic":null,"bio":null,"private":false,"verified":false,"role":0,"followersCount":0,"followingCount":0,"postCount":0}}

23:07:56.207 [pool-2-thread-7] INFO com.intuit.karate -- [print] Call 5 completed, status: 200 
23:07:56.208 [pool-2-thread-7] INFO com.intuit.karate -- [print] *** API CALL 6 *** 
23:07:56.210 [pool-2-thread-7] DEBUG org.apache.http.client.protocol.RequestAddCookies -- CookieSpec selected: karate
23:07:56.210 [pool-2-thread-7] DEBUG org.apache.http.client.protocol.RequestAuthCache -- Auth cache not set in the context
23:07:56.210 [pool-2-thread-20] DEBUG org.apache.http.wire -- http-outgoing-104 << "HTTP/1.1 200 OK[\r][\n]"
23:07:56.210 [pool-2-thread-20] DEBUG org.apache.http.wire -- http-outgoing-104 << "X-Powered-By: Express[\r][\n]"
23:07:56.210 [pool-2-thread-20] DEBUG org.apache.http.wire -- http-outgoing-104 << "Access-Control-Allow-Origin: *[\r][\n]"
23:07:56.210 [pool-2-thread-20] DEBUG org.apache.http.wire -- http-outgoing-104 << "Content-Type: application/json; charset=utf-8[\r][\n]"
23:07:56.210 [pool-2-thread-20] DEBUG org.apache.http.wire -- http-outgoing-104 << "Content-Length: 605[\r][\n]"
23:07:56.210 [pool-2-thread-7] DEBUG com.intuit.karate -- request:
6 > POST http://localhost:3000/auth/login
6 > Content-Type: application/json; charset=UTF-8
6 > Content-Length: 54
6 > Host: localhost:3000
6 > Connection: Keep-Alive
6 > User-Agent: Apache-HttpClient/4.5.14 (Java/17.0.9)
6 > Accept-Encoding: gzip,deflate
{"email":"testit3@gmail.com","password":"Password123"}

23:07:56.210 [pool-2-thread-20] DEBUG org.apache.http.wire -- http-outgoing-104 << "ETag: W/"25d-dcMhpfBC5pVcqkHV7SeYmWRMmlo"[\r][\n]"
23:07:56.210 [pool-2-thread-20] DEBUG org.apache.http.wire -- http-outgoing-104 << "Date: Sun, 22 Jun 2025 16:07:56 GMT[\r][\n]"
23:07:56.210 [pool-2-thread-20] DEBUG org.apache.http.wire -- http-outgoing-104 << "Connection: keep-alive[\r][\n]"
23:07:56.210 [pool-2-thread-20] DEBUG org.apache.http.wire -- http-outgoing-104 << "Keep-Alive: timeout=5[\r][\n]"
23:07:56.210 [pool-2-thread-20] DEBUG org.apache.http.wire -- http-outgoing-104 << "[\r][\n]"
23:07:56.210 [pool-2-thread-20] DEBUG org.apache.http.wire -- http-outgoing-104 << "{"access_token":"eyJhbGciOiJIUzI1NiIsInR5cCI6IkpXVCJ9.eyJzdWIiOiIwYTM3ZWY0My1mZWU4LTQxZDMtYTY4Ni04YWIwODY5NDg2OTUiLCJ1c2VybmFtZSI6ImpvaG5kb2UyMSIsInJvbGUiOjAsImlhdCI6MTc1MDYwODQ3NSwiZXhwIjoxNzUwNjEyMDc1fQ.fxCJaoUlhLz4gBlKaMc8YEftey_p2ZG3MH1c9z3b6vk","refresh_token":"649fbbb0a933901daef97e53ce38cad5cc0151e76e816438f89abfba33b2bfb3","user":{"id":"0a37ef43-fee8-41d3-a686-8ab086948695","email":"testit2@gmail.com","username":"johndoe21","name":"John Doe","phoneNumber":"0123456712","profilePic":null,"bio":null,"private":false,"verified":false,"role":0,"followersCount":0,"followingCount":0,"postCount":0}}"
23:07:56.210 [pool-2-thread-7] DEBUG org.apache.http.impl.conn.PoolingHttpClientConnectionManager -- Connection request: [route: {}->http://localhost:3000][total available: 0; route allocated: 0 of 5; total allocated: 0 of 10]
23:07:56.210 [pool-2-thread-20] DEBUG org.apache.http.headers -- http-outgoing-104 << HTTP/1.1 200 OK
23:07:56.210 [pool-2-thread-20] DEBUG org.apache.http.headers -- http-outgoing-104 << X-Powered-By: Express
23:07:56.210 [pool-2-thread-20] DEBUG org.apache.http.headers -- http-outgoing-104 << Access-Control-Allow-Origin: *
23:07:56.210 [pool-2-thread-20] DEBUG org.apache.http.headers -- http-outgoing-104 << Content-Type: application/json; charset=utf-8
23:07:56.210 [pool-2-thread-20] DEBUG org.apache.http.headers -- http-outgoing-104 << Content-Length: 605
23:07:56.210 [pool-2-thread-20] DEBUG org.apache.http.headers -- http-outgoing-104 << ETag: W/"25d-dcMhpfBC5pVcqkHV7SeYmWRMmlo"
23:07:56.210 [pool-2-thread-20] DEBUG org.apache.http.headers -- http-outgoing-104 << Date: Sun, 22 Jun 2025 16:07:56 GMT
23:07:56.210 [pool-2-thread-7] DEBUG org.apache.http.impl.conn.PoolingHttpClientConnectionManager -- Connection leased: [id: 131][route: {}->http://localhost:3000][total available: 0; route allocated: 1 of 5; total allocated: 1 of 10]
23:07:56.210 [pool-2-thread-20] DEBUG org.apache.http.headers -- http-outgoing-104 << Connection: keep-alive
23:07:56.210 [pool-2-thread-7] DEBUG org.apache.http.impl.execchain.MainClientExec -- Opening connection {}->http://localhost:3000
23:07:56.210 [pool-2-thread-20] DEBUG org.apache.http.headers -- http-outgoing-104 << Keep-Alive: timeout=5
23:07:56.211 [pool-2-thread-7] DEBUG org.apache.http.impl.conn.DefaultHttpClientConnectionOperator -- Connecting to localhost/127.0.0.1:3000
23:07:56.211 [pool-2-thread-20] DEBUG org.apache.http.impl.execchain.MainClientExec -- Connection can be kept alive for 5000 MILLISECONDS
23:07:56.211 [pool-2-thread-20] DEBUG org.apache.http.impl.conn.PoolingHttpClientConnectionManager -- Connection [id: 104][route: {}->http://localhost:3000] can be kept alive for 5.0 seconds
23:07:56.211 [pool-2-thread-20] DEBUG org.apache.http.impl.conn.DefaultManagedHttpClientConnection -- http-outgoing-104: set socket timeout to 0
23:07:56.211 [pool-2-thread-20] DEBUG org.apache.http.impl.conn.PoolingHttpClientConnectionManager -- Connection released: [id: 104][route: {}->http://localhost:3000][total available: 1; route allocated: 1 of 5; total allocated: 1 of 10]
23:07:56.211 [pool-2-thread-20] DEBUG org.apache.http.impl.conn.PoolingHttpClientConnectionManager -- Connection manager is shutting down
23:07:56.211 [pool-2-thread-20] DEBUG org.apache.http.impl.conn.DefaultManagedHttpClientConnection -- http-outgoing-104: Close connection
23:07:56.211 [pool-2-thread-20] DEBUG org.apache.http.impl.conn.PoolingHttpClientConnectionManager -- Connection manager shut down
23:07:56.211 [pool-2-thread-20] DEBUG com.intuit.karate -- response time in milliseconds: 2920
4 < 200
4 < X-Powered-By: Express
4 < Access-Control-Allow-Origin: *
4 < Content-Type: application/json; charset=utf-8
4 < Content-Length: 605
4 < ETag: W/"25d-dcMhpfBC5pVcqkHV7SeYmWRMmlo"
4 < Date: Sun, 22 Jun 2025 16:07:56 GMT
4 < Connection: keep-alive
4 < Keep-Alive: timeout=5
{"access_token":"eyJhbGciOiJIUzI1NiIsInR5cCI6IkpXVCJ9.eyJzdWIiOiIwYTM3ZWY0My1mZWU4LTQxZDMtYTY4Ni04YWIwODY5NDg2OTUiLCJ1c2VybmFtZSI6ImpvaG5kb2UyMSIsInJvbGUiOjAsImlhdCI6MTc1MDYwODQ3NSwiZXhwIjoxNzUwNjEyMDc1fQ.fxCJaoUlhLz4gBlKaMc8YEftey_p2ZG3MH1c9z3b6vk","refresh_token":"649fbbb0a933901daef97e53ce38cad5cc0151e76e816438f89abfba33b2bfb3","user":{"id":"0a37ef43-fee8-41d3-a686-8ab086948695","email":"testit2@gmail.com","username":"johndoe21","name":"John Doe","phoneNumber":"0123456712","profilePic":null,"bio":null,"private":false,"verified":false,"role":0,"followersCount":0,"followingCount":0,"postCount":0}}

23:07:56.211 [pool-2-thread-7] DEBUG org.apache.http.impl.conn.DefaultHttpClientConnectionOperator -- Connection established 127.0.0.1:52798<->127.0.0.1:3000
23:07:56.211 [pool-2-thread-7] DEBUG org.apache.http.impl.conn.DefaultManagedHttpClientConnection -- http-outgoing-131: set socket timeout to 30000
23:07:56.211 [pool-2-thread-7] DEBUG org.apache.http.impl.execchain.MainClientExec -- Executing request POST /auth/login HTTP/1.1
23:07:56.211 [pool-2-thread-7] DEBUG org.apache.http.impl.execchain.MainClientExec -- Target auth state: UNCHALLENGED
23:07:56.211 [pool-2-thread-7] DEBUG org.apache.http.impl.execchain.MainClientExec -- Proxy auth state: UNCHALLENGED
23:07:56.211 [pool-2-thread-7] DEBUG org.apache.http.headers -- http-outgoing-131 >> POST /auth/login HTTP/1.1
23:07:56.211 [pool-2-thread-7] DEBUG org.apache.http.headers -- http-outgoing-131 >> Content-Type: application/json; charset=UTF-8
23:07:56.211 [pool-2-thread-7] DEBUG org.apache.http.headers -- http-outgoing-131 >> Content-Length: 54
23:07:56.211 [pool-2-thread-7] DEBUG org.apache.http.headers -- http-outgoing-131 >> Host: localhost:3000
23:07:56.211 [pool-2-thread-7] DEBUG org.apache.http.headers -- http-outgoing-131 >> Connection: Keep-Alive
23:07:56.211 [pool-2-thread-7] DEBUG org.apache.http.headers -- http-outgoing-131 >> User-Agent: Apache-HttpClient/4.5.14 (Java/17.0.9)
23:07:56.211 [pool-2-thread-7] DEBUG org.apache.http.headers -- http-outgoing-131 >> Accept-Encoding: gzip,deflate
23:07:56.211 [pool-2-thread-7] DEBUG org.apache.http.wire -- http-outgoing-131 >> "POST /auth/login HTTP/1.1[\r][\n]"
23:07:56.211 [pool-2-thread-7] DEBUG org.apache.http.wire -- http-outgoing-131 >> "Content-Type: application/json; charset=UTF-8[\r][\n]"
23:07:56.211 [pool-2-thread-7] DEBUG org.apache.http.wire -- http-outgoing-131 >> "Content-Length: 54[\r][\n]"
23:07:56.211 [pool-2-thread-7] DEBUG org.apache.http.wire -- http-outgoing-131 >> "Host: localhost:3000[\r][\n]"
23:07:56.211 [pool-2-thread-7] DEBUG org.apache.http.wire -- http-outgoing-131 >> "Connection: Keep-Alive[\r][\n]"
23:07:56.211 [pool-2-thread-7] DEBUG org.apache.http.wire -- http-outgoing-131 >> "User-Agent: Apache-HttpClient/4.5.14 (Java/17.0.9)[\r][\n]"
23:07:56.211 [pool-2-thread-7] DEBUG org.apache.http.wire -- http-outgoing-131 >> "Accept-Encoding: gzip,deflate[\r][\n]"
23:07:56.211 [pool-2-thread-7] DEBUG org.apache.http.wire -- http-outgoing-131 >> "[\r][\n]"
23:07:56.211 [pool-2-thread-7] DEBUG org.apache.http.wire -- http-outgoing-131 >> "{"email":"testit3@gmail.com","password":"Password123"}"
23:07:56.213 [pool-2-thread-20] INFO com.intuit.karate -- [print] Call 4 completed, status: 200 
23:07:56.214 [pool-2-thread-20] INFO com.intuit.karate -- [print] *** API CALL 5 *** 
23:07:56.215 [pool-2-thread-20] DEBUG org.apache.http.client.protocol.RequestAddCookies -- CookieSpec selected: karate
23:07:56.216 [pool-2-thread-20] DEBUG org.apache.http.client.protocol.RequestAuthCache -- Auth cache not set in the context
23:07:56.216 [pool-2-thread-20] DEBUG com.intuit.karate -- request:
5 > POST http://localhost:3000/auth/login
5 > Content-Type: application/json; charset=UTF-8
5 > Content-Length: 54
5 > Host: localhost:3000
5 > Connection: Keep-Alive
5 > User-Agent: Apache-HttpClient/4.5.14 (Java/17.0.9)
5 > Accept-Encoding: gzip,deflate
{"email":"testit2@gmail.com","password":"Password123"}

23:07:56.216 [pool-2-thread-20] DEBUG org.apache.http.impl.conn.PoolingHttpClientConnectionManager -- Connection request: [route: {}->http://localhost:3000][total available: 0; route allocated: 0 of 5; total allocated: 0 of 10]
23:07:56.216 [pool-2-thread-20] DEBUG org.apache.http.impl.conn.PoolingHttpClientConnectionManager -- Connection leased: [id: 132][route: {}->http://localhost:3000][total available: 0; route allocated: 1 of 5; total allocated: 1 of 10]
23:07:56.216 [pool-2-thread-20] DEBUG org.apache.http.impl.execchain.MainClientExec -- Opening connection {}->http://localhost:3000
23:07:56.216 [pool-2-thread-20] DEBUG org.apache.http.impl.conn.DefaultHttpClientConnectionOperator -- Connecting to localhost/127.0.0.1:3000
23:07:56.216 [pool-2-thread-20] DEBUG org.apache.http.impl.conn.DefaultHttpClientConnectionOperator -- Connection established 127.0.0.1:52799<->127.0.0.1:3000
23:07:56.216 [pool-2-thread-20] DEBUG org.apache.http.impl.conn.DefaultManagedHttpClientConnection -- http-outgoing-132: set socket timeout to 30000
23:07:56.216 [pool-2-thread-20] DEBUG org.apache.http.impl.execchain.MainClientExec -- Executing request POST /auth/login HTTP/1.1
23:07:56.216 [pool-2-thread-20] DEBUG org.apache.http.impl.execchain.MainClientExec -- Target auth state: UNCHALLENGED
23:07:56.216 [pool-2-thread-20] DEBUG org.apache.http.impl.execchain.MainClientExec -- Proxy auth state: UNCHALLENGED
23:07:56.216 [pool-2-thread-20] DEBUG org.apache.http.headers -- http-outgoing-132 >> POST /auth/login HTTP/1.1
23:07:56.216 [pool-2-thread-20] DEBUG org.apache.http.headers -- http-outgoing-132 >> Content-Type: application/json; charset=UTF-8
23:07:56.216 [pool-2-thread-20] DEBUG org.apache.http.headers -- http-outgoing-132 >> Content-Length: 54
23:07:56.216 [pool-2-thread-20] DEBUG org.apache.http.headers -- http-outgoing-132 >> Host: localhost:3000
23:07:56.216 [pool-2-thread-20] DEBUG org.apache.http.headers -- http-outgoing-132 >> Connection: Keep-Alive
23:07:56.216 [pool-2-thread-20] DEBUG org.apache.http.headers -- http-outgoing-132 >> User-Agent: Apache-HttpClient/4.5.14 (Java/17.0.9)
23:07:56.216 [pool-2-thread-20] DEBUG org.apache.http.headers -- http-outgoing-132 >> Accept-Encoding: gzip,deflate
23:07:56.216 [pool-2-thread-20] DEBUG org.apache.http.wire -- http-outgoing-132 >> "POST /auth/login HTTP/1.1[\r][\n]"
23:07:56.216 [pool-2-thread-20] DEBUG org.apache.http.wire -- http-outgoing-132 >> "Content-Type: application/json; charset=UTF-8[\r][\n]"
23:07:56.216 [pool-2-thread-20] DEBUG org.apache.http.wire -- http-outgoing-132 >> "Content-Length: 54[\r][\n]"
23:07:56.216 [pool-2-thread-20] DEBUG org.apache.http.wire -- http-outgoing-132 >> "Host: localhost:3000[\r][\n]"
23:07:56.216 [pool-2-thread-20] DEBUG org.apache.http.wire -- http-outgoing-132 >> "Connection: Keep-Alive[\r][\n]"
23:07:56.216 [pool-2-thread-20] DEBUG org.apache.http.wire -- http-outgoing-132 >> "User-Agent: Apache-HttpClient/4.5.14 (Java/17.0.9)[\r][\n]"
23:07:56.216 [pool-2-thread-20] DEBUG org.apache.http.wire -- http-outgoing-132 >> "Accept-Encoding: gzip,deflate[\r][\n]"
23:07:56.216 [pool-2-thread-20] DEBUG org.apache.http.wire -- http-outgoing-132 >> "[\r][\n]"
23:07:56.216 [pool-2-thread-20] DEBUG org.apache.http.wire -- http-outgoing-132 >> "{"email":"testit2@gmail.com","password":"Password123"}"
23:07:56.249 [pool-2-thread-25] DEBUG org.apache.http.wire -- http-outgoing-112 << "HTTP/1.1 200 OK[\r][\n]"
23:07:56.249 [pool-2-thread-25] DEBUG org.apache.http.wire -- http-outgoing-112 << "X-Powered-By: Express[\r][\n]"
23:07:56.249 [pool-2-thread-25] DEBUG org.apache.http.wire -- http-outgoing-112 << "Access-Control-Allow-Origin: *[\r][\n]"
23:07:56.249 [pool-2-thread-25] DEBUG org.apache.http.wire -- http-outgoing-112 << "Content-Type: application/json; charset=utf-8[\r][\n]"
23:07:56.249 [pool-2-thread-25] DEBUG org.apache.http.wire -- http-outgoing-112 << "Content-Length: 607[\r][\n]"
23:07:56.249 [pool-2-thread-25] DEBUG org.apache.http.wire -- http-outgoing-112 << "ETag: W/"25f-MVSjQIXNru2NmXcKZqh1l/PB/Sg"[\r][\n]"
23:07:56.249 [pool-2-thread-25] DEBUG org.apache.http.wire -- http-outgoing-112 << "Date: Sun, 22 Jun 2025 16:07:56 GMT[\r][\n]"
23:07:56.249 [pool-2-thread-25] DEBUG org.apache.http.wire -- http-outgoing-112 << "Connection: keep-alive[\r][\n]"
23:07:56.249 [pool-2-thread-25] DEBUG org.apache.http.wire -- http-outgoing-112 << "Keep-Alive: timeout=5[\r][\n]"
23:07:56.249 [pool-2-thread-25] DEBUG org.apache.http.wire -- http-outgoing-112 << "[\r][\n]"
23:07:56.249 [pool-2-thread-25] DEBUG org.apache.http.wire -- http-outgoing-112 << "{"access_token":"eyJhbGciOiJIUzI1NiIsInR5cCI6IkpXVCJ9.eyJzdWIiOiJjMjE0MjJkZi1jY2VjLTQ0MGUtOWE0Mi1jMWI4MmFiZjczM2QiLCJ1c2VybmFtZSI6ImpvaG5kb2UyOCIsInJvbGUiOjAsImlhdCI6MTc1MDYwODQ3NSwiZXhwIjoxNzUwNjEyMDc1fQ.qZpqDnIid6Ep_kFsdGjOdYC9gr0otIe7whq27zjw62M","refresh_token":"a6c33d8dc27e4a5ee6cc5e5959bb05e66a068b297b3283d14c0bc12a5c8c8467","user":{"id":"c21422df-ccec-440e-9a42-c1b82abf733d","email":"test28@example.com","username":"johndoe28","name":"John Doe","phoneNumber":"84987654321","profilePic":null,"bio":null,"private":false,"verified":false,"role":0,"followersCount":0,"followingCount":0,"postCount":0}}"
23:07:56.250 [pool-2-thread-25] DEBUG org.apache.http.headers -- http-outgoing-112 << HTTP/1.1 200 OK
23:07:56.250 [pool-2-thread-25] DEBUG org.apache.http.headers -- http-outgoing-112 << X-Powered-By: Express
23:07:56.250 [pool-2-thread-25] DEBUG org.apache.http.headers -- http-outgoing-112 << Access-Control-Allow-Origin: *
23:07:56.250 [pool-2-thread-25] DEBUG org.apache.http.headers -- http-outgoing-112 << Content-Type: application/json; charset=utf-8
23:07:56.250 [pool-2-thread-25] DEBUG org.apache.http.headers -- http-outgoing-112 << Content-Length: 607
23:07:56.250 [pool-2-thread-25] DEBUG org.apache.http.headers -- http-outgoing-112 << ETag: W/"25f-MVSjQIXNru2NmXcKZqh1l/PB/Sg"
23:07:56.250 [pool-2-thread-25] DEBUG org.apache.http.headers -- http-outgoing-112 << Date: Sun, 22 Jun 2025 16:07:56 GMT
23:07:56.250 [pool-2-thread-25] DEBUG org.apache.http.headers -- http-outgoing-112 << Connection: keep-alive
23:07:56.250 [pool-2-thread-25] DEBUG org.apache.http.headers -- http-outgoing-112 << Keep-Alive: timeout=5
23:07:56.250 [pool-2-thread-25] DEBUG org.apache.http.impl.execchain.MainClientExec -- Connection can be kept alive for 5000 MILLISECONDS
23:07:56.250 [pool-2-thread-25] DEBUG org.apache.http.impl.conn.PoolingHttpClientConnectionManager -- Connection [id: 112][route: {}->http://localhost:3000] can be kept alive for 5.0 seconds
23:07:56.250 [pool-2-thread-25] DEBUG org.apache.http.impl.conn.DefaultManagedHttpClientConnection -- http-outgoing-112: set socket timeout to 0
23:07:56.250 [pool-2-thread-25] DEBUG org.apache.http.impl.conn.PoolingHttpClientConnectionManager -- Connection released: [id: 112][route: {}->http://localhost:3000][total available: 1; route allocated: 1 of 5; total allocated: 1 of 10]
23:07:56.250 [pool-2-thread-25] DEBUG org.apache.http.impl.conn.PoolingHttpClientConnectionManager -- Connection manager is shutting down
23:07:56.250 [pool-2-thread-25] DEBUG org.apache.http.impl.conn.DefaultManagedHttpClientConnection -- http-outgoing-112: Close connection
23:07:56.250 [pool-2-thread-25] DEBUG org.apache.http.impl.conn.PoolingHttpClientConnectionManager -- Connection manager shut down
23:07:56.251 [pool-2-thread-25] DEBUG com.intuit.karate -- response time in milliseconds: 1989
6 < 200
6 < X-Powered-By: Express
6 < Access-Control-Allow-Origin: *
6 < Content-Type: application/json; charset=utf-8
6 < Content-Length: 607
6 < ETag: W/"25f-MVSjQIXNru2NmXcKZqh1l/PB/Sg"
6 < Date: Sun, 22 Jun 2025 16:07:56 GMT
6 < Connection: keep-alive
6 < Keep-Alive: timeout=5
{"access_token":"eyJhbGciOiJIUzI1NiIsInR5cCI6IkpXVCJ9.eyJzdWIiOiJjMjE0MjJkZi1jY2VjLTQ0MGUtOWE0Mi1jMWI4MmFiZjczM2QiLCJ1c2VybmFtZSI6ImpvaG5kb2UyOCIsInJvbGUiOjAsImlhdCI6MTc1MDYwODQ3NSwiZXhwIjoxNzUwNjEyMDc1fQ.qZpqDnIid6Ep_kFsdGjOdYC9gr0otIe7whq27zjw62M","refresh_token":"a6c33d8dc27e4a5ee6cc5e5959bb05e66a068b297b3283d14c0bc12a5c8c8467","user":{"id":"c21422df-ccec-440e-9a42-c1b82abf733d","email":"test28@example.com","username":"johndoe28","name":"John Doe","phoneNumber":"84987654321","profilePic":null,"bio":null,"private":false,"verified":false,"role":0,"followersCount":0,"followingCount":0,"postCount":0}}

23:07:56.253 [pool-2-thread-25] INFO com.intuit.karate -- [print] Call 6 completed, status: 200 
23:07:56.254 [pool-2-thread-25] INFO com.intuit.karate -- [print] *** API CALL 7 *** 
23:07:56.256 [pool-2-thread-25] DEBUG org.apache.http.client.protocol.RequestAddCookies -- CookieSpec selected: karate
23:07:56.256 [pool-2-thread-25] DEBUG org.apache.http.client.protocol.RequestAuthCache -- Auth cache not set in the context
23:07:56.256 [pool-2-thread-25] DEBUG com.intuit.karate -- request:
7 > POST http://localhost:3000/auth/login
7 > Content-Type: application/json; charset=UTF-8
7 > Content-Length: 55
7 > Host: localhost:3000
7 > Connection: Keep-Alive
7 > User-Agent: Apache-HttpClient/4.5.14 (Java/17.0.9)
7 > Accept-Encoding: gzip,deflate
{"email":"test28@example.com","password":"Password123"}

23:07:56.256 [pool-2-thread-25] DEBUG org.apache.http.impl.conn.PoolingHttpClientConnectionManager -- Connection request: [route: {}->http://localhost:3000][total available: 0; route allocated: 0 of 5; total allocated: 0 of 10]
23:07:56.256 [pool-2-thread-25] DEBUG org.apache.http.impl.conn.PoolingHttpClientConnectionManager -- Connection leased: [id: 133][route: {}->http://localhost:3000][total available: 0; route allocated: 1 of 5; total allocated: 1 of 10]
23:07:56.256 [pool-2-thread-25] DEBUG org.apache.http.impl.execchain.MainClientExec -- Opening connection {}->http://localhost:3000
23:07:56.256 [pool-2-thread-25] DEBUG org.apache.http.impl.conn.DefaultHttpClientConnectionOperator -- Connecting to localhost/127.0.0.1:3000
23:07:56.258 [pool-2-thread-25] DEBUG org.apache.http.impl.conn.DefaultHttpClientConnectionOperator -- Connection established 127.0.0.1:52800<->127.0.0.1:3000
23:07:56.258 [pool-2-thread-25] DEBUG org.apache.http.impl.conn.DefaultManagedHttpClientConnection -- http-outgoing-133: set socket timeout to 30000
23:07:56.258 [pool-2-thread-25] DEBUG org.apache.http.impl.execchain.MainClientExec -- Executing request POST /auth/login HTTP/1.1
23:07:56.258 [pool-2-thread-25] DEBUG org.apache.http.impl.execchain.MainClientExec -- Target auth state: UNCHALLENGED
23:07:56.258 [pool-2-thread-25] DEBUG org.apache.http.impl.execchain.MainClientExec -- Proxy auth state: UNCHALLENGED
23:07:56.258 [pool-2-thread-25] DEBUG org.apache.http.headers -- http-outgoing-133 >> POST /auth/login HTTP/1.1
23:07:56.258 [pool-2-thread-25] DEBUG org.apache.http.headers -- http-outgoing-133 >> Content-Type: application/json; charset=UTF-8
23:07:56.258 [pool-2-thread-25] DEBUG org.apache.http.headers -- http-outgoing-133 >> Content-Length: 55
23:07:56.258 [pool-2-thread-25] DEBUG org.apache.http.headers -- http-outgoing-133 >> Host: localhost:3000
23:07:56.258 [pool-2-thread-25] DEBUG org.apache.http.headers -- http-outgoing-133 >> Connection: Keep-Alive
23:07:56.258 [pool-2-thread-25] DEBUG org.apache.http.headers -- http-outgoing-133 >> User-Agent: Apache-HttpClient/4.5.14 (Java/17.0.9)
23:07:56.258 [pool-2-thread-25] DEBUG org.apache.http.headers -- http-outgoing-133 >> Accept-Encoding: gzip,deflate
23:07:56.258 [pool-2-thread-25] DEBUG org.apache.http.wire -- http-outgoing-133 >> "POST /auth/login HTTP/1.1[\r][\n]"
23:07:56.258 [pool-2-thread-25] DEBUG org.apache.http.wire -- http-outgoing-133 >> "Content-Type: application/json; charset=UTF-8[\r][\n]"
23:07:56.258 [pool-2-thread-25] DEBUG org.apache.http.wire -- http-outgoing-133 >> "Content-Length: 55[\r][\n]"
23:07:56.258 [pool-2-thread-25] DEBUG org.apache.http.wire -- http-outgoing-133 >> "Host: localhost:3000[\r][\n]"
23:07:56.258 [pool-2-thread-25] DEBUG org.apache.http.wire -- http-outgoing-133 >> "Connection: Keep-Alive[\r][\n]"
23:07:56.258 [pool-2-thread-25] DEBUG org.apache.http.wire -- http-outgoing-133 >> "User-Agent: Apache-HttpClient/4.5.14 (Java/17.0.9)[\r][\n]"
23:07:56.258 [pool-2-thread-25] DEBUG org.apache.http.wire -- http-outgoing-133 >> "Accept-Encoding: gzip,deflate[\r][\n]"
23:07:56.258 [pool-2-thread-25] DEBUG org.apache.http.wire -- http-outgoing-133 >> "[\r][\n]"
23:07:56.258 [pool-2-thread-25] DEBUG org.apache.http.wire -- http-outgoing-133 >> "{"email":"test28@example.com","password":"Password123"}"
23:07:56.274 [pool-2-thread-1] DEBUG org.apache.http.wire -- http-outgoing-113 << "HTTP/1.1 200 OK[\r][\n]"
23:07:56.274 [pool-2-thread-1] DEBUG org.apache.http.wire -- http-outgoing-113 << "X-Powered-By: Express[\r][\n]"
23:07:56.274 [pool-2-thread-1] DEBUG org.apache.http.wire -- http-outgoing-113 << "Access-Control-Allow-Origin: *[\r][\n]"
23:07:56.274 [pool-2-thread-1] DEBUG org.apache.http.wire -- http-outgoing-113 << "Content-Type: application/json; charset=utf-8[\r][\n]"
23:07:56.274 [pool-2-thread-1] DEBUG org.apache.http.wire -- http-outgoing-113 << "Content-Length: 708[\r][\n]"
23:07:56.274 [pool-2-thread-1] DEBUG org.apache.http.wire -- http-outgoing-113 << "ETag: W/"2c4-ynuebpc41EK0l24DbbYk87+SU0g"[\r][\n]"
23:07:56.274 [pool-2-thread-1] DEBUG org.apache.http.wire -- http-outgoing-113 << "Date: Sun, 22 Jun 2025 16:07:56 GMT[\r][\n]"
23:07:56.274 [pool-2-thread-1] DEBUG org.apache.http.wire -- http-outgoing-113 << "Connection: keep-alive[\r][\n]"
23:07:56.274 [pool-2-thread-1] DEBUG org.apache.http.wire -- http-outgoing-113 << "Keep-Alive: timeout=5[\r][\n]"
23:07:56.274 [pool-2-thread-1] DEBUG org.apache.http.wire -- http-outgoing-113 << "[\r][\n]"
23:07:56.274 [pool-2-thread-1] DEBUG org.apache.http.wire -- http-outgoing-113 << "{"access_token":"eyJhbGciOiJIUzI1NiIsInR5cCI6IkpXVCJ9.eyJzdWIiOiIwODUxNWIwNS0yZDNlLTQ3ODktYWQ2MC1kYjM1NTI1YTQ5NzAiLCJ1c2VybmFtZSI6Im5hbSIsInJvbGUiOjAsImlhdCI6MTc1MDYwODQ3NSwiZXhwIjoxNzUwNjEyMDc1fQ.qRB_1SlvWq6a4lvMLj3dBkHIosPDcfU8NnXwXw5RhQk","refresh_token":"f0209bd4651e098a42fc5b327e7386eab8f2f5e73f8ea93cdc7e715855b742dc","user":{"id":"08515b05-2d3e-4789-ad60-db35525a4970","email":"nam@gmail.com","username":"nam","name":"nam","phoneNumber":"0123456789","profilePic":"https://res.cloudinary.com/dizcvrefo/image/upload/v1749266646/nestjs_uploads/zk9zrpeidnovxibfqdxr.png","bio":"Chu tich hoi dong Quan tri 1","private":false,"verified":false,"role":0,"followersCount":2,"followingCount":2,"postCount":13}}"
23:07:56.274 [pool-2-thread-1] DEBUG org.apache.http.headers -- http-outgoing-113 << HTTP/1.1 200 OK
23:07:56.274 [pool-2-thread-1] DEBUG org.apache.http.headers -- http-outgoing-113 << X-Powered-By: Express
23:07:56.274 [pool-2-thread-1] DEBUG org.apache.http.headers -- http-outgoing-113 << Access-Control-Allow-Origin: *
23:07:56.274 [pool-2-thread-1] DEBUG org.apache.http.headers -- http-outgoing-113 << Content-Type: application/json; charset=utf-8
23:07:56.274 [pool-2-thread-1] DEBUG org.apache.http.headers -- http-outgoing-113 << Content-Length: 708
23:07:56.274 [pool-2-thread-1] DEBUG org.apache.http.headers -- http-outgoing-113 << ETag: W/"2c4-ynuebpc41EK0l24DbbYk87+SU0g"
23:07:56.274 [pool-2-thread-1] DEBUG org.apache.http.headers -- http-outgoing-113 << Date: Sun, 22 Jun 2025 16:07:56 GMT
23:07:56.274 [pool-2-thread-1] DEBUG org.apache.http.headers -- http-outgoing-113 << Connection: keep-alive
23:07:56.274 [pool-2-thread-1] DEBUG org.apache.http.headers -- http-outgoing-113 << Keep-Alive: timeout=5
23:07:56.275 [pool-2-thread-1] DEBUG org.apache.http.impl.execchain.MainClientExec -- Connection can be kept alive for 5000 MILLISECONDS
23:07:56.275 [pool-2-thread-1] DEBUG org.apache.http.impl.conn.PoolingHttpClientConnectionManager -- Connection [id: 113][route: {}->http://localhost:3000] can be kept alive for 5.0 seconds
23:07:56.275 [pool-2-thread-1] DEBUG org.apache.http.impl.conn.DefaultManagedHttpClientConnection -- http-outgoing-113: set socket timeout to 0
23:07:56.275 [pool-2-thread-1] DEBUG org.apache.http.impl.conn.PoolingHttpClientConnectionManager -- Connection released: [id: 113][route: {}->http://localhost:3000][total available: 1; route allocated: 1 of 5; total allocated: 1 of 10]
23:07:56.275 [pool-2-thread-1] DEBUG org.apache.http.impl.conn.PoolingHttpClientConnectionManager -- Connection manager is shutting down
23:07:56.275 [pool-2-thread-1] DEBUG org.apache.http.impl.conn.DefaultManagedHttpClientConnection -- http-outgoing-113: Close connection
23:07:56.275 [pool-2-thread-1] DEBUG org.apache.http.impl.conn.PoolingHttpClientConnectionManager -- Connection manager shut down
23:07:56.275 [pool-2-thread-1] DEBUG com.intuit.karate -- response time in milliseconds: 2014
6 < 200
6 < X-Powered-By: Express
6 < Access-Control-Allow-Origin: *
6 < Content-Type: application/json; charset=utf-8
6 < Content-Length: 708
6 < ETag: W/"2c4-ynuebpc41EK0l24DbbYk87+SU0g"
6 < Date: Sun, 22 Jun 2025 16:07:56 GMT
6 < Connection: keep-alive
6 < Keep-Alive: timeout=5
{"access_token":"eyJhbGciOiJIUzI1NiIsInR5cCI6IkpXVCJ9.eyJzdWIiOiIwODUxNWIwNS0yZDNlLTQ3ODktYWQ2MC1kYjM1NTI1YTQ5NzAiLCJ1c2VybmFtZSI6Im5hbSIsInJvbGUiOjAsImlhdCI6MTc1MDYwODQ3NSwiZXhwIjoxNzUwNjEyMDc1fQ.qRB_1SlvWq6a4lvMLj3dBkHIosPDcfU8NnXwXw5RhQk","refresh_token":"f0209bd4651e098a42fc5b327e7386eab8f2f5e73f8ea93cdc7e715855b742dc","user":{"id":"08515b05-2d3e-4789-ad60-db35525a4970","email":"nam@gmail.com","username":"nam","name":"nam","phoneNumber":"0123456789","profilePic":"https://res.cloudinary.com/dizcvrefo/image/upload/v1749266646/nestjs_uploads/zk9zrpeidnovxibfqdxr.png","bio":"Chu tich hoi dong Quan tri 1","private":false,"verified":false,"role":0,"followersCount":2,"followingCount":2,"postCount":13}}

23:07:56.277 [pool-2-thread-1] INFO com.intuit.karate -- [print] Call 6 completed, status: 200 
23:07:56.278 [pool-2-thread-1] INFO com.intuit.karate -- [print] *** API CALL 7 *** 
23:07:56.281 [pool-2-thread-1] DEBUG org.apache.http.client.protocol.RequestAddCookies -- CookieSpec selected: karate
23:07:56.281 [pool-2-thread-1] DEBUG org.apache.http.client.protocol.RequestAuthCache -- Auth cache not set in the context
23:07:56.281 [pool-2-thread-1] DEBUG com.intuit.karate -- request:
7 > POST http://localhost:3000/auth/login
7 > Content-Type: application/json; charset=UTF-8
7 > Content-Length: 45
7 > Host: localhost:3000
7 > Connection: Keep-Alive
7 > User-Agent: Apache-HttpClient/4.5.14 (Java/17.0.9)
7 > Accept-Encoding: gzip,deflate
{"email":"nam@gmail.com","password":"123456"}

23:07:56.281 [pool-2-thread-1] DEBUG org.apache.http.impl.conn.PoolingHttpClientConnectionManager -- Connection request: [route: {}->http://localhost:3000][total available: 0; route allocated: 0 of 5; total allocated: 0 of 10]
23:07:56.281 [pool-2-thread-1] DEBUG org.apache.http.impl.conn.PoolingHttpClientConnectionManager -- Connection leased: [id: 134][route: {}->http://localhost:3000][total available: 0; route allocated: 1 of 5; total allocated: 1 of 10]
23:07:56.281 [pool-2-thread-1] DEBUG org.apache.http.impl.execchain.MainClientExec -- Opening connection {}->http://localhost:3000
23:07:56.281 [pool-2-thread-1] DEBUG org.apache.http.impl.conn.DefaultHttpClientConnectionOperator -- Connecting to localhost/127.0.0.1:3000
23:07:56.282 [pool-2-thread-1] DEBUG org.apache.http.impl.conn.DefaultHttpClientConnectionOperator -- Connection established 127.0.0.1:52801<->127.0.0.1:3000
23:07:56.282 [pool-2-thread-1] DEBUG org.apache.http.impl.conn.DefaultManagedHttpClientConnection -- http-outgoing-134: set socket timeout to 30000
23:07:56.282 [pool-2-thread-1] DEBUG org.apache.http.impl.execchain.MainClientExec -- Executing request POST /auth/login HTTP/1.1
23:07:56.282 [pool-2-thread-1] DEBUG org.apache.http.impl.execchain.MainClientExec -- Target auth state: UNCHALLENGED
23:07:56.282 [pool-2-thread-1] DEBUG org.apache.http.impl.execchain.MainClientExec -- Proxy auth state: UNCHALLENGED
23:07:56.282 [pool-2-thread-1] DEBUG org.apache.http.headers -- http-outgoing-134 >> POST /auth/login HTTP/1.1
23:07:56.282 [pool-2-thread-1] DEBUG org.apache.http.headers -- http-outgoing-134 >> Content-Type: application/json; charset=UTF-8
23:07:56.282 [pool-2-thread-1] DEBUG org.apache.http.headers -- http-outgoing-134 >> Content-Length: 45
23:07:56.282 [pool-2-thread-1] DEBUG org.apache.http.headers -- http-outgoing-134 >> Host: localhost:3000
23:07:56.282 [pool-2-thread-1] DEBUG org.apache.http.headers -- http-outgoing-134 >> Connection: Keep-Alive
23:07:56.282 [pool-2-thread-1] DEBUG org.apache.http.headers -- http-outgoing-134 >> User-Agent: Apache-HttpClient/4.5.14 (Java/17.0.9)
23:07:56.282 [pool-2-thread-1] DEBUG org.apache.http.headers -- http-outgoing-134 >> Accept-Encoding: gzip,deflate
23:07:56.282 [pool-2-thread-1] DEBUG org.apache.http.wire -- http-outgoing-134 >> "POST /auth/login HTTP/1.1[\r][\n]"
23:07:56.283 [pool-2-thread-1] DEBUG org.apache.http.wire -- http-outgoing-134 >> "Content-Type: application/json; charset=UTF-8[\r][\n]"
23:07:56.283 [pool-2-thread-1] DEBUG org.apache.http.wire -- http-outgoing-134 >> "Content-Length: 45[\r][\n]"
23:07:56.283 [pool-2-thread-1] DEBUG org.apache.http.wire -- http-outgoing-134 >> "Host: localhost:3000[\r][\n]"
23:07:56.283 [pool-2-thread-1] DEBUG org.apache.http.wire -- http-outgoing-134 >> "Connection: Keep-Alive[\r][\n]"
23:07:56.283 [pool-2-thread-1] DEBUG org.apache.http.wire -- http-outgoing-134 >> "User-Agent: Apache-HttpClient/4.5.14 (Java/17.0.9)[\r][\n]"
23:07:56.283 [pool-2-thread-1] DEBUG org.apache.http.wire -- http-outgoing-134 >> "Accept-Encoding: gzip,deflate[\r][\n]"
23:07:56.283 [pool-2-thread-1] DEBUG org.apache.http.wire -- http-outgoing-134 >> "[\r][\n]"
23:07:56.283 [pool-2-thread-1] DEBUG org.apache.http.wire -- http-outgoing-134 >> "{"email":"nam@gmail.com","password":"123456"}"
23:07:56.359 [pool-2-thread-26] DEBUG org.apache.http.wire -- http-outgoing-115 << "HTTP/1.1 200 OK[\r][\n]"
23:07:56.359 [pool-2-thread-26] DEBUG org.apache.http.wire -- http-outgoing-115 << "X-Powered-By: Express[\r][\n]"
23:07:56.359 [pool-2-thread-26] DEBUG org.apache.http.wire -- http-outgoing-115 << "Access-Control-Allow-Origin: *[\r][\n]"
23:07:56.359 [pool-2-thread-26] DEBUG org.apache.http.wire -- http-outgoing-115 << "Content-Type: application/json; charset=utf-8[\r][\n]"
23:07:56.359 [pool-2-thread-26] DEBUG org.apache.http.wire -- http-outgoing-115 << "Content-Length: 607[\r][\n]"
23:07:56.359 [pool-2-thread-26] DEBUG org.apache.http.wire -- http-outgoing-115 << "ETag: W/"25f-wQi8YSgVfxyGKtrYrsY8yDo/x+c"[\r][\n]"
23:07:56.359 [pool-2-thread-26] DEBUG org.apache.http.wire -- http-outgoing-115 << "Date: Sun, 22 Jun 2025 16:07:56 GMT[\r][\n]"
23:07:56.359 [pool-2-thread-26] DEBUG org.apache.http.wire -- http-outgoing-115 << "Connection: keep-alive[\r][\n]"
23:07:56.359 [pool-2-thread-26] DEBUG org.apache.http.wire -- http-outgoing-115 << "Keep-Alive: timeout=5[\r][\n]"
23:07:56.359 [pool-2-thread-26] DEBUG org.apache.http.wire -- http-outgoing-115 << "[\r][\n]"
23:07:56.359 [pool-2-thread-26] DEBUG org.apache.http.wire -- http-outgoing-115 << "{"access_token":"eyJhbGciOiJIUzI1NiIsInR5cCI6IkpXVCJ9.eyJzdWIiOiI5YTI2OTc2Yy0xNTMyLTRkZjMtYTE2ZS03NjMxNTI1Yzg1MDIiLCJ1c2VybmFtZSI6ImpvaG5kb2UyZDUiLCJyb2xlIjowLCJpYXQiOjE3NTA2MDg0NzYsImV4cCI6MTc1MDYxMjA3Nn0.CZy9-8qlSk47b5KYhOd5KCwMYwEdLPhsrqfQ8tbQJ1o","refresh_token":"c87a0b5224d4983d9fe33ad771b5deb106922c9ee4ff3ce15b19eb66431e8954","user":{"id":"9a26976c-1532-4df3-a16e-7631525c8502","email":"testit4@gmail.com","username":"johndoe2d5","name":"John Doe","phoneNumber":"0123456212","profilePic":null,"bio":null,"private":false,"verified":false,"role":0,"followersCount":0,"followingCount":0,"postCount":0}}"
23:07:56.359 [pool-2-thread-26] DEBUG org.apache.http.headers -- http-outgoing-115 << HTTP/1.1 200 OK
23:07:56.359 [pool-2-thread-26] DEBUG org.apache.http.headers -- http-outgoing-115 << X-Powered-By: Express
23:07:56.359 [pool-2-thread-26] DEBUG org.apache.http.headers -- http-outgoing-115 << Access-Control-Allow-Origin: *
23:07:56.359 [pool-2-thread-26] DEBUG org.apache.http.headers -- http-outgoing-115 << Content-Type: application/json; charset=utf-8
23:07:56.359 [pool-2-thread-26] DEBUG org.apache.http.headers -- http-outgoing-115 << Content-Length: 607
23:07:56.359 [pool-2-thread-26] DEBUG org.apache.http.headers -- http-outgoing-115 << ETag: W/"25f-wQi8YSgVfxyGKtrYrsY8yDo/x+c"
23:07:56.359 [pool-2-thread-26] DEBUG org.apache.http.headers -- http-outgoing-115 << Date: Sun, 22 Jun 2025 16:07:56 GMT
23:07:56.359 [pool-2-thread-26] DEBUG org.apache.http.headers -- http-outgoing-115 << Connection: keep-alive
23:07:56.359 [pool-2-thread-26] DEBUG org.apache.http.headers -- http-outgoing-115 << Keep-Alive: timeout=5
23:07:56.359 [pool-2-thread-26] DEBUG org.apache.http.impl.execchain.MainClientExec -- Connection can be kept alive for 5000 MILLISECONDS
23:07:56.359 [pool-2-thread-26] DEBUG org.apache.http.impl.conn.PoolingHttpClientConnectionManager -- Connection [id: 115][route: {}->http://localhost:3000] can be kept alive for 5.0 seconds
23:07:56.359 [pool-2-thread-26] DEBUG org.apache.http.impl.conn.DefaultManagedHttpClientConnection -- http-outgoing-115: set socket timeout to 0
23:07:56.359 [pool-2-thread-26] DEBUG org.apache.http.impl.conn.PoolingHttpClientConnectionManager -- Connection released: [id: 115][route: {}->http://localhost:3000][total available: 1; route allocated: 1 of 5; total allocated: 1 of 10]
23:07:56.359 [pool-2-thread-26] DEBUG org.apache.http.impl.conn.PoolingHttpClientConnectionManager -- Connection manager is shutting down
23:07:56.359 [pool-2-thread-26] DEBUG org.apache.http.impl.conn.DefaultManagedHttpClientConnection -- http-outgoing-115: Close connection
23:07:56.359 [pool-2-thread-26] DEBUG org.apache.http.impl.conn.PoolingHttpClientConnectionManager -- Connection manager shut down
23:07:56.359 [pool-2-thread-26] DEBUG com.intuit.karate -- response time in milliseconds: 1966
6 < 200
6 < X-Powered-By: Express
6 < Access-Control-Allow-Origin: *
6 < Content-Type: application/json; charset=utf-8
6 < Content-Length: 607
6 < ETag: W/"25f-wQi8YSgVfxyGKtrYrsY8yDo/x+c"
6 < Date: Sun, 22 Jun 2025 16:07:56 GMT
6 < Connection: keep-alive
6 < Keep-Alive: timeout=5
{"access_token":"eyJhbGciOiJIUzI1NiIsInR5cCI6IkpXVCJ9.eyJzdWIiOiI5YTI2OTc2Yy0xNTMyLTRkZjMtYTE2ZS03NjMxNTI1Yzg1MDIiLCJ1c2VybmFtZSI6ImpvaG5kb2UyZDUiLCJyb2xlIjowLCJpYXQiOjE3NTA2MDg0NzYsImV4cCI6MTc1MDYxMjA3Nn0.CZy9-8qlSk47b5KYhOd5KCwMYwEdLPhsrqfQ8tbQJ1o","refresh_token":"c87a0b5224d4983d9fe33ad771b5deb106922c9ee4ff3ce15b19eb66431e8954","user":{"id":"9a26976c-1532-4df3-a16e-7631525c8502","email":"testit4@gmail.com","username":"johndoe2d5","name":"John Doe","phoneNumber":"0123456212","profilePic":null,"bio":null,"private":false,"verified":false,"role":0,"followersCount":0,"followingCount":0,"postCount":0}}

23:07:56.362 [pool-2-thread-26] INFO com.intuit.karate -- [print] Call 6 completed, status: 200 
23:07:56.363 [pool-2-thread-26] INFO com.intuit.karate -- [print] *** API CALL 7 *** 
23:07:56.364 [pool-2-thread-26] DEBUG org.apache.http.client.protocol.RequestAddCookies -- CookieSpec selected: karate
23:07:56.364 [pool-2-thread-26] DEBUG org.apache.http.client.protocol.RequestAuthCache -- Auth cache not set in the context
23:07:56.364 [pool-2-thread-26] DEBUG com.intuit.karate -- request:
7 > POST http://localhost:3000/auth/login
7 > Content-Type: application/json; charset=UTF-8
7 > Content-Length: 54
7 > Host: localhost:3000
7 > Connection: Keep-Alive
7 > User-Agent: Apache-HttpClient/4.5.14 (Java/17.0.9)
7 > Accept-Encoding: gzip,deflate
{"email":"testit4@gmail.com","password":"Password123"}

23:07:56.364 [pool-2-thread-26] DEBUG org.apache.http.impl.conn.PoolingHttpClientConnectionManager -- Connection request: [route: {}->http://localhost:3000][total available: 0; route allocated: 0 of 5; total allocated: 0 of 10]
23:07:56.364 [pool-2-thread-26] DEBUG org.apache.http.impl.conn.PoolingHttpClientConnectionManager -- Connection leased: [id: 135][route: {}->http://localhost:3000][total available: 0; route allocated: 1 of 5; total allocated: 1 of 10]
23:07:56.364 [pool-2-thread-26] DEBUG org.apache.http.impl.execchain.MainClientExec -- Opening connection {}->http://localhost:3000
23:07:56.364 [pool-2-thread-26] DEBUG org.apache.http.impl.conn.DefaultHttpClientConnectionOperator -- Connecting to localhost/127.0.0.1:3000
23:07:56.365 [pool-2-thread-26] DEBUG org.apache.http.impl.conn.DefaultHttpClientConnectionOperator -- Connection established 127.0.0.1:52802<->127.0.0.1:3000
23:07:56.365 [pool-2-thread-26] DEBUG org.apache.http.impl.conn.DefaultManagedHttpClientConnection -- http-outgoing-135: set socket timeout to 30000
23:07:56.365 [pool-2-thread-26] DEBUG org.apache.http.impl.execchain.MainClientExec -- Executing request POST /auth/login HTTP/1.1
23:07:56.365 [pool-2-thread-26] DEBUG org.apache.http.impl.execchain.MainClientExec -- Target auth state: UNCHALLENGED
23:07:56.365 [pool-2-thread-26] DEBUG org.apache.http.impl.execchain.MainClientExec -- Proxy auth state: UNCHALLENGED
23:07:56.365 [pool-2-thread-26] DEBUG org.apache.http.headers -- http-outgoing-135 >> POST /auth/login HTTP/1.1
23:07:56.365 [pool-2-thread-26] DEBUG org.apache.http.headers -- http-outgoing-135 >> Content-Type: application/json; charset=UTF-8
23:07:56.365 [pool-2-thread-26] DEBUG org.apache.http.headers -- http-outgoing-135 >> Content-Length: 54
23:07:56.365 [pool-2-thread-26] DEBUG org.apache.http.headers -- http-outgoing-135 >> Host: localhost:3000
23:07:56.365 [pool-2-thread-26] DEBUG org.apache.http.headers -- http-outgoing-135 >> Connection: Keep-Alive
23:07:56.365 [pool-2-thread-26] DEBUG org.apache.http.headers -- http-outgoing-135 >> User-Agent: Apache-HttpClient/4.5.14 (Java/17.0.9)
23:07:56.365 [pool-2-thread-26] DEBUG org.apache.http.headers -- http-outgoing-135 >> Accept-Encoding: gzip,deflate
23:07:56.365 [pool-2-thread-26] DEBUG org.apache.http.wire -- http-outgoing-135 >> "POST /auth/login HTTP/1.1[\r][\n]"
23:07:56.365 [pool-2-thread-26] DEBUG org.apache.http.wire -- http-outgoing-135 >> "Content-Type: application/json; charset=UTF-8[\r][\n]"
23:07:56.365 [pool-2-thread-26] DEBUG org.apache.http.wire -- http-outgoing-135 >> "Content-Length: 54[\r][\n]"
23:07:56.365 [pool-2-thread-26] DEBUG org.apache.http.wire -- http-outgoing-135 >> "Host: localhost:3000[\r][\n]"
23:07:56.365 [pool-2-thread-26] DEBUG org.apache.http.wire -- http-outgoing-135 >> "Connection: Keep-Alive[\r][\n]"
23:07:56.365 [pool-2-thread-26] DEBUG org.apache.http.wire -- http-outgoing-135 >> "User-Agent: Apache-HttpClient/4.5.14 (Java/17.0.9)[\r][\n]"
23:07:56.365 [pool-2-thread-26] DEBUG org.apache.http.wire -- http-outgoing-135 >> "Accept-Encoding: gzip,deflate[\r][\n]"
23:07:56.365 [pool-2-thread-26] DEBUG org.apache.http.wire -- http-outgoing-135 >> "[\r][\n]"
23:07:56.365 [pool-2-thread-26] DEBUG org.apache.http.wire -- http-outgoing-135 >> "{"email":"testit4@gmail.com","password":"Password123"}"
23:07:56.402 [pool-2-thread-4] DEBUG org.apache.http.wire -- http-outgoing-116 << "HTTP/1.1 200 OK[\r][\n]"
23:07:56.402 [pool-2-thread-4] DEBUG org.apache.http.wire -- http-outgoing-116 << "X-Powered-By: Express[\r][\n]"
23:07:56.402 [pool-2-thread-4] DEBUG org.apache.http.wire -- http-outgoing-116 << "Access-Control-Allow-Origin: *[\r][\n]"
23:07:56.402 [pool-2-thread-4] DEBUG org.apache.http.wire -- http-outgoing-116 << "Content-Type: application/json; charset=utf-8[\r][\n]"
23:07:56.402 [pool-2-thread-4] DEBUG org.apache.http.wire -- http-outgoing-116 << "Content-Length: 608[\r][\n]"
23:07:56.402 [pool-2-thread-4] DEBUG org.apache.http.wire -- http-outgoing-116 << "ETag: W/"260-NRxdXx7yVcUkXGBB0HUuAJqkOVk"[\r][\n]"
23:07:56.402 [pool-2-thread-4] DEBUG org.apache.http.wire -- http-outgoing-116 << "Date: Sun, 22 Jun 2025 16:07:56 GMT[\r][\n]"
23:07:56.402 [pool-2-thread-4] DEBUG org.apache.http.wire -- http-outgoing-116 << "Connection: keep-alive[\r][\n]"
23:07:56.402 [pool-2-thread-4] DEBUG org.apache.http.wire -- http-outgoing-116 << "Keep-Alive: timeout=5[\r][\n]"
23:07:56.402 [pool-2-thread-4] DEBUG org.apache.http.wire -- http-outgoing-116 << "[\r][\n]"
23:07:56.402 [pool-2-thread-4] DEBUG org.apache.http.wire -- http-outgoing-116 << "{"access_token":"eyJhbGciOiJIUzI1NiIsInR5cCI6IkpXVCJ9.eyJzdWIiOiI4YTI0NzQ2MS01YzA0LTQyMWQtOThmNS1mYTljNzM0ZmFlYTUiLCJ1c2VybmFtZSI6ImphbmVzbWl0aCIsInJvbGUiOjAsImlhdCI6MTc1MDYwODQ3NiwiZXhwIjoxNzUwNjEyMDc2fQ.a5J-njcyhYQRKzybd1fkIsMuTMlRulI9zZxZrJ2wVKU","refresh_token":"aff87a6b4c799960a0f7b68b2f74ff3c70267a4e90a8a78faefd580b33ce188b","user":{"id":"8a247461-5c04-421d-98f5-fa9c734faea5","email":"test2@example.com","username":"janesmith","name":"Jane Smith","phoneNumber":"01234567890","profilePic":null,"bio":null,"private":false,"verified":false,"role":0,"followersCount":0,"followingCount":0,"postCount":0}}"
23:07:56.402 [pool-2-thread-4] DEBUG org.apache.http.headers -- http-outgoing-116 << HTTP/1.1 200 OK
23:07:56.402 [pool-2-thread-4] DEBUG org.apache.http.headers -- http-outgoing-116 << X-Powered-By: Express
23:07:56.402 [pool-2-thread-4] DEBUG org.apache.http.headers -- http-outgoing-116 << Access-Control-Allow-Origin: *
23:07:56.402 [pool-2-thread-4] DEBUG org.apache.http.headers -- http-outgoing-116 << Content-Type: application/json; charset=utf-8
23:07:56.402 [pool-2-thread-4] DEBUG org.apache.http.headers -- http-outgoing-116 << Content-Length: 608
23:07:56.402 [pool-2-thread-4] DEBUG org.apache.http.headers -- http-outgoing-116 << ETag: W/"260-NRxdXx7yVcUkXGBB0HUuAJqkOVk"
23:07:56.402 [pool-2-thread-4] DEBUG org.apache.http.headers -- http-outgoing-116 << Date: Sun, 22 Jun 2025 16:07:56 GMT
23:07:56.402 [pool-2-thread-4] DEBUG org.apache.http.headers -- http-outgoing-116 << Connection: keep-alive
23:07:56.402 [pool-2-thread-4] DEBUG org.apache.http.headers -- http-outgoing-116 << Keep-Alive: timeout=5
23:07:56.402 [pool-2-thread-4] DEBUG org.apache.http.impl.execchain.MainClientExec -- Connection can be kept alive for 5000 MILLISECONDS
23:07:56.402 [pool-2-thread-4] DEBUG org.apache.http.impl.conn.PoolingHttpClientConnectionManager -- Connection [id: 116][route: {}->http://localhost:3000] can be kept alive for 5.0 seconds
23:07:56.402 [pool-2-thread-4] DEBUG org.apache.http.impl.conn.DefaultManagedHttpClientConnection -- http-outgoing-116: set socket timeout to 0
23:07:56.402 [pool-2-thread-4] DEBUG org.apache.http.impl.conn.PoolingHttpClientConnectionManager -- Connection released: [id: 116][route: {}->http://localhost:3000][total available: 1; route allocated: 1 of 5; total allocated: 1 of 10]
23:07:56.402 [pool-2-thread-4] DEBUG org.apache.http.impl.conn.PoolingHttpClientConnectionManager -- Connection manager is shutting down
23:07:56.402 [pool-2-thread-4] DEBUG org.apache.http.impl.conn.DefaultManagedHttpClientConnection -- http-outgoing-116: Close connection
23:07:56.403 [pool-2-thread-4] DEBUG org.apache.http.impl.conn.PoolingHttpClientConnectionManager -- Connection manager shut down
23:07:56.403 [pool-2-thread-4] DEBUG com.intuit.karate -- response time in milliseconds: 1245
5 < 200
5 < X-Powered-By: Express
5 < Access-Control-Allow-Origin: *
5 < Content-Type: application/json; charset=utf-8
5 < Content-Length: 608
5 < ETag: W/"260-NRxdXx7yVcUkXGBB0HUuAJqkOVk"
5 < Date: Sun, 22 Jun 2025 16:07:56 GMT
5 < Connection: keep-alive
5 < Keep-Alive: timeout=5
{"access_token":"eyJhbGciOiJIUzI1NiIsInR5cCI6IkpXVCJ9.eyJzdWIiOiI4YTI0NzQ2MS01YzA0LTQyMWQtOThmNS1mYTljNzM0ZmFlYTUiLCJ1c2VybmFtZSI6ImphbmVzbWl0aCIsInJvbGUiOjAsImlhdCI6MTc1MDYwODQ3NiwiZXhwIjoxNzUwNjEyMDc2fQ.a5J-njcyhYQRKzybd1fkIsMuTMlRulI9zZxZrJ2wVKU","refresh_token":"aff87a6b4c799960a0f7b68b2f74ff3c70267a4e90a8a78faefd580b33ce188b","user":{"id":"8a247461-5c04-421d-98f5-fa9c734faea5","email":"test2@example.com","username":"janesmith","name":"Jane Smith","phoneNumber":"01234567890","profilePic":null,"bio":null,"private":false,"verified":false,"role":0,"followersCount":0,"followingCount":0,"postCount":0}}

23:07:56.405 [pool-2-thread-4] INFO com.intuit.karate -- [print] Call 5 completed, status: 200 
23:07:56.405 [pool-2-thread-4] INFO com.intuit.karate -- [print] *** API CALL 6 *** 
23:07:56.406 [pool-2-thread-4] DEBUG org.apache.http.client.protocol.RequestAddCookies -- CookieSpec selected: karate
23:07:56.406 [pool-2-thread-4] DEBUG org.apache.http.client.protocol.RequestAuthCache -- Auth cache not set in the context
23:07:56.406 [pool-2-thread-4] DEBUG com.intuit.karate -- request:
6 > POST http://localhost:3000/auth/login
6 > Content-Type: application/json; charset=UTF-8
6 > Content-Length: 54
6 > Host: localhost:3000
6 > Connection: Keep-Alive
6 > User-Agent: Apache-HttpClient/4.5.14 (Java/17.0.9)
6 > Accept-Encoding: gzip,deflate
{"email":"test2@example.com","password":"Password123"}

23:07:56.406 [pool-2-thread-4] DEBUG org.apache.http.impl.conn.PoolingHttpClientConnectionManager -- Connection request: [route: {}->http://localhost:3000][total available: 0; route allocated: 0 of 5; total allocated: 0 of 10]
23:07:56.406 [pool-2-thread-4] DEBUG org.apache.http.impl.conn.PoolingHttpClientConnectionManager -- Connection leased: [id: 136][route: {}->http://localhost:3000][total available: 0; route allocated: 1 of 5; total allocated: 1 of 10]
23:07:56.406 [pool-2-thread-4] DEBUG org.apache.http.impl.execchain.MainClientExec -- Opening connection {}->http://localhost:3000
23:07:56.406 [pool-2-thread-4] DEBUG org.apache.http.impl.conn.DefaultHttpClientConnectionOperator -- Connecting to localhost/127.0.0.1:3000
23:07:56.408 [pool-2-thread-4] DEBUG org.apache.http.impl.conn.DefaultHttpClientConnectionOperator -- Connection established 127.0.0.1:52803<->127.0.0.1:3000
23:07:56.408 [pool-2-thread-4] DEBUG org.apache.http.impl.conn.DefaultManagedHttpClientConnection -- http-outgoing-136: set socket timeout to 30000
23:07:56.408 [pool-2-thread-4] DEBUG org.apache.http.impl.execchain.MainClientExec -- Executing request POST /auth/login HTTP/1.1
23:07:56.408 [pool-2-thread-4] DEBUG org.apache.http.impl.execchain.MainClientExec -- Target auth state: UNCHALLENGED
23:07:56.408 [pool-2-thread-4] DEBUG org.apache.http.impl.execchain.MainClientExec -- Proxy auth state: UNCHALLENGED
23:07:56.408 [pool-2-thread-4] DEBUG org.apache.http.headers -- http-outgoing-136 >> POST /auth/login HTTP/1.1
23:07:56.408 [pool-2-thread-4] DEBUG org.apache.http.headers -- http-outgoing-136 >> Content-Type: application/json; charset=UTF-8
23:07:56.408 [pool-2-thread-4] DEBUG org.apache.http.headers -- http-outgoing-136 >> Content-Length: 54
23:07:56.408 [pool-2-thread-4] DEBUG org.apache.http.headers -- http-outgoing-136 >> Host: localhost:3000
23:07:56.408 [pool-2-thread-4] DEBUG org.apache.http.headers -- http-outgoing-136 >> Connection: Keep-Alive
23:07:56.408 [pool-2-thread-4] DEBUG org.apache.http.headers -- http-outgoing-136 >> User-Agent: Apache-HttpClient/4.5.14 (Java/17.0.9)
23:07:56.408 [pool-2-thread-4] DEBUG org.apache.http.headers -- http-outgoing-136 >> Accept-Encoding: gzip,deflate
23:07:56.408 [pool-2-thread-4] DEBUG org.apache.http.wire -- http-outgoing-136 >> "POST /auth/login HTTP/1.1[\r][\n]"
23:07:56.408 [pool-2-thread-4] DEBUG org.apache.http.wire -- http-outgoing-136 >> "Content-Type: application/json; charset=UTF-8[\r][\n]"
23:07:56.408 [pool-2-thread-4] DEBUG org.apache.http.wire -- http-outgoing-136 >> "Content-Length: 54[\r][\n]"
23:07:56.408 [pool-2-thread-4] DEBUG org.apache.http.wire -- http-outgoing-136 >> "Host: localhost:3000[\r][\n]"
23:07:56.408 [pool-2-thread-4] DEBUG org.apache.http.wire -- http-outgoing-136 >> "Connection: Keep-Alive[\r][\n]"
23:07:56.408 [pool-2-thread-4] DEBUG org.apache.http.wire -- http-outgoing-136 >> "User-Agent: Apache-HttpClient/4.5.14 (Java/17.0.9)[\r][\n]"
23:07:56.408 [pool-2-thread-4] DEBUG org.apache.http.wire -- http-outgoing-136 >> "Accept-Encoding: gzip,deflate[\r][\n]"
23:07:56.408 [pool-2-thread-4] DEBUG org.apache.http.wire -- http-outgoing-136 >> "[\r][\n]"
23:07:56.408 [pool-2-thread-4] DEBUG org.apache.http.wire -- http-outgoing-136 >> "{"email":"test2@example.com","password":"Password123"}"
23:07:56.410 [pool-2-thread-27] DEBUG org.apache.http.wire -- http-outgoing-110 << "HTTP/1.1 200 OK[\r][\n]"
23:07:56.410 [pool-2-thread-27] DEBUG org.apache.http.wire -- http-outgoing-110 << "X-Powered-By: Express[\r][\n]"
23:07:56.410 [pool-2-thread-27] DEBUG org.apache.http.wire -- http-outgoing-110 << "Access-Control-Allow-Origin: *[\r][\n]"
23:07:56.410 [pool-2-thread-27] DEBUG org.apache.http.wire -- http-outgoing-110 << "Content-Type: application/json; charset=utf-8[\r][\n]"
23:07:56.410 [pool-2-thread-27] DEBUG org.apache.http.wire -- http-outgoing-110 << "Content-Length: 605[\r][\n]"
23:07:56.410 [pool-2-thread-27] DEBUG org.apache.http.wire -- http-outgoing-110 << "ETag: W/"25d-nYModnIV8UCMtf+vhIyu5Hqr/YI"[\r][\n]"
23:07:56.410 [pool-2-thread-27] DEBUG org.apache.http.wire -- http-outgoing-110 << "Date: Sun, 22 Jun 2025 16:07:56 GMT[\r][\n]"
23:07:56.410 [pool-2-thread-27] DEBUG org.apache.http.wire -- http-outgoing-110 << "Connection: keep-alive[\r][\n]"
23:07:56.410 [pool-2-thread-27] DEBUG org.apache.http.wire -- http-outgoing-110 << "Keep-Alive: timeout=5[\r][\n]"
23:07:56.410 [pool-2-thread-27] DEBUG org.apache.http.wire -- http-outgoing-110 << "[\r][\n]"
23:07:56.410 [pool-2-thread-27] DEBUG org.apache.http.wire -- http-outgoing-110 << "{"access_token":"eyJhbGciOiJIUzI1NiIsInR5cCI6IkpXVCJ9.eyJzdWIiOiI2NTBjZTFlZC1hYWNhLTQzOGYtOTk4OC0xZjA1OGFiNWFhMWEiLCJ1c2VybmFtZSI6ImpvaG5kb2UyNSIsInJvbGUiOjAsImlhdCI6MTc1MDYwODQ3NiwiZXhwIjoxNzUwNjEyMDc2fQ.1yA5xX56uqeHfAgALGebxBDc1cBxTRjzksUhA2obiG4","refresh_token":"f091dbd39d74ce9280d822f2b756ed19c9268747f053109eaff737b733c71a0c","user":{"id":"650ce1ed-aaca-438f-9988-1f058ab5aa1a","email":"testit3@gmail.com","username":"johndoe25","name":"John Doe","phoneNumber":"0123456713","profilePic":null,"bio":null,"private":false,"verified":false,"role":0,"followersCount":0,"followingCount":0,"postCount":0}}"
23:07:56.411 [pool-2-thread-27] DEBUG org.apache.http.headers -- http-outgoing-110 << HTTP/1.1 200 OK
23:07:56.411 [pool-2-thread-27] DEBUG org.apache.http.headers -- http-outgoing-110 << X-Powered-By: Express
23:07:56.411 [pool-2-thread-27] DEBUG org.apache.http.headers -- http-outgoing-110 << Access-Control-Allow-Origin: *
23:07:56.411 [pool-2-thread-27] DEBUG org.apache.http.headers -- http-outgoing-110 << Content-Type: application/json; charset=utf-8
23:07:56.411 [pool-2-thread-27] DEBUG org.apache.http.headers -- http-outgoing-110 << Content-Length: 605
23:07:56.411 [pool-2-thread-27] DEBUG org.apache.http.headers -- http-outgoing-110 << ETag: W/"25d-nYModnIV8UCMtf+vhIyu5Hqr/YI"
23:07:56.411 [pool-2-thread-27] DEBUG org.apache.http.headers -- http-outgoing-110 << Date: Sun, 22 Jun 2025 16:07:56 GMT
23:07:56.411 [pool-2-thread-27] DEBUG org.apache.http.headers -- http-outgoing-110 << Connection: keep-alive
23:07:56.411 [pool-2-thread-27] DEBUG org.apache.http.headers -- http-outgoing-110 << Keep-Alive: timeout=5
23:07:56.411 [pool-2-thread-27] DEBUG org.apache.http.impl.execchain.MainClientExec -- Connection can be kept alive for 5000 MILLISECONDS
23:07:56.411 [pool-2-thread-27] DEBUG org.apache.http.impl.conn.PoolingHttpClientConnectionManager -- Connection [id: 110][route: {}->http://localhost:3000] can be kept alive for 5.0 seconds
23:07:56.411 [pool-2-thread-27] DEBUG org.apache.http.impl.conn.DefaultManagedHttpClientConnection -- http-outgoing-110: set socket timeout to 0
23:07:56.411 [pool-2-thread-27] DEBUG org.apache.http.impl.conn.PoolingHttpClientConnectionManager -- Connection released: [id: 110][route: {}->http://localhost:3000][total available: 1; route allocated: 1 of 5; total allocated: 1 of 10]
23:07:56.411 [pool-2-thread-27] DEBUG org.apache.http.impl.conn.PoolingHttpClientConnectionManager -- Connection manager is shutting down
23:07:56.411 [pool-2-thread-27] DEBUG org.apache.http.impl.conn.DefaultManagedHttpClientConnection -- http-outgoing-110: Close connection
23:07:56.411 [pool-2-thread-27] DEBUG org.apache.http.impl.conn.PoolingHttpClientConnectionManager -- Connection manager shut down
23:07:56.412 [pool-2-thread-27] DEBUG com.intuit.karate -- response time in milliseconds: 2162
4 < 200
4 < X-Powered-By: Express
4 < Access-Control-Allow-Origin: *
4 < Content-Type: application/json; charset=utf-8
4 < Content-Length: 605
4 < ETag: W/"25d-nYModnIV8UCMtf+vhIyu5Hqr/YI"
4 < Date: Sun, 22 Jun 2025 16:07:56 GMT
4 < Connection: keep-alive
4 < Keep-Alive: timeout=5
{"access_token":"eyJhbGciOiJIUzI1NiIsInR5cCI6IkpXVCJ9.eyJzdWIiOiI2NTBjZTFlZC1hYWNhLTQzOGYtOTk4OC0xZjA1OGFiNWFhMWEiLCJ1c2VybmFtZSI6ImpvaG5kb2UyNSIsInJvbGUiOjAsImlhdCI6MTc1MDYwODQ3NiwiZXhwIjoxNzUwNjEyMDc2fQ.1yA5xX56uqeHfAgALGebxBDc1cBxTRjzksUhA2obiG4","refresh_token":"f091dbd39d74ce9280d822f2b756ed19c9268747f053109eaff737b733c71a0c","user":{"id":"650ce1ed-aaca-438f-9988-1f058ab5aa1a","email":"testit3@gmail.com","username":"johndoe25","name":"John Doe","phoneNumber":"0123456713","profilePic":null,"bio":null,"private":false,"verified":false,"role":0,"followersCount":0,"followingCount":0,"postCount":0}}

23:07:56.414 [pool-2-thread-27] INFO com.intuit.karate -- [print] Call 4 completed, status: 200 
23:07:56.415 [pool-2-thread-27] INFO com.intuit.karate -- [print] *** API CALL 5 *** 
23:07:56.416 [pool-2-thread-27] DEBUG org.apache.http.client.protocol.RequestAddCookies -- CookieSpec selected: karate
23:07:56.417 [pool-2-thread-27] DEBUG org.apache.http.client.protocol.RequestAuthCache -- Auth cache not set in the context
23:07:56.417 [pool-2-thread-27] DEBUG com.intuit.karate -- request:
5 > POST http://localhost:3000/auth/login
5 > Content-Type: application/json; charset=UTF-8
5 > Content-Length: 54
5 > Host: localhost:3000
5 > Connection: Keep-Alive
5 > User-Agent: Apache-HttpClient/4.5.14 (Java/17.0.9)
5 > Accept-Encoding: gzip,deflate
{"email":"testit3@gmail.com","password":"Password123"}

23:07:56.417 [pool-2-thread-27] DEBUG org.apache.http.impl.conn.PoolingHttpClientConnectionManager -- Connection request: [route: {}->http://localhost:3000][total available: 0; route allocated: 0 of 5; total allocated: 0 of 10]
23:07:56.417 [pool-2-thread-27] DEBUG org.apache.http.impl.conn.PoolingHttpClientConnectionManager -- Connection leased: [id: 137][route: {}->http://localhost:3000][total available: 0; route allocated: 1 of 5; total allocated: 1 of 10]
23:07:56.417 [pool-2-thread-27] DEBUG org.apache.http.impl.execchain.MainClientExec -- Opening connection {}->http://localhost:3000
23:07:56.417 [pool-2-thread-27] DEBUG org.apache.http.impl.conn.DefaultHttpClientConnectionOperator -- Connecting to localhost/127.0.0.1:3000
23:07:56.419 [pool-2-thread-27] DEBUG org.apache.http.impl.conn.DefaultHttpClientConnectionOperator -- Connection established 127.0.0.1:52804<->127.0.0.1:3000
23:07:56.419 [pool-2-thread-27] DEBUG org.apache.http.impl.conn.DefaultManagedHttpClientConnection -- http-outgoing-137: set socket timeout to 30000
23:07:56.419 [pool-2-thread-27] DEBUG org.apache.http.impl.execchain.MainClientExec -- Executing request POST /auth/login HTTP/1.1
23:07:56.419 [pool-2-thread-27] DEBUG org.apache.http.impl.execchain.MainClientExec -- Target auth state: UNCHALLENGED
23:07:56.419 [pool-2-thread-27] DEBUG org.apache.http.impl.execchain.MainClientExec -- Proxy auth state: UNCHALLENGED
23:07:56.419 [pool-2-thread-27] DEBUG org.apache.http.headers -- http-outgoing-137 >> POST /auth/login HTTP/1.1
23:07:56.419 [pool-2-thread-27] DEBUG org.apache.http.headers -- http-outgoing-137 >> Content-Type: application/json; charset=UTF-8
23:07:56.419 [pool-2-thread-27] DEBUG org.apache.http.headers -- http-outgoing-137 >> Content-Length: 54
23:07:56.419 [pool-2-thread-27] DEBUG org.apache.http.headers -- http-outgoing-137 >> Host: localhost:3000
23:07:56.419 [pool-2-thread-27] DEBUG org.apache.http.headers -- http-outgoing-137 >> Connection: Keep-Alive
23:07:56.419 [pool-2-thread-27] DEBUG org.apache.http.headers -- http-outgoing-137 >> User-Agent: Apache-HttpClient/4.5.14 (Java/17.0.9)
23:07:56.419 [pool-2-thread-27] DEBUG org.apache.http.headers -- http-outgoing-137 >> Accept-Encoding: gzip,deflate
23:07:56.419 [pool-2-thread-27] DEBUG org.apache.http.wire -- http-outgoing-137 >> "POST /auth/login HTTP/1.1[\r][\n]"
23:07:56.419 [pool-2-thread-27] DEBUG org.apache.http.wire -- http-outgoing-137 >> "Content-Type: application/json; charset=UTF-8[\r][\n]"
23:07:56.419 [pool-2-thread-27] DEBUG org.apache.http.wire -- http-outgoing-137 >> "Content-Length: 54[\r][\n]"
23:07:56.419 [pool-2-thread-27] DEBUG org.apache.http.wire -- http-outgoing-137 >> "Host: localhost:3000[\r][\n]"
23:07:56.419 [pool-2-thread-27] DEBUG org.apache.http.wire -- http-outgoing-137 >> "Connection: Keep-Alive[\r][\n]"
23:07:56.419 [pool-2-thread-27] DEBUG org.apache.http.wire -- http-outgoing-137 >> "User-Agent: Apache-HttpClient/4.5.14 (Java/17.0.9)[\r][\n]"
23:07:56.419 [pool-2-thread-27] DEBUG org.apache.http.wire -- http-outgoing-137 >> "Accept-Encoding: gzip,deflate[\r][\n]"
23:07:56.419 [pool-2-thread-27] DEBUG org.apache.http.wire -- http-outgoing-137 >> "[\r][\n]"
23:07:56.419 [pool-2-thread-27] DEBUG org.apache.http.wire -- http-outgoing-137 >> "{"email":"testit3@gmail.com","password":"Password123"}"
23:07:56.420 [pool-2-thread-28] DEBUG org.apache.http.wire -- http-outgoing-108 << "HTTP/1.1 200 OK[\r][\n]"
23:07:56.420 [pool-2-thread-28] DEBUG org.apache.http.wire -- http-outgoing-108 << "X-Powered-By: Express[\r][\n]"
23:07:56.420 [pool-2-thread-28] DEBUG org.apache.http.wire -- http-outgoing-108 << "Access-Control-Allow-Origin: *[\r][\n]"
23:07:56.420 [pool-2-thread-28] DEBUG org.apache.http.wire -- http-outgoing-108 << "Content-Type: application/json; charset=utf-8[\r][\n]"
23:07:56.420 [pool-2-thread-28] DEBUG org.apache.http.wire -- http-outgoing-108 << "Content-Length: 609[\r][\n]"
23:07:56.420 [pool-2-thread-28] DEBUG org.apache.http.wire -- http-outgoing-108 << "ETag: W/"261-NJtfZxo25pO7eVCNrELiimubI3s"[\r][\n]"
23:07:56.420 [pool-2-thread-28] DEBUG org.apache.http.wire -- http-outgoing-108 << "Date: Sun, 22 Jun 2025 16:07:56 GMT[\r][\n]"
23:07:56.420 [pool-2-thread-28] DEBUG org.apache.http.wire -- http-outgoing-108 << "Connection: keep-alive[\r][\n]"
23:07:56.420 [pool-2-thread-28] DEBUG org.apache.http.wire -- http-outgoing-108 << "Keep-Alive: timeout=5[\r][\n]"
23:07:56.420 [pool-2-thread-28] DEBUG org.apache.http.wire -- http-outgoing-108 << "[\r][\n]"
23:07:56.420 [pool-2-thread-28] DEBUG org.apache.http.wire -- http-outgoing-108 << "{"access_token":"eyJhbGciOiJIUzI1NiIsInR5cCI6IkpXVCJ9.eyJzdWIiOiIyNzJmNmI1NS01MTc5LTRhZTMtODU2My1iNGVjMTBmNzY3MTUiLCJ1c2VybmFtZSI6ImpvaG5kb2UyZDVkIiwicm9sZSI6MCwiaWF0IjoxNzUwNjA4NDc2LCJleHAiOjE3NTA2MTIwNzZ9.90p7_tf5i6H9ejEtbXuQmCaJSc85isF8fzSnp34fse4","refresh_token":"a64a92915fff1848c3607318f4ae49903125fb0f49c4813c40215f519e3d6aaf","user":{"id":"272f6b55-5179-4ae3-8563-b4ec10f76715","email":"testit5@gmail.com","username":"johndoe2d5d","name":"John Doe","phoneNumber":"0123456132","profilePic":null,"bio":null,"private":false,"verified":false,"role":0,"followersCount":0,"followingCount":0,"postCount":0}}"
23:07:56.420 [pool-2-thread-28] DEBUG org.apache.http.headers -- http-outgoing-108 << HTTP/1.1 200 OK
23:07:56.420 [pool-2-thread-28] DEBUG org.apache.http.headers -- http-outgoing-108 << X-Powered-By: Express
23:07:56.420 [pool-2-thread-28] DEBUG org.apache.http.headers -- http-outgoing-108 << Access-Control-Allow-Origin: *
23:07:56.420 [pool-2-thread-28] DEBUG org.apache.http.headers -- http-outgoing-108 << Content-Type: application/json; charset=utf-8
23:07:56.420 [pool-2-thread-28] DEBUG org.apache.http.headers -- http-outgoing-108 << Content-Length: 609
23:07:56.420 [pool-2-thread-28] DEBUG org.apache.http.headers -- http-outgoing-108 << ETag: W/"261-NJtfZxo25pO7eVCNrELiimubI3s"
23:07:56.420 [pool-2-thread-28] DEBUG org.apache.http.headers -- http-outgoing-108 << Date: Sun, 22 Jun 2025 16:07:56 GMT
23:07:56.420 [pool-2-thread-28] DEBUG org.apache.http.headers -- http-outgoing-108 << Connection: keep-alive
23:07:56.420 [pool-2-thread-28] DEBUG org.apache.http.headers -- http-outgoing-108 << Keep-Alive: timeout=5
23:07:56.420 [pool-2-thread-28] DEBUG org.apache.http.impl.execchain.MainClientExec -- Connection can be kept alive for 5000 MILLISECONDS
23:07:56.421 [pool-2-thread-28] DEBUG org.apache.http.impl.conn.PoolingHttpClientConnectionManager -- Connection [id: 108][route: {}->http://localhost:3000] can be kept alive for 5.0 seconds
23:07:56.421 [pool-2-thread-28] DEBUG org.apache.http.impl.conn.DefaultManagedHttpClientConnection -- http-outgoing-108: set socket timeout to 0
23:07:56.421 [pool-2-thread-28] DEBUG org.apache.http.impl.conn.PoolingHttpClientConnectionManager -- Connection released: [id: 108][route: {}->http://localhost:3000][total available: 1; route allocated: 1 of 5; total allocated: 1 of 10]
23:07:56.421 [pool-2-thread-28] DEBUG org.apache.http.impl.conn.PoolingHttpClientConnectionManager -- Connection manager is shutting down
23:07:56.421 [pool-2-thread-28] DEBUG org.apache.http.impl.conn.DefaultManagedHttpClientConnection -- http-outgoing-108: Close connection
23:07:56.421 [pool-2-thread-28] DEBUG org.apache.http.impl.conn.PoolingHttpClientConnectionManager -- Connection manager shut down
23:07:56.421 [pool-2-thread-28] DEBUG com.intuit.karate -- response time in milliseconds: 2181
4 < 200
4 < X-Powered-By: Express
4 < Access-Control-Allow-Origin: *
4 < Content-Type: application/json; charset=utf-8
4 < Content-Length: 609
4 < ETag: W/"261-NJtfZxo25pO7eVCNrELiimubI3s"
4 < Date: Sun, 22 Jun 2025 16:07:56 GMT
4 < Connection: keep-alive
4 < Keep-Alive: timeout=5
{"access_token":"eyJhbGciOiJIUzI1NiIsInR5cCI6IkpXVCJ9.eyJzdWIiOiIyNzJmNmI1NS01MTc5LTRhZTMtODU2My1iNGVjMTBmNzY3MTUiLCJ1c2VybmFtZSI6ImpvaG5kb2UyZDVkIiwicm9sZSI6MCwiaWF0IjoxNzUwNjA4NDc2LCJleHAiOjE3NTA2MTIwNzZ9.90p7_tf5i6H9ejEtbXuQmCaJSc85isF8fzSnp34fse4","refresh_token":"a64a92915fff1848c3607318f4ae49903125fb0f49c4813c40215f519e3d6aaf","user":{"id":"272f6b55-5179-4ae3-8563-b4ec10f76715","email":"testit5@gmail.com","username":"johndoe2d5d","name":"John Doe","phoneNumber":"0123456132","profilePic":null,"bio":null,"private":false,"verified":false,"role":0,"followersCount":0,"followingCount":0,"postCount":0}}

23:07:56.424 [pool-2-thread-28] INFO com.intuit.karate -- [print] Call 4 completed, status: 200 
23:07:56.425 [pool-2-thread-28] INFO com.intuit.karate -- [print] *** API CALL 5 *** 
23:07:56.428 [pool-2-thread-28] DEBUG org.apache.http.client.protocol.RequestAddCookies -- CookieSpec selected: karate
23:07:56.428 [pool-2-thread-28] DEBUG org.apache.http.client.protocol.RequestAuthCache -- Auth cache not set in the context
23:07:56.428 [pool-2-thread-28] DEBUG com.intuit.karate -- request:
5 > POST http://localhost:3000/auth/login
5 > Content-Type: application/json; charset=UTF-8
5 > Content-Length: 54
5 > Host: localhost:3000
5 > Connection: Keep-Alive
5 > User-Agent: Apache-HttpClient/4.5.14 (Java/17.0.9)
5 > Accept-Encoding: gzip,deflate
{"email":"testit5@gmail.com","password":"Password123"}

23:07:56.428 [pool-2-thread-28] DEBUG org.apache.http.impl.conn.PoolingHttpClientConnectionManager -- Connection request: [route: {}->http://localhost:3000][total available: 0; route allocated: 0 of 5; total allocated: 0 of 10]
23:07:56.428 [pool-2-thread-28] DEBUG org.apache.http.impl.conn.PoolingHttpClientConnectionManager -- Connection leased: [id: 138][route: {}->http://localhost:3000][total available: 0; route allocated: 1 of 5; total allocated: 1 of 10]
23:07:56.428 [pool-2-thread-28] DEBUG org.apache.http.impl.execchain.MainClientExec -- Opening connection {}->http://localhost:3000
23:07:56.428 [pool-2-thread-28] DEBUG org.apache.http.impl.conn.DefaultHttpClientConnectionOperator -- Connecting to localhost/127.0.0.1:3000
23:07:56.429 [pool-2-thread-28] DEBUG org.apache.http.impl.conn.DefaultHttpClientConnectionOperator -- Connection established 127.0.0.1:52805<->127.0.0.1:3000
23:07:56.430 [pool-2-thread-28] DEBUG org.apache.http.impl.conn.DefaultManagedHttpClientConnection -- http-outgoing-138: set socket timeout to 30000
23:07:56.430 [pool-2-thread-28] DEBUG org.apache.http.impl.execchain.MainClientExec -- Executing request POST /auth/login HTTP/1.1
23:07:56.430 [pool-2-thread-28] DEBUG org.apache.http.impl.execchain.MainClientExec -- Target auth state: UNCHALLENGED
23:07:56.430 [pool-2-thread-28] DEBUG org.apache.http.impl.execchain.MainClientExec -- Proxy auth state: UNCHALLENGED
23:07:56.430 [pool-2-thread-28] DEBUG org.apache.http.headers -- http-outgoing-138 >> POST /auth/login HTTP/1.1
23:07:56.430 [pool-2-thread-28] DEBUG org.apache.http.headers -- http-outgoing-138 >> Content-Type: application/json; charset=UTF-8
23:07:56.430 [pool-2-thread-28] DEBUG org.apache.http.headers -- http-outgoing-138 >> Content-Length: 54
23:07:56.430 [pool-2-thread-28] DEBUG org.apache.http.headers -- http-outgoing-138 >> Host: localhost:3000
23:07:56.430 [pool-2-thread-28] DEBUG org.apache.http.headers -- http-outgoing-138 >> Connection: Keep-Alive
23:07:56.430 [pool-2-thread-28] DEBUG org.apache.http.headers -- http-outgoing-138 >> User-Agent: Apache-HttpClient/4.5.14 (Java/17.0.9)
23:07:56.430 [pool-2-thread-28] DEBUG org.apache.http.headers -- http-outgoing-138 >> Accept-Encoding: gzip,deflate
23:07:56.430 [pool-2-thread-28] DEBUG org.apache.http.wire -- http-outgoing-138 >> "POST /auth/login HTTP/1.1[\r][\n]"
23:07:56.430 [pool-2-thread-28] DEBUG org.apache.http.wire -- http-outgoing-138 >> "Content-Type: application/json; charset=UTF-8[\r][\n]"
23:07:56.430 [pool-2-thread-28] DEBUG org.apache.http.wire -- http-outgoing-138 >> "Content-Length: 54[\r][\n]"
23:07:56.430 [pool-2-thread-28] DEBUG org.apache.http.wire -- http-outgoing-138 >> "Host: localhost:3000[\r][\n]"
23:07:56.430 [pool-2-thread-28] DEBUG org.apache.http.wire -- http-outgoing-138 >> "Connection: Keep-Alive[\r][\n]"
23:07:56.430 [pool-2-thread-28] DEBUG org.apache.http.wire -- http-outgoing-138 >> "User-Agent: Apache-HttpClient/4.5.14 (Java/17.0.9)[\r][\n]"
23:07:56.430 [pool-2-thread-28] DEBUG org.apache.http.wire -- http-outgoing-138 >> "Accept-Encoding: gzip,deflate[\r][\n]"
23:07:56.430 [pool-2-thread-28] DEBUG org.apache.http.wire -- http-outgoing-138 >> "[\r][\n]"
23:07:56.430 [pool-2-thread-28] DEBUG org.apache.http.wire -- http-outgoing-138 >> "{"email":"testit5@gmail.com","password":"Password123"}"
23:07:56.433 [pool-2-thread-12] DEBUG org.apache.http.wire -- http-outgoing-117 << "HTTP/1.1 200 OK[\r][\n]"
23:07:56.433 [pool-2-thread-12] DEBUG org.apache.http.wire -- http-outgoing-117 << "X-Powered-By: Express[\r][\n]"
23:07:56.433 [pool-2-thread-12] DEBUG org.apache.http.wire -- http-outgoing-117 << "Access-Control-Allow-Origin: *[\r][\n]"
23:07:56.433 [pool-2-thread-12] DEBUG org.apache.http.wire -- http-outgoing-117 << "Content-Type: application/json; charset=utf-8[\r][\n]"
23:07:56.433 [pool-2-thread-12] DEBUG org.apache.http.wire -- http-outgoing-117 << "Content-Length: 715[\r][\n]"
23:07:56.433 [pool-2-thread-12] DEBUG org.apache.http.wire -- http-outgoing-117 << "ETag: W/"2cb-f+/nGa4dUeDUWgup1F0K/VnR3fM"[\r][\n]"
23:07:56.433 [pool-2-thread-12] DEBUG org.apache.http.wire -- http-outgoing-117 << "Date: Sun, 22 Jun 2025 16:07:56 GMT[\r][\n]"
23:07:56.433 [pool-2-thread-12] DEBUG org.apache.http.wire -- http-outgoing-117 << "Connection: keep-alive[\r][\n]"
23:07:56.433 [pool-2-thread-12] DEBUG org.apache.http.wire -- http-outgoing-117 << "Keep-Alive: timeout=5[\r][\n]"
23:07:56.433 [pool-2-thread-12] DEBUG org.apache.http.wire -- http-outgoing-117 << "[\r][\n]"
23:07:56.433 [pool-2-thread-12] DEBUG org.apache.http.wire -- http-outgoing-117 << "{"access_token":"eyJhbGciOiJIUzI1NiIsInR5cCI6IkpXVCJ9.eyJzdWIiOiIyYjg0YWEyNC02NjhhLTQwZTItYWYxYy1hZDRmYzRmYTVhNmYiLCJ1c2VybmFtZSI6InF1YW5nMSIsInJvbGUiOjAsImlhdCI6MTc1MDYwODQ3NiwiZXhwIjoxNzUwNjEyMDc2fQ.1rCthZ_sC1Gv3_101Wt8H6qnyeuGSwjzGMSwERh8jQM","refresh_token":"4ab5d35ba276117357468ce2ae9af319e1f30bc6ccf315f9f609e525f2eb8338","user":{"id":"2b84aa24-668a-40e2-af1c-ad4fc4fa5a6f","email":"quang1@gmail.com","username":"quang1","name":"quang1","phoneNumber":"09874563210","profilePic":"https://res.cloudinary.com/dizcvrefo/image/upload/v1749027586/nestjs_uploads/xehairydt9rzlbmbmv4c.jpg","bio":"Thang Nam Lao Vua Thoi","private":false,"verified":false,"role":0,"followersCount":2,"followingCount":3,"postCount":2}}"
23:07:56.433 [pool-2-thread-12] DEBUG org.apache.http.headers -- http-outgoing-117 << HTTP/1.1 200 OK
23:07:56.433 [pool-2-thread-12] DEBUG org.apache.http.headers -- http-outgoing-117 << X-Powered-By: Express
23:07:56.433 [pool-2-thread-12] DEBUG org.apache.http.headers -- http-outgoing-117 << Access-Control-Allow-Origin: *
23:07:56.433 [pool-2-thread-12] DEBUG org.apache.http.headers -- http-outgoing-117 << Content-Type: application/json; charset=utf-8
23:07:56.433 [pool-2-thread-12] DEBUG org.apache.http.headers -- http-outgoing-117 << Content-Length: 715
23:07:56.433 [pool-2-thread-12] DEBUG org.apache.http.headers -- http-outgoing-117 << ETag: W/"2cb-f+/nGa4dUeDUWgup1F0K/VnR3fM"
23:07:56.433 [pool-2-thread-12] DEBUG org.apache.http.headers -- http-outgoing-117 << Date: Sun, 22 Jun 2025 16:07:56 GMT
23:07:56.433 [pool-2-thread-12] DEBUG org.apache.http.headers -- http-outgoing-117 << Connection: keep-alive
23:07:56.433 [pool-2-thread-12] DEBUG org.apache.http.headers -- http-outgoing-117 << Keep-Alive: timeout=5
23:07:56.433 [pool-2-thread-12] DEBUG org.apache.http.impl.execchain.MainClientExec -- Connection can be kept alive for 5000 MILLISECONDS
23:07:56.433 [pool-2-thread-12] DEBUG org.apache.http.impl.conn.PoolingHttpClientConnectionManager -- Connection [id: 117][route: {}->http://localhost:3000] can be kept alive for 5.0 seconds
23:07:56.433 [pool-2-thread-12] DEBUG org.apache.http.impl.conn.DefaultManagedHttpClientConnection -- http-outgoing-117: set socket timeout to 0
23:07:56.433 [pool-2-thread-12] DEBUG org.apache.http.impl.conn.PoolingHttpClientConnectionManager -- Connection released: [id: 117][route: {}->http://localhost:3000][total available: 1; route allocated: 1 of 5; total allocated: 1 of 10]
23:07:56.433 [pool-2-thread-12] DEBUG org.apache.http.impl.conn.PoolingHttpClientConnectionManager -- Connection manager is shutting down
23:07:56.433 [pool-2-thread-12] DEBUG org.apache.http.impl.conn.DefaultManagedHttpClientConnection -- http-outgoing-117: Close connection
23:07:56.434 [pool-2-thread-12] DEBUG org.apache.http.impl.conn.PoolingHttpClientConnectionManager -- Connection manager shut down
23:07:56.434 [pool-2-thread-12] DEBUG com.intuit.karate -- response time in milliseconds: 1252
4 < 200
4 < X-Powered-By: Express
4 < Access-Control-Allow-Origin: *
4 < Content-Type: application/json; charset=utf-8
4 < Content-Length: 715
4 < ETag: W/"2cb-f+/nGa4dUeDUWgup1F0K/VnR3fM"
4 < Date: Sun, 22 Jun 2025 16:07:56 GMT
4 < Connection: keep-alive
4 < Keep-Alive: timeout=5
{"access_token":"eyJhbGciOiJIUzI1NiIsInR5cCI6IkpXVCJ9.eyJzdWIiOiIyYjg0YWEyNC02NjhhLTQwZTItYWYxYy1hZDRmYzRmYTVhNmYiLCJ1c2VybmFtZSI6InF1YW5nMSIsInJvbGUiOjAsImlhdCI6MTc1MDYwODQ3NiwiZXhwIjoxNzUwNjEyMDc2fQ.1rCthZ_sC1Gv3_101Wt8H6qnyeuGSwjzGMSwERh8jQM","refresh_token":"4ab5d35ba276117357468ce2ae9af319e1f30bc6ccf315f9f609e525f2eb8338","user":{"id":"2b84aa24-668a-40e2-af1c-ad4fc4fa5a6f","email":"quang1@gmail.com","username":"quang1","name":"quang1","phoneNumber":"09874563210","profilePic":"https://res.cloudinary.com/dizcvrefo/image/upload/v1749027586/nestjs_uploads/xehairydt9rzlbmbmv4c.jpg","bio":"Thang Nam Lao Vua Thoi","private":false,"verified":false,"role":0,"followersCount":2,"followingCount":3,"postCount":2}}

23:07:56.435 [pool-2-thread-12] INFO com.intuit.karate -- [print] Call 4 completed, status: 200 
23:07:56.435 [pool-2-thread-12] INFO com.intuit.karate -- [print] *** API CALL 5 *** 
23:07:56.436 [pool-2-thread-12] DEBUG org.apache.http.client.protocol.RequestAddCookies -- CookieSpec selected: karate
23:07:56.436 [pool-2-thread-12] DEBUG org.apache.http.client.protocol.RequestAuthCache -- Auth cache not set in the context
23:07:56.436 [pool-2-thread-12] DEBUG com.intuit.karate -- request:
5 > POST http://localhost:3000/auth/login
5 > Content-Type: application/json; charset=UTF-8
5 > Content-Length: 48
5 > Host: localhost:3000
5 > Connection: Keep-Alive
5 > User-Agent: Apache-HttpClient/4.5.14 (Java/17.0.9)
5 > Accept-Encoding: gzip,deflate
{"email":"quang1@gmail.com","password":"quang1"}

23:07:56.436 [pool-2-thread-12] DEBUG org.apache.http.impl.conn.PoolingHttpClientConnectionManager -- Connection request: [route: {}->http://localhost:3000][total available: 0; route allocated: 0 of 5; total allocated: 0 of 10]
23:07:56.436 [pool-2-thread-12] DEBUG org.apache.http.impl.conn.PoolingHttpClientConnectionManager -- Connection leased: [id: 139][route: {}->http://localhost:3000][total available: 0; route allocated: 1 of 5; total allocated: 1 of 10]
23:07:56.436 [pool-2-thread-12] DEBUG org.apache.http.impl.execchain.MainClientExec -- Opening connection {}->http://localhost:3000
23:07:56.436 [pool-2-thread-12] DEBUG org.apache.http.impl.conn.DefaultHttpClientConnectionOperator -- Connecting to localhost/127.0.0.1:3000
23:07:56.437 [pool-2-thread-12] DEBUG org.apache.http.impl.conn.DefaultHttpClientConnectionOperator -- Connection established 127.0.0.1:52806<->127.0.0.1:3000
23:07:56.437 [pool-2-thread-12] DEBUG org.apache.http.impl.conn.DefaultManagedHttpClientConnection -- http-outgoing-139: set socket timeout to 30000
23:07:56.437 [pool-2-thread-12] DEBUG org.apache.http.impl.execchain.MainClientExec -- Executing request POST /auth/login HTTP/1.1
23:07:56.437 [pool-2-thread-12] DEBUG org.apache.http.impl.execchain.MainClientExec -- Target auth state: UNCHALLENGED
23:07:56.437 [pool-2-thread-12] DEBUG org.apache.http.impl.execchain.MainClientExec -- Proxy auth state: UNCHALLENGED
23:07:56.437 [pool-2-thread-12] DEBUG org.apache.http.headers -- http-outgoing-139 >> POST /auth/login HTTP/1.1
23:07:56.437 [pool-2-thread-12] DEBUG org.apache.http.headers -- http-outgoing-139 >> Content-Type: application/json; charset=UTF-8
23:07:56.437 [pool-2-thread-12] DEBUG org.apache.http.headers -- http-outgoing-139 >> Content-Length: 48
23:07:56.437 [pool-2-thread-12] DEBUG org.apache.http.headers -- http-outgoing-139 >> Host: localhost:3000
23:07:56.437 [pool-2-thread-12] DEBUG org.apache.http.headers -- http-outgoing-139 >> Connection: Keep-Alive
23:07:56.437 [pool-2-thread-12] DEBUG org.apache.http.headers -- http-outgoing-139 >> User-Agent: Apache-HttpClient/4.5.14 (Java/17.0.9)
23:07:56.437 [pool-2-thread-12] DEBUG org.apache.http.headers -- http-outgoing-139 >> Accept-Encoding: gzip,deflate
23:07:56.437 [pool-2-thread-12] DEBUG org.apache.http.wire -- http-outgoing-139 >> "POST /auth/login HTTP/1.1[\r][\n]"
23:07:56.437 [pool-2-thread-12] DEBUG org.apache.http.wire -- http-outgoing-139 >> "Content-Type: application/json; charset=UTF-8[\r][\n]"
23:07:56.437 [pool-2-thread-12] DEBUG org.apache.http.wire -- http-outgoing-139 >> "Content-Length: 48[\r][\n]"
23:07:56.437 [pool-2-thread-12] DEBUG org.apache.http.wire -- http-outgoing-139 >> "Host: localhost:3000[\r][\n]"
23:07:56.437 [pool-2-thread-12] DEBUG org.apache.http.wire -- http-outgoing-139 >> "Connection: Keep-Alive[\r][\n]"
23:07:56.437 [pool-2-thread-12] DEBUG org.apache.http.wire -- http-outgoing-139 >> "User-Agent: Apache-HttpClient/4.5.14 (Java/17.0.9)[\r][\n]"
23:07:56.437 [pool-2-thread-12] DEBUG org.apache.http.wire -- http-outgoing-139 >> "Accept-Encoding: gzip,deflate[\r][\n]"
23:07:56.437 [pool-2-thread-12] DEBUG org.apache.http.wire -- http-outgoing-139 >> "[\r][\n]"
23:07:56.437 [pool-2-thread-12] DEBUG org.apache.http.wire -- http-outgoing-139 >> "{"email":"quang1@gmail.com","password":"quang1"}"
23:07:57.154 [pool-2-thread-19] DEBUG org.apache.http.wire -- http-outgoing-111 << "HTTP/1.1 200 OK[\r][\n]"
23:07:57.154 [pool-2-thread-19] DEBUG org.apache.http.wire -- http-outgoing-111 << "X-Powered-By: Express[\r][\n]"
23:07:57.154 [pool-2-thread-19] DEBUG org.apache.http.wire -- http-outgoing-111 << "Access-Control-Allow-Origin: *[\r][\n]"
23:07:57.154 [pool-2-thread-19] DEBUG org.apache.http.wire -- http-outgoing-111 << "Content-Type: application/json; charset=utf-8[\r][\n]"
23:07:57.154 [pool-2-thread-19] DEBUG org.apache.http.wire -- http-outgoing-111 << "Content-Length: 604[\r][\n]"
23:07:57.154 [pool-2-thread-19] DEBUG org.apache.http.wire -- http-outgoing-111 << "ETag: W/"25c-YMUSarnDDtGlgjnG007IMMlggfk"[\r][\n]"
23:07:57.154 [pool-2-thread-19] DEBUG org.apache.http.wire -- http-outgoing-111 << "Date: Sun, 22 Jun 2025 16:07:57 GMT[\r][\n]"
23:07:57.154 [pool-2-thread-19] DEBUG org.apache.http.wire -- http-outgoing-111 << "Connection: keep-alive[\r][\n]"
23:07:57.154 [pool-2-thread-19] DEBUG org.apache.http.wire -- http-outgoing-111 << "Keep-Alive: timeout=5[\r][\n]"
23:07:57.154 [pool-2-thread-19] DEBUG org.apache.http.wire -- http-outgoing-111 << "[\r][\n]"
23:07:57.154 [pool-2-thread-19] DEBUG org.apache.http.wire -- http-outgoing-111 << "{"access_token":"eyJhbGciOiJIUzI1NiIsInR5cCI6IkpXVCJ9.eyJzdWIiOiJkZjZmMDkxOS1hMjNkLTQ0YzktYTkyNS00ZWE4YmU1MjVkMTAiLCJ1c2VybmFtZSI6ImpvaG5kb2UyMyIsInJvbGUiOjAsImlhdCI6MTc1MDYwODQ3NiwiZXhwIjoxNzUwNjEyMDc2fQ.KFsKxIelp8Nkai3zZkV2O95nImIgDKtAgInKm6ep0-I","refresh_token":"139c4b9215ccd0cfbbe05edef6fda76c076c76af081528bd81e65c3b8bf0a9f1","user":{"id":"df6f0919-a23d-44c9-a925-4ea8be525d10","email":"testit@gmail.com","username":"johndoe23","name":"John Doe","phoneNumber":"0123456788","profilePic":null,"bio":null,"private":false,"verified":false,"role":0,"followersCount":0,"followingCount":0,"postCount":0}}"
23:07:57.154 [pool-2-thread-19] DEBUG org.apache.http.headers -- http-outgoing-111 << HTTP/1.1 200 OK
23:07:57.154 [pool-2-thread-19] DEBUG org.apache.http.headers -- http-outgoing-111 << X-Powered-By: Express
23:07:57.154 [pool-2-thread-19] DEBUG org.apache.http.headers -- http-outgoing-111 << Access-Control-Allow-Origin: *
23:07:57.154 [pool-2-thread-19] DEBUG org.apache.http.headers -- http-outgoing-111 << Content-Type: application/json; charset=utf-8
23:07:57.154 [pool-2-thread-19] DEBUG org.apache.http.headers -- http-outgoing-111 << Content-Length: 604
23:07:57.154 [pool-2-thread-19] DEBUG org.apache.http.headers -- http-outgoing-111 << ETag: W/"25c-YMUSarnDDtGlgjnG007IMMlggfk"
23:07:57.154 [pool-2-thread-19] DEBUG org.apache.http.headers -- http-outgoing-111 << Date: Sun, 22 Jun 2025 16:07:57 GMT
23:07:57.154 [pool-2-thread-19] DEBUG org.apache.http.headers -- http-outgoing-111 << Connection: keep-alive
23:07:57.154 [pool-2-thread-19] DEBUG org.apache.http.headers -- http-outgoing-111 << Keep-Alive: timeout=5
23:07:57.154 [pool-2-thread-19] DEBUG org.apache.http.impl.execchain.MainClientExec -- Connection can be kept alive for 5000 MILLISECONDS
23:07:57.156 [pool-2-thread-19] DEBUG org.apache.http.impl.conn.PoolingHttpClientConnectionManager -- Connection [id: 111][route: {}->http://localhost:3000] can be kept alive for 5.0 seconds
23:07:57.156 [pool-2-thread-19] DEBUG org.apache.http.impl.conn.DefaultManagedHttpClientConnection -- http-outgoing-111: set socket timeout to 0
23:07:57.156 [pool-2-thread-19] DEBUG org.apache.http.impl.conn.PoolingHttpClientConnectionManager -- Connection released: [id: 111][route: {}->http://localhost:3000][total available: 1; route allocated: 1 of 5; total allocated: 1 of 10]
23:07:57.156 [pool-2-thread-19] DEBUG org.apache.http.impl.conn.PoolingHttpClientConnectionManager -- Connection manager is shutting down
23:07:57.156 [pool-2-thread-19] DEBUG org.apache.http.impl.conn.DefaultManagedHttpClientConnection -- http-outgoing-111: Close connection
23:07:57.156 [pool-2-thread-19] DEBUG org.apache.http.impl.conn.PoolingHttpClientConnectionManager -- Connection manager shut down
23:07:57.156 [pool-2-thread-19] DEBUG com.intuit.karate -- response time in milliseconds: 2904
4 < 200
4 < X-Powered-By: Express
4 < Access-Control-Allow-Origin: *
4 < Content-Type: application/json; charset=utf-8
4 < Content-Length: 604
4 < ETag: W/"25c-YMUSarnDDtGlgjnG007IMMlggfk"
4 < Date: Sun, 22 Jun 2025 16:07:57 GMT
4 < Connection: keep-alive
4 < Keep-Alive: timeout=5
{"access_token":"eyJhbGciOiJIUzI1NiIsInR5cCI6IkpXVCJ9.eyJzdWIiOiJkZjZmMDkxOS1hMjNkLTQ0YzktYTkyNS00ZWE4YmU1MjVkMTAiLCJ1c2VybmFtZSI6ImpvaG5kb2UyMyIsInJvbGUiOjAsImlhdCI6MTc1MDYwODQ3NiwiZXhwIjoxNzUwNjEyMDc2fQ.KFsKxIelp8Nkai3zZkV2O95nImIgDKtAgInKm6ep0-I","refresh_token":"139c4b9215ccd0cfbbe05edef6fda76c076c76af081528bd81e65c3b8bf0a9f1","user":{"id":"df6f0919-a23d-44c9-a925-4ea8be525d10","email":"testit@gmail.com","username":"johndoe23","name":"John Doe","phoneNumber":"0123456788","profilePic":null,"bio":null,"private":false,"verified":false,"role":0,"followersCount":0,"followingCount":0,"postCount":0}}

23:07:57.156 [pool-2-thread-10] DEBUG org.apache.http.wire -- http-outgoing-109 << "HTTP/1.1 200 OK[\r][\n]"
23:07:57.156 [pool-2-thread-10] DEBUG org.apache.http.wire -- http-outgoing-109 << "X-Powered-By: Express[\r][\n]"
23:07:57.156 [pool-2-thread-10] DEBUG org.apache.http.wire -- http-outgoing-109 << "Access-Control-Allow-Origin: *[\r][\n]"
23:07:57.156 [pool-2-thread-10] DEBUG org.apache.http.wire -- http-outgoing-109 << "Content-Type: application/json; charset=utf-8[\r][\n]"
23:07:57.156 [pool-2-thread-10] DEBUG org.apache.http.wire -- http-outgoing-109 << "Content-Length: 605[\r][\n]"
23:07:57.156 [pool-2-thread-10] DEBUG org.apache.http.wire -- http-outgoing-109 << "ETag: W/"25d-SHDk7j3XdCTjQTD66y7Z92C84UA"[\r][\n]"
23:07:57.156 [pool-2-thread-10] DEBUG org.apache.http.wire -- http-outgoing-109 << "Date: Sun, 22 Jun 2025 16:07:57 GMT[\r][\n]"
23:07:57.156 [pool-2-thread-10] DEBUG org.apache.http.wire -- http-outgoing-109 << "Connection: keep-alive[\r][\n]"
23:07:57.156 [pool-2-thread-10] DEBUG org.apache.http.wire -- http-outgoing-109 << "Keep-Alive: timeout=5[\r][\n]"
23:07:57.156 [pool-2-thread-10] DEBUG org.apache.http.wire -- http-outgoing-109 << "[\r][\n]"
23:07:57.156 [pool-2-thread-10] DEBUG org.apache.http.wire -- http-outgoing-109 << "{"access_token":"eyJhbGciOiJIUzI1NiIsInR5cCI6IkpXVCJ9.eyJzdWIiOiIwYTM3ZWY0My1mZWU4LTQxZDMtYTY4Ni04YWIwODY5NDg2OTUiLCJ1c2VybmFtZSI6ImpvaG5kb2UyMSIsInJvbGUiOjAsImlhdCI6MTc1MDYwODQ3NiwiZXhwIjoxNzUwNjEyMDc2fQ.uVVotmQNw0wpbse1ceHzat8SUUZFILmrOJAwVUOuut8","refresh_token":"900f5c68dbef9e6274d327712a9cfd11f9aae888cf5d129fff22a95e28501539","user":{"id":"0a37ef43-fee8-41d3-a686-8ab086948695","email":"testit2@gmail.com","username":"johndoe21","name":"John Doe","phoneNumber":"0123456712","profilePic":null,"bio":null,"private":false,"verified":false,"role":0,"followersCount":0,"followingCount":0,"postCount":0}}"
23:07:57.156 [pool-2-thread-10] DEBUG org.apache.http.headers -- http-outgoing-109 << HTTP/1.1 200 OK
23:07:57.156 [pool-2-thread-10] DEBUG org.apache.http.headers -- http-outgoing-109 << X-Powered-By: Express
23:07:57.156 [pool-2-thread-10] DEBUG org.apache.http.headers -- http-outgoing-109 << Access-Control-Allow-Origin: *
23:07:57.156 [pool-2-thread-10] DEBUG org.apache.http.headers -- http-outgoing-109 << Content-Type: application/json; charset=utf-8
23:07:57.156 [pool-2-thread-10] DEBUG org.apache.http.headers -- http-outgoing-109 << Content-Length: 605
23:07:57.156 [pool-2-thread-10] DEBUG org.apache.http.headers -- http-outgoing-109 << ETag: W/"25d-SHDk7j3XdCTjQTD66y7Z92C84UA"
23:07:57.156 [pool-2-thread-10] DEBUG org.apache.http.headers -- http-outgoing-109 << Date: Sun, 22 Jun 2025 16:07:57 GMT
23:07:57.156 [pool-2-thread-10] DEBUG org.apache.http.headers -- http-outgoing-109 << Connection: keep-alive
23:07:57.156 [pool-2-thread-10] DEBUG org.apache.http.headers -- http-outgoing-109 << Keep-Alive: timeout=5
23:07:57.156 [pool-2-thread-10] DEBUG org.apache.http.impl.execchain.MainClientExec -- Connection can be kept alive for 5000 MILLISECONDS
23:07:57.156 [pool-2-thread-10] DEBUG org.apache.http.impl.conn.PoolingHttpClientConnectionManager -- Connection [id: 109][route: {}->http://localhost:3000] can be kept alive for 5.0 seconds
23:07:57.156 [pool-2-thread-10] DEBUG org.apache.http.impl.conn.DefaultManagedHttpClientConnection -- http-outgoing-109: set socket timeout to 0
23:07:57.156 [pool-2-thread-10] DEBUG org.apache.http.impl.conn.PoolingHttpClientConnectionManager -- Connection released: [id: 109][route: {}->http://localhost:3000][total available: 1; route allocated: 1 of 5; total allocated: 1 of 10]
23:07:57.156 [pool-2-thread-10] DEBUG org.apache.http.impl.conn.PoolingHttpClientConnectionManager -- Connection manager is shutting down
23:07:57.156 [pool-2-thread-10] DEBUG org.apache.http.impl.conn.DefaultManagedHttpClientConnection -- http-outgoing-109: Close connection
23:07:57.156 [pool-2-thread-10] DEBUG org.apache.http.impl.conn.PoolingHttpClientConnectionManager -- Connection manager shut down
23:07:57.157 [pool-2-thread-10] DEBUG com.intuit.karate -- response time in milliseconds: 2907
4 < 200
4 < X-Powered-By: Express
4 < Access-Control-Allow-Origin: *
4 < Content-Type: application/json; charset=utf-8
4 < Content-Length: 605
4 < ETag: W/"25d-SHDk7j3XdCTjQTD66y7Z92C84UA"
4 < Date: Sun, 22 Jun 2025 16:07:57 GMT
4 < Connection: keep-alive
4 < Keep-Alive: timeout=5
{"access_token":"eyJhbGciOiJIUzI1NiIsInR5cCI6IkpXVCJ9.eyJzdWIiOiIwYTM3ZWY0My1mZWU4LTQxZDMtYTY4Ni04YWIwODY5NDg2OTUiLCJ1c2VybmFtZSI6ImpvaG5kb2UyMSIsInJvbGUiOjAsImlhdCI6MTc1MDYwODQ3NiwiZXhwIjoxNzUwNjEyMDc2fQ.uVVotmQNw0wpbse1ceHzat8SUUZFILmrOJAwVUOuut8","refresh_token":"900f5c68dbef9e6274d327712a9cfd11f9aae888cf5d129fff22a95e28501539","user":{"id":"0a37ef43-fee8-41d3-a686-8ab086948695","email":"testit2@gmail.com","username":"johndoe21","name":"John Doe","phoneNumber":"0123456712","profilePic":null,"bio":null,"private":false,"verified":false,"role":0,"followersCount":0,"followingCount":0,"postCount":0}}

23:07:57.157 [pool-2-thread-19] INFO com.intuit.karate -- [print] Call 4 completed, status: 200 
23:07:57.157 [pool-2-thread-19] INFO com.intuit.karate -- [print] *** API CALL 5 *** 
23:07:57.157 [pool-2-thread-10] INFO com.intuit.karate -- [print] Call 4 completed, status: 200 
23:07:57.158 [pool-2-thread-10] INFO com.intuit.karate -- [print] *** API CALL 5 *** 
23:07:57.158 [pool-2-thread-19] DEBUG org.apache.http.client.protocol.RequestAddCookies -- CookieSpec selected: karate
23:07:57.158 [pool-2-thread-10] DEBUG org.apache.http.client.protocol.RequestAddCookies -- CookieSpec selected: karate
23:07:57.158 [pool-2-thread-19] DEBUG org.apache.http.client.protocol.RequestAuthCache -- Auth cache not set in the context
23:07:57.158 [pool-2-thread-10] DEBUG org.apache.http.client.protocol.RequestAuthCache -- Auth cache not set in the context
23:07:57.158 [pool-2-thread-19] DEBUG com.intuit.karate -- request:
5 > POST http://localhost:3000/auth/login
5 > Content-Type: application/json; charset=UTF-8
5 > Content-Length: 53
5 > Host: localhost:3000
5 > Connection: Keep-Alive
5 > User-Agent: Apache-HttpClient/4.5.14 (Java/17.0.9)
5 > Accept-Encoding: gzip,deflate
{"email":"testit@gmail.com","password":"Password123"}

23:07:57.158 [pool-2-thread-10] DEBUG com.intuit.karate -- request:
5 > POST http://localhost:3000/auth/login
5 > Content-Type: application/json; charset=UTF-8
5 > Content-Length: 54
5 > Host: localhost:3000
5 > Connection: Keep-Alive
5 > User-Agent: Apache-HttpClient/4.5.14 (Java/17.0.9)
5 > Accept-Encoding: gzip,deflate
{"email":"testit2@gmail.com","password":"Password123"}

23:07:57.158 [pool-2-thread-19] DEBUG org.apache.http.impl.conn.PoolingHttpClientConnectionManager -- Connection request: [route: {}->http://localhost:3000][total available: 0; route allocated: 0 of 5; total allocated: 0 of 10]
23:07:57.158 [pool-2-thread-10] DEBUG org.apache.http.impl.conn.PoolingHttpClientConnectionManager -- Connection request: [route: {}->http://localhost:3000][total available: 0; route allocated: 0 of 5; total allocated: 0 of 10]
23:07:57.158 [pool-2-thread-19] DEBUG org.apache.http.impl.conn.PoolingHttpClientConnectionManager -- Connection leased: [id: 141][route: {}->http://localhost:3000][total available: 0; route allocated: 1 of 5; total allocated: 1 of 10]
23:07:57.158 [pool-2-thread-10] DEBUG org.apache.http.impl.conn.PoolingHttpClientConnectionManager -- Connection leased: [id: 140][route: {}->http://localhost:3000][total available: 0; route allocated: 1 of 5; total allocated: 1 of 10]
23:07:57.158 [pool-2-thread-19] DEBUG org.apache.http.impl.execchain.MainClientExec -- Opening connection {}->http://localhost:3000
23:07:57.158 [pool-2-thread-10] DEBUG org.apache.http.impl.execchain.MainClientExec -- Opening connection {}->http://localhost:3000
23:07:57.158 [pool-2-thread-10] DEBUG org.apache.http.impl.conn.DefaultHttpClientConnectionOperator -- Connecting to localhost/127.0.0.1:3000
23:07:57.158 [pool-2-thread-19] DEBUG org.apache.http.impl.conn.DefaultHttpClientConnectionOperator -- Connecting to localhost/127.0.0.1:3000
23:07:57.158 [pool-2-thread-19] DEBUG org.apache.http.impl.conn.DefaultHttpClientConnectionOperator -- Connection established 127.0.0.1:52807<->127.0.0.1:3000
23:07:57.159 [pool-2-thread-10] DEBUG org.apache.http.impl.conn.DefaultHttpClientConnectionOperator -- Connection established 127.0.0.1:52808<->127.0.0.1:3000
23:07:57.159 [pool-2-thread-19] DEBUG org.apache.http.impl.conn.DefaultManagedHttpClientConnection -- http-outgoing-140: set socket timeout to 30000
23:07:57.159 [pool-2-thread-10] DEBUG org.apache.http.impl.conn.DefaultManagedHttpClientConnection -- http-outgoing-141: set socket timeout to 30000
23:07:57.159 [pool-2-thread-10] DEBUG org.apache.http.impl.execchain.MainClientExec -- Executing request POST /auth/login HTTP/1.1
23:07:57.159 [pool-2-thread-19] DEBUG org.apache.http.impl.execchain.MainClientExec -- Executing request POST /auth/login HTTP/1.1
23:07:57.159 [pool-2-thread-10] DEBUG org.apache.http.impl.execchain.MainClientExec -- Target auth state: UNCHALLENGED
23:07:57.159 [pool-2-thread-19] DEBUG org.apache.http.impl.execchain.MainClientExec -- Target auth state: UNCHALLENGED
23:07:57.159 [pool-2-thread-10] DEBUG org.apache.http.impl.execchain.MainClientExec -- Proxy auth state: UNCHALLENGED
23:07:57.159 [pool-2-thread-19] DEBUG org.apache.http.impl.execchain.MainClientExec -- Proxy auth state: UNCHALLENGED
23:07:57.159 [pool-2-thread-10] DEBUG org.apache.http.headers -- http-outgoing-141 >> POST /auth/login HTTP/1.1
23:07:57.159 [pool-2-thread-10] DEBUG org.apache.http.headers -- http-outgoing-141 >> Content-Type: application/json; charset=UTF-8
23:07:57.159 [pool-2-thread-10] DEBUG org.apache.http.headers -- http-outgoing-141 >> Content-Length: 54
23:07:57.159 [pool-2-thread-10] DEBUG org.apache.http.headers -- http-outgoing-141 >> Host: localhost:3000
23:07:57.159 [pool-2-thread-10] DEBUG org.apache.http.headers -- http-outgoing-141 >> Connection: Keep-Alive
23:07:57.159 [pool-2-thread-10] DEBUG org.apache.http.headers -- http-outgoing-141 >> User-Agent: Apache-HttpClient/4.5.14 (Java/17.0.9)
23:07:57.159 [pool-2-thread-19] DEBUG org.apache.http.headers -- http-outgoing-140 >> POST /auth/login HTTP/1.1
23:07:57.159 [pool-2-thread-19] DEBUG org.apache.http.headers -- http-outgoing-140 >> Content-Type: application/json; charset=UTF-8
23:07:57.159 [pool-2-thread-10] DEBUG org.apache.http.headers -- http-outgoing-141 >> Accept-Encoding: gzip,deflate
23:07:57.159 [pool-2-thread-19] DEBUG org.apache.http.headers -- http-outgoing-140 >> Content-Length: 53
23:07:57.159 [pool-2-thread-19] DEBUG org.apache.http.headers -- http-outgoing-140 >> Host: localhost:3000
23:07:57.159 [pool-2-thread-19] DEBUG org.apache.http.headers -- http-outgoing-140 >> Connection: Keep-Alive
23:07:57.159 [pool-2-thread-19] DEBUG org.apache.http.headers -- http-outgoing-140 >> User-Agent: Apache-HttpClient/4.5.14 (Java/17.0.9)
23:07:57.159 [pool-2-thread-19] DEBUG org.apache.http.headers -- http-outgoing-140 >> Accept-Encoding: gzip,deflate
23:07:57.159 [pool-2-thread-10] DEBUG org.apache.http.wire -- http-outgoing-141 >> "POST /auth/login HTTP/1.1[\r][\n]"
23:07:57.159 [pool-2-thread-10] DEBUG org.apache.http.wire -- http-outgoing-141 >> "Content-Type: application/json; charset=UTF-8[\r][\n]"
23:07:57.159 [pool-2-thread-19] DEBUG org.apache.http.wire -- http-outgoing-140 >> "POST /auth/login HTTP/1.1[\r][\n]"
23:07:57.159 [pool-2-thread-19] DEBUG org.apache.http.wire -- http-outgoing-140 >> "Content-Type: application/json; charset=UTF-8[\r][\n]"
23:07:57.159 [pool-2-thread-19] DEBUG org.apache.http.wire -- http-outgoing-140 >> "Content-Length: 53[\r][\n]"
23:07:57.159 [pool-2-thread-19] DEBUG org.apache.http.wire -- http-outgoing-140 >> "Host: localhost:3000[\r][\n]"
23:07:57.159 [pool-2-thread-10] DEBUG org.apache.http.wire -- http-outgoing-141 >> "Content-Length: 54[\r][\n]"
23:07:57.159 [pool-2-thread-10] DEBUG org.apache.http.wire -- http-outgoing-141 >> "Host: localhost:3000[\r][\n]"
23:07:57.159 [pool-2-thread-19] DEBUG org.apache.http.wire -- http-outgoing-140 >> "Connection: Keep-Alive[\r][\n]"
23:07:57.159 [pool-2-thread-10] DEBUG org.apache.http.wire -- http-outgoing-141 >> "Connection: Keep-Alive[\r][\n]"
23:07:57.159 [pool-2-thread-19] DEBUG org.apache.http.wire -- http-outgoing-140 >> "User-Agent: Apache-HttpClient/4.5.14 (Java/17.0.9)[\r][\n]"
23:07:57.159 [pool-2-thread-10] DEBUG org.apache.http.wire -- http-outgoing-141 >> "User-Agent: Apache-HttpClient/4.5.14 (Java/17.0.9)[\r][\n]"
23:07:57.159 [pool-2-thread-10] DEBUG org.apache.http.wire -- http-outgoing-141 >> "Accept-Encoding: gzip,deflate[\r][\n]"
23:07:57.159 [pool-2-thread-10] DEBUG org.apache.http.wire -- http-outgoing-141 >> "[\r][\n]"
23:07:57.159 [pool-2-thread-19] DEBUG org.apache.http.wire -- http-outgoing-140 >> "Accept-Encoding: gzip,deflate[\r][\n]"
23:07:57.159 [pool-2-thread-19] DEBUG org.apache.http.wire -- http-outgoing-140 >> "[\r][\n]"
23:07:57.159 [pool-2-thread-10] DEBUG org.apache.http.wire -- http-outgoing-141 >> "{"email":"testit2@gmail.com","password":"Password123"}"
23:07:57.159 [pool-2-thread-19] DEBUG org.apache.http.wire -- http-outgoing-140 >> "{"email":"testit@gmail.com","password":"Password123"}"
23:07:57.194 [pool-2-thread-5] DEBUG org.apache.http.wire -- http-outgoing-122 << "HTTP/1.1 200 OK[\r][\n]"
23:07:57.194 [pool-2-thread-5] DEBUG org.apache.http.wire -- http-outgoing-122 << "X-Powered-By: Express[\r][\n]"
23:07:57.194 [pool-2-thread-5] DEBUG org.apache.http.wire -- http-outgoing-122 << "Access-Control-Allow-Origin: *[\r][\n]"
23:07:57.194 [pool-2-thread-5] DEBUG org.apache.http.wire -- http-outgoing-122 << "Content-Type: application/json; charset=utf-8[\r][\n]"
23:07:57.194 [pool-2-thread-5] DEBUG org.apache.http.wire -- http-outgoing-122 << "Content-Length: 607[\r][\n]"
23:07:57.194 [pool-2-thread-5] DEBUG org.apache.http.wire -- http-outgoing-122 << "ETag: W/"25f-6tQ0HZQfILJ26mk5b6MoVFqHMts"[\r][\n]"
23:07:57.194 [pool-2-thread-5] DEBUG org.apache.http.wire -- http-outgoing-122 << "Date: Sun, 22 Jun 2025 16:07:57 GMT[\r][\n]"
23:07:57.194 [pool-2-thread-5] DEBUG org.apache.http.wire -- http-outgoing-122 << "Connection: keep-alive[\r][\n]"
23:07:57.194 [pool-2-thread-5] DEBUG org.apache.http.wire -- http-outgoing-122 << "Keep-Alive: timeout=5[\r][\n]"
23:07:57.194 [pool-2-thread-5] DEBUG org.apache.http.wire -- http-outgoing-122 << "[\r][\n]"
23:07:57.194 [pool-2-thread-5] DEBUG org.apache.http.wire -- http-outgoing-122 << "{"access_token":"eyJhbGciOiJIUzI1NiIsInR5cCI6IkpXVCJ9.eyJzdWIiOiJjMjE0MjJkZi1jY2VjLTQ0MGUtOWE0Mi1jMWI4MmFiZjczM2QiLCJ1c2VybmFtZSI6ImpvaG5kb2UyOCIsInJvbGUiOjAsImlhdCI6MTc1MDYwODQ3NiwiZXhwIjoxNzUwNjEyMDc2fQ.u9o2aGXczxMKjWpJQNbUUEOkavjQh5F3jlJgqflDuUg","refresh_token":"46bd7e37aa9d7a02355720695d1c54df603ae9c9d44466fd81bb3ecde8bfb541","user":{"id":"c21422df-ccec-440e-9a42-c1b82abf733d","email":"test28@example.com","username":"johndoe28","name":"John Doe","phoneNumber":"84987654321","profilePic":null,"bio":null,"private":false,"verified":false,"role":0,"followersCount":0,"followingCount":0,"postCount":0}}"
23:07:57.194 [pool-2-thread-5] DEBUG org.apache.http.headers -- http-outgoing-122 << HTTP/1.1 200 OK
23:07:57.194 [pool-2-thread-5] DEBUG org.apache.http.headers -- http-outgoing-122 << X-Powered-By: Express
23:07:57.194 [pool-2-thread-5] DEBUG org.apache.http.headers -- http-outgoing-122 << Access-Control-Allow-Origin: *
23:07:57.194 [pool-2-thread-5] DEBUG org.apache.http.headers -- http-outgoing-122 << Content-Type: application/json; charset=utf-8
23:07:57.194 [pool-2-thread-5] DEBUG org.apache.http.headers -- http-outgoing-122 << Content-Length: 607
23:07:57.194 [pool-2-thread-5] DEBUG org.apache.http.headers -- http-outgoing-122 << ETag: W/"25f-6tQ0HZQfILJ26mk5b6MoVFqHMts"
23:07:57.194 [pool-2-thread-5] DEBUG org.apache.http.headers -- http-outgoing-122 << Date: Sun, 22 Jun 2025 16:07:57 GMT
23:07:57.194 [pool-2-thread-5] DEBUG org.apache.http.headers -- http-outgoing-122 << Connection: keep-alive
23:07:57.194 [pool-2-thread-5] DEBUG org.apache.http.headers -- http-outgoing-122 << Keep-Alive: timeout=5
23:07:57.194 [pool-2-thread-5] DEBUG org.apache.http.impl.execchain.MainClientExec -- Connection can be kept alive for 5000 MILLISECONDS
23:07:57.194 [pool-2-thread-5] DEBUG org.apache.http.impl.conn.PoolingHttpClientConnectionManager -- Connection [id: 122][route: {}->http://localhost:3000] can be kept alive for 5.0 seconds
23:07:57.194 [pool-2-thread-5] DEBUG org.apache.http.impl.conn.DefaultManagedHttpClientConnection -- http-outgoing-122: set socket timeout to 0
23:07:57.194 [pool-2-thread-5] DEBUG org.apache.http.impl.conn.PoolingHttpClientConnectionManager -- Connection released: [id: 122][route: {}->http://localhost:3000][total available: 1; route allocated: 1 of 5; total allocated: 1 of 10]
23:07:57.194 [pool-2-thread-5] DEBUG org.apache.http.impl.conn.PoolingHttpClientConnectionManager -- Connection manager is shutting down
23:07:57.194 [pool-2-thread-5] DEBUG org.apache.http.impl.conn.DefaultManagedHttpClientConnection -- http-outgoing-122: Close connection
23:07:57.194 [pool-2-thread-5] DEBUG org.apache.http.impl.conn.PoolingHttpClientConnectionManager -- Connection manager shut down
23:07:57.194 [pool-2-thread-5] DEBUG com.intuit.karate -- response time in milliseconds: 1969
6 < 200
6 < X-Powered-By: Express
6 < Access-Control-Allow-Origin: *
6 < Content-Type: application/json; charset=utf-8
6 < Content-Length: 607
6 < ETag: W/"25f-6tQ0HZQfILJ26mk5b6MoVFqHMts"
6 < Date: Sun, 22 Jun 2025 16:07:57 GMT
6 < Connection: keep-alive
6 < Keep-Alive: timeout=5
{"access_token":"eyJhbGciOiJIUzI1NiIsInR5cCI6IkpXVCJ9.eyJzdWIiOiJjMjE0MjJkZi1jY2VjLTQ0MGUtOWE0Mi1jMWI4MmFiZjczM2QiLCJ1c2VybmFtZSI6ImpvaG5kb2UyOCIsInJvbGUiOjAsImlhdCI6MTc1MDYwODQ3NiwiZXhwIjoxNzUwNjEyMDc2fQ.u9o2aGXczxMKjWpJQNbUUEOkavjQh5F3jlJgqflDuUg","refresh_token":"46bd7e37aa9d7a02355720695d1c54df603ae9c9d44466fd81bb3ecde8bfb541","user":{"id":"c21422df-ccec-440e-9a42-c1b82abf733d","email":"test28@example.com","username":"johndoe28","name":"John Doe","phoneNumber":"84987654321","profilePic":null,"bio":null,"private":false,"verified":false,"role":0,"followersCount":0,"followingCount":0,"postCount":0}}

23:07:57.195 [pool-2-thread-5] INFO com.intuit.karate -- [print] Call 6 completed, status: 200 
23:07:57.196 [pool-2-thread-5] INFO com.intuit.karate -- [print] *** API CALL 7 *** 
23:07:57.196 [pool-2-thread-5] DEBUG org.apache.http.client.protocol.RequestAddCookies -- CookieSpec selected: karate
23:07:57.196 [pool-2-thread-5] DEBUG org.apache.http.client.protocol.RequestAuthCache -- Auth cache not set in the context
23:07:57.196 [pool-2-thread-5] DEBUG com.intuit.karate -- request:
7 > POST http://localhost:3000/auth/login
7 > Content-Type: application/json; charset=UTF-8
7 > Content-Length: 55
7 > Host: localhost:3000
7 > Connection: Keep-Alive
7 > User-Agent: Apache-HttpClient/4.5.14 (Java/17.0.9)
7 > Accept-Encoding: gzip,deflate
{"email":"test28@example.com","password":"Password123"}

23:07:57.196 [pool-2-thread-5] DEBUG org.apache.http.impl.conn.PoolingHttpClientConnectionManager -- Connection request: [route: {}->http://localhost:3000][total available: 0; route allocated: 0 of 5; total allocated: 0 of 10]
23:07:57.196 [pool-2-thread-5] DEBUG org.apache.http.impl.conn.PoolingHttpClientConnectionManager -- Connection leased: [id: 142][route: {}->http://localhost:3000][total available: 0; route allocated: 1 of 5; total allocated: 1 of 10]
23:07:57.196 [pool-2-thread-5] DEBUG org.apache.http.impl.execchain.MainClientExec -- Opening connection {}->http://localhost:3000
23:07:57.196 [pool-2-thread-5] DEBUG org.apache.http.impl.conn.DefaultHttpClientConnectionOperator -- Connecting to localhost/127.0.0.1:3000
23:07:57.198 [pool-2-thread-5] DEBUG org.apache.http.impl.conn.DefaultHttpClientConnectionOperator -- Connection established 127.0.0.1:52809<->127.0.0.1:3000
23:07:57.198 [pool-2-thread-5] DEBUG org.apache.http.impl.conn.DefaultManagedHttpClientConnection -- http-outgoing-142: set socket timeout to 30000
23:07:57.198 [pool-2-thread-5] DEBUG org.apache.http.impl.execchain.MainClientExec -- Executing request POST /auth/login HTTP/1.1
23:07:57.198 [pool-2-thread-5] DEBUG org.apache.http.impl.execchain.MainClientExec -- Target auth state: UNCHALLENGED
23:07:57.198 [pool-2-thread-5] DEBUG org.apache.http.impl.execchain.MainClientExec -- Proxy auth state: UNCHALLENGED
23:07:57.198 [pool-2-thread-5] DEBUG org.apache.http.headers -- http-outgoing-142 >> POST /auth/login HTTP/1.1
23:07:57.198 [pool-2-thread-5] DEBUG org.apache.http.headers -- http-outgoing-142 >> Content-Type: application/json; charset=UTF-8
23:07:57.198 [pool-2-thread-5] DEBUG org.apache.http.headers -- http-outgoing-142 >> Content-Length: 55
23:07:57.198 [pool-2-thread-5] DEBUG org.apache.http.headers -- http-outgoing-142 >> Host: localhost:3000
23:07:57.198 [pool-2-thread-5] DEBUG org.apache.http.headers -- http-outgoing-142 >> Connection: Keep-Alive
23:07:57.198 [pool-2-thread-5] DEBUG org.apache.http.headers -- http-outgoing-142 >> User-Agent: Apache-HttpClient/4.5.14 (Java/17.0.9)
23:07:57.198 [pool-2-thread-5] DEBUG org.apache.http.headers -- http-outgoing-142 >> Accept-Encoding: gzip,deflate
23:07:57.198 [pool-2-thread-5] DEBUG org.apache.http.wire -- http-outgoing-142 >> "POST /auth/login HTTP/1.1[\r][\n]"
23:07:57.198 [pool-2-thread-5] DEBUG org.apache.http.wire -- http-outgoing-142 >> "Content-Type: application/json; charset=UTF-8[\r][\n]"
23:07:57.198 [pool-2-thread-5] DEBUG org.apache.http.wire -- http-outgoing-142 >> "Content-Length: 55[\r][\n]"
23:07:57.198 [pool-2-thread-5] DEBUG org.apache.http.wire -- http-outgoing-142 >> "Host: localhost:3000[\r][\n]"
23:07:57.198 [pool-2-thread-5] DEBUG org.apache.http.wire -- http-outgoing-142 >> "Connection: Keep-Alive[\r][\n]"
23:07:57.198 [pool-2-thread-5] DEBUG org.apache.http.wire -- http-outgoing-142 >> "User-Agent: Apache-HttpClient/4.5.14 (Java/17.0.9)[\r][\n]"
23:07:57.198 [pool-2-thread-5] DEBUG org.apache.http.wire -- http-outgoing-142 >> "Accept-Encoding: gzip,deflate[\r][\n]"
23:07:57.198 [pool-2-thread-5] DEBUG org.apache.http.wire -- http-outgoing-142 >> "[\r][\n]"
23:07:57.198 [pool-2-thread-5] DEBUG org.apache.http.wire -- http-outgoing-142 >> "{"email":"test28@example.com","password":"Password123"}"
23:07:57.219 [pool-2-thread-23] DEBUG org.apache.http.wire -- http-outgoing-121 << "HTTP/1.1 200 OK[\r][\n]"
23:07:57.219 [pool-2-thread-23] DEBUG org.apache.http.wire -- http-outgoing-121 << "X-Powered-By: Express[\r][\n]"
23:07:57.219 [pool-2-thread-23] DEBUG org.apache.http.wire -- http-outgoing-121 << "Access-Control-Allow-Origin: *[\r][\n]"
23:07:57.219 [pool-2-thread-23] DEBUG org.apache.http.wire -- http-outgoing-121 << "Content-Type: application/json; charset=utf-8[\r][\n]"
23:07:57.219 [pool-2-thread-23] DEBUG org.apache.http.wire -- http-outgoing-121 << "Content-Length: 599[\r][\n]"
23:07:57.219 [pool-2-thread-23] DEBUG org.apache.http.wire -- http-outgoing-121 << "ETag: W/"257-OfhQmlNm7f5hTRSOEBy90m7BQLE"[\r][\n]"
23:07:57.219 [pool-2-thread-23] DEBUG org.apache.http.wire -- http-outgoing-121 << "Date: Sun, 22 Jun 2025 16:07:57 GMT[\r][\n]"
23:07:57.219 [pool-2-thread-23] DEBUG org.apache.http.wire -- http-outgoing-121 << "Connection: keep-alive[\r][\n]"
23:07:57.219 [pool-2-thread-23] DEBUG org.apache.http.wire -- http-outgoing-121 << "Keep-Alive: timeout=5[\r][\n]"
23:07:57.219 [pool-2-thread-23] DEBUG org.apache.http.wire -- http-outgoing-121 << "[\r][\n]"
23:07:57.219 [pool-2-thread-23] DEBUG org.apache.http.wire -- http-outgoing-121 << "{"access_token":"eyJhbGciOiJIUzI1NiIsInR5cCI6IkpXVCJ9.eyJzdWIiOiIyZGRhMDQzOS01MTgwLTQ1YWEtOTE3Zi1lNjMyZTQ1YThlNDEiLCJ1c2VybmFtZSI6ImpvaG5kb2UiLCJyb2xlIjowLCJpYXQiOjE3NTA2MDg0NzYsImV4cCI6MTc1MDYxMjA3Nn0.RBuCF4QHX0FbPoID9CI8m5z3JXVE0U_BYESjBQl7DRg","refresh_token":"1f45f57b4564bfde039c301d0494b1707f3c2756753b395a197f3a902601bd4b","user":{"id":"2dda0439-5180-45aa-917f-e632e45a8e41","email":"test@example.com","username":"johndoe","name":"John Doe","phoneNumber":"0987654321","profilePic":null,"bio":null,"private":false,"verified":false,"role":0,"followersCount":0,"followingCount":0,"postCount":0}}"
23:07:57.219 [pool-2-thread-23] DEBUG org.apache.http.headers -- http-outgoing-121 << HTTP/1.1 200 OK
23:07:57.219 [pool-2-thread-23] DEBUG org.apache.http.headers -- http-outgoing-121 << X-Powered-By: Express
23:07:57.219 [pool-2-thread-23] DEBUG org.apache.http.headers -- http-outgoing-121 << Access-Control-Allow-Origin: *
23:07:57.219 [pool-2-thread-23] DEBUG org.apache.http.headers -- http-outgoing-121 << Content-Type: application/json; charset=utf-8
23:07:57.219 [pool-2-thread-23] DEBUG org.apache.http.headers -- http-outgoing-121 << Content-Length: 599
23:07:57.219 [pool-2-thread-23] DEBUG org.apache.http.headers -- http-outgoing-121 << ETag: W/"257-OfhQmlNm7f5hTRSOEBy90m7BQLE"
23:07:57.219 [pool-2-thread-23] DEBUG org.apache.http.headers -- http-outgoing-121 << Date: Sun, 22 Jun 2025 16:07:57 GMT
23:07:57.219 [pool-2-thread-23] DEBUG org.apache.http.headers -- http-outgoing-121 << Connection: keep-alive
23:07:57.219 [pool-2-thread-23] DEBUG org.apache.http.headers -- http-outgoing-121 << Keep-Alive: timeout=5
23:07:57.219 [pool-2-thread-23] DEBUG org.apache.http.impl.execchain.MainClientExec -- Connection can be kept alive for 5000 MILLISECONDS
23:07:57.219 [pool-2-thread-23] DEBUG org.apache.http.impl.conn.PoolingHttpClientConnectionManager -- Connection [id: 121][route: {}->http://localhost:3000] can be kept alive for 5.0 seconds
23:07:57.219 [pool-2-thread-23] DEBUG org.apache.http.impl.conn.DefaultManagedHttpClientConnection -- http-outgoing-121: set socket timeout to 0
23:07:57.219 [pool-2-thread-23] DEBUG org.apache.http.impl.conn.PoolingHttpClientConnectionManager -- Connection released: [id: 121][route: {}->http://localhost:3000][total available: 1; route allocated: 1 of 5; total allocated: 1 of 10]
23:07:57.219 [pool-2-thread-23] DEBUG org.apache.http.impl.conn.PoolingHttpClientConnectionManager -- Connection manager is shutting down
23:07:57.219 [pool-2-thread-23] DEBUG org.apache.http.impl.conn.DefaultManagedHttpClientConnection -- http-outgoing-121: Close connection
23:07:57.219 [pool-2-thread-23] DEBUG org.apache.http.impl.conn.PoolingHttpClientConnectionManager -- Connection manager shut down
23:07:57.219 [pool-2-thread-23] DEBUG com.intuit.karate -- response time in milliseconds: 1995
5 < 200
5 < X-Powered-By: Express
5 < Access-Control-Allow-Origin: *
5 < Content-Type: application/json; charset=utf-8
5 < Content-Length: 599
5 < ETag: W/"257-OfhQmlNm7f5hTRSOEBy90m7BQLE"
5 < Date: Sun, 22 Jun 2025 16:07:57 GMT
5 < Connection: keep-alive
5 < Keep-Alive: timeout=5
{"access_token":"eyJhbGciOiJIUzI1NiIsInR5cCI6IkpXVCJ9.eyJzdWIiOiIyZGRhMDQzOS01MTgwLTQ1YWEtOTE3Zi1lNjMyZTQ1YThlNDEiLCJ1c2VybmFtZSI6ImpvaG5kb2UiLCJyb2xlIjowLCJpYXQiOjE3NTA2MDg0NzYsImV4cCI6MTc1MDYxMjA3Nn0.RBuCF4QHX0FbPoID9CI8m5z3JXVE0U_BYESjBQl7DRg","refresh_token":"1f45f57b4564bfde039c301d0494b1707f3c2756753b395a197f3a902601bd4b","user":{"id":"2dda0439-5180-45aa-917f-e632e45a8e41","email":"test@example.com","username":"johndoe","name":"John Doe","phoneNumber":"0987654321","profilePic":null,"bio":null,"private":false,"verified":false,"role":0,"followersCount":0,"followingCount":0,"postCount":0}}

23:07:57.220 [pool-2-thread-23] INFO com.intuit.karate -- [print] Call 5 completed, status: 200 
23:07:57.221 [pool-2-thread-23] INFO com.intuit.karate -- [print] *** API CALL 6 *** 
23:07:57.222 [pool-2-thread-23] DEBUG org.apache.http.client.protocol.RequestAddCookies -- CookieSpec selected: karate
23:07:57.222 [pool-2-thread-23] DEBUG org.apache.http.client.protocol.RequestAuthCache -- Auth cache not set in the context
23:07:57.222 [pool-2-thread-23] DEBUG com.intuit.karate -- request:
6 > POST http://localhost:3000/auth/login
6 > Content-Type: application/json; charset=UTF-8
6 > Content-Length: 53
6 > Host: localhost:3000
6 > Connection: Keep-Alive
6 > User-Agent: Apache-HttpClient/4.5.14 (Java/17.0.9)
6 > Accept-Encoding: gzip,deflate
{"email":"test@example.com","password":"Password123"}

23:07:57.222 [pool-2-thread-23] DEBUG org.apache.http.impl.conn.PoolingHttpClientConnectionManager -- Connection request: [route: {}->http://localhost:3000][total available: 0; route allocated: 0 of 5; total allocated: 0 of 10]
23:07:57.222 [pool-2-thread-23] DEBUG org.apache.http.impl.conn.PoolingHttpClientConnectionManager -- Connection leased: [id: 143][route: {}->http://localhost:3000][total available: 0; route allocated: 1 of 5; total allocated: 1 of 10]
23:07:57.222 [pool-2-thread-23] DEBUG org.apache.http.impl.execchain.MainClientExec -- Opening connection {}->http://localhost:3000
23:07:57.222 [pool-2-thread-23] DEBUG org.apache.http.impl.conn.DefaultHttpClientConnectionOperator -- Connecting to localhost/127.0.0.1:3000
23:07:57.222 [pool-2-thread-23] DEBUG org.apache.http.impl.conn.DefaultHttpClientConnectionOperator -- Connection established 127.0.0.1:52810<->127.0.0.1:3000
23:07:57.222 [pool-2-thread-23] DEBUG org.apache.http.impl.conn.DefaultManagedHttpClientConnection -- http-outgoing-143: set socket timeout to 30000
23:07:57.222 [pool-2-thread-23] DEBUG org.apache.http.impl.execchain.MainClientExec -- Executing request POST /auth/login HTTP/1.1
23:07:57.222 [pool-2-thread-23] DEBUG org.apache.http.impl.execchain.MainClientExec -- Target auth state: UNCHALLENGED
23:07:57.222 [pool-2-thread-23] DEBUG org.apache.http.impl.execchain.MainClientExec -- Proxy auth state: UNCHALLENGED
23:07:57.222 [pool-2-thread-23] DEBUG org.apache.http.headers -- http-outgoing-143 >> POST /auth/login HTTP/1.1
23:07:57.222 [pool-2-thread-23] DEBUG org.apache.http.headers -- http-outgoing-143 >> Content-Type: application/json; charset=UTF-8
23:07:57.222 [pool-2-thread-23] DEBUG org.apache.http.headers -- http-outgoing-143 >> Content-Length: 53
23:07:57.222 [pool-2-thread-23] DEBUG org.apache.http.headers -- http-outgoing-143 >> Host: localhost:3000
23:07:57.222 [pool-2-thread-23] DEBUG org.apache.http.headers -- http-outgoing-143 >> Connection: Keep-Alive
23:07:57.222 [pool-2-thread-23] DEBUG org.apache.http.headers -- http-outgoing-143 >> User-Agent: Apache-HttpClient/4.5.14 (Java/17.0.9)
23:07:57.222 [pool-2-thread-23] DEBUG org.apache.http.headers -- http-outgoing-143 >> Accept-Encoding: gzip,deflate
23:07:57.222 [pool-2-thread-23] DEBUG org.apache.http.wire -- http-outgoing-143 >> "POST /auth/login HTTP/1.1[\r][\n]"
23:07:57.222 [pool-2-thread-23] DEBUG org.apache.http.wire -- http-outgoing-143 >> "Content-Type: application/json; charset=UTF-8[\r][\n]"
23:07:57.223 [pool-2-thread-23] DEBUG org.apache.http.wire -- http-outgoing-143 >> "Content-Length: 53[\r][\n]"
23:07:57.223 [pool-2-thread-23] DEBUG org.apache.http.wire -- http-outgoing-143 >> "Host: localhost:3000[\r][\n]"
23:07:57.223 [pool-2-thread-23] DEBUG org.apache.http.wire -- http-outgoing-143 >> "Connection: Keep-Alive[\r][\n]"
23:07:57.223 [pool-2-thread-23] DEBUG org.apache.http.wire -- http-outgoing-143 >> "User-Agent: Apache-HttpClient/4.5.14 (Java/17.0.9)[\r][\n]"
23:07:57.223 [pool-2-thread-23] DEBUG org.apache.http.wire -- http-outgoing-143 >> "Accept-Encoding: gzip,deflate[\r][\n]"
23:07:57.223 [pool-2-thread-23] DEBUG org.apache.http.wire -- http-outgoing-143 >> "[\r][\n]"
23:07:57.223 [pool-2-thread-23] DEBUG org.apache.http.wire -- http-outgoing-143 >> "{"email":"test@example.com","password":"Password123"}"
23:07:57.229 [pool-2-thread-21] DEBUG org.apache.http.wire -- http-outgoing-123 << "HTTP/1.1 200 OK[\r][\n]"
23:07:57.229 [pool-2-thread-21] DEBUG org.apache.http.wire -- http-outgoing-123 << "X-Powered-By: Express[\r][\n]"
23:07:57.229 [pool-2-thread-21] DEBUG org.apache.http.wire -- http-outgoing-123 << "Access-Control-Allow-Origin: *[\r][\n]"
23:07:57.229 [pool-2-thread-21] DEBUG org.apache.http.wire -- http-outgoing-123 << "Content-Type: application/json; charset=utf-8[\r][\n]"
23:07:57.229 [pool-2-thread-21] DEBUG org.apache.http.wire -- http-outgoing-123 << "Content-Length: 708[\r][\n]"
23:07:57.229 [pool-2-thread-21] DEBUG org.apache.http.wire -- http-outgoing-123 << "ETag: W/"2c4-fKdFEwa8AtK3hML4talk+ROqCbs"[\r][\n]"
23:07:57.229 [pool-2-thread-21] DEBUG org.apache.http.wire -- http-outgoing-123 << "Date: Sun, 22 Jun 2025 16:07:57 GMT[\r][\n]"
23:07:57.229 [pool-2-thread-21] DEBUG org.apache.http.wire -- http-outgoing-123 << "Connection: keep-alive[\r][\n]"
23:07:57.229 [pool-2-thread-21] DEBUG org.apache.http.wire -- http-outgoing-123 << "Keep-Alive: timeout=5[\r][\n]"
23:07:57.229 [pool-2-thread-21] DEBUG org.apache.http.wire -- http-outgoing-123 << "[\r][\n]"
23:07:57.229 [pool-2-thread-21] DEBUG org.apache.http.wire -- http-outgoing-123 << "{"access_token":"eyJhbGciOiJIUzI1NiIsInR5cCI6IkpXVCJ9.eyJzdWIiOiIwODUxNWIwNS0yZDNlLTQ3ODktYWQ2MC1kYjM1NTI1YTQ5NzAiLCJ1c2VybmFtZSI6Im5hbSIsInJvbGUiOjAsImlhdCI6MTc1MDYwODQ3NiwiZXhwIjoxNzUwNjEyMDc2fQ.0xO7xkXpN5j8AwKduYUppZUZp-yyDEuWO1lpvg3XN_8","refresh_token":"63410fd44d8f0f3707cc2fcd2c05489977bf700c5c7efb00f63bc849bebc025f","user":{"id":"08515b05-2d3e-4789-ad60-db35525a4970","email":"nam@gmail.com","username":"nam","name":"nam","phoneNumber":"0123456789","profilePic":"https://res.cloudinary.com/dizcvrefo/image/upload/v1749266646/nestjs_uploads/zk9zrpeidnovxibfqdxr.png","bio":"Chu tich hoi dong Quan tri 1","private":false,"verified":false,"role":0,"followersCount":2,"followingCount":2,"postCount":13}}"
23:07:57.229 [pool-2-thread-21] DEBUG org.apache.http.headers -- http-outgoing-123 << HTTP/1.1 200 OK
23:07:57.229 [pool-2-thread-21] DEBUG org.apache.http.headers -- http-outgoing-123 << X-Powered-By: Express
23:07:57.229 [pool-2-thread-21] DEBUG org.apache.http.headers -- http-outgoing-123 << Access-Control-Allow-Origin: *
23:07:57.229 [pool-2-thread-21] DEBUG org.apache.http.headers -- http-outgoing-123 << Content-Type: application/json; charset=utf-8
23:07:57.229 [pool-2-thread-21] DEBUG org.apache.http.headers -- http-outgoing-123 << Content-Length: 708
23:07:57.229 [pool-2-thread-21] DEBUG org.apache.http.headers -- http-outgoing-123 << ETag: W/"2c4-fKdFEwa8AtK3hML4talk+ROqCbs"
23:07:57.229 [pool-2-thread-21] DEBUG org.apache.http.headers -- http-outgoing-123 << Date: Sun, 22 Jun 2025 16:07:57 GMT
23:07:57.229 [pool-2-thread-21] DEBUG org.apache.http.headers -- http-outgoing-123 << Connection: keep-alive
23:07:57.229 [pool-2-thread-21] DEBUG org.apache.http.headers -- http-outgoing-123 << Keep-Alive: timeout=5
23:07:57.229 [pool-2-thread-21] DEBUG org.apache.http.impl.execchain.MainClientExec -- Connection can be kept alive for 5000 MILLISECONDS
23:07:57.229 [pool-2-thread-21] DEBUG org.apache.http.impl.conn.PoolingHttpClientConnectionManager -- Connection [id: 123][route: {}->http://localhost:3000] can be kept alive for 5.0 seconds
23:07:57.229 [pool-2-thread-21] DEBUG org.apache.http.impl.conn.DefaultManagedHttpClientConnection -- http-outgoing-123: set socket timeout to 0
23:07:57.229 [pool-2-thread-21] DEBUG org.apache.http.impl.conn.PoolingHttpClientConnectionManager -- Connection released: [id: 123][route: {}->http://localhost:3000][total available: 1; route allocated: 1 of 5; total allocated: 1 of 10]
23:07:57.229 [pool-2-thread-21] DEBUG org.apache.http.impl.conn.PoolingHttpClientConnectionManager -- Connection manager is shutting down
23:07:57.229 [pool-2-thread-21] DEBUG org.apache.http.impl.conn.DefaultManagedHttpClientConnection -- http-outgoing-123: Close connection
23:07:57.230 [pool-2-thread-21] DEBUG org.apache.http.impl.conn.PoolingHttpClientConnectionManager -- Connection manager shut down
23:07:57.230 [pool-2-thread-21] DEBUG com.intuit.karate -- response time in milliseconds: 1998
6 < 200
6 < X-Powered-By: Express
6 < Access-Control-Allow-Origin: *
6 < Content-Type: application/json; charset=utf-8
6 < Content-Length: 708
6 < ETag: W/"2c4-fKdFEwa8AtK3hML4talk+ROqCbs"
6 < Date: Sun, 22 Jun 2025 16:07:57 GMT
6 < Connection: keep-alive
6 < Keep-Alive: timeout=5
{"access_token":"eyJhbGciOiJIUzI1NiIsInR5cCI6IkpXVCJ9.eyJzdWIiOiIwODUxNWIwNS0yZDNlLTQ3ODktYWQ2MC1kYjM1NTI1YTQ5NzAiLCJ1c2VybmFtZSI6Im5hbSIsInJvbGUiOjAsImlhdCI6MTc1MDYwODQ3NiwiZXhwIjoxNzUwNjEyMDc2fQ.0xO7xkXpN5j8AwKduYUppZUZp-yyDEuWO1lpvg3XN_8","refresh_token":"63410fd44d8f0f3707cc2fcd2c05489977bf700c5c7efb00f63bc849bebc025f","user":{"id":"08515b05-2d3e-4789-ad60-db35525a4970","email":"nam@gmail.com","username":"nam","name":"nam","phoneNumber":"0123456789","profilePic":"https://res.cloudinary.com/dizcvrefo/image/upload/v1749266646/nestjs_uploads/zk9zrpeidnovxibfqdxr.png","bio":"Chu tich hoi dong Quan tri 1","private":false,"verified":false,"role":0,"followersCount":2,"followingCount":2,"postCount":13}}

23:07:57.231 [pool-2-thread-21] INFO com.intuit.karate -- [print] Call 6 completed, status: 200 
23:07:57.231 [pool-2-thread-21] INFO com.intuit.karate -- [print] *** API CALL 7 *** 
23:07:57.232 [pool-2-thread-21] DEBUG org.apache.http.client.protocol.RequestAddCookies -- CookieSpec selected: karate
23:07:57.232 [pool-2-thread-21] DEBUG org.apache.http.client.protocol.RequestAuthCache -- Auth cache not set in the context
23:07:57.232 [pool-2-thread-21] DEBUG com.intuit.karate -- request:
7 > POST http://localhost:3000/auth/login
7 > Content-Type: application/json; charset=UTF-8
7 > Content-Length: 45
7 > Host: localhost:3000
7 > Connection: Keep-Alive
7 > User-Agent: Apache-HttpClient/4.5.14 (Java/17.0.9)
7 > Accept-Encoding: gzip,deflate
{"email":"nam@gmail.com","password":"123456"}

23:07:57.232 [pool-2-thread-21] DEBUG org.apache.http.impl.conn.PoolingHttpClientConnectionManager -- Connection request: [route: {}->http://localhost:3000][total available: 0; route allocated: 0 of 5; total allocated: 0 of 10]
23:07:57.232 [pool-2-thread-21] DEBUG org.apache.http.impl.conn.PoolingHttpClientConnectionManager -- Connection leased: [id: 144][route: {}->http://localhost:3000][total available: 0; route allocated: 1 of 5; total allocated: 1 of 10]
23:07:57.232 [pool-2-thread-21] DEBUG org.apache.http.impl.execchain.MainClientExec -- Opening connection {}->http://localhost:3000
23:07:57.232 [pool-2-thread-21] DEBUG org.apache.http.impl.conn.DefaultHttpClientConnectionOperator -- Connecting to localhost/127.0.0.1:3000
23:07:57.232 [pool-2-thread-21] DEBUG org.apache.http.impl.conn.DefaultHttpClientConnectionOperator -- Connection established 127.0.0.1:52811<->127.0.0.1:3000
23:07:57.232 [pool-2-thread-21] DEBUG org.apache.http.impl.conn.DefaultManagedHttpClientConnection -- http-outgoing-144: set socket timeout to 30000
23:07:57.232 [pool-2-thread-21] DEBUG org.apache.http.impl.execchain.MainClientExec -- Executing request POST /auth/login HTTP/1.1
23:07:57.232 [pool-2-thread-21] DEBUG org.apache.http.impl.execchain.MainClientExec -- Target auth state: UNCHALLENGED
23:07:57.232 [pool-2-thread-21] DEBUG org.apache.http.impl.execchain.MainClientExec -- Proxy auth state: UNCHALLENGED
23:07:57.233 [pool-2-thread-21] DEBUG org.apache.http.headers -- http-outgoing-144 >> POST /auth/login HTTP/1.1
23:07:57.233 [pool-2-thread-21] DEBUG org.apache.http.headers -- http-outgoing-144 >> Content-Type: application/json; charset=UTF-8
23:07:57.233 [pool-2-thread-21] DEBUG org.apache.http.headers -- http-outgoing-144 >> Content-Length: 45
23:07:57.233 [pool-2-thread-21] DEBUG org.apache.http.headers -- http-outgoing-144 >> Host: localhost:3000
23:07:57.233 [pool-2-thread-21] DEBUG org.apache.http.headers -- http-outgoing-144 >> Connection: Keep-Alive
23:07:57.233 [pool-2-thread-21] DEBUG org.apache.http.headers -- http-outgoing-144 >> User-Agent: Apache-HttpClient/4.5.14 (Java/17.0.9)
23:07:57.233 [pool-2-thread-21] DEBUG org.apache.http.headers -- http-outgoing-144 >> Accept-Encoding: gzip,deflate
23:07:57.233 [pool-2-thread-21] DEBUG org.apache.http.wire -- http-outgoing-144 >> "POST /auth/login HTTP/1.1[\r][\n]"
23:07:57.233 [pool-2-thread-21] DEBUG org.apache.http.wire -- http-outgoing-144 >> "Content-Type: application/json; charset=UTF-8[\r][\n]"
23:07:57.233 [pool-2-thread-21] DEBUG org.apache.http.wire -- http-outgoing-144 >> "Content-Length: 45[\r][\n]"
23:07:57.233 [pool-2-thread-21] DEBUG org.apache.http.wire -- http-outgoing-144 >> "Host: localhost:3000[\r][\n]"
23:07:57.233 [pool-2-thread-21] DEBUG org.apache.http.wire -- http-outgoing-144 >> "Connection: Keep-Alive[\r][\n]"
23:07:57.233 [pool-2-thread-21] DEBUG org.apache.http.wire -- http-outgoing-144 >> "User-Agent: Apache-HttpClient/4.5.14 (Java/17.0.9)[\r][\n]"
23:07:57.233 [pool-2-thread-21] DEBUG org.apache.http.wire -- http-outgoing-144 >> "Accept-Encoding: gzip,deflate[\r][\n]"
23:07:57.233 [pool-2-thread-21] DEBUG org.apache.http.wire -- http-outgoing-144 >> "[\r][\n]"
23:07:57.233 [pool-2-thread-21] DEBUG org.apache.http.wire -- http-outgoing-144 >> "{"email":"nam@gmail.com","password":"123456"}"
23:07:57.340 [pool-2-thread-17] DEBUG org.apache.http.wire -- http-outgoing-118 << "HTTP/1.1 200 OK[\r][\n]"
23:07:57.340 [pool-2-thread-17] DEBUG org.apache.http.wire -- http-outgoing-118 << "X-Powered-By: Express[\r][\n]"
23:07:57.340 [pool-2-thread-17] DEBUG org.apache.http.wire -- http-outgoing-118 << "Access-Control-Allow-Origin: *[\r][\n]"
23:07:57.340 [pool-2-thread-17] DEBUG org.apache.http.wire -- http-outgoing-118 << "Content-Type: application/json; charset=utf-8[\r][\n]"
23:07:57.340 [pool-2-thread-17] DEBUG org.apache.http.wire -- http-outgoing-118 << "Content-Length: 605[\r][\n]"
23:07:57.340 [pool-2-thread-17] DEBUG org.apache.http.wire -- http-outgoing-118 << "ETag: W/"25d-2h6fB8j0Qs5ifRUEpqFvVgvwOTc"[\r][\n]"
23:07:57.340 [pool-2-thread-17] DEBUG org.apache.http.wire -- http-outgoing-118 << "Date: Sun, 22 Jun 2025 16:07:57 GMT[\r][\n]"
23:07:57.340 [pool-2-thread-17] DEBUG org.apache.http.wire -- http-outgoing-118 << "Connection: keep-alive[\r][\n]"
23:07:57.340 [pool-2-thread-17] DEBUG org.apache.http.wire -- http-outgoing-118 << "Keep-Alive: timeout=5[\r][\n]"
23:07:57.340 [pool-2-thread-17] DEBUG org.apache.http.wire -- http-outgoing-118 << "[\r][\n]"
23:07:57.340 [pool-2-thread-17] DEBUG org.apache.http.wire -- http-outgoing-118 << "{"access_token":"eyJhbGciOiJIUzI1NiIsInR5cCI6IkpXVCJ9.eyJzdWIiOiI2NTBjZTFlZC1hYWNhLTQzOGYtOTk4OC0xZjA1OGFiNWFhMWEiLCJ1c2VybmFtZSI6ImpvaG5kb2UyNSIsInJvbGUiOjAsImlhdCI6MTc1MDYwODQ3NywiZXhwIjoxNzUwNjEyMDc3fQ.ZX-cZs6FzoBO1QzvYJQbvP76pfNfcEHDozso1EiaIEQ","refresh_token":"ae00b187fd179fc6b2ede8a46d3ac2459856c19f6edfb7527503a7d6555f94ca","user":{"id":"650ce1ed-aaca-438f-9988-1f058ab5aa1a","email":"testit3@gmail.com","username":"johndoe25","name":"John Doe","phoneNumber":"0123456713","profilePic":null,"bio":null,"private":false,"verified":false,"role":0,"followersCount":0,"followingCount":0,"postCount":0}}"
23:07:57.340 [pool-2-thread-17] DEBUG org.apache.http.headers -- http-outgoing-118 << HTTP/1.1 200 OK
23:07:57.340 [pool-2-thread-17] DEBUG org.apache.http.headers -- http-outgoing-118 << X-Powered-By: Express
23:07:57.340 [pool-2-thread-17] DEBUG org.apache.http.headers -- http-outgoing-118 << Access-Control-Allow-Origin: *
23:07:57.340 [pool-2-thread-17] DEBUG org.apache.http.headers -- http-outgoing-118 << Content-Type: application/json; charset=utf-8
23:07:57.340 [pool-2-thread-17] DEBUG org.apache.http.headers -- http-outgoing-118 << Content-Length: 605
23:07:57.340 [pool-2-thread-17] DEBUG org.apache.http.headers -- http-outgoing-118 << ETag: W/"25d-2h6fB8j0Qs5ifRUEpqFvVgvwOTc"
23:07:57.340 [pool-2-thread-17] DEBUG org.apache.http.headers -- http-outgoing-118 << Date: Sun, 22 Jun 2025 16:07:57 GMT
23:07:57.340 [pool-2-thread-17] DEBUG org.apache.http.headers -- http-outgoing-118 << Connection: keep-alive
23:07:57.340 [pool-2-thread-17] DEBUG org.apache.http.headers -- http-outgoing-118 << Keep-Alive: timeout=5
23:07:57.340 [pool-2-thread-17] DEBUG org.apache.http.impl.execchain.MainClientExec -- Connection can be kept alive for 5000 MILLISECONDS
23:07:57.340 [pool-2-thread-17] DEBUG org.apache.http.impl.conn.PoolingHttpClientConnectionManager -- Connection [id: 118][route: {}->http://localhost:3000] can be kept alive for 5.0 seconds
23:07:57.340 [pool-2-thread-17] DEBUG org.apache.http.impl.conn.DefaultManagedHttpClientConnection -- http-outgoing-118: set socket timeout to 0
23:07:57.340 [pool-2-thread-17] DEBUG org.apache.http.impl.conn.PoolingHttpClientConnectionManager -- Connection released: [id: 118][route: {}->http://localhost:3000][total available: 1; route allocated: 1 of 5; total allocated: 1 of 10]
23:07:57.340 [pool-2-thread-17] DEBUG org.apache.http.impl.conn.PoolingHttpClientConnectionManager -- Connection manager is shutting down
23:07:57.340 [pool-2-thread-17] DEBUG org.apache.http.impl.conn.DefaultManagedHttpClientConnection -- http-outgoing-118: Close connection
23:07:57.341 [pool-2-thread-17] DEBUG org.apache.http.impl.conn.PoolingHttpClientConnectionManager -- Connection manager shut down
23:07:57.341 [pool-2-thread-17] DEBUG com.intuit.karate -- response time in milliseconds: 2137
4 < 200
4 < X-Powered-By: Express
4 < Access-Control-Allow-Origin: *
4 < Content-Type: application/json; charset=utf-8
4 < Content-Length: 605
4 < ETag: W/"25d-2h6fB8j0Qs5ifRUEpqFvVgvwOTc"
4 < Date: Sun, 22 Jun 2025 16:07:57 GMT
4 < Connection: keep-alive
4 < Keep-Alive: timeout=5
{"access_token":"eyJhbGciOiJIUzI1NiIsInR5cCI6IkpXVCJ9.eyJzdWIiOiI2NTBjZTFlZC1hYWNhLTQzOGYtOTk4OC0xZjA1OGFiNWFhMWEiLCJ1c2VybmFtZSI6ImpvaG5kb2UyNSIsInJvbGUiOjAsImlhdCI6MTc1MDYwODQ3NywiZXhwIjoxNzUwNjEyMDc3fQ.ZX-cZs6FzoBO1QzvYJQbvP76pfNfcEHDozso1EiaIEQ","refresh_token":"ae00b187fd179fc6b2ede8a46d3ac2459856c19f6edfb7527503a7d6555f94ca","user":{"id":"650ce1ed-aaca-438f-9988-1f058ab5aa1a","email":"testit3@gmail.com","username":"johndoe25","name":"John Doe","phoneNumber":"0123456713","profilePic":null,"bio":null,"private":false,"verified":false,"role":0,"followersCount":0,"followingCount":0,"postCount":0}}

23:07:57.343 [pool-2-thread-17] INFO com.intuit.karate -- [print] Call 4 completed, status: 200 
23:07:57.343 [pool-2-thread-17] INFO com.intuit.karate -- [print] *** API CALL 5 *** 
23:07:57.344 [pool-2-thread-17] DEBUG org.apache.http.client.protocol.RequestAddCookies -- CookieSpec selected: karate
23:07:57.344 [pool-2-thread-17] DEBUG org.apache.http.client.protocol.RequestAuthCache -- Auth cache not set in the context
23:07:57.344 [pool-2-thread-17] DEBUG com.intuit.karate -- request:
5 > POST http://localhost:3000/auth/login
5 > Content-Type: application/json; charset=UTF-8
5 > Content-Length: 54
5 > Host: localhost:3000
5 > Connection: Keep-Alive
5 > User-Agent: Apache-HttpClient/4.5.14 (Java/17.0.9)
5 > Accept-Encoding: gzip,deflate
{"email":"testit3@gmail.com","password":"Password123"}

23:07:57.344 [pool-2-thread-17] DEBUG org.apache.http.impl.conn.PoolingHttpClientConnectionManager -- Connection request: [route: {}->http://localhost:3000][total available: 0; route allocated: 0 of 5; total allocated: 0 of 10]
23:07:57.344 [pool-2-thread-17] DEBUG org.apache.http.impl.conn.PoolingHttpClientConnectionManager -- Connection leased: [id: 145][route: {}->http://localhost:3000][total available: 0; route allocated: 1 of 5; total allocated: 1 of 10]
23:07:57.344 [pool-2-thread-17] DEBUG org.apache.http.impl.execchain.MainClientExec -- Opening connection {}->http://localhost:3000
23:07:57.344 [pool-2-thread-17] DEBUG org.apache.http.impl.conn.DefaultHttpClientConnectionOperator -- Connecting to localhost/127.0.0.1:3000
23:07:57.344 [pool-2-thread-17] DEBUG org.apache.http.impl.conn.DefaultHttpClientConnectionOperator -- Connection established 127.0.0.1:52812<->127.0.0.1:3000
23:07:57.344 [pool-2-thread-17] DEBUG org.apache.http.impl.conn.DefaultManagedHttpClientConnection -- http-outgoing-145: set socket timeout to 30000
23:07:57.344 [pool-2-thread-17] DEBUG org.apache.http.impl.execchain.MainClientExec -- Executing request POST /auth/login HTTP/1.1
23:07:57.344 [pool-2-thread-17] DEBUG org.apache.http.impl.execchain.MainClientExec -- Target auth state: UNCHALLENGED
23:07:57.344 [pool-2-thread-17] DEBUG org.apache.http.impl.execchain.MainClientExec -- Proxy auth state: UNCHALLENGED
23:07:57.344 [pool-2-thread-17] DEBUG org.apache.http.headers -- http-outgoing-145 >> POST /auth/login HTTP/1.1
23:07:57.344 [pool-2-thread-17] DEBUG org.apache.http.headers -- http-outgoing-145 >> Content-Type: application/json; charset=UTF-8
23:07:57.344 [pool-2-thread-17] DEBUG org.apache.http.headers -- http-outgoing-145 >> Content-Length: 54
23:07:57.344 [pool-2-thread-17] DEBUG org.apache.http.headers -- http-outgoing-145 >> Host: localhost:3000
23:07:57.344 [pool-2-thread-17] DEBUG org.apache.http.headers -- http-outgoing-145 >> Connection: Keep-Alive
23:07:57.344 [pool-2-thread-17] DEBUG org.apache.http.headers -- http-outgoing-145 >> User-Agent: Apache-HttpClient/4.5.14 (Java/17.0.9)
23:07:57.344 [pool-2-thread-17] DEBUG org.apache.http.headers -- http-outgoing-145 >> Accept-Encoding: gzip,deflate
23:07:57.344 [pool-2-thread-17] DEBUG org.apache.http.wire -- http-outgoing-145 >> "POST /auth/login HTTP/1.1[\r][\n]"
23:07:57.344 [pool-2-thread-17] DEBUG org.apache.http.wire -- http-outgoing-145 >> "Content-Type: application/json; charset=UTF-8[\r][\n]"
23:07:57.344 [pool-2-thread-17] DEBUG org.apache.http.wire -- http-outgoing-145 >> "Content-Length: 54[\r][\n]"
23:07:57.344 [pool-2-thread-17] DEBUG org.apache.http.wire -- http-outgoing-145 >> "Host: localhost:3000[\r][\n]"
23:07:57.344 [pool-2-thread-17] DEBUG org.apache.http.wire -- http-outgoing-145 >> "Connection: Keep-Alive[\r][\n]"
23:07:57.344 [pool-2-thread-17] DEBUG org.apache.http.wire -- http-outgoing-145 >> "User-Agent: Apache-HttpClient/4.5.14 (Java/17.0.9)[\r][\n]"
23:07:57.344 [pool-2-thread-17] DEBUG org.apache.http.wire -- http-outgoing-145 >> "Accept-Encoding: gzip,deflate[\r][\n]"
23:07:57.344 [pool-2-thread-17] DEBUG org.apache.http.wire -- http-outgoing-145 >> "[\r][\n]"
23:07:57.344 [pool-2-thread-17] DEBUG org.apache.http.wire -- http-outgoing-145 >> "{"email":"testit3@gmail.com","password":"Password123"}"
23:07:57.365 [pool-2-thread-30] DEBUG org.apache.http.wire -- http-outgoing-119 << "HTTP/1.1 200 OK[\r][\n]"
23:07:57.365 [pool-2-thread-30] DEBUG org.apache.http.wire -- http-outgoing-119 << "X-Powered-By: Express[\r][\n]"
23:07:57.365 [pool-2-thread-30] DEBUG org.apache.http.wire -- http-outgoing-119 << "Access-Control-Allow-Origin: *[\r][\n]"
23:07:57.365 [pool-2-thread-30] DEBUG org.apache.http.wire -- http-outgoing-119 << "Content-Type: application/json; charset=utf-8[\r][\n]"
23:07:57.365 [pool-2-thread-30] DEBUG org.apache.http.wire -- http-outgoing-119 << "Content-Length: 605[\r][\n]"
23:07:57.365 [pool-2-thread-30] DEBUG org.apache.http.wire -- http-outgoing-119 << "ETag: W/"25d-Ad/dD6/BrcgTgZ63LRIbXnVZ5js"[\r][\n]"
23:07:57.365 [pool-2-thread-30] DEBUG org.apache.http.wire -- http-outgoing-119 << "Date: Sun, 22 Jun 2025 16:07:57 GMT[\r][\n]"
23:07:57.365 [pool-2-thread-30] DEBUG org.apache.http.wire -- http-outgoing-119 << "Connection: keep-alive[\r][\n]"
23:07:57.365 [pool-2-thread-30] DEBUG org.apache.http.wire -- http-outgoing-119 << "Keep-Alive: timeout=5[\r][\n]"
23:07:57.365 [pool-2-thread-30] DEBUG org.apache.http.wire -- http-outgoing-119 << "[\r][\n]"
23:07:57.365 [pool-2-thread-30] DEBUG org.apache.http.wire -- http-outgoing-119 << "{"access_token":"eyJhbGciOiJIUzI1NiIsInR5cCI6IkpXVCJ9.eyJzdWIiOiIwYTM3ZWY0My1mZWU4LTQxZDMtYTY4Ni04YWIwODY5NDg2OTUiLCJ1c2VybmFtZSI6ImpvaG5kb2UyMSIsInJvbGUiOjAsImlhdCI6MTc1MDYwODQ3NywiZXhwIjoxNzUwNjEyMDc3fQ.tGuXA_rdHUDDce05_sF9DmIf2r_GnPc-Jr6N7c1sELQ","refresh_token":"dfc5e0d665f52253289e7dcfaf9719e186cffae62d161323c8d09932f369bada","user":{"id":"0a37ef43-fee8-41d3-a686-8ab086948695","email":"testit2@gmail.com","username":"johndoe21","name":"John Doe","phoneNumber":"0123456712","profilePic":null,"bio":null,"private":false,"verified":false,"role":0,"followersCount":0,"followingCount":0,"postCount":0}}"
23:07:57.366 [pool-2-thread-30] DEBUG org.apache.http.headers -- http-outgoing-119 << HTTP/1.1 200 OK
23:07:57.366 [pool-2-thread-30] DEBUG org.apache.http.headers -- http-outgoing-119 << X-Powered-By: Express
23:07:57.366 [pool-2-thread-30] DEBUG org.apache.http.headers -- http-outgoing-119 << Access-Control-Allow-Origin: *
23:07:57.366 [pool-2-thread-30] DEBUG org.apache.http.headers -- http-outgoing-119 << Content-Type: application/json; charset=utf-8
23:07:57.366 [pool-2-thread-30] DEBUG org.apache.http.headers -- http-outgoing-119 << Content-Length: 605
23:07:57.366 [pool-2-thread-30] DEBUG org.apache.http.headers -- http-outgoing-119 << ETag: W/"25d-Ad/dD6/BrcgTgZ63LRIbXnVZ5js"
23:07:57.366 [pool-2-thread-30] DEBUG org.apache.http.headers -- http-outgoing-119 << Date: Sun, 22 Jun 2025 16:07:57 GMT
23:07:57.366 [pool-2-thread-30] DEBUG org.apache.http.headers -- http-outgoing-119 << Connection: keep-alive
23:07:57.366 [pool-2-thread-30] DEBUG org.apache.http.headers -- http-outgoing-119 << Keep-Alive: timeout=5
23:07:57.366 [pool-2-thread-30] DEBUG org.apache.http.impl.execchain.MainClientExec -- Connection can be kept alive for 5000 MILLISECONDS
23:07:57.366 [pool-2-thread-30] DEBUG org.apache.http.impl.conn.PoolingHttpClientConnectionManager -- Connection [id: 119][route: {}->http://localhost:3000] can be kept alive for 5.0 seconds
23:07:57.366 [pool-2-thread-30] DEBUG org.apache.http.impl.conn.DefaultManagedHttpClientConnection -- http-outgoing-119: set socket timeout to 0
23:07:57.366 [pool-2-thread-30] DEBUG org.apache.http.impl.conn.PoolingHttpClientConnectionManager -- Connection released: [id: 119][route: {}->http://localhost:3000][total available: 1; route allocated: 1 of 5; total allocated: 1 of 10]
23:07:57.366 [pool-2-thread-30] DEBUG org.apache.http.impl.conn.PoolingHttpClientConnectionManager -- Connection manager is shutting down
23:07:57.366 [pool-2-thread-30] DEBUG org.apache.http.impl.conn.DefaultManagedHttpClientConnection -- http-outgoing-119: Close connection
23:07:57.366 [pool-2-thread-30] DEBUG org.apache.http.impl.conn.PoolingHttpClientConnectionManager -- Connection manager shut down
23:07:57.366 [pool-2-thread-30] DEBUG com.intuit.karate -- response time in milliseconds: 2162
5 < 200
5 < X-Powered-By: Express
5 < Access-Control-Allow-Origin: *
5 < Content-Type: application/json; charset=utf-8
5 < Content-Length: 605
5 < ETag: W/"25d-Ad/dD6/BrcgTgZ63LRIbXnVZ5js"
5 < Date: Sun, 22 Jun 2025 16:07:57 GMT
5 < Connection: keep-alive
5 < Keep-Alive: timeout=5
{"access_token":"eyJhbGciOiJIUzI1NiIsInR5cCI6IkpXVCJ9.eyJzdWIiOiIwYTM3ZWY0My1mZWU4LTQxZDMtYTY4Ni04YWIwODY5NDg2OTUiLCJ1c2VybmFtZSI6ImpvaG5kb2UyMSIsInJvbGUiOjAsImlhdCI6MTc1MDYwODQ3NywiZXhwIjoxNzUwNjEyMDc3fQ.tGuXA_rdHUDDce05_sF9DmIf2r_GnPc-Jr6N7c1sELQ","refresh_token":"dfc5e0d665f52253289e7dcfaf9719e186cffae62d161323c8d09932f369bada","user":{"id":"0a37ef43-fee8-41d3-a686-8ab086948695","email":"testit2@gmail.com","username":"johndoe21","name":"John Doe","phoneNumber":"0123456712","profilePic":null,"bio":null,"private":false,"verified":false,"role":0,"followersCount":0,"followingCount":0,"postCount":0}}

23:07:57.367 [pool-2-thread-30] INFO com.intuit.karate -- [print] Call 5 completed, status: 200 
23:07:57.369 [pool-2-thread-30] INFO com.intuit.karate -- [print] *** API CALL 6 *** 
23:07:57.371 [pool-2-thread-30] DEBUG org.apache.http.client.protocol.RequestAddCookies -- CookieSpec selected: karate
23:07:57.371 [pool-2-thread-30] DEBUG org.apache.http.client.protocol.RequestAuthCache -- Auth cache not set in the context
23:07:57.371 [pool-2-thread-30] DEBUG com.intuit.karate -- request:
6 > POST http://localhost:3000/auth/login
6 > Content-Type: application/json; charset=UTF-8
6 > Content-Length: 54
6 > Host: localhost:3000
6 > Connection: Keep-Alive
6 > User-Agent: Apache-HttpClient/4.5.14 (Java/17.0.9)
6 > Accept-Encoding: gzip,deflate
{"email":"testit2@gmail.com","password":"Password123"}

23:07:57.371 [pool-2-thread-30] DEBUG org.apache.http.impl.conn.PoolingHttpClientConnectionManager -- Connection request: [route: {}->http://localhost:3000][total available: 0; route allocated: 0 of 5; total allocated: 0 of 10]
23:07:57.371 [pool-2-thread-30] DEBUG org.apache.http.impl.conn.PoolingHttpClientConnectionManager -- Connection leased: [id: 146][route: {}->http://localhost:3000][total available: 0; route allocated: 1 of 5; total allocated: 1 of 10]
23:07:57.371 [pool-2-thread-30] DEBUG org.apache.http.impl.execchain.MainClientExec -- Opening connection {}->http://localhost:3000
23:07:57.371 [pool-2-thread-30] DEBUG org.apache.http.impl.conn.DefaultHttpClientConnectionOperator -- Connecting to localhost/127.0.0.1:3000
23:07:57.371 [pool-2-thread-30] DEBUG org.apache.http.impl.conn.DefaultHttpClientConnectionOperator -- Connection established 127.0.0.1:52813<->127.0.0.1:3000
23:07:57.371 [pool-2-thread-30] DEBUG org.apache.http.impl.conn.DefaultManagedHttpClientConnection -- http-outgoing-146: set socket timeout to 30000
23:07:57.371 [pool-2-thread-30] DEBUG org.apache.http.impl.execchain.MainClientExec -- Executing request POST /auth/login HTTP/1.1
23:07:57.371 [pool-2-thread-30] DEBUG org.apache.http.impl.execchain.MainClientExec -- Target auth state: UNCHALLENGED
23:07:57.371 [pool-2-thread-30] DEBUG org.apache.http.impl.execchain.MainClientExec -- Proxy auth state: UNCHALLENGED
23:07:57.371 [pool-2-thread-30] DEBUG org.apache.http.headers -- http-outgoing-146 >> POST /auth/login HTTP/1.1
23:07:57.371 [pool-2-thread-30] DEBUG org.apache.http.headers -- http-outgoing-146 >> Content-Type: application/json; charset=UTF-8
23:07:57.371 [pool-2-thread-30] DEBUG org.apache.http.headers -- http-outgoing-146 >> Content-Length: 54
23:07:57.371 [pool-2-thread-30] DEBUG org.apache.http.headers -- http-outgoing-146 >> Host: localhost:3000
23:07:57.371 [pool-2-thread-30] DEBUG org.apache.http.headers -- http-outgoing-146 >> Connection: Keep-Alive
23:07:57.371 [pool-2-thread-30] DEBUG org.apache.http.headers -- http-outgoing-146 >> User-Agent: Apache-HttpClient/4.5.14 (Java/17.0.9)
23:07:57.371 [pool-2-thread-30] DEBUG org.apache.http.headers -- http-outgoing-146 >> Accept-Encoding: gzip,deflate
23:07:57.371 [pool-2-thread-30] DEBUG org.apache.http.wire -- http-outgoing-146 >> "POST /auth/login HTTP/1.1[\r][\n]"
23:07:57.371 [pool-2-thread-30] DEBUG org.apache.http.wire -- http-outgoing-146 >> "Content-Type: application/json; charset=UTF-8[\r][\n]"
23:07:57.371 [pool-2-thread-30] DEBUG org.apache.http.wire -- http-outgoing-146 >> "Content-Length: 54[\r][\n]"
23:07:57.371 [pool-2-thread-30] DEBUG org.apache.http.wire -- http-outgoing-146 >> "Host: localhost:3000[\r][\n]"
23:07:57.371 [pool-2-thread-30] DEBUG org.apache.http.wire -- http-outgoing-146 >> "Connection: Keep-Alive[\r][\n]"
23:07:57.371 [pool-2-thread-30] DEBUG org.apache.http.wire -- http-outgoing-146 >> "User-Agent: Apache-HttpClient/4.5.14 (Java/17.0.9)[\r][\n]"
23:07:57.371 [pool-2-thread-30] DEBUG org.apache.http.wire -- http-outgoing-146 >> "Accept-Encoding: gzip,deflate[\r][\n]"
23:07:57.371 [pool-2-thread-30] DEBUG org.apache.http.wire -- http-outgoing-146 >> "[\r][\n]"
23:07:57.371 [pool-2-thread-30] DEBUG org.apache.http.wire -- http-outgoing-146 >> "{"email":"testit2@gmail.com","password":"Password123"}"
23:07:57.385 [pool-2-thread-9] DEBUG org.apache.http.wire -- http-outgoing-120 << "HTTP/1.1 200 OK[\r][\n]"
23:07:57.385 [pool-2-thread-9] DEBUG org.apache.http.wire -- http-outgoing-120 << "X-Powered-By: Express[\r][\n]"
23:07:57.385 [pool-2-thread-9] DEBUG org.apache.http.wire -- http-outgoing-120 << "Access-Control-Allow-Origin: *[\r][\n]"
23:07:57.385 [pool-2-thread-9] DEBUG org.apache.http.wire -- http-outgoing-120 << "Content-Type: application/json; charset=utf-8[\r][\n]"
23:07:57.385 [pool-2-thread-9] DEBUG org.apache.http.wire -- http-outgoing-120 << "Content-Length: 604[\r][\n]"
23:07:57.385 [pool-2-thread-9] DEBUG org.apache.http.wire -- http-outgoing-120 << "ETag: W/"25c-OywWVO0zBrhf7XZBTWSZL5J05No"[\r][\n]"
23:07:57.385 [pool-2-thread-9] DEBUG org.apache.http.wire -- http-outgoing-120 << "Date: Sun, 22 Jun 2025 16:07:57 GMT[\r][\n]"
23:07:57.385 [pool-2-thread-9] DEBUG org.apache.http.wire -- http-outgoing-120 << "Connection: keep-alive[\r][\n]"
23:07:57.385 [pool-2-thread-9] DEBUG org.apache.http.wire -- http-outgoing-120 << "Keep-Alive: timeout=5[\r][\n]"
23:07:57.385 [pool-2-thread-9] DEBUG org.apache.http.wire -- http-outgoing-120 << "[\r][\n]"
23:07:57.385 [pool-2-thread-9] DEBUG org.apache.http.wire -- http-outgoing-120 << "{"access_token":"eyJhbGciOiJIUzI1NiIsInR5cCI6IkpXVCJ9.eyJzdWIiOiJkZjZmMDkxOS1hMjNkLTQ0YzktYTkyNS00ZWE4YmU1MjVkMTAiLCJ1c2VybmFtZSI6ImpvaG5kb2UyMyIsInJvbGUiOjAsImlhdCI6MTc1MDYwODQ3NywiZXhwIjoxNzUwNjEyMDc3fQ.D3OfEgN3POIKDn9C3GmF6XVpGqoSMZoA-W1LRMjwJ2o","refresh_token":"debe89450be7469b2b4c20c1579dfdfab7a5684d507c70be947eb1d312b1638f","user":{"id":"df6f0919-a23d-44c9-a925-4ea8be525d10","email":"testit@gmail.com","username":"johndoe23","name":"John Doe","phoneNumber":"0123456788","profilePic":null,"bio":null,"private":false,"verified":false,"role":0,"followersCount":0,"followingCount":0,"postCount":0}}"
23:07:57.385 [pool-2-thread-9] DEBUG org.apache.http.headers -- http-outgoing-120 << HTTP/1.1 200 OK
23:07:57.385 [pool-2-thread-9] DEBUG org.apache.http.headers -- http-outgoing-120 << X-Powered-By: Express
23:07:57.385 [pool-2-thread-9] DEBUG org.apache.http.headers -- http-outgoing-120 << Access-Control-Allow-Origin: *
23:07:57.385 [pool-2-thread-9] DEBUG org.apache.http.headers -- http-outgoing-120 << Content-Type: application/json; charset=utf-8
23:07:57.385 [pool-2-thread-9] DEBUG org.apache.http.headers -- http-outgoing-120 << Content-Length: 604
23:07:57.385 [pool-2-thread-9] DEBUG org.apache.http.headers -- http-outgoing-120 << ETag: W/"25c-OywWVO0zBrhf7XZBTWSZL5J05No"
23:07:57.385 [pool-2-thread-9] DEBUG org.apache.http.headers -- http-outgoing-120 << Date: Sun, 22 Jun 2025 16:07:57 GMT
23:07:57.385 [pool-2-thread-9] DEBUG org.apache.http.headers -- http-outgoing-120 << Connection: keep-alive
23:07:57.385 [pool-2-thread-9] DEBUG org.apache.http.headers -- http-outgoing-120 << Keep-Alive: timeout=5
23:07:57.385 [pool-2-thread-9] DEBUG org.apache.http.impl.execchain.MainClientExec -- Connection can be kept alive for 5000 MILLISECONDS
23:07:57.385 [pool-2-thread-9] DEBUG org.apache.http.impl.conn.PoolingHttpClientConnectionManager -- Connection [id: 120][route: {}->http://localhost:3000] can be kept alive for 5.0 seconds
23:07:57.385 [pool-2-thread-9] DEBUG org.apache.http.impl.conn.DefaultManagedHttpClientConnection -- http-outgoing-120: set socket timeout to 0
23:07:57.385 [pool-2-thread-9] DEBUG org.apache.http.impl.conn.PoolingHttpClientConnectionManager -- Connection released: [id: 120][route: {}->http://localhost:3000][total available: 1; route allocated: 1 of 5; total allocated: 1 of 10]
23:07:57.385 [pool-2-thread-9] DEBUG org.apache.http.impl.conn.PoolingHttpClientConnectionManager -- Connection manager is shutting down
23:07:57.385 [pool-2-thread-9] DEBUG org.apache.http.impl.conn.DefaultManagedHttpClientConnection -- http-outgoing-120: Close connection
23:07:57.385 [pool-2-thread-9] DEBUG org.apache.http.impl.conn.PoolingHttpClientConnectionManager -- Connection manager shut down
23:07:57.387 [pool-2-thread-9] DEBUG com.intuit.karate -- response time in milliseconds: 2167
4 < 200
4 < X-Powered-By: Express
4 < Access-Control-Allow-Origin: *
4 < Content-Type: application/json; charset=utf-8
4 < Content-Length: 604
4 < ETag: W/"25c-OywWVO0zBrhf7XZBTWSZL5J05No"
4 < Date: Sun, 22 Jun 2025 16:07:57 GMT
4 < Connection: keep-alive
4 < Keep-Alive: timeout=5
{"access_token":"eyJhbGciOiJIUzI1NiIsInR5cCI6IkpXVCJ9.eyJzdWIiOiJkZjZmMDkxOS1hMjNkLTQ0YzktYTkyNS00ZWE4YmU1MjVkMTAiLCJ1c2VybmFtZSI6ImpvaG5kb2UyMyIsInJvbGUiOjAsImlhdCI6MTc1MDYwODQ3NywiZXhwIjoxNzUwNjEyMDc3fQ.D3OfEgN3POIKDn9C3GmF6XVpGqoSMZoA-W1LRMjwJ2o","refresh_token":"debe89450be7469b2b4c20c1579dfdfab7a5684d507c70be947eb1d312b1638f","user":{"id":"df6f0919-a23d-44c9-a925-4ea8be525d10","email":"testit@gmail.com","username":"johndoe23","name":"John Doe","phoneNumber":"0123456788","profilePic":null,"bio":null,"private":false,"verified":false,"role":0,"followersCount":0,"followingCount":0,"postCount":0}}

23:07:57.388 [pool-2-thread-9] INFO com.intuit.karate -- [print] Call 4 completed, status: 200 
23:07:57.388 [pool-2-thread-9] INFO com.intuit.karate -- [print] *** API CALL 5 *** 
23:07:57.390 [pool-2-thread-9] DEBUG org.apache.http.client.protocol.RequestAddCookies -- CookieSpec selected: karate
23:07:57.390 [pool-2-thread-9] DEBUG org.apache.http.client.protocol.RequestAuthCache -- Auth cache not set in the context
23:07:57.390 [pool-2-thread-9] DEBUG com.intuit.karate -- request:
5 > POST http://localhost:3000/auth/login
5 > Content-Type: application/json; charset=UTF-8
5 > Content-Length: 53
5 > Host: localhost:3000
5 > Connection: Keep-Alive
5 > User-Agent: Apache-HttpClient/4.5.14 (Java/17.0.9)
5 > Accept-Encoding: gzip,deflate
{"email":"testit@gmail.com","password":"Password123"}

23:07:57.390 [pool-2-thread-9] DEBUG org.apache.http.impl.conn.PoolingHttpClientConnectionManager -- Connection request: [route: {}->http://localhost:3000][total available: 0; route allocated: 0 of 5; total allocated: 0 of 10]
23:07:57.390 [pool-2-thread-9] DEBUG org.apache.http.impl.conn.PoolingHttpClientConnectionManager -- Connection leased: [id: 147][route: {}->http://localhost:3000][total available: 0; route allocated: 1 of 5; total allocated: 1 of 10]
23:07:57.390 [pool-2-thread-9] DEBUG org.apache.http.impl.execchain.MainClientExec -- Opening connection {}->http://localhost:3000
23:07:57.390 [pool-2-thread-9] DEBUG org.apache.http.impl.conn.DefaultHttpClientConnectionOperator -- Connecting to localhost/127.0.0.1:3000
23:07:57.391 [pool-2-thread-9] DEBUG org.apache.http.impl.conn.DefaultHttpClientConnectionOperator -- Connection established 127.0.0.1:52814<->127.0.0.1:3000
23:07:57.391 [pool-2-thread-9] DEBUG org.apache.http.impl.conn.DefaultManagedHttpClientConnection -- http-outgoing-147: set socket timeout to 30000
23:07:57.391 [pool-2-thread-9] DEBUG org.apache.http.impl.execchain.MainClientExec -- Executing request POST /auth/login HTTP/1.1
23:07:57.391 [pool-2-thread-9] DEBUG org.apache.http.impl.execchain.MainClientExec -- Target auth state: UNCHALLENGED
23:07:57.391 [pool-2-thread-9] DEBUG org.apache.http.impl.execchain.MainClientExec -- Proxy auth state: UNCHALLENGED
23:07:57.391 [pool-2-thread-9] DEBUG org.apache.http.headers -- http-outgoing-147 >> POST /auth/login HTTP/1.1
23:07:57.391 [pool-2-thread-9] DEBUG org.apache.http.headers -- http-outgoing-147 >> Content-Type: application/json; charset=UTF-8
23:07:57.391 [pool-2-thread-9] DEBUG org.apache.http.headers -- http-outgoing-147 >> Content-Length: 53
23:07:57.391 [pool-2-thread-9] DEBUG org.apache.http.headers -- http-outgoing-147 >> Host: localhost:3000
23:07:57.391 [pool-2-thread-9] DEBUG org.apache.http.headers -- http-outgoing-147 >> Connection: Keep-Alive
23:07:57.391 [pool-2-thread-9] DEBUG org.apache.http.headers -- http-outgoing-147 >> User-Agent: Apache-HttpClient/4.5.14 (Java/17.0.9)
23:07:57.391 [pool-2-thread-9] DEBUG org.apache.http.headers -- http-outgoing-147 >> Accept-Encoding: gzip,deflate
23:07:57.391 [pool-2-thread-9] DEBUG org.apache.http.wire -- http-outgoing-147 >> "POST /auth/login HTTP/1.1[\r][\n]"
23:07:57.391 [pool-2-thread-9] DEBUG org.apache.http.wire -- http-outgoing-147 >> "Content-Type: application/json; charset=UTF-8[\r][\n]"
23:07:57.391 [pool-2-thread-9] DEBUG org.apache.http.wire -- http-outgoing-147 >> "Content-Length: 53[\r][\n]"
23:07:57.391 [pool-2-thread-9] DEBUG org.apache.http.wire -- http-outgoing-147 >> "Host: localhost:3000[\r][\n]"
23:07:57.391 [pool-2-thread-9] DEBUG org.apache.http.wire -- http-outgoing-147 >> "Connection: Keep-Alive[\r][\n]"
23:07:57.391 [pool-2-thread-9] DEBUG org.apache.http.wire -- http-outgoing-147 >> "User-Agent: Apache-HttpClient/4.5.14 (Java/17.0.9)[\r][\n]"
23:07:57.391 [pool-2-thread-9] DEBUG org.apache.http.wire -- http-outgoing-147 >> "Accept-Encoding: gzip,deflate[\r][\n]"
23:07:57.391 [pool-2-thread-9] DEBUG org.apache.http.wire -- http-outgoing-147 >> "[\r][\n]"
23:07:57.391 [pool-2-thread-9] DEBUG org.apache.http.wire -- http-outgoing-147 >> "{"email":"testit@gmail.com","password":"Password123"}"
23:07:57.392 [pool-2-thread-24] DEBUG org.apache.http.wire -- http-outgoing-125 << "HTTP/1.1 200 OK[\r][\n]"
23:07:57.392 [pool-2-thread-24] DEBUG org.apache.http.wire -- http-outgoing-125 << "X-Powered-By: Express[\r][\n]"
23:07:57.392 [pool-2-thread-24] DEBUG org.apache.http.wire -- http-outgoing-125 << "Access-Control-Allow-Origin: *[\r][\n]"
23:07:57.392 [pool-2-thread-24] DEBUG org.apache.http.wire -- http-outgoing-125 << "Content-Type: application/json; charset=utf-8[\r][\n]"
23:07:57.392 [pool-2-thread-24] DEBUG org.apache.http.wire -- http-outgoing-125 << "Content-Length: 608[\r][\n]"
23:07:57.392 [pool-2-thread-24] DEBUG org.apache.http.wire -- http-outgoing-125 << "ETag: W/"260-kYcTpd5NWmCwUm9hh6Wr+07/iAM"[\r][\n]"
23:07:57.392 [pool-2-thread-24] DEBUG org.apache.http.wire -- http-outgoing-125 << "Date: Sun, 22 Jun 2025 16:07:57 GMT[\r][\n]"
23:07:57.392 [pool-2-thread-24] DEBUG org.apache.http.wire -- http-outgoing-125 << "Connection: keep-alive[\r][\n]"
23:07:57.392 [pool-2-thread-24] DEBUG org.apache.http.wire -- http-outgoing-125 << "Keep-Alive: timeout=5[\r][\n]"
23:07:57.392 [pool-2-thread-24] DEBUG org.apache.http.wire -- http-outgoing-125 << "[\r][\n]"
23:07:57.392 [pool-2-thread-24] DEBUG org.apache.http.wire -- http-outgoing-125 << "{"access_token":"eyJhbGciOiJIUzI1NiIsInR5cCI6IkpXVCJ9.eyJzdWIiOiI4YTI0NzQ2MS01YzA0LTQyMWQtOThmNS1mYTljNzM0ZmFlYTUiLCJ1c2VybmFtZSI6ImphbmVzbWl0aCIsInJvbGUiOjAsImlhdCI6MTc1MDYwODQ3NywiZXhwIjoxNzUwNjEyMDc3fQ.PmHByZ72w8ZZKZoIOe_sSN6oRPmxq11oTI8nnL9VBVc","refresh_token":"3f116c994f4ce8c20ed8313f426c3f0dd6804e2719d7f7480bc63a625be921d7","user":{"id":"8a247461-5c04-421d-98f5-fa9c734faea5","email":"test2@example.com","username":"janesmith","name":"Jane Smith","phoneNumber":"01234567890","profilePic":null,"bio":null,"private":false,"verified":false,"role":0,"followersCount":0,"followingCount":0,"postCount":0}}"
23:07:57.393 [pool-2-thread-24] DEBUG org.apache.http.headers -- http-outgoing-125 << HTTP/1.1 200 OK
23:07:57.393 [pool-2-thread-24] DEBUG org.apache.http.headers -- http-outgoing-125 << X-Powered-By: Express
23:07:57.393 [pool-2-thread-24] DEBUG org.apache.http.headers -- http-outgoing-125 << Access-Control-Allow-Origin: *
23:07:57.393 [pool-2-thread-24] DEBUG org.apache.http.headers -- http-outgoing-125 << Content-Type: application/json; charset=utf-8
23:07:57.393 [pool-2-thread-24] DEBUG org.apache.http.headers -- http-outgoing-125 << Content-Length: 608
23:07:57.393 [pool-2-thread-24] DEBUG org.apache.http.headers -- http-outgoing-125 << ETag: W/"260-kYcTpd5NWmCwUm9hh6Wr+07/iAM"
23:07:57.393 [pool-2-thread-24] DEBUG org.apache.http.headers -- http-outgoing-125 << Date: Sun, 22 Jun 2025 16:07:57 GMT
23:07:57.393 [pool-2-thread-24] DEBUG org.apache.http.headers -- http-outgoing-125 << Connection: keep-alive
23:07:57.393 [pool-2-thread-24] DEBUG org.apache.http.headers -- http-outgoing-125 << Keep-Alive: timeout=5
23:07:57.393 [pool-2-thread-24] DEBUG org.apache.http.impl.execchain.MainClientExec -- Connection can be kept alive for 5000 MILLISECONDS
23:07:57.393 [pool-2-thread-24] DEBUG org.apache.http.impl.conn.PoolingHttpClientConnectionManager -- Connection [id: 125][route: {}->http://localhost:3000] can be kept alive for 5.0 seconds
23:07:57.393 [pool-2-thread-24] DEBUG org.apache.http.impl.conn.DefaultManagedHttpClientConnection -- http-outgoing-125: set socket timeout to 0
23:07:57.393 [pool-2-thread-24] DEBUG org.apache.http.impl.conn.PoolingHttpClientConnectionManager -- Connection released: [id: 125][route: {}->http://localhost:3000][total available: 1; route allocated: 1 of 5; total allocated: 1 of 10]
23:07:57.393 [pool-2-thread-24] DEBUG org.apache.http.impl.conn.PoolingHttpClientConnectionManager -- Connection manager is shutting down
23:07:57.393 [pool-2-thread-24] DEBUG org.apache.http.impl.conn.DefaultManagedHttpClientConnection -- http-outgoing-125: Close connection
23:07:57.393 [pool-2-thread-24] DEBUG org.apache.http.impl.conn.PoolingHttpClientConnectionManager -- Connection manager shut down
23:07:57.393 [pool-2-thread-24] DEBUG com.intuit.karate -- response time in milliseconds: 1995
6 < 200
6 < X-Powered-By: Express
6 < Access-Control-Allow-Origin: *
6 < Content-Type: application/json; charset=utf-8
6 < Content-Length: 608
6 < ETag: W/"260-kYcTpd5NWmCwUm9hh6Wr+07/iAM"
6 < Date: Sun, 22 Jun 2025 16:07:57 GMT
6 < Connection: keep-alive
6 < Keep-Alive: timeout=5
{"access_token":"eyJhbGciOiJIUzI1NiIsInR5cCI6IkpXVCJ9.eyJzdWIiOiI4YTI0NzQ2MS01YzA0LTQyMWQtOThmNS1mYTljNzM0ZmFlYTUiLCJ1c2VybmFtZSI6ImphbmVzbWl0aCIsInJvbGUiOjAsImlhdCI6MTc1MDYwODQ3NywiZXhwIjoxNzUwNjEyMDc3fQ.PmHByZ72w8ZZKZoIOe_sSN6oRPmxq11oTI8nnL9VBVc","refresh_token":"3f116c994f4ce8c20ed8313f426c3f0dd6804e2719d7f7480bc63a625be921d7","user":{"id":"8a247461-5c04-421d-98f5-fa9c734faea5","email":"test2@example.com","username":"janesmith","name":"Jane Smith","phoneNumber":"01234567890","profilePic":null,"bio":null,"private":false,"verified":false,"role":0,"followersCount":0,"followingCount":0,"postCount":0}}

23:07:57.394 [pool-2-thread-24] INFO com.intuit.karate -- [print] Call 6 completed, status: 200 
23:07:57.394 [pool-2-thread-24] INFO com.intuit.karate -- [print] *** API CALL 7 *** 
23:07:57.395 [pool-2-thread-24] DEBUG org.apache.http.client.protocol.RequestAddCookies -- CookieSpec selected: karate
23:07:57.395 [pool-2-thread-24] DEBUG org.apache.http.client.protocol.RequestAuthCache -- Auth cache not set in the context
23:07:57.395 [pool-2-thread-24] DEBUG com.intuit.karate -- request:
7 > POST http://localhost:3000/auth/login
7 > Content-Type: application/json; charset=UTF-8
7 > Content-Length: 54
7 > Host: localhost:3000
7 > Connection: Keep-Alive
7 > User-Agent: Apache-HttpClient/4.5.14 (Java/17.0.9)
7 > Accept-Encoding: gzip,deflate
{"email":"test2@example.com","password":"Password123"}

23:07:57.395 [pool-2-thread-24] DEBUG org.apache.http.impl.conn.PoolingHttpClientConnectionManager -- Connection request: [route: {}->http://localhost:3000][total available: 0; route allocated: 0 of 5; total allocated: 0 of 10]
23:07:57.395 [pool-2-thread-24] DEBUG org.apache.http.impl.conn.PoolingHttpClientConnectionManager -- Connection leased: [id: 148][route: {}->http://localhost:3000][total available: 0; route allocated: 1 of 5; total allocated: 1 of 10]
23:07:57.395 [pool-2-thread-24] DEBUG org.apache.http.impl.execchain.MainClientExec -- Opening connection {}->http://localhost:3000
23:07:57.395 [pool-2-thread-24] DEBUG org.apache.http.impl.conn.DefaultHttpClientConnectionOperator -- Connecting to localhost/127.0.0.1:3000
23:07:57.396 [pool-2-thread-24] DEBUG org.apache.http.impl.conn.DefaultHttpClientConnectionOperator -- Connection established 127.0.0.1:52815<->127.0.0.1:3000
23:07:57.396 [pool-2-thread-24] DEBUG org.apache.http.impl.conn.DefaultManagedHttpClientConnection -- http-outgoing-148: set socket timeout to 30000
23:07:57.396 [pool-2-thread-24] DEBUG org.apache.http.impl.execchain.MainClientExec -- Executing request POST /auth/login HTTP/1.1
23:07:57.396 [pool-2-thread-24] DEBUG org.apache.http.impl.execchain.MainClientExec -- Target auth state: UNCHALLENGED
23:07:57.396 [pool-2-thread-24] DEBUG org.apache.http.impl.execchain.MainClientExec -- Proxy auth state: UNCHALLENGED
23:07:57.396 [pool-2-thread-24] DEBUG org.apache.http.headers -- http-outgoing-148 >> POST /auth/login HTTP/1.1
23:07:57.396 [pool-2-thread-24] DEBUG org.apache.http.headers -- http-outgoing-148 >> Content-Type: application/json; charset=UTF-8
23:07:57.396 [pool-2-thread-24] DEBUG org.apache.http.headers -- http-outgoing-148 >> Content-Length: 54
23:07:57.396 [pool-2-thread-24] DEBUG org.apache.http.headers -- http-outgoing-148 >> Host: localhost:3000
23:07:57.396 [pool-2-thread-24] DEBUG org.apache.http.headers -- http-outgoing-148 >> Connection: Keep-Alive
23:07:57.396 [pool-2-thread-24] DEBUG org.apache.http.headers -- http-outgoing-148 >> User-Agent: Apache-HttpClient/4.5.14 (Java/17.0.9)
23:07:57.396 [pool-2-thread-24] DEBUG org.apache.http.headers -- http-outgoing-148 >> Accept-Encoding: gzip,deflate
23:07:57.396 [pool-2-thread-24] DEBUG org.apache.http.wire -- http-outgoing-148 >> "POST /auth/login HTTP/1.1[\r][\n]"
23:07:57.396 [pool-2-thread-24] DEBUG org.apache.http.wire -- http-outgoing-148 >> "Content-Type: application/json; charset=UTF-8[\r][\n]"
23:07:57.396 [pool-2-thread-24] DEBUG org.apache.http.wire -- http-outgoing-148 >> "Content-Length: 54[\r][\n]"
23:07:57.396 [pool-2-thread-24] DEBUG org.apache.http.wire -- http-outgoing-148 >> "Host: localhost:3000[\r][\n]"
23:07:57.396 [pool-2-thread-24] DEBUG org.apache.http.wire -- http-outgoing-148 >> "Connection: Keep-Alive[\r][\n]"
23:07:57.396 [pool-2-thread-24] DEBUG org.apache.http.wire -- http-outgoing-148 >> "User-Agent: Apache-HttpClient/4.5.14 (Java/17.0.9)[\r][\n]"
23:07:57.396 [pool-2-thread-24] DEBUG org.apache.http.wire -- http-outgoing-148 >> "Accept-Encoding: gzip,deflate[\r][\n]"
23:07:57.396 [pool-2-thread-24] DEBUG org.apache.http.wire -- http-outgoing-148 >> "[\r][\n]"
23:07:57.396 [pool-2-thread-24] DEBUG org.apache.http.wire -- http-outgoing-148 >> "{"email":"test2@example.com","password":"Password123"}"
23:07:57.424 [pool-2-thread-2] DEBUG org.apache.http.wire -- http-outgoing-114 << "HTTP/1.1 200 OK[\r][\n]"
23:07:57.424 [pool-2-thread-2] DEBUG org.apache.http.wire -- http-outgoing-114 << "X-Powered-By: Express[\r][\n]"
23:07:57.424 [pool-2-thread-2] DEBUG org.apache.http.wire -- http-outgoing-114 << "Access-Control-Allow-Origin: *[\r][\n]"
23:07:57.424 [pool-2-thread-2] DEBUG org.apache.http.wire -- http-outgoing-114 << "Content-Type: application/json; charset=utf-8[\r][\n]"
23:07:57.424 [pool-2-thread-2] DEBUG org.apache.http.wire -- http-outgoing-114 << "Content-Length: 715[\r][\n]"
23:07:57.424 [pool-2-thread-2] DEBUG org.apache.http.wire -- http-outgoing-114 << "ETag: W/"2cb-m9iHbn0Yh82TOB8nMO/Oh2lWIYw"[\r][\n]"
23:07:57.424 [pool-2-thread-2] DEBUG org.apache.http.wire -- http-outgoing-114 << "Date: Sun, 22 Jun 2025 16:07:57 GMT[\r][\n]"
23:07:57.424 [pool-2-thread-2] DEBUG org.apache.http.wire -- http-outgoing-114 << "Connection: keep-alive[\r][\n]"
23:07:57.424 [pool-2-thread-2] DEBUG org.apache.http.wire -- http-outgoing-114 << "Keep-Alive: timeout=5[\r][\n]"
23:07:57.424 [pool-2-thread-2] DEBUG org.apache.http.wire -- http-outgoing-114 << "[\r][\n]"
23:07:57.424 [pool-2-thread-2] DEBUG org.apache.http.wire -- http-outgoing-114 << "{"access_token":"eyJhbGciOiJIUzI1NiIsInR5cCI6IkpXVCJ9.eyJzdWIiOiIyYjg0YWEyNC02NjhhLTQwZTItYWYxYy1hZDRmYzRmYTVhNmYiLCJ1c2VybmFtZSI6InF1YW5nMSIsInJvbGUiOjAsImlhdCI6MTc1MDYwODQ3NywiZXhwIjoxNzUwNjEyMDc3fQ.bExw1xQxllPl_zYtZXGSjeD6raGbHr40Z-rnlzDujgI","refresh_token":"e0793b3363737ca9622e293c460b2a735f361c4d16f0dca0654f716738fd60da","user":{"id":"2b84aa24-668a-40e2-af1c-ad4fc4fa5a6f","email":"quang1@gmail.com","username":"quang1","name":"quang1","phoneNumber":"09874563210","profilePic":"https://res.cloudinary.com/dizcvrefo/image/upload/v1749027586/nestjs_uploads/xehairydt9rzlbmbmv4c.jpg","bio":"Thang Nam Lao Vua Thoi","private":false,"verified":false,"role":0,"followersCount":2,"followingCount":3,"postCount":2}}"
23:07:57.424 [pool-2-thread-2] DEBUG org.apache.http.headers -- http-outgoing-114 << HTTP/1.1 200 OK
23:07:57.424 [pool-2-thread-2] DEBUG org.apache.http.headers -- http-outgoing-114 << X-Powered-By: Express
23:07:57.424 [pool-2-thread-2] DEBUG org.apache.http.headers -- http-outgoing-114 << Access-Control-Allow-Origin: *
23:07:57.424 [pool-2-thread-2] DEBUG org.apache.http.headers -- http-outgoing-114 << Content-Type: application/json; charset=utf-8
23:07:57.424 [pool-2-thread-2] DEBUG org.apache.http.headers -- http-outgoing-114 << Content-Length: 715
23:07:57.424 [pool-2-thread-2] DEBUG org.apache.http.headers -- http-outgoing-114 << ETag: W/"2cb-m9iHbn0Yh82TOB8nMO/Oh2lWIYw"
23:07:57.424 [pool-2-thread-2] DEBUG org.apache.http.headers -- http-outgoing-114 << Date: Sun, 22 Jun 2025 16:07:57 GMT
23:07:57.424 [pool-2-thread-2] DEBUG org.apache.http.headers -- http-outgoing-114 << Connection: keep-alive
23:07:57.424 [pool-2-thread-2] DEBUG org.apache.http.headers -- http-outgoing-114 << Keep-Alive: timeout=5
23:07:57.425 [pool-2-thread-2] DEBUG org.apache.http.impl.execchain.MainClientExec -- Connection can be kept alive for 5000 MILLISECONDS
23:07:57.425 [pool-2-thread-2] DEBUG org.apache.http.impl.conn.PoolingHttpClientConnectionManager -- Connection [id: 114][route: {}->http://localhost:3000] can be kept alive for 5.0 seconds
23:07:57.425 [pool-2-thread-2] DEBUG org.apache.http.impl.conn.DefaultManagedHttpClientConnection -- http-outgoing-114: set socket timeout to 0
23:07:57.425 [pool-2-thread-2] DEBUG org.apache.http.impl.conn.PoolingHttpClientConnectionManager -- Connection released: [id: 114][route: {}->http://localhost:3000][total available: 1; route allocated: 1 of 5; total allocated: 1 of 10]
23:07:57.425 [pool-2-thread-2] DEBUG org.apache.http.impl.conn.PoolingHttpClientConnectionManager -- Connection manager is shutting down
23:07:57.425 [pool-2-thread-2] DEBUG org.apache.http.impl.conn.DefaultManagedHttpClientConnection -- http-outgoing-114: Close connection
23:07:57.425 [pool-2-thread-2] DEBUG org.apache.http.impl.conn.PoolingHttpClientConnectionManager -- Connection manager shut down
23:07:57.425 [pool-2-thread-2] DEBUG com.intuit.karate -- response time in milliseconds: 3149
4 < 200
4 < X-Powered-By: Express
4 < Access-Control-Allow-Origin: *
4 < Content-Type: application/json; charset=utf-8
4 < Content-Length: 715
4 < ETag: W/"2cb-m9iHbn0Yh82TOB8nMO/Oh2lWIYw"
4 < Date: Sun, 22 Jun 2025 16:07:57 GMT
4 < Connection: keep-alive
4 < Keep-Alive: timeout=5
{"access_token":"eyJhbGciOiJIUzI1NiIsInR5cCI6IkpXVCJ9.eyJzdWIiOiIyYjg0YWEyNC02NjhhLTQwZTItYWYxYy1hZDRmYzRmYTVhNmYiLCJ1c2VybmFtZSI6InF1YW5nMSIsInJvbGUiOjAsImlhdCI6MTc1MDYwODQ3NywiZXhwIjoxNzUwNjEyMDc3fQ.bExw1xQxllPl_zYtZXGSjeD6raGbHr40Z-rnlzDujgI","refresh_token":"e0793b3363737ca9622e293c460b2a735f361c4d16f0dca0654f716738fd60da","user":{"id":"2b84aa24-668a-40e2-af1c-ad4fc4fa5a6f","email":"quang1@gmail.com","username":"quang1","name":"quang1","phoneNumber":"09874563210","profilePic":"https://res.cloudinary.com/dizcvrefo/image/upload/v1749027586/nestjs_uploads/xehairydt9rzlbmbmv4c.jpg","bio":"Thang Nam Lao Vua Thoi","private":false,"verified":false,"role":0,"followersCount":2,"followingCount":3,"postCount":2}}

23:07:57.426 [pool-2-thread-2] INFO com.intuit.karate -- [print] Call 4 completed, status: 200 
23:07:57.426 [pool-2-thread-2] INFO com.intuit.karate -- [print] *** API CALL 5 *** 
23:07:57.427 [pool-2-thread-2] DEBUG org.apache.http.client.protocol.RequestAddCookies -- CookieSpec selected: karate
23:07:57.427 [pool-2-thread-2] DEBUG org.apache.http.client.protocol.RequestAuthCache -- Auth cache not set in the context
23:07:57.427 [pool-2-thread-2] DEBUG com.intuit.karate -- request:
5 > POST http://localhost:3000/auth/login
5 > Content-Type: application/json; charset=UTF-8
5 > Content-Length: 48
5 > Host: localhost:3000
5 > Connection: Keep-Alive
5 > User-Agent: Apache-HttpClient/4.5.14 (Java/17.0.9)
5 > Accept-Encoding: gzip,deflate
{"email":"quang1@gmail.com","password":"quang1"}

23:07:57.427 [pool-2-thread-2] DEBUG org.apache.http.impl.conn.PoolingHttpClientConnectionManager -- Connection request: [route: {}->http://localhost:3000][total available: 0; route allocated: 0 of 5; total allocated: 0 of 10]
23:07:57.427 [pool-2-thread-2] DEBUG org.apache.http.impl.conn.PoolingHttpClientConnectionManager -- Connection leased: [id: 149][route: {}->http://localhost:3000][total available: 0; route allocated: 1 of 5; total allocated: 1 of 10]
23:07:57.427 [pool-2-thread-2] DEBUG org.apache.http.impl.execchain.MainClientExec -- Opening connection {}->http://localhost:3000
23:07:57.427 [pool-2-thread-2] DEBUG org.apache.http.impl.conn.DefaultHttpClientConnectionOperator -- Connecting to localhost/127.0.0.1:3000
23:07:57.428 [pool-2-thread-2] DEBUG org.apache.http.impl.conn.DefaultHttpClientConnectionOperator -- Connection established 127.0.0.1:52816<->127.0.0.1:3000
23:07:57.428 [pool-2-thread-2] DEBUG org.apache.http.impl.conn.DefaultManagedHttpClientConnection -- http-outgoing-149: set socket timeout to 30000
23:07:57.428 [pool-2-thread-2] DEBUG org.apache.http.impl.execchain.MainClientExec -- Executing request POST /auth/login HTTP/1.1
23:07:57.428 [pool-2-thread-2] DEBUG org.apache.http.impl.execchain.MainClientExec -- Target auth state: UNCHALLENGED
23:07:57.428 [pool-2-thread-2] DEBUG org.apache.http.impl.execchain.MainClientExec -- Proxy auth state: UNCHALLENGED
23:07:57.428 [pool-2-thread-2] DEBUG org.apache.http.headers -- http-outgoing-149 >> POST /auth/login HTTP/1.1
23:07:57.428 [pool-2-thread-2] DEBUG org.apache.http.headers -- http-outgoing-149 >> Content-Type: application/json; charset=UTF-8
23:07:57.428 [pool-2-thread-2] DEBUG org.apache.http.headers -- http-outgoing-149 >> Content-Length: 48
23:07:57.428 [pool-2-thread-2] DEBUG org.apache.http.headers -- http-outgoing-149 >> Host: localhost:3000
23:07:57.428 [pool-2-thread-2] DEBUG org.apache.http.headers -- http-outgoing-149 >> Connection: Keep-Alive
23:07:57.428 [pool-2-thread-2] DEBUG org.apache.http.headers -- http-outgoing-149 >> User-Agent: Apache-HttpClient/4.5.14 (Java/17.0.9)
23:07:57.428 [pool-2-thread-2] DEBUG org.apache.http.headers -- http-outgoing-149 >> Accept-Encoding: gzip,deflate
23:07:57.428 [pool-2-thread-2] DEBUG org.apache.http.wire -- http-outgoing-149 >> "POST /auth/login HTTP/1.1[\r][\n]"
23:07:57.428 [pool-2-thread-2] DEBUG org.apache.http.wire -- http-outgoing-149 >> "Content-Type: application/json; charset=UTF-8[\r][\n]"
23:07:57.428 [pool-2-thread-2] DEBUG org.apache.http.wire -- http-outgoing-149 >> "Content-Length: 48[\r][\n]"
23:07:57.428 [pool-2-thread-2] DEBUG org.apache.http.wire -- http-outgoing-149 >> "Host: localhost:3000[\r][\n]"
23:07:57.428 [pool-2-thread-2] DEBUG org.apache.http.wire -- http-outgoing-149 >> "Connection: Keep-Alive[\r][\n]"
23:07:57.428 [pool-2-thread-2] DEBUG org.apache.http.wire -- http-outgoing-149 >> "User-Agent: Apache-HttpClient/4.5.14 (Java/17.0.9)[\r][\n]"
23:07:57.428 [pool-2-thread-2] DEBUG org.apache.http.wire -- http-outgoing-149 >> "Accept-Encoding: gzip,deflate[\r][\n]"
23:07:57.428 [pool-2-thread-2] DEBUG org.apache.http.wire -- http-outgoing-149 >> "[\r][\n]"
23:07:57.429 [pool-2-thread-2] DEBUG org.apache.http.wire -- http-outgoing-149 >> "{"email":"quang1@gmail.com","password":"quang1"}"
23:07:57.449 [pool-2-thread-6] DEBUG org.apache.http.wire -- http-outgoing-127 << "HTTP/1.1 200 OK[\r][\n]"
23:07:57.449 [pool-2-thread-6] DEBUG org.apache.http.wire -- http-outgoing-127 << "X-Powered-By: Express[\r][\n]"
23:07:57.449 [pool-2-thread-6] DEBUG org.apache.http.wire -- http-outgoing-127 << "Access-Control-Allow-Origin: *[\r][\n]"
23:07:57.449 [pool-2-thread-6] DEBUG org.apache.http.wire -- http-outgoing-127 << "Content-Type: application/json; charset=utf-8[\r][\n]"
23:07:57.449 [pool-2-thread-6] DEBUG org.apache.http.wire -- http-outgoing-127 << "Content-Length: 607[\r][\n]"
23:07:57.449 [pool-2-thread-6] DEBUG org.apache.http.wire -- http-outgoing-127 << "ETag: W/"25f-gL6FokwXoNUmp2e2f/bJmoNbG0c"[\r][\n]"
23:07:57.449 [pool-2-thread-6] DEBUG org.apache.http.wire -- http-outgoing-127 << "Date: Sun, 22 Jun 2025 16:07:57 GMT[\r][\n]"
23:07:57.449 [pool-2-thread-6] DEBUG org.apache.http.wire -- http-outgoing-127 << "Connection: keep-alive[\r][\n]"
23:07:57.449 [pool-2-thread-6] DEBUG org.apache.http.wire -- http-outgoing-127 << "Keep-Alive: timeout=5[\r][\n]"
23:07:57.449 [pool-2-thread-6] DEBUG org.apache.http.wire -- http-outgoing-127 << "[\r][\n]"
23:07:57.449 [pool-2-thread-6] DEBUG org.apache.http.wire -- http-outgoing-127 << "{"access_token":"eyJhbGciOiJIUzI1NiIsInR5cCI6IkpXVCJ9.eyJzdWIiOiI5YTI2OTc2Yy0xNTMyLTRkZjMtYTE2ZS03NjMxNTI1Yzg1MDIiLCJ1c2VybmFtZSI6ImpvaG5kb2UyZDUiLCJyb2xlIjowLCJpYXQiOjE3NTA2MDg0NzcsImV4cCI6MTc1MDYxMjA3N30.8Y-JdZ8pfzFD1nNEiA3GA3jDW4D7O_1kwDStE1Tf0wo","refresh_token":"35577a43209989b8ef139f2b6801889494b74c4e4e6c8ece4814a61074715ce6","user":{"id":"9a26976c-1532-4df3-a16e-7631525c8502","email":"testit4@gmail.com","username":"johndoe2d5","name":"John Doe","phoneNumber":"0123456212","profilePic":null,"bio":null,"private":false,"verified":false,"role":0,"followersCount":0,"followingCount":0,"postCount":0}}"
23:07:57.449 [pool-2-thread-6] DEBUG org.apache.http.headers -- http-outgoing-127 << HTTP/1.1 200 OK
23:07:57.449 [pool-2-thread-6] DEBUG org.apache.http.headers -- http-outgoing-127 << X-Powered-By: Express
23:07:57.449 [pool-2-thread-6] DEBUG org.apache.http.headers -- http-outgoing-127 << Access-Control-Allow-Origin: *
23:07:57.449 [pool-2-thread-6] DEBUG org.apache.http.headers -- http-outgoing-127 << Content-Type: application/json; charset=utf-8
23:07:57.449 [pool-2-thread-6] DEBUG org.apache.http.headers -- http-outgoing-127 << Content-Length: 607
23:07:57.449 [pool-2-thread-6] DEBUG org.apache.http.headers -- http-outgoing-127 << ETag: W/"25f-gL6FokwXoNUmp2e2f/bJmoNbG0c"
23:07:57.449 [pool-2-thread-6] DEBUG org.apache.http.headers -- http-outgoing-127 << Date: Sun, 22 Jun 2025 16:07:57 GMT
23:07:57.449 [pool-2-thread-6] DEBUG org.apache.http.headers -- http-outgoing-127 << Connection: keep-alive
23:07:57.449 [pool-2-thread-6] DEBUG org.apache.http.headers -- http-outgoing-127 << Keep-Alive: timeout=5
23:07:57.449 [pool-2-thread-6] DEBUG org.apache.http.impl.execchain.MainClientExec -- Connection can be kept alive for 5000 MILLISECONDS
23:07:57.449 [pool-2-thread-6] DEBUG org.apache.http.impl.conn.PoolingHttpClientConnectionManager -- Connection [id: 127][route: {}->http://localhost:3000] can be kept alive for 5.0 seconds
23:07:57.449 [pool-2-thread-6] DEBUG org.apache.http.impl.conn.DefaultManagedHttpClientConnection -- http-outgoing-127: set socket timeout to 0
23:07:57.449 [pool-2-thread-6] DEBUG org.apache.http.impl.conn.PoolingHttpClientConnectionManager -- Connection released: [id: 127][route: {}->http://localhost:3000][total available: 1; route allocated: 1 of 5; total allocated: 1 of 10]
23:07:57.449 [pool-2-thread-6] DEBUG org.apache.http.impl.conn.PoolingHttpClientConnectionManager -- Connection manager is shutting down
23:07:57.450 [pool-2-thread-6] DEBUG org.apache.http.impl.conn.DefaultManagedHttpClientConnection -- http-outgoing-127: Close connection
23:07:57.450 [pool-2-thread-6] DEBUG org.apache.http.impl.conn.PoolingHttpClientConnectionManager -- Connection manager shut down
23:07:57.450 [pool-2-thread-6] DEBUG com.intuit.karate -- response time in milliseconds: 1287
6 < 200
6 < X-Powered-By: Express
6 < Access-Control-Allow-Origin: *
6 < Content-Type: application/json; charset=utf-8
6 < Content-Length: 607
6 < ETag: W/"25f-gL6FokwXoNUmp2e2f/bJmoNbG0c"
6 < Date: Sun, 22 Jun 2025 16:07:57 GMT
6 < Connection: keep-alive
6 < Keep-Alive: timeout=5
{"access_token":"eyJhbGciOiJIUzI1NiIsInR5cCI6IkpXVCJ9.eyJzdWIiOiI5YTI2OTc2Yy0xNTMyLTRkZjMtYTE2ZS03NjMxNTI1Yzg1MDIiLCJ1c2VybmFtZSI6ImpvaG5kb2UyZDUiLCJyb2xlIjowLCJpYXQiOjE3NTA2MDg0NzcsImV4cCI6MTc1MDYxMjA3N30.8Y-JdZ8pfzFD1nNEiA3GA3jDW4D7O_1kwDStE1Tf0wo","refresh_token":"35577a43209989b8ef139f2b6801889494b74c4e4e6c8ece4814a61074715ce6","user":{"id":"9a26976c-1532-4df3-a16e-7631525c8502","email":"testit4@gmail.com","username":"johndoe2d5","name":"John Doe","phoneNumber":"0123456212","profilePic":null,"bio":null,"private":false,"verified":false,"role":0,"followersCount":0,"followingCount":0,"postCount":0}}

23:07:57.452 [pool-2-thread-6] INFO com.intuit.karate -- [print] Call 6 completed, status: 200 
23:07:57.452 [pool-2-thread-6] INFO com.intuit.karate -- [print] *** API CALL 7 *** 
23:07:57.453 [pool-2-thread-6] DEBUG org.apache.http.client.protocol.RequestAddCookies -- CookieSpec selected: karate
23:07:57.453 [pool-2-thread-6] DEBUG org.apache.http.client.protocol.RequestAuthCache -- Auth cache not set in the context
23:07:57.453 [pool-2-thread-6] DEBUG com.intuit.karate -- request:
7 > POST http://localhost:3000/auth/login
7 > Content-Type: application/json; charset=UTF-8
7 > Content-Length: 54
7 > Host: localhost:3000
7 > Connection: Keep-Alive
7 > User-Agent: Apache-HttpClient/4.5.14 (Java/17.0.9)
7 > Accept-Encoding: gzip,deflate
{"email":"testit4@gmail.com","password":"Password123"}

23:07:57.455 [pool-2-thread-6] DEBUG org.apache.http.impl.conn.PoolingHttpClientConnectionManager -- Connection request: [route: {}->http://localhost:3000][total available: 0; route allocated: 0 of 5; total allocated: 0 of 10]
23:07:57.455 [pool-2-thread-6] DEBUG org.apache.http.impl.conn.PoolingHttpClientConnectionManager -- Connection leased: [id: 150][route: {}->http://localhost:3000][total available: 0; route allocated: 1 of 5; total allocated: 1 of 10]
23:07:57.455 [pool-2-thread-6] DEBUG org.apache.http.impl.execchain.MainClientExec -- Opening connection {}->http://localhost:3000
23:07:57.455 [pool-2-thread-6] DEBUG org.apache.http.impl.conn.DefaultHttpClientConnectionOperator -- Connecting to localhost/127.0.0.1:3000
23:07:57.455 [pool-2-thread-6] DEBUG org.apache.http.impl.conn.DefaultHttpClientConnectionOperator -- Connection established 127.0.0.1:52817<->127.0.0.1:3000
23:07:57.455 [pool-2-thread-6] DEBUG org.apache.http.impl.conn.DefaultManagedHttpClientConnection -- http-outgoing-150: set socket timeout to 30000
23:07:57.455 [pool-2-thread-6] DEBUG org.apache.http.impl.execchain.MainClientExec -- Executing request POST /auth/login HTTP/1.1
23:07:57.455 [pool-2-thread-6] DEBUG org.apache.http.impl.execchain.MainClientExec -- Target auth state: UNCHALLENGED
23:07:57.455 [pool-2-thread-6] DEBUG org.apache.http.impl.execchain.MainClientExec -- Proxy auth state: UNCHALLENGED
23:07:57.455 [pool-2-thread-6] DEBUG org.apache.http.headers -- http-outgoing-150 >> POST /auth/login HTTP/1.1
23:07:57.455 [pool-2-thread-6] DEBUG org.apache.http.headers -- http-outgoing-150 >> Content-Type: application/json; charset=UTF-8
23:07:57.455 [pool-2-thread-6] DEBUG org.apache.http.headers -- http-outgoing-150 >> Content-Length: 54
23:07:57.455 [pool-2-thread-6] DEBUG org.apache.http.headers -- http-outgoing-150 >> Host: localhost:3000
23:07:57.455 [pool-2-thread-6] DEBUG org.apache.http.headers -- http-outgoing-150 >> Connection: Keep-Alive
23:07:57.455 [pool-2-thread-6] DEBUG org.apache.http.headers -- http-outgoing-150 >> User-Agent: Apache-HttpClient/4.5.14 (Java/17.0.9)
23:07:57.456 [pool-2-thread-6] DEBUG org.apache.http.headers -- http-outgoing-150 >> Accept-Encoding: gzip,deflate
23:07:57.456 [pool-2-thread-6] DEBUG org.apache.http.wire -- http-outgoing-150 >> "POST /auth/login HTTP/1.1[\r][\n]"
23:07:57.456 [pool-2-thread-6] DEBUG org.apache.http.wire -- http-outgoing-150 >> "Content-Type: application/json; charset=UTF-8[\r][\n]"
23:07:57.456 [pool-2-thread-6] DEBUG org.apache.http.wire -- http-outgoing-150 >> "Content-Length: 54[\r][\n]"
23:07:57.456 [pool-2-thread-6] DEBUG org.apache.http.wire -- http-outgoing-150 >> "Host: localhost:3000[\r][\n]"
23:07:57.456 [pool-2-thread-6] DEBUG org.apache.http.wire -- http-outgoing-150 >> "Connection: Keep-Alive[\r][\n]"
23:07:57.456 [pool-2-thread-6] DEBUG org.apache.http.wire -- http-outgoing-150 >> "User-Agent: Apache-HttpClient/4.5.14 (Java/17.0.9)[\r][\n]"
23:07:57.456 [pool-2-thread-6] DEBUG org.apache.http.wire -- http-outgoing-150 >> "Accept-Encoding: gzip,deflate[\r][\n]"
23:07:57.456 [pool-2-thread-6] DEBUG org.apache.http.wire -- http-outgoing-150 >> "[\r][\n]"
23:07:57.456 [pool-2-thread-6] DEBUG org.apache.http.wire -- http-outgoing-150 >> "{"email":"testit4@gmail.com","password":"Password123"}"
23:07:58.153 [pool-2-thread-18] DEBUG org.apache.http.wire -- http-outgoing-124 << "HTTP/1.1 200 OK[\r][\n]"
23:07:58.153 [pool-2-thread-18] DEBUG org.apache.http.wire -- http-outgoing-124 << "X-Powered-By: Express[\r][\n]"
23:07:58.153 [pool-2-thread-18] DEBUG org.apache.http.wire -- http-outgoing-124 << "Access-Control-Allow-Origin: *[\r][\n]"
23:07:58.153 [pool-2-thread-18] DEBUG org.apache.http.wire -- http-outgoing-124 << "Content-Type: application/json; charset=utf-8[\r][\n]"
23:07:58.153 [pool-2-thread-18] DEBUG org.apache.http.wire -- http-outgoing-124 << "Content-Length: 609[\r][\n]"
23:07:58.153 [pool-2-thread-18] DEBUG org.apache.http.wire -- http-outgoing-124 << "ETag: W/"261-mvqL/ED6b+BLtWOvYrS1etGZ39U"[\r][\n]"
23:07:58.153 [pool-2-thread-18] DEBUG org.apache.http.wire -- http-outgoing-124 << "Date: Sun, 22 Jun 2025 16:07:58 GMT[\r][\n]"
23:07:58.153 [pool-2-thread-18] DEBUG org.apache.http.wire -- http-outgoing-124 << "Connection: keep-alive[\r][\n]"
23:07:58.153 [pool-2-thread-18] DEBUG org.apache.http.wire -- http-outgoing-124 << "Keep-Alive: timeout=5[\r][\n]"
23:07:58.153 [pool-2-thread-18] DEBUG org.apache.http.wire -- http-outgoing-124 << "[\r][\n]"
23:07:58.153 [pool-2-thread-18] DEBUG org.apache.http.wire -- http-outgoing-124 << "{"access_token":"eyJhbGciOiJIUzI1NiIsInR5cCI6IkpXVCJ9.eyJzdWIiOiIyNzJmNmI1NS01MTc5LTRhZTMtODU2My1iNGVjMTBmNzY3MTUiLCJ1c2VybmFtZSI6ImpvaG5kb2UyZDVkIiwicm9sZSI6MCwiaWF0IjoxNzUwNjA4NDc3LCJleHAiOjE3NTA2MTIwNzd9.LlnHUoZAgJUuFP36kVHeUJYuBWu5fevz0VTVGfHqdcE","refresh_token":"90afdae91e458bdf73eecf93319a3cefef5885364c981333ec7efc38fc9a442f","user":{"id":"272f6b55-5179-4ae3-8563-b4ec10f76715","email":"testit5@gmail.com","username":"johndoe2d5d","name":"John Doe","phoneNumber":"0123456132","profilePic":null,"bio":null,"private":false,"verified":false,"role":0,"followersCount":0,"followingCount":0,"postCount":0}}"
23:07:58.153 [pool-2-thread-18] DEBUG org.apache.http.headers -- http-outgoing-124 << HTTP/1.1 200 OK
23:07:58.153 [pool-2-thread-18] DEBUG org.apache.http.headers -- http-outgoing-124 << X-Powered-By: Express
23:07:58.153 [pool-2-thread-18] DEBUG org.apache.http.headers -- http-outgoing-124 << Access-Control-Allow-Origin: *
23:07:58.153 [pool-2-thread-18] DEBUG org.apache.http.headers -- http-outgoing-124 << Content-Type: application/json; charset=utf-8
23:07:58.153 [pool-2-thread-18] DEBUG org.apache.http.headers -- http-outgoing-124 << Content-Length: 609
23:07:58.153 [pool-2-thread-18] DEBUG org.apache.http.headers -- http-outgoing-124 << ETag: W/"261-mvqL/ED6b+BLtWOvYrS1etGZ39U"
23:07:58.153 [pool-2-thread-18] DEBUG org.apache.http.headers -- http-outgoing-124 << Date: Sun, 22 Jun 2025 16:07:58 GMT
23:07:58.153 [pool-2-thread-18] DEBUG org.apache.http.headers -- http-outgoing-124 << Connection: keep-alive
23:07:58.153 [pool-2-thread-18] DEBUG org.apache.http.headers -- http-outgoing-124 << Keep-Alive: timeout=5
23:07:58.153 [pool-2-thread-18] DEBUG org.apache.http.impl.execchain.MainClientExec -- Connection can be kept alive for 5000 MILLISECONDS
23:07:58.153 [pool-2-thread-18] DEBUG org.apache.http.impl.conn.PoolingHttpClientConnectionManager -- Connection [id: 124][route: {}->http://localhost:3000] can be kept alive for 5.0 seconds
23:07:58.153 [pool-2-thread-18] DEBUG org.apache.http.impl.conn.DefaultManagedHttpClientConnection -- http-outgoing-124: set socket timeout to 0
23:07:58.153 [pool-2-thread-18] DEBUG org.apache.http.impl.conn.PoolingHttpClientConnectionManager -- Connection released: [id: 124][route: {}->http://localhost:3000][total available: 1; route allocated: 1 of 5; total allocated: 1 of 10]
23:07:58.153 [pool-2-thread-18] DEBUG org.apache.http.impl.conn.PoolingHttpClientConnectionManager -- Connection manager is shutting down
23:07:58.153 [pool-2-thread-18] DEBUG org.apache.http.impl.conn.DefaultManagedHttpClientConnection -- http-outgoing-124: Close connection
23:07:58.153 [pool-2-thread-18] DEBUG org.apache.http.impl.conn.PoolingHttpClientConnectionManager -- Connection manager shut down
23:07:58.154 [pool-2-thread-18] DEBUG com.intuit.karate -- response time in milliseconds: 2899
5 < 200
5 < X-Powered-By: Express
5 < Access-Control-Allow-Origin: *
5 < Content-Type: application/json; charset=utf-8
5 < Content-Length: 609
5 < ETag: W/"261-mvqL/ED6b+BLtWOvYrS1etGZ39U"
5 < Date: Sun, 22 Jun 2025 16:07:58 GMT
5 < Connection: keep-alive
5 < Keep-Alive: timeout=5
{"access_token":"eyJhbGciOiJIUzI1NiIsInR5cCI6IkpXVCJ9.eyJzdWIiOiIyNzJmNmI1NS01MTc5LTRhZTMtODU2My1iNGVjMTBmNzY3MTUiLCJ1c2VybmFtZSI6ImpvaG5kb2UyZDVkIiwicm9sZSI6MCwiaWF0IjoxNzUwNjA4NDc3LCJleHAiOjE3NTA2MTIwNzd9.LlnHUoZAgJUuFP36kVHeUJYuBWu5fevz0VTVGfHqdcE","refresh_token":"90afdae91e458bdf73eecf93319a3cefef5885364c981333ec7efc38fc9a442f","user":{"id":"272f6b55-5179-4ae3-8563-b4ec10f76715","email":"testit5@gmail.com","username":"johndoe2d5d","name":"John Doe","phoneNumber":"0123456132","profilePic":null,"bio":null,"private":false,"verified":false,"role":0,"followersCount":0,"followingCount":0,"postCount":0}}

23:07:58.154 [pool-2-thread-18] INFO com.intuit.karate -- [print] Call 5 completed, status: 200 
23:07:58.156 [pool-2-thread-18] INFO com.intuit.karate -- [print] *** API CALL 6 *** 
23:07:58.156 [pool-2-thread-18] DEBUG org.apache.http.client.protocol.RequestAddCookies -- CookieSpec selected: karate
23:07:58.156 [pool-2-thread-18] DEBUG org.apache.http.client.protocol.RequestAuthCache -- Auth cache not set in the context
23:07:58.156 [pool-2-thread-18] DEBUG com.intuit.karate -- request:
6 > POST http://localhost:3000/auth/login
6 > Content-Type: application/json; charset=UTF-8
6 > Content-Length: 54
6 > Host: localhost:3000
6 > Connection: Keep-Alive
6 > User-Agent: Apache-HttpClient/4.5.14 (Java/17.0.9)
6 > Accept-Encoding: gzip,deflate
{"email":"testit5@gmail.com","password":"Password123"}

23:07:58.156 [pool-2-thread-18] DEBUG org.apache.http.impl.conn.PoolingHttpClientConnectionManager -- Connection request: [route: {}->http://localhost:3000][total available: 0; route allocated: 0 of 5; total allocated: 0 of 10]
23:07:58.156 [pool-2-thread-18] DEBUG org.apache.http.impl.conn.PoolingHttpClientConnectionManager -- Connection leased: [id: 151][route: {}->http://localhost:3000][total available: 0; route allocated: 1 of 5; total allocated: 1 of 10]
23:07:58.156 [pool-2-thread-18] DEBUG org.apache.http.impl.execchain.MainClientExec -- Opening connection {}->http://localhost:3000
23:07:58.156 [pool-2-thread-18] DEBUG org.apache.http.impl.conn.DefaultHttpClientConnectionOperator -- Connecting to localhost/127.0.0.1:3000
23:07:58.157 [pool-2-thread-18] DEBUG org.apache.http.impl.conn.DefaultHttpClientConnectionOperator -- Connection established 127.0.0.1:52818<->127.0.0.1:3000
23:07:58.157 [pool-2-thread-18] DEBUG org.apache.http.impl.conn.DefaultManagedHttpClientConnection -- http-outgoing-151: set socket timeout to 30000
23:07:58.157 [pool-2-thread-18] DEBUG org.apache.http.impl.execchain.MainClientExec -- Executing request POST /auth/login HTTP/1.1
23:07:58.157 [pool-2-thread-18] DEBUG org.apache.http.impl.execchain.MainClientExec -- Target auth state: UNCHALLENGED
23:07:58.157 [pool-2-thread-18] DEBUG org.apache.http.impl.execchain.MainClientExec -- Proxy auth state: UNCHALLENGED
23:07:58.157 [pool-2-thread-18] DEBUG org.apache.http.headers -- http-outgoing-151 >> POST /auth/login HTTP/1.1
23:07:58.157 [pool-2-thread-18] DEBUG org.apache.http.headers -- http-outgoing-151 >> Content-Type: application/json; charset=UTF-8
23:07:58.157 [pool-2-thread-18] DEBUG org.apache.http.headers -- http-outgoing-151 >> Content-Length: 54
23:07:58.157 [pool-2-thread-18] DEBUG org.apache.http.headers -- http-outgoing-151 >> Host: localhost:3000
23:07:58.157 [pool-2-thread-18] DEBUG org.apache.http.headers -- http-outgoing-151 >> Connection: Keep-Alive
23:07:58.157 [pool-2-thread-18] DEBUG org.apache.http.headers -- http-outgoing-151 >> User-Agent: Apache-HttpClient/4.5.14 (Java/17.0.9)
23:07:58.157 [pool-2-thread-18] DEBUG org.apache.http.headers -- http-outgoing-151 >> Accept-Encoding: gzip,deflate
23:07:58.157 [pool-2-thread-18] DEBUG org.apache.http.wire -- http-outgoing-151 >> "POST /auth/login HTTP/1.1[\r][\n]"
23:07:58.157 [pool-2-thread-18] DEBUG org.apache.http.wire -- http-outgoing-151 >> "Content-Type: application/json; charset=UTF-8[\r][\n]"
23:07:58.157 [pool-2-thread-18] DEBUG org.apache.http.wire -- http-outgoing-151 >> "Content-Length: 54[\r][\n]"
23:07:58.157 [pool-2-thread-18] DEBUG org.apache.http.wire -- http-outgoing-151 >> "Host: localhost:3000[\r][\n]"
23:07:58.157 [pool-2-thread-18] DEBUG org.apache.http.wire -- http-outgoing-151 >> "Connection: Keep-Alive[\r][\n]"
23:07:58.157 [pool-2-thread-18] DEBUG org.apache.http.wire -- http-outgoing-151 >> "User-Agent: Apache-HttpClient/4.5.14 (Java/17.0.9)[\r][\n]"
23:07:58.157 [pool-2-thread-18] DEBUG org.apache.http.wire -- http-outgoing-151 >> "Accept-Encoding: gzip,deflate[\r][\n]"
23:07:58.157 [pool-2-thread-18] DEBUG org.apache.http.wire -- http-outgoing-151 >> "[\r][\n]"
23:07:58.157 [pool-2-thread-18] DEBUG org.apache.http.wire -- http-outgoing-151 >> "{"email":"testit5@gmail.com","password":"Password123"}"
23:07:58.161 [pool-2-thread-3] DEBUG org.apache.http.wire -- http-outgoing-126 << "HTTP/1.1 200 OK[\r][\n]"
23:07:58.161 [pool-2-thread-3] DEBUG org.apache.http.wire -- http-outgoing-126 << "X-Powered-By: Express[\r][\n]"
23:07:58.161 [pool-2-thread-3] DEBUG org.apache.http.wire -- http-outgoing-126 << "Access-Control-Allow-Origin: *[\r][\n]"
23:07:58.161 [pool-2-thread-3] DEBUG org.apache.http.wire -- http-outgoing-126 << "Content-Type: application/json; charset=utf-8[\r][\n]"
23:07:58.161 [pool-2-thread-3] DEBUG org.apache.http.wire -- http-outgoing-126 << "Content-Length: 599[\r][\n]"
23:07:58.161 [pool-2-thread-3] DEBUG org.apache.http.wire -- http-outgoing-126 << "ETag: W/"257-k4irJPIrFA/EQp4hFzeKlRknAUQ"[\r][\n]"
23:07:58.161 [pool-2-thread-3] DEBUG org.apache.http.wire -- http-outgoing-126 << "Date: Sun, 22 Jun 2025 16:07:58 GMT[\r][\n]"
23:07:58.161 [pool-2-thread-3] DEBUG org.apache.http.wire -- http-outgoing-126 << "Connection: keep-alive[\r][\n]"
23:07:58.161 [pool-2-thread-3] DEBUG org.apache.http.wire -- http-outgoing-126 << "Keep-Alive: timeout=5[\r][\n]"
23:07:58.161 [pool-2-thread-3] DEBUG org.apache.http.wire -- http-outgoing-126 << "[\r][\n]"
23:07:58.161 [pool-2-thread-3] DEBUG org.apache.http.wire -- http-outgoing-126 << "{"access_token":"eyJhbGciOiJIUzI1NiIsInR5cCI6IkpXVCJ9.eyJzdWIiOiIyZGRhMDQzOS01MTgwLTQ1YWEtOTE3Zi1lNjMyZTQ1YThlNDEiLCJ1c2VybmFtZSI6ImpvaG5kb2UiLCJyb2xlIjowLCJpYXQiOjE3NTA2MDg0NzcsImV4cCI6MTc1MDYxMjA3N30.SDk15rv7JtGbRXiEMDWMXtmu6JKXhngv-NWTFlZbj1E","refresh_token":"dfaa777b1a7c1cb832876b89c87649dc8cfef8945c9e244882b7b0d9613e36d0","user":{"id":"2dda0439-5180-45aa-917f-e632e45a8e41","email":"test@example.com","username":"johndoe","name":"John Doe","phoneNumber":"0987654321","profilePic":null,"bio":null,"private":false,"verified":false,"role":0,"followersCount":0,"followingCount":0,"postCount":0}}"
23:07:58.161 [pool-2-thread-3] DEBUG org.apache.http.headers -- http-outgoing-126 << HTTP/1.1 200 OK
23:07:58.161 [pool-2-thread-3] DEBUG org.apache.http.headers -- http-outgoing-126 << X-Powered-By: Express
23:07:58.161 [pool-2-thread-3] DEBUG org.apache.http.headers -- http-outgoing-126 << Access-Control-Allow-Origin: *
23:07:58.161 [pool-2-thread-3] DEBUG org.apache.http.headers -- http-outgoing-126 << Content-Type: application/json; charset=utf-8
23:07:58.161 [pool-2-thread-3] DEBUG org.apache.http.headers -- http-outgoing-126 << Content-Length: 599
23:07:58.161 [pool-2-thread-3] DEBUG org.apache.http.headers -- http-outgoing-126 << ETag: W/"257-k4irJPIrFA/EQp4hFzeKlRknAUQ"
23:07:58.161 [pool-2-thread-3] DEBUG org.apache.http.headers -- http-outgoing-126 << Date: Sun, 22 Jun 2025 16:07:58 GMT
23:07:58.161 [pool-2-thread-3] DEBUG org.apache.http.headers -- http-outgoing-126 << Connection: keep-alive
23:07:58.161 [pool-2-thread-3] DEBUG org.apache.http.headers -- http-outgoing-126 << Keep-Alive: timeout=5
23:07:58.161 [pool-2-thread-3] DEBUG org.apache.http.impl.execchain.MainClientExec -- Connection can be kept alive for 5000 MILLISECONDS
23:07:58.162 [pool-2-thread-3] DEBUG org.apache.http.impl.conn.PoolingHttpClientConnectionManager -- Connection [id: 126][route: {}->http://localhost:3000] can be kept alive for 5.0 seconds
23:07:58.162 [pool-2-thread-3] DEBUG org.apache.http.impl.conn.DefaultManagedHttpClientConnection -- http-outgoing-126: set socket timeout to 0
23:07:58.162 [pool-2-thread-3] DEBUG org.apache.http.impl.conn.PoolingHttpClientConnectionManager -- Connection released: [id: 126][route: {}->http://localhost:3000][total available: 1; route allocated: 1 of 5; total allocated: 1 of 10]
23:07:58.162 [pool-2-thread-3] DEBUG org.apache.http.impl.conn.PoolingHttpClientConnectionManager -- Connection manager is shutting down
23:07:58.162 [pool-2-thread-3] DEBUG org.apache.http.impl.conn.DefaultManagedHttpClientConnection -- http-outgoing-126: Close connection
23:07:58.162 [pool-2-thread-3] DEBUG org.apache.http.impl.conn.PoolingHttpClientConnectionManager -- Connection manager shut down
23:07:58.162 [pool-2-thread-3] DEBUG com.intuit.karate -- response time in milliseconds: 2008
6 < 200
6 < X-Powered-By: Express
6 < Access-Control-Allow-Origin: *
6 < Content-Type: application/json; charset=utf-8
6 < Content-Length: 599
6 < ETag: W/"257-k4irJPIrFA/EQp4hFzeKlRknAUQ"
6 < Date: Sun, 22 Jun 2025 16:07:58 GMT
6 < Connection: keep-alive
6 < Keep-Alive: timeout=5
{"access_token":"eyJhbGciOiJIUzI1NiIsInR5cCI6IkpXVCJ9.eyJzdWIiOiIyZGRhMDQzOS01MTgwLTQ1YWEtOTE3Zi1lNjMyZTQ1YThlNDEiLCJ1c2VybmFtZSI6ImpvaG5kb2UiLCJyb2xlIjowLCJpYXQiOjE3NTA2MDg0NzcsImV4cCI6MTc1MDYxMjA3N30.SDk15rv7JtGbRXiEMDWMXtmu6JKXhngv-NWTFlZbj1E","refresh_token":"dfaa777b1a7c1cb832876b89c87649dc8cfef8945c9e244882b7b0d9613e36d0","user":{"id":"2dda0439-5180-45aa-917f-e632e45a8e41","email":"test@example.com","username":"johndoe","name":"John Doe","phoneNumber":"0987654321","profilePic":null,"bio":null,"private":false,"verified":false,"role":0,"followersCount":0,"followingCount":0,"postCount":0}}

23:07:58.163 [pool-2-thread-3] INFO com.intuit.karate -- [print] Call 6 completed, status: 200 
23:07:58.163 [pool-2-thread-3] INFO com.intuit.karate -- [print] *** API CALL 7 *** 
23:07:58.163 [pool-2-thread-3] DEBUG org.apache.http.client.protocol.RequestAddCookies -- CookieSpec selected: karate
23:07:58.163 [pool-2-thread-3] DEBUG org.apache.http.client.protocol.RequestAuthCache -- Auth cache not set in the context
23:07:58.163 [pool-2-thread-3] DEBUG com.intuit.karate -- request:
7 > POST http://localhost:3000/auth/login
7 > Content-Type: application/json; charset=UTF-8
7 > Content-Length: 53
7 > Host: localhost:3000
7 > Connection: Keep-Alive
7 > User-Agent: Apache-HttpClient/4.5.14 (Java/17.0.9)
7 > Accept-Encoding: gzip,deflate
{"email":"test@example.com","password":"Password123"}

23:07:58.163 [pool-2-thread-3] DEBUG org.apache.http.impl.conn.PoolingHttpClientConnectionManager -- Connection request: [route: {}->http://localhost:3000][total available: 0; route allocated: 0 of 5; total allocated: 0 of 10]
23:07:58.163 [pool-2-thread-3] DEBUG org.apache.http.impl.conn.PoolingHttpClientConnectionManager -- Connection leased: [id: 152][route: {}->http://localhost:3000][total available: 0; route allocated: 1 of 5; total allocated: 1 of 10]
23:07:58.164 [pool-2-thread-3] DEBUG org.apache.http.impl.execchain.MainClientExec -- Opening connection {}->http://localhost:3000
23:07:58.164 [pool-2-thread-3] DEBUG org.apache.http.impl.conn.DefaultHttpClientConnectionOperator -- Connecting to localhost/127.0.0.1:3000
23:07:58.164 [pool-2-thread-3] DEBUG org.apache.http.impl.conn.DefaultHttpClientConnectionOperator -- Connection established 127.0.0.1:52819<->127.0.0.1:3000
23:07:58.164 [pool-2-thread-3] DEBUG org.apache.http.impl.conn.DefaultManagedHttpClientConnection -- http-outgoing-152: set socket timeout to 30000
23:07:58.164 [pool-2-thread-3] DEBUG org.apache.http.impl.execchain.MainClientExec -- Executing request POST /auth/login HTTP/1.1
23:07:58.164 [pool-2-thread-3] DEBUG org.apache.http.impl.execchain.MainClientExec -- Target auth state: UNCHALLENGED
23:07:58.164 [pool-2-thread-3] DEBUG org.apache.http.impl.execchain.MainClientExec -- Proxy auth state: UNCHALLENGED
23:07:58.164 [pool-2-thread-3] DEBUG org.apache.http.headers -- http-outgoing-152 >> POST /auth/login HTTP/1.1
23:07:58.164 [pool-2-thread-3] DEBUG org.apache.http.headers -- http-outgoing-152 >> Content-Type: application/json; charset=UTF-8
23:07:58.164 [pool-2-thread-3] DEBUG org.apache.http.headers -- http-outgoing-152 >> Content-Length: 53
23:07:58.164 [pool-2-thread-3] DEBUG org.apache.http.headers -- http-outgoing-152 >> Host: localhost:3000
23:07:58.164 [pool-2-thread-3] DEBUG org.apache.http.headers -- http-outgoing-152 >> Connection: Keep-Alive
23:07:58.164 [pool-2-thread-3] DEBUG org.apache.http.headers -- http-outgoing-152 >> User-Agent: Apache-HttpClient/4.5.14 (Java/17.0.9)
23:07:58.164 [pool-2-thread-3] DEBUG org.apache.http.headers -- http-outgoing-152 >> Accept-Encoding: gzip,deflate
23:07:58.164 [pool-2-thread-3] DEBUG org.apache.http.wire -- http-outgoing-152 >> "POST /auth/login HTTP/1.1[\r][\n]"
23:07:58.164 [pool-2-thread-3] DEBUG org.apache.http.wire -- http-outgoing-152 >> "Content-Type: application/json; charset=UTF-8[\r][\n]"
23:07:58.164 [pool-2-thread-3] DEBUG org.apache.http.wire -- http-outgoing-152 >> "Content-Length: 53[\r][\n]"
23:07:58.164 [pool-2-thread-3] DEBUG org.apache.http.wire -- http-outgoing-152 >> "Host: localhost:3000[\r][\n]"
23:07:58.164 [pool-2-thread-3] DEBUG org.apache.http.wire -- http-outgoing-152 >> "Connection: Keep-Alive[\r][\n]"
23:07:58.164 [pool-2-thread-3] DEBUG org.apache.http.wire -- http-outgoing-152 >> "User-Agent: Apache-HttpClient/4.5.14 (Java/17.0.9)[\r][\n]"
23:07:58.164 [pool-2-thread-3] DEBUG org.apache.http.wire -- http-outgoing-152 >> "Accept-Encoding: gzip,deflate[\r][\n]"
23:07:58.164 [pool-2-thread-3] DEBUG org.apache.http.wire -- http-outgoing-152 >> "[\r][\n]"
23:07:58.164 [pool-2-thread-3] DEBUG org.apache.http.wire -- http-outgoing-152 >> "{"email":"test@example.com","password":"Password123"}"
23:07:58.248 [pool-2-thread-25] DEBUG org.apache.http.wire -- http-outgoing-133 << "HTTP/1.1 200 OK[\r][\n]"
23:07:58.249 [pool-2-thread-25] DEBUG org.apache.http.wire -- http-outgoing-133 << "X-Powered-By: Express[\r][\n]"
23:07:58.249 [pool-2-thread-25] DEBUG org.apache.http.wire -- http-outgoing-133 << "Access-Control-Allow-Origin: *[\r][\n]"
23:07:58.249 [pool-2-thread-25] DEBUG org.apache.http.wire -- http-outgoing-133 << "Content-Type: application/json; charset=utf-8[\r][\n]"
23:07:58.249 [pool-2-thread-25] DEBUG org.apache.http.wire -- http-outgoing-133 << "Content-Length: 607[\r][\n]"
23:07:58.249 [pool-2-thread-25] DEBUG org.apache.http.wire -- http-outgoing-133 << "ETag: W/"25f-IXBSz1nU21F3BkOwSbYxVEbkI6M"[\r][\n]"
23:07:58.249 [pool-2-thread-25] DEBUG org.apache.http.wire -- http-outgoing-133 << "Date: Sun, 22 Jun 2025 16:07:58 GMT[\r][\n]"
23:07:58.249 [pool-2-thread-25] DEBUG org.apache.http.wire -- http-outgoing-133 << "Connection: keep-alive[\r][\n]"
23:07:58.249 [pool-2-thread-25] DEBUG org.apache.http.wire -- http-outgoing-133 << "Keep-Alive: timeout=5[\r][\n]"
23:07:58.249 [pool-2-thread-25] DEBUG org.apache.http.wire -- http-outgoing-133 << "[\r][\n]"
23:07:58.249 [pool-2-thread-25] DEBUG org.apache.http.wire -- http-outgoing-133 << "{"access_token":"eyJhbGciOiJIUzI1NiIsInR5cCI6IkpXVCJ9.eyJzdWIiOiJjMjE0MjJkZi1jY2VjLTQ0MGUtOWE0Mi1jMWI4MmFiZjczM2QiLCJ1c2VybmFtZSI6ImpvaG5kb2UyOCIsInJvbGUiOjAsImlhdCI6MTc1MDYwODQ3NywiZXhwIjoxNzUwNjEyMDc3fQ.2B8gJo1EA1gFkQ02mmK1AtgMrpi4PSLlY7Pjs4__hvI","refresh_token":"372997fe488e948fae8f190caf2e5a693cf721f6dff050adb1d25e76c2edb461","user":{"id":"c21422df-ccec-440e-9a42-c1b82abf733d","email":"test28@example.com","username":"johndoe28","name":"John Doe","phoneNumber":"84987654321","profilePic":null,"bio":null,"private":false,"verified":false,"role":0,"followersCount":0,"followingCount":0,"postCount":0}}"
23:07:58.249 [pool-2-thread-25] DEBUG org.apache.http.headers -- http-outgoing-133 << HTTP/1.1 200 OK
23:07:58.249 [pool-2-thread-25] DEBUG org.apache.http.headers -- http-outgoing-133 << X-Powered-By: Express
23:07:58.249 [pool-2-thread-25] DEBUG org.apache.http.headers -- http-outgoing-133 << Access-Control-Allow-Origin: *
23:07:58.249 [pool-2-thread-25] DEBUG org.apache.http.headers -- http-outgoing-133 << Content-Type: application/json; charset=utf-8
23:07:58.249 [pool-2-thread-25] DEBUG org.apache.http.headers -- http-outgoing-133 << Content-Length: 607
23:07:58.249 [pool-2-thread-25] DEBUG org.apache.http.headers -- http-outgoing-133 << ETag: W/"25f-IXBSz1nU21F3BkOwSbYxVEbkI6M"
23:07:58.249 [pool-2-thread-25] DEBUG org.apache.http.headers -- http-outgoing-133 << Date: Sun, 22 Jun 2025 16:07:58 GMT
23:07:58.249 [pool-2-thread-25] DEBUG org.apache.http.headers -- http-outgoing-133 << Connection: keep-alive
23:07:58.249 [pool-2-thread-25] DEBUG org.apache.http.headers -- http-outgoing-133 << Keep-Alive: timeout=5
23:07:58.249 [pool-2-thread-25] DEBUG org.apache.http.impl.execchain.MainClientExec -- Connection can be kept alive for 5000 MILLISECONDS
23:07:58.249 [pool-2-thread-25] DEBUG org.apache.http.impl.conn.PoolingHttpClientConnectionManager -- Connection [id: 133][route: {}->http://localhost:3000] can be kept alive for 5.0 seconds
23:07:58.249 [pool-2-thread-25] DEBUG org.apache.http.impl.conn.DefaultManagedHttpClientConnection -- http-outgoing-133: set socket timeout to 0
23:07:58.249 [pool-2-thread-25] DEBUG org.apache.http.impl.conn.PoolingHttpClientConnectionManager -- Connection released: [id: 133][route: {}->http://localhost:3000][total available: 1; route allocated: 1 of 5; total allocated: 1 of 10]
23:07:58.249 [pool-2-thread-25] DEBUG org.apache.http.impl.conn.PoolingHttpClientConnectionManager -- Connection manager is shutting down
23:07:58.249 [pool-2-thread-25] DEBUG org.apache.http.impl.conn.DefaultManagedHttpClientConnection -- http-outgoing-133: Close connection
23:07:58.249 [pool-2-thread-25] DEBUG org.apache.http.impl.conn.PoolingHttpClientConnectionManager -- Connection manager shut down
23:07:58.249 [pool-2-thread-25] DEBUG com.intuit.karate -- response time in milliseconds: 1993
7 < 200
7 < X-Powered-By: Express
7 < Access-Control-Allow-Origin: *
7 < Content-Type: application/json; charset=utf-8
7 < Content-Length: 607
7 < ETag: W/"25f-IXBSz1nU21F3BkOwSbYxVEbkI6M"
7 < Date: Sun, 22 Jun 2025 16:07:58 GMT
7 < Connection: keep-alive
7 < Keep-Alive: timeout=5
{"access_token":"eyJhbGciOiJIUzI1NiIsInR5cCI6IkpXVCJ9.eyJzdWIiOiJjMjE0MjJkZi1jY2VjLTQ0MGUtOWE0Mi1jMWI4MmFiZjczM2QiLCJ1c2VybmFtZSI6ImpvaG5kb2UyOCIsInJvbGUiOjAsImlhdCI6MTc1MDYwODQ3NywiZXhwIjoxNzUwNjEyMDc3fQ.2B8gJo1EA1gFkQ02mmK1AtgMrpi4PSLlY7Pjs4__hvI","refresh_token":"372997fe488e948fae8f190caf2e5a693cf721f6dff050adb1d25e76c2edb461","user":{"id":"c21422df-ccec-440e-9a42-c1b82abf733d","email":"test28@example.com","username":"johndoe28","name":"John Doe","phoneNumber":"84987654321","profilePic":null,"bio":null,"private":false,"verified":false,"role":0,"followersCount":0,"followingCount":0,"postCount":0}}

23:07:58.250 [pool-2-thread-25] INFO com.intuit.karate -- [print] Call 7 completed, status: 200 
23:07:58.250 [pool-2-thread-25] INFO com.intuit.karate -- [print] *** API CALL 8 *** 
23:07:58.251 [pool-2-thread-25] DEBUG org.apache.http.client.protocol.RequestAddCookies -- CookieSpec selected: karate
23:07:58.251 [pool-2-thread-25] DEBUG org.apache.http.client.protocol.RequestAuthCache -- Auth cache not set in the context
23:07:58.251 [pool-2-thread-25] DEBUG com.intuit.karate -- request:
8 > POST http://localhost:3000/auth/login
8 > Content-Type: application/json; charset=UTF-8
8 > Content-Length: 55
8 > Host: localhost:3000
8 > Connection: Keep-Alive
8 > User-Agent: Apache-HttpClient/4.5.14 (Java/17.0.9)
8 > Accept-Encoding: gzip,deflate
{"email":"test28@example.com","password":"Password123"}

23:07:58.251 [pool-2-thread-25] DEBUG org.apache.http.impl.conn.PoolingHttpClientConnectionManager -- Connection request: [route: {}->http://localhost:3000][total available: 0; route allocated: 0 of 5; total allocated: 0 of 10]
23:07:58.251 [pool-2-thread-25] DEBUG org.apache.http.impl.conn.PoolingHttpClientConnectionManager -- Connection leased: [id: 153][route: {}->http://localhost:3000][total available: 0; route allocated: 1 of 5; total allocated: 1 of 10]
23:07:58.251 [pool-2-thread-25] DEBUG org.apache.http.impl.execchain.MainClientExec -- Opening connection {}->http://localhost:3000
23:07:58.251 [pool-2-thread-25] DEBUG org.apache.http.impl.conn.DefaultHttpClientConnectionOperator -- Connecting to localhost/127.0.0.1:3000
23:07:58.252 [pool-2-thread-25] DEBUG org.apache.http.impl.conn.DefaultHttpClientConnectionOperator -- Connection established 127.0.0.1:52820<->127.0.0.1:3000
23:07:58.252 [pool-2-thread-25] DEBUG org.apache.http.impl.conn.DefaultManagedHttpClientConnection -- http-outgoing-153: set socket timeout to 30000
23:07:58.252 [pool-2-thread-25] DEBUG org.apache.http.impl.execchain.MainClientExec -- Executing request POST /auth/login HTTP/1.1
23:07:58.252 [pool-2-thread-25] DEBUG org.apache.http.impl.execchain.MainClientExec -- Target auth state: UNCHALLENGED
23:07:58.252 [pool-2-thread-25] DEBUG org.apache.http.impl.execchain.MainClientExec -- Proxy auth state: UNCHALLENGED
23:07:58.252 [pool-2-thread-25] DEBUG org.apache.http.headers -- http-outgoing-153 >> POST /auth/login HTTP/1.1
23:07:58.252 [pool-2-thread-25] DEBUG org.apache.http.headers -- http-outgoing-153 >> Content-Type: application/json; charset=UTF-8
23:07:58.252 [pool-2-thread-25] DEBUG org.apache.http.headers -- http-outgoing-153 >> Content-Length: 55
23:07:58.252 [pool-2-thread-25] DEBUG org.apache.http.headers -- http-outgoing-153 >> Host: localhost:3000
23:07:58.252 [pool-2-thread-25] DEBUG org.apache.http.headers -- http-outgoing-153 >> Connection: Keep-Alive
23:07:58.252 [pool-2-thread-25] DEBUG org.apache.http.headers -- http-outgoing-153 >> User-Agent: Apache-HttpClient/4.5.14 (Java/17.0.9)
23:07:58.252 [pool-2-thread-25] DEBUG org.apache.http.headers -- http-outgoing-153 >> Accept-Encoding: gzip,deflate
23:07:58.252 [pool-2-thread-25] DEBUG org.apache.http.wire -- http-outgoing-153 >> "POST /auth/login HTTP/1.1[\r][\n]"
23:07:58.252 [pool-2-thread-25] DEBUG org.apache.http.wire -- http-outgoing-153 >> "Content-Type: application/json; charset=UTF-8[\r][\n]"
23:07:58.252 [pool-2-thread-25] DEBUG org.apache.http.wire -- http-outgoing-153 >> "Content-Length: 55[\r][\n]"
23:07:58.252 [pool-2-thread-25] DEBUG org.apache.http.wire -- http-outgoing-153 >> "Host: localhost:3000[\r][\n]"
23:07:58.252 [pool-2-thread-25] DEBUG org.apache.http.wire -- http-outgoing-153 >> "Connection: Keep-Alive[\r][\n]"
23:07:58.252 [pool-2-thread-25] DEBUG org.apache.http.wire -- http-outgoing-153 >> "User-Agent: Apache-HttpClient/4.5.14 (Java/17.0.9)[\r][\n]"
23:07:58.252 [pool-2-thread-25] DEBUG org.apache.http.wire -- http-outgoing-153 >> "Accept-Encoding: gzip,deflate[\r][\n]"
23:07:58.252 [pool-2-thread-25] DEBUG org.apache.http.wire -- http-outgoing-153 >> "[\r][\n]"
23:07:58.252 [pool-2-thread-25] DEBUG org.apache.http.wire -- http-outgoing-153 >> "{"email":"test28@example.com","password":"Password123"}"
23:07:58.260 [pool-2-thread-1] DEBUG org.apache.http.wire -- http-outgoing-134 << "HTTP/1.1 200 OK[\r][\n]"
23:07:58.260 [pool-2-thread-1] DEBUG org.apache.http.wire -- http-outgoing-134 << "X-Powered-By: Express[\r][\n]"
23:07:58.260 [pool-2-thread-1] DEBUG org.apache.http.wire -- http-outgoing-134 << "Access-Control-Allow-Origin: *[\r][\n]"
23:07:58.260 [pool-2-thread-1] DEBUG org.apache.http.wire -- http-outgoing-134 << "Content-Type: application/json; charset=utf-8[\r][\n]"
23:07:58.260 [pool-2-thread-1] DEBUG org.apache.http.wire -- http-outgoing-134 << "Content-Length: 708[\r][\n]"
23:07:58.260 [pool-2-thread-1] DEBUG org.apache.http.wire -- http-outgoing-134 << "ETag: W/"2c4-5ghGx9ALeb0lw3FmjKfRh35LW+g"[\r][\n]"
23:07:58.260 [pool-2-thread-1] DEBUG org.apache.http.wire -- http-outgoing-134 << "Date: Sun, 22 Jun 2025 16:07:58 GMT[\r][\n]"
23:07:58.260 [pool-2-thread-1] DEBUG org.apache.http.wire -- http-outgoing-134 << "Connection: keep-alive[\r][\n]"
23:07:58.260 [pool-2-thread-1] DEBUG org.apache.http.wire -- http-outgoing-134 << "Keep-Alive: timeout=5[\r][\n]"
23:07:58.260 [pool-2-thread-1] DEBUG org.apache.http.wire -- http-outgoing-134 << "[\r][\n]"
23:07:58.260 [pool-2-thread-1] DEBUG org.apache.http.wire -- http-outgoing-134 << "{"access_token":"eyJhbGciOiJIUzI1NiIsInR5cCI6IkpXVCJ9.eyJzdWIiOiIwODUxNWIwNS0yZDNlLTQ3ODktYWQ2MC1kYjM1NTI1YTQ5NzAiLCJ1c2VybmFtZSI6Im5hbSIsInJvbGUiOjAsImlhdCI6MTc1MDYwODQ3NywiZXhwIjoxNzUwNjEyMDc3fQ.XddUqfDuaFfyuGngq_17UnN6Jud5908TjgxOvY9Wj38","refresh_token":"6f7c29861bc4a4773b4588ad1d57e731ef57644dfaf00404e8a66766f986d88c","user":{"id":"08515b05-2d3e-4789-ad60-db35525a4970","email":"nam@gmail.com","username":"nam","name":"nam","phoneNumber":"0123456789","profilePic":"https://res.cloudinary.com/dizcvrefo/image/upload/v1749266646/nestjs_uploads/zk9zrpeidnovxibfqdxr.png","bio":"Chu tich hoi dong Quan tri 1","private":false,"verified":false,"role":0,"followersCount":2,"followingCount":2,"postCount":13}}"
23:07:58.260 [pool-2-thread-1] DEBUG org.apache.http.headers -- http-outgoing-134 << HTTP/1.1 200 OK
23:07:58.260 [pool-2-thread-1] DEBUG org.apache.http.headers -- http-outgoing-134 << X-Powered-By: Express
23:07:58.260 [pool-2-thread-1] DEBUG org.apache.http.headers -- http-outgoing-134 << Access-Control-Allow-Origin: *
23:07:58.260 [pool-2-thread-1] DEBUG org.apache.http.headers -- http-outgoing-134 << Content-Type: application/json; charset=utf-8
23:07:58.260 [pool-2-thread-1] DEBUG org.apache.http.headers -- http-outgoing-134 << Content-Length: 708
23:07:58.260 [pool-2-thread-1] DEBUG org.apache.http.headers -- http-outgoing-134 << ETag: W/"2c4-5ghGx9ALeb0lw3FmjKfRh35LW+g"
23:07:58.260 [pool-2-thread-1] DEBUG org.apache.http.headers -- http-outgoing-134 << Date: Sun, 22 Jun 2025 16:07:58 GMT
23:07:58.260 [pool-2-thread-1] DEBUG org.apache.http.headers -- http-outgoing-134 << Connection: keep-alive
23:07:58.260 [pool-2-thread-1] DEBUG org.apache.http.headers -- http-outgoing-134 << Keep-Alive: timeout=5
23:07:58.260 [pool-2-thread-1] DEBUG org.apache.http.impl.execchain.MainClientExec -- Connection can be kept alive for 5000 MILLISECONDS
23:07:58.260 [pool-2-thread-1] DEBUG org.apache.http.impl.conn.PoolingHttpClientConnectionManager -- Connection [id: 134][route: {}->http://localhost:3000] can be kept alive for 5.0 seconds
23:07:58.260 [pool-2-thread-1] DEBUG org.apache.http.impl.conn.DefaultManagedHttpClientConnection -- http-outgoing-134: set socket timeout to 0
23:07:58.262 [pool-2-thread-1] DEBUG org.apache.http.impl.conn.PoolingHttpClientConnectionManager -- Connection released: [id: 134][route: {}->http://localhost:3000][total available: 1; route allocated: 1 of 5; total allocated: 1 of 10]
23:07:58.262 [pool-2-thread-1] DEBUG org.apache.http.impl.conn.PoolingHttpClientConnectionManager -- Connection manager is shutting down
23:07:58.262 [pool-2-thread-1] DEBUG org.apache.http.impl.conn.DefaultManagedHttpClientConnection -- http-outgoing-134: Close connection
23:07:58.262 [pool-2-thread-1] DEBUG org.apache.http.impl.conn.PoolingHttpClientConnectionManager -- Connection manager shut down
23:07:58.262 [pool-2-thread-1] DEBUG com.intuit.karate -- response time in milliseconds: 1981
7 < 200
7 < X-Powered-By: Express
7 < Access-Control-Allow-Origin: *
7 < Content-Type: application/json; charset=utf-8
7 < Content-Length: 708
7 < ETag: W/"2c4-5ghGx9ALeb0lw3FmjKfRh35LW+g"
7 < Date: Sun, 22 Jun 2025 16:07:58 GMT
7 < Connection: keep-alive
7 < Keep-Alive: timeout=5
{"access_token":"eyJhbGciOiJIUzI1NiIsInR5cCI6IkpXVCJ9.eyJzdWIiOiIwODUxNWIwNS0yZDNlLTQ3ODktYWQ2MC1kYjM1NTI1YTQ5NzAiLCJ1c2VybmFtZSI6Im5hbSIsInJvbGUiOjAsImlhdCI6MTc1MDYwODQ3NywiZXhwIjoxNzUwNjEyMDc3fQ.XddUqfDuaFfyuGngq_17UnN6Jud5908TjgxOvY9Wj38","refresh_token":"6f7c29861bc4a4773b4588ad1d57e731ef57644dfaf00404e8a66766f986d88c","user":{"id":"08515b05-2d3e-4789-ad60-db35525a4970","email":"nam@gmail.com","username":"nam","name":"nam","phoneNumber":"0123456789","profilePic":"https://res.cloudinary.com/dizcvrefo/image/upload/v1749266646/nestjs_uploads/zk9zrpeidnovxibfqdxr.png","bio":"Chu tich hoi dong Quan tri 1","private":false,"verified":false,"role":0,"followersCount":2,"followingCount":2,"postCount":13}}

23:07:58.262 [pool-2-thread-1] INFO com.intuit.karate -- [print] Call 7 completed, status: 200 
23:07:58.263 [pool-2-thread-1] INFO com.intuit.karate -- [print] *** API CALL 8 *** 
23:07:58.264 [pool-2-thread-1] DEBUG org.apache.http.client.protocol.RequestAddCookies -- CookieSpec selected: karate
23:07:58.264 [pool-2-thread-1] DEBUG org.apache.http.client.protocol.RequestAuthCache -- Auth cache not set in the context
23:07:58.264 [pool-2-thread-1] DEBUG com.intuit.karate -- request:
8 > POST http://localhost:3000/auth/login
8 > Content-Type: application/json; charset=UTF-8
8 > Content-Length: 45
8 > Host: localhost:3000
8 > Connection: Keep-Alive
8 > User-Agent: Apache-HttpClient/4.5.14 (Java/17.0.9)
8 > Accept-Encoding: gzip,deflate
{"email":"nam@gmail.com","password":"123456"}

23:07:58.264 [pool-2-thread-1] DEBUG org.apache.http.impl.conn.PoolingHttpClientConnectionManager -- Connection request: [route: {}->http://localhost:3000][total available: 0; route allocated: 0 of 5; total allocated: 0 of 10]
23:07:58.264 [pool-2-thread-1] DEBUG org.apache.http.impl.conn.PoolingHttpClientConnectionManager -- Connection leased: [id: 154][route: {}->http://localhost:3000][total available: 0; route allocated: 1 of 5; total allocated: 1 of 10]
23:07:58.264 [pool-2-thread-1] DEBUG org.apache.http.impl.execchain.MainClientExec -- Opening connection {}->http://localhost:3000
23:07:58.265 [pool-2-thread-1] DEBUG org.apache.http.impl.conn.DefaultHttpClientConnectionOperator -- Connecting to localhost/127.0.0.1:3000
23:07:58.265 [pool-2-thread-1] DEBUG org.apache.http.impl.conn.DefaultHttpClientConnectionOperator -- Connection established 127.0.0.1:52821<->127.0.0.1:3000
23:07:58.265 [pool-2-thread-1] DEBUG org.apache.http.impl.conn.DefaultManagedHttpClientConnection -- http-outgoing-154: set socket timeout to 30000
23:07:58.265 [pool-2-thread-1] DEBUG org.apache.http.impl.execchain.MainClientExec -- Executing request POST /auth/login HTTP/1.1
23:07:58.265 [pool-2-thread-1] DEBUG org.apache.http.impl.execchain.MainClientExec -- Target auth state: UNCHALLENGED
23:07:58.265 [pool-2-thread-1] DEBUG org.apache.http.impl.execchain.MainClientExec -- Proxy auth state: UNCHALLENGED
23:07:58.265 [pool-2-thread-1] DEBUG org.apache.http.headers -- http-outgoing-154 >> POST /auth/login HTTP/1.1
23:07:58.265 [pool-2-thread-1] DEBUG org.apache.http.headers -- http-outgoing-154 >> Content-Type: application/json; charset=UTF-8
23:07:58.265 [pool-2-thread-1] DEBUG org.apache.http.headers -- http-outgoing-154 >> Content-Length: 45
23:07:58.265 [pool-2-thread-1] DEBUG org.apache.http.headers -- http-outgoing-154 >> Host: localhost:3000
23:07:58.265 [pool-2-thread-1] DEBUG org.apache.http.headers -- http-outgoing-154 >> Connection: Keep-Alive
23:07:58.265 [pool-2-thread-1] DEBUG org.apache.http.headers -- http-outgoing-154 >> User-Agent: Apache-HttpClient/4.5.14 (Java/17.0.9)
23:07:58.265 [pool-2-thread-1] DEBUG org.apache.http.headers -- http-outgoing-154 >> Accept-Encoding: gzip,deflate
23:07:58.265 [pool-2-thread-1] DEBUG org.apache.http.wire -- http-outgoing-154 >> "POST /auth/login HTTP/1.1[\r][\n]"
23:07:58.265 [pool-2-thread-1] DEBUG org.apache.http.wire -- http-outgoing-154 >> "Content-Type: application/json; charset=UTF-8[\r][\n]"
23:07:58.265 [pool-2-thread-1] DEBUG org.apache.http.wire -- http-outgoing-154 >> "Content-Length: 45[\r][\n]"
23:07:58.265 [pool-2-thread-1] DEBUG org.apache.http.wire -- http-outgoing-154 >> "Host: localhost:3000[\r][\n]"
23:07:58.265 [pool-2-thread-1] DEBUG org.apache.http.wire -- http-outgoing-154 >> "Connection: Keep-Alive[\r][\n]"
23:07:58.265 [pool-2-thread-1] DEBUG org.apache.http.wire -- http-outgoing-154 >> "User-Agent: Apache-HttpClient/4.5.14 (Java/17.0.9)[\r][\n]"
23:07:58.265 [pool-2-thread-1] DEBUG org.apache.http.wire -- http-outgoing-154 >> "Accept-Encoding: gzip,deflate[\r][\n]"
23:07:58.265 [pool-2-thread-1] DEBUG org.apache.http.wire -- http-outgoing-154 >> "[\r][\n]"
23:07:58.265 [pool-2-thread-1] DEBUG org.apache.http.wire -- http-outgoing-154 >> "{"email":"nam@gmail.com","password":"123456"}"
23:07:58.367 [pool-2-thread-22] DEBUG org.apache.http.wire -- http-outgoing-128 << "HTTP/1.1 200 OK[\r][\n]"
23:07:58.367 [pool-2-thread-22] DEBUG org.apache.http.wire -- http-outgoing-128 << "X-Powered-By: Express[\r][\n]"
23:07:58.367 [pool-2-thread-22] DEBUG org.apache.http.wire -- http-outgoing-128 << "Access-Control-Allow-Origin: *[\r][\n]"
23:07:58.367 [pool-2-thread-22] DEBUG org.apache.http.wire -- http-outgoing-128 << "Content-Type: application/json; charset=utf-8[\r][\n]"
23:07:58.367 [pool-2-thread-22] DEBUG org.apache.http.wire -- http-outgoing-128 << "Content-Length: 715[\r][\n]"
23:07:58.367 [pool-2-thread-22] DEBUG org.apache.http.wire -- http-outgoing-128 << "ETag: W/"2cb-zZjk7Y0mhAaoUyPAeFPOU6lLO78"[\r][\n]"
23:07:58.367 [pool-2-thread-22] DEBUG org.apache.http.wire -- http-outgoing-128 << "Date: Sun, 22 Jun 2025 16:07:58 GMT[\r][\n]"
23:07:58.367 [pool-2-thread-22] DEBUG org.apache.http.wire -- http-outgoing-128 << "Connection: keep-alive[\r][\n]"
23:07:58.367 [pool-2-thread-22] DEBUG org.apache.http.wire -- http-outgoing-128 << "Keep-Alive: timeout=5[\r][\n]"
23:07:58.367 [pool-2-thread-22] DEBUG org.apache.http.wire -- http-outgoing-128 << "[\r][\n]"
23:07:58.367 [pool-2-thread-22] DEBUG org.apache.http.wire -- http-outgoing-128 << "{"access_token":"eyJhbGciOiJIUzI1NiIsInR5cCI6IkpXVCJ9.eyJzdWIiOiIyYjg0YWEyNC02NjhhLTQwZTItYWYxYy1hZDRmYzRmYTVhNmYiLCJ1c2VybmFtZSI6InF1YW5nMSIsInJvbGUiOjAsImlhdCI6MTc1MDYwODQ3OCwiZXhwIjoxNzUwNjEyMDc4fQ.RWwzGe9R8hlaSJqg0rWTli6SRgVRK3rY4dMq2fa8dWc","refresh_token":"590b93363535278ca7c7c858ffd0dc52d479cba0676b692726db3eeede81dfee","user":{"id":"2b84aa24-668a-40e2-af1c-ad4fc4fa5a6f","email":"quang1@gmail.com","username":"quang1","name":"quang1","phoneNumber":"09874563210","profilePic":"https://res.cloudinary.com/dizcvrefo/image/upload/v1749027586/nestjs_uploads/xehairydt9rzlbmbmv4c.jpg","bio":"Thang Nam Lao Vua Thoi","private":false,"verified":false,"role":0,"followersCount":2,"followingCount":3,"postCount":2}}"
23:07:58.367 [pool-2-thread-22] DEBUG org.apache.http.headers -- http-outgoing-128 << HTTP/1.1 200 OK
23:07:58.367 [pool-2-thread-22] DEBUG org.apache.http.headers -- http-outgoing-128 << X-Powered-By: Express
23:07:58.367 [pool-2-thread-22] DEBUG org.apache.http.headers -- http-outgoing-128 << Access-Control-Allow-Origin: *
23:07:58.367 [pool-2-thread-22] DEBUG org.apache.http.headers -- http-outgoing-128 << Content-Type: application/json; charset=utf-8
23:07:58.367 [pool-2-thread-22] DEBUG org.apache.http.headers -- http-outgoing-128 << Content-Length: 715
23:07:58.367 [pool-2-thread-22] DEBUG org.apache.http.headers -- http-outgoing-128 << ETag: W/"2cb-zZjk7Y0mhAaoUyPAeFPOU6lLO78"
23:07:58.367 [pool-2-thread-22] DEBUG org.apache.http.headers -- http-outgoing-128 << Date: Sun, 22 Jun 2025 16:07:58 GMT
23:07:58.367 [pool-2-thread-22] DEBUG org.apache.http.headers -- http-outgoing-128 << Connection: keep-alive
23:07:58.367 [pool-2-thread-22] DEBUG org.apache.http.headers -- http-outgoing-128 << Keep-Alive: timeout=5
23:07:58.368 [pool-2-thread-22] DEBUG org.apache.http.impl.execchain.MainClientExec -- Connection can be kept alive for 5000 MILLISECONDS
23:07:58.368 [pool-2-thread-22] DEBUG org.apache.http.impl.conn.PoolingHttpClientConnectionManager -- Connection [id: 128][route: {}->http://localhost:3000] can be kept alive for 5.0 seconds
23:07:58.368 [pool-2-thread-22] DEBUG org.apache.http.impl.conn.DefaultManagedHttpClientConnection -- http-outgoing-128: set socket timeout to 0
23:07:58.368 [pool-2-thread-22] DEBUG org.apache.http.impl.conn.PoolingHttpClientConnectionManager -- Connection released: [id: 128][route: {}->http://localhost:3000][total available: 1; route allocated: 1 of 5; total allocated: 1 of 10]
23:07:58.368 [pool-2-thread-22] DEBUG org.apache.http.impl.conn.PoolingHttpClientConnectionManager -- Connection manager is shutting down
23:07:58.368 [pool-2-thread-22] DEBUG org.apache.http.impl.conn.DefaultManagedHttpClientConnection -- http-outgoing-128: Close connection
23:07:58.368 [pool-2-thread-22] DEBUG org.apache.http.impl.conn.PoolingHttpClientConnectionManager -- Connection manager shut down
23:07:58.368 [pool-2-thread-22] DEBUG com.intuit.karate -- response time in milliseconds: 2206
6 < 200
6 < X-Powered-By: Express
6 < Access-Control-Allow-Origin: *
6 < Content-Type: application/json; charset=utf-8
6 < Content-Length: 715
6 < ETag: W/"2cb-zZjk7Y0mhAaoUyPAeFPOU6lLO78"
6 < Date: Sun, 22 Jun 2025 16:07:58 GMT
6 < Connection: keep-alive
6 < Keep-Alive: timeout=5
{"access_token":"eyJhbGciOiJIUzI1NiIsInR5cCI6IkpXVCJ9.eyJzdWIiOiIyYjg0YWEyNC02NjhhLTQwZTItYWYxYy1hZDRmYzRmYTVhNmYiLCJ1c2VybmFtZSI6InF1YW5nMSIsInJvbGUiOjAsImlhdCI6MTc1MDYwODQ3OCwiZXhwIjoxNzUwNjEyMDc4fQ.RWwzGe9R8hlaSJqg0rWTli6SRgVRK3rY4dMq2fa8dWc","refresh_token":"590b93363535278ca7c7c858ffd0dc52d479cba0676b692726db3eeede81dfee","user":{"id":"2b84aa24-668a-40e2-af1c-ad4fc4fa5a6f","email":"quang1@gmail.com","username":"quang1","name":"quang1","phoneNumber":"09874563210","profilePic":"https://res.cloudinary.com/dizcvrefo/image/upload/v1749027586/nestjs_uploads/xehairydt9rzlbmbmv4c.jpg","bio":"Thang Nam Lao Vua Thoi","private":false,"verified":false,"role":0,"followersCount":2,"followingCount":3,"postCount":2}}

23:07:58.369 [pool-2-thread-22] INFO com.intuit.karate -- [print] Call 6 completed, status: 200 
23:07:58.369 [pool-2-thread-22] INFO com.intuit.karate -- [print] *** API CALL 7 *** 
23:07:58.370 [pool-2-thread-22] DEBUG org.apache.http.client.protocol.RequestAddCookies -- CookieSpec selected: karate
23:07:58.370 [pool-2-thread-22] DEBUG org.apache.http.client.protocol.RequestAuthCache -- Auth cache not set in the context
23:07:58.370 [pool-2-thread-22] DEBUG com.intuit.karate -- request:
7 > POST http://localhost:3000/auth/login
7 > Content-Type: application/json; charset=UTF-8
7 > Content-Length: 48
7 > Host: localhost:3000
7 > Connection: Keep-Alive
7 > User-Agent: Apache-HttpClient/4.5.14 (Java/17.0.9)
7 > Accept-Encoding: gzip,deflate
{"email":"quang1@gmail.com","password":"quang1"}

23:07:58.370 [pool-2-thread-22] DEBUG org.apache.http.impl.conn.PoolingHttpClientConnectionManager -- Connection request: [route: {}->http://localhost:3000][total available: 0; route allocated: 0 of 5; total allocated: 0 of 10]
23:07:58.370 [pool-2-thread-22] DEBUG org.apache.http.impl.conn.PoolingHttpClientConnectionManager -- Connection leased: [id: 155][route: {}->http://localhost:3000][total available: 0; route allocated: 1 of 5; total allocated: 1 of 10]
23:07:58.371 [pool-2-thread-22] DEBUG org.apache.http.impl.execchain.MainClientExec -- Opening connection {}->http://localhost:3000
23:07:58.371 [pool-2-thread-22] DEBUG org.apache.http.impl.conn.DefaultHttpClientConnectionOperator -- Connecting to localhost/127.0.0.1:3000
23:07:58.371 [pool-2-thread-22] DEBUG org.apache.http.impl.conn.DefaultHttpClientConnectionOperator -- Connection established 127.0.0.1:52822<->127.0.0.1:3000
23:07:58.371 [pool-2-thread-22] DEBUG org.apache.http.impl.conn.DefaultManagedHttpClientConnection -- http-outgoing-155: set socket timeout to 30000
23:07:58.371 [pool-2-thread-22] DEBUG org.apache.http.impl.execchain.MainClientExec -- Executing request POST /auth/login HTTP/1.1
23:07:58.371 [pool-2-thread-22] DEBUG org.apache.http.impl.execchain.MainClientExec -- Target auth state: UNCHALLENGED
23:07:58.371 [pool-2-thread-22] DEBUG org.apache.http.impl.execchain.MainClientExec -- Proxy auth state: UNCHALLENGED
23:07:58.371 [pool-2-thread-22] DEBUG org.apache.http.headers -- http-outgoing-155 >> POST /auth/login HTTP/1.1
23:07:58.371 [pool-2-thread-22] DEBUG org.apache.http.headers -- http-outgoing-155 >> Content-Type: application/json; charset=UTF-8
23:07:58.371 [pool-2-thread-22] DEBUG org.apache.http.headers -- http-outgoing-155 >> Content-Length: 48
23:07:58.371 [pool-2-thread-22] DEBUG org.apache.http.headers -- http-outgoing-155 >> Host: localhost:3000
23:07:58.371 [pool-2-thread-22] DEBUG org.apache.http.headers -- http-outgoing-155 >> Connection: Keep-Alive
23:07:58.371 [pool-2-thread-22] DEBUG org.apache.http.headers -- http-outgoing-155 >> User-Agent: Apache-HttpClient/4.5.14 (Java/17.0.9)
23:07:58.371 [pool-2-thread-22] DEBUG org.apache.http.headers -- http-outgoing-155 >> Accept-Encoding: gzip,deflate
23:07:58.371 [pool-2-thread-22] DEBUG org.apache.http.wire -- http-outgoing-155 >> "POST /auth/login HTTP/1.1[\r][\n]"
23:07:58.371 [pool-2-thread-22] DEBUG org.apache.http.wire -- http-outgoing-155 >> "Content-Type: application/json; charset=UTF-8[\r][\n]"
23:07:58.371 [pool-2-thread-22] DEBUG org.apache.http.wire -- http-outgoing-155 >> "Content-Length: 48[\r][\n]"
23:07:58.371 [pool-2-thread-22] DEBUG org.apache.http.wire -- http-outgoing-155 >> "Host: localhost:3000[\r][\n]"
23:07:58.371 [pool-2-thread-22] DEBUG org.apache.http.wire -- http-outgoing-155 >> "Connection: Keep-Alive[\r][\n]"
23:07:58.371 [pool-2-thread-22] DEBUG org.apache.http.wire -- http-outgoing-155 >> "User-Agent: Apache-HttpClient/4.5.14 (Java/17.0.9)[\r][\n]"
23:07:58.371 [pool-2-thread-22] DEBUG org.apache.http.wire -- http-outgoing-155 >> "Accept-Encoding: gzip,deflate[\r][\n]"
23:07:58.371 [pool-2-thread-22] DEBUG org.apache.http.wire -- http-outgoing-155 >> "[\r][\n]"
23:07:58.371 [pool-2-thread-22] DEBUG org.apache.http.wire -- http-outgoing-155 >> "{"email":"quang1@gmail.com","password":"quang1"}"
23:07:58.384 [pool-2-thread-8] DEBUG org.apache.http.wire -- http-outgoing-129 << "HTTP/1.1 200 OK[\r][\n]"
23:07:58.384 [pool-2-thread-8] DEBUG org.apache.http.wire -- http-outgoing-129 << "X-Powered-By: Express[\r][\n]"
23:07:58.384 [pool-2-thread-8] DEBUG org.apache.http.wire -- http-outgoing-129 << "Access-Control-Allow-Origin: *[\r][\n]"
23:07:58.384 [pool-2-thread-8] DEBUG org.apache.http.wire -- http-outgoing-129 << "Content-Type: application/json; charset=utf-8[\r][\n]"
23:07:58.384 [pool-2-thread-8] DEBUG org.apache.http.wire -- http-outgoing-129 << "Content-Length: 609[\r][\n]"
23:07:58.384 [pool-2-thread-8] DEBUG org.apache.http.wire -- http-outgoing-129 << "ETag: W/"261-gQ5Kpau3P59J+u+N1swaOvSOouU"[\r][\n]"
23:07:58.384 [pool-2-thread-8] DEBUG org.apache.http.wire -- http-outgoing-129 << "Date: Sun, 22 Jun 2025 16:07:58 GMT[\r][\n]"
23:07:58.384 [pool-2-thread-8] DEBUG org.apache.http.wire -- http-outgoing-129 << "Connection: keep-alive[\r][\n]"
23:07:58.384 [pool-2-thread-8] DEBUG org.apache.http.wire -- http-outgoing-129 << "Keep-Alive: timeout=5[\r][\n]"
23:07:58.384 [pool-2-thread-8] DEBUG org.apache.http.wire -- http-outgoing-129 << "[\r][\n]"
23:07:58.384 [pool-2-thread-8] DEBUG org.apache.http.wire -- http-outgoing-129 << "{"access_token":"eyJhbGciOiJIUzI1NiIsInR5cCI6IkpXVCJ9.eyJzdWIiOiIyNzJmNmI1NS01MTc5LTRhZTMtODU2My1iNGVjMTBmNzY3MTUiLCJ1c2VybmFtZSI6ImpvaG5kb2UyZDVkIiwicm9sZSI6MCwiaWF0IjoxNzUwNjA4NDc4LCJleHAiOjE3NTA2MTIwNzh9.arTLRwGgwi7ppyTNFDU9nTU5iab5BVUUUT2Eojji7sI","refresh_token":"256f8e27ad198c1eaae5c0e2862e0fee42d265ff1fe48bd3d45f757f1b477de2","user":{"id":"272f6b55-5179-4ae3-8563-b4ec10f76715","email":"testit5@gmail.com","username":"johndoe2d5d","name":"John Doe","phoneNumber":"0123456132","profilePic":null,"bio":null,"private":false,"verified":false,"role":0,"followersCount":0,"followingCount":0,"postCount":0}}"
23:07:58.384 [pool-2-thread-8] DEBUG org.apache.http.headers -- http-outgoing-129 << HTTP/1.1 200 OK
23:07:58.384 [pool-2-thread-8] DEBUG org.apache.http.headers -- http-outgoing-129 << X-Powered-By: Express
23:07:58.384 [pool-2-thread-8] DEBUG org.apache.http.headers -- http-outgoing-129 << Access-Control-Allow-Origin: *
23:07:58.384 [pool-2-thread-8] DEBUG org.apache.http.headers -- http-outgoing-129 << Content-Type: application/json; charset=utf-8
23:07:58.384 [pool-2-thread-8] DEBUG org.apache.http.headers -- http-outgoing-129 << Content-Length: 609
23:07:58.384 [pool-2-thread-8] DEBUG org.apache.http.headers -- http-outgoing-129 << ETag: W/"261-gQ5Kpau3P59J+u+N1swaOvSOouU"
23:07:58.384 [pool-2-thread-8] DEBUG org.apache.http.headers -- http-outgoing-129 << Date: Sun, 22 Jun 2025 16:07:58 GMT
23:07:58.384 [pool-2-thread-8] DEBUG org.apache.http.headers -- http-outgoing-129 << Connection: keep-alive
23:07:58.384 [pool-2-thread-8] DEBUG org.apache.http.headers -- http-outgoing-129 << Keep-Alive: timeout=5
23:07:58.385 [pool-2-thread-8] DEBUG org.apache.http.impl.execchain.MainClientExec -- Connection can be kept alive for 5000 MILLISECONDS
23:07:58.385 [pool-2-thread-8] DEBUG org.apache.http.impl.conn.PoolingHttpClientConnectionManager -- Connection [id: 130][route: {}->http://localhost:3000] can be kept alive for 5.0 seconds
23:07:58.385 [pool-2-thread-8] DEBUG org.apache.http.impl.conn.DefaultManagedHttpClientConnection -- http-outgoing-129: set socket timeout to 0
23:07:58.385 [pool-2-thread-8] DEBUG org.apache.http.impl.conn.PoolingHttpClientConnectionManager -- Connection released: [id: 130][route: {}->http://localhost:3000][total available: 1; route allocated: 1 of 5; total allocated: 1 of 10]
23:07:58.385 [pool-2-thread-8] DEBUG org.apache.http.impl.conn.PoolingHttpClientConnectionManager -- Connection manager is shutting down
23:07:58.385 [pool-2-thread-8] DEBUG org.apache.http.impl.conn.DefaultManagedHttpClientConnection -- http-outgoing-129: Close connection
23:07:58.385 [pool-2-thread-8] DEBUG org.apache.http.impl.conn.PoolingHttpClientConnectionManager -- Connection manager shut down
23:07:58.385 [pool-2-thread-8] DEBUG com.intuit.karate -- response time in milliseconds: 2192
5 < 200
5 < X-Powered-By: Express
5 < Access-Control-Allow-Origin: *
5 < Content-Type: application/json; charset=utf-8
5 < Content-Length: 609
5 < ETag: W/"261-gQ5Kpau3P59J+u+N1swaOvSOouU"
5 < Date: Sun, 22 Jun 2025 16:07:58 GMT
5 < Connection: keep-alive
5 < Keep-Alive: timeout=5
{"access_token":"eyJhbGciOiJIUzI1NiIsInR5cCI6IkpXVCJ9.eyJzdWIiOiIyNzJmNmI1NS01MTc5LTRhZTMtODU2My1iNGVjMTBmNzY3MTUiLCJ1c2VybmFtZSI6ImpvaG5kb2UyZDVkIiwicm9sZSI6MCwiaWF0IjoxNzUwNjA4NDc4LCJleHAiOjE3NTA2MTIwNzh9.arTLRwGgwi7ppyTNFDU9nTU5iab5BVUUUT2Eojji7sI","refresh_token":"256f8e27ad198c1eaae5c0e2862e0fee42d265ff1fe48bd3d45f757f1b477de2","user":{"id":"272f6b55-5179-4ae3-8563-b4ec10f76715","email":"testit5@gmail.com","username":"johndoe2d5d","name":"John Doe","phoneNumber":"0123456132","profilePic":null,"bio":null,"private":false,"verified":false,"role":0,"followersCount":0,"followingCount":0,"postCount":0}}

23:07:58.387 [pool-2-thread-8] INFO com.intuit.karate -- [print] Call 5 completed, status: 200 
23:07:58.387 [pool-2-thread-8] INFO com.intuit.karate -- [print] *** API CALL 6 *** 
23:07:58.388 [pool-2-thread-8] DEBUG org.apache.http.client.protocol.RequestAddCookies -- CookieSpec selected: karate
23:07:58.388 [pool-2-thread-8] DEBUG org.apache.http.client.protocol.RequestAuthCache -- Auth cache not set in the context
23:07:58.388 [pool-2-thread-8] DEBUG com.intuit.karate -- request:
6 > POST http://localhost:3000/auth/login
6 > Content-Type: application/json; charset=UTF-8
6 > Content-Length: 54
6 > Host: localhost:3000
6 > Connection: Keep-Alive
6 > User-Agent: Apache-HttpClient/4.5.14 (Java/17.0.9)
6 > Accept-Encoding: gzip,deflate
{"email":"testit5@gmail.com","password":"Password123"}

23:07:58.388 [pool-2-thread-8] DEBUG org.apache.http.impl.conn.PoolingHttpClientConnectionManager -- Connection request: [route: {}->http://localhost:3000][total available: 0; route allocated: 0 of 5; total allocated: 0 of 10]
23:07:58.388 [pool-2-thread-8] DEBUG org.apache.http.impl.conn.PoolingHttpClientConnectionManager -- Connection leased: [id: 156][route: {}->http://localhost:3000][total available: 0; route allocated: 1 of 5; total allocated: 1 of 10]
23:07:58.388 [pool-2-thread-8] DEBUG org.apache.http.impl.execchain.MainClientExec -- Opening connection {}->http://localhost:3000
23:07:58.389 [pool-2-thread-8] DEBUG org.apache.http.impl.conn.DefaultHttpClientConnectionOperator -- Connecting to localhost/127.0.0.1:3000
23:07:58.389 [pool-2-thread-8] DEBUG org.apache.http.impl.conn.DefaultHttpClientConnectionOperator -- Connection established 127.0.0.1:52823<->127.0.0.1:3000
23:07:58.389 [pool-2-thread-8] DEBUG org.apache.http.impl.conn.DefaultManagedHttpClientConnection -- http-outgoing-156: set socket timeout to 30000
23:07:58.389 [pool-2-thread-8] DEBUG org.apache.http.impl.execchain.MainClientExec -- Executing request POST /auth/login HTTP/1.1
23:07:58.389 [pool-2-thread-8] DEBUG org.apache.http.impl.execchain.MainClientExec -- Target auth state: UNCHALLENGED
23:07:58.389 [pool-2-thread-8] DEBUG org.apache.http.impl.execchain.MainClientExec -- Proxy auth state: UNCHALLENGED
23:07:58.389 [pool-2-thread-8] DEBUG org.apache.http.headers -- http-outgoing-156 >> POST /auth/login HTTP/1.1
23:07:58.389 [pool-2-thread-8] DEBUG org.apache.http.headers -- http-outgoing-156 >> Content-Type: application/json; charset=UTF-8
23:07:58.389 [pool-2-thread-8] DEBUG org.apache.http.headers -- http-outgoing-156 >> Content-Length: 54
23:07:58.389 [pool-2-thread-8] DEBUG org.apache.http.headers -- http-outgoing-156 >> Host: localhost:3000
23:07:58.389 [pool-2-thread-8] DEBUG org.apache.http.headers -- http-outgoing-156 >> Connection: Keep-Alive
23:07:58.389 [pool-2-thread-8] DEBUG org.apache.http.headers -- http-outgoing-156 >> User-Agent: Apache-HttpClient/4.5.14 (Java/17.0.9)
23:07:58.389 [pool-2-thread-8] DEBUG org.apache.http.headers -- http-outgoing-156 >> Accept-Encoding: gzip,deflate
23:07:58.389 [pool-2-thread-8] DEBUG org.apache.http.wire -- http-outgoing-156 >> "POST /auth/login HTTP/1.1[\r][\n]"
23:07:58.389 [pool-2-thread-8] DEBUG org.apache.http.wire -- http-outgoing-156 >> "Content-Type: application/json; charset=UTF-8[\r][\n]"
23:07:58.389 [pool-2-thread-8] DEBUG org.apache.http.wire -- http-outgoing-156 >> "Content-Length: 54[\r][\n]"
23:07:58.389 [pool-2-thread-8] DEBUG org.apache.http.wire -- http-outgoing-156 >> "Host: localhost:3000[\r][\n]"
23:07:58.389 [pool-2-thread-8] DEBUG org.apache.http.wire -- http-outgoing-156 >> "Connection: Keep-Alive[\r][\n]"
23:07:58.389 [pool-2-thread-8] DEBUG org.apache.http.wire -- http-outgoing-156 >> "User-Agent: Apache-HttpClient/4.5.14 (Java/17.0.9)[\r][\n]"
23:07:58.389 [pool-2-thread-8] DEBUG org.apache.http.wire -- http-outgoing-156 >> "Accept-Encoding: gzip,deflate[\r][\n]"
23:07:58.389 [pool-2-thread-8] DEBUG org.apache.http.wire -- http-outgoing-156 >> "[\r][\n]"
23:07:58.389 [pool-2-thread-8] DEBUG org.apache.http.wire -- http-outgoing-156 >> "{"email":"testit5@gmail.com","password":"Password123"}"
23:07:58.393 [pool-2-thread-27] DEBUG org.apache.http.wire -- http-outgoing-137 << "HTTP/1.1 200 OK[\r][\n]"
23:07:58.393 [pool-2-thread-27] DEBUG org.apache.http.wire -- http-outgoing-137 << "X-Powered-By: Express[\r][\n]"
23:07:58.393 [pool-2-thread-27] DEBUG org.apache.http.wire -- http-outgoing-137 << "Access-Control-Allow-Origin: *[\r][\n]"
23:07:58.393 [pool-2-thread-27] DEBUG org.apache.http.wire -- http-outgoing-137 << "Content-Type: application/json; charset=utf-8[\r][\n]"
23:07:58.393 [pool-2-thread-27] DEBUG org.apache.http.wire -- http-outgoing-137 << "Content-Length: 605[\r][\n]"
23:07:58.393 [pool-2-thread-27] DEBUG org.apache.http.wire -- http-outgoing-137 << "ETag: W/"25d-Hc1zMdM8M+FEa2Z4oo1o+jGT3FM"[\r][\n]"
23:07:58.393 [pool-2-thread-27] DEBUG org.apache.http.wire -- http-outgoing-137 << "Date: Sun, 22 Jun 2025 16:07:58 GMT[\r][\n]"
23:07:58.393 [pool-2-thread-27] DEBUG org.apache.http.wire -- http-outgoing-137 << "Connection: keep-alive[\r][\n]"
23:07:58.393 [pool-2-thread-27] DEBUG org.apache.http.wire -- http-outgoing-137 << "Keep-Alive: timeout=5[\r][\n]"
23:07:58.393 [pool-2-thread-27] DEBUG org.apache.http.wire -- http-outgoing-137 << "[\r][\n]"
23:07:58.393 [pool-2-thread-27] DEBUG org.apache.http.wire -- http-outgoing-137 << "{"access_token":"eyJhbGciOiJIUzI1NiIsInR5cCI6IkpXVCJ9.eyJzdWIiOiI2NTBjZTFlZC1hYWNhLTQzOGYtOTk4OC0xZjA1OGFiNWFhMWEiLCJ1c2VybmFtZSI6ImpvaG5kb2UyNSIsInJvbGUiOjAsImlhdCI6MTc1MDYwODQ3OCwiZXhwIjoxNzUwNjEyMDc4fQ.iqSoLOpXmAjvl5s5xpen9p6LJ-HKPATlTd8oUpUcqDM","refresh_token":"322ba780b6d43f7e8cb83212161ad11b2ca8fa48e9d64c07fb6865d6f812c33b","user":{"id":"650ce1ed-aaca-438f-9988-1f058ab5aa1a","email":"testit3@gmail.com","username":"johndoe25","name":"John Doe","phoneNumber":"0123456713","profilePic":null,"bio":null,"private":false,"verified":false,"role":0,"followersCount":0,"followingCount":0,"postCount":0}}"
23:07:58.393 [pool-2-thread-27] DEBUG org.apache.http.headers -- http-outgoing-137 << HTTP/1.1 200 OK
23:07:58.393 [pool-2-thread-27] DEBUG org.apache.http.headers -- http-outgoing-137 << X-Powered-By: Express
23:07:58.393 [pool-2-thread-27] DEBUG org.apache.http.headers -- http-outgoing-137 << Access-Control-Allow-Origin: *
23:07:58.393 [pool-2-thread-27] DEBUG org.apache.http.headers -- http-outgoing-137 << Content-Type: application/json; charset=utf-8
23:07:58.393 [pool-2-thread-27] DEBUG org.apache.http.headers -- http-outgoing-137 << Content-Length: 605
23:07:58.393 [pool-2-thread-27] DEBUG org.apache.http.headers -- http-outgoing-137 << ETag: W/"25d-Hc1zMdM8M+FEa2Z4oo1o+jGT3FM"
23:07:58.393 [pool-2-thread-27] DEBUG org.apache.http.headers -- http-outgoing-137 << Date: Sun, 22 Jun 2025 16:07:58 GMT
23:07:58.393 [pool-2-thread-27] DEBUG org.apache.http.headers -- http-outgoing-137 << Connection: keep-alive
23:07:58.393 [pool-2-thread-27] DEBUG org.apache.http.headers -- http-outgoing-137 << Keep-Alive: timeout=5
23:07:58.393 [pool-2-thread-4] DEBUG org.apache.http.wire -- http-outgoing-136 << "HTTP/1.1 200 OK[\r][\n]"
23:07:58.393 [pool-2-thread-4] DEBUG org.apache.http.wire -- http-outgoing-136 << "X-Powered-By: Express[\r][\n]"
23:07:58.393 [pool-2-thread-4] DEBUG org.apache.http.wire -- http-outgoing-136 << "Access-Control-Allow-Origin: *[\r][\n]"
23:07:58.393 [pool-2-thread-4] DEBUG org.apache.http.wire -- http-outgoing-136 << "Content-Type: application/json; charset=utf-8[\r][\n]"
23:07:58.393 [pool-2-thread-4] DEBUG org.apache.http.wire -- http-outgoing-136 << "Content-Length: 608[\r][\n]"
23:07:58.393 [pool-2-thread-4] DEBUG org.apache.http.wire -- http-outgoing-136 << "ETag: W/"260-HjED2AuuMbuVuL/zEvAu2aI9z3U"[\r][\n]"
23:07:58.393 [pool-2-thread-4] DEBUG org.apache.http.wire -- http-outgoing-136 << "Date: Sun, 22 Jun 2025 16:07:58 GMT[\r][\n]"
23:07:58.393 [pool-2-thread-4] DEBUG org.apache.http.wire -- http-outgoing-136 << "Connection: keep-alive[\r][\n]"
23:07:58.393 [pool-2-thread-4] DEBUG org.apache.http.wire -- http-outgoing-136 << "Keep-Alive: timeout=5[\r][\n]"
23:07:58.393 [pool-2-thread-4] DEBUG org.apache.http.wire -- http-outgoing-136 << "[\r][\n]"
23:07:58.393 [pool-2-thread-4] DEBUG org.apache.http.wire -- http-outgoing-136 << "{"access_token":"eyJhbGciOiJIUzI1NiIsInR5cCI6IkpXVCJ9.eyJzdWIiOiI4YTI0NzQ2MS01YzA0LTQyMWQtOThmNS1mYTljNzM0ZmFlYTUiLCJ1c2VybmFtZSI6ImphbmVzbWl0aCIsInJvbGUiOjAsImlhdCI6MTc1MDYwODQ3OCwiZXhwIjoxNzUwNjEyMDc4fQ.Ly9iIHxowWp7hOyGAa5PDwao-kFseLhzL4EMJQF4Y-k","refresh_token":"7f3278eef42e9c7bd017a4bf7b39d7518f09730764d20111e7c56b58f9ac56d6","user":{"id":"8a247461-5c04-421d-98f5-fa9c734faea5","email":"test2@example.com","username":"janesmith","name":"Jane Smith","phoneNumber":"01234567890","profilePic":null,"bio":null,"private":false,"verified":false,"role":0,"followersCount":0,"followingCount":0,"postCount":0}}"
23:07:58.393 [pool-2-thread-4] DEBUG org.apache.http.headers -- http-outgoing-136 << HTTP/1.1 200 OK
23:07:58.393 [pool-2-thread-4] DEBUG org.apache.http.headers -- http-outgoing-136 << X-Powered-By: Express
23:07:58.393 [pool-2-thread-4] DEBUG org.apache.http.headers -- http-outgoing-136 << Access-Control-Allow-Origin: *
23:07:58.393 [pool-2-thread-4] DEBUG org.apache.http.headers -- http-outgoing-136 << Content-Type: application/json; charset=utf-8
23:07:58.393 [pool-2-thread-4] DEBUG org.apache.http.headers -- http-outgoing-136 << Content-Length: 608
23:07:58.393 [pool-2-thread-4] DEBUG org.apache.http.headers -- http-outgoing-136 << ETag: W/"260-HjED2AuuMbuVuL/zEvAu2aI9z3U"
23:07:58.393 [pool-2-thread-4] DEBUG org.apache.http.headers -- http-outgoing-136 << Date: Sun, 22 Jun 2025 16:07:58 GMT
23:07:58.393 [pool-2-thread-4] DEBUG org.apache.http.headers -- http-outgoing-136 << Connection: keep-alive
23:07:58.393 [pool-2-thread-4] DEBUG org.apache.http.headers -- http-outgoing-136 << Keep-Alive: timeout=5
23:07:58.394 [pool-2-thread-27] DEBUG org.apache.http.impl.execchain.MainClientExec -- Connection can be kept alive for 5000 MILLISECONDS
23:07:58.394 [pool-2-thread-4] DEBUG org.apache.http.impl.execchain.MainClientExec -- Connection can be kept alive for 5000 MILLISECONDS
23:07:58.394 [pool-2-thread-4] DEBUG org.apache.http.impl.conn.PoolingHttpClientConnectionManager -- Connection [id: 136][route: {}->http://localhost:3000] can be kept alive for 5.0 seconds
23:07:58.394 [pool-2-thread-27] DEBUG org.apache.http.impl.conn.PoolingHttpClientConnectionManager -- Connection [id: 137][route: {}->http://localhost:3000] can be kept alive for 5.0 seconds
23:07:58.394 [pool-2-thread-27] DEBUG org.apache.http.impl.conn.DefaultManagedHttpClientConnection -- http-outgoing-137: set socket timeout to 0
23:07:58.394 [pool-2-thread-4] DEBUG org.apache.http.impl.conn.DefaultManagedHttpClientConnection -- http-outgoing-136: set socket timeout to 0
23:07:58.394 [pool-2-thread-4] DEBUG org.apache.http.impl.conn.PoolingHttpClientConnectionManager -- Connection released: [id: 136][route: {}->http://localhost:3000][total available: 1; route allocated: 1 of 5; total allocated: 1 of 10]
23:07:58.394 [pool-2-thread-27] DEBUG org.apache.http.impl.conn.PoolingHttpClientConnectionManager -- Connection released: [id: 137][route: {}->http://localhost:3000][total available: 1; route allocated: 1 of 5; total allocated: 1 of 10]
23:07:58.394 [pool-2-thread-4] DEBUG org.apache.http.impl.conn.PoolingHttpClientConnectionManager -- Connection manager is shutting down
23:07:58.394 [pool-2-thread-27] DEBUG org.apache.http.impl.conn.PoolingHttpClientConnectionManager -- Connection manager is shutting down
23:07:58.394 [pool-2-thread-4] DEBUG org.apache.http.impl.conn.DefaultManagedHttpClientConnection -- http-outgoing-136: Close connection
23:07:58.394 [pool-2-thread-27] DEBUG org.apache.http.impl.conn.DefaultManagedHttpClientConnection -- http-outgoing-137: Close connection
23:07:58.394 [pool-2-thread-4] DEBUG org.apache.http.impl.conn.PoolingHttpClientConnectionManager -- Connection manager shut down
23:07:58.394 [pool-2-thread-27] DEBUG org.apache.http.impl.conn.PoolingHttpClientConnectionManager -- Connection manager shut down
23:07:58.394 [pool-2-thread-27] DEBUG com.intuit.karate -- response time in milliseconds: 1977
5 < 200
5 < X-Powered-By: Express
5 < Access-Control-Allow-Origin: *
5 < Content-Type: application/json; charset=utf-8
5 < Content-Length: 605
5 < ETag: W/"25d-Hc1zMdM8M+FEa2Z4oo1o+jGT3FM"
5 < Date: Sun, 22 Jun 2025 16:07:58 GMT
5 < Connection: keep-alive
5 < Keep-Alive: timeout=5
{"access_token":"eyJhbGciOiJIUzI1NiIsInR5cCI6IkpXVCJ9.eyJzdWIiOiI2NTBjZTFlZC1hYWNhLTQzOGYtOTk4OC0xZjA1OGFiNWFhMWEiLCJ1c2VybmFtZSI6ImpvaG5kb2UyNSIsInJvbGUiOjAsImlhdCI6MTc1MDYwODQ3OCwiZXhwIjoxNzUwNjEyMDc4fQ.iqSoLOpXmAjvl5s5xpen9p6LJ-HKPATlTd8oUpUcqDM","refresh_token":"322ba780b6d43f7e8cb83212161ad11b2ca8fa48e9d64c07fb6865d6f812c33b","user":{"id":"650ce1ed-aaca-438f-9988-1f058ab5aa1a","email":"testit3@gmail.com","username":"johndoe25","name":"John Doe","phoneNumber":"0123456713","profilePic":null,"bio":null,"private":false,"verified":false,"role":0,"followersCount":0,"followingCount":0,"postCount":0}}

23:07:58.394 [pool-2-thread-4] DEBUG com.intuit.karate -- response time in milliseconds: 1988
6 < 200
6 < X-Powered-By: Express
6 < Access-Control-Allow-Origin: *
6 < Content-Type: application/json; charset=utf-8
6 < Content-Length: 608
6 < ETag: W/"260-HjED2AuuMbuVuL/zEvAu2aI9z3U"
6 < Date: Sun, 22 Jun 2025 16:07:58 GMT
6 < Connection: keep-alive
6 < Keep-Alive: timeout=5
{"access_token":"eyJhbGciOiJIUzI1NiIsInR5cCI6IkpXVCJ9.eyJzdWIiOiI4YTI0NzQ2MS01YzA0LTQyMWQtOThmNS1mYTljNzM0ZmFlYTUiLCJ1c2VybmFtZSI6ImphbmVzbWl0aCIsInJvbGUiOjAsImlhdCI6MTc1MDYwODQ3OCwiZXhwIjoxNzUwNjEyMDc4fQ.Ly9iIHxowWp7hOyGAa5PDwao-kFseLhzL4EMJQF4Y-k","refresh_token":"7f3278eef42e9c7bd017a4bf7b39d7518f09730764d20111e7c56b58f9ac56d6","user":{"id":"8a247461-5c04-421d-98f5-fa9c734faea5","email":"test2@example.com","username":"janesmith","name":"Jane Smith","phoneNumber":"01234567890","profilePic":null,"bio":null,"private":false,"verified":false,"role":0,"followersCount":0,"followingCount":0,"postCount":0}}

23:07:58.396 [pool-2-thread-27] INFO com.intuit.karate -- [print] Call 5 completed, status: 200 
23:07:58.396 [pool-2-thread-4] INFO com.intuit.karate -- [print] Call 6 completed, status: 200 
23:07:58.396 [pool-2-thread-27] INFO com.intuit.karate -- [print] *** API CALL 6 *** 
23:07:58.396 [pool-2-thread-4] INFO com.intuit.karate -- [print] *** API CALL 7 *** 
23:07:58.397 [pool-2-thread-27] DEBUG org.apache.http.client.protocol.RequestAddCookies -- CookieSpec selected: karate
23:07:58.397 [pool-2-thread-4] DEBUG org.apache.http.client.protocol.RequestAddCookies -- CookieSpec selected: karate
23:07:58.397 [pool-2-thread-27] DEBUG org.apache.http.client.protocol.RequestAuthCache -- Auth cache not set in the context
23:07:58.397 [pool-2-thread-4] DEBUG org.apache.http.client.protocol.RequestAuthCache -- Auth cache not set in the context
23:07:58.397 [pool-2-thread-27] DEBUG com.intuit.karate -- request:
6 > POST http://localhost:3000/auth/login
6 > Content-Type: application/json; charset=UTF-8
6 > Content-Length: 54
6 > Host: localhost:3000
6 > Connection: Keep-Alive
6 > User-Agent: Apache-HttpClient/4.5.14 (Java/17.0.9)
6 > Accept-Encoding: gzip,deflate
{"email":"testit3@gmail.com","password":"Password123"}

23:07:58.397 [pool-2-thread-4] DEBUG com.intuit.karate -- request:
7 > POST http://localhost:3000/auth/login
7 > Content-Type: application/json; charset=UTF-8
7 > Content-Length: 54
7 > Host: localhost:3000
7 > Connection: Keep-Alive
7 > User-Agent: Apache-HttpClient/4.5.14 (Java/17.0.9)
7 > Accept-Encoding: gzip,deflate
{"email":"test2@example.com","password":"Password123"}

23:07:58.397 [pool-2-thread-4] DEBUG org.apache.http.impl.conn.PoolingHttpClientConnectionManager -- Connection request: [route: {}->http://localhost:3000][total available: 0; route allocated: 0 of 5; total allocated: 0 of 10]
23:07:58.397 [pool-2-thread-27] DEBUG org.apache.http.impl.conn.PoolingHttpClientConnectionManager -- Connection request: [route: {}->http://localhost:3000][total available: 0; route allocated: 0 of 5; total allocated: 0 of 10]
23:07:58.398 [pool-2-thread-27] DEBUG org.apache.http.impl.conn.PoolingHttpClientConnectionManager -- Connection leased: [id: 157][route: {}->http://localhost:3000][total available: 0; route allocated: 1 of 5; total allocated: 1 of 10]
23:07:58.398 [pool-2-thread-27] DEBUG org.apache.http.impl.execchain.MainClientExec -- Opening connection {}->http://localhost:3000
23:07:58.398 [pool-2-thread-4] DEBUG org.apache.http.impl.conn.PoolingHttpClientConnectionManager -- Connection leased: [id: 158][route: {}->http://localhost:3000][total available: 0; route allocated: 1 of 5; total allocated: 1 of 10]
23:07:58.398 [pool-2-thread-4] DEBUG org.apache.http.impl.execchain.MainClientExec -- Opening connection {}->http://localhost:3000
23:07:58.398 [pool-2-thread-27] DEBUG org.apache.http.impl.conn.DefaultHttpClientConnectionOperator -- Connecting to localhost/127.0.0.1:3000
23:07:58.398 [pool-2-thread-4] DEBUG org.apache.http.impl.conn.DefaultHttpClientConnectionOperator -- Connecting to localhost/127.0.0.1:3000
23:07:58.398 [pool-2-thread-27] DEBUG org.apache.http.impl.conn.DefaultHttpClientConnectionOperator -- Connection established 127.0.0.1:52824<->127.0.0.1:3000
23:07:58.398 [pool-2-thread-27] DEBUG org.apache.http.impl.conn.DefaultManagedHttpClientConnection -- http-outgoing-157: set socket timeout to 30000
23:07:58.398 [pool-2-thread-27] DEBUG org.apache.http.impl.execchain.MainClientExec -- Executing request POST /auth/login HTTP/1.1
23:07:58.398 [pool-2-thread-27] DEBUG org.apache.http.impl.execchain.MainClientExec -- Target auth state: UNCHALLENGED
23:07:58.398 [pool-2-thread-27] DEBUG org.apache.http.impl.execchain.MainClientExec -- Proxy auth state: UNCHALLENGED
23:07:58.398 [pool-2-thread-27] DEBUG org.apache.http.headers -- http-outgoing-157 >> POST /auth/login HTTP/1.1
23:07:58.398 [pool-2-thread-27] DEBUG org.apache.http.headers -- http-outgoing-157 >> Content-Type: application/json; charset=UTF-8
23:07:58.398 [pool-2-thread-27] DEBUG org.apache.http.headers -- http-outgoing-157 >> Content-Length: 54
23:07:58.398 [pool-2-thread-27] DEBUG org.apache.http.headers -- http-outgoing-157 >> Host: localhost:3000
23:07:58.398 [pool-2-thread-27] DEBUG org.apache.http.headers -- http-outgoing-157 >> Connection: Keep-Alive
23:07:58.398 [pool-2-thread-27] DEBUG org.apache.http.headers -- http-outgoing-157 >> User-Agent: Apache-HttpClient/4.5.14 (Java/17.0.9)
23:07:58.398 [pool-2-thread-27] DEBUG org.apache.http.headers -- http-outgoing-157 >> Accept-Encoding: gzip,deflate
23:07:58.398 [pool-2-thread-27] DEBUG org.apache.http.wire -- http-outgoing-157 >> "POST /auth/login HTTP/1.1[\r][\n]"
23:07:58.398 [pool-2-thread-27] DEBUG org.apache.http.wire -- http-outgoing-157 >> "Content-Type: application/json; charset=UTF-8[\r][\n]"
23:07:58.398 [pool-2-thread-27] DEBUG org.apache.http.wire -- http-outgoing-157 >> "Content-Length: 54[\r][\n]"
23:07:58.398 [pool-2-thread-27] DEBUG org.apache.http.wire -- http-outgoing-157 >> "Host: localhost:3000[\r][\n]"
23:07:58.398 [pool-2-thread-27] DEBUG org.apache.http.wire -- http-outgoing-157 >> "Connection: Keep-Alive[\r][\n]"
23:07:58.398 [pool-2-thread-27] DEBUG org.apache.http.wire -- http-outgoing-157 >> "User-Agent: Apache-HttpClient/4.5.14 (Java/17.0.9)[\r][\n]"
23:07:58.398 [pool-2-thread-27] DEBUG org.apache.http.wire -- http-outgoing-157 >> "Accept-Encoding: gzip,deflate[\r][\n]"
23:07:58.398 [pool-2-thread-27] DEBUG org.apache.http.wire -- http-outgoing-157 >> "[\r][\n]"
23:07:58.398 [pool-2-thread-27] DEBUG org.apache.http.wire -- http-outgoing-157 >> "{"email":"testit3@gmail.com","password":"Password123"}"
23:07:58.398 [pool-2-thread-4] DEBUG org.apache.http.impl.conn.DefaultHttpClientConnectionOperator -- Connection established 127.0.0.1:52825<->127.0.0.1:3000
23:07:58.398 [pool-2-thread-4] DEBUG org.apache.http.impl.conn.DefaultManagedHttpClientConnection -- http-outgoing-158: set socket timeout to 30000
23:07:58.398 [pool-2-thread-4] DEBUG org.apache.http.impl.execchain.MainClientExec -- Executing request POST /auth/login HTTP/1.1
23:07:58.398 [pool-2-thread-4] DEBUG org.apache.http.impl.execchain.MainClientExec -- Target auth state: UNCHALLENGED
23:07:58.398 [pool-2-thread-4] DEBUG org.apache.http.impl.execchain.MainClientExec -- Proxy auth state: UNCHALLENGED
23:07:58.398 [pool-2-thread-4] DEBUG org.apache.http.headers -- http-outgoing-158 >> POST /auth/login HTTP/1.1
23:07:58.398 [pool-2-thread-4] DEBUG org.apache.http.headers -- http-outgoing-158 >> Content-Type: application/json; charset=UTF-8
23:07:58.398 [pool-2-thread-4] DEBUG org.apache.http.headers -- http-outgoing-158 >> Content-Length: 54
23:07:58.398 [pool-2-thread-4] DEBUG org.apache.http.headers -- http-outgoing-158 >> Host: localhost:3000
23:07:58.398 [pool-2-thread-4] DEBUG org.apache.http.headers -- http-outgoing-158 >> Connection: Keep-Alive
23:07:58.398 [pool-2-thread-4] DEBUG org.apache.http.headers -- http-outgoing-158 >> User-Agent: Apache-HttpClient/4.5.14 (Java/17.0.9)
23:07:58.398 [pool-2-thread-4] DEBUG org.apache.http.headers -- http-outgoing-158 >> Accept-Encoding: gzip,deflate
23:07:58.398 [pool-2-thread-4] DEBUG org.apache.http.wire -- http-outgoing-158 >> "POST /auth/login HTTP/1.1[\r][\n]"
23:07:58.398 [pool-2-thread-4] DEBUG org.apache.http.wire -- http-outgoing-158 >> "Content-Type: application/json; charset=UTF-8[\r][\n]"
23:07:58.398 [pool-2-thread-4] DEBUG org.apache.http.wire -- http-outgoing-158 >> "Content-Length: 54[\r][\n]"
23:07:58.398 [pool-2-thread-4] DEBUG org.apache.http.wire -- http-outgoing-158 >> "Host: localhost:3000[\r][\n]"
23:07:58.398 [pool-2-thread-4] DEBUG org.apache.http.wire -- http-outgoing-158 >> "Connection: Keep-Alive[\r][\n]"
23:07:58.398 [pool-2-thread-4] DEBUG org.apache.http.wire -- http-outgoing-158 >> "User-Agent: Apache-HttpClient/4.5.14 (Java/17.0.9)[\r][\n]"
23:07:58.398 [pool-2-thread-4] DEBUG org.apache.http.wire -- http-outgoing-158 >> "Accept-Encoding: gzip,deflate[\r][\n]"
23:07:58.398 [pool-2-thread-4] DEBUG org.apache.http.wire -- http-outgoing-158 >> "[\r][\n]"
23:07:58.398 [pool-2-thread-4] DEBUG org.apache.http.wire -- http-outgoing-158 >> "{"email":"test2@example.com","password":"Password123"}"
23:07:58.411 [pool-2-thread-29] DEBUG org.apache.http.wire -- http-outgoing-130 << "HTTP/1.1 200 OK[\r][\n]"
23:07:58.411 [pool-2-thread-29] DEBUG org.apache.http.wire -- http-outgoing-130 << "X-Powered-By: Express[\r][\n]"
23:07:58.411 [pool-2-thread-29] DEBUG org.apache.http.wire -- http-outgoing-130 << "Access-Control-Allow-Origin: *[\r][\n]"
23:07:58.411 [pool-2-thread-29] DEBUG org.apache.http.wire -- http-outgoing-130 << "Content-Type: application/json; charset=utf-8[\r][\n]"
23:07:58.411 [pool-2-thread-29] DEBUG org.apache.http.wire -- http-outgoing-130 << "Content-Length: 604[\r][\n]"
23:07:58.411 [pool-2-thread-29] DEBUG org.apache.http.wire -- http-outgoing-130 << "ETag: W/"25c-MQKW3GILOIJdWadYWcPRA8SZAFA"[\r][\n]"
23:07:58.411 [pool-2-thread-29] DEBUG org.apache.http.wire -- http-outgoing-130 << "Date: Sun, 22 Jun 2025 16:07:58 GMT[\r][\n]"
23:07:58.411 [pool-2-thread-29] DEBUG org.apache.http.wire -- http-outgoing-130 << "Connection: keep-alive[\r][\n]"
23:07:58.411 [pool-2-thread-29] DEBUG org.apache.http.wire -- http-outgoing-130 << "Keep-Alive: timeout=5[\r][\n]"
23:07:58.411 [pool-2-thread-29] DEBUG org.apache.http.wire -- http-outgoing-130 << "[\r][\n]"
23:07:58.411 [pool-2-thread-29] DEBUG org.apache.http.wire -- http-outgoing-130 << "{"access_token":"eyJhbGciOiJIUzI1NiIsInR5cCI6IkpXVCJ9.eyJzdWIiOiJkZjZmMDkxOS1hMjNkLTQ0YzktYTkyNS00ZWE4YmU1MjVkMTAiLCJ1c2VybmFtZSI6ImpvaG5kb2UyMyIsInJvbGUiOjAsImlhdCI6MTc1MDYwODQ3OCwiZXhwIjoxNzUwNjEyMDc4fQ.n_TE7Q8CyltOyMvvBXGPUV2xhWcF9mY4WAvOaSL1bmo","refresh_token":"2419b394f601415e658ecbf8d3cb34f940b93bc4bca854a3dde11d85d8e09301","user":{"id":"df6f0919-a23d-44c9-a925-4ea8be525d10","email":"testit@gmail.com","username":"johndoe23","name":"John Doe","phoneNumber":"0123456788","profilePic":null,"bio":null,"private":false,"verified":false,"role":0,"followersCount":0,"followingCount":0,"postCount":0}}"
23:07:58.411 [pool-2-thread-29] DEBUG org.apache.http.headers -- http-outgoing-130 << HTTP/1.1 200 OK
23:07:58.411 [pool-2-thread-29] DEBUG org.apache.http.headers -- http-outgoing-130 << X-Powered-By: Express
23:07:58.411 [pool-2-thread-29] DEBUG org.apache.http.headers -- http-outgoing-130 << Access-Control-Allow-Origin: *
23:07:58.411 [pool-2-thread-29] DEBUG org.apache.http.headers -- http-outgoing-130 << Content-Type: application/json; charset=utf-8
23:07:58.411 [pool-2-thread-29] DEBUG org.apache.http.headers -- http-outgoing-130 << Content-Length: 604
23:07:58.411 [pool-2-thread-29] DEBUG org.apache.http.headers -- http-outgoing-130 << ETag: W/"25c-MQKW3GILOIJdWadYWcPRA8SZAFA"
23:07:58.411 [pool-2-thread-29] DEBUG org.apache.http.headers -- http-outgoing-130 << Date: Sun, 22 Jun 2025 16:07:58 GMT
23:07:58.411 [pool-2-thread-29] DEBUG org.apache.http.headers -- http-outgoing-130 << Connection: keep-alive
23:07:58.411 [pool-2-thread-29] DEBUG org.apache.http.headers -- http-outgoing-130 << Keep-Alive: timeout=5
23:07:58.411 [pool-2-thread-29] DEBUG org.apache.http.impl.execchain.MainClientExec -- Connection can be kept alive for 5000 MILLISECONDS
23:07:58.411 [pool-2-thread-29] DEBUG org.apache.http.impl.conn.PoolingHttpClientConnectionManager -- Connection [id: 129][route: {}->http://localhost:3000] can be kept alive for 5.0 seconds
23:07:58.411 [pool-2-thread-29] DEBUG org.apache.http.impl.conn.DefaultManagedHttpClientConnection -- http-outgoing-130: set socket timeout to 0
23:07:58.412 [pool-2-thread-29] DEBUG org.apache.http.impl.conn.PoolingHttpClientConnectionManager -- Connection released: [id: 129][route: {}->http://localhost:3000][total available: 1; route allocated: 1 of 5; total allocated: 1 of 10]
23:07:58.412 [pool-2-thread-29] DEBUG org.apache.http.impl.conn.PoolingHttpClientConnectionManager -- Connection manager is shutting down
23:07:58.412 [pool-2-thread-29] DEBUG org.apache.http.impl.conn.DefaultManagedHttpClientConnection -- http-outgoing-130: Close connection
23:07:58.412 [pool-2-thread-29] DEBUG org.apache.http.impl.conn.PoolingHttpClientConnectionManager -- Connection manager shut down
23:07:58.412 [pool-2-thread-29] DEBUG com.intuit.karate -- response time in milliseconds: 2219
6 < 200
6 < X-Powered-By: Express
6 < Access-Control-Allow-Origin: *
6 < Content-Type: application/json; charset=utf-8
6 < Content-Length: 604
6 < ETag: W/"25c-MQKW3GILOIJdWadYWcPRA8SZAFA"
6 < Date: Sun, 22 Jun 2025 16:07:58 GMT
6 < Connection: keep-alive
6 < Keep-Alive: timeout=5
{"access_token":"eyJhbGciOiJIUzI1NiIsInR5cCI6IkpXVCJ9.eyJzdWIiOiJkZjZmMDkxOS1hMjNkLTQ0YzktYTkyNS00ZWE4YmU1MjVkMTAiLCJ1c2VybmFtZSI6ImpvaG5kb2UyMyIsInJvbGUiOjAsImlhdCI6MTc1MDYwODQ3OCwiZXhwIjoxNzUwNjEyMDc4fQ.n_TE7Q8CyltOyMvvBXGPUV2xhWcF9mY4WAvOaSL1bmo","refresh_token":"2419b394f601415e658ecbf8d3cb34f940b93bc4bca854a3dde11d85d8e09301","user":{"id":"df6f0919-a23d-44c9-a925-4ea8be525d10","email":"testit@gmail.com","username":"johndoe23","name":"John Doe","phoneNumber":"0123456788","profilePic":null,"bio":null,"private":false,"verified":false,"role":0,"followersCount":0,"followingCount":0,"postCount":0}}

23:07:58.413 [pool-2-thread-29] INFO com.intuit.karate -- [print] Call 6 completed, status: 200 
23:07:58.414 [pool-2-thread-29] INFO com.intuit.karate -- [print] *** API CALL 7 *** 
23:07:58.415 [pool-2-thread-29] DEBUG org.apache.http.client.protocol.RequestAddCookies -- CookieSpec selected: karate
23:07:58.415 [pool-2-thread-29] DEBUG org.apache.http.client.protocol.RequestAuthCache -- Auth cache not set in the context
23:07:58.415 [pool-2-thread-29] DEBUG com.intuit.karate -- request:
7 > POST http://localhost:3000/auth/login
7 > Content-Type: application/json; charset=UTF-8
7 > Content-Length: 53
7 > Host: localhost:3000
7 > Connection: Keep-Alive
7 > User-Agent: Apache-HttpClient/4.5.14 (Java/17.0.9)
7 > Accept-Encoding: gzip,deflate
{"email":"testit@gmail.com","password":"Password123"}

23:07:58.415 [pool-2-thread-29] DEBUG org.apache.http.impl.conn.PoolingHttpClientConnectionManager -- Connection request: [route: {}->http://localhost:3000][total available: 0; route allocated: 0 of 5; total allocated: 0 of 10]
23:07:58.415 [pool-2-thread-29] DEBUG org.apache.http.impl.conn.PoolingHttpClientConnectionManager -- Connection leased: [id: 159][route: {}->http://localhost:3000][total available: 0; route allocated: 1 of 5; total allocated: 1 of 10]
23:07:58.415 [pool-2-thread-29] DEBUG org.apache.http.impl.execchain.MainClientExec -- Opening connection {}->http://localhost:3000
23:07:58.415 [pool-2-thread-29] DEBUG org.apache.http.impl.conn.DefaultHttpClientConnectionOperator -- Connecting to localhost/127.0.0.1:3000
23:07:58.415 [pool-2-thread-29] DEBUG org.apache.http.impl.conn.DefaultHttpClientConnectionOperator -- Connection established 127.0.0.1:52826<->127.0.0.1:3000
23:07:58.415 [pool-2-thread-29] DEBUG org.apache.http.impl.conn.DefaultManagedHttpClientConnection -- http-outgoing-159: set socket timeout to 30000
23:07:58.415 [pool-2-thread-29] DEBUG org.apache.http.impl.execchain.MainClientExec -- Executing request POST /auth/login HTTP/1.1
23:07:58.415 [pool-2-thread-29] DEBUG org.apache.http.impl.execchain.MainClientExec -- Target auth state: UNCHALLENGED
23:07:58.415 [pool-2-thread-29] DEBUG org.apache.http.impl.execchain.MainClientExec -- Proxy auth state: UNCHALLENGED
23:07:58.415 [pool-2-thread-29] DEBUG org.apache.http.headers -- http-outgoing-159 >> POST /auth/login HTTP/1.1
23:07:58.415 [pool-2-thread-29] DEBUG org.apache.http.headers -- http-outgoing-159 >> Content-Type: application/json; charset=UTF-8
23:07:58.415 [pool-2-thread-29] DEBUG org.apache.http.headers -- http-outgoing-159 >> Content-Length: 53
23:07:58.415 [pool-2-thread-29] DEBUG org.apache.http.headers -- http-outgoing-159 >> Host: localhost:3000
23:07:58.415 [pool-2-thread-29] DEBUG org.apache.http.headers -- http-outgoing-159 >> Connection: Keep-Alive
23:07:58.415 [pool-2-thread-29] DEBUG org.apache.http.headers -- http-outgoing-159 >> User-Agent: Apache-HttpClient/4.5.14 (Java/17.0.9)
23:07:58.415 [pool-2-thread-29] DEBUG org.apache.http.headers -- http-outgoing-159 >> Accept-Encoding: gzip,deflate
23:07:58.415 [pool-2-thread-29] DEBUG org.apache.http.wire -- http-outgoing-159 >> "POST /auth/login HTTP/1.1[\r][\n]"
23:07:58.415 [pool-2-thread-29] DEBUG org.apache.http.wire -- http-outgoing-159 >> "Content-Type: application/json; charset=UTF-8[\r][\n]"
23:07:58.415 [pool-2-thread-29] DEBUG org.apache.http.wire -- http-outgoing-159 >> "Content-Length: 53[\r][\n]"
23:07:58.415 [pool-2-thread-29] DEBUG org.apache.http.wire -- http-outgoing-159 >> "Host: localhost:3000[\r][\n]"
23:07:58.415 [pool-2-thread-29] DEBUG org.apache.http.wire -- http-outgoing-159 >> "Connection: Keep-Alive[\r][\n]"
23:07:58.415 [pool-2-thread-29] DEBUG org.apache.http.wire -- http-outgoing-159 >> "User-Agent: Apache-HttpClient/4.5.14 (Java/17.0.9)[\r][\n]"
23:07:58.415 [pool-2-thread-29] DEBUG org.apache.http.wire -- http-outgoing-159 >> "Accept-Encoding: gzip,deflate[\r][\n]"
23:07:58.415 [pool-2-thread-29] DEBUG org.apache.http.wire -- http-outgoing-159 >> "[\r][\n]"
23:07:58.415 [pool-2-thread-29] DEBUG org.apache.http.wire -- http-outgoing-159 >> "{"email":"testit@gmail.com","password":"Password123"}"
23:07:58.417 [pool-2-thread-20] DEBUG org.apache.http.wire -- http-outgoing-132 << "HTTP/1.1 200 OK[\r][\n]"
23:07:58.417 [pool-2-thread-20] DEBUG org.apache.http.wire -- http-outgoing-132 << "X-Powered-By: Express[\r][\n]"
23:07:58.417 [pool-2-thread-20] DEBUG org.apache.http.wire -- http-outgoing-132 << "Access-Control-Allow-Origin: *[\r][\n]"
23:07:58.417 [pool-2-thread-20] DEBUG org.apache.http.wire -- http-outgoing-132 << "Content-Type: application/json; charset=utf-8[\r][\n]"
23:07:58.417 [pool-2-thread-20] DEBUG org.apache.http.wire -- http-outgoing-132 << "Content-Length: 605[\r][\n]"
23:07:58.417 [pool-2-thread-20] DEBUG org.apache.http.wire -- http-outgoing-132 << "ETag: W/"25d-xKWR422/d2uqOVDoQFkqi7ZW5GU"[\r][\n]"
23:07:58.417 [pool-2-thread-20] DEBUG org.apache.http.wire -- http-outgoing-132 << "Date: Sun, 22 Jun 2025 16:07:58 GMT[\r][\n]"
23:07:58.417 [pool-2-thread-20] DEBUG org.apache.http.wire -- http-outgoing-132 << "Connection: keep-alive[\r][\n]"
23:07:58.417 [pool-2-thread-20] DEBUG org.apache.http.wire -- http-outgoing-132 << "Keep-Alive: timeout=5[\r][\n]"
23:07:58.417 [pool-2-thread-20] DEBUG org.apache.http.wire -- http-outgoing-132 << "[\r][\n]"
23:07:58.417 [pool-2-thread-20] DEBUG org.apache.http.wire -- http-outgoing-132 << "{"access_token":"eyJhbGciOiJIUzI1NiIsInR5cCI6IkpXVCJ9.eyJzdWIiOiIwYTM3ZWY0My1mZWU4LTQxZDMtYTY4Ni04YWIwODY5NDg2OTUiLCJ1c2VybmFtZSI6ImpvaG5kb2UyMSIsInJvbGUiOjAsImlhdCI6MTc1MDYwODQ3OCwiZXhwIjoxNzUwNjEyMDc4fQ.awkboNBRM6kMstezZ1kUh_k8uKHXfB1r06BAA8GVFwo","refresh_token":"3f61c270df7def523ecbd46bd8568821c877f82f070b73c7b6e5baff6b8f8457","user":{"id":"0a37ef43-fee8-41d3-a686-8ab086948695","email":"testit2@gmail.com","username":"johndoe21","name":"John Doe","phoneNumber":"0123456712","profilePic":null,"bio":null,"private":false,"verified":false,"role":0,"followersCount":0,"followingCount":0,"postCount":0}}"
23:07:58.417 [pool-2-thread-20] DEBUG org.apache.http.headers -- http-outgoing-132 << HTTP/1.1 200 OK
23:07:58.417 [pool-2-thread-20] DEBUG org.apache.http.headers -- http-outgoing-132 << X-Powered-By: Express
23:07:58.417 [pool-2-thread-20] DEBUG org.apache.http.headers -- http-outgoing-132 << Access-Control-Allow-Origin: *
23:07:58.417 [pool-2-thread-20] DEBUG org.apache.http.headers -- http-outgoing-132 << Content-Type: application/json; charset=utf-8
23:07:58.417 [pool-2-thread-20] DEBUG org.apache.http.headers -- http-outgoing-132 << Content-Length: 605
23:07:58.417 [pool-2-thread-20] DEBUG org.apache.http.headers -- http-outgoing-132 << ETag: W/"25d-xKWR422/d2uqOVDoQFkqi7ZW5GU"
23:07:58.417 [pool-2-thread-20] DEBUG org.apache.http.headers -- http-outgoing-132 << Date: Sun, 22 Jun 2025 16:07:58 GMT
23:07:58.417 [pool-2-thread-20] DEBUG org.apache.http.headers -- http-outgoing-132 << Connection: keep-alive
23:07:58.417 [pool-2-thread-20] DEBUG org.apache.http.headers -- http-outgoing-132 << Keep-Alive: timeout=5
23:07:58.417 [pool-2-thread-20] DEBUG org.apache.http.impl.execchain.MainClientExec -- Connection can be kept alive for 5000 MILLISECONDS
23:07:58.418 [pool-2-thread-20] DEBUG org.apache.http.impl.conn.PoolingHttpClientConnectionManager -- Connection [id: 132][route: {}->http://localhost:3000] can be kept alive for 5.0 seconds
23:07:58.418 [pool-2-thread-20] DEBUG org.apache.http.impl.conn.DefaultManagedHttpClientConnection -- http-outgoing-132: set socket timeout to 0
23:07:58.418 [pool-2-thread-20] DEBUG org.apache.http.impl.conn.PoolingHttpClientConnectionManager -- Connection released: [id: 132][route: {}->http://localhost:3000][total available: 1; route allocated: 1 of 5; total allocated: 1 of 10]
23:07:58.418 [pool-2-thread-20] DEBUG org.apache.http.impl.conn.PoolingHttpClientConnectionManager -- Connection manager is shutting down
23:07:58.418 [pool-2-thread-20] DEBUG org.apache.http.impl.conn.DefaultManagedHttpClientConnection -- http-outgoing-132: Close connection
23:07:58.418 [pool-2-thread-20] DEBUG org.apache.http.impl.conn.PoolingHttpClientConnectionManager -- Connection manager shut down
23:07:58.418 [pool-2-thread-20] DEBUG com.intuit.karate -- response time in milliseconds: 2202
5 < 200
5 < X-Powered-By: Express
5 < Access-Control-Allow-Origin: *
5 < Content-Type: application/json; charset=utf-8
5 < Content-Length: 605
5 < ETag: W/"25d-xKWR422/d2uqOVDoQFkqi7ZW5GU"
5 < Date: Sun, 22 Jun 2025 16:07:58 GMT
5 < Connection: keep-alive
5 < Keep-Alive: timeout=5
{"access_token":"eyJhbGciOiJIUzI1NiIsInR5cCI6IkpXVCJ9.eyJzdWIiOiIwYTM3ZWY0My1mZWU4LTQxZDMtYTY4Ni04YWIwODY5NDg2OTUiLCJ1c2VybmFtZSI6ImpvaG5kb2UyMSIsInJvbGUiOjAsImlhdCI6MTc1MDYwODQ3OCwiZXhwIjoxNzUwNjEyMDc4fQ.awkboNBRM6kMstezZ1kUh_k8uKHXfB1r06BAA8GVFwo","refresh_token":"3f61c270df7def523ecbd46bd8568821c877f82f070b73c7b6e5baff6b8f8457","user":{"id":"0a37ef43-fee8-41d3-a686-8ab086948695","email":"testit2@gmail.com","username":"johndoe21","name":"John Doe","phoneNumber":"0123456712","profilePic":null,"bio":null,"private":false,"verified":false,"role":0,"followersCount":0,"followingCount":0,"postCount":0}}

23:07:58.419 [pool-2-thread-20] INFO com.intuit.karate -- [print] Call 5 completed, status: 200 
23:07:58.420 [pool-2-thread-20] INFO com.intuit.karate -- [print] *** API CALL 6 *** 
23:07:58.422 [pool-2-thread-20] DEBUG org.apache.http.client.protocol.RequestAddCookies -- CookieSpec selected: karate
23:07:58.422 [pool-2-thread-20] DEBUG org.apache.http.client.protocol.RequestAuthCache -- Auth cache not set in the context
23:07:58.422 [pool-2-thread-20] DEBUG com.intuit.karate -- request:
6 > POST http://localhost:3000/auth/login
6 > Content-Type: application/json; charset=UTF-8
6 > Content-Length: 54
6 > Host: localhost:3000
6 > Connection: Keep-Alive
6 > User-Agent: Apache-HttpClient/4.5.14 (Java/17.0.9)
6 > Accept-Encoding: gzip,deflate
{"email":"testit2@gmail.com","password":"Password123"}

23:07:58.422 [pool-2-thread-20] DEBUG org.apache.http.impl.conn.PoolingHttpClientConnectionManager -- Connection request: [route: {}->http://localhost:3000][total available: 0; route allocated: 0 of 5; total allocated: 0 of 10]
23:07:58.422 [pool-2-thread-20] DEBUG org.apache.http.impl.conn.PoolingHttpClientConnectionManager -- Connection leased: [id: 160][route: {}->http://localhost:3000][total available: 0; route allocated: 1 of 5; total allocated: 1 of 10]
23:07:58.422 [pool-2-thread-20] DEBUG org.apache.http.impl.execchain.MainClientExec -- Opening connection {}->http://localhost:3000
23:07:58.422 [pool-2-thread-20] DEBUG org.apache.http.impl.conn.DefaultHttpClientConnectionOperator -- Connecting to localhost/127.0.0.1:3000
23:07:58.422 [pool-2-thread-20] DEBUG org.apache.http.impl.conn.DefaultHttpClientConnectionOperator -- Connection established 127.0.0.1:52827<->127.0.0.1:3000
23:07:58.422 [pool-2-thread-20] DEBUG org.apache.http.impl.conn.DefaultManagedHttpClientConnection -- http-outgoing-160: set socket timeout to 30000
23:07:58.423 [pool-2-thread-20] DEBUG org.apache.http.impl.execchain.MainClientExec -- Executing request POST /auth/login HTTP/1.1
23:07:58.423 [pool-2-thread-20] DEBUG org.apache.http.impl.execchain.MainClientExec -- Target auth state: UNCHALLENGED
23:07:58.423 [pool-2-thread-20] DEBUG org.apache.http.impl.execchain.MainClientExec -- Proxy auth state: UNCHALLENGED
23:07:58.423 [pool-2-thread-20] DEBUG org.apache.http.headers -- http-outgoing-160 >> POST /auth/login HTTP/1.1
23:07:58.423 [pool-2-thread-20] DEBUG org.apache.http.headers -- http-outgoing-160 >> Content-Type: application/json; charset=UTF-8
23:07:58.423 [pool-2-thread-20] DEBUG org.apache.http.headers -- http-outgoing-160 >> Content-Length: 54
23:07:58.423 [pool-2-thread-20] DEBUG org.apache.http.headers -- http-outgoing-160 >> Host: localhost:3000
23:07:58.423 [pool-2-thread-20] DEBUG org.apache.http.headers -- http-outgoing-160 >> Connection: Keep-Alive
23:07:58.423 [pool-2-thread-20] DEBUG org.apache.http.headers -- http-outgoing-160 >> User-Agent: Apache-HttpClient/4.5.14 (Java/17.0.9)
23:07:58.423 [pool-2-thread-20] DEBUG org.apache.http.headers -- http-outgoing-160 >> Accept-Encoding: gzip,deflate
23:07:58.423 [pool-2-thread-20] DEBUG org.apache.http.wire -- http-outgoing-160 >> "POST /auth/login HTTP/1.1[\r][\n]"
23:07:58.423 [pool-2-thread-20] DEBUG org.apache.http.wire -- http-outgoing-160 >> "Content-Type: application/json; charset=UTF-8[\r][\n]"
23:07:58.423 [pool-2-thread-20] DEBUG org.apache.http.wire -- http-outgoing-160 >> "Content-Length: 54[\r][\n]"
23:07:58.423 [pool-2-thread-20] DEBUG org.apache.http.wire -- http-outgoing-160 >> "Host: localhost:3000[\r][\n]"
23:07:58.423 [pool-2-thread-20] DEBUG org.apache.http.wire -- http-outgoing-160 >> "Connection: Keep-Alive[\r][\n]"
23:07:58.423 [pool-2-thread-20] DEBUG org.apache.http.wire -- http-outgoing-160 >> "User-Agent: Apache-HttpClient/4.5.14 (Java/17.0.9)[\r][\n]"
23:07:58.423 [pool-2-thread-20] DEBUG org.apache.http.wire -- http-outgoing-160 >> "Accept-Encoding: gzip,deflate[\r][\n]"
23:07:58.423 [pool-2-thread-20] DEBUG org.apache.http.wire -- http-outgoing-160 >> "[\r][\n]"
23:07:58.423 [pool-2-thread-20] DEBUG org.apache.http.wire -- http-outgoing-160 >> "{"email":"testit2@gmail.com","password":"Password123"}"
23:07:59.182 [pool-2-thread-26] DEBUG org.apache.http.wire -- http-outgoing-135 << "HTTP/1.1 200 OK[\r][\n]"
23:07:59.182 [pool-2-thread-26] DEBUG org.apache.http.wire -- http-outgoing-135 << "X-Powered-By: Express[\r][\n]"
23:07:59.182 [pool-2-thread-26] DEBUG org.apache.http.wire -- http-outgoing-135 << "Access-Control-Allow-Origin: *[\r][\n]"
23:07:59.182 [pool-2-thread-26] DEBUG org.apache.http.wire -- http-outgoing-135 << "Content-Type: application/json; charset=utf-8[\r][\n]"
23:07:59.182 [pool-2-thread-26] DEBUG org.apache.http.wire -- http-outgoing-135 << "Content-Length: 607[\r][\n]"
23:07:59.182 [pool-2-thread-26] DEBUG org.apache.http.wire -- http-outgoing-135 << "ETag: W/"25f-Ip3x2/2cQNIIsM9YbAtldbPS4LA"[\r][\n]"
23:07:59.182 [pool-2-thread-26] DEBUG org.apache.http.wire -- http-outgoing-135 << "Date: Sun, 22 Jun 2025 16:07:59 GMT[\r][\n]"
23:07:59.182 [pool-2-thread-26] DEBUG org.apache.http.wire -- http-outgoing-135 << "Connection: keep-alive[\r][\n]"
23:07:59.182 [pool-2-thread-26] DEBUG org.apache.http.wire -- http-outgoing-135 << "Keep-Alive: timeout=5[\r][\n]"
23:07:59.182 [pool-2-thread-26] DEBUG org.apache.http.wire -- http-outgoing-135 << "[\r][\n]"
23:07:59.182 [pool-2-thread-26] DEBUG org.apache.http.wire -- http-outgoing-135 << "{"access_token":"eyJhbGciOiJIUzI1NiIsInR5cCI6IkpXVCJ9.eyJzdWIiOiI5YTI2OTc2Yy0xNTMyLTRkZjMtYTE2ZS03NjMxNTI1Yzg1MDIiLCJ1c2VybmFtZSI6ImpvaG5kb2UyZDUiLCJyb2xlIjowLCJpYXQiOjE3NTA2MDg0NzgsImV4cCI6MTc1MDYxMjA3OH0.4gphA189yaDuXWE_J48EvbJTIj8Gd_ubIyMG6KIzTck","refresh_token":"c1f63be77d50cf3a22c203524cd6a0be5df926663eef039617b159b55eb0fdf0","user":{"id":"9a26976c-1532-4df3-a16e-7631525c8502","email":"testit4@gmail.com","username":"johndoe2d5","name":"John Doe","phoneNumber":"0123456212","profilePic":null,"bio":null,"private":false,"verified":false,"role":0,"followersCount":0,"followingCount":0,"postCount":0}}"
23:07:59.182 [pool-2-thread-26] DEBUG org.apache.http.headers -- http-outgoing-135 << HTTP/1.1 200 OK
23:07:59.182 [pool-2-thread-26] DEBUG org.apache.http.headers -- http-outgoing-135 << X-Powered-By: Express
23:07:59.182 [pool-2-thread-26] DEBUG org.apache.http.headers -- http-outgoing-135 << Access-Control-Allow-Origin: *
23:07:59.182 [pool-2-thread-26] DEBUG org.apache.http.headers -- http-outgoing-135 << Content-Type: application/json; charset=utf-8
23:07:59.182 [pool-2-thread-26] DEBUG org.apache.http.headers -- http-outgoing-135 << Content-Length: 607
23:07:59.182 [pool-2-thread-26] DEBUG org.apache.http.headers -- http-outgoing-135 << ETag: W/"25f-Ip3x2/2cQNIIsM9YbAtldbPS4LA"
23:07:59.182 [pool-2-thread-26] DEBUG org.apache.http.headers -- http-outgoing-135 << Date: Sun, 22 Jun 2025 16:07:59 GMT
23:07:59.182 [pool-2-thread-26] DEBUG org.apache.http.headers -- http-outgoing-135 << Connection: keep-alive
23:07:59.182 [pool-2-thread-26] DEBUG org.apache.http.headers -- http-outgoing-135 << Keep-Alive: timeout=5
23:07:59.182 [pool-2-thread-26] DEBUG org.apache.http.impl.execchain.MainClientExec -- Connection can be kept alive for 5000 MILLISECONDS
23:07:59.182 [pool-2-thread-26] DEBUG org.apache.http.impl.conn.PoolingHttpClientConnectionManager -- Connection [id: 135][route: {}->http://localhost:3000] can be kept alive for 5.0 seconds
23:07:59.182 [pool-2-thread-26] DEBUG org.apache.http.impl.conn.DefaultManagedHttpClientConnection -- http-outgoing-135: set socket timeout to 0
23:07:59.182 [pool-2-thread-26] DEBUG org.apache.http.impl.conn.PoolingHttpClientConnectionManager -- Connection released: [id: 135][route: {}->http://localhost:3000][total available: 1; route allocated: 1 of 5; total allocated: 1 of 10]
23:07:59.182 [pool-2-thread-26] DEBUG org.apache.http.impl.conn.PoolingHttpClientConnectionManager -- Connection manager is shutting down
23:07:59.182 [pool-2-thread-26] DEBUG org.apache.http.impl.conn.DefaultManagedHttpClientConnection -- http-outgoing-135: Close connection
23:07:59.182 [pool-2-thread-26] DEBUG org.apache.http.impl.conn.PoolingHttpClientConnectionManager -- Connection manager shut down
23:07:59.182 [pool-2-thread-26] DEBUG com.intuit.karate -- response time in milliseconds: 2818
7 < 200
7 < X-Powered-By: Express
7 < Access-Control-Allow-Origin: *
7 < Content-Type: application/json; charset=utf-8
7 < Content-Length: 607
7 < ETag: W/"25f-Ip3x2/2cQNIIsM9YbAtldbPS4LA"
7 < Date: Sun, 22 Jun 2025 16:07:59 GMT
7 < Connection: keep-alive
7 < Keep-Alive: timeout=5
{"access_token":"eyJhbGciOiJIUzI1NiIsInR5cCI6IkpXVCJ9.eyJzdWIiOiI5YTI2OTc2Yy0xNTMyLTRkZjMtYTE2ZS03NjMxNTI1Yzg1MDIiLCJ1c2VybmFtZSI6ImpvaG5kb2UyZDUiLCJyb2xlIjowLCJpYXQiOjE3NTA2MDg0NzgsImV4cCI6MTc1MDYxMjA3OH0.4gphA189yaDuXWE_J48EvbJTIj8Gd_ubIyMG6KIzTck","refresh_token":"c1f63be77d50cf3a22c203524cd6a0be5df926663eef039617b159b55eb0fdf0","user":{"id":"9a26976c-1532-4df3-a16e-7631525c8502","email":"testit4@gmail.com","username":"johndoe2d5","name":"John Doe","phoneNumber":"0123456212","profilePic":null,"bio":null,"private":false,"verified":false,"role":0,"followersCount":0,"followingCount":0,"postCount":0}}

23:07:59.183 [pool-2-thread-26] INFO com.intuit.karate -- [print] Call 7 completed, status: 200 
23:07:59.184 [pool-2-thread-26] INFO com.intuit.karate -- [print] *** API CALL 8 *** 
23:07:59.184 [pool-2-thread-21] DEBUG org.apache.http.wire -- http-outgoing-144 << "HTTP/1.1 200 OK[\r][\n]"
23:07:59.184 [pool-2-thread-21] DEBUG org.apache.http.wire -- http-outgoing-144 << "X-Powered-By: Express[\r][\n]"
23:07:59.184 [pool-2-thread-21] DEBUG org.apache.http.wire -- http-outgoing-144 << "Access-Control-Allow-Origin: *[\r][\n]"
23:07:59.184 [pool-2-thread-21] DEBUG org.apache.http.wire -- http-outgoing-144 << "Content-Type: application/json; charset=utf-8[\r][\n]"
23:07:59.184 [pool-2-thread-21] DEBUG org.apache.http.wire -- http-outgoing-144 << "Content-Length: 708[\r][\n]"
23:07:59.184 [pool-2-thread-21] DEBUG org.apache.http.wire -- http-outgoing-144 << "ETag: W/"2c4-VayM0aace8xtYSW0qghMrH7LMjw"[\r][\n]"
23:07:59.184 [pool-2-thread-21] DEBUG org.apache.http.wire -- http-outgoing-144 << "Date: Sun, 22 Jun 2025 16:07:59 GMT[\r][\n]"
23:07:59.184 [pool-2-thread-21] DEBUG org.apache.http.wire -- http-outgoing-144 << "Connection: keep-alive[\r][\n]"
23:07:59.184 [pool-2-thread-21] DEBUG org.apache.http.wire -- http-outgoing-144 << "Keep-Alive: timeout=5[\r][\n]"
23:07:59.184 [pool-2-thread-21] DEBUG org.apache.http.wire -- http-outgoing-144 << "[\r][\n]"
23:07:59.184 [pool-2-thread-21] DEBUG org.apache.http.wire -- http-outgoing-144 << "{"access_token":"eyJhbGciOiJIUzI1NiIsInR5cCI6IkpXVCJ9.eyJzdWIiOiIwODUxNWIwNS0yZDNlLTQ3ODktYWQ2MC1kYjM1NTI1YTQ5NzAiLCJ1c2VybmFtZSI6Im5hbSIsInJvbGUiOjAsImlhdCI6MTc1MDYwODQ3OCwiZXhwIjoxNzUwNjEyMDc4fQ.eGd7yXuPnQj2R3azMTEEK6Q98qfCla0H5bQEfuPUEwk","refresh_token":"38aa49bbd4a4541486658f76f490cc12c4299604dcd0873ce185a59397c939d6","user":{"id":"08515b05-2d3e-4789-ad60-db35525a4970","email":"nam@gmail.com","username":"nam","name":"nam","phoneNumber":"0123456789","profilePic":"https://res.cloudinary.com/dizcvrefo/image/upload/v1749266646/nestjs_uploads/zk9zrpeidnovxibfqdxr.png","bio":"Chu tich hoi dong Quan tri 1","private":false,"verified":false,"role":0,"followersCount":2,"followingCount":2,"postCount":13}}"
23:07:59.184 [pool-2-thread-21] DEBUG org.apache.http.headers -- http-outgoing-144 << HTTP/1.1 200 OK
23:07:59.185 [pool-2-thread-21] DEBUG org.apache.http.headers -- http-outgoing-144 << X-Powered-By: Express
23:07:59.185 [pool-2-thread-21] DEBUG org.apache.http.headers -- http-outgoing-144 << Access-Control-Allow-Origin: *
23:07:59.185 [pool-2-thread-21] DEBUG org.apache.http.headers -- http-outgoing-144 << Content-Type: application/json; charset=utf-8
23:07:59.185 [pool-2-thread-21] DEBUG org.apache.http.headers -- http-outgoing-144 << Content-Length: 708
23:07:59.185 [pool-2-thread-21] DEBUG org.apache.http.headers -- http-outgoing-144 << ETag: W/"2c4-VayM0aace8xtYSW0qghMrH7LMjw"
23:07:59.185 [pool-2-thread-21] DEBUG org.apache.http.headers -- http-outgoing-144 << Date: Sun, 22 Jun 2025 16:07:59 GMT
23:07:59.185 [pool-2-thread-21] DEBUG org.apache.http.headers -- http-outgoing-144 << Connection: keep-alive
23:07:59.185 [pool-2-thread-21] DEBUG org.apache.http.headers -- http-outgoing-144 << Keep-Alive: timeout=5
23:07:59.185 [pool-2-thread-21] DEBUG org.apache.http.impl.execchain.MainClientExec -- Connection can be kept alive for 5000 MILLISECONDS
23:07:59.185 [pool-2-thread-21] DEBUG org.apache.http.impl.conn.PoolingHttpClientConnectionManager -- Connection [id: 144][route: {}->http://localhost:3000] can be kept alive for 5.0 seconds
23:07:59.185 [pool-2-thread-21] DEBUG org.apache.http.impl.conn.DefaultManagedHttpClientConnection -- http-outgoing-144: set socket timeout to 0
23:07:59.185 [pool-2-thread-26] DEBUG org.apache.http.client.protocol.RequestAddCookies -- CookieSpec selected: karate
23:07:59.185 [pool-2-thread-21] DEBUG org.apache.http.impl.conn.PoolingHttpClientConnectionManager -- Connection released: [id: 144][route: {}->http://localhost:3000][total available: 1; route allocated: 1 of 5; total allocated: 1 of 10]
23:07:59.185 [pool-2-thread-21] DEBUG org.apache.http.impl.conn.PoolingHttpClientConnectionManager -- Connection manager is shutting down
23:07:59.185 [pool-2-thread-21] DEBUG org.apache.http.impl.conn.DefaultManagedHttpClientConnection -- http-outgoing-144: Close connection
23:07:59.185 [pool-2-thread-26] DEBUG org.apache.http.client.protocol.RequestAuthCache -- Auth cache not set in the context
23:07:59.185 [pool-2-thread-21] DEBUG org.apache.http.impl.conn.PoolingHttpClientConnectionManager -- Connection manager shut down
23:07:59.185 [pool-2-thread-26] DEBUG com.intuit.karate -- request:
8 > POST http://localhost:3000/auth/login
8 > Content-Type: application/json; charset=UTF-8
8 > Content-Length: 54
8 > Host: localhost:3000
8 > Connection: Keep-Alive
8 > User-Agent: Apache-HttpClient/4.5.14 (Java/17.0.9)
8 > Accept-Encoding: gzip,deflate
{"email":"testit4@gmail.com","password":"Password123"}

23:07:59.185 [pool-2-thread-21] DEBUG com.intuit.karate -- response time in milliseconds: 1953
7 < 200
7 < X-Powered-By: Express
7 < Access-Control-Allow-Origin: *
7 < Content-Type: application/json; charset=utf-8
7 < Content-Length: 708
7 < ETag: W/"2c4-VayM0aace8xtYSW0qghMrH7LMjw"
7 < Date: Sun, 22 Jun 2025 16:07:59 GMT
7 < Connection: keep-alive
7 < Keep-Alive: timeout=5
{"access_token":"eyJhbGciOiJIUzI1NiIsInR5cCI6IkpXVCJ9.eyJzdWIiOiIwODUxNWIwNS0yZDNlLTQ3ODktYWQ2MC1kYjM1NTI1YTQ5NzAiLCJ1c2VybmFtZSI6Im5hbSIsInJvbGUiOjAsImlhdCI6MTc1MDYwODQ3OCwiZXhwIjoxNzUwNjEyMDc4fQ.eGd7yXuPnQj2R3azMTEEK6Q98qfCla0H5bQEfuPUEwk","refresh_token":"38aa49bbd4a4541486658f76f490cc12c4299604dcd0873ce185a59397c939d6","user":{"id":"08515b05-2d3e-4789-ad60-db35525a4970","email":"nam@gmail.com","username":"nam","name":"nam","phoneNumber":"0123456789","profilePic":"https://res.cloudinary.com/dizcvrefo/image/upload/v1749266646/nestjs_uploads/zk9zrpeidnovxibfqdxr.png","bio":"Chu tich hoi dong Quan tri 1","private":false,"verified":false,"role":0,"followersCount":2,"followingCount":2,"postCount":13}}

23:07:59.185 [pool-2-thread-26] DEBUG org.apache.http.impl.conn.PoolingHttpClientConnectionManager -- Connection request: [route: {}->http://localhost:3000][total available: 0; route allocated: 0 of 5; total allocated: 0 of 10]
23:07:59.185 [pool-2-thread-26] DEBUG org.apache.http.impl.conn.PoolingHttpClientConnectionManager -- Connection leased: [id: 161][route: {}->http://localhost:3000][total available: 0; route allocated: 1 of 5; total allocated: 1 of 10]
23:07:59.185 [pool-2-thread-26] DEBUG org.apache.http.impl.execchain.MainClientExec -- Opening connection {}->http://localhost:3000
23:07:59.185 [pool-2-thread-26] DEBUG org.apache.http.impl.conn.DefaultHttpClientConnectionOperator -- Connecting to localhost/127.0.0.1:3000
23:07:59.185 [pool-2-thread-26] DEBUG org.apache.http.impl.conn.DefaultHttpClientConnectionOperator -- Connection established 127.0.0.1:52828<->127.0.0.1:3000
23:07:59.185 [pool-2-thread-26] DEBUG org.apache.http.impl.conn.DefaultManagedHttpClientConnection -- http-outgoing-161: set socket timeout to 30000
23:07:59.185 [pool-2-thread-26] DEBUG org.apache.http.impl.execchain.MainClientExec -- Executing request POST /auth/login HTTP/1.1
23:07:59.185 [pool-2-thread-26] DEBUG org.apache.http.impl.execchain.MainClientExec -- Target auth state: UNCHALLENGED
23:07:59.185 [pool-2-thread-26] DEBUG org.apache.http.impl.execchain.MainClientExec -- Proxy auth state: UNCHALLENGED
23:07:59.185 [pool-2-thread-26] DEBUG org.apache.http.headers -- http-outgoing-161 >> POST /auth/login HTTP/1.1
23:07:59.185 [pool-2-thread-26] DEBUG org.apache.http.headers -- http-outgoing-161 >> Content-Type: application/json; charset=UTF-8
23:07:59.185 [pool-2-thread-26] DEBUG org.apache.http.headers -- http-outgoing-161 >> Content-Length: 54
23:07:59.185 [pool-2-thread-26] DEBUG org.apache.http.headers -- http-outgoing-161 >> Host: localhost:3000
23:07:59.185 [pool-2-thread-26] DEBUG org.apache.http.headers -- http-outgoing-161 >> Connection: Keep-Alive
23:07:59.185 [pool-2-thread-26] DEBUG org.apache.http.headers -- http-outgoing-161 >> User-Agent: Apache-HttpClient/4.5.14 (Java/17.0.9)
23:07:59.185 [pool-2-thread-26] DEBUG org.apache.http.headers -- http-outgoing-161 >> Accept-Encoding: gzip,deflate
23:07:59.185 [pool-2-thread-26] DEBUG org.apache.http.wire -- http-outgoing-161 >> "POST /auth/login HTTP/1.1[\r][\n]"
23:07:59.185 [pool-2-thread-26] DEBUG org.apache.http.wire -- http-outgoing-161 >> "Content-Type: application/json; charset=UTF-8[\r][\n]"
23:07:59.185 [pool-2-thread-26] DEBUG org.apache.http.wire -- http-outgoing-161 >> "Content-Length: 54[\r][\n]"
23:07:59.185 [pool-2-thread-26] DEBUG org.apache.http.wire -- http-outgoing-161 >> "Host: localhost:3000[\r][\n]"
23:07:59.185 [pool-2-thread-26] DEBUG org.apache.http.wire -- http-outgoing-161 >> "Connection: Keep-Alive[\r][\n]"
23:07:59.185 [pool-2-thread-26] DEBUG org.apache.http.wire -- http-outgoing-161 >> "User-Agent: Apache-HttpClient/4.5.14 (Java/17.0.9)[\r][\n]"
23:07:59.185 [pool-2-thread-26] DEBUG org.apache.http.wire -- http-outgoing-161 >> "Accept-Encoding: gzip,deflate[\r][\n]"
23:07:59.185 [pool-2-thread-26] DEBUG org.apache.http.wire -- http-outgoing-161 >> "[\r][\n]"
23:07:59.185 [pool-2-thread-26] DEBUG org.apache.http.wire -- http-outgoing-161 >> "{"email":"testit4@gmail.com","password":"Password123"}"
23:07:59.185 [pool-2-thread-21] INFO com.intuit.karate -- [print] Call 7 completed, status: 200 
23:07:59.186 [pool-2-thread-21] INFO com.intuit.karate -- [print] *** API CALL 8 *** 
23:07:59.188 [pool-2-thread-21] DEBUG org.apache.http.client.protocol.RequestAddCookies -- CookieSpec selected: karate
23:07:59.188 [pool-2-thread-21] DEBUG org.apache.http.client.protocol.RequestAuthCache -- Auth cache not set in the context
23:07:59.188 [pool-2-thread-21] DEBUG com.intuit.karate -- request:
8 > POST http://localhost:3000/auth/login
8 > Content-Type: application/json; charset=UTF-8
8 > Content-Length: 45
8 > Host: localhost:3000
8 > Connection: Keep-Alive
8 > User-Agent: Apache-HttpClient/4.5.14 (Java/17.0.9)
8 > Accept-Encoding: gzip,deflate
{"email":"nam@gmail.com","password":"123456"}

23:07:59.188 [pool-2-thread-21] DEBUG org.apache.http.impl.conn.PoolingHttpClientConnectionManager -- Connection request: [route: {}->http://localhost:3000][total available: 0; route allocated: 0 of 5; total allocated: 0 of 10]
23:07:59.188 [pool-2-thread-21] DEBUG org.apache.http.impl.conn.PoolingHttpClientConnectionManager -- Connection leased: [id: 162][route: {}->http://localhost:3000][total available: 0; route allocated: 1 of 5; total allocated: 1 of 10]
23:07:59.188 [pool-2-thread-21] DEBUG org.apache.http.impl.execchain.MainClientExec -- Opening connection {}->http://localhost:3000
23:07:59.188 [pool-2-thread-21] DEBUG org.apache.http.impl.conn.DefaultHttpClientConnectionOperator -- Connecting to localhost/127.0.0.1:3000
23:07:59.188 [pool-2-thread-21] DEBUG org.apache.http.impl.conn.DefaultHttpClientConnectionOperator -- Connection established 127.0.0.1:52829<->127.0.0.1:3000
23:07:59.188 [pool-2-thread-21] DEBUG org.apache.http.impl.conn.DefaultManagedHttpClientConnection -- http-outgoing-162: set socket timeout to 30000
23:07:59.189 [pool-2-thread-21] DEBUG org.apache.http.impl.execchain.MainClientExec -- Executing request POST /auth/login HTTP/1.1
23:07:59.189 [pool-2-thread-21] DEBUG org.apache.http.impl.execchain.MainClientExec -- Target auth state: UNCHALLENGED
23:07:59.189 [pool-2-thread-21] DEBUG org.apache.http.impl.execchain.MainClientExec -- Proxy auth state: UNCHALLENGED
23:07:59.189 [pool-2-thread-21] DEBUG org.apache.http.headers -- http-outgoing-162 >> POST /auth/login HTTP/1.1
23:07:59.189 [pool-2-thread-21] DEBUG org.apache.http.headers -- http-outgoing-162 >> Content-Type: application/json; charset=UTF-8
23:07:59.189 [pool-2-thread-21] DEBUG org.apache.http.headers -- http-outgoing-162 >> Content-Length: 45
23:07:59.189 [pool-2-thread-21] DEBUG org.apache.http.headers -- http-outgoing-162 >> Host: localhost:3000
23:07:59.189 [pool-2-thread-21] DEBUG org.apache.http.headers -- http-outgoing-162 >> Connection: Keep-Alive
23:07:59.189 [pool-2-thread-21] DEBUG org.apache.http.headers -- http-outgoing-162 >> User-Agent: Apache-HttpClient/4.5.14 (Java/17.0.9)
23:07:59.189 [pool-2-thread-21] DEBUG org.apache.http.headers -- http-outgoing-162 >> Accept-Encoding: gzip,deflate
23:07:59.189 [pool-2-thread-21] DEBUG org.apache.http.wire -- http-outgoing-162 >> "POST /auth/login HTTP/1.1[\r][\n]"
23:07:59.189 [pool-2-thread-21] DEBUG org.apache.http.wire -- http-outgoing-162 >> "Content-Type: application/json; charset=UTF-8[\r][\n]"
23:07:59.189 [pool-2-thread-21] DEBUG org.apache.http.wire -- http-outgoing-162 >> "Content-Length: 45[\r][\n]"
23:07:59.189 [pool-2-thread-21] DEBUG org.apache.http.wire -- http-outgoing-162 >> "Host: localhost:3000[\r][\n]"
23:07:59.189 [pool-2-thread-21] DEBUG org.apache.http.wire -- http-outgoing-162 >> "Connection: Keep-Alive[\r][\n]"
23:07:59.189 [pool-2-thread-21] DEBUG org.apache.http.wire -- http-outgoing-162 >> "User-Agent: Apache-HttpClient/4.5.14 (Java/17.0.9)[\r][\n]"
23:07:59.189 [pool-2-thread-21] DEBUG org.apache.http.wire -- http-outgoing-162 >> "Accept-Encoding: gzip,deflate[\r][\n]"
23:07:59.189 [pool-2-thread-21] DEBUG org.apache.http.wire -- http-outgoing-162 >> "[\r][\n]"
23:07:59.189 [pool-2-thread-21] DEBUG org.apache.http.wire -- http-outgoing-162 >> "{"email":"nam@gmail.com","password":"123456"}"
23:07:59.226 [pool-2-thread-23] DEBUG org.apache.http.wire -- http-outgoing-143 << "HTTP/1.1 200 OK[\r][\n]"
23:07:59.226 [pool-2-thread-23] DEBUG org.apache.http.wire -- http-outgoing-143 << "X-Powered-By: Express[\r][\n]"
23:07:59.226 [pool-2-thread-23] DEBUG org.apache.http.wire -- http-outgoing-143 << "Access-Control-Allow-Origin: *[\r][\n]"
23:07:59.226 [pool-2-thread-23] DEBUG org.apache.http.wire -- http-outgoing-143 << "Content-Type: application/json; charset=utf-8[\r][\n]"
23:07:59.226 [pool-2-thread-23] DEBUG org.apache.http.wire -- http-outgoing-143 << "Content-Length: 599[\r][\n]"
23:07:59.226 [pool-2-thread-23] DEBUG org.apache.http.wire -- http-outgoing-143 << "ETag: W/"257-+qFuqd/Y3zkmRMshQ71tPSklG1k"[\r][\n]"
23:07:59.226 [pool-2-thread-23] DEBUG org.apache.http.wire -- http-outgoing-143 << "Date: Sun, 22 Jun 2025 16:07:59 GMT[\r][\n]"
23:07:59.226 [pool-2-thread-23] DEBUG org.apache.http.wire -- http-outgoing-143 << "Connection: keep-alive[\r][\n]"
23:07:59.226 [pool-2-thread-23] DEBUG org.apache.http.wire -- http-outgoing-143 << "Keep-Alive: timeout=5[\r][\n]"
23:07:59.226 [pool-2-thread-23] DEBUG org.apache.http.wire -- http-outgoing-143 << "[\r][\n]"
23:07:59.226 [pool-2-thread-23] DEBUG org.apache.http.wire -- http-outgoing-143 << "{"access_token":"eyJhbGciOiJIUzI1NiIsInR5cCI6IkpXVCJ9.eyJzdWIiOiIyZGRhMDQzOS01MTgwLTQ1YWEtOTE3Zi1lNjMyZTQ1YThlNDEiLCJ1c2VybmFtZSI6ImpvaG5kb2UiLCJyb2xlIjowLCJpYXQiOjE3NTA2MDg0NzgsImV4cCI6MTc1MDYxMjA3OH0.XONZXNRSgpi3dnJac3F1s2k6Mnv8-4eiN5ku-TLVkzA","refresh_token":"0883b4d8236a0bd35f70e815346009e26880f17d6f21355ee151f4168a234757","user":{"id":"2dda0439-5180-45aa-917f-e632e45a8e41","email":"test@example.com","username":"johndoe","name":"John Doe","phoneNumber":"0987654321","profilePic":null,"bio":null,"private":false,"verified":false,"role":0,"followersCount":0,"followingCount":0,"postCount":0}}"
23:07:59.226 [pool-2-thread-23] DEBUG org.apache.http.headers -- http-outgoing-143 << HTTP/1.1 200 OK
23:07:59.226 [pool-2-thread-23] DEBUG org.apache.http.headers -- http-outgoing-143 << X-Powered-By: Express
23:07:59.226 [pool-2-thread-23] DEBUG org.apache.http.headers -- http-outgoing-143 << Access-Control-Allow-Origin: *
23:07:59.226 [pool-2-thread-23] DEBUG org.apache.http.headers -- http-outgoing-143 << Content-Type: application/json; charset=utf-8
23:07:59.226 [pool-2-thread-23] DEBUG org.apache.http.headers -- http-outgoing-143 << Content-Length: 599
23:07:59.226 [pool-2-thread-23] DEBUG org.apache.http.headers -- http-outgoing-143 << ETag: W/"257-+qFuqd/Y3zkmRMshQ71tPSklG1k"
23:07:59.226 [pool-2-thread-23] DEBUG org.apache.http.headers -- http-outgoing-143 << Date: Sun, 22 Jun 2025 16:07:59 GMT
23:07:59.226 [pool-2-thread-23] DEBUG org.apache.http.headers -- http-outgoing-143 << Connection: keep-alive
23:07:59.226 [pool-2-thread-23] DEBUG org.apache.http.headers -- http-outgoing-143 << Keep-Alive: timeout=5
23:07:59.226 [pool-2-thread-23] DEBUG org.apache.http.impl.execchain.MainClientExec -- Connection can be kept alive for 5000 MILLISECONDS
23:07:59.226 [pool-2-thread-23] DEBUG org.apache.http.impl.conn.PoolingHttpClientConnectionManager -- Connection [id: 143][route: {}->http://localhost:3000] can be kept alive for 5.0 seconds
23:07:59.226 [pool-2-thread-23] DEBUG org.apache.http.impl.conn.DefaultManagedHttpClientConnection -- http-outgoing-143: set socket timeout to 0
23:07:59.226 [pool-2-thread-23] DEBUG org.apache.http.impl.conn.PoolingHttpClientConnectionManager -- Connection released: [id: 143][route: {}->http://localhost:3000][total available: 1; route allocated: 1 of 5; total allocated: 1 of 10]
23:07:59.226 [pool-2-thread-23] DEBUG org.apache.http.impl.conn.PoolingHttpClientConnectionManager -- Connection manager is shutting down
23:07:59.226 [pool-2-thread-23] DEBUG org.apache.http.impl.conn.DefaultManagedHttpClientConnection -- http-outgoing-143: Close connection
23:07:59.227 [pool-2-thread-23] DEBUG org.apache.http.impl.conn.PoolingHttpClientConnectionManager -- Connection manager shut down
23:07:59.227 [pool-2-thread-23] DEBUG com.intuit.karate -- response time in milliseconds: 2004
6 < 200
6 < X-Powered-By: Express
6 < Access-Control-Allow-Origin: *
6 < Content-Type: application/json; charset=utf-8
6 < Content-Length: 599
6 < ETag: W/"257-+qFuqd/Y3zkmRMshQ71tPSklG1k"
6 < Date: Sun, 22 Jun 2025 16:07:59 GMT
6 < Connection: keep-alive
6 < Keep-Alive: timeout=5
{"access_token":"eyJhbGciOiJIUzI1NiIsInR5cCI6IkpXVCJ9.eyJzdWIiOiIyZGRhMDQzOS01MTgwLTQ1YWEtOTE3Zi1lNjMyZTQ1YThlNDEiLCJ1c2VybmFtZSI6ImpvaG5kb2UiLCJyb2xlIjowLCJpYXQiOjE3NTA2MDg0NzgsImV4cCI6MTc1MDYxMjA3OH0.XONZXNRSgpi3dnJac3F1s2k6Mnv8-4eiN5ku-TLVkzA","refresh_token":"0883b4d8236a0bd35f70e815346009e26880f17d6f21355ee151f4168a234757","user":{"id":"2dda0439-5180-45aa-917f-e632e45a8e41","email":"test@example.com","username":"johndoe","name":"John Doe","phoneNumber":"0987654321","profilePic":null,"bio":null,"private":false,"verified":false,"role":0,"followersCount":0,"followingCount":0,"postCount":0}}

23:07:59.229 [pool-2-thread-23] INFO com.intuit.karate -- [print] Call 6 completed, status: 200 
23:07:59.230 [pool-2-thread-23] INFO com.intuit.karate -- [print] *** API CALL 7 *** 
23:07:59.231 [pool-2-thread-23] DEBUG org.apache.http.client.protocol.RequestAddCookies -- CookieSpec selected: karate
23:07:59.231 [pool-2-thread-23] DEBUG org.apache.http.client.protocol.RequestAuthCache -- Auth cache not set in the context
23:07:59.231 [pool-2-thread-23] DEBUG com.intuit.karate -- request:
7 > POST http://localhost:3000/auth/login
7 > Content-Type: application/json; charset=UTF-8
7 > Content-Length: 53
7 > Host: localhost:3000
7 > Connection: Keep-Alive
7 > User-Agent: Apache-HttpClient/4.5.14 (Java/17.0.9)
7 > Accept-Encoding: gzip,deflate
{"email":"test@example.com","password":"Password123"}

23:07:59.231 [pool-2-thread-23] DEBUG org.apache.http.impl.conn.PoolingHttpClientConnectionManager -- Connection request: [route: {}->http://localhost:3000][total available: 0; route allocated: 0 of 5; total allocated: 0 of 10]
23:07:59.231 [pool-2-thread-23] DEBUG org.apache.http.impl.conn.PoolingHttpClientConnectionManager -- Connection leased: [id: 163][route: {}->http://localhost:3000][total available: 0; route allocated: 1 of 5; total allocated: 1 of 10]
23:07:59.231 [pool-2-thread-23] DEBUG org.apache.http.impl.execchain.MainClientExec -- Opening connection {}->http://localhost:3000
23:07:59.231 [pool-2-thread-23] DEBUG org.apache.http.impl.conn.DefaultHttpClientConnectionOperator -- Connecting to localhost/127.0.0.1:3000
23:07:59.232 [pool-2-thread-23] DEBUG org.apache.http.impl.conn.DefaultHttpClientConnectionOperator -- Connection established 127.0.0.1:52830<->127.0.0.1:3000
23:07:59.232 [pool-2-thread-23] DEBUG org.apache.http.impl.conn.DefaultManagedHttpClientConnection -- http-outgoing-163: set socket timeout to 30000
23:07:59.232 [pool-2-thread-23] DEBUG org.apache.http.impl.execchain.MainClientExec -- Executing request POST /auth/login HTTP/1.1
23:07:59.232 [pool-2-thread-23] DEBUG org.apache.http.impl.execchain.MainClientExec -- Target auth state: UNCHALLENGED
23:07:59.232 [pool-2-thread-23] DEBUG org.apache.http.impl.execchain.MainClientExec -- Proxy auth state: UNCHALLENGED
23:07:59.232 [pool-2-thread-23] DEBUG org.apache.http.headers -- http-outgoing-163 >> POST /auth/login HTTP/1.1
23:07:59.232 [pool-2-thread-23] DEBUG org.apache.http.headers -- http-outgoing-163 >> Content-Type: application/json; charset=UTF-8
23:07:59.232 [pool-2-thread-23] DEBUG org.apache.http.headers -- http-outgoing-163 >> Content-Length: 53
23:07:59.232 [pool-2-thread-23] DEBUG org.apache.http.headers -- http-outgoing-163 >> Host: localhost:3000
23:07:59.232 [pool-2-thread-23] DEBUG org.apache.http.headers -- http-outgoing-163 >> Connection: Keep-Alive
23:07:59.232 [pool-2-thread-23] DEBUG org.apache.http.headers -- http-outgoing-163 >> User-Agent: Apache-HttpClient/4.5.14 (Java/17.0.9)
23:07:59.232 [pool-2-thread-23] DEBUG org.apache.http.headers -- http-outgoing-163 >> Accept-Encoding: gzip,deflate
23:07:59.232 [pool-2-thread-23] DEBUG org.apache.http.wire -- http-outgoing-163 >> "POST /auth/login HTTP/1.1[\r][\n]"
23:07:59.232 [pool-2-thread-23] DEBUG org.apache.http.wire -- http-outgoing-163 >> "Content-Type: application/json; charset=UTF-8[\r][\n]"
23:07:59.232 [pool-2-thread-23] DEBUG org.apache.http.wire -- http-outgoing-163 >> "Content-Length: 53[\r][\n]"
23:07:59.232 [pool-2-thread-23] DEBUG org.apache.http.wire -- http-outgoing-163 >> "Host: localhost:3000[\r][\n]"
23:07:59.232 [pool-2-thread-23] DEBUG org.apache.http.wire -- http-outgoing-163 >> "Connection: Keep-Alive[\r][\n]"
23:07:59.232 [pool-2-thread-23] DEBUG org.apache.http.wire -- http-outgoing-163 >> "User-Agent: Apache-HttpClient/4.5.14 (Java/17.0.9)[\r][\n]"
23:07:59.232 [pool-2-thread-23] DEBUG org.apache.http.wire -- http-outgoing-163 >> "Accept-Encoding: gzip,deflate[\r][\n]"
23:07:59.232 [pool-2-thread-23] DEBUG org.apache.http.wire -- http-outgoing-163 >> "[\r][\n]"
23:07:59.232 [pool-2-thread-23] DEBUG org.apache.http.wire -- http-outgoing-163 >> "{"email":"test@example.com","password":"Password123"}"
23:07:59.322 [pool-2-thread-12] DEBUG org.apache.http.wire -- http-outgoing-139 << "HTTP/1.1 200 OK[\r][\n]"
23:07:59.322 [pool-2-thread-12] DEBUG org.apache.http.wire -- http-outgoing-139 << "X-Powered-By: Express[\r][\n]"
23:07:59.322 [pool-2-thread-12] DEBUG org.apache.http.wire -- http-outgoing-139 << "Access-Control-Allow-Origin: *[\r][\n]"
23:07:59.322 [pool-2-thread-12] DEBUG org.apache.http.wire -- http-outgoing-139 << "Content-Type: application/json; charset=utf-8[\r][\n]"
23:07:59.322 [pool-2-thread-12] DEBUG org.apache.http.wire -- http-outgoing-139 << "Content-Length: 715[\r][\n]"
23:07:59.322 [pool-2-thread-12] DEBUG org.apache.http.wire -- http-outgoing-139 << "ETag: W/"2cb-9v3EXioexVdSqFgNEQdmgbJHZEE"[\r][\n]"
23:07:59.322 [pool-2-thread-12] DEBUG org.apache.http.wire -- http-outgoing-139 << "Date: Sun, 22 Jun 2025 16:07:59 GMT[\r][\n]"
23:07:59.322 [pool-2-thread-12] DEBUG org.apache.http.wire -- http-outgoing-139 << "Connection: keep-alive[\r][\n]"
23:07:59.322 [pool-2-thread-12] DEBUG org.apache.http.wire -- http-outgoing-139 << "Keep-Alive: timeout=5[\r][\n]"
23:07:59.322 [pool-2-thread-12] DEBUG org.apache.http.wire -- http-outgoing-139 << "[\r][\n]"
23:07:59.322 [pool-2-thread-12] DEBUG org.apache.http.wire -- http-outgoing-139 << "{"access_token":"eyJhbGciOiJIUzI1NiIsInR5cCI6IkpXVCJ9.eyJzdWIiOiIyYjg0YWEyNC02NjhhLTQwZTItYWYxYy1hZDRmYzRmYTVhNmYiLCJ1c2VybmFtZSI6InF1YW5nMSIsInJvbGUiOjAsImlhdCI6MTc1MDYwODQ3OSwiZXhwIjoxNzUwNjEyMDc5fQ.lBzxB_0CCc2xH7GIWBu5ECLATt2xC4rvApm72x6ZiaM","refresh_token":"6eeedba916d2c6c5c6ccb580ce8a2a0e0fa2cfffc9a4e85e8200f3cc5ccd802c","user":{"id":"2b84aa24-668a-40e2-af1c-ad4fc4fa5a6f","email":"quang1@gmail.com","username":"quang1","name":"quang1","phoneNumber":"09874563210","profilePic":"https://res.cloudinary.com/dizcvrefo/image/upload/v1749027586/nestjs_uploads/xehairydt9rzlbmbmv4c.jpg","bio":"Thang Nam Lao Vua Thoi","private":false,"verified":false,"role":0,"followersCount":2,"followingCount":3,"postCount":2}}"
23:07:59.322 [pool-2-thread-12] DEBUG org.apache.http.headers -- http-outgoing-139 << HTTP/1.1 200 OK
23:07:59.322 [pool-2-thread-12] DEBUG org.apache.http.headers -- http-outgoing-139 << X-Powered-By: Express
23:07:59.322 [pool-2-thread-12] DEBUG org.apache.http.headers -- http-outgoing-139 << Access-Control-Allow-Origin: *
23:07:59.322 [pool-2-thread-12] DEBUG org.apache.http.headers -- http-outgoing-139 << Content-Type: application/json; charset=utf-8
23:07:59.322 [pool-2-thread-12] DEBUG org.apache.http.headers -- http-outgoing-139 << Content-Length: 715
23:07:59.322 [pool-2-thread-12] DEBUG org.apache.http.headers -- http-outgoing-139 << ETag: W/"2cb-9v3EXioexVdSqFgNEQdmgbJHZEE"
23:07:59.322 [pool-2-thread-12] DEBUG org.apache.http.headers -- http-outgoing-139 << Date: Sun, 22 Jun 2025 16:07:59 GMT
23:07:59.322 [pool-2-thread-12] DEBUG org.apache.http.headers -- http-outgoing-139 << Connection: keep-alive
23:07:59.322 [pool-2-thread-12] DEBUG org.apache.http.headers -- http-outgoing-139 << Keep-Alive: timeout=5
23:07:59.322 [pool-2-thread-12] DEBUG org.apache.http.impl.execchain.MainClientExec -- Connection can be kept alive for 5000 MILLISECONDS
23:07:59.322 [pool-2-thread-12] DEBUG org.apache.http.impl.conn.PoolingHttpClientConnectionManager -- Connection [id: 139][route: {}->http://localhost:3000] can be kept alive for 5.0 seconds
23:07:59.322 [pool-2-thread-12] DEBUG org.apache.http.impl.conn.DefaultManagedHttpClientConnection -- http-outgoing-139: set socket timeout to 0
23:07:59.322 [pool-2-thread-12] DEBUG org.apache.http.impl.conn.PoolingHttpClientConnectionManager -- Connection released: [id: 139][route: {}->http://localhost:3000][total available: 1; route allocated: 1 of 5; total allocated: 1 of 10]
23:07:59.322 [pool-2-thread-12] DEBUG org.apache.http.impl.conn.PoolingHttpClientConnectionManager -- Connection manager is shutting down
23:07:59.322 [pool-2-thread-12] DEBUG org.apache.http.impl.conn.DefaultManagedHttpClientConnection -- http-outgoing-139: Close connection
23:07:59.322 [pool-2-thread-12] DEBUG org.apache.http.impl.conn.PoolingHttpClientConnectionManager -- Connection manager shut down
23:07:59.322 [pool-2-thread-12] DEBUG com.intuit.karate -- response time in milliseconds: 2886
5 < 200
5 < X-Powered-By: Express
5 < Access-Control-Allow-Origin: *
5 < Content-Type: application/json; charset=utf-8
5 < Content-Length: 715
5 < ETag: W/"2cb-9v3EXioexVdSqFgNEQdmgbJHZEE"
5 < Date: Sun, 22 Jun 2025 16:07:59 GMT
5 < Connection: keep-alive
5 < Keep-Alive: timeout=5
{"access_token":"eyJhbGciOiJIUzI1NiIsInR5cCI6IkpXVCJ9.eyJzdWIiOiIyYjg0YWEyNC02NjhhLTQwZTItYWYxYy1hZDRmYzRmYTVhNmYiLCJ1c2VybmFtZSI6InF1YW5nMSIsInJvbGUiOjAsImlhdCI6MTc1MDYwODQ3OSwiZXhwIjoxNzUwNjEyMDc5fQ.lBzxB_0CCc2xH7GIWBu5ECLATt2xC4rvApm72x6ZiaM","refresh_token":"6eeedba916d2c6c5c6ccb580ce8a2a0e0fa2cfffc9a4e85e8200f3cc5ccd802c","user":{"id":"2b84aa24-668a-40e2-af1c-ad4fc4fa5a6f","email":"quang1@gmail.com","username":"quang1","name":"quang1","phoneNumber":"09874563210","profilePic":"https://res.cloudinary.com/dizcvrefo/image/upload/v1749027586/nestjs_uploads/xehairydt9rzlbmbmv4c.jpg","bio":"Thang Nam Lao Vua Thoi","private":false,"verified":false,"role":0,"followersCount":2,"followingCount":3,"postCount":2}}

23:07:59.324 [pool-2-thread-12] INFO com.intuit.karate -- [print] Call 5 completed, status: 200 
23:07:59.324 [pool-2-thread-12] INFO com.intuit.karate -- [print] *** API CALL 6 *** 
23:07:59.325 [pool-2-thread-12] DEBUG org.apache.http.client.protocol.RequestAddCookies -- CookieSpec selected: karate
23:07:59.325 [pool-2-thread-12] DEBUG org.apache.http.client.protocol.RequestAuthCache -- Auth cache not set in the context
23:07:59.325 [pool-2-thread-12] DEBUG com.intuit.karate -- request:
6 > POST http://localhost:3000/auth/login
6 > Content-Type: application/json; charset=UTF-8
6 > Content-Length: 48
6 > Host: localhost:3000
6 > Connection: Keep-Alive
6 > User-Agent: Apache-HttpClient/4.5.14 (Java/17.0.9)
6 > Accept-Encoding: gzip,deflate
{"email":"quang1@gmail.com","password":"quang1"}

23:07:59.325 [pool-2-thread-12] DEBUG org.apache.http.impl.conn.PoolingHttpClientConnectionManager -- Connection request: [route: {}->http://localhost:3000][total available: 0; route allocated: 0 of 5; total allocated: 0 of 10]
23:07:59.325 [pool-2-thread-12] DEBUG org.apache.http.impl.conn.PoolingHttpClientConnectionManager -- Connection leased: [id: 164][route: {}->http://localhost:3000][total available: 0; route allocated: 1 of 5; total allocated: 1 of 10]
23:07:59.325 [pool-2-thread-12] DEBUG org.apache.http.impl.execchain.MainClientExec -- Opening connection {}->http://localhost:3000
23:07:59.325 [pool-2-thread-12] DEBUG org.apache.http.impl.conn.DefaultHttpClientConnectionOperator -- Connecting to localhost/127.0.0.1:3000
23:07:59.325 [pool-2-thread-12] DEBUG org.apache.http.impl.conn.DefaultHttpClientConnectionOperator -- Connection established 127.0.0.1:52831<->127.0.0.1:3000
23:07:59.325 [pool-2-thread-12] DEBUG org.apache.http.impl.conn.DefaultManagedHttpClientConnection -- http-outgoing-164: set socket timeout to 30000
23:07:59.325 [pool-2-thread-12] DEBUG org.apache.http.impl.execchain.MainClientExec -- Executing request POST /auth/login HTTP/1.1
23:07:59.325 [pool-2-thread-12] DEBUG org.apache.http.impl.execchain.MainClientExec -- Target auth state: UNCHALLENGED
23:07:59.325 [pool-2-thread-12] DEBUG org.apache.http.impl.execchain.MainClientExec -- Proxy auth state: UNCHALLENGED
23:07:59.325 [pool-2-thread-12] DEBUG org.apache.http.headers -- http-outgoing-164 >> POST /auth/login HTTP/1.1
23:07:59.325 [pool-2-thread-12] DEBUG org.apache.http.headers -- http-outgoing-164 >> Content-Type: application/json; charset=UTF-8
23:07:59.325 [pool-2-thread-12] DEBUG org.apache.http.headers -- http-outgoing-164 >> Content-Length: 48
23:07:59.325 [pool-2-thread-12] DEBUG org.apache.http.headers -- http-outgoing-164 >> Host: localhost:3000
23:07:59.325 [pool-2-thread-12] DEBUG org.apache.http.headers -- http-outgoing-164 >> Connection: Keep-Alive
23:07:59.325 [pool-2-thread-12] DEBUG org.apache.http.headers -- http-outgoing-164 >> User-Agent: Apache-HttpClient/4.5.14 (Java/17.0.9)
23:07:59.325 [pool-2-thread-12] DEBUG org.apache.http.headers -- http-outgoing-164 >> Accept-Encoding: gzip,deflate
23:07:59.326 [pool-2-thread-12] DEBUG org.apache.http.wire -- http-outgoing-164 >> "POST /auth/login HTTP/1.1[\r][\n]"
23:07:59.326 [pool-2-thread-12] DEBUG org.apache.http.wire -- http-outgoing-164 >> "Content-Type: application/json; charset=UTF-8[\r][\n]"
23:07:59.326 [pool-2-thread-12] DEBUG org.apache.http.wire -- http-outgoing-164 >> "Content-Length: 48[\r][\n]"
23:07:59.326 [pool-2-thread-12] DEBUG org.apache.http.wire -- http-outgoing-164 >> "Host: localhost:3000[\r][\n]"
23:07:59.326 [pool-2-thread-12] DEBUG org.apache.http.wire -- http-outgoing-164 >> "Connection: Keep-Alive[\r][\n]"
23:07:59.326 [pool-2-thread-12] DEBUG org.apache.http.wire -- http-outgoing-164 >> "User-Agent: Apache-HttpClient/4.5.14 (Java/17.0.9)[\r][\n]"
23:07:59.326 [pool-2-thread-12] DEBUG org.apache.http.wire -- http-outgoing-164 >> "Accept-Encoding: gzip,deflate[\r][\n]"
23:07:59.326 [pool-2-thread-12] DEBUG org.apache.http.wire -- http-outgoing-164 >> "[\r][\n]"
23:07:59.326 [pool-2-thread-12] DEBUG org.apache.http.wire -- http-outgoing-164 >> "{"email":"quang1@gmail.com","password":"quang1"}"
23:07:59.341 [pool-2-thread-9] DEBUG org.apache.http.wire -- http-outgoing-147 << "HTTP/1.1 200 OK[\r][\n]"
23:07:59.341 [pool-2-thread-9] DEBUG org.apache.http.wire -- http-outgoing-147 << "X-Powered-By: Express[\r][\n]"
23:07:59.341 [pool-2-thread-9] DEBUG org.apache.http.wire -- http-outgoing-147 << "Access-Control-Allow-Origin: *[\r][\n]"
23:07:59.341 [pool-2-thread-9] DEBUG org.apache.http.wire -- http-outgoing-147 << "Content-Type: application/json; charset=utf-8[\r][\n]"
23:07:59.341 [pool-2-thread-9] DEBUG org.apache.http.wire -- http-outgoing-147 << "Content-Length: 604[\r][\n]"
23:07:59.341 [pool-2-thread-9] DEBUG org.apache.http.wire -- http-outgoing-147 << "ETag: W/"25c-jcthnDnBdtJMJd5edwvPcHdc+SI"[\r][\n]"
23:07:59.341 [pool-2-thread-9] DEBUG org.apache.http.wire -- http-outgoing-147 << "Date: Sun, 22 Jun 2025 16:07:59 GMT[\r][\n]"
23:07:59.341 [pool-2-thread-9] DEBUG org.apache.http.wire -- http-outgoing-147 << "Connection: keep-alive[\r][\n]"
23:07:59.341 [pool-2-thread-9] DEBUG org.apache.http.wire -- http-outgoing-147 << "Keep-Alive: timeout=5[\r][\n]"
23:07:59.341 [pool-2-thread-9] DEBUG org.apache.http.wire -- http-outgoing-147 << "[\r][\n]"
23:07:59.341 [pool-2-thread-9] DEBUG org.apache.http.wire -- http-outgoing-147 << "{"access_token":"eyJhbGciOiJIUzI1NiIsInR5cCI6IkpXVCJ9.eyJzdWIiOiJkZjZmMDkxOS1hMjNkLTQ0YzktYTkyNS00ZWE4YmU1MjVkMTAiLCJ1c2VybmFtZSI6ImpvaG5kb2UyMyIsInJvbGUiOjAsImlhdCI6MTc1MDYwODQ3OSwiZXhwIjoxNzUwNjEyMDc5fQ.iQvJ0FbWRugfIHA375TUjusQHox0DzuZGs8Cn2Ow6RI","refresh_token":"dae62d42cb6c99e3f4a160688e10dcd1af190b4aafaeeb1c6f2a7ee8d4d65f8e","user":{"id":"df6f0919-a23d-44c9-a925-4ea8be525d10","email":"testit@gmail.com","username":"johndoe23","name":"John Doe","phoneNumber":"0123456788","profilePic":null,"bio":null,"private":false,"verified":false,"role":0,"followersCount":0,"followingCount":0,"postCount":0}}"
23:07:59.341 [pool-2-thread-9] DEBUG org.apache.http.headers -- http-outgoing-147 << HTTP/1.1 200 OK
23:07:59.341 [pool-2-thread-9] DEBUG org.apache.http.headers -- http-outgoing-147 << X-Powered-By: Express
23:07:59.341 [pool-2-thread-9] DEBUG org.apache.http.headers -- http-outgoing-147 << Access-Control-Allow-Origin: *
23:07:59.341 [pool-2-thread-9] DEBUG org.apache.http.headers -- http-outgoing-147 << Content-Type: application/json; charset=utf-8
23:07:59.341 [pool-2-thread-9] DEBUG org.apache.http.headers -- http-outgoing-147 << Content-Length: 604
23:07:59.341 [pool-2-thread-9] DEBUG org.apache.http.headers -- http-outgoing-147 << ETag: W/"25c-jcthnDnBdtJMJd5edwvPcHdc+SI"
23:07:59.341 [pool-2-thread-9] DEBUG org.apache.http.headers -- http-outgoing-147 << Date: Sun, 22 Jun 2025 16:07:59 GMT
23:07:59.341 [pool-2-thread-9] DEBUG org.apache.http.headers -- http-outgoing-147 << Connection: keep-alive
23:07:59.341 [pool-2-thread-9] DEBUG org.apache.http.headers -- http-outgoing-147 << Keep-Alive: timeout=5
23:07:59.342 [pool-2-thread-9] DEBUG org.apache.http.impl.execchain.MainClientExec -- Connection can be kept alive for 5000 MILLISECONDS
23:07:59.342 [pool-2-thread-9] DEBUG org.apache.http.impl.conn.PoolingHttpClientConnectionManager -- Connection [id: 147][route: {}->http://localhost:3000] can be kept alive for 5.0 seconds
23:07:59.342 [pool-2-thread-9] DEBUG org.apache.http.impl.conn.DefaultManagedHttpClientConnection -- http-outgoing-147: set socket timeout to 0
23:07:59.342 [pool-2-thread-9] DEBUG org.apache.http.impl.conn.PoolingHttpClientConnectionManager -- Connection released: [id: 147][route: {}->http://localhost:3000][total available: 1; route allocated: 1 of 5; total allocated: 1 of 10]
23:07:59.342 [pool-2-thread-9] DEBUG org.apache.http.impl.conn.PoolingHttpClientConnectionManager -- Connection manager is shutting down
23:07:59.342 [pool-2-thread-9] DEBUG org.apache.http.impl.conn.DefaultManagedHttpClientConnection -- http-outgoing-147: Close connection
23:07:59.342 [pool-2-thread-9] DEBUG org.apache.http.impl.conn.PoolingHttpClientConnectionManager -- Connection manager shut down
23:07:59.342 [pool-2-thread-9] DEBUG com.intuit.karate -- response time in milliseconds: 1952
5 < 200
5 < X-Powered-By: Express
5 < Access-Control-Allow-Origin: *
5 < Content-Type: application/json; charset=utf-8
5 < Content-Length: 604
5 < ETag: W/"25c-jcthnDnBdtJMJd5edwvPcHdc+SI"
5 < Date: Sun, 22 Jun 2025 16:07:59 GMT
5 < Connection: keep-alive
5 < Keep-Alive: timeout=5
{"access_token":"eyJhbGciOiJIUzI1NiIsInR5cCI6IkpXVCJ9.eyJzdWIiOiJkZjZmMDkxOS1hMjNkLTQ0YzktYTkyNS00ZWE4YmU1MjVkMTAiLCJ1c2VybmFtZSI6ImpvaG5kb2UyMyIsInJvbGUiOjAsImlhdCI6MTc1MDYwODQ3OSwiZXhwIjoxNzUwNjEyMDc5fQ.iQvJ0FbWRugfIHA375TUjusQHox0DzuZGs8Cn2Ow6RI","refresh_token":"dae62d42cb6c99e3f4a160688e10dcd1af190b4aafaeeb1c6f2a7ee8d4d65f8e","user":{"id":"df6f0919-a23d-44c9-a925-4ea8be525d10","email":"testit@gmail.com","username":"johndoe23","name":"John Doe","phoneNumber":"0123456788","profilePic":null,"bio":null,"private":false,"verified":false,"role":0,"followersCount":0,"followingCount":0,"postCount":0}}

23:07:59.344 [pool-2-thread-9] INFO com.intuit.karate -- [print] Call 5 completed, status: 200 
23:07:59.344 [pool-2-thread-9] INFO com.intuit.karate -- [print] *** API CALL 6 *** 
23:07:59.345 [pool-2-thread-9] DEBUG org.apache.http.client.protocol.RequestAddCookies -- CookieSpec selected: karate
23:07:59.345 [pool-2-thread-9] DEBUG org.apache.http.client.protocol.RequestAuthCache -- Auth cache not set in the context
23:07:59.345 [pool-2-thread-9] DEBUG com.intuit.karate -- request:
6 > POST http://localhost:3000/auth/login
6 > Content-Type: application/json; charset=UTF-8
6 > Content-Length: 53
6 > Host: localhost:3000
6 > Connection: Keep-Alive
6 > User-Agent: Apache-HttpClient/4.5.14 (Java/17.0.9)
6 > Accept-Encoding: gzip,deflate
{"email":"testit@gmail.com","password":"Password123"}

23:07:59.345 [pool-2-thread-9] DEBUG org.apache.http.impl.conn.PoolingHttpClientConnectionManager -- Connection request: [route: {}->http://localhost:3000][total available: 0; route allocated: 0 of 5; total allocated: 0 of 10]
23:07:59.345 [pool-2-thread-9] DEBUG org.apache.http.impl.conn.PoolingHttpClientConnectionManager -- Connection leased: [id: 165][route: {}->http://localhost:3000][total available: 0; route allocated: 1 of 5; total allocated: 1 of 10]
23:07:59.345 [pool-2-thread-9] DEBUG org.apache.http.impl.execchain.MainClientExec -- Opening connection {}->http://localhost:3000
23:07:59.345 [pool-2-thread-9] DEBUG org.apache.http.impl.conn.DefaultHttpClientConnectionOperator -- Connecting to localhost/127.0.0.1:3000
23:07:59.346 [pool-2-thread-9] DEBUG org.apache.http.impl.conn.DefaultHttpClientConnectionOperator -- Connection established 127.0.0.1:52832<->127.0.0.1:3000
23:07:59.346 [pool-2-thread-9] DEBUG org.apache.http.impl.conn.DefaultManagedHttpClientConnection -- http-outgoing-165: set socket timeout to 30000
23:07:59.346 [pool-2-thread-9] DEBUG org.apache.http.impl.execchain.MainClientExec -- Executing request POST /auth/login HTTP/1.1
23:07:59.346 [pool-2-thread-9] DEBUG org.apache.http.impl.execchain.MainClientExec -- Target auth state: UNCHALLENGED
23:07:59.346 [pool-2-thread-9] DEBUG org.apache.http.impl.execchain.MainClientExec -- Proxy auth state: UNCHALLENGED
23:07:59.346 [pool-2-thread-9] DEBUG org.apache.http.headers -- http-outgoing-165 >> POST /auth/login HTTP/1.1
23:07:59.346 [pool-2-thread-9] DEBUG org.apache.http.headers -- http-outgoing-165 >> Content-Type: application/json; charset=UTF-8
23:07:59.346 [pool-2-thread-9] DEBUG org.apache.http.headers -- http-outgoing-165 >> Content-Length: 53
23:07:59.346 [pool-2-thread-9] DEBUG org.apache.http.headers -- http-outgoing-165 >> Host: localhost:3000
23:07:59.346 [pool-2-thread-9] DEBUG org.apache.http.headers -- http-outgoing-165 >> Connection: Keep-Alive
23:07:59.346 [pool-2-thread-9] DEBUG org.apache.http.headers -- http-outgoing-165 >> User-Agent: Apache-HttpClient/4.5.14 (Java/17.0.9)
23:07:59.346 [pool-2-thread-9] DEBUG org.apache.http.headers -- http-outgoing-165 >> Accept-Encoding: gzip,deflate
23:07:59.346 [pool-2-thread-9] DEBUG org.apache.http.wire -- http-outgoing-165 >> "POST /auth/login HTTP/1.1[\r][\n]"
23:07:59.346 [pool-2-thread-9] DEBUG org.apache.http.wire -- http-outgoing-165 >> "Content-Type: application/json; charset=UTF-8[\r][\n]"
23:07:59.346 [pool-2-thread-9] DEBUG org.apache.http.wire -- http-outgoing-165 >> "Content-Length: 53[\r][\n]"
23:07:59.346 [pool-2-thread-9] DEBUG org.apache.http.wire -- http-outgoing-165 >> "Host: localhost:3000[\r][\n]"
23:07:59.346 [pool-2-thread-9] DEBUG org.apache.http.wire -- http-outgoing-165 >> "Connection: Keep-Alive[\r][\n]"
23:07:59.346 [pool-2-thread-9] DEBUG org.apache.http.wire -- http-outgoing-165 >> "User-Agent: Apache-HttpClient/4.5.14 (Java/17.0.9)[\r][\n]"
23:07:59.346 [pool-2-thread-9] DEBUG org.apache.http.wire -- http-outgoing-165 >> "Accept-Encoding: gzip,deflate[\r][\n]"
23:07:59.346 [pool-2-thread-9] DEBUG org.apache.http.wire -- http-outgoing-165 >> "[\r][\n]"
23:07:59.346 [pool-2-thread-9] DEBUG org.apache.http.wire -- http-outgoing-165 >> "{"email":"testit@gmail.com","password":"Password123"}"
23:07:59.348 [pool-2-thread-5] DEBUG org.apache.http.wire -- http-outgoing-142 << "HTTP/1.1 200 OK[\r][\n]"
23:07:59.348 [pool-2-thread-5] DEBUG org.apache.http.wire -- http-outgoing-142 << "X-Powered-By: Express[\r][\n]"
23:07:59.348 [pool-2-thread-5] DEBUG org.apache.http.wire -- http-outgoing-142 << "Access-Control-Allow-Origin: *[\r][\n]"
23:07:59.348 [pool-2-thread-5] DEBUG org.apache.http.wire -- http-outgoing-142 << "Content-Type: application/json; charset=utf-8[\r][\n]"
23:07:59.348 [pool-2-thread-5] DEBUG org.apache.http.wire -- http-outgoing-142 << "Content-Length: 607[\r][\n]"
23:07:59.348 [pool-2-thread-5] DEBUG org.apache.http.wire -- http-outgoing-142 << "ETag: W/"25f-5uOFg99IIqQSFOqpRPj/C9+G0v4"[\r][\n]"
23:07:59.348 [pool-2-thread-5] DEBUG org.apache.http.wire -- http-outgoing-142 << "Date: Sun, 22 Jun 2025 16:07:59 GMT[\r][\n]"
23:07:59.348 [pool-2-thread-5] DEBUG org.apache.http.wire -- http-outgoing-142 << "Connection: keep-alive[\r][\n]"
23:07:59.348 [pool-2-thread-5] DEBUG org.apache.http.wire -- http-outgoing-142 << "Keep-Alive: timeout=5[\r][\n]"
23:07:59.348 [pool-2-thread-5] DEBUG org.apache.http.wire -- http-outgoing-142 << "[\r][\n]"
23:07:59.348 [pool-2-thread-5] DEBUG org.apache.http.wire -- http-outgoing-142 << "{"access_token":"eyJhbGciOiJIUzI1NiIsInR5cCI6IkpXVCJ9.eyJzdWIiOiJjMjE0MjJkZi1jY2VjLTQ0MGUtOWE0Mi1jMWI4MmFiZjczM2QiLCJ1c2VybmFtZSI6ImpvaG5kb2UyOCIsInJvbGUiOjAsImlhdCI6MTc1MDYwODQ3OSwiZXhwIjoxNzUwNjEyMDc5fQ.aCF3GBCiRhjavHYxxFjeBpAqZeQdPWst8zBj1eZkcGk","refresh_token":"055c426c5454cbfb125b40b375cc324339c90c8620d6e2e7774af8c42fcd2e43","user":{"id":"c21422df-ccec-440e-9a42-c1b82abf733d","email":"test28@example.com","username":"johndoe28","name":"John Doe","phoneNumber":"84987654321","profilePic":null,"bio":null,"private":false,"verified":false,"role":0,"followersCount":0,"followingCount":0,"postCount":0}}"
23:07:59.348 [pool-2-thread-5] DEBUG org.apache.http.headers -- http-outgoing-142 << HTTP/1.1 200 OK
23:07:59.348 [pool-2-thread-5] DEBUG org.apache.http.headers -- http-outgoing-142 << X-Powered-By: Express
23:07:59.348 [pool-2-thread-5] DEBUG org.apache.http.headers -- http-outgoing-142 << Access-Control-Allow-Origin: *
23:07:59.348 [pool-2-thread-5] DEBUG org.apache.http.headers -- http-outgoing-142 << Content-Type: application/json; charset=utf-8
23:07:59.348 [pool-2-thread-5] DEBUG org.apache.http.headers -- http-outgoing-142 << Content-Length: 607
23:07:59.348 [pool-2-thread-5] DEBUG org.apache.http.headers -- http-outgoing-142 << ETag: W/"25f-5uOFg99IIqQSFOqpRPj/C9+G0v4"
23:07:59.348 [pool-2-thread-5] DEBUG org.apache.http.headers -- http-outgoing-142 << Date: Sun, 22 Jun 2025 16:07:59 GMT
23:07:59.348 [pool-2-thread-5] DEBUG org.apache.http.headers -- http-outgoing-142 << Connection: keep-alive
23:07:59.348 [pool-2-thread-5] DEBUG org.apache.http.headers -- http-outgoing-142 << Keep-Alive: timeout=5
23:07:59.349 [pool-2-thread-5] DEBUG org.apache.http.impl.execchain.MainClientExec -- Connection can be kept alive for 5000 MILLISECONDS
23:07:59.349 [pool-2-thread-5] DEBUG org.apache.http.impl.conn.PoolingHttpClientConnectionManager -- Connection [id: 142][route: {}->http://localhost:3000] can be kept alive for 5.0 seconds
23:07:59.349 [pool-2-thread-5] DEBUG org.apache.http.impl.conn.DefaultManagedHttpClientConnection -- http-outgoing-142: set socket timeout to 0
23:07:59.349 [pool-2-thread-5] DEBUG org.apache.http.impl.conn.PoolingHttpClientConnectionManager -- Connection released: [id: 142][route: {}->http://localhost:3000][total available: 1; route allocated: 1 of 5; total allocated: 1 of 10]
23:07:59.349 [pool-2-thread-5] DEBUG org.apache.http.impl.conn.PoolingHttpClientConnectionManager -- Connection manager is shutting down
23:07:59.349 [pool-2-thread-5] DEBUG org.apache.http.impl.conn.DefaultManagedHttpClientConnection -- http-outgoing-142: Close connection
23:07:59.349 [pool-2-thread-5] DEBUG org.apache.http.impl.conn.PoolingHttpClientConnectionManager -- Connection manager shut down
23:07:59.349 [pool-2-thread-5] DEBUG com.intuit.karate -- response time in milliseconds: 2153
7 < 200
7 < X-Powered-By: Express
7 < Access-Control-Allow-Origin: *
7 < Content-Type: application/json; charset=utf-8
7 < Content-Length: 607
7 < ETag: W/"25f-5uOFg99IIqQSFOqpRPj/C9+G0v4"
7 < Date: Sun, 22 Jun 2025 16:07:59 GMT
7 < Connection: keep-alive
7 < Keep-Alive: timeout=5
{"access_token":"eyJhbGciOiJIUzI1NiIsInR5cCI6IkpXVCJ9.eyJzdWIiOiJjMjE0MjJkZi1jY2VjLTQ0MGUtOWE0Mi1jMWI4MmFiZjczM2QiLCJ1c2VybmFtZSI6ImpvaG5kb2UyOCIsInJvbGUiOjAsImlhdCI6MTc1MDYwODQ3OSwiZXhwIjoxNzUwNjEyMDc5fQ.aCF3GBCiRhjavHYxxFjeBpAqZeQdPWst8zBj1eZkcGk","refresh_token":"055c426c5454cbfb125b40b375cc324339c90c8620d6e2e7774af8c42fcd2e43","user":{"id":"c21422df-ccec-440e-9a42-c1b82abf733d","email":"test28@example.com","username":"johndoe28","name":"John Doe","phoneNumber":"84987654321","profilePic":null,"bio":null,"private":false,"verified":false,"role":0,"followersCount":0,"followingCount":0,"postCount":0}}

23:07:59.351 [pool-2-thread-5] INFO com.intuit.karate -- [print] Call 7 completed, status: 200 
23:07:59.351 [pool-2-thread-5] INFO com.intuit.karate -- [print] *** API CALL 8 *** 
23:07:59.353 [pool-2-thread-24] DEBUG org.apache.http.wire -- http-outgoing-148 << "HTTP/1.1 200 OK[\r][\n]"
23:07:59.353 [pool-2-thread-24] DEBUG org.apache.http.wire -- http-outgoing-148 << "X-Powered-By: Express[\r][\n]"
23:07:59.353 [pool-2-thread-24] DEBUG org.apache.http.wire -- http-outgoing-148 << "Access-Control-Allow-Origin: *[\r][\n]"
23:07:59.353 [pool-2-thread-24] DEBUG org.apache.http.wire -- http-outgoing-148 << "Content-Type: application/json; charset=utf-8[\r][\n]"
23:07:59.353 [pool-2-thread-24] DEBUG org.apache.http.wire -- http-outgoing-148 << "Content-Length: 608[\r][\n]"
23:07:59.353 [pool-2-thread-24] DEBUG org.apache.http.wire -- http-outgoing-148 << "ETag: W/"260-dGzR7EqKfCP3y2cIHEdoI/6voc0"[\r][\n]"
23:07:59.353 [pool-2-thread-24] DEBUG org.apache.http.wire -- http-outgoing-148 << "Date: Sun, 22 Jun 2025 16:07:59 GMT[\r][\n]"
23:07:59.353 [pool-2-thread-24] DEBUG org.apache.http.wire -- http-outgoing-148 << "Connection: keep-alive[\r][\n]"
23:07:59.353 [pool-2-thread-24] DEBUG org.apache.http.wire -- http-outgoing-148 << "Keep-Alive: timeout=5[\r][\n]"
23:07:59.353 [pool-2-thread-24] DEBUG org.apache.http.wire -- http-outgoing-148 << "[\r][\n]"
23:07:59.353 [pool-2-thread-24] DEBUG org.apache.http.wire -- http-outgoing-148 << "{"access_token":"eyJhbGciOiJIUzI1NiIsInR5cCI6IkpXVCJ9.eyJzdWIiOiI4YTI0NzQ2MS01YzA0LTQyMWQtOThmNS1mYTljNzM0ZmFlYTUiLCJ1c2VybmFtZSI6ImphbmVzbWl0aCIsInJvbGUiOjAsImlhdCI6MTc1MDYwODQ3OSwiZXhwIjoxNzUwNjEyMDc5fQ.KaEmlce4VkbUoQVyXNFNwsH6JCYLtE8BvnPSZkOJ2bk","refresh_token":"13db83289d02676495988f035bde4f9c9796938c3ceae6c9d90c2b067f9b5856","user":{"id":"8a247461-5c04-421d-98f5-fa9c734faea5","email":"test2@example.com","username":"janesmith","name":"Jane Smith","phoneNumber":"01234567890","profilePic":null,"bio":null,"private":false,"verified":false,"role":0,"followersCount":0,"followingCount":0,"postCount":0}}"
23:07:59.353 [pool-2-thread-24] DEBUG org.apache.http.headers -- http-outgoing-148 << HTTP/1.1 200 OK
23:07:59.353 [pool-2-thread-5] DEBUG org.apache.http.client.protocol.RequestAddCookies -- CookieSpec selected: karate
23:07:59.353 [pool-2-thread-24] DEBUG org.apache.http.headers -- http-outgoing-148 << X-Powered-By: Express
23:07:59.353 [pool-2-thread-24] DEBUG org.apache.http.headers -- http-outgoing-148 << Access-Control-Allow-Origin: *
23:07:59.353 [pool-2-thread-24] DEBUG org.apache.http.headers -- http-outgoing-148 << Content-Type: application/json; charset=utf-8
23:07:59.353 [pool-2-thread-24] DEBUG org.apache.http.headers -- http-outgoing-148 << Content-Length: 608
23:07:59.353 [pool-2-thread-24] DEBUG org.apache.http.headers -- http-outgoing-148 << ETag: W/"260-dGzR7EqKfCP3y2cIHEdoI/6voc0"
23:07:59.353 [pool-2-thread-24] DEBUG org.apache.http.headers -- http-outgoing-148 << Date: Sun, 22 Jun 2025 16:07:59 GMT
23:07:59.353 [pool-2-thread-24] DEBUG org.apache.http.headers -- http-outgoing-148 << Connection: keep-alive
23:07:59.353 [pool-2-thread-24] DEBUG org.apache.http.headers -- http-outgoing-148 << Keep-Alive: timeout=5
23:07:59.353 [pool-2-thread-5] DEBUG org.apache.http.client.protocol.RequestAuthCache -- Auth cache not set in the context
23:07:59.353 [pool-2-thread-24] DEBUG org.apache.http.impl.execchain.MainClientExec -- Connection can be kept alive for 5000 MILLISECONDS
23:07:59.353 [pool-2-thread-5] DEBUG com.intuit.karate -- request:
8 > POST http://localhost:3000/auth/login
8 > Content-Type: application/json; charset=UTF-8
8 > Content-Length: 55
8 > Host: localhost:3000
8 > Connection: Keep-Alive
8 > User-Agent: Apache-HttpClient/4.5.14 (Java/17.0.9)
8 > Accept-Encoding: gzip,deflate
{"email":"test28@example.com","password":"Password123"}

23:07:59.353 [pool-2-thread-5] DEBUG org.apache.http.impl.conn.PoolingHttpClientConnectionManager -- Connection request: [route: {}->http://localhost:3000][total available: 0; route allocated: 0 of 5; total allocated: 0 of 10]
23:07:59.353 [pool-2-thread-24] DEBUG org.apache.http.impl.conn.PoolingHttpClientConnectionManager -- Connection [id: 148][route: {}->http://localhost:3000] can be kept alive for 5.0 seconds
23:07:59.353 [pool-2-thread-24] DEBUG org.apache.http.impl.conn.DefaultManagedHttpClientConnection -- http-outgoing-148: set socket timeout to 0
23:07:59.353 [pool-2-thread-24] DEBUG org.apache.http.impl.conn.PoolingHttpClientConnectionManager -- Connection released: [id: 148][route: {}->http://localhost:3000][total available: 1; route allocated: 1 of 5; total allocated: 1 of 10]
23:07:59.353 [pool-2-thread-24] DEBUG org.apache.http.impl.conn.PoolingHttpClientConnectionManager -- Connection manager is shutting down
23:07:59.353 [pool-2-thread-24] DEBUG org.apache.http.impl.conn.DefaultManagedHttpClientConnection -- http-outgoing-148: Close connection
23:07:59.353 [pool-2-thread-5] DEBUG org.apache.http.impl.conn.PoolingHttpClientConnectionManager -- Connection leased: [id: 166][route: {}->http://localhost:3000][total available: 0; route allocated: 1 of 5; total allocated: 1 of 10]
23:07:59.353 [pool-2-thread-5] DEBUG org.apache.http.impl.execchain.MainClientExec -- Opening connection {}->http://localhost:3000
23:07:59.354 [pool-2-thread-24] DEBUG org.apache.http.impl.conn.PoolingHttpClientConnectionManager -- Connection manager shut down
23:07:59.354 [pool-2-thread-5] DEBUG org.apache.http.impl.conn.DefaultHttpClientConnectionOperator -- Connecting to localhost/127.0.0.1:3000
23:07:59.354 [pool-2-thread-24] DEBUG com.intuit.karate -- response time in milliseconds: 1958
7 < 200
7 < X-Powered-By: Express
7 < Access-Control-Allow-Origin: *
7 < Content-Type: application/json; charset=utf-8
7 < Content-Length: 608
7 < ETag: W/"260-dGzR7EqKfCP3y2cIHEdoI/6voc0"
7 < Date: Sun, 22 Jun 2025 16:07:59 GMT
7 < Connection: keep-alive
7 < Keep-Alive: timeout=5
{"access_token":"eyJhbGciOiJIUzI1NiIsInR5cCI6IkpXVCJ9.eyJzdWIiOiI4YTI0NzQ2MS01YzA0LTQyMWQtOThmNS1mYTljNzM0ZmFlYTUiLCJ1c2VybmFtZSI6ImphbmVzbWl0aCIsInJvbGUiOjAsImlhdCI6MTc1MDYwODQ3OSwiZXhwIjoxNzUwNjEyMDc5fQ.KaEmlce4VkbUoQVyXNFNwsH6JCYLtE8BvnPSZkOJ2bk","refresh_token":"13db83289d02676495988f035bde4f9c9796938c3ceae6c9d90c2b067f9b5856","user":{"id":"8a247461-5c04-421d-98f5-fa9c734faea5","email":"test2@example.com","username":"janesmith","name":"Jane Smith","phoneNumber":"01234567890","profilePic":null,"bio":null,"private":false,"verified":false,"role":0,"followersCount":0,"followingCount":0,"postCount":0}}

23:07:59.354 [pool-2-thread-5] DEBUG org.apache.http.impl.conn.DefaultHttpClientConnectionOperator -- Connection established 127.0.0.1:52833<->127.0.0.1:3000
23:07:59.354 [pool-2-thread-5] DEBUG org.apache.http.impl.conn.DefaultManagedHttpClientConnection -- http-outgoing-166: set socket timeout to 30000
23:07:59.354 [pool-2-thread-5] DEBUG org.apache.http.impl.execchain.MainClientExec -- Executing request POST /auth/login HTTP/1.1
23:07:59.354 [pool-2-thread-5] DEBUG org.apache.http.impl.execchain.MainClientExec -- Target auth state: UNCHALLENGED
23:07:59.354 [pool-2-thread-5] DEBUG org.apache.http.impl.execchain.MainClientExec -- Proxy auth state: UNCHALLENGED
23:07:59.354 [pool-2-thread-5] DEBUG org.apache.http.headers -- http-outgoing-166 >> POST /auth/login HTTP/1.1
23:07:59.354 [pool-2-thread-5] DEBUG org.apache.http.headers -- http-outgoing-166 >> Content-Type: application/json; charset=UTF-8
23:07:59.354 [pool-2-thread-5] DEBUG org.apache.http.headers -- http-outgoing-166 >> Content-Length: 55
23:07:59.354 [pool-2-thread-5] DEBUG org.apache.http.headers -- http-outgoing-166 >> Host: localhost:3000
23:07:59.354 [pool-2-thread-5] DEBUG org.apache.http.headers -- http-outgoing-166 >> Connection: Keep-Alive
23:07:59.354 [pool-2-thread-5] DEBUG org.apache.http.headers -- http-outgoing-166 >> User-Agent: Apache-HttpClient/4.5.14 (Java/17.0.9)
23:07:59.354 [pool-2-thread-5] DEBUG org.apache.http.headers -- http-outgoing-166 >> Accept-Encoding: gzip,deflate
23:07:59.354 [pool-2-thread-5] DEBUG org.apache.http.wire -- http-outgoing-166 >> "POST /auth/login HTTP/1.1[\r][\n]"
23:07:59.354 [pool-2-thread-5] DEBUG org.apache.http.wire -- http-outgoing-166 >> "Content-Type: application/json; charset=UTF-8[\r][\n]"
23:07:59.354 [pool-2-thread-5] DEBUG org.apache.http.wire -- http-outgoing-166 >> "Content-Length: 55[\r][\n]"
23:07:59.355 [pool-2-thread-5] DEBUG org.apache.http.wire -- http-outgoing-166 >> "Host: localhost:3000[\r][\n]"
23:07:59.355 [pool-2-thread-5] DEBUG org.apache.http.wire -- http-outgoing-166 >> "Connection: Keep-Alive[\r][\n]"
23:07:59.355 [pool-2-thread-5] DEBUG org.apache.http.wire -- http-outgoing-166 >> "User-Agent: Apache-HttpClient/4.5.14 (Java/17.0.9)[\r][\n]"
23:07:59.355 [pool-2-thread-5] DEBUG org.apache.http.wire -- http-outgoing-166 >> "Accept-Encoding: gzip,deflate[\r][\n]"
23:07:59.355 [pool-2-thread-5] DEBUG org.apache.http.wire -- http-outgoing-166 >> "[\r][\n]"
23:07:59.355 [pool-2-thread-5] DEBUG org.apache.http.wire -- http-outgoing-166 >> "{"email":"test28@example.com","password":"Password123"}"
23:07:59.355 [pool-2-thread-24] INFO com.intuit.karate -- [print] Call 7 completed, status: 200 
23:07:59.355 [pool-2-thread-24] INFO com.intuit.karate -- [print] *** API CALL 8 *** 
23:07:59.357 [pool-2-thread-24] DEBUG org.apache.http.client.protocol.RequestAddCookies -- CookieSpec selected: karate
23:07:59.357 [pool-2-thread-24] DEBUG org.apache.http.client.protocol.RequestAuthCache -- Auth cache not set in the context
23:07:59.357 [pool-2-thread-24] DEBUG com.intuit.karate -- request:
8 > POST http://localhost:3000/auth/login
8 > Content-Type: application/json; charset=UTF-8
8 > Content-Length: 54
8 > Host: localhost:3000
8 > Connection: Keep-Alive
8 > User-Agent: Apache-HttpClient/4.5.14 (Java/17.0.9)
8 > Accept-Encoding: gzip,deflate
{"email":"test2@example.com","password":"Password123"}

23:07:59.357 [pool-2-thread-24] DEBUG org.apache.http.impl.conn.PoolingHttpClientConnectionManager -- Connection request: [route: {}->http://localhost:3000][total available: 0; route allocated: 0 of 5; total allocated: 0 of 10]
23:07:59.357 [pool-2-thread-24] DEBUG org.apache.http.impl.conn.PoolingHttpClientConnectionManager -- Connection leased: [id: 167][route: {}->http://localhost:3000][total available: 0; route allocated: 1 of 5; total allocated: 1 of 10]
23:07:59.357 [pool-2-thread-24] DEBUG org.apache.http.impl.execchain.MainClientExec -- Opening connection {}->http://localhost:3000
23:07:59.357 [pool-2-thread-24] DEBUG org.apache.http.impl.conn.DefaultHttpClientConnectionOperator -- Connecting to localhost/127.0.0.1:3000
23:07:59.358 [pool-2-thread-24] DEBUG org.apache.http.impl.conn.DefaultHttpClientConnectionOperator -- Connection established 127.0.0.1:52834<->127.0.0.1:3000
23:07:59.358 [pool-2-thread-24] DEBUG org.apache.http.impl.conn.DefaultManagedHttpClientConnection -- http-outgoing-167: set socket timeout to 30000
23:07:59.358 [pool-2-thread-24] DEBUG org.apache.http.impl.execchain.MainClientExec -- Executing request POST /auth/login HTTP/1.1
23:07:59.358 [pool-2-thread-24] DEBUG org.apache.http.impl.execchain.MainClientExec -- Target auth state: UNCHALLENGED
23:07:59.358 [pool-2-thread-24] DEBUG org.apache.http.impl.execchain.MainClientExec -- Proxy auth state: UNCHALLENGED
23:07:59.358 [pool-2-thread-24] DEBUG org.apache.http.headers -- http-outgoing-167 >> POST /auth/login HTTP/1.1
23:07:59.358 [pool-2-thread-24] DEBUG org.apache.http.headers -- http-outgoing-167 >> Content-Type: application/json; charset=UTF-8
23:07:59.358 [pool-2-thread-24] DEBUG org.apache.http.headers -- http-outgoing-167 >> Content-Length: 54
23:07:59.358 [pool-2-thread-24] DEBUG org.apache.http.headers -- http-outgoing-167 >> Host: localhost:3000
23:07:59.358 [pool-2-thread-24] DEBUG org.apache.http.headers -- http-outgoing-167 >> Connection: Keep-Alive
23:07:59.358 [pool-2-thread-24] DEBUG org.apache.http.headers -- http-outgoing-167 >> User-Agent: Apache-HttpClient/4.5.14 (Java/17.0.9)
23:07:59.358 [pool-2-thread-24] DEBUG org.apache.http.headers -- http-outgoing-167 >> Accept-Encoding: gzip,deflate
23:07:59.358 [pool-2-thread-24] DEBUG org.apache.http.wire -- http-outgoing-167 >> "POST /auth/login HTTP/1.1[\r][\n]"
23:07:59.358 [pool-2-thread-24] DEBUG org.apache.http.wire -- http-outgoing-167 >> "Content-Type: application/json; charset=UTF-8[\r][\n]"
23:07:59.358 [pool-2-thread-24] DEBUG org.apache.http.wire -- http-outgoing-167 >> "Content-Length: 54[\r][\n]"
23:07:59.358 [pool-2-thread-24] DEBUG org.apache.http.wire -- http-outgoing-167 >> "Host: localhost:3000[\r][\n]"
23:07:59.358 [pool-2-thread-24] DEBUG org.apache.http.wire -- http-outgoing-167 >> "Connection: Keep-Alive[\r][\n]"
23:07:59.358 [pool-2-thread-24] DEBUG org.apache.http.wire -- http-outgoing-167 >> "User-Agent: Apache-HttpClient/4.5.14 (Java/17.0.9)[\r][\n]"
23:07:59.358 [pool-2-thread-24] DEBUG org.apache.http.wire -- http-outgoing-167 >> "Accept-Encoding: gzip,deflate[\r][\n]"
23:07:59.358 [pool-2-thread-24] DEBUG org.apache.http.wire -- http-outgoing-167 >> "[\r][\n]"
23:07:59.358 [pool-2-thread-24] DEBUG org.apache.http.wire -- http-outgoing-167 >> "{"email":"test2@example.com","password":"Password123"}"
23:07:59.358 [pool-2-thread-7] DEBUG org.apache.http.wire -- http-outgoing-131 << "HTTP/1.1 200 OK[\r][\n]"
23:07:59.358 [pool-2-thread-7] DEBUG org.apache.http.wire -- http-outgoing-131 << "X-Powered-By: Express[\r][\n]"
23:07:59.358 [pool-2-thread-7] DEBUG org.apache.http.wire -- http-outgoing-131 << "Access-Control-Allow-Origin: *[\r][\n]"
23:07:59.358 [pool-2-thread-7] DEBUG org.apache.http.wire -- http-outgoing-131 << "Content-Type: application/json; charset=utf-8[\r][\n]"
23:07:59.358 [pool-2-thread-7] DEBUG org.apache.http.wire -- http-outgoing-131 << "Content-Length: 605[\r][\n]"
23:07:59.358 [pool-2-thread-7] DEBUG org.apache.http.wire -- http-outgoing-131 << "ETag: W/"25d-kElDZzmkGW00ujw+5Iy3f2qDZF8"[\r][\n]"
23:07:59.358 [pool-2-thread-7] DEBUG org.apache.http.wire -- http-outgoing-131 << "Date: Sun, 22 Jun 2025 16:07:59 GMT[\r][\n]"
23:07:59.358 [pool-2-thread-7] DEBUG org.apache.http.wire -- http-outgoing-131 << "Connection: keep-alive[\r][\n]"
23:07:59.358 [pool-2-thread-7] DEBUG org.apache.http.wire -- http-outgoing-131 << "Keep-Alive: timeout=5[\r][\n]"
23:07:59.358 [pool-2-thread-7] DEBUG org.apache.http.wire -- http-outgoing-131 << "[\r][\n]"
23:07:59.358 [pool-2-thread-7] DEBUG org.apache.http.wire -- http-outgoing-131 << "{"access_token":"eyJhbGciOiJIUzI1NiIsInR5cCI6IkpXVCJ9.eyJzdWIiOiI2NTBjZTFlZC1hYWNhLTQzOGYtOTk4OC0xZjA1OGFiNWFhMWEiLCJ1c2VybmFtZSI6ImpvaG5kb2UyNSIsInJvbGUiOjAsImlhdCI6MTc1MDYwODQ3OSwiZXhwIjoxNzUwNjEyMDc5fQ.SU6LCI7nD95vRzeoW65LkbPAmLtSwyKyWTRA-oIz3lM","refresh_token":"9992038dab07c2cafeb3c09e62b7929c977eb87614f77114273c50e4a2b53902","user":{"id":"650ce1ed-aaca-438f-9988-1f058ab5aa1a","email":"testit3@gmail.com","username":"johndoe25","name":"John Doe","phoneNumber":"0123456713","profilePic":null,"bio":null,"private":false,"verified":false,"role":0,"followersCount":0,"followingCount":0,"postCount":0}}"
23:07:59.358 [pool-2-thread-7] DEBUG org.apache.http.headers -- http-outgoing-131 << HTTP/1.1 200 OK
23:07:59.358 [pool-2-thread-7] DEBUG org.apache.http.headers -- http-outgoing-131 << X-Powered-By: Express
23:07:59.358 [pool-2-thread-7] DEBUG org.apache.http.headers -- http-outgoing-131 << Access-Control-Allow-Origin: *
23:07:59.358 [pool-2-thread-7] DEBUG org.apache.http.headers -- http-outgoing-131 << Content-Type: application/json; charset=utf-8
23:07:59.358 [pool-2-thread-7] DEBUG org.apache.http.headers -- http-outgoing-131 << Content-Length: 605
23:07:59.358 [pool-2-thread-7] DEBUG org.apache.http.headers -- http-outgoing-131 << ETag: W/"25d-kElDZzmkGW00ujw+5Iy3f2qDZF8"
23:07:59.358 [pool-2-thread-7] DEBUG org.apache.http.headers -- http-outgoing-131 << Date: Sun, 22 Jun 2025 16:07:59 GMT
23:07:59.358 [pool-2-thread-7] DEBUG org.apache.http.headers -- http-outgoing-131 << Connection: keep-alive
23:07:59.358 [pool-2-thread-7] DEBUG org.apache.http.headers -- http-outgoing-131 << Keep-Alive: timeout=5
23:07:59.358 [pool-2-thread-7] DEBUG org.apache.http.impl.execchain.MainClientExec -- Connection can be kept alive for 5000 MILLISECONDS
23:07:59.358 [pool-2-thread-7] DEBUG org.apache.http.impl.conn.PoolingHttpClientConnectionManager -- Connection [id: 131][route: {}->http://localhost:3000] can be kept alive for 5.0 seconds
23:07:59.358 [pool-2-thread-7] DEBUG org.apache.http.impl.conn.DefaultManagedHttpClientConnection -- http-outgoing-131: set socket timeout to 0
23:07:59.358 [pool-2-thread-7] DEBUG org.apache.http.impl.conn.PoolingHttpClientConnectionManager -- Connection released: [id: 131][route: {}->http://localhost:3000][total available: 1; route allocated: 1 of 5; total allocated: 1 of 10]
23:07:59.358 [pool-2-thread-7] DEBUG org.apache.http.impl.conn.PoolingHttpClientConnectionManager -- Connection manager is shutting down
23:07:59.358 [pool-2-thread-7] DEBUG org.apache.http.impl.conn.DefaultManagedHttpClientConnection -- http-outgoing-131: Close connection
23:07:59.359 [pool-2-thread-7] DEBUG org.apache.http.impl.conn.PoolingHttpClientConnectionManager -- Connection manager shut down
23:07:59.359 [pool-2-thread-7] DEBUG com.intuit.karate -- response time in milliseconds: 3148
6 < 200
6 < X-Powered-By: Express
6 < Access-Control-Allow-Origin: *
6 < Content-Type: application/json; charset=utf-8
6 < Content-Length: 605
6 < ETag: W/"25d-kElDZzmkGW00ujw+5Iy3f2qDZF8"
6 < Date: Sun, 22 Jun 2025 16:07:59 GMT
6 < Connection: keep-alive
6 < Keep-Alive: timeout=5
{"access_token":"eyJhbGciOiJIUzI1NiIsInR5cCI6IkpXVCJ9.eyJzdWIiOiI2NTBjZTFlZC1hYWNhLTQzOGYtOTk4OC0xZjA1OGFiNWFhMWEiLCJ1c2VybmFtZSI6ImpvaG5kb2UyNSIsInJvbGUiOjAsImlhdCI6MTc1MDYwODQ3OSwiZXhwIjoxNzUwNjEyMDc5fQ.SU6LCI7nD95vRzeoW65LkbPAmLtSwyKyWTRA-oIz3lM","refresh_token":"9992038dab07c2cafeb3c09e62b7929c977eb87614f77114273c50e4a2b53902","user":{"id":"650ce1ed-aaca-438f-9988-1f058ab5aa1a","email":"testit3@gmail.com","username":"johndoe25","name":"John Doe","phoneNumber":"0123456713","profilePic":null,"bio":null,"private":false,"verified":false,"role":0,"followersCount":0,"followingCount":0,"postCount":0}}

23:07:59.360 [pool-2-thread-7] INFO com.intuit.karate -- [print] Call 6 completed, status: 200 
23:07:59.362 [pool-2-thread-7] INFO com.intuit.karate -- [print] *** API CALL 7 *** 
23:07:59.363 [pool-2-thread-7] DEBUG org.apache.http.client.protocol.RequestAddCookies -- CookieSpec selected: karate
23:07:59.363 [pool-2-thread-7] DEBUG org.apache.http.client.protocol.RequestAuthCache -- Auth cache not set in the context
23:07:59.363 [pool-2-thread-7] DEBUG com.intuit.karate -- request:
7 > POST http://localhost:3000/auth/login
7 > Content-Type: application/json; charset=UTF-8
7 > Content-Length: 54
7 > Host: localhost:3000
7 > Connection: Keep-Alive
7 > User-Agent: Apache-HttpClient/4.5.14 (Java/17.0.9)
7 > Accept-Encoding: gzip,deflate
{"email":"testit3@gmail.com","password":"Password123"}

23:07:59.363 [pool-2-thread-7] DEBUG org.apache.http.impl.conn.PoolingHttpClientConnectionManager -- Connection request: [route: {}->http://localhost:3000][total available: 0; route allocated: 0 of 5; total allocated: 0 of 10]
23:07:59.363 [pool-2-thread-7] DEBUG org.apache.http.impl.conn.PoolingHttpClientConnectionManager -- Connection leased: [id: 168][route: {}->http://localhost:3000][total available: 0; route allocated: 1 of 5; total allocated: 1 of 10]
23:07:59.363 [pool-2-thread-7] DEBUG org.apache.http.impl.execchain.MainClientExec -- Opening connection {}->http://localhost:3000
23:07:59.363 [pool-2-thread-7] DEBUG org.apache.http.impl.conn.DefaultHttpClientConnectionOperator -- Connecting to localhost/127.0.0.1:3000
23:07:59.364 [pool-2-thread-7] DEBUG org.apache.http.impl.conn.DefaultHttpClientConnectionOperator -- Connection established 127.0.0.1:52835<->127.0.0.1:3000
23:07:59.364 [pool-2-thread-7] DEBUG org.apache.http.impl.conn.DefaultManagedHttpClientConnection -- http-outgoing-168: set socket timeout to 30000
23:07:59.364 [pool-2-thread-7] DEBUG org.apache.http.impl.execchain.MainClientExec -- Executing request POST /auth/login HTTP/1.1
23:07:59.364 [pool-2-thread-7] DEBUG org.apache.http.impl.execchain.MainClientExec -- Target auth state: UNCHALLENGED
23:07:59.364 [pool-2-thread-7] DEBUG org.apache.http.impl.execchain.MainClientExec -- Proxy auth state: UNCHALLENGED
23:07:59.364 [pool-2-thread-7] DEBUG org.apache.http.headers -- http-outgoing-168 >> POST /auth/login HTTP/1.1
23:07:59.364 [pool-2-thread-7] DEBUG org.apache.http.headers -- http-outgoing-168 >> Content-Type: application/json; charset=UTF-8
23:07:59.364 [pool-2-thread-7] DEBUG org.apache.http.headers -- http-outgoing-168 >> Content-Length: 54
23:07:59.364 [pool-2-thread-7] DEBUG org.apache.http.headers -- http-outgoing-168 >> Host: localhost:3000
23:07:59.364 [pool-2-thread-7] DEBUG org.apache.http.headers -- http-outgoing-168 >> Connection: Keep-Alive
23:07:59.364 [pool-2-thread-7] DEBUG org.apache.http.headers -- http-outgoing-168 >> User-Agent: Apache-HttpClient/4.5.14 (Java/17.0.9)
23:07:59.364 [pool-2-thread-7] DEBUG org.apache.http.headers -- http-outgoing-168 >> Accept-Encoding: gzip,deflate
23:07:59.364 [pool-2-thread-7] DEBUG org.apache.http.wire -- http-outgoing-168 >> "POST /auth/login HTTP/1.1[\r][\n]"
23:07:59.364 [pool-2-thread-7] DEBUG org.apache.http.wire -- http-outgoing-168 >> "Content-Type: application/json; charset=UTF-8[\r][\n]"
23:07:59.364 [pool-2-thread-7] DEBUG org.apache.http.wire -- http-outgoing-168 >> "Content-Length: 54[\r][\n]"
23:07:59.364 [pool-2-thread-7] DEBUG org.apache.http.wire -- http-outgoing-168 >> "Host: localhost:3000[\r][\n]"
23:07:59.364 [pool-2-thread-7] DEBUG org.apache.http.wire -- http-outgoing-168 >> "Connection: Keep-Alive[\r][\n]"
23:07:59.364 [pool-2-thread-7] DEBUG org.apache.http.wire -- http-outgoing-168 >> "User-Agent: Apache-HttpClient/4.5.14 (Java/17.0.9)[\r][\n]"
23:07:59.364 [pool-2-thread-7] DEBUG org.apache.http.wire -- http-outgoing-168 >> "Accept-Encoding: gzip,deflate[\r][\n]"
23:07:59.364 [pool-2-thread-7] DEBUG org.apache.http.wire -- http-outgoing-168 >> "[\r][\n]"
23:07:59.364 [pool-2-thread-7] DEBUG org.apache.http.wire -- http-outgoing-168 >> "{"email":"testit3@gmail.com","password":"Password123"}"
23:07:59.374 [pool-2-thread-10] DEBUG org.apache.http.wire -- http-outgoing-141 << "HTTP/1.1 200 OK[\r][\n]"
23:07:59.374 [pool-2-thread-10] DEBUG org.apache.http.wire -- http-outgoing-141 << "X-Powered-By: Express[\r][\n]"
23:07:59.374 [pool-2-thread-10] DEBUG org.apache.http.wire -- http-outgoing-141 << "Access-Control-Allow-Origin: *[\r][\n]"
23:07:59.374 [pool-2-thread-10] DEBUG org.apache.http.wire -- http-outgoing-141 << "Content-Type: application/json; charset=utf-8[\r][\n]"
23:07:59.374 [pool-2-thread-10] DEBUG org.apache.http.wire -- http-outgoing-141 << "Content-Length: 605[\r][\n]"
23:07:59.374 [pool-2-thread-10] DEBUG org.apache.http.wire -- http-outgoing-141 << "ETag: W/"25d-OA/l/0xVmt3YaGzl7baBPmdsfS0"[\r][\n]"
23:07:59.374 [pool-2-thread-10] DEBUG org.apache.http.wire -- http-outgoing-141 << "Date: Sun, 22 Jun 2025 16:07:59 GMT[\r][\n]"
23:07:59.374 [pool-2-thread-10] DEBUG org.apache.http.wire -- http-outgoing-141 << "Connection: keep-alive[\r][\n]"
23:07:59.374 [pool-2-thread-10] DEBUG org.apache.http.wire -- http-outgoing-141 << "Keep-Alive: timeout=5[\r][\n]"
23:07:59.374 [pool-2-thread-10] DEBUG org.apache.http.wire -- http-outgoing-141 << "[\r][\n]"
23:07:59.374 [pool-2-thread-10] DEBUG org.apache.http.wire -- http-outgoing-141 << "{"access_token":"eyJhbGciOiJIUzI1NiIsInR5cCI6IkpXVCJ9.eyJzdWIiOiIwYTM3ZWY0My1mZWU4LTQxZDMtYTY4Ni04YWIwODY5NDg2OTUiLCJ1c2VybmFtZSI6ImpvaG5kb2UyMSIsInJvbGUiOjAsImlhdCI6MTc1MDYwODQ3OSwiZXhwIjoxNzUwNjEyMDc5fQ.miAbSUHaA7piWxfzZDAGhqaAIF0WmBJAGlabYOzOmcU","refresh_token":"d73ae2b5da268b4bf781988e8f8528a87a4c832631a81c3c0d5a275e26ed2e01","user":{"id":"0a37ef43-fee8-41d3-a686-8ab086948695","email":"testit2@gmail.com","username":"johndoe21","name":"John Doe","phoneNumber":"0123456712","profilePic":null,"bio":null,"private":false,"verified":false,"role":0,"followersCount":0,"followingCount":0,"postCount":0}}"
23:07:59.374 [pool-2-thread-10] DEBUG org.apache.http.headers -- http-outgoing-141 << HTTP/1.1 200 OK
23:07:59.374 [pool-2-thread-10] DEBUG org.apache.http.headers -- http-outgoing-141 << X-Powered-By: Express
23:07:59.374 [pool-2-thread-10] DEBUG org.apache.http.headers -- http-outgoing-141 << Access-Control-Allow-Origin: *
23:07:59.374 [pool-2-thread-10] DEBUG org.apache.http.headers -- http-outgoing-141 << Content-Type: application/json; charset=utf-8
23:07:59.374 [pool-2-thread-10] DEBUG org.apache.http.headers -- http-outgoing-141 << Content-Length: 605
23:07:59.374 [pool-2-thread-10] DEBUG org.apache.http.headers -- http-outgoing-141 << ETag: W/"25d-OA/l/0xVmt3YaGzl7baBPmdsfS0"
23:07:59.374 [pool-2-thread-10] DEBUG org.apache.http.headers -- http-outgoing-141 << Date: Sun, 22 Jun 2025 16:07:59 GMT
23:07:59.374 [pool-2-thread-10] DEBUG org.apache.http.headers -- http-outgoing-141 << Connection: keep-alive
23:07:59.374 [pool-2-thread-10] DEBUG org.apache.http.headers -- http-outgoing-141 << Keep-Alive: timeout=5
23:07:59.374 [pool-2-thread-10] DEBUG org.apache.http.impl.execchain.MainClientExec -- Connection can be kept alive for 5000 MILLISECONDS
23:07:59.374 [pool-2-thread-10] DEBUG org.apache.http.impl.conn.PoolingHttpClientConnectionManager -- Connection [id: 140][route: {}->http://localhost:3000] can be kept alive for 5.0 seconds
23:07:59.374 [pool-2-thread-10] DEBUG org.apache.http.impl.conn.DefaultManagedHttpClientConnection -- http-outgoing-141: set socket timeout to 0
23:07:59.374 [pool-2-thread-10] DEBUG org.apache.http.impl.conn.PoolingHttpClientConnectionManager -- Connection released: [id: 140][route: {}->http://localhost:3000][total available: 1; route allocated: 1 of 5; total allocated: 1 of 10]
23:07:59.374 [pool-2-thread-10] DEBUG org.apache.http.impl.conn.PoolingHttpClientConnectionManager -- Connection manager is shutting down
23:07:59.374 [pool-2-thread-10] DEBUG org.apache.http.impl.conn.DefaultManagedHttpClientConnection -- http-outgoing-141: Close connection
23:07:59.374 [pool-2-thread-10] DEBUG org.apache.http.impl.conn.PoolingHttpClientConnectionManager -- Connection manager shut down
23:07:59.374 [pool-2-thread-10] DEBUG com.intuit.karate -- response time in milliseconds: 2216
5 < 200
5 < X-Powered-By: Express
5 < Access-Control-Allow-Origin: *
5 < Content-Type: application/json; charset=utf-8
5 < Content-Length: 605
5 < ETag: W/"25d-OA/l/0xVmt3YaGzl7baBPmdsfS0"
5 < Date: Sun, 22 Jun 2025 16:07:59 GMT
5 < Connection: keep-alive
5 < Keep-Alive: timeout=5
{"access_token":"eyJhbGciOiJIUzI1NiIsInR5cCI6IkpXVCJ9.eyJzdWIiOiIwYTM3ZWY0My1mZWU4LTQxZDMtYTY4Ni04YWIwODY5NDg2OTUiLCJ1c2VybmFtZSI6ImpvaG5kb2UyMSIsInJvbGUiOjAsImlhdCI6MTc1MDYwODQ3OSwiZXhwIjoxNzUwNjEyMDc5fQ.miAbSUHaA7piWxfzZDAGhqaAIF0WmBJAGlabYOzOmcU","refresh_token":"d73ae2b5da268b4bf781988e8f8528a87a4c832631a81c3c0d5a275e26ed2e01","user":{"id":"0a37ef43-fee8-41d3-a686-8ab086948695","email":"testit2@gmail.com","username":"johndoe21","name":"John Doe","phoneNumber":"0123456712","profilePic":null,"bio":null,"private":false,"verified":false,"role":0,"followersCount":0,"followingCount":0,"postCount":0}}

23:07:59.375 [pool-2-thread-10] INFO com.intuit.karate -- [print] Call 5 completed, status: 200 
23:07:59.375 [pool-2-thread-10] INFO com.intuit.karate -- [print] *** API CALL 6 *** 
23:07:59.376 [pool-2-thread-10] DEBUG org.apache.http.client.protocol.RequestAddCookies -- CookieSpec selected: karate
23:07:59.376 [pool-2-thread-10] DEBUG org.apache.http.client.protocol.RequestAuthCache -- Auth cache not set in the context
23:07:59.376 [pool-2-thread-10] DEBUG com.intuit.karate -- request:
6 > POST http://localhost:3000/auth/login
6 > Content-Type: application/json; charset=UTF-8
6 > Content-Length: 54
6 > Host: localhost:3000
6 > Connection: Keep-Alive
6 > User-Agent: Apache-HttpClient/4.5.14 (Java/17.0.9)
6 > Accept-Encoding: gzip,deflate
{"email":"testit2@gmail.com","password":"Password123"}

23:07:59.376 [pool-2-thread-10] DEBUG org.apache.http.impl.conn.PoolingHttpClientConnectionManager -- Connection request: [route: {}->http://localhost:3000][total available: 0; route allocated: 0 of 5; total allocated: 0 of 10]
23:07:59.376 [pool-2-thread-10] DEBUG org.apache.http.impl.conn.PoolingHttpClientConnectionManager -- Connection leased: [id: 169][route: {}->http://localhost:3000][total available: 0; route allocated: 1 of 5; total allocated: 1 of 10]
23:07:59.376 [pool-2-thread-10] DEBUG org.apache.http.impl.execchain.MainClientExec -- Opening connection {}->http://localhost:3000
23:07:59.376 [pool-2-thread-10] DEBUG org.apache.http.impl.conn.DefaultHttpClientConnectionOperator -- Connecting to localhost/127.0.0.1:3000
23:07:59.376 [pool-2-thread-10] DEBUG org.apache.http.impl.conn.DefaultHttpClientConnectionOperator -- Connection established 127.0.0.1:52836<->127.0.0.1:3000
23:07:59.376 [pool-2-thread-10] DEBUG org.apache.http.impl.conn.DefaultManagedHttpClientConnection -- http-outgoing-169: set socket timeout to 30000
23:07:59.376 [pool-2-thread-10] DEBUG org.apache.http.impl.execchain.MainClientExec -- Executing request POST /auth/login HTTP/1.1
23:07:59.376 [pool-2-thread-10] DEBUG org.apache.http.impl.execchain.MainClientExec -- Target auth state: UNCHALLENGED
23:07:59.376 [pool-2-thread-10] DEBUG org.apache.http.impl.execchain.MainClientExec -- Proxy auth state: UNCHALLENGED
23:07:59.376 [pool-2-thread-10] DEBUG org.apache.http.headers -- http-outgoing-169 >> POST /auth/login HTTP/1.1
23:07:59.376 [pool-2-thread-10] DEBUG org.apache.http.headers -- http-outgoing-169 >> Content-Type: application/json; charset=UTF-8
23:07:59.376 [pool-2-thread-10] DEBUG org.apache.http.headers -- http-outgoing-169 >> Content-Length: 54
23:07:59.376 [pool-2-thread-10] DEBUG org.apache.http.headers -- http-outgoing-169 >> Host: localhost:3000
23:07:59.376 [pool-2-thread-10] DEBUG org.apache.http.headers -- http-outgoing-169 >> Connection: Keep-Alive
23:07:59.376 [pool-2-thread-10] DEBUG org.apache.http.headers -- http-outgoing-169 >> User-Agent: Apache-HttpClient/4.5.14 (Java/17.0.9)
23:07:59.376 [pool-2-thread-10] DEBUG org.apache.http.headers -- http-outgoing-169 >> Accept-Encoding: gzip,deflate
23:07:59.376 [pool-2-thread-10] DEBUG org.apache.http.wire -- http-outgoing-169 >> "POST /auth/login HTTP/1.1[\r][\n]"
23:07:59.376 [pool-2-thread-10] DEBUG org.apache.http.wire -- http-outgoing-169 >> "Content-Type: application/json; charset=UTF-8[\r][\n]"
23:07:59.376 [pool-2-thread-10] DEBUG org.apache.http.wire -- http-outgoing-169 >> "Content-Length: 54[\r][\n]"
23:07:59.376 [pool-2-thread-10] DEBUG org.apache.http.wire -- http-outgoing-169 >> "Host: localhost:3000[\r][\n]"
23:07:59.376 [pool-2-thread-10] DEBUG org.apache.http.wire -- http-outgoing-169 >> "Connection: Keep-Alive[\r][\n]"
23:07:59.376 [pool-2-thread-10] DEBUG org.apache.http.wire -- http-outgoing-169 >> "User-Agent: Apache-HttpClient/4.5.14 (Java/17.0.9)[\r][\n]"
23:07:59.376 [pool-2-thread-10] DEBUG org.apache.http.wire -- http-outgoing-169 >> "Accept-Encoding: gzip,deflate[\r][\n]"
23:07:59.376 [pool-2-thread-10] DEBUG org.apache.http.wire -- http-outgoing-169 >> "[\r][\n]"
23:07:59.376 [pool-2-thread-10] DEBUG org.apache.http.wire -- http-outgoing-169 >> "{"email":"testit2@gmail.com","password":"Password123"}"
23:07:59.394 [pool-2-thread-6] DEBUG org.apache.http.wire -- http-outgoing-150 << "HTTP/1.1 200 OK[\r][\n]"
23:07:59.394 [pool-2-thread-6] DEBUG org.apache.http.wire -- http-outgoing-150 << "X-Powered-By: Express[\r][\n]"
23:07:59.394 [pool-2-thread-6] DEBUG org.apache.http.wire -- http-outgoing-150 << "Access-Control-Allow-Origin: *[\r][\n]"
23:07:59.394 [pool-2-thread-6] DEBUG org.apache.http.wire -- http-outgoing-150 << "Content-Type: application/json; charset=utf-8[\r][\n]"
23:07:59.394 [pool-2-thread-6] DEBUG org.apache.http.wire -- http-outgoing-150 << "Content-Length: 607[\r][\n]"
23:07:59.394 [pool-2-thread-6] DEBUG org.apache.http.wire -- http-outgoing-150 << "ETag: W/"25f-LoT2bXUVEUug4VJGW6LqajoZM0g"[\r][\n]"
23:07:59.394 [pool-2-thread-6] DEBUG org.apache.http.wire -- http-outgoing-150 << "Date: Sun, 22 Jun 2025 16:07:59 GMT[\r][\n]"
23:07:59.394 [pool-2-thread-6] DEBUG org.apache.http.wire -- http-outgoing-150 << "Connection: keep-alive[\r][\n]"
23:07:59.394 [pool-2-thread-6] DEBUG org.apache.http.wire -- http-outgoing-150 << "Keep-Alive: timeout=5[\r][\n]"
23:07:59.394 [pool-2-thread-6] DEBUG org.apache.http.wire -- http-outgoing-150 << "[\r][\n]"
23:07:59.394 [pool-2-thread-6] DEBUG org.apache.http.wire -- http-outgoing-150 << "{"access_token":"eyJhbGciOiJIUzI1NiIsInR5cCI6IkpXVCJ9.eyJzdWIiOiI5YTI2OTc2Yy0xNTMyLTRkZjMtYTE2ZS03NjMxNTI1Yzg1MDIiLCJ1c2VybmFtZSI6ImpvaG5kb2UyZDUiLCJyb2xlIjowLCJpYXQiOjE3NTA2MDg0NzksImV4cCI6MTc1MDYxMjA3OX0.1CuGO8VqwbbG2oZsFa1X_6_H0tbwnlemWOmh7wVUB_0","refresh_token":"329b9c1577fa3c270b97811c609cfdd5b3d3f6e66c8a1da56cf933644c62a471","user":{"id":"9a26976c-1532-4df3-a16e-7631525c8502","email":"testit4@gmail.com","username":"johndoe2d5","name":"John Doe","phoneNumber":"0123456212","profilePic":null,"bio":null,"private":false,"verified":false,"role":0,"followersCount":0,"followingCount":0,"postCount":0}}"
23:07:59.394 [pool-2-thread-6] DEBUG org.apache.http.headers -- http-outgoing-150 << HTTP/1.1 200 OK
23:07:59.394 [pool-2-thread-6] DEBUG org.apache.http.headers -- http-outgoing-150 << X-Powered-By: Express
23:07:59.394 [pool-2-thread-6] DEBUG org.apache.http.headers -- http-outgoing-150 << Access-Control-Allow-Origin: *
23:07:59.394 [pool-2-thread-6] DEBUG org.apache.http.headers -- http-outgoing-150 << Content-Type: application/json; charset=utf-8
23:07:59.394 [pool-2-thread-6] DEBUG org.apache.http.headers -- http-outgoing-150 << Content-Length: 607
23:07:59.394 [pool-2-thread-6] DEBUG org.apache.http.headers -- http-outgoing-150 << ETag: W/"25f-LoT2bXUVEUug4VJGW6LqajoZM0g"
23:07:59.394 [pool-2-thread-6] DEBUG org.apache.http.headers -- http-outgoing-150 << Date: Sun, 22 Jun 2025 16:07:59 GMT
23:07:59.394 [pool-2-thread-6] DEBUG org.apache.http.headers -- http-outgoing-150 << Connection: keep-alive
23:07:59.394 [pool-2-thread-6] DEBUG org.apache.http.headers -- http-outgoing-150 << Keep-Alive: timeout=5
23:07:59.394 [pool-2-thread-6] DEBUG org.apache.http.impl.execchain.MainClientExec -- Connection can be kept alive for 5000 MILLISECONDS
23:07:59.394 [pool-2-thread-6] DEBUG org.apache.http.impl.conn.PoolingHttpClientConnectionManager -- Connection [id: 150][route: {}->http://localhost:3000] can be kept alive for 5.0 seconds
23:07:59.394 [pool-2-thread-6] DEBUG org.apache.http.impl.conn.DefaultManagedHttpClientConnection -- http-outgoing-150: set socket timeout to 0
23:07:59.394 [pool-2-thread-6] DEBUG org.apache.http.impl.conn.PoolingHttpClientConnectionManager -- Connection released: [id: 150][route: {}->http://localhost:3000][total available: 1; route allocated: 1 of 5; total allocated: 1 of 10]
23:07:59.394 [pool-2-thread-6] DEBUG org.apache.http.impl.conn.PoolingHttpClientConnectionManager -- Connection manager is shutting down
23:07:59.394 [pool-2-thread-6] DEBUG org.apache.http.impl.conn.DefaultManagedHttpClientConnection -- http-outgoing-150: Close connection
23:07:59.394 [pool-2-thread-6] DEBUG org.apache.http.impl.conn.PoolingHttpClientConnectionManager -- Connection manager shut down
23:07:59.395 [pool-2-thread-6] DEBUG com.intuit.karate -- response time in milliseconds: 1941
7 < 200
7 < X-Powered-By: Express
7 < Access-Control-Allow-Origin: *
7 < Content-Type: application/json; charset=utf-8
7 < Content-Length: 607
7 < ETag: W/"25f-LoT2bXUVEUug4VJGW6LqajoZM0g"
7 < Date: Sun, 22 Jun 2025 16:07:59 GMT
7 < Connection: keep-alive
7 < Keep-Alive: timeout=5
{"access_token":"eyJhbGciOiJIUzI1NiIsInR5cCI6IkpXVCJ9.eyJzdWIiOiI5YTI2OTc2Yy0xNTMyLTRkZjMtYTE2ZS03NjMxNTI1Yzg1MDIiLCJ1c2VybmFtZSI6ImpvaG5kb2UyZDUiLCJyb2xlIjowLCJpYXQiOjE3NTA2MDg0NzksImV4cCI6MTc1MDYxMjA3OX0.1CuGO8VqwbbG2oZsFa1X_6_H0tbwnlemWOmh7wVUB_0","refresh_token":"329b9c1577fa3c270b97811c609cfdd5b3d3f6e66c8a1da56cf933644c62a471","user":{"id":"9a26976c-1532-4df3-a16e-7631525c8502","email":"testit4@gmail.com","username":"johndoe2d5","name":"John Doe","phoneNumber":"0123456212","profilePic":null,"bio":null,"private":false,"verified":false,"role":0,"followersCount":0,"followingCount":0,"postCount":0}}

23:07:59.395 [pool-2-thread-6] INFO com.intuit.karate -- [print] Call 7 completed, status: 200 
23:07:59.396 [pool-2-thread-6] INFO com.intuit.karate -- [print] *** API CALL 8 *** 
23:07:59.396 [pool-2-thread-6] DEBUG org.apache.http.client.protocol.RequestAddCookies -- CookieSpec selected: karate
23:07:59.396 [pool-2-thread-6] DEBUG org.apache.http.client.protocol.RequestAuthCache -- Auth cache not set in the context
23:07:59.396 [pool-2-thread-6] DEBUG com.intuit.karate -- request:
8 > POST http://localhost:3000/auth/login
8 > Content-Type: application/json; charset=UTF-8
8 > Content-Length: 54
8 > Host: localhost:3000
8 > Connection: Keep-Alive
8 > User-Agent: Apache-HttpClient/4.5.14 (Java/17.0.9)
8 > Accept-Encoding: gzip,deflate
{"email":"testit4@gmail.com","password":"Password123"}

23:07:59.396 [pool-2-thread-6] DEBUG org.apache.http.impl.conn.PoolingHttpClientConnectionManager -- Connection request: [route: {}->http://localhost:3000][total available: 0; route allocated: 0 of 5; total allocated: 0 of 10]
23:07:59.396 [pool-2-thread-6] DEBUG org.apache.http.impl.conn.PoolingHttpClientConnectionManager -- Connection leased: [id: 170][route: {}->http://localhost:3000][total available: 0; route allocated: 1 of 5; total allocated: 1 of 10]
23:07:59.396 [pool-2-thread-6] DEBUG org.apache.http.impl.execchain.MainClientExec -- Opening connection {}->http://localhost:3000
23:07:59.396 [pool-2-thread-6] DEBUG org.apache.http.impl.conn.DefaultHttpClientConnectionOperator -- Connecting to localhost/127.0.0.1:3000
23:07:59.398 [pool-2-thread-6] DEBUG org.apache.http.impl.conn.DefaultHttpClientConnectionOperator -- Connection established 127.0.0.1:52837<->127.0.0.1:3000
23:07:59.398 [pool-2-thread-6] DEBUG org.apache.http.impl.conn.DefaultManagedHttpClientConnection -- http-outgoing-170: set socket timeout to 30000
23:07:59.398 [pool-2-thread-6] DEBUG org.apache.http.impl.execchain.MainClientExec -- Executing request POST /auth/login HTTP/1.1
23:07:59.398 [pool-2-thread-6] DEBUG org.apache.http.impl.execchain.MainClientExec -- Target auth state: UNCHALLENGED
23:07:59.398 [pool-2-thread-6] DEBUG org.apache.http.impl.execchain.MainClientExec -- Proxy auth state: UNCHALLENGED
23:07:59.398 [pool-2-thread-6] DEBUG org.apache.http.headers -- http-outgoing-170 >> POST /auth/login HTTP/1.1
23:07:59.398 [pool-2-thread-6] DEBUG org.apache.http.headers -- http-outgoing-170 >> Content-Type: application/json; charset=UTF-8
23:07:59.398 [pool-2-thread-6] DEBUG org.apache.http.headers -- http-outgoing-170 >> Content-Length: 54
23:07:59.398 [pool-2-thread-6] DEBUG org.apache.http.headers -- http-outgoing-170 >> Host: localhost:3000
23:07:59.398 [pool-2-thread-6] DEBUG org.apache.http.headers -- http-outgoing-170 >> Connection: Keep-Alive
23:07:59.398 [pool-2-thread-6] DEBUG org.apache.http.headers -- http-outgoing-170 >> User-Agent: Apache-HttpClient/4.5.14 (Java/17.0.9)
23:07:59.398 [pool-2-thread-6] DEBUG org.apache.http.headers -- http-outgoing-170 >> Accept-Encoding: gzip,deflate
23:07:59.398 [pool-2-thread-6] DEBUG org.apache.http.wire -- http-outgoing-170 >> "POST /auth/login HTTP/1.1[\r][\n]"
23:07:59.398 [pool-2-thread-6] DEBUG org.apache.http.wire -- http-outgoing-170 >> "Content-Type: application/json; charset=UTF-8[\r][\n]"
23:07:59.398 [pool-2-thread-6] DEBUG org.apache.http.wire -- http-outgoing-170 >> "Content-Length: 54[\r][\n]"
23:07:59.398 [pool-2-thread-6] DEBUG org.apache.http.wire -- http-outgoing-170 >> "Host: localhost:3000[\r][\n]"
23:07:59.398 [pool-2-thread-6] DEBUG org.apache.http.wire -- http-outgoing-170 >> "Connection: Keep-Alive[\r][\n]"
23:07:59.398 [pool-2-thread-6] DEBUG org.apache.http.wire -- http-outgoing-170 >> "User-Agent: Apache-HttpClient/4.5.14 (Java/17.0.9)[\r][\n]"
23:07:59.398 [pool-2-thread-6] DEBUG org.apache.http.wire -- http-outgoing-170 >> "Accept-Encoding: gzip,deflate[\r][\n]"
23:07:59.398 [pool-2-thread-6] DEBUG org.apache.http.wire -- http-outgoing-170 >> "[\r][\n]"
23:07:59.398 [pool-2-thread-6] DEBUG org.apache.http.wire -- http-outgoing-170 >> "{"email":"testit4@gmail.com","password":"Password123"}"
23:07:59.415 [pool-2-thread-18] DEBUG org.apache.http.wire -- http-outgoing-151 << "HTTP/1.1 200 OK[\r][\n]"
23:07:59.415 [pool-2-thread-18] DEBUG org.apache.http.wire -- http-outgoing-151 << "X-Powered-By: Express[\r][\n]"
23:07:59.415 [pool-2-thread-18] DEBUG org.apache.http.wire -- http-outgoing-151 << "Access-Control-Allow-Origin: *[\r][\n]"
23:07:59.415 [pool-2-thread-18] DEBUG org.apache.http.wire -- http-outgoing-151 << "Content-Type: application/json; charset=utf-8[\r][\n]"
23:07:59.415 [pool-2-thread-18] DEBUG org.apache.http.wire -- http-outgoing-151 << "Content-Length: 609[\r][\n]"
23:07:59.415 [pool-2-thread-18] DEBUG org.apache.http.wire -- http-outgoing-151 << "ETag: W/"261-iD1tFLW8WPlJA2PV1Gd7B1m8OsI"[\r][\n]"
23:07:59.415 [pool-2-thread-18] DEBUG org.apache.http.wire -- http-outgoing-151 << "Date: Sun, 22 Jun 2025 16:07:59 GMT[\r][\n]"
23:07:59.415 [pool-2-thread-18] DEBUG org.apache.http.wire -- http-outgoing-151 << "Connection: keep-alive[\r][\n]"
23:07:59.415 [pool-2-thread-18] DEBUG org.apache.http.wire -- http-outgoing-151 << "Keep-Alive: timeout=5[\r][\n]"
23:07:59.415 [pool-2-thread-18] DEBUG org.apache.http.wire -- http-outgoing-151 << "[\r][\n]"
23:07:59.415 [pool-2-thread-18] DEBUG org.apache.http.wire -- http-outgoing-151 << "{"access_token":"eyJhbGciOiJIUzI1NiIsInR5cCI6IkpXVCJ9.eyJzdWIiOiIyNzJmNmI1NS01MTc5LTRhZTMtODU2My1iNGVjMTBmNzY3MTUiLCJ1c2VybmFtZSI6ImpvaG5kb2UyZDVkIiwicm9sZSI6MCwiaWF0IjoxNzUwNjA4NDc5LCJleHAiOjE3NTA2MTIwNzl9.5gs_dqKOKtUbh1qek7QZ20imGk1yaq1gvjaX9d6170M","refresh_token":"3794559b8149f3157574ad02538e5cc19c8ba3abb44dd044396077408ce04006","user":{"id":"272f6b55-5179-4ae3-8563-b4ec10f76715","email":"testit5@gmail.com","username":"johndoe2d5d","name":"John Doe","phoneNumber":"0123456132","profilePic":null,"bio":null,"private":false,"verified":false,"role":0,"followersCount":0,"followingCount":0,"postCount":0}}"
23:07:59.415 [pool-2-thread-18] DEBUG org.apache.http.headers -- http-outgoing-151 << HTTP/1.1 200 OK
23:07:59.415 [pool-2-thread-18] DEBUG org.apache.http.headers -- http-outgoing-151 << X-Powered-By: Express
23:07:59.415 [pool-2-thread-18] DEBUG org.apache.http.headers -- http-outgoing-151 << Access-Control-Allow-Origin: *
23:07:59.415 [pool-2-thread-18] DEBUG org.apache.http.headers -- http-outgoing-151 << Content-Type: application/json; charset=utf-8
23:07:59.415 [pool-2-thread-18] DEBUG org.apache.http.headers -- http-outgoing-151 << Content-Length: 609
23:07:59.415 [pool-2-thread-18] DEBUG org.apache.http.headers -- http-outgoing-151 << ETag: W/"261-iD1tFLW8WPlJA2PV1Gd7B1m8OsI"
23:07:59.415 [pool-2-thread-18] DEBUG org.apache.http.headers -- http-outgoing-151 << Date: Sun, 22 Jun 2025 16:07:59 GMT
23:07:59.415 [pool-2-thread-18] DEBUG org.apache.http.headers -- http-outgoing-151 << Connection: keep-alive
23:07:59.415 [pool-2-thread-18] DEBUG org.apache.http.headers -- http-outgoing-151 << Keep-Alive: timeout=5
23:07:59.415 [pool-2-thread-18] DEBUG org.apache.http.impl.execchain.MainClientExec -- Connection can be kept alive for 5000 MILLISECONDS
23:07:59.415 [pool-2-thread-18] DEBUG org.apache.http.impl.conn.PoolingHttpClientConnectionManager -- Connection [id: 151][route: {}->http://localhost:3000] can be kept alive for 5.0 seconds
23:07:59.415 [pool-2-thread-18] DEBUG org.apache.http.impl.conn.DefaultManagedHttpClientConnection -- http-outgoing-151: set socket timeout to 0
23:07:59.415 [pool-2-thread-18] DEBUG org.apache.http.impl.conn.PoolingHttpClientConnectionManager -- Connection released: [id: 151][route: {}->http://localhost:3000][total available: 1; route allocated: 1 of 5; total allocated: 1 of 10]
23:07:59.415 [pool-2-thread-18] DEBUG org.apache.http.impl.conn.PoolingHttpClientConnectionManager -- Connection manager is shutting down
23:07:59.415 [pool-2-thread-18] DEBUG org.apache.http.impl.conn.DefaultManagedHttpClientConnection -- http-outgoing-151: Close connection
23:07:59.415 [pool-2-thread-18] DEBUG org.apache.http.impl.conn.PoolingHttpClientConnectionManager -- Connection manager shut down
23:07:59.415 [pool-2-thread-18] DEBUG com.intuit.karate -- response time in milliseconds: 1259
6 < 200
6 < X-Powered-By: Express
6 < Access-Control-Allow-Origin: *
6 < Content-Type: application/json; charset=utf-8
6 < Content-Length: 609
6 < ETag: W/"261-iD1tFLW8WPlJA2PV1Gd7B1m8OsI"
6 < Date: Sun, 22 Jun 2025 16:07:59 GMT
6 < Connection: keep-alive
6 < Keep-Alive: timeout=5
{"access_token":"eyJhbGciOiJIUzI1NiIsInR5cCI6IkpXVCJ9.eyJzdWIiOiIyNzJmNmI1NS01MTc5LTRhZTMtODU2My1iNGVjMTBmNzY3MTUiLCJ1c2VybmFtZSI6ImpvaG5kb2UyZDVkIiwicm9sZSI6MCwiaWF0IjoxNzUwNjA4NDc5LCJleHAiOjE3NTA2MTIwNzl9.5gs_dqKOKtUbh1qek7QZ20imGk1yaq1gvjaX9d6170M","refresh_token":"3794559b8149f3157574ad02538e5cc19c8ba3abb44dd044396077408ce04006","user":{"id":"272f6b55-5179-4ae3-8563-b4ec10f76715","email":"testit5@gmail.com","username":"johndoe2d5d","name":"John Doe","phoneNumber":"0123456132","profilePic":null,"bio":null,"private":false,"verified":false,"role":0,"followersCount":0,"followingCount":0,"postCount":0}}

23:07:59.418 [pool-2-thread-18] INFO com.intuit.karate -- [print] Call 6 completed, status: 200 
23:07:59.418 [pool-2-thread-18] INFO com.intuit.karate -- [print] *** API CALL 7 *** 
23:07:59.422 [pool-2-thread-18] DEBUG org.apache.http.client.protocol.RequestAddCookies -- CookieSpec selected: karate
23:07:59.422 [pool-2-thread-18] DEBUG org.apache.http.client.protocol.RequestAuthCache -- Auth cache not set in the context
23:07:59.422 [pool-2-thread-18] DEBUG com.intuit.karate -- request:
7 > POST http://localhost:3000/auth/login
7 > Content-Type: application/json; charset=UTF-8
7 > Content-Length: 54
7 > Host: localhost:3000
7 > Connection: Keep-Alive
7 > User-Agent: Apache-HttpClient/4.5.14 (Java/17.0.9)
7 > Accept-Encoding: gzip,deflate
{"email":"testit5@gmail.com","password":"Password123"}

23:07:59.422 [pool-2-thread-18] DEBUG org.apache.http.impl.conn.PoolingHttpClientConnectionManager -- Connection request: [route: {}->http://localhost:3000][total available: 0; route allocated: 0 of 5; total allocated: 0 of 10]
23:07:59.422 [pool-2-thread-18] DEBUG org.apache.http.impl.conn.PoolingHttpClientConnectionManager -- Connection leased: [id: 171][route: {}->http://localhost:3000][total available: 0; route allocated: 1 of 5; total allocated: 1 of 10]
23:07:59.422 [pool-2-thread-18] DEBUG org.apache.http.impl.execchain.MainClientExec -- Opening connection {}->http://localhost:3000
23:07:59.423 [pool-2-thread-18] DEBUG org.apache.http.impl.conn.DefaultHttpClientConnectionOperator -- Connecting to localhost/127.0.0.1:3000
23:07:59.423 [pool-2-thread-18] DEBUG org.apache.http.impl.conn.DefaultHttpClientConnectionOperator -- Connection established 127.0.0.1:52838<->127.0.0.1:3000
23:07:59.423 [pool-2-thread-18] DEBUG org.apache.http.impl.conn.DefaultManagedHttpClientConnection -- http-outgoing-171: set socket timeout to 30000
23:07:59.424 [pool-2-thread-18] DEBUG org.apache.http.impl.execchain.MainClientExec -- Executing request POST /auth/login HTTP/1.1
23:07:59.424 [pool-2-thread-18] DEBUG org.apache.http.impl.execchain.MainClientExec -- Target auth state: UNCHALLENGED
23:07:59.424 [pool-2-thread-18] DEBUG org.apache.http.impl.execchain.MainClientExec -- Proxy auth state: UNCHALLENGED
23:07:59.424 [pool-2-thread-18] DEBUG org.apache.http.headers -- http-outgoing-171 >> POST /auth/login HTTP/1.1
23:07:59.424 [pool-2-thread-18] DEBUG org.apache.http.headers -- http-outgoing-171 >> Content-Type: application/json; charset=UTF-8
23:07:59.424 [pool-2-thread-18] DEBUG org.apache.http.headers -- http-outgoing-171 >> Content-Length: 54
23:07:59.424 [pool-2-thread-18] DEBUG org.apache.http.headers -- http-outgoing-171 >> Host: localhost:3000
23:07:59.424 [pool-2-thread-18] DEBUG org.apache.http.headers -- http-outgoing-171 >> Connection: Keep-Alive
23:07:59.424 [pool-2-thread-18] DEBUG org.apache.http.headers -- http-outgoing-171 >> User-Agent: Apache-HttpClient/4.5.14 (Java/17.0.9)
23:07:59.424 [pool-2-thread-18] DEBUG org.apache.http.headers -- http-outgoing-171 >> Accept-Encoding: gzip,deflate
23:07:59.424 [pool-2-thread-18] DEBUG org.apache.http.wire -- http-outgoing-171 >> "POST /auth/login HTTP/1.1[\r][\n]"
23:07:59.424 [pool-2-thread-18] DEBUG org.apache.http.wire -- http-outgoing-171 >> "Content-Type: application/json; charset=UTF-8[\r][\n]"
23:07:59.424 [pool-2-thread-18] DEBUG org.apache.http.wire -- http-outgoing-171 >> "Content-Length: 54[\r][\n]"
23:07:59.424 [pool-2-thread-18] DEBUG org.apache.http.wire -- http-outgoing-171 >> "Host: localhost:3000[\r][\n]"
23:07:59.424 [pool-2-thread-18] DEBUG org.apache.http.wire -- http-outgoing-171 >> "Connection: Keep-Alive[\r][\n]"
23:07:59.424 [pool-2-thread-18] DEBUG org.apache.http.wire -- http-outgoing-171 >> "User-Agent: Apache-HttpClient/4.5.14 (Java/17.0.9)[\r][\n]"
23:07:59.424 [pool-2-thread-18] DEBUG org.apache.http.wire -- http-outgoing-171 >> "Accept-Encoding: gzip,deflate[\r][\n]"
23:07:59.424 [pool-2-thread-18] DEBUG org.apache.http.wire -- http-outgoing-171 >> "[\r][\n]"
23:07:59.424 [pool-2-thread-18] DEBUG org.apache.http.wire -- http-outgoing-171 >> "{"email":"testit5@gmail.com","password":"Password123"}"
23:08:00.153 [pool-2-thread-3] DEBUG org.apache.http.wire -- http-outgoing-152 << "HTTP/1.1 200 OK[\r][\n]"
23:08:00.153 [pool-2-thread-3] DEBUG org.apache.http.wire -- http-outgoing-152 << "X-Powered-By: Express[\r][\n]"
23:08:00.153 [pool-2-thread-3] DEBUG org.apache.http.wire -- http-outgoing-152 << "Access-Control-Allow-Origin: *[\r][\n]"
23:08:00.153 [pool-2-thread-3] DEBUG org.apache.http.wire -- http-outgoing-152 << "Content-Type: application/json; charset=utf-8[\r][\n]"
23:08:00.153 [pool-2-thread-3] DEBUG org.apache.http.wire -- http-outgoing-152 << "Content-Length: 599[\r][\n]"
23:08:00.153 [pool-2-thread-3] DEBUG org.apache.http.wire -- http-outgoing-152 << "ETag: W/"257-88uHbzWRvW4lodvgbJnypMnmHNA"[\r][\n]"
23:08:00.153 [pool-2-thread-3] DEBUG org.apache.http.wire -- http-outgoing-152 << "Date: Sun, 22 Jun 2025 16:08:00 GMT[\r][\n]"
23:08:00.153 [pool-2-thread-3] DEBUG org.apache.http.wire -- http-outgoing-152 << "Connection: keep-alive[\r][\n]"
23:08:00.153 [pool-2-thread-3] DEBUG org.apache.http.wire -- http-outgoing-152 << "Keep-Alive: timeout=5[\r][\n]"
23:08:00.153 [pool-2-thread-3] DEBUG org.apache.http.wire -- http-outgoing-152 << "[\r][\n]"
23:08:00.153 [pool-2-thread-3] DEBUG org.apache.http.wire -- http-outgoing-152 << "{"access_token":"eyJhbGciOiJIUzI1NiIsInR5cCI6IkpXVCJ9.eyJzdWIiOiIyZGRhMDQzOS01MTgwLTQ1YWEtOTE3Zi1lNjMyZTQ1YThlNDEiLCJ1c2VybmFtZSI6ImpvaG5kb2UiLCJyb2xlIjowLCJpYXQiOjE3NTA2MDg0NzksImV4cCI6MTc1MDYxMjA3OX0.j38TyFWnIRvwHI-yqT3xKXoDFINgBNyREPXSvBf1BGQ","refresh_token":"07891499d36a6c429cf3e35fc195844144abaf794eca480251e1c5d5d495b979","user":{"id":"2dda0439-5180-45aa-917f-e632e45a8e41","email":"test@example.com","username":"johndoe","name":"John Doe","phoneNumber":"0987654321","profilePic":null,"bio":null,"private":false,"verified":false,"role":0,"followersCount":0,"followingCount":0,"postCount":0}}"
23:08:00.154 [pool-2-thread-3] DEBUG org.apache.http.headers -- http-outgoing-152 << HTTP/1.1 200 OK
23:08:00.154 [pool-2-thread-3] DEBUG org.apache.http.headers -- http-outgoing-152 << X-Powered-By: Express
23:08:00.154 [pool-2-thread-3] DEBUG org.apache.http.headers -- http-outgoing-152 << Access-Control-Allow-Origin: *
23:08:00.154 [pool-2-thread-3] DEBUG org.apache.http.headers -- http-outgoing-152 << Content-Type: application/json; charset=utf-8
23:08:00.154 [pool-2-thread-3] DEBUG org.apache.http.headers -- http-outgoing-152 << Content-Length: 599
23:08:00.154 [pool-2-thread-3] DEBUG org.apache.http.headers -- http-outgoing-152 << ETag: W/"257-88uHbzWRvW4lodvgbJnypMnmHNA"
23:08:00.154 [pool-2-thread-3] DEBUG org.apache.http.headers -- http-outgoing-152 << Date: Sun, 22 Jun 2025 16:08:00 GMT
23:08:00.154 [pool-2-thread-3] DEBUG org.apache.http.headers -- http-outgoing-152 << Connection: keep-alive
23:08:00.154 [pool-2-thread-3] DEBUG org.apache.http.headers -- http-outgoing-152 << Keep-Alive: timeout=5
23:08:00.154 [pool-2-thread-3] DEBUG org.apache.http.impl.execchain.MainClientExec -- Connection can be kept alive for 5000 MILLISECONDS
23:08:00.154 [pool-2-thread-3] DEBUG org.apache.http.impl.conn.PoolingHttpClientConnectionManager -- Connection [id: 152][route: {}->http://localhost:3000] can be kept alive for 5.0 seconds
23:08:00.154 [pool-2-thread-3] DEBUG org.apache.http.impl.conn.DefaultManagedHttpClientConnection -- http-outgoing-152: set socket timeout to 0
23:08:00.154 [pool-2-thread-3] DEBUG org.apache.http.impl.conn.PoolingHttpClientConnectionManager -- Connection released: [id: 152][route: {}->http://localhost:3000][total available: 1; route allocated: 1 of 5; total allocated: 1 of 10]
23:08:00.154 [pool-2-thread-3] DEBUG org.apache.http.impl.conn.PoolingHttpClientConnectionManager -- Connection manager is shutting down
23:08:00.154 [pool-2-thread-3] DEBUG org.apache.http.impl.conn.DefaultManagedHttpClientConnection -- http-outgoing-152: Close connection
23:08:00.154 [pool-2-thread-3] DEBUG org.apache.http.impl.conn.PoolingHttpClientConnectionManager -- Connection manager shut down
23:08:00.154 [pool-2-thread-3] DEBUG com.intuit.karate -- response time in milliseconds: 1991
7 < 200
7 < X-Powered-By: Express
7 < Access-Control-Allow-Origin: *
7 < Content-Type: application/json; charset=utf-8
7 < Content-Length: 599
7 < ETag: W/"257-88uHbzWRvW4lodvgbJnypMnmHNA"
7 < Date: Sun, 22 Jun 2025 16:08:00 GMT
7 < Connection: keep-alive
7 < Keep-Alive: timeout=5
{"access_token":"eyJhbGciOiJIUzI1NiIsInR5cCI6IkpXVCJ9.eyJzdWIiOiIyZGRhMDQzOS01MTgwLTQ1YWEtOTE3Zi1lNjMyZTQ1YThlNDEiLCJ1c2VybmFtZSI6ImpvaG5kb2UiLCJyb2xlIjowLCJpYXQiOjE3NTA2MDg0NzksImV4cCI6MTc1MDYxMjA3OX0.j38TyFWnIRvwHI-yqT3xKXoDFINgBNyREPXSvBf1BGQ","refresh_token":"07891499d36a6c429cf3e35fc195844144abaf794eca480251e1c5d5d495b979","user":{"id":"2dda0439-5180-45aa-917f-e632e45a8e41","email":"test@example.com","username":"johndoe","name":"John Doe","phoneNumber":"0987654321","profilePic":null,"bio":null,"private":false,"verified":false,"role":0,"followersCount":0,"followingCount":0,"postCount":0}}

23:08:00.156 [pool-2-thread-3] INFO com.intuit.karate -- [print] Call 7 completed, status: 200 
23:08:00.156 [pool-2-thread-3] INFO com.intuit.karate -- [print] *** API CALL 8 *** 
23:08:00.158 [pool-2-thread-3] DEBUG org.apache.http.client.protocol.RequestAddCookies -- CookieSpec selected: karate
23:08:00.158 [pool-2-thread-3] DEBUG org.apache.http.client.protocol.RequestAuthCache -- Auth cache not set in the context
23:08:00.158 [pool-2-thread-3] DEBUG com.intuit.karate -- request:
8 > POST http://localhost:3000/auth/login
8 > Content-Type: application/json; charset=UTF-8
8 > Content-Length: 53
8 > Host: localhost:3000
8 > Connection: Keep-Alive
8 > User-Agent: Apache-HttpClient/4.5.14 (Java/17.0.9)
8 > Accept-Encoding: gzip,deflate
{"email":"test@example.com","password":"Password123"}

23:08:00.158 [pool-2-thread-3] DEBUG org.apache.http.impl.conn.PoolingHttpClientConnectionManager -- Connection request: [route: {}->http://localhost:3000][total available: 0; route allocated: 0 of 5; total allocated: 0 of 10]
23:08:00.158 [pool-2-thread-3] DEBUG org.apache.http.impl.conn.PoolingHttpClientConnectionManager -- Connection leased: [id: 172][route: {}->http://localhost:3000][total available: 0; route allocated: 1 of 5; total allocated: 1 of 10]
23:08:00.158 [pool-2-thread-3] DEBUG org.apache.http.impl.execchain.MainClientExec -- Opening connection {}->http://localhost:3000
23:08:00.158 [pool-2-thread-3] DEBUG org.apache.http.impl.conn.DefaultHttpClientConnectionOperator -- Connecting to localhost/127.0.0.1:3000
23:08:00.158 [pool-2-thread-3] DEBUG org.apache.http.impl.conn.DefaultHttpClientConnectionOperator -- Connection established 127.0.0.1:52839<->127.0.0.1:3000
23:08:00.158 [pool-2-thread-3] DEBUG org.apache.http.impl.conn.DefaultManagedHttpClientConnection -- http-outgoing-172: set socket timeout to 30000
23:08:00.158 [pool-2-thread-3] DEBUG org.apache.http.impl.execchain.MainClientExec -- Executing request POST /auth/login HTTP/1.1
23:08:00.158 [pool-2-thread-3] DEBUG org.apache.http.impl.execchain.MainClientExec -- Target auth state: UNCHALLENGED
23:08:00.158 [pool-2-thread-3] DEBUG org.apache.http.impl.execchain.MainClientExec -- Proxy auth state: UNCHALLENGED
23:08:00.158 [pool-2-thread-3] DEBUG org.apache.http.headers -- http-outgoing-172 >> POST /auth/login HTTP/1.1
23:08:00.158 [pool-2-thread-3] DEBUG org.apache.http.headers -- http-outgoing-172 >> Content-Type: application/json; charset=UTF-8
23:08:00.158 [pool-2-thread-3] DEBUG org.apache.http.headers -- http-outgoing-172 >> Content-Length: 53
23:08:00.158 [pool-2-thread-3] DEBUG org.apache.http.headers -- http-outgoing-172 >> Host: localhost:3000
23:08:00.158 [pool-2-thread-3] DEBUG org.apache.http.headers -- http-outgoing-172 >> Connection: Keep-Alive
23:08:00.158 [pool-2-thread-3] DEBUG org.apache.http.headers -- http-outgoing-172 >> User-Agent: Apache-HttpClient/4.5.14 (Java/17.0.9)
23:08:00.158 [pool-2-thread-3] DEBUG org.apache.http.headers -- http-outgoing-172 >> Accept-Encoding: gzip,deflate
23:08:00.158 [pool-2-thread-3] DEBUG org.apache.http.wire -- http-outgoing-172 >> "POST /auth/login HTTP/1.1[\r][\n]"
23:08:00.158 [pool-2-thread-3] DEBUG org.apache.http.wire -- http-outgoing-172 >> "Content-Type: application/json; charset=UTF-8[\r][\n]"
23:08:00.158 [pool-2-thread-3] DEBUG org.apache.http.wire -- http-outgoing-172 >> "Content-Length: 53[\r][\n]"
23:08:00.158 [pool-2-thread-3] DEBUG org.apache.http.wire -- http-outgoing-172 >> "Host: localhost:3000[\r][\n]"
23:08:00.158 [pool-2-thread-3] DEBUG org.apache.http.wire -- http-outgoing-172 >> "Connection: Keep-Alive[\r][\n]"
23:08:00.158 [pool-2-thread-3] DEBUG org.apache.http.wire -- http-outgoing-172 >> "User-Agent: Apache-HttpClient/4.5.14 (Java/17.0.9)[\r][\n]"
23:08:00.158 [pool-2-thread-3] DEBUG org.apache.http.wire -- http-outgoing-172 >> "Accept-Encoding: gzip,deflate[\r][\n]"
23:08:00.158 [pool-2-thread-3] DEBUG org.apache.http.wire -- http-outgoing-172 >> "[\r][\n]"
23:08:00.158 [pool-2-thread-3] DEBUG org.apache.http.wire -- http-outgoing-172 >> "{"email":"test@example.com","password":"Password123"}"
23:08:00.223 [pool-2-thread-1] DEBUG org.apache.http.wire -- http-outgoing-154 << "HTTP/1.1 200 OK[\r][\n]"
23:08:00.223 [pool-2-thread-1] DEBUG org.apache.http.wire -- http-outgoing-154 << "X-Powered-By: Express[\r][\n]"
23:08:00.224 [pool-2-thread-1] DEBUG org.apache.http.wire -- http-outgoing-154 << "Access-Control-Allow-Origin: *[\r][\n]"
23:08:00.224 [pool-2-thread-1] DEBUG org.apache.http.wire -- http-outgoing-154 << "Content-Type: application/json; charset=utf-8[\r][\n]"
23:08:00.224 [pool-2-thread-1] DEBUG org.apache.http.wire -- http-outgoing-154 << "Content-Length: 708[\r][\n]"
23:08:00.224 [pool-2-thread-1] DEBUG org.apache.http.wire -- http-outgoing-154 << "ETag: W/"2c4-AV3i6s98RCf4dEfGSrlCHg9qYFI"[\r][\n]"
23:08:00.224 [pool-2-thread-1] DEBUG org.apache.http.wire -- http-outgoing-154 << "Date: Sun, 22 Jun 2025 16:08:00 GMT[\r][\n]"
23:08:00.224 [pool-2-thread-1] DEBUG org.apache.http.wire -- http-outgoing-154 << "Connection: keep-alive[\r][\n]"
23:08:00.224 [pool-2-thread-1] DEBUG org.apache.http.wire -- http-outgoing-154 << "Keep-Alive: timeout=5[\r][\n]"
23:08:00.224 [pool-2-thread-1] DEBUG org.apache.http.wire -- http-outgoing-154 << "[\r][\n]"
23:08:00.224 [pool-2-thread-1] DEBUG org.apache.http.wire -- http-outgoing-154 << "{"access_token":"eyJhbGciOiJIUzI1NiIsInR5cCI6IkpXVCJ9.eyJzdWIiOiIwODUxNWIwNS0yZDNlLTQ3ODktYWQ2MC1kYjM1NTI1YTQ5NzAiLCJ1c2VybmFtZSI6Im5hbSIsInJvbGUiOjAsImlhdCI6MTc1MDYwODQ3OSwiZXhwIjoxNzUwNjEyMDc5fQ.0wypqpGJ7lKjhSPDrGOwiLDFT9xobnYEtBd6S5NoY7Y","refresh_token":"8049f4805b6075e7655cfa4c44cc7cf6aec33f74055cd0d46192789b9d1a1a22","user":{"id":"08515b05-2d3e-4789-ad60-db35525a4970","email":"nam@gmail.com","username":"nam","name":"nam","phoneNumber":"0123456789","profilePic":"https://res.cloudinary.com/dizcvrefo/image/upload/v1749266646/nestjs_uploads/zk9zrpeidnovxibfqdxr.png","bio":"Chu tich hoi dong Quan tri 1","private":false,"verified":false,"role":0,"followersCount":2,"followingCount":2,"postCount":13}}"
23:08:00.224 [pool-2-thread-1] DEBUG org.apache.http.headers -- http-outgoing-154 << HTTP/1.1 200 OK
23:08:00.224 [pool-2-thread-1] DEBUG org.apache.http.headers -- http-outgoing-154 << X-Powered-By: Express
23:08:00.224 [pool-2-thread-1] DEBUG org.apache.http.headers -- http-outgoing-154 << Access-Control-Allow-Origin: *
23:08:00.224 [pool-2-thread-1] DEBUG org.apache.http.headers -- http-outgoing-154 << Content-Type: application/json; charset=utf-8
23:08:00.224 [pool-2-thread-1] DEBUG org.apache.http.headers -- http-outgoing-154 << Content-Length: 708
23:08:00.224 [pool-2-thread-1] DEBUG org.apache.http.headers -- http-outgoing-154 << ETag: W/"2c4-AV3i6s98RCf4dEfGSrlCHg9qYFI"
23:08:00.224 [pool-2-thread-1] DEBUG org.apache.http.headers -- http-outgoing-154 << Date: Sun, 22 Jun 2025 16:08:00 GMT
23:08:00.224 [pool-2-thread-1] DEBUG org.apache.http.headers -- http-outgoing-154 << Connection: keep-alive
23:08:00.224 [pool-2-thread-1] DEBUG org.apache.http.headers -- http-outgoing-154 << Keep-Alive: timeout=5
23:08:00.224 [pool-2-thread-1] DEBUG org.apache.http.impl.execchain.MainClientExec -- Connection can be kept alive for 5000 MILLISECONDS
23:08:00.224 [pool-2-thread-1] DEBUG org.apache.http.impl.conn.PoolingHttpClientConnectionManager -- Connection [id: 154][route: {}->http://localhost:3000] can be kept alive for 5.0 seconds
23:08:00.224 [pool-2-thread-1] DEBUG org.apache.http.impl.conn.DefaultManagedHttpClientConnection -- http-outgoing-154: set socket timeout to 0
23:08:00.224 [pool-2-thread-1] DEBUG org.apache.http.impl.conn.PoolingHttpClientConnectionManager -- Connection released: [id: 154][route: {}->http://localhost:3000][total available: 1; route allocated: 1 of 5; total allocated: 1 of 10]
23:08:00.224 [pool-2-thread-1] DEBUG org.apache.http.impl.conn.PoolingHttpClientConnectionManager -- Connection manager is shutting down
23:08:00.224 [pool-2-thread-1] DEBUG org.apache.http.impl.conn.DefaultManagedHttpClientConnection -- http-outgoing-154: Close connection
23:08:00.224 [pool-2-thread-1] DEBUG org.apache.http.impl.conn.PoolingHttpClientConnectionManager -- Connection manager shut down
23:08:00.224 [pool-2-thread-1] DEBUG com.intuit.karate -- response time in milliseconds: 1960
8 < 200
8 < X-Powered-By: Express
8 < Access-Control-Allow-Origin: *
8 < Content-Type: application/json; charset=utf-8
8 < Content-Length: 708
8 < ETag: W/"2c4-AV3i6s98RCf4dEfGSrlCHg9qYFI"
8 < Date: Sun, 22 Jun 2025 16:08:00 GMT
8 < Connection: keep-alive
8 < Keep-Alive: timeout=5
{"access_token":"eyJhbGciOiJIUzI1NiIsInR5cCI6IkpXVCJ9.eyJzdWIiOiIwODUxNWIwNS0yZDNlLTQ3ODktYWQ2MC1kYjM1NTI1YTQ5NzAiLCJ1c2VybmFtZSI6Im5hbSIsInJvbGUiOjAsImlhdCI6MTc1MDYwODQ3OSwiZXhwIjoxNzUwNjEyMDc5fQ.0wypqpGJ7lKjhSPDrGOwiLDFT9xobnYEtBd6S5NoY7Y","refresh_token":"8049f4805b6075e7655cfa4c44cc7cf6aec33f74055cd0d46192789b9d1a1a22","user":{"id":"08515b05-2d3e-4789-ad60-db35525a4970","email":"nam@gmail.com","username":"nam","name":"nam","phoneNumber":"0123456789","profilePic":"https://res.cloudinary.com/dizcvrefo/image/upload/v1749266646/nestjs_uploads/zk9zrpeidnovxibfqdxr.png","bio":"Chu tich hoi dong Quan tri 1","private":false,"verified":false,"role":0,"followersCount":2,"followingCount":2,"postCount":13}}

23:08:00.225 [pool-2-thread-1] INFO com.intuit.karate -- [print] Call 8 completed, status: 200 
23:08:00.225 [pool-2-thread-1] INFO com.intuit.karate -- [print] *** API CALL 9 *** 
23:08:00.226 [pool-2-thread-1] DEBUG org.apache.http.client.protocol.RequestAddCookies -- CookieSpec selected: karate
23:08:00.226 [pool-2-thread-1] DEBUG org.apache.http.client.protocol.RequestAuthCache -- Auth cache not set in the context
23:08:00.226 [pool-2-thread-1] DEBUG com.intuit.karate -- request:
9 > POST http://localhost:3000/auth/login
9 > Content-Type: application/json; charset=UTF-8
9 > Content-Length: 45
9 > Host: localhost:3000
9 > Connection: Keep-Alive
9 > User-Agent: Apache-HttpClient/4.5.14 (Java/17.0.9)
9 > Accept-Encoding: gzip,deflate
{"email":"nam@gmail.com","password":"123456"}

23:08:00.226 [pool-2-thread-1] DEBUG org.apache.http.impl.conn.PoolingHttpClientConnectionManager -- Connection request: [route: {}->http://localhost:3000][total available: 0; route allocated: 0 of 5; total allocated: 0 of 10]
23:08:00.226 [pool-2-thread-1] DEBUG org.apache.http.impl.conn.PoolingHttpClientConnectionManager -- Connection leased: [id: 173][route: {}->http://localhost:3000][total available: 0; route allocated: 1 of 5; total allocated: 1 of 10]
23:08:00.226 [pool-2-thread-1] DEBUG org.apache.http.impl.execchain.MainClientExec -- Opening connection {}->http://localhost:3000
23:08:00.226 [pool-2-thread-1] DEBUG org.apache.http.impl.conn.DefaultHttpClientConnectionOperator -- Connecting to localhost/127.0.0.1:3000
23:08:00.227 [pool-2-thread-1] DEBUG org.apache.http.impl.conn.DefaultHttpClientConnectionOperator -- Connection established 127.0.0.1:52840<->127.0.0.1:3000
23:08:00.227 [pool-2-thread-1] DEBUG org.apache.http.impl.conn.DefaultManagedHttpClientConnection -- http-outgoing-173: set socket timeout to 30000
23:08:00.227 [pool-2-thread-1] DEBUG org.apache.http.impl.execchain.MainClientExec -- Executing request POST /auth/login HTTP/1.1
23:08:00.227 [pool-2-thread-1] DEBUG org.apache.http.impl.execchain.MainClientExec -- Target auth state: UNCHALLENGED
23:08:00.227 [pool-2-thread-1] DEBUG org.apache.http.impl.execchain.MainClientExec -- Proxy auth state: UNCHALLENGED
23:08:00.227 [pool-2-thread-1] DEBUG org.apache.http.headers -- http-outgoing-173 >> POST /auth/login HTTP/1.1
23:08:00.227 [pool-2-thread-1] DEBUG org.apache.http.headers -- http-outgoing-173 >> Content-Type: application/json; charset=UTF-8
23:08:00.227 [pool-2-thread-1] DEBUG org.apache.http.headers -- http-outgoing-173 >> Content-Length: 45
23:08:00.227 [pool-2-thread-1] DEBUG org.apache.http.headers -- http-outgoing-173 >> Host: localhost:3000
23:08:00.227 [pool-2-thread-1] DEBUG org.apache.http.headers -- http-outgoing-173 >> Connection: Keep-Alive
23:08:00.227 [pool-2-thread-1] DEBUG org.apache.http.headers -- http-outgoing-173 >> User-Agent: Apache-HttpClient/4.5.14 (Java/17.0.9)
23:08:00.227 [pool-2-thread-1] DEBUG org.apache.http.headers -- http-outgoing-173 >> Accept-Encoding: gzip,deflate
23:08:00.227 [pool-2-thread-1] DEBUG org.apache.http.wire -- http-outgoing-173 >> "POST /auth/login HTTP/1.1[\r][\n]"
23:08:00.227 [pool-2-thread-1] DEBUG org.apache.http.wire -- http-outgoing-173 >> "Content-Type: application/json; charset=UTF-8[\r][\n]"
23:08:00.227 [pool-2-thread-1] DEBUG org.apache.http.wire -- http-outgoing-173 >> "Content-Length: 45[\r][\n]"
23:08:00.227 [pool-2-thread-1] DEBUG org.apache.http.wire -- http-outgoing-173 >> "Host: localhost:3000[\r][\n]"
23:08:00.227 [pool-2-thread-1] DEBUG org.apache.http.wire -- http-outgoing-173 >> "Connection: Keep-Alive[\r][\n]"
23:08:00.227 [pool-2-thread-1] DEBUG org.apache.http.wire -- http-outgoing-173 >> "User-Agent: Apache-HttpClient/4.5.14 (Java/17.0.9)[\r][\n]"
23:08:00.227 [pool-2-thread-1] DEBUG org.apache.http.wire -- http-outgoing-173 >> "Accept-Encoding: gzip,deflate[\r][\n]"
23:08:00.227 [pool-2-thread-1] DEBUG org.apache.http.wire -- http-outgoing-173 >> "[\r][\n]"
23:08:00.227 [pool-2-thread-1] DEBUG org.apache.http.wire -- http-outgoing-173 >> "{"email":"nam@gmail.com","password":"123456"}"
23:08:00.302 [pool-2-thread-2] DEBUG org.apache.http.wire -- http-outgoing-149 << "HTTP/1.1 200 OK[\r][\n]"
23:08:00.302 [pool-2-thread-2] DEBUG org.apache.http.wire -- http-outgoing-149 << "X-Powered-By: Express[\r][\n]"
23:08:00.302 [pool-2-thread-2] DEBUG org.apache.http.wire -- http-outgoing-149 << "Access-Control-Allow-Origin: *[\r][\n]"
23:08:00.302 [pool-2-thread-2] DEBUG org.apache.http.wire -- http-outgoing-149 << "Content-Type: application/json; charset=utf-8[\r][\n]"
23:08:00.302 [pool-2-thread-2] DEBUG org.apache.http.wire -- http-outgoing-149 << "Content-Length: 715[\r][\n]"
23:08:00.302 [pool-2-thread-2] DEBUG org.apache.http.wire -- http-outgoing-149 << "ETag: W/"2cb-JDG2ADJf6CTVXJIHNr5aWJI95+E"[\r][\n]"
23:08:00.302 [pool-2-thread-2] DEBUG org.apache.http.wire -- http-outgoing-149 << "Date: Sun, 22 Jun 2025 16:08:00 GMT[\r][\n]"
23:08:00.302 [pool-2-thread-2] DEBUG org.apache.http.wire -- http-outgoing-149 << "Connection: keep-alive[\r][\n]"
23:08:00.302 [pool-2-thread-2] DEBUG org.apache.http.wire -- http-outgoing-149 << "Keep-Alive: timeout=5[\r][\n]"
23:08:00.302 [pool-2-thread-2] DEBUG org.apache.http.wire -- http-outgoing-149 << "[\r][\n]"
23:08:00.302 [pool-2-thread-2] DEBUG org.apache.http.wire -- http-outgoing-149 << "{"access_token":"eyJhbGciOiJIUzI1NiIsInR5cCI6IkpXVCJ9.eyJzdWIiOiIyYjg0YWEyNC02NjhhLTQwZTItYWYxYy1hZDRmYzRmYTVhNmYiLCJ1c2VybmFtZSI6InF1YW5nMSIsInJvbGUiOjAsImlhdCI6MTc1MDYwODQ4MCwiZXhwIjoxNzUwNjEyMDgwfQ.l-qmjCuL8eLHfhIXp2j2aoFwsRktI4Dr2m0XA-6E5GU","refresh_token":"8f8315b4cba80d0c3c35e003af0ae4bcbb2b3764c2c1ff30b838ed83c487f624","user":{"id":"2b84aa24-668a-40e2-af1c-ad4fc4fa5a6f","email":"quang1@gmail.com","username":"quang1","name":"quang1","phoneNumber":"09874563210","profilePic":"https://res.cloudinary.com/dizcvrefo/image/upload/v1749027586/nestjs_uploads/xehairydt9rzlbmbmv4c.jpg","bio":"Thang Nam Lao Vua Thoi","private":false,"verified":false,"role":0,"followersCount":2,"followingCount":3,"postCount":2}}"
23:08:00.302 [pool-2-thread-2] DEBUG org.apache.http.headers -- http-outgoing-149 << HTTP/1.1 200 OK
23:08:00.302 [pool-2-thread-2] DEBUG org.apache.http.headers -- http-outgoing-149 << X-Powered-By: Express
23:08:00.302 [pool-2-thread-2] DEBUG org.apache.http.headers -- http-outgoing-149 << Access-Control-Allow-Origin: *
23:08:00.302 [pool-2-thread-2] DEBUG org.apache.http.headers -- http-outgoing-149 << Content-Type: application/json; charset=utf-8
23:08:00.302 [pool-2-thread-2] DEBUG org.apache.http.headers -- http-outgoing-149 << Content-Length: 715
23:08:00.302 [pool-2-thread-2] DEBUG org.apache.http.headers -- http-outgoing-149 << ETag: W/"2cb-JDG2ADJf6CTVXJIHNr5aWJI95+E"
23:08:00.302 [pool-2-thread-2] DEBUG org.apache.http.headers -- http-outgoing-149 << Date: Sun, 22 Jun 2025 16:08:00 GMT
23:08:00.302 [pool-2-thread-2] DEBUG org.apache.http.headers -- http-outgoing-149 << Connection: keep-alive
23:08:00.302 [pool-2-thread-2] DEBUG org.apache.http.headers -- http-outgoing-149 << Keep-Alive: timeout=5
23:08:00.302 [pool-2-thread-2] DEBUG org.apache.http.impl.execchain.MainClientExec -- Connection can be kept alive for 5000 MILLISECONDS
23:08:00.302 [pool-2-thread-2] DEBUG org.apache.http.impl.conn.PoolingHttpClientConnectionManager -- Connection [id: 149][route: {}->http://localhost:3000] can be kept alive for 5.0 seconds
23:08:00.302 [pool-2-thread-2] DEBUG org.apache.http.impl.conn.DefaultManagedHttpClientConnection -- http-outgoing-149: set socket timeout to 0
23:08:00.302 [pool-2-thread-2] DEBUG org.apache.http.impl.conn.PoolingHttpClientConnectionManager -- Connection released: [id: 149][route: {}->http://localhost:3000][total available: 1; route allocated: 1 of 5; total allocated: 1 of 10]
23:08:00.302 [pool-2-thread-2] DEBUG org.apache.http.impl.conn.PoolingHttpClientConnectionManager -- Connection manager is shutting down
23:08:00.302 [pool-2-thread-2] DEBUG org.apache.http.impl.conn.DefaultManagedHttpClientConnection -- http-outgoing-149: Close connection
23:08:00.302 [pool-2-thread-2] DEBUG org.apache.http.impl.conn.PoolingHttpClientConnectionManager -- Connection manager shut down
23:08:00.302 [pool-2-thread-2] DEBUG com.intuit.karate -- response time in milliseconds: 2875
5 < 200
5 < X-Powered-By: Express
5 < Access-Control-Allow-Origin: *
5 < Content-Type: application/json; charset=utf-8
5 < Content-Length: 715
5 < ETag: W/"2cb-JDG2ADJf6CTVXJIHNr5aWJI95+E"
5 < Date: Sun, 22 Jun 2025 16:08:00 GMT
5 < Connection: keep-alive
5 < Keep-Alive: timeout=5
{"access_token":"eyJhbGciOiJIUzI1NiIsInR5cCI6IkpXVCJ9.eyJzdWIiOiIyYjg0YWEyNC02NjhhLTQwZTItYWYxYy1hZDRmYzRmYTVhNmYiLCJ1c2VybmFtZSI6InF1YW5nMSIsInJvbGUiOjAsImlhdCI6MTc1MDYwODQ4MCwiZXhwIjoxNzUwNjEyMDgwfQ.l-qmjCuL8eLHfhIXp2j2aoFwsRktI4Dr2m0XA-6E5GU","refresh_token":"8f8315b4cba80d0c3c35e003af0ae4bcbb2b3764c2c1ff30b838ed83c487f624","user":{"id":"2b84aa24-668a-40e2-af1c-ad4fc4fa5a6f","email":"quang1@gmail.com","username":"quang1","name":"quang1","phoneNumber":"09874563210","profilePic":"https://res.cloudinary.com/dizcvrefo/image/upload/v1749027586/nestjs_uploads/xehairydt9rzlbmbmv4c.jpg","bio":"Thang Nam Lao Vua Thoi","private":false,"verified":false,"role":0,"followersCount":2,"followingCount":3,"postCount":2}}

23:08:00.303 [pool-2-thread-2] INFO com.intuit.karate -- [print] Call 5 completed, status: 200 
23:08:00.303 [pool-2-thread-2] INFO com.intuit.karate -- [print] *** API CALL 6 *** 
23:08:00.305 [pool-2-thread-19] DEBUG org.apache.http.wire -- http-outgoing-140 << "HTTP/1.1 200 OK[\r][\n]"
23:08:00.305 [pool-2-thread-19] DEBUG org.apache.http.wire -- http-outgoing-140 << "X-Powered-By: Express[\r][\n]"
23:08:00.305 [pool-2-thread-19] DEBUG org.apache.http.wire -- http-outgoing-140 << "Access-Control-Allow-Origin: *[\r][\n]"
23:08:00.305 [pool-2-thread-19] DEBUG org.apache.http.wire -- http-outgoing-140 << "Content-Type: application/json; charset=utf-8[\r][\n]"
23:08:00.305 [pool-2-thread-19] DEBUG org.apache.http.wire -- http-outgoing-140 << "Content-Length: 604[\r][\n]"
23:08:00.305 [pool-2-thread-19] DEBUG org.apache.http.wire -- http-outgoing-140 << "ETag: W/"25c-4oEGvnpRDGCFAsn+BglEVbyF90M"[\r][\n]"
23:08:00.305 [pool-2-thread-19] DEBUG org.apache.http.wire -- http-outgoing-140 << "Date: Sun, 22 Jun 2025 16:08:00 GMT[\r][\n]"
23:08:00.305 [pool-2-thread-19] DEBUG org.apache.http.wire -- http-outgoing-140 << "Connection: keep-alive[\r][\n]"
23:08:00.305 [pool-2-thread-19] DEBUG org.apache.http.wire -- http-outgoing-140 << "Keep-Alive: timeout=5[\r][\n]"
23:08:00.305 [pool-2-thread-19] DEBUG org.apache.http.wire -- http-outgoing-140 << "[\r][\n]"
23:08:00.305 [pool-2-thread-19] DEBUG org.apache.http.wire -- http-outgoing-140 << "{"access_token":"eyJhbGciOiJIUzI1NiIsInR5cCI6IkpXVCJ9.eyJzdWIiOiJkZjZmMDkxOS1hMjNkLTQ0YzktYTkyNS00ZWE4YmU1MjVkMTAiLCJ1c2VybmFtZSI6ImpvaG5kb2UyMyIsInJvbGUiOjAsImlhdCI6MTc1MDYwODQ4MCwiZXhwIjoxNzUwNjEyMDgwfQ.yPWm1aQJQ_oa8VLgbMD5iNH83hxbD4uuDbE1wzvDDZQ","refresh_token":"fdcbb6ba6cde9e7328db393377402f647866492a7fb839b91e2c189a05d3f50c","user":{"id":"df6f0919-a23d-44c9-a925-4ea8be525d10","email":"testit@gmail.com","username":"johndoe23","name":"John Doe","phoneNumber":"0123456788","profilePic":null,"bio":null,"private":false,"verified":false,"role":0,"followersCount":0,"followingCount":0,"postCount":0}}"
23:08:00.305 [pool-2-thread-19] DEBUG org.apache.http.headers -- http-outgoing-140 << HTTP/1.1 200 OK
23:08:00.305 [pool-2-thread-19] DEBUG org.apache.http.headers -- http-outgoing-140 << X-Powered-By: Express
23:08:00.305 [pool-2-thread-19] DEBUG org.apache.http.headers -- http-outgoing-140 << Access-Control-Allow-Origin: *
23:08:00.305 [pool-2-thread-19] DEBUG org.apache.http.headers -- http-outgoing-140 << Content-Type: application/json; charset=utf-8
23:08:00.305 [pool-2-thread-19] DEBUG org.apache.http.headers -- http-outgoing-140 << Content-Length: 604
23:08:00.305 [pool-2-thread-19] DEBUG org.apache.http.headers -- http-outgoing-140 << ETag: W/"25c-4oEGvnpRDGCFAsn+BglEVbyF90M"
23:08:00.305 [pool-2-thread-19] DEBUG org.apache.http.headers -- http-outgoing-140 << Date: Sun, 22 Jun 2025 16:08:00 GMT
23:08:00.305 [pool-2-thread-19] DEBUG org.apache.http.headers -- http-outgoing-140 << Connection: keep-alive
23:08:00.305 [pool-2-thread-19] DEBUG org.apache.http.headers -- http-outgoing-140 << Keep-Alive: timeout=5
23:08:00.305 [pool-2-thread-2] DEBUG org.apache.http.client.protocol.RequestAddCookies -- CookieSpec selected: karate
23:08:00.305 [pool-2-thread-19] DEBUG org.apache.http.impl.execchain.MainClientExec -- Connection can be kept alive for 5000 MILLISECONDS
23:08:00.305 [pool-2-thread-2] DEBUG org.apache.http.client.protocol.RequestAuthCache -- Auth cache not set in the context
23:08:00.305 [pool-2-thread-19] DEBUG org.apache.http.impl.conn.PoolingHttpClientConnectionManager -- Connection [id: 141][route: {}->http://localhost:3000] can be kept alive for 5.0 seconds
23:08:00.305 [pool-2-thread-19] DEBUG org.apache.http.impl.conn.DefaultManagedHttpClientConnection -- http-outgoing-140: set socket timeout to 0
23:08:00.305 [pool-2-thread-2] DEBUG com.intuit.karate -- request:
6 > POST http://localhost:3000/auth/login
6 > Content-Type: application/json; charset=UTF-8
6 > Content-Length: 48
6 > Host: localhost:3000
6 > Connection: Keep-Alive
6 > User-Agent: Apache-HttpClient/4.5.14 (Java/17.0.9)
6 > Accept-Encoding: gzip,deflate
{"email":"quang1@gmail.com","password":"quang1"}

23:08:00.305 [pool-2-thread-19] DEBUG org.apache.http.impl.conn.PoolingHttpClientConnectionManager -- Connection released: [id: 141][route: {}->http://localhost:3000][total available: 1; route allocated: 1 of 5; total allocated: 1 of 10]
23:08:00.305 [pool-2-thread-19] DEBUG org.apache.http.impl.conn.PoolingHttpClientConnectionManager -- Connection manager is shutting down
23:08:00.305 [pool-2-thread-2] DEBUG org.apache.http.impl.conn.PoolingHttpClientConnectionManager -- Connection request: [route: {}->http://localhost:3000][total available: 0; route allocated: 0 of 5; total allocated: 0 of 10]
23:08:00.305 [pool-2-thread-19] DEBUG org.apache.http.impl.conn.DefaultManagedHttpClientConnection -- http-outgoing-140: Close connection
23:08:00.305 [pool-2-thread-2] DEBUG org.apache.http.impl.conn.PoolingHttpClientConnectionManager -- Connection leased: [id: 174][route: {}->http://localhost:3000][total available: 0; route allocated: 1 of 5; total allocated: 1 of 10]
23:08:00.305 [pool-2-thread-2] DEBUG org.apache.http.impl.execchain.MainClientExec -- Opening connection {}->http://localhost:3000
23:08:00.305 [pool-2-thread-19] DEBUG org.apache.http.impl.conn.PoolingHttpClientConnectionManager -- Connection manager shut down
23:08:00.305 [pool-2-thread-19] DEBUG com.intuit.karate -- response time in milliseconds: 3147
5 < 200
5 < X-Powered-By: Express
5 < Access-Control-Allow-Origin: *
5 < Content-Type: application/json; charset=utf-8
5 < Content-Length: 604
5 < ETag: W/"25c-4oEGvnpRDGCFAsn+BglEVbyF90M"
5 < Date: Sun, 22 Jun 2025 16:08:00 GMT
5 < Connection: keep-alive
5 < Keep-Alive: timeout=5
{"access_token":"eyJhbGciOiJIUzI1NiIsInR5cCI6IkpXVCJ9.eyJzdWIiOiJkZjZmMDkxOS1hMjNkLTQ0YzktYTkyNS00ZWE4YmU1MjVkMTAiLCJ1c2VybmFtZSI6ImpvaG5kb2UyMyIsInJvbGUiOjAsImlhdCI6MTc1MDYwODQ4MCwiZXhwIjoxNzUwNjEyMDgwfQ.yPWm1aQJQ_oa8VLgbMD5iNH83hxbD4uuDbE1wzvDDZQ","refresh_token":"fdcbb6ba6cde9e7328db393377402f647866492a7fb839b91e2c189a05d3f50c","user":{"id":"df6f0919-a23d-44c9-a925-4ea8be525d10","email":"testit@gmail.com","username":"johndoe23","name":"John Doe","phoneNumber":"0123456788","profilePic":null,"bio":null,"private":false,"verified":false,"role":0,"followersCount":0,"followingCount":0,"postCount":0}}

23:08:00.305 [pool-2-thread-2] DEBUG org.apache.http.impl.conn.DefaultHttpClientConnectionOperator -- Connecting to localhost/127.0.0.1:3000
23:08:00.306 [pool-2-thread-2] DEBUG org.apache.http.impl.conn.DefaultHttpClientConnectionOperator -- Connection established 127.0.0.1:52841<->127.0.0.1:3000
23:08:00.306 [pool-2-thread-2] DEBUG org.apache.http.impl.conn.DefaultManagedHttpClientConnection -- http-outgoing-174: set socket timeout to 30000
23:08:00.306 [pool-2-thread-2] DEBUG org.apache.http.impl.execchain.MainClientExec -- Executing request POST /auth/login HTTP/1.1
23:08:00.306 [pool-2-thread-2] DEBUG org.apache.http.impl.execchain.MainClientExec -- Target auth state: UNCHALLENGED
23:08:00.306 [pool-2-thread-2] DEBUG org.apache.http.impl.execchain.MainClientExec -- Proxy auth state: UNCHALLENGED
23:08:00.306 [pool-2-thread-2] DEBUG org.apache.http.headers -- http-outgoing-174 >> POST /auth/login HTTP/1.1
23:08:00.306 [pool-2-thread-2] DEBUG org.apache.http.headers -- http-outgoing-174 >> Content-Type: application/json; charset=UTF-8
23:08:00.306 [pool-2-thread-2] DEBUG org.apache.http.headers -- http-outgoing-174 >> Content-Length: 48
23:08:00.306 [pool-2-thread-2] DEBUG org.apache.http.headers -- http-outgoing-174 >> Host: localhost:3000
23:08:00.306 [pool-2-thread-2] DEBUG org.apache.http.headers -- http-outgoing-174 >> Connection: Keep-Alive
23:08:00.306 [pool-2-thread-2] DEBUG org.apache.http.headers -- http-outgoing-174 >> User-Agent: Apache-HttpClient/4.5.14 (Java/17.0.9)
23:08:00.306 [pool-2-thread-2] DEBUG org.apache.http.headers -- http-outgoing-174 >> Accept-Encoding: gzip,deflate
23:08:00.306 [pool-2-thread-2] DEBUG org.apache.http.wire -- http-outgoing-174 >> "POST /auth/login HTTP/1.1[\r][\n]"
23:08:00.306 [pool-2-thread-2] DEBUG org.apache.http.wire -- http-outgoing-174 >> "Content-Type: application/json; charset=UTF-8[\r][\n]"
23:08:00.306 [pool-2-thread-2] DEBUG org.apache.http.wire -- http-outgoing-174 >> "Content-Length: 48[\r][\n]"
23:08:00.306 [pool-2-thread-2] DEBUG org.apache.http.wire -- http-outgoing-174 >> "Host: localhost:3000[\r][\n]"
23:08:00.306 [pool-2-thread-2] DEBUG org.apache.http.wire -- http-outgoing-174 >> "Connection: Keep-Alive[\r][\n]"
23:08:00.306 [pool-2-thread-2] DEBUG org.apache.http.wire -- http-outgoing-174 >> "User-Agent: Apache-HttpClient/4.5.14 (Java/17.0.9)[\r][\n]"
23:08:00.306 [pool-2-thread-2] DEBUG org.apache.http.wire -- http-outgoing-174 >> "Accept-Encoding: gzip,deflate[\r][\n]"
23:08:00.306 [pool-2-thread-2] DEBUG org.apache.http.wire -- http-outgoing-174 >> "[\r][\n]"
23:08:00.306 [pool-2-thread-2] DEBUG org.apache.http.wire -- http-outgoing-174 >> "{"email":"quang1@gmail.com","password":"quang1"}"
23:08:00.306 [pool-2-thread-19] INFO com.intuit.karate -- [print] Call 5 completed, status: 200 
23:08:00.306 [pool-2-thread-19] INFO com.intuit.karate -- [print] *** API CALL 6 *** 
23:08:00.309 [pool-2-thread-19] DEBUG org.apache.http.client.protocol.RequestAddCookies -- CookieSpec selected: karate
23:08:00.309 [pool-2-thread-19] DEBUG org.apache.http.client.protocol.RequestAuthCache -- Auth cache not set in the context
23:08:00.309 [pool-2-thread-19] DEBUG com.intuit.karate -- request:
6 > POST http://localhost:3000/auth/login
6 > Content-Type: application/json; charset=UTF-8
6 > Content-Length: 53
6 > Host: localhost:3000
6 > Connection: Keep-Alive
6 > User-Agent: Apache-HttpClient/4.5.14 (Java/17.0.9)
6 > Accept-Encoding: gzip,deflate
{"email":"testit@gmail.com","password":"Password123"}

23:08:00.309 [pool-2-thread-19] DEBUG org.apache.http.impl.conn.PoolingHttpClientConnectionManager -- Connection request: [route: {}->http://localhost:3000][total available: 0; route allocated: 0 of 5; total allocated: 0 of 10]
23:08:00.309 [pool-2-thread-19] DEBUG org.apache.http.impl.conn.PoolingHttpClientConnectionManager -- Connection leased: [id: 175][route: {}->http://localhost:3000][total available: 0; route allocated: 1 of 5; total allocated: 1 of 10]
23:08:00.309 [pool-2-thread-19] DEBUG org.apache.http.impl.execchain.MainClientExec -- Opening connection {}->http://localhost:3000
23:08:00.309 [pool-2-thread-19] DEBUG org.apache.http.impl.conn.DefaultHttpClientConnectionOperator -- Connecting to localhost/127.0.0.1:3000
23:08:00.310 [pool-2-thread-19] DEBUG org.apache.http.impl.conn.DefaultHttpClientConnectionOperator -- Connection established 127.0.0.1:52842<->127.0.0.1:3000
23:08:00.310 [pool-2-thread-19] DEBUG org.apache.http.impl.conn.DefaultManagedHttpClientConnection -- http-outgoing-175: set socket timeout to 30000
23:08:00.310 [pool-2-thread-19] DEBUG org.apache.http.impl.execchain.MainClientExec -- Executing request POST /auth/login HTTP/1.1
23:08:00.310 [pool-2-thread-19] DEBUG org.apache.http.impl.execchain.MainClientExec -- Target auth state: UNCHALLENGED
23:08:00.310 [pool-2-thread-19] DEBUG org.apache.http.impl.execchain.MainClientExec -- Proxy auth state: UNCHALLENGED
23:08:00.310 [pool-2-thread-19] DEBUG org.apache.http.headers -- http-outgoing-175 >> POST /auth/login HTTP/1.1
23:08:00.310 [pool-2-thread-19] DEBUG org.apache.http.headers -- http-outgoing-175 >> Content-Type: application/json; charset=UTF-8
23:08:00.310 [pool-2-thread-19] DEBUG org.apache.http.headers -- http-outgoing-175 >> Content-Length: 53
23:08:00.310 [pool-2-thread-19] DEBUG org.apache.http.headers -- http-outgoing-175 >> Host: localhost:3000
23:08:00.310 [pool-2-thread-19] DEBUG org.apache.http.headers -- http-outgoing-175 >> Connection: Keep-Alive
23:08:00.310 [pool-2-thread-19] DEBUG org.apache.http.headers -- http-outgoing-175 >> User-Agent: Apache-HttpClient/4.5.14 (Java/17.0.9)
23:08:00.310 [pool-2-thread-19] DEBUG org.apache.http.headers -- http-outgoing-175 >> Accept-Encoding: gzip,deflate
23:08:00.310 [pool-2-thread-19] DEBUG org.apache.http.wire -- http-outgoing-175 >> "POST /auth/login HTTP/1.1[\r][\n]"
23:08:00.310 [pool-2-thread-19] DEBUG org.apache.http.wire -- http-outgoing-175 >> "Content-Type: application/json; charset=UTF-8[\r][\n]"
23:08:00.310 [pool-2-thread-19] DEBUG org.apache.http.wire -- http-outgoing-175 >> "Content-Length: 53[\r][\n]"
23:08:00.310 [pool-2-thread-19] DEBUG org.apache.http.wire -- http-outgoing-175 >> "Host: localhost:3000[\r][\n]"
23:08:00.310 [pool-2-thread-19] DEBUG org.apache.http.wire -- http-outgoing-175 >> "Connection: Keep-Alive[\r][\n]"
23:08:00.310 [pool-2-thread-19] DEBUG org.apache.http.wire -- http-outgoing-175 >> "User-Agent: Apache-HttpClient/4.5.14 (Java/17.0.9)[\r][\n]"
23:08:00.310 [pool-2-thread-19] DEBUG org.apache.http.wire -- http-outgoing-175 >> "Accept-Encoding: gzip,deflate[\r][\n]"
23:08:00.310 [pool-2-thread-19] DEBUG org.apache.http.wire -- http-outgoing-175 >> "[\r][\n]"
23:08:00.310 [pool-2-thread-19] DEBUG org.apache.http.wire -- http-outgoing-175 >> "{"email":"testit@gmail.com","password":"Password123"}"
23:08:00.342 [pool-2-thread-8] DEBUG org.apache.http.wire -- http-outgoing-156 << "HTTP/1.1 200 OK[\r][\n]"
23:08:00.342 [pool-2-thread-8] DEBUG org.apache.http.wire -- http-outgoing-156 << "X-Powered-By: Express[\r][\n]"
23:08:00.342 [pool-2-thread-8] DEBUG org.apache.http.wire -- http-outgoing-156 << "Access-Control-Allow-Origin: *[\r][\n]"
23:08:00.342 [pool-2-thread-8] DEBUG org.apache.http.wire -- http-outgoing-156 << "Content-Type: application/json; charset=utf-8[\r][\n]"
23:08:00.342 [pool-2-thread-8] DEBUG org.apache.http.wire -- http-outgoing-156 << "Content-Length: 609[\r][\n]"
23:08:00.342 [pool-2-thread-8] DEBUG org.apache.http.wire -- http-outgoing-156 << "ETag: W/"261-JcY1YG18CYlWJVhoN8TooxEdM/8"[\r][\n]"
23:08:00.342 [pool-2-thread-8] DEBUG org.apache.http.wire -- http-outgoing-156 << "Date: Sun, 22 Jun 2025 16:08:00 GMT[\r][\n]"
23:08:00.342 [pool-2-thread-8] DEBUG org.apache.http.wire -- http-outgoing-156 << "Connection: keep-alive[\r][\n]"
23:08:00.342 [pool-2-thread-8] DEBUG org.apache.http.wire -- http-outgoing-156 << "Keep-Alive: timeout=5[\r][\n]"
23:08:00.342 [pool-2-thread-8] DEBUG org.apache.http.wire -- http-outgoing-156 << "[\r][\n]"
23:08:00.342 [pool-2-thread-8] DEBUG org.apache.http.wire -- http-outgoing-156 << "{"access_token":"eyJhbGciOiJIUzI1NiIsInR5cCI6IkpXVCJ9.eyJzdWIiOiIyNzJmNmI1NS01MTc5LTRhZTMtODU2My1iNGVjMTBmNzY3MTUiLCJ1c2VybmFtZSI6ImpvaG5kb2UyZDVkIiwicm9sZSI6MCwiaWF0IjoxNzUwNjA4NDgwLCJleHAiOjE3NTA2MTIwODB9.eyWh7Oc0likWkz7Nb4NPj2IiePOIxziuhAGDtE-5TQA","refresh_token":"d607c44c775cfc41d467206a6e9b40a46f7f928072499f04f38ac68a441bdc06","user":{"id":"272f6b55-5179-4ae3-8563-b4ec10f76715","email":"testit5@gmail.com","username":"johndoe2d5d","name":"John Doe","phoneNumber":"0123456132","profilePic":null,"bio":null,"private":false,"verified":false,"role":0,"followersCount":0,"followingCount":0,"postCount":0}}"
23:08:00.342 [pool-2-thread-8] DEBUG org.apache.http.headers -- http-outgoing-156 << HTTP/1.1 200 OK
23:08:00.342 [pool-2-thread-8] DEBUG org.apache.http.headers -- http-outgoing-156 << X-Powered-By: Express
23:08:00.342 [pool-2-thread-8] DEBUG org.apache.http.headers -- http-outgoing-156 << Access-Control-Allow-Origin: *
23:08:00.342 [pool-2-thread-8] DEBUG org.apache.http.headers -- http-outgoing-156 << Content-Type: application/json; charset=utf-8
23:08:00.342 [pool-2-thread-8] DEBUG org.apache.http.headers -- http-outgoing-156 << Content-Length: 609
23:08:00.342 [pool-2-thread-8] DEBUG org.apache.http.headers -- http-outgoing-156 << ETag: W/"261-JcY1YG18CYlWJVhoN8TooxEdM/8"
23:08:00.342 [pool-2-thread-8] DEBUG org.apache.http.headers -- http-outgoing-156 << Date: Sun, 22 Jun 2025 16:08:00 GMT
23:08:00.342 [pool-2-thread-8] DEBUG org.apache.http.headers -- http-outgoing-156 << Connection: keep-alive
23:08:00.342 [pool-2-thread-8] DEBUG org.apache.http.headers -- http-outgoing-156 << Keep-Alive: timeout=5
23:08:00.342 [pool-2-thread-8] DEBUG org.apache.http.impl.execchain.MainClientExec -- Connection can be kept alive for 5000 MILLISECONDS
23:08:00.342 [pool-2-thread-8] DEBUG org.apache.http.impl.conn.PoolingHttpClientConnectionManager -- Connection [id: 156][route: {}->http://localhost:3000] can be kept alive for 5.0 seconds
23:08:00.342 [pool-2-thread-8] DEBUG org.apache.http.impl.conn.DefaultManagedHttpClientConnection -- http-outgoing-156: set socket timeout to 0
23:08:00.342 [pool-2-thread-8] DEBUG org.apache.http.impl.conn.PoolingHttpClientConnectionManager -- Connection released: [id: 156][route: {}->http://localhost:3000][total available: 1; route allocated: 1 of 5; total allocated: 1 of 10]
23:08:00.342 [pool-2-thread-8] DEBUG org.apache.http.impl.conn.PoolingHttpClientConnectionManager -- Connection manager is shutting down
23:08:00.342 [pool-2-thread-8] DEBUG org.apache.http.impl.conn.DefaultManagedHttpClientConnection -- http-outgoing-156: Close connection
23:08:00.342 [pool-2-thread-8] DEBUG org.apache.http.impl.conn.PoolingHttpClientConnectionManager -- Connection manager shut down
23:08:00.342 [pool-2-thread-8] DEBUG com.intuit.karate -- response time in milliseconds: 1954
6 < 200
6 < X-Powered-By: Express
6 < Access-Control-Allow-Origin: *
6 < Content-Type: application/json; charset=utf-8
6 < Content-Length: 609
6 < ETag: W/"261-JcY1YG18CYlWJVhoN8TooxEdM/8"
6 < Date: Sun, 22 Jun 2025 16:08:00 GMT
6 < Connection: keep-alive
6 < Keep-Alive: timeout=5
{"access_token":"eyJhbGciOiJIUzI1NiIsInR5cCI6IkpXVCJ9.eyJzdWIiOiIyNzJmNmI1NS01MTc5LTRhZTMtODU2My1iNGVjMTBmNzY3MTUiLCJ1c2VybmFtZSI6ImpvaG5kb2UyZDVkIiwicm9sZSI6MCwiaWF0IjoxNzUwNjA4NDgwLCJleHAiOjE3NTA2MTIwODB9.eyWh7Oc0likWkz7Nb4NPj2IiePOIxziuhAGDtE-5TQA","refresh_token":"d607c44c775cfc41d467206a6e9b40a46f7f928072499f04f38ac68a441bdc06","user":{"id":"272f6b55-5179-4ae3-8563-b4ec10f76715","email":"testit5@gmail.com","username":"johndoe2d5d","name":"John Doe","phoneNumber":"0123456132","profilePic":null,"bio":null,"private":false,"verified":false,"role":0,"followersCount":0,"followingCount":0,"postCount":0}}

23:08:00.344 [pool-2-thread-8] INFO com.intuit.karate -- [print] Call 6 completed, status: 200 
23:08:00.344 [pool-2-thread-8] INFO com.intuit.karate -- [print] *** API CALL 7 *** 
23:08:00.345 [pool-2-thread-8] DEBUG org.apache.http.client.protocol.RequestAddCookies -- CookieSpec selected: karate
23:08:00.345 [pool-2-thread-8] DEBUG org.apache.http.client.protocol.RequestAuthCache -- Auth cache not set in the context
23:08:00.345 [pool-2-thread-8] DEBUG com.intuit.karate -- request:
7 > POST http://localhost:3000/auth/login
7 > Content-Type: application/json; charset=UTF-8
7 > Content-Length: 54
7 > Host: localhost:3000
7 > Connection: Keep-Alive
7 > User-Agent: Apache-HttpClient/4.5.14 (Java/17.0.9)
7 > Accept-Encoding: gzip,deflate
{"email":"testit5@gmail.com","password":"Password123"}

23:08:00.345 [pool-2-thread-8] DEBUG org.apache.http.impl.conn.PoolingHttpClientConnectionManager -- Connection request: [route: {}->http://localhost:3000][total available: 0; route allocated: 0 of 5; total allocated: 0 of 10]
23:08:00.345 [pool-2-thread-8] DEBUG org.apache.http.impl.conn.PoolingHttpClientConnectionManager -- Connection leased: [id: 176][route: {}->http://localhost:3000][total available: 0; route allocated: 1 of 5; total allocated: 1 of 10]
23:08:00.345 [pool-2-thread-8] DEBUG org.apache.http.impl.execchain.MainClientExec -- Opening connection {}->http://localhost:3000
23:08:00.345 [pool-2-thread-8] DEBUG org.apache.http.impl.conn.DefaultHttpClientConnectionOperator -- Connecting to localhost/127.0.0.1:3000
23:08:00.345 [pool-2-thread-8] DEBUG org.apache.http.impl.conn.DefaultHttpClientConnectionOperator -- Connection established 127.0.0.1:52844<->127.0.0.1:3000
23:08:00.345 [pool-2-thread-8] DEBUG org.apache.http.impl.conn.DefaultManagedHttpClientConnection -- http-outgoing-176: set socket timeout to 30000
23:08:00.345 [pool-2-thread-8] DEBUG org.apache.http.impl.execchain.MainClientExec -- Executing request POST /auth/login HTTP/1.1
23:08:00.345 [pool-2-thread-8] DEBUG org.apache.http.impl.execchain.MainClientExec -- Target auth state: UNCHALLENGED
23:08:00.345 [pool-2-thread-8] DEBUG org.apache.http.impl.execchain.MainClientExec -- Proxy auth state: UNCHALLENGED
23:08:00.345 [pool-2-thread-8] DEBUG org.apache.http.headers -- http-outgoing-176 >> POST /auth/login HTTP/1.1
23:08:00.345 [pool-2-thread-8] DEBUG org.apache.http.headers -- http-outgoing-176 >> Content-Type: application/json; charset=UTF-8
23:08:00.345 [pool-2-thread-8] DEBUG org.apache.http.headers -- http-outgoing-176 >> Content-Length: 54
23:08:00.345 [pool-2-thread-8] DEBUG org.apache.http.headers -- http-outgoing-176 >> Host: localhost:3000
23:08:00.345 [pool-2-thread-8] DEBUG org.apache.http.headers -- http-outgoing-176 >> Connection: Keep-Alive
23:08:00.345 [pool-2-thread-8] DEBUG org.apache.http.headers -- http-outgoing-176 >> User-Agent: Apache-HttpClient/4.5.14 (Java/17.0.9)
23:08:00.345 [pool-2-thread-8] DEBUG org.apache.http.headers -- http-outgoing-176 >> Accept-Encoding: gzip,deflate
23:08:00.345 [pool-2-thread-8] DEBUG org.apache.http.wire -- http-outgoing-176 >> "POST /auth/login HTTP/1.1[\r][\n]"
23:08:00.345 [pool-2-thread-8] DEBUG org.apache.http.wire -- http-outgoing-176 >> "Content-Type: application/json; charset=UTF-8[\r][\n]"
23:08:00.345 [pool-2-thread-8] DEBUG org.apache.http.wire -- http-outgoing-176 >> "Content-Length: 54[\r][\n]"
23:08:00.345 [pool-2-thread-8] DEBUG org.apache.http.wire -- http-outgoing-176 >> "Host: localhost:3000[\r][\n]"
23:08:00.345 [pool-2-thread-8] DEBUG org.apache.http.wire -- http-outgoing-176 >> "Connection: Keep-Alive[\r][\n]"
23:08:00.345 [pool-2-thread-8] DEBUG org.apache.http.wire -- http-outgoing-176 >> "User-Agent: Apache-HttpClient/4.5.14 (Java/17.0.9)[\r][\n]"
23:08:00.345 [pool-2-thread-8] DEBUG org.apache.http.wire -- http-outgoing-176 >> "Accept-Encoding: gzip,deflate[\r][\n]"
23:08:00.345 [pool-2-thread-8] DEBUG org.apache.http.wire -- http-outgoing-176 >> "[\r][\n]"
23:08:00.345 [pool-2-thread-8] DEBUG org.apache.http.wire -- http-outgoing-176 >> "{"email":"testit5@gmail.com","password":"Password123"}"
23:08:00.406 [pool-2-thread-27] DEBUG org.apache.http.wire -- http-outgoing-157 << "HTTP/1.1 200 OK[\r][\n]"
23:08:00.406 [pool-2-thread-27] DEBUG org.apache.http.wire -- http-outgoing-157 << "X-Powered-By: Express[\r][\n]"
23:08:00.406 [pool-2-thread-27] DEBUG org.apache.http.wire -- http-outgoing-157 << "Access-Control-Allow-Origin: *[\r][\n]"
23:08:00.406 [pool-2-thread-27] DEBUG org.apache.http.wire -- http-outgoing-157 << "Content-Type: application/json; charset=utf-8[\r][\n]"
23:08:00.406 [pool-2-thread-27] DEBUG org.apache.http.wire -- http-outgoing-157 << "Content-Length: 605[\r][\n]"
23:08:00.406 [pool-2-thread-27] DEBUG org.apache.http.wire -- http-outgoing-157 << "ETag: W/"25d-vkG7LArpVC29QY4wx3D8hBhjxkw"[\r][\n]"
23:08:00.406 [pool-2-thread-27] DEBUG org.apache.http.wire -- http-outgoing-157 << "Date: Sun, 22 Jun 2025 16:08:00 GMT[\r][\n]"
23:08:00.406 [pool-2-thread-27] DEBUG org.apache.http.wire -- http-outgoing-157 << "Connection: keep-alive[\r][\n]"
23:08:00.406 [pool-2-thread-27] DEBUG org.apache.http.wire -- http-outgoing-157 << "Keep-Alive: timeout=5[\r][\n]"
23:08:00.406 [pool-2-thread-27] DEBUG org.apache.http.wire -- http-outgoing-157 << "[\r][\n]"
23:08:00.406 [pool-2-thread-27] DEBUG org.apache.http.wire -- http-outgoing-157 << "{"access_token":"eyJhbGciOiJIUzI1NiIsInR5cCI6IkpXVCJ9.eyJzdWIiOiI2NTBjZTFlZC1hYWNhLTQzOGYtOTk4OC0xZjA1OGFiNWFhMWEiLCJ1c2VybmFtZSI6ImpvaG5kb2UyNSIsInJvbGUiOjAsImlhdCI6MTc1MDYwODQ4MCwiZXhwIjoxNzUwNjEyMDgwfQ.x-2iiFcXkvQSTw2BVJwaRBrqS991JzI1VCaLT-L0gDk","refresh_token":"b729dcdb2680b3824ade479c9feded1d63eab49f66eb5f48620078002ca1ac4a","user":{"id":"650ce1ed-aaca-438f-9988-1f058ab5aa1a","email":"testit3@gmail.com","username":"johndoe25","name":"John Doe","phoneNumber":"0123456713","profilePic":null,"bio":null,"private":false,"verified":false,"role":0,"followersCount":0,"followingCount":0,"postCount":0}}"
23:08:00.406 [pool-2-thread-27] DEBUG org.apache.http.headers -- http-outgoing-157 << HTTP/1.1 200 OK
23:08:00.406 [pool-2-thread-27] DEBUG org.apache.http.headers -- http-outgoing-157 << X-Powered-By: Express
23:08:00.406 [pool-2-thread-27] DEBUG org.apache.http.headers -- http-outgoing-157 << Access-Control-Allow-Origin: *
23:08:00.406 [pool-2-thread-27] DEBUG org.apache.http.headers -- http-outgoing-157 << Content-Type: application/json; charset=utf-8
23:08:00.406 [pool-2-thread-27] DEBUG org.apache.http.headers -- http-outgoing-157 << Content-Length: 605
23:08:00.406 [pool-2-thread-27] DEBUG org.apache.http.headers -- http-outgoing-157 << ETag: W/"25d-vkG7LArpVC29QY4wx3D8hBhjxkw"
23:08:00.406 [pool-2-thread-27] DEBUG org.apache.http.headers -- http-outgoing-157 << Date: Sun, 22 Jun 2025 16:08:00 GMT
23:08:00.406 [pool-2-thread-27] DEBUG org.apache.http.headers -- http-outgoing-157 << Connection: keep-alive
23:08:00.406 [pool-2-thread-27] DEBUG org.apache.http.headers -- http-outgoing-157 << Keep-Alive: timeout=5
23:08:00.406 [pool-2-thread-4] DEBUG org.apache.http.wire -- http-outgoing-158 << "HTTP/1.1 200 OK[\r][\n]"
23:08:00.406 [pool-2-thread-4] DEBUG org.apache.http.wire -- http-outgoing-158 << "X-Powered-By: Express[\r][\n]"
23:08:00.406 [pool-2-thread-4] DEBUG org.apache.http.wire -- http-outgoing-158 << "Access-Control-Allow-Origin: *[\r][\n]"
23:08:00.406 [pool-2-thread-4] DEBUG org.apache.http.wire -- http-outgoing-158 << "Content-Type: application/json; charset=utf-8[\r][\n]"
23:08:00.406 [pool-2-thread-4] DEBUG org.apache.http.wire -- http-outgoing-158 << "Content-Length: 608[\r][\n]"
23:08:00.406 [pool-2-thread-4] DEBUG org.apache.http.wire -- http-outgoing-158 << "ETag: W/"260-kDcPnUHqr03SXtN4ekbE5rHRi5M"[\r][\n]"
23:08:00.408 [pool-2-thread-4] DEBUG org.apache.http.wire -- http-outgoing-158 << "Date: Sun, 22 Jun 2025 16:08:00 GMT[\r][\n]"
23:08:00.408 [pool-2-thread-4] DEBUG org.apache.http.wire -- http-outgoing-158 << "Connection: keep-alive[\r][\n]"
23:08:00.408 [pool-2-thread-4] DEBUG org.apache.http.wire -- http-outgoing-158 << "Keep-Alive: timeout=5[\r][\n]"
23:08:00.408 [pool-2-thread-4] DEBUG org.apache.http.wire -- http-outgoing-158 << "[\r][\n]"
23:08:00.408 [pool-2-thread-4] DEBUG org.apache.http.wire -- http-outgoing-158 << "{"access_token":"eyJhbGciOiJIUzI1NiIsInR5cCI6IkpXVCJ9.eyJzdWIiOiI4YTI0NzQ2MS01YzA0LTQyMWQtOThmNS1mYTljNzM0ZmFlYTUiLCJ1c2VybmFtZSI6ImphbmVzbWl0aCIsInJvbGUiOjAsImlhdCI6MTc1MDYwODQ4MCwiZXhwIjoxNzUwNjEyMDgwfQ.tPKuVH-AAyr0p9WBEAPkpDqF-C8cxqJsa8imNmwRNrI","refresh_token":"c5929480d8033995fae77511416ed119e835fdd901826ac18c3c88c7d637ed86","user":{"id":"8a247461-5c04-421d-98f5-fa9c734faea5","email":"test2@example.com","username":"janesmith","name":"Jane Smith","phoneNumber":"01234567890","profilePic":null,"bio":null,"private":false,"verified":false,"role":0,"followersCount":0,"followingCount":0,"postCount":0}}"
23:08:00.408 [pool-2-thread-27] DEBUG org.apache.http.impl.execchain.MainClientExec -- Connection can be kept alive for 5000 MILLISECONDS
23:08:00.408 [pool-2-thread-4] DEBUG org.apache.http.headers -- http-outgoing-158 << HTTP/1.1 200 OK
23:08:00.408 [pool-2-thread-4] DEBUG org.apache.http.headers -- http-outgoing-158 << X-Powered-By: Express
23:08:00.408 [pool-2-thread-4] DEBUG org.apache.http.headers -- http-outgoing-158 << Access-Control-Allow-Origin: *
23:08:00.408 [pool-2-thread-4] DEBUG org.apache.http.headers -- http-outgoing-158 << Content-Type: application/json; charset=utf-8
23:08:00.408 [pool-2-thread-4] DEBUG org.apache.http.headers -- http-outgoing-158 << Content-Length: 608
23:08:00.408 [pool-2-thread-4] DEBUG org.apache.http.headers -- http-outgoing-158 << ETag: W/"260-kDcPnUHqr03SXtN4ekbE5rHRi5M"
23:08:00.408 [pool-2-thread-4] DEBUG org.apache.http.headers -- http-outgoing-158 << Date: Sun, 22 Jun 2025 16:08:00 GMT
23:08:00.408 [pool-2-thread-4] DEBUG org.apache.http.headers -- http-outgoing-158 << Connection: keep-alive
23:08:00.408 [pool-2-thread-4] DEBUG org.apache.http.headers -- http-outgoing-158 << Keep-Alive: timeout=5
23:08:00.408 [pool-2-thread-4] DEBUG org.apache.http.impl.execchain.MainClientExec -- Connection can be kept alive for 5000 MILLISECONDS
23:08:00.408 [pool-2-thread-27] DEBUG org.apache.http.impl.conn.PoolingHttpClientConnectionManager -- Connection [id: 157][route: {}->http://localhost:3000] can be kept alive for 5.0 seconds
23:08:00.408 [pool-2-thread-27] DEBUG org.apache.http.impl.conn.DefaultManagedHttpClientConnection -- http-outgoing-157: set socket timeout to 0
23:08:00.408 [pool-2-thread-4] DEBUG org.apache.http.impl.conn.PoolingHttpClientConnectionManager -- Connection [id: 158][route: {}->http://localhost:3000] can be kept alive for 5.0 seconds
23:08:00.408 [pool-2-thread-4] DEBUG org.apache.http.impl.conn.DefaultManagedHttpClientConnection -- http-outgoing-158: set socket timeout to 0
23:08:00.408 [pool-2-thread-27] DEBUG org.apache.http.impl.conn.PoolingHttpClientConnectionManager -- Connection released: [id: 157][route: {}->http://localhost:3000][total available: 1; route allocated: 1 of 5; total allocated: 1 of 10]
23:08:00.408 [pool-2-thread-4] DEBUG org.apache.http.impl.conn.PoolingHttpClientConnectionManager -- Connection released: [id: 158][route: {}->http://localhost:3000][total available: 1; route allocated: 1 of 5; total allocated: 1 of 10]
23:08:00.408 [pool-2-thread-27] DEBUG org.apache.http.impl.conn.PoolingHttpClientConnectionManager -- Connection manager is shutting down
23:08:00.408 [pool-2-thread-4] DEBUG org.apache.http.impl.conn.PoolingHttpClientConnectionManager -- Connection manager is shutting down
23:08:00.408 [pool-2-thread-4] DEBUG org.apache.http.impl.conn.DefaultManagedHttpClientConnection -- http-outgoing-158: Close connection
23:08:00.408 [pool-2-thread-27] DEBUG org.apache.http.impl.conn.DefaultManagedHttpClientConnection -- http-outgoing-157: Close connection
23:08:00.408 [pool-2-thread-4] DEBUG org.apache.http.impl.conn.PoolingHttpClientConnectionManager -- Connection manager shut down
23:08:00.408 [pool-2-thread-27] DEBUG org.apache.http.impl.conn.PoolingHttpClientConnectionManager -- Connection manager shut down
23:08:00.408 [pool-2-thread-27] DEBUG com.intuit.karate -- response time in milliseconds: 2011
6 < 200
6 < X-Powered-By: Express
6 < Access-Control-Allow-Origin: *
6 < Content-Type: application/json; charset=utf-8
6 < Content-Length: 605
6 < ETag: W/"25d-vkG7LArpVC29QY4wx3D8hBhjxkw"
6 < Date: Sun, 22 Jun 2025 16:08:00 GMT
6 < Connection: keep-alive
6 < Keep-Alive: timeout=5
{"access_token":"eyJhbGciOiJIUzI1NiIsInR5cCI6IkpXVCJ9.eyJzdWIiOiI2NTBjZTFlZC1hYWNhLTQzOGYtOTk4OC0xZjA1OGFiNWFhMWEiLCJ1c2VybmFtZSI6ImpvaG5kb2UyNSIsInJvbGUiOjAsImlhdCI6MTc1MDYwODQ4MCwiZXhwIjoxNzUwNjEyMDgwfQ.x-2iiFcXkvQSTw2BVJwaRBrqS991JzI1VCaLT-L0gDk","refresh_token":"b729dcdb2680b3824ade479c9feded1d63eab49f66eb5f48620078002ca1ac4a","user":{"id":"650ce1ed-aaca-438f-9988-1f058ab5aa1a","email":"testit3@gmail.com","username":"johndoe25","name":"John Doe","phoneNumber":"0123456713","profilePic":null,"bio":null,"private":false,"verified":false,"role":0,"followersCount":0,"followingCount":0,"postCount":0}}

23:08:00.408 [pool-2-thread-4] DEBUG com.intuit.karate -- response time in milliseconds: 2011
7 < 200
7 < X-Powered-By: Express
7 < Access-Control-Allow-Origin: *
7 < Content-Type: application/json; charset=utf-8
7 < Content-Length: 608
7 < ETag: W/"260-kDcPnUHqr03SXtN4ekbE5rHRi5M"
7 < Date: Sun, 22 Jun 2025 16:08:00 GMT
7 < Connection: keep-alive
7 < Keep-Alive: timeout=5
{"access_token":"eyJhbGciOiJIUzI1NiIsInR5cCI6IkpXVCJ9.eyJzdWIiOiI4YTI0NzQ2MS01YzA0LTQyMWQtOThmNS1mYTljNzM0ZmFlYTUiLCJ1c2VybmFtZSI6ImphbmVzbWl0aCIsInJvbGUiOjAsImlhdCI6MTc1MDYwODQ4MCwiZXhwIjoxNzUwNjEyMDgwfQ.tPKuVH-AAyr0p9WBEAPkpDqF-C8cxqJsa8imNmwRNrI","refresh_token":"c5929480d8033995fae77511416ed119e835fdd901826ac18c3c88c7d637ed86","user":{"id":"8a247461-5c04-421d-98f5-fa9c734faea5","email":"test2@example.com","username":"janesmith","name":"Jane Smith","phoneNumber":"01234567890","profilePic":null,"bio":null,"private":false,"verified":false,"role":0,"followersCount":0,"followingCount":0,"postCount":0}}

23:08:00.409 [pool-2-thread-4] INFO com.intuit.karate -- [print] Call 7 completed, status: 200 
23:08:00.409 [pool-2-thread-27] INFO com.intuit.karate -- [print] Call 6 completed, status: 200 
23:08:00.409 [pool-2-thread-4] INFO com.intuit.karate -- [print] *** API CALL 8 *** 
23:08:00.409 [pool-2-thread-27] INFO com.intuit.karate -- [print] *** API CALL 7 *** 
23:08:00.410 [pool-2-thread-27] DEBUG org.apache.http.client.protocol.RequestAddCookies -- CookieSpec selected: karate
23:08:00.410 [pool-2-thread-4] DEBUG org.apache.http.client.protocol.RequestAddCookies -- CookieSpec selected: karate
23:08:00.410 [pool-2-thread-27] DEBUG org.apache.http.client.protocol.RequestAuthCache -- Auth cache not set in the context
23:08:00.410 [pool-2-thread-4] DEBUG org.apache.http.client.protocol.RequestAuthCache -- Auth cache not set in the context
23:08:00.410 [pool-2-thread-4] DEBUG com.intuit.karate -- request:
8 > POST http://localhost:3000/auth/login
8 > Content-Type: application/json; charset=UTF-8
8 > Content-Length: 54
8 > Host: localhost:3000
8 > Connection: Keep-Alive
8 > User-Agent: Apache-HttpClient/4.5.14 (Java/17.0.9)
8 > Accept-Encoding: gzip,deflate
{"email":"test2@example.com","password":"Password123"}

23:08:00.410 [pool-2-thread-27] DEBUG com.intuit.karate -- request:
7 > POST http://localhost:3000/auth/login
7 > Content-Type: application/json; charset=UTF-8
7 > Content-Length: 54
7 > Host: localhost:3000
7 > Connection: Keep-Alive
7 > User-Agent: Apache-HttpClient/4.5.14 (Java/17.0.9)
7 > Accept-Encoding: gzip,deflate
{"email":"testit3@gmail.com","password":"Password123"}

23:08:00.410 [pool-2-thread-27] DEBUG org.apache.http.impl.conn.PoolingHttpClientConnectionManager -- Connection request: [route: {}->http://localhost:3000][total available: 0; route allocated: 0 of 5; total allocated: 0 of 10]
23:08:00.410 [pool-2-thread-4] DEBUG org.apache.http.impl.conn.PoolingHttpClientConnectionManager -- Connection request: [route: {}->http://localhost:3000][total available: 0; route allocated: 0 of 5; total allocated: 0 of 10]
23:08:00.410 [pool-2-thread-27] DEBUG org.apache.http.impl.conn.PoolingHttpClientConnectionManager -- Connection leased: [id: 178][route: {}->http://localhost:3000][total available: 0; route allocated: 1 of 5; total allocated: 1 of 10]
23:08:00.410 [pool-2-thread-4] DEBUG org.apache.http.impl.conn.PoolingHttpClientConnectionManager -- Connection leased: [id: 177][route: {}->http://localhost:3000][total available: 0; route allocated: 1 of 5; total allocated: 1 of 10]
23:08:00.410 [pool-2-thread-4] DEBUG org.apache.http.impl.execchain.MainClientExec -- Opening connection {}->http://localhost:3000
23:08:00.410 [pool-2-thread-27] DEBUG org.apache.http.impl.execchain.MainClientExec -- Opening connection {}->http://localhost:3000
23:08:00.410 [pool-2-thread-4] DEBUG org.apache.http.impl.conn.DefaultHttpClientConnectionOperator -- Connecting to localhost/127.0.0.1:3000
23:08:00.410 [pool-2-thread-27] DEBUG org.apache.http.impl.conn.DefaultHttpClientConnectionOperator -- Connecting to localhost/127.0.0.1:3000
23:08:00.411 [pool-2-thread-27] DEBUG org.apache.http.impl.conn.DefaultHttpClientConnectionOperator -- Connection established 127.0.0.1:52846<->127.0.0.1:3000
23:08:00.411 [pool-2-thread-4] DEBUG org.apache.http.impl.conn.DefaultHttpClientConnectionOperator -- Connection established 127.0.0.1:52845<->127.0.0.1:3000
23:08:00.411 [pool-2-thread-27] DEBUG org.apache.http.impl.conn.DefaultManagedHttpClientConnection -- http-outgoing-177: set socket timeout to 30000
23:08:00.411 [pool-2-thread-4] DEBUG org.apache.http.impl.conn.DefaultManagedHttpClientConnection -- http-outgoing-178: set socket timeout to 30000
23:08:00.411 [pool-2-thread-27] DEBUG org.apache.http.impl.execchain.MainClientExec -- Executing request POST /auth/login HTTP/1.1
23:08:00.411 [pool-2-thread-4] DEBUG org.apache.http.impl.execchain.MainClientExec -- Executing request POST /auth/login HTTP/1.1
23:08:00.411 [pool-2-thread-27] DEBUG org.apache.http.impl.execchain.MainClientExec -- Target auth state: UNCHALLENGED
23:08:00.411 [pool-2-thread-4] DEBUG org.apache.http.impl.execchain.MainClientExec -- Target auth state: UNCHALLENGED
23:08:00.411 [pool-2-thread-27] DEBUG org.apache.http.impl.execchain.MainClientExec -- Proxy auth state: UNCHALLENGED
23:08:00.411 [pool-2-thread-4] DEBUG org.apache.http.impl.execchain.MainClientExec -- Proxy auth state: UNCHALLENGED
23:08:00.411 [pool-2-thread-27] DEBUG org.apache.http.headers -- http-outgoing-177 >> POST /auth/login HTTP/1.1
23:08:00.411 [pool-2-thread-27] DEBUG org.apache.http.headers -- http-outgoing-177 >> Content-Type: application/json; charset=UTF-8
23:08:00.411 [pool-2-thread-4] DEBUG org.apache.http.headers -- http-outgoing-178 >> POST /auth/login HTTP/1.1
23:08:00.411 [pool-2-thread-4] DEBUG org.apache.http.headers -- http-outgoing-178 >> Content-Type: application/json; charset=UTF-8
23:08:00.411 [pool-2-thread-4] DEBUG org.apache.http.headers -- http-outgoing-178 >> Content-Length: 54
23:08:00.411 [pool-2-thread-27] DEBUG org.apache.http.headers -- http-outgoing-177 >> Content-Length: 54
23:08:00.411 [pool-2-thread-4] DEBUG org.apache.http.headers -- http-outgoing-178 >> Host: localhost:3000
23:08:00.411 [pool-2-thread-4] DEBUG org.apache.http.headers -- http-outgoing-178 >> Connection: Keep-Alive
23:08:00.411 [pool-2-thread-27] DEBUG org.apache.http.headers -- http-outgoing-177 >> Host: localhost:3000
23:08:00.411 [pool-2-thread-4] DEBUG org.apache.http.headers -- http-outgoing-178 >> User-Agent: Apache-HttpClient/4.5.14 (Java/17.0.9)
23:08:00.411 [pool-2-thread-4] DEBUG org.apache.http.headers -- http-outgoing-178 >> Accept-Encoding: gzip,deflate
23:08:00.411 [pool-2-thread-27] DEBUG org.apache.http.headers -- http-outgoing-177 >> Connection: Keep-Alive
23:08:00.411 [pool-2-thread-27] DEBUG org.apache.http.headers -- http-outgoing-177 >> User-Agent: Apache-HttpClient/4.5.14 (Java/17.0.9)
23:08:00.411 [pool-2-thread-27] DEBUG org.apache.http.headers -- http-outgoing-177 >> Accept-Encoding: gzip,deflate
23:08:00.411 [pool-2-thread-27] DEBUG org.apache.http.wire -- http-outgoing-177 >> "POST /auth/login HTTP/1.1[\r][\n]"
23:08:00.411 [pool-2-thread-27] DEBUG org.apache.http.wire -- http-outgoing-177 >> "Content-Type: application/json; charset=UTF-8[\r][\n]"
23:08:00.411 [pool-2-thread-27] DEBUG org.apache.http.wire -- http-outgoing-177 >> "Content-Length: 54[\r][\n]"
23:08:00.411 [pool-2-thread-27] DEBUG org.apache.http.wire -- http-outgoing-177 >> "Host: localhost:3000[\r][\n]"
23:08:00.411 [pool-2-thread-27] DEBUG org.apache.http.wire -- http-outgoing-177 >> "Connection: Keep-Alive[\r][\n]"
23:08:00.411 [pool-2-thread-27] DEBUG org.apache.http.wire -- http-outgoing-177 >> "User-Agent: Apache-HttpClient/4.5.14 (Java/17.0.9)[\r][\n]"
23:08:00.411 [pool-2-thread-27] DEBUG org.apache.http.wire -- http-outgoing-177 >> "Accept-Encoding: gzip,deflate[\r][\n]"
23:08:00.411 [pool-2-thread-27] DEBUG org.apache.http.wire -- http-outgoing-177 >> "[\r][\n]"
23:08:00.411 [pool-2-thread-4] DEBUG org.apache.http.wire -- http-outgoing-178 >> "POST /auth/login HTTP/1.1[\r][\n]"
23:08:00.411 [pool-2-thread-27] DEBUG org.apache.http.wire -- http-outgoing-177 >> "{"email":"testit3@gmail.com","password":"Password123"}"
23:08:00.411 [pool-2-thread-4] DEBUG org.apache.http.wire -- http-outgoing-178 >> "Content-Type: application/json; charset=UTF-8[\r][\n]"
23:08:00.411 [pool-2-thread-4] DEBUG org.apache.http.wire -- http-outgoing-178 >> "Content-Length: 54[\r][\n]"
23:08:00.411 [pool-2-thread-4] DEBUG org.apache.http.wire -- http-outgoing-178 >> "Host: localhost:3000[\r][\n]"
23:08:00.411 [pool-2-thread-4] DEBUG org.apache.http.wire -- http-outgoing-178 >> "Connection: Keep-Alive[\r][\n]"
23:08:00.411 [pool-2-thread-4] DEBUG org.apache.http.wire -- http-outgoing-178 >> "User-Agent: Apache-HttpClient/4.5.14 (Java/17.0.9)[\r][\n]"
23:08:00.411 [pool-2-thread-4] DEBUG org.apache.http.wire -- http-outgoing-178 >> "Accept-Encoding: gzip,deflate[\r][\n]"
23:08:00.411 [pool-2-thread-4] DEBUG org.apache.http.wire -- http-outgoing-178 >> "[\r][\n]"
23:08:00.411 [pool-2-thread-4] DEBUG org.apache.http.wire -- http-outgoing-178 >> "{"email":"test2@example.com","password":"Password123"}"
23:08:00.423 [pool-2-thread-25] DEBUG org.apache.http.wire -- http-outgoing-153 << "HTTP/1.1 200 OK[\r][\n]"
23:08:00.423 [pool-2-thread-25] DEBUG org.apache.http.wire -- http-outgoing-153 << "X-Powered-By: Express[\r][\n]"
23:08:00.423 [pool-2-thread-25] DEBUG org.apache.http.wire -- http-outgoing-153 << "Access-Control-Allow-Origin: *[\r][\n]"
23:08:00.423 [pool-2-thread-25] DEBUG org.apache.http.wire -- http-outgoing-153 << "Content-Type: application/json; charset=utf-8[\r][\n]"
23:08:00.423 [pool-2-thread-25] DEBUG org.apache.http.wire -- http-outgoing-153 << "Content-Length: 607[\r][\n]"
23:08:00.423 [pool-2-thread-25] DEBUG org.apache.http.wire -- http-outgoing-153 << "ETag: W/"25f-b7da2osLddSSUeHSAlE9qB1Q1ps"[\r][\n]"
23:08:00.423 [pool-2-thread-25] DEBUG org.apache.http.wire -- http-outgoing-153 << "Date: Sun, 22 Jun 2025 16:08:00 GMT[\r][\n]"
23:08:00.423 [pool-2-thread-25] DEBUG org.apache.http.wire -- http-outgoing-153 << "Connection: keep-alive[\r][\n]"
23:08:00.423 [pool-2-thread-25] DEBUG org.apache.http.wire -- http-outgoing-153 << "Keep-Alive: timeout=5[\r][\n]"
23:08:00.423 [pool-2-thread-25] DEBUG org.apache.http.wire -- http-outgoing-153 << "[\r][\n]"
23:08:00.423 [pool-2-thread-25] DEBUG org.apache.http.wire -- http-outgoing-153 << "{"access_token":"eyJhbGciOiJIUzI1NiIsInR5cCI6IkpXVCJ9.eyJzdWIiOiJjMjE0MjJkZi1jY2VjLTQ0MGUtOWE0Mi1jMWI4MmFiZjczM2QiLCJ1c2VybmFtZSI6ImpvaG5kb2UyOCIsInJvbGUiOjAsImlhdCI6MTc1MDYwODQ4MCwiZXhwIjoxNzUwNjEyMDgwfQ.MVx31bvhDEF_NDG8ijHfG6nKQRw77B8QhV4DY1Mu8nA","refresh_token":"418c013814b042bf873c4001fedb8ef96a9b647035c411fa4f9eddda8b71e2c8","user":{"id":"c21422df-ccec-440e-9a42-c1b82abf733d","email":"test28@example.com","username":"johndoe28","name":"John Doe","phoneNumber":"84987654321","profilePic":null,"bio":null,"private":false,"verified":false,"role":0,"followersCount":0,"followingCount":0,"postCount":0}}"
23:08:00.423 [pool-2-thread-25] DEBUG org.apache.http.headers -- http-outgoing-153 << HTTP/1.1 200 OK
23:08:00.423 [pool-2-thread-25] DEBUG org.apache.http.headers -- http-outgoing-153 << X-Powered-By: Express
23:08:00.423 [pool-2-thread-25] DEBUG org.apache.http.headers -- http-outgoing-153 << Access-Control-Allow-Origin: *
23:08:00.423 [pool-2-thread-25] DEBUG org.apache.http.headers -- http-outgoing-153 << Content-Type: application/json; charset=utf-8
23:08:00.423 [pool-2-thread-25] DEBUG org.apache.http.headers -- http-outgoing-153 << Content-Length: 607
23:08:00.423 [pool-2-thread-25] DEBUG org.apache.http.headers -- http-outgoing-153 << ETag: W/"25f-b7da2osLddSSUeHSAlE9qB1Q1ps"
23:08:00.423 [pool-2-thread-25] DEBUG org.apache.http.headers -- http-outgoing-153 << Date: Sun, 22 Jun 2025 16:08:00 GMT
23:08:00.423 [pool-2-thread-25] DEBUG org.apache.http.headers -- http-outgoing-153 << Connection: keep-alive
23:08:00.423 [pool-2-thread-25] DEBUG org.apache.http.headers -- http-outgoing-153 << Keep-Alive: timeout=5
23:08:00.423 [pool-2-thread-25] DEBUG org.apache.http.impl.execchain.MainClientExec -- Connection can be kept alive for 5000 MILLISECONDS
23:08:00.423 [pool-2-thread-25] DEBUG org.apache.http.impl.conn.PoolingHttpClientConnectionManager -- Connection [id: 153][route: {}->http://localhost:3000] can be kept alive for 5.0 seconds
23:08:00.423 [pool-2-thread-25] DEBUG org.apache.http.impl.conn.DefaultManagedHttpClientConnection -- http-outgoing-153: set socket timeout to 0
23:08:00.423 [pool-2-thread-25] DEBUG org.apache.http.impl.conn.PoolingHttpClientConnectionManager -- Connection released: [id: 153][route: {}->http://localhost:3000][total available: 1; route allocated: 1 of 5; total allocated: 1 of 10]
23:08:00.423 [pool-2-thread-25] DEBUG org.apache.http.impl.conn.PoolingHttpClientConnectionManager -- Connection manager is shutting down
23:08:00.423 [pool-2-thread-25] DEBUG org.apache.http.impl.conn.DefaultManagedHttpClientConnection -- http-outgoing-153: Close connection
23:08:00.423 [pool-2-thread-25] DEBUG org.apache.http.impl.conn.PoolingHttpClientConnectionManager -- Connection manager shut down
23:08:00.423 [pool-2-thread-25] DEBUG com.intuit.karate -- response time in milliseconds: 2172
8 < 200
8 < X-Powered-By: Express
8 < Access-Control-Allow-Origin: *
8 < Content-Type: application/json; charset=utf-8
8 < Content-Length: 607
8 < ETag: W/"25f-b7da2osLddSSUeHSAlE9qB1Q1ps"
8 < Date: Sun, 22 Jun 2025 16:08:00 GMT
8 < Connection: keep-alive
8 < Keep-Alive: timeout=5
{"access_token":"eyJhbGciOiJIUzI1NiIsInR5cCI6IkpXVCJ9.eyJzdWIiOiJjMjE0MjJkZi1jY2VjLTQ0MGUtOWE0Mi1jMWI4MmFiZjczM2QiLCJ1c2VybmFtZSI6ImpvaG5kb2UyOCIsInJvbGUiOjAsImlhdCI6MTc1MDYwODQ4MCwiZXhwIjoxNzUwNjEyMDgwfQ.MVx31bvhDEF_NDG8ijHfG6nKQRw77B8QhV4DY1Mu8nA","refresh_token":"418c013814b042bf873c4001fedb8ef96a9b647035c411fa4f9eddda8b71e2c8","user":{"id":"c21422df-ccec-440e-9a42-c1b82abf733d","email":"test28@example.com","username":"johndoe28","name":"John Doe","phoneNumber":"84987654321","profilePic":null,"bio":null,"private":false,"verified":false,"role":0,"followersCount":0,"followingCount":0,"postCount":0}}

23:08:00.425 [pool-2-thread-25] INFO com.intuit.karate -- [print] Call 8 completed, status: 200 
23:08:00.425 [pool-2-thread-25] INFO com.intuit.karate -- [print] *** API CALL 9 *** 
23:08:00.426 [pool-2-thread-25] DEBUG org.apache.http.client.protocol.RequestAddCookies -- CookieSpec selected: karate
23:08:00.426 [pool-2-thread-25] DEBUG org.apache.http.client.protocol.RequestAuthCache -- Auth cache not set in the context
23:08:00.427 [pool-2-thread-25] DEBUG com.intuit.karate -- request:
9 > POST http://localhost:3000/auth/login
9 > Content-Type: application/json; charset=UTF-8
9 > Content-Length: 55
9 > Host: localhost:3000
9 > Connection: Keep-Alive
9 > User-Agent: Apache-HttpClient/4.5.14 (Java/17.0.9)
9 > Accept-Encoding: gzip,deflate
{"email":"test28@example.com","password":"Password123"}

23:08:00.427 [pool-2-thread-25] DEBUG org.apache.http.impl.conn.PoolingHttpClientConnectionManager -- Connection request: [route: {}->http://localhost:3000][total available: 0; route allocated: 0 of 5; total allocated: 0 of 10]
23:08:00.427 [pool-2-thread-25] DEBUG org.apache.http.impl.conn.PoolingHttpClientConnectionManager -- Connection leased: [id: 179][route: {}->http://localhost:3000][total available: 0; route allocated: 1 of 5; total allocated: 1 of 10]
23:08:00.427 [pool-2-thread-25] DEBUG org.apache.http.impl.execchain.MainClientExec -- Opening connection {}->http://localhost:3000
23:08:00.427 [pool-2-thread-25] DEBUG org.apache.http.impl.conn.DefaultHttpClientConnectionOperator -- Connecting to localhost/127.0.0.1:3000
23:08:00.428 [pool-2-thread-25] DEBUG org.apache.http.impl.conn.DefaultHttpClientConnectionOperator -- Connection established 127.0.0.1:52847<->127.0.0.1:3000
23:08:00.428 [pool-2-thread-25] DEBUG org.apache.http.impl.conn.DefaultManagedHttpClientConnection -- http-outgoing-179: set socket timeout to 30000
23:08:00.428 [pool-2-thread-25] DEBUG org.apache.http.impl.execchain.MainClientExec -- Executing request POST /auth/login HTTP/1.1
23:08:00.428 [pool-2-thread-25] DEBUG org.apache.http.impl.execchain.MainClientExec -- Target auth state: UNCHALLENGED
23:08:00.428 [pool-2-thread-25] DEBUG org.apache.http.impl.execchain.MainClientExec -- Proxy auth state: UNCHALLENGED
23:08:00.428 [pool-2-thread-25] DEBUG org.apache.http.headers -- http-outgoing-179 >> POST /auth/login HTTP/1.1
23:08:00.428 [pool-2-thread-25] DEBUG org.apache.http.headers -- http-outgoing-179 >> Content-Type: application/json; charset=UTF-8
23:08:00.428 [pool-2-thread-25] DEBUG org.apache.http.headers -- http-outgoing-179 >> Content-Length: 55
23:08:00.428 [pool-2-thread-25] DEBUG org.apache.http.headers -- http-outgoing-179 >> Host: localhost:3000
23:08:00.428 [pool-2-thread-25] DEBUG org.apache.http.headers -- http-outgoing-179 >> Connection: Keep-Alive
23:08:00.428 [pool-2-thread-25] DEBUG org.apache.http.headers -- http-outgoing-179 >> User-Agent: Apache-HttpClient/4.5.14 (Java/17.0.9)
23:08:00.428 [pool-2-thread-25] DEBUG org.apache.http.headers -- http-outgoing-179 >> Accept-Encoding: gzip,deflate
23:08:00.428 [pool-2-thread-25] DEBUG org.apache.http.wire -- http-outgoing-179 >> "POST /auth/login HTTP/1.1[\r][\n]"
23:08:00.428 [pool-2-thread-25] DEBUG org.apache.http.wire -- http-outgoing-179 >> "Content-Type: application/json; charset=UTF-8[\r][\n]"
23:08:00.428 [pool-2-thread-25] DEBUG org.apache.http.wire -- http-outgoing-179 >> "Content-Length: 55[\r][\n]"
23:08:00.428 [pool-2-thread-25] DEBUG org.apache.http.wire -- http-outgoing-179 >> "Host: localhost:3000[\r][\n]"
23:08:00.428 [pool-2-thread-25] DEBUG org.apache.http.wire -- http-outgoing-179 >> "Connection: Keep-Alive[\r][\n]"
23:08:00.428 [pool-2-thread-25] DEBUG org.apache.http.wire -- http-outgoing-179 >> "User-Agent: Apache-HttpClient/4.5.14 (Java/17.0.9)[\r][\n]"
23:08:00.428 [pool-2-thread-25] DEBUG org.apache.http.wire -- http-outgoing-179 >> "Accept-Encoding: gzip,deflate[\r][\n]"
23:08:00.428 [pool-2-thread-25] DEBUG org.apache.http.wire -- http-outgoing-179 >> "[\r][\n]"
23:08:00.428 [pool-2-thread-25] DEBUG org.apache.http.wire -- http-outgoing-179 >> "{"email":"test28@example.com","password":"Password123"}"
23:08:00.442 [pool-2-thread-20] DEBUG org.apache.http.wire -- http-outgoing-160 << "HTTP/1.1 200 OK[\r][\n]"
23:08:00.442 [pool-2-thread-20] DEBUG org.apache.http.wire -- http-outgoing-160 << "X-Powered-By: Express[\r][\n]"
23:08:00.442 [pool-2-thread-20] DEBUG org.apache.http.wire -- http-outgoing-160 << "Access-Control-Allow-Origin: *[\r][\n]"
23:08:00.442 [pool-2-thread-20] DEBUG org.apache.http.wire -- http-outgoing-160 << "Content-Type: application/json; charset=utf-8[\r][\n]"
23:08:00.442 [pool-2-thread-20] DEBUG org.apache.http.wire -- http-outgoing-160 << "Content-Length: 605[\r][\n]"
23:08:00.442 [pool-2-thread-20] DEBUG org.apache.http.wire -- http-outgoing-160 << "ETag: W/"25d-cnrlqlRZUrvcin8GvUaoPThO2IU"[\r][\n]"
23:08:00.442 [pool-2-thread-20] DEBUG org.apache.http.wire -- http-outgoing-160 << "Date: Sun, 22 Jun 2025 16:08:00 GMT[\r][\n]"
23:08:00.442 [pool-2-thread-20] DEBUG org.apache.http.wire -- http-outgoing-160 << "Connection: keep-alive[\r][\n]"
23:08:00.442 [pool-2-thread-20] DEBUG org.apache.http.wire -- http-outgoing-160 << "Keep-Alive: timeout=5[\r][\n]"
23:08:00.442 [pool-2-thread-20] DEBUG org.apache.http.wire -- http-outgoing-160 << "[\r][\n]"
23:08:00.442 [pool-2-thread-20] DEBUG org.apache.http.wire -- http-outgoing-160 << "{"access_token":"eyJhbGciOiJIUzI1NiIsInR5cCI6IkpXVCJ9.eyJzdWIiOiIwYTM3ZWY0My1mZWU4LTQxZDMtYTY4Ni04YWIwODY5NDg2OTUiLCJ1c2VybmFtZSI6ImpvaG5kb2UyMSIsInJvbGUiOjAsImlhdCI6MTc1MDYwODQ4MCwiZXhwIjoxNzUwNjEyMDgwfQ.4KvxZ21JTSdga5gfvnSYAI0I6aHtyeeVKcIKeXVfQ88","refresh_token":"9fbc0c792adff8a289541d61459837fd28330c5893521e0faf2c1541aba88014","user":{"id":"0a37ef43-fee8-41d3-a686-8ab086948695","email":"testit2@gmail.com","username":"johndoe21","name":"John Doe","phoneNumber":"0123456712","profilePic":null,"bio":null,"private":false,"verified":false,"role":0,"followersCount":0,"followingCount":0,"postCount":0}}"
23:08:00.442 [pool-2-thread-20] DEBUG org.apache.http.headers -- http-outgoing-160 << HTTP/1.1 200 OK
23:08:00.442 [pool-2-thread-20] DEBUG org.apache.http.headers -- http-outgoing-160 << X-Powered-By: Express
23:08:00.442 [pool-2-thread-20] DEBUG org.apache.http.headers -- http-outgoing-160 << Access-Control-Allow-Origin: *
23:08:00.442 [pool-2-thread-20] DEBUG org.apache.http.headers -- http-outgoing-160 << Content-Type: application/json; charset=utf-8
23:08:00.442 [pool-2-thread-20] DEBUG org.apache.http.headers -- http-outgoing-160 << Content-Length: 605
23:08:00.442 [pool-2-thread-20] DEBUG org.apache.http.headers -- http-outgoing-160 << ETag: W/"25d-cnrlqlRZUrvcin8GvUaoPThO2IU"
23:08:00.442 [pool-2-thread-20] DEBUG org.apache.http.headers -- http-outgoing-160 << Date: Sun, 22 Jun 2025 16:08:00 GMT
23:08:00.442 [pool-2-thread-20] DEBUG org.apache.http.headers -- http-outgoing-160 << Connection: keep-alive
23:08:00.442 [pool-2-thread-20] DEBUG org.apache.http.headers -- http-outgoing-160 << Keep-Alive: timeout=5
23:08:00.442 [pool-2-thread-20] DEBUG org.apache.http.impl.execchain.MainClientExec -- Connection can be kept alive for 5000 MILLISECONDS
23:08:00.442 [pool-2-thread-20] DEBUG org.apache.http.impl.conn.PoolingHttpClientConnectionManager -- Connection [id: 160][route: {}->http://localhost:3000] can be kept alive for 5.0 seconds
23:08:00.442 [pool-2-thread-20] DEBUG org.apache.http.impl.conn.DefaultManagedHttpClientConnection -- http-outgoing-160: set socket timeout to 0
23:08:00.442 [pool-2-thread-20] DEBUG org.apache.http.impl.conn.PoolingHttpClientConnectionManager -- Connection released: [id: 160][route: {}->http://localhost:3000][total available: 1; route allocated: 1 of 5; total allocated: 1 of 10]
23:08:00.442 [pool-2-thread-20] DEBUG org.apache.http.impl.conn.PoolingHttpClientConnectionManager -- Connection manager is shutting down
23:08:00.442 [pool-2-thread-20] DEBUG org.apache.http.impl.conn.DefaultManagedHttpClientConnection -- http-outgoing-160: Close connection
23:08:00.442 [pool-2-thread-20] DEBUG org.apache.http.impl.conn.PoolingHttpClientConnectionManager -- Connection manager shut down
23:08:00.442 [pool-2-thread-20] DEBUG com.intuit.karate -- response time in milliseconds: 2020
6 < 200
6 < X-Powered-By: Express
6 < Access-Control-Allow-Origin: *
6 < Content-Type: application/json; charset=utf-8
6 < Content-Length: 605
6 < ETag: W/"25d-cnrlqlRZUrvcin8GvUaoPThO2IU"
6 < Date: Sun, 22 Jun 2025 16:08:00 GMT
6 < Connection: keep-alive
6 < Keep-Alive: timeout=5
{"access_token":"eyJhbGciOiJIUzI1NiIsInR5cCI6IkpXVCJ9.eyJzdWIiOiIwYTM3ZWY0My1mZWU4LTQxZDMtYTY4Ni04YWIwODY5NDg2OTUiLCJ1c2VybmFtZSI6ImpvaG5kb2UyMSIsInJvbGUiOjAsImlhdCI6MTc1MDYwODQ4MCwiZXhwIjoxNzUwNjEyMDgwfQ.4KvxZ21JTSdga5gfvnSYAI0I6aHtyeeVKcIKeXVfQ88","refresh_token":"9fbc0c792adff8a289541d61459837fd28330c5893521e0faf2c1541aba88014","user":{"id":"0a37ef43-fee8-41d3-a686-8ab086948695","email":"testit2@gmail.com","username":"johndoe21","name":"John Doe","phoneNumber":"0123456712","profilePic":null,"bio":null,"private":false,"verified":false,"role":0,"followersCount":0,"followingCount":0,"postCount":0}}

23:08:00.443 [pool-2-thread-20] INFO com.intuit.karate -- [print] Call 6 completed, status: 200 
23:08:00.443 [pool-2-thread-20] INFO com.intuit.karate -- [print] *** API CALL 7 *** 
23:08:00.444 [pool-2-thread-20] DEBUG org.apache.http.client.protocol.RequestAddCookies -- CookieSpec selected: karate
23:08:00.444 [pool-2-thread-20] DEBUG org.apache.http.client.protocol.RequestAuthCache -- Auth cache not set in the context
23:08:00.444 [pool-2-thread-20] DEBUG com.intuit.karate -- request:
7 > POST http://localhost:3000/auth/login
7 > Content-Type: application/json; charset=UTF-8
7 > Content-Length: 54
7 > Host: localhost:3000
7 > Connection: Keep-Alive
7 > User-Agent: Apache-HttpClient/4.5.14 (Java/17.0.9)
7 > Accept-Encoding: gzip,deflate
{"email":"testit2@gmail.com","password":"Password123"}

23:08:00.444 [pool-2-thread-20] DEBUG org.apache.http.impl.conn.PoolingHttpClientConnectionManager -- Connection request: [route: {}->http://localhost:3000][total available: 0; route allocated: 0 of 5; total allocated: 0 of 10]
23:08:00.444 [pool-2-thread-20] DEBUG org.apache.http.impl.conn.PoolingHttpClientConnectionManager -- Connection leased: [id: 180][route: {}->http://localhost:3000][total available: 0; route allocated: 1 of 5; total allocated: 1 of 10]
23:08:00.444 [pool-2-thread-20] DEBUG org.apache.http.impl.execchain.MainClientExec -- Opening connection {}->http://localhost:3000
23:08:00.444 [pool-2-thread-20] DEBUG org.apache.http.impl.conn.DefaultHttpClientConnectionOperator -- Connecting to localhost/127.0.0.1:3000
23:08:00.444 [pool-2-thread-20] DEBUG org.apache.http.impl.conn.DefaultHttpClientConnectionOperator -- Connection established 127.0.0.1:52848<->127.0.0.1:3000
23:08:00.444 [pool-2-thread-20] DEBUG org.apache.http.impl.conn.DefaultManagedHttpClientConnection -- http-outgoing-180: set socket timeout to 30000
23:08:00.444 [pool-2-thread-20] DEBUG org.apache.http.impl.execchain.MainClientExec -- Executing request POST /auth/login HTTP/1.1
23:08:00.444 [pool-2-thread-20] DEBUG org.apache.http.impl.execchain.MainClientExec -- Target auth state: UNCHALLENGED
23:08:00.444 [pool-2-thread-20] DEBUG org.apache.http.impl.execchain.MainClientExec -- Proxy auth state: UNCHALLENGED
23:08:00.444 [pool-2-thread-20] DEBUG org.apache.http.headers -- http-outgoing-180 >> POST /auth/login HTTP/1.1
23:08:00.444 [pool-2-thread-20] DEBUG org.apache.http.headers -- http-outgoing-180 >> Content-Type: application/json; charset=UTF-8
23:08:00.444 [pool-2-thread-20] DEBUG org.apache.http.headers -- http-outgoing-180 >> Content-Length: 54
23:08:00.444 [pool-2-thread-20] DEBUG org.apache.http.headers -- http-outgoing-180 >> Host: localhost:3000
23:08:00.444 [pool-2-thread-20] DEBUG org.apache.http.headers -- http-outgoing-180 >> Connection: Keep-Alive
23:08:00.444 [pool-2-thread-20] DEBUG org.apache.http.headers -- http-outgoing-180 >> User-Agent: Apache-HttpClient/4.5.14 (Java/17.0.9)
23:08:00.444 [pool-2-thread-20] DEBUG org.apache.http.headers -- http-outgoing-180 >> Accept-Encoding: gzip,deflate
23:08:00.444 [pool-2-thread-20] DEBUG org.apache.http.wire -- http-outgoing-180 >> "POST /auth/login HTTP/1.1[\r][\n]"
23:08:00.444 [pool-2-thread-20] DEBUG org.apache.http.wire -- http-outgoing-180 >> "Content-Type: application/json; charset=UTF-8[\r][\n]"
23:08:00.444 [pool-2-thread-20] DEBUG org.apache.http.wire -- http-outgoing-180 >> "Content-Length: 54[\r][\n]"
23:08:00.444 [pool-2-thread-20] DEBUG org.apache.http.wire -- http-outgoing-180 >> "Host: localhost:3000[\r][\n]"
23:08:00.444 [pool-2-thread-20] DEBUG org.apache.http.wire -- http-outgoing-180 >> "Connection: Keep-Alive[\r][\n]"
23:08:00.444 [pool-2-thread-20] DEBUG org.apache.http.wire -- http-outgoing-180 >> "User-Agent: Apache-HttpClient/4.5.14 (Java/17.0.9)[\r][\n]"
23:08:00.444 [pool-2-thread-20] DEBUG org.apache.http.wire -- http-outgoing-180 >> "Accept-Encoding: gzip,deflate[\r][\n]"
23:08:00.444 [pool-2-thread-20] DEBUG org.apache.http.wire -- http-outgoing-180 >> "[\r][\n]"
23:08:00.444 [pool-2-thread-20] DEBUG org.apache.http.wire -- http-outgoing-180 >> "{"email":"testit2@gmail.com","password":"Password123"}"
23:08:01.159 [pool-2-thread-26] DEBUG org.apache.http.wire -- http-outgoing-161 << "HTTP/1.1 200 OK[\r][\n]"
23:08:01.159 [pool-2-thread-26] DEBUG org.apache.http.wire -- http-outgoing-161 << "X-Powered-By: Express[\r][\n]"
23:08:01.159 [pool-2-thread-26] DEBUG org.apache.http.wire -- http-outgoing-161 << "Access-Control-Allow-Origin: *[\r][\n]"
23:08:01.159 [pool-2-thread-26] DEBUG org.apache.http.wire -- http-outgoing-161 << "Content-Type: application/json; charset=utf-8[\r][\n]"
23:08:01.159 [pool-2-thread-26] DEBUG org.apache.http.wire -- http-outgoing-161 << "Content-Length: 607[\r][\n]"
23:08:01.159 [pool-2-thread-26] DEBUG org.apache.http.wire -- http-outgoing-161 << "ETag: W/"25f-OBWbDwbr7hlvonNW6h6rNp+rncU"[\r][\n]"
23:08:01.159 [pool-2-thread-26] DEBUG org.apache.http.wire -- http-outgoing-161 << "Date: Sun, 22 Jun 2025 16:08:01 GMT[\r][\n]"
23:08:01.159 [pool-2-thread-26] DEBUG org.apache.http.wire -- http-outgoing-161 << "Connection: keep-alive[\r][\n]"
23:08:01.159 [pool-2-thread-26] DEBUG org.apache.http.wire -- http-outgoing-161 << "Keep-Alive: timeout=5[\r][\n]"
23:08:01.159 [pool-2-thread-26] DEBUG org.apache.http.wire -- http-outgoing-161 << "[\r][\n]"
23:08:01.159 [pool-2-thread-26] DEBUG org.apache.http.wire -- http-outgoing-161 << "{"access_token":"eyJhbGciOiJIUzI1NiIsInR5cCI6IkpXVCJ9.eyJzdWIiOiI5YTI2OTc2Yy0xNTMyLTRkZjMtYTE2ZS03NjMxNTI1Yzg1MDIiLCJ1c2VybmFtZSI6ImpvaG5kb2UyZDUiLCJyb2xlIjowLCJpYXQiOjE3NTA2MDg0ODAsImV4cCI6MTc1MDYxMjA4MH0.ew-oqbmCXXdZGAeN-mDtZuW8udfnk8J-7AbykLIpeco","refresh_token":"c4fd77ad4ec54740f57e1ea721779d390ed5d405413a3c7edd8326757e9eff21","user":{"id":"9a26976c-1532-4df3-a16e-7631525c8502","email":"testit4@gmail.com","username":"johndoe2d5","name":"John Doe","phoneNumber":"0123456212","profilePic":null,"bio":null,"private":false,"verified":false,"role":0,"followersCount":0,"followingCount":0,"postCount":0}}"
23:08:01.159 [pool-2-thread-26] DEBUG org.apache.http.headers -- http-outgoing-161 << HTTP/1.1 200 OK
23:08:01.159 [pool-2-thread-26] DEBUG org.apache.http.headers -- http-outgoing-161 << X-Powered-By: Express
23:08:01.159 [pool-2-thread-26] DEBUG org.apache.http.headers -- http-outgoing-161 << Access-Control-Allow-Origin: *
23:08:01.159 [pool-2-thread-26] DEBUG org.apache.http.headers -- http-outgoing-161 << Content-Type: application/json; charset=utf-8
23:08:01.159 [pool-2-thread-26] DEBUG org.apache.http.headers -- http-outgoing-161 << Content-Length: 607
23:08:01.159 [pool-2-thread-26] DEBUG org.apache.http.headers -- http-outgoing-161 << ETag: W/"25f-OBWbDwbr7hlvonNW6h6rNp+rncU"
23:08:01.159 [pool-2-thread-26] DEBUG org.apache.http.headers -- http-outgoing-161 << Date: Sun, 22 Jun 2025 16:08:01 GMT
23:08:01.159 [pool-2-thread-26] DEBUG org.apache.http.headers -- http-outgoing-161 << Connection: keep-alive
23:08:01.159 [pool-2-thread-26] DEBUG org.apache.http.headers -- http-outgoing-161 << Keep-Alive: timeout=5
23:08:01.159 [pool-2-thread-26] DEBUG org.apache.http.impl.execchain.MainClientExec -- Connection can be kept alive for 5000 MILLISECONDS
23:08:01.160 [pool-2-thread-26] DEBUG org.apache.http.impl.conn.PoolingHttpClientConnectionManager -- Connection [id: 161][route: {}->http://localhost:3000] can be kept alive for 5.0 seconds
23:08:01.160 [pool-2-thread-26] DEBUG org.apache.http.impl.conn.DefaultManagedHttpClientConnection -- http-outgoing-161: set socket timeout to 0
23:08:01.160 [pool-2-thread-26] DEBUG org.apache.http.impl.conn.PoolingHttpClientConnectionManager -- Connection released: [id: 161][route: {}->http://localhost:3000][total available: 1; route allocated: 1 of 5; total allocated: 1 of 10]
23:08:01.160 [pool-2-thread-26] DEBUG org.apache.http.impl.conn.PoolingHttpClientConnectionManager -- Connection manager is shutting down
23:08:01.160 [pool-2-thread-26] DEBUG org.apache.http.impl.conn.DefaultManagedHttpClientConnection -- http-outgoing-161: Close connection
23:08:01.160 [pool-2-thread-26] DEBUG org.apache.http.impl.conn.PoolingHttpClientConnectionManager -- Connection manager shut down
23:08:01.160 [pool-2-thread-26] DEBUG com.intuit.karate -- response time in milliseconds: 1975
8 < 200
8 < X-Powered-By: Express
8 < Access-Control-Allow-Origin: *
8 < Content-Type: application/json; charset=utf-8
8 < Content-Length: 607
8 < ETag: W/"25f-OBWbDwbr7hlvonNW6h6rNp+rncU"
8 < Date: Sun, 22 Jun 2025 16:08:01 GMT
8 < Connection: keep-alive
8 < Keep-Alive: timeout=5
{"access_token":"eyJhbGciOiJIUzI1NiIsInR5cCI6IkpXVCJ9.eyJzdWIiOiI5YTI2OTc2Yy0xNTMyLTRkZjMtYTE2ZS03NjMxNTI1Yzg1MDIiLCJ1c2VybmFtZSI6ImpvaG5kb2UyZDUiLCJyb2xlIjowLCJpYXQiOjE3NTA2MDg0ODAsImV4cCI6MTc1MDYxMjA4MH0.ew-oqbmCXXdZGAeN-mDtZuW8udfnk8J-7AbykLIpeco","refresh_token":"c4fd77ad4ec54740f57e1ea721779d390ed5d405413a3c7edd8326757e9eff21","user":{"id":"9a26976c-1532-4df3-a16e-7631525c8502","email":"testit4@gmail.com","username":"johndoe2d5","name":"John Doe","phoneNumber":"0123456212","profilePic":null,"bio":null,"private":false,"verified":false,"role":0,"followersCount":0,"followingCount":0,"postCount":0}}

23:08:01.161 [pool-2-thread-26] INFO com.intuit.karate -- [print] Call 8 completed, status: 200 
23:08:01.161 [pool-2-thread-26] INFO com.intuit.karate -- [print] *** API CALL 9 *** 
23:08:01.162 [pool-2-thread-26] DEBUG org.apache.http.client.protocol.RequestAddCookies -- CookieSpec selected: karate
23:08:01.162 [pool-2-thread-26] DEBUG org.apache.http.client.protocol.RequestAuthCache -- Auth cache not set in the context
23:08:01.162 [pool-2-thread-26] DEBUG com.intuit.karate -- request:
9 > POST http://localhost:3000/auth/login
9 > Content-Type: application/json; charset=UTF-8
9 > Content-Length: 54
9 > Host: localhost:3000
9 > Connection: Keep-Alive
9 > User-Agent: Apache-HttpClient/4.5.14 (Java/17.0.9)
9 > Accept-Encoding: gzip,deflate
{"email":"testit4@gmail.com","password":"Password123"}

23:08:01.162 [pool-2-thread-26] DEBUG org.apache.http.impl.conn.PoolingHttpClientConnectionManager -- Connection request: [route: {}->http://localhost:3000][total available: 0; route allocated: 0 of 5; total allocated: 0 of 10]
23:08:01.162 [pool-2-thread-26] DEBUG org.apache.http.impl.conn.PoolingHttpClientConnectionManager -- Connection leased: [id: 181][route: {}->http://localhost:3000][total available: 0; route allocated: 1 of 5; total allocated: 1 of 10]
23:08:01.162 [pool-2-thread-26] DEBUG org.apache.http.impl.execchain.MainClientExec -- Opening connection {}->http://localhost:3000
23:08:01.162 [pool-2-thread-26] DEBUG org.apache.http.impl.conn.DefaultHttpClientConnectionOperator -- Connecting to localhost/127.0.0.1:3000
23:08:01.163 [pool-2-thread-26] DEBUG org.apache.http.impl.conn.DefaultHttpClientConnectionOperator -- Connection established 127.0.0.1:52849<->127.0.0.1:3000
23:08:01.163 [pool-2-thread-26] DEBUG org.apache.http.impl.conn.DefaultManagedHttpClientConnection -- http-outgoing-181: set socket timeout to 30000
23:08:01.163 [pool-2-thread-26] DEBUG org.apache.http.impl.execchain.MainClientExec -- Executing request POST /auth/login HTTP/1.1
23:08:01.163 [pool-2-thread-26] DEBUG org.apache.http.impl.execchain.MainClientExec -- Target auth state: UNCHALLENGED
23:08:01.163 [pool-2-thread-26] DEBUG org.apache.http.impl.execchain.MainClientExec -- Proxy auth state: UNCHALLENGED
23:08:01.163 [pool-2-thread-26] DEBUG org.apache.http.headers -- http-outgoing-181 >> POST /auth/login HTTP/1.1
23:08:01.163 [pool-2-thread-26] DEBUG org.apache.http.headers -- http-outgoing-181 >> Content-Type: application/json; charset=UTF-8
23:08:01.163 [pool-2-thread-26] DEBUG org.apache.http.headers -- http-outgoing-181 >> Content-Length: 54
23:08:01.163 [pool-2-thread-26] DEBUG org.apache.http.headers -- http-outgoing-181 >> Host: localhost:3000
23:08:01.163 [pool-2-thread-26] DEBUG org.apache.http.headers -- http-outgoing-181 >> Connection: Keep-Alive
23:08:01.163 [pool-2-thread-26] DEBUG org.apache.http.headers -- http-outgoing-181 >> User-Agent: Apache-HttpClient/4.5.14 (Java/17.0.9)
23:08:01.163 [pool-2-thread-26] DEBUG org.apache.http.headers -- http-outgoing-181 >> Accept-Encoding: gzip,deflate
23:08:01.163 [pool-2-thread-26] DEBUG org.apache.http.wire -- http-outgoing-181 >> "POST /auth/login HTTP/1.1[\r][\n]"
23:08:01.163 [pool-2-thread-26] DEBUG org.apache.http.wire -- http-outgoing-181 >> "Content-Type: application/json; charset=UTF-8[\r][\n]"
23:08:01.163 [pool-2-thread-26] DEBUG org.apache.http.wire -- http-outgoing-181 >> "Content-Length: 54[\r][\n]"
23:08:01.163 [pool-2-thread-26] DEBUG org.apache.http.wire -- http-outgoing-181 >> "Host: localhost:3000[\r][\n]"
23:08:01.163 [pool-2-thread-26] DEBUG org.apache.http.wire -- http-outgoing-181 >> "Connection: Keep-Alive[\r][\n]"
23:08:01.163 [pool-2-thread-26] DEBUG org.apache.http.wire -- http-outgoing-181 >> "User-Agent: Apache-HttpClient/4.5.14 (Java/17.0.9)[\r][\n]"
23:08:01.163 [pool-2-thread-26] DEBUG org.apache.http.wire -- http-outgoing-181 >> "Accept-Encoding: gzip,deflate[\r][\n]"
23:08:01.163 [pool-2-thread-26] DEBUG org.apache.http.wire -- http-outgoing-181 >> "[\r][\n]"
23:08:01.163 [pool-2-thread-26] DEBUG org.apache.http.wire -- http-outgoing-181 >> "{"email":"testit4@gmail.com","password":"Password123"}"
23:08:01.237 [pool-2-thread-23] DEBUG org.apache.http.wire -- http-outgoing-163 << "HTTP/1.1 200 OK[\r][\n]"
23:08:01.237 [pool-2-thread-23] DEBUG org.apache.http.wire -- http-outgoing-163 << "X-Powered-By: Express[\r][\n]"
23:08:01.237 [pool-2-thread-23] DEBUG org.apache.http.wire -- http-outgoing-163 << "Access-Control-Allow-Origin: *[\r][\n]"
23:08:01.237 [pool-2-thread-23] DEBUG org.apache.http.wire -- http-outgoing-163 << "Content-Type: application/json; charset=utf-8[\r][\n]"
23:08:01.237 [pool-2-thread-23] DEBUG org.apache.http.wire -- http-outgoing-163 << "Content-Length: 599[\r][\n]"
23:08:01.237 [pool-2-thread-23] DEBUG org.apache.http.wire -- http-outgoing-163 << "ETag: W/"257-Uz0bzuQsaSIJthKlBzPkmTCwBn4"[\r][\n]"
23:08:01.237 [pool-2-thread-23] DEBUG org.apache.http.wire -- http-outgoing-163 << "Date: Sun, 22 Jun 2025 16:08:01 GMT[\r][\n]"
23:08:01.237 [pool-2-thread-23] DEBUG org.apache.http.wire -- http-outgoing-163 << "Connection: keep-alive[\r][\n]"
23:08:01.237 [pool-2-thread-23] DEBUG org.apache.http.wire -- http-outgoing-163 << "Keep-Alive: timeout=5[\r][\n]"
23:08:01.237 [pool-2-thread-23] DEBUG org.apache.http.wire -- http-outgoing-163 << "[\r][\n]"
23:08:01.237 [pool-2-thread-23] DEBUG org.apache.http.wire -- http-outgoing-163 << "{"access_token":"eyJhbGciOiJIUzI1NiIsInR5cCI6IkpXVCJ9.eyJzdWIiOiIyZGRhMDQzOS01MTgwLTQ1YWEtOTE3Zi1lNjMyZTQ1YThlNDEiLCJ1c2VybmFtZSI6ImpvaG5kb2UiLCJyb2xlIjowLCJpYXQiOjE3NTA2MDg0ODAsImV4cCI6MTc1MDYxMjA4MH0.o3aMM2Nd7xOmFkXIktUUucavZ0KmWHKssRTObKPt7G8","refresh_token":"f6944807fe8182d31dc24e70b1ffd17afa13b9333000717b725abc66a3ef6bdb","user":{"id":"2dda0439-5180-45aa-917f-e632e45a8e41","email":"test@example.com","username":"johndoe","name":"John Doe","phoneNumber":"0987654321","profilePic":null,"bio":null,"private":false,"verified":false,"role":0,"followersCount":0,"followingCount":0,"postCount":0}}"
23:08:01.237 [pool-2-thread-23] DEBUG org.apache.http.headers -- http-outgoing-163 << HTTP/1.1 200 OK
23:08:01.237 [pool-2-thread-23] DEBUG org.apache.http.headers -- http-outgoing-163 << X-Powered-By: Express
23:08:01.237 [pool-2-thread-23] DEBUG org.apache.http.headers -- http-outgoing-163 << Access-Control-Allow-Origin: *
23:08:01.237 [pool-2-thread-23] DEBUG org.apache.http.headers -- http-outgoing-163 << Content-Type: application/json; charset=utf-8
23:08:01.237 [pool-2-thread-23] DEBUG org.apache.http.headers -- http-outgoing-163 << Content-Length: 599
23:08:01.237 [pool-2-thread-23] DEBUG org.apache.http.headers -- http-outgoing-163 << ETag: W/"257-Uz0bzuQsaSIJthKlBzPkmTCwBn4"
23:08:01.237 [pool-2-thread-23] DEBUG org.apache.http.headers -- http-outgoing-163 << Date: Sun, 22 Jun 2025 16:08:01 GMT
23:08:01.237 [pool-2-thread-23] DEBUG org.apache.http.headers -- http-outgoing-163 << Connection: keep-alive
23:08:01.237 [pool-2-thread-23] DEBUG org.apache.http.headers -- http-outgoing-163 << Keep-Alive: timeout=5
23:08:01.237 [pool-2-thread-23] DEBUG org.apache.http.impl.execchain.MainClientExec -- Connection can be kept alive for 5000 MILLISECONDS
23:08:01.237 [pool-2-thread-23] DEBUG org.apache.http.impl.conn.PoolingHttpClientConnectionManager -- Connection [id: 163][route: {}->http://localhost:3000] can be kept alive for 5.0 seconds
23:08:01.237 [pool-2-thread-23] DEBUG org.apache.http.impl.conn.DefaultManagedHttpClientConnection -- http-outgoing-163: set socket timeout to 0
23:08:01.237 [pool-2-thread-23] DEBUG org.apache.http.impl.conn.PoolingHttpClientConnectionManager -- Connection released: [id: 163][route: {}->http://localhost:3000][total available: 1; route allocated: 1 of 5; total allocated: 1 of 10]
23:08:01.237 [pool-2-thread-23] DEBUG org.apache.http.impl.conn.PoolingHttpClientConnectionManager -- Connection manager is shutting down
23:08:01.237 [pool-2-thread-23] DEBUG org.apache.http.impl.conn.DefaultManagedHttpClientConnection -- http-outgoing-163: Close connection
23:08:01.238 [pool-2-thread-23] DEBUG org.apache.http.impl.conn.PoolingHttpClientConnectionManager -- Connection manager shut down
23:08:01.238 [pool-2-thread-23] DEBUG com.intuit.karate -- response time in milliseconds: 2006
7 < 200
7 < X-Powered-By: Express
7 < Access-Control-Allow-Origin: *
7 < Content-Type: application/json; charset=utf-8
7 < Content-Length: 599
7 < ETag: W/"257-Uz0bzuQsaSIJthKlBzPkmTCwBn4"
7 < Date: Sun, 22 Jun 2025 16:08:01 GMT
7 < Connection: keep-alive
7 < Keep-Alive: timeout=5
{"access_token":"eyJhbGciOiJIUzI1NiIsInR5cCI6IkpXVCJ9.eyJzdWIiOiIyZGRhMDQzOS01MTgwLTQ1YWEtOTE3Zi1lNjMyZTQ1YThlNDEiLCJ1c2VybmFtZSI6ImpvaG5kb2UiLCJyb2xlIjowLCJpYXQiOjE3NTA2MDg0ODAsImV4cCI6MTc1MDYxMjA4MH0.o3aMM2Nd7xOmFkXIktUUucavZ0KmWHKssRTObKPt7G8","refresh_token":"f6944807fe8182d31dc24e70b1ffd17afa13b9333000717b725abc66a3ef6bdb","user":{"id":"2dda0439-5180-45aa-917f-e632e45a8e41","email":"test@example.com","username":"johndoe","name":"John Doe","phoneNumber":"0987654321","profilePic":null,"bio":null,"private":false,"verified":false,"role":0,"followersCount":0,"followingCount":0,"postCount":0}}

23:08:01.238 [pool-2-thread-23] INFO com.intuit.karate -- [print] Call 7 completed, status: 200 
23:08:01.239 [pool-2-thread-23] INFO com.intuit.karate -- [print] *** API CALL 8 *** 
23:08:01.239 [pool-2-thread-23] DEBUG org.apache.http.client.protocol.RequestAddCookies -- CookieSpec selected: karate
23:08:01.239 [pool-2-thread-23] DEBUG org.apache.http.client.protocol.RequestAuthCache -- Auth cache not set in the context
23:08:01.239 [pool-2-thread-23] DEBUG com.intuit.karate -- request:
8 > POST http://localhost:3000/auth/login
8 > Content-Type: application/json; charset=UTF-8
8 > Content-Length: 53
8 > Host: localhost:3000
8 > Connection: Keep-Alive
8 > User-Agent: Apache-HttpClient/4.5.14 (Java/17.0.9)
8 > Accept-Encoding: gzip,deflate
{"email":"test@example.com","password":"Password123"}

23:08:01.239 [pool-2-thread-23] DEBUG org.apache.http.impl.conn.PoolingHttpClientConnectionManager -- Connection request: [route: {}->http://localhost:3000][total available: 0; route allocated: 0 of 5; total allocated: 0 of 10]
23:08:01.240 [pool-2-thread-23] DEBUG org.apache.http.impl.conn.PoolingHttpClientConnectionManager -- Connection leased: [id: 182][route: {}->http://localhost:3000][total available: 0; route allocated: 1 of 5; total allocated: 1 of 10]
23:08:01.240 [pool-2-thread-23] DEBUG org.apache.http.impl.execchain.MainClientExec -- Opening connection {}->http://localhost:3000
23:08:01.240 [pool-2-thread-23] DEBUG org.apache.http.impl.conn.DefaultHttpClientConnectionOperator -- Connecting to localhost/127.0.0.1:3000
23:08:01.240 [pool-2-thread-23] DEBUG org.apache.http.impl.conn.DefaultHttpClientConnectionOperator -- Connection established 127.0.0.1:52850<->127.0.0.1:3000
23:08:01.240 [pool-2-thread-23] DEBUG org.apache.http.impl.conn.DefaultManagedHttpClientConnection -- http-outgoing-182: set socket timeout to 30000
23:08:01.240 [pool-2-thread-23] DEBUG org.apache.http.impl.execchain.MainClientExec -- Executing request POST /auth/login HTTP/1.1
23:08:01.240 [pool-2-thread-23] DEBUG org.apache.http.impl.execchain.MainClientExec -- Target auth state: UNCHALLENGED
23:08:01.240 [pool-2-thread-23] DEBUG org.apache.http.impl.execchain.MainClientExec -- Proxy auth state: UNCHALLENGED
23:08:01.240 [pool-2-thread-23] DEBUG org.apache.http.headers -- http-outgoing-182 >> POST /auth/login HTTP/1.1
23:08:01.240 [pool-2-thread-23] DEBUG org.apache.http.headers -- http-outgoing-182 >> Content-Type: application/json; charset=UTF-8
23:08:01.240 [pool-2-thread-23] DEBUG org.apache.http.headers -- http-outgoing-182 >> Content-Length: 53
23:08:01.240 [pool-2-thread-23] DEBUG org.apache.http.headers -- http-outgoing-182 >> Host: localhost:3000
23:08:01.240 [pool-2-thread-23] DEBUG org.apache.http.headers -- http-outgoing-182 >> Connection: Keep-Alive
23:08:01.240 [pool-2-thread-23] DEBUG org.apache.http.headers -- http-outgoing-182 >> User-Agent: Apache-HttpClient/4.5.14 (Java/17.0.9)
23:08:01.240 [pool-2-thread-23] DEBUG org.apache.http.headers -- http-outgoing-182 >> Accept-Encoding: gzip,deflate
23:08:01.240 [pool-2-thread-23] DEBUG org.apache.http.wire -- http-outgoing-182 >> "POST /auth/login HTTP/1.1[\r][\n]"
23:08:01.240 [pool-2-thread-23] DEBUG org.apache.http.wire -- http-outgoing-182 >> "Content-Type: application/json; charset=UTF-8[\r][\n]"
23:08:01.240 [pool-2-thread-23] DEBUG org.apache.http.wire -- http-outgoing-182 >> "Content-Length: 53[\r][\n]"
23:08:01.240 [pool-2-thread-23] DEBUG org.apache.http.wire -- http-outgoing-182 >> "Host: localhost:3000[\r][\n]"
23:08:01.240 [pool-2-thread-23] DEBUG org.apache.http.wire -- http-outgoing-182 >> "Connection: Keep-Alive[\r][\n]"
23:08:01.240 [pool-2-thread-23] DEBUG org.apache.http.wire -- http-outgoing-182 >> "User-Agent: Apache-HttpClient/4.5.14 (Java/17.0.9)[\r][\n]"
23:08:01.240 [pool-2-thread-23] DEBUG org.apache.http.wire -- http-outgoing-182 >> "Accept-Encoding: gzip,deflate[\r][\n]"
23:08:01.240 [pool-2-thread-23] DEBUG org.apache.http.wire -- http-outgoing-182 >> "[\r][\n]"
23:08:01.240 [pool-2-thread-23] DEBUG org.apache.http.wire -- http-outgoing-182 >> "{"email":"test@example.com","password":"Password123"}"
23:08:01.259 [pool-2-thread-22] DEBUG org.apache.http.wire -- http-outgoing-155 << "HTTP/1.1 200 OK[\r][\n]"
23:08:01.259 [pool-2-thread-22] DEBUG org.apache.http.wire -- http-outgoing-155 << "X-Powered-By: Express[\r][\n]"
23:08:01.259 [pool-2-thread-22] DEBUG org.apache.http.wire -- http-outgoing-155 << "Access-Control-Allow-Origin: *[\r][\n]"
23:08:01.259 [pool-2-thread-22] DEBUG org.apache.http.wire -- http-outgoing-155 << "Content-Type: application/json; charset=utf-8[\r][\n]"
23:08:01.259 [pool-2-thread-22] DEBUG org.apache.http.wire -- http-outgoing-155 << "Content-Length: 715[\r][\n]"
23:08:01.259 [pool-2-thread-22] DEBUG org.apache.http.wire -- http-outgoing-155 << "ETag: W/"2cb-72Y8XBaSXcAAya51OeavR9N3jWk"[\r][\n]"
23:08:01.259 [pool-2-thread-22] DEBUG org.apache.http.wire -- http-outgoing-155 << "Date: Sun, 22 Jun 2025 16:08:01 GMT[\r][\n]"
23:08:01.259 [pool-2-thread-22] DEBUG org.apache.http.wire -- http-outgoing-155 << "Connection: keep-alive[\r][\n]"
23:08:01.259 [pool-2-thread-22] DEBUG org.apache.http.wire -- http-outgoing-155 << "Keep-Alive: timeout=5[\r][\n]"
23:08:01.259 [pool-2-thread-22] DEBUG org.apache.http.wire -- http-outgoing-155 << "[\r][\n]"
23:08:01.259 [pool-2-thread-22] DEBUG org.apache.http.wire -- http-outgoing-155 << "{"access_token":"eyJhbGciOiJIUzI1NiIsInR5cCI6IkpXVCJ9.eyJzdWIiOiIyYjg0YWEyNC02NjhhLTQwZTItYWYxYy1hZDRmYzRmYTVhNmYiLCJ1c2VybmFtZSI6InF1YW5nMSIsInJvbGUiOjAsImlhdCI6MTc1MDYwODQ4MCwiZXhwIjoxNzUwNjEyMDgwfQ.l-qmjCuL8eLHfhIXp2j2aoFwsRktI4Dr2m0XA-6E5GU","refresh_token":"a83441b418714b496d232d011d42b2b2c3b36f56237c0a694541a609f45d1996","user":{"id":"2b84aa24-668a-40e2-af1c-ad4fc4fa5a6f","email":"quang1@gmail.com","username":"quang1","name":"quang1","phoneNumber":"09874563210","profilePic":"https://res.cloudinary.com/dizcvrefo/image/upload/v1749027586/nestjs_uploads/xehairydt9rzlbmbmv4c.jpg","bio":"Thang Nam Lao Vua Thoi","private":false,"verified":false,"role":0,"followersCount":2,"followingCount":3,"postCount":2}}"
23:08:01.261 [pool-2-thread-22] DEBUG org.apache.http.headers -- http-outgoing-155 << HTTP/1.1 200 OK
23:08:01.261 [pool-2-thread-22] DEBUG org.apache.http.headers -- http-outgoing-155 << X-Powered-By: Express
23:08:01.261 [pool-2-thread-22] DEBUG org.apache.http.headers -- http-outgoing-155 << Access-Control-Allow-Origin: *
23:08:01.261 [pool-2-thread-22] DEBUG org.apache.http.headers -- http-outgoing-155 << Content-Type: application/json; charset=utf-8
23:08:01.261 [pool-2-thread-22] DEBUG org.apache.http.headers -- http-outgoing-155 << Content-Length: 715
23:08:01.261 [pool-2-thread-22] DEBUG org.apache.http.headers -- http-outgoing-155 << ETag: W/"2cb-72Y8XBaSXcAAya51OeavR9N3jWk"
23:08:01.261 [pool-2-thread-22] DEBUG org.apache.http.headers -- http-outgoing-155 << Date: Sun, 22 Jun 2025 16:08:01 GMT
23:08:01.261 [pool-2-thread-22] DEBUG org.apache.http.headers -- http-outgoing-155 << Connection: keep-alive
23:08:01.261 [pool-2-thread-22] DEBUG org.apache.http.headers -- http-outgoing-155 << Keep-Alive: timeout=5
23:08:01.261 [pool-2-thread-22] DEBUG org.apache.http.impl.execchain.MainClientExec -- Connection can be kept alive for 5000 MILLISECONDS
23:08:01.261 [pool-2-thread-22] DEBUG org.apache.http.impl.conn.PoolingHttpClientConnectionManager -- Connection [id: 155][route: {}->http://localhost:3000] can be kept alive for 5.0 seconds
23:08:01.261 [pool-2-thread-22] DEBUG org.apache.http.impl.conn.DefaultManagedHttpClientConnection -- http-outgoing-155: set socket timeout to 0
23:08:01.261 [pool-2-thread-22] DEBUG org.apache.http.impl.conn.PoolingHttpClientConnectionManager -- Connection released: [id: 155][route: {}->http://localhost:3000][total available: 1; route allocated: 1 of 5; total allocated: 1 of 10]
23:08:01.261 [pool-2-thread-22] DEBUG org.apache.http.impl.conn.PoolingHttpClientConnectionManager -- Connection manager is shutting down
23:08:01.261 [pool-2-thread-22] DEBUG org.apache.http.impl.conn.DefaultManagedHttpClientConnection -- http-outgoing-155: Close connection
23:08:01.261 [pool-2-thread-22] DEBUG org.apache.http.impl.conn.PoolingHttpClientConnectionManager -- Connection manager shut down
23:08:01.261 [pool-2-thread-22] DEBUG com.intuit.karate -- response time in milliseconds: 2891
7 < 200
7 < X-Powered-By: Express
7 < Access-Control-Allow-Origin: *
7 < Content-Type: application/json; charset=utf-8
7 < Content-Length: 715
7 < ETag: W/"2cb-72Y8XBaSXcAAya51OeavR9N3jWk"
7 < Date: Sun, 22 Jun 2025 16:08:01 GMT
7 < Connection: keep-alive
7 < Keep-Alive: timeout=5
{"access_token":"eyJhbGciOiJIUzI1NiIsInR5cCI6IkpXVCJ9.eyJzdWIiOiIyYjg0YWEyNC02NjhhLTQwZTItYWYxYy1hZDRmYzRmYTVhNmYiLCJ1c2VybmFtZSI6InF1YW5nMSIsInJvbGUiOjAsImlhdCI6MTc1MDYwODQ4MCwiZXhwIjoxNzUwNjEyMDgwfQ.l-qmjCuL8eLHfhIXp2j2aoFwsRktI4Dr2m0XA-6E5GU","refresh_token":"a83441b418714b496d232d011d42b2b2c3b36f56237c0a694541a609f45d1996","user":{"id":"2b84aa24-668a-40e2-af1c-ad4fc4fa5a6f","email":"quang1@gmail.com","username":"quang1","name":"quang1","phoneNumber":"09874563210","profilePic":"https://res.cloudinary.com/dizcvrefo/image/upload/v1749027586/nestjs_uploads/xehairydt9rzlbmbmv4c.jpg","bio":"Thang Nam Lao Vua Thoi","private":false,"verified":false,"role":0,"followersCount":2,"followingCount":3,"postCount":2}}

23:08:01.262 [pool-2-thread-22] INFO com.intuit.karate -- [print] Call 7 completed, status: 200 
23:08:01.263 [pool-2-thread-22] INFO com.intuit.karate -- [print] *** API CALL 8 *** 
23:08:01.264 [pool-2-thread-22] DEBUG org.apache.http.client.protocol.RequestAddCookies -- CookieSpec selected: karate
23:08:01.264 [pool-2-thread-22] DEBUG org.apache.http.client.protocol.RequestAuthCache -- Auth cache not set in the context
23:08:01.264 [pool-2-thread-22] DEBUG com.intuit.karate -- request:
8 > POST http://localhost:3000/auth/login
8 > Content-Type: application/json; charset=UTF-8
8 > Content-Length: 48
8 > Host: localhost:3000
8 > Connection: Keep-Alive
8 > User-Agent: Apache-HttpClient/4.5.14 (Java/17.0.9)
8 > Accept-Encoding: gzip,deflate
{"email":"quang1@gmail.com","password":"quang1"}

23:08:01.264 [pool-2-thread-22] DEBUG org.apache.http.impl.conn.PoolingHttpClientConnectionManager -- Connection request: [route: {}->http://localhost:3000][total available: 0; route allocated: 0 of 5; total allocated: 0 of 10]
23:08:01.264 [pool-2-thread-22] DEBUG org.apache.http.impl.conn.PoolingHttpClientConnectionManager -- Connection leased: [id: 183][route: {}->http://localhost:3000][total available: 0; route allocated: 1 of 5; total allocated: 1 of 10]
23:08:01.264 [pool-2-thread-22] DEBUG org.apache.http.impl.execchain.MainClientExec -- Opening connection {}->http://localhost:3000
23:08:01.264 [pool-2-thread-22] DEBUG org.apache.http.impl.conn.DefaultHttpClientConnectionOperator -- Connecting to localhost/127.0.0.1:3000
23:08:01.265 [pool-2-thread-22] DEBUG org.apache.http.impl.conn.DefaultHttpClientConnectionOperator -- Connection established 127.0.0.1:52851<->127.0.0.1:3000
23:08:01.265 [pool-2-thread-22] DEBUG org.apache.http.impl.conn.DefaultManagedHttpClientConnection -- http-outgoing-183: set socket timeout to 30000
23:08:01.265 [pool-2-thread-22] DEBUG org.apache.http.impl.execchain.MainClientExec -- Executing request POST /auth/login HTTP/1.1
23:08:01.265 [pool-2-thread-22] DEBUG org.apache.http.impl.execchain.MainClientExec -- Target auth state: UNCHALLENGED
23:08:01.265 [pool-2-thread-22] DEBUG org.apache.http.impl.execchain.MainClientExec -- Proxy auth state: UNCHALLENGED
23:08:01.265 [pool-2-thread-22] DEBUG org.apache.http.headers -- http-outgoing-183 >> POST /auth/login HTTP/1.1
23:08:01.265 [pool-2-thread-22] DEBUG org.apache.http.headers -- http-outgoing-183 >> Content-Type: application/json; charset=UTF-8
23:08:01.265 [pool-2-thread-22] DEBUG org.apache.http.headers -- http-outgoing-183 >> Content-Length: 48
23:08:01.265 [pool-2-thread-22] DEBUG org.apache.http.headers -- http-outgoing-183 >> Host: localhost:3000
23:08:01.265 [pool-2-thread-22] DEBUG org.apache.http.headers -- http-outgoing-183 >> Connection: Keep-Alive
23:08:01.265 [pool-2-thread-22] DEBUG org.apache.http.headers -- http-outgoing-183 >> User-Agent: Apache-HttpClient/4.5.14 (Java/17.0.9)
23:08:01.265 [pool-2-thread-22] DEBUG org.apache.http.headers -- http-outgoing-183 >> Accept-Encoding: gzip,deflate
23:08:01.265 [pool-2-thread-22] DEBUG org.apache.http.wire -- http-outgoing-183 >> "POST /auth/login HTTP/1.1[\r][\n]"
23:08:01.265 [pool-2-thread-22] DEBUG org.apache.http.wire -- http-outgoing-183 >> "Content-Type: application/json; charset=UTF-8[\r][\n]"
23:08:01.265 [pool-2-thread-22] DEBUG org.apache.http.wire -- http-outgoing-183 >> "Content-Length: 48[\r][\n]"
23:08:01.265 [pool-2-thread-22] DEBUG org.apache.http.wire -- http-outgoing-183 >> "Host: localhost:3000[\r][\n]"
23:08:01.265 [pool-2-thread-22] DEBUG org.apache.http.wire -- http-outgoing-183 >> "Connection: Keep-Alive[\r][\n]"
23:08:01.265 [pool-2-thread-22] DEBUG org.apache.http.wire -- http-outgoing-183 >> "User-Agent: Apache-HttpClient/4.5.14 (Java/17.0.9)[\r][\n]"
23:08:01.265 [pool-2-thread-22] DEBUG org.apache.http.wire -- http-outgoing-183 >> "Accept-Encoding: gzip,deflate[\r][\n]"
23:08:01.265 [pool-2-thread-22] DEBUG org.apache.http.wire -- http-outgoing-183 >> "[\r][\n]"
23:08:01.265 [pool-2-thread-22] DEBUG org.apache.http.wire -- http-outgoing-183 >> "{"email":"quang1@gmail.com","password":"quang1"}"
23:08:01.272 [pool-2-thread-9] DEBUG org.apache.http.wire -- http-outgoing-165 << "HTTP/1.1 200 OK[\r][\n]"
23:08:01.272 [pool-2-thread-9] DEBUG org.apache.http.wire -- http-outgoing-165 << "X-Powered-By: Express[\r][\n]"
23:08:01.272 [pool-2-thread-9] DEBUG org.apache.http.wire -- http-outgoing-165 << "Access-Control-Allow-Origin: *[\r][\n]"
23:08:01.272 [pool-2-thread-9] DEBUG org.apache.http.wire -- http-outgoing-165 << "Content-Type: application/json; charset=utf-8[\r][\n]"
23:08:01.272 [pool-2-thread-9] DEBUG org.apache.http.wire -- http-outgoing-165 << "Content-Length: 604[\r][\n]"
23:08:01.272 [pool-2-thread-9] DEBUG org.apache.http.wire -- http-outgoing-165 << "ETag: W/"25c-tL3hPBtQVJhGbHOQbb9pT5c9xsI"[\r][\n]"
23:08:01.272 [pool-2-thread-9] DEBUG org.apache.http.wire -- http-outgoing-165 << "Date: Sun, 22 Jun 2025 16:08:01 GMT[\r][\n]"
23:08:01.272 [pool-2-thread-9] DEBUG org.apache.http.wire -- http-outgoing-165 << "Connection: keep-alive[\r][\n]"
23:08:01.272 [pool-2-thread-9] DEBUG org.apache.http.wire -- http-outgoing-165 << "Keep-Alive: timeout=5[\r][\n]"
23:08:01.272 [pool-2-thread-9] DEBUG org.apache.http.wire -- http-outgoing-165 << "[\r][\n]"
23:08:01.272 [pool-2-thread-9] DEBUG org.apache.http.wire -- http-outgoing-165 << "{"access_token":"eyJhbGciOiJIUzI1NiIsInR5cCI6IkpXVCJ9.eyJzdWIiOiJkZjZmMDkxOS1hMjNkLTQ0YzktYTkyNS00ZWE4YmU1MjVkMTAiLCJ1c2VybmFtZSI6ImpvaG5kb2UyMyIsInJvbGUiOjAsImlhdCI6MTc1MDYwODQ4MCwiZXhwIjoxNzUwNjEyMDgwfQ.yPWm1aQJQ_oa8VLgbMD5iNH83hxbD4uuDbE1wzvDDZQ","refresh_token":"4288e453529ee27e7799362471bd277ab4792da18e7361a3bbf4d86b1236b067","user":{"id":"df6f0919-a23d-44c9-a925-4ea8be525d10","email":"testit@gmail.com","username":"johndoe23","name":"John Doe","phoneNumber":"0123456788","profilePic":null,"bio":null,"private":false,"verified":false,"role":0,"followersCount":0,"followingCount":0,"postCount":0}}"
23:08:01.272 [pool-2-thread-9] DEBUG org.apache.http.headers -- http-outgoing-165 << HTTP/1.1 200 OK
23:08:01.272 [pool-2-thread-9] DEBUG org.apache.http.headers -- http-outgoing-165 << X-Powered-By: Express
23:08:01.272 [pool-2-thread-9] DEBUG org.apache.http.headers -- http-outgoing-165 << Access-Control-Allow-Origin: *
23:08:01.272 [pool-2-thread-9] DEBUG org.apache.http.headers -- http-outgoing-165 << Content-Type: application/json; charset=utf-8
23:08:01.272 [pool-2-thread-9] DEBUG org.apache.http.headers -- http-outgoing-165 << Content-Length: 604
23:08:01.272 [pool-2-thread-9] DEBUG org.apache.http.headers -- http-outgoing-165 << ETag: W/"25c-tL3hPBtQVJhGbHOQbb9pT5c9xsI"
23:08:01.272 [pool-2-thread-9] DEBUG org.apache.http.headers -- http-outgoing-165 << Date: Sun, 22 Jun 2025 16:08:01 GMT
23:08:01.272 [pool-2-thread-9] DEBUG org.apache.http.headers -- http-outgoing-165 << Connection: keep-alive
23:08:01.272 [pool-2-thread-9] DEBUG org.apache.http.headers -- http-outgoing-165 << Keep-Alive: timeout=5
23:08:01.272 [pool-2-thread-9] DEBUG org.apache.http.impl.execchain.MainClientExec -- Connection can be kept alive for 5000 MILLISECONDS
23:08:01.272 [pool-2-thread-9] DEBUG org.apache.http.impl.conn.PoolingHttpClientConnectionManager -- Connection [id: 165][route: {}->http://localhost:3000] can be kept alive for 5.0 seconds
23:08:01.272 [pool-2-thread-9] DEBUG org.apache.http.impl.conn.DefaultManagedHttpClientConnection -- http-outgoing-165: set socket timeout to 0
23:08:01.272 [pool-2-thread-9] DEBUG org.apache.http.impl.conn.PoolingHttpClientConnectionManager -- Connection released: [id: 165][route: {}->http://localhost:3000][total available: 1; route allocated: 1 of 5; total allocated: 1 of 10]
23:08:01.272 [pool-2-thread-9] DEBUG org.apache.http.impl.conn.PoolingHttpClientConnectionManager -- Connection manager is shutting down
23:08:01.272 [pool-2-thread-9] DEBUG org.apache.http.impl.conn.DefaultManagedHttpClientConnection -- http-outgoing-165: Close connection
23:08:01.272 [pool-2-thread-9] DEBUG org.apache.http.impl.conn.PoolingHttpClientConnectionManager -- Connection manager shut down
23:08:01.272 [pool-2-thread-9] DEBUG com.intuit.karate -- response time in milliseconds: 1927
6 < 200
6 < X-Powered-By: Express
6 < Access-Control-Allow-Origin: *
6 < Content-Type: application/json; charset=utf-8
6 < Content-Length: 604
6 < ETag: W/"25c-tL3hPBtQVJhGbHOQbb9pT5c9xsI"
6 < Date: Sun, 22 Jun 2025 16:08:01 GMT
6 < Connection: keep-alive
6 < Keep-Alive: timeout=5
{"access_token":"eyJhbGciOiJIUzI1NiIsInR5cCI6IkpXVCJ9.eyJzdWIiOiJkZjZmMDkxOS1hMjNkLTQ0YzktYTkyNS00ZWE4YmU1MjVkMTAiLCJ1c2VybmFtZSI6ImpvaG5kb2UyMyIsInJvbGUiOjAsImlhdCI6MTc1MDYwODQ4MCwiZXhwIjoxNzUwNjEyMDgwfQ.yPWm1aQJQ_oa8VLgbMD5iNH83hxbD4uuDbE1wzvDDZQ","refresh_token":"4288e453529ee27e7799362471bd277ab4792da18e7361a3bbf4d86b1236b067","user":{"id":"df6f0919-a23d-44c9-a925-4ea8be525d10","email":"testit@gmail.com","username":"johndoe23","name":"John Doe","phoneNumber":"0123456788","profilePic":null,"bio":null,"private":false,"verified":false,"role":0,"followersCount":0,"followingCount":0,"postCount":0}}

23:08:01.273 [pool-2-thread-9] INFO com.intuit.karate -- [print] Call 6 completed, status: 200 
23:08:01.273 [pool-2-thread-9] INFO com.intuit.karate -- [print] *** API CALL 7 *** 
23:08:01.274 [pool-2-thread-9] DEBUG org.apache.http.client.protocol.RequestAddCookies -- CookieSpec selected: karate
23:08:01.274 [pool-2-thread-9] DEBUG org.apache.http.client.protocol.RequestAuthCache -- Auth cache not set in the context
23:08:01.274 [pool-2-thread-9] DEBUG com.intuit.karate -- request:
7 > POST http://localhost:3000/auth/login
7 > Content-Type: application/json; charset=UTF-8
7 > Content-Length: 53
7 > Host: localhost:3000
7 > Connection: Keep-Alive
7 > User-Agent: Apache-HttpClient/4.5.14 (Java/17.0.9)
7 > Accept-Encoding: gzip,deflate
{"email":"testit@gmail.com","password":"Password123"}

23:08:01.274 [pool-2-thread-9] DEBUG org.apache.http.impl.conn.PoolingHttpClientConnectionManager -- Connection request: [route: {}->http://localhost:3000][total available: 0; route allocated: 0 of 5; total allocated: 0 of 10]
23:08:01.274 [pool-2-thread-9] DEBUG org.apache.http.impl.conn.PoolingHttpClientConnectionManager -- Connection leased: [id: 184][route: {}->http://localhost:3000][total available: 0; route allocated: 1 of 5; total allocated: 1 of 10]
23:08:01.274 [pool-2-thread-9] DEBUG org.apache.http.impl.execchain.MainClientExec -- Opening connection {}->http://localhost:3000
23:08:01.275 [pool-2-thread-9] DEBUG org.apache.http.impl.conn.DefaultHttpClientConnectionOperator -- Connecting to localhost/127.0.0.1:3000
23:08:01.275 [pool-2-thread-9] DEBUG org.apache.http.impl.conn.DefaultHttpClientConnectionOperator -- Connection established 127.0.0.1:52852<->127.0.0.1:3000
23:08:01.275 [pool-2-thread-9] DEBUG org.apache.http.impl.conn.DefaultManagedHttpClientConnection -- http-outgoing-184: set socket timeout to 30000
23:08:01.275 [pool-2-thread-9] DEBUG org.apache.http.impl.execchain.MainClientExec -- Executing request POST /auth/login HTTP/1.1
23:08:01.275 [pool-2-thread-9] DEBUG org.apache.http.impl.execchain.MainClientExec -- Target auth state: UNCHALLENGED
23:08:01.275 [pool-2-thread-9] DEBUG org.apache.http.impl.execchain.MainClientExec -- Proxy auth state: UNCHALLENGED
23:08:01.275 [pool-2-thread-9] DEBUG org.apache.http.headers -- http-outgoing-184 >> POST /auth/login HTTP/1.1
23:08:01.275 [pool-2-thread-9] DEBUG org.apache.http.headers -- http-outgoing-184 >> Content-Type: application/json; charset=UTF-8
23:08:01.275 [pool-2-thread-9] DEBUG org.apache.http.headers -- http-outgoing-184 >> Content-Length: 53
23:08:01.275 [pool-2-thread-9] DEBUG org.apache.http.headers -- http-outgoing-184 >> Host: localhost:3000
23:08:01.275 [pool-2-thread-9] DEBUG org.apache.http.headers -- http-outgoing-184 >> Connection: Keep-Alive
23:08:01.275 [pool-2-thread-9] DEBUG org.apache.http.headers -- http-outgoing-184 >> User-Agent: Apache-HttpClient/4.5.14 (Java/17.0.9)
23:08:01.275 [pool-2-thread-9] DEBUG org.apache.http.headers -- http-outgoing-184 >> Accept-Encoding: gzip,deflate
23:08:01.275 [pool-2-thread-9] DEBUG org.apache.http.wire -- http-outgoing-184 >> "POST /auth/login HTTP/1.1[\r][\n]"
23:08:01.275 [pool-2-thread-9] DEBUG org.apache.http.wire -- http-outgoing-184 >> "Content-Type: application/json; charset=UTF-8[\r][\n]"
23:08:01.275 [pool-2-thread-9] DEBUG org.apache.http.wire -- http-outgoing-184 >> "Content-Length: 53[\r][\n]"
23:08:01.275 [pool-2-thread-9] DEBUG org.apache.http.wire -- http-outgoing-184 >> "Host: localhost:3000[\r][\n]"
23:08:01.275 [pool-2-thread-9] DEBUG org.apache.http.wire -- http-outgoing-184 >> "Connection: Keep-Alive[\r][\n]"
23:08:01.275 [pool-2-thread-9] DEBUG org.apache.http.wire -- http-outgoing-184 >> "User-Agent: Apache-HttpClient/4.5.14 (Java/17.0.9)[\r][\n]"
23:08:01.275 [pool-2-thread-9] DEBUG org.apache.http.wire -- http-outgoing-184 >> "Accept-Encoding: gzip,deflate[\r][\n]"
23:08:01.275 [pool-2-thread-9] DEBUG org.apache.http.wire -- http-outgoing-184 >> "[\r][\n]"
23:08:01.275 [pool-2-thread-9] DEBUG org.apache.http.wire -- http-outgoing-184 >> "{"email":"testit@gmail.com","password":"Password123"}"
23:08:01.326 [pool-2-thread-17] DEBUG org.apache.http.wire -- http-outgoing-145 << "HTTP/1.1 200 OK[\r][\n]"
23:08:01.326 [pool-2-thread-17] DEBUG org.apache.http.wire -- http-outgoing-145 << "X-Powered-By: Express[\r][\n]"
23:08:01.326 [pool-2-thread-17] DEBUG org.apache.http.wire -- http-outgoing-145 << "Access-Control-Allow-Origin: *[\r][\n]"
23:08:01.326 [pool-2-thread-17] DEBUG org.apache.http.wire -- http-outgoing-145 << "Content-Type: application/json; charset=utf-8[\r][\n]"
23:08:01.326 [pool-2-thread-17] DEBUG org.apache.http.wire -- http-outgoing-145 << "Content-Length: 605[\r][\n]"
23:08:01.326 [pool-2-thread-17] DEBUG org.apache.http.wire -- http-outgoing-145 << "ETag: W/"25d-fOTeLj5rYBEr6v6CgJ6htE0l2aQ"[\r][\n]"
23:08:01.326 [pool-2-thread-17] DEBUG org.apache.http.wire -- http-outgoing-145 << "Date: Sun, 22 Jun 2025 16:08:01 GMT[\r][\n]"
23:08:01.326 [pool-2-thread-17] DEBUG org.apache.http.wire -- http-outgoing-145 << "Connection: keep-alive[\r][\n]"
23:08:01.326 [pool-2-thread-17] DEBUG org.apache.http.wire -- http-outgoing-145 << "Keep-Alive: timeout=5[\r][\n]"
23:08:01.326 [pool-2-thread-17] DEBUG org.apache.http.wire -- http-outgoing-145 << "[\r][\n]"
23:08:01.326 [pool-2-thread-17] DEBUG org.apache.http.wire -- http-outgoing-145 << "{"access_token":"eyJhbGciOiJIUzI1NiIsInR5cCI6IkpXVCJ9.eyJzdWIiOiI2NTBjZTFlZC1hYWNhLTQzOGYtOTk4OC0xZjA1OGFiNWFhMWEiLCJ1c2VybmFtZSI6ImpvaG5kb2UyNSIsInJvbGUiOjAsImlhdCI6MTc1MDYwODQ4MSwiZXhwIjoxNzUwNjEyMDgxfQ.kjYswsm9b_GpxbFtSK1PnFTGpGyZVbUlKIYvwU4OOJc","refresh_token":"281c297d31ed2848401ab9839f16f9a3df8e5a8396d8d06b0395825dc6a59de1","user":{"id":"650ce1ed-aaca-438f-9988-1f058ab5aa1a","email":"testit3@gmail.com","username":"johndoe25","name":"John Doe","phoneNumber":"0123456713","profilePic":null,"bio":null,"private":false,"verified":false,"role":0,"followersCount":0,"followingCount":0,"postCount":0}}"
23:08:01.326 [pool-2-thread-17] DEBUG org.apache.http.headers -- http-outgoing-145 << HTTP/1.1 200 OK
23:08:01.326 [pool-2-thread-17] DEBUG org.apache.http.headers -- http-outgoing-145 << X-Powered-By: Express
23:08:01.326 [pool-2-thread-17] DEBUG org.apache.http.headers -- http-outgoing-145 << Access-Control-Allow-Origin: *
23:08:01.326 [pool-2-thread-17] DEBUG org.apache.http.headers -- http-outgoing-145 << Content-Type: application/json; charset=utf-8
23:08:01.326 [pool-2-thread-17] DEBUG org.apache.http.headers -- http-outgoing-145 << Content-Length: 605
23:08:01.326 [pool-2-thread-17] DEBUG org.apache.http.headers -- http-outgoing-145 << ETag: W/"25d-fOTeLj5rYBEr6v6CgJ6htE0l2aQ"
23:08:01.326 [pool-2-thread-17] DEBUG org.apache.http.headers -- http-outgoing-145 << Date: Sun, 22 Jun 2025 16:08:01 GMT
23:08:01.326 [pool-2-thread-17] DEBUG org.apache.http.headers -- http-outgoing-145 << Connection: keep-alive
23:08:01.326 [pool-2-thread-17] DEBUG org.apache.http.headers -- http-outgoing-145 << Keep-Alive: timeout=5
23:08:01.326 [pool-2-thread-17] DEBUG org.apache.http.impl.execchain.MainClientExec -- Connection can be kept alive for 5000 MILLISECONDS
23:08:01.326 [pool-2-thread-17] DEBUG org.apache.http.impl.conn.PoolingHttpClientConnectionManager -- Connection [id: 145][route: {}->http://localhost:3000] can be kept alive for 5.0 seconds
23:08:01.326 [pool-2-thread-17] DEBUG org.apache.http.impl.conn.DefaultManagedHttpClientConnection -- http-outgoing-145: set socket timeout to 0
23:08:01.326 [pool-2-thread-17] DEBUG org.apache.http.impl.conn.PoolingHttpClientConnectionManager -- Connection released: [id: 145][route: {}->http://localhost:3000][total available: 1; route allocated: 1 of 5; total allocated: 1 of 10]
23:08:01.326 [pool-2-thread-17] DEBUG org.apache.http.impl.conn.PoolingHttpClientConnectionManager -- Connection manager is shutting down
23:08:01.326 [pool-2-thread-17] DEBUG org.apache.http.impl.conn.DefaultManagedHttpClientConnection -- http-outgoing-145: Close connection
23:08:01.326 [pool-2-thread-17] DEBUG org.apache.http.impl.conn.PoolingHttpClientConnectionManager -- Connection manager shut down
23:08:01.326 [pool-2-thread-17] DEBUG com.intuit.karate -- response time in milliseconds: 3982
5 < 200
5 < X-Powered-By: Express
5 < Access-Control-Allow-Origin: *
5 < Content-Type: application/json; charset=utf-8
5 < Content-Length: 605
5 < ETag: W/"25d-fOTeLj5rYBEr6v6CgJ6htE0l2aQ"
5 < Date: Sun, 22 Jun 2025 16:08:01 GMT
5 < Connection: keep-alive
5 < Keep-Alive: timeout=5
{"access_token":"eyJhbGciOiJIUzI1NiIsInR5cCI6IkpXVCJ9.eyJzdWIiOiI2NTBjZTFlZC1hYWNhLTQzOGYtOTk4OC0xZjA1OGFiNWFhMWEiLCJ1c2VybmFtZSI6ImpvaG5kb2UyNSIsInJvbGUiOjAsImlhdCI6MTc1MDYwODQ4MSwiZXhwIjoxNzUwNjEyMDgxfQ.kjYswsm9b_GpxbFtSK1PnFTGpGyZVbUlKIYvwU4OOJc","refresh_token":"281c297d31ed2848401ab9839f16f9a3df8e5a8396d8d06b0395825dc6a59de1","user":{"id":"650ce1ed-aaca-438f-9988-1f058ab5aa1a","email":"testit3@gmail.com","username":"johndoe25","name":"John Doe","phoneNumber":"0123456713","profilePic":null,"bio":null,"private":false,"verified":false,"role":0,"followersCount":0,"followingCount":0,"postCount":0}}

23:08:01.328 [pool-2-thread-17] INFO com.intuit.karate -- [print] Call 5 completed, status: 200 
23:08:01.329 [pool-2-thread-17] INFO com.intuit.karate -- [print] *** API CALL 6 *** 
23:08:01.330 [pool-2-thread-17] DEBUG org.apache.http.client.protocol.RequestAddCookies -- CookieSpec selected: karate
23:08:01.330 [pool-2-thread-17] DEBUG org.apache.http.client.protocol.RequestAuthCache -- Auth cache not set in the context
23:08:01.330 [pool-2-thread-17] DEBUG com.intuit.karate -- request:
6 > POST http://localhost:3000/auth/login
6 > Content-Type: application/json; charset=UTF-8
6 > Content-Length: 54
6 > Host: localhost:3000
6 > Connection: Keep-Alive
6 > User-Agent: Apache-HttpClient/4.5.14 (Java/17.0.9)
6 > Accept-Encoding: gzip,deflate
{"email":"testit3@gmail.com","password":"Password123"}

23:08:01.331 [pool-2-thread-17] DEBUG org.apache.http.impl.conn.PoolingHttpClientConnectionManager -- Connection request: [route: {}->http://localhost:3000][total available: 0; route allocated: 0 of 5; total allocated: 0 of 10]
23:08:01.331 [pool-2-thread-17] DEBUG org.apache.http.impl.conn.PoolingHttpClientConnectionManager -- Connection leased: [id: 185][route: {}->http://localhost:3000][total available: 0; route allocated: 1 of 5; total allocated: 1 of 10]
23:08:01.331 [pool-2-thread-17] DEBUG org.apache.http.impl.execchain.MainClientExec -- Opening connection {}->http://localhost:3000
23:08:01.331 [pool-2-thread-17] DEBUG org.apache.http.impl.conn.DefaultHttpClientConnectionOperator -- Connecting to localhost/127.0.0.1:3000
23:08:01.332 [pool-2-thread-17] DEBUG org.apache.http.impl.conn.DefaultHttpClientConnectionOperator -- Connection established 127.0.0.1:52853<->127.0.0.1:3000
23:08:01.332 [pool-2-thread-17] DEBUG org.apache.http.impl.conn.DefaultManagedHttpClientConnection -- http-outgoing-185: set socket timeout to 30000
23:08:01.332 [pool-2-thread-17] DEBUG org.apache.http.impl.execchain.MainClientExec -- Executing request POST /auth/login HTTP/1.1
23:08:01.332 [pool-2-thread-17] DEBUG org.apache.http.impl.execchain.MainClientExec -- Target auth state: UNCHALLENGED
23:08:01.332 [pool-2-thread-17] DEBUG org.apache.http.impl.execchain.MainClientExec -- Proxy auth state: UNCHALLENGED
23:08:01.332 [pool-2-thread-17] DEBUG org.apache.http.headers -- http-outgoing-185 >> POST /auth/login HTTP/1.1
23:08:01.332 [pool-2-thread-17] DEBUG org.apache.http.headers -- http-outgoing-185 >> Content-Type: application/json; charset=UTF-8
23:08:01.332 [pool-2-thread-17] DEBUG org.apache.http.headers -- http-outgoing-185 >> Content-Length: 54
23:08:01.332 [pool-2-thread-17] DEBUG org.apache.http.headers -- http-outgoing-185 >> Host: localhost:3000
23:08:01.332 [pool-2-thread-17] DEBUG org.apache.http.headers -- http-outgoing-185 >> Connection: Keep-Alive
23:08:01.332 [pool-2-thread-17] DEBUG org.apache.http.headers -- http-outgoing-185 >> User-Agent: Apache-HttpClient/4.5.14 (Java/17.0.9)
23:08:01.332 [pool-2-thread-17] DEBUG org.apache.http.headers -- http-outgoing-185 >> Accept-Encoding: gzip,deflate
23:08:01.332 [pool-2-thread-17] DEBUG org.apache.http.wire -- http-outgoing-185 >> "POST /auth/login HTTP/1.1[\r][\n]"
23:08:01.332 [pool-2-thread-17] DEBUG org.apache.http.wire -- http-outgoing-185 >> "Content-Type: application/json; charset=UTF-8[\r][\n]"
23:08:01.332 [pool-2-thread-17] DEBUG org.apache.http.wire -- http-outgoing-185 >> "Content-Length: 54[\r][\n]"
23:08:01.332 [pool-2-thread-17] DEBUG org.apache.http.wire -- http-outgoing-185 >> "Host: localhost:3000[\r][\n]"
23:08:01.332 [pool-2-thread-17] DEBUG org.apache.http.wire -- http-outgoing-185 >> "Connection: Keep-Alive[\r][\n]"
23:08:01.332 [pool-2-thread-17] DEBUG org.apache.http.wire -- http-outgoing-185 >> "User-Agent: Apache-HttpClient/4.5.14 (Java/17.0.9)[\r][\n]"
23:08:01.332 [pool-2-thread-17] DEBUG org.apache.http.wire -- http-outgoing-185 >> "Accept-Encoding: gzip,deflate[\r][\n]"
23:08:01.332 [pool-2-thread-17] DEBUG org.apache.http.wire -- http-outgoing-185 >> "[\r][\n]"
23:08:01.332 [pool-2-thread-17] DEBUG org.apache.http.wire -- http-outgoing-185 >> "{"email":"testit3@gmail.com","password":"Password123"}"
23:08:01.335 [pool-2-thread-28] DEBUG org.apache.http.wire -- http-outgoing-138 << "HTTP/1.1 200 OK[\r][\n]"
23:08:01.335 [pool-2-thread-28] DEBUG org.apache.http.wire -- http-outgoing-138 << "X-Powered-By: Express[\r][\n]"
23:08:01.335 [pool-2-thread-28] DEBUG org.apache.http.wire -- http-outgoing-138 << "Access-Control-Allow-Origin: *[\r][\n]"
23:08:01.335 [pool-2-thread-28] DEBUG org.apache.http.wire -- http-outgoing-138 << "Content-Type: application/json; charset=utf-8[\r][\n]"
23:08:01.335 [pool-2-thread-28] DEBUG org.apache.http.wire -- http-outgoing-138 << "Content-Length: 609[\r][\n]"
23:08:01.335 [pool-2-thread-28] DEBUG org.apache.http.wire -- http-outgoing-138 << "ETag: W/"261-tOiGIg0yMYMlcRgA5lQfkiwiogU"[\r][\n]"
23:08:01.335 [pool-2-thread-28] DEBUG org.apache.http.wire -- http-outgoing-138 << "Date: Sun, 22 Jun 2025 16:08:01 GMT[\r][\n]"
23:08:01.335 [pool-2-thread-28] DEBUG org.apache.http.wire -- http-outgoing-138 << "Connection: keep-alive[\r][\n]"
23:08:01.335 [pool-2-thread-28] DEBUG org.apache.http.wire -- http-outgoing-138 << "Keep-Alive: timeout=5[\r][\n]"
23:08:01.335 [pool-2-thread-28] DEBUG org.apache.http.wire -- http-outgoing-138 << "[\r][\n]"
23:08:01.335 [pool-2-thread-28] DEBUG org.apache.http.wire -- http-outgoing-138 << "{"access_token":"eyJhbGciOiJIUzI1NiIsInR5cCI6IkpXVCJ9.eyJzdWIiOiIyNzJmNmI1NS01MTc5LTRhZTMtODU2My1iNGVjMTBmNzY3MTUiLCJ1c2VybmFtZSI6ImpvaG5kb2UyZDVkIiwicm9sZSI6MCwiaWF0IjoxNzUwNjA4NDgxLCJleHAiOjE3NTA2MTIwODF9.RQDuKnTf2tLUNUOhte3Fr6YEPqEMZyCipLobCyyw6t8","refresh_token":"5c3b86ac2d6cc692a955b664ac4cbe3fce9fdf00a97896e9dbebffe8a9e1b1a4","user":{"id":"272f6b55-5179-4ae3-8563-b4ec10f76715","email":"testit5@gmail.com","username":"johndoe2d5d","name":"John Doe","phoneNumber":"0123456132","profilePic":null,"bio":null,"private":false,"verified":false,"role":0,"followersCount":0,"followingCount":0,"postCount":0}}"
23:08:01.335 [pool-2-thread-28] DEBUG org.apache.http.headers -- http-outgoing-138 << HTTP/1.1 200 OK
23:08:01.335 [pool-2-thread-28] DEBUG org.apache.http.headers -- http-outgoing-138 << X-Powered-By: Express
23:08:01.335 [pool-2-thread-28] DEBUG org.apache.http.headers -- http-outgoing-138 << Access-Control-Allow-Origin: *
23:08:01.335 [pool-2-thread-28] DEBUG org.apache.http.headers -- http-outgoing-138 << Content-Type: application/json; charset=utf-8
23:08:01.335 [pool-2-thread-28] DEBUG org.apache.http.headers -- http-outgoing-138 << Content-Length: 609
23:08:01.335 [pool-2-thread-28] DEBUG org.apache.http.headers -- http-outgoing-138 << ETag: W/"261-tOiGIg0yMYMlcRgA5lQfkiwiogU"
23:08:01.335 [pool-2-thread-28] DEBUG org.apache.http.headers -- http-outgoing-138 << Date: Sun, 22 Jun 2025 16:08:01 GMT
23:08:01.335 [pool-2-thread-28] DEBUG org.apache.http.headers -- http-outgoing-138 << Connection: keep-alive
23:08:01.335 [pool-2-thread-28] DEBUG org.apache.http.headers -- http-outgoing-138 << Keep-Alive: timeout=5
23:08:01.335 [pool-2-thread-28] DEBUG org.apache.http.impl.execchain.MainClientExec -- Connection can be kept alive for 5000 MILLISECONDS
23:08:01.335 [pool-2-thread-28] DEBUG org.apache.http.impl.conn.PoolingHttpClientConnectionManager -- Connection [id: 138][route: {}->http://localhost:3000] can be kept alive for 5.0 seconds
23:08:01.335 [pool-2-thread-28] DEBUG org.apache.http.impl.conn.DefaultManagedHttpClientConnection -- http-outgoing-138: set socket timeout to 0
23:08:01.335 [pool-2-thread-28] DEBUG org.apache.http.impl.conn.PoolingHttpClientConnectionManager -- Connection released: [id: 138][route: {}->http://localhost:3000][total available: 1; route allocated: 1 of 5; total allocated: 1 of 10]
23:08:01.335 [pool-2-thread-28] DEBUG org.apache.http.impl.conn.PoolingHttpClientConnectionManager -- Connection manager is shutting down
23:08:01.335 [pool-2-thread-28] DEBUG org.apache.http.impl.conn.DefaultManagedHttpClientConnection -- http-outgoing-138: Close connection
23:08:01.335 [pool-2-thread-28] DEBUG org.apache.http.impl.conn.PoolingHttpClientConnectionManager -- Connection manager shut down
23:08:01.335 [pool-2-thread-28] DEBUG com.intuit.karate -- response time in milliseconds: 4907
5 < 200
5 < X-Powered-By: Express
5 < Access-Control-Allow-Origin: *
5 < Content-Type: application/json; charset=utf-8
5 < Content-Length: 609
5 < ETag: W/"261-tOiGIg0yMYMlcRgA5lQfkiwiogU"
5 < Date: Sun, 22 Jun 2025 16:08:01 GMT
5 < Connection: keep-alive
5 < Keep-Alive: timeout=5
{"access_token":"eyJhbGciOiJIUzI1NiIsInR5cCI6IkpXVCJ9.eyJzdWIiOiIyNzJmNmI1NS01MTc5LTRhZTMtODU2My1iNGVjMTBmNzY3MTUiLCJ1c2VybmFtZSI6ImpvaG5kb2UyZDVkIiwicm9sZSI6MCwiaWF0IjoxNzUwNjA4NDgxLCJleHAiOjE3NTA2MTIwODF9.RQDuKnTf2tLUNUOhte3Fr6YEPqEMZyCipLobCyyw6t8","refresh_token":"5c3b86ac2d6cc692a955b664ac4cbe3fce9fdf00a97896e9dbebffe8a9e1b1a4","user":{"id":"272f6b55-5179-4ae3-8563-b4ec10f76715","email":"testit5@gmail.com","username":"johndoe2d5d","name":"John Doe","phoneNumber":"0123456132","profilePic":null,"bio":null,"private":false,"verified":false,"role":0,"followersCount":0,"followingCount":0,"postCount":0}}

23:08:01.336 [pool-2-thread-28] INFO com.intuit.karate -- [print] Call 5 completed, status: 200 
23:08:01.336 [pool-2-thread-28] INFO com.intuit.karate -- [print] *** API CALL 6 *** 
23:08:01.338 [pool-2-thread-28] DEBUG org.apache.http.client.protocol.RequestAddCookies -- CookieSpec selected: karate
23:08:01.338 [pool-2-thread-28] DEBUG org.apache.http.client.protocol.RequestAuthCache -- Auth cache not set in the context
23:08:01.338 [pool-2-thread-28] DEBUG com.intuit.karate -- request:
6 > POST http://localhost:3000/auth/login
6 > Content-Type: application/json; charset=UTF-8
6 > Content-Length: 54
6 > Host: localhost:3000
6 > Connection: Keep-Alive
6 > User-Agent: Apache-HttpClient/4.5.14 (Java/17.0.9)
6 > Accept-Encoding: gzip,deflate
{"email":"testit5@gmail.com","password":"Password123"}

23:08:01.338 [pool-2-thread-28] DEBUG org.apache.http.impl.conn.PoolingHttpClientConnectionManager -- Connection request: [route: {}->http://localhost:3000][total available: 0; route allocated: 0 of 5; total allocated: 0 of 10]
23:08:01.338 [pool-2-thread-28] DEBUG org.apache.http.impl.conn.PoolingHttpClientConnectionManager -- Connection leased: [id: 186][route: {}->http://localhost:3000][total available: 0; route allocated: 1 of 5; total allocated: 1 of 10]
23:08:01.338 [pool-2-thread-28] DEBUG org.apache.http.impl.execchain.MainClientExec -- Opening connection {}->http://localhost:3000
23:08:01.339 [pool-2-thread-28] DEBUG org.apache.http.impl.conn.DefaultHttpClientConnectionOperator -- Connecting to localhost/127.0.0.1:3000
23:08:01.339 [pool-2-thread-28] DEBUG org.apache.http.impl.conn.DefaultHttpClientConnectionOperator -- Connection established 127.0.0.1:52854<->127.0.0.1:3000
23:08:01.339 [pool-2-thread-28] DEBUG org.apache.http.impl.conn.DefaultManagedHttpClientConnection -- http-outgoing-186: set socket timeout to 30000
23:08:01.340 [pool-2-thread-28] DEBUG org.apache.http.impl.execchain.MainClientExec -- Executing request POST /auth/login HTTP/1.1
23:08:01.340 [pool-2-thread-28] DEBUG org.apache.http.impl.execchain.MainClientExec -- Target auth state: UNCHALLENGED
23:08:01.340 [pool-2-thread-28] DEBUG org.apache.http.impl.execchain.MainClientExec -- Proxy auth state: UNCHALLENGED
23:08:01.340 [pool-2-thread-28] DEBUG org.apache.http.headers -- http-outgoing-186 >> POST /auth/login HTTP/1.1
23:08:01.340 [pool-2-thread-28] DEBUG org.apache.http.headers -- http-outgoing-186 >> Content-Type: application/json; charset=UTF-8
23:08:01.340 [pool-2-thread-28] DEBUG org.apache.http.headers -- http-outgoing-186 >> Content-Length: 54
23:08:01.340 [pool-2-thread-28] DEBUG org.apache.http.headers -- http-outgoing-186 >> Host: localhost:3000
23:08:01.340 [pool-2-thread-28] DEBUG org.apache.http.headers -- http-outgoing-186 >> Connection: Keep-Alive
23:08:01.340 [pool-2-thread-28] DEBUG org.apache.http.headers -- http-outgoing-186 >> User-Agent: Apache-HttpClient/4.5.14 (Java/17.0.9)
23:08:01.340 [pool-2-thread-28] DEBUG org.apache.http.headers -- http-outgoing-186 >> Accept-Encoding: gzip,deflate
23:08:01.340 [pool-2-thread-28] DEBUG org.apache.http.wire -- http-outgoing-186 >> "POST /auth/login HTTP/1.1[\r][\n]"
23:08:01.340 [pool-2-thread-28] DEBUG org.apache.http.wire -- http-outgoing-186 >> "Content-Type: application/json; charset=UTF-8[\r][\n]"
23:08:01.340 [pool-2-thread-28] DEBUG org.apache.http.wire -- http-outgoing-186 >> "Content-Length: 54[\r][\n]"
23:08:01.340 [pool-2-thread-28] DEBUG org.apache.http.wire -- http-outgoing-186 >> "Host: localhost:3000[\r][\n]"
23:08:01.340 [pool-2-thread-28] DEBUG org.apache.http.wire -- http-outgoing-186 >> "Connection: Keep-Alive[\r][\n]"
23:08:01.340 [pool-2-thread-28] DEBUG org.apache.http.wire -- http-outgoing-186 >> "User-Agent: Apache-HttpClient/4.5.14 (Java/17.0.9)[\r][\n]"
23:08:01.340 [pool-2-thread-28] DEBUG org.apache.http.wire -- http-outgoing-186 >> "Accept-Encoding: gzip,deflate[\r][\n]"
23:08:01.340 [pool-2-thread-28] DEBUG org.apache.http.wire -- http-outgoing-186 >> "[\r][\n]"
23:08:01.340 [pool-2-thread-28] DEBUG org.apache.http.wire -- http-outgoing-186 >> "{"email":"testit5@gmail.com","password":"Password123"}"
23:08:01.372 [pool-2-thread-21] DEBUG org.apache.http.wire -- http-outgoing-162 << "HTTP/1.1 200 OK[\r][\n]"
23:08:01.372 [pool-2-thread-21] DEBUG org.apache.http.wire -- http-outgoing-162 << "X-Powered-By: Express[\r][\n]"
23:08:01.372 [pool-2-thread-21] DEBUG org.apache.http.wire -- http-outgoing-162 << "Access-Control-Allow-Origin: *[\r][\n]"
23:08:01.372 [pool-2-thread-21] DEBUG org.apache.http.wire -- http-outgoing-162 << "Content-Type: application/json; charset=utf-8[\r][\n]"
23:08:01.372 [pool-2-thread-21] DEBUG org.apache.http.wire -- http-outgoing-162 << "Content-Length: 708[\r][\n]"
23:08:01.372 [pool-2-thread-21] DEBUG org.apache.http.wire -- http-outgoing-162 << "ETag: W/"2c4-4JE2p34NDQ+oKo9YnL+7bd7xYlg"[\r][\n]"
23:08:01.372 [pool-2-thread-21] DEBUG org.apache.http.wire -- http-outgoing-162 << "Date: Sun, 22 Jun 2025 16:08:01 GMT[\r][\n]"
23:08:01.372 [pool-2-thread-21] DEBUG org.apache.http.wire -- http-outgoing-162 << "Connection: keep-alive[\r][\n]"
23:08:01.372 [pool-2-thread-21] DEBUG org.apache.http.wire -- http-outgoing-162 << "Keep-Alive: timeout=5[\r][\n]"
23:08:01.372 [pool-2-thread-21] DEBUG org.apache.http.wire -- http-outgoing-162 << "[\r][\n]"
23:08:01.372 [pool-2-thread-21] DEBUG org.apache.http.wire -- http-outgoing-162 << "{"access_token":"eyJhbGciOiJIUzI1NiIsInR5cCI6IkpXVCJ9.eyJzdWIiOiIwODUxNWIwNS0yZDNlLTQ3ODktYWQ2MC1kYjM1NTI1YTQ5NzAiLCJ1c2VybmFtZSI6Im5hbSIsInJvbGUiOjAsImlhdCI6MTc1MDYwODQ4MSwiZXhwIjoxNzUwNjEyMDgxfQ.NrcIhqfQnF5Kv2hERE5v1_mT2AQnEYjDieB5W6djBkA","refresh_token":"115aa2e681ea90a9c08d8b78e3f9b2d487c784ed7d5a4e3269d059418539a023","user":{"id":"08515b05-2d3e-4789-ad60-db35525a4970","email":"nam@gmail.com","username":"nam","name":"nam","phoneNumber":"0123456789","profilePic":"https://res.cloudinary.com/dizcvrefo/image/upload/v1749266646/nestjs_uploads/zk9zrpeidnovxibfqdxr.png","bio":"Chu tich hoi dong Quan tri 1","private":false,"verified":false,"role":0,"followersCount":2,"followingCount":2,"postCount":13}}"
23:08:01.372 [pool-2-thread-21] DEBUG org.apache.http.headers -- http-outgoing-162 << HTTP/1.1 200 OK
23:08:01.372 [pool-2-thread-21] DEBUG org.apache.http.headers -- http-outgoing-162 << X-Powered-By: Express
23:08:01.372 [pool-2-thread-21] DEBUG org.apache.http.headers -- http-outgoing-162 << Access-Control-Allow-Origin: *
23:08:01.372 [pool-2-thread-21] DEBUG org.apache.http.headers -- http-outgoing-162 << Content-Type: application/json; charset=utf-8
23:08:01.372 [pool-2-thread-21] DEBUG org.apache.http.headers -- http-outgoing-162 << Content-Length: 708
23:08:01.372 [pool-2-thread-21] DEBUG org.apache.http.headers -- http-outgoing-162 << ETag: W/"2c4-4JE2p34NDQ+oKo9YnL+7bd7xYlg"
23:08:01.372 [pool-2-thread-21] DEBUG org.apache.http.headers -- http-outgoing-162 << Date: Sun, 22 Jun 2025 16:08:01 GMT
23:08:01.372 [pool-2-thread-21] DEBUG org.apache.http.headers -- http-outgoing-162 << Connection: keep-alive
23:08:01.372 [pool-2-thread-21] DEBUG org.apache.http.headers -- http-outgoing-162 << Keep-Alive: timeout=5
23:08:01.372 [pool-2-thread-21] DEBUG org.apache.http.impl.execchain.MainClientExec -- Connection can be kept alive for 5000 MILLISECONDS
23:08:01.373 [pool-2-thread-21] DEBUG org.apache.http.impl.conn.PoolingHttpClientConnectionManager -- Connection [id: 162][route: {}->http://localhost:3000] can be kept alive for 5.0 seconds
23:08:01.373 [pool-2-thread-21] DEBUG org.apache.http.impl.conn.DefaultManagedHttpClientConnection -- http-outgoing-162: set socket timeout to 0
23:08:01.373 [pool-2-thread-21] DEBUG org.apache.http.impl.conn.PoolingHttpClientConnectionManager -- Connection released: [id: 162][route: {}->http://localhost:3000][total available: 1; route allocated: 1 of 5; total allocated: 1 of 10]
23:08:01.373 [pool-2-thread-21] DEBUG org.apache.http.impl.conn.PoolingHttpClientConnectionManager -- Connection manager is shutting down
23:08:01.373 [pool-2-thread-21] DEBUG org.apache.http.impl.conn.DefaultManagedHttpClientConnection -- http-outgoing-162: Close connection
23:08:01.373 [pool-2-thread-21] DEBUG org.apache.http.impl.conn.PoolingHttpClientConnectionManager -- Connection manager shut down
23:08:01.373 [pool-2-thread-21] DEBUG com.intuit.karate -- response time in milliseconds: 2185
8 < 200
8 < X-Powered-By: Express
8 < Access-Control-Allow-Origin: *
8 < Content-Type: application/json; charset=utf-8
8 < Content-Length: 708
8 < ETag: W/"2c4-4JE2p34NDQ+oKo9YnL+7bd7xYlg"
8 < Date: Sun, 22 Jun 2025 16:08:01 GMT
8 < Connection: keep-alive
8 < Keep-Alive: timeout=5
{"access_token":"eyJhbGciOiJIUzI1NiIsInR5cCI6IkpXVCJ9.eyJzdWIiOiIwODUxNWIwNS0yZDNlLTQ3ODktYWQ2MC1kYjM1NTI1YTQ5NzAiLCJ1c2VybmFtZSI6Im5hbSIsInJvbGUiOjAsImlhdCI6MTc1MDYwODQ4MSwiZXhwIjoxNzUwNjEyMDgxfQ.NrcIhqfQnF5Kv2hERE5v1_mT2AQnEYjDieB5W6djBkA","refresh_token":"115aa2e681ea90a9c08d8b78e3f9b2d487c784ed7d5a4e3269d059418539a023","user":{"id":"08515b05-2d3e-4789-ad60-db35525a4970","email":"nam@gmail.com","username":"nam","name":"nam","phoneNumber":"0123456789","profilePic":"https://res.cloudinary.com/dizcvrefo/image/upload/v1749266646/nestjs_uploads/zk9zrpeidnovxibfqdxr.png","bio":"Chu tich hoi dong Quan tri 1","private":false,"verified":false,"role":0,"followersCount":2,"followingCount":2,"postCount":13}}

23:08:01.374 [pool-2-thread-21] INFO com.intuit.karate -- [print] Call 8 completed, status: 200 
23:08:01.374 [pool-2-thread-21] INFO com.intuit.karate -- [print] *** API CALL 9 *** 
23:08:01.375 [pool-2-thread-21] DEBUG org.apache.http.client.protocol.RequestAddCookies -- CookieSpec selected: karate
23:08:01.375 [pool-2-thread-6] DEBUG org.apache.http.wire -- http-outgoing-170 << "HTTP/1.1 200 OK[\r][\n]"
23:08:01.375 [pool-2-thread-6] DEBUG org.apache.http.wire -- http-outgoing-170 << "X-Powered-By: Express[\r][\n]"
23:08:01.375 [pool-2-thread-6] DEBUG org.apache.http.wire -- http-outgoing-170 << "Access-Control-Allow-Origin: *[\r][\n]"
23:08:01.375 [pool-2-thread-6] DEBUG org.apache.http.wire -- http-outgoing-170 << "Content-Type: application/json; charset=utf-8[\r][\n]"
23:08:01.375 [pool-2-thread-6] DEBUG org.apache.http.wire -- http-outgoing-170 << "Content-Length: 607[\r][\n]"
23:08:01.375 [pool-2-thread-6] DEBUG org.apache.http.wire -- http-outgoing-170 << "ETag: W/"25f-RqtcDunnCi8Tu7qcYGmkRobPvb8"[\r][\n]"
23:08:01.375 [pool-2-thread-6] DEBUG org.apache.http.wire -- http-outgoing-170 << "Date: Sun, 22 Jun 2025 16:08:01 GMT[\r][\n]"
23:08:01.375 [pool-2-thread-6] DEBUG org.apache.http.wire -- http-outgoing-170 << "Connection: keep-alive[\r][\n]"
23:08:01.375 [pool-2-thread-6] DEBUG org.apache.http.wire -- http-outgoing-170 << "Keep-Alive: timeout=5[\r][\n]"
23:08:01.375 [pool-2-thread-6] DEBUG org.apache.http.wire -- http-outgoing-170 << "[\r][\n]"
23:08:01.375 [pool-2-thread-6] DEBUG org.apache.http.wire -- http-outgoing-170 << "{"access_token":"eyJhbGciOiJIUzI1NiIsInR5cCI6IkpXVCJ9.eyJzdWIiOiI5YTI2OTc2Yy0xNTMyLTRkZjMtYTE2ZS03NjMxNTI1Yzg1MDIiLCJ1c2VybmFtZSI6ImpvaG5kb2UyZDUiLCJyb2xlIjowLCJpYXQiOjE3NTA2MDg0ODEsImV4cCI6MTc1MDYxMjA4MX0.vP2Uj_jQE0THu9ZCm-JVnwDmW_DzuR56rqDe_aEkPeY","refresh_token":"791a59e43a9afbf926d7cf36ad53c69afc2e52c5e2d43731d27127d8c6c6d56b","user":{"id":"9a26976c-1532-4df3-a16e-7631525c8502","email":"testit4@gmail.com","username":"johndoe2d5","name":"John Doe","phoneNumber":"0123456212","profilePic":null,"bio":null,"private":false,"verified":false,"role":0,"followersCount":0,"followingCount":0,"postCount":0}}"
23:08:01.375 [pool-2-thread-21] DEBUG org.apache.http.client.protocol.RequestAuthCache -- Auth cache not set in the context
23:08:01.375 [pool-2-thread-6] DEBUG org.apache.http.headers -- http-outgoing-170 << HTTP/1.1 200 OK
23:08:01.375 [pool-2-thread-6] DEBUG org.apache.http.headers -- http-outgoing-170 << X-Powered-By: Express
23:08:01.375 [pool-2-thread-6] DEBUG org.apache.http.headers -- http-outgoing-170 << Access-Control-Allow-Origin: *
23:08:01.375 [pool-2-thread-6] DEBUG org.apache.http.headers -- http-outgoing-170 << Content-Type: application/json; charset=utf-8
23:08:01.375 [pool-2-thread-6] DEBUG org.apache.http.headers -- http-outgoing-170 << Content-Length: 607
23:08:01.375 [pool-2-thread-6] DEBUG org.apache.http.headers -- http-outgoing-170 << ETag: W/"25f-RqtcDunnCi8Tu7qcYGmkRobPvb8"
23:08:01.375 [pool-2-thread-6] DEBUG org.apache.http.headers -- http-outgoing-170 << Date: Sun, 22 Jun 2025 16:08:01 GMT
23:08:01.375 [pool-2-thread-6] DEBUG org.apache.http.headers -- http-outgoing-170 << Connection: keep-alive
23:08:01.375 [pool-2-thread-21] DEBUG com.intuit.karate -- request:
9 > POST http://localhost:3000/auth/login
9 > Content-Type: application/json; charset=UTF-8
9 > Content-Length: 45
9 > Host: localhost:3000
9 > Connection: Keep-Alive
9 > User-Agent: Apache-HttpClient/4.5.14 (Java/17.0.9)
9 > Accept-Encoding: gzip,deflate
{"email":"nam@gmail.com","password":"123456"}

23:08:01.375 [pool-2-thread-6] DEBUG org.apache.http.headers -- http-outgoing-170 << Keep-Alive: timeout=5
23:08:01.375 [pool-2-thread-21] DEBUG org.apache.http.impl.conn.PoolingHttpClientConnectionManager -- Connection request: [route: {}->http://localhost:3000][total available: 0; route allocated: 0 of 5; total allocated: 0 of 10]
23:08:01.375 [pool-2-thread-6] DEBUG org.apache.http.impl.execchain.MainClientExec -- Connection can be kept alive for 5000 MILLISECONDS
23:08:01.375 [pool-2-thread-21] DEBUG org.apache.http.impl.conn.PoolingHttpClientConnectionManager -- Connection leased: [id: 187][route: {}->http://localhost:3000][total available: 0; route allocated: 1 of 5; total allocated: 1 of 10]
23:08:01.375 [pool-2-thread-21] DEBUG org.apache.http.impl.execchain.MainClientExec -- Opening connection {}->http://localhost:3000
23:08:01.375 [pool-2-thread-6] DEBUG org.apache.http.impl.conn.PoolingHttpClientConnectionManager -- Connection [id: 170][route: {}->http://localhost:3000] can be kept alive for 5.0 seconds
23:08:01.375 [pool-2-thread-6] DEBUG org.apache.http.impl.conn.DefaultManagedHttpClientConnection -- http-outgoing-170: set socket timeout to 0
23:08:01.375 [pool-2-thread-6] DEBUG org.apache.http.impl.conn.PoolingHttpClientConnectionManager -- Connection released: [id: 170][route: {}->http://localhost:3000][total available: 1; route allocated: 1 of 5; total allocated: 1 of 10]
23:08:01.375 [pool-2-thread-6] DEBUG org.apache.http.impl.conn.PoolingHttpClientConnectionManager -- Connection manager is shutting down
23:08:01.375 [pool-2-thread-6] DEBUG org.apache.http.impl.conn.DefaultManagedHttpClientConnection -- http-outgoing-170: Close connection
23:08:01.375 [pool-2-thread-21] DEBUG org.apache.http.impl.conn.DefaultHttpClientConnectionOperator -- Connecting to localhost/127.0.0.1:3000
23:08:01.375 [pool-2-thread-6] DEBUG org.apache.http.impl.conn.PoolingHttpClientConnectionManager -- Connection manager shut down
23:08:01.375 [pool-2-thread-6] DEBUG com.intuit.karate -- response time in milliseconds: 1979
8 < 200
8 < X-Powered-By: Express
8 < Access-Control-Allow-Origin: *
8 < Content-Type: application/json; charset=utf-8
8 < Content-Length: 607
8 < ETag: W/"25f-RqtcDunnCi8Tu7qcYGmkRobPvb8"
8 < Date: Sun, 22 Jun 2025 16:08:01 GMT
8 < Connection: keep-alive
8 < Keep-Alive: timeout=5
{"access_token":"eyJhbGciOiJIUzI1NiIsInR5cCI6IkpXVCJ9.eyJzdWIiOiI5YTI2OTc2Yy0xNTMyLTRkZjMtYTE2ZS03NjMxNTI1Yzg1MDIiLCJ1c2VybmFtZSI6ImpvaG5kb2UyZDUiLCJyb2xlIjowLCJpYXQiOjE3NTA2MDg0ODEsImV4cCI6MTc1MDYxMjA4MX0.vP2Uj_jQE0THu9ZCm-JVnwDmW_DzuR56rqDe_aEkPeY","refresh_token":"791a59e43a9afbf926d7cf36ad53c69afc2e52c5e2d43731d27127d8c6c6d56b","user":{"id":"9a26976c-1532-4df3-a16e-7631525c8502","email":"testit4@gmail.com","username":"johndoe2d5","name":"John Doe","phoneNumber":"0123456212","profilePic":null,"bio":null,"private":false,"verified":false,"role":0,"followersCount":0,"followingCount":0,"postCount":0}}

23:08:01.375 [pool-2-thread-21] DEBUG org.apache.http.impl.conn.DefaultHttpClientConnectionOperator -- Connection established 127.0.0.1:52855<->127.0.0.1:3000
23:08:01.375 [pool-2-thread-21] DEBUG org.apache.http.impl.conn.DefaultManagedHttpClientConnection -- http-outgoing-187: set socket timeout to 30000
23:08:01.375 [pool-2-thread-21] DEBUG org.apache.http.impl.execchain.MainClientExec -- Executing request POST /auth/login HTTP/1.1
23:08:01.375 [pool-2-thread-21] DEBUG org.apache.http.impl.execchain.MainClientExec -- Target auth state: UNCHALLENGED
23:08:01.375 [pool-2-thread-21] DEBUG org.apache.http.impl.execchain.MainClientExec -- Proxy auth state: UNCHALLENGED
23:08:01.375 [pool-2-thread-21] DEBUG org.apache.http.headers -- http-outgoing-187 >> POST /auth/login HTTP/1.1
23:08:01.375 [pool-2-thread-21] DEBUG org.apache.http.headers -- http-outgoing-187 >> Content-Type: application/json; charset=UTF-8
23:08:01.375 [pool-2-thread-21] DEBUG org.apache.http.headers -- http-outgoing-187 >> Content-Length: 45
23:08:01.375 [pool-2-thread-21] DEBUG org.apache.http.headers -- http-outgoing-187 >> Host: localhost:3000
23:08:01.375 [pool-2-thread-21] DEBUG org.apache.http.headers -- http-outgoing-187 >> Connection: Keep-Alive
23:08:01.375 [pool-2-thread-21] DEBUG org.apache.http.headers -- http-outgoing-187 >> User-Agent: Apache-HttpClient/4.5.14 (Java/17.0.9)
23:08:01.375 [pool-2-thread-21] DEBUG org.apache.http.headers -- http-outgoing-187 >> Accept-Encoding: gzip,deflate
23:08:01.375 [pool-2-thread-21] DEBUG org.apache.http.wire -- http-outgoing-187 >> "POST /auth/login HTTP/1.1[\r][\n]"
23:08:01.375 [pool-2-thread-21] DEBUG org.apache.http.wire -- http-outgoing-187 >> "Content-Type: application/json; charset=UTF-8[\r][\n]"
23:08:01.375 [pool-2-thread-21] DEBUG org.apache.http.wire -- http-outgoing-187 >> "Content-Length: 45[\r][\n]"
23:08:01.375 [pool-2-thread-21] DEBUG org.apache.http.wire -- http-outgoing-187 >> "Host: localhost:3000[\r][\n]"
23:08:01.375 [pool-2-thread-21] DEBUG org.apache.http.wire -- http-outgoing-187 >> "Connection: Keep-Alive[\r][\n]"
23:08:01.375 [pool-2-thread-21] DEBUG org.apache.http.wire -- http-outgoing-187 >> "User-Agent: Apache-HttpClient/4.5.14 (Java/17.0.9)[\r][\n]"
23:08:01.375 [pool-2-thread-21] DEBUG org.apache.http.wire -- http-outgoing-187 >> "Accept-Encoding: gzip,deflate[\r][\n]"
23:08:01.375 [pool-2-thread-21] DEBUG org.apache.http.wire -- http-outgoing-187 >> "[\r][\n]"
23:08:01.375 [pool-2-thread-21] DEBUG org.apache.http.wire -- http-outgoing-187 >> "{"email":"nam@gmail.com","password":"123456"}"
23:08:01.376 [pool-2-thread-6] INFO com.intuit.karate -- [print] Call 8 completed, status: 200 
23:08:01.376 [pool-2-thread-6] INFO com.intuit.karate -- [print] *** API CALL 9 *** 
23:08:01.377 [pool-2-thread-6] DEBUG org.apache.http.client.protocol.RequestAddCookies -- CookieSpec selected: karate
23:08:01.377 [pool-2-thread-6] DEBUG org.apache.http.client.protocol.RequestAuthCache -- Auth cache not set in the context
23:08:01.377 [pool-2-thread-6] DEBUG com.intuit.karate -- request:
9 > POST http://localhost:3000/auth/login
9 > Content-Type: application/json; charset=UTF-8
9 > Content-Length: 54
9 > Host: localhost:3000
9 > Connection: Keep-Alive
9 > User-Agent: Apache-HttpClient/4.5.14 (Java/17.0.9)
9 > Accept-Encoding: gzip,deflate
{"email":"testit4@gmail.com","password":"Password123"}

23:08:01.377 [pool-2-thread-6] DEBUG org.apache.http.impl.conn.PoolingHttpClientConnectionManager -- Connection request: [route: {}->http://localhost:3000][total available: 0; route allocated: 0 of 5; total allocated: 0 of 10]
23:08:01.377 [pool-2-thread-6] DEBUG org.apache.http.impl.conn.PoolingHttpClientConnectionManager -- Connection leased: [id: 188][route: {}->http://localhost:3000][total available: 0; route allocated: 1 of 5; total allocated: 1 of 10]
23:08:01.377 [pool-2-thread-6] DEBUG org.apache.http.impl.execchain.MainClientExec -- Opening connection {}->http://localhost:3000
23:08:01.377 [pool-2-thread-6] DEBUG org.apache.http.impl.conn.DefaultHttpClientConnectionOperator -- Connecting to localhost/127.0.0.1:3000
23:08:01.379 [pool-2-thread-6] DEBUG org.apache.http.impl.conn.DefaultHttpClientConnectionOperator -- Connection established 127.0.0.1:52856<->127.0.0.1:3000
23:08:01.379 [pool-2-thread-6] DEBUG org.apache.http.impl.conn.DefaultManagedHttpClientConnection -- http-outgoing-188: set socket timeout to 30000
23:08:01.379 [pool-2-thread-6] DEBUG org.apache.http.impl.execchain.MainClientExec -- Executing request POST /auth/login HTTP/1.1
23:08:01.379 [pool-2-thread-6] DEBUG org.apache.http.impl.execchain.MainClientExec -- Target auth state: UNCHALLENGED
23:08:01.379 [pool-2-thread-6] DEBUG org.apache.http.impl.execchain.MainClientExec -- Proxy auth state: UNCHALLENGED
23:08:01.379 [pool-2-thread-6] DEBUG org.apache.http.headers -- http-outgoing-188 >> POST /auth/login HTTP/1.1
23:08:01.379 [pool-2-thread-6] DEBUG org.apache.http.headers -- http-outgoing-188 >> Content-Type: application/json; charset=UTF-8
23:08:01.379 [pool-2-thread-6] DEBUG org.apache.http.headers -- http-outgoing-188 >> Content-Length: 54
23:08:01.379 [pool-2-thread-6] DEBUG org.apache.http.headers -- http-outgoing-188 >> Host: localhost:3000
23:08:01.379 [pool-2-thread-6] DEBUG org.apache.http.headers -- http-outgoing-188 >> Connection: Keep-Alive
23:08:01.379 [pool-2-thread-6] DEBUG org.apache.http.headers -- http-outgoing-188 >> User-Agent: Apache-HttpClient/4.5.14 (Java/17.0.9)
23:08:01.379 [pool-2-thread-6] DEBUG org.apache.http.headers -- http-outgoing-188 >> Accept-Encoding: gzip,deflate
23:08:01.379 [pool-2-thread-6] DEBUG org.apache.http.wire -- http-outgoing-188 >> "POST /auth/login HTTP/1.1[\r][\n]"
23:08:01.379 [pool-2-thread-6] DEBUG org.apache.http.wire -- http-outgoing-188 >> "Content-Type: application/json; charset=UTF-8[\r][\n]"
23:08:01.379 [pool-2-thread-6] DEBUG org.apache.http.wire -- http-outgoing-188 >> "Content-Length: 54[\r][\n]"
23:08:01.379 [pool-2-thread-6] DEBUG org.apache.http.wire -- http-outgoing-188 >> "Host: localhost:3000[\r][\n]"
23:08:01.379 [pool-2-thread-6] DEBUG org.apache.http.wire -- http-outgoing-188 >> "Connection: Keep-Alive[\r][\n]"
23:08:01.379 [pool-2-thread-6] DEBUG org.apache.http.wire -- http-outgoing-188 >> "User-Agent: Apache-HttpClient/4.5.14 (Java/17.0.9)[\r][\n]"
23:08:01.379 [pool-2-thread-6] DEBUG org.apache.http.wire -- http-outgoing-188 >> "Accept-Encoding: gzip,deflate[\r][\n]"
23:08:01.379 [pool-2-thread-6] DEBUG org.apache.http.wire -- http-outgoing-188 >> "[\r][\n]"
23:08:01.379 [pool-2-thread-6] DEBUG org.apache.http.wire -- http-outgoing-188 >> "{"email":"testit4@gmail.com","password":"Password123"}"
23:08:01.381 [pool-2-thread-10] DEBUG org.apache.http.wire -- http-outgoing-169 << "HTTP/1.1 200 OK[\r][\n]"
23:08:01.381 [pool-2-thread-10] DEBUG org.apache.http.wire -- http-outgoing-169 << "X-Powered-By: Express[\r][\n]"
23:08:01.381 [pool-2-thread-10] DEBUG org.apache.http.wire -- http-outgoing-169 << "Access-Control-Allow-Origin: *[\r][\n]"
23:08:01.381 [pool-2-thread-10] DEBUG org.apache.http.wire -- http-outgoing-169 << "Content-Type: application/json; charset=utf-8[\r][\n]"
23:08:01.381 [pool-2-thread-10] DEBUG org.apache.http.wire -- http-outgoing-169 << "Content-Length: 605[\r][\n]"
23:08:01.381 [pool-2-thread-10] DEBUG org.apache.http.wire -- http-outgoing-169 << "ETag: W/"25d-eKCftnyF2eQMG1DvjTQ+1JVkKvU"[\r][\n]"
23:08:01.381 [pool-2-thread-10] DEBUG org.apache.http.wire -- http-outgoing-169 << "Date: Sun, 22 Jun 2025 16:08:01 GMT[\r][\n]"
23:08:01.381 [pool-2-thread-10] DEBUG org.apache.http.wire -- http-outgoing-169 << "Connection: keep-alive[\r][\n]"
23:08:01.381 [pool-2-thread-10] DEBUG org.apache.http.wire -- http-outgoing-169 << "Keep-Alive: timeout=5[\r][\n]"
23:08:01.381 [pool-2-thread-10] DEBUG org.apache.http.wire -- http-outgoing-169 << "[\r][\n]"
23:08:01.381 [pool-2-thread-10] DEBUG org.apache.http.wire -- http-outgoing-169 << "{"access_token":"eyJhbGciOiJIUzI1NiIsInR5cCI6IkpXVCJ9.eyJzdWIiOiIwYTM3ZWY0My1mZWU4LTQxZDMtYTY4Ni04YWIwODY5NDg2OTUiLCJ1c2VybmFtZSI6ImpvaG5kb2UyMSIsInJvbGUiOjAsImlhdCI6MTc1MDYwODQ4MSwiZXhwIjoxNzUwNjEyMDgxfQ.SqL0btPbOg2pk-RECrk9gGfHvy111bNS5VE0MImO9Xo","refresh_token":"9f1fde2d97eda97e76fd78f828e0c0b97510cac93748c38fb24c4c09f8c498e8","user":{"id":"0a37ef43-fee8-41d3-a686-8ab086948695","email":"testit2@gmail.com","username":"johndoe21","name":"John Doe","phoneNumber":"0123456712","profilePic":null,"bio":null,"private":false,"verified":false,"role":0,"followersCount":0,"followingCount":0,"postCount":0}}"
23:08:01.381 [pool-2-thread-10] DEBUG org.apache.http.headers -- http-outgoing-169 << HTTP/1.1 200 OK
23:08:01.381 [pool-2-thread-10] DEBUG org.apache.http.headers -- http-outgoing-169 << X-Powered-By: Express
23:08:01.381 [pool-2-thread-10] DEBUG org.apache.http.headers -- http-outgoing-169 << Access-Control-Allow-Origin: *
23:08:01.381 [pool-2-thread-10] DEBUG org.apache.http.headers -- http-outgoing-169 << Content-Type: application/json; charset=utf-8
23:08:01.381 [pool-2-thread-10] DEBUG org.apache.http.headers -- http-outgoing-169 << Content-Length: 605
23:08:01.381 [pool-2-thread-10] DEBUG org.apache.http.headers -- http-outgoing-169 << ETag: W/"25d-eKCftnyF2eQMG1DvjTQ+1JVkKvU"
23:08:01.381 [pool-2-thread-10] DEBUG org.apache.http.headers -- http-outgoing-169 << Date: Sun, 22 Jun 2025 16:08:01 GMT
23:08:01.381 [pool-2-thread-10] DEBUG org.apache.http.headers -- http-outgoing-169 << Connection: keep-alive
23:08:01.381 [pool-2-thread-10] DEBUG org.apache.http.headers -- http-outgoing-169 << Keep-Alive: timeout=5
23:08:01.381 [pool-2-thread-10] DEBUG org.apache.http.impl.execchain.MainClientExec -- Connection can be kept alive for 5000 MILLISECONDS
23:08:01.382 [pool-2-thread-10] DEBUG org.apache.http.impl.conn.PoolingHttpClientConnectionManager -- Connection [id: 169][route: {}->http://localhost:3000] can be kept alive for 5.0 seconds
23:08:01.382 [pool-2-thread-10] DEBUG org.apache.http.impl.conn.DefaultManagedHttpClientConnection -- http-outgoing-169: set socket timeout to 0
23:08:01.382 [pool-2-thread-10] DEBUG org.apache.http.impl.conn.PoolingHttpClientConnectionManager -- Connection released: [id: 169][route: {}->http://localhost:3000][total available: 1; route allocated: 1 of 5; total allocated: 1 of 10]
23:08:01.382 [pool-2-thread-10] DEBUG org.apache.http.impl.conn.PoolingHttpClientConnectionManager -- Connection manager is shutting down
23:08:01.382 [pool-2-thread-10] DEBUG org.apache.http.impl.conn.DefaultManagedHttpClientConnection -- http-outgoing-169: Close connection
23:08:01.382 [pool-2-thread-10] DEBUG org.apache.http.impl.conn.PoolingHttpClientConnectionManager -- Connection manager shut down
23:08:01.382 [pool-2-thread-10] DEBUG com.intuit.karate -- response time in milliseconds: 2006
6 < 200
6 < X-Powered-By: Express
6 < Access-Control-Allow-Origin: *
6 < Content-Type: application/json; charset=utf-8
6 < Content-Length: 605
6 < ETag: W/"25d-eKCftnyF2eQMG1DvjTQ+1JVkKvU"
6 < Date: Sun, 22 Jun 2025 16:08:01 GMT
6 < Connection: keep-alive
6 < Keep-Alive: timeout=5
{"access_token":"eyJhbGciOiJIUzI1NiIsInR5cCI6IkpXVCJ9.eyJzdWIiOiIwYTM3ZWY0My1mZWU4LTQxZDMtYTY4Ni04YWIwODY5NDg2OTUiLCJ1c2VybmFtZSI6ImpvaG5kb2UyMSIsInJvbGUiOjAsImlhdCI6MTc1MDYwODQ4MSwiZXhwIjoxNzUwNjEyMDgxfQ.SqL0btPbOg2pk-RECrk9gGfHvy111bNS5VE0MImO9Xo","refresh_token":"9f1fde2d97eda97e76fd78f828e0c0b97510cac93748c38fb24c4c09f8c498e8","user":{"id":"0a37ef43-fee8-41d3-a686-8ab086948695","email":"testit2@gmail.com","username":"johndoe21","name":"John Doe","phoneNumber":"0123456712","profilePic":null,"bio":null,"private":false,"verified":false,"role":0,"followersCount":0,"followingCount":0,"postCount":0}}

23:08:01.384 [pool-2-thread-10] INFO com.intuit.karate -- [print] Call 6 completed, status: 200 
23:08:01.386 [pool-2-thread-10] INFO com.intuit.karate -- [print] *** API CALL 7 *** 
23:08:01.388 [pool-2-thread-10] DEBUG org.apache.http.client.protocol.RequestAddCookies -- CookieSpec selected: karate
23:08:01.388 [pool-2-thread-10] DEBUG org.apache.http.client.protocol.RequestAuthCache -- Auth cache not set in the context
23:08:01.388 [pool-2-thread-10] DEBUG com.intuit.karate -- request:
7 > POST http://localhost:3000/auth/login
7 > Content-Type: application/json; charset=UTF-8
7 > Content-Length: 54
7 > Host: localhost:3000
7 > Connection: Keep-Alive
7 > User-Agent: Apache-HttpClient/4.5.14 (Java/17.0.9)
7 > Accept-Encoding: gzip,deflate
{"email":"testit2@gmail.com","password":"Password123"}

23:08:01.388 [pool-2-thread-10] DEBUG org.apache.http.impl.conn.PoolingHttpClientConnectionManager -- Connection request: [route: {}->http://localhost:3000][total available: 0; route allocated: 0 of 5; total allocated: 0 of 10]
23:08:01.388 [pool-2-thread-10] DEBUG org.apache.http.impl.conn.PoolingHttpClientConnectionManager -- Connection leased: [id: 189][route: {}->http://localhost:3000][total available: 0; route allocated: 1 of 5; total allocated: 1 of 10]
23:08:01.388 [pool-2-thread-10] DEBUG org.apache.http.impl.execchain.MainClientExec -- Opening connection {}->http://localhost:3000
23:08:01.388 [pool-2-thread-10] DEBUG org.apache.http.impl.conn.DefaultHttpClientConnectionOperator -- Connecting to localhost/127.0.0.1:3000
23:08:01.389 [pool-2-thread-10] DEBUG org.apache.http.impl.conn.DefaultHttpClientConnectionOperator -- Connection established 127.0.0.1:52857<->127.0.0.1:3000
23:08:01.389 [pool-2-thread-10] DEBUG org.apache.http.impl.conn.DefaultManagedHttpClientConnection -- http-outgoing-189: set socket timeout to 30000
23:08:01.389 [pool-2-thread-10] DEBUG org.apache.http.impl.execchain.MainClientExec -- Executing request POST /auth/login HTTP/1.1
23:08:01.389 [pool-2-thread-10] DEBUG org.apache.http.impl.execchain.MainClientExec -- Target auth state: UNCHALLENGED
23:08:01.389 [pool-2-thread-10] DEBUG org.apache.http.impl.execchain.MainClientExec -- Proxy auth state: UNCHALLENGED
23:08:01.389 [pool-2-thread-10] DEBUG org.apache.http.headers -- http-outgoing-189 >> POST /auth/login HTTP/1.1
23:08:01.389 [pool-2-thread-10] DEBUG org.apache.http.headers -- http-outgoing-189 >> Content-Type: application/json; charset=UTF-8
23:08:01.389 [pool-2-thread-10] DEBUG org.apache.http.headers -- http-outgoing-189 >> Content-Length: 54
23:08:01.389 [pool-2-thread-10] DEBUG org.apache.http.headers -- http-outgoing-189 >> Host: localhost:3000
23:08:01.389 [pool-2-thread-10] DEBUG org.apache.http.headers -- http-outgoing-189 >> Connection: Keep-Alive
23:08:01.389 [pool-2-thread-10] DEBUG org.apache.http.headers -- http-outgoing-189 >> User-Agent: Apache-HttpClient/4.5.14 (Java/17.0.9)
23:08:01.389 [pool-2-thread-10] DEBUG org.apache.http.headers -- http-outgoing-189 >> Accept-Encoding: gzip,deflate
23:08:01.389 [pool-2-thread-10] DEBUG org.apache.http.wire -- http-outgoing-189 >> "POST /auth/login HTTP/1.1[\r][\n]"
23:08:01.389 [pool-2-thread-10] DEBUG org.apache.http.wire -- http-outgoing-189 >> "Content-Type: application/json; charset=UTF-8[\r][\n]"
23:08:01.389 [pool-2-thread-10] DEBUG org.apache.http.wire -- http-outgoing-189 >> "Content-Length: 54[\r][\n]"
23:08:01.389 [pool-2-thread-10] DEBUG org.apache.http.wire -- http-outgoing-189 >> "Host: localhost:3000[\r][\n]"
23:08:01.389 [pool-2-thread-10] DEBUG org.apache.http.wire -- http-outgoing-189 >> "Connection: Keep-Alive[\r][\n]"
23:08:01.389 [pool-2-thread-10] DEBUG org.apache.http.wire -- http-outgoing-189 >> "User-Agent: Apache-HttpClient/4.5.14 (Java/17.0.9)[\r][\n]"
23:08:01.389 [pool-2-thread-10] DEBUG org.apache.http.wire -- http-outgoing-189 >> "Accept-Encoding: gzip,deflate[\r][\n]"
23:08:01.389 [pool-2-thread-10] DEBUG org.apache.http.wire -- http-outgoing-189 >> "[\r][\n]"
23:08:01.389 [pool-2-thread-10] DEBUG org.apache.http.wire -- http-outgoing-189 >> "{"email":"testit2@gmail.com","password":"Password123"}"
23:08:02.187 [pool-2-thread-12] DEBUG org.apache.http.wire -- http-outgoing-164 << "HTTP/1.1 200 OK[\r][\n]"
23:08:02.187 [pool-2-thread-12] DEBUG org.apache.http.wire -- http-outgoing-164 << "X-Powered-By: Express[\r][\n]"
23:08:02.187 [pool-2-thread-12] DEBUG org.apache.http.wire -- http-outgoing-164 << "Access-Control-Allow-Origin: *[\r][\n]"
23:08:02.187 [pool-2-thread-12] DEBUG org.apache.http.wire -- http-outgoing-164 << "Content-Type: application/json; charset=utf-8[\r][\n]"
23:08:02.187 [pool-2-thread-12] DEBUG org.apache.http.wire -- http-outgoing-164 << "Content-Length: 715[\r][\n]"
23:08:02.187 [pool-2-thread-12] DEBUG org.apache.http.wire -- http-outgoing-164 << "ETag: W/"2cb-HFTAP0qOAB0U3kVEEiFCePOp/J4"[\r][\n]"
23:08:02.187 [pool-2-thread-12] DEBUG org.apache.http.wire -- http-outgoing-164 << "Date: Sun, 22 Jun 2025 16:08:02 GMT[\r][\n]"
23:08:02.187 [pool-2-thread-12] DEBUG org.apache.http.wire -- http-outgoing-164 << "Connection: keep-alive[\r][\n]"
23:08:02.187 [pool-2-thread-12] DEBUG org.apache.http.wire -- http-outgoing-164 << "Keep-Alive: timeout=5[\r][\n]"
23:08:02.187 [pool-2-thread-12] DEBUG org.apache.http.wire -- http-outgoing-164 << "[\r][\n]"
23:08:02.187 [pool-2-thread-12] DEBUG org.apache.http.wire -- http-outgoing-164 << "{"access_token":"eyJhbGciOiJIUzI1NiIsInR5cCI6IkpXVCJ9.eyJzdWIiOiIyYjg0YWEyNC02NjhhLTQwZTItYWYxYy1hZDRmYzRmYTVhNmYiLCJ1c2VybmFtZSI6InF1YW5nMSIsInJvbGUiOjAsImlhdCI6MTc1MDYwODQ4MSwiZXhwIjoxNzUwNjEyMDgxfQ.TJURuh_eGEtmRvXoLz0gwBfCrz9Cdzp7aj3mt4A2nRk","refresh_token":"1ff7948560e1c2dab094473bf9f8dcd7229419236fb488ed0a92a97c085dc807","user":{"id":"2b84aa24-668a-40e2-af1c-ad4fc4fa5a6f","email":"quang1@gmail.com","username":"quang1","name":"quang1","phoneNumber":"09874563210","profilePic":"https://res.cloudinary.com/dizcvrefo/image/upload/v1749027586/nestjs_uploads/xehairydt9rzlbmbmv4c.jpg","bio":"Thang Nam Lao Vua Thoi","private":false,"verified":false,"role":0,"followersCount":2,"followingCount":3,"postCount":2}}"
23:08:02.187 [pool-2-thread-12] DEBUG org.apache.http.headers -- http-outgoing-164 << HTTP/1.1 200 OK
23:08:02.187 [pool-2-thread-12] DEBUG org.apache.http.headers -- http-outgoing-164 << X-Powered-By: Express
23:08:02.187 [pool-2-thread-12] DEBUG org.apache.http.headers -- http-outgoing-164 << Access-Control-Allow-Origin: *
23:08:02.187 [pool-2-thread-12] DEBUG org.apache.http.headers -- http-outgoing-164 << Content-Type: application/json; charset=utf-8
23:08:02.187 [pool-2-thread-12] DEBUG org.apache.http.headers -- http-outgoing-164 << Content-Length: 715
23:08:02.187 [pool-2-thread-12] DEBUG org.apache.http.headers -- http-outgoing-164 << ETag: W/"2cb-HFTAP0qOAB0U3kVEEiFCePOp/J4"
23:08:02.187 [pool-2-thread-12] DEBUG org.apache.http.headers -- http-outgoing-164 << Date: Sun, 22 Jun 2025 16:08:02 GMT
23:08:02.187 [pool-2-thread-12] DEBUG org.apache.http.headers -- http-outgoing-164 << Connection: keep-alive
23:08:02.187 [pool-2-thread-12] DEBUG org.apache.http.headers -- http-outgoing-164 << Keep-Alive: timeout=5
23:08:02.189 [pool-2-thread-12] DEBUG org.apache.http.impl.execchain.MainClientExec -- Connection can be kept alive for 5000 MILLISECONDS
23:08:02.189 [pool-2-thread-12] DEBUG org.apache.http.impl.conn.PoolingHttpClientConnectionManager -- Connection [id: 164][route: {}->http://localhost:3000] can be kept alive for 5.0 seconds
23:08:02.189 [pool-2-thread-12] DEBUG org.apache.http.impl.conn.DefaultManagedHttpClientConnection -- http-outgoing-164: set socket timeout to 0
23:08:02.189 [pool-2-thread-12] DEBUG org.apache.http.impl.conn.PoolingHttpClientConnectionManager -- Connection released: [id: 164][route: {}->http://localhost:3000][total available: 1; route allocated: 1 of 5; total allocated: 1 of 10]
23:08:02.189 [pool-2-thread-12] DEBUG org.apache.http.impl.conn.PoolingHttpClientConnectionManager -- Connection manager is shutting down
23:08:02.189 [pool-2-thread-12] DEBUG org.apache.http.impl.conn.DefaultManagedHttpClientConnection -- http-outgoing-164: Close connection
23:08:02.189 [pool-2-thread-12] DEBUG org.apache.http.impl.conn.PoolingHttpClientConnectionManager -- Connection manager shut down
23:08:02.189 [pool-2-thread-12] DEBUG com.intuit.karate -- response time in milliseconds: 2864
6 < 200
6 < X-Powered-By: Express
6 < Access-Control-Allow-Origin: *
6 < Content-Type: application/json; charset=utf-8
6 < Content-Length: 715
6 < ETag: W/"2cb-HFTAP0qOAB0U3kVEEiFCePOp/J4"
6 < Date: Sun, 22 Jun 2025 16:08:02 GMT
6 < Connection: keep-alive
6 < Keep-Alive: timeout=5
{"access_token":"eyJhbGciOiJIUzI1NiIsInR5cCI6IkpXVCJ9.eyJzdWIiOiIyYjg0YWEyNC02NjhhLTQwZTItYWYxYy1hZDRmYzRmYTVhNmYiLCJ1c2VybmFtZSI6InF1YW5nMSIsInJvbGUiOjAsImlhdCI6MTc1MDYwODQ4MSwiZXhwIjoxNzUwNjEyMDgxfQ.TJURuh_eGEtmRvXoLz0gwBfCrz9Cdzp7aj3mt4A2nRk","refresh_token":"1ff7948560e1c2dab094473bf9f8dcd7229419236fb488ed0a92a97c085dc807","user":{"id":"2b84aa24-668a-40e2-af1c-ad4fc4fa5a6f","email":"quang1@gmail.com","username":"quang1","name":"quang1","phoneNumber":"09874563210","profilePic":"https://res.cloudinary.com/dizcvrefo/image/upload/v1749027586/nestjs_uploads/xehairydt9rzlbmbmv4c.jpg","bio":"Thang Nam Lao Vua Thoi","private":false,"verified":false,"role":0,"followersCount":2,"followingCount":3,"postCount":2}}

23:08:02.189 [pool-2-thread-5] DEBUG org.apache.http.wire -- http-outgoing-166 << "HTTP/1.1 200 OK[\r][\n]"
23:08:02.189 [pool-2-thread-5] DEBUG org.apache.http.wire -- http-outgoing-166 << "X-Powered-By: Express[\r][\n]"
23:08:02.189 [pool-2-thread-5] DEBUG org.apache.http.wire -- http-outgoing-166 << "Access-Control-Allow-Origin: *[\r][\n]"
23:08:02.189 [pool-2-thread-5] DEBUG org.apache.http.wire -- http-outgoing-166 << "Content-Type: application/json; charset=utf-8[\r][\n]"
23:08:02.189 [pool-2-thread-5] DEBUG org.apache.http.wire -- http-outgoing-166 << "Content-Length: 607[\r][\n]"
23:08:02.189 [pool-2-thread-5] DEBUG org.apache.http.wire -- http-outgoing-166 << "ETag: W/"25f-VGJ7cuOJhX1+FKbu9/ZB88iD/I0"[\r][\n]"
23:08:02.189 [pool-2-thread-5] DEBUG org.apache.http.wire -- http-outgoing-166 << "Date: Sun, 22 Jun 2025 16:08:02 GMT[\r][\n]"
23:08:02.189 [pool-2-thread-5] DEBUG org.apache.http.wire -- http-outgoing-166 << "Connection: keep-alive[\r][\n]"
23:08:02.189 [pool-2-thread-5] DEBUG org.apache.http.wire -- http-outgoing-166 << "Keep-Alive: timeout=5[\r][\n]"
23:08:02.189 [pool-2-thread-5] DEBUG org.apache.http.wire -- http-outgoing-166 << "[\r][\n]"
23:08:02.189 [pool-2-thread-5] DEBUG org.apache.http.wire -- http-outgoing-166 << "{"access_token":"eyJhbGciOiJIUzI1NiIsInR5cCI6IkpXVCJ9.eyJzdWIiOiJjMjE0MjJkZi1jY2VjLTQ0MGUtOWE0Mi1jMWI4MmFiZjczM2QiLCJ1c2VybmFtZSI6ImpvaG5kb2UyOCIsInJvbGUiOjAsImlhdCI6MTc1MDYwODQ4MSwiZXhwIjoxNzUwNjEyMDgxfQ.ZC6pz21Nu62WTdQzGqBj7uj5W0tma-ovRJIpE3CCQ0Q","refresh_token":"6ce5ba601c076b6b274c16cbb4595c18f1b309348b90cff6f65555aa52766de6","user":{"id":"c21422df-ccec-440e-9a42-c1b82abf733d","email":"test28@example.com","username":"johndoe28","name":"John Doe","phoneNumber":"84987654321","profilePic":null,"bio":null,"private":false,"verified":false,"role":0,"followersCount":0,"followingCount":0,"postCount":0}}"
23:08:02.189 [pool-2-thread-5] DEBUG org.apache.http.headers -- http-outgoing-166 << HTTP/1.1 200 OK
23:08:02.189 [pool-2-thread-5] DEBUG org.apache.http.headers -- http-outgoing-166 << X-Powered-By: Express
23:08:02.189 [pool-2-thread-5] DEBUG org.apache.http.headers -- http-outgoing-166 << Access-Control-Allow-Origin: *
23:08:02.189 [pool-2-thread-5] DEBUG org.apache.http.headers -- http-outgoing-166 << Content-Type: application/json; charset=utf-8
23:08:02.189 [pool-2-thread-5] DEBUG org.apache.http.headers -- http-outgoing-166 << Content-Length: 607
23:08:02.189 [pool-2-thread-5] DEBUG org.apache.http.headers -- http-outgoing-166 << ETag: W/"25f-VGJ7cuOJhX1+FKbu9/ZB88iD/I0"
23:08:02.189 [pool-2-thread-5] DEBUG org.apache.http.headers -- http-outgoing-166 << Date: Sun, 22 Jun 2025 16:08:02 GMT
23:08:02.189 [pool-2-thread-5] DEBUG org.apache.http.headers -- http-outgoing-166 << Connection: keep-alive
23:08:02.189 [pool-2-thread-5] DEBUG org.apache.http.headers -- http-outgoing-166 << Keep-Alive: timeout=5
23:08:02.189 [pool-2-thread-5] DEBUG org.apache.http.impl.execchain.MainClientExec -- Connection can be kept alive for 5000 MILLISECONDS
23:08:02.189 [pool-2-thread-5] DEBUG org.apache.http.impl.conn.PoolingHttpClientConnectionManager -- Connection [id: 166][route: {}->http://localhost:3000] can be kept alive for 5.0 seconds
23:08:02.189 [pool-2-thread-5] DEBUG org.apache.http.impl.conn.DefaultManagedHttpClientConnection -- http-outgoing-166: set socket timeout to 0
23:08:02.189 [pool-2-thread-5] DEBUG org.apache.http.impl.conn.PoolingHttpClientConnectionManager -- Connection released: [id: 166][route: {}->http://localhost:3000][total available: 1; route allocated: 1 of 5; total allocated: 1 of 10]
23:08:02.189 [pool-2-thread-5] DEBUG org.apache.http.impl.conn.PoolingHttpClientConnectionManager -- Connection manager is shutting down
23:08:02.190 [pool-2-thread-5] DEBUG org.apache.http.impl.conn.DefaultManagedHttpClientConnection -- http-outgoing-166: Close connection
23:08:02.190 [pool-2-thread-5] DEBUG org.apache.http.impl.conn.PoolingHttpClientConnectionManager -- Connection manager shut down
23:08:02.190 [pool-2-thread-5] DEBUG com.intuit.karate -- response time in milliseconds: 2836
8 < 200
8 < X-Powered-By: Express
8 < Access-Control-Allow-Origin: *
8 < Content-Type: application/json; charset=utf-8
8 < Content-Length: 607
8 < ETag: W/"25f-VGJ7cuOJhX1+FKbu9/ZB88iD/I0"
8 < Date: Sun, 22 Jun 2025 16:08:02 GMT
8 < Connection: keep-alive
8 < Keep-Alive: timeout=5
{"access_token":"eyJhbGciOiJIUzI1NiIsInR5cCI6IkpXVCJ9.eyJzdWIiOiJjMjE0MjJkZi1jY2VjLTQ0MGUtOWE0Mi1jMWI4MmFiZjczM2QiLCJ1c2VybmFtZSI6ImpvaG5kb2UyOCIsInJvbGUiOjAsImlhdCI6MTc1MDYwODQ4MSwiZXhwIjoxNzUwNjEyMDgxfQ.ZC6pz21Nu62WTdQzGqBj7uj5W0tma-ovRJIpE3CCQ0Q","refresh_token":"6ce5ba601c076b6b274c16cbb4595c18f1b309348b90cff6f65555aa52766de6","user":{"id":"c21422df-ccec-440e-9a42-c1b82abf733d","email":"test28@example.com","username":"johndoe28","name":"John Doe","phoneNumber":"84987654321","profilePic":null,"bio":null,"private":false,"verified":false,"role":0,"followersCount":0,"followingCount":0,"postCount":0}}

23:08:02.190 [pool-2-thread-12] INFO com.intuit.karate -- [print] Call 6 completed, status: 200 
23:08:02.190 [pool-2-thread-12] INFO com.intuit.karate -- [print] *** API CALL 7 *** 
23:08:02.190 [pool-2-thread-5] INFO com.intuit.karate -- [print] Call 8 completed, status: 200 
23:08:02.190 [pool-2-thread-5] INFO com.intuit.karate -- [print] *** API CALL 9 *** 
23:08:02.191 [pool-2-thread-12] DEBUG org.apache.http.client.protocol.RequestAddCookies -- CookieSpec selected: karate
23:08:02.191 [pool-2-thread-5] DEBUG org.apache.http.client.protocol.RequestAddCookies -- CookieSpec selected: karate
23:08:02.191 [pool-2-thread-12] DEBUG org.apache.http.client.protocol.RequestAuthCache -- Auth cache not set in the context
23:08:02.191 [pool-2-thread-5] DEBUG org.apache.http.client.protocol.RequestAuthCache -- Auth cache not set in the context
23:08:02.191 [pool-2-thread-5] DEBUG com.intuit.karate -- request:
9 > POST http://localhost:3000/auth/login
9 > Content-Type: application/json; charset=UTF-8
9 > Content-Length: 55
9 > Host: localhost:3000
9 > Connection: Keep-Alive
9 > User-Agent: Apache-HttpClient/4.5.14 (Java/17.0.9)
9 > Accept-Encoding: gzip,deflate
{"email":"test28@example.com","password":"Password123"}

23:08:02.191 [pool-2-thread-12] DEBUG com.intuit.karate -- request:
7 > POST http://localhost:3000/auth/login
7 > Content-Type: application/json; charset=UTF-8
7 > Content-Length: 48
7 > Host: localhost:3000
7 > Connection: Keep-Alive
7 > User-Agent: Apache-HttpClient/4.5.14 (Java/17.0.9)
7 > Accept-Encoding: gzip,deflate
{"email":"quang1@gmail.com","password":"quang1"}

23:08:02.191 [pool-2-thread-12] DEBUG org.apache.http.impl.conn.PoolingHttpClientConnectionManager -- Connection request: [route: {}->http://localhost:3000][total available: 0; route allocated: 0 of 5; total allocated: 0 of 10]
23:08:02.191 [pool-2-thread-5] DEBUG org.apache.http.impl.conn.PoolingHttpClientConnectionManager -- Connection request: [route: {}->http://localhost:3000][total available: 0; route allocated: 0 of 5; total allocated: 0 of 10]
23:08:02.191 [pool-2-thread-12] DEBUG org.apache.http.impl.conn.PoolingHttpClientConnectionManager -- Connection leased: [id: 190][route: {}->http://localhost:3000][total available: 0; route allocated: 1 of 5; total allocated: 1 of 10]
23:08:02.191 [pool-2-thread-12] DEBUG org.apache.http.impl.execchain.MainClientExec -- Opening connection {}->http://localhost:3000
23:08:02.191 [pool-2-thread-5] DEBUG org.apache.http.impl.conn.PoolingHttpClientConnectionManager -- Connection leased: [id: 191][route: {}->http://localhost:3000][total available: 0; route allocated: 1 of 5; total allocated: 1 of 10]
23:08:02.191 [pool-2-thread-5] DEBUG org.apache.http.impl.execchain.MainClientExec -- Opening connection {}->http://localhost:3000
23:08:02.191 [pool-2-thread-12] DEBUG org.apache.http.impl.conn.DefaultHttpClientConnectionOperator -- Connecting to localhost/127.0.0.1:3000
23:08:02.191 [pool-2-thread-5] DEBUG org.apache.http.impl.conn.DefaultHttpClientConnectionOperator -- Connecting to localhost/127.0.0.1:3000
23:08:02.191 [pool-2-thread-5] DEBUG org.apache.http.impl.conn.DefaultHttpClientConnectionOperator -- Connection established 127.0.0.1:52858<->127.0.0.1:3000
23:08:02.191 [pool-2-thread-12] DEBUG org.apache.http.impl.conn.DefaultHttpClientConnectionOperator -- Connection established 127.0.0.1:52859<->127.0.0.1:3000
23:08:02.191 [pool-2-thread-5] DEBUG org.apache.http.impl.conn.DefaultManagedHttpClientConnection -- http-outgoing-191: set socket timeout to 30000
23:08:02.191 [pool-2-thread-5] DEBUG org.apache.http.impl.execchain.MainClientExec -- Executing request POST /auth/login HTTP/1.1
23:08:02.192 [pool-2-thread-5] DEBUG org.apache.http.impl.execchain.MainClientExec -- Target auth state: UNCHALLENGED
23:08:02.192 [pool-2-thread-12] DEBUG org.apache.http.impl.conn.DefaultManagedHttpClientConnection -- http-outgoing-190: set socket timeout to 30000
23:08:02.192 [pool-2-thread-5] DEBUG org.apache.http.impl.execchain.MainClientExec -- Proxy auth state: UNCHALLENGED
23:08:02.192 [pool-2-thread-12] DEBUG org.apache.http.impl.execchain.MainClientExec -- Executing request POST /auth/login HTTP/1.1
23:08:02.192 [pool-2-thread-12] DEBUG org.apache.http.impl.execchain.MainClientExec -- Target auth state: UNCHALLENGED
23:08:02.192 [pool-2-thread-12] DEBUG org.apache.http.impl.execchain.MainClientExec -- Proxy auth state: UNCHALLENGED
23:08:02.192 [pool-2-thread-5] DEBUG org.apache.http.headers -- http-outgoing-191 >> POST /auth/login HTTP/1.1
23:08:02.192 [pool-2-thread-5] DEBUG org.apache.http.headers -- http-outgoing-191 >> Content-Type: application/json; charset=UTF-8
23:08:02.192 [pool-2-thread-5] DEBUG org.apache.http.headers -- http-outgoing-191 >> Content-Length: 55
23:08:02.192 [pool-2-thread-5] DEBUG org.apache.http.headers -- http-outgoing-191 >> Host: localhost:3000
23:08:02.192 [pool-2-thread-5] DEBUG org.apache.http.headers -- http-outgoing-191 >> Connection: Keep-Alive
23:08:02.192 [pool-2-thread-5] DEBUG org.apache.http.headers -- http-outgoing-191 >> User-Agent: Apache-HttpClient/4.5.14 (Java/17.0.9)
23:08:02.192 [pool-2-thread-5] DEBUG org.apache.http.headers -- http-outgoing-191 >> Accept-Encoding: gzip,deflate
23:08:02.192 [pool-2-thread-12] DEBUG org.apache.http.headers -- http-outgoing-190 >> POST /auth/login HTTP/1.1
23:08:02.192 [pool-2-thread-12] DEBUG org.apache.http.headers -- http-outgoing-190 >> Content-Type: application/json; charset=UTF-8
23:08:02.192 [pool-2-thread-12] DEBUG org.apache.http.headers -- http-outgoing-190 >> Content-Length: 48
23:08:02.192 [pool-2-thread-5] DEBUG org.apache.http.wire -- http-outgoing-191 >> "POST /auth/login HTTP/1.1[\r][\n]"
23:08:02.192 [pool-2-thread-12] DEBUG org.apache.http.headers -- http-outgoing-190 >> Host: localhost:3000
23:08:02.192 [pool-2-thread-5] DEBUG org.apache.http.wire -- http-outgoing-191 >> "Content-Type: application/json; charset=UTF-8[\r][\n]"
23:08:02.192 [pool-2-thread-12] DEBUG org.apache.http.headers -- http-outgoing-190 >> Connection: Keep-Alive
23:08:02.192 [pool-2-thread-5] DEBUG org.apache.http.wire -- http-outgoing-191 >> "Content-Length: 55[\r][\n]"
23:08:02.192 [pool-2-thread-12] DEBUG org.apache.http.headers -- http-outgoing-190 >> User-Agent: Apache-HttpClient/4.5.14 (Java/17.0.9)
23:08:02.192 [pool-2-thread-5] DEBUG org.apache.http.wire -- http-outgoing-191 >> "Host: localhost:3000[\r][\n]"
23:08:02.192 [pool-2-thread-12] DEBUG org.apache.http.headers -- http-outgoing-190 >> Accept-Encoding: gzip,deflate
23:08:02.192 [pool-2-thread-5] DEBUG org.apache.http.wire -- http-outgoing-191 >> "Connection: Keep-Alive[\r][\n]"
23:08:02.192 [pool-2-thread-12] DEBUG org.apache.http.wire -- http-outgoing-190 >> "POST /auth/login HTTP/1.1[\r][\n]"
23:08:02.192 [pool-2-thread-12] DEBUG org.apache.http.wire -- http-outgoing-190 >> "Content-Type: application/json; charset=UTF-8[\r][\n]"
23:08:02.192 [pool-2-thread-5] DEBUG org.apache.http.wire -- http-outgoing-191 >> "User-Agent: Apache-HttpClient/4.5.14 (Java/17.0.9)[\r][\n]"
23:08:02.192 [pool-2-thread-5] DEBUG org.apache.http.wire -- http-outgoing-191 >> "Accept-Encoding: gzip,deflate[\r][\n]"
23:08:02.192 [pool-2-thread-5] DEBUG org.apache.http.wire -- http-outgoing-191 >> "[\r][\n]"
23:08:02.192 [pool-2-thread-5] DEBUG org.apache.http.wire -- http-outgoing-191 >> "{"email":"test28@example.com","password":"Password123"}"
23:08:02.192 [pool-2-thread-12] DEBUG org.apache.http.wire -- http-outgoing-190 >> "Content-Length: 48[\r][\n]"
23:08:02.192 [pool-2-thread-12] DEBUG org.apache.http.wire -- http-outgoing-190 >> "Host: localhost:3000[\r][\n]"
23:08:02.192 [pool-2-thread-12] DEBUG org.apache.http.wire -- http-outgoing-190 >> "Connection: Keep-Alive[\r][\n]"
23:08:02.192 [pool-2-thread-12] DEBUG org.apache.http.wire -- http-outgoing-190 >> "User-Agent: Apache-HttpClient/4.5.14 (Java/17.0.9)[\r][\n]"
23:08:02.192 [pool-2-thread-12] DEBUG org.apache.http.wire -- http-outgoing-190 >> "Accept-Encoding: gzip,deflate[\r][\n]"
23:08:02.192 [pool-2-thread-12] DEBUG org.apache.http.wire -- http-outgoing-190 >> "[\r][\n]"
23:08:02.192 [pool-2-thread-12] DEBUG org.apache.http.wire -- http-outgoing-190 >> "{"email":"quang1@gmail.com","password":"quang1"}"
23:08:02.217 [pool-2-thread-24] DEBUG org.apache.http.wire -- http-outgoing-167 << "HTTP/1.1 200 OK[\r][\n]"
23:08:02.217 [pool-2-thread-24] DEBUG org.apache.http.wire -- http-outgoing-167 << "X-Powered-By: Express[\r][\n]"
23:08:02.217 [pool-2-thread-24] DEBUG org.apache.http.wire -- http-outgoing-167 << "Access-Control-Allow-Origin: *[\r][\n]"
23:08:02.217 [pool-2-thread-24] DEBUG org.apache.http.wire -- http-outgoing-167 << "Content-Type: application/json; charset=utf-8[\r][\n]"
23:08:02.217 [pool-2-thread-24] DEBUG org.apache.http.wire -- http-outgoing-167 << "Content-Length: 608[\r][\n]"
23:08:02.217 [pool-2-thread-24] DEBUG org.apache.http.wire -- http-outgoing-167 << "ETag: W/"260-vzM1nnVL83Okyu1arsPLaW4dKwM"[\r][\n]"
23:08:02.217 [pool-2-thread-24] DEBUG org.apache.http.wire -- http-outgoing-167 << "Date: Sun, 22 Jun 2025 16:08:02 GMT[\r][\n]"
23:08:02.217 [pool-2-thread-24] DEBUG org.apache.http.wire -- http-outgoing-167 << "Connection: keep-alive[\r][\n]"
23:08:02.217 [pool-2-thread-24] DEBUG org.apache.http.wire -- http-outgoing-167 << "Keep-Alive: timeout=5[\r][\n]"
23:08:02.217 [pool-2-thread-24] DEBUG org.apache.http.wire -- http-outgoing-167 << "[\r][\n]"
23:08:02.217 [pool-2-thread-24] DEBUG org.apache.http.wire -- http-outgoing-167 << "{"access_token":"eyJhbGciOiJIUzI1NiIsInR5cCI6IkpXVCJ9.eyJzdWIiOiI4YTI0NzQ2MS01YzA0LTQyMWQtOThmNS1mYTljNzM0ZmFlYTUiLCJ1c2VybmFtZSI6ImphbmVzbWl0aCIsInJvbGUiOjAsImlhdCI6MTc1MDYwODQ4MSwiZXhwIjoxNzUwNjEyMDgxfQ.Y8vKNKxaBTIqyJYSwralwi_qw3BWLOfgdDCVepgKS4Y","refresh_token":"43da175ca0f55bb0c6a6abbdb2aafa6234ed7df3dc6a617dc592dc39f32197c2","user":{"id":"8a247461-5c04-421d-98f5-fa9c734faea5","email":"test2@example.com","username":"janesmith","name":"Jane Smith","phoneNumber":"01234567890","profilePic":null,"bio":null,"private":false,"verified":false,"role":0,"followersCount":0,"followingCount":0,"postCount":0}}"
23:08:02.217 [pool-2-thread-24] DEBUG org.apache.http.headers -- http-outgoing-167 << HTTP/1.1 200 OK
23:08:02.217 [pool-2-thread-24] DEBUG org.apache.http.headers -- http-outgoing-167 << X-Powered-By: Express
23:08:02.217 [pool-2-thread-24] DEBUG org.apache.http.headers -- http-outgoing-167 << Access-Control-Allow-Origin: *
23:08:02.217 [pool-2-thread-24] DEBUG org.apache.http.headers -- http-outgoing-167 << Content-Type: application/json; charset=utf-8
23:08:02.217 [pool-2-thread-24] DEBUG org.apache.http.headers -- http-outgoing-167 << Content-Length: 608
23:08:02.217 [pool-2-thread-24] DEBUG org.apache.http.headers -- http-outgoing-167 << ETag: W/"260-vzM1nnVL83Okyu1arsPLaW4dKwM"
23:08:02.217 [pool-2-thread-24] DEBUG org.apache.http.headers -- http-outgoing-167 << Date: Sun, 22 Jun 2025 16:08:02 GMT
23:08:02.217 [pool-2-thread-24] DEBUG org.apache.http.headers -- http-outgoing-167 << Connection: keep-alive
23:08:02.217 [pool-2-thread-24] DEBUG org.apache.http.headers -- http-outgoing-167 << Keep-Alive: timeout=5
23:08:02.217 [pool-2-thread-24] DEBUG org.apache.http.impl.execchain.MainClientExec -- Connection can be kept alive for 5000 MILLISECONDS
23:08:02.218 [pool-2-thread-24] DEBUG org.apache.http.impl.conn.PoolingHttpClientConnectionManager -- Connection [id: 167][route: {}->http://localhost:3000] can be kept alive for 5.0 seconds
23:08:02.218 [pool-2-thread-24] DEBUG org.apache.http.impl.conn.DefaultManagedHttpClientConnection -- http-outgoing-167: set socket timeout to 0
23:08:02.218 [pool-2-thread-24] DEBUG org.apache.http.impl.conn.PoolingHttpClientConnectionManager -- Connection released: [id: 167][route: {}->http://localhost:3000][total available: 1; route allocated: 1 of 5; total allocated: 1 of 10]
23:08:02.218 [pool-2-thread-24] DEBUG org.apache.http.impl.conn.PoolingHttpClientConnectionManager -- Connection manager is shutting down
23:08:02.218 [pool-2-thread-24] DEBUG org.apache.http.impl.conn.DefaultManagedHttpClientConnection -- http-outgoing-167: Close connection
23:08:02.218 [pool-2-thread-24] DEBUG org.apache.http.impl.conn.PoolingHttpClientConnectionManager -- Connection manager shut down
23:08:02.218 [pool-2-thread-24] DEBUG com.intuit.karate -- response time in milliseconds: 2861
8 < 200
8 < X-Powered-By: Express
8 < Access-Control-Allow-Origin: *
8 < Content-Type: application/json; charset=utf-8
8 < Content-Length: 608
8 < ETag: W/"260-vzM1nnVL83Okyu1arsPLaW4dKwM"
8 < Date: Sun, 22 Jun 2025 16:08:02 GMT
8 < Connection: keep-alive
8 < Keep-Alive: timeout=5
{"access_token":"eyJhbGciOiJIUzI1NiIsInR5cCI6IkpXVCJ9.eyJzdWIiOiI4YTI0NzQ2MS01YzA0LTQyMWQtOThmNS1mYTljNzM0ZmFlYTUiLCJ1c2VybmFtZSI6ImphbmVzbWl0aCIsInJvbGUiOjAsImlhdCI6MTc1MDYwODQ4MSwiZXhwIjoxNzUwNjEyMDgxfQ.Y8vKNKxaBTIqyJYSwralwi_qw3BWLOfgdDCVepgKS4Y","refresh_token":"43da175ca0f55bb0c6a6abbdb2aafa6234ed7df3dc6a617dc592dc39f32197c2","user":{"id":"8a247461-5c04-421d-98f5-fa9c734faea5","email":"test2@example.com","username":"janesmith","name":"Jane Smith","phoneNumber":"01234567890","profilePic":null,"bio":null,"private":false,"verified":false,"role":0,"followersCount":0,"followingCount":0,"postCount":0}}

23:08:02.219 [pool-2-thread-24] INFO com.intuit.karate -- [print] Call 8 completed, status: 200 
23:08:02.220 [pool-2-thread-24] INFO com.intuit.karate -- [print] *** API CALL 9 *** 
23:08:02.220 [pool-2-thread-24] DEBUG org.apache.http.client.protocol.RequestAddCookies -- CookieSpec selected: karate
23:08:02.220 [pool-2-thread-24] DEBUG org.apache.http.client.protocol.RequestAuthCache -- Auth cache not set in the context
23:08:02.221 [pool-2-thread-24] DEBUG com.intuit.karate -- request:
9 > POST http://localhost:3000/auth/login
9 > Content-Type: application/json; charset=UTF-8
9 > Content-Length: 54
9 > Host: localhost:3000
9 > Connection: Keep-Alive
9 > User-Agent: Apache-HttpClient/4.5.14 (Java/17.0.9)
9 > Accept-Encoding: gzip,deflate
{"email":"test2@example.com","password":"Password123"}

23:08:02.221 [pool-2-thread-24] DEBUG org.apache.http.impl.conn.PoolingHttpClientConnectionManager -- Connection request: [route: {}->http://localhost:3000][total available: 0; route allocated: 0 of 5; total allocated: 0 of 10]
23:08:02.221 [pool-2-thread-24] DEBUG org.apache.http.impl.conn.PoolingHttpClientConnectionManager -- Connection leased: [id: 192][route: {}->http://localhost:3000][total available: 0; route allocated: 1 of 5; total allocated: 1 of 10]
23:08:02.221 [pool-2-thread-24] DEBUG org.apache.http.impl.execchain.MainClientExec -- Opening connection {}->http://localhost:3000
23:08:02.221 [pool-2-thread-24] DEBUG org.apache.http.impl.conn.DefaultHttpClientConnectionOperator -- Connecting to localhost/127.0.0.1:3000
23:08:02.222 [pool-2-thread-24] DEBUG org.apache.http.impl.conn.DefaultHttpClientConnectionOperator -- Connection established 127.0.0.1:52860<->127.0.0.1:3000
23:08:02.222 [pool-2-thread-24] DEBUG org.apache.http.impl.conn.DefaultManagedHttpClientConnection -- http-outgoing-192: set socket timeout to 30000
23:08:02.222 [pool-2-thread-24] DEBUG org.apache.http.impl.execchain.MainClientExec -- Executing request POST /auth/login HTTP/1.1
23:08:02.222 [pool-2-thread-24] DEBUG org.apache.http.impl.execchain.MainClientExec -- Target auth state: UNCHALLENGED
23:08:02.222 [pool-2-thread-24] DEBUG org.apache.http.impl.execchain.MainClientExec -- Proxy auth state: UNCHALLENGED
23:08:02.222 [pool-2-thread-24] DEBUG org.apache.http.headers -- http-outgoing-192 >> POST /auth/login HTTP/1.1
23:08:02.222 [pool-2-thread-24] DEBUG org.apache.http.headers -- http-outgoing-192 >> Content-Type: application/json; charset=UTF-8
23:08:02.222 [pool-2-thread-24] DEBUG org.apache.http.headers -- http-outgoing-192 >> Content-Length: 54
23:08:02.222 [pool-2-thread-24] DEBUG org.apache.http.headers -- http-outgoing-192 >> Host: localhost:3000
23:08:02.222 [pool-2-thread-24] DEBUG org.apache.http.headers -- http-outgoing-192 >> Connection: Keep-Alive
23:08:02.222 [pool-2-thread-24] DEBUG org.apache.http.headers -- http-outgoing-192 >> User-Agent: Apache-HttpClient/4.5.14 (Java/17.0.9)
23:08:02.222 [pool-2-thread-24] DEBUG org.apache.http.headers -- http-outgoing-192 >> Accept-Encoding: gzip,deflate
23:08:02.222 [pool-2-thread-24] DEBUG org.apache.http.wire -- http-outgoing-192 >> "POST /auth/login HTTP/1.1[\r][\n]"
23:08:02.222 [pool-2-thread-24] DEBUG org.apache.http.wire -- http-outgoing-192 >> "Content-Type: application/json; charset=UTF-8[\r][\n]"
23:08:02.222 [pool-2-thread-24] DEBUG org.apache.http.wire -- http-outgoing-192 >> "Content-Length: 54[\r][\n]"
23:08:02.222 [pool-2-thread-24] DEBUG org.apache.http.wire -- http-outgoing-192 >> "Host: localhost:3000[\r][\n]"
23:08:02.222 [pool-2-thread-24] DEBUG org.apache.http.wire -- http-outgoing-192 >> "Connection: Keep-Alive[\r][\n]"
23:08:02.222 [pool-2-thread-24] DEBUG org.apache.http.wire -- http-outgoing-192 >> "User-Agent: Apache-HttpClient/4.5.14 (Java/17.0.9)[\r][\n]"
23:08:02.222 [pool-2-thread-24] DEBUG org.apache.http.wire -- http-outgoing-192 >> "Accept-Encoding: gzip,deflate[\r][\n]"
23:08:02.222 [pool-2-thread-24] DEBUG org.apache.http.wire -- http-outgoing-192 >> "[\r][\n]"
23:08:02.222 [pool-2-thread-24] DEBUG org.apache.http.wire -- http-outgoing-192 >> "{"email":"test2@example.com","password":"Password123"}"
23:08:02.244 [pool-2-thread-29] DEBUG org.apache.http.wire -- http-outgoing-159 << "HTTP/1.1 200 OK[\r][\n]"
23:08:02.244 [pool-2-thread-29] DEBUG org.apache.http.wire -- http-outgoing-159 << "X-Powered-By: Express[\r][\n]"
23:08:02.244 [pool-2-thread-29] DEBUG org.apache.http.wire -- http-outgoing-159 << "Access-Control-Allow-Origin: *[\r][\n]"
23:08:02.244 [pool-2-thread-29] DEBUG org.apache.http.wire -- http-outgoing-159 << "Content-Type: application/json; charset=utf-8[\r][\n]"
23:08:02.244 [pool-2-thread-29] DEBUG org.apache.http.wire -- http-outgoing-159 << "Content-Length: 604[\r][\n]"
23:08:02.244 [pool-2-thread-29] DEBUG org.apache.http.wire -- http-outgoing-159 << "ETag: W/"25c-WAj2WYFcl96qNqh3+Vjama1kDUs"[\r][\n]"
23:08:02.244 [pool-2-thread-29] DEBUG org.apache.http.wire -- http-outgoing-159 << "Date: Sun, 22 Jun 2025 16:08:02 GMT[\r][\n]"
23:08:02.244 [pool-2-thread-29] DEBUG org.apache.http.wire -- http-outgoing-159 << "Connection: keep-alive[\r][\n]"
23:08:02.244 [pool-2-thread-29] DEBUG org.apache.http.wire -- http-outgoing-159 << "Keep-Alive: timeout=5[\r][\n]"
23:08:02.244 [pool-2-thread-29] DEBUG org.apache.http.wire -- http-outgoing-159 << "[\r][\n]"
23:08:02.244 [pool-2-thread-29] DEBUG org.apache.http.wire -- http-outgoing-159 << "{"access_token":"eyJhbGciOiJIUzI1NiIsInR5cCI6IkpXVCJ9.eyJzdWIiOiJkZjZmMDkxOS1hMjNkLTQ0YzktYTkyNS00ZWE4YmU1MjVkMTAiLCJ1c2VybmFtZSI6ImpvaG5kb2UyMyIsInJvbGUiOjAsImlhdCI6MTc1MDYwODQ4MSwiZXhwIjoxNzUwNjEyMDgxfQ.FjGdWFSlCdGARKZHWAyeRJUQWT-CVjX-FcifCgF-F6Y","refresh_token":"befbe81294e8737435854185389ae740dc4a6a39c354faf2c324fa708846f10c","user":{"id":"df6f0919-a23d-44c9-a925-4ea8be525d10","email":"testit@gmail.com","username":"johndoe23","name":"John Doe","phoneNumber":"0123456788","profilePic":null,"bio":null,"private":false,"verified":false,"role":0,"followersCount":0,"followingCount":0,"postCount":0}}"
23:08:02.244 [pool-2-thread-29] DEBUG org.apache.http.headers -- http-outgoing-159 << HTTP/1.1 200 OK
23:08:02.244 [pool-2-thread-29] DEBUG org.apache.http.headers -- http-outgoing-159 << X-Powered-By: Express
23:08:02.244 [pool-2-thread-29] DEBUG org.apache.http.headers -- http-outgoing-159 << Access-Control-Allow-Origin: *
23:08:02.244 [pool-2-thread-29] DEBUG org.apache.http.headers -- http-outgoing-159 << Content-Type: application/json; charset=utf-8
23:08:02.244 [pool-2-thread-29] DEBUG org.apache.http.headers -- http-outgoing-159 << Content-Length: 604
23:08:02.244 [pool-2-thread-29] DEBUG org.apache.http.headers -- http-outgoing-159 << ETag: W/"25c-WAj2WYFcl96qNqh3+Vjama1kDUs"
23:08:02.244 [pool-2-thread-29] DEBUG org.apache.http.headers -- http-outgoing-159 << Date: Sun, 22 Jun 2025 16:08:02 GMT
23:08:02.244 [pool-2-thread-29] DEBUG org.apache.http.headers -- http-outgoing-159 << Connection: keep-alive
23:08:02.244 [pool-2-thread-29] DEBUG org.apache.http.headers -- http-outgoing-159 << Keep-Alive: timeout=5
23:08:02.244 [pool-2-thread-29] DEBUG org.apache.http.impl.execchain.MainClientExec -- Connection can be kept alive for 5000 MILLISECONDS
23:08:02.244 [pool-2-thread-29] DEBUG org.apache.http.impl.conn.PoolingHttpClientConnectionManager -- Connection [id: 159][route: {}->http://localhost:3000] can be kept alive for 5.0 seconds
23:08:02.244 [pool-2-thread-29] DEBUG org.apache.http.impl.conn.DefaultManagedHttpClientConnection -- http-outgoing-159: set socket timeout to 0
23:08:02.244 [pool-2-thread-29] DEBUG org.apache.http.impl.conn.PoolingHttpClientConnectionManager -- Connection released: [id: 159][route: {}->http://localhost:3000][total available: 1; route allocated: 1 of 5; total allocated: 1 of 10]
23:08:02.244 [pool-2-thread-29] DEBUG org.apache.http.impl.conn.PoolingHttpClientConnectionManager -- Connection manager is shutting down
23:08:02.244 [pool-2-thread-29] DEBUG org.apache.http.impl.conn.DefaultManagedHttpClientConnection -- http-outgoing-159: Close connection
23:08:02.244 [pool-2-thread-29] DEBUG org.apache.http.impl.conn.PoolingHttpClientConnectionManager -- Connection manager shut down
23:08:02.245 [pool-2-thread-29] DEBUG com.intuit.karate -- response time in milliseconds: 3829
7 < 200
7 < X-Powered-By: Express
7 < Access-Control-Allow-Origin: *
7 < Content-Type: application/json; charset=utf-8
7 < Content-Length: 604
7 < ETag: W/"25c-WAj2WYFcl96qNqh3+Vjama1kDUs"
7 < Date: Sun, 22 Jun 2025 16:08:02 GMT
7 < Connection: keep-alive
7 < Keep-Alive: timeout=5
{"access_token":"eyJhbGciOiJIUzI1NiIsInR5cCI6IkpXVCJ9.eyJzdWIiOiJkZjZmMDkxOS1hMjNkLTQ0YzktYTkyNS00ZWE4YmU1MjVkMTAiLCJ1c2VybmFtZSI6ImpvaG5kb2UyMyIsInJvbGUiOjAsImlhdCI6MTc1MDYwODQ4MSwiZXhwIjoxNzUwNjEyMDgxfQ.FjGdWFSlCdGARKZHWAyeRJUQWT-CVjX-FcifCgF-F6Y","refresh_token":"befbe81294e8737435854185389ae740dc4a6a39c354faf2c324fa708846f10c","user":{"id":"df6f0919-a23d-44c9-a925-4ea8be525d10","email":"testit@gmail.com","username":"johndoe23","name":"John Doe","phoneNumber":"0123456788","profilePic":null,"bio":null,"private":false,"verified":false,"role":0,"followersCount":0,"followingCount":0,"postCount":0}}

23:08:02.245 [pool-2-thread-29] INFO com.intuit.karate -- [print] Call 7 completed, status: 200 
23:08:02.246 [pool-2-thread-29] INFO com.intuit.karate -- [print] *** API CALL 8 *** 
23:08:02.248 [pool-2-thread-29] DEBUG org.apache.http.client.protocol.RequestAddCookies -- CookieSpec selected: karate
23:08:02.248 [pool-2-thread-29] DEBUG org.apache.http.client.protocol.RequestAuthCache -- Auth cache not set in the context
23:08:02.248 [pool-2-thread-29] DEBUG com.intuit.karate -- request:
8 > POST http://localhost:3000/auth/login
8 > Content-Type: application/json; charset=UTF-8
8 > Content-Length: 53
8 > Host: localhost:3000
8 > Connection: Keep-Alive
8 > User-Agent: Apache-HttpClient/4.5.14 (Java/17.0.9)
8 > Accept-Encoding: gzip,deflate
{"email":"testit@gmail.com","password":"Password123"}

23:08:02.248 [pool-2-thread-29] DEBUG org.apache.http.impl.conn.PoolingHttpClientConnectionManager -- Connection request: [route: {}->http://localhost:3000][total available: 0; route allocated: 0 of 5; total allocated: 0 of 10]
23:08:02.248 [pool-2-thread-29] DEBUG org.apache.http.impl.conn.PoolingHttpClientConnectionManager -- Connection leased: [id: 193][route: {}->http://localhost:3000][total available: 0; route allocated: 1 of 5; total allocated: 1 of 10]
23:08:02.248 [pool-2-thread-29] DEBUG org.apache.http.impl.execchain.MainClientExec -- Opening connection {}->http://localhost:3000
23:08:02.249 [pool-2-thread-29] DEBUG org.apache.http.impl.conn.DefaultHttpClientConnectionOperator -- Connecting to localhost/127.0.0.1:3000
23:08:02.249 [pool-2-thread-29] DEBUG org.apache.http.impl.conn.DefaultHttpClientConnectionOperator -- Connection established 127.0.0.1:52861<->127.0.0.1:3000
23:08:02.249 [pool-2-thread-29] DEBUG org.apache.http.impl.conn.DefaultManagedHttpClientConnection -- http-outgoing-193: set socket timeout to 30000
23:08:02.249 [pool-2-thread-29] DEBUG org.apache.http.impl.execchain.MainClientExec -- Executing request POST /auth/login HTTP/1.1
23:08:02.249 [pool-2-thread-29] DEBUG org.apache.http.impl.execchain.MainClientExec -- Target auth state: UNCHALLENGED
23:08:02.249 [pool-2-thread-29] DEBUG org.apache.http.impl.execchain.MainClientExec -- Proxy auth state: UNCHALLENGED
23:08:02.249 [pool-2-thread-29] DEBUG org.apache.http.headers -- http-outgoing-193 >> POST /auth/login HTTP/1.1
23:08:02.249 [pool-2-thread-29] DEBUG org.apache.http.headers -- http-outgoing-193 >> Content-Type: application/json; charset=UTF-8
23:08:02.249 [pool-2-thread-29] DEBUG org.apache.http.headers -- http-outgoing-193 >> Content-Length: 53
23:08:02.249 [pool-2-thread-29] DEBUG org.apache.http.headers -- http-outgoing-193 >> Host: localhost:3000
23:08:02.249 [pool-2-thread-29] DEBUG org.apache.http.headers -- http-outgoing-193 >> Connection: Keep-Alive
23:08:02.249 [pool-2-thread-29] DEBUG org.apache.http.headers -- http-outgoing-193 >> User-Agent: Apache-HttpClient/4.5.14 (Java/17.0.9)
23:08:02.249 [pool-2-thread-29] DEBUG org.apache.http.headers -- http-outgoing-193 >> Accept-Encoding: gzip,deflate
23:08:02.249 [pool-2-thread-29] DEBUG org.apache.http.wire -- http-outgoing-193 >> "POST /auth/login HTTP/1.1[\r][\n]"
23:08:02.249 [pool-2-thread-29] DEBUG org.apache.http.wire -- http-outgoing-193 >> "Content-Type: application/json; charset=UTF-8[\r][\n]"
23:08:02.249 [pool-2-thread-29] DEBUG org.apache.http.wire -- http-outgoing-193 >> "Content-Length: 53[\r][\n]"
23:08:02.249 [pool-2-thread-29] DEBUG org.apache.http.wire -- http-outgoing-193 >> "Host: localhost:3000[\r][\n]"
23:08:02.249 [pool-2-thread-29] DEBUG org.apache.http.wire -- http-outgoing-193 >> "Connection: Keep-Alive[\r][\n]"
23:08:02.249 [pool-2-thread-29] DEBUG org.apache.http.wire -- http-outgoing-193 >> "User-Agent: Apache-HttpClient/4.5.14 (Java/17.0.9)[\r][\n]"
23:08:02.249 [pool-2-thread-29] DEBUG org.apache.http.wire -- http-outgoing-193 >> "Accept-Encoding: gzip,deflate[\r][\n]"
23:08:02.249 [pool-2-thread-29] DEBUG org.apache.http.wire -- http-outgoing-193 >> "[\r][\n]"
23:08:02.249 [pool-2-thread-29] DEBUG org.apache.http.wire -- http-outgoing-193 >> "{"email":"testit@gmail.com","password":"Password123"}"
23:08:02.268 [pool-2-thread-7] DEBUG org.apache.http.wire -- http-outgoing-168 << "HTTP/1.1 200 OK[\r][\n]"
23:08:02.268 [pool-2-thread-7] DEBUG org.apache.http.wire -- http-outgoing-168 << "X-Powered-By: Express[\r][\n]"
23:08:02.268 [pool-2-thread-7] DEBUG org.apache.http.wire -- http-outgoing-168 << "Access-Control-Allow-Origin: *[\r][\n]"
23:08:02.268 [pool-2-thread-7] DEBUG org.apache.http.wire -- http-outgoing-168 << "Content-Type: application/json; charset=utf-8[\r][\n]"
23:08:02.268 [pool-2-thread-7] DEBUG org.apache.http.wire -- http-outgoing-168 << "Content-Length: 605[\r][\n]"
23:08:02.268 [pool-2-thread-7] DEBUG org.apache.http.wire -- http-outgoing-168 << "ETag: W/"25d-3VPpifjwSDJNfekA/KgoGrbQwYM"[\r][\n]"
23:08:02.268 [pool-2-thread-7] DEBUG org.apache.http.wire -- http-outgoing-168 << "Date: Sun, 22 Jun 2025 16:08:02 GMT[\r][\n]"
23:08:02.268 [pool-2-thread-7] DEBUG org.apache.http.wire -- http-outgoing-168 << "Connection: keep-alive[\r][\n]"
23:08:02.268 [pool-2-thread-7] DEBUG org.apache.http.wire -- http-outgoing-168 << "Keep-Alive: timeout=5[\r][\n]"
23:08:02.268 [pool-2-thread-7] DEBUG org.apache.http.wire -- http-outgoing-168 << "[\r][\n]"
23:08:02.268 [pool-2-thread-7] DEBUG org.apache.http.wire -- http-outgoing-168 << "{"access_token":"eyJhbGciOiJIUzI1NiIsInR5cCI6IkpXVCJ9.eyJzdWIiOiI2NTBjZTFlZC1hYWNhLTQzOGYtOTk4OC0xZjA1OGFiNWFhMWEiLCJ1c2VybmFtZSI6ImpvaG5kb2UyNSIsInJvbGUiOjAsImlhdCI6MTc1MDYwODQ4MSwiZXhwIjoxNzUwNjEyMDgxfQ.kjYswsm9b_GpxbFtSK1PnFTGpGyZVbUlKIYvwU4OOJc","refresh_token":"67ae926f2b215017696a4c680dbb09220e02f2dbb49b09bdcb918b095f750074","user":{"id":"650ce1ed-aaca-438f-9988-1f058ab5aa1a","email":"testit3@gmail.com","username":"johndoe25","name":"John Doe","phoneNumber":"0123456713","profilePic":null,"bio":null,"private":false,"verified":false,"role":0,"followersCount":0,"followingCount":0,"postCount":0}}"
23:08:02.268 [pool-2-thread-7] DEBUG org.apache.http.headers -- http-outgoing-168 << HTTP/1.1 200 OK
23:08:02.268 [pool-2-thread-7] DEBUG org.apache.http.headers -- http-outgoing-168 << X-Powered-By: Express
23:08:02.268 [pool-2-thread-7] DEBUG org.apache.http.headers -- http-outgoing-168 << Access-Control-Allow-Origin: *
23:08:02.268 [pool-2-thread-7] DEBUG org.apache.http.headers -- http-outgoing-168 << Content-Type: application/json; charset=utf-8
23:08:02.268 [pool-2-thread-7] DEBUG org.apache.http.headers -- http-outgoing-168 << Content-Length: 605
23:08:02.268 [pool-2-thread-7] DEBUG org.apache.http.headers -- http-outgoing-168 << ETag: W/"25d-3VPpifjwSDJNfekA/KgoGrbQwYM"
23:08:02.268 [pool-2-thread-7] DEBUG org.apache.http.headers -- http-outgoing-168 << Date: Sun, 22 Jun 2025 16:08:02 GMT
23:08:02.268 [pool-2-thread-7] DEBUG org.apache.http.headers -- http-outgoing-168 << Connection: keep-alive
23:08:02.268 [pool-2-thread-7] DEBUG org.apache.http.headers -- http-outgoing-168 << Keep-Alive: timeout=5
23:08:02.269 [pool-2-thread-7] DEBUG org.apache.http.impl.execchain.MainClientExec -- Connection can be kept alive for 5000 MILLISECONDS
23:08:02.269 [pool-2-thread-7] DEBUG org.apache.http.impl.conn.PoolingHttpClientConnectionManager -- Connection [id: 168][route: {}->http://localhost:3000] can be kept alive for 5.0 seconds
23:08:02.269 [pool-2-thread-7] DEBUG org.apache.http.impl.conn.DefaultManagedHttpClientConnection -- http-outgoing-168: set socket timeout to 0
23:08:02.269 [pool-2-thread-7] DEBUG org.apache.http.impl.conn.PoolingHttpClientConnectionManager -- Connection released: [id: 168][route: {}->http://localhost:3000][total available: 1; route allocated: 1 of 5; total allocated: 1 of 10]
23:08:02.269 [pool-2-thread-7] DEBUG org.apache.http.impl.conn.PoolingHttpClientConnectionManager -- Connection manager is shutting down
23:08:02.269 [pool-2-thread-7] DEBUG org.apache.http.impl.conn.DefaultManagedHttpClientConnection -- http-outgoing-168: Close connection
23:08:02.269 [pool-2-thread-7] DEBUG org.apache.http.impl.conn.PoolingHttpClientConnectionManager -- Connection manager shut down
23:08:02.269 [pool-2-thread-7] DEBUG com.intuit.karate -- response time in milliseconds: 2906
7 < 200
7 < X-Powered-By: Express
7 < Access-Control-Allow-Origin: *
7 < Content-Type: application/json; charset=utf-8
7 < Content-Length: 605
7 < ETag: W/"25d-3VPpifjwSDJNfekA/KgoGrbQwYM"
7 < Date: Sun, 22 Jun 2025 16:08:02 GMT
7 < Connection: keep-alive
7 < Keep-Alive: timeout=5
{"access_token":"eyJhbGciOiJIUzI1NiIsInR5cCI6IkpXVCJ9.eyJzdWIiOiI2NTBjZTFlZC1hYWNhLTQzOGYtOTk4OC0xZjA1OGFiNWFhMWEiLCJ1c2VybmFtZSI6ImpvaG5kb2UyNSIsInJvbGUiOjAsImlhdCI6MTc1MDYwODQ4MSwiZXhwIjoxNzUwNjEyMDgxfQ.kjYswsm9b_GpxbFtSK1PnFTGpGyZVbUlKIYvwU4OOJc","refresh_token":"67ae926f2b215017696a4c680dbb09220e02f2dbb49b09bdcb918b095f750074","user":{"id":"650ce1ed-aaca-438f-9988-1f058ab5aa1a","email":"testit3@gmail.com","username":"johndoe25","name":"John Doe","phoneNumber":"0123456713","profilePic":null,"bio":null,"private":false,"verified":false,"role":0,"followersCount":0,"followingCount":0,"postCount":0}}

23:08:02.271 [pool-2-thread-7] INFO com.intuit.karate -- [print] Call 7 completed, status: 200 
23:08:02.271 [pool-2-thread-7] INFO com.intuit.karate -- [print] *** API CALL 8 *** 
23:08:02.272 [pool-2-thread-7] DEBUG org.apache.http.client.protocol.RequestAddCookies -- CookieSpec selected: karate
23:08:02.272 [pool-2-thread-7] DEBUG org.apache.http.client.protocol.RequestAuthCache -- Auth cache not set in the context
23:08:02.272 [pool-2-thread-7] DEBUG com.intuit.karate -- request:
8 > POST http://localhost:3000/auth/login
8 > Content-Type: application/json; charset=UTF-8
8 > Content-Length: 54
8 > Host: localhost:3000
8 > Connection: Keep-Alive
8 > User-Agent: Apache-HttpClient/4.5.14 (Java/17.0.9)
8 > Accept-Encoding: gzip,deflate
{"email":"testit3@gmail.com","password":"Password123"}

23:08:02.272 [pool-2-thread-7] DEBUG org.apache.http.impl.conn.PoolingHttpClientConnectionManager -- Connection request: [route: {}->http://localhost:3000][total available: 0; route allocated: 0 of 5; total allocated: 0 of 10]
23:08:02.272 [pool-2-thread-7] DEBUG org.apache.http.impl.conn.PoolingHttpClientConnectionManager -- Connection leased: [id: 194][route: {}->http://localhost:3000][total available: 0; route allocated: 1 of 5; total allocated: 1 of 10]
23:08:02.272 [pool-2-thread-7] DEBUG org.apache.http.impl.execchain.MainClientExec -- Opening connection {}->http://localhost:3000
23:08:02.272 [pool-2-thread-7] DEBUG org.apache.http.impl.conn.DefaultHttpClientConnectionOperator -- Connecting to localhost/127.0.0.1:3000
23:08:02.273 [pool-2-thread-7] DEBUG org.apache.http.impl.conn.DefaultHttpClientConnectionOperator -- Connection established 127.0.0.1:52862<->127.0.0.1:3000
23:08:02.273 [pool-2-thread-7] DEBUG org.apache.http.impl.conn.DefaultManagedHttpClientConnection -- http-outgoing-194: set socket timeout to 30000
23:08:02.273 [pool-2-thread-7] DEBUG org.apache.http.impl.execchain.MainClientExec -- Executing request POST /auth/login HTTP/1.1
23:08:02.273 [pool-2-thread-7] DEBUG org.apache.http.impl.execchain.MainClientExec -- Target auth state: UNCHALLENGED
23:08:02.273 [pool-2-thread-7] DEBUG org.apache.http.impl.execchain.MainClientExec -- Proxy auth state: UNCHALLENGED
23:08:02.273 [pool-2-thread-7] DEBUG org.apache.http.headers -- http-outgoing-194 >> POST /auth/login HTTP/1.1
23:08:02.273 [pool-2-thread-7] DEBUG org.apache.http.headers -- http-outgoing-194 >> Content-Type: application/json; charset=UTF-8
23:08:02.273 [pool-2-thread-7] DEBUG org.apache.http.headers -- http-outgoing-194 >> Content-Length: 54
23:08:02.273 [pool-2-thread-7] DEBUG org.apache.http.headers -- http-outgoing-194 >> Host: localhost:3000
23:08:02.273 [pool-2-thread-7] DEBUG org.apache.http.headers -- http-outgoing-194 >> Connection: Keep-Alive
23:08:02.273 [pool-2-thread-7] DEBUG org.apache.http.headers -- http-outgoing-194 >> User-Agent: Apache-HttpClient/4.5.14 (Java/17.0.9)
23:08:02.273 [pool-2-thread-7] DEBUG org.apache.http.headers -- http-outgoing-194 >> Accept-Encoding: gzip,deflate
23:08:02.273 [pool-2-thread-7] DEBUG org.apache.http.wire -- http-outgoing-194 >> "POST /auth/login HTTP/1.1[\r][\n]"
23:08:02.273 [pool-2-thread-7] DEBUG org.apache.http.wire -- http-outgoing-194 >> "Content-Type: application/json; charset=UTF-8[\r][\n]"
23:08:02.273 [pool-2-thread-7] DEBUG org.apache.http.wire -- http-outgoing-194 >> "Content-Length: 54[\r][\n]"
23:08:02.273 [pool-2-thread-7] DEBUG org.apache.http.wire -- http-outgoing-194 >> "Host: localhost:3000[\r][\n]"
23:08:02.273 [pool-2-thread-7] DEBUG org.apache.http.wire -- http-outgoing-194 >> "Connection: Keep-Alive[\r][\n]"
23:08:02.273 [pool-2-thread-7] DEBUG org.apache.http.wire -- http-outgoing-194 >> "User-Agent: Apache-HttpClient/4.5.14 (Java/17.0.9)[\r][\n]"
23:08:02.273 [pool-2-thread-7] DEBUG org.apache.http.wire -- http-outgoing-194 >> "Accept-Encoding: gzip,deflate[\r][\n]"
23:08:02.273 [pool-2-thread-7] DEBUG org.apache.http.wire -- http-outgoing-194 >> "[\r][\n]"
23:08:02.273 [pool-2-thread-7] DEBUG org.apache.http.wire -- http-outgoing-194 >> "{"email":"testit3@gmail.com","password":"Password123"}"
23:08:02.292 [pool-2-thread-18] DEBUG org.apache.http.wire -- http-outgoing-171 << "HTTP/1.1 200 OK[\r][\n]"
23:08:02.292 [pool-2-thread-18] DEBUG org.apache.http.wire -- http-outgoing-171 << "X-Powered-By: Express[\r][\n]"
23:08:02.292 [pool-2-thread-18] DEBUG org.apache.http.wire -- http-outgoing-171 << "Access-Control-Allow-Origin: *[\r][\n]"
23:08:02.292 [pool-2-thread-18] DEBUG org.apache.http.wire -- http-outgoing-171 << "Content-Type: application/json; charset=utf-8[\r][\n]"
23:08:02.292 [pool-2-thread-18] DEBUG org.apache.http.wire -- http-outgoing-171 << "Content-Length: 609[\r][\n]"
23:08:02.292 [pool-2-thread-18] DEBUG org.apache.http.wire -- http-outgoing-171 << "ETag: W/"261-07LfKEWMwclwb7rnRGazSIagOiE"[\r][\n]"
23:08:02.292 [pool-2-thread-18] DEBUG org.apache.http.wire -- http-outgoing-171 << "Date: Sun, 22 Jun 2025 16:08:02 GMT[\r][\n]"
23:08:02.292 [pool-2-thread-18] DEBUG org.apache.http.wire -- http-outgoing-171 << "Connection: keep-alive[\r][\n]"
23:08:02.292 [pool-2-thread-18] DEBUG org.apache.http.wire -- http-outgoing-171 << "Keep-Alive: timeout=5[\r][\n]"
23:08:02.292 [pool-2-thread-18] DEBUG org.apache.http.wire -- http-outgoing-171 << "[\r][\n]"
23:08:02.292 [pool-2-thread-18] DEBUG org.apache.http.wire -- http-outgoing-171 << "{"access_token":"eyJhbGciOiJIUzI1NiIsInR5cCI6IkpXVCJ9.eyJzdWIiOiIyNzJmNmI1NS01MTc5LTRhZTMtODU2My1iNGVjMTBmNzY3MTUiLCJ1c2VybmFtZSI6ImpvaG5kb2UyZDVkIiwicm9sZSI6MCwiaWF0IjoxNzUwNjA4NDgxLCJleHAiOjE3NTA2MTIwODF9.RQDuKnTf2tLUNUOhte3Fr6YEPqEMZyCipLobCyyw6t8","refresh_token":"396a930ecf250d96692813d8e7aa84a9774bfc791088393d959601803fc79a5a","user":{"id":"272f6b55-5179-4ae3-8563-b4ec10f76715","email":"testit5@gmail.com","username":"johndoe2d5d","name":"John Doe","phoneNumber":"0123456132","profilePic":null,"bio":null,"private":false,"verified":false,"role":0,"followersCount":0,"followingCount":0,"postCount":0}}"
23:08:02.292 [pool-2-thread-18] DEBUG org.apache.http.headers -- http-outgoing-171 << HTTP/1.1 200 OK
23:08:02.292 [pool-2-thread-18] DEBUG org.apache.http.headers -- http-outgoing-171 << X-Powered-By: Express
23:08:02.292 [pool-2-thread-18] DEBUG org.apache.http.headers -- http-outgoing-171 << Access-Control-Allow-Origin: *
23:08:02.292 [pool-2-thread-18] DEBUG org.apache.http.headers -- http-outgoing-171 << Content-Type: application/json; charset=utf-8
23:08:02.293 [pool-2-thread-18] DEBUG org.apache.http.headers -- http-outgoing-171 << Content-Length: 609
23:08:02.293 [pool-2-thread-18] DEBUG org.apache.http.headers -- http-outgoing-171 << ETag: W/"261-07LfKEWMwclwb7rnRGazSIagOiE"
23:08:02.293 [pool-2-thread-18] DEBUG org.apache.http.headers -- http-outgoing-171 << Date: Sun, 22 Jun 2025 16:08:02 GMT
23:08:02.293 [pool-2-thread-18] DEBUG org.apache.http.headers -- http-outgoing-171 << Connection: keep-alive
23:08:02.293 [pool-2-thread-18] DEBUG org.apache.http.headers -- http-outgoing-171 << Keep-Alive: timeout=5
23:08:02.293 [pool-2-thread-18] DEBUG org.apache.http.impl.execchain.MainClientExec -- Connection can be kept alive for 5000 MILLISECONDS
23:08:02.293 [pool-2-thread-18] DEBUG org.apache.http.impl.conn.PoolingHttpClientConnectionManager -- Connection [id: 171][route: {}->http://localhost:3000] can be kept alive for 5.0 seconds
23:08:02.293 [pool-2-thread-18] DEBUG org.apache.http.impl.conn.DefaultManagedHttpClientConnection -- http-outgoing-171: set socket timeout to 0
23:08:02.293 [pool-2-thread-18] DEBUG org.apache.http.impl.conn.PoolingHttpClientConnectionManager -- Connection released: [id: 171][route: {}->http://localhost:3000][total available: 1; route allocated: 1 of 5; total allocated: 1 of 10]
23:08:02.293 [pool-2-thread-18] DEBUG org.apache.http.impl.conn.PoolingHttpClientConnectionManager -- Connection manager is shutting down
23:08:02.293 [pool-2-thread-18] DEBUG org.apache.http.impl.conn.DefaultManagedHttpClientConnection -- http-outgoing-171: Close connection
23:08:02.293 [pool-2-thread-18] DEBUG org.apache.http.impl.conn.PoolingHttpClientConnectionManager -- Connection manager shut down
23:08:02.293 [pool-2-thread-18] DEBUG com.intuit.karate -- response time in milliseconds: 2871
7 < 200
7 < X-Powered-By: Express
7 < Access-Control-Allow-Origin: *
7 < Content-Type: application/json; charset=utf-8
7 < Content-Length: 609
7 < ETag: W/"261-07LfKEWMwclwb7rnRGazSIagOiE"
7 < Date: Sun, 22 Jun 2025 16:08:02 GMT
7 < Connection: keep-alive
7 < Keep-Alive: timeout=5
{"access_token":"eyJhbGciOiJIUzI1NiIsInR5cCI6IkpXVCJ9.eyJzdWIiOiIyNzJmNmI1NS01MTc5LTRhZTMtODU2My1iNGVjMTBmNzY3MTUiLCJ1c2VybmFtZSI6ImpvaG5kb2UyZDVkIiwicm9sZSI6MCwiaWF0IjoxNzUwNjA4NDgxLCJleHAiOjE3NTA2MTIwODF9.RQDuKnTf2tLUNUOhte3Fr6YEPqEMZyCipLobCyyw6t8","refresh_token":"396a930ecf250d96692813d8e7aa84a9774bfc791088393d959601803fc79a5a","user":{"id":"272f6b55-5179-4ae3-8563-b4ec10f76715","email":"testit5@gmail.com","username":"johndoe2d5d","name":"John Doe","phoneNumber":"0123456132","profilePic":null,"bio":null,"private":false,"verified":false,"role":0,"followersCount":0,"followingCount":0,"postCount":0}}

23:08:02.295 [pool-2-thread-18] INFO com.intuit.karate -- [print] Call 7 completed, status: 200 
23:08:02.296 [pool-2-thread-18] INFO com.intuit.karate -- [print] *** API CALL 8 *** 
23:08:02.298 [pool-2-thread-18] DEBUG org.apache.http.client.protocol.RequestAddCookies -- CookieSpec selected: karate
23:08:02.298 [pool-2-thread-18] DEBUG org.apache.http.client.protocol.RequestAuthCache -- Auth cache not set in the context
23:08:02.298 [pool-2-thread-18] DEBUG com.intuit.karate -- request:
8 > POST http://localhost:3000/auth/login
8 > Content-Type: application/json; charset=UTF-8
8 > Content-Length: 54
8 > Host: localhost:3000
8 > Connection: Keep-Alive
8 > User-Agent: Apache-HttpClient/4.5.14 (Java/17.0.9)
8 > Accept-Encoding: gzip,deflate
{"email":"testit5@gmail.com","password":"Password123"}

23:08:02.298 [pool-2-thread-18] DEBUG org.apache.http.impl.conn.PoolingHttpClientConnectionManager -- Connection request: [route: {}->http://localhost:3000][total available: 0; route allocated: 0 of 5; total allocated: 0 of 10]
23:08:02.299 [pool-2-thread-18] DEBUG org.apache.http.impl.conn.PoolingHttpClientConnectionManager -- Connection leased: [id: 195][route: {}->http://localhost:3000][total available: 0; route allocated: 1 of 5; total allocated: 1 of 10]
23:08:02.299 [pool-2-thread-18] DEBUG org.apache.http.impl.execchain.MainClientExec -- Opening connection {}->http://localhost:3000
23:08:02.299 [pool-2-thread-18] DEBUG org.apache.http.impl.conn.DefaultHttpClientConnectionOperator -- Connecting to localhost/127.0.0.1:3000
23:08:02.300 [pool-2-thread-18] DEBUG org.apache.http.impl.conn.DefaultHttpClientConnectionOperator -- Connection established 127.0.0.1:52863<->127.0.0.1:3000
23:08:02.300 [pool-2-thread-18] DEBUG org.apache.http.impl.conn.DefaultManagedHttpClientConnection -- http-outgoing-195: set socket timeout to 30000
23:08:02.301 [pool-2-thread-18] DEBUG org.apache.http.impl.execchain.MainClientExec -- Executing request POST /auth/login HTTP/1.1
23:08:02.301 [pool-2-thread-18] DEBUG org.apache.http.impl.execchain.MainClientExec -- Target auth state: UNCHALLENGED
23:08:02.301 [pool-2-thread-18] DEBUG org.apache.http.impl.execchain.MainClientExec -- Proxy auth state: UNCHALLENGED
23:08:02.301 [pool-2-thread-18] DEBUG org.apache.http.headers -- http-outgoing-195 >> POST /auth/login HTTP/1.1
23:08:02.301 [pool-2-thread-18] DEBUG org.apache.http.headers -- http-outgoing-195 >> Content-Type: application/json; charset=UTF-8
23:08:02.301 [pool-2-thread-18] DEBUG org.apache.http.headers -- http-outgoing-195 >> Content-Length: 54
23:08:02.301 [pool-2-thread-18] DEBUG org.apache.http.headers -- http-outgoing-195 >> Host: localhost:3000
23:08:02.301 [pool-2-thread-18] DEBUG org.apache.http.headers -- http-outgoing-195 >> Connection: Keep-Alive
23:08:02.301 [pool-2-thread-18] DEBUG org.apache.http.headers -- http-outgoing-195 >> User-Agent: Apache-HttpClient/4.5.14 (Java/17.0.9)
23:08:02.301 [pool-2-thread-18] DEBUG org.apache.http.headers -- http-outgoing-195 >> Accept-Encoding: gzip,deflate
23:08:02.301 [pool-2-thread-18] DEBUG org.apache.http.wire -- http-outgoing-195 >> "POST /auth/login HTTP/1.1[\r][\n]"
23:08:02.301 [pool-2-thread-18] DEBUG org.apache.http.wire -- http-outgoing-195 >> "Content-Type: application/json; charset=UTF-8[\r][\n]"
23:08:02.301 [pool-2-thread-18] DEBUG org.apache.http.wire -- http-outgoing-195 >> "Content-Length: 54[\r][\n]"
23:08:02.301 [pool-2-thread-18] DEBUG org.apache.http.wire -- http-outgoing-195 >> "Host: localhost:3000[\r][\n]"
23:08:02.301 [pool-2-thread-18] DEBUG org.apache.http.wire -- http-outgoing-195 >> "Connection: Keep-Alive[\r][\n]"
23:08:02.301 [pool-2-thread-18] DEBUG org.apache.http.wire -- http-outgoing-195 >> "User-Agent: Apache-HttpClient/4.5.14 (Java/17.0.9)[\r][\n]"
23:08:02.301 [pool-2-thread-18] DEBUG org.apache.http.wire -- http-outgoing-195 >> "Accept-Encoding: gzip,deflate[\r][\n]"
23:08:02.301 [pool-2-thread-18] DEBUG org.apache.http.wire -- http-outgoing-195 >> "[\r][\n]"
23:08:02.301 [pool-2-thread-18] DEBUG org.apache.http.wire -- http-outgoing-195 >> "{"email":"testit5@gmail.com","password":"Password123"}"
23:08:02.353 [pool-2-thread-30] DEBUG org.apache.http.wire -- http-outgoing-146 << "HTTP/1.1 200 OK[\r][\n]"
23:08:02.353 [pool-2-thread-30] DEBUG org.apache.http.wire -- http-outgoing-146 << "X-Powered-By: Express[\r][\n]"
23:08:02.353 [pool-2-thread-30] DEBUG org.apache.http.wire -- http-outgoing-146 << "Access-Control-Allow-Origin: *[\r][\n]"
23:08:02.353 [pool-2-thread-30] DEBUG org.apache.http.wire -- http-outgoing-146 << "Content-Type: application/json; charset=utf-8[\r][\n]"
23:08:02.353 [pool-2-thread-30] DEBUG org.apache.http.wire -- http-outgoing-146 << "Content-Length: 605[\r][\n]"
23:08:02.353 [pool-2-thread-30] DEBUG org.apache.http.wire -- http-outgoing-146 << "ETag: W/"25d-J4IOqnefTsYzfTBzkgylB+HlhcU"[\r][\n]"
23:08:02.353 [pool-2-thread-30] DEBUG org.apache.http.wire -- http-outgoing-146 << "Date: Sun, 22 Jun 2025 16:08:02 GMT[\r][\n]"
23:08:02.353 [pool-2-thread-30] DEBUG org.apache.http.wire -- http-outgoing-146 << "Connection: keep-alive[\r][\n]"
23:08:02.353 [pool-2-thread-30] DEBUG org.apache.http.wire -- http-outgoing-146 << "Keep-Alive: timeout=5[\r][\n]"
23:08:02.353 [pool-2-thread-30] DEBUG org.apache.http.wire -- http-outgoing-146 << "[\r][\n]"
23:08:02.353 [pool-2-thread-30] DEBUG org.apache.http.wire -- http-outgoing-146 << "{"access_token":"eyJhbGciOiJIUzI1NiIsInR5cCI6IkpXVCJ9.eyJzdWIiOiIwYTM3ZWY0My1mZWU4LTQxZDMtYTY4Ni04YWIwODY5NDg2OTUiLCJ1c2VybmFtZSI6ImpvaG5kb2UyMSIsInJvbGUiOjAsImlhdCI6MTc1MDYwODQ4MiwiZXhwIjoxNzUwNjEyMDgyfQ.UDCTv2iNjGZx9AvcsUTsQSmmgGXWsLf1QCyOMPPJVZo","refresh_token":"c3a08c9da8df0fbc97710e29247be47be4d06b51ed44565f0f8aecb177031ed7","user":{"id":"0a37ef43-fee8-41d3-a686-8ab086948695","email":"testit2@gmail.com","username":"johndoe21","name":"John Doe","phoneNumber":"0123456712","profilePic":null,"bio":null,"private":false,"verified":false,"role":0,"followersCount":0,"followingCount":0,"postCount":0}}"
23:08:02.353 [pool-2-thread-30] DEBUG org.apache.http.headers -- http-outgoing-146 << HTTP/1.1 200 OK
23:08:02.353 [pool-2-thread-30] DEBUG org.apache.http.headers -- http-outgoing-146 << X-Powered-By: Express
23:08:02.353 [pool-2-thread-30] DEBUG org.apache.http.headers -- http-outgoing-146 << Access-Control-Allow-Origin: *
23:08:02.353 [pool-2-thread-30] DEBUG org.apache.http.headers -- http-outgoing-146 << Content-Type: application/json; charset=utf-8
23:08:02.353 [pool-2-thread-30] DEBUG org.apache.http.headers -- http-outgoing-146 << Content-Length: 605
23:08:02.353 [pool-2-thread-30] DEBUG org.apache.http.headers -- http-outgoing-146 << ETag: W/"25d-J4IOqnefTsYzfTBzkgylB+HlhcU"
23:08:02.353 [pool-2-thread-30] DEBUG org.apache.http.headers -- http-outgoing-146 << Date: Sun, 22 Jun 2025 16:08:02 GMT
23:08:02.353 [pool-2-thread-30] DEBUG org.apache.http.headers -- http-outgoing-146 << Connection: keep-alive
23:08:02.353 [pool-2-thread-30] DEBUG org.apache.http.headers -- http-outgoing-146 << Keep-Alive: timeout=5
23:08:02.353 [pool-2-thread-30] DEBUG org.apache.http.impl.execchain.MainClientExec -- Connection can be kept alive for 5000 MILLISECONDS
23:08:02.353 [pool-2-thread-30] DEBUG org.apache.http.impl.conn.PoolingHttpClientConnectionManager -- Connection [id: 146][route: {}->http://localhost:3000] can be kept alive for 5.0 seconds
23:08:02.353 [pool-2-thread-30] DEBUG org.apache.http.impl.conn.DefaultManagedHttpClientConnection -- http-outgoing-146: set socket timeout to 0
23:08:02.353 [pool-2-thread-30] DEBUG org.apache.http.impl.conn.PoolingHttpClientConnectionManager -- Connection released: [id: 146][route: {}->http://localhost:3000][total available: 1; route allocated: 1 of 5; total allocated: 1 of 10]
23:08:02.353 [pool-2-thread-30] DEBUG org.apache.http.impl.conn.PoolingHttpClientConnectionManager -- Connection manager is shutting down
23:08:02.353 [pool-2-thread-30] DEBUG org.apache.http.impl.conn.DefaultManagedHttpClientConnection -- http-outgoing-146: Close connection
23:08:02.353 [pool-2-thread-30] DEBUG org.apache.http.impl.conn.PoolingHttpClientConnectionManager -- Connection manager shut down
23:08:02.353 [pool-2-thread-30] DEBUG com.intuit.karate -- response time in milliseconds: 4982
6 < 200
6 < X-Powered-By: Express
6 < Access-Control-Allow-Origin: *
6 < Content-Type: application/json; charset=utf-8
6 < Content-Length: 605
6 < ETag: W/"25d-J4IOqnefTsYzfTBzkgylB+HlhcU"
6 < Date: Sun, 22 Jun 2025 16:08:02 GMT
6 < Connection: keep-alive
6 < Keep-Alive: timeout=5
{"access_token":"eyJhbGciOiJIUzI1NiIsInR5cCI6IkpXVCJ9.eyJzdWIiOiIwYTM3ZWY0My1mZWU4LTQxZDMtYTY4Ni04YWIwODY5NDg2OTUiLCJ1c2VybmFtZSI6ImpvaG5kb2UyMSIsInJvbGUiOjAsImlhdCI6MTc1MDYwODQ4MiwiZXhwIjoxNzUwNjEyMDgyfQ.UDCTv2iNjGZx9AvcsUTsQSmmgGXWsLf1QCyOMPPJVZo","refresh_token":"c3a08c9da8df0fbc97710e29247be47be4d06b51ed44565f0f8aecb177031ed7","user":{"id":"0a37ef43-fee8-41d3-a686-8ab086948695","email":"testit2@gmail.com","username":"johndoe21","name":"John Doe","phoneNumber":"0123456712","profilePic":null,"bio":null,"private":false,"verified":false,"role":0,"followersCount":0,"followingCount":0,"postCount":0}}

23:08:02.355 [pool-2-thread-30] INFO com.intuit.karate -- [print] Call 6 completed, status: 200 
23:08:02.355 [pool-2-thread-30] INFO com.intuit.karate -- [print] *** API CALL 7 *** 
23:08:02.356 [pool-2-thread-30] DEBUG org.apache.http.client.protocol.RequestAddCookies -- CookieSpec selected: karate
23:08:02.356 [pool-2-thread-30] DEBUG org.apache.http.client.protocol.RequestAuthCache -- Auth cache not set in the context
23:08:02.356 [pool-2-thread-30] DEBUG com.intuit.karate -- request:
7 > POST http://localhost:3000/auth/login
7 > Content-Type: application/json; charset=UTF-8
7 > Content-Length: 54
7 > Host: localhost:3000
7 > Connection: Keep-Alive
7 > User-Agent: Apache-HttpClient/4.5.14 (Java/17.0.9)
7 > Accept-Encoding: gzip,deflate
{"email":"testit2@gmail.com","password":"Password123"}

23:08:02.356 [pool-2-thread-30] DEBUG org.apache.http.impl.conn.PoolingHttpClientConnectionManager -- Connection request: [route: {}->http://localhost:3000][total available: 0; route allocated: 0 of 5; total allocated: 0 of 10]
23:08:02.356 [pool-2-thread-30] DEBUG org.apache.http.impl.conn.PoolingHttpClientConnectionManager -- Connection leased: [id: 196][route: {}->http://localhost:3000][total available: 0; route allocated: 1 of 5; total allocated: 1 of 10]
23:08:02.356 [pool-2-thread-30] DEBUG org.apache.http.impl.execchain.MainClientExec -- Opening connection {}->http://localhost:3000
23:08:02.356 [pool-2-thread-30] DEBUG org.apache.http.impl.conn.DefaultHttpClientConnectionOperator -- Connecting to localhost/127.0.0.1:3000
23:08:02.358 [pool-2-thread-30] DEBUG org.apache.http.impl.conn.DefaultHttpClientConnectionOperator -- Connection established 127.0.0.1:52864<->127.0.0.1:3000
23:08:02.358 [pool-2-thread-30] DEBUG org.apache.http.impl.conn.DefaultManagedHttpClientConnection -- http-outgoing-196: set socket timeout to 30000
23:08:02.358 [pool-2-thread-30] DEBUG org.apache.http.impl.execchain.MainClientExec -- Executing request POST /auth/login HTTP/1.1
23:08:02.358 [pool-2-thread-30] DEBUG org.apache.http.impl.execchain.MainClientExec -- Target auth state: UNCHALLENGED
23:08:02.358 [pool-2-thread-30] DEBUG org.apache.http.impl.execchain.MainClientExec -- Proxy auth state: UNCHALLENGED
23:08:02.358 [pool-2-thread-30] DEBUG org.apache.http.headers -- http-outgoing-196 >> POST /auth/login HTTP/1.1
23:08:02.358 [pool-2-thread-30] DEBUG org.apache.http.headers -- http-outgoing-196 >> Content-Type: application/json; charset=UTF-8
23:08:02.358 [pool-2-thread-30] DEBUG org.apache.http.headers -- http-outgoing-196 >> Content-Length: 54
23:08:02.358 [pool-2-thread-30] DEBUG org.apache.http.headers -- http-outgoing-196 >> Host: localhost:3000
23:08:02.358 [pool-2-thread-30] DEBUG org.apache.http.headers -- http-outgoing-196 >> Connection: Keep-Alive
23:08:02.358 [pool-2-thread-30] DEBUG org.apache.http.headers -- http-outgoing-196 >> User-Agent: Apache-HttpClient/4.5.14 (Java/17.0.9)
23:08:02.358 [pool-2-thread-30] DEBUG org.apache.http.headers -- http-outgoing-196 >> Accept-Encoding: gzip,deflate
23:08:02.358 [pool-2-thread-30] DEBUG org.apache.http.wire -- http-outgoing-196 >> "POST /auth/login HTTP/1.1[\r][\n]"
23:08:02.358 [pool-2-thread-30] DEBUG org.apache.http.wire -- http-outgoing-196 >> "Content-Type: application/json; charset=UTF-8[\r][\n]"
23:08:02.358 [pool-2-thread-30] DEBUG org.apache.http.wire -- http-outgoing-196 >> "Content-Length: 54[\r][\n]"
23:08:02.358 [pool-2-thread-30] DEBUG org.apache.http.wire -- http-outgoing-196 >> "Host: localhost:3000[\r][\n]"
23:08:02.358 [pool-2-thread-30] DEBUG org.apache.http.wire -- http-outgoing-196 >> "Connection: Keep-Alive[\r][\n]"
23:08:02.358 [pool-2-thread-30] DEBUG org.apache.http.wire -- http-outgoing-196 >> "User-Agent: Apache-HttpClient/4.5.14 (Java/17.0.9)[\r][\n]"
23:08:02.358 [pool-2-thread-30] DEBUG org.apache.http.wire -- http-outgoing-196 >> "Accept-Encoding: gzip,deflate[\r][\n]"
23:08:02.358 [pool-2-thread-30] DEBUG org.apache.http.wire -- http-outgoing-196 >> "[\r][\n]"
23:08:02.358 [pool-2-thread-30] DEBUG org.apache.http.wire -- http-outgoing-196 >> "{"email":"testit2@gmail.com","password":"Password123"}"
23:08:02.382 [pool-2-thread-3] DEBUG org.apache.http.wire -- http-outgoing-172 << "HTTP/1.1 200 OK[\r][\n]"
23:08:02.382 [pool-2-thread-3] DEBUG org.apache.http.wire -- http-outgoing-172 << "X-Powered-By: Express[\r][\n]"
23:08:02.382 [pool-2-thread-3] DEBUG org.apache.http.wire -- http-outgoing-172 << "Access-Control-Allow-Origin: *[\r][\n]"
23:08:02.382 [pool-2-thread-3] DEBUG org.apache.http.wire -- http-outgoing-172 << "Content-Type: application/json; charset=utf-8[\r][\n]"
23:08:02.382 [pool-2-thread-3] DEBUG org.apache.http.wire -- http-outgoing-172 << "Content-Length: 599[\r][\n]"
23:08:02.382 [pool-2-thread-3] DEBUG org.apache.http.wire -- http-outgoing-172 << "ETag: W/"257-N//1zNlbKfQ38oOEW13DhEG6rgs"[\r][\n]"
23:08:02.382 [pool-2-thread-3] DEBUG org.apache.http.wire -- http-outgoing-172 << "Date: Sun, 22 Jun 2025 16:08:02 GMT[\r][\n]"
23:08:02.382 [pool-2-thread-3] DEBUG org.apache.http.wire -- http-outgoing-172 << "Connection: keep-alive[\r][\n]"
23:08:02.382 [pool-2-thread-3] DEBUG org.apache.http.wire -- http-outgoing-172 << "Keep-Alive: timeout=5[\r][\n]"
23:08:02.382 [pool-2-thread-3] DEBUG org.apache.http.wire -- http-outgoing-172 << "[\r][\n]"
23:08:02.382 [pool-2-thread-3] DEBUG org.apache.http.wire -- http-outgoing-172 << "{"access_token":"eyJhbGciOiJIUzI1NiIsInR5cCI6IkpXVCJ9.eyJzdWIiOiIyZGRhMDQzOS01MTgwLTQ1YWEtOTE3Zi1lNjMyZTQ1YThlNDEiLCJ1c2VybmFtZSI6ImpvaG5kb2UiLCJyb2xlIjowLCJpYXQiOjE3NTA2MDg0ODIsImV4cCI6MTc1MDYxMjA4Mn0.Snrvdiq43iGU99rvEU3zk2zUoyFeAETQVBgNn3OHJ3Y","refresh_token":"782c9fddfe8469e880200d487df9da8dcfa02b71b943def1b687e412b9ed755f","user":{"id":"2dda0439-5180-45aa-917f-e632e45a8e41","email":"test@example.com","username":"johndoe","name":"John Doe","phoneNumber":"0987654321","profilePic":null,"bio":null,"private":false,"verified":false,"role":0,"followersCount":0,"followingCount":0,"postCount":0}}"
23:08:02.382 [pool-2-thread-3] DEBUG org.apache.http.headers -- http-outgoing-172 << HTTP/1.1 200 OK
23:08:02.382 [pool-2-thread-3] DEBUG org.apache.http.headers -- http-outgoing-172 << X-Powered-By: Express
23:08:02.382 [pool-2-thread-3] DEBUG org.apache.http.headers -- http-outgoing-172 << Access-Control-Allow-Origin: *
23:08:02.382 [pool-2-thread-3] DEBUG org.apache.http.headers -- http-outgoing-172 << Content-Type: application/json; charset=utf-8
23:08:02.382 [pool-2-thread-3] DEBUG org.apache.http.headers -- http-outgoing-172 << Content-Length: 599
23:08:02.382 [pool-2-thread-3] DEBUG org.apache.http.headers -- http-outgoing-172 << ETag: W/"257-N//1zNlbKfQ38oOEW13DhEG6rgs"
23:08:02.382 [pool-2-thread-3] DEBUG org.apache.http.headers -- http-outgoing-172 << Date: Sun, 22 Jun 2025 16:08:02 GMT
23:08:02.382 [pool-2-thread-3] DEBUG org.apache.http.headers -- http-outgoing-172 << Connection: keep-alive
23:08:02.382 [pool-2-thread-3] DEBUG org.apache.http.headers -- http-outgoing-172 << Keep-Alive: timeout=5
23:08:02.382 [pool-2-thread-3] DEBUG org.apache.http.impl.execchain.MainClientExec -- Connection can be kept alive for 5000 MILLISECONDS
23:08:02.382 [pool-2-thread-3] DEBUG org.apache.http.impl.conn.PoolingHttpClientConnectionManager -- Connection [id: 172][route: {}->http://localhost:3000] can be kept alive for 5.0 seconds
23:08:02.382 [pool-2-thread-3] DEBUG org.apache.http.impl.conn.DefaultManagedHttpClientConnection -- http-outgoing-172: set socket timeout to 0
23:08:02.382 [pool-2-thread-3] DEBUG org.apache.http.impl.conn.PoolingHttpClientConnectionManager -- Connection released: [id: 172][route: {}->http://localhost:3000][total available: 1; route allocated: 1 of 5; total allocated: 1 of 10]
23:08:02.382 [pool-2-thread-3] DEBUG org.apache.http.impl.conn.PoolingHttpClientConnectionManager -- Connection manager is shutting down
23:08:02.382 [pool-2-thread-3] DEBUG org.apache.http.impl.conn.DefaultManagedHttpClientConnection -- http-outgoing-172: Close connection
23:08:02.382 [pool-2-thread-3] DEBUG org.apache.http.impl.conn.PoolingHttpClientConnectionManager -- Connection manager shut down
23:08:02.382 [pool-2-thread-3] DEBUG com.intuit.karate -- response time in milliseconds: 2224
8 < 200
8 < X-Powered-By: Express
8 < Access-Control-Allow-Origin: *
8 < Content-Type: application/json; charset=utf-8
8 < Content-Length: 599
8 < ETag: W/"257-N//1zNlbKfQ38oOEW13DhEG6rgs"
8 < Date: Sun, 22 Jun 2025 16:08:02 GMT
8 < Connection: keep-alive
8 < Keep-Alive: timeout=5
{"access_token":"eyJhbGciOiJIUzI1NiIsInR5cCI6IkpXVCJ9.eyJzdWIiOiIyZGRhMDQzOS01MTgwLTQ1YWEtOTE3Zi1lNjMyZTQ1YThlNDEiLCJ1c2VybmFtZSI6ImpvaG5kb2UiLCJyb2xlIjowLCJpYXQiOjE3NTA2MDg0ODIsImV4cCI6MTc1MDYxMjA4Mn0.Snrvdiq43iGU99rvEU3zk2zUoyFeAETQVBgNn3OHJ3Y","refresh_token":"782c9fddfe8469e880200d487df9da8dcfa02b71b943def1b687e412b9ed755f","user":{"id":"2dda0439-5180-45aa-917f-e632e45a8e41","email":"test@example.com","username":"johndoe","name":"John Doe","phoneNumber":"0987654321","profilePic":null,"bio":null,"private":false,"verified":false,"role":0,"followersCount":0,"followingCount":0,"postCount":0}}

23:08:02.383 [pool-2-thread-3] INFO com.intuit.karate -- [print] Call 8 completed, status: 200 
23:08:02.383 [pool-2-thread-3] INFO com.intuit.karate -- [print] *** API CALL 9 *** 
23:08:02.384 [pool-2-thread-3] DEBUG org.apache.http.client.protocol.RequestAddCookies -- CookieSpec selected: karate
23:08:02.384 [pool-2-thread-3] DEBUG org.apache.http.client.protocol.RequestAuthCache -- Auth cache not set in the context
23:08:02.384 [pool-2-thread-3] DEBUG com.intuit.karate -- request:
9 > POST http://localhost:3000/auth/login
9 > Content-Type: application/json; charset=UTF-8
9 > Content-Length: 53
9 > Host: localhost:3000
9 > Connection: Keep-Alive
9 > User-Agent: Apache-HttpClient/4.5.14 (Java/17.0.9)
9 > Accept-Encoding: gzip,deflate
{"email":"test@example.com","password":"Password123"}

23:08:02.384 [pool-2-thread-3] DEBUG org.apache.http.impl.conn.PoolingHttpClientConnectionManager -- Connection request: [route: {}->http://localhost:3000][total available: 0; route allocated: 0 of 5; total allocated: 0 of 10]
23:08:02.385 [pool-2-thread-3] DEBUG org.apache.http.impl.conn.PoolingHttpClientConnectionManager -- Connection leased: [id: 197][route: {}->http://localhost:3000][total available: 0; route allocated: 1 of 5; total allocated: 1 of 10]
23:08:02.385 [pool-2-thread-3] DEBUG org.apache.http.impl.execchain.MainClientExec -- Opening connection {}->http://localhost:3000
23:08:02.385 [pool-2-thread-3] DEBUG org.apache.http.impl.conn.DefaultHttpClientConnectionOperator -- Connecting to localhost/127.0.0.1:3000
23:08:02.385 [pool-2-thread-3] DEBUG org.apache.http.impl.conn.DefaultHttpClientConnectionOperator -- Connection established 127.0.0.1:52865<->127.0.0.1:3000
23:08:02.385 [pool-2-thread-3] DEBUG org.apache.http.impl.conn.DefaultManagedHttpClientConnection -- http-outgoing-197: set socket timeout to 30000
23:08:02.385 [pool-2-thread-3] DEBUG org.apache.http.impl.execchain.MainClientExec -- Executing request POST /auth/login HTTP/1.1
23:08:02.385 [pool-2-thread-3] DEBUG org.apache.http.impl.execchain.MainClientExec -- Target auth state: UNCHALLENGED
23:08:02.385 [pool-2-thread-3] DEBUG org.apache.http.impl.execchain.MainClientExec -- Proxy auth state: UNCHALLENGED
23:08:02.385 [pool-2-thread-3] DEBUG org.apache.http.headers -- http-outgoing-197 >> POST /auth/login HTTP/1.1
23:08:02.385 [pool-2-thread-3] DEBUG org.apache.http.headers -- http-outgoing-197 >> Content-Type: application/json; charset=UTF-8
23:08:02.385 [pool-2-thread-3] DEBUG org.apache.http.headers -- http-outgoing-197 >> Content-Length: 53
23:08:02.385 [pool-2-thread-3] DEBUG org.apache.http.headers -- http-outgoing-197 >> Host: localhost:3000
23:08:02.385 [pool-2-thread-3] DEBUG org.apache.http.headers -- http-outgoing-197 >> Connection: Keep-Alive
23:08:02.385 [pool-2-thread-3] DEBUG org.apache.http.headers -- http-outgoing-197 >> User-Agent: Apache-HttpClient/4.5.14 (Java/17.0.9)
23:08:02.385 [pool-2-thread-3] DEBUG org.apache.http.headers -- http-outgoing-197 >> Accept-Encoding: gzip,deflate
23:08:02.385 [pool-2-thread-3] DEBUG org.apache.http.wire -- http-outgoing-197 >> "POST /auth/login HTTP/1.1[\r][\n]"
23:08:02.385 [pool-2-thread-3] DEBUG org.apache.http.wire -- http-outgoing-197 >> "Content-Type: application/json; charset=UTF-8[\r][\n]"
23:08:02.385 [pool-2-thread-3] DEBUG org.apache.http.wire -- http-outgoing-197 >> "Content-Length: 53[\r][\n]"
23:08:02.385 [pool-2-thread-3] DEBUG org.apache.http.wire -- http-outgoing-197 >> "Host: localhost:3000[\r][\n]"
23:08:02.385 [pool-2-thread-3] DEBUG org.apache.http.wire -- http-outgoing-197 >> "Connection: Keep-Alive[\r][\n]"
23:08:02.385 [pool-2-thread-3] DEBUG org.apache.http.wire -- http-outgoing-197 >> "User-Agent: Apache-HttpClient/4.5.14 (Java/17.0.9)[\r][\n]"
23:08:02.385 [pool-2-thread-3] DEBUG org.apache.http.wire -- http-outgoing-197 >> "Accept-Encoding: gzip,deflate[\r][\n]"
23:08:02.385 [pool-2-thread-3] DEBUG org.apache.http.wire -- http-outgoing-197 >> "[\r][\n]"
23:08:02.385 [pool-2-thread-3] DEBUG org.apache.http.wire -- http-outgoing-197 >> "{"email":"test@example.com","password":"Password123"}"
23:08:02.429 [pool-2-thread-1] DEBUG org.apache.http.wire -- http-outgoing-173 << "HTTP/1.1 200 OK[\r][\n]"
23:08:02.429 [pool-2-thread-1] DEBUG org.apache.http.wire -- http-outgoing-173 << "X-Powered-By: Express[\r][\n]"
23:08:02.429 [pool-2-thread-1] DEBUG org.apache.http.wire -- http-outgoing-173 << "Access-Control-Allow-Origin: *[\r][\n]"
23:08:02.429 [pool-2-thread-1] DEBUG org.apache.http.wire -- http-outgoing-173 << "Content-Type: application/json; charset=utf-8[\r][\n]"
23:08:02.429 [pool-2-thread-1] DEBUG org.apache.http.wire -- http-outgoing-173 << "Content-Length: 708[\r][\n]"
23:08:02.429 [pool-2-thread-1] DEBUG org.apache.http.wire -- http-outgoing-173 << "ETag: W/"2c4-gOOJZObNibRvYtOh6uL7vqJNw+k"[\r][\n]"
23:08:02.429 [pool-2-thread-1] DEBUG org.apache.http.wire -- http-outgoing-173 << "Date: Sun, 22 Jun 2025 16:08:02 GMT[\r][\n]"
23:08:02.429 [pool-2-thread-1] DEBUG org.apache.http.wire -- http-outgoing-173 << "Connection: keep-alive[\r][\n]"
23:08:02.429 [pool-2-thread-1] DEBUG org.apache.http.wire -- http-outgoing-173 << "Keep-Alive: timeout=5[\r][\n]"
23:08:02.429 [pool-2-thread-1] DEBUG org.apache.http.wire -- http-outgoing-173 << "[\r][\n]"
23:08:02.429 [pool-2-thread-1] DEBUG org.apache.http.wire -- http-outgoing-173 << "{"access_token":"eyJhbGciOiJIUzI1NiIsInR5cCI6IkpXVCJ9.eyJzdWIiOiIwODUxNWIwNS0yZDNlLTQ3ODktYWQ2MC1kYjM1NTI1YTQ5NzAiLCJ1c2VybmFtZSI6Im5hbSIsInJvbGUiOjAsImlhdCI6MTc1MDYwODQ4MiwiZXhwIjoxNzUwNjEyMDgyfQ.qlcwU2sGqQ2xmaYJTKX9NI_A4aiGt1mrfL4AvPJHfQk","refresh_token":"222cef4a4abf2a5aefe30ef7e8e56fc1796753dccc6095760ce590dd4a02a442","user":{"id":"08515b05-2d3e-4789-ad60-db35525a4970","email":"nam@gmail.com","username":"nam","name":"nam","phoneNumber":"0123456789","profilePic":"https://res.cloudinary.com/dizcvrefo/image/upload/v1749266646/nestjs_uploads/zk9zrpeidnovxibfqdxr.png","bio":"Chu tich hoi dong Quan tri 1","private":false,"verified":false,"role":0,"followersCount":2,"followingCount":2,"postCount":13}}"
23:08:02.429 [pool-2-thread-1] DEBUG org.apache.http.headers -- http-outgoing-173 << HTTP/1.1 200 OK
23:08:02.431 [pool-2-thread-1] DEBUG org.apache.http.headers -- http-outgoing-173 << X-Powered-By: Express
23:08:02.431 [pool-2-thread-1] DEBUG org.apache.http.headers -- http-outgoing-173 << Access-Control-Allow-Origin: *
23:08:02.431 [pool-2-thread-1] DEBUG org.apache.http.headers -- http-outgoing-173 << Content-Type: application/json; charset=utf-8
23:08:02.431 [pool-2-thread-1] DEBUG org.apache.http.headers -- http-outgoing-173 << Content-Length: 708
23:08:02.431 [pool-2-thread-1] DEBUG org.apache.http.headers -- http-outgoing-173 << ETag: W/"2c4-gOOJZObNibRvYtOh6uL7vqJNw+k"
23:08:02.431 [pool-2-thread-1] DEBUG org.apache.http.headers -- http-outgoing-173 << Date: Sun, 22 Jun 2025 16:08:02 GMT
23:08:02.431 [pool-2-thread-1] DEBUG org.apache.http.headers -- http-outgoing-173 << Connection: keep-alive
23:08:02.431 [pool-2-thread-1] DEBUG org.apache.http.headers -- http-outgoing-173 << Keep-Alive: timeout=5
23:08:02.431 [pool-2-thread-1] DEBUG org.apache.http.impl.execchain.MainClientExec -- Connection can be kept alive for 5000 MILLISECONDS
23:08:02.431 [pool-2-thread-1] DEBUG org.apache.http.impl.conn.PoolingHttpClientConnectionManager -- Connection [id: 173][route: {}->http://localhost:3000] can be kept alive for 5.0 seconds
23:08:02.431 [pool-2-thread-1] DEBUG org.apache.http.impl.conn.DefaultManagedHttpClientConnection -- http-outgoing-173: set socket timeout to 0
23:08:02.431 [pool-2-thread-1] DEBUG org.apache.http.impl.conn.PoolingHttpClientConnectionManager -- Connection released: [id: 173][route: {}->http://localhost:3000][total available: 1; route allocated: 1 of 5; total allocated: 1 of 10]
23:08:02.431 [pool-2-thread-1] DEBUG org.apache.http.impl.conn.PoolingHttpClientConnectionManager -- Connection manager is shutting down
23:08:02.431 [pool-2-thread-1] DEBUG org.apache.http.impl.conn.DefaultManagedHttpClientConnection -- http-outgoing-173: Close connection
23:08:02.431 [pool-2-thread-1] DEBUG org.apache.http.impl.conn.PoolingHttpClientConnectionManager -- Connection manager shut down
23:08:02.431 [pool-2-thread-1] DEBUG com.intuit.karate -- response time in milliseconds: 2205
9 < 200
9 < X-Powered-By: Express
9 < Access-Control-Allow-Origin: *
9 < Content-Type: application/json; charset=utf-8
9 < Content-Length: 708
9 < ETag: W/"2c4-gOOJZObNibRvYtOh6uL7vqJNw+k"
9 < Date: Sun, 22 Jun 2025 16:08:02 GMT
9 < Connection: keep-alive
9 < Keep-Alive: timeout=5
{"access_token":"eyJhbGciOiJIUzI1NiIsInR5cCI6IkpXVCJ9.eyJzdWIiOiIwODUxNWIwNS0yZDNlLTQ3ODktYWQ2MC1kYjM1NTI1YTQ5NzAiLCJ1c2VybmFtZSI6Im5hbSIsInJvbGUiOjAsImlhdCI6MTc1MDYwODQ4MiwiZXhwIjoxNzUwNjEyMDgyfQ.qlcwU2sGqQ2xmaYJTKX9NI_A4aiGt1mrfL4AvPJHfQk","refresh_token":"222cef4a4abf2a5aefe30ef7e8e56fc1796753dccc6095760ce590dd4a02a442","user":{"id":"08515b05-2d3e-4789-ad60-db35525a4970","email":"nam@gmail.com","username":"nam","name":"nam","phoneNumber":"0123456789","profilePic":"https://res.cloudinary.com/dizcvrefo/image/upload/v1749266646/nestjs_uploads/zk9zrpeidnovxibfqdxr.png","bio":"Chu tich hoi dong Quan tri 1","private":false,"verified":false,"role":0,"followersCount":2,"followingCount":2,"postCount":13}}

23:08:02.432 [pool-2-thread-1] INFO com.intuit.karate -- [print] Call 9 completed, status: 200 
23:08:02.432 [pool-2-thread-1] INFO com.intuit.karate -- [print] *** API CALL 10 *** 
23:08:02.433 [pool-2-thread-1] DEBUG org.apache.http.client.protocol.RequestAddCookies -- CookieSpec selected: karate
23:08:02.433 [pool-2-thread-1] DEBUG org.apache.http.client.protocol.RequestAuthCache -- Auth cache not set in the context
23:08:02.433 [pool-2-thread-1] DEBUG com.intuit.karate -- request:
10 > POST http://localhost:3000/auth/login
10 > Content-Type: application/json; charset=UTF-8
10 > Content-Length: 45
10 > Host: localhost:3000
10 > Connection: Keep-Alive
10 > User-Agent: Apache-HttpClient/4.5.14 (Java/17.0.9)
10 > Accept-Encoding: gzip,deflate
{"email":"nam@gmail.com","password":"123456"}

23:08:02.433 [pool-2-thread-1] DEBUG org.apache.http.impl.conn.PoolingHttpClientConnectionManager -- Connection request: [route: {}->http://localhost:3000][total available: 0; route allocated: 0 of 5; total allocated: 0 of 10]
23:08:02.433 [pool-2-thread-1] DEBUG org.apache.http.impl.conn.PoolingHttpClientConnectionManager -- Connection leased: [id: 198][route: {}->http://localhost:3000][total available: 0; route allocated: 1 of 5; total allocated: 1 of 10]
23:08:02.433 [pool-2-thread-1] DEBUG org.apache.http.impl.execchain.MainClientExec -- Opening connection {}->http://localhost:3000
23:08:02.433 [pool-2-thread-1] DEBUG org.apache.http.impl.conn.DefaultHttpClientConnectionOperator -- Connecting to localhost/127.0.0.1:3000
23:08:02.433 [pool-2-thread-1] DEBUG org.apache.http.impl.conn.DefaultHttpClientConnectionOperator -- Connection established 127.0.0.1:52866<->127.0.0.1:3000
23:08:02.433 [pool-2-thread-1] DEBUG org.apache.http.impl.conn.DefaultManagedHttpClientConnection -- http-outgoing-198: set socket timeout to 30000
23:08:02.433 [pool-2-thread-1] DEBUG org.apache.http.impl.execchain.MainClientExec -- Executing request POST /auth/login HTTP/1.1
23:08:02.433 [pool-2-thread-1] DEBUG org.apache.http.impl.execchain.MainClientExec -- Target auth state: UNCHALLENGED
23:08:02.433 [pool-2-thread-1] DEBUG org.apache.http.impl.execchain.MainClientExec -- Proxy auth state: UNCHALLENGED
23:08:02.433 [pool-2-thread-1] DEBUG org.apache.http.headers -- http-outgoing-198 >> POST /auth/login HTTP/1.1
23:08:02.433 [pool-2-thread-1] DEBUG org.apache.http.headers -- http-outgoing-198 >> Content-Type: application/json; charset=UTF-8
23:08:02.433 [pool-2-thread-1] DEBUG org.apache.http.headers -- http-outgoing-198 >> Content-Length: 45
23:08:02.433 [pool-2-thread-1] DEBUG org.apache.http.headers -- http-outgoing-198 >> Host: localhost:3000
23:08:02.433 [pool-2-thread-1] DEBUG org.apache.http.headers -- http-outgoing-198 >> Connection: Keep-Alive
23:08:02.433 [pool-2-thread-1] DEBUG org.apache.http.headers -- http-outgoing-198 >> User-Agent: Apache-HttpClient/4.5.14 (Java/17.0.9)
23:08:02.433 [pool-2-thread-1] DEBUG org.apache.http.headers -- http-outgoing-198 >> Accept-Encoding: gzip,deflate
23:08:02.433 [pool-2-thread-1] DEBUG org.apache.http.wire -- http-outgoing-198 >> "POST /auth/login HTTP/1.1[\r][\n]"
23:08:02.433 [pool-2-thread-1] DEBUG org.apache.http.wire -- http-outgoing-198 >> "Content-Type: application/json; charset=UTF-8[\r][\n]"
23:08:02.433 [pool-2-thread-1] DEBUG org.apache.http.wire -- http-outgoing-198 >> "Content-Length: 45[\r][\n]"
23:08:02.433 [pool-2-thread-1] DEBUG org.apache.http.wire -- http-outgoing-198 >> "Host: localhost:3000[\r][\n]"
23:08:02.433 [pool-2-thread-1] DEBUG org.apache.http.wire -- http-outgoing-198 >> "Connection: Keep-Alive[\r][\n]"
23:08:02.433 [pool-2-thread-1] DEBUG org.apache.http.wire -- http-outgoing-198 >> "User-Agent: Apache-HttpClient/4.5.14 (Java/17.0.9)[\r][\n]"
23:08:02.433 [pool-2-thread-1] DEBUG org.apache.http.wire -- http-outgoing-198 >> "Accept-Encoding: gzip,deflate[\r][\n]"
23:08:02.433 [pool-2-thread-1] DEBUG org.apache.http.wire -- http-outgoing-198 >> "[\r][\n]"
23:08:02.433 [pool-2-thread-1] DEBUG org.apache.http.wire -- http-outgoing-198 >> "{"email":"nam@gmail.com","password":"123456"}"
23:08:03.155 [pool-2-thread-26] DEBUG org.apache.http.wire -- http-outgoing-181 << "HTTP/1.1 200 OK[\r][\n]"
23:08:03.155 [pool-2-thread-26] DEBUG org.apache.http.wire -- http-outgoing-181 << "X-Powered-By: Express[\r][\n]"
23:08:03.155 [pool-2-thread-26] DEBUG org.apache.http.wire -- http-outgoing-181 << "Access-Control-Allow-Origin: *[\r][\n]"
23:08:03.155 [pool-2-thread-26] DEBUG org.apache.http.wire -- http-outgoing-181 << "Content-Type: application/json; charset=utf-8[\r][\n]"
23:08:03.155 [pool-2-thread-26] DEBUG org.apache.http.wire -- http-outgoing-181 << "Content-Length: 607[\r][\n]"
23:08:03.155 [pool-2-thread-26] DEBUG org.apache.http.wire -- http-outgoing-181 << "ETag: W/"25f-tuVDvWVWinPNbfUV9z7/8d3Kym4"[\r][\n]"
23:08:03.155 [pool-2-thread-26] DEBUG org.apache.http.wire -- http-outgoing-181 << "Date: Sun, 22 Jun 2025 16:08:03 GMT[\r][\n]"
23:08:03.155 [pool-2-thread-26] DEBUG org.apache.http.wire -- http-outgoing-181 << "Connection: keep-alive[\r][\n]"
23:08:03.155 [pool-2-thread-26] DEBUG org.apache.http.wire -- http-outgoing-181 << "Keep-Alive: timeout=5[\r][\n]"
23:08:03.155 [pool-2-thread-26] DEBUG org.apache.http.wire -- http-outgoing-181 << "[\r][\n]"
23:08:03.155 [pool-2-thread-26] DEBUG org.apache.http.wire -- http-outgoing-181 << "{"access_token":"eyJhbGciOiJIUzI1NiIsInR5cCI6IkpXVCJ9.eyJzdWIiOiI5YTI2OTc2Yy0xNTMyLTRkZjMtYTE2ZS03NjMxNTI1Yzg1MDIiLCJ1c2VybmFtZSI6ImpvaG5kb2UyZDUiLCJyb2xlIjowLCJpYXQiOjE3NTA2MDg0ODIsImV4cCI6MTc1MDYxMjA4Mn0.vLyecTQSFKyBM3Pv2ywRf_nwZimiN7I5zW5ZgXImpCo","refresh_token":"c9fda8c4440e6dc0e52396de6b318056d7d8069e4d3f5aa06e4958cd1d8de90f","user":{"id":"9a26976c-1532-4df3-a16e-7631525c8502","email":"testit4@gmail.com","username":"johndoe2d5","name":"John Doe","phoneNumber":"0123456212","profilePic":null,"bio":null,"private":false,"verified":false,"role":0,"followersCount":0,"followingCount":0,"postCount":0}}"
23:08:03.155 [pool-2-thread-26] DEBUG org.apache.http.headers -- http-outgoing-181 << HTTP/1.1 200 OK
23:08:03.155 [pool-2-thread-26] DEBUG org.apache.http.headers -- http-outgoing-181 << X-Powered-By: Express
23:08:03.155 [pool-2-thread-26] DEBUG org.apache.http.headers -- http-outgoing-181 << Access-Control-Allow-Origin: *
23:08:03.155 [pool-2-thread-26] DEBUG org.apache.http.headers -- http-outgoing-181 << Content-Type: application/json; charset=utf-8
23:08:03.155 [pool-2-thread-26] DEBUG org.apache.http.headers -- http-outgoing-181 << Content-Length: 607
23:08:03.155 [pool-2-thread-26] DEBUG org.apache.http.headers -- http-outgoing-181 << ETag: W/"25f-tuVDvWVWinPNbfUV9z7/8d3Kym4"
23:08:03.155 [pool-2-thread-26] DEBUG org.apache.http.headers -- http-outgoing-181 << Date: Sun, 22 Jun 2025 16:08:03 GMT
23:08:03.155 [pool-2-thread-26] DEBUG org.apache.http.headers -- http-outgoing-181 << Connection: keep-alive
23:08:03.155 [pool-2-thread-26] DEBUG org.apache.http.headers -- http-outgoing-181 << Keep-Alive: timeout=5
23:08:03.155 [pool-2-thread-26] DEBUG org.apache.http.impl.execchain.MainClientExec -- Connection can be kept alive for 5000 MILLISECONDS
23:08:03.155 [pool-2-thread-26] DEBUG org.apache.http.impl.conn.PoolingHttpClientConnectionManager -- Connection [id: 181][route: {}->http://localhost:3000] can be kept alive for 5.0 seconds
23:08:03.155 [pool-2-thread-26] DEBUG org.apache.http.impl.conn.DefaultManagedHttpClientConnection -- http-outgoing-181: set socket timeout to 0
23:08:03.155 [pool-2-thread-26] DEBUG org.apache.http.impl.conn.PoolingHttpClientConnectionManager -- Connection released: [id: 181][route: {}->http://localhost:3000][total available: 1; route allocated: 1 of 5; total allocated: 1 of 10]
23:08:03.155 [pool-2-thread-26] DEBUG org.apache.http.impl.conn.PoolingHttpClientConnectionManager -- Connection manager is shutting down
23:08:03.155 [pool-2-thread-26] DEBUG org.apache.http.impl.conn.DefaultManagedHttpClientConnection -- http-outgoing-181: Close connection
23:08:03.155 [pool-2-thread-26] DEBUG org.apache.http.impl.conn.PoolingHttpClientConnectionManager -- Connection manager shut down
23:08:03.155 [pool-2-thread-26] DEBUG com.intuit.karate -- response time in milliseconds: 1993
9 < 200
9 < X-Powered-By: Express
9 < Access-Control-Allow-Origin: *
9 < Content-Type: application/json; charset=utf-8
9 < Content-Length: 607
9 < ETag: W/"25f-tuVDvWVWinPNbfUV9z7/8d3Kym4"
9 < Date: Sun, 22 Jun 2025 16:08:03 GMT
9 < Connection: keep-alive
9 < Keep-Alive: timeout=5
{"access_token":"eyJhbGciOiJIUzI1NiIsInR5cCI6IkpXVCJ9.eyJzdWIiOiI5YTI2OTc2Yy0xNTMyLTRkZjMtYTE2ZS03NjMxNTI1Yzg1MDIiLCJ1c2VybmFtZSI6ImpvaG5kb2UyZDUiLCJyb2xlIjowLCJpYXQiOjE3NTA2MDg0ODIsImV4cCI6MTc1MDYxMjA4Mn0.vLyecTQSFKyBM3Pv2ywRf_nwZimiN7I5zW5ZgXImpCo","refresh_token":"c9fda8c4440e6dc0e52396de6b318056d7d8069e4d3f5aa06e4958cd1d8de90f","user":{"id":"9a26976c-1532-4df3-a16e-7631525c8502","email":"testit4@gmail.com","username":"johndoe2d5","name":"John Doe","phoneNumber":"0123456212","profilePic":null,"bio":null,"private":false,"verified":false,"role":0,"followersCount":0,"followingCount":0,"postCount":0}}

23:08:03.156 [pool-2-thread-26] INFO com.intuit.karate -- [print] Call 9 completed, status: 200 
23:08:03.157 [pool-2-thread-26] INFO com.intuit.karate -- [print] *** API CALL 10 *** 
23:08:03.157 [pool-2-thread-26] DEBUG org.apache.http.client.protocol.RequestAddCookies -- CookieSpec selected: karate
23:08:03.157 [pool-2-thread-26] DEBUG org.apache.http.client.protocol.RequestAuthCache -- Auth cache not set in the context
23:08:03.157 [pool-2-thread-26] DEBUG com.intuit.karate -- request:
10 > POST http://localhost:3000/auth/login
10 > Content-Type: application/json; charset=UTF-8
10 > Content-Length: 54
10 > Host: localhost:3000
10 > Connection: Keep-Alive
10 > User-Agent: Apache-HttpClient/4.5.14 (Java/17.0.9)
10 > Accept-Encoding: gzip,deflate
{"email":"testit4@gmail.com","password":"Password123"}

23:08:03.157 [pool-2-thread-26] DEBUG org.apache.http.impl.conn.PoolingHttpClientConnectionManager -- Connection request: [route: {}->http://localhost:3000][total available: 0; route allocated: 0 of 5; total allocated: 0 of 10]
23:08:03.157 [pool-2-thread-26] DEBUG org.apache.http.impl.conn.PoolingHttpClientConnectionManager -- Connection leased: [id: 199][route: {}->http://localhost:3000][total available: 0; route allocated: 1 of 5; total allocated: 1 of 10]
23:08:03.157 [pool-2-thread-26] DEBUG org.apache.http.impl.execchain.MainClientExec -- Opening connection {}->http://localhost:3000
23:08:03.157 [pool-2-thread-26] DEBUG org.apache.http.impl.conn.DefaultHttpClientConnectionOperator -- Connecting to localhost/127.0.0.1:3000
23:08:03.158 [pool-2-thread-26] DEBUG org.apache.http.impl.conn.DefaultHttpClientConnectionOperator -- Connection established 127.0.0.1:52867<->127.0.0.1:3000
23:08:03.158 [pool-2-thread-26] DEBUG org.apache.http.impl.conn.DefaultManagedHttpClientConnection -- http-outgoing-199: set socket timeout to 30000
23:08:03.158 [pool-2-thread-26] DEBUG org.apache.http.impl.execchain.MainClientExec -- Executing request POST /auth/login HTTP/1.1
23:08:03.158 [pool-2-thread-26] DEBUG org.apache.http.impl.execchain.MainClientExec -- Target auth state: UNCHALLENGED
23:08:03.158 [pool-2-thread-26] DEBUG org.apache.http.impl.execchain.MainClientExec -- Proxy auth state: UNCHALLENGED
23:08:03.158 [pool-2-thread-26] DEBUG org.apache.http.headers -- http-outgoing-199 >> POST /auth/login HTTP/1.1
23:08:03.158 [pool-2-thread-26] DEBUG org.apache.http.headers -- http-outgoing-199 >> Content-Type: application/json; charset=UTF-8
23:08:03.158 [pool-2-thread-26] DEBUG org.apache.http.headers -- http-outgoing-199 >> Content-Length: 54
23:08:03.158 [pool-2-thread-26] DEBUG org.apache.http.headers -- http-outgoing-199 >> Host: localhost:3000
23:08:03.158 [pool-2-thread-26] DEBUG org.apache.http.headers -- http-outgoing-199 >> Connection: Keep-Alive
23:08:03.158 [pool-2-thread-26] DEBUG org.apache.http.headers -- http-outgoing-199 >> User-Agent: Apache-HttpClient/4.5.14 (Java/17.0.9)
23:08:03.158 [pool-2-thread-26] DEBUG org.apache.http.headers -- http-outgoing-199 >> Accept-Encoding: gzip,deflate
23:08:03.158 [pool-2-thread-26] DEBUG org.apache.http.wire -- http-outgoing-199 >> "POST /auth/login HTTP/1.1[\r][\n]"
23:08:03.158 [pool-2-thread-26] DEBUG org.apache.http.wire -- http-outgoing-199 >> "Content-Type: application/json; charset=UTF-8[\r][\n]"
23:08:03.158 [pool-2-thread-26] DEBUG org.apache.http.wire -- http-outgoing-199 >> "Content-Length: 54[\r][\n]"
23:08:03.158 [pool-2-thread-26] DEBUG org.apache.http.wire -- http-outgoing-199 >> "Host: localhost:3000[\r][\n]"
23:08:03.158 [pool-2-thread-26] DEBUG org.apache.http.wire -- http-outgoing-199 >> "Connection: Keep-Alive[\r][\n]"
23:08:03.158 [pool-2-thread-26] DEBUG org.apache.http.wire -- http-outgoing-199 >> "User-Agent: Apache-HttpClient/4.5.14 (Java/17.0.9)[\r][\n]"
23:08:03.158 [pool-2-thread-26] DEBUG org.apache.http.wire -- http-outgoing-199 >> "Accept-Encoding: gzip,deflate[\r][\n]"
23:08:03.158 [pool-2-thread-26] DEBUG org.apache.http.wire -- http-outgoing-199 >> "[\r][\n]"
23:08:03.158 [pool-2-thread-26] DEBUG org.apache.http.wire -- http-outgoing-199 >> "{"email":"testit4@gmail.com","password":"Password123"}"
23:08:03.182 [pool-2-thread-19] DEBUG org.apache.http.wire -- http-outgoing-175 << "HTTP/1.1 200 OK[\r][\n]"
23:08:03.182 [pool-2-thread-19] DEBUG org.apache.http.wire -- http-outgoing-175 << "X-Powered-By: Express[\r][\n]"
23:08:03.182 [pool-2-thread-19] DEBUG org.apache.http.wire -- http-outgoing-175 << "Access-Control-Allow-Origin: *[\r][\n]"
23:08:03.182 [pool-2-thread-19] DEBUG org.apache.http.wire -- http-outgoing-175 << "Content-Type: application/json; charset=utf-8[\r][\n]"
23:08:03.182 [pool-2-thread-19] DEBUG org.apache.http.wire -- http-outgoing-175 << "Content-Length: 604[\r][\n]"
23:08:03.182 [pool-2-thread-19] DEBUG org.apache.http.wire -- http-outgoing-175 << "ETag: W/"25c-mPhmGTWxk9Bym581XGfAXkf888A"[\r][\n]"
23:08:03.182 [pool-2-thread-19] DEBUG org.apache.http.wire -- http-outgoing-175 << "Date: Sun, 22 Jun 2025 16:08:03 GMT[\r][\n]"
23:08:03.182 [pool-2-thread-19] DEBUG org.apache.http.wire -- http-outgoing-175 << "Connection: keep-alive[\r][\n]"
23:08:03.182 [pool-2-thread-19] DEBUG org.apache.http.wire -- http-outgoing-175 << "Keep-Alive: timeout=5[\r][\n]"
23:08:03.182 [pool-2-thread-19] DEBUG org.apache.http.wire -- http-outgoing-175 << "[\r][\n]"
23:08:03.182 [pool-2-thread-19] DEBUG org.apache.http.wire -- http-outgoing-175 << "{"access_token":"eyJhbGciOiJIUzI1NiIsInR5cCI6IkpXVCJ9.eyJzdWIiOiJkZjZmMDkxOS1hMjNkLTQ0YzktYTkyNS00ZWE4YmU1MjVkMTAiLCJ1c2VybmFtZSI6ImpvaG5kb2UyMyIsInJvbGUiOjAsImlhdCI6MTc1MDYwODQ4MiwiZXhwIjoxNzUwNjEyMDgyfQ.Jp0Ny2E98ttxY2vhtScfy8jVCG-N_ccG5K8U-_L8-UY","refresh_token":"ed7a779d7a99ead399dbcc2ade00a6fe632e34c6090a1942cf5dc7ca7b229fa2","user":{"id":"df6f0919-a23d-44c9-a925-4ea8be525d10","email":"testit@gmail.com","username":"johndoe23","name":"John Doe","phoneNumber":"0123456788","profilePic":null,"bio":null,"private":false,"verified":false,"role":0,"followersCount":0,"followingCount":0,"postCount":0}}"
23:08:03.182 [pool-2-thread-19] DEBUG org.apache.http.headers -- http-outgoing-175 << HTTP/1.1 200 OK
23:08:03.182 [pool-2-thread-19] DEBUG org.apache.http.headers -- http-outgoing-175 << X-Powered-By: Express
23:08:03.182 [pool-2-thread-19] DEBUG org.apache.http.headers -- http-outgoing-175 << Access-Control-Allow-Origin: *
23:08:03.182 [pool-2-thread-19] DEBUG org.apache.http.headers -- http-outgoing-175 << Content-Type: application/json; charset=utf-8
23:08:03.182 [pool-2-thread-19] DEBUG org.apache.http.headers -- http-outgoing-175 << Content-Length: 604
23:08:03.182 [pool-2-thread-19] DEBUG org.apache.http.headers -- http-outgoing-175 << ETag: W/"25c-mPhmGTWxk9Bym581XGfAXkf888A"
23:08:03.182 [pool-2-thread-19] DEBUG org.apache.http.headers -- http-outgoing-175 << Date: Sun, 22 Jun 2025 16:08:03 GMT
23:08:03.182 [pool-2-thread-19] DEBUG org.apache.http.headers -- http-outgoing-175 << Connection: keep-alive
23:08:03.182 [pool-2-thread-19] DEBUG org.apache.http.headers -- http-outgoing-175 << Keep-Alive: timeout=5
23:08:03.182 [pool-2-thread-19] DEBUG org.apache.http.impl.execchain.MainClientExec -- Connection can be kept alive for 5000 MILLISECONDS
23:08:03.182 [pool-2-thread-19] DEBUG org.apache.http.impl.conn.PoolingHttpClientConnectionManager -- Connection [id: 175][route: {}->http://localhost:3000] can be kept alive for 5.0 seconds
23:08:03.182 [pool-2-thread-19] DEBUG org.apache.http.impl.conn.DefaultManagedHttpClientConnection -- http-outgoing-175: set socket timeout to 0
23:08:03.182 [pool-2-thread-19] DEBUG org.apache.http.impl.conn.PoolingHttpClientConnectionManager -- Connection released: [id: 175][route: {}->http://localhost:3000][total available: 1; route allocated: 1 of 5; total allocated: 1 of 10]
23:08:03.182 [pool-2-thread-19] DEBUG org.apache.http.impl.conn.PoolingHttpClientConnectionManager -- Connection manager is shutting down
23:08:03.182 [pool-2-thread-19] DEBUG org.apache.http.impl.conn.DefaultManagedHttpClientConnection -- http-outgoing-175: Close connection
23:08:03.182 [pool-2-thread-19] DEBUG org.apache.http.impl.conn.PoolingHttpClientConnectionManager -- Connection manager shut down
23:08:03.182 [pool-2-thread-19] DEBUG com.intuit.karate -- response time in milliseconds: 2873
6 < 200
6 < X-Powered-By: Express
6 < Access-Control-Allow-Origin: *
6 < Content-Type: application/json; charset=utf-8
6 < Content-Length: 604
6 < ETag: W/"25c-mPhmGTWxk9Bym581XGfAXkf888A"
6 < Date: Sun, 22 Jun 2025 16:08:03 GMT
6 < Connection: keep-alive
6 < Keep-Alive: timeout=5
{"access_token":"eyJhbGciOiJIUzI1NiIsInR5cCI6IkpXVCJ9.eyJzdWIiOiJkZjZmMDkxOS1hMjNkLTQ0YzktYTkyNS00ZWE4YmU1MjVkMTAiLCJ1c2VybmFtZSI6ImpvaG5kb2UyMyIsInJvbGUiOjAsImlhdCI6MTc1MDYwODQ4MiwiZXhwIjoxNzUwNjEyMDgyfQ.Jp0Ny2E98ttxY2vhtScfy8jVCG-N_ccG5K8U-_L8-UY","refresh_token":"ed7a779d7a99ead399dbcc2ade00a6fe632e34c6090a1942cf5dc7ca7b229fa2","user":{"id":"df6f0919-a23d-44c9-a925-4ea8be525d10","email":"testit@gmail.com","username":"johndoe23","name":"John Doe","phoneNumber":"0123456788","profilePic":null,"bio":null,"private":false,"verified":false,"role":0,"followersCount":0,"followingCount":0,"postCount":0}}

23:08:03.183 [pool-2-thread-19] INFO com.intuit.karate -- [print] Call 6 completed, status: 200 
23:08:03.183 [pool-2-thread-19] INFO com.intuit.karate -- [print] *** API CALL 7 *** 
23:08:03.184 [pool-2-thread-19] DEBUG org.apache.http.client.protocol.RequestAddCookies -- CookieSpec selected: karate
23:08:03.184 [pool-2-thread-19] DEBUG org.apache.http.client.protocol.RequestAuthCache -- Auth cache not set in the context
23:08:03.184 [pool-2-thread-19] DEBUG com.intuit.karate -- request:
7 > POST http://localhost:3000/auth/login
7 > Content-Type: application/json; charset=UTF-8
7 > Content-Length: 53
7 > Host: localhost:3000
7 > Connection: Keep-Alive
7 > User-Agent: Apache-HttpClient/4.5.14 (Java/17.0.9)
7 > Accept-Encoding: gzip,deflate
{"email":"testit@gmail.com","password":"Password123"}

23:08:03.184 [pool-2-thread-19] DEBUG org.apache.http.impl.conn.PoolingHttpClientConnectionManager -- Connection request: [route: {}->http://localhost:3000][total available: 0; route allocated: 0 of 5; total allocated: 0 of 10]
23:08:03.184 [pool-2-thread-19] DEBUG org.apache.http.impl.conn.PoolingHttpClientConnectionManager -- Connection leased: [id: 200][route: {}->http://localhost:3000][total available: 0; route allocated: 1 of 5; total allocated: 1 of 10]
23:08:03.184 [pool-2-thread-19] DEBUG org.apache.http.impl.execchain.MainClientExec -- Opening connection {}->http://localhost:3000
23:08:03.184 [pool-2-thread-19] DEBUG org.apache.http.impl.conn.DefaultHttpClientConnectionOperator -- Connecting to localhost/127.0.0.1:3000
23:08:03.184 [pool-2-thread-19] DEBUG org.apache.http.impl.conn.DefaultHttpClientConnectionOperator -- Connection established 127.0.0.1:52868<->127.0.0.1:3000
23:08:03.184 [pool-2-thread-19] DEBUG org.apache.http.impl.conn.DefaultManagedHttpClientConnection -- http-outgoing-200: set socket timeout to 30000
23:08:03.184 [pool-2-thread-19] DEBUG org.apache.http.impl.execchain.MainClientExec -- Executing request POST /auth/login HTTP/1.1
23:08:03.184 [pool-2-thread-19] DEBUG org.apache.http.impl.execchain.MainClientExec -- Target auth state: UNCHALLENGED
23:08:03.184 [pool-2-thread-19] DEBUG org.apache.http.impl.execchain.MainClientExec -- Proxy auth state: UNCHALLENGED
23:08:03.184 [pool-2-thread-19] DEBUG org.apache.http.headers -- http-outgoing-200 >> POST /auth/login HTTP/1.1
23:08:03.184 [pool-2-thread-19] DEBUG org.apache.http.headers -- http-outgoing-200 >> Content-Type: application/json; charset=UTF-8
23:08:03.184 [pool-2-thread-19] DEBUG org.apache.http.headers -- http-outgoing-200 >> Content-Length: 53
23:08:03.184 [pool-2-thread-19] DEBUG org.apache.http.headers -- http-outgoing-200 >> Host: localhost:3000
23:08:03.184 [pool-2-thread-19] DEBUG org.apache.http.headers -- http-outgoing-200 >> Connection: Keep-Alive
23:08:03.184 [pool-2-thread-19] DEBUG org.apache.http.headers -- http-outgoing-200 >> User-Agent: Apache-HttpClient/4.5.14 (Java/17.0.9)
23:08:03.184 [pool-2-thread-19] DEBUG org.apache.http.headers -- http-outgoing-200 >> Accept-Encoding: gzip,deflate
23:08:03.184 [pool-2-thread-19] DEBUG org.apache.http.wire -- http-outgoing-200 >> "POST /auth/login HTTP/1.1[\r][\n]"
23:08:03.184 [pool-2-thread-19] DEBUG org.apache.http.wire -- http-outgoing-200 >> "Content-Type: application/json; charset=UTF-8[\r][\n]"
23:08:03.184 [pool-2-thread-19] DEBUG org.apache.http.wire -- http-outgoing-200 >> "Content-Length: 53[\r][\n]"
23:08:03.184 [pool-2-thread-19] DEBUG org.apache.http.wire -- http-outgoing-200 >> "Host: localhost:3000[\r][\n]"
23:08:03.184 [pool-2-thread-19] DEBUG org.apache.http.wire -- http-outgoing-200 >> "Connection: Keep-Alive[\r][\n]"
23:08:03.184 [pool-2-thread-19] DEBUG org.apache.http.wire -- http-outgoing-200 >> "User-Agent: Apache-HttpClient/4.5.14 (Java/17.0.9)[\r][\n]"
23:08:03.184 [pool-2-thread-19] DEBUG org.apache.http.wire -- http-outgoing-200 >> "Accept-Encoding: gzip,deflate[\r][\n]"
23:08:03.184 [pool-2-thread-19] DEBUG org.apache.http.wire -- http-outgoing-200 >> "[\r][\n]"
23:08:03.184 [pool-2-thread-19] DEBUG org.apache.http.wire -- http-outgoing-200 >> "{"email":"testit@gmail.com","password":"Password123"}"
23:08:03.193 [pool-2-thread-2] DEBUG org.apache.http.wire -- http-outgoing-174 << "HTTP/1.1 200 OK[\r][\n]"
23:08:03.193 [pool-2-thread-2] DEBUG org.apache.http.wire -- http-outgoing-174 << "X-Powered-By: Express[\r][\n]"
23:08:03.195 [pool-2-thread-2] DEBUG org.apache.http.wire -- http-outgoing-174 << "Access-Control-Allow-Origin: *[\r][\n]"
23:08:03.195 [pool-2-thread-2] DEBUG org.apache.http.wire -- http-outgoing-174 << "Content-Type: application/json; charset=utf-8[\r][\n]"
23:08:03.195 [pool-2-thread-2] DEBUG org.apache.http.wire -- http-outgoing-174 << "Content-Length: 715[\r][\n]"
23:08:03.195 [pool-2-thread-2] DEBUG org.apache.http.wire -- http-outgoing-174 << "ETag: W/"2cb-AMt1cP559nlveKUvPvkXcNxDXg8"[\r][\n]"
23:08:03.195 [pool-2-thread-2] DEBUG org.apache.http.wire -- http-outgoing-174 << "Date: Sun, 22 Jun 2025 16:08:03 GMT[\r][\n]"
23:08:03.195 [pool-2-thread-2] DEBUG org.apache.http.wire -- http-outgoing-174 << "Connection: keep-alive[\r][\n]"
23:08:03.195 [pool-2-thread-2] DEBUG org.apache.http.wire -- http-outgoing-174 << "Keep-Alive: timeout=5[\r][\n]"
23:08:03.195 [pool-2-thread-2] DEBUG org.apache.http.wire -- http-outgoing-174 << "[\r][\n]"
23:08:03.195 [pool-2-thread-2] DEBUG org.apache.http.wire -- http-outgoing-174 << "{"access_token":"eyJhbGciOiJIUzI1NiIsInR5cCI6IkpXVCJ9.eyJzdWIiOiIyYjg0YWEyNC02NjhhLTQwZTItYWYxYy1hZDRmYzRmYTVhNmYiLCJ1c2VybmFtZSI6InF1YW5nMSIsInJvbGUiOjAsImlhdCI6MTc1MDYwODQ4MiwiZXhwIjoxNzUwNjEyMDgyfQ.jnjClIPyiN6YAoEpOOtdFdUXgKOirTKc3bxhK9xQMHo","refresh_token":"78571c9cbf672c961c056dc4dc02b6bd45ec1f7067d759bf964c6911d82f1b57","user":{"id":"2b84aa24-668a-40e2-af1c-ad4fc4fa5a6f","email":"quang1@gmail.com","username":"quang1","name":"quang1","phoneNumber":"09874563210","profilePic":"https://res.cloudinary.com/dizcvrefo/image/upload/v1749027586/nestjs_uploads/xehairydt9rzlbmbmv4c.jpg","bio":"Thang Nam Lao Vua Thoi","private":false,"verified":false,"role":0,"followersCount":2,"followingCount":3,"postCount":2}}"
23:08:03.195 [pool-2-thread-2] DEBUG org.apache.http.headers -- http-outgoing-174 << HTTP/1.1 200 OK
23:08:03.195 [pool-2-thread-2] DEBUG org.apache.http.headers -- http-outgoing-174 << X-Powered-By: Express
23:08:03.195 [pool-2-thread-2] DEBUG org.apache.http.headers -- http-outgoing-174 << Access-Control-Allow-Origin: *
23:08:03.195 [pool-2-thread-2] DEBUG org.apache.http.headers -- http-outgoing-174 << Content-Type: application/json; charset=utf-8
23:08:03.195 [pool-2-thread-2] DEBUG org.apache.http.headers -- http-outgoing-174 << Content-Length: 715
23:08:03.195 [pool-2-thread-2] DEBUG org.apache.http.headers -- http-outgoing-174 << ETag: W/"2cb-AMt1cP559nlveKUvPvkXcNxDXg8"
23:08:03.195 [pool-2-thread-2] DEBUG org.apache.http.headers -- http-outgoing-174 << Date: Sun, 22 Jun 2025 16:08:03 GMT
23:08:03.195 [pool-2-thread-2] DEBUG org.apache.http.headers -- http-outgoing-174 << Connection: keep-alive
23:08:03.195 [pool-2-thread-2] DEBUG org.apache.http.headers -- http-outgoing-174 << Keep-Alive: timeout=5
23:08:03.195 [pool-2-thread-2] DEBUG org.apache.http.impl.execchain.MainClientExec -- Connection can be kept alive for 5000 MILLISECONDS
23:08:03.195 [pool-2-thread-2] DEBUG org.apache.http.impl.conn.PoolingHttpClientConnectionManager -- Connection [id: 174][route: {}->http://localhost:3000] can be kept alive for 5.0 seconds
23:08:03.195 [pool-2-thread-2] DEBUG org.apache.http.impl.conn.DefaultManagedHttpClientConnection -- http-outgoing-174: set socket timeout to 0
23:08:03.195 [pool-2-thread-2] DEBUG org.apache.http.impl.conn.PoolingHttpClientConnectionManager -- Connection released: [id: 174][route: {}->http://localhost:3000][total available: 1; route allocated: 1 of 5; total allocated: 1 of 10]
23:08:03.195 [pool-2-thread-2] DEBUG org.apache.http.impl.conn.PoolingHttpClientConnectionManager -- Connection manager is shutting down
23:08:03.195 [pool-2-thread-2] DEBUG org.apache.http.impl.conn.DefaultManagedHttpClientConnection -- http-outgoing-174: Close connection
23:08:03.195 [pool-2-thread-2] DEBUG org.apache.http.impl.conn.PoolingHttpClientConnectionManager -- Connection manager shut down
23:08:03.195 [pool-2-thread-2] DEBUG com.intuit.karate -- response time in milliseconds: 2890
6 < 200
6 < X-Powered-By: Express
6 < Access-Control-Allow-Origin: *
6 < Content-Type: application/json; charset=utf-8
6 < Content-Length: 715
6 < ETag: W/"2cb-AMt1cP559nlveKUvPvkXcNxDXg8"
6 < Date: Sun, 22 Jun 2025 16:08:03 GMT
6 < Connection: keep-alive
6 < Keep-Alive: timeout=5
{"access_token":"eyJhbGciOiJIUzI1NiIsInR5cCI6IkpXVCJ9.eyJzdWIiOiIyYjg0YWEyNC02NjhhLTQwZTItYWYxYy1hZDRmYzRmYTVhNmYiLCJ1c2VybmFtZSI6InF1YW5nMSIsInJvbGUiOjAsImlhdCI6MTc1MDYwODQ4MiwiZXhwIjoxNzUwNjEyMDgyfQ.jnjClIPyiN6YAoEpOOtdFdUXgKOirTKc3bxhK9xQMHo","refresh_token":"78571c9cbf672c961c056dc4dc02b6bd45ec1f7067d759bf964c6911d82f1b57","user":{"id":"2b84aa24-668a-40e2-af1c-ad4fc4fa5a6f","email":"quang1@gmail.com","username":"quang1","name":"quang1","phoneNumber":"09874563210","profilePic":"https://res.cloudinary.com/dizcvrefo/image/upload/v1749027586/nestjs_uploads/xehairydt9rzlbmbmv4c.jpg","bio":"Thang Nam Lao Vua Thoi","private":false,"verified":false,"role":0,"followersCount":2,"followingCount":3,"postCount":2}}

23:08:03.196 [pool-2-thread-2] INFO com.intuit.karate -- [print] Call 6 completed, status: 200 
23:08:03.197 [pool-2-thread-2] INFO com.intuit.karate -- [print] *** API CALL 7 *** 
23:08:03.199 [pool-2-thread-2] DEBUG org.apache.http.client.protocol.RequestAddCookies -- CookieSpec selected: karate
23:08:03.199 [pool-2-thread-2] DEBUG org.apache.http.client.protocol.RequestAuthCache -- Auth cache not set in the context
23:08:03.199 [pool-2-thread-2] DEBUG com.intuit.karate -- request:
7 > POST http://localhost:3000/auth/login
7 > Content-Type: application/json; charset=UTF-8
7 > Content-Length: 48
7 > Host: localhost:3000
7 > Connection: Keep-Alive
7 > User-Agent: Apache-HttpClient/4.5.14 (Java/17.0.9)
7 > Accept-Encoding: gzip,deflate
{"email":"quang1@gmail.com","password":"quang1"}

23:08:03.199 [pool-2-thread-2] DEBUG org.apache.http.impl.conn.PoolingHttpClientConnectionManager -- Connection request: [route: {}->http://localhost:3000][total available: 0; route allocated: 0 of 5; total allocated: 0 of 10]
23:08:03.199 [pool-2-thread-2] DEBUG org.apache.http.impl.conn.PoolingHttpClientConnectionManager -- Connection leased: [id: 201][route: {}->http://localhost:3000][total available: 0; route allocated: 1 of 5; total allocated: 1 of 10]
23:08:03.199 [pool-2-thread-2] DEBUG org.apache.http.impl.execchain.MainClientExec -- Opening connection {}->http://localhost:3000
23:08:03.199 [pool-2-thread-2] DEBUG org.apache.http.impl.conn.DefaultHttpClientConnectionOperator -- Connecting to localhost/127.0.0.1:3000
23:08:03.200 [pool-2-thread-2] DEBUG org.apache.http.impl.conn.DefaultHttpClientConnectionOperator -- Connection established 127.0.0.1:52869<->127.0.0.1:3000
23:08:03.200 [pool-2-thread-2] DEBUG org.apache.http.impl.conn.DefaultManagedHttpClientConnection -- http-outgoing-201: set socket timeout to 30000
23:08:03.200 [pool-2-thread-2] DEBUG org.apache.http.impl.execchain.MainClientExec -- Executing request POST /auth/login HTTP/1.1
23:08:03.200 [pool-2-thread-2] DEBUG org.apache.http.impl.execchain.MainClientExec -- Target auth state: UNCHALLENGED
23:08:03.200 [pool-2-thread-2] DEBUG org.apache.http.impl.execchain.MainClientExec -- Proxy auth state: UNCHALLENGED
23:08:03.200 [pool-2-thread-2] DEBUG org.apache.http.headers -- http-outgoing-201 >> POST /auth/login HTTP/1.1
23:08:03.200 [pool-2-thread-2] DEBUG org.apache.http.headers -- http-outgoing-201 >> Content-Type: application/json; charset=UTF-8
23:08:03.200 [pool-2-thread-2] DEBUG org.apache.http.headers -- http-outgoing-201 >> Content-Length: 48
23:08:03.200 [pool-2-thread-2] DEBUG org.apache.http.headers -- http-outgoing-201 >> Host: localhost:3000
23:08:03.200 [pool-2-thread-2] DEBUG org.apache.http.headers -- http-outgoing-201 >> Connection: Keep-Alive
23:08:03.200 [pool-2-thread-2] DEBUG org.apache.http.headers -- http-outgoing-201 >> User-Agent: Apache-HttpClient/4.5.14 (Java/17.0.9)
23:08:03.200 [pool-2-thread-2] DEBUG org.apache.http.headers -- http-outgoing-201 >> Accept-Encoding: gzip,deflate
23:08:03.200 [pool-2-thread-2] DEBUG org.apache.http.wire -- http-outgoing-201 >> "POST /auth/login HTTP/1.1[\r][\n]"
23:08:03.200 [pool-2-thread-2] DEBUG org.apache.http.wire -- http-outgoing-201 >> "Content-Type: application/json; charset=UTF-8[\r][\n]"
23:08:03.200 [pool-2-thread-2] DEBUG org.apache.http.wire -- http-outgoing-201 >> "Content-Length: 48[\r][\n]"
23:08:03.200 [pool-2-thread-2] DEBUG org.apache.http.wire -- http-outgoing-201 >> "Host: localhost:3000[\r][\n]"
23:08:03.200 [pool-2-thread-2] DEBUG org.apache.http.wire -- http-outgoing-201 >> "Connection: Keep-Alive[\r][\n]"
23:08:03.200 [pool-2-thread-2] DEBUG org.apache.http.wire -- http-outgoing-201 >> "User-Agent: Apache-HttpClient/4.5.14 (Java/17.0.9)[\r][\n]"
23:08:03.200 [pool-2-thread-2] DEBUG org.apache.http.wire -- http-outgoing-201 >> "Accept-Encoding: gzip,deflate[\r][\n]"
23:08:03.200 [pool-2-thread-2] DEBUG org.apache.http.wire -- http-outgoing-201 >> "[\r][\n]"
23:08:03.200 [pool-2-thread-2] DEBUG org.apache.http.wire -- http-outgoing-201 >> "{"email":"quang1@gmail.com","password":"quang1"}"
23:08:03.224 [pool-2-thread-8] DEBUG org.apache.http.wire -- http-outgoing-176 << "HTTP/1.1 200 OK[\r][\n]"
23:08:03.224 [pool-2-thread-8] DEBUG org.apache.http.wire -- http-outgoing-176 << "X-Powered-By: Express[\r][\n]"
23:08:03.224 [pool-2-thread-8] DEBUG org.apache.http.wire -- http-outgoing-176 << "Access-Control-Allow-Origin: *[\r][\n]"
23:08:03.224 [pool-2-thread-8] DEBUG org.apache.http.wire -- http-outgoing-176 << "Content-Type: application/json; charset=utf-8[\r][\n]"
23:08:03.224 [pool-2-thread-8] DEBUG org.apache.http.wire -- http-outgoing-176 << "Content-Length: 609[\r][\n]"
23:08:03.224 [pool-2-thread-8] DEBUG org.apache.http.wire -- http-outgoing-176 << "ETag: W/"261-cpsorG0sZE7mxO3sQHVd9tKoQHc"[\r][\n]"
23:08:03.224 [pool-2-thread-8] DEBUG org.apache.http.wire -- http-outgoing-176 << "Date: Sun, 22 Jun 2025 16:08:03 GMT[\r][\n]"
23:08:03.224 [pool-2-thread-8] DEBUG org.apache.http.wire -- http-outgoing-176 << "Connection: keep-alive[\r][\n]"
23:08:03.224 [pool-2-thread-8] DEBUG org.apache.http.wire -- http-outgoing-176 << "Keep-Alive: timeout=5[\r][\n]"
23:08:03.224 [pool-2-thread-8] DEBUG org.apache.http.wire -- http-outgoing-176 << "[\r][\n]"
23:08:03.224 [pool-2-thread-8] DEBUG org.apache.http.wire -- http-outgoing-176 << "{"access_token":"eyJhbGciOiJIUzI1NiIsInR5cCI6IkpXVCJ9.eyJzdWIiOiIyNzJmNmI1NS01MTc5LTRhZTMtODU2My1iNGVjMTBmNzY3MTUiLCJ1c2VybmFtZSI6ImpvaG5kb2UyZDVkIiwicm9sZSI6MCwiaWF0IjoxNzUwNjA4NDgyLCJleHAiOjE3NTA2MTIwODJ9.j_4F3dSdU19qH_9Md76kUOJot1UbpGOSS1RUAkiG_Pc","refresh_token":"08fa73b85735b71f683c3d4bb55b755e7ff18fdf9e34bd389985e19068b29696","user":{"id":"272f6b55-5179-4ae3-8563-b4ec10f76715","email":"testit5@gmail.com","username":"johndoe2d5d","name":"John Doe","phoneNumber":"0123456132","profilePic":null,"bio":null,"private":false,"verified":false,"role":0,"followersCount":0,"followingCount":0,"postCount":0}}"
23:08:03.225 [pool-2-thread-8] DEBUG org.apache.http.headers -- http-outgoing-176 << HTTP/1.1 200 OK
23:08:03.225 [pool-2-thread-8] DEBUG org.apache.http.headers -- http-outgoing-176 << X-Powered-By: Express
23:08:03.225 [pool-2-thread-8] DEBUG org.apache.http.headers -- http-outgoing-176 << Access-Control-Allow-Origin: *
23:08:03.225 [pool-2-thread-8] DEBUG org.apache.http.headers -- http-outgoing-176 << Content-Type: application/json; charset=utf-8
23:08:03.225 [pool-2-thread-8] DEBUG org.apache.http.headers -- http-outgoing-176 << Content-Length: 609
23:08:03.225 [pool-2-thread-8] DEBUG org.apache.http.headers -- http-outgoing-176 << ETag: W/"261-cpsorG0sZE7mxO3sQHVd9tKoQHc"
23:08:03.225 [pool-2-thread-8] DEBUG org.apache.http.headers -- http-outgoing-176 << Date: Sun, 22 Jun 2025 16:08:03 GMT
23:08:03.225 [pool-2-thread-8] DEBUG org.apache.http.headers -- http-outgoing-176 << Connection: keep-alive
23:08:03.225 [pool-2-thread-8] DEBUG org.apache.http.headers -- http-outgoing-176 << Keep-Alive: timeout=5
23:08:03.225 [pool-2-thread-8] DEBUG org.apache.http.impl.execchain.MainClientExec -- Connection can be kept alive for 5000 MILLISECONDS
23:08:03.225 [pool-2-thread-8] DEBUG org.apache.http.impl.conn.PoolingHttpClientConnectionManager -- Connection [id: 176][route: {}->http://localhost:3000] can be kept alive for 5.0 seconds
23:08:03.225 [pool-2-thread-8] DEBUG org.apache.http.impl.conn.DefaultManagedHttpClientConnection -- http-outgoing-176: set socket timeout to 0
23:08:03.225 [pool-2-thread-8] DEBUG org.apache.http.impl.conn.PoolingHttpClientConnectionManager -- Connection released: [id: 176][route: {}->http://localhost:3000][total available: 1; route allocated: 1 of 5; total allocated: 1 of 10]
23:08:03.225 [pool-2-thread-8] DEBUG org.apache.http.impl.conn.PoolingHttpClientConnectionManager -- Connection manager is shutting down
23:08:03.225 [pool-2-thread-8] DEBUG org.apache.http.impl.conn.DefaultManagedHttpClientConnection -- http-outgoing-176: Close connection
23:08:03.225 [pool-2-thread-8] DEBUG org.apache.http.impl.conn.PoolingHttpClientConnectionManager -- Connection manager shut down
23:08:03.225 [pool-2-thread-8] DEBUG com.intuit.karate -- response time in milliseconds: 2880
7 < 200
7 < X-Powered-By: Express
7 < Access-Control-Allow-Origin: *
7 < Content-Type: application/json; charset=utf-8
7 < Content-Length: 609
7 < ETag: W/"261-cpsorG0sZE7mxO3sQHVd9tKoQHc"
7 < Date: Sun, 22 Jun 2025 16:08:03 GMT
7 < Connection: keep-alive
7 < Keep-Alive: timeout=5
{"access_token":"eyJhbGciOiJIUzI1NiIsInR5cCI6IkpXVCJ9.eyJzdWIiOiIyNzJmNmI1NS01MTc5LTRhZTMtODU2My1iNGVjMTBmNzY3MTUiLCJ1c2VybmFtZSI6ImpvaG5kb2UyZDVkIiwicm9sZSI6MCwiaWF0IjoxNzUwNjA4NDgyLCJleHAiOjE3NTA2MTIwODJ9.j_4F3dSdU19qH_9Md76kUOJot1UbpGOSS1RUAkiG_Pc","refresh_token":"08fa73b85735b71f683c3d4bb55b755e7ff18fdf9e34bd389985e19068b29696","user":{"id":"272f6b55-5179-4ae3-8563-b4ec10f76715","email":"testit5@gmail.com","username":"johndoe2d5d","name":"John Doe","phoneNumber":"0123456132","profilePic":null,"bio":null,"private":false,"verified":false,"role":0,"followersCount":0,"followingCount":0,"postCount":0}}

23:08:03.226 [pool-2-thread-8] INFO com.intuit.karate -- [print] Call 7 completed, status: 200 
23:08:03.226 [pool-2-thread-8] INFO com.intuit.karate -- [print] *** API CALL 8 *** 
23:08:03.227 [pool-2-thread-8] DEBUG org.apache.http.client.protocol.RequestAddCookies -- CookieSpec selected: karate
23:08:03.227 [pool-2-thread-8] DEBUG org.apache.http.client.protocol.RequestAuthCache -- Auth cache not set in the context
23:08:03.227 [pool-2-thread-8] DEBUG com.intuit.karate -- request:
8 > POST http://localhost:3000/auth/login
8 > Content-Type: application/json; charset=UTF-8
8 > Content-Length: 54
8 > Host: localhost:3000
8 > Connection: Keep-Alive
8 > User-Agent: Apache-HttpClient/4.5.14 (Java/17.0.9)
8 > Accept-Encoding: gzip,deflate
{"email":"testit5@gmail.com","password":"Password123"}

23:08:03.227 [pool-2-thread-8] DEBUG org.apache.http.impl.conn.PoolingHttpClientConnectionManager -- Connection request: [route: {}->http://localhost:3000][total available: 0; route allocated: 0 of 5; total allocated: 0 of 10]
23:08:03.227 [pool-2-thread-8] DEBUG org.apache.http.impl.conn.PoolingHttpClientConnectionManager -- Connection leased: [id: 202][route: {}->http://localhost:3000][total available: 0; route allocated: 1 of 5; total allocated: 1 of 10]
23:08:03.227 [pool-2-thread-8] DEBUG org.apache.http.impl.execchain.MainClientExec -- Opening connection {}->http://localhost:3000
23:08:03.227 [pool-2-thread-8] DEBUG org.apache.http.impl.conn.DefaultHttpClientConnectionOperator -- Connecting to localhost/127.0.0.1:3000
23:08:03.227 [pool-2-thread-8] DEBUG org.apache.http.impl.conn.DefaultHttpClientConnectionOperator -- Connection established 127.0.0.1:52870<->127.0.0.1:3000
23:08:03.227 [pool-2-thread-8] DEBUG org.apache.http.impl.conn.DefaultManagedHttpClientConnection -- http-outgoing-202: set socket timeout to 30000
23:08:03.227 [pool-2-thread-8] DEBUG org.apache.http.impl.execchain.MainClientExec -- Executing request POST /auth/login HTTP/1.1
23:08:03.227 [pool-2-thread-8] DEBUG org.apache.http.impl.execchain.MainClientExec -- Target auth state: UNCHALLENGED
23:08:03.227 [pool-2-thread-8] DEBUG org.apache.http.impl.execchain.MainClientExec -- Proxy auth state: UNCHALLENGED
23:08:03.227 [pool-2-thread-8] DEBUG org.apache.http.headers -- http-outgoing-202 >> POST /auth/login HTTP/1.1
23:08:03.227 [pool-2-thread-8] DEBUG org.apache.http.headers -- http-outgoing-202 >> Content-Type: application/json; charset=UTF-8
23:08:03.227 [pool-2-thread-8] DEBUG org.apache.http.headers -- http-outgoing-202 >> Content-Length: 54
23:08:03.227 [pool-2-thread-8] DEBUG org.apache.http.headers -- http-outgoing-202 >> Host: localhost:3000
23:08:03.227 [pool-2-thread-8] DEBUG org.apache.http.headers -- http-outgoing-202 >> Connection: Keep-Alive
23:08:03.227 [pool-2-thread-8] DEBUG org.apache.http.headers -- http-outgoing-202 >> User-Agent: Apache-HttpClient/4.5.14 (Java/17.0.9)
23:08:03.227 [pool-2-thread-8] DEBUG org.apache.http.headers -- http-outgoing-202 >> Accept-Encoding: gzip,deflate
23:08:03.227 [pool-2-thread-8] DEBUG org.apache.http.wire -- http-outgoing-202 >> "POST /auth/login HTTP/1.1[\r][\n]"
23:08:03.227 [pool-2-thread-8] DEBUG org.apache.http.wire -- http-outgoing-202 >> "Content-Type: application/json; charset=UTF-8[\r][\n]"
23:08:03.227 [pool-2-thread-8] DEBUG org.apache.http.wire -- http-outgoing-202 >> "Content-Length: 54[\r][\n]"
23:08:03.227 [pool-2-thread-8] DEBUG org.apache.http.wire -- http-outgoing-202 >> "Host: localhost:3000[\r][\n]"
23:08:03.227 [pool-2-thread-8] DEBUG org.apache.http.wire -- http-outgoing-202 >> "Connection: Keep-Alive[\r][\n]"
23:08:03.227 [pool-2-thread-8] DEBUG org.apache.http.wire -- http-outgoing-202 >> "User-Agent: Apache-HttpClient/4.5.14 (Java/17.0.9)[\r][\n]"
23:08:03.227 [pool-2-thread-8] DEBUG org.apache.http.wire -- http-outgoing-202 >> "Accept-Encoding: gzip,deflate[\r][\n]"
23:08:03.227 [pool-2-thread-8] DEBUG org.apache.http.wire -- http-outgoing-202 >> "[\r][\n]"
23:08:03.227 [pool-2-thread-8] DEBUG org.apache.http.wire -- http-outgoing-202 >> "{"email":"testit5@gmail.com","password":"Password123"}"
23:08:03.290 [pool-2-thread-17] DEBUG org.apache.http.wire -- http-outgoing-185 << "HTTP/1.1 200 OK[\r][\n]"
23:08:03.290 [pool-2-thread-17] DEBUG org.apache.http.wire -- http-outgoing-185 << "X-Powered-By: Express[\r][\n]"
23:08:03.290 [pool-2-thread-17] DEBUG org.apache.http.wire -- http-outgoing-185 << "Access-Control-Allow-Origin: *[\r][\n]"
23:08:03.290 [pool-2-thread-17] DEBUG org.apache.http.wire -- http-outgoing-185 << "Content-Type: application/json; charset=utf-8[\r][\n]"
23:08:03.290 [pool-2-thread-17] DEBUG org.apache.http.wire -- http-outgoing-185 << "Content-Length: 605[\r][\n]"
23:08:03.290 [pool-2-thread-17] DEBUG org.apache.http.wire -- http-outgoing-185 << "ETag: W/"25d-ho6abnZyl7oCGt7b0uEcDJwaxwQ"[\r][\n]"
23:08:03.290 [pool-2-thread-17] DEBUG org.apache.http.wire -- http-outgoing-185 << "Date: Sun, 22 Jun 2025 16:08:03 GMT[\r][\n]"
23:08:03.290 [pool-2-thread-17] DEBUG org.apache.http.wire -- http-outgoing-185 << "Connection: keep-alive[\r][\n]"
23:08:03.290 [pool-2-thread-17] DEBUG org.apache.http.wire -- http-outgoing-185 << "Keep-Alive: timeout=5[\r][\n]"
23:08:03.290 [pool-2-thread-17] DEBUG org.apache.http.wire -- http-outgoing-185 << "[\r][\n]"
23:08:03.290 [pool-2-thread-17] DEBUG org.apache.http.wire -- http-outgoing-185 << "{"access_token":"eyJhbGciOiJIUzI1NiIsInR5cCI6IkpXVCJ9.eyJzdWIiOiI2NTBjZTFlZC1hYWNhLTQzOGYtOTk4OC0xZjA1OGFiNWFhMWEiLCJ1c2VybmFtZSI6ImpvaG5kb2UyNSIsInJvbGUiOjAsImlhdCI6MTc1MDYwODQ4MiwiZXhwIjoxNzUwNjEyMDgyfQ.M9remGduZqltqgliDUQJfIVQHAmze8W9inE85uExoRY","refresh_token":"41460609eb7ab2c4a8d53079dc2a2c429ed87ec74260a7b9a6af4b49c41dcb2a","user":{"id":"650ce1ed-aaca-438f-9988-1f058ab5aa1a","email":"testit3@gmail.com","username":"johndoe25","name":"John Doe","phoneNumber":"0123456713","profilePic":null,"bio":null,"private":false,"verified":false,"role":0,"followersCount":0,"followingCount":0,"postCount":0}}"
23:08:03.290 [pool-2-thread-17] DEBUG org.apache.http.headers -- http-outgoing-185 << HTTP/1.1 200 OK
23:08:03.290 [pool-2-thread-17] DEBUG org.apache.http.headers -- http-outgoing-185 << X-Powered-By: Express
23:08:03.290 [pool-2-thread-17] DEBUG org.apache.http.headers -- http-outgoing-185 << Access-Control-Allow-Origin: *
23:08:03.290 [pool-2-thread-17] DEBUG org.apache.http.headers -- http-outgoing-185 << Content-Type: application/json; charset=utf-8
23:08:03.290 [pool-2-thread-17] DEBUG org.apache.http.headers -- http-outgoing-185 << Content-Length: 605
23:08:03.290 [pool-2-thread-17] DEBUG org.apache.http.headers -- http-outgoing-185 << ETag: W/"25d-ho6abnZyl7oCGt7b0uEcDJwaxwQ"
23:08:03.290 [pool-2-thread-17] DEBUG org.apache.http.headers -- http-outgoing-185 << Date: Sun, 22 Jun 2025 16:08:03 GMT
23:08:03.290 [pool-2-thread-17] DEBUG org.apache.http.headers -- http-outgoing-185 << Connection: keep-alive
23:08:03.290 [pool-2-thread-17] DEBUG org.apache.http.headers -- http-outgoing-185 << Keep-Alive: timeout=5
23:08:03.290 [pool-2-thread-17] DEBUG org.apache.http.impl.execchain.MainClientExec -- Connection can be kept alive for 5000 MILLISECONDS
23:08:03.291 [pool-2-thread-17] DEBUG org.apache.http.impl.conn.PoolingHttpClientConnectionManager -- Connection [id: 185][route: {}->http://localhost:3000] can be kept alive for 5.0 seconds
23:08:03.291 [pool-2-thread-17] DEBUG org.apache.http.impl.conn.DefaultManagedHttpClientConnection -- http-outgoing-185: set socket timeout to 0
23:08:03.291 [pool-2-thread-17] DEBUG org.apache.http.impl.conn.PoolingHttpClientConnectionManager -- Connection released: [id: 185][route: {}->http://localhost:3000][total available: 1; route allocated: 1 of 5; total allocated: 1 of 10]
23:08:03.291 [pool-2-thread-17] DEBUG org.apache.http.impl.conn.PoolingHttpClientConnectionManager -- Connection manager is shutting down
23:08:03.291 [pool-2-thread-17] DEBUG org.apache.http.impl.conn.DefaultManagedHttpClientConnection -- http-outgoing-185: Close connection
23:08:03.291 [pool-2-thread-17] DEBUG org.apache.http.impl.conn.PoolingHttpClientConnectionManager -- Connection manager shut down
23:08:03.291 [pool-2-thread-17] DEBUG com.intuit.karate -- response time in milliseconds: 1960
6 < 200
6 < X-Powered-By: Express
6 < Access-Control-Allow-Origin: *
6 < Content-Type: application/json; charset=utf-8
6 < Content-Length: 605
6 < ETag: W/"25d-ho6abnZyl7oCGt7b0uEcDJwaxwQ"
6 < Date: Sun, 22 Jun 2025 16:08:03 GMT
6 < Connection: keep-alive
6 < Keep-Alive: timeout=5
{"access_token":"eyJhbGciOiJIUzI1NiIsInR5cCI6IkpXVCJ9.eyJzdWIiOiI2NTBjZTFlZC1hYWNhLTQzOGYtOTk4OC0xZjA1OGFiNWFhMWEiLCJ1c2VybmFtZSI6ImpvaG5kb2UyNSIsInJvbGUiOjAsImlhdCI6MTc1MDYwODQ4MiwiZXhwIjoxNzUwNjEyMDgyfQ.M9remGduZqltqgliDUQJfIVQHAmze8W9inE85uExoRY","refresh_token":"41460609eb7ab2c4a8d53079dc2a2c429ed87ec74260a7b9a6af4b49c41dcb2a","user":{"id":"650ce1ed-aaca-438f-9988-1f058ab5aa1a","email":"testit3@gmail.com","username":"johndoe25","name":"John Doe","phoneNumber":"0123456713","profilePic":null,"bio":null,"private":false,"verified":false,"role":0,"followersCount":0,"followingCount":0,"postCount":0}}

23:08:03.291 [pool-2-thread-17] INFO com.intuit.karate -- [print] Call 6 completed, status: 200 
23:08:03.292 [pool-2-thread-17] INFO com.intuit.karate -- [print] *** API CALL 7 *** 
23:08:03.293 [pool-2-thread-17] DEBUG org.apache.http.client.protocol.RequestAddCookies -- CookieSpec selected: karate
23:08:03.293 [pool-2-thread-17] DEBUG org.apache.http.client.protocol.RequestAuthCache -- Auth cache not set in the context
23:08:03.293 [pool-2-thread-17] DEBUG com.intuit.karate -- request:
7 > POST http://localhost:3000/auth/login
7 > Content-Type: application/json; charset=UTF-8
7 > Content-Length: 54
7 > Host: localhost:3000
7 > Connection: Keep-Alive
7 > User-Agent: Apache-HttpClient/4.5.14 (Java/17.0.9)
7 > Accept-Encoding: gzip,deflate
{"email":"testit3@gmail.com","password":"Password123"}

23:08:03.293 [pool-2-thread-17] DEBUG org.apache.http.impl.conn.PoolingHttpClientConnectionManager -- Connection request: [route: {}->http://localhost:3000][total available: 0; route allocated: 0 of 5; total allocated: 0 of 10]
23:08:03.293 [pool-2-thread-17] DEBUG org.apache.http.impl.conn.PoolingHttpClientConnectionManager -- Connection leased: [id: 203][route: {}->http://localhost:3000][total available: 0; route allocated: 1 of 5; total allocated: 1 of 10]
23:08:03.293 [pool-2-thread-17] DEBUG org.apache.http.impl.execchain.MainClientExec -- Opening connection {}->http://localhost:3000
23:08:03.293 [pool-2-thread-17] DEBUG org.apache.http.impl.conn.DefaultHttpClientConnectionOperator -- Connecting to localhost/127.0.0.1:3000
23:08:03.294 [pool-2-thread-17] DEBUG org.apache.http.impl.conn.DefaultHttpClientConnectionOperator -- Connection established 127.0.0.1:52871<->127.0.0.1:3000
23:08:03.294 [pool-2-thread-17] DEBUG org.apache.http.impl.conn.DefaultManagedHttpClientConnection -- http-outgoing-203: set socket timeout to 30000
23:08:03.294 [pool-2-thread-17] DEBUG org.apache.http.impl.execchain.MainClientExec -- Executing request POST /auth/login HTTP/1.1
23:08:03.294 [pool-2-thread-17] DEBUG org.apache.http.impl.execchain.MainClientExec -- Target auth state: UNCHALLENGED
23:08:03.294 [pool-2-thread-17] DEBUG org.apache.http.impl.execchain.MainClientExec -- Proxy auth state: UNCHALLENGED
23:08:03.294 [pool-2-thread-17] DEBUG org.apache.http.headers -- http-outgoing-203 >> POST /auth/login HTTP/1.1
23:08:03.294 [pool-2-thread-17] DEBUG org.apache.http.headers -- http-outgoing-203 >> Content-Type: application/json; charset=UTF-8
23:08:03.294 [pool-2-thread-17] DEBUG org.apache.http.headers -- http-outgoing-203 >> Content-Length: 54
23:08:03.294 [pool-2-thread-17] DEBUG org.apache.http.headers -- http-outgoing-203 >> Host: localhost:3000
23:08:03.294 [pool-2-thread-17] DEBUG org.apache.http.headers -- http-outgoing-203 >> Connection: Keep-Alive
23:08:03.294 [pool-2-thread-17] DEBUG org.apache.http.headers -- http-outgoing-203 >> User-Agent: Apache-HttpClient/4.5.14 (Java/17.0.9)
23:08:03.294 [pool-2-thread-17] DEBUG org.apache.http.headers -- http-outgoing-203 >> Accept-Encoding: gzip,deflate
23:08:03.294 [pool-2-thread-17] DEBUG org.apache.http.wire -- http-outgoing-203 >> "POST /auth/login HTTP/1.1[\r][\n]"
23:08:03.294 [pool-2-thread-17] DEBUG org.apache.http.wire -- http-outgoing-203 >> "Content-Type: application/json; charset=UTF-8[\r][\n]"
23:08:03.294 [pool-2-thread-17] DEBUG org.apache.http.wire -- http-outgoing-203 >> "Content-Length: 54[\r][\n]"
23:08:03.294 [pool-2-thread-17] DEBUG org.apache.http.wire -- http-outgoing-203 >> "Host: localhost:3000[\r][\n]"
23:08:03.294 [pool-2-thread-17] DEBUG org.apache.http.wire -- http-outgoing-203 >> "Connection: Keep-Alive[\r][\n]"
23:08:03.294 [pool-2-thread-17] DEBUG org.apache.http.wire -- http-outgoing-203 >> "User-Agent: Apache-HttpClient/4.5.14 (Java/17.0.9)[\r][\n]"
23:08:03.294 [pool-2-thread-17] DEBUG org.apache.http.wire -- http-outgoing-203 >> "Accept-Encoding: gzip,deflate[\r][\n]"
23:08:03.294 [pool-2-thread-17] DEBUG org.apache.http.wire -- http-outgoing-203 >> "[\r][\n]"
23:08:03.294 [pool-2-thread-17] DEBUG org.apache.http.wire -- http-outgoing-203 >> "{"email":"testit3@gmail.com","password":"Password123"}"
23:08:03.325 [pool-2-thread-25] DEBUG org.apache.http.wire -- http-outgoing-179 << "HTTP/1.1 200 OK[\r][\n]"
23:08:03.326 [pool-2-thread-25] DEBUG org.apache.http.wire -- http-outgoing-179 << "X-Powered-By: Express[\r][\n]"
23:08:03.326 [pool-2-thread-25] DEBUG org.apache.http.wire -- http-outgoing-179 << "Access-Control-Allow-Origin: *[\r][\n]"
23:08:03.326 [pool-2-thread-25] DEBUG org.apache.http.wire -- http-outgoing-179 << "Content-Type: application/json; charset=utf-8[\r][\n]"
23:08:03.326 [pool-2-thread-25] DEBUG org.apache.http.wire -- http-outgoing-179 << "Content-Length: 607[\r][\n]"
23:08:03.326 [pool-2-thread-25] DEBUG org.apache.http.wire -- http-outgoing-179 << "ETag: W/"25f-6G2pvTzmE9ea7H+DdqF17s646nw"[\r][\n]"
23:08:03.326 [pool-2-thread-25] DEBUG org.apache.http.wire -- http-outgoing-179 << "Date: Sun, 22 Jun 2025 16:08:03 GMT[\r][\n]"
23:08:03.326 [pool-2-thread-25] DEBUG org.apache.http.wire -- http-outgoing-179 << "Connection: keep-alive[\r][\n]"
23:08:03.326 [pool-2-thread-25] DEBUG org.apache.http.wire -- http-outgoing-179 << "Keep-Alive: timeout=5[\r][\n]"
23:08:03.326 [pool-2-thread-25] DEBUG org.apache.http.wire -- http-outgoing-179 << "[\r][\n]"
23:08:03.326 [pool-2-thread-25] DEBUG org.apache.http.wire -- http-outgoing-179 << "{"access_token":"eyJhbGciOiJIUzI1NiIsInR5cCI6IkpXVCJ9.eyJzdWIiOiJjMjE0MjJkZi1jY2VjLTQ0MGUtOWE0Mi1jMWI4MmFiZjczM2QiLCJ1c2VybmFtZSI6ImpvaG5kb2UyOCIsInJvbGUiOjAsImlhdCI6MTc1MDYwODQ4MywiZXhwIjoxNzUwNjEyMDgzfQ.iqquAu52sFkYWa9MQIZYrUc05MJsjiPxn79-OeAYFoA","refresh_token":"1b588d0537a8e9850fa0dd5684a1399f8ef122ee32225621436fa2d7e4578512","user":{"id":"c21422df-ccec-440e-9a42-c1b82abf733d","email":"test28@example.com","username":"johndoe28","name":"John Doe","phoneNumber":"84987654321","profilePic":null,"bio":null,"private":false,"verified":false,"role":0,"followersCount":0,"followingCount":0,"postCount":0}}"
23:08:03.326 [pool-2-thread-25] DEBUG org.apache.http.headers -- http-outgoing-179 << HTTP/1.1 200 OK
23:08:03.326 [pool-2-thread-25] DEBUG org.apache.http.headers -- http-outgoing-179 << X-Powered-By: Express
23:08:03.326 [pool-2-thread-25] DEBUG org.apache.http.headers -- http-outgoing-179 << Access-Control-Allow-Origin: *
23:08:03.326 [pool-2-thread-25] DEBUG org.apache.http.headers -- http-outgoing-179 << Content-Type: application/json; charset=utf-8
23:08:03.326 [pool-2-thread-25] DEBUG org.apache.http.headers -- http-outgoing-179 << Content-Length: 607
23:08:03.326 [pool-2-thread-25] DEBUG org.apache.http.headers -- http-outgoing-179 << ETag: W/"25f-6G2pvTzmE9ea7H+DdqF17s646nw"
23:08:03.326 [pool-2-thread-25] DEBUG org.apache.http.headers -- http-outgoing-179 << Date: Sun, 22 Jun 2025 16:08:03 GMT
23:08:03.326 [pool-2-thread-25] DEBUG org.apache.http.headers -- http-outgoing-179 << Connection: keep-alive
23:08:03.326 [pool-2-thread-25] DEBUG org.apache.http.headers -- http-outgoing-179 << Keep-Alive: timeout=5
23:08:03.326 [pool-2-thread-25] DEBUG org.apache.http.impl.execchain.MainClientExec -- Connection can be kept alive for 5000 MILLISECONDS
23:08:03.326 [pool-2-thread-25] DEBUG org.apache.http.impl.conn.PoolingHttpClientConnectionManager -- Connection [id: 179][route: {}->http://localhost:3000] can be kept alive for 5.0 seconds
23:08:03.326 [pool-2-thread-25] DEBUG org.apache.http.impl.conn.DefaultManagedHttpClientConnection -- http-outgoing-179: set socket timeout to 0
23:08:03.326 [pool-2-thread-25] DEBUG org.apache.http.impl.conn.PoolingHttpClientConnectionManager -- Connection released: [id: 179][route: {}->http://localhost:3000][total available: 1; route allocated: 1 of 5; total allocated: 1 of 10]
23:08:03.326 [pool-2-thread-25] DEBUG org.apache.http.impl.conn.PoolingHttpClientConnectionManager -- Connection manager is shutting down
23:08:03.326 [pool-2-thread-25] DEBUG org.apache.http.impl.conn.DefaultManagedHttpClientConnection -- http-outgoing-179: Close connection
23:08:03.326 [pool-2-thread-25] DEBUG org.apache.http.impl.conn.PoolingHttpClientConnectionManager -- Connection manager shut down
23:08:03.326 [pool-2-thread-25] DEBUG com.intuit.karate -- response time in milliseconds: 2899
9 < 200
9 < X-Powered-By: Express
9 < Access-Control-Allow-Origin: *
9 < Content-Type: application/json; charset=utf-8
9 < Content-Length: 607
9 < ETag: W/"25f-6G2pvTzmE9ea7H+DdqF17s646nw"
9 < Date: Sun, 22 Jun 2025 16:08:03 GMT
9 < Connection: keep-alive
9 < Keep-Alive: timeout=5
{"access_token":"eyJhbGciOiJIUzI1NiIsInR5cCI6IkpXVCJ9.eyJzdWIiOiJjMjE0MjJkZi1jY2VjLTQ0MGUtOWE0Mi1jMWI4MmFiZjczM2QiLCJ1c2VybmFtZSI6ImpvaG5kb2UyOCIsInJvbGUiOjAsImlhdCI6MTc1MDYwODQ4MywiZXhwIjoxNzUwNjEyMDgzfQ.iqquAu52sFkYWa9MQIZYrUc05MJsjiPxn79-OeAYFoA","refresh_token":"1b588d0537a8e9850fa0dd5684a1399f8ef122ee32225621436fa2d7e4578512","user":{"id":"c21422df-ccec-440e-9a42-c1b82abf733d","email":"test28@example.com","username":"johndoe28","name":"John Doe","phoneNumber":"84987654321","profilePic":null,"bio":null,"private":false,"verified":false,"role":0,"followersCount":0,"followingCount":0,"postCount":0}}

23:08:03.328 [pool-2-thread-25] INFO com.intuit.karate -- [print] Call 9 completed, status: 200 
23:08:03.329 [pool-2-thread-25] INFO com.intuit.karate -- [print] *** API CALL 10 *** 
23:08:03.330 [pool-2-thread-25] DEBUG org.apache.http.client.protocol.RequestAddCookies -- CookieSpec selected: karate
23:08:03.330 [pool-2-thread-25] DEBUG org.apache.http.client.protocol.RequestAuthCache -- Auth cache not set in the context
23:08:03.330 [pool-2-thread-25] DEBUG com.intuit.karate -- request:
10 > POST http://localhost:3000/auth/login
10 > Content-Type: application/json; charset=UTF-8
10 > Content-Length: 55
10 > Host: localhost:3000
10 > Connection: Keep-Alive
10 > User-Agent: Apache-HttpClient/4.5.14 (Java/17.0.9)
10 > Accept-Encoding: gzip,deflate
{"email":"test28@example.com","password":"Password123"}

23:08:03.330 [pool-2-thread-25] DEBUG org.apache.http.impl.conn.PoolingHttpClientConnectionManager -- Connection request: [route: {}->http://localhost:3000][total available: 0; route allocated: 0 of 5; total allocated: 0 of 10]
23:08:03.330 [pool-2-thread-25] DEBUG org.apache.http.impl.conn.PoolingHttpClientConnectionManager -- Connection leased: [id: 204][route: {}->http://localhost:3000][total available: 0; route allocated: 1 of 5; total allocated: 1 of 10]
23:08:03.330 [pool-2-thread-25] DEBUG org.apache.http.impl.execchain.MainClientExec -- Opening connection {}->http://localhost:3000
23:08:03.330 [pool-2-thread-25] DEBUG org.apache.http.impl.conn.DefaultHttpClientConnectionOperator -- Connecting to localhost/127.0.0.1:3000
23:08:03.331 [pool-2-thread-25] DEBUG org.apache.http.impl.conn.DefaultHttpClientConnectionOperator -- Connection established 127.0.0.1:52872<->127.0.0.1:3000
23:08:03.331 [pool-2-thread-25] DEBUG org.apache.http.impl.conn.DefaultManagedHttpClientConnection -- http-outgoing-204: set socket timeout to 30000
23:08:03.331 [pool-2-thread-25] DEBUG org.apache.http.impl.execchain.MainClientExec -- Executing request POST /auth/login HTTP/1.1
23:08:03.331 [pool-2-thread-25] DEBUG org.apache.http.impl.execchain.MainClientExec -- Target auth state: UNCHALLENGED
23:08:03.331 [pool-2-thread-25] DEBUG org.apache.http.impl.execchain.MainClientExec -- Proxy auth state: UNCHALLENGED
23:08:03.331 [pool-2-thread-25] DEBUG org.apache.http.headers -- http-outgoing-204 >> POST /auth/login HTTP/1.1
23:08:03.331 [pool-2-thread-25] DEBUG org.apache.http.headers -- http-outgoing-204 >> Content-Type: application/json; charset=UTF-8
23:08:03.331 [pool-2-thread-25] DEBUG org.apache.http.headers -- http-outgoing-204 >> Content-Length: 55
23:08:03.331 [pool-2-thread-25] DEBUG org.apache.http.headers -- http-outgoing-204 >> Host: localhost:3000
23:08:03.331 [pool-2-thread-25] DEBUG org.apache.http.headers -- http-outgoing-204 >> Connection: Keep-Alive
23:08:03.331 [pool-2-thread-25] DEBUG org.apache.http.headers -- http-outgoing-204 >> User-Agent: Apache-HttpClient/4.5.14 (Java/17.0.9)
23:08:03.331 [pool-2-thread-25] DEBUG org.apache.http.headers -- http-outgoing-204 >> Accept-Encoding: gzip,deflate
23:08:03.331 [pool-2-thread-25] DEBUG org.apache.http.wire -- http-outgoing-204 >> "POST /auth/login HTTP/1.1[\r][\n]"
23:08:03.331 [pool-2-thread-25] DEBUG org.apache.http.wire -- http-outgoing-204 >> "Content-Type: application/json; charset=UTF-8[\r][\n]"
23:08:03.331 [pool-2-thread-25] DEBUG org.apache.http.wire -- http-outgoing-204 >> "Content-Length: 55[\r][\n]"
23:08:03.331 [pool-2-thread-25] DEBUG org.apache.http.wire -- http-outgoing-204 >> "Host: localhost:3000[\r][\n]"
23:08:03.331 [pool-2-thread-25] DEBUG org.apache.http.wire -- http-outgoing-204 >> "Connection: Keep-Alive[\r][\n]"
23:08:03.331 [pool-2-thread-25] DEBUG org.apache.http.wire -- http-outgoing-204 >> "User-Agent: Apache-HttpClient/4.5.14 (Java/17.0.9)[\r][\n]"
23:08:03.331 [pool-2-thread-25] DEBUG org.apache.http.wire -- http-outgoing-204 >> "Accept-Encoding: gzip,deflate[\r][\n]"
23:08:03.331 [pool-2-thread-25] DEBUG org.apache.http.wire -- http-outgoing-204 >> "[\r][\n]"
23:08:03.331 [pool-2-thread-25] DEBUG org.apache.http.wire -- http-outgoing-204 >> "{"email":"test28@example.com","password":"Password123"}"
23:08:03.333 [pool-2-thread-4] DEBUG org.apache.http.wire -- http-outgoing-178 << "HTTP/1.1 200 OK[\r][\n]"
23:08:03.333 [pool-2-thread-4] DEBUG org.apache.http.wire -- http-outgoing-178 << "X-Powered-By: Express[\r][\n]"
23:08:03.333 [pool-2-thread-4] DEBUG org.apache.http.wire -- http-outgoing-178 << "Access-Control-Allow-Origin: *[\r][\n]"
23:08:03.333 [pool-2-thread-4] DEBUG org.apache.http.wire -- http-outgoing-178 << "Content-Type: application/json; charset=utf-8[\r][\n]"
23:08:03.333 [pool-2-thread-4] DEBUG org.apache.http.wire -- http-outgoing-178 << "Content-Length: 608[\r][\n]"
23:08:03.333 [pool-2-thread-4] DEBUG org.apache.http.wire -- http-outgoing-178 << "ETag: W/"260-29T3+ZxbAM8VXJ8EBXeQptzOS7A"[\r][\n]"
23:08:03.333 [pool-2-thread-4] DEBUG org.apache.http.wire -- http-outgoing-178 << "Date: Sun, 22 Jun 2025 16:08:03 GMT[\r][\n]"
23:08:03.333 [pool-2-thread-4] DEBUG org.apache.http.wire -- http-outgoing-178 << "Connection: keep-alive[\r][\n]"
23:08:03.333 [pool-2-thread-4] DEBUG org.apache.http.wire -- http-outgoing-178 << "Keep-Alive: timeout=5[\r][\n]"
23:08:03.333 [pool-2-thread-4] DEBUG org.apache.http.wire -- http-outgoing-178 << "[\r][\n]"
23:08:03.333 [pool-2-thread-4] DEBUG org.apache.http.wire -- http-outgoing-178 << "{"access_token":"eyJhbGciOiJIUzI1NiIsInR5cCI6IkpXVCJ9.eyJzdWIiOiI4YTI0NzQ2MS01YzA0LTQyMWQtOThmNS1mYTljNzM0ZmFlYTUiLCJ1c2VybmFtZSI6ImphbmVzbWl0aCIsInJvbGUiOjAsImlhdCI6MTc1MDYwODQ4MywiZXhwIjoxNzUwNjEyMDgzfQ.q2tH5kVngaqMcBbkrtjoYOBJsy6ONcOE4tkqjxgE07A","refresh_token":"1eb7b15f12d0d987354ed83bb51dcd24362d434fee4a77894c8a108fb08f2ac4","user":{"id":"8a247461-5c04-421d-98f5-fa9c734faea5","email":"test2@example.com","username":"janesmith","name":"Jane Smith","phoneNumber":"01234567890","profilePic":null,"bio":null,"private":false,"verified":false,"role":0,"followersCount":0,"followingCount":0,"postCount":0}}"
23:08:03.334 [pool-2-thread-4] DEBUG org.apache.http.headers -- http-outgoing-178 << HTTP/1.1 200 OK
23:08:03.334 [pool-2-thread-4] DEBUG org.apache.http.headers -- http-outgoing-178 << X-Powered-By: Express
23:08:03.334 [pool-2-thread-4] DEBUG org.apache.http.headers -- http-outgoing-178 << Access-Control-Allow-Origin: *
23:08:03.334 [pool-2-thread-4] DEBUG org.apache.http.headers -- http-outgoing-178 << Content-Type: application/json; charset=utf-8
23:08:03.334 [pool-2-thread-4] DEBUG org.apache.http.headers -- http-outgoing-178 << Content-Length: 608
23:08:03.334 [pool-2-thread-4] DEBUG org.apache.http.headers -- http-outgoing-178 << ETag: W/"260-29T3+ZxbAM8VXJ8EBXeQptzOS7A"
23:08:03.334 [pool-2-thread-4] DEBUG org.apache.http.headers -- http-outgoing-178 << Date: Sun, 22 Jun 2025 16:08:03 GMT
23:08:03.334 [pool-2-thread-4] DEBUG org.apache.http.headers -- http-outgoing-178 << Connection: keep-alive
23:08:03.334 [pool-2-thread-4] DEBUG org.apache.http.headers -- http-outgoing-178 << Keep-Alive: timeout=5
23:08:03.334 [pool-2-thread-4] DEBUG org.apache.http.impl.execchain.MainClientExec -- Connection can be kept alive for 5000 MILLISECONDS
23:08:03.334 [pool-2-thread-4] DEBUG org.apache.http.impl.conn.PoolingHttpClientConnectionManager -- Connection [id: 177][route: {}->http://localhost:3000] can be kept alive for 5.0 seconds
23:08:03.334 [pool-2-thread-4] DEBUG org.apache.http.impl.conn.DefaultManagedHttpClientConnection -- http-outgoing-178: set socket timeout to 0
23:08:03.334 [pool-2-thread-4] DEBUG org.apache.http.impl.conn.PoolingHttpClientConnectionManager -- Connection released: [id: 177][route: {}->http://localhost:3000][total available: 1; route allocated: 1 of 5; total allocated: 1 of 10]
23:08:03.334 [pool-2-thread-4] DEBUG org.apache.http.impl.conn.PoolingHttpClientConnectionManager -- Connection manager is shutting down
23:08:03.334 [pool-2-thread-4] DEBUG org.apache.http.impl.conn.DefaultManagedHttpClientConnection -- http-outgoing-178: Close connection
23:08:03.334 [pool-2-thread-4] DEBUG org.apache.http.impl.conn.PoolingHttpClientConnectionManager -- Connection manager shut down
23:08:03.334 [pool-2-thread-4] DEBUG com.intuit.karate -- response time in milliseconds: 2924
8 < 200
8 < X-Powered-By: Express
8 < Access-Control-Allow-Origin: *
8 < Content-Type: application/json; charset=utf-8
8 < Content-Length: 608
8 < ETag: W/"260-29T3+ZxbAM8VXJ8EBXeQptzOS7A"
8 < Date: Sun, 22 Jun 2025 16:08:03 GMT
8 < Connection: keep-alive
8 < Keep-Alive: timeout=5
{"access_token":"eyJhbGciOiJIUzI1NiIsInR5cCI6IkpXVCJ9.eyJzdWIiOiI4YTI0NzQ2MS01YzA0LTQyMWQtOThmNS1mYTljNzM0ZmFlYTUiLCJ1c2VybmFtZSI6ImphbmVzbWl0aCIsInJvbGUiOjAsImlhdCI6MTc1MDYwODQ4MywiZXhwIjoxNzUwNjEyMDgzfQ.q2tH5kVngaqMcBbkrtjoYOBJsy6ONcOE4tkqjxgE07A","refresh_token":"1eb7b15f12d0d987354ed83bb51dcd24362d434fee4a77894c8a108fb08f2ac4","user":{"id":"8a247461-5c04-421d-98f5-fa9c734faea5","email":"test2@example.com","username":"janesmith","name":"Jane Smith","phoneNumber":"01234567890","profilePic":null,"bio":null,"private":false,"verified":false,"role":0,"followersCount":0,"followingCount":0,"postCount":0}}

23:08:03.335 [pool-2-thread-4] INFO com.intuit.karate -- [print] Call 8 completed, status: 200 
23:08:03.336 [pool-2-thread-4] INFO com.intuit.karate -- [print] *** API CALL 9 *** 
23:08:03.336 [pool-2-thread-4] DEBUG org.apache.http.client.protocol.RequestAddCookies -- CookieSpec selected: karate
23:08:03.336 [pool-2-thread-4] DEBUG org.apache.http.client.protocol.RequestAuthCache -- Auth cache not set in the context
23:08:03.336 [pool-2-thread-4] DEBUG com.intuit.karate -- request:
9 > POST http://localhost:3000/auth/login
9 > Content-Type: application/json; charset=UTF-8
9 > Content-Length: 54
9 > Host: localhost:3000
9 > Connection: Keep-Alive
9 > User-Agent: Apache-HttpClient/4.5.14 (Java/17.0.9)
9 > Accept-Encoding: gzip,deflate
{"email":"test2@example.com","password":"Password123"}

23:08:03.336 [pool-2-thread-4] DEBUG org.apache.http.impl.conn.PoolingHttpClientConnectionManager -- Connection request: [route: {}->http://localhost:3000][total available: 0; route allocated: 0 of 5; total allocated: 0 of 10]
23:08:03.336 [pool-2-thread-4] DEBUG org.apache.http.impl.conn.PoolingHttpClientConnectionManager -- Connection leased: [id: 205][route: {}->http://localhost:3000][total available: 0; route allocated: 1 of 5; total allocated: 1 of 10]
23:08:03.336 [pool-2-thread-4] DEBUG org.apache.http.impl.execchain.MainClientExec -- Opening connection {}->http://localhost:3000
23:08:03.338 [pool-2-thread-4] DEBUG org.apache.http.impl.conn.DefaultHttpClientConnectionOperator -- Connecting to localhost/127.0.0.1:3000
23:08:03.338 [pool-2-thread-4] DEBUG org.apache.http.impl.conn.DefaultHttpClientConnectionOperator -- Connection established 127.0.0.1:52873<->127.0.0.1:3000
23:08:03.338 [pool-2-thread-4] DEBUG org.apache.http.impl.conn.DefaultManagedHttpClientConnection -- http-outgoing-205: set socket timeout to 30000
23:08:03.338 [pool-2-thread-4] DEBUG org.apache.http.impl.execchain.MainClientExec -- Executing request POST /auth/login HTTP/1.1
23:08:03.338 [pool-2-thread-4] DEBUG org.apache.http.impl.execchain.MainClientExec -- Target auth state: UNCHALLENGED
23:08:03.338 [pool-2-thread-4] DEBUG org.apache.http.impl.execchain.MainClientExec -- Proxy auth state: UNCHALLENGED
23:08:03.338 [pool-2-thread-4] DEBUG org.apache.http.headers -- http-outgoing-205 >> POST /auth/login HTTP/1.1
23:08:03.338 [pool-2-thread-4] DEBUG org.apache.http.headers -- http-outgoing-205 >> Content-Type: application/json; charset=UTF-8
23:08:03.338 [pool-2-thread-4] DEBUG org.apache.http.headers -- http-outgoing-205 >> Content-Length: 54
23:08:03.338 [pool-2-thread-4] DEBUG org.apache.http.headers -- http-outgoing-205 >> Host: localhost:3000
23:08:03.338 [pool-2-thread-4] DEBUG org.apache.http.headers -- http-outgoing-205 >> Connection: Keep-Alive
23:08:03.338 [pool-2-thread-4] DEBUG org.apache.http.headers -- http-outgoing-205 >> User-Agent: Apache-HttpClient/4.5.14 (Java/17.0.9)
23:08:03.338 [pool-2-thread-4] DEBUG org.apache.http.headers -- http-outgoing-205 >> Accept-Encoding: gzip,deflate
23:08:03.339 [pool-2-thread-4] DEBUG org.apache.http.wire -- http-outgoing-205 >> "POST /auth/login HTTP/1.1[\r][\n]"
23:08:03.339 [pool-2-thread-4] DEBUG org.apache.http.wire -- http-outgoing-205 >> "Content-Type: application/json; charset=UTF-8[\r][\n]"
23:08:03.339 [pool-2-thread-4] DEBUG org.apache.http.wire -- http-outgoing-205 >> "Content-Length: 54[\r][\n]"
23:08:03.339 [pool-2-thread-4] DEBUG org.apache.http.wire -- http-outgoing-205 >> "Host: localhost:3000[\r][\n]"
23:08:03.339 [pool-2-thread-4] DEBUG org.apache.http.wire -- http-outgoing-205 >> "Connection: Keep-Alive[\r][\n]"
23:08:03.339 [pool-2-thread-4] DEBUG org.apache.http.wire -- http-outgoing-205 >> "User-Agent: Apache-HttpClient/4.5.14 (Java/17.0.9)[\r][\n]"
23:08:03.339 [pool-2-thread-4] DEBUG org.apache.http.wire -- http-outgoing-205 >> "Accept-Encoding: gzip,deflate[\r][\n]"
23:08:03.339 [pool-2-thread-4] DEBUG org.apache.http.wire -- http-outgoing-205 >> "[\r][\n]"
23:08:03.339 [pool-2-thread-4] DEBUG org.apache.http.wire -- http-outgoing-205 >> "{"email":"test2@example.com","password":"Password123"}"
23:08:03.342 [pool-2-thread-21] DEBUG org.apache.http.wire -- http-outgoing-187 << "HTTP/1.1 200 OK[\r][\n]"
23:08:03.342 [pool-2-thread-21] DEBUG org.apache.http.wire -- http-outgoing-187 << "X-Powered-By: Express[\r][\n]"
23:08:03.342 [pool-2-thread-21] DEBUG org.apache.http.wire -- http-outgoing-187 << "Access-Control-Allow-Origin: *[\r][\n]"
23:08:03.342 [pool-2-thread-21] DEBUG org.apache.http.wire -- http-outgoing-187 << "Content-Type: application/json; charset=utf-8[\r][\n]"
23:08:03.342 [pool-2-thread-21] DEBUG org.apache.http.wire -- http-outgoing-187 << "Content-Length: 708[\r][\n]"
23:08:03.342 [pool-2-thread-21] DEBUG org.apache.http.wire -- http-outgoing-187 << "ETag: W/"2c4-1LHpHywHr7zFoZJ8Vvflh6GYNFs"[\r][\n]"
23:08:03.342 [pool-2-thread-21] DEBUG org.apache.http.wire -- http-outgoing-187 << "Date: Sun, 22 Jun 2025 16:08:03 GMT[\r][\n]"
23:08:03.342 [pool-2-thread-21] DEBUG org.apache.http.wire -- http-outgoing-187 << "Connection: keep-alive[\r][\n]"
23:08:03.342 [pool-2-thread-21] DEBUG org.apache.http.wire -- http-outgoing-187 << "Keep-Alive: timeout=5[\r][\n]"
23:08:03.342 [pool-2-thread-21] DEBUG org.apache.http.wire -- http-outgoing-187 << "[\r][\n]"
23:08:03.342 [pool-2-thread-21] DEBUG org.apache.http.wire -- http-outgoing-187 << "{"access_token":"eyJhbGciOiJIUzI1NiIsInR5cCI6IkpXVCJ9.eyJzdWIiOiIwODUxNWIwNS0yZDNlLTQ3ODktYWQ2MC1kYjM1NTI1YTQ5NzAiLCJ1c2VybmFtZSI6Im5hbSIsInJvbGUiOjAsImlhdCI6MTc1MDYwODQ4MywiZXhwIjoxNzUwNjEyMDgzfQ.RjGZ40sT_63ShpXcfeLEKId-f-zDeE5Q_LhOolVx3Xs","refresh_token":"cefb2b263ee2f7de40d527780200a0e6310954444986d7c5e872bbf0653c8952","user":{"id":"08515b05-2d3e-4789-ad60-db35525a4970","email":"nam@gmail.com","username":"nam","name":"nam","phoneNumber":"0123456789","profilePic":"https://res.cloudinary.com/dizcvrefo/image/upload/v1749266646/nestjs_uploads/zk9zrpeidnovxibfqdxr.png","bio":"Chu tich hoi dong Quan tri 1","private":false,"verified":false,"role":0,"followersCount":2,"followingCount":2,"postCount":13}}"
23:08:03.342 [pool-2-thread-21] DEBUG org.apache.http.headers -- http-outgoing-187 << HTTP/1.1 200 OK
23:08:03.342 [pool-2-thread-21] DEBUG org.apache.http.headers -- http-outgoing-187 << X-Powered-By: Express
23:08:03.342 [pool-2-thread-21] DEBUG org.apache.http.headers -- http-outgoing-187 << Access-Control-Allow-Origin: *
23:08:03.342 [pool-2-thread-21] DEBUG org.apache.http.headers -- http-outgoing-187 << Content-Type: application/json; charset=utf-8
23:08:03.342 [pool-2-thread-21] DEBUG org.apache.http.headers -- http-outgoing-187 << Content-Length: 708
23:08:03.342 [pool-2-thread-21] DEBUG org.apache.http.headers -- http-outgoing-187 << ETag: W/"2c4-1LHpHywHr7zFoZJ8Vvflh6GYNFs"
23:08:03.342 [pool-2-thread-21] DEBUG org.apache.http.headers -- http-outgoing-187 << Date: Sun, 22 Jun 2025 16:08:03 GMT
23:08:03.342 [pool-2-thread-21] DEBUG org.apache.http.headers -- http-outgoing-187 << Connection: keep-alive
23:08:03.342 [pool-2-thread-21] DEBUG org.apache.http.headers -- http-outgoing-187 << Keep-Alive: timeout=5
23:08:03.342 [pool-2-thread-21] DEBUG org.apache.http.impl.execchain.MainClientExec -- Connection can be kept alive for 5000 MILLISECONDS
23:08:03.342 [pool-2-thread-21] DEBUG org.apache.http.impl.conn.PoolingHttpClientConnectionManager -- Connection [id: 187][route: {}->http://localhost:3000] can be kept alive for 5.0 seconds
23:08:03.342 [pool-2-thread-21] DEBUG org.apache.http.impl.conn.DefaultManagedHttpClientConnection -- http-outgoing-187: set socket timeout to 0
23:08:03.342 [pool-2-thread-21] DEBUG org.apache.http.impl.conn.PoolingHttpClientConnectionManager -- Connection released: [id: 187][route: {}->http://localhost:3000][total available: 1; route allocated: 1 of 5; total allocated: 1 of 10]
23:08:03.342 [pool-2-thread-21] DEBUG org.apache.http.impl.conn.PoolingHttpClientConnectionManager -- Connection manager is shutting down
23:08:03.342 [pool-2-thread-21] DEBUG org.apache.http.impl.conn.DefaultManagedHttpClientConnection -- http-outgoing-187: Close connection
23:08:03.343 [pool-2-thread-21] DEBUG org.apache.http.impl.conn.PoolingHttpClientConnectionManager -- Connection manager shut down
23:08:03.343 [pool-2-thread-21] DEBUG com.intuit.karate -- response time in milliseconds: 1967
9 < 200
9 < X-Powered-By: Express
9 < Access-Control-Allow-Origin: *
9 < Content-Type: application/json; charset=utf-8
9 < Content-Length: 708
9 < ETag: W/"2c4-1LHpHywHr7zFoZJ8Vvflh6GYNFs"
9 < Date: Sun, 22 Jun 2025 16:08:03 GMT
9 < Connection: keep-alive
9 < Keep-Alive: timeout=5
{"access_token":"eyJhbGciOiJIUzI1NiIsInR5cCI6IkpXVCJ9.eyJzdWIiOiIwODUxNWIwNS0yZDNlLTQ3ODktYWQ2MC1kYjM1NTI1YTQ5NzAiLCJ1c2VybmFtZSI6Im5hbSIsInJvbGUiOjAsImlhdCI6MTc1MDYwODQ4MywiZXhwIjoxNzUwNjEyMDgzfQ.RjGZ40sT_63ShpXcfeLEKId-f-zDeE5Q_LhOolVx3Xs","refresh_token":"cefb2b263ee2f7de40d527780200a0e6310954444986d7c5e872bbf0653c8952","user":{"id":"08515b05-2d3e-4789-ad60-db35525a4970","email":"nam@gmail.com","username":"nam","name":"nam","phoneNumber":"0123456789","profilePic":"https://res.cloudinary.com/dizcvrefo/image/upload/v1749266646/nestjs_uploads/zk9zrpeidnovxibfqdxr.png","bio":"Chu tich hoi dong Quan tri 1","private":false,"verified":false,"role":0,"followersCount":2,"followingCount":2,"postCount":13}}

23:08:03.344 [pool-2-thread-21] INFO com.intuit.karate -- [print] Call 9 completed, status: 200 
23:08:03.344 [pool-2-thread-20] DEBUG org.apache.http.wire -- http-outgoing-180 << "HTTP/1.1 200 OK[\r][\n]"
23:08:03.344 [pool-2-thread-20] DEBUG org.apache.http.wire -- http-outgoing-180 << "X-Powered-By: Express[\r][\n]"
23:08:03.344 [pool-2-thread-20] DEBUG org.apache.http.wire -- http-outgoing-180 << "Access-Control-Allow-Origin: *[\r][\n]"
23:08:03.344 [pool-2-thread-20] DEBUG org.apache.http.wire -- http-outgoing-180 << "Content-Type: application/json; charset=utf-8[\r][\n]"
23:08:03.344 [pool-2-thread-20] DEBUG org.apache.http.wire -- http-outgoing-180 << "Content-Length: 605[\r][\n]"
23:08:03.344 [pool-2-thread-20] DEBUG org.apache.http.wire -- http-outgoing-180 << "ETag: W/"25d-ME0JTl0TTy6aPb0G2Jz3o0doOZM"[\r][\n]"
23:08:03.344 [pool-2-thread-20] DEBUG org.apache.http.wire -- http-outgoing-180 << "Date: Sun, 22 Jun 2025 16:08:03 GMT[\r][\n]"
23:08:03.344 [pool-2-thread-20] DEBUG org.apache.http.wire -- http-outgoing-180 << "Connection: keep-alive[\r][\n]"
23:08:03.344 [pool-2-thread-20] DEBUG org.apache.http.wire -- http-outgoing-180 << "Keep-Alive: timeout=5[\r][\n]"
23:08:03.344 [pool-2-thread-20] DEBUG org.apache.http.wire -- http-outgoing-180 << "[\r][\n]"
23:08:03.344 [pool-2-thread-20] DEBUG org.apache.http.wire -- http-outgoing-180 << "{"access_token":"eyJhbGciOiJIUzI1NiIsInR5cCI6IkpXVCJ9.eyJzdWIiOiIwYTM3ZWY0My1mZWU4LTQxZDMtYTY4Ni04YWIwODY5NDg2OTUiLCJ1c2VybmFtZSI6ImpvaG5kb2UyMSIsInJvbGUiOjAsImlhdCI6MTc1MDYwODQ4MywiZXhwIjoxNzUwNjEyMDgzfQ.15FWEOSyKA5SLAMzDgWMvlf-kt3bCE1Aa5RSxFn_b6Q","refresh_token":"11b79da064d72e5cc819d9a09be4ee03c7b768d14273278f0e15ef4fabf48bb5","user":{"id":"0a37ef43-fee8-41d3-a686-8ab086948695","email":"testit2@gmail.com","username":"johndoe21","name":"John Doe","phoneNumber":"0123456712","profilePic":null,"bio":null,"private":false,"verified":false,"role":0,"followersCount":0,"followingCount":0,"postCount":0}}"
23:08:03.344 [pool-2-thread-20] DEBUG org.apache.http.headers -- http-outgoing-180 << HTTP/1.1 200 OK
23:08:03.344 [pool-2-thread-20] DEBUG org.apache.http.headers -- http-outgoing-180 << X-Powered-By: Express
23:08:03.344 [pool-2-thread-20] DEBUG org.apache.http.headers -- http-outgoing-180 << Access-Control-Allow-Origin: *
23:08:03.344 [pool-2-thread-20] DEBUG org.apache.http.headers -- http-outgoing-180 << Content-Type: application/json; charset=utf-8
23:08:03.344 [pool-2-thread-20] DEBUG org.apache.http.headers -- http-outgoing-180 << Content-Length: 605
23:08:03.344 [pool-2-thread-20] DEBUG org.apache.http.headers -- http-outgoing-180 << ETag: W/"25d-ME0JTl0TTy6aPb0G2Jz3o0doOZM"
23:08:03.344 [pool-2-thread-20] DEBUG org.apache.http.headers -- http-outgoing-180 << Date: Sun, 22 Jun 2025 16:08:03 GMT
23:08:03.344 [pool-2-thread-20] DEBUG org.apache.http.headers -- http-outgoing-180 << Connection: keep-alive
23:08:03.344 [pool-2-thread-20] DEBUG org.apache.http.headers -- http-outgoing-180 << Keep-Alive: timeout=5
23:08:03.345 [pool-2-thread-20] DEBUG org.apache.http.impl.execchain.MainClientExec -- Connection can be kept alive for 5000 MILLISECONDS
23:08:03.345 [pool-2-thread-21] INFO com.intuit.karate -- [print] *** API CALL 10 *** 
23:08:03.345 [pool-2-thread-20] DEBUG org.apache.http.impl.conn.PoolingHttpClientConnectionManager -- Connection [id: 180][route: {}->http://localhost:3000] can be kept alive for 5.0 seconds
23:08:03.345 [pool-2-thread-20] DEBUG org.apache.http.impl.conn.DefaultManagedHttpClientConnection -- http-outgoing-180: set socket timeout to 0
23:08:03.345 [pool-2-thread-20] DEBUG org.apache.http.impl.conn.PoolingHttpClientConnectionManager -- Connection released: [id: 180][route: {}->http://localhost:3000][total available: 1; route allocated: 1 of 5; total allocated: 1 of 10]
23:08:03.345 [pool-2-thread-20] DEBUG org.apache.http.impl.conn.PoolingHttpClientConnectionManager -- Connection manager is shutting down
23:08:03.345 [pool-2-thread-20] DEBUG org.apache.http.impl.conn.DefaultManagedHttpClientConnection -- http-outgoing-180: Close connection
23:08:03.345 [pool-2-thread-20] DEBUG org.apache.http.impl.conn.PoolingHttpClientConnectionManager -- Connection manager shut down
23:08:03.345 [pool-2-thread-20] DEBUG com.intuit.karate -- response time in milliseconds: 2901
7 < 200
7 < X-Powered-By: Express
7 < Access-Control-Allow-Origin: *
7 < Content-Type: application/json; charset=utf-8
7 < Content-Length: 605
7 < ETag: W/"25d-ME0JTl0TTy6aPb0G2Jz3o0doOZM"
7 < Date: Sun, 22 Jun 2025 16:08:03 GMT
7 < Connection: keep-alive
7 < Keep-Alive: timeout=5
{"access_token":"eyJhbGciOiJIUzI1NiIsInR5cCI6IkpXVCJ9.eyJzdWIiOiIwYTM3ZWY0My1mZWU4LTQxZDMtYTY4Ni04YWIwODY5NDg2OTUiLCJ1c2VybmFtZSI6ImpvaG5kb2UyMSIsInJvbGUiOjAsImlhdCI6MTc1MDYwODQ4MywiZXhwIjoxNzUwNjEyMDgzfQ.15FWEOSyKA5SLAMzDgWMvlf-kt3bCE1Aa5RSxFn_b6Q","refresh_token":"11b79da064d72e5cc819d9a09be4ee03c7b768d14273278f0e15ef4fabf48bb5","user":{"id":"0a37ef43-fee8-41d3-a686-8ab086948695","email":"testit2@gmail.com","username":"johndoe21","name":"John Doe","phoneNumber":"0123456712","profilePic":null,"bio":null,"private":false,"verified":false,"role":0,"followersCount":0,"followingCount":0,"postCount":0}}

23:08:03.346 [pool-2-thread-20] INFO com.intuit.karate -- [print] Call 7 completed, status: 200 
23:08:03.346 [pool-2-thread-21] DEBUG org.apache.http.client.protocol.RequestAddCookies -- CookieSpec selected: karate
23:08:03.346 [pool-2-thread-21] DEBUG org.apache.http.client.protocol.RequestAuthCache -- Auth cache not set in the context
23:08:03.346 [pool-2-thread-21] DEBUG com.intuit.karate -- request:
10 > POST http://localhost:3000/auth/login
10 > Content-Type: application/json; charset=UTF-8
10 > Content-Length: 45
10 > Host: localhost:3000
10 > Connection: Keep-Alive
10 > User-Agent: Apache-HttpClient/4.5.14 (Java/17.0.9)
10 > Accept-Encoding: gzip,deflate
{"email":"nam@gmail.com","password":"123456"}

23:08:03.346 [pool-2-thread-21] DEBUG org.apache.http.impl.conn.PoolingHttpClientConnectionManager -- Connection request: [route: {}->http://localhost:3000][total available: 0; route allocated: 0 of 5; total allocated: 0 of 10]
23:08:03.346 [pool-2-thread-21] DEBUG org.apache.http.impl.conn.PoolingHttpClientConnectionManager -- Connection leased: [id: 206][route: {}->http://localhost:3000][total available: 0; route allocated: 1 of 5; total allocated: 1 of 10]
23:08:03.346 [pool-2-thread-21] DEBUG org.apache.http.impl.execchain.MainClientExec -- Opening connection {}->http://localhost:3000
23:08:03.346 [pool-2-thread-20] INFO com.intuit.karate -- [print] *** API CALL 8 *** 
23:08:03.346 [pool-2-thread-21] DEBUG org.apache.http.impl.conn.DefaultHttpClientConnectionOperator -- Connecting to localhost/127.0.0.1:3000
23:08:03.348 [pool-2-thread-21] DEBUG org.apache.http.impl.conn.DefaultHttpClientConnectionOperator -- Connection established 127.0.0.1:52874<->127.0.0.1:3000
23:08:03.353 [pool-2-thread-21] DEBUG org.apache.http.impl.conn.DefaultManagedHttpClientConnection -- http-outgoing-206: set socket timeout to 30000
23:08:03.353 [pool-2-thread-21] DEBUG org.apache.http.impl.execchain.MainClientExec -- Executing request POST /auth/login HTTP/1.1
23:08:03.353 [pool-2-thread-21] DEBUG org.apache.http.impl.execchain.MainClientExec -- Target auth state: UNCHALLENGED
23:08:03.353 [pool-2-thread-21] DEBUG org.apache.http.impl.execchain.MainClientExec -- Proxy auth state: UNCHALLENGED
23:08:03.353 [pool-2-thread-21] DEBUG org.apache.http.headers -- http-outgoing-206 >> POST /auth/login HTTP/1.1
23:08:03.353 [pool-2-thread-21] DEBUG org.apache.http.headers -- http-outgoing-206 >> Content-Type: application/json; charset=UTF-8
23:08:03.353 [pool-2-thread-21] DEBUG org.apache.http.headers -- http-outgoing-206 >> Content-Length: 45
23:08:03.353 [pool-2-thread-21] DEBUG org.apache.http.headers -- http-outgoing-206 >> Host: localhost:3000
23:08:03.353 [pool-2-thread-21] DEBUG org.apache.http.headers -- http-outgoing-206 >> Connection: Keep-Alive
23:08:03.353 [pool-2-thread-21] DEBUG org.apache.http.headers -- http-outgoing-206 >> User-Agent: Apache-HttpClient/4.5.14 (Java/17.0.9)
23:08:03.353 [pool-2-thread-21] DEBUG org.apache.http.headers -- http-outgoing-206 >> Accept-Encoding: gzip,deflate
23:08:03.353 [pool-2-thread-21] DEBUG org.apache.http.wire -- http-outgoing-206 >> "POST /auth/login HTTP/1.1[\r][\n]"
23:08:03.353 [pool-2-thread-21] DEBUG org.apache.http.wire -- http-outgoing-206 >> "Content-Type: application/json; charset=UTF-8[\r][\n]"
23:08:03.353 [pool-2-thread-21] DEBUG org.apache.http.wire -- http-outgoing-206 >> "Content-Length: 45[\r][\n]"
23:08:03.353 [pool-2-thread-21] DEBUG org.apache.http.wire -- http-outgoing-206 >> "Host: localhost:3000[\r][\n]"
23:08:03.353 [pool-2-thread-21] DEBUG org.apache.http.wire -- http-outgoing-206 >> "Connection: Keep-Alive[\r][\n]"
23:08:03.353 [pool-2-thread-21] DEBUG org.apache.http.wire -- http-outgoing-206 >> "User-Agent: Apache-HttpClient/4.5.14 (Java/17.0.9)[\r][\n]"
23:08:03.353 [pool-2-thread-21] DEBUG org.apache.http.wire -- http-outgoing-206 >> "Accept-Encoding: gzip,deflate[\r][\n]"
23:08:03.353 [pool-2-thread-21] DEBUG org.apache.http.wire -- http-outgoing-206 >> "[\r][\n]"
23:08:03.353 [pool-2-thread-21] DEBUG org.apache.http.wire -- http-outgoing-206 >> "{"email":"nam@gmail.com","password":"123456"}"
23:08:03.354 [pool-2-thread-20] DEBUG org.apache.http.client.protocol.RequestAddCookies -- CookieSpec selected: karate
23:08:03.354 [pool-2-thread-20] DEBUG org.apache.http.client.protocol.RequestAuthCache -- Auth cache not set in the context
23:08:03.354 [pool-2-thread-20] DEBUG com.intuit.karate -- request:
8 > POST http://localhost:3000/auth/login
8 > Content-Type: application/json; charset=UTF-8
8 > Content-Length: 54
8 > Host: localhost:3000
8 > Connection: Keep-Alive
8 > User-Agent: Apache-HttpClient/4.5.14 (Java/17.0.9)
8 > Accept-Encoding: gzip,deflate
{"email":"testit2@gmail.com","password":"Password123"}

23:08:03.355 [pool-2-thread-20] DEBUG org.apache.http.impl.conn.PoolingHttpClientConnectionManager -- Connection request: [route: {}->http://localhost:3000][total available: 0; route allocated: 0 of 5; total allocated: 0 of 10]
23:08:03.355 [pool-2-thread-20] DEBUG org.apache.http.impl.conn.PoolingHttpClientConnectionManager -- Connection leased: [id: 207][route: {}->http://localhost:3000][total available: 0; route allocated: 1 of 5; total allocated: 1 of 10]
23:08:03.355 [pool-2-thread-20] DEBUG org.apache.http.impl.execchain.MainClientExec -- Opening connection {}->http://localhost:3000
23:08:03.355 [pool-2-thread-20] DEBUG org.apache.http.impl.conn.DefaultHttpClientConnectionOperator -- Connecting to localhost/127.0.0.1:3000
23:08:03.355 [pool-2-thread-20] DEBUG org.apache.http.impl.conn.DefaultHttpClientConnectionOperator -- Connection established 127.0.0.1:52875<->127.0.0.1:3000
23:08:03.355 [pool-2-thread-20] DEBUG org.apache.http.impl.conn.DefaultManagedHttpClientConnection -- http-outgoing-207: set socket timeout to 30000
23:08:03.355 [pool-2-thread-20] DEBUG org.apache.http.impl.execchain.MainClientExec -- Executing request POST /auth/login HTTP/1.1
23:08:03.355 [pool-2-thread-20] DEBUG org.apache.http.impl.execchain.MainClientExec -- Target auth state: UNCHALLENGED
23:08:03.355 [pool-2-thread-20] DEBUG org.apache.http.impl.execchain.MainClientExec -- Proxy auth state: UNCHALLENGED
23:08:03.355 [pool-2-thread-20] DEBUG org.apache.http.headers -- http-outgoing-207 >> POST /auth/login HTTP/1.1
23:08:03.355 [pool-2-thread-20] DEBUG org.apache.http.headers -- http-outgoing-207 >> Content-Type: application/json; charset=UTF-8
23:08:03.355 [pool-2-thread-20] DEBUG org.apache.http.headers -- http-outgoing-207 >> Content-Length: 54
23:08:03.355 [pool-2-thread-20] DEBUG org.apache.http.headers -- http-outgoing-207 >> Host: localhost:3000
23:08:03.355 [pool-2-thread-20] DEBUG org.apache.http.headers -- http-outgoing-207 >> Connection: Keep-Alive
23:08:03.355 [pool-2-thread-20] DEBUG org.apache.http.headers -- http-outgoing-207 >> User-Agent: Apache-HttpClient/4.5.14 (Java/17.0.9)
23:08:03.355 [pool-2-thread-20] DEBUG org.apache.http.headers -- http-outgoing-207 >> Accept-Encoding: gzip,deflate
23:08:03.355 [pool-2-thread-20] DEBUG org.apache.http.wire -- http-outgoing-207 >> "POST /auth/login HTTP/1.1[\r][\n]"
23:08:03.355 [pool-2-thread-20] DEBUG org.apache.http.wire -- http-outgoing-207 >> "Content-Type: application/json; charset=UTF-8[\r][\n]"
23:08:03.355 [pool-2-thread-20] DEBUG org.apache.http.wire -- http-outgoing-207 >> "Content-Length: 54[\r][\n]"
23:08:03.355 [pool-2-thread-20] DEBUG org.apache.http.wire -- http-outgoing-207 >> "Host: localhost:3000[\r][\n]"
23:08:03.355 [pool-2-thread-20] DEBUG org.apache.http.wire -- http-outgoing-207 >> "Connection: Keep-Alive[\r][\n]"
23:08:03.355 [pool-2-thread-20] DEBUG org.apache.http.wire -- http-outgoing-207 >> "User-Agent: Apache-HttpClient/4.5.14 (Java/17.0.9)[\r][\n]"
23:08:03.355 [pool-2-thread-20] DEBUG org.apache.http.wire -- http-outgoing-207 >> "Accept-Encoding: gzip,deflate[\r][\n]"
23:08:03.355 [pool-2-thread-20] DEBUG org.apache.http.wire -- http-outgoing-207 >> "[\r][\n]"
23:08:03.355 [pool-2-thread-20] DEBUG org.apache.http.wire -- http-outgoing-207 >> "{"email":"testit2@gmail.com","password":"Password123"}"
23:08:03.428 [pool-2-thread-23] DEBUG org.apache.http.wire -- http-outgoing-182 << "HTTP/1.1 200 OK[\r][\n]"
23:08:03.428 [pool-2-thread-23] DEBUG org.apache.http.wire -- http-outgoing-182 << "X-Powered-By: Express[\r][\n]"
23:08:03.428 [pool-2-thread-23] DEBUG org.apache.http.wire -- http-outgoing-182 << "Access-Control-Allow-Origin: *[\r][\n]"
23:08:03.428 [pool-2-thread-23] DEBUG org.apache.http.wire -- http-outgoing-182 << "Content-Type: application/json; charset=utf-8[\r][\n]"
23:08:03.428 [pool-2-thread-23] DEBUG org.apache.http.wire -- http-outgoing-182 << "Content-Length: 599[\r][\n]"
23:08:03.428 [pool-2-thread-23] DEBUG org.apache.http.wire -- http-outgoing-182 << "ETag: W/"257-h+CzoyeFYOQoToER/E0Y1gCE1H8"[\r][\n]"
23:08:03.428 [pool-2-thread-23] DEBUG org.apache.http.wire -- http-outgoing-182 << "Date: Sun, 22 Jun 2025 16:08:03 GMT[\r][\n]"
23:08:03.428 [pool-2-thread-23] DEBUG org.apache.http.wire -- http-outgoing-182 << "Connection: keep-alive[\r][\n]"
23:08:03.428 [pool-2-thread-23] DEBUG org.apache.http.wire -- http-outgoing-182 << "Keep-Alive: timeout=5[\r][\n]"
23:08:03.428 [pool-2-thread-23] DEBUG org.apache.http.wire -- http-outgoing-182 << "[\r][\n]"
23:08:03.428 [pool-2-thread-23] DEBUG org.apache.http.wire -- http-outgoing-182 << "{"access_token":"eyJhbGciOiJIUzI1NiIsInR5cCI6IkpXVCJ9.eyJzdWIiOiIyZGRhMDQzOS01MTgwLTQ1YWEtOTE3Zi1lNjMyZTQ1YThlNDEiLCJ1c2VybmFtZSI6ImpvaG5kb2UiLCJyb2xlIjowLCJpYXQiOjE3NTA2MDg0ODMsImV4cCI6MTc1MDYxMjA4M30.4ZSGdhCyEFrV0mEojhrJzbJ8OqanLTvdY6HP6okljCE","refresh_token":"fc70b6411f011b0e3952b139b4c8513e15479f6376f70cc6ac14d3f34a801d5f","user":{"id":"2dda0439-5180-45aa-917f-e632e45a8e41","email":"test@example.com","username":"johndoe","name":"John Doe","phoneNumber":"0987654321","profilePic":null,"bio":null,"private":false,"verified":false,"role":0,"followersCount":0,"followingCount":0,"postCount":0}}"
23:08:03.428 [pool-2-thread-23] DEBUG org.apache.http.headers -- http-outgoing-182 << HTTP/1.1 200 OK
23:08:03.428 [pool-2-thread-23] DEBUG org.apache.http.headers -- http-outgoing-182 << X-Powered-By: Express
23:08:03.428 [pool-2-thread-23] DEBUG org.apache.http.headers -- http-outgoing-182 << Access-Control-Allow-Origin: *
23:08:03.428 [pool-2-thread-23] DEBUG org.apache.http.headers -- http-outgoing-182 << Content-Type: application/json; charset=utf-8
23:08:03.428 [pool-2-thread-23] DEBUG org.apache.http.headers -- http-outgoing-182 << Content-Length: 599
23:08:03.428 [pool-2-thread-23] DEBUG org.apache.http.headers -- http-outgoing-182 << ETag: W/"257-h+CzoyeFYOQoToER/E0Y1gCE1H8"
23:08:03.428 [pool-2-thread-23] DEBUG org.apache.http.headers -- http-outgoing-182 << Date: Sun, 22 Jun 2025 16:08:03 GMT
23:08:03.428 [pool-2-thread-23] DEBUG org.apache.http.headers -- http-outgoing-182 << Connection: keep-alive
23:08:03.428 [pool-2-thread-23] DEBUG org.apache.http.headers -- http-outgoing-182 << Keep-Alive: timeout=5
23:08:03.428 [pool-2-thread-23] DEBUG org.apache.http.impl.execchain.MainClientExec -- Connection can be kept alive for 5000 MILLISECONDS
23:08:03.428 [pool-2-thread-23] DEBUG org.apache.http.impl.conn.PoolingHttpClientConnectionManager -- Connection [id: 182][route: {}->http://localhost:3000] can be kept alive for 5.0 seconds
23:08:03.428 [pool-2-thread-23] DEBUG org.apache.http.impl.conn.DefaultManagedHttpClientConnection -- http-outgoing-182: set socket timeout to 0
23:08:03.428 [pool-2-thread-23] DEBUG org.apache.http.impl.conn.PoolingHttpClientConnectionManager -- Connection released: [id: 182][route: {}->http://localhost:3000][total available: 1; route allocated: 1 of 5; total allocated: 1 of 10]
23:08:03.428 [pool-2-thread-23] DEBUG org.apache.http.impl.conn.PoolingHttpClientConnectionManager -- Connection manager is shutting down
23:08:03.428 [pool-2-thread-23] DEBUG org.apache.http.impl.conn.DefaultManagedHttpClientConnection -- http-outgoing-182: Close connection
23:08:03.428 [pool-2-thread-23] DEBUG org.apache.http.impl.conn.PoolingHttpClientConnectionManager -- Connection manager shut down
23:08:03.428 [pool-2-thread-23] DEBUG com.intuit.karate -- response time in milliseconds: 2189
8 < 200
8 < X-Powered-By: Express
8 < Access-Control-Allow-Origin: *
8 < Content-Type: application/json; charset=utf-8
8 < Content-Length: 599
8 < ETag: W/"257-h+CzoyeFYOQoToER/E0Y1gCE1H8"
8 < Date: Sun, 22 Jun 2025 16:08:03 GMT
8 < Connection: keep-alive
8 < Keep-Alive: timeout=5
{"access_token":"eyJhbGciOiJIUzI1NiIsInR5cCI6IkpXVCJ9.eyJzdWIiOiIyZGRhMDQzOS01MTgwLTQ1YWEtOTE3Zi1lNjMyZTQ1YThlNDEiLCJ1c2VybmFtZSI6ImpvaG5kb2UiLCJyb2xlIjowLCJpYXQiOjE3NTA2MDg0ODMsImV4cCI6MTc1MDYxMjA4M30.4ZSGdhCyEFrV0mEojhrJzbJ8OqanLTvdY6HP6okljCE","refresh_token":"fc70b6411f011b0e3952b139b4c8513e15479f6376f70cc6ac14d3f34a801d5f","user":{"id":"2dda0439-5180-45aa-917f-e632e45a8e41","email":"test@example.com","username":"johndoe","name":"John Doe","phoneNumber":"0987654321","profilePic":null,"bio":null,"private":false,"verified":false,"role":0,"followersCount":0,"followingCount":0,"postCount":0}}

23:08:03.429 [pool-2-thread-23] INFO com.intuit.karate -- [print] Call 8 completed, status: 200 
23:08:03.429 [pool-2-thread-23] INFO com.intuit.karate -- [print] *** API CALL 9 *** 
23:08:03.430 [pool-2-thread-23] DEBUG org.apache.http.client.protocol.RequestAddCookies -- CookieSpec selected: karate
23:08:03.430 [pool-2-thread-23] DEBUG org.apache.http.client.protocol.RequestAuthCache -- Auth cache not set in the context
23:08:03.430 [pool-2-thread-23] DEBUG com.intuit.karate -- request:
9 > POST http://localhost:3000/auth/login
9 > Content-Type: application/json; charset=UTF-8
9 > Content-Length: 53
9 > Host: localhost:3000
9 > Connection: Keep-Alive
9 > User-Agent: Apache-HttpClient/4.5.14 (Java/17.0.9)
9 > Accept-Encoding: gzip,deflate
{"email":"test@example.com","password":"Password123"}

23:08:03.431 [pool-2-thread-23] DEBUG org.apache.http.impl.conn.PoolingHttpClientConnectionManager -- Connection request: [route: {}->http://localhost:3000][total available: 0; route allocated: 0 of 5; total allocated: 0 of 10]
23:08:03.431 [pool-2-thread-23] DEBUG org.apache.http.impl.conn.PoolingHttpClientConnectionManager -- Connection leased: [id: 208][route: {}->http://localhost:3000][total available: 0; route allocated: 1 of 5; total allocated: 1 of 10]
23:08:03.431 [pool-2-thread-23] DEBUG org.apache.http.impl.execchain.MainClientExec -- Opening connection {}->http://localhost:3000
23:08:03.431 [pool-2-thread-23] DEBUG org.apache.http.impl.conn.DefaultHttpClientConnectionOperator -- Connecting to localhost/127.0.0.1:3000
23:08:03.431 [pool-2-thread-23] DEBUG org.apache.http.impl.conn.DefaultHttpClientConnectionOperator -- Connection established 127.0.0.1:52876<->127.0.0.1:3000
23:08:03.431 [pool-2-thread-23] DEBUG org.apache.http.impl.conn.DefaultManagedHttpClientConnection -- http-outgoing-208: set socket timeout to 30000
23:08:03.432 [pool-2-thread-23] DEBUG org.apache.http.impl.execchain.MainClientExec -- Executing request POST /auth/login HTTP/1.1
23:08:03.432 [pool-2-thread-23] DEBUG org.apache.http.impl.execchain.MainClientExec -- Target auth state: UNCHALLENGED
23:08:03.432 [pool-2-thread-23] DEBUG org.apache.http.impl.execchain.MainClientExec -- Proxy auth state: UNCHALLENGED
23:08:03.432 [pool-2-thread-23] DEBUG org.apache.http.headers -- http-outgoing-208 >> POST /auth/login HTTP/1.1
23:08:03.432 [pool-2-thread-23] DEBUG org.apache.http.headers -- http-outgoing-208 >> Content-Type: application/json; charset=UTF-8
23:08:03.432 [pool-2-thread-23] DEBUG org.apache.http.headers -- http-outgoing-208 >> Content-Length: 53
23:08:03.432 [pool-2-thread-23] DEBUG org.apache.http.headers -- http-outgoing-208 >> Host: localhost:3000
23:08:03.432 [pool-2-thread-23] DEBUG org.apache.http.headers -- http-outgoing-208 >> Connection: Keep-Alive
23:08:03.432 [pool-2-thread-23] DEBUG org.apache.http.headers -- http-outgoing-208 >> User-Agent: Apache-HttpClient/4.5.14 (Java/17.0.9)
23:08:03.432 [pool-2-thread-23] DEBUG org.apache.http.headers -- http-outgoing-208 >> Accept-Encoding: gzip,deflate
23:08:03.432 [pool-2-thread-23] DEBUG org.apache.http.wire -- http-outgoing-208 >> "POST /auth/login HTTP/1.1[\r][\n]"
23:08:03.432 [pool-2-thread-23] DEBUG org.apache.http.wire -- http-outgoing-208 >> "Content-Type: application/json; charset=UTF-8[\r][\n]"
23:08:03.432 [pool-2-thread-23] DEBUG org.apache.http.wire -- http-outgoing-208 >> "Content-Length: 53[\r][\n]"
23:08:03.432 [pool-2-thread-23] DEBUG org.apache.http.wire -- http-outgoing-208 >> "Host: localhost:3000[\r][\n]"
23:08:03.432 [pool-2-thread-23] DEBUG org.apache.http.wire -- http-outgoing-208 >> "Connection: Keep-Alive[\r][\n]"
23:08:03.432 [pool-2-thread-23] DEBUG org.apache.http.wire -- http-outgoing-208 >> "User-Agent: Apache-HttpClient/4.5.14 (Java/17.0.9)[\r][\n]"
23:08:03.432 [pool-2-thread-23] DEBUG org.apache.http.wire -- http-outgoing-208 >> "Accept-Encoding: gzip,deflate[\r][\n]"
23:08:03.432 [pool-2-thread-23] DEBUG org.apache.http.wire -- http-outgoing-208 >> "[\r][\n]"
23:08:03.432 [pool-2-thread-23] DEBUG org.apache.http.wire -- http-outgoing-208 >> "{"email":"test@example.com","password":"Password123"}"
23:08:04.155 [pool-2-thread-22] DEBUG org.apache.http.wire -- http-outgoing-183 << "HTTP/1.1 200 OK[\r][\n]"
23:08:04.155 [pool-2-thread-22] DEBUG org.apache.http.wire -- http-outgoing-183 << "X-Powered-By: Express[\r][\n]"
23:08:04.155 [pool-2-thread-22] DEBUG org.apache.http.wire -- http-outgoing-183 << "Access-Control-Allow-Origin: *[\r][\n]"
23:08:04.155 [pool-2-thread-22] DEBUG org.apache.http.wire -- http-outgoing-183 << "Content-Type: application/json; charset=utf-8[\r][\n]"
23:08:04.155 [pool-2-thread-22] DEBUG org.apache.http.wire -- http-outgoing-183 << "Content-Length: 715[\r][\n]"
23:08:04.155 [pool-2-thread-22] DEBUG org.apache.http.wire -- http-outgoing-183 << "ETag: W/"2cb-NyCqsKeWXK+uWKOnb454XQRqQ3I"[\r][\n]"
23:08:04.155 [pool-2-thread-22] DEBUG org.apache.http.wire -- http-outgoing-183 << "Date: Sun, 22 Jun 2025 16:08:04 GMT[\r][\n]"
23:08:04.155 [pool-2-thread-22] DEBUG org.apache.http.wire -- http-outgoing-183 << "Connection: keep-alive[\r][\n]"
23:08:04.155 [pool-2-thread-22] DEBUG org.apache.http.wire -- http-outgoing-183 << "Keep-Alive: timeout=5[\r][\n]"
23:08:04.155 [pool-2-thread-22] DEBUG org.apache.http.wire -- http-outgoing-183 << "[\r][\n]"
23:08:04.155 [pool-2-thread-22] DEBUG org.apache.http.wire -- http-outgoing-183 << "{"access_token":"eyJhbGciOiJIUzI1NiIsInR5cCI6IkpXVCJ9.eyJzdWIiOiIyYjg0YWEyNC02NjhhLTQwZTItYWYxYy1hZDRmYzRmYTVhNmYiLCJ1c2VybmFtZSI6InF1YW5nMSIsInJvbGUiOjAsImlhdCI6MTc1MDYwODQ4MywiZXhwIjoxNzUwNjEyMDgzfQ.ZnpabIxnEQm7CHc5qkHk1uKOa7ezL9GQ8NN53ry_1aw","refresh_token":"d6a0bbdaa5fb7df1c52c7955ec8031728ec4b4cd0a7ea7d3ea9dbfc4ddf67653","user":{"id":"2b84aa24-668a-40e2-af1c-ad4fc4fa5a6f","email":"quang1@gmail.com","username":"quang1","name":"quang1","phoneNumber":"09874563210","profilePic":"https://res.cloudinary.com/dizcvrefo/image/upload/v1749027586/nestjs_uploads/xehairydt9rzlbmbmv4c.jpg","bio":"Thang Nam Lao Vua Thoi","private":false,"verified":false,"role":0,"followersCount":2,"followingCount":3,"postCount":2}}"
23:08:04.155 [pool-2-thread-22] DEBUG org.apache.http.headers -- http-outgoing-183 << HTTP/1.1 200 OK
23:08:04.155 [pool-2-thread-22] DEBUG org.apache.http.headers -- http-outgoing-183 << X-Powered-By: Express
23:08:04.155 [pool-2-thread-22] DEBUG org.apache.http.headers -- http-outgoing-183 << Access-Control-Allow-Origin: *
23:08:04.155 [pool-2-thread-22] DEBUG org.apache.http.headers -- http-outgoing-183 << Content-Type: application/json; charset=utf-8
23:08:04.155 [pool-2-thread-22] DEBUG org.apache.http.headers -- http-outgoing-183 << Content-Length: 715
23:08:04.155 [pool-2-thread-22] DEBUG org.apache.http.headers -- http-outgoing-183 << ETag: W/"2cb-NyCqsKeWXK+uWKOnb454XQRqQ3I"
23:08:04.155 [pool-2-thread-22] DEBUG org.apache.http.headers -- http-outgoing-183 << Date: Sun, 22 Jun 2025 16:08:04 GMT
23:08:04.155 [pool-2-thread-22] DEBUG org.apache.http.headers -- http-outgoing-183 << Connection: keep-alive
23:08:04.155 [pool-2-thread-22] DEBUG org.apache.http.headers -- http-outgoing-183 << Keep-Alive: timeout=5
23:08:04.155 [pool-2-thread-22] DEBUG org.apache.http.impl.execchain.MainClientExec -- Connection can be kept alive for 5000 MILLISECONDS
23:08:04.155 [pool-2-thread-22] DEBUG org.apache.http.impl.conn.PoolingHttpClientConnectionManager -- Connection [id: 183][route: {}->http://localhost:3000] can be kept alive for 5.0 seconds
23:08:04.155 [pool-2-thread-22] DEBUG org.apache.http.impl.conn.DefaultManagedHttpClientConnection -- http-outgoing-183: set socket timeout to 0
23:08:04.155 [pool-2-thread-22] DEBUG org.apache.http.impl.conn.PoolingHttpClientConnectionManager -- Connection released: [id: 183][route: {}->http://localhost:3000][total available: 1; route allocated: 1 of 5; total allocated: 1 of 10]
23:08:04.155 [pool-2-thread-22] DEBUG org.apache.http.impl.conn.PoolingHttpClientConnectionManager -- Connection manager is shutting down
23:08:04.155 [pool-2-thread-22] DEBUG org.apache.http.impl.conn.DefaultManagedHttpClientConnection -- http-outgoing-183: Close connection
23:08:04.155 [pool-2-thread-22] DEBUG org.apache.http.impl.conn.PoolingHttpClientConnectionManager -- Connection manager shut down
23:08:04.156 [pool-2-thread-22] DEBUG com.intuit.karate -- response time in milliseconds: 2891
8 < 200
8 < X-Powered-By: Express
8 < Access-Control-Allow-Origin: *
8 < Content-Type: application/json; charset=utf-8
8 < Content-Length: 715
8 < ETag: W/"2cb-NyCqsKeWXK+uWKOnb454XQRqQ3I"
8 < Date: Sun, 22 Jun 2025 16:08:04 GMT
8 < Connection: keep-alive
8 < Keep-Alive: timeout=5
{"access_token":"eyJhbGciOiJIUzI1NiIsInR5cCI6IkpXVCJ9.eyJzdWIiOiIyYjg0YWEyNC02NjhhLTQwZTItYWYxYy1hZDRmYzRmYTVhNmYiLCJ1c2VybmFtZSI6InF1YW5nMSIsInJvbGUiOjAsImlhdCI6MTc1MDYwODQ4MywiZXhwIjoxNzUwNjEyMDgzfQ.ZnpabIxnEQm7CHc5qkHk1uKOa7ezL9GQ8NN53ry_1aw","refresh_token":"d6a0bbdaa5fb7df1c52c7955ec8031728ec4b4cd0a7ea7d3ea9dbfc4ddf67653","user":{"id":"2b84aa24-668a-40e2-af1c-ad4fc4fa5a6f","email":"quang1@gmail.com","username":"quang1","name":"quang1","phoneNumber":"09874563210","profilePic":"https://res.cloudinary.com/dizcvrefo/image/upload/v1749027586/nestjs_uploads/xehairydt9rzlbmbmv4c.jpg","bio":"Thang Nam Lao Vua Thoi","private":false,"verified":false,"role":0,"followersCount":2,"followingCount":3,"postCount":2}}

23:08:04.157 [pool-2-thread-22] INFO com.intuit.karate -- [print] Call 8 completed, status: 200 
23:08:04.158 [pool-2-thread-22] INFO com.intuit.karate -- [print] *** API CALL 9 *** 
23:08:04.158 [pool-2-thread-22] DEBUG org.apache.http.client.protocol.RequestAddCookies -- CookieSpec selected: karate
23:08:04.158 [pool-2-thread-22] DEBUG org.apache.http.client.protocol.RequestAuthCache -- Auth cache not set in the context
23:08:04.158 [pool-2-thread-22] DEBUG com.intuit.karate -- request:
9 > POST http://localhost:3000/auth/login
9 > Content-Type: application/json; charset=UTF-8
9 > Content-Length: 48
9 > Host: localhost:3000
9 > Connection: Keep-Alive
9 > User-Agent: Apache-HttpClient/4.5.14 (Java/17.0.9)
9 > Accept-Encoding: gzip,deflate
{"email":"quang1@gmail.com","password":"quang1"}

23:08:04.160 [pool-2-thread-22] DEBUG org.apache.http.impl.conn.PoolingHttpClientConnectionManager -- Connection request: [route: {}->http://localhost:3000][total available: 0; route allocated: 0 of 5; total allocated: 0 of 10]
23:08:04.160 [pool-2-thread-22] DEBUG org.apache.http.impl.conn.PoolingHttpClientConnectionManager -- Connection leased: [id: 209][route: {}->http://localhost:3000][total available: 0; route allocated: 1 of 5; total allocated: 1 of 10]
23:08:04.160 [pool-2-thread-22] DEBUG org.apache.http.impl.execchain.MainClientExec -- Opening connection {}->http://localhost:3000
23:08:04.160 [pool-2-thread-22] DEBUG org.apache.http.impl.conn.DefaultHttpClientConnectionOperator -- Connecting to localhost/127.0.0.1:3000
23:08:04.160 [pool-2-thread-22] DEBUG org.apache.http.impl.conn.DefaultHttpClientConnectionOperator -- Connection established 127.0.0.1:52877<->127.0.0.1:3000
23:08:04.160 [pool-2-thread-22] DEBUG org.apache.http.impl.conn.DefaultManagedHttpClientConnection -- http-outgoing-209: set socket timeout to 30000
23:08:04.160 [pool-2-thread-22] DEBUG org.apache.http.impl.execchain.MainClientExec -- Executing request POST /auth/login HTTP/1.1
23:08:04.160 [pool-2-thread-22] DEBUG org.apache.http.impl.execchain.MainClientExec -- Target auth state: UNCHALLENGED
23:08:04.160 [pool-2-thread-22] DEBUG org.apache.http.impl.execchain.MainClientExec -- Proxy auth state: UNCHALLENGED
23:08:04.160 [pool-2-thread-22] DEBUG org.apache.http.headers -- http-outgoing-209 >> POST /auth/login HTTP/1.1
23:08:04.160 [pool-2-thread-22] DEBUG org.apache.http.headers -- http-outgoing-209 >> Content-Type: application/json; charset=UTF-8
23:08:04.160 [pool-2-thread-22] DEBUG org.apache.http.headers -- http-outgoing-209 >> Content-Length: 48
23:08:04.160 [pool-2-thread-22] DEBUG org.apache.http.headers -- http-outgoing-209 >> Host: localhost:3000
23:08:04.160 [pool-2-thread-22] DEBUG org.apache.http.headers -- http-outgoing-209 >> Connection: Keep-Alive
23:08:04.160 [pool-2-thread-22] DEBUG org.apache.http.headers -- http-outgoing-209 >> User-Agent: Apache-HttpClient/4.5.14 (Java/17.0.9)
23:08:04.160 [pool-2-thread-22] DEBUG org.apache.http.headers -- http-outgoing-209 >> Accept-Encoding: gzip,deflate
23:08:04.160 [pool-2-thread-22] DEBUG org.apache.http.wire -- http-outgoing-209 >> "POST /auth/login HTTP/1.1[\r][\n]"
23:08:04.160 [pool-2-thread-22] DEBUG org.apache.http.wire -- http-outgoing-209 >> "Content-Type: application/json; charset=UTF-8[\r][\n]"
23:08:04.160 [pool-2-thread-22] DEBUG org.apache.http.wire -- http-outgoing-209 >> "Content-Length: 48[\r][\n]"
23:08:04.160 [pool-2-thread-22] DEBUG org.apache.http.wire -- http-outgoing-209 >> "Host: localhost:3000[\r][\n]"
23:08:04.160 [pool-2-thread-22] DEBUG org.apache.http.wire -- http-outgoing-209 >> "Connection: Keep-Alive[\r][\n]"
23:08:04.160 [pool-2-thread-22] DEBUG org.apache.http.wire -- http-outgoing-209 >> "User-Agent: Apache-HttpClient/4.5.14 (Java/17.0.9)[\r][\n]"
23:08:04.160 [pool-2-thread-22] DEBUG org.apache.http.wire -- http-outgoing-209 >> "Accept-Encoding: gzip,deflate[\r][\n]"
23:08:04.160 [pool-2-thread-22] DEBUG org.apache.http.wire -- http-outgoing-209 >> "[\r][\n]"
23:08:04.160 [pool-2-thread-22] DEBUG org.apache.http.wire -- http-outgoing-209 >> "{"email":"quang1@gmail.com","password":"quang1"}"
23:08:04.186 [pool-2-thread-9] DEBUG org.apache.http.wire -- http-outgoing-184 << "HTTP/1.1 200 OK[\r][\n]"
23:08:04.186 [pool-2-thread-9] DEBUG org.apache.http.wire -- http-outgoing-184 << "X-Powered-By: Express[\r][\n]"
23:08:04.186 [pool-2-thread-9] DEBUG org.apache.http.wire -- http-outgoing-184 << "Access-Control-Allow-Origin: *[\r][\n]"
23:08:04.186 [pool-2-thread-9] DEBUG org.apache.http.wire -- http-outgoing-184 << "Content-Type: application/json; charset=utf-8[\r][\n]"
23:08:04.186 [pool-2-thread-9] DEBUG org.apache.http.wire -- http-outgoing-184 << "Content-Length: 604[\r][\n]"
23:08:04.186 [pool-2-thread-9] DEBUG org.apache.http.wire -- http-outgoing-184 << "ETag: W/"25c-5r6FdUokea9oYnlEU0m/kpk8UwA"[\r][\n]"
23:08:04.186 [pool-2-thread-9] DEBUG org.apache.http.wire -- http-outgoing-184 << "Date: Sun, 22 Jun 2025 16:08:04 GMT[\r][\n]"
23:08:04.186 [pool-2-thread-9] DEBUG org.apache.http.wire -- http-outgoing-184 << "Connection: keep-alive[\r][\n]"
23:08:04.186 [pool-2-thread-9] DEBUG org.apache.http.wire -- http-outgoing-184 << "Keep-Alive: timeout=5[\r][\n]"
23:08:04.186 [pool-2-thread-9] DEBUG org.apache.http.wire -- http-outgoing-184 << "[\r][\n]"
23:08:04.186 [pool-2-thread-9] DEBUG org.apache.http.wire -- http-outgoing-184 << "{"access_token":"eyJhbGciOiJIUzI1NiIsInR5cCI6IkpXVCJ9.eyJzdWIiOiJkZjZmMDkxOS1hMjNkLTQ0YzktYTkyNS00ZWE4YmU1MjVkMTAiLCJ1c2VybmFtZSI6ImpvaG5kb2UyMyIsInJvbGUiOjAsImlhdCI6MTc1MDYwODQ4MywiZXhwIjoxNzUwNjEyMDgzfQ.XWAcxEVdgrpNrafNhuFBYIGLDb5kUltnpuclZbK8_m0","refresh_token":"7be50bbda4ab3e6edbce536ac197b93a23e8f25773607dd60e9a7e8d16bc917b","user":{"id":"df6f0919-a23d-44c9-a925-4ea8be525d10","email":"testit@gmail.com","username":"johndoe23","name":"John Doe","phoneNumber":"0123456788","profilePic":null,"bio":null,"private":false,"verified":false,"role":0,"followersCount":0,"followingCount":0,"postCount":0}}"
23:08:04.186 [pool-2-thread-9] DEBUG org.apache.http.headers -- http-outgoing-184 << HTTP/1.1 200 OK
23:08:04.186 [pool-2-thread-9] DEBUG org.apache.http.headers -- http-outgoing-184 << X-Powered-By: Express
23:08:04.186 [pool-2-thread-9] DEBUG org.apache.http.headers -- http-outgoing-184 << Access-Control-Allow-Origin: *
23:08:04.186 [pool-2-thread-9] DEBUG org.apache.http.headers -- http-outgoing-184 << Content-Type: application/json; charset=utf-8
23:08:04.186 [pool-2-thread-9] DEBUG org.apache.http.headers -- http-outgoing-184 << Content-Length: 604
23:08:04.186 [pool-2-thread-9] DEBUG org.apache.http.headers -- http-outgoing-184 << ETag: W/"25c-5r6FdUokea9oYnlEU0m/kpk8UwA"
23:08:04.186 [pool-2-thread-9] DEBUG org.apache.http.headers -- http-outgoing-184 << Date: Sun, 22 Jun 2025 16:08:04 GMT
23:08:04.186 [pool-2-thread-9] DEBUG org.apache.http.headers -- http-outgoing-184 << Connection: keep-alive
23:08:04.186 [pool-2-thread-9] DEBUG org.apache.http.headers -- http-outgoing-184 << Keep-Alive: timeout=5
23:08:04.186 [pool-2-thread-9] DEBUG org.apache.http.impl.execchain.MainClientExec -- Connection can be kept alive for 5000 MILLISECONDS
23:08:04.186 [pool-2-thread-9] DEBUG org.apache.http.impl.conn.PoolingHttpClientConnectionManager -- Connection [id: 184][route: {}->http://localhost:3000] can be kept alive for 5.0 seconds
23:08:04.186 [pool-2-thread-9] DEBUG org.apache.http.impl.conn.DefaultManagedHttpClientConnection -- http-outgoing-184: set socket timeout to 0
23:08:04.186 [pool-2-thread-9] DEBUG org.apache.http.impl.conn.PoolingHttpClientConnectionManager -- Connection released: [id: 184][route: {}->http://localhost:3000][total available: 1; route allocated: 1 of 5; total allocated: 1 of 10]
23:08:04.186 [pool-2-thread-9] DEBUG org.apache.http.impl.conn.PoolingHttpClientConnectionManager -- Connection manager is shutting down
23:08:04.186 [pool-2-thread-9] DEBUG org.apache.http.impl.conn.DefaultManagedHttpClientConnection -- http-outgoing-184: Close connection
23:08:04.186 [pool-2-thread-9] DEBUG org.apache.http.impl.conn.PoolingHttpClientConnectionManager -- Connection manager shut down
23:08:04.186 [pool-2-thread-9] DEBUG com.intuit.karate -- response time in milliseconds: 2912
7 < 200
7 < X-Powered-By: Express
7 < Access-Control-Allow-Origin: *
7 < Content-Type: application/json; charset=utf-8
7 < Content-Length: 604
7 < ETag: W/"25c-5r6FdUokea9oYnlEU0m/kpk8UwA"
7 < Date: Sun, 22 Jun 2025 16:08:04 GMT
7 < Connection: keep-alive
7 < Keep-Alive: timeout=5
{"access_token":"eyJhbGciOiJIUzI1NiIsInR5cCI6IkpXVCJ9.eyJzdWIiOiJkZjZmMDkxOS1hMjNkLTQ0YzktYTkyNS00ZWE4YmU1MjVkMTAiLCJ1c2VybmFtZSI6ImpvaG5kb2UyMyIsInJvbGUiOjAsImlhdCI6MTc1MDYwODQ4MywiZXhwIjoxNzUwNjEyMDgzfQ.XWAcxEVdgrpNrafNhuFBYIGLDb5kUltnpuclZbK8_m0","refresh_token":"7be50bbda4ab3e6edbce536ac197b93a23e8f25773607dd60e9a7e8d16bc917b","user":{"id":"df6f0919-a23d-44c9-a925-4ea8be525d10","email":"testit@gmail.com","username":"johndoe23","name":"John Doe","phoneNumber":"0123456788","profilePic":null,"bio":null,"private":false,"verified":false,"role":0,"followersCount":0,"followingCount":0,"postCount":0}}

23:08:04.186 [pool-2-thread-9] INFO com.intuit.karate -- [print] Call 7 completed, status: 200 
23:08:04.186 [pool-2-thread-9] INFO com.intuit.karate -- [print] *** API CALL 8 *** 
23:08:04.188 [pool-2-thread-9] DEBUG org.apache.http.client.protocol.RequestAddCookies -- CookieSpec selected: karate
23:08:04.188 [pool-2-thread-9] DEBUG org.apache.http.client.protocol.RequestAuthCache -- Auth cache not set in the context
23:08:04.188 [pool-2-thread-9] DEBUG com.intuit.karate -- request:
8 > POST http://localhost:3000/auth/login
8 > Content-Type: application/json; charset=UTF-8
8 > Content-Length: 53
8 > Host: localhost:3000
8 > Connection: Keep-Alive
8 > User-Agent: Apache-HttpClient/4.5.14 (Java/17.0.9)
8 > Accept-Encoding: gzip,deflate
{"email":"testit@gmail.com","password":"Password123"}

23:08:04.188 [pool-2-thread-9] DEBUG org.apache.http.impl.conn.PoolingHttpClientConnectionManager -- Connection request: [route: {}->http://localhost:3000][total available: 0; route allocated: 0 of 5; total allocated: 0 of 10]
23:08:04.188 [pool-2-thread-9] DEBUG org.apache.http.impl.conn.PoolingHttpClientConnectionManager -- Connection leased: [id: 210][route: {}->http://localhost:3000][total available: 0; route allocated: 1 of 5; total allocated: 1 of 10]
23:08:04.188 [pool-2-thread-9] DEBUG org.apache.http.impl.execchain.MainClientExec -- Opening connection {}->http://localhost:3000
23:08:04.188 [pool-2-thread-9] DEBUG org.apache.http.impl.conn.DefaultHttpClientConnectionOperator -- Connecting to localhost/127.0.0.1:3000
23:08:04.189 [pool-2-thread-9] DEBUG org.apache.http.impl.conn.DefaultHttpClientConnectionOperator -- Connection established 127.0.0.1:52878<->127.0.0.1:3000
23:08:04.189 [pool-2-thread-9] DEBUG org.apache.http.impl.conn.DefaultManagedHttpClientConnection -- http-outgoing-210: set socket timeout to 30000
23:08:04.189 [pool-2-thread-9] DEBUG org.apache.http.impl.execchain.MainClientExec -- Executing request POST /auth/login HTTP/1.1
23:08:04.189 [pool-2-thread-9] DEBUG org.apache.http.impl.execchain.MainClientExec -- Target auth state: UNCHALLENGED
23:08:04.189 [pool-2-thread-9] DEBUG org.apache.http.impl.execchain.MainClientExec -- Proxy auth state: UNCHALLENGED
23:08:04.189 [pool-2-thread-9] DEBUG org.apache.http.headers -- http-outgoing-210 >> POST /auth/login HTTP/1.1
23:08:04.189 [pool-2-thread-9] DEBUG org.apache.http.headers -- http-outgoing-210 >> Content-Type: application/json; charset=UTF-8
23:08:04.189 [pool-2-thread-9] DEBUG org.apache.http.headers -- http-outgoing-210 >> Content-Length: 53
23:08:04.189 [pool-2-thread-9] DEBUG org.apache.http.headers -- http-outgoing-210 >> Host: localhost:3000
23:08:04.189 [pool-2-thread-9] DEBUG org.apache.http.headers -- http-outgoing-210 >> Connection: Keep-Alive
23:08:04.189 [pool-2-thread-9] DEBUG org.apache.http.headers -- http-outgoing-210 >> User-Agent: Apache-HttpClient/4.5.14 (Java/17.0.9)
23:08:04.189 [pool-2-thread-9] DEBUG org.apache.http.headers -- http-outgoing-210 >> Accept-Encoding: gzip,deflate
23:08:04.189 [pool-2-thread-9] DEBUG org.apache.http.wire -- http-outgoing-210 >> "POST /auth/login HTTP/1.1[\r][\n]"
23:08:04.189 [pool-2-thread-9] DEBUG org.apache.http.wire -- http-outgoing-210 >> "Content-Type: application/json; charset=UTF-8[\r][\n]"
23:08:04.189 [pool-2-thread-9] DEBUG org.apache.http.wire -- http-outgoing-210 >> "Content-Length: 53[\r][\n]"
23:08:04.189 [pool-2-thread-9] DEBUG org.apache.http.wire -- http-outgoing-210 >> "Host: localhost:3000[\r][\n]"
23:08:04.189 [pool-2-thread-9] DEBUG org.apache.http.wire -- http-outgoing-210 >> "Connection: Keep-Alive[\r][\n]"
23:08:04.189 [pool-2-thread-9] DEBUG org.apache.http.wire -- http-outgoing-210 >> "User-Agent: Apache-HttpClient/4.5.14 (Java/17.0.9)[\r][\n]"
23:08:04.189 [pool-2-thread-9] DEBUG org.apache.http.wire -- http-outgoing-210 >> "Accept-Encoding: gzip,deflate[\r][\n]"
23:08:04.189 [pool-2-thread-9] DEBUG org.apache.http.wire -- http-outgoing-210 >> "[\r][\n]"
23:08:04.189 [pool-2-thread-9] DEBUG org.apache.http.wire -- http-outgoing-210 >> "{"email":"testit@gmail.com","password":"Password123"}"
23:08:04.233 [pool-2-thread-27] DEBUG org.apache.http.wire -- http-outgoing-177 << "HTTP/1.1 200 OK[\r][\n]"
23:08:04.233 [pool-2-thread-27] DEBUG org.apache.http.wire -- http-outgoing-177 << "X-Powered-By: Express[\r][\n]"
23:08:04.233 [pool-2-thread-27] DEBUG org.apache.http.wire -- http-outgoing-177 << "Access-Control-Allow-Origin: *[\r][\n]"
23:08:04.233 [pool-2-thread-27] DEBUG org.apache.http.wire -- http-outgoing-177 << "Content-Type: application/json; charset=utf-8[\r][\n]"
23:08:04.233 [pool-2-thread-27] DEBUG org.apache.http.wire -- http-outgoing-177 << "Content-Length: 605[\r][\n]"
23:08:04.233 [pool-2-thread-27] DEBUG org.apache.http.wire -- http-outgoing-177 << "ETag: W/"25d-yAsmBbgl9qxD6bdNPA02b4rfk2U"[\r][\n]"
23:08:04.233 [pool-2-thread-27] DEBUG org.apache.http.wire -- http-outgoing-177 << "Date: Sun, 22 Jun 2025 16:08:04 GMT[\r][\n]"
23:08:04.233 [pool-2-thread-27] DEBUG org.apache.http.wire -- http-outgoing-177 << "Connection: keep-alive[\r][\n]"
23:08:04.233 [pool-2-thread-27] DEBUG org.apache.http.wire -- http-outgoing-177 << "Keep-Alive: timeout=5[\r][\n]"
23:08:04.233 [pool-2-thread-27] DEBUG org.apache.http.wire -- http-outgoing-177 << "[\r][\n]"
23:08:04.233 [pool-2-thread-27] DEBUG org.apache.http.wire -- http-outgoing-177 << "{"access_token":"eyJhbGciOiJIUzI1NiIsInR5cCI6IkpXVCJ9.eyJzdWIiOiI2NTBjZTFlZC1hYWNhLTQzOGYtOTk4OC0xZjA1OGFiNWFhMWEiLCJ1c2VybmFtZSI6ImpvaG5kb2UyNSIsInJvbGUiOjAsImlhdCI6MTc1MDYwODQ4MywiZXhwIjoxNzUwNjEyMDgzfQ.87HU1HQBzsW2gu-mUyKAdsI9Nu12nrKiY6WkfiXuvSQ","refresh_token":"9eae2237bfd1bf337b3d6907d747a805de998680728a366c06134b06e18245ae","user":{"id":"650ce1ed-aaca-438f-9988-1f058ab5aa1a","email":"testit3@gmail.com","username":"johndoe25","name":"John Doe","phoneNumber":"0123456713","profilePic":null,"bio":null,"private":false,"verified":false,"role":0,"followersCount":0,"followingCount":0,"postCount":0}}"
23:08:04.233 [pool-2-thread-27] DEBUG org.apache.http.headers -- http-outgoing-177 << HTTP/1.1 200 OK
23:08:04.233 [pool-2-thread-27] DEBUG org.apache.http.headers -- http-outgoing-177 << X-Powered-By: Express
23:08:04.233 [pool-2-thread-27] DEBUG org.apache.http.headers -- http-outgoing-177 << Access-Control-Allow-Origin: *
23:08:04.233 [pool-2-thread-27] DEBUG org.apache.http.headers -- http-outgoing-177 << Content-Type: application/json; charset=utf-8
23:08:04.233 [pool-2-thread-27] DEBUG org.apache.http.headers -- http-outgoing-177 << Content-Length: 605
23:08:04.233 [pool-2-thread-27] DEBUG org.apache.http.headers -- http-outgoing-177 << ETag: W/"25d-yAsmBbgl9qxD6bdNPA02b4rfk2U"
23:08:04.233 [pool-2-thread-27] DEBUG org.apache.http.headers -- http-outgoing-177 << Date: Sun, 22 Jun 2025 16:08:04 GMT
23:08:04.233 [pool-2-thread-27] DEBUG org.apache.http.headers -- http-outgoing-177 << Connection: keep-alive
23:08:04.233 [pool-2-thread-27] DEBUG org.apache.http.headers -- http-outgoing-177 << Keep-Alive: timeout=5
23:08:04.235 [pool-2-thread-27] DEBUG org.apache.http.impl.execchain.MainClientExec -- Connection can be kept alive for 5000 MILLISECONDS
23:08:04.235 [pool-2-thread-27] DEBUG org.apache.http.impl.conn.PoolingHttpClientConnectionManager -- Connection [id: 178][route: {}->http://localhost:3000] can be kept alive for 5.0 seconds
23:08:04.235 [pool-2-thread-27] DEBUG org.apache.http.impl.conn.DefaultManagedHttpClientConnection -- http-outgoing-177: set socket timeout to 0
23:08:04.235 [pool-2-thread-27] DEBUG org.apache.http.impl.conn.PoolingHttpClientConnectionManager -- Connection released: [id: 178][route: {}->http://localhost:3000][total available: 1; route allocated: 1 of 5; total allocated: 1 of 10]
23:08:04.235 [pool-2-thread-27] DEBUG org.apache.http.impl.conn.PoolingHttpClientConnectionManager -- Connection manager is shutting down
23:08:04.235 [pool-2-thread-27] DEBUG org.apache.http.impl.conn.DefaultManagedHttpClientConnection -- http-outgoing-177: Close connection
23:08:04.235 [pool-2-thread-27] DEBUG org.apache.http.impl.conn.PoolingHttpClientConnectionManager -- Connection manager shut down
23:08:04.235 [pool-2-thread-28] DEBUG org.apache.http.wire -- http-outgoing-186 << "HTTP/1.1 200 OK[\r][\n]"
23:08:04.235 [pool-2-thread-28] DEBUG org.apache.http.wire -- http-outgoing-186 << "X-Powered-By: Express[\r][\n]"
23:08:04.235 [pool-2-thread-28] DEBUG org.apache.http.wire -- http-outgoing-186 << "Access-Control-Allow-Origin: *[\r][\n]"
23:08:04.235 [pool-2-thread-28] DEBUG org.apache.http.wire -- http-outgoing-186 << "Content-Type: application/json; charset=utf-8[\r][\n]"
23:08:04.235 [pool-2-thread-28] DEBUG org.apache.http.wire -- http-outgoing-186 << "Content-Length: 609[\r][\n]"
23:08:04.235 [pool-2-thread-28] DEBUG org.apache.http.wire -- http-outgoing-186 << "ETag: W/"261-rGTXDmV7m48zTsenNnGW9yL+3GM"[\r][\n]"
23:08:04.235 [pool-2-thread-28] DEBUG org.apache.http.wire -- http-outgoing-186 << "Date: Sun, 22 Jun 2025 16:08:04 GMT[\r][\n]"
23:08:04.235 [pool-2-thread-28] DEBUG org.apache.http.wire -- http-outgoing-186 << "Connection: keep-alive[\r][\n]"
23:08:04.235 [pool-2-thread-28] DEBUG org.apache.http.wire -- http-outgoing-186 << "Keep-Alive: timeout=5[\r][\n]"
23:08:04.235 [pool-2-thread-28] DEBUG org.apache.http.wire -- http-outgoing-186 << "[\r][\n]"
23:08:04.235 [pool-2-thread-28] DEBUG org.apache.http.wire -- http-outgoing-186 << "{"access_token":"eyJhbGciOiJIUzI1NiIsInR5cCI6IkpXVCJ9.eyJzdWIiOiIyNzJmNmI1NS01MTc5LTRhZTMtODU2My1iNGVjMTBmNzY3MTUiLCJ1c2VybmFtZSI6ImpvaG5kb2UyZDVkIiwicm9sZSI6MCwiaWF0IjoxNzUwNjA4NDgzLCJleHAiOjE3NTA2MTIwODN9.kJKBr01X4qNve26SG0wiwxLiT-eUNAcp9r8kKHJx3DE","refresh_token":"a507effa7d4cc79d213bbf0b50c13abed6d1501b56c7218787cefb910264323c","user":{"id":"272f6b55-5179-4ae3-8563-b4ec10f76715","email":"testit5@gmail.com","username":"johndoe2d5d","name":"John Doe","phoneNumber":"0123456132","profilePic":null,"bio":null,"private":false,"verified":false,"role":0,"followersCount":0,"followingCount":0,"postCount":0}}"
23:08:04.235 [pool-2-thread-28] DEBUG org.apache.http.headers -- http-outgoing-186 << HTTP/1.1 200 OK
23:08:04.235 [pool-2-thread-28] DEBUG org.apache.http.headers -- http-outgoing-186 << X-Powered-By: Express
23:08:04.235 [pool-2-thread-27] DEBUG com.intuit.karate -- response time in milliseconds: 3825
7 < 200
7 < X-Powered-By: Express
7 < Access-Control-Allow-Origin: *
7 < Content-Type: application/json; charset=utf-8
7 < Content-Length: 605
7 < ETag: W/"25d-yAsmBbgl9qxD6bdNPA02b4rfk2U"
7 < Date: Sun, 22 Jun 2025 16:08:04 GMT
7 < Connection: keep-alive
7 < Keep-Alive: timeout=5
{"access_token":"eyJhbGciOiJIUzI1NiIsInR5cCI6IkpXVCJ9.eyJzdWIiOiI2NTBjZTFlZC1hYWNhLTQzOGYtOTk4OC0xZjA1OGFiNWFhMWEiLCJ1c2VybmFtZSI6ImpvaG5kb2UyNSIsInJvbGUiOjAsImlhdCI6MTc1MDYwODQ4MywiZXhwIjoxNzUwNjEyMDgzfQ.87HU1HQBzsW2gu-mUyKAdsI9Nu12nrKiY6WkfiXuvSQ","refresh_token":"9eae2237bfd1bf337b3d6907d747a805de998680728a366c06134b06e18245ae","user":{"id":"650ce1ed-aaca-438f-9988-1f058ab5aa1a","email":"testit3@gmail.com","username":"johndoe25","name":"John Doe","phoneNumber":"0123456713","profilePic":null,"bio":null,"private":false,"verified":false,"role":0,"followersCount":0,"followingCount":0,"postCount":0}}

23:08:04.235 [pool-2-thread-28] DEBUG org.apache.http.headers -- http-outgoing-186 << Access-Control-Allow-Origin: *
23:08:04.235 [pool-2-thread-28] DEBUG org.apache.http.headers -- http-outgoing-186 << Content-Type: application/json; charset=utf-8
23:08:04.235 [pool-2-thread-28] DEBUG org.apache.http.headers -- http-outgoing-186 << Content-Length: 609
23:08:04.235 [pool-2-thread-28] DEBUG org.apache.http.headers -- http-outgoing-186 << ETag: W/"261-rGTXDmV7m48zTsenNnGW9yL+3GM"
23:08:04.235 [pool-2-thread-28] DEBUG org.apache.http.headers -- http-outgoing-186 << Date: Sun, 22 Jun 2025 16:08:04 GMT
23:08:04.235 [pool-2-thread-28] DEBUG org.apache.http.headers -- http-outgoing-186 << Connection: keep-alive
23:08:04.235 [pool-2-thread-28] DEBUG org.apache.http.headers -- http-outgoing-186 << Keep-Alive: timeout=5
23:08:04.235 [pool-2-thread-28] DEBUG org.apache.http.impl.execchain.MainClientExec -- Connection can be kept alive for 5000 MILLISECONDS
23:08:04.235 [pool-2-thread-28] DEBUG org.apache.http.impl.conn.PoolingHttpClientConnectionManager -- Connection [id: 186][route: {}->http://localhost:3000] can be kept alive for 5.0 seconds
23:08:04.235 [pool-2-thread-28] DEBUG org.apache.http.impl.conn.DefaultManagedHttpClientConnection -- http-outgoing-186: set socket timeout to 0
23:08:04.235 [pool-2-thread-28] DEBUG org.apache.http.impl.conn.PoolingHttpClientConnectionManager -- Connection released: [id: 186][route: {}->http://localhost:3000][total available: 1; route allocated: 1 of 5; total allocated: 1 of 10]
23:08:04.235 [pool-2-thread-28] DEBUG org.apache.http.impl.conn.PoolingHttpClientConnectionManager -- Connection manager is shutting down
23:08:04.235 [pool-2-thread-28] DEBUG org.apache.http.impl.conn.DefaultManagedHttpClientConnection -- http-outgoing-186: Close connection
23:08:04.235 [pool-2-thread-28] DEBUG org.apache.http.impl.conn.PoolingHttpClientConnectionManager -- Connection manager shut down
23:08:04.235 [pool-2-thread-28] DEBUG com.intuit.karate -- response time in milliseconds: 2897
6 < 200
6 < X-Powered-By: Express
6 < Access-Control-Allow-Origin: *
6 < Content-Type: application/json; charset=utf-8
6 < Content-Length: 609
6 < ETag: W/"261-rGTXDmV7m48zTsenNnGW9yL+3GM"
6 < Date: Sun, 22 Jun 2025 16:08:04 GMT
6 < Connection: keep-alive
6 < Keep-Alive: timeout=5
{"access_token":"eyJhbGciOiJIUzI1NiIsInR5cCI6IkpXVCJ9.eyJzdWIiOiIyNzJmNmI1NS01MTc5LTRhZTMtODU2My1iNGVjMTBmNzY3MTUiLCJ1c2VybmFtZSI6ImpvaG5kb2UyZDVkIiwicm9sZSI6MCwiaWF0IjoxNzUwNjA4NDgzLCJleHAiOjE3NTA2MTIwODN9.kJKBr01X4qNve26SG0wiwxLiT-eUNAcp9r8kKHJx3DE","refresh_token":"a507effa7d4cc79d213bbf0b50c13abed6d1501b56c7218787cefb910264323c","user":{"id":"272f6b55-5179-4ae3-8563-b4ec10f76715","email":"testit5@gmail.com","username":"johndoe2d5d","name":"John Doe","phoneNumber":"0123456132","profilePic":null,"bio":null,"private":false,"verified":false,"role":0,"followersCount":0,"followingCount":0,"postCount":0}}

23:08:04.236 [pool-2-thread-28] INFO com.intuit.karate -- [print] Call 6 completed, status: 200 
23:08:04.236 [pool-2-thread-27] INFO com.intuit.karate -- [print] Call 7 completed, status: 200 
23:08:04.236 [pool-2-thread-28] INFO com.intuit.karate -- [print] *** API CALL 7 *** 
23:08:04.236 [pool-2-thread-27] INFO com.intuit.karate -- [print] *** API CALL 8 *** 
23:08:04.237 [pool-2-thread-28] DEBUG org.apache.http.client.protocol.RequestAddCookies -- CookieSpec selected: karate
23:08:04.237 [pool-2-thread-27] DEBUG org.apache.http.client.protocol.RequestAddCookies -- CookieSpec selected: karate
23:08:04.237 [pool-2-thread-27] DEBUG org.apache.http.client.protocol.RequestAuthCache -- Auth cache not set in the context
23:08:04.237 [pool-2-thread-27] DEBUG com.intuit.karate -- request:
8 > POST http://localhost:3000/auth/login
8 > Content-Type: application/json; charset=UTF-8
8 > Content-Length: 54
8 > Host: localhost:3000
8 > Connection: Keep-Alive
8 > User-Agent: Apache-HttpClient/4.5.14 (Java/17.0.9)
8 > Accept-Encoding: gzip,deflate
{"email":"testit3@gmail.com","password":"Password123"}

23:08:04.237 [pool-2-thread-28] DEBUG org.apache.http.client.protocol.RequestAuthCache -- Auth cache not set in the context
23:08:04.237 [pool-2-thread-27] DEBUG org.apache.http.impl.conn.PoolingHttpClientConnectionManager -- Connection request: [route: {}->http://localhost:3000][total available: 0; route allocated: 0 of 5; total allocated: 0 of 10]
23:08:04.237 [pool-2-thread-28] DEBUG com.intuit.karate -- request:
7 > POST http://localhost:3000/auth/login
7 > Content-Type: application/json; charset=UTF-8
7 > Content-Length: 54
7 > Host: localhost:3000
7 > Connection: Keep-Alive
7 > User-Agent: Apache-HttpClient/4.5.14 (Java/17.0.9)
7 > Accept-Encoding: gzip,deflate
{"email":"testit5@gmail.com","password":"Password123"}

23:08:04.237 [pool-2-thread-28] DEBUG org.apache.http.impl.conn.PoolingHttpClientConnectionManager -- Connection request: [route: {}->http://localhost:3000][total available: 0; route allocated: 0 of 5; total allocated: 0 of 10]
23:08:04.237 [pool-2-thread-27] DEBUG org.apache.http.impl.conn.PoolingHttpClientConnectionManager -- Connection leased: [id: 211][route: {}->http://localhost:3000][total available: 0; route allocated: 1 of 5; total allocated: 1 of 10]
23:08:04.237 [pool-2-thread-28] DEBUG org.apache.http.impl.conn.PoolingHttpClientConnectionManager -- Connection leased: [id: 212][route: {}->http://localhost:3000][total available: 0; route allocated: 1 of 5; total allocated: 1 of 10]
23:08:04.237 [pool-2-thread-27] DEBUG org.apache.http.impl.execchain.MainClientExec -- Opening connection {}->http://localhost:3000
23:08:04.237 [pool-2-thread-28] DEBUG org.apache.http.impl.execchain.MainClientExec -- Opening connection {}->http://localhost:3000
23:08:04.237 [pool-2-thread-27] DEBUG org.apache.http.impl.conn.DefaultHttpClientConnectionOperator -- Connecting to localhost/127.0.0.1:3000
23:08:04.237 [pool-2-thread-28] DEBUG org.apache.http.impl.conn.DefaultHttpClientConnectionOperator -- Connecting to localhost/127.0.0.1:3000
23:08:04.238 [pool-2-thread-28] DEBUG org.apache.http.impl.conn.DefaultHttpClientConnectionOperator -- Connection established 127.0.0.1:52879<->127.0.0.1:3000
23:08:04.238 [pool-2-thread-27] DEBUG org.apache.http.impl.conn.DefaultHttpClientConnectionOperator -- Connection established 127.0.0.1:52880<->127.0.0.1:3000
23:08:04.238 [pool-2-thread-28] DEBUG org.apache.http.impl.conn.DefaultManagedHttpClientConnection -- http-outgoing-211: set socket timeout to 30000
23:08:04.238 [pool-2-thread-27] DEBUG org.apache.http.impl.conn.DefaultManagedHttpClientConnection -- http-outgoing-212: set socket timeout to 30000
23:08:04.238 [pool-2-thread-28] DEBUG org.apache.http.impl.execchain.MainClientExec -- Executing request POST /auth/login HTTP/1.1
23:08:04.238 [pool-2-thread-28] DEBUG org.apache.http.impl.execchain.MainClientExec -- Target auth state: UNCHALLENGED
23:08:04.238 [pool-2-thread-27] DEBUG org.apache.http.impl.execchain.MainClientExec -- Executing request POST /auth/login HTTP/1.1
23:08:04.238 [pool-2-thread-28] DEBUG org.apache.http.impl.execchain.MainClientExec -- Proxy auth state: UNCHALLENGED
23:08:04.238 [pool-2-thread-27] DEBUG org.apache.http.impl.execchain.MainClientExec -- Target auth state: UNCHALLENGED
23:08:04.238 [pool-2-thread-27] DEBUG org.apache.http.impl.execchain.MainClientExec -- Proxy auth state: UNCHALLENGED
23:08:04.238 [pool-2-thread-27] DEBUG org.apache.http.headers -- http-outgoing-212 >> POST /auth/login HTTP/1.1
23:08:04.238 [pool-2-thread-28] DEBUG org.apache.http.headers -- http-outgoing-211 >> POST /auth/login HTTP/1.1
23:08:04.238 [pool-2-thread-27] DEBUG org.apache.http.headers -- http-outgoing-212 >> Content-Type: application/json; charset=UTF-8
23:08:04.238 [pool-2-thread-27] DEBUG org.apache.http.headers -- http-outgoing-212 >> Content-Length: 54
23:08:04.238 [pool-2-thread-27] DEBUG org.apache.http.headers -- http-outgoing-212 >> Host: localhost:3000
23:08:04.238 [pool-2-thread-28] DEBUG org.apache.http.headers -- http-outgoing-211 >> Content-Type: application/json; charset=UTF-8
23:08:04.238 [pool-2-thread-28] DEBUG org.apache.http.headers -- http-outgoing-211 >> Content-Length: 54
23:08:04.238 [pool-2-thread-27] DEBUG org.apache.http.headers -- http-outgoing-212 >> Connection: Keep-Alive
23:08:04.238 [pool-2-thread-28] DEBUG org.apache.http.headers -- http-outgoing-211 >> Host: localhost:3000
23:08:04.238 [pool-2-thread-28] DEBUG org.apache.http.headers -- http-outgoing-211 >> Connection: Keep-Alive
23:08:04.238 [pool-2-thread-27] DEBUG org.apache.http.headers -- http-outgoing-212 >> User-Agent: Apache-HttpClient/4.5.14 (Java/17.0.9)
23:08:04.238 [pool-2-thread-28] DEBUG org.apache.http.headers -- http-outgoing-211 >> User-Agent: Apache-HttpClient/4.5.14 (Java/17.0.9)
23:08:04.238 [pool-2-thread-27] DEBUG org.apache.http.headers -- http-outgoing-212 >> Accept-Encoding: gzip,deflate
23:08:04.238 [pool-2-thread-28] DEBUG org.apache.http.headers -- http-outgoing-211 >> Accept-Encoding: gzip,deflate
23:08:04.238 [pool-2-thread-27] DEBUG org.apache.http.wire -- http-outgoing-212 >> "POST /auth/login HTTP/1.1[\r][\n]"
23:08:04.238 [pool-2-thread-27] DEBUG org.apache.http.wire -- http-outgoing-212 >> "Content-Type: application/json; charset=UTF-8[\r][\n]"
23:08:04.238 [pool-2-thread-28] DEBUG org.apache.http.wire -- http-outgoing-211 >> "POST /auth/login HTTP/1.1[\r][\n]"
23:08:04.238 [pool-2-thread-28] DEBUG org.apache.http.wire -- http-outgoing-211 >> "Content-Type: application/json; charset=UTF-8[\r][\n]"
23:08:04.238 [pool-2-thread-28] DEBUG org.apache.http.wire -- http-outgoing-211 >> "Content-Length: 54[\r][\n]"
23:08:04.238 [pool-2-thread-28] DEBUG org.apache.http.wire -- http-outgoing-211 >> "Host: localhost:3000[\r][\n]"
23:08:04.238 [pool-2-thread-28] DEBUG org.apache.http.wire -- http-outgoing-211 >> "Connection: Keep-Alive[\r][\n]"
23:08:04.238 [pool-2-thread-28] DEBUG org.apache.http.wire -- http-outgoing-211 >> "User-Agent: Apache-HttpClient/4.5.14 (Java/17.0.9)[\r][\n]"
23:08:04.238 [pool-2-thread-28] DEBUG org.apache.http.wire -- http-outgoing-211 >> "Accept-Encoding: gzip,deflate[\r][\n]"
23:08:04.238 [pool-2-thread-28] DEBUG org.apache.http.wire -- http-outgoing-211 >> "[\r][\n]"
23:08:04.238 [pool-2-thread-28] DEBUG org.apache.http.wire -- http-outgoing-211 >> "{"email":"testit5@gmail.com","password":"Password123"}"
23:08:04.238 [pool-2-thread-27] DEBUG org.apache.http.wire -- http-outgoing-212 >> "Content-Length: 54[\r][\n]"
23:08:04.238 [pool-2-thread-27] DEBUG org.apache.http.wire -- http-outgoing-212 >> "Host: localhost:3000[\r][\n]"
23:08:04.238 [pool-2-thread-27] DEBUG org.apache.http.wire -- http-outgoing-212 >> "Connection: Keep-Alive[\r][\n]"
23:08:04.238 [pool-2-thread-27] DEBUG org.apache.http.wire -- http-outgoing-212 >> "User-Agent: Apache-HttpClient/4.5.14 (Java/17.0.9)[\r][\n]"
23:08:04.238 [pool-2-thread-27] DEBUG org.apache.http.wire -- http-outgoing-212 >> "Accept-Encoding: gzip,deflate[\r][\n]"
23:08:04.238 [pool-2-thread-27] DEBUG org.apache.http.wire -- http-outgoing-212 >> "[\r][\n]"
23:08:04.238 [pool-2-thread-27] DEBUG org.apache.http.wire -- http-outgoing-212 >> "{"email":"testit3@gmail.com","password":"Password123"}"
23:08:04.266 [pool-2-thread-6] DEBUG org.apache.http.wire -- http-outgoing-188 << "HTTP/1.1 200 OK[\r][\n]"
23:08:04.266 [pool-2-thread-6] DEBUG org.apache.http.wire -- http-outgoing-188 << "X-Powered-By: Express[\r][\n]"
23:08:04.266 [pool-2-thread-6] DEBUG org.apache.http.wire -- http-outgoing-188 << "Access-Control-Allow-Origin: *[\r][\n]"
23:08:04.266 [pool-2-thread-6] DEBUG org.apache.http.wire -- http-outgoing-188 << "Content-Type: application/json; charset=utf-8[\r][\n]"
23:08:04.266 [pool-2-thread-6] DEBUG org.apache.http.wire -- http-outgoing-188 << "Content-Length: 607[\r][\n]"
23:08:04.266 [pool-2-thread-6] DEBUG org.apache.http.wire -- http-outgoing-188 << "ETag: W/"25f-lLJOfsVwU/fzcGFPeeVCwLcaCSA"[\r][\n]"
23:08:04.266 [pool-2-thread-6] DEBUG org.apache.http.wire -- http-outgoing-188 << "Date: Sun, 22 Jun 2025 16:08:04 GMT[\r][\n]"
23:08:04.266 [pool-2-thread-6] DEBUG org.apache.http.wire -- http-outgoing-188 << "Connection: keep-alive[\r][\n]"
23:08:04.266 [pool-2-thread-6] DEBUG org.apache.http.wire -- http-outgoing-188 << "Keep-Alive: timeout=5[\r][\n]"
23:08:04.266 [pool-2-thread-6] DEBUG org.apache.http.wire -- http-outgoing-188 << "[\r][\n]"
23:08:04.266 [pool-2-thread-6] DEBUG org.apache.http.wire -- http-outgoing-188 << "{"access_token":"eyJhbGciOiJIUzI1NiIsInR5cCI6IkpXVCJ9.eyJzdWIiOiI5YTI2OTc2Yy0xNTMyLTRkZjMtYTE2ZS03NjMxNTI1Yzg1MDIiLCJ1c2VybmFtZSI6ImpvaG5kb2UyZDUiLCJyb2xlIjowLCJpYXQiOjE3NTA2MDg0ODMsImV4cCI6MTc1MDYxMjA4M30.SWJeIxMvAFz4Ni1PkRkgNXEdaeUxlUl5LTcbioZQNK0","refresh_token":"e27fd48dfa7912a84755a1345adee1a174ae301ed1820b114c5be745d9b493e3","user":{"id":"9a26976c-1532-4df3-a16e-7631525c8502","email":"testit4@gmail.com","username":"johndoe2d5","name":"John Doe","phoneNumber":"0123456212","profilePic":null,"bio":null,"private":false,"verified":false,"role":0,"followersCount":0,"followingCount":0,"postCount":0}}"
23:08:04.266 [pool-2-thread-6] DEBUG org.apache.http.headers -- http-outgoing-188 << HTTP/1.1 200 OK
23:08:04.266 [pool-2-thread-6] DEBUG org.apache.http.headers -- http-outgoing-188 << X-Powered-By: Express
23:08:04.266 [pool-2-thread-6] DEBUG org.apache.http.headers -- http-outgoing-188 << Access-Control-Allow-Origin: *
23:08:04.266 [pool-2-thread-6] DEBUG org.apache.http.headers -- http-outgoing-188 << Content-Type: application/json; charset=utf-8
23:08:04.266 [pool-2-thread-6] DEBUG org.apache.http.headers -- http-outgoing-188 << Content-Length: 607
23:08:04.266 [pool-2-thread-6] DEBUG org.apache.http.headers -- http-outgoing-188 << ETag: W/"25f-lLJOfsVwU/fzcGFPeeVCwLcaCSA"
23:08:04.266 [pool-2-thread-6] DEBUG org.apache.http.headers -- http-outgoing-188 << Date: Sun, 22 Jun 2025 16:08:04 GMT
23:08:04.266 [pool-2-thread-6] DEBUG org.apache.http.headers -- http-outgoing-188 << Connection: keep-alive
23:08:04.266 [pool-2-thread-6] DEBUG org.apache.http.headers -- http-outgoing-188 << Keep-Alive: timeout=5
23:08:04.266 [pool-2-thread-6] DEBUG org.apache.http.impl.execchain.MainClientExec -- Connection can be kept alive for 5000 MILLISECONDS
23:08:04.266 [pool-2-thread-6] DEBUG org.apache.http.impl.conn.PoolingHttpClientConnectionManager -- Connection [id: 188][route: {}->http://localhost:3000] can be kept alive for 5.0 seconds
23:08:04.266 [pool-2-thread-6] DEBUG org.apache.http.impl.conn.DefaultManagedHttpClientConnection -- http-outgoing-188: set socket timeout to 0
23:08:04.266 [pool-2-thread-6] DEBUG org.apache.http.impl.conn.PoolingHttpClientConnectionManager -- Connection released: [id: 188][route: {}->http://localhost:3000][total available: 1; route allocated: 1 of 5; total allocated: 1 of 10]
23:08:04.266 [pool-2-thread-6] DEBUG org.apache.http.impl.conn.PoolingHttpClientConnectionManager -- Connection manager is shutting down
23:08:04.266 [pool-2-thread-6] DEBUG org.apache.http.impl.conn.DefaultManagedHttpClientConnection -- http-outgoing-188: Close connection
23:08:04.266 [pool-2-thread-6] DEBUG org.apache.http.impl.conn.PoolingHttpClientConnectionManager -- Connection manager shut down
23:08:04.266 [pool-2-thread-6] DEBUG com.intuit.karate -- response time in milliseconds: 2889
9 < 200
9 < X-Powered-By: Express
9 < Access-Control-Allow-Origin: *
9 < Content-Type: application/json; charset=utf-8
9 < Content-Length: 607
9 < ETag: W/"25f-lLJOfsVwU/fzcGFPeeVCwLcaCSA"
9 < Date: Sun, 22 Jun 2025 16:08:04 GMT
9 < Connection: keep-alive
9 < Keep-Alive: timeout=5
{"access_token":"eyJhbGciOiJIUzI1NiIsInR5cCI6IkpXVCJ9.eyJzdWIiOiI5YTI2OTc2Yy0xNTMyLTRkZjMtYTE2ZS03NjMxNTI1Yzg1MDIiLCJ1c2VybmFtZSI6ImpvaG5kb2UyZDUiLCJyb2xlIjowLCJpYXQiOjE3NTA2MDg0ODMsImV4cCI6MTc1MDYxMjA4M30.SWJeIxMvAFz4Ni1PkRkgNXEdaeUxlUl5LTcbioZQNK0","refresh_token":"e27fd48dfa7912a84755a1345adee1a174ae301ed1820b114c5be745d9b493e3","user":{"id":"9a26976c-1532-4df3-a16e-7631525c8502","email":"testit4@gmail.com","username":"johndoe2d5","name":"John Doe","phoneNumber":"0123456212","profilePic":null,"bio":null,"private":false,"verified":false,"role":0,"followersCount":0,"followingCount":0,"postCount":0}}

23:08:04.268 [pool-2-thread-6] INFO com.intuit.karate -- [print] Call 9 completed, status: 200 
23:08:04.269 [pool-2-thread-6] INFO com.intuit.karate -- [print] *** API CALL 10 *** 
23:08:04.274 [pool-2-thread-6] DEBUG org.apache.http.client.protocol.RequestAddCookies -- CookieSpec selected: karate
23:08:04.274 [pool-2-thread-6] DEBUG org.apache.http.client.protocol.RequestAuthCache -- Auth cache not set in the context
23:08:04.274 [pool-2-thread-6] DEBUG com.intuit.karate -- request:
10 > POST http://localhost:3000/auth/login
10 > Content-Type: application/json; charset=UTF-8
10 > Content-Length: 54
10 > Host: localhost:3000
10 > Connection: Keep-Alive
10 > User-Agent: Apache-HttpClient/4.5.14 (Java/17.0.9)
10 > Accept-Encoding: gzip,deflate
{"email":"testit4@gmail.com","password":"Password123"}

23:08:04.274 [pool-2-thread-6] DEBUG org.apache.http.impl.conn.PoolingHttpClientConnectionManager -- Connection request: [route: {}->http://localhost:3000][total available: 0; route allocated: 0 of 5; total allocated: 0 of 10]
23:08:04.274 [pool-2-thread-6] DEBUG org.apache.http.impl.conn.PoolingHttpClientConnectionManager -- Connection leased: [id: 213][route: {}->http://localhost:3000][total available: 0; route allocated: 1 of 5; total allocated: 1 of 10]
23:08:04.274 [pool-2-thread-6] DEBUG org.apache.http.impl.execchain.MainClientExec -- Opening connection {}->http://localhost:3000
23:08:04.274 [pool-2-thread-6] DEBUG org.apache.http.impl.conn.DefaultHttpClientConnectionOperator -- Connecting to localhost/127.0.0.1:3000
23:08:04.275 [pool-2-thread-6] DEBUG org.apache.http.impl.conn.DefaultHttpClientConnectionOperator -- Connection established 127.0.0.1:52881<->127.0.0.1:3000
23:08:04.275 [pool-2-thread-6] DEBUG org.apache.http.impl.conn.DefaultManagedHttpClientConnection -- http-outgoing-213: set socket timeout to 30000
23:08:04.275 [pool-2-thread-6] DEBUG org.apache.http.impl.execchain.MainClientExec -- Executing request POST /auth/login HTTP/1.1
23:08:04.275 [pool-2-thread-6] DEBUG org.apache.http.impl.execchain.MainClientExec -- Target auth state: UNCHALLENGED
23:08:04.275 [pool-2-thread-6] DEBUG org.apache.http.impl.execchain.MainClientExec -- Proxy auth state: UNCHALLENGED
23:08:04.275 [pool-2-thread-6] DEBUG org.apache.http.headers -- http-outgoing-213 >> POST /auth/login HTTP/1.1
23:08:04.275 [pool-2-thread-6] DEBUG org.apache.http.headers -- http-outgoing-213 >> Content-Type: application/json; charset=UTF-8
23:08:04.275 [pool-2-thread-6] DEBUG org.apache.http.headers -- http-outgoing-213 >> Content-Length: 54
23:08:04.275 [pool-2-thread-6] DEBUG org.apache.http.headers -- http-outgoing-213 >> Host: localhost:3000
23:08:04.275 [pool-2-thread-6] DEBUG org.apache.http.headers -- http-outgoing-213 >> Connection: Keep-Alive
23:08:04.275 [pool-2-thread-6] DEBUG org.apache.http.headers -- http-outgoing-213 >> User-Agent: Apache-HttpClient/4.5.14 (Java/17.0.9)
23:08:04.275 [pool-2-thread-6] DEBUG org.apache.http.headers -- http-outgoing-213 >> Accept-Encoding: gzip,deflate
23:08:04.275 [pool-2-thread-6] DEBUG org.apache.http.wire -- http-outgoing-213 >> "POST /auth/login HTTP/1.1[\r][\n]"
23:08:04.275 [pool-2-thread-6] DEBUG org.apache.http.wire -- http-outgoing-213 >> "Content-Type: application/json; charset=UTF-8[\r][\n]"
23:08:04.275 [pool-2-thread-6] DEBUG org.apache.http.wire -- http-outgoing-213 >> "Content-Length: 54[\r][\n]"
23:08:04.275 [pool-2-thread-6] DEBUG org.apache.http.wire -- http-outgoing-213 >> "Host: localhost:3000[\r][\n]"
23:08:04.275 [pool-2-thread-6] DEBUG org.apache.http.wire -- http-outgoing-213 >> "Connection: Keep-Alive[\r][\n]"
23:08:04.275 [pool-2-thread-6] DEBUG org.apache.http.wire -- http-outgoing-213 >> "User-Agent: Apache-HttpClient/4.5.14 (Java/17.0.9)[\r][\n]"
23:08:04.275 [pool-2-thread-6] DEBUG org.apache.http.wire -- http-outgoing-213 >> "Accept-Encoding: gzip,deflate[\r][\n]"
23:08:04.275 [pool-2-thread-6] DEBUG org.apache.http.wire -- http-outgoing-213 >> "[\r][\n]"
23:08:04.275 [pool-2-thread-6] DEBUG org.apache.http.wire -- http-outgoing-213 >> "{"email":"testit4@gmail.com","password":"Password123"}"
23:08:04.290 [pool-2-thread-10] DEBUG org.apache.http.wire -- http-outgoing-189 << "HTTP/1.1 200 OK[\r][\n]"
23:08:04.290 [pool-2-thread-10] DEBUG org.apache.http.wire -- http-outgoing-189 << "X-Powered-By: Express[\r][\n]"
23:08:04.290 [pool-2-thread-10] DEBUG org.apache.http.wire -- http-outgoing-189 << "Access-Control-Allow-Origin: *[\r][\n]"
23:08:04.290 [pool-2-thread-10] DEBUG org.apache.http.wire -- http-outgoing-189 << "Content-Type: application/json; charset=utf-8[\r][\n]"
23:08:04.290 [pool-2-thread-10] DEBUG org.apache.http.wire -- http-outgoing-189 << "Content-Length: 605[\r][\n]"
23:08:04.290 [pool-2-thread-10] DEBUG org.apache.http.wire -- http-outgoing-189 << "ETag: W/"25d-yUzRKoR2L8CEJ8QfbYJivI50LbE"[\r][\n]"
23:08:04.290 [pool-2-thread-10] DEBUG org.apache.http.wire -- http-outgoing-189 << "Date: Sun, 22 Jun 2025 16:08:04 GMT[\r][\n]"
23:08:04.290 [pool-2-thread-10] DEBUG org.apache.http.wire -- http-outgoing-189 << "Connection: keep-alive[\r][\n]"
23:08:04.290 [pool-2-thread-10] DEBUG org.apache.http.wire -- http-outgoing-189 << "Keep-Alive: timeout=5[\r][\n]"
23:08:04.290 [pool-2-thread-10] DEBUG org.apache.http.wire -- http-outgoing-189 << "[\r][\n]"
23:08:04.290 [pool-2-thread-10] DEBUG org.apache.http.wire -- http-outgoing-189 << "{"access_token":"eyJhbGciOiJIUzI1NiIsInR5cCI6IkpXVCJ9.eyJzdWIiOiIwYTM3ZWY0My1mZWU4LTQxZDMtYTY4Ni04YWIwODY5NDg2OTUiLCJ1c2VybmFtZSI6ImpvaG5kb2UyMSIsInJvbGUiOjAsImlhdCI6MTc1MDYwODQ4MywiZXhwIjoxNzUwNjEyMDgzfQ.15FWEOSyKA5SLAMzDgWMvlf-kt3bCE1Aa5RSxFn_b6Q","refresh_token":"db866ac6fab011bca61c03713720072bcea8d71d0cec038f16d8a592b69b9ebd","user":{"id":"0a37ef43-fee8-41d3-a686-8ab086948695","email":"testit2@gmail.com","username":"johndoe21","name":"John Doe","phoneNumber":"0123456712","profilePic":null,"bio":null,"private":false,"verified":false,"role":0,"followersCount":0,"followingCount":0,"postCount":0}}"
23:08:04.290 [pool-2-thread-10] DEBUG org.apache.http.headers -- http-outgoing-189 << HTTP/1.1 200 OK
23:08:04.290 [pool-2-thread-10] DEBUG org.apache.http.headers -- http-outgoing-189 << X-Powered-By: Express
23:08:04.290 [pool-2-thread-10] DEBUG org.apache.http.headers -- http-outgoing-189 << Access-Control-Allow-Origin: *
23:08:04.290 [pool-2-thread-10] DEBUG org.apache.http.headers -- http-outgoing-189 << Content-Type: application/json; charset=utf-8
23:08:04.290 [pool-2-thread-10] DEBUG org.apache.http.headers -- http-outgoing-189 << Content-Length: 605
23:08:04.290 [pool-2-thread-10] DEBUG org.apache.http.headers -- http-outgoing-189 << ETag: W/"25d-yUzRKoR2L8CEJ8QfbYJivI50LbE"
23:08:04.290 [pool-2-thread-10] DEBUG org.apache.http.headers -- http-outgoing-189 << Date: Sun, 22 Jun 2025 16:08:04 GMT
23:08:04.290 [pool-2-thread-10] DEBUG org.apache.http.headers -- http-outgoing-189 << Connection: keep-alive
23:08:04.290 [pool-2-thread-10] DEBUG org.apache.http.headers -- http-outgoing-189 << Keep-Alive: timeout=5
23:08:04.290 [pool-2-thread-10] DEBUG org.apache.http.impl.execchain.MainClientExec -- Connection can be kept alive for 5000 MILLISECONDS
23:08:04.290 [pool-2-thread-10] DEBUG org.apache.http.impl.conn.PoolingHttpClientConnectionManager -- Connection [id: 189][route: {}->http://localhost:3000] can be kept alive for 5.0 seconds
23:08:04.290 [pool-2-thread-10] DEBUG org.apache.http.impl.conn.DefaultManagedHttpClientConnection -- http-outgoing-189: set socket timeout to 0
23:08:04.290 [pool-2-thread-10] DEBUG org.apache.http.impl.conn.PoolingHttpClientConnectionManager -- Connection released: [id: 189][route: {}->http://localhost:3000][total available: 1; route allocated: 1 of 5; total allocated: 1 of 10]
23:08:04.290 [pool-2-thread-10] DEBUG org.apache.http.impl.conn.PoolingHttpClientConnectionManager -- Connection manager is shutting down
23:08:04.290 [pool-2-thread-10] DEBUG org.apache.http.impl.conn.DefaultManagedHttpClientConnection -- http-outgoing-189: Close connection
23:08:04.290 [pool-2-thread-10] DEBUG org.apache.http.impl.conn.PoolingHttpClientConnectionManager -- Connection manager shut down
23:08:04.290 [pool-2-thread-10] DEBUG com.intuit.karate -- response time in milliseconds: 2902
7 < 200
7 < X-Powered-By: Express
7 < Access-Control-Allow-Origin: *
7 < Content-Type: application/json; charset=utf-8
7 < Content-Length: 605
7 < ETag: W/"25d-yUzRKoR2L8CEJ8QfbYJivI50LbE"
7 < Date: Sun, 22 Jun 2025 16:08:04 GMT
7 < Connection: keep-alive
7 < Keep-Alive: timeout=5
{"access_token":"eyJhbGciOiJIUzI1NiIsInR5cCI6IkpXVCJ9.eyJzdWIiOiIwYTM3ZWY0My1mZWU4LTQxZDMtYTY4Ni04YWIwODY5NDg2OTUiLCJ1c2VybmFtZSI6ImpvaG5kb2UyMSIsInJvbGUiOjAsImlhdCI6MTc1MDYwODQ4MywiZXhwIjoxNzUwNjEyMDgzfQ.15FWEOSyKA5SLAMzDgWMvlf-kt3bCE1Aa5RSxFn_b6Q","refresh_token":"db866ac6fab011bca61c03713720072bcea8d71d0cec038f16d8a592b69b9ebd","user":{"id":"0a37ef43-fee8-41d3-a686-8ab086948695","email":"testit2@gmail.com","username":"johndoe21","name":"John Doe","phoneNumber":"0123456712","profilePic":null,"bio":null,"private":false,"verified":false,"role":0,"followersCount":0,"followingCount":0,"postCount":0}}

23:08:04.292 [pool-2-thread-10] INFO com.intuit.karate -- [print] Call 7 completed, status: 200 
23:08:04.292 [pool-2-thread-10] INFO com.intuit.karate -- [print] *** API CALL 8 *** 
23:08:04.294 [pool-2-thread-10] DEBUG org.apache.http.client.protocol.RequestAddCookies -- CookieSpec selected: karate
23:08:04.294 [pool-2-thread-10] DEBUG org.apache.http.client.protocol.RequestAuthCache -- Auth cache not set in the context
23:08:04.294 [pool-2-thread-10] DEBUG com.intuit.karate -- request:
8 > POST http://localhost:3000/auth/login
8 > Content-Type: application/json; charset=UTF-8
8 > Content-Length: 54
8 > Host: localhost:3000
8 > Connection: Keep-Alive
8 > User-Agent: Apache-HttpClient/4.5.14 (Java/17.0.9)
8 > Accept-Encoding: gzip,deflate
{"email":"testit2@gmail.com","password":"Password123"}

23:08:04.294 [pool-2-thread-10] DEBUG org.apache.http.impl.conn.PoolingHttpClientConnectionManager -- Connection request: [route: {}->http://localhost:3000][total available: 0; route allocated: 0 of 5; total allocated: 0 of 10]
23:08:04.294 [pool-2-thread-10] DEBUG org.apache.http.impl.conn.PoolingHttpClientConnectionManager -- Connection leased: [id: 214][route: {}->http://localhost:3000][total available: 0; route allocated: 1 of 5; total allocated: 1 of 10]
23:08:04.294 [pool-2-thread-10] DEBUG org.apache.http.impl.execchain.MainClientExec -- Opening connection {}->http://localhost:3000
23:08:04.294 [pool-2-thread-10] DEBUG org.apache.http.impl.conn.DefaultHttpClientConnectionOperator -- Connecting to localhost/127.0.0.1:3000
23:08:04.295 [pool-2-thread-10] DEBUG org.apache.http.impl.conn.DefaultHttpClientConnectionOperator -- Connection established 127.0.0.1:52882<->127.0.0.1:3000
23:08:04.295 [pool-2-thread-10] DEBUG org.apache.http.impl.conn.DefaultManagedHttpClientConnection -- http-outgoing-214: set socket timeout to 30000
23:08:04.295 [pool-2-thread-10] DEBUG org.apache.http.impl.execchain.MainClientExec -- Executing request POST /auth/login HTTP/1.1
23:08:04.295 [pool-2-thread-10] DEBUG org.apache.http.impl.execchain.MainClientExec -- Target auth state: UNCHALLENGED
23:08:04.295 [pool-2-thread-10] DEBUG org.apache.http.impl.execchain.MainClientExec -- Proxy auth state: UNCHALLENGED
23:08:04.295 [pool-2-thread-10] DEBUG org.apache.http.headers -- http-outgoing-214 >> POST /auth/login HTTP/1.1
23:08:04.295 [pool-2-thread-10] DEBUG org.apache.http.headers -- http-outgoing-214 >> Content-Type: application/json; charset=UTF-8
23:08:04.295 [pool-2-thread-10] DEBUG org.apache.http.headers -- http-outgoing-214 >> Content-Length: 54
23:08:04.295 [pool-2-thread-10] DEBUG org.apache.http.headers -- http-outgoing-214 >> Host: localhost:3000
23:08:04.295 [pool-2-thread-10] DEBUG org.apache.http.headers -- http-outgoing-214 >> Connection: Keep-Alive
23:08:04.295 [pool-2-thread-10] DEBUG org.apache.http.headers -- http-outgoing-214 >> User-Agent: Apache-HttpClient/4.5.14 (Java/17.0.9)
23:08:04.295 [pool-2-thread-10] DEBUG org.apache.http.headers -- http-outgoing-214 >> Accept-Encoding: gzip,deflate
23:08:04.295 [pool-2-thread-10] DEBUG org.apache.http.wire -- http-outgoing-214 >> "POST /auth/login HTTP/1.1[\r][\n]"
23:08:04.295 [pool-2-thread-10] DEBUG org.apache.http.wire -- http-outgoing-214 >> "Content-Type: application/json; charset=UTF-8[\r][\n]"
23:08:04.295 [pool-2-thread-10] DEBUG org.apache.http.wire -- http-outgoing-214 >> "Content-Length: 54[\r][\n]"
23:08:04.295 [pool-2-thread-10] DEBUG org.apache.http.wire -- http-outgoing-214 >> "Host: localhost:3000[\r][\n]"
23:08:04.295 [pool-2-thread-10] DEBUG org.apache.http.wire -- http-outgoing-214 >> "Connection: Keep-Alive[\r][\n]"
23:08:04.295 [pool-2-thread-10] DEBUG org.apache.http.wire -- http-outgoing-214 >> "User-Agent: Apache-HttpClient/4.5.14 (Java/17.0.9)[\r][\n]"
23:08:04.295 [pool-2-thread-10] DEBUG org.apache.http.wire -- http-outgoing-214 >> "Accept-Encoding: gzip,deflate[\r][\n]"
23:08:04.295 [pool-2-thread-10] DEBUG org.apache.http.wire -- http-outgoing-214 >> "[\r][\n]"
23:08:04.295 [pool-2-thread-10] DEBUG org.apache.http.wire -- http-outgoing-214 >> "{"email":"testit2@gmail.com","password":"Password123"}"
23:08:04.406 [pool-2-thread-5] DEBUG org.apache.http.wire -- http-outgoing-191 << "HTTP/1.1 200 OK[\r][\n]"
23:08:04.407 [pool-2-thread-5] DEBUG org.apache.http.wire -- http-outgoing-191 << "X-Powered-By: Express[\r][\n]"
23:08:04.407 [pool-2-thread-5] DEBUG org.apache.http.wire -- http-outgoing-191 << "Access-Control-Allow-Origin: *[\r][\n]"
23:08:04.407 [pool-2-thread-5] DEBUG org.apache.http.wire -- http-outgoing-191 << "Content-Type: application/json; charset=utf-8[\r][\n]"
23:08:04.407 [pool-2-thread-5] DEBUG org.apache.http.wire -- http-outgoing-191 << "Content-Length: 607[\r][\n]"
23:08:04.407 [pool-2-thread-5] DEBUG org.apache.http.wire -- http-outgoing-191 << "ETag: W/"25f-orA5fHQllXlgfRPGYdPQa7zOUfU"[\r][\n]"
23:08:04.407 [pool-2-thread-5] DEBUG org.apache.http.wire -- http-outgoing-191 << "Date: Sun, 22 Jun 2025 16:08:04 GMT[\r][\n]"
23:08:04.407 [pool-2-thread-5] DEBUG org.apache.http.wire -- http-outgoing-191 << "Connection: keep-alive[\r][\n]"
23:08:04.407 [pool-2-thread-5] DEBUG org.apache.http.wire -- http-outgoing-191 << "Keep-Alive: timeout=5[\r][\n]"
23:08:04.407 [pool-2-thread-5] DEBUG org.apache.http.wire -- http-outgoing-191 << "[\r][\n]"
23:08:04.407 [pool-2-thread-5] DEBUG org.apache.http.wire -- http-outgoing-191 << "{"access_token":"eyJhbGciOiJIUzI1NiIsInR5cCI6IkpXVCJ9.eyJzdWIiOiJjMjE0MjJkZi1jY2VjLTQ0MGUtOWE0Mi1jMWI4MmFiZjczM2QiLCJ1c2VybmFtZSI6ImpvaG5kb2UyOCIsInJvbGUiOjAsImlhdCI6MTc1MDYwODQ4NCwiZXhwIjoxNzUwNjEyMDg0fQ.wlW0r9_3n8gFRdJPXZf5aJjAaMcKmj19xi7yYhh4jxQ","refresh_token":"cdf7166b9742387fc94073104c897156bb3e1da21346f540886020c8f6ea7cc7","user":{"id":"c21422df-ccec-440e-9a42-c1b82abf733d","email":"test28@example.com","username":"johndoe28","name":"John Doe","phoneNumber":"84987654321","profilePic":null,"bio":null,"private":false,"verified":false,"role":0,"followersCount":0,"followingCount":0,"postCount":0}}"
23:08:04.407 [pool-2-thread-5] DEBUG org.apache.http.headers -- http-outgoing-191 << HTTP/1.1 200 OK
23:08:04.407 [pool-2-thread-5] DEBUG org.apache.http.headers -- http-outgoing-191 << X-Powered-By: Express
23:08:04.407 [pool-2-thread-5] DEBUG org.apache.http.headers -- http-outgoing-191 << Access-Control-Allow-Origin: *
23:08:04.407 [pool-2-thread-5] DEBUG org.apache.http.headers -- http-outgoing-191 << Content-Type: application/json; charset=utf-8
23:08:04.407 [pool-2-thread-5] DEBUG org.apache.http.headers -- http-outgoing-191 << Content-Length: 607
23:08:04.407 [pool-2-thread-5] DEBUG org.apache.http.headers -- http-outgoing-191 << ETag: W/"25f-orA5fHQllXlgfRPGYdPQa7zOUfU"
23:08:04.407 [pool-2-thread-5] DEBUG org.apache.http.headers -- http-outgoing-191 << Date: Sun, 22 Jun 2025 16:08:04 GMT
23:08:04.407 [pool-2-thread-5] DEBUG org.apache.http.headers -- http-outgoing-191 << Connection: keep-alive
23:08:04.407 [pool-2-thread-5] DEBUG org.apache.http.headers -- http-outgoing-191 << Keep-Alive: timeout=5
23:08:04.407 [pool-2-thread-5] DEBUG org.apache.http.impl.execchain.MainClientExec -- Connection can be kept alive for 5000 MILLISECONDS
23:08:04.407 [pool-2-thread-5] DEBUG org.apache.http.impl.conn.PoolingHttpClientConnectionManager -- Connection [id: 191][route: {}->http://localhost:3000] can be kept alive for 5.0 seconds
23:08:04.407 [pool-2-thread-5] DEBUG org.apache.http.impl.conn.DefaultManagedHttpClientConnection -- http-outgoing-191: set socket timeout to 0
23:08:04.407 [pool-2-thread-5] DEBUG org.apache.http.impl.conn.PoolingHttpClientConnectionManager -- Connection released: [id: 191][route: {}->http://localhost:3000][total available: 1; route allocated: 1 of 5; total allocated: 1 of 10]
23:08:04.407 [pool-2-thread-5] DEBUG org.apache.http.impl.conn.PoolingHttpClientConnectionManager -- Connection manager is shutting down
23:08:04.407 [pool-2-thread-5] DEBUG org.apache.http.impl.conn.DefaultManagedHttpClientConnection -- http-outgoing-191: Close connection
23:08:04.407 [pool-2-thread-5] DEBUG org.apache.http.impl.conn.PoolingHttpClientConnectionManager -- Connection manager shut down
23:08:04.408 [pool-2-thread-5] DEBUG com.intuit.karate -- response time in milliseconds: 2216
9 < 200
9 < X-Powered-By: Express
9 < Access-Control-Allow-Origin: *
9 < Content-Type: application/json; charset=utf-8
9 < Content-Length: 607
9 < ETag: W/"25f-orA5fHQllXlgfRPGYdPQa7zOUfU"
9 < Date: Sun, 22 Jun 2025 16:08:04 GMT
9 < Connection: keep-alive
9 < Keep-Alive: timeout=5
{"access_token":"eyJhbGciOiJIUzI1NiIsInR5cCI6IkpXVCJ9.eyJzdWIiOiJjMjE0MjJkZi1jY2VjLTQ0MGUtOWE0Mi1jMWI4MmFiZjczM2QiLCJ1c2VybmFtZSI6ImpvaG5kb2UyOCIsInJvbGUiOjAsImlhdCI6MTc1MDYwODQ4NCwiZXhwIjoxNzUwNjEyMDg0fQ.wlW0r9_3n8gFRdJPXZf5aJjAaMcKmj19xi7yYhh4jxQ","refresh_token":"cdf7166b9742387fc94073104c897156bb3e1da21346f540886020c8f6ea7cc7","user":{"id":"c21422df-ccec-440e-9a42-c1b82abf733d","email":"test28@example.com","username":"johndoe28","name":"John Doe","phoneNumber":"84987654321","profilePic":null,"bio":null,"private":false,"verified":false,"role":0,"followersCount":0,"followingCount":0,"postCount":0}}

23:08:04.409 [pool-2-thread-5] INFO com.intuit.karate -- [print] Call 9 completed, status: 200 
23:08:04.409 [pool-2-thread-1] DEBUG org.apache.http.wire -- http-outgoing-198 << "HTTP/1.1 200 OK[\r][\n]"
23:08:04.409 [pool-2-thread-1] DEBUG org.apache.http.wire -- http-outgoing-198 << "X-Powered-By: Express[\r][\n]"
23:08:04.409 [pool-2-thread-1] DEBUG org.apache.http.wire -- http-outgoing-198 << "Access-Control-Allow-Origin: *[\r][\n]"
23:08:04.409 [pool-2-thread-1] DEBUG org.apache.http.wire -- http-outgoing-198 << "Content-Type: application/json; charset=utf-8[\r][\n]"
23:08:04.409 [pool-2-thread-1] DEBUG org.apache.http.wire -- http-outgoing-198 << "Content-Length: 708[\r][\n]"
23:08:04.409 [pool-2-thread-1] DEBUG org.apache.http.wire -- http-outgoing-198 << "ETag: W/"2c4-hexJZKIcWPrPj8R9sWmZFxz4QP8"[\r][\n]"
23:08:04.409 [pool-2-thread-1] DEBUG org.apache.http.wire -- http-outgoing-198 << "Date: Sun, 22 Jun 2025 16:08:04 GMT[\r][\n]"
23:08:04.409 [pool-2-thread-1] DEBUG org.apache.http.wire -- http-outgoing-198 << "Connection: keep-alive[\r][\n]"
23:08:04.409 [pool-2-thread-1] DEBUG org.apache.http.wire -- http-outgoing-198 << "Keep-Alive: timeout=5[\r][\n]"
23:08:04.409 [pool-2-thread-1] DEBUG org.apache.http.wire -- http-outgoing-198 << "[\r][\n]"
23:08:04.409 [pool-2-thread-1] DEBUG org.apache.http.wire -- http-outgoing-198 << "{"access_token":"eyJhbGciOiJIUzI1NiIsInR5cCI6IkpXVCJ9.eyJzdWIiOiIwODUxNWIwNS0yZDNlLTQ3ODktYWQ2MC1kYjM1NTI1YTQ5NzAiLCJ1c2VybmFtZSI6Im5hbSIsInJvbGUiOjAsImlhdCI6MTc1MDYwODQ4NCwiZXhwIjoxNzUwNjEyMDg0fQ.-RigaoX-JZn0nNrbfaPGNG-cjTURbFb6fmWlsLv48tw","refresh_token":"61bf49da40eab5841f507ae50f89470f621bcb60470bdbef28116fb4e1ff9896","user":{"id":"08515b05-2d3e-4789-ad60-db35525a4970","email":"nam@gmail.com","username":"nam","name":"nam","phoneNumber":"0123456789","profilePic":"https://res.cloudinary.com/dizcvrefo/image/upload/v1749266646/nestjs_uploads/zk9zrpeidnovxibfqdxr.png","bio":"Chu tich hoi dong Quan tri 1","private":false,"verified":false,"role":0,"followersCount":2,"followingCount":2,"postCount":13}}"
23:08:04.409 [pool-2-thread-1] DEBUG org.apache.http.headers -- http-outgoing-198 << HTTP/1.1 200 OK
23:08:04.409 [pool-2-thread-1] DEBUG org.apache.http.headers -- http-outgoing-198 << X-Powered-By: Express
23:08:04.409 [pool-2-thread-1] DEBUG org.apache.http.headers -- http-outgoing-198 << Access-Control-Allow-Origin: *
23:08:04.409 [pool-2-thread-1] DEBUG org.apache.http.headers -- http-outgoing-198 << Content-Type: application/json; charset=utf-8
23:08:04.409 [pool-2-thread-1] DEBUG org.apache.http.headers -- http-outgoing-198 << Content-Length: 708
23:08:04.409 [pool-2-thread-1] DEBUG org.apache.http.headers -- http-outgoing-198 << ETag: W/"2c4-hexJZKIcWPrPj8R9sWmZFxz4QP8"
23:08:04.409 [pool-2-thread-1] DEBUG org.apache.http.headers -- http-outgoing-198 << Date: Sun, 22 Jun 2025 16:08:04 GMT
23:08:04.409 [pool-2-thread-1] DEBUG org.apache.http.headers -- http-outgoing-198 << Connection: keep-alive
23:08:04.409 [pool-2-thread-1] DEBUG org.apache.http.headers -- http-outgoing-198 << Keep-Alive: timeout=5
23:08:04.409 [pool-2-thread-1] DEBUG org.apache.http.impl.execchain.MainClientExec -- Connection can be kept alive for 5000 MILLISECONDS
23:08:04.409 [pool-2-thread-5] INFO com.intuit.karate -- [print] *** API CALL 10 *** 
23:08:04.409 [pool-2-thread-1] DEBUG org.apache.http.impl.conn.PoolingHttpClientConnectionManager -- Connection [id: 198][route: {}->http://localhost:3000] can be kept alive for 5.0 seconds
23:08:04.409 [pool-2-thread-1] DEBUG org.apache.http.impl.conn.DefaultManagedHttpClientConnection -- http-outgoing-198: set socket timeout to 0
23:08:04.409 [pool-2-thread-1] DEBUG org.apache.http.impl.conn.PoolingHttpClientConnectionManager -- Connection released: [id: 198][route: {}->http://localhost:3000][total available: 1; route allocated: 1 of 5; total allocated: 1 of 10]
23:08:04.409 [pool-2-thread-1] DEBUG org.apache.http.impl.conn.PoolingHttpClientConnectionManager -- Connection manager is shutting down
23:08:04.409 [pool-2-thread-1] DEBUG org.apache.http.impl.conn.DefaultManagedHttpClientConnection -- http-outgoing-198: Close connection
23:08:04.410 [pool-2-thread-1] DEBUG org.apache.http.impl.conn.PoolingHttpClientConnectionManager -- Connection manager shut down
23:08:04.410 [pool-2-thread-1] DEBUG com.intuit.karate -- response time in milliseconds: 1976
10 < 200
10 < X-Powered-By: Express
10 < Access-Control-Allow-Origin: *
10 < Content-Type: application/json; charset=utf-8
10 < Content-Length: 708
10 < ETag: W/"2c4-hexJZKIcWPrPj8R9sWmZFxz4QP8"
10 < Date: Sun, 22 Jun 2025 16:08:04 GMT
10 < Connection: keep-alive
10 < Keep-Alive: timeout=5
{"access_token":"eyJhbGciOiJIUzI1NiIsInR5cCI6IkpXVCJ9.eyJzdWIiOiIwODUxNWIwNS0yZDNlLTQ3ODktYWQ2MC1kYjM1NTI1YTQ5NzAiLCJ1c2VybmFtZSI6Im5hbSIsInJvbGUiOjAsImlhdCI6MTc1MDYwODQ4NCwiZXhwIjoxNzUwNjEyMDg0fQ.-RigaoX-JZn0nNrbfaPGNG-cjTURbFb6fmWlsLv48tw","refresh_token":"61bf49da40eab5841f507ae50f89470f621bcb60470bdbef28116fb4e1ff9896","user":{"id":"08515b05-2d3e-4789-ad60-db35525a4970","email":"nam@gmail.com","username":"nam","name":"nam","phoneNumber":"0123456789","profilePic":"https://res.cloudinary.com/dizcvrefo/image/upload/v1749266646/nestjs_uploads/zk9zrpeidnovxibfqdxr.png","bio":"Chu tich hoi dong Quan tri 1","private":false,"verified":false,"role":0,"followersCount":2,"followingCount":2,"postCount":13}}

23:08:04.410 [pool-2-thread-1] INFO com.intuit.karate -- [print] Call 10 completed, status: 200 
23:08:04.410 [pool-2-thread-5] DEBUG org.apache.http.client.protocol.RequestAddCookies -- CookieSpec selected: karate
23:08:04.410 [pool-2-thread-5] DEBUG org.apache.http.client.protocol.RequestAuthCache -- Auth cache not set in the context
23:08:04.410 [pool-2-thread-5] DEBUG com.intuit.karate -- request:
10 > POST http://localhost:3000/auth/login
10 > Content-Type: application/json; charset=UTF-8
10 > Content-Length: 55
10 > Host: localhost:3000
10 > Connection: Keep-Alive
10 > User-Agent: Apache-HttpClient/4.5.14 (Java/17.0.9)
10 > Accept-Encoding: gzip,deflate
{"email":"test28@example.com","password":"Password123"}

23:08:04.411 [pool-2-thread-5] DEBUG org.apache.http.impl.conn.PoolingHttpClientConnectionManager -- Connection request: [route: {}->http://localhost:3000][total available: 0; route allocated: 0 of 5; total allocated: 0 of 10]
23:08:04.411 [pool-2-thread-5] DEBUG org.apache.http.impl.conn.PoolingHttpClientConnectionManager -- Connection leased: [id: 215][route: {}->http://localhost:3000][total available: 0; route allocated: 1 of 5; total allocated: 1 of 10]
23:08:04.411 [pool-2-thread-5] DEBUG org.apache.http.impl.execchain.MainClientExec -- Opening connection {}->http://localhost:3000
23:08:04.411 [pool-2-thread-5] DEBUG org.apache.http.impl.conn.DefaultHttpClientConnectionOperator -- Connecting to localhost/127.0.0.1:3000
23:08:04.411 [pool-2-thread-1] INFO com.intuit.karate -- [print] === COMPLETED 10 API CALLS for user: nam@gmail.com === 
23:08:04.411 [pool-2-thread-5] DEBUG org.apache.http.impl.conn.DefaultHttpClientConnectionOperator -- Connection established 127.0.0.1:52883<->127.0.0.1:3000
23:08:04.411 [pool-2-thread-5] DEBUG org.apache.http.impl.conn.DefaultManagedHttpClientConnection -- http-outgoing-215: set socket timeout to 30000
23:08:04.411 [pool-2-thread-5] DEBUG org.apache.http.impl.execchain.MainClientExec -- Executing request POST /auth/login HTTP/1.1
23:08:04.411 [pool-2-thread-5] DEBUG org.apache.http.impl.execchain.MainClientExec -- Target auth state: UNCHALLENGED
23:08:04.411 [pool-2-thread-5] DEBUG org.apache.http.impl.execchain.MainClientExec -- Proxy auth state: UNCHALLENGED
23:08:04.411 [pool-2-thread-5] DEBUG org.apache.http.headers -- http-outgoing-215 >> POST /auth/login HTTP/1.1
23:08:04.411 [pool-2-thread-5] DEBUG org.apache.http.headers -- http-outgoing-215 >> Content-Type: application/json; charset=UTF-8
23:08:04.411 [pool-2-thread-5] DEBUG org.apache.http.headers -- http-outgoing-215 >> Content-Length: 55
23:08:04.411 [pool-2-thread-5] DEBUG org.apache.http.headers -- http-outgoing-215 >> Host: localhost:3000
23:08:04.411 [pool-2-thread-5] DEBUG org.apache.http.headers -- http-outgoing-215 >> Connection: Keep-Alive
23:08:04.411 [pool-2-thread-5] DEBUG org.apache.http.headers -- http-outgoing-215 >> User-Agent: Apache-HttpClient/4.5.14 (Java/17.0.9)
23:08:04.411 [pool-2-thread-5] DEBUG org.apache.http.headers -- http-outgoing-215 >> Accept-Encoding: gzip,deflate
23:08:04.411 [pool-2-thread-5] DEBUG org.apache.http.wire -- http-outgoing-215 >> "POST /auth/login HTTP/1.1[\r][\n]"
23:08:04.411 [pool-2-thread-5] DEBUG org.apache.http.wire -- http-outgoing-215 >> "Content-Type: application/json; charset=UTF-8[\r][\n]"
23:08:04.411 [pool-2-thread-5] DEBUG org.apache.http.wire -- http-outgoing-215 >> "Content-Length: 55[\r][\n]"
23:08:04.411 [pool-2-thread-5] DEBUG org.apache.http.wire -- http-outgoing-215 >> "Host: localhost:3000[\r][\n]"
23:08:04.411 [pool-2-thread-5] DEBUG org.apache.http.wire -- http-outgoing-215 >> "Connection: Keep-Alive[\r][\n]"
23:08:04.411 [pool-2-thread-5] DEBUG org.apache.http.wire -- http-outgoing-215 >> "User-Agent: Apache-HttpClient/4.5.14 (Java/17.0.9)[\r][\n]"
23:08:04.411 [pool-2-thread-5] DEBUG org.apache.http.wire -- http-outgoing-215 >> "Accept-Encoding: gzip,deflate[\r][\n]"
23:08:04.411 [pool-2-thread-5] DEBUG org.apache.http.wire -- http-outgoing-215 >> "[\r][\n]"
23:08:04.411 [pool-2-thread-5] DEBUG org.apache.http.wire -- http-outgoing-215 >> "{"email":"test28@example.com","password":"Password123"}"
23:08:04.425 [pool-2-thread-12] DEBUG org.apache.http.wire -- http-outgoing-190 << "HTTP/1.1 200 OK[\r][\n]"
23:08:04.425 [pool-2-thread-12] DEBUG org.apache.http.wire -- http-outgoing-190 << "X-Powered-By: Express[\r][\n]"
23:08:04.425 [pool-2-thread-12] DEBUG org.apache.http.wire -- http-outgoing-190 << "Access-Control-Allow-Origin: *[\r][\n]"
23:08:04.425 [pool-2-thread-12] DEBUG org.apache.http.wire -- http-outgoing-190 << "Content-Type: application/json; charset=utf-8[\r][\n]"
23:08:04.425 [pool-2-thread-12] DEBUG org.apache.http.wire -- http-outgoing-190 << "Content-Length: 715[\r][\n]"
23:08:04.425 [pool-2-thread-12] DEBUG org.apache.http.wire -- http-outgoing-190 << "ETag: W/"2cb-r55NYNeSAGu+JenkyeF+qk8uA44"[\r][\n]"
23:08:04.425 [pool-2-thread-12] DEBUG org.apache.http.wire -- http-outgoing-190 << "Date: Sun, 22 Jun 2025 16:08:04 GMT[\r][\n]"
23:08:04.425 [pool-2-thread-12] DEBUG org.apache.http.wire -- http-outgoing-190 << "Connection: keep-alive[\r][\n]"
23:08:04.425 [pool-2-thread-12] DEBUG org.apache.http.wire -- http-outgoing-190 << "Keep-Alive: timeout=5[\r][\n]"
23:08:04.425 [pool-2-thread-12] DEBUG org.apache.http.wire -- http-outgoing-190 << "[\r][\n]"
23:08:04.425 [pool-2-thread-12] DEBUG org.apache.http.wire -- http-outgoing-190 << "{"access_token":"eyJhbGciOiJIUzI1NiIsInR5cCI6IkpXVCJ9.eyJzdWIiOiIyYjg0YWEyNC02NjhhLTQwZTItYWYxYy1hZDRmYzRmYTVhNmYiLCJ1c2VybmFtZSI6InF1YW5nMSIsInJvbGUiOjAsImlhdCI6MTc1MDYwODQ4NCwiZXhwIjoxNzUwNjEyMDg0fQ.c2RX2MgyFCmf1OS9N2uwzpquAtIR-x-hm50Jk9CLRHk","refresh_token":"241ec85e593d6876049240e157e06390e64d791ee8253875e949dc22a07aaa0c","user":{"id":"2b84aa24-668a-40e2-af1c-ad4fc4fa5a6f","email":"quang1@gmail.com","username":"quang1","name":"quang1","phoneNumber":"09874563210","profilePic":"https://res.cloudinary.com/dizcvrefo/image/upload/v1749027586/nestjs_uploads/xehairydt9rzlbmbmv4c.jpg","bio":"Thang Nam Lao Vua Thoi","private":false,"verified":false,"role":0,"followersCount":2,"followingCount":3,"postCount":2}}"
23:08:04.425 [pool-2-thread-12] DEBUG org.apache.http.headers -- http-outgoing-190 << HTTP/1.1 200 OK
23:08:04.425 [pool-2-thread-12] DEBUG org.apache.http.headers -- http-outgoing-190 << X-Powered-By: Express
23:08:04.425 [pool-2-thread-12] DEBUG org.apache.http.headers -- http-outgoing-190 << Access-Control-Allow-Origin: *
23:08:04.425 [pool-2-thread-12] DEBUG org.apache.http.headers -- http-outgoing-190 << Content-Type: application/json; charset=utf-8
23:08:04.425 [pool-2-thread-12] DEBUG org.apache.http.headers -- http-outgoing-190 << Content-Length: 715
23:08:04.425 [pool-2-thread-12] DEBUG org.apache.http.headers -- http-outgoing-190 << ETag: W/"2cb-r55NYNeSAGu+JenkyeF+qk8uA44"
23:08:04.425 [pool-2-thread-12] DEBUG org.apache.http.headers -- http-outgoing-190 << Date: Sun, 22 Jun 2025 16:08:04 GMT
23:08:04.425 [pool-2-thread-12] DEBUG org.apache.http.headers -- http-outgoing-190 << Connection: keep-alive
23:08:04.425 [pool-2-thread-12] DEBUG org.apache.http.headers -- http-outgoing-190 << Keep-Alive: timeout=5
23:08:04.425 [pool-2-thread-12] DEBUG org.apache.http.impl.execchain.MainClientExec -- Connection can be kept alive for 5000 MILLISECONDS
23:08:04.425 [pool-2-thread-12] DEBUG org.apache.http.impl.conn.PoolingHttpClientConnectionManager -- Connection [id: 190][route: {}->http://localhost:3000] can be kept alive for 5.0 seconds
23:08:04.425 [pool-2-thread-12] DEBUG org.apache.http.impl.conn.DefaultManagedHttpClientConnection -- http-outgoing-190: set socket timeout to 0
23:08:04.425 [pool-2-thread-12] DEBUG org.apache.http.impl.conn.PoolingHttpClientConnectionManager -- Connection released: [id: 190][route: {}->http://localhost:3000][total available: 1; route allocated: 1 of 5; total allocated: 1 of 10]
23:08:04.425 [pool-2-thread-12] DEBUG org.apache.http.impl.conn.PoolingHttpClientConnectionManager -- Connection manager is shutting down
23:08:04.425 [pool-2-thread-12] DEBUG org.apache.http.impl.conn.DefaultManagedHttpClientConnection -- http-outgoing-190: Close connection
23:08:04.425 [pool-2-thread-12] DEBUG org.apache.http.impl.conn.PoolingHttpClientConnectionManager -- Connection manager shut down
23:08:04.425 [pool-2-thread-12] DEBUG com.intuit.karate -- response time in milliseconds: 2234
7 < 200
7 < X-Powered-By: Express
7 < Access-Control-Allow-Origin: *
7 < Content-Type: application/json; charset=utf-8
7 < Content-Length: 715
7 < ETag: W/"2cb-r55NYNeSAGu+JenkyeF+qk8uA44"
7 < Date: Sun, 22 Jun 2025 16:08:04 GMT
7 < Connection: keep-alive
7 < Keep-Alive: timeout=5
{"access_token":"eyJhbGciOiJIUzI1NiIsInR5cCI6IkpXVCJ9.eyJzdWIiOiIyYjg0YWEyNC02NjhhLTQwZTItYWYxYy1hZDRmYzRmYTVhNmYiLCJ1c2VybmFtZSI6InF1YW5nMSIsInJvbGUiOjAsImlhdCI6MTc1MDYwODQ4NCwiZXhwIjoxNzUwNjEyMDg0fQ.c2RX2MgyFCmf1OS9N2uwzpquAtIR-x-hm50Jk9CLRHk","refresh_token":"241ec85e593d6876049240e157e06390e64d791ee8253875e949dc22a07aaa0c","user":{"id":"2b84aa24-668a-40e2-af1c-ad4fc4fa5a6f","email":"quang1@gmail.com","username":"quang1","name":"quang1","phoneNumber":"09874563210","profilePic":"https://res.cloudinary.com/dizcvrefo/image/upload/v1749027586/nestjs_uploads/xehairydt9rzlbmbmv4c.jpg","bio":"Thang Nam Lao Vua Thoi","private":false,"verified":false,"role":0,"followersCount":2,"followingCount":3,"postCount":2}}

23:08:04.427 [pool-2-thread-12] INFO com.intuit.karate -- [print] Call 7 completed, status: 200 
23:08:04.428 [pool-2-thread-12] INFO com.intuit.karate -- [print] *** API CALL 8 *** 
23:08:04.431 [pool-2-thread-12] DEBUG org.apache.http.client.protocol.RequestAddCookies -- CookieSpec selected: karate
23:08:04.431 [pool-2-thread-12] DEBUG org.apache.http.client.protocol.RequestAuthCache -- Auth cache not set in the context
23:08:04.431 [pool-2-thread-12] DEBUG com.intuit.karate -- request:
8 > POST http://localhost:3000/auth/login
8 > Content-Type: application/json; charset=UTF-8
8 > Content-Length: 48
8 > Host: localhost:3000
8 > Connection: Keep-Alive
8 > User-Agent: Apache-HttpClient/4.5.14 (Java/17.0.9)
8 > Accept-Encoding: gzip,deflate
{"email":"quang1@gmail.com","password":"quang1"}

23:08:04.431 [pool-2-thread-12] DEBUG org.apache.http.impl.conn.PoolingHttpClientConnectionManager -- Connection request: [route: {}->http://localhost:3000][total available: 0; route allocated: 0 of 5; total allocated: 0 of 10]
23:08:04.431 [pool-2-thread-12] DEBUG org.apache.http.impl.conn.PoolingHttpClientConnectionManager -- Connection leased: [id: 216][route: {}->http://localhost:3000][total available: 0; route allocated: 1 of 5; total allocated: 1 of 10]
23:08:04.431 [pool-2-thread-12] DEBUG org.apache.http.impl.execchain.MainClientExec -- Opening connection {}->http://localhost:3000
23:08:04.432 [pool-2-thread-12] DEBUG org.apache.http.impl.conn.DefaultHttpClientConnectionOperator -- Connecting to localhost/127.0.0.1:3000
23:08:04.432 [pool-2-thread-12] DEBUG org.apache.http.impl.conn.DefaultHttpClientConnectionOperator -- Connection established 127.0.0.1:52884<->127.0.0.1:3000
23:08:04.432 [pool-2-thread-12] DEBUG org.apache.http.impl.conn.DefaultManagedHttpClientConnection -- http-outgoing-216: set socket timeout to 30000
23:08:04.432 [pool-2-thread-12] DEBUG org.apache.http.impl.execchain.MainClientExec -- Executing request POST /auth/login HTTP/1.1
23:08:04.432 [pool-2-thread-12] DEBUG org.apache.http.impl.execchain.MainClientExec -- Target auth state: UNCHALLENGED
23:08:04.432 [pool-2-thread-12] DEBUG org.apache.http.impl.execchain.MainClientExec -- Proxy auth state: UNCHALLENGED
23:08:04.432 [pool-2-thread-12] DEBUG org.apache.http.headers -- http-outgoing-216 >> POST /auth/login HTTP/1.1
23:08:04.432 [pool-2-thread-12] DEBUG org.apache.http.headers -- http-outgoing-216 >> Content-Type: application/json; charset=UTF-8
23:08:04.432 [pool-2-thread-12] DEBUG org.apache.http.headers -- http-outgoing-216 >> Content-Length: 48
23:08:04.432 [pool-2-thread-12] DEBUG org.apache.http.headers -- http-outgoing-216 >> Host: localhost:3000
23:08:04.432 [pool-2-thread-12] DEBUG org.apache.http.headers -- http-outgoing-216 >> Connection: Keep-Alive
23:08:04.432 [pool-2-thread-12] DEBUG org.apache.http.headers -- http-outgoing-216 >> User-Agent: Apache-HttpClient/4.5.14 (Java/17.0.9)
23:08:04.432 [pool-2-thread-12] DEBUG org.apache.http.headers -- http-outgoing-216 >> Accept-Encoding: gzip,deflate
23:08:04.432 [pool-2-thread-12] DEBUG org.apache.http.wire -- http-outgoing-216 >> "POST /auth/login HTTP/1.1[\r][\n]"
23:08:04.432 [pool-2-thread-12] DEBUG org.apache.http.wire -- http-outgoing-216 >> "Content-Type: application/json; charset=UTF-8[\r][\n]"
23:08:04.433 [pool-2-thread-12] DEBUG org.apache.http.wire -- http-outgoing-216 >> "Content-Length: 48[\r][\n]"
23:08:04.433 [pool-2-thread-12] DEBUG org.apache.http.wire -- http-outgoing-216 >> "Host: localhost:3000[\r][\n]"
23:08:04.433 [pool-2-thread-12] DEBUG org.apache.http.wire -- http-outgoing-216 >> "Connection: Keep-Alive[\r][\n]"
23:08:04.433 [pool-2-thread-12] DEBUG org.apache.http.wire -- http-outgoing-216 >> "User-Agent: Apache-HttpClient/4.5.14 (Java/17.0.9)[\r][\n]"
23:08:04.433 [pool-2-thread-12] DEBUG org.apache.http.wire -- http-outgoing-216 >> "Accept-Encoding: gzip,deflate[\r][\n]"
23:08:04.433 [pool-2-thread-12] DEBUG org.apache.http.wire -- http-outgoing-216 >> "[\r][\n]"
23:08:04.433 [pool-2-thread-12] DEBUG org.apache.http.wire -- http-outgoing-216 >> "{"email":"quang1@gmail.com","password":"quang1"}"
23:08:05.174 [pool-2-thread-24] DEBUG org.apache.http.wire -- http-outgoing-192 << "HTTP/1.1 200 OK[\r][\n]"
23:08:05.174 [pool-2-thread-24] DEBUG org.apache.http.wire -- http-outgoing-192 << "X-Powered-By: Express[\r][\n]"
23:08:05.174 [pool-2-thread-24] DEBUG org.apache.http.wire -- http-outgoing-192 << "Access-Control-Allow-Origin: *[\r][\n]"
23:08:05.174 [pool-2-thread-24] DEBUG org.apache.http.wire -- http-outgoing-192 << "Content-Type: application/json; charset=utf-8[\r][\n]"
23:08:05.174 [pool-2-thread-24] DEBUG org.apache.http.wire -- http-outgoing-192 << "Content-Length: 608[\r][\n]"
23:08:05.174 [pool-2-thread-24] DEBUG org.apache.http.wire -- http-outgoing-192 << "ETag: W/"260-wEfBkf9zQoWTTFzdazj0bBK0mvo"[\r][\n]"
23:08:05.174 [pool-2-thread-24] DEBUG org.apache.http.wire -- http-outgoing-192 << "Date: Sun, 22 Jun 2025 16:08:05 GMT[\r][\n]"
23:08:05.174 [pool-2-thread-24] DEBUG org.apache.http.wire -- http-outgoing-192 << "Connection: keep-alive[\r][\n]"
23:08:05.174 [pool-2-thread-24] DEBUG org.apache.http.wire -- http-outgoing-192 << "Keep-Alive: timeout=5[\r][\n]"
23:08:05.174 [pool-2-thread-24] DEBUG org.apache.http.wire -- http-outgoing-192 << "[\r][\n]"
23:08:05.174 [pool-2-thread-24] DEBUG org.apache.http.wire -- http-outgoing-192 << "{"access_token":"eyJhbGciOiJIUzI1NiIsInR5cCI6IkpXVCJ9.eyJzdWIiOiI4YTI0NzQ2MS01YzA0LTQyMWQtOThmNS1mYTljNzM0ZmFlYTUiLCJ1c2VybmFtZSI6ImphbmVzbWl0aCIsInJvbGUiOjAsImlhdCI6MTc1MDYwODQ4NCwiZXhwIjoxNzUwNjEyMDg0fQ.0KTYOWtvtb5bjMAd-LKozvktf2EdliYLKJ0ps-n3Ylk","refresh_token":"4eda1e8024d5785d0f94fac2416c26ae0a7f528c754fa2f5619a2a9b78dfc49c","user":{"id":"8a247461-5c04-421d-98f5-fa9c734faea5","email":"test2@example.com","username":"janesmith","name":"Jane Smith","phoneNumber":"01234567890","profilePic":null,"bio":null,"private":false,"verified":false,"role":0,"followersCount":0,"followingCount":0,"postCount":0}}"
23:08:05.174 [pool-2-thread-24] DEBUG org.apache.http.headers -- http-outgoing-192 << HTTP/1.1 200 OK
23:08:05.174 [pool-2-thread-24] DEBUG org.apache.http.headers -- http-outgoing-192 << X-Powered-By: Express
23:08:05.174 [pool-2-thread-24] DEBUG org.apache.http.headers -- http-outgoing-192 << Access-Control-Allow-Origin: *
23:08:05.174 [pool-2-thread-24] DEBUG org.apache.http.headers -- http-outgoing-192 << Content-Type: application/json; charset=utf-8
23:08:05.174 [pool-2-thread-24] DEBUG org.apache.http.headers -- http-outgoing-192 << Content-Length: 608
23:08:05.174 [pool-2-thread-24] DEBUG org.apache.http.headers -- http-outgoing-192 << ETag: W/"260-wEfBkf9zQoWTTFzdazj0bBK0mvo"
23:08:05.174 [pool-2-thread-24] DEBUG org.apache.http.headers -- http-outgoing-192 << Date: Sun, 22 Jun 2025 16:08:05 GMT
23:08:05.174 [pool-2-thread-24] DEBUG org.apache.http.headers -- http-outgoing-192 << Connection: keep-alive
23:08:05.174 [pool-2-thread-24] DEBUG org.apache.http.headers -- http-outgoing-192 << Keep-Alive: timeout=5
23:08:05.174 [pool-2-thread-24] DEBUG org.apache.http.impl.execchain.MainClientExec -- Connection can be kept alive for 5000 MILLISECONDS
23:08:05.174 [pool-2-thread-24] DEBUG org.apache.http.impl.conn.PoolingHttpClientConnectionManager -- Connection [id: 192][route: {}->http://localhost:3000] can be kept alive for 5.0 seconds
23:08:05.174 [pool-2-thread-24] DEBUG org.apache.http.impl.conn.DefaultManagedHttpClientConnection -- http-outgoing-192: set socket timeout to 0
23:08:05.175 [pool-2-thread-24] DEBUG org.apache.http.impl.conn.PoolingHttpClientConnectionManager -- Connection released: [id: 192][route: {}->http://localhost:3000][total available: 1; route allocated: 1 of 5; total allocated: 1 of 10]
23:08:05.175 [pool-2-thread-24] DEBUG org.apache.http.impl.conn.PoolingHttpClientConnectionManager -- Connection manager is shutting down
23:08:05.175 [pool-2-thread-24] DEBUG org.apache.http.impl.conn.DefaultManagedHttpClientConnection -- http-outgoing-192: Close connection
23:08:05.175 [pool-2-thread-24] DEBUG org.apache.http.impl.conn.PoolingHttpClientConnectionManager -- Connection manager shut down
23:08:05.175 [pool-2-thread-24] DEBUG com.intuit.karate -- response time in milliseconds: 2954
9 < 200
9 < X-Powered-By: Express
9 < Access-Control-Allow-Origin: *
9 < Content-Type: application/json; charset=utf-8
9 < Content-Length: 608
9 < ETag: W/"260-wEfBkf9zQoWTTFzdazj0bBK0mvo"
9 < Date: Sun, 22 Jun 2025 16:08:05 GMT
9 < Connection: keep-alive
9 < Keep-Alive: timeout=5
{"access_token":"eyJhbGciOiJIUzI1NiIsInR5cCI6IkpXVCJ9.eyJzdWIiOiI4YTI0NzQ2MS01YzA0LTQyMWQtOThmNS1mYTljNzM0ZmFlYTUiLCJ1c2VybmFtZSI6ImphbmVzbWl0aCIsInJvbGUiOjAsImlhdCI6MTc1MDYwODQ4NCwiZXhwIjoxNzUwNjEyMDg0fQ.0KTYOWtvtb5bjMAd-LKozvktf2EdliYLKJ0ps-n3Ylk","refresh_token":"4eda1e8024d5785d0f94fac2416c26ae0a7f528c754fa2f5619a2a9b78dfc49c","user":{"id":"8a247461-5c04-421d-98f5-fa9c734faea5","email":"test2@example.com","username":"janesmith","name":"Jane Smith","phoneNumber":"01234567890","profilePic":null,"bio":null,"private":false,"verified":false,"role":0,"followersCount":0,"followingCount":0,"postCount":0}}

23:08:05.176 [pool-2-thread-24] INFO com.intuit.karate -- [print] Call 9 completed, status: 200 
23:08:05.176 [pool-2-thread-24] INFO com.intuit.karate -- [print] *** API CALL 10 *** 
23:08:05.179 [pool-2-thread-24] DEBUG org.apache.http.client.protocol.RequestAddCookies -- CookieSpec selected: karate
23:08:05.179 [pool-2-thread-24] DEBUG org.apache.http.client.protocol.RequestAuthCache -- Auth cache not set in the context
23:08:05.179 [pool-2-thread-24] DEBUG com.intuit.karate -- request:
10 > POST http://localhost:3000/auth/login
10 > Content-Type: application/json; charset=UTF-8
10 > Content-Length: 54
10 > Host: localhost:3000
10 > Connection: Keep-Alive
10 > User-Agent: Apache-HttpClient/4.5.14 (Java/17.0.9)
10 > Accept-Encoding: gzip,deflate
{"email":"test2@example.com","password":"Password123"}

23:08:05.179 [pool-2-thread-24] DEBUG org.apache.http.impl.conn.PoolingHttpClientConnectionManager -- Connection request: [route: {}->http://localhost:3000][total available: 0; route allocated: 0 of 5; total allocated: 0 of 10]
23:08:05.179 [pool-2-thread-24] DEBUG org.apache.http.impl.conn.PoolingHttpClientConnectionManager -- Connection leased: [id: 217][route: {}->http://localhost:3000][total available: 0; route allocated: 1 of 5; total allocated: 1 of 10]
23:08:05.179 [pool-2-thread-24] DEBUG org.apache.http.impl.execchain.MainClientExec -- Opening connection {}->http://localhost:3000
23:08:05.180 [pool-2-thread-24] DEBUG org.apache.http.impl.conn.DefaultHttpClientConnectionOperator -- Connecting to localhost/127.0.0.1:3000
23:08:05.180 [pool-2-thread-24] DEBUG org.apache.http.impl.conn.DefaultHttpClientConnectionOperator -- Connection established 127.0.0.1:52885<->127.0.0.1:3000
23:08:05.180 [pool-2-thread-24] DEBUG org.apache.http.impl.conn.DefaultManagedHttpClientConnection -- http-outgoing-217: set socket timeout to 30000
23:08:05.180 [pool-2-thread-24] DEBUG org.apache.http.impl.execchain.MainClientExec -- Executing request POST /auth/login HTTP/1.1
23:08:05.180 [pool-2-thread-24] DEBUG org.apache.http.impl.execchain.MainClientExec -- Target auth state: UNCHALLENGED
23:08:05.180 [pool-2-thread-24] DEBUG org.apache.http.impl.execchain.MainClientExec -- Proxy auth state: UNCHALLENGED
23:08:05.180 [pool-2-thread-24] DEBUG org.apache.http.headers -- http-outgoing-217 >> POST /auth/login HTTP/1.1
23:08:05.180 [pool-2-thread-24] DEBUG org.apache.http.headers -- http-outgoing-217 >> Content-Type: application/json; charset=UTF-8
23:08:05.180 [pool-2-thread-24] DEBUG org.apache.http.headers -- http-outgoing-217 >> Content-Length: 54
23:08:05.180 [pool-2-thread-24] DEBUG org.apache.http.headers -- http-outgoing-217 >> Host: localhost:3000
23:08:05.180 [pool-2-thread-24] DEBUG org.apache.http.headers -- http-outgoing-217 >> Connection: Keep-Alive
23:08:05.180 [pool-2-thread-24] DEBUG org.apache.http.headers -- http-outgoing-217 >> User-Agent: Apache-HttpClient/4.5.14 (Java/17.0.9)
23:08:05.180 [pool-2-thread-24] DEBUG org.apache.http.headers -- http-outgoing-217 >> Accept-Encoding: gzip,deflate
23:08:05.180 [pool-2-thread-24] DEBUG org.apache.http.wire -- http-outgoing-217 >> "POST /auth/login HTTP/1.1[\r][\n]"
23:08:05.180 [pool-2-thread-24] DEBUG org.apache.http.wire -- http-outgoing-217 >> "Content-Type: application/json; charset=UTF-8[\r][\n]"
23:08:05.180 [pool-2-thread-24] DEBUG org.apache.http.wire -- http-outgoing-217 >> "Content-Length: 54[\r][\n]"
23:08:05.180 [pool-2-thread-24] DEBUG org.apache.http.wire -- http-outgoing-217 >> "Host: localhost:3000[\r][\n]"
23:08:05.180 [pool-2-thread-24] DEBUG org.apache.http.wire -- http-outgoing-217 >> "Connection: Keep-Alive[\r][\n]"
23:08:05.180 [pool-2-thread-24] DEBUG org.apache.http.wire -- http-outgoing-217 >> "User-Agent: Apache-HttpClient/4.5.14 (Java/17.0.9)[\r][\n]"
23:08:05.180 [pool-2-thread-24] DEBUG org.apache.http.wire -- http-outgoing-217 >> "Accept-Encoding: gzip,deflate[\r][\n]"
23:08:05.180 [pool-2-thread-24] DEBUG org.apache.http.wire -- http-outgoing-217 >> "[\r][\n]"
23:08:05.180 [pool-2-thread-24] DEBUG org.apache.http.wire -- http-outgoing-217 >> "{"email":"test2@example.com","password":"Password123"}"
23:08:05.191 [pool-2-thread-7] DEBUG org.apache.http.wire -- http-outgoing-194 << "HTTP/1.1 200 OK[\r][\n]"
23:08:05.191 [pool-2-thread-7] DEBUG org.apache.http.wire -- http-outgoing-194 << "X-Powered-By: Express[\r][\n]"
23:08:05.191 [pool-2-thread-7] DEBUG org.apache.http.wire -- http-outgoing-194 << "Access-Control-Allow-Origin: *[\r][\n]"
23:08:05.191 [pool-2-thread-7] DEBUG org.apache.http.wire -- http-outgoing-194 << "Content-Type: application/json; charset=utf-8[\r][\n]"
23:08:05.191 [pool-2-thread-7] DEBUG org.apache.http.wire -- http-outgoing-194 << "Content-Length: 605[\r][\n]"
23:08:05.191 [pool-2-thread-7] DEBUG org.apache.http.wire -- http-outgoing-194 << "ETag: W/"25d-hOrFjnn+yX/YIKD6lW/XV5E1IP8"[\r][\n]"
23:08:05.191 [pool-2-thread-7] DEBUG org.apache.http.wire -- http-outgoing-194 << "Date: Sun, 22 Jun 2025 16:08:05 GMT[\r][\n]"
23:08:05.191 [pool-2-thread-7] DEBUG org.apache.http.wire -- http-outgoing-194 << "Connection: keep-alive[\r][\n]"
23:08:05.191 [pool-2-thread-7] DEBUG org.apache.http.wire -- http-outgoing-194 << "Keep-Alive: timeout=5[\r][\n]"
23:08:05.191 [pool-2-thread-7] DEBUG org.apache.http.wire -- http-outgoing-194 << "[\r][\n]"
23:08:05.191 [pool-2-thread-7] DEBUG org.apache.http.wire -- http-outgoing-194 << "{"access_token":"eyJhbGciOiJIUzI1NiIsInR5cCI6IkpXVCJ9.eyJzdWIiOiI2NTBjZTFlZC1hYWNhLTQzOGYtOTk4OC0xZjA1OGFiNWFhMWEiLCJ1c2VybmFtZSI6ImpvaG5kb2UyNSIsInJvbGUiOjAsImlhdCI6MTc1MDYwODQ4NCwiZXhwIjoxNzUwNjEyMDg0fQ.utviUnIGDO6WmIkNsCjFxt_cXLR8-lL6Nw-bItIY6Us","refresh_token":"44719e9e89f533d86ccce92b9ad7ae82f9388726b90c108f0b803a9578d00efb","user":{"id":"650ce1ed-aaca-438f-9988-1f058ab5aa1a","email":"testit3@gmail.com","username":"johndoe25","name":"John Doe","phoneNumber":"0123456713","profilePic":null,"bio":null,"private":false,"verified":false,"role":0,"followersCount":0,"followingCount":0,"postCount":0}}"
23:08:05.191 [pool-2-thread-7] DEBUG org.apache.http.headers -- http-outgoing-194 << HTTP/1.1 200 OK
23:08:05.191 [pool-2-thread-7] DEBUG org.apache.http.headers -- http-outgoing-194 << X-Powered-By: Express
23:08:05.191 [pool-2-thread-7] DEBUG org.apache.http.headers -- http-outgoing-194 << Access-Control-Allow-Origin: *
23:08:05.191 [pool-2-thread-7] DEBUG org.apache.http.headers -- http-outgoing-194 << Content-Type: application/json; charset=utf-8
23:08:05.191 [pool-2-thread-7] DEBUG org.apache.http.headers -- http-outgoing-194 << Content-Length: 605
23:08:05.191 [pool-2-thread-7] DEBUG org.apache.http.headers -- http-outgoing-194 << ETag: W/"25d-hOrFjnn+yX/YIKD6lW/XV5E1IP8"
23:08:05.191 [pool-2-thread-7] DEBUG org.apache.http.headers -- http-outgoing-194 << Date: Sun, 22 Jun 2025 16:08:05 GMT
23:08:05.191 [pool-2-thread-7] DEBUG org.apache.http.headers -- http-outgoing-194 << Connection: keep-alive
23:08:05.191 [pool-2-thread-7] DEBUG org.apache.http.headers -- http-outgoing-194 << Keep-Alive: timeout=5
23:08:05.191 [pool-2-thread-7] DEBUG org.apache.http.impl.execchain.MainClientExec -- Connection can be kept alive for 5000 MILLISECONDS
23:08:05.191 [pool-2-thread-7] DEBUG org.apache.http.impl.conn.PoolingHttpClientConnectionManager -- Connection [id: 194][route: {}->http://localhost:3000] can be kept alive for 5.0 seconds
23:08:05.191 [pool-2-thread-7] DEBUG org.apache.http.impl.conn.DefaultManagedHttpClientConnection -- http-outgoing-194: set socket timeout to 0
23:08:05.191 [pool-2-thread-29] DEBUG org.apache.http.wire -- http-outgoing-193 << "HTTP/1.1 200 OK[\r][\n]"
23:08:05.191 [pool-2-thread-29] DEBUG org.apache.http.wire -- http-outgoing-193 << "X-Powered-By: Express[\r][\n]"
23:08:05.191 [pool-2-thread-29] DEBUG org.apache.http.wire -- http-outgoing-193 << "Access-Control-Allow-Origin: *[\r][\n]"
23:08:05.191 [pool-2-thread-29] DEBUG org.apache.http.wire -- http-outgoing-193 << "Content-Type: application/json; charset=utf-8[\r][\n]"
23:08:05.191 [pool-2-thread-29] DEBUG org.apache.http.wire -- http-outgoing-193 << "Content-Length: 604[\r][\n]"
23:08:05.191 [pool-2-thread-7] DEBUG org.apache.http.impl.conn.PoolingHttpClientConnectionManager -- Connection released: [id: 194][route: {}->http://localhost:3000][total available: 1; route allocated: 1 of 5; total allocated: 1 of 10]
23:08:05.191 [pool-2-thread-29] DEBUG org.apache.http.wire -- http-outgoing-193 << "ETag: W/"25c-uKOFVM+g/FILhIgZeC02n/4BjTA"[\r][\n]"
23:08:05.191 [pool-2-thread-29] DEBUG org.apache.http.wire -- http-outgoing-193 << "Date: Sun, 22 Jun 2025 16:08:05 GMT[\r][\n]"
23:08:05.191 [pool-2-thread-29] DEBUG org.apache.http.wire -- http-outgoing-193 << "Connection: keep-alive[\r][\n]"
23:08:05.191 [pool-2-thread-29] DEBUG org.apache.http.wire -- http-outgoing-193 << "Keep-Alive: timeout=5[\r][\n]"
23:08:05.191 [pool-2-thread-29] DEBUG org.apache.http.wire -- http-outgoing-193 << "[\r][\n]"
23:08:05.191 [pool-2-thread-7] DEBUG org.apache.http.impl.conn.PoolingHttpClientConnectionManager -- Connection manager is shutting down
23:08:05.191 [pool-2-thread-29] DEBUG org.apache.http.wire -- http-outgoing-193 << "{"access_token":"eyJhbGciOiJIUzI1NiIsInR5cCI6IkpXVCJ9.eyJzdWIiOiJkZjZmMDkxOS1hMjNkLTQ0YzktYTkyNS00ZWE4YmU1MjVkMTAiLCJ1c2VybmFtZSI6ImpvaG5kb2UyMyIsInJvbGUiOjAsImlhdCI6MTc1MDYwODQ4NCwiZXhwIjoxNzUwNjEyMDg0fQ.uwKnf0WUCBLFhha7YoqF9YEUKcl12zMl7YnDsMLg_K4","refresh_token":"c5b7e6ef4f0497bfdb3dbf5142fad7603bf6014b8dcd68360bba239b7aa76837","user":{"id":"df6f0919-a23d-44c9-a925-4ea8be525d10","email":"testit@gmail.com","username":"johndoe23","name":"John Doe","phoneNumber":"0123456788","profilePic":null,"bio":null,"private":false,"verified":false,"role":0,"followersCount":0,"followingCount":0,"postCount":0}}"
23:08:05.191 [pool-2-thread-29] DEBUG org.apache.http.headers -- http-outgoing-193 << HTTP/1.1 200 OK
23:08:05.192 [pool-2-thread-29] DEBUG org.apache.http.headers -- http-outgoing-193 << X-Powered-By: Express
23:08:05.192 [pool-2-thread-7] DEBUG org.apache.http.impl.conn.DefaultManagedHttpClientConnection -- http-outgoing-194: Close connection
23:08:05.192 [pool-2-thread-29] DEBUG org.apache.http.headers -- http-outgoing-193 << Access-Control-Allow-Origin: *
23:08:05.192 [pool-2-thread-29] DEBUG org.apache.http.headers -- http-outgoing-193 << Content-Type: application/json; charset=utf-8
23:08:05.192 [pool-2-thread-29] DEBUG org.apache.http.headers -- http-outgoing-193 << Content-Length: 604
23:08:05.192 [pool-2-thread-29] DEBUG org.apache.http.headers -- http-outgoing-193 << ETag: W/"25c-uKOFVM+g/FILhIgZeC02n/4BjTA"
23:08:05.192 [pool-2-thread-29] DEBUG org.apache.http.headers -- http-outgoing-193 << Date: Sun, 22 Jun 2025 16:08:05 GMT
23:08:05.192 [pool-2-thread-29] DEBUG org.apache.http.headers -- http-outgoing-193 << Connection: keep-alive
23:08:05.192 [pool-2-thread-29] DEBUG org.apache.http.headers -- http-outgoing-193 << Keep-Alive: timeout=5
23:08:05.192 [pool-2-thread-29] DEBUG org.apache.http.impl.execchain.MainClientExec -- Connection can be kept alive for 5000 MILLISECONDS
23:08:05.192 [pool-2-thread-7] DEBUG org.apache.http.impl.conn.PoolingHttpClientConnectionManager -- Connection manager shut down
23:08:05.192 [pool-2-thread-29] DEBUG org.apache.http.impl.conn.PoolingHttpClientConnectionManager -- Connection [id: 193][route: {}->http://localhost:3000] can be kept alive for 5.0 seconds
23:08:05.192 [pool-2-thread-29] DEBUG org.apache.http.impl.conn.DefaultManagedHttpClientConnection -- http-outgoing-193: set socket timeout to 0
23:08:05.192 [pool-2-thread-29] DEBUG org.apache.http.impl.conn.PoolingHttpClientConnectionManager -- Connection released: [id: 193][route: {}->http://localhost:3000][total available: 1; route allocated: 1 of 5; total allocated: 1 of 10]
23:08:05.192 [pool-2-thread-29] DEBUG org.apache.http.impl.conn.PoolingHttpClientConnectionManager -- Connection manager is shutting down
23:08:05.192 [pool-2-thread-29] DEBUG org.apache.http.impl.conn.DefaultManagedHttpClientConnection -- http-outgoing-193: Close connection
23:08:05.192 [pool-2-thread-7] DEBUG com.intuit.karate -- response time in milliseconds: 2919
8 < 200
8 < X-Powered-By: Express
8 < Access-Control-Allow-Origin: *
8 < Content-Type: application/json; charset=utf-8
8 < Content-Length: 605
8 < ETag: W/"25d-hOrFjnn+yX/YIKD6lW/XV5E1IP8"
8 < Date: Sun, 22 Jun 2025 16:08:05 GMT
8 < Connection: keep-alive
8 < Keep-Alive: timeout=5
{"access_token":"eyJhbGciOiJIUzI1NiIsInR5cCI6IkpXVCJ9.eyJzdWIiOiI2NTBjZTFlZC1hYWNhLTQzOGYtOTk4OC0xZjA1OGFiNWFhMWEiLCJ1c2VybmFtZSI6ImpvaG5kb2UyNSIsInJvbGUiOjAsImlhdCI6MTc1MDYwODQ4NCwiZXhwIjoxNzUwNjEyMDg0fQ.utviUnIGDO6WmIkNsCjFxt_cXLR8-lL6Nw-bItIY6Us","refresh_token":"44719e9e89f533d86ccce92b9ad7ae82f9388726b90c108f0b803a9578d00efb","user":{"id":"650ce1ed-aaca-438f-9988-1f058ab5aa1a","email":"testit3@gmail.com","username":"johndoe25","name":"John Doe","phoneNumber":"0123456713","profilePic":null,"bio":null,"private":false,"verified":false,"role":0,"followersCount":0,"followingCount":0,"postCount":0}}

23:08:05.192 [pool-2-thread-29] DEBUG org.apache.http.impl.conn.PoolingHttpClientConnectionManager -- Connection manager shut down
23:08:05.192 [pool-2-thread-29] DEBUG com.intuit.karate -- response time in milliseconds: 2944
8 < 200
8 < X-Powered-By: Express
8 < Access-Control-Allow-Origin: *
8 < Content-Type: application/json; charset=utf-8
8 < Content-Length: 604
8 < ETag: W/"25c-uKOFVM+g/FILhIgZeC02n/4BjTA"
8 < Date: Sun, 22 Jun 2025 16:08:05 GMT
8 < Connection: keep-alive
8 < Keep-Alive: timeout=5
{"access_token":"eyJhbGciOiJIUzI1NiIsInR5cCI6IkpXVCJ9.eyJzdWIiOiJkZjZmMDkxOS1hMjNkLTQ0YzktYTkyNS00ZWE4YmU1MjVkMTAiLCJ1c2VybmFtZSI6ImpvaG5kb2UyMyIsInJvbGUiOjAsImlhdCI6MTc1MDYwODQ4NCwiZXhwIjoxNzUwNjEyMDg0fQ.uwKnf0WUCBLFhha7YoqF9YEUKcl12zMl7YnDsMLg_K4","refresh_token":"c5b7e6ef4f0497bfdb3dbf5142fad7603bf6014b8dcd68360bba239b7aa76837","user":{"id":"df6f0919-a23d-44c9-a925-4ea8be525d10","email":"testit@gmail.com","username":"johndoe23","name":"John Doe","phoneNumber":"0123456788","profilePic":null,"bio":null,"private":false,"verified":false,"role":0,"followersCount":0,"followingCount":0,"postCount":0}}

23:08:05.193 [pool-2-thread-29] INFO com.intuit.karate -- [print] Call 8 completed, status: 200 
23:08:05.193 [pool-2-thread-7] INFO com.intuit.karate -- [print] Call 8 completed, status: 200 
23:08:05.193 [pool-2-thread-29] INFO com.intuit.karate -- [print] *** API CALL 9 *** 
23:08:05.193 [pool-2-thread-7] INFO com.intuit.karate -- [print] *** API CALL 9 *** 
23:08:05.194 [pool-2-thread-29] DEBUG org.apache.http.client.protocol.RequestAddCookies -- CookieSpec selected: karate
23:08:05.194 [pool-2-thread-7] DEBUG org.apache.http.client.protocol.RequestAddCookies -- CookieSpec selected: karate
23:08:05.194 [pool-2-thread-29] DEBUG org.apache.http.client.protocol.RequestAuthCache -- Auth cache not set in the context
23:08:05.194 [pool-2-thread-7] DEBUG org.apache.http.client.protocol.RequestAuthCache -- Auth cache not set in the context
23:08:05.194 [pool-2-thread-7] DEBUG com.intuit.karate -- request:
9 > POST http://localhost:3000/auth/login
9 > Content-Type: application/json; charset=UTF-8
9 > Content-Length: 54
9 > Host: localhost:3000
9 > Connection: Keep-Alive
9 > User-Agent: Apache-HttpClient/4.5.14 (Java/17.0.9)
9 > Accept-Encoding: gzip,deflate
{"email":"testit3@gmail.com","password":"Password123"}

23:08:05.194 [pool-2-thread-29] DEBUG com.intuit.karate -- request:
9 > POST http://localhost:3000/auth/login
9 > Content-Type: application/json; charset=UTF-8
9 > Content-Length: 53
9 > Host: localhost:3000
9 > Connection: Keep-Alive
9 > User-Agent: Apache-HttpClient/4.5.14 (Java/17.0.9)
9 > Accept-Encoding: gzip,deflate
{"email":"testit@gmail.com","password":"Password123"}

23:08:05.194 [pool-2-thread-7] DEBUG org.apache.http.impl.conn.PoolingHttpClientConnectionManager -- Connection request: [route: {}->http://localhost:3000][total available: 0; route allocated: 0 of 5; total allocated: 0 of 10]
23:08:05.194 [pool-2-thread-29] DEBUG org.apache.http.impl.conn.PoolingHttpClientConnectionManager -- Connection request: [route: {}->http://localhost:3000][total available: 0; route allocated: 0 of 5; total allocated: 0 of 10]
23:08:05.196 [pool-2-thread-29] DEBUG org.apache.http.impl.conn.PoolingHttpClientConnectionManager -- Connection leased: [id: 219][route: {}->http://localhost:3000][total available: 0; route allocated: 1 of 5; total allocated: 1 of 10]
23:08:05.196 [pool-2-thread-7] DEBUG org.apache.http.impl.conn.PoolingHttpClientConnectionManager -- Connection leased: [id: 218][route: {}->http://localhost:3000][total available: 0; route allocated: 1 of 5; total allocated: 1 of 10]
23:08:05.196 [pool-2-thread-29] DEBUG org.apache.http.impl.execchain.MainClientExec -- Opening connection {}->http://localhost:3000
23:08:05.196 [pool-2-thread-7] DEBUG org.apache.http.impl.execchain.MainClientExec -- Opening connection {}->http://localhost:3000
23:08:05.196 [pool-2-thread-7] DEBUG org.apache.http.impl.conn.DefaultHttpClientConnectionOperator -- Connecting to localhost/127.0.0.1:3000
23:08:05.196 [pool-2-thread-29] DEBUG org.apache.http.impl.conn.DefaultHttpClientConnectionOperator -- Connecting to localhost/127.0.0.1:3000
23:08:05.196 [pool-2-thread-29] DEBUG org.apache.http.impl.conn.DefaultHttpClientConnectionOperator -- Connection established 127.0.0.1:52886<->127.0.0.1:3000
23:08:05.196 [pool-2-thread-7] DEBUG org.apache.http.impl.conn.DefaultHttpClientConnectionOperator -- Connection established 127.0.0.1:52887<->127.0.0.1:3000
23:08:05.196 [pool-2-thread-29] DEBUG org.apache.http.impl.conn.DefaultManagedHttpClientConnection -- http-outgoing-219: set socket timeout to 30000
23:08:05.196 [pool-2-thread-7] DEBUG org.apache.http.impl.conn.DefaultManagedHttpClientConnection -- http-outgoing-218: set socket timeout to 30000
23:08:05.196 [pool-2-thread-29] DEBUG org.apache.http.impl.execchain.MainClientExec -- Executing request POST /auth/login HTTP/1.1
23:08:05.196 [pool-2-thread-29] DEBUG org.apache.http.impl.execchain.MainClientExec -- Target auth state: UNCHALLENGED
23:08:05.196 [pool-2-thread-7] DEBUG org.apache.http.impl.execchain.MainClientExec -- Executing request POST /auth/login HTTP/1.1
23:08:05.196 [pool-2-thread-29] DEBUG org.apache.http.impl.execchain.MainClientExec -- Proxy auth state: UNCHALLENGED
23:08:05.196 [pool-2-thread-7] DEBUG org.apache.http.impl.execchain.MainClientExec -- Target auth state: UNCHALLENGED
23:08:05.196 [pool-2-thread-7] DEBUG org.apache.http.impl.execchain.MainClientExec -- Proxy auth state: UNCHALLENGED
23:08:05.196 [pool-2-thread-29] DEBUG org.apache.http.headers -- http-outgoing-219 >> POST /auth/login HTTP/1.1
23:08:05.196 [pool-2-thread-7] DEBUG org.apache.http.headers -- http-outgoing-218 >> POST /auth/login HTTP/1.1
23:08:05.196 [pool-2-thread-29] DEBUG org.apache.http.headers -- http-outgoing-219 >> Content-Type: application/json; charset=UTF-8
23:08:05.196 [pool-2-thread-7] DEBUG org.apache.http.headers -- http-outgoing-218 >> Content-Type: application/json; charset=UTF-8
23:08:05.196 [pool-2-thread-29] DEBUG org.apache.http.headers -- http-outgoing-219 >> Content-Length: 53
23:08:05.196 [pool-2-thread-7] DEBUG org.apache.http.headers -- http-outgoing-218 >> Content-Length: 54
23:08:05.196 [pool-2-thread-29] DEBUG org.apache.http.headers -- http-outgoing-219 >> Host: localhost:3000
23:08:05.196 [pool-2-thread-7] DEBUG org.apache.http.headers -- http-outgoing-218 >> Host: localhost:3000
23:08:05.196 [pool-2-thread-29] DEBUG org.apache.http.headers -- http-outgoing-219 >> Connection: Keep-Alive
23:08:05.196 [pool-2-thread-7] DEBUG org.apache.http.headers -- http-outgoing-218 >> Connection: Keep-Alive
23:08:05.196 [pool-2-thread-29] DEBUG org.apache.http.headers -- http-outgoing-219 >> User-Agent: Apache-HttpClient/4.5.14 (Java/17.0.9)
23:08:05.196 [pool-2-thread-7] DEBUG org.apache.http.headers -- http-outgoing-218 >> User-Agent: Apache-HttpClient/4.5.14 (Java/17.0.9)
23:08:05.196 [pool-2-thread-29] DEBUG org.apache.http.headers -- http-outgoing-219 >> Accept-Encoding: gzip,deflate
23:08:05.196 [pool-2-thread-7] DEBUG org.apache.http.headers -- http-outgoing-218 >> Accept-Encoding: gzip,deflate
23:08:05.196 [pool-2-thread-29] DEBUG org.apache.http.wire -- http-outgoing-219 >> "POST /auth/login HTTP/1.1[\r][\n]"
23:08:05.196 [pool-2-thread-7] DEBUG org.apache.http.wire -- http-outgoing-218 >> "POST /auth/login HTTP/1.1[\r][\n]"
23:08:05.196 [pool-2-thread-29] DEBUG org.apache.http.wire -- http-outgoing-219 >> "Content-Type: application/json; charset=UTF-8[\r][\n]"
23:08:05.196 [pool-2-thread-7] DEBUG org.apache.http.wire -- http-outgoing-218 >> "Content-Type: application/json; charset=UTF-8[\r][\n]"
23:08:05.196 [pool-2-thread-29] DEBUG org.apache.http.wire -- http-outgoing-219 >> "Content-Length: 53[\r][\n]"
23:08:05.196 [pool-2-thread-7] DEBUG org.apache.http.wire -- http-outgoing-218 >> "Content-Length: 54[\r][\n]"
23:08:05.196 [pool-2-thread-29] DEBUG org.apache.http.wire -- http-outgoing-219 >> "Host: localhost:3000[\r][\n]"
23:08:05.196 [pool-2-thread-7] DEBUG org.apache.http.wire -- http-outgoing-218 >> "Host: localhost:3000[\r][\n]"
23:08:05.196 [pool-2-thread-29] DEBUG org.apache.http.wire -- http-outgoing-219 >> "Connection: Keep-Alive[\r][\n]"
23:08:05.196 [pool-2-thread-7] DEBUG org.apache.http.wire -- http-outgoing-218 >> "Connection: Keep-Alive[\r][\n]"
23:08:05.196 [pool-2-thread-29] DEBUG org.apache.http.wire -- http-outgoing-219 >> "User-Agent: Apache-HttpClient/4.5.14 (Java/17.0.9)[\r][\n]"
23:08:05.196 [pool-2-thread-7] DEBUG org.apache.http.wire -- http-outgoing-218 >> "User-Agent: Apache-HttpClient/4.5.14 (Java/17.0.9)[\r][\n]"
23:08:05.196 [pool-2-thread-29] DEBUG org.apache.http.wire -- http-outgoing-219 >> "Accept-Encoding: gzip,deflate[\r][\n]"
23:08:05.196 [pool-2-thread-7] DEBUG org.apache.http.wire -- http-outgoing-218 >> "Accept-Encoding: gzip,deflate[\r][\n]"
23:08:05.196 [pool-2-thread-29] DEBUG org.apache.http.wire -- http-outgoing-219 >> "[\r][\n]"
23:08:05.196 [pool-2-thread-7] DEBUG org.apache.http.wire -- http-outgoing-218 >> "[\r][\n]"
23:08:05.196 [pool-2-thread-29] DEBUG org.apache.http.wire -- http-outgoing-219 >> "{"email":"testit@gmail.com","password":"Password123"}"
23:08:05.196 [pool-2-thread-7] DEBUG org.apache.http.wire -- http-outgoing-218 >> "{"email":"testit3@gmail.com","password":"Password123"}"
23:08:05.200 [pool-2-thread-18] DEBUG org.apache.http.wire -- http-outgoing-195 << "HTTP/1.1 200 OK[\r][\n]"
23:08:05.201 [pool-2-thread-18] DEBUG org.apache.http.wire -- http-outgoing-195 << "X-Powered-By: Express[\r][\n]"
23:08:05.201 [pool-2-thread-18] DEBUG org.apache.http.wire -- http-outgoing-195 << "Access-Control-Allow-Origin: *[\r][\n]"
23:08:05.201 [pool-2-thread-18] DEBUG org.apache.http.wire -- http-outgoing-195 << "Content-Type: application/json; charset=utf-8[\r][\n]"
23:08:05.201 [pool-2-thread-18] DEBUG org.apache.http.wire -- http-outgoing-195 << "Content-Length: 609[\r][\n]"
23:08:05.201 [pool-2-thread-18] DEBUG org.apache.http.wire -- http-outgoing-195 << "ETag: W/"261-iUN+yttbRFB4smTbHawlSUZtYqU"[\r][\n]"
23:08:05.201 [pool-2-thread-18] DEBUG org.apache.http.wire -- http-outgoing-195 << "Date: Sun, 22 Jun 2025 16:08:05 GMT[\r][\n]"
23:08:05.201 [pool-2-thread-18] DEBUG org.apache.http.wire -- http-outgoing-195 << "Connection: keep-alive[\r][\n]"
23:08:05.201 [pool-2-thread-18] DEBUG org.apache.http.wire -- http-outgoing-195 << "Keep-Alive: timeout=5[\r][\n]"
23:08:05.201 [pool-2-thread-18] DEBUG org.apache.http.wire -- http-outgoing-195 << "[\r][\n]"
23:08:05.201 [pool-2-thread-18] DEBUG org.apache.http.wire -- http-outgoing-195 << "{"access_token":"eyJhbGciOiJIUzI1NiIsInR5cCI6IkpXVCJ9.eyJzdWIiOiIyNzJmNmI1NS01MTc5LTRhZTMtODU2My1iNGVjMTBmNzY3MTUiLCJ1c2VybmFtZSI6ImpvaG5kb2UyZDVkIiwicm9sZSI6MCwiaWF0IjoxNzUwNjA4NDg0LCJleHAiOjE3NTA2MTIwODR9.zzHLgrK1bneqGodZlU8OjU-9UMPrdVxl-0K2zrG2qMo","refresh_token":"6514da2bc3bec0d3ac4eb0770c746a0b5a4daee6aa107b043d317e3150fabe95","user":{"id":"272f6b55-5179-4ae3-8563-b4ec10f76715","email":"testit5@gmail.com","username":"johndoe2d5d","name":"John Doe","phoneNumber":"0123456132","profilePic":null,"bio":null,"private":false,"verified":false,"role":0,"followersCount":0,"followingCount":0,"postCount":0}}"
23:08:05.201 [pool-2-thread-18] DEBUG org.apache.http.headers -- http-outgoing-195 << HTTP/1.1 200 OK
23:08:05.201 [pool-2-thread-18] DEBUG org.apache.http.headers -- http-outgoing-195 << X-Powered-By: Express
23:08:05.201 [pool-2-thread-18] DEBUG org.apache.http.headers -- http-outgoing-195 << Access-Control-Allow-Origin: *
23:08:05.201 [pool-2-thread-18] DEBUG org.apache.http.headers -- http-outgoing-195 << Content-Type: application/json; charset=utf-8
23:08:05.201 [pool-2-thread-18] DEBUG org.apache.http.headers -- http-outgoing-195 << Content-Length: 609
23:08:05.201 [pool-2-thread-18] DEBUG org.apache.http.headers -- http-outgoing-195 << ETag: W/"261-iUN+yttbRFB4smTbHawlSUZtYqU"
23:08:05.201 [pool-2-thread-18] DEBUG org.apache.http.headers -- http-outgoing-195 << Date: Sun, 22 Jun 2025 16:08:05 GMT
23:08:05.201 [pool-2-thread-18] DEBUG org.apache.http.headers -- http-outgoing-195 << Connection: keep-alive
23:08:05.201 [pool-2-thread-18] DEBUG org.apache.http.headers -- http-outgoing-195 << Keep-Alive: timeout=5
23:08:05.201 [pool-2-thread-18] DEBUG org.apache.http.impl.execchain.MainClientExec -- Connection can be kept alive for 5000 MILLISECONDS
23:08:05.201 [pool-2-thread-18] DEBUG org.apache.http.impl.conn.PoolingHttpClientConnectionManager -- Connection [id: 195][route: {}->http://localhost:3000] can be kept alive for 5.0 seconds
23:08:05.201 [pool-2-thread-18] DEBUG org.apache.http.impl.conn.DefaultManagedHttpClientConnection -- http-outgoing-195: set socket timeout to 0
23:08:05.201 [pool-2-thread-18] DEBUG org.apache.http.impl.conn.PoolingHttpClientConnectionManager -- Connection released: [id: 195][route: {}->http://localhost:3000][total available: 1; route allocated: 1 of 5; total allocated: 1 of 10]
23:08:05.201 [pool-2-thread-18] DEBUG org.apache.http.impl.conn.PoolingHttpClientConnectionManager -- Connection manager is shutting down
23:08:05.201 [pool-2-thread-18] DEBUG org.apache.http.impl.conn.DefaultManagedHttpClientConnection -- http-outgoing-195: Close connection
23:08:05.201 [pool-2-thread-18] DEBUG org.apache.http.impl.conn.PoolingHttpClientConnectionManager -- Connection manager shut down
23:08:05.201 [pool-2-thread-18] DEBUG com.intuit.karate -- response time in milliseconds: 2903
8 < 200
8 < X-Powered-By: Express
8 < Access-Control-Allow-Origin: *
8 < Content-Type: application/json; charset=utf-8
8 < Content-Length: 609
8 < ETag: W/"261-iUN+yttbRFB4smTbHawlSUZtYqU"
8 < Date: Sun, 22 Jun 2025 16:08:05 GMT
8 < Connection: keep-alive
8 < Keep-Alive: timeout=5
{"access_token":"eyJhbGciOiJIUzI1NiIsInR5cCI6IkpXVCJ9.eyJzdWIiOiIyNzJmNmI1NS01MTc5LTRhZTMtODU2My1iNGVjMTBmNzY3MTUiLCJ1c2VybmFtZSI6ImpvaG5kb2UyZDVkIiwicm9sZSI6MCwiaWF0IjoxNzUwNjA4NDg0LCJleHAiOjE3NTA2MTIwODR9.zzHLgrK1bneqGodZlU8OjU-9UMPrdVxl-0K2zrG2qMo","refresh_token":"6514da2bc3bec0d3ac4eb0770c746a0b5a4daee6aa107b043d317e3150fabe95","user":{"id":"272f6b55-5179-4ae3-8563-b4ec10f76715","email":"testit5@gmail.com","username":"johndoe2d5d","name":"John Doe","phoneNumber":"0123456132","profilePic":null,"bio":null,"private":false,"verified":false,"role":0,"followersCount":0,"followingCount":0,"postCount":0}}

23:08:05.202 [pool-2-thread-18] INFO com.intuit.karate -- [print] Call 8 completed, status: 200 
23:08:05.202 [pool-2-thread-18] INFO com.intuit.karate -- [print] *** API CALL 9 *** 
23:08:05.203 [pool-2-thread-18] DEBUG org.apache.http.client.protocol.RequestAddCookies -- CookieSpec selected: karate
23:08:05.203 [pool-2-thread-18] DEBUG org.apache.http.client.protocol.RequestAuthCache -- Auth cache not set in the context
23:08:05.203 [pool-2-thread-18] DEBUG com.intuit.karate -- request:
9 > POST http://localhost:3000/auth/login
9 > Content-Type: application/json; charset=UTF-8
9 > Content-Length: 54
9 > Host: localhost:3000
9 > Connection: Keep-Alive
9 > User-Agent: Apache-HttpClient/4.5.14 (Java/17.0.9)
9 > Accept-Encoding: gzip,deflate
{"email":"testit5@gmail.com","password":"Password123"}

23:08:05.203 [pool-2-thread-18] DEBUG org.apache.http.impl.conn.PoolingHttpClientConnectionManager -- Connection request: [route: {}->http://localhost:3000][total available: 0; route allocated: 0 of 5; total allocated: 0 of 10]
23:08:05.203 [pool-2-thread-18] DEBUG org.apache.http.impl.conn.PoolingHttpClientConnectionManager -- Connection leased: [id: 220][route: {}->http://localhost:3000][total available: 0; route allocated: 1 of 5; total allocated: 1 of 10]
23:08:05.203 [pool-2-thread-18] DEBUG org.apache.http.impl.execchain.MainClientExec -- Opening connection {}->http://localhost:3000
23:08:05.203 [pool-2-thread-18] DEBUG org.apache.http.impl.conn.DefaultHttpClientConnectionOperator -- Connecting to localhost/127.0.0.1:3000
23:08:05.203 [pool-2-thread-18] DEBUG org.apache.http.impl.conn.DefaultHttpClientConnectionOperator -- Connection established 127.0.0.1:52888<->127.0.0.1:3000
23:08:05.203 [pool-2-thread-18] DEBUG org.apache.http.impl.conn.DefaultManagedHttpClientConnection -- http-outgoing-220: set socket timeout to 30000
23:08:05.203 [pool-2-thread-18] DEBUG org.apache.http.impl.execchain.MainClientExec -- Executing request POST /auth/login HTTP/1.1
23:08:05.205 [pool-2-thread-18] DEBUG org.apache.http.impl.execchain.MainClientExec -- Target auth state: UNCHALLENGED
23:08:05.205 [pool-2-thread-18] DEBUG org.apache.http.impl.execchain.MainClientExec -- Proxy auth state: UNCHALLENGED
23:08:05.205 [pool-2-thread-18] DEBUG org.apache.http.headers -- http-outgoing-220 >> POST /auth/login HTTP/1.1
23:08:05.205 [pool-2-thread-18] DEBUG org.apache.http.headers -- http-outgoing-220 >> Content-Type: application/json; charset=UTF-8
23:08:05.205 [pool-2-thread-18] DEBUG org.apache.http.headers -- http-outgoing-220 >> Content-Length: 54
23:08:05.205 [pool-2-thread-18] DEBUG org.apache.http.headers -- http-outgoing-220 >> Host: localhost:3000
23:08:05.205 [pool-2-thread-18] DEBUG org.apache.http.headers -- http-outgoing-220 >> Connection: Keep-Alive
23:08:05.205 [pool-2-thread-18] DEBUG org.apache.http.headers -- http-outgoing-220 >> User-Agent: Apache-HttpClient/4.5.14 (Java/17.0.9)
23:08:05.205 [pool-2-thread-18] DEBUG org.apache.http.headers -- http-outgoing-220 >> Accept-Encoding: gzip,deflate
23:08:05.205 [pool-2-thread-18] DEBUG org.apache.http.wire -- http-outgoing-220 >> "POST /auth/login HTTP/1.1[\r][\n]"
23:08:05.205 [pool-2-thread-18] DEBUG org.apache.http.wire -- http-outgoing-220 >> "Content-Type: application/json; charset=UTF-8[\r][\n]"
23:08:05.205 [pool-2-thread-18] DEBUG org.apache.http.wire -- http-outgoing-220 >> "Content-Length: 54[\r][\n]"
23:08:05.205 [pool-2-thread-18] DEBUG org.apache.http.wire -- http-outgoing-220 >> "Host: localhost:3000[\r][\n]"
23:08:05.205 [pool-2-thread-18] DEBUG org.apache.http.wire -- http-outgoing-220 >> "Connection: Keep-Alive[\r][\n]"
23:08:05.205 [pool-2-thread-18] DEBUG org.apache.http.wire -- http-outgoing-220 >> "User-Agent: Apache-HttpClient/4.5.14 (Java/17.0.9)[\r][\n]"
23:08:05.205 [pool-2-thread-18] DEBUG org.apache.http.wire -- http-outgoing-220 >> "Accept-Encoding: gzip,deflate[\r][\n]"
23:08:05.205 [pool-2-thread-18] DEBUG org.apache.http.wire -- http-outgoing-220 >> "[\r][\n]"
23:08:05.205 [pool-2-thread-18] DEBUG org.apache.http.wire -- http-outgoing-220 >> "{"email":"testit5@gmail.com","password":"Password123"}"
23:08:05.231 [pool-2-thread-30] DEBUG org.apache.http.wire -- http-outgoing-196 << "HTTP/1.1 200 OK[\r][\n]"
23:08:05.231 [pool-2-thread-30] DEBUG org.apache.http.wire -- http-outgoing-196 << "X-Powered-By: Express[\r][\n]"
23:08:05.231 [pool-2-thread-30] DEBUG org.apache.http.wire -- http-outgoing-196 << "Access-Control-Allow-Origin: *[\r][\n]"
23:08:05.231 [pool-2-thread-30] DEBUG org.apache.http.wire -- http-outgoing-196 << "Content-Type: application/json; charset=utf-8[\r][\n]"
23:08:05.231 [pool-2-thread-30] DEBUG org.apache.http.wire -- http-outgoing-196 << "Content-Length: 605[\r][\n]"
23:08:05.231 [pool-2-thread-30] DEBUG org.apache.http.wire -- http-outgoing-196 << "ETag: W/"25d-9u+GnM73vM0SeQLG1MYZIT+B++A"[\r][\n]"
23:08:05.231 [pool-2-thread-30] DEBUG org.apache.http.wire -- http-outgoing-196 << "Date: Sun, 22 Jun 2025 16:08:05 GMT[\r][\n]"
23:08:05.231 [pool-2-thread-30] DEBUG org.apache.http.wire -- http-outgoing-196 << "Connection: keep-alive[\r][\n]"
23:08:05.231 [pool-2-thread-30] DEBUG org.apache.http.wire -- http-outgoing-196 << "Keep-Alive: timeout=5[\r][\n]"
23:08:05.231 [pool-2-thread-30] DEBUG org.apache.http.wire -- http-outgoing-196 << "[\r][\n]"
23:08:05.231 [pool-2-thread-30] DEBUG org.apache.http.wire -- http-outgoing-196 << "{"access_token":"eyJhbGciOiJIUzI1NiIsInR5cCI6IkpXVCJ9.eyJzdWIiOiIwYTM3ZWY0My1mZWU4LTQxZDMtYTY4Ni04YWIwODY5NDg2OTUiLCJ1c2VybmFtZSI6ImpvaG5kb2UyMSIsInJvbGUiOjAsImlhdCI6MTc1MDYwODQ4NCwiZXhwIjoxNzUwNjEyMDg0fQ.9xpNLxbGTkSeHxrTmsvjpcT41wx7CwXi6iDGRNUg7v0","refresh_token":"7f89129ce0cf5e48ec711253dbe9e79fefba34b2e385b4b0946f278d3cd0172f","user":{"id":"0a37ef43-fee8-41d3-a686-8ab086948695","email":"testit2@gmail.com","username":"johndoe21","name":"John Doe","phoneNumber":"0123456712","profilePic":null,"bio":null,"private":false,"verified":false,"role":0,"followersCount":0,"followingCount":0,"postCount":0}}"
23:08:05.231 [pool-2-thread-30] DEBUG org.apache.http.headers -- http-outgoing-196 << HTTP/1.1 200 OK
23:08:05.231 [pool-2-thread-30] DEBUG org.apache.http.headers -- http-outgoing-196 << X-Powered-By: Express
23:08:05.231 [pool-2-thread-30] DEBUG org.apache.http.headers -- http-outgoing-196 << Access-Control-Allow-Origin: *
23:08:05.231 [pool-2-thread-30] DEBUG org.apache.http.headers -- http-outgoing-196 << Content-Type: application/json; charset=utf-8
23:08:05.231 [pool-2-thread-30] DEBUG org.apache.http.headers -- http-outgoing-196 << Content-Length: 605
23:08:05.231 [pool-2-thread-30] DEBUG org.apache.http.headers -- http-outgoing-196 << ETag: W/"25d-9u+GnM73vM0SeQLG1MYZIT+B++A"
23:08:05.231 [pool-2-thread-30] DEBUG org.apache.http.headers -- http-outgoing-196 << Date: Sun, 22 Jun 2025 16:08:05 GMT
23:08:05.231 [pool-2-thread-30] DEBUG org.apache.http.headers -- http-outgoing-196 << Connection: keep-alive
23:08:05.231 [pool-2-thread-30] DEBUG org.apache.http.headers -- http-outgoing-196 << Keep-Alive: timeout=5
23:08:05.232 [pool-2-thread-30] DEBUG org.apache.http.impl.execchain.MainClientExec -- Connection can be kept alive for 5000 MILLISECONDS
23:08:05.232 [pool-2-thread-30] DEBUG org.apache.http.impl.conn.PoolingHttpClientConnectionManager -- Connection [id: 196][route: {}->http://localhost:3000] can be kept alive for 5.0 seconds
23:08:05.232 [pool-2-thread-30] DEBUG org.apache.http.impl.conn.DefaultManagedHttpClientConnection -- http-outgoing-196: set socket timeout to 0
23:08:05.232 [pool-2-thread-30] DEBUG org.apache.http.impl.conn.PoolingHttpClientConnectionManager -- Connection released: [id: 196][route: {}->http://localhost:3000][total available: 1; route allocated: 1 of 5; total allocated: 1 of 10]
23:08:05.232 [pool-2-thread-30] DEBUG org.apache.http.impl.conn.PoolingHttpClientConnectionManager -- Connection manager is shutting down
23:08:05.232 [pool-2-thread-30] DEBUG org.apache.http.impl.conn.DefaultManagedHttpClientConnection -- http-outgoing-196: Close connection
23:08:05.232 [pool-2-thread-30] DEBUG org.apache.http.impl.conn.PoolingHttpClientConnectionManager -- Connection manager shut down
23:08:05.232 [pool-2-thread-30] DEBUG com.intuit.karate -- response time in milliseconds: 2876
7 < 200
7 < X-Powered-By: Express
7 < Access-Control-Allow-Origin: *
7 < Content-Type: application/json; charset=utf-8
7 < Content-Length: 605
7 < ETag: W/"25d-9u+GnM73vM0SeQLG1MYZIT+B++A"
7 < Date: Sun, 22 Jun 2025 16:08:05 GMT
7 < Connection: keep-alive
7 < Keep-Alive: timeout=5
{"access_token":"eyJhbGciOiJIUzI1NiIsInR5cCI6IkpXVCJ9.eyJzdWIiOiIwYTM3ZWY0My1mZWU4LTQxZDMtYTY4Ni04YWIwODY5NDg2OTUiLCJ1c2VybmFtZSI6ImpvaG5kb2UyMSIsInJvbGUiOjAsImlhdCI6MTc1MDYwODQ4NCwiZXhwIjoxNzUwNjEyMDg0fQ.9xpNLxbGTkSeHxrTmsvjpcT41wx7CwXi6iDGRNUg7v0","refresh_token":"7f89129ce0cf5e48ec711253dbe9e79fefba34b2e385b4b0946f278d3cd0172f","user":{"id":"0a37ef43-fee8-41d3-a686-8ab086948695","email":"testit2@gmail.com","username":"johndoe21","name":"John Doe","phoneNumber":"0123456712","profilePic":null,"bio":null,"private":false,"verified":false,"role":0,"followersCount":0,"followingCount":0,"postCount":0}}

23:08:05.234 [pool-2-thread-30] INFO com.intuit.karate -- [print] Call 7 completed, status: 200 
23:08:05.234 [pool-2-thread-3] DEBUG org.apache.http.wire -- http-outgoing-197 << "HTTP/1.1 200 OK[\r][\n]"
23:08:05.234 [pool-2-thread-3] DEBUG org.apache.http.wire -- http-outgoing-197 << "X-Powered-By: Express[\r][\n]"
23:08:05.234 [pool-2-thread-3] DEBUG org.apache.http.wire -- http-outgoing-197 << "Access-Control-Allow-Origin: *[\r][\n]"
23:08:05.234 [pool-2-thread-3] DEBUG org.apache.http.wire -- http-outgoing-197 << "Content-Type: application/json; charset=utf-8[\r][\n]"
23:08:05.234 [pool-2-thread-3] DEBUG org.apache.http.wire -- http-outgoing-197 << "Content-Length: 599[\r][\n]"
23:08:05.234 [pool-2-thread-3] DEBUG org.apache.http.wire -- http-outgoing-197 << "ETag: W/"257-ABCpNIEtr/ZOOJ+dd6Kaf487D4o"[\r][\n]"
23:08:05.234 [pool-2-thread-3] DEBUG org.apache.http.wire -- http-outgoing-197 << "Date: Sun, 22 Jun 2025 16:08:05 GMT[\r][\n]"
23:08:05.234 [pool-2-thread-3] DEBUG org.apache.http.wire -- http-outgoing-197 << "Connection: keep-alive[\r][\n]"
23:08:05.234 [pool-2-thread-3] DEBUG org.apache.http.wire -- http-outgoing-197 << "Keep-Alive: timeout=5[\r][\n]"
23:08:05.234 [pool-2-thread-3] DEBUG org.apache.http.wire -- http-outgoing-197 << "[\r][\n]"
23:08:05.234 [pool-2-thread-3] DEBUG org.apache.http.wire -- http-outgoing-197 << "{"access_token":"eyJhbGciOiJIUzI1NiIsInR5cCI6IkpXVCJ9.eyJzdWIiOiIyZGRhMDQzOS01MTgwLTQ1YWEtOTE3Zi1lNjMyZTQ1YThlNDEiLCJ1c2VybmFtZSI6ImpvaG5kb2UiLCJyb2xlIjowLCJpYXQiOjE3NTA2MDg0ODQsImV4cCI6MTc1MDYxMjA4NH0.xw_eX_62PiguNVJ0q0m-YQu2XkpSttDVCJaBLIAizJY","refresh_token":"2a3e0bfea583a32b800615dd24856cfa2819022770c63705a9f0d1679659b065","user":{"id":"2dda0439-5180-45aa-917f-e632e45a8e41","email":"test@example.com","username":"johndoe","name":"John Doe","phoneNumber":"0987654321","profilePic":null,"bio":null,"private":false,"verified":false,"role":0,"followersCount":0,"followingCount":0,"postCount":0}}"
23:08:05.234 [pool-2-thread-3] DEBUG org.apache.http.headers -- http-outgoing-197 << HTTP/1.1 200 OK
23:08:05.234 [pool-2-thread-3] DEBUG org.apache.http.headers -- http-outgoing-197 << X-Powered-By: Express
23:08:05.234 [pool-2-thread-3] DEBUG org.apache.http.headers -- http-outgoing-197 << Access-Control-Allow-Origin: *
23:08:05.234 [pool-2-thread-3] DEBUG org.apache.http.headers -- http-outgoing-197 << Content-Type: application/json; charset=utf-8
23:08:05.234 [pool-2-thread-3] DEBUG org.apache.http.headers -- http-outgoing-197 << Content-Length: 599
23:08:05.234 [pool-2-thread-3] DEBUG org.apache.http.headers -- http-outgoing-197 << ETag: W/"257-ABCpNIEtr/ZOOJ+dd6Kaf487D4o"
23:08:05.234 [pool-2-thread-3] DEBUG org.apache.http.headers -- http-outgoing-197 << Date: Sun, 22 Jun 2025 16:08:05 GMT
23:08:05.234 [pool-2-thread-3] DEBUG org.apache.http.headers -- http-outgoing-197 << Connection: keep-alive
23:08:05.234 [pool-2-thread-3] DEBUG org.apache.http.headers -- http-outgoing-197 << Keep-Alive: timeout=5
23:08:05.234 [pool-2-thread-30] INFO com.intuit.karate -- [print] *** API CALL 8 *** 
23:08:05.234 [pool-2-thread-3] DEBUG org.apache.http.impl.execchain.MainClientExec -- Connection can be kept alive for 5000 MILLISECONDS
23:08:05.234 [pool-2-thread-3] DEBUG org.apache.http.impl.conn.PoolingHttpClientConnectionManager -- Connection [id: 197][route: {}->http://localhost:3000] can be kept alive for 5.0 seconds
23:08:05.234 [pool-2-thread-3] DEBUG org.apache.http.impl.conn.DefaultManagedHttpClientConnection -- http-outgoing-197: set socket timeout to 0
23:08:05.234 [pool-2-thread-3] DEBUG org.apache.http.impl.conn.PoolingHttpClientConnectionManager -- Connection released: [id: 197][route: {}->http://localhost:3000][total available: 1; route allocated: 1 of 5; total allocated: 1 of 10]
23:08:05.234 [pool-2-thread-3] DEBUG org.apache.http.impl.conn.PoolingHttpClientConnectionManager -- Connection manager is shutting down
23:08:05.234 [pool-2-thread-3] DEBUG org.apache.http.impl.conn.DefaultManagedHttpClientConnection -- http-outgoing-197: Close connection
23:08:05.234 [pool-2-thread-3] DEBUG org.apache.http.impl.conn.PoolingHttpClientConnectionManager -- Connection manager shut down
23:08:05.234 [pool-2-thread-3] DEBUG com.intuit.karate -- response time in milliseconds: 2850
9 < 200
9 < X-Powered-By: Express
9 < Access-Control-Allow-Origin: *
9 < Content-Type: application/json; charset=utf-8
9 < Content-Length: 599
9 < ETag: W/"257-ABCpNIEtr/ZOOJ+dd6Kaf487D4o"
9 < Date: Sun, 22 Jun 2025 16:08:05 GMT
9 < Connection: keep-alive
9 < Keep-Alive: timeout=5
{"access_token":"eyJhbGciOiJIUzI1NiIsInR5cCI6IkpXVCJ9.eyJzdWIiOiIyZGRhMDQzOS01MTgwLTQ1YWEtOTE3Zi1lNjMyZTQ1YThlNDEiLCJ1c2VybmFtZSI6ImpvaG5kb2UiLCJyb2xlIjowLCJpYXQiOjE3NTA2MDg0ODQsImV4cCI6MTc1MDYxMjA4NH0.xw_eX_62PiguNVJ0q0m-YQu2XkpSttDVCJaBLIAizJY","refresh_token":"2a3e0bfea583a32b800615dd24856cfa2819022770c63705a9f0d1679659b065","user":{"id":"2dda0439-5180-45aa-917f-e632e45a8e41","email":"test@example.com","username":"johndoe","name":"John Doe","phoneNumber":"0987654321","profilePic":null,"bio":null,"private":false,"verified":false,"role":0,"followersCount":0,"followingCount":0,"postCount":0}}

23:08:05.234 [pool-2-thread-3] INFO com.intuit.karate -- [print] Call 9 completed, status: 200 
23:08:05.234 [pool-2-thread-3] INFO com.intuit.karate -- [print] *** API CALL 10 *** 
23:08:05.235 [pool-2-thread-30] DEBUG org.apache.http.client.protocol.RequestAddCookies -- CookieSpec selected: karate
23:08:05.235 [pool-2-thread-30] DEBUG org.apache.http.client.protocol.RequestAuthCache -- Auth cache not set in the context
23:08:05.235 [pool-2-thread-30] DEBUG com.intuit.karate -- request:
8 > POST http://localhost:3000/auth/login
8 > Content-Type: application/json; charset=UTF-8
8 > Content-Length: 54
8 > Host: localhost:3000
8 > Connection: Keep-Alive
8 > User-Agent: Apache-HttpClient/4.5.14 (Java/17.0.9)
8 > Accept-Encoding: gzip,deflate
{"email":"testit2@gmail.com","password":"Password123"}

23:08:05.235 [pool-2-thread-30] DEBUG org.apache.http.impl.conn.PoolingHttpClientConnectionManager -- Connection request: [route: {}->http://localhost:3000][total available: 0; route allocated: 0 of 5; total allocated: 0 of 10]
23:08:05.235 [pool-2-thread-30] DEBUG org.apache.http.impl.conn.PoolingHttpClientConnectionManager -- Connection leased: [id: 221][route: {}->http://localhost:3000][total available: 0; route allocated: 1 of 5; total allocated: 1 of 10]
23:08:05.235 [pool-2-thread-30] DEBUG org.apache.http.impl.execchain.MainClientExec -- Opening connection {}->http://localhost:3000
23:08:05.235 [pool-2-thread-30] DEBUG org.apache.http.impl.conn.DefaultHttpClientConnectionOperator -- Connecting to localhost/127.0.0.1:3000
23:08:05.235 [pool-2-thread-3] DEBUG org.apache.http.client.protocol.RequestAddCookies -- CookieSpec selected: karate
23:08:05.235 [pool-2-thread-3] DEBUG org.apache.http.client.protocol.RequestAuthCache -- Auth cache not set in the context
23:08:05.235 [pool-2-thread-3] DEBUG com.intuit.karate -- request:
10 > POST http://localhost:3000/auth/login
10 > Content-Type: application/json; charset=UTF-8
10 > Content-Length: 53
10 > Host: localhost:3000
10 > Connection: Keep-Alive
10 > User-Agent: Apache-HttpClient/4.5.14 (Java/17.0.9)
10 > Accept-Encoding: gzip,deflate
{"email":"test@example.com","password":"Password123"}

23:08:05.235 [pool-2-thread-3] DEBUG org.apache.http.impl.conn.PoolingHttpClientConnectionManager -- Connection request: [route: {}->http://localhost:3000][total available: 0; route allocated: 0 of 5; total allocated: 0 of 10]
23:08:05.235 [pool-2-thread-3] DEBUG org.apache.http.impl.conn.PoolingHttpClientConnectionManager -- Connection leased: [id: 222][route: {}->http://localhost:3000][total available: 0; route allocated: 1 of 5; total allocated: 1 of 10]
23:08:05.235 [pool-2-thread-3] DEBUG org.apache.http.impl.execchain.MainClientExec -- Opening connection {}->http://localhost:3000
23:08:05.235 [pool-2-thread-3] DEBUG org.apache.http.impl.conn.DefaultHttpClientConnectionOperator -- Connecting to localhost/127.0.0.1:3000
23:08:05.235 [pool-2-thread-30] DEBUG org.apache.http.impl.conn.DefaultHttpClientConnectionOperator -- Connection established 127.0.0.1:52889<->127.0.0.1:3000
23:08:05.235 [pool-2-thread-30] DEBUG org.apache.http.impl.conn.DefaultManagedHttpClientConnection -- http-outgoing-221: set socket timeout to 30000
23:08:05.235 [pool-2-thread-30] DEBUG org.apache.http.impl.execchain.MainClientExec -- Executing request POST /auth/login HTTP/1.1
23:08:05.235 [pool-2-thread-30] DEBUG org.apache.http.impl.execchain.MainClientExec -- Target auth state: UNCHALLENGED
23:08:05.235 [pool-2-thread-30] DEBUG org.apache.http.impl.execchain.MainClientExec -- Proxy auth state: UNCHALLENGED
23:08:05.235 [pool-2-thread-30] DEBUG org.apache.http.headers -- http-outgoing-221 >> POST /auth/login HTTP/1.1
23:08:05.235 [pool-2-thread-30] DEBUG org.apache.http.headers -- http-outgoing-221 >> Content-Type: application/json; charset=UTF-8
23:08:05.235 [pool-2-thread-30] DEBUG org.apache.http.headers -- http-outgoing-221 >> Content-Length: 54
23:08:05.235 [pool-2-thread-30] DEBUG org.apache.http.headers -- http-outgoing-221 >> Host: localhost:3000
23:08:05.235 [pool-2-thread-30] DEBUG org.apache.http.headers -- http-outgoing-221 >> Connection: Keep-Alive
23:08:05.235 [pool-2-thread-30] DEBUG org.apache.http.headers -- http-outgoing-221 >> User-Agent: Apache-HttpClient/4.5.14 (Java/17.0.9)
23:08:05.235 [pool-2-thread-30] DEBUG org.apache.http.headers -- http-outgoing-221 >> Accept-Encoding: gzip,deflate
23:08:05.235 [pool-2-thread-30] DEBUG org.apache.http.wire -- http-outgoing-221 >> "POST /auth/login HTTP/1.1[\r][\n]"
23:08:05.235 [pool-2-thread-30] DEBUG org.apache.http.wire -- http-outgoing-221 >> "Content-Type: application/json; charset=UTF-8[\r][\n]"
23:08:05.235 [pool-2-thread-30] DEBUG org.apache.http.wire -- http-outgoing-221 >> "Content-Length: 54[\r][\n]"
23:08:05.235 [pool-2-thread-30] DEBUG org.apache.http.wire -- http-outgoing-221 >> "Host: localhost:3000[\r][\n]"
23:08:05.235 [pool-2-thread-30] DEBUG org.apache.http.wire -- http-outgoing-221 >> "Connection: Keep-Alive[\r][\n]"
23:08:05.235 [pool-2-thread-30] DEBUG org.apache.http.wire -- http-outgoing-221 >> "User-Agent: Apache-HttpClient/4.5.14 (Java/17.0.9)[\r][\n]"
23:08:05.235 [pool-2-thread-30] DEBUG org.apache.http.wire -- http-outgoing-221 >> "Accept-Encoding: gzip,deflate[\r][\n]"
23:08:05.235 [pool-2-thread-30] DEBUG org.apache.http.wire -- http-outgoing-221 >> "[\r][\n]"
23:08:05.235 [pool-2-thread-30] DEBUG org.apache.http.wire -- http-outgoing-221 >> "{"email":"testit2@gmail.com","password":"Password123"}"
23:08:05.235 [pool-2-thread-3] DEBUG org.apache.http.impl.conn.DefaultHttpClientConnectionOperator -- Connection established 127.0.0.1:52890<->127.0.0.1:3000
23:08:05.235 [pool-2-thread-3] DEBUG org.apache.http.impl.conn.DefaultManagedHttpClientConnection -- http-outgoing-222: set socket timeout to 30000
23:08:05.235 [pool-2-thread-3] DEBUG org.apache.http.impl.execchain.MainClientExec -- Executing request POST /auth/login HTTP/1.1
23:08:05.235 [pool-2-thread-3] DEBUG org.apache.http.impl.execchain.MainClientExec -- Target auth state: UNCHALLENGED
23:08:05.235 [pool-2-thread-3] DEBUG org.apache.http.impl.execchain.MainClientExec -- Proxy auth state: UNCHALLENGED
23:08:05.235 [pool-2-thread-3] DEBUG org.apache.http.headers -- http-outgoing-222 >> POST /auth/login HTTP/1.1
23:08:05.235 [pool-2-thread-3] DEBUG org.apache.http.headers -- http-outgoing-222 >> Content-Type: application/json; charset=UTF-8
23:08:05.235 [pool-2-thread-3] DEBUG org.apache.http.headers -- http-outgoing-222 >> Content-Length: 53
23:08:05.235 [pool-2-thread-3] DEBUG org.apache.http.headers -- http-outgoing-222 >> Host: localhost:3000
23:08:05.235 [pool-2-thread-3] DEBUG org.apache.http.headers -- http-outgoing-222 >> Connection: Keep-Alive
23:08:05.235 [pool-2-thread-3] DEBUG org.apache.http.headers -- http-outgoing-222 >> User-Agent: Apache-HttpClient/4.5.14 (Java/17.0.9)
23:08:05.235 [pool-2-thread-3] DEBUG org.apache.http.headers -- http-outgoing-222 >> Accept-Encoding: gzip,deflate
23:08:05.235 [pool-2-thread-3] DEBUG org.apache.http.wire -- http-outgoing-222 >> "POST /auth/login HTTP/1.1[\r][\n]"
23:08:05.235 [pool-2-thread-3] DEBUG org.apache.http.wire -- http-outgoing-222 >> "Content-Type: application/json; charset=UTF-8[\r][\n]"
23:08:05.235 [pool-2-thread-3] DEBUG org.apache.http.wire -- http-outgoing-222 >> "Content-Length: 53[\r][\n]"
23:08:05.235 [pool-2-thread-3] DEBUG org.apache.http.wire -- http-outgoing-222 >> "Host: localhost:3000[\r][\n]"
23:08:05.235 [pool-2-thread-3] DEBUG org.apache.http.wire -- http-outgoing-222 >> "Connection: Keep-Alive[\r][\n]"
23:08:05.235 [pool-2-thread-3] DEBUG org.apache.http.wire -- http-outgoing-222 >> "User-Agent: Apache-HttpClient/4.5.14 (Java/17.0.9)[\r][\n]"
23:08:05.235 [pool-2-thread-3] DEBUG org.apache.http.wire -- http-outgoing-222 >> "Accept-Encoding: gzip,deflate[\r][\n]"
23:08:05.235 [pool-2-thread-3] DEBUG org.apache.http.wire -- http-outgoing-222 >> "[\r][\n]"
23:08:05.235 [pool-2-thread-3] DEBUG org.apache.http.wire -- http-outgoing-222 >> "{"email":"test@example.com","password":"Password123"}"
23:08:05.348 [pool-2-thread-21] DEBUG org.apache.http.wire -- http-outgoing-206 << "HTTP/1.1 200 OK[\r][\n]"
23:08:05.348 [pool-2-thread-21] DEBUG org.apache.http.wire -- http-outgoing-206 << "X-Powered-By: Express[\r][\n]"
23:08:05.348 [pool-2-thread-21] DEBUG org.apache.http.wire -- http-outgoing-206 << "Access-Control-Allow-Origin: *[\r][\n]"
23:08:05.348 [pool-2-thread-21] DEBUG org.apache.http.wire -- http-outgoing-206 << "Content-Type: application/json; charset=utf-8[\r][\n]"
23:08:05.348 [pool-2-thread-21] DEBUG org.apache.http.wire -- http-outgoing-206 << "Content-Length: 708[\r][\n]"
23:08:05.348 [pool-2-thread-21] DEBUG org.apache.http.wire -- http-outgoing-206 << "ETag: W/"2c4-0yYvlDTSn8Y4hjTD+iyYQOXyXFU"[\r][\n]"
23:08:05.348 [pool-2-thread-21] DEBUG org.apache.http.wire -- http-outgoing-206 << "Date: Sun, 22 Jun 2025 16:08:05 GMT[\r][\n]"
23:08:05.348 [pool-2-thread-21] DEBUG org.apache.http.wire -- http-outgoing-206 << "Connection: keep-alive[\r][\n]"
23:08:05.348 [pool-2-thread-21] DEBUG org.apache.http.wire -- http-outgoing-206 << "Keep-Alive: timeout=5[\r][\n]"
23:08:05.348 [pool-2-thread-21] DEBUG org.apache.http.wire -- http-outgoing-206 << "[\r][\n]"
23:08:05.348 [pool-2-thread-21] DEBUG org.apache.http.wire -- http-outgoing-206 << "{"access_token":"eyJhbGciOiJIUzI1NiIsInR5cCI6IkpXVCJ9.eyJzdWIiOiIwODUxNWIwNS0yZDNlLTQ3ODktYWQ2MC1kYjM1NTI1YTQ5NzAiLCJ1c2VybmFtZSI6Im5hbSIsInJvbGUiOjAsImlhdCI6MTc1MDYwODQ4NSwiZXhwIjoxNzUwNjEyMDg1fQ.hHoaAkV8wHf5dP92wmsYvvMTVmuIaS6ZuKcD4fPZPcE","refresh_token":"6315af09646193e374d87d7a869faffcf72f290335a39a7346fdf4f6f8356933","user":{"id":"08515b05-2d3e-4789-ad60-db35525a4970","email":"nam@gmail.com","username":"nam","name":"nam","phoneNumber":"0123456789","profilePic":"https://res.cloudinary.com/dizcvrefo/image/upload/v1749266646/nestjs_uploads/zk9zrpeidnovxibfqdxr.png","bio":"Chu tich hoi dong Quan tri 1","private":false,"verified":false,"role":0,"followersCount":2,"followingCount":2,"postCount":13}}"
23:08:05.348 [pool-2-thread-21] DEBUG org.apache.http.headers -- http-outgoing-206 << HTTP/1.1 200 OK
23:08:05.348 [pool-2-thread-21] DEBUG org.apache.http.headers -- http-outgoing-206 << X-Powered-By: Express
23:08:05.348 [pool-2-thread-21] DEBUG org.apache.http.headers -- http-outgoing-206 << Access-Control-Allow-Origin: *
23:08:05.348 [pool-2-thread-21] DEBUG org.apache.http.headers -- http-outgoing-206 << Content-Type: application/json; charset=utf-8
23:08:05.348 [pool-2-thread-21] DEBUG org.apache.http.headers -- http-outgoing-206 << Content-Length: 708
23:08:05.348 [pool-2-thread-21] DEBUG org.apache.http.headers -- http-outgoing-206 << ETag: W/"2c4-0yYvlDTSn8Y4hjTD+iyYQOXyXFU"
23:08:05.348 [pool-2-thread-21] DEBUG org.apache.http.headers -- http-outgoing-206 << Date: Sun, 22 Jun 2025 16:08:05 GMT
23:08:05.348 [pool-2-thread-21] DEBUG org.apache.http.headers -- http-outgoing-206 << Connection: keep-alive
23:08:05.348 [pool-2-thread-21] DEBUG org.apache.http.headers -- http-outgoing-206 << Keep-Alive: timeout=5
23:08:05.348 [pool-2-thread-21] DEBUG org.apache.http.impl.execchain.MainClientExec -- Connection can be kept alive for 5000 MILLISECONDS
23:08:05.348 [pool-2-thread-21] DEBUG org.apache.http.impl.conn.PoolingHttpClientConnectionManager -- Connection [id: 206][route: {}->http://localhost:3000] can be kept alive for 5.0 seconds
23:08:05.348 [pool-2-thread-21] DEBUG org.apache.http.impl.conn.DefaultManagedHttpClientConnection -- http-outgoing-206: set socket timeout to 0
23:08:05.348 [pool-2-thread-21] DEBUG org.apache.http.impl.conn.PoolingHttpClientConnectionManager -- Connection released: [id: 206][route: {}->http://localhost:3000][total available: 1; route allocated: 1 of 5; total allocated: 1 of 10]
23:08:05.348 [pool-2-thread-21] DEBUG org.apache.http.impl.conn.PoolingHttpClientConnectionManager -- Connection manager is shutting down
23:08:05.348 [pool-2-thread-21] DEBUG org.apache.http.impl.conn.DefaultManagedHttpClientConnection -- http-outgoing-206: Close connection
23:08:05.348 [pool-2-thread-21] DEBUG org.apache.http.impl.conn.PoolingHttpClientConnectionManager -- Connection manager shut down
23:08:05.348 [pool-2-thread-21] DEBUG com.intuit.karate -- response time in milliseconds: 2002
10 < 200
10 < X-Powered-By: Express
10 < Access-Control-Allow-Origin: *
10 < Content-Type: application/json; charset=utf-8
10 < Content-Length: 708
10 < ETag: W/"2c4-0yYvlDTSn8Y4hjTD+iyYQOXyXFU"
10 < Date: Sun, 22 Jun 2025 16:08:05 GMT
10 < Connection: keep-alive
10 < Keep-Alive: timeout=5
{"access_token":"eyJhbGciOiJIUzI1NiIsInR5cCI6IkpXVCJ9.eyJzdWIiOiIwODUxNWIwNS0yZDNlLTQ3ODktYWQ2MC1kYjM1NTI1YTQ5NzAiLCJ1c2VybmFtZSI6Im5hbSIsInJvbGUiOjAsImlhdCI6MTc1MDYwODQ4NSwiZXhwIjoxNzUwNjEyMDg1fQ.hHoaAkV8wHf5dP92wmsYvvMTVmuIaS6ZuKcD4fPZPcE","refresh_token":"6315af09646193e374d87d7a869faffcf72f290335a39a7346fdf4f6f8356933","user":{"id":"08515b05-2d3e-4789-ad60-db35525a4970","email":"nam@gmail.com","username":"nam","name":"nam","phoneNumber":"0123456789","profilePic":"https://res.cloudinary.com/dizcvrefo/image/upload/v1749266646/nestjs_uploads/zk9zrpeidnovxibfqdxr.png","bio":"Chu tich hoi dong Quan tri 1","private":false,"verified":false,"role":0,"followersCount":2,"followingCount":2,"postCount":13}}

23:08:05.350 [pool-2-thread-21] INFO com.intuit.karate -- [print] Call 10 completed, status: 200 
23:08:05.351 [pool-2-thread-21] INFO com.intuit.karate -- [print] === COMPLETED 10 API CALLS for user: nam@gmail.com === 
23:08:05.390 [pool-2-thread-26] DEBUG org.apache.http.wire -- http-outgoing-199 << "HTTP/1.1 200 OK[\r][\n]"
23:08:05.390 [pool-2-thread-26] DEBUG org.apache.http.wire -- http-outgoing-199 << "X-Powered-By: Express[\r][\n]"
23:08:05.390 [pool-2-thread-26] DEBUG org.apache.http.wire -- http-outgoing-199 << "Access-Control-Allow-Origin: *[\r][\n]"
23:08:05.390 [pool-2-thread-26] DEBUG org.apache.http.wire -- http-outgoing-199 << "Content-Type: application/json; charset=utf-8[\r][\n]"
23:08:05.390 [pool-2-thread-26] DEBUG org.apache.http.wire -- http-outgoing-199 << "Content-Length: 607[\r][\n]"
23:08:05.390 [pool-2-thread-26] DEBUG org.apache.http.wire -- http-outgoing-199 << "ETag: W/"25f-byTf8YZDg/AKWSoKA++t/KKiStI"[\r][\n]"
23:08:05.390 [pool-2-thread-26] DEBUG org.apache.http.wire -- http-outgoing-199 << "Date: Sun, 22 Jun 2025 16:08:05 GMT[\r][\n]"
23:08:05.390 [pool-2-thread-26] DEBUG org.apache.http.wire -- http-outgoing-199 << "Connection: keep-alive[\r][\n]"
23:08:05.390 [pool-2-thread-26] DEBUG org.apache.http.wire -- http-outgoing-199 << "Keep-Alive: timeout=5[\r][\n]"
23:08:05.390 [pool-2-thread-26] DEBUG org.apache.http.wire -- http-outgoing-199 << "[\r][\n]"
23:08:05.390 [pool-2-thread-26] DEBUG org.apache.http.wire -- http-outgoing-199 << "{"access_token":"eyJhbGciOiJIUzI1NiIsInR5cCI6IkpXVCJ9.eyJzdWIiOiI5YTI2OTc2Yy0xNTMyLTRkZjMtYTE2ZS03NjMxNTI1Yzg1MDIiLCJ1c2VybmFtZSI6ImpvaG5kb2UyZDUiLCJyb2xlIjowLCJpYXQiOjE3NTA2MDg0ODUsImV4cCI6MTc1MDYxMjA4NX0.4iaA4P1SZl2PwuPpY40-hKuQD2v0Py9PbZjoL8S2S-M","refresh_token":"74f8effcdd818649889a79c418c0bc5a00c790ebc287d0076e5f46be3664b53c","user":{"id":"9a26976c-1532-4df3-a16e-7631525c8502","email":"testit4@gmail.com","username":"johndoe2d5","name":"John Doe","phoneNumber":"0123456212","profilePic":null,"bio":null,"private":false,"verified":false,"role":0,"followersCount":0,"followingCount":0,"postCount":0}}"
23:08:05.390 [pool-2-thread-26] DEBUG org.apache.http.headers -- http-outgoing-199 << HTTP/1.1 200 OK
23:08:05.390 [pool-2-thread-26] DEBUG org.apache.http.headers -- http-outgoing-199 << X-Powered-By: Express
23:08:05.390 [pool-2-thread-26] DEBUG org.apache.http.headers -- http-outgoing-199 << Access-Control-Allow-Origin: *
23:08:05.390 [pool-2-thread-26] DEBUG org.apache.http.headers -- http-outgoing-199 << Content-Type: application/json; charset=utf-8
23:08:05.390 [pool-2-thread-26] DEBUG org.apache.http.headers -- http-outgoing-199 << Content-Length: 607
23:08:05.390 [pool-2-thread-26] DEBUG org.apache.http.headers -- http-outgoing-199 << ETag: W/"25f-byTf8YZDg/AKWSoKA++t/KKiStI"
23:08:05.390 [pool-2-thread-26] DEBUG org.apache.http.headers -- http-outgoing-199 << Date: Sun, 22 Jun 2025 16:08:05 GMT
23:08:05.390 [pool-2-thread-26] DEBUG org.apache.http.headers -- http-outgoing-199 << Connection: keep-alive
23:08:05.390 [pool-2-thread-26] DEBUG org.apache.http.headers -- http-outgoing-199 << Keep-Alive: timeout=5
23:08:05.390 [pool-2-thread-26] DEBUG org.apache.http.impl.execchain.MainClientExec -- Connection can be kept alive for 5000 MILLISECONDS
23:08:05.390 [pool-2-thread-26] DEBUG org.apache.http.impl.conn.PoolingHttpClientConnectionManager -- Connection [id: 199][route: {}->http://localhost:3000] can be kept alive for 5.0 seconds
23:08:05.390 [pool-2-thread-26] DEBUG org.apache.http.impl.conn.DefaultManagedHttpClientConnection -- http-outgoing-199: set socket timeout to 0
23:08:05.390 [pool-2-thread-26] DEBUG org.apache.http.impl.conn.PoolingHttpClientConnectionManager -- Connection released: [id: 199][route: {}->http://localhost:3000][total available: 1; route allocated: 1 of 5; total allocated: 1 of 10]
23:08:05.390 [pool-2-thread-26] DEBUG org.apache.http.impl.conn.PoolingHttpClientConnectionManager -- Connection manager is shutting down
23:08:05.390 [pool-2-thread-26] DEBUG org.apache.http.impl.conn.DefaultManagedHttpClientConnection -- http-outgoing-199: Close connection
23:08:05.390 [pool-2-thread-26] DEBUG org.apache.http.impl.conn.PoolingHttpClientConnectionManager -- Connection manager shut down
23:08:05.390 [pool-2-thread-26] DEBUG com.intuit.karate -- response time in milliseconds: 2233
10 < 200
10 < X-Powered-By: Express
10 < Access-Control-Allow-Origin: *
10 < Content-Type: application/json; charset=utf-8
10 < Content-Length: 607
10 < ETag: W/"25f-byTf8YZDg/AKWSoKA++t/KKiStI"
10 < Date: Sun, 22 Jun 2025 16:08:05 GMT
10 < Connection: keep-alive
10 < Keep-Alive: timeout=5
{"access_token":"eyJhbGciOiJIUzI1NiIsInR5cCI6IkpXVCJ9.eyJzdWIiOiI5YTI2OTc2Yy0xNTMyLTRkZjMtYTE2ZS03NjMxNTI1Yzg1MDIiLCJ1c2VybmFtZSI6ImpvaG5kb2UyZDUiLCJyb2xlIjowLCJpYXQiOjE3NTA2MDg0ODUsImV4cCI6MTc1MDYxMjA4NX0.4iaA4P1SZl2PwuPpY40-hKuQD2v0Py9PbZjoL8S2S-M","refresh_token":"74f8effcdd818649889a79c418c0bc5a00c790ebc287d0076e5f46be3664b53c","user":{"id":"9a26976c-1532-4df3-a16e-7631525c8502","email":"testit4@gmail.com","username":"johndoe2d5","name":"John Doe","phoneNumber":"0123456212","profilePic":null,"bio":null,"private":false,"verified":false,"role":0,"followersCount":0,"followingCount":0,"postCount":0}}

23:08:05.391 [pool-2-thread-26] INFO com.intuit.karate -- [print] Call 10 completed, status: 200 
23:08:05.391 [pool-2-thread-26] INFO com.intuit.karate -- [print] === COMPLETED 10 API CALLS for user: testit4@gmail.com === 
23:08:05.411 [pool-2-thread-19] DEBUG org.apache.http.wire -- http-outgoing-200 << "HTTP/1.1 200 OK[\r][\n]"
23:08:05.411 [pool-2-thread-19] DEBUG org.apache.http.wire -- http-outgoing-200 << "X-Powered-By: Express[\r][\n]"
23:08:05.411 [pool-2-thread-19] DEBUG org.apache.http.wire -- http-outgoing-200 << "Access-Control-Allow-Origin: *[\r][\n]"
23:08:05.411 [pool-2-thread-19] DEBUG org.apache.http.wire -- http-outgoing-200 << "Content-Type: application/json; charset=utf-8[\r][\n]"
23:08:05.411 [pool-2-thread-19] DEBUG org.apache.http.wire -- http-outgoing-200 << "Content-Length: 604[\r][\n]"
23:08:05.411 [pool-2-thread-19] DEBUG org.apache.http.wire -- http-outgoing-200 << "ETag: W/"25c-+aUHwx437hazuK7Km2+SDkoCzyo"[\r][\n]"
23:08:05.411 [pool-2-thread-19] DEBUG org.apache.http.wire -- http-outgoing-200 << "Date: Sun, 22 Jun 2025 16:08:05 GMT[\r][\n]"
23:08:05.411 [pool-2-thread-19] DEBUG org.apache.http.wire -- http-outgoing-200 << "Connection: keep-alive[\r][\n]"
23:08:05.411 [pool-2-thread-19] DEBUG org.apache.http.wire -- http-outgoing-200 << "Keep-Alive: timeout=5[\r][\n]"
23:08:05.411 [pool-2-thread-19] DEBUG org.apache.http.wire -- http-outgoing-200 << "[\r][\n]"
23:08:05.411 [pool-2-thread-19] DEBUG org.apache.http.wire -- http-outgoing-200 << "{"access_token":"eyJhbGciOiJIUzI1NiIsInR5cCI6IkpXVCJ9.eyJzdWIiOiJkZjZmMDkxOS1hMjNkLTQ0YzktYTkyNS00ZWE4YmU1MjVkMTAiLCJ1c2VybmFtZSI6ImpvaG5kb2UyMyIsInJvbGUiOjAsImlhdCI6MTc1MDYwODQ4NSwiZXhwIjoxNzUwNjEyMDg1fQ.NoExgMG2FU61UJxQUinQ69NpcV1R2XTN6RT3nS7cLOw","refresh_token":"6bdd33fcfa7ae71625b63ed894d28c7481c39ab92272d779fcbd3fcc07ae7740","user":{"id":"df6f0919-a23d-44c9-a925-4ea8be525d10","email":"testit@gmail.com","username":"johndoe23","name":"John Doe","phoneNumber":"0123456788","profilePic":null,"bio":null,"private":false,"verified":false,"role":0,"followersCount":0,"followingCount":0,"postCount":0}}"
23:08:05.411 [pool-2-thread-19] DEBUG org.apache.http.headers -- http-outgoing-200 << HTTP/1.1 200 OK
23:08:05.411 [pool-2-thread-19] DEBUG org.apache.http.headers -- http-outgoing-200 << X-Powered-By: Express
23:08:05.411 [pool-2-thread-19] DEBUG org.apache.http.headers -- http-outgoing-200 << Access-Control-Allow-Origin: *
23:08:05.411 [pool-2-thread-19] DEBUG org.apache.http.headers -- http-outgoing-200 << Content-Type: application/json; charset=utf-8
23:08:05.411 [pool-2-thread-19] DEBUG org.apache.http.headers -- http-outgoing-200 << Content-Length: 604
23:08:05.411 [pool-2-thread-19] DEBUG org.apache.http.headers -- http-outgoing-200 << ETag: W/"25c-+aUHwx437hazuK7Km2+SDkoCzyo"
23:08:05.411 [pool-2-thread-19] DEBUG org.apache.http.headers -- http-outgoing-200 << Date: Sun, 22 Jun 2025 16:08:05 GMT
23:08:05.411 [pool-2-thread-19] DEBUG org.apache.http.headers -- http-outgoing-200 << Connection: keep-alive
23:08:05.411 [pool-2-thread-19] DEBUG org.apache.http.headers -- http-outgoing-200 << Keep-Alive: timeout=5
23:08:05.411 [pool-2-thread-19] DEBUG org.apache.http.impl.execchain.MainClientExec -- Connection can be kept alive for 5000 MILLISECONDS
23:08:05.411 [pool-2-thread-19] DEBUG org.apache.http.impl.conn.PoolingHttpClientConnectionManager -- Connection [id: 200][route: {}->http://localhost:3000] can be kept alive for 5.0 seconds
23:08:05.411 [pool-2-thread-19] DEBUG org.apache.http.impl.conn.DefaultManagedHttpClientConnection -- http-outgoing-200: set socket timeout to 0
23:08:05.411 [pool-2-thread-19] DEBUG org.apache.http.impl.conn.PoolingHttpClientConnectionManager -- Connection released: [id: 200][route: {}->http://localhost:3000][total available: 1; route allocated: 1 of 5; total allocated: 1 of 10]
23:08:05.411 [pool-2-thread-19] DEBUG org.apache.http.impl.conn.PoolingHttpClientConnectionManager -- Connection manager is shutting down
23:08:05.411 [pool-2-thread-19] DEBUG org.apache.http.impl.conn.DefaultManagedHttpClientConnection -- http-outgoing-200: Close connection
23:08:05.411 [pool-2-thread-19] DEBUG org.apache.http.impl.conn.PoolingHttpClientConnectionManager -- Connection manager shut down
23:08:05.411 [pool-2-thread-19] DEBUG com.intuit.karate -- response time in milliseconds: 2227
7 < 200
7 < X-Powered-By: Express
7 < Access-Control-Allow-Origin: *
7 < Content-Type: application/json; charset=utf-8
7 < Content-Length: 604
7 < ETag: W/"25c-+aUHwx437hazuK7Km2+SDkoCzyo"
7 < Date: Sun, 22 Jun 2025 16:08:05 GMT
7 < Connection: keep-alive
7 < Keep-Alive: timeout=5
{"access_token":"eyJhbGciOiJIUzI1NiIsInR5cCI6IkpXVCJ9.eyJzdWIiOiJkZjZmMDkxOS1hMjNkLTQ0YzktYTkyNS00ZWE4YmU1MjVkMTAiLCJ1c2VybmFtZSI6ImpvaG5kb2UyMyIsInJvbGUiOjAsImlhdCI6MTc1MDYwODQ4NSwiZXhwIjoxNzUwNjEyMDg1fQ.NoExgMG2FU61UJxQUinQ69NpcV1R2XTN6RT3nS7cLOw","refresh_token":"6bdd33fcfa7ae71625b63ed894d28c7481c39ab92272d779fcbd3fcc07ae7740","user":{"id":"df6f0919-a23d-44c9-a925-4ea8be525d10","email":"testit@gmail.com","username":"johndoe23","name":"John Doe","phoneNumber":"0123456788","profilePic":null,"bio":null,"private":false,"verified":false,"role":0,"followersCount":0,"followingCount":0,"postCount":0}}

23:08:05.412 [pool-2-thread-19] INFO com.intuit.karate -- [print] Call 7 completed, status: 200 
23:08:05.412 [pool-2-thread-19] INFO com.intuit.karate -- [print] *** API CALL 8 *** 
23:08:05.413 [pool-2-thread-19] DEBUG org.apache.http.client.protocol.RequestAddCookies -- CookieSpec selected: karate
23:08:05.413 [pool-2-thread-19] DEBUG org.apache.http.client.protocol.RequestAuthCache -- Auth cache not set in the context
23:08:05.413 [pool-2-thread-19] DEBUG com.intuit.karate -- request:
8 > POST http://localhost:3000/auth/login
8 > Content-Type: application/json; charset=UTF-8
8 > Content-Length: 53
8 > Host: localhost:3000
8 > Connection: Keep-Alive
8 > User-Agent: Apache-HttpClient/4.5.14 (Java/17.0.9)
8 > Accept-Encoding: gzip,deflate
{"email":"testit@gmail.com","password":"Password123"}

23:08:05.413 [pool-2-thread-19] DEBUG org.apache.http.impl.conn.PoolingHttpClientConnectionManager -- Connection request: [route: {}->http://localhost:3000][total available: 0; route allocated: 0 of 5; total allocated: 0 of 10]
23:08:05.414 [pool-2-thread-19] DEBUG org.apache.http.impl.conn.PoolingHttpClientConnectionManager -- Connection leased: [id: 223][route: {}->http://localhost:3000][total available: 0; route allocated: 1 of 5; total allocated: 1 of 10]
23:08:05.414 [pool-2-thread-19] DEBUG org.apache.http.impl.execchain.MainClientExec -- Opening connection {}->http://localhost:3000
23:08:05.414 [pool-2-thread-19] DEBUG org.apache.http.impl.conn.DefaultHttpClientConnectionOperator -- Connecting to localhost/127.0.0.1:3000
23:08:05.414 [pool-2-thread-19] DEBUG org.apache.http.impl.conn.DefaultHttpClientConnectionOperator -- Connection established 127.0.0.1:52891<->127.0.0.1:3000
23:08:05.414 [pool-2-thread-19] DEBUG org.apache.http.impl.conn.DefaultManagedHttpClientConnection -- http-outgoing-223: set socket timeout to 30000
23:08:05.414 [pool-2-thread-19] DEBUG org.apache.http.impl.execchain.MainClientExec -- Executing request POST /auth/login HTTP/1.1
23:08:05.414 [pool-2-thread-19] DEBUG org.apache.http.impl.execchain.MainClientExec -- Target auth state: UNCHALLENGED
23:08:05.414 [pool-2-thread-19] DEBUG org.apache.http.impl.execchain.MainClientExec -- Proxy auth state: UNCHALLENGED
23:08:05.414 [pool-2-thread-19] DEBUG org.apache.http.headers -- http-outgoing-223 >> POST /auth/login HTTP/1.1
23:08:05.414 [pool-2-thread-19] DEBUG org.apache.http.headers -- http-outgoing-223 >> Content-Type: application/json; charset=UTF-8
23:08:05.414 [pool-2-thread-19] DEBUG org.apache.http.headers -- http-outgoing-223 >> Content-Length: 53
23:08:05.414 [pool-2-thread-19] DEBUG org.apache.http.headers -- http-outgoing-223 >> Host: localhost:3000
23:08:05.414 [pool-2-thread-19] DEBUG org.apache.http.headers -- http-outgoing-223 >> Connection: Keep-Alive
23:08:05.414 [pool-2-thread-19] DEBUG org.apache.http.headers -- http-outgoing-223 >> User-Agent: Apache-HttpClient/4.5.14 (Java/17.0.9)
23:08:05.414 [pool-2-thread-19] DEBUG org.apache.http.headers -- http-outgoing-223 >> Accept-Encoding: gzip,deflate
23:08:05.414 [pool-2-thread-19] DEBUG org.apache.http.wire -- http-outgoing-223 >> "POST /auth/login HTTP/1.1[\r][\n]"
23:08:05.414 [pool-2-thread-19] DEBUG org.apache.http.wire -- http-outgoing-223 >> "Content-Type: application/json; charset=UTF-8[\r][\n]"
23:08:05.414 [pool-2-thread-19] DEBUG org.apache.http.wire -- http-outgoing-223 >> "Content-Length: 53[\r][\n]"
23:08:05.414 [pool-2-thread-19] DEBUG org.apache.http.wire -- http-outgoing-223 >> "Host: localhost:3000[\r][\n]"
23:08:05.414 [pool-2-thread-19] DEBUG org.apache.http.wire -- http-outgoing-223 >> "Connection: Keep-Alive[\r][\n]"
23:08:05.414 [pool-2-thread-19] DEBUG org.apache.http.wire -- http-outgoing-223 >> "User-Agent: Apache-HttpClient/4.5.14 (Java/17.0.9)[\r][\n]"
23:08:05.414 [pool-2-thread-19] DEBUG org.apache.http.wire -- http-outgoing-223 >> "Accept-Encoding: gzip,deflate[\r][\n]"
23:08:05.414 [pool-2-thread-19] DEBUG org.apache.http.wire -- http-outgoing-223 >> "[\r][\n]"
23:08:05.414 [pool-2-thread-19] DEBUG org.apache.http.wire -- http-outgoing-223 >> "{"email":"testit@gmail.com","password":"Password123"}"
23:08:05.423 [pool-2-thread-8] DEBUG org.apache.http.wire -- http-outgoing-202 << "HTTP/1.1 200 OK[\r][\n]"
23:08:05.423 [pool-2-thread-8] DEBUG org.apache.http.wire -- http-outgoing-202 << "X-Powered-By: Express[\r][\n]"
23:08:05.423 [pool-2-thread-8] DEBUG org.apache.http.wire -- http-outgoing-202 << "Access-Control-Allow-Origin: *[\r][\n]"
23:08:05.423 [pool-2-thread-8] DEBUG org.apache.http.wire -- http-outgoing-202 << "Content-Type: application/json; charset=utf-8[\r][\n]"
23:08:05.423 [pool-2-thread-8] DEBUG org.apache.http.wire -- http-outgoing-202 << "Content-Length: 609[\r][\n]"
23:08:05.423 [pool-2-thread-8] DEBUG org.apache.http.wire -- http-outgoing-202 << "ETag: W/"261-ZZ0NiQbDEnBfc56eaP+VLRNCagA"[\r][\n]"
23:08:05.423 [pool-2-thread-8] DEBUG org.apache.http.wire -- http-outgoing-202 << "Date: Sun, 22 Jun 2025 16:08:05 GMT[\r][\n]"
23:08:05.423 [pool-2-thread-8] DEBUG org.apache.http.wire -- http-outgoing-202 << "Connection: keep-alive[\r][\n]"
23:08:05.423 [pool-2-thread-8] DEBUG org.apache.http.wire -- http-outgoing-202 << "Keep-Alive: timeout=5[\r][\n]"
23:08:05.423 [pool-2-thread-8] DEBUG org.apache.http.wire -- http-outgoing-202 << "[\r][\n]"
23:08:05.423 [pool-2-thread-8] DEBUG org.apache.http.wire -- http-outgoing-202 << "{"access_token":"eyJhbGciOiJIUzI1NiIsInR5cCI6IkpXVCJ9.eyJzdWIiOiIyNzJmNmI1NS01MTc5LTRhZTMtODU2My1iNGVjMTBmNzY3MTUiLCJ1c2VybmFtZSI6ImpvaG5kb2UyZDVkIiwicm9sZSI6MCwiaWF0IjoxNzUwNjA4NDg1LCJleHAiOjE3NTA2MTIwODV9.R9u46MdHGYXgTf8IPKDaPO-hginxyz69azbZwqe1cfs","refresh_token":"0e623fbe7529db91891067914aeb69e77d8326fdf3321cc6c990306a8ccfc0b9","user":{"id":"272f6b55-5179-4ae3-8563-b4ec10f76715","email":"testit5@gmail.com","username":"johndoe2d5d","name":"John Doe","phoneNumber":"0123456132","profilePic":null,"bio":null,"private":false,"verified":false,"role":0,"followersCount":0,"followingCount":0,"postCount":0}}"
23:08:05.423 [pool-2-thread-8] DEBUG org.apache.http.headers -- http-outgoing-202 << HTTP/1.1 200 OK
23:08:05.423 [pool-2-thread-8] DEBUG org.apache.http.headers -- http-outgoing-202 << X-Powered-By: Express
23:08:05.423 [pool-2-thread-8] DEBUG org.apache.http.headers -- http-outgoing-202 << Access-Control-Allow-Origin: *
23:08:05.423 [pool-2-thread-8] DEBUG org.apache.http.headers -- http-outgoing-202 << Content-Type: application/json; charset=utf-8
23:08:05.423 [pool-2-thread-8] DEBUG org.apache.http.headers -- http-outgoing-202 << Content-Length: 609
23:08:05.423 [pool-2-thread-8] DEBUG org.apache.http.headers -- http-outgoing-202 << ETag: W/"261-ZZ0NiQbDEnBfc56eaP+VLRNCagA"
23:08:05.423 [pool-2-thread-8] DEBUG org.apache.http.headers -- http-outgoing-202 << Date: Sun, 22 Jun 2025 16:08:05 GMT
23:08:05.423 [pool-2-thread-8] DEBUG org.apache.http.headers -- http-outgoing-202 << Connection: keep-alive
23:08:05.423 [pool-2-thread-8] DEBUG org.apache.http.headers -- http-outgoing-202 << Keep-Alive: timeout=5
23:08:05.423 [pool-2-thread-8] DEBUG org.apache.http.impl.execchain.MainClientExec -- Connection can be kept alive for 5000 MILLISECONDS
23:08:05.424 [pool-2-thread-8] DEBUG org.apache.http.impl.conn.PoolingHttpClientConnectionManager -- Connection [id: 202][route: {}->http://localhost:3000] can be kept alive for 5.0 seconds
23:08:05.424 [pool-2-thread-8] DEBUG org.apache.http.impl.conn.DefaultManagedHttpClientConnection -- http-outgoing-202: set socket timeout to 0
23:08:05.424 [pool-2-thread-8] DEBUG org.apache.http.impl.conn.PoolingHttpClientConnectionManager -- Connection released: [id: 202][route: {}->http://localhost:3000][total available: 1; route allocated: 1 of 5; total allocated: 1 of 10]
23:08:05.424 [pool-2-thread-8] DEBUG org.apache.http.impl.conn.PoolingHttpClientConnectionManager -- Connection manager is shutting down
23:08:05.424 [pool-2-thread-8] DEBUG org.apache.http.impl.conn.DefaultManagedHttpClientConnection -- http-outgoing-202: Close connection
23:08:05.424 [pool-2-thread-8] DEBUG org.apache.http.impl.conn.PoolingHttpClientConnectionManager -- Connection manager shut down
23:08:05.424 [pool-2-thread-8] DEBUG com.intuit.karate -- response time in milliseconds: 2197
8 < 200
8 < X-Powered-By: Express
8 < Access-Control-Allow-Origin: *
8 < Content-Type: application/json; charset=utf-8
8 < Content-Length: 609
8 < ETag: W/"261-ZZ0NiQbDEnBfc56eaP+VLRNCagA"
8 < Date: Sun, 22 Jun 2025 16:08:05 GMT
8 < Connection: keep-alive
8 < Keep-Alive: timeout=5
{"access_token":"eyJhbGciOiJIUzI1NiIsInR5cCI6IkpXVCJ9.eyJzdWIiOiIyNzJmNmI1NS01MTc5LTRhZTMtODU2My1iNGVjMTBmNzY3MTUiLCJ1c2VybmFtZSI6ImpvaG5kb2UyZDVkIiwicm9sZSI6MCwiaWF0IjoxNzUwNjA4NDg1LCJleHAiOjE3NTA2MTIwODV9.R9u46MdHGYXgTf8IPKDaPO-hginxyz69azbZwqe1cfs","refresh_token":"0e623fbe7529db91891067914aeb69e77d8326fdf3321cc6c990306a8ccfc0b9","user":{"id":"272f6b55-5179-4ae3-8563-b4ec10f76715","email":"testit5@gmail.com","username":"johndoe2d5d","name":"John Doe","phoneNumber":"0123456132","profilePic":null,"bio":null,"private":false,"verified":false,"role":0,"followersCount":0,"followingCount":0,"postCount":0}}

23:08:05.425 [pool-2-thread-8] INFO com.intuit.karate -- [print] Call 8 completed, status: 200 
23:08:05.425 [pool-2-thread-8] INFO com.intuit.karate -- [print] *** API CALL 9 *** 
23:08:05.428 [pool-2-thread-8] DEBUG org.apache.http.client.protocol.RequestAddCookies -- CookieSpec selected: karate
23:08:05.428 [pool-2-thread-8] DEBUG org.apache.http.client.protocol.RequestAuthCache -- Auth cache not set in the context
23:08:05.428 [pool-2-thread-8] DEBUG com.intuit.karate -- request:
9 > POST http://localhost:3000/auth/login
9 > Content-Type: application/json; charset=UTF-8
9 > Content-Length: 54
9 > Host: localhost:3000
9 > Connection: Keep-Alive
9 > User-Agent: Apache-HttpClient/4.5.14 (Java/17.0.9)
9 > Accept-Encoding: gzip,deflate
{"email":"testit5@gmail.com","password":"Password123"}

23:08:05.428 [pool-2-thread-8] DEBUG org.apache.http.impl.conn.PoolingHttpClientConnectionManager -- Connection request: [route: {}->http://localhost:3000][total available: 0; route allocated: 0 of 5; total allocated: 0 of 10]
23:08:05.428 [pool-2-thread-8] DEBUG org.apache.http.impl.conn.PoolingHttpClientConnectionManager -- Connection leased: [id: 224][route: {}->http://localhost:3000][total available: 0; route allocated: 1 of 5; total allocated: 1 of 10]
23:08:05.428 [pool-2-thread-8] DEBUG org.apache.http.impl.execchain.MainClientExec -- Opening connection {}->http://localhost:3000
23:08:05.429 [pool-2-thread-8] DEBUG org.apache.http.impl.conn.DefaultHttpClientConnectionOperator -- Connecting to localhost/127.0.0.1:3000
23:08:05.430 [pool-2-thread-8] DEBUG org.apache.http.impl.conn.DefaultHttpClientConnectionOperator -- Connection established 127.0.0.1:52892<->127.0.0.1:3000
23:08:05.430 [pool-2-thread-8] DEBUG org.apache.http.impl.conn.DefaultManagedHttpClientConnection -- http-outgoing-224: set socket timeout to 30000
23:08:05.430 [pool-2-thread-8] DEBUG org.apache.http.impl.execchain.MainClientExec -- Executing request POST /auth/login HTTP/1.1
23:08:05.430 [pool-2-thread-8] DEBUG org.apache.http.impl.execchain.MainClientExec -- Target auth state: UNCHALLENGED
23:08:05.430 [pool-2-thread-8] DEBUG org.apache.http.impl.execchain.MainClientExec -- Proxy auth state: UNCHALLENGED
23:08:05.430 [pool-2-thread-8] DEBUG org.apache.http.headers -- http-outgoing-224 >> POST /auth/login HTTP/1.1
23:08:05.430 [pool-2-thread-8] DEBUG org.apache.http.headers -- http-outgoing-224 >> Content-Type: application/json; charset=UTF-8
23:08:05.430 [pool-2-thread-8] DEBUG org.apache.http.headers -- http-outgoing-224 >> Content-Length: 54
23:08:05.430 [pool-2-thread-8] DEBUG org.apache.http.headers -- http-outgoing-224 >> Host: localhost:3000
23:08:05.430 [pool-2-thread-8] DEBUG org.apache.http.headers -- http-outgoing-224 >> Connection: Keep-Alive
23:08:05.430 [pool-2-thread-8] DEBUG org.apache.http.headers -- http-outgoing-224 >> User-Agent: Apache-HttpClient/4.5.14 (Java/17.0.9)
23:08:05.430 [pool-2-thread-8] DEBUG org.apache.http.headers -- http-outgoing-224 >> Accept-Encoding: gzip,deflate
23:08:05.430 [pool-2-thread-8] DEBUG org.apache.http.wire -- http-outgoing-224 >> "POST /auth/login HTTP/1.1[\r][\n]"
23:08:05.430 [pool-2-thread-8] DEBUG org.apache.http.wire -- http-outgoing-224 >> "Content-Type: application/json; charset=UTF-8[\r][\n]"
23:08:05.430 [pool-2-thread-8] DEBUG org.apache.http.wire -- http-outgoing-224 >> "Content-Length: 54[\r][\n]"
23:08:05.430 [pool-2-thread-8] DEBUG org.apache.http.wire -- http-outgoing-224 >> "Host: localhost:3000[\r][\n]"
23:08:05.430 [pool-2-thread-8] DEBUG org.apache.http.wire -- http-outgoing-224 >> "Connection: Keep-Alive[\r][\n]"
23:08:05.430 [pool-2-thread-8] DEBUG org.apache.http.wire -- http-outgoing-224 >> "User-Agent: Apache-HttpClient/4.5.14 (Java/17.0.9)[\r][\n]"
23:08:05.430 [pool-2-thread-8] DEBUG org.apache.http.wire -- http-outgoing-224 >> "Accept-Encoding: gzip,deflate[\r][\n]"
23:08:05.430 [pool-2-thread-8] DEBUG org.apache.http.wire -- http-outgoing-224 >> "[\r][\n]"
23:08:05.430 [pool-2-thread-8] DEBUG org.apache.http.wire -- http-outgoing-224 >> "{"email":"testit5@gmail.com","password":"Password123"}"
23:08:05.448 [pool-2-thread-2] DEBUG org.apache.http.wire -- http-outgoing-201 << "HTTP/1.1 200 OK[\r][\n]"
23:08:05.448 [pool-2-thread-2] DEBUG org.apache.http.wire -- http-outgoing-201 << "X-Powered-By: Express[\r][\n]"
23:08:05.448 [pool-2-thread-2] DEBUG org.apache.http.wire -- http-outgoing-201 << "Access-Control-Allow-Origin: *[\r][\n]"
23:08:05.448 [pool-2-thread-2] DEBUG org.apache.http.wire -- http-outgoing-201 << "Content-Type: application/json; charset=utf-8[\r][\n]"
23:08:05.448 [pool-2-thread-2] DEBUG org.apache.http.wire -- http-outgoing-201 << "Content-Length: 715[\r][\n]"
23:08:05.448 [pool-2-thread-2] DEBUG org.apache.http.wire -- http-outgoing-201 << "ETag: W/"2cb-ryAlsz6wfeYm1ta1b2x6fs0ovG4"[\r][\n]"
23:08:05.448 [pool-2-thread-2] DEBUG org.apache.http.wire -- http-outgoing-201 << "Date: Sun, 22 Jun 2025 16:08:05 GMT[\r][\n]"
23:08:05.448 [pool-2-thread-2] DEBUG org.apache.http.wire -- http-outgoing-201 << "Connection: keep-alive[\r][\n]"
23:08:05.448 [pool-2-thread-2] DEBUG org.apache.http.wire -- http-outgoing-201 << "Keep-Alive: timeout=5[\r][\n]"
23:08:05.448 [pool-2-thread-2] DEBUG org.apache.http.wire -- http-outgoing-201 << "[\r][\n]"
23:08:05.448 [pool-2-thread-2] DEBUG org.apache.http.wire -- http-outgoing-201 << "{"access_token":"eyJhbGciOiJIUzI1NiIsInR5cCI6IkpXVCJ9.eyJzdWIiOiIyYjg0YWEyNC02NjhhLTQwZTItYWYxYy1hZDRmYzRmYTVhNmYiLCJ1c2VybmFtZSI6InF1YW5nMSIsInJvbGUiOjAsImlhdCI6MTc1MDYwODQ4NSwiZXhwIjoxNzUwNjEyMDg1fQ.uOgubraKO8qgzoM6EufS8XHe3GmM0GJ8QbCOkgvpFkQ","refresh_token":"a8c28c1afee97ce28e081ab37fe000dbd8814d1db7332251dbcab3e83cde86bf","user":{"id":"2b84aa24-668a-40e2-af1c-ad4fc4fa5a6f","email":"quang1@gmail.com","username":"quang1","name":"quang1","phoneNumber":"09874563210","profilePic":"https://res.cloudinary.com/dizcvrefo/image/upload/v1749027586/nestjs_uploads/xehairydt9rzlbmbmv4c.jpg","bio":"Thang Nam Lao Vua Thoi","private":false,"verified":false,"role":0,"followersCount":2,"followingCount":3,"postCount":2}}"
23:08:05.448 [pool-2-thread-2] DEBUG org.apache.http.headers -- http-outgoing-201 << HTTP/1.1 200 OK
23:08:05.448 [pool-2-thread-2] DEBUG org.apache.http.headers -- http-outgoing-201 << X-Powered-By: Express
23:08:05.448 [pool-2-thread-2] DEBUG org.apache.http.headers -- http-outgoing-201 << Access-Control-Allow-Origin: *
23:08:05.448 [pool-2-thread-2] DEBUG org.apache.http.headers -- http-outgoing-201 << Content-Type: application/json; charset=utf-8
23:08:05.448 [pool-2-thread-2] DEBUG org.apache.http.headers -- http-outgoing-201 << Content-Length: 715
23:08:05.448 [pool-2-thread-2] DEBUG org.apache.http.headers -- http-outgoing-201 << ETag: W/"2cb-ryAlsz6wfeYm1ta1b2x6fs0ovG4"
23:08:05.448 [pool-2-thread-2] DEBUG org.apache.http.headers -- http-outgoing-201 << Date: Sun, 22 Jun 2025 16:08:05 GMT
23:08:05.448 [pool-2-thread-2] DEBUG org.apache.http.headers -- http-outgoing-201 << Connection: keep-alive
23:08:05.448 [pool-2-thread-2] DEBUG org.apache.http.headers -- http-outgoing-201 << Keep-Alive: timeout=5
23:08:05.448 [pool-2-thread-2] DEBUG org.apache.http.impl.execchain.MainClientExec -- Connection can be kept alive for 5000 MILLISECONDS
23:08:05.448 [pool-2-thread-2] DEBUG org.apache.http.impl.conn.PoolingHttpClientConnectionManager -- Connection [id: 201][route: {}->http://localhost:3000] can be kept alive for 5.0 seconds
23:08:05.448 [pool-2-thread-2] DEBUG org.apache.http.impl.conn.DefaultManagedHttpClientConnection -- http-outgoing-201: set socket timeout to 0
23:08:05.448 [pool-2-thread-2] DEBUG org.apache.http.impl.conn.PoolingHttpClientConnectionManager -- Connection released: [id: 201][route: {}->http://localhost:3000][total available: 1; route allocated: 1 of 5; total allocated: 1 of 10]
23:08:05.448 [pool-2-thread-2] DEBUG org.apache.http.impl.conn.PoolingHttpClientConnectionManager -- Connection manager is shutting down
23:08:05.448 [pool-2-thread-2] DEBUG org.apache.http.impl.conn.DefaultManagedHttpClientConnection -- http-outgoing-201: Close connection
23:08:05.449 [pool-2-thread-2] DEBUG org.apache.http.impl.conn.PoolingHttpClientConnectionManager -- Connection manager shut down
23:08:05.449 [pool-2-thread-2] DEBUG com.intuit.karate -- response time in milliseconds: 2249
7 < 200
7 < X-Powered-By: Express
7 < Access-Control-Allow-Origin: *
7 < Content-Type: application/json; charset=utf-8
7 < Content-Length: 715
7 < ETag: W/"2cb-ryAlsz6wfeYm1ta1b2x6fs0ovG4"
7 < Date: Sun, 22 Jun 2025 16:08:05 GMT
7 < Connection: keep-alive
7 < Keep-Alive: timeout=5
{"access_token":"eyJhbGciOiJIUzI1NiIsInR5cCI6IkpXVCJ9.eyJzdWIiOiIyYjg0YWEyNC02NjhhLTQwZTItYWYxYy1hZDRmYzRmYTVhNmYiLCJ1c2VybmFtZSI6InF1YW5nMSIsInJvbGUiOjAsImlhdCI6MTc1MDYwODQ4NSwiZXhwIjoxNzUwNjEyMDg1fQ.uOgubraKO8qgzoM6EufS8XHe3GmM0GJ8QbCOkgvpFkQ","refresh_token":"a8c28c1afee97ce28e081ab37fe000dbd8814d1db7332251dbcab3e83cde86bf","user":{"id":"2b84aa24-668a-40e2-af1c-ad4fc4fa5a6f","email":"quang1@gmail.com","username":"quang1","name":"quang1","phoneNumber":"09874563210","profilePic":"https://res.cloudinary.com/dizcvrefo/image/upload/v1749027586/nestjs_uploads/xehairydt9rzlbmbmv4c.jpg","bio":"Thang Nam Lao Vua Thoi","private":false,"verified":false,"role":0,"followersCount":2,"followingCount":3,"postCount":2}}

23:08:05.450 [pool-2-thread-2] INFO com.intuit.karate -- [print] Call 7 completed, status: 200 
23:08:05.450 [pool-2-thread-2] INFO com.intuit.karate -- [print] *** API CALL 8 *** 
23:08:05.452 [pool-2-thread-2] DEBUG org.apache.http.client.protocol.RequestAddCookies -- CookieSpec selected: karate
23:08:05.452 [pool-2-thread-2] DEBUG org.apache.http.client.protocol.RequestAuthCache -- Auth cache not set in the context
23:08:05.452 [pool-2-thread-2] DEBUG com.intuit.karate -- request:
8 > POST http://localhost:3000/auth/login
8 > Content-Type: application/json; charset=UTF-8
8 > Content-Length: 48
8 > Host: localhost:3000
8 > Connection: Keep-Alive
8 > User-Agent: Apache-HttpClient/4.5.14 (Java/17.0.9)
8 > Accept-Encoding: gzip,deflate
{"email":"quang1@gmail.com","password":"quang1"}

23:08:05.452 [pool-2-thread-2] DEBUG org.apache.http.impl.conn.PoolingHttpClientConnectionManager -- Connection request: [route: {}->http://localhost:3000][total available: 0; route allocated: 0 of 5; total allocated: 0 of 10]
23:08:05.452 [pool-2-thread-2] DEBUG org.apache.http.impl.conn.PoolingHttpClientConnectionManager -- Connection leased: [id: 225][route: {}->http://localhost:3000][total available: 0; route allocated: 1 of 5; total allocated: 1 of 10]
23:08:05.452 [pool-2-thread-2] DEBUG org.apache.http.impl.execchain.MainClientExec -- Opening connection {}->http://localhost:3000
23:08:05.453 [pool-2-thread-2] DEBUG org.apache.http.impl.conn.DefaultHttpClientConnectionOperator -- Connecting to localhost/127.0.0.1:3000
23:08:05.453 [pool-2-thread-2] DEBUG org.apache.http.impl.conn.DefaultHttpClientConnectionOperator -- Connection established 127.0.0.1:52893<->127.0.0.1:3000
23:08:05.453 [pool-2-thread-2] DEBUG org.apache.http.impl.conn.DefaultManagedHttpClientConnection -- http-outgoing-225: set socket timeout to 30000
23:08:05.453 [pool-2-thread-2] DEBUG org.apache.http.impl.execchain.MainClientExec -- Executing request POST /auth/login HTTP/1.1
23:08:05.453 [pool-2-thread-2] DEBUG org.apache.http.impl.execchain.MainClientExec -- Target auth state: UNCHALLENGED
23:08:05.453 [pool-2-thread-2] DEBUG org.apache.http.impl.execchain.MainClientExec -- Proxy auth state: UNCHALLENGED
23:08:05.453 [pool-2-thread-2] DEBUG org.apache.http.headers -- http-outgoing-225 >> POST /auth/login HTTP/1.1
23:08:05.453 [pool-2-thread-2] DEBUG org.apache.http.headers -- http-outgoing-225 >> Content-Type: application/json; charset=UTF-8
23:08:05.453 [pool-2-thread-2] DEBUG org.apache.http.headers -- http-outgoing-225 >> Content-Length: 48
23:08:05.453 [pool-2-thread-2] DEBUG org.apache.http.headers -- http-outgoing-225 >> Host: localhost:3000
23:08:05.453 [pool-2-thread-2] DEBUG org.apache.http.headers -- http-outgoing-225 >> Connection: Keep-Alive
23:08:05.453 [pool-2-thread-2] DEBUG org.apache.http.headers -- http-outgoing-225 >> User-Agent: Apache-HttpClient/4.5.14 (Java/17.0.9)
23:08:05.453 [pool-2-thread-2] DEBUG org.apache.http.headers -- http-outgoing-225 >> Accept-Encoding: gzip,deflate
23:08:05.453 [pool-2-thread-2] DEBUG org.apache.http.wire -- http-outgoing-225 >> "POST /auth/login HTTP/1.1[\r][\n]"
23:08:05.453 [pool-2-thread-2] DEBUG org.apache.http.wire -- http-outgoing-225 >> "Content-Type: application/json; charset=UTF-8[\r][\n]"
23:08:05.453 [pool-2-thread-2] DEBUG org.apache.http.wire -- http-outgoing-225 >> "Content-Length: 48[\r][\n]"
23:08:05.453 [pool-2-thread-2] DEBUG org.apache.http.wire -- http-outgoing-225 >> "Host: localhost:3000[\r][\n]"
23:08:05.453 [pool-2-thread-2] DEBUG org.apache.http.wire -- http-outgoing-225 >> "Connection: Keep-Alive[\r][\n]"
23:08:05.453 [pool-2-thread-2] DEBUG org.apache.http.wire -- http-outgoing-225 >> "User-Agent: Apache-HttpClient/4.5.14 (Java/17.0.9)[\r][\n]"
23:08:05.453 [pool-2-thread-2] DEBUG org.apache.http.wire -- http-outgoing-225 >> "Accept-Encoding: gzip,deflate[\r][\n]"
23:08:05.453 [pool-2-thread-2] DEBUG org.apache.http.wire -- http-outgoing-225 >> "[\r][\n]"
23:08:05.453 [pool-2-thread-2] DEBUG org.apache.http.wire -- http-outgoing-225 >> "{"email":"quang1@gmail.com","password":"quang1"}"
23:08:06.165 [pool-2-thread-17] DEBUG org.apache.http.wire -- http-outgoing-203 << "HTTP/1.1 200 OK[\r][\n]"
23:08:06.165 [pool-2-thread-17] DEBUG org.apache.http.wire -- http-outgoing-203 << "X-Powered-By: Express[\r][\n]"
23:08:06.165 [pool-2-thread-17] DEBUG org.apache.http.wire -- http-outgoing-203 << "Access-Control-Allow-Origin: *[\r][\n]"
23:08:06.165 [pool-2-thread-17] DEBUG org.apache.http.wire -- http-outgoing-203 << "Content-Type: application/json; charset=utf-8[\r][\n]"
23:08:06.165 [pool-2-thread-17] DEBUG org.apache.http.wire -- http-outgoing-203 << "Content-Length: 605[\r][\n]"
23:08:06.165 [pool-2-thread-17] DEBUG org.apache.http.wire -- http-outgoing-203 << "ETag: W/"25d-PHVhYffp1UOmYtDUsmAujIR4m+4"[\r][\n]"
23:08:06.165 [pool-2-thread-17] DEBUG org.apache.http.wire -- http-outgoing-203 << "Date: Sun, 22 Jun 2025 16:08:06 GMT[\r][\n]"
23:08:06.165 [pool-2-thread-17] DEBUG org.apache.http.wire -- http-outgoing-203 << "Connection: keep-alive[\r][\n]"
23:08:06.165 [pool-2-thread-17] DEBUG org.apache.http.wire -- http-outgoing-203 << "Keep-Alive: timeout=5[\r][\n]"
23:08:06.165 [pool-2-thread-17] DEBUG org.apache.http.wire -- http-outgoing-203 << "[\r][\n]"
23:08:06.165 [pool-2-thread-17] DEBUG org.apache.http.wire -- http-outgoing-203 << "{"access_token":"eyJhbGciOiJIUzI1NiIsInR5cCI6IkpXVCJ9.eyJzdWIiOiI2NTBjZTFlZC1hYWNhLTQzOGYtOTk4OC0xZjA1OGFiNWFhMWEiLCJ1c2VybmFtZSI6ImpvaG5kb2UyNSIsInJvbGUiOjAsImlhdCI6MTc1MDYwODQ4NSwiZXhwIjoxNzUwNjEyMDg1fQ.60N0AsdSNjMR_94GbSQxZw3U3XLq45YWVBQ_X6wLbco","refresh_token":"e640c631a23b5fedc360892cce2e76e6f31b354e764a18ea586f32abc7d7df51","user":{"id":"650ce1ed-aaca-438f-9988-1f058ab5aa1a","email":"testit3@gmail.com","username":"johndoe25","name":"John Doe","phoneNumber":"0123456713","profilePic":null,"bio":null,"private":false,"verified":false,"role":0,"followersCount":0,"followingCount":0,"postCount":0}}"
23:08:06.165 [pool-2-thread-17] DEBUG org.apache.http.headers -- http-outgoing-203 << HTTP/1.1 200 OK
23:08:06.165 [pool-2-thread-17] DEBUG org.apache.http.headers -- http-outgoing-203 << X-Powered-By: Express
23:08:06.165 [pool-2-thread-17] DEBUG org.apache.http.headers -- http-outgoing-203 << Access-Control-Allow-Origin: *
23:08:06.165 [pool-2-thread-17] DEBUG org.apache.http.headers -- http-outgoing-203 << Content-Type: application/json; charset=utf-8
23:08:06.165 [pool-2-thread-17] DEBUG org.apache.http.headers -- http-outgoing-203 << Content-Length: 605
23:08:06.165 [pool-2-thread-17] DEBUG org.apache.http.headers -- http-outgoing-203 << ETag: W/"25d-PHVhYffp1UOmYtDUsmAujIR4m+4"
23:08:06.165 [pool-2-thread-17] DEBUG org.apache.http.headers -- http-outgoing-203 << Date: Sun, 22 Jun 2025 16:08:06 GMT
23:08:06.165 [pool-2-thread-17] DEBUG org.apache.http.headers -- http-outgoing-203 << Connection: keep-alive
23:08:06.165 [pool-2-thread-17] DEBUG org.apache.http.headers -- http-outgoing-203 << Keep-Alive: timeout=5
23:08:06.165 [pool-2-thread-17] DEBUG org.apache.http.impl.execchain.MainClientExec -- Connection can be kept alive for 5000 MILLISECONDS
23:08:06.165 [pool-2-thread-17] DEBUG org.apache.http.impl.conn.PoolingHttpClientConnectionManager -- Connection [id: 203][route: {}->http://localhost:3000] can be kept alive for 5.0 seconds
23:08:06.165 [pool-2-thread-17] DEBUG org.apache.http.impl.conn.DefaultManagedHttpClientConnection -- http-outgoing-203: set socket timeout to 0
23:08:06.165 [pool-2-thread-17] DEBUG org.apache.http.impl.conn.PoolingHttpClientConnectionManager -- Connection released: [id: 203][route: {}->http://localhost:3000][total available: 1; route allocated: 1 of 5; total allocated: 1 of 10]
23:08:06.165 [pool-2-thread-17] DEBUG org.apache.http.impl.conn.PoolingHttpClientConnectionManager -- Connection manager is shutting down
23:08:06.165 [pool-2-thread-17] DEBUG org.apache.http.impl.conn.DefaultManagedHttpClientConnection -- http-outgoing-203: Close connection
23:08:06.165 [pool-2-thread-17] DEBUG org.apache.http.impl.conn.PoolingHttpClientConnectionManager -- Connection manager shut down
23:08:06.165 [pool-2-thread-17] DEBUG com.intuit.karate -- response time in milliseconds: 2872
7 < 200
7 < X-Powered-By: Express
7 < Access-Control-Allow-Origin: *
7 < Content-Type: application/json; charset=utf-8
7 < Content-Length: 605
7 < ETag: W/"25d-PHVhYffp1UOmYtDUsmAujIR4m+4"
7 < Date: Sun, 22 Jun 2025 16:08:06 GMT
7 < Connection: keep-alive
7 < Keep-Alive: timeout=5
{"access_token":"eyJhbGciOiJIUzI1NiIsInR5cCI6IkpXVCJ9.eyJzdWIiOiI2NTBjZTFlZC1hYWNhLTQzOGYtOTk4OC0xZjA1OGFiNWFhMWEiLCJ1c2VybmFtZSI6ImpvaG5kb2UyNSIsInJvbGUiOjAsImlhdCI6MTc1MDYwODQ4NSwiZXhwIjoxNzUwNjEyMDg1fQ.60N0AsdSNjMR_94GbSQxZw3U3XLq45YWVBQ_X6wLbco","refresh_token":"e640c631a23b5fedc360892cce2e76e6f31b354e764a18ea586f32abc7d7df51","user":{"id":"650ce1ed-aaca-438f-9988-1f058ab5aa1a","email":"testit3@gmail.com","username":"johndoe25","name":"John Doe","phoneNumber":"0123456713","profilePic":null,"bio":null,"private":false,"verified":false,"role":0,"followersCount":0,"followingCount":0,"postCount":0}}

23:08:06.165 [pool-2-thread-17] INFO com.intuit.karate -- [print] Call 7 completed, status: 200 
23:08:06.166 [pool-2-thread-17] INFO com.intuit.karate -- [print] *** API CALL 8 *** 
23:08:06.166 [pool-2-thread-17] DEBUG org.apache.http.client.protocol.RequestAddCookies -- CookieSpec selected: karate
23:08:06.166 [pool-2-thread-17] DEBUG org.apache.http.client.protocol.RequestAuthCache -- Auth cache not set in the context
23:08:06.166 [pool-2-thread-17] DEBUG com.intuit.karate -- request:
8 > POST http://localhost:3000/auth/login
8 > Content-Type: application/json; charset=UTF-8
8 > Content-Length: 54
8 > Host: localhost:3000
8 > Connection: Keep-Alive
8 > User-Agent: Apache-HttpClient/4.5.14 (Java/17.0.9)
8 > Accept-Encoding: gzip,deflate
{"email":"testit3@gmail.com","password":"Password123"}

23:08:06.166 [pool-2-thread-17] DEBUG org.apache.http.impl.conn.PoolingHttpClientConnectionManager -- Connection request: [route: {}->http://localhost:3000][total available: 0; route allocated: 0 of 5; total allocated: 0 of 10]
23:08:06.166 [pool-2-thread-17] DEBUG org.apache.http.impl.conn.PoolingHttpClientConnectionManager -- Connection leased: [id: 226][route: {}->http://localhost:3000][total available: 0; route allocated: 1 of 5; total allocated: 1 of 10]
23:08:06.166 [pool-2-thread-17] DEBUG org.apache.http.impl.execchain.MainClientExec -- Opening connection {}->http://localhost:3000
23:08:06.166 [pool-2-thread-17] DEBUG org.apache.http.impl.conn.DefaultHttpClientConnectionOperator -- Connecting to localhost/127.0.0.1:3000
23:08:06.168 [pool-2-thread-17] DEBUG org.apache.http.impl.conn.DefaultHttpClientConnectionOperator -- Connection established 127.0.0.1:52894<->127.0.0.1:3000
23:08:06.168 [pool-2-thread-17] DEBUG org.apache.http.impl.conn.DefaultManagedHttpClientConnection -- http-outgoing-226: set socket timeout to 30000
23:08:06.168 [pool-2-thread-17] DEBUG org.apache.http.impl.execchain.MainClientExec -- Executing request POST /auth/login HTTP/1.1
23:08:06.168 [pool-2-thread-17] DEBUG org.apache.http.impl.execchain.MainClientExec -- Target auth state: UNCHALLENGED
23:08:06.168 [pool-2-thread-17] DEBUG org.apache.http.impl.execchain.MainClientExec -- Proxy auth state: UNCHALLENGED
23:08:06.168 [pool-2-thread-17] DEBUG org.apache.http.headers -- http-outgoing-226 >> POST /auth/login HTTP/1.1
23:08:06.168 [pool-2-thread-17] DEBUG org.apache.http.headers -- http-outgoing-226 >> Content-Type: application/json; charset=UTF-8
23:08:06.168 [pool-2-thread-17] DEBUG org.apache.http.headers -- http-outgoing-226 >> Content-Length: 54
23:08:06.168 [pool-2-thread-17] DEBUG org.apache.http.headers -- http-outgoing-226 >> Host: localhost:3000
23:08:06.168 [pool-2-thread-17] DEBUG org.apache.http.headers -- http-outgoing-226 >> Connection: Keep-Alive
23:08:06.168 [pool-2-thread-17] DEBUG org.apache.http.headers -- http-outgoing-226 >> User-Agent: Apache-HttpClient/4.5.14 (Java/17.0.9)
23:08:06.168 [pool-2-thread-17] DEBUG org.apache.http.headers -- http-outgoing-226 >> Accept-Encoding: gzip,deflate
23:08:06.168 [pool-2-thread-17] DEBUG org.apache.http.wire -- http-outgoing-226 >> "POST /auth/login HTTP/1.1[\r][\n]"
23:08:06.168 [pool-2-thread-17] DEBUG org.apache.http.wire -- http-outgoing-226 >> "Content-Type: application/json; charset=UTF-8[\r][\n]"
23:08:06.168 [pool-2-thread-17] DEBUG org.apache.http.wire -- http-outgoing-226 >> "Content-Length: 54[\r][\n]"
23:08:06.168 [pool-2-thread-17] DEBUG org.apache.http.wire -- http-outgoing-226 >> "Host: localhost:3000[\r][\n]"
23:08:06.168 [pool-2-thread-17] DEBUG org.apache.http.wire -- http-outgoing-226 >> "Connection: Keep-Alive[\r][\n]"
23:08:06.168 [pool-2-thread-17] DEBUG org.apache.http.wire -- http-outgoing-226 >> "User-Agent: Apache-HttpClient/4.5.14 (Java/17.0.9)[\r][\n]"
23:08:06.168 [pool-2-thread-17] DEBUG org.apache.http.wire -- http-outgoing-226 >> "Accept-Encoding: gzip,deflate[\r][\n]"
23:08:06.168 [pool-2-thread-17] DEBUG org.apache.http.wire -- http-outgoing-226 >> "[\r][\n]"
23:08:06.168 [pool-2-thread-17] DEBUG org.apache.http.wire -- http-outgoing-226 >> "{"email":"testit3@gmail.com","password":"Password123"}"
23:08:06.212 [pool-2-thread-25] DEBUG org.apache.http.wire -- http-outgoing-204 << "HTTP/1.1 200 OK[\r][\n]"
23:08:06.212 [pool-2-thread-25] DEBUG org.apache.http.wire -- http-outgoing-204 << "X-Powered-By: Express[\r][\n]"
23:08:06.212 [pool-2-thread-25] DEBUG org.apache.http.wire -- http-outgoing-204 << "Access-Control-Allow-Origin: *[\r][\n]"
23:08:06.212 [pool-2-thread-25] DEBUG org.apache.http.wire -- http-outgoing-204 << "Content-Type: application/json; charset=utf-8[\r][\n]"
23:08:06.212 [pool-2-thread-25] DEBUG org.apache.http.wire -- http-outgoing-204 << "Content-Length: 607[\r][\n]"
23:08:06.212 [pool-2-thread-25] DEBUG org.apache.http.wire -- http-outgoing-204 << "ETag: W/"25f-+IXDiO/EaiGRgNxM4Jx0VR2xh5k"[\r][\n]"
23:08:06.212 [pool-2-thread-25] DEBUG org.apache.http.wire -- http-outgoing-204 << "Date: Sun, 22 Jun 2025 16:08:06 GMT[\r][\n]"
23:08:06.212 [pool-2-thread-25] DEBUG org.apache.http.wire -- http-outgoing-204 << "Connection: keep-alive[\r][\n]"
23:08:06.212 [pool-2-thread-25] DEBUG org.apache.http.wire -- http-outgoing-204 << "Keep-Alive: timeout=5[\r][\n]"
23:08:06.212 [pool-2-thread-25] DEBUG org.apache.http.wire -- http-outgoing-204 << "[\r][\n]"
23:08:06.212 [pool-2-thread-25] DEBUG org.apache.http.wire -- http-outgoing-204 << "{"access_token":"eyJhbGciOiJIUzI1NiIsInR5cCI6IkpXVCJ9.eyJzdWIiOiJjMjE0MjJkZi1jY2VjLTQ0MGUtOWE0Mi1jMWI4MmFiZjczM2QiLCJ1c2VybmFtZSI6ImpvaG5kb2UyOCIsInJvbGUiOjAsImlhdCI6MTc1MDYwODQ4NSwiZXhwIjoxNzUwNjEyMDg1fQ.4U6Z3SP8r5u09WkFt8Y5YyNFitvlYwEJQv2xEM-gjdk","refresh_token":"d93f658d452978295ec72aeadaa5604f110a7de776516960e16f4fdc39d07410","user":{"id":"c21422df-ccec-440e-9a42-c1b82abf733d","email":"test28@example.com","username":"johndoe28","name":"John Doe","phoneNumber":"84987654321","profilePic":null,"bio":null,"private":false,"verified":false,"role":0,"followersCount":0,"followingCount":0,"postCount":0}}"
23:08:06.212 [pool-2-thread-25] DEBUG org.apache.http.headers -- http-outgoing-204 << HTTP/1.1 200 OK
23:08:06.212 [pool-2-thread-25] DEBUG org.apache.http.headers -- http-outgoing-204 << X-Powered-By: Express
23:08:06.212 [pool-2-thread-25] DEBUG org.apache.http.headers -- http-outgoing-204 << Access-Control-Allow-Origin: *
23:08:06.212 [pool-2-thread-25] DEBUG org.apache.http.headers -- http-outgoing-204 << Content-Type: application/json; charset=utf-8
23:08:06.212 [pool-2-thread-25] DEBUG org.apache.http.headers -- http-outgoing-204 << Content-Length: 607
23:08:06.212 [pool-2-thread-25] DEBUG org.apache.http.headers -- http-outgoing-204 << ETag: W/"25f-+IXDiO/EaiGRgNxM4Jx0VR2xh5k"
23:08:06.212 [pool-2-thread-25] DEBUG org.apache.http.headers -- http-outgoing-204 << Date: Sun, 22 Jun 2025 16:08:06 GMT
23:08:06.212 [pool-2-thread-25] DEBUG org.apache.http.headers -- http-outgoing-204 << Connection: keep-alive
23:08:06.212 [pool-2-thread-25] DEBUG org.apache.http.headers -- http-outgoing-204 << Keep-Alive: timeout=5
23:08:06.212 [pool-2-thread-25] DEBUG org.apache.http.impl.execchain.MainClientExec -- Connection can be kept alive for 5000 MILLISECONDS
23:08:06.212 [pool-2-thread-25] DEBUG org.apache.http.impl.conn.PoolingHttpClientConnectionManager -- Connection [id: 204][route: {}->http://localhost:3000] can be kept alive for 5.0 seconds
23:08:06.212 [pool-2-thread-25] DEBUG org.apache.http.impl.conn.DefaultManagedHttpClientConnection -- http-outgoing-204: set socket timeout to 0
23:08:06.212 [pool-2-thread-25] DEBUG org.apache.http.impl.conn.PoolingHttpClientConnectionManager -- Connection released: [id: 204][route: {}->http://localhost:3000][total available: 1; route allocated: 1 of 5; total allocated: 1 of 10]
23:08:06.212 [pool-2-thread-25] DEBUG org.apache.http.impl.conn.PoolingHttpClientConnectionManager -- Connection manager is shutting down
23:08:06.212 [pool-2-thread-25] DEBUG org.apache.http.impl.conn.DefaultManagedHttpClientConnection -- http-outgoing-204: Close connection
23:08:06.212 [pool-2-thread-25] DEBUG org.apache.http.impl.conn.PoolingHttpClientConnectionManager -- Connection manager shut down
23:08:06.213 [pool-2-thread-25] DEBUG com.intuit.karate -- response time in milliseconds: 2882
10 < 200
10 < X-Powered-By: Express
10 < Access-Control-Allow-Origin: *
10 < Content-Type: application/json; charset=utf-8
10 < Content-Length: 607
10 < ETag: W/"25f-+IXDiO/EaiGRgNxM4Jx0VR2xh5k"
10 < Date: Sun, 22 Jun 2025 16:08:06 GMT
10 < Connection: keep-alive
10 < Keep-Alive: timeout=5
{"access_token":"eyJhbGciOiJIUzI1NiIsInR5cCI6IkpXVCJ9.eyJzdWIiOiJjMjE0MjJkZi1jY2VjLTQ0MGUtOWE0Mi1jMWI4MmFiZjczM2QiLCJ1c2VybmFtZSI6ImpvaG5kb2UyOCIsInJvbGUiOjAsImlhdCI6MTc1MDYwODQ4NSwiZXhwIjoxNzUwNjEyMDg1fQ.4U6Z3SP8r5u09WkFt8Y5YyNFitvlYwEJQv2xEM-gjdk","refresh_token":"d93f658d452978295ec72aeadaa5604f110a7de776516960e16f4fdc39d07410","user":{"id":"c21422df-ccec-440e-9a42-c1b82abf733d","email":"test28@example.com","username":"johndoe28","name":"John Doe","phoneNumber":"84987654321","profilePic":null,"bio":null,"private":false,"verified":false,"role":0,"followersCount":0,"followingCount":0,"postCount":0}}

23:08:06.214 [pool-2-thread-25] INFO com.intuit.karate -- [print] Call 10 completed, status: 200 
23:08:06.214 [pool-2-thread-25] INFO com.intuit.karate -- [print] === COMPLETED 10 API CALLS for user: test28@example.com === 
23:08:06.266 [pool-2-thread-20] DEBUG org.apache.http.wire -- http-outgoing-207 << "HTTP/1.1 200 OK[\r][\n]"
23:08:06.266 [pool-2-thread-20] DEBUG org.apache.http.wire -- http-outgoing-207 << "X-Powered-By: Express[\r][\n]"
23:08:06.266 [pool-2-thread-20] DEBUG org.apache.http.wire -- http-outgoing-207 << "Access-Control-Allow-Origin: *[\r][\n]"
23:08:06.266 [pool-2-thread-20] DEBUG org.apache.http.wire -- http-outgoing-207 << "Content-Type: application/json; charset=utf-8[\r][\n]"
23:08:06.266 [pool-2-thread-20] DEBUG org.apache.http.wire -- http-outgoing-207 << "Content-Length: 605[\r][\n]"
23:08:06.266 [pool-2-thread-20] DEBUG org.apache.http.wire -- http-outgoing-207 << "ETag: W/"25d-uL42Gh/jCxQv/ix9QcKKfcA4e3s"[\r][\n]"
23:08:06.266 [pool-2-thread-20] DEBUG org.apache.http.wire -- http-outgoing-207 << "Date: Sun, 22 Jun 2025 16:08:06 GMT[\r][\n]"
23:08:06.266 [pool-2-thread-20] DEBUG org.apache.http.wire -- http-outgoing-207 << "Connection: keep-alive[\r][\n]"
23:08:06.266 [pool-2-thread-20] DEBUG org.apache.http.wire -- http-outgoing-207 << "Keep-Alive: timeout=5[\r][\n]"
23:08:06.266 [pool-2-thread-20] DEBUG org.apache.http.wire -- http-outgoing-207 << "[\r][\n]"
23:08:06.266 [pool-2-thread-20] DEBUG org.apache.http.wire -- http-outgoing-207 << "{"access_token":"eyJhbGciOiJIUzI1NiIsInR5cCI6IkpXVCJ9.eyJzdWIiOiIwYTM3ZWY0My1mZWU4LTQxZDMtYTY4Ni04YWIwODY5NDg2OTUiLCJ1c2VybmFtZSI6ImpvaG5kb2UyMSIsInJvbGUiOjAsImlhdCI6MTc1MDYwODQ4NSwiZXhwIjoxNzUwNjEyMDg1fQ.MJ3D5Zx-s_XA2M0t-UrgpISlZf_Uv1XpG2tc6SjguW4","refresh_token":"7814cb1d250bccbf5391a43b023077f5e05ca14f68d4f1f327dee2e47faee90b","user":{"id":"0a37ef43-fee8-41d3-a686-8ab086948695","email":"testit2@gmail.com","username":"johndoe21","name":"John Doe","phoneNumber":"0123456712","profilePic":null,"bio":null,"private":false,"verified":false,"role":0,"followersCount":0,"followingCount":0,"postCount":0}}"
23:08:06.266 [pool-2-thread-20] DEBUG org.apache.http.headers -- http-outgoing-207 << HTTP/1.1 200 OK
23:08:06.266 [pool-2-thread-20] DEBUG org.apache.http.headers -- http-outgoing-207 << X-Powered-By: Express
23:08:06.266 [pool-2-thread-20] DEBUG org.apache.http.headers -- http-outgoing-207 << Access-Control-Allow-Origin: *
23:08:06.266 [pool-2-thread-20] DEBUG org.apache.http.headers -- http-outgoing-207 << Content-Type: application/json; charset=utf-8
23:08:06.266 [pool-2-thread-20] DEBUG org.apache.http.headers -- http-outgoing-207 << Content-Length: 605
23:08:06.266 [pool-2-thread-20] DEBUG org.apache.http.headers -- http-outgoing-207 << ETag: W/"25d-uL42Gh/jCxQv/ix9QcKKfcA4e3s"
23:08:06.266 [pool-2-thread-20] DEBUG org.apache.http.headers -- http-outgoing-207 << Date: Sun, 22 Jun 2025 16:08:06 GMT
23:08:06.266 [pool-2-thread-20] DEBUG org.apache.http.headers -- http-outgoing-207 << Connection: keep-alive
23:08:06.266 [pool-2-thread-20] DEBUG org.apache.http.headers -- http-outgoing-207 << Keep-Alive: timeout=5
23:08:06.266 [pool-2-thread-20] DEBUG org.apache.http.impl.execchain.MainClientExec -- Connection can be kept alive for 5000 MILLISECONDS
23:08:06.266 [pool-2-thread-20] DEBUG org.apache.http.impl.conn.PoolingHttpClientConnectionManager -- Connection [id: 207][route: {}->http://localhost:3000] can be kept alive for 5.0 seconds
23:08:06.266 [pool-2-thread-20] DEBUG org.apache.http.impl.conn.DefaultManagedHttpClientConnection -- http-outgoing-207: set socket timeout to 0
23:08:06.266 [pool-2-thread-20] DEBUG org.apache.http.impl.conn.PoolingHttpClientConnectionManager -- Connection released: [id: 207][route: {}->http://localhost:3000][total available: 1; route allocated: 1 of 5; total allocated: 1 of 10]
23:08:06.266 [pool-2-thread-20] DEBUG org.apache.http.impl.conn.PoolingHttpClientConnectionManager -- Connection manager is shutting down
23:08:06.266 [pool-2-thread-20] DEBUG org.apache.http.impl.conn.DefaultManagedHttpClientConnection -- http-outgoing-207: Close connection
23:08:06.266 [pool-2-thread-20] DEBUG org.apache.http.impl.conn.PoolingHttpClientConnectionManager -- Connection manager shut down
23:08:06.267 [pool-2-thread-20] DEBUG com.intuit.karate -- response time in milliseconds: 2912
8 < 200
8 < X-Powered-By: Express
8 < Access-Control-Allow-Origin: *
8 < Content-Type: application/json; charset=utf-8
8 < Content-Length: 605
8 < ETag: W/"25d-uL42Gh/jCxQv/ix9QcKKfcA4e3s"
8 < Date: Sun, 22 Jun 2025 16:08:06 GMT
8 < Connection: keep-alive
8 < Keep-Alive: timeout=5
{"access_token":"eyJhbGciOiJIUzI1NiIsInR5cCI6IkpXVCJ9.eyJzdWIiOiIwYTM3ZWY0My1mZWU4LTQxZDMtYTY4Ni04YWIwODY5NDg2OTUiLCJ1c2VybmFtZSI6ImpvaG5kb2UyMSIsInJvbGUiOjAsImlhdCI6MTc1MDYwODQ4NSwiZXhwIjoxNzUwNjEyMDg1fQ.MJ3D5Zx-s_XA2M0t-UrgpISlZf_Uv1XpG2tc6SjguW4","refresh_token":"7814cb1d250bccbf5391a43b023077f5e05ca14f68d4f1f327dee2e47faee90b","user":{"id":"0a37ef43-fee8-41d3-a686-8ab086948695","email":"testit2@gmail.com","username":"johndoe21","name":"John Doe","phoneNumber":"0123456712","profilePic":null,"bio":null,"private":false,"verified":false,"role":0,"followersCount":0,"followingCount":0,"postCount":0}}

23:08:06.268 [pool-2-thread-20] INFO com.intuit.karate -- [print] Call 8 completed, status: 200 
23:08:06.268 [pool-2-thread-20] INFO com.intuit.karate -- [print] *** API CALL 9 *** 
23:08:06.269 [pool-2-thread-20] DEBUG org.apache.http.client.protocol.RequestAddCookies -- CookieSpec selected: karate
23:08:06.269 [pool-2-thread-20] DEBUG org.apache.http.client.protocol.RequestAuthCache -- Auth cache not set in the context
23:08:06.270 [pool-2-thread-20] DEBUG com.intuit.karate -- request:
9 > POST http://localhost:3000/auth/login
9 > Content-Type: application/json; charset=UTF-8
9 > Content-Length: 54
9 > Host: localhost:3000
9 > Connection: Keep-Alive
9 > User-Agent: Apache-HttpClient/4.5.14 (Java/17.0.9)
9 > Accept-Encoding: gzip,deflate
{"email":"testit2@gmail.com","password":"Password123"}

23:08:06.270 [pool-2-thread-20] DEBUG org.apache.http.impl.conn.PoolingHttpClientConnectionManager -- Connection request: [route: {}->http://localhost:3000][total available: 0; route allocated: 0 of 5; total allocated: 0 of 10]
23:08:06.270 [pool-2-thread-20] DEBUG org.apache.http.impl.conn.PoolingHttpClientConnectionManager -- Connection leased: [id: 227][route: {}->http://localhost:3000][total available: 0; route allocated: 1 of 5; total allocated: 1 of 10]
23:08:06.270 [pool-2-thread-20] DEBUG org.apache.http.impl.execchain.MainClientExec -- Opening connection {}->http://localhost:3000
23:08:06.270 [pool-2-thread-20] DEBUG org.apache.http.impl.conn.DefaultHttpClientConnectionOperator -- Connecting to localhost/127.0.0.1:3000
23:08:06.270 [pool-2-thread-20] DEBUG org.apache.http.impl.conn.DefaultHttpClientConnectionOperator -- Connection established 127.0.0.1:52895<->127.0.0.1:3000
23:08:06.270 [pool-2-thread-20] DEBUG org.apache.http.impl.conn.DefaultManagedHttpClientConnection -- http-outgoing-227: set socket timeout to 30000
23:08:06.270 [pool-2-thread-20] DEBUG org.apache.http.impl.execchain.MainClientExec -- Executing request POST /auth/login HTTP/1.1
23:08:06.270 [pool-2-thread-20] DEBUG org.apache.http.impl.execchain.MainClientExec -- Target auth state: UNCHALLENGED
23:08:06.270 [pool-2-thread-20] DEBUG org.apache.http.impl.execchain.MainClientExec -- Proxy auth state: UNCHALLENGED
23:08:06.270 [pool-2-thread-20] DEBUG org.apache.http.headers -- http-outgoing-227 >> POST /auth/login HTTP/1.1
23:08:06.270 [pool-2-thread-20] DEBUG org.apache.http.headers -- http-outgoing-227 >> Content-Type: application/json; charset=UTF-8
23:08:06.270 [pool-2-thread-20] DEBUG org.apache.http.headers -- http-outgoing-227 >> Content-Length: 54
23:08:06.270 [pool-2-thread-20] DEBUG org.apache.http.headers -- http-outgoing-227 >> Host: localhost:3000
23:08:06.270 [pool-2-thread-20] DEBUG org.apache.http.headers -- http-outgoing-227 >> Connection: Keep-Alive
23:08:06.270 [pool-2-thread-20] DEBUG org.apache.http.headers -- http-outgoing-227 >> User-Agent: Apache-HttpClient/4.5.14 (Java/17.0.9)
23:08:06.270 [pool-2-thread-20] DEBUG org.apache.http.headers -- http-outgoing-227 >> Accept-Encoding: gzip,deflate
23:08:06.270 [pool-2-thread-20] DEBUG org.apache.http.wire -- http-outgoing-227 >> "POST /auth/login HTTP/1.1[\r][\n]"
23:08:06.270 [pool-2-thread-20] DEBUG org.apache.http.wire -- http-outgoing-227 >> "Content-Type: application/json; charset=UTF-8[\r][\n]"
23:08:06.270 [pool-2-thread-20] DEBUG org.apache.http.wire -- http-outgoing-227 >> "Content-Length: 54[\r][\n]"
23:08:06.270 [pool-2-thread-20] DEBUG org.apache.http.wire -- http-outgoing-227 >> "Host: localhost:3000[\r][\n]"
23:08:06.270 [pool-2-thread-20] DEBUG org.apache.http.wire -- http-outgoing-227 >> "Connection: Keep-Alive[\r][\n]"
23:08:06.270 [pool-2-thread-20] DEBUG org.apache.http.wire -- http-outgoing-227 >> "User-Agent: Apache-HttpClient/4.5.14 (Java/17.0.9)[\r][\n]"
23:08:06.270 [pool-2-thread-20] DEBUG org.apache.http.wire -- http-outgoing-227 >> "Accept-Encoding: gzip,deflate[\r][\n]"
23:08:06.270 [pool-2-thread-20] DEBUG org.apache.http.wire -- http-outgoing-227 >> "[\r][\n]"
23:08:06.270 [pool-2-thread-20] DEBUG org.apache.http.wire -- http-outgoing-227 >> "{"email":"testit2@gmail.com","password":"Password123"}"
23:08:06.273 [pool-2-thread-4] DEBUG org.apache.http.wire -- http-outgoing-205 << "HTTP/1.1 200 OK[\r][\n]"
23:08:06.273 [pool-2-thread-4] DEBUG org.apache.http.wire -- http-outgoing-205 << "X-Powered-By: Express[\r][\n]"
23:08:06.273 [pool-2-thread-4] DEBUG org.apache.http.wire -- http-outgoing-205 << "Access-Control-Allow-Origin: *[\r][\n]"
23:08:06.273 [pool-2-thread-4] DEBUG org.apache.http.wire -- http-outgoing-205 << "Content-Type: application/json; charset=utf-8[\r][\n]"
23:08:06.273 [pool-2-thread-4] DEBUG org.apache.http.wire -- http-outgoing-205 << "Content-Length: 608[\r][\n]"
23:08:06.273 [pool-2-thread-4] DEBUG org.apache.http.wire -- http-outgoing-205 << "ETag: W/"260-Ooi6gJOMxsgATO5/QCT5B6hSfUE"[\r][\n]"
23:08:06.273 [pool-2-thread-4] DEBUG org.apache.http.wire -- http-outgoing-205 << "Date: Sun, 22 Jun 2025 16:08:06 GMT[\r][\n]"
23:08:06.273 [pool-2-thread-4] DEBUG org.apache.http.wire -- http-outgoing-205 << "Connection: keep-alive[\r][\n]"
23:08:06.273 [pool-2-thread-4] DEBUG org.apache.http.wire -- http-outgoing-205 << "Keep-Alive: timeout=5[\r][\n]"
23:08:06.273 [pool-2-thread-4] DEBUG org.apache.http.wire -- http-outgoing-205 << "[\r][\n]"
23:08:06.273 [pool-2-thread-4] DEBUG org.apache.http.wire -- http-outgoing-205 << "{"access_token":"eyJhbGciOiJIUzI1NiIsInR5cCI6IkpXVCJ9.eyJzdWIiOiI4YTI0NzQ2MS01YzA0LTQyMWQtOThmNS1mYTljNzM0ZmFlYTUiLCJ1c2VybmFtZSI6ImphbmVzbWl0aCIsInJvbGUiOjAsImlhdCI6MTc1MDYwODQ4NSwiZXhwIjoxNzUwNjEyMDg1fQ.OmzvAgXGO976mA-2mLinjw-ie5ZY8-Ri4zYnz2a0H8g","refresh_token":"19918d5801a317ddf6fd013294c446c8bcec0c5cbde5cf987aa4fa86fab7cb58","user":{"id":"8a247461-5c04-421d-98f5-fa9c734faea5","email":"test2@example.com","username":"janesmith","name":"Jane Smith","phoneNumber":"01234567890","profilePic":null,"bio":null,"private":false,"verified":false,"role":0,"followersCount":0,"followingCount":0,"postCount":0}}"
23:08:06.273 [pool-2-thread-4] DEBUG org.apache.http.headers -- http-outgoing-205 << HTTP/1.1 200 OK
23:08:06.273 [pool-2-thread-4] DEBUG org.apache.http.headers -- http-outgoing-205 << X-Powered-By: Express
23:08:06.273 [pool-2-thread-4] DEBUG org.apache.http.headers -- http-outgoing-205 << Access-Control-Allow-Origin: *
23:08:06.273 [pool-2-thread-4] DEBUG org.apache.http.headers -- http-outgoing-205 << Content-Type: application/json; charset=utf-8
23:08:06.273 [pool-2-thread-4] DEBUG org.apache.http.headers -- http-outgoing-205 << Content-Length: 608
23:08:06.273 [pool-2-thread-4] DEBUG org.apache.http.headers -- http-outgoing-205 << ETag: W/"260-Ooi6gJOMxsgATO5/QCT5B6hSfUE"
23:08:06.273 [pool-2-thread-4] DEBUG org.apache.http.headers -- http-outgoing-205 << Date: Sun, 22 Jun 2025 16:08:06 GMT
23:08:06.273 [pool-2-thread-4] DEBUG org.apache.http.headers -- http-outgoing-205 << Connection: keep-alive
23:08:06.273 [pool-2-thread-4] DEBUG org.apache.http.headers -- http-outgoing-205 << Keep-Alive: timeout=5
23:08:06.273 [pool-2-thread-4] DEBUG org.apache.http.impl.execchain.MainClientExec -- Connection can be kept alive for 5000 MILLISECONDS
23:08:06.273 [pool-2-thread-4] DEBUG org.apache.http.impl.conn.PoolingHttpClientConnectionManager -- Connection [id: 205][route: {}->http://localhost:3000] can be kept alive for 5.0 seconds
23:08:06.273 [pool-2-thread-4] DEBUG org.apache.http.impl.conn.DefaultManagedHttpClientConnection -- http-outgoing-205: set socket timeout to 0
23:08:06.273 [pool-2-thread-4] DEBUG org.apache.http.impl.conn.PoolingHttpClientConnectionManager -- Connection released: [id: 205][route: {}->http://localhost:3000][total available: 1; route allocated: 1 of 5; total allocated: 1 of 10]
23:08:06.273 [pool-2-thread-4] DEBUG org.apache.http.impl.conn.PoolingHttpClientConnectionManager -- Connection manager is shutting down
23:08:06.273 [pool-2-thread-4] DEBUG org.apache.http.impl.conn.DefaultManagedHttpClientConnection -- http-outgoing-205: Close connection
23:08:06.273 [pool-2-thread-4] DEBUG org.apache.http.impl.conn.PoolingHttpClientConnectionManager -- Connection manager shut down
23:08:06.273 [pool-2-thread-4] DEBUG com.intuit.karate -- response time in milliseconds: 2937
9 < 200
9 < X-Powered-By: Express
9 < Access-Control-Allow-Origin: *
9 < Content-Type: application/json; charset=utf-8
9 < Content-Length: 608
9 < ETag: W/"260-Ooi6gJOMxsgATO5/QCT5B6hSfUE"
9 < Date: Sun, 22 Jun 2025 16:08:06 GMT
9 < Connection: keep-alive
9 < Keep-Alive: timeout=5
{"access_token":"eyJhbGciOiJIUzI1NiIsInR5cCI6IkpXVCJ9.eyJzdWIiOiI4YTI0NzQ2MS01YzA0LTQyMWQtOThmNS1mYTljNzM0ZmFlYTUiLCJ1c2VybmFtZSI6ImphbmVzbWl0aCIsInJvbGUiOjAsImlhdCI6MTc1MDYwODQ4NSwiZXhwIjoxNzUwNjEyMDg1fQ.OmzvAgXGO976mA-2mLinjw-ie5ZY8-Ri4zYnz2a0H8g","refresh_token":"19918d5801a317ddf6fd013294c446c8bcec0c5cbde5cf987aa4fa86fab7cb58","user":{"id":"8a247461-5c04-421d-98f5-fa9c734faea5","email":"test2@example.com","username":"janesmith","name":"Jane Smith","phoneNumber":"01234567890","profilePic":null,"bio":null,"private":false,"verified":false,"role":0,"followersCount":0,"followingCount":0,"postCount":0}}

23:08:06.274 [pool-2-thread-4] INFO com.intuit.karate -- [print] Call 9 completed, status: 200 
23:08:06.275 [pool-2-thread-4] INFO com.intuit.karate -- [print] *** API CALL 10 *** 
23:08:06.276 [pool-2-thread-4] DEBUG org.apache.http.client.protocol.RequestAddCookies -- CookieSpec selected: karate
23:08:06.276 [pool-2-thread-4] DEBUG org.apache.http.client.protocol.RequestAuthCache -- Auth cache not set in the context
23:08:06.276 [pool-2-thread-4] DEBUG com.intuit.karate -- request:
10 > POST http://localhost:3000/auth/login
10 > Content-Type: application/json; charset=UTF-8
10 > Content-Length: 54
10 > Host: localhost:3000
10 > Connection: Keep-Alive
10 > User-Agent: Apache-HttpClient/4.5.14 (Java/17.0.9)
10 > Accept-Encoding: gzip,deflate
{"email":"test2@example.com","password":"Password123"}

23:08:06.277 [pool-2-thread-4] DEBUG org.apache.http.impl.conn.PoolingHttpClientConnectionManager -- Connection request: [route: {}->http://localhost:3000][total available: 0; route allocated: 0 of 5; total allocated: 0 of 10]
23:08:06.277 [pool-2-thread-4] DEBUG org.apache.http.impl.conn.PoolingHttpClientConnectionManager -- Connection leased: [id: 228][route: {}->http://localhost:3000][total available: 0; route allocated: 1 of 5; total allocated: 1 of 10]
23:08:06.277 [pool-2-thread-4] DEBUG org.apache.http.impl.execchain.MainClientExec -- Opening connection {}->http://localhost:3000
23:08:06.277 [pool-2-thread-4] DEBUG org.apache.http.impl.conn.DefaultHttpClientConnectionOperator -- Connecting to localhost/127.0.0.1:3000
23:08:06.278 [pool-2-thread-4] DEBUG org.apache.http.impl.conn.DefaultHttpClientConnectionOperator -- Connection established 127.0.0.1:52896<->127.0.0.1:3000
23:08:06.278 [pool-2-thread-4] DEBUG org.apache.http.impl.conn.DefaultManagedHttpClientConnection -- http-outgoing-228: set socket timeout to 30000
23:08:06.278 [pool-2-thread-4] DEBUG org.apache.http.impl.execchain.MainClientExec -- Executing request POST /auth/login HTTP/1.1
23:08:06.278 [pool-2-thread-4] DEBUG org.apache.http.impl.execchain.MainClientExec -- Target auth state: UNCHALLENGED
23:08:06.278 [pool-2-thread-4] DEBUG org.apache.http.impl.execchain.MainClientExec -- Proxy auth state: UNCHALLENGED
23:08:06.278 [pool-2-thread-4] DEBUG org.apache.http.headers -- http-outgoing-228 >> POST /auth/login HTTP/1.1
23:08:06.278 [pool-2-thread-4] DEBUG org.apache.http.headers -- http-outgoing-228 >> Content-Type: application/json; charset=UTF-8
23:08:06.278 [pool-2-thread-4] DEBUG org.apache.http.headers -- http-outgoing-228 >> Content-Length: 54
23:08:06.278 [pool-2-thread-4] DEBUG org.apache.http.headers -- http-outgoing-228 >> Host: localhost:3000
23:08:06.278 [pool-2-thread-4] DEBUG org.apache.http.headers -- http-outgoing-228 >> Connection: Keep-Alive
23:08:06.278 [pool-2-thread-4] DEBUG org.apache.http.headers -- http-outgoing-228 >> User-Agent: Apache-HttpClient/4.5.14 (Java/17.0.9)
23:08:06.278 [pool-2-thread-4] DEBUG org.apache.http.headers -- http-outgoing-228 >> Accept-Encoding: gzip,deflate
23:08:06.278 [pool-2-thread-4] DEBUG org.apache.http.wire -- http-outgoing-228 >> "POST /auth/login HTTP/1.1[\r][\n]"
23:08:06.278 [pool-2-thread-4] DEBUG org.apache.http.wire -- http-outgoing-228 >> "Content-Type: application/json; charset=UTF-8[\r][\n]"
23:08:06.278 [pool-2-thread-4] DEBUG org.apache.http.wire -- http-outgoing-228 >> "Content-Length: 54[\r][\n]"
23:08:06.278 [pool-2-thread-4] DEBUG org.apache.http.wire -- http-outgoing-228 >> "Host: localhost:3000[\r][\n]"
23:08:06.278 [pool-2-thread-4] DEBUG org.apache.http.wire -- http-outgoing-228 >> "Connection: Keep-Alive[\r][\n]"
23:08:06.278 [pool-2-thread-4] DEBUG org.apache.http.wire -- http-outgoing-228 >> "User-Agent: Apache-HttpClient/4.5.14 (Java/17.0.9)[\r][\n]"
23:08:06.278 [pool-2-thread-4] DEBUG org.apache.http.wire -- http-outgoing-228 >> "Accept-Encoding: gzip,deflate[\r][\n]"
23:08:06.278 [pool-2-thread-4] DEBUG org.apache.http.wire -- http-outgoing-228 >> "[\r][\n]"
23:08:06.278 [pool-2-thread-4] DEBUG org.apache.http.wire -- http-outgoing-228 >> "{"email":"test2@example.com","password":"Password123"}"
23:08:06.303 [pool-2-thread-23] DEBUG org.apache.http.wire -- http-outgoing-208 << "HTTP/1.1 200 OK[\r][\n]"
23:08:06.305 [pool-2-thread-23] DEBUG org.apache.http.wire -- http-outgoing-208 << "X-Powered-By: Express[\r][\n]"
23:08:06.305 [pool-2-thread-23] DEBUG org.apache.http.wire -- http-outgoing-208 << "Access-Control-Allow-Origin: *[\r][\n]"
23:08:06.305 [pool-2-thread-23] DEBUG org.apache.http.wire -- http-outgoing-208 << "Content-Type: application/json; charset=utf-8[\r][\n]"
23:08:06.305 [pool-2-thread-23] DEBUG org.apache.http.wire -- http-outgoing-208 << "Content-Length: 599[\r][\n]"
23:08:06.305 [pool-2-thread-23] DEBUG org.apache.http.wire -- http-outgoing-208 << "ETag: W/"257-gW3ogGwN/4CMpigdE2FMmgXxQBU"[\r][\n]"
23:08:06.305 [pool-2-thread-23] DEBUG org.apache.http.wire -- http-outgoing-208 << "Date: Sun, 22 Jun 2025 16:08:06 GMT[\r][\n]"
23:08:06.305 [pool-2-thread-23] DEBUG org.apache.http.wire -- http-outgoing-208 << "Connection: keep-alive[\r][\n]"
23:08:06.305 [pool-2-thread-23] DEBUG org.apache.http.wire -- http-outgoing-208 << "Keep-Alive: timeout=5[\r][\n]"
23:08:06.305 [pool-2-thread-23] DEBUG org.apache.http.wire -- http-outgoing-208 << "[\r][\n]"
23:08:06.305 [pool-2-thread-23] DEBUG org.apache.http.wire -- http-outgoing-208 << "{"access_token":"eyJhbGciOiJIUzI1NiIsInR5cCI6IkpXVCJ9.eyJzdWIiOiIyZGRhMDQzOS01MTgwLTQ1YWEtOTE3Zi1lNjMyZTQ1YThlNDEiLCJ1c2VybmFtZSI6ImpvaG5kb2UiLCJyb2xlIjowLCJpYXQiOjE3NTA2MDg0ODYsImV4cCI6MTc1MDYxMjA4Nn0.40KTHnWcyd5KXu8ocbpPDUHe3JHmZKyKOdUBNqG7l-E","refresh_token":"d398b80f7b93515a2f78e81091fdbf942a81bbac07e5d854a2a0755627360c97","user":{"id":"2dda0439-5180-45aa-917f-e632e45a8e41","email":"test@example.com","username":"johndoe","name":"John Doe","phoneNumber":"0987654321","profilePic":null,"bio":null,"private":false,"verified":false,"role":0,"followersCount":0,"followingCount":0,"postCount":0}}"
23:08:06.305 [pool-2-thread-23] DEBUG org.apache.http.headers -- http-outgoing-208 << HTTP/1.1 200 OK
23:08:06.305 [pool-2-thread-23] DEBUG org.apache.http.headers -- http-outgoing-208 << X-Powered-By: Express
23:08:06.305 [pool-2-thread-23] DEBUG org.apache.http.headers -- http-outgoing-208 << Access-Control-Allow-Origin: *
23:08:06.305 [pool-2-thread-23] DEBUG org.apache.http.headers -- http-outgoing-208 << Content-Type: application/json; charset=utf-8
23:08:06.305 [pool-2-thread-23] DEBUG org.apache.http.headers -- http-outgoing-208 << Content-Length: 599
23:08:06.305 [pool-2-thread-23] DEBUG org.apache.http.headers -- http-outgoing-208 << ETag: W/"257-gW3ogGwN/4CMpigdE2FMmgXxQBU"
23:08:06.305 [pool-2-thread-23] DEBUG org.apache.http.headers -- http-outgoing-208 << Date: Sun, 22 Jun 2025 16:08:06 GMT
23:08:06.305 [pool-2-thread-23] DEBUG org.apache.http.headers -- http-outgoing-208 << Connection: keep-alive
23:08:06.305 [pool-2-thread-23] DEBUG org.apache.http.headers -- http-outgoing-208 << Keep-Alive: timeout=5
23:08:06.305 [pool-2-thread-23] DEBUG org.apache.http.impl.execchain.MainClientExec -- Connection can be kept alive for 5000 MILLISECONDS
23:08:06.305 [pool-2-thread-23] DEBUG org.apache.http.impl.conn.PoolingHttpClientConnectionManager -- Connection [id: 208][route: {}->http://localhost:3000] can be kept alive for 5.0 seconds
23:08:06.305 [pool-2-thread-23] DEBUG org.apache.http.impl.conn.DefaultManagedHttpClientConnection -- http-outgoing-208: set socket timeout to 0
23:08:06.305 [pool-2-thread-23] DEBUG org.apache.http.impl.conn.PoolingHttpClientConnectionManager -- Connection released: [id: 208][route: {}->http://localhost:3000][total available: 1; route allocated: 1 of 5; total allocated: 1 of 10]
23:08:06.305 [pool-2-thread-23] DEBUG org.apache.http.impl.conn.PoolingHttpClientConnectionManager -- Connection manager is shutting down
23:08:06.305 [pool-2-thread-23] DEBUG org.apache.http.impl.conn.DefaultManagedHttpClientConnection -- http-outgoing-208: Close connection
23:08:06.305 [pool-2-thread-23] DEBUG org.apache.http.impl.conn.PoolingHttpClientConnectionManager -- Connection manager shut down
23:08:06.305 [pool-2-thread-23] DEBUG com.intuit.karate -- response time in milliseconds: 2875
9 < 200
9 < X-Powered-By: Express
9 < Access-Control-Allow-Origin: *
9 < Content-Type: application/json; charset=utf-8
9 < Content-Length: 599
9 < ETag: W/"257-gW3ogGwN/4CMpigdE2FMmgXxQBU"
9 < Date: Sun, 22 Jun 2025 16:08:06 GMT
9 < Connection: keep-alive
9 < Keep-Alive: timeout=5
{"access_token":"eyJhbGciOiJIUzI1NiIsInR5cCI6IkpXVCJ9.eyJzdWIiOiIyZGRhMDQzOS01MTgwLTQ1YWEtOTE3Zi1lNjMyZTQ1YThlNDEiLCJ1c2VybmFtZSI6ImpvaG5kb2UiLCJyb2xlIjowLCJpYXQiOjE3NTA2MDg0ODYsImV4cCI6MTc1MDYxMjA4Nn0.40KTHnWcyd5KXu8ocbpPDUHe3JHmZKyKOdUBNqG7l-E","refresh_token":"d398b80f7b93515a2f78e81091fdbf942a81bbac07e5d854a2a0755627360c97","user":{"id":"2dda0439-5180-45aa-917f-e632e45a8e41","email":"test@example.com","username":"johndoe","name":"John Doe","phoneNumber":"0987654321","profilePic":null,"bio":null,"private":false,"verified":false,"role":0,"followersCount":0,"followingCount":0,"postCount":0}}

23:08:06.306 [pool-2-thread-23] INFO com.intuit.karate -- [print] Call 9 completed, status: 200 
23:08:06.306 [pool-2-thread-23] INFO com.intuit.karate -- [print] *** API CALL 10 *** 
23:08:06.307 [pool-2-thread-23] DEBUG org.apache.http.client.protocol.RequestAddCookies -- CookieSpec selected: karate
23:08:06.307 [pool-2-thread-23] DEBUG org.apache.http.client.protocol.RequestAuthCache -- Auth cache not set in the context
23:08:06.307 [pool-2-thread-23] DEBUG com.intuit.karate -- request:
10 > POST http://localhost:3000/auth/login
10 > Content-Type: application/json; charset=UTF-8
10 > Content-Length: 53
10 > Host: localhost:3000
10 > Connection: Keep-Alive
10 > User-Agent: Apache-HttpClient/4.5.14 (Java/17.0.9)
10 > Accept-Encoding: gzip,deflate
{"email":"test@example.com","password":"Password123"}

23:08:06.307 [pool-2-thread-23] DEBUG org.apache.http.impl.conn.PoolingHttpClientConnectionManager -- Connection request: [route: {}->http://localhost:3000][total available: 0; route allocated: 0 of 5; total allocated: 0 of 10]
23:08:06.307 [pool-2-thread-23] DEBUG org.apache.http.impl.conn.PoolingHttpClientConnectionManager -- Connection leased: [id: 229][route: {}->http://localhost:3000][total available: 0; route allocated: 1 of 5; total allocated: 1 of 10]
23:08:06.307 [pool-2-thread-23] DEBUG org.apache.http.impl.execchain.MainClientExec -- Opening connection {}->http://localhost:3000
23:08:06.307 [pool-2-thread-23] DEBUG org.apache.http.impl.conn.DefaultHttpClientConnectionOperator -- Connecting to localhost/127.0.0.1:3000
23:08:06.307 [pool-2-thread-23] DEBUG org.apache.http.impl.conn.DefaultHttpClientConnectionOperator -- Connection established 127.0.0.1:52897<->127.0.0.1:3000
23:08:06.307 [pool-2-thread-23] DEBUG org.apache.http.impl.conn.DefaultManagedHttpClientConnection -- http-outgoing-229: set socket timeout to 30000
23:08:06.307 [pool-2-thread-23] DEBUG org.apache.http.impl.execchain.MainClientExec -- Executing request POST /auth/login HTTP/1.1
23:08:06.307 [pool-2-thread-23] DEBUG org.apache.http.impl.execchain.MainClientExec -- Target auth state: UNCHALLENGED
23:08:06.307 [pool-2-thread-23] DEBUG org.apache.http.impl.execchain.MainClientExec -- Proxy auth state: UNCHALLENGED
23:08:06.308 [pool-2-thread-23] DEBUG org.apache.http.headers -- http-outgoing-229 >> POST /auth/login HTTP/1.1
23:08:06.308 [pool-2-thread-23] DEBUG org.apache.http.headers -- http-outgoing-229 >> Content-Type: application/json; charset=UTF-8
23:08:06.308 [pool-2-thread-23] DEBUG org.apache.http.headers -- http-outgoing-229 >> Content-Length: 53
23:08:06.308 [pool-2-thread-23] DEBUG org.apache.http.headers -- http-outgoing-229 >> Host: localhost:3000
23:08:06.308 [pool-2-thread-23] DEBUG org.apache.http.headers -- http-outgoing-229 >> Connection: Keep-Alive
23:08:06.308 [pool-2-thread-23] DEBUG org.apache.http.headers -- http-outgoing-229 >> User-Agent: Apache-HttpClient/4.5.14 (Java/17.0.9)
23:08:06.308 [pool-2-thread-23] DEBUG org.apache.http.headers -- http-outgoing-229 >> Accept-Encoding: gzip,deflate
23:08:06.308 [pool-2-thread-23] DEBUG org.apache.http.wire -- http-outgoing-229 >> "POST /auth/login HTTP/1.1[\r][\n]"
23:08:06.308 [pool-2-thread-23] DEBUG org.apache.http.wire -- http-outgoing-229 >> "Content-Type: application/json; charset=UTF-8[\r][\n]"
23:08:06.308 [pool-2-thread-23] DEBUG org.apache.http.wire -- http-outgoing-229 >> "Content-Length: 53[\r][\n]"
23:08:06.308 [pool-2-thread-23] DEBUG org.apache.http.wire -- http-outgoing-229 >> "Host: localhost:3000[\r][\n]"
23:08:06.308 [pool-2-thread-23] DEBUG org.apache.http.wire -- http-outgoing-229 >> "Connection: Keep-Alive[\r][\n]"
23:08:06.308 [pool-2-thread-23] DEBUG org.apache.http.wire -- http-outgoing-229 >> "User-Agent: Apache-HttpClient/4.5.14 (Java/17.0.9)[\r][\n]"
23:08:06.308 [pool-2-thread-23] DEBUG org.apache.http.wire -- http-outgoing-229 >> "Accept-Encoding: gzip,deflate[\r][\n]"
23:08:06.308 [pool-2-thread-23] DEBUG org.apache.http.wire -- http-outgoing-229 >> "[\r][\n]"
23:08:06.308 [pool-2-thread-23] DEBUG org.apache.http.wire -- http-outgoing-229 >> "{"email":"test@example.com","password":"Password123"}"
23:08:06.328 [pool-2-thread-22] DEBUG org.apache.http.wire -- http-outgoing-209 << "HTTP/1.1 200 OK[\r][\n]"
23:08:06.328 [pool-2-thread-22] DEBUG org.apache.http.wire -- http-outgoing-209 << "X-Powered-By: Express[\r][\n]"
23:08:06.328 [pool-2-thread-22] DEBUG org.apache.http.wire -- http-outgoing-209 << "Access-Control-Allow-Origin: *[\r][\n]"
23:08:06.328 [pool-2-thread-22] DEBUG org.apache.http.wire -- http-outgoing-209 << "Content-Type: application/json; charset=utf-8[\r][\n]"
23:08:06.328 [pool-2-thread-22] DEBUG org.apache.http.wire -- http-outgoing-209 << "Content-Length: 715[\r][\n]"
23:08:06.328 [pool-2-thread-22] DEBUG org.apache.http.wire -- http-outgoing-209 << "ETag: W/"2cb-Mmuxq0Oh1RcGfUA0GI6lCqPXJh8"[\r][\n]"
23:08:06.328 [pool-2-thread-22] DEBUG org.apache.http.wire -- http-outgoing-209 << "Date: Sun, 22 Jun 2025 16:08:06 GMT[\r][\n]"
23:08:06.328 [pool-2-thread-22] DEBUG org.apache.http.wire -- http-outgoing-209 << "Connection: keep-alive[\r][\n]"
23:08:06.328 [pool-2-thread-22] DEBUG org.apache.http.wire -- http-outgoing-209 << "Keep-Alive: timeout=5[\r][\n]"
23:08:06.328 [pool-2-thread-22] DEBUG org.apache.http.wire -- http-outgoing-209 << "[\r][\n]"
23:08:06.328 [pool-2-thread-22] DEBUG org.apache.http.wire -- http-outgoing-209 << "{"access_token":"eyJhbGciOiJIUzI1NiIsInR5cCI6IkpXVCJ9.eyJzdWIiOiIyYjg0YWEyNC02NjhhLTQwZTItYWYxYy1hZDRmYzRmYTVhNmYiLCJ1c2VybmFtZSI6InF1YW5nMSIsInJvbGUiOjAsImlhdCI6MTc1MDYwODQ4NiwiZXhwIjoxNzUwNjEyMDg2fQ.TnYckLhox8pTFrGN6lXmi2jVxNicD_xQLmhfN_B15cI","refresh_token":"abaa19a32c92e218eb0af144abe93d6509cda30fb5ddf6726f3ce360ae6c9de9","user":{"id":"2b84aa24-668a-40e2-af1c-ad4fc4fa5a6f","email":"quang1@gmail.com","username":"quang1","name":"quang1","phoneNumber":"09874563210","profilePic":"https://res.cloudinary.com/dizcvrefo/image/upload/v1749027586/nestjs_uploads/xehairydt9rzlbmbmv4c.jpg","bio":"Thang Nam Lao Vua Thoi","private":false,"verified":false,"role":0,"followersCount":2,"followingCount":3,"postCount":2}}"
23:08:06.328 [pool-2-thread-22] DEBUG org.apache.http.headers -- http-outgoing-209 << HTTP/1.1 200 OK
23:08:06.328 [pool-2-thread-22] DEBUG org.apache.http.headers -- http-outgoing-209 << X-Powered-By: Express
23:08:06.328 [pool-2-thread-22] DEBUG org.apache.http.headers -- http-outgoing-209 << Access-Control-Allow-Origin: *
23:08:06.328 [pool-2-thread-22] DEBUG org.apache.http.headers -- http-outgoing-209 << Content-Type: application/json; charset=utf-8
23:08:06.328 [pool-2-thread-22] DEBUG org.apache.http.headers -- http-outgoing-209 << Content-Length: 715
23:08:06.328 [pool-2-thread-22] DEBUG org.apache.http.headers -- http-outgoing-209 << ETag: W/"2cb-Mmuxq0Oh1RcGfUA0GI6lCqPXJh8"
23:08:06.328 [pool-2-thread-22] DEBUG org.apache.http.headers -- http-outgoing-209 << Date: Sun, 22 Jun 2025 16:08:06 GMT
23:08:06.328 [pool-2-thread-22] DEBUG org.apache.http.headers -- http-outgoing-209 << Connection: keep-alive
23:08:06.328 [pool-2-thread-22] DEBUG org.apache.http.headers -- http-outgoing-209 << Keep-Alive: timeout=5
23:08:06.328 [pool-2-thread-22] DEBUG org.apache.http.impl.execchain.MainClientExec -- Connection can be kept alive for 5000 MILLISECONDS
23:08:06.330 [pool-2-thread-22] DEBUG org.apache.http.impl.conn.PoolingHttpClientConnectionManager -- Connection [id: 209][route: {}->http://localhost:3000] can be kept alive for 5.0 seconds
23:08:06.330 [pool-2-thread-22] DEBUG org.apache.http.impl.conn.DefaultManagedHttpClientConnection -- http-outgoing-209: set socket timeout to 0
23:08:06.330 [pool-2-thread-22] DEBUG org.apache.http.impl.conn.PoolingHttpClientConnectionManager -- Connection released: [id: 209][route: {}->http://localhost:3000][total available: 1; route allocated: 1 of 5; total allocated: 1 of 10]
23:08:06.330 [pool-2-thread-22] DEBUG org.apache.http.impl.conn.PoolingHttpClientConnectionManager -- Connection manager is shutting down
23:08:06.330 [pool-2-thread-22] DEBUG org.apache.http.impl.conn.DefaultManagedHttpClientConnection -- http-outgoing-209: Close connection
23:08:06.330 [pool-2-thread-22] DEBUG org.apache.http.impl.conn.PoolingHttpClientConnectionManager -- Connection manager shut down
23:08:06.330 [pool-2-thread-22] DEBUG com.intuit.karate -- response time in milliseconds: 2170
9 < 200
9 < X-Powered-By: Express
9 < Access-Control-Allow-Origin: *
9 < Content-Type: application/json; charset=utf-8
9 < Content-Length: 715
9 < ETag: W/"2cb-Mmuxq0Oh1RcGfUA0GI6lCqPXJh8"
9 < Date: Sun, 22 Jun 2025 16:08:06 GMT
9 < Connection: keep-alive
9 < Keep-Alive: timeout=5
{"access_token":"eyJhbGciOiJIUzI1NiIsInR5cCI6IkpXVCJ9.eyJzdWIiOiIyYjg0YWEyNC02NjhhLTQwZTItYWYxYy1hZDRmYzRmYTVhNmYiLCJ1c2VybmFtZSI6InF1YW5nMSIsInJvbGUiOjAsImlhdCI6MTc1MDYwODQ4NiwiZXhwIjoxNzUwNjEyMDg2fQ.TnYckLhox8pTFrGN6lXmi2jVxNicD_xQLmhfN_B15cI","refresh_token":"abaa19a32c92e218eb0af144abe93d6509cda30fb5ddf6726f3ce360ae6c9de9","user":{"id":"2b84aa24-668a-40e2-af1c-ad4fc4fa5a6f","email":"quang1@gmail.com","username":"quang1","name":"quang1","phoneNumber":"09874563210","profilePic":"https://res.cloudinary.com/dizcvrefo/image/upload/v1749027586/nestjs_uploads/xehairydt9rzlbmbmv4c.jpg","bio":"Thang Nam Lao Vua Thoi","private":false,"verified":false,"role":0,"followersCount":2,"followingCount":3,"postCount":2}}

23:08:06.331 [pool-2-thread-22] INFO com.intuit.karate -- [print] Call 9 completed, status: 200 
23:08:06.332 [pool-2-thread-22] INFO com.intuit.karate -- [print] *** API CALL 10 *** 
23:08:06.334 [pool-2-thread-22] DEBUG org.apache.http.client.protocol.RequestAddCookies -- CookieSpec selected: karate
23:08:06.335 [pool-2-thread-22] DEBUG org.apache.http.client.protocol.RequestAuthCache -- Auth cache not set in the context
23:08:06.335 [pool-2-thread-22] DEBUG com.intuit.karate -- request:
10 > POST http://localhost:3000/auth/login
10 > Content-Type: application/json; charset=UTF-8
10 > Content-Length: 48
10 > Host: localhost:3000
10 > Connection: Keep-Alive
10 > User-Agent: Apache-HttpClient/4.5.14 (Java/17.0.9)
10 > Accept-Encoding: gzip,deflate
{"email":"quang1@gmail.com","password":"quang1"}

23:08:06.335 [pool-2-thread-22] DEBUG org.apache.http.impl.conn.PoolingHttpClientConnectionManager -- Connection request: [route: {}->http://localhost:3000][total available: 0; route allocated: 0 of 5; total allocated: 0 of 10]
23:08:06.335 [pool-2-thread-22] DEBUG org.apache.http.impl.conn.PoolingHttpClientConnectionManager -- Connection leased: [id: 230][route: {}->http://localhost:3000][total available: 0; route allocated: 1 of 5; total allocated: 1 of 10]
23:08:06.335 [pool-2-thread-22] DEBUG org.apache.http.impl.execchain.MainClientExec -- Opening connection {}->http://localhost:3000
23:08:06.335 [pool-2-thread-22] DEBUG org.apache.http.impl.conn.DefaultHttpClientConnectionOperator -- Connecting to localhost/127.0.0.1:3000
23:08:06.336 [pool-2-thread-22] DEBUG org.apache.http.impl.conn.DefaultHttpClientConnectionOperator -- Connection established 127.0.0.1:52898<->127.0.0.1:3000
23:08:06.336 [pool-2-thread-22] DEBUG org.apache.http.impl.conn.DefaultManagedHttpClientConnection -- http-outgoing-230: set socket timeout to 30000
23:08:06.336 [pool-2-thread-22] DEBUG org.apache.http.impl.execchain.MainClientExec -- Executing request POST /auth/login HTTP/1.1
23:08:06.336 [pool-2-thread-22] DEBUG org.apache.http.impl.execchain.MainClientExec -- Target auth state: UNCHALLENGED
23:08:06.336 [pool-2-thread-22] DEBUG org.apache.http.impl.execchain.MainClientExec -- Proxy auth state: UNCHALLENGED
23:08:06.336 [pool-2-thread-22] DEBUG org.apache.http.headers -- http-outgoing-230 >> POST /auth/login HTTP/1.1
23:08:06.336 [pool-2-thread-22] DEBUG org.apache.http.headers -- http-outgoing-230 >> Content-Type: application/json; charset=UTF-8
23:08:06.336 [pool-2-thread-22] DEBUG org.apache.http.headers -- http-outgoing-230 >> Content-Length: 48
23:08:06.336 [pool-2-thread-22] DEBUG org.apache.http.headers -- http-outgoing-230 >> Host: localhost:3000
23:08:06.336 [pool-2-thread-22] DEBUG org.apache.http.headers -- http-outgoing-230 >> Connection: Keep-Alive
23:08:06.336 [pool-2-thread-22] DEBUG org.apache.http.headers -- http-outgoing-230 >> User-Agent: Apache-HttpClient/4.5.14 (Java/17.0.9)
23:08:06.336 [pool-2-thread-22] DEBUG org.apache.http.headers -- http-outgoing-230 >> Accept-Encoding: gzip,deflate
23:08:06.336 [pool-2-thread-22] DEBUG org.apache.http.wire -- http-outgoing-230 >> "POST /auth/login HTTP/1.1[\r][\n]"
23:08:06.336 [pool-2-thread-22] DEBUG org.apache.http.wire -- http-outgoing-230 >> "Content-Type: application/json; charset=UTF-8[\r][\n]"
23:08:06.336 [pool-2-thread-22] DEBUG org.apache.http.wire -- http-outgoing-230 >> "Content-Length: 48[\r][\n]"
23:08:06.336 [pool-2-thread-22] DEBUG org.apache.http.wire -- http-outgoing-230 >> "Host: localhost:3000[\r][\n]"
23:08:06.336 [pool-2-thread-22] DEBUG org.apache.http.wire -- http-outgoing-230 >> "Connection: Keep-Alive[\r][\n]"
23:08:06.336 [pool-2-thread-22] DEBUG org.apache.http.wire -- http-outgoing-230 >> "User-Agent: Apache-HttpClient/4.5.14 (Java/17.0.9)[\r][\n]"
23:08:06.336 [pool-2-thread-22] DEBUG org.apache.http.wire -- http-outgoing-230 >> "Accept-Encoding: gzip,deflate[\r][\n]"
23:08:06.336 [pool-2-thread-22] DEBUG org.apache.http.wire -- http-outgoing-230 >> "[\r][\n]"
23:08:06.336 [pool-2-thread-22] DEBUG org.apache.http.wire -- http-outgoing-230 >> "{"email":"quang1@gmail.com","password":"quang1"}"
23:08:06.365 [pool-2-thread-9] DEBUG org.apache.http.wire -- http-outgoing-210 << "HTTP/1.1 200 OK[\r][\n]"
23:08:06.365 [pool-2-thread-9] DEBUG org.apache.http.wire -- http-outgoing-210 << "X-Powered-By: Express[\r][\n]"
23:08:06.365 [pool-2-thread-9] DEBUG org.apache.http.wire -- http-outgoing-210 << "Access-Control-Allow-Origin: *[\r][\n]"
23:08:06.365 [pool-2-thread-9] DEBUG org.apache.http.wire -- http-outgoing-210 << "Content-Type: application/json; charset=utf-8[\r][\n]"
23:08:06.365 [pool-2-thread-9] DEBUG org.apache.http.wire -- http-outgoing-210 << "Content-Length: 604[\r][\n]"
23:08:06.365 [pool-2-thread-9] DEBUG org.apache.http.wire -- http-outgoing-210 << "ETag: W/"25c-riHK+FTHho5ZQkcVYh2wpzZGGQw"[\r][\n]"
23:08:06.365 [pool-2-thread-9] DEBUG org.apache.http.wire -- http-outgoing-210 << "Date: Sun, 22 Jun 2025 16:08:06 GMT[\r][\n]"
23:08:06.365 [pool-2-thread-9] DEBUG org.apache.http.wire -- http-outgoing-210 << "Connection: keep-alive[\r][\n]"
23:08:06.365 [pool-2-thread-9] DEBUG org.apache.http.wire -- http-outgoing-210 << "Keep-Alive: timeout=5[\r][\n]"
23:08:06.365 [pool-2-thread-9] DEBUG org.apache.http.wire -- http-outgoing-210 << "[\r][\n]"
23:08:06.365 [pool-2-thread-9] DEBUG org.apache.http.wire -- http-outgoing-210 << "{"access_token":"eyJhbGciOiJIUzI1NiIsInR5cCI6IkpXVCJ9.eyJzdWIiOiJkZjZmMDkxOS1hMjNkLTQ0YzktYTkyNS00ZWE4YmU1MjVkMTAiLCJ1c2VybmFtZSI6ImpvaG5kb2UyMyIsInJvbGUiOjAsImlhdCI6MTc1MDYwODQ4NiwiZXhwIjoxNzUwNjEyMDg2fQ.OwmkWsysgZV-5F_JK1vrRkYBzAMIZKzg_dDdCzwQC1Y","refresh_token":"de5effc256494f395a5f05deb517c0b93fbd032e75b5e02685655442bc843fed","user":{"id":"df6f0919-a23d-44c9-a925-4ea8be525d10","email":"testit@gmail.com","username":"johndoe23","name":"John Doe","phoneNumber":"0123456788","profilePic":null,"bio":null,"private":false,"verified":false,"role":0,"followersCount":0,"followingCount":0,"postCount":0}}"
23:08:06.365 [pool-2-thread-9] DEBUG org.apache.http.headers -- http-outgoing-210 << HTTP/1.1 200 OK
23:08:06.365 [pool-2-thread-9] DEBUG org.apache.http.headers -- http-outgoing-210 << X-Powered-By: Express
23:08:06.365 [pool-2-thread-9] DEBUG org.apache.http.headers -- http-outgoing-210 << Access-Control-Allow-Origin: *
23:08:06.365 [pool-2-thread-9] DEBUG org.apache.http.headers -- http-outgoing-210 << Content-Type: application/json; charset=utf-8
23:08:06.365 [pool-2-thread-9] DEBUG org.apache.http.headers -- http-outgoing-210 << Content-Length: 604
23:08:06.365 [pool-2-thread-9] DEBUG org.apache.http.headers -- http-outgoing-210 << ETag: W/"25c-riHK+FTHho5ZQkcVYh2wpzZGGQw"
23:08:06.365 [pool-2-thread-9] DEBUG org.apache.http.headers -- http-outgoing-210 << Date: Sun, 22 Jun 2025 16:08:06 GMT
23:08:06.365 [pool-2-thread-9] DEBUG org.apache.http.headers -- http-outgoing-210 << Connection: keep-alive
23:08:06.365 [pool-2-thread-9] DEBUG org.apache.http.headers -- http-outgoing-210 << Keep-Alive: timeout=5
23:08:06.365 [pool-2-thread-9] DEBUG org.apache.http.impl.execchain.MainClientExec -- Connection can be kept alive for 5000 MILLISECONDS
23:08:06.365 [pool-2-thread-9] DEBUG org.apache.http.impl.conn.PoolingHttpClientConnectionManager -- Connection [id: 210][route: {}->http://localhost:3000] can be kept alive for 5.0 seconds
23:08:06.365 [pool-2-thread-9] DEBUG org.apache.http.impl.conn.DefaultManagedHttpClientConnection -- http-outgoing-210: set socket timeout to 0
23:08:06.365 [pool-2-thread-9] DEBUG org.apache.http.impl.conn.PoolingHttpClientConnectionManager -- Connection released: [id: 210][route: {}->http://localhost:3000][total available: 1; route allocated: 1 of 5; total allocated: 1 of 10]
23:08:06.365 [pool-2-thread-9] DEBUG org.apache.http.impl.conn.PoolingHttpClientConnectionManager -- Connection manager is shutting down
23:08:06.365 [pool-2-thread-9] DEBUG org.apache.http.impl.conn.DefaultManagedHttpClientConnection -- http-outgoing-210: Close connection
23:08:06.366 [pool-2-thread-9] DEBUG org.apache.http.impl.conn.PoolingHttpClientConnectionManager -- Connection manager shut down
23:08:06.366 [pool-2-thread-9] DEBUG com.intuit.karate -- response time in milliseconds: 2177
8 < 200
8 < X-Powered-By: Express
8 < Access-Control-Allow-Origin: *
8 < Content-Type: application/json; charset=utf-8
8 < Content-Length: 604
8 < ETag: W/"25c-riHK+FTHho5ZQkcVYh2wpzZGGQw"
8 < Date: Sun, 22 Jun 2025 16:08:06 GMT
8 < Connection: keep-alive
8 < Keep-Alive: timeout=5
{"access_token":"eyJhbGciOiJIUzI1NiIsInR5cCI6IkpXVCJ9.eyJzdWIiOiJkZjZmMDkxOS1hMjNkLTQ0YzktYTkyNS00ZWE4YmU1MjVkMTAiLCJ1c2VybmFtZSI6ImpvaG5kb2UyMyIsInJvbGUiOjAsImlhdCI6MTc1MDYwODQ4NiwiZXhwIjoxNzUwNjEyMDg2fQ.OwmkWsysgZV-5F_JK1vrRkYBzAMIZKzg_dDdCzwQC1Y","refresh_token":"de5effc256494f395a5f05deb517c0b93fbd032e75b5e02685655442bc843fed","user":{"id":"df6f0919-a23d-44c9-a925-4ea8be525d10","email":"testit@gmail.com","username":"johndoe23","name":"John Doe","phoneNumber":"0123456788","profilePic":null,"bio":null,"private":false,"verified":false,"role":0,"followersCount":0,"followingCount":0,"postCount":0}}

23:08:06.366 [pool-2-thread-9] INFO com.intuit.karate -- [print] Call 8 completed, status: 200 
23:08:06.366 [pool-2-thread-9] INFO com.intuit.karate -- [print] *** API CALL 9 *** 
23:08:06.368 [pool-2-thread-9] DEBUG org.apache.http.client.protocol.RequestAddCookies -- CookieSpec selected: karate
23:08:06.368 [pool-2-thread-9] DEBUG org.apache.http.client.protocol.RequestAuthCache -- Auth cache not set in the context
23:08:06.368 [pool-2-thread-9] DEBUG com.intuit.karate -- request:
9 > POST http://localhost:3000/auth/login
9 > Content-Type: application/json; charset=UTF-8
9 > Content-Length: 53
9 > Host: localhost:3000
9 > Connection: Keep-Alive
9 > User-Agent: Apache-HttpClient/4.5.14 (Java/17.0.9)
9 > Accept-Encoding: gzip,deflate
{"email":"testit@gmail.com","password":"Password123"}

23:08:06.368 [pool-2-thread-9] DEBUG org.apache.http.impl.conn.PoolingHttpClientConnectionManager -- Connection request: [route: {}->http://localhost:3000][total available: 0; route allocated: 0 of 5; total allocated: 0 of 10]
23:08:06.368 [pool-2-thread-9] DEBUG org.apache.http.impl.conn.PoolingHttpClientConnectionManager -- Connection leased: [id: 231][route: {}->http://localhost:3000][total available: 0; route allocated: 1 of 5; total allocated: 1 of 10]
23:08:06.368 [pool-2-thread-9] DEBUG org.apache.http.impl.execchain.MainClientExec -- Opening connection {}->http://localhost:3000
23:08:06.368 [pool-2-thread-9] DEBUG org.apache.http.impl.conn.DefaultHttpClientConnectionOperator -- Connecting to localhost/127.0.0.1:3000
23:08:06.369 [pool-2-thread-9] DEBUG org.apache.http.impl.conn.DefaultHttpClientConnectionOperator -- Connection established 127.0.0.1:52899<->127.0.0.1:3000
23:08:06.369 [pool-2-thread-9] DEBUG org.apache.http.impl.conn.DefaultManagedHttpClientConnection -- http-outgoing-231: set socket timeout to 30000
23:08:06.369 [pool-2-thread-9] DEBUG org.apache.http.impl.execchain.MainClientExec -- Executing request POST /auth/login HTTP/1.1
23:08:06.369 [pool-2-thread-9] DEBUG org.apache.http.impl.execchain.MainClientExec -- Target auth state: UNCHALLENGED
23:08:06.369 [pool-2-thread-9] DEBUG org.apache.http.impl.execchain.MainClientExec -- Proxy auth state: UNCHALLENGED
23:08:06.369 [pool-2-thread-9] DEBUG org.apache.http.headers -- http-outgoing-231 >> POST /auth/login HTTP/1.1
23:08:06.369 [pool-2-thread-9] DEBUG org.apache.http.headers -- http-outgoing-231 >> Content-Type: application/json; charset=UTF-8
23:08:06.369 [pool-2-thread-9] DEBUG org.apache.http.headers -- http-outgoing-231 >> Content-Length: 53
23:08:06.369 [pool-2-thread-9] DEBUG org.apache.http.headers -- http-outgoing-231 >> Host: localhost:3000
23:08:06.369 [pool-2-thread-9] DEBUG org.apache.http.headers -- http-outgoing-231 >> Connection: Keep-Alive
23:08:06.369 [pool-2-thread-9] DEBUG org.apache.http.headers -- http-outgoing-231 >> User-Agent: Apache-HttpClient/4.5.14 (Java/17.0.9)
23:08:06.369 [pool-2-thread-9] DEBUG org.apache.http.headers -- http-outgoing-231 >> Accept-Encoding: gzip,deflate
23:08:06.369 [pool-2-thread-9] DEBUG org.apache.http.wire -- http-outgoing-231 >> "POST /auth/login HTTP/1.1[\r][\n]"
23:08:06.369 [pool-2-thread-9] DEBUG org.apache.http.wire -- http-outgoing-231 >> "Content-Type: application/json; charset=UTF-8[\r][\n]"
23:08:06.369 [pool-2-thread-9] DEBUG org.apache.http.wire -- http-outgoing-231 >> "Content-Length: 53[\r][\n]"
23:08:06.369 [pool-2-thread-9] DEBUG org.apache.http.wire -- http-outgoing-231 >> "Host: localhost:3000[\r][\n]"
23:08:06.369 [pool-2-thread-9] DEBUG org.apache.http.wire -- http-outgoing-231 >> "Connection: Keep-Alive[\r][\n]"
23:08:06.369 [pool-2-thread-9] DEBUG org.apache.http.wire -- http-outgoing-231 >> "User-Agent: Apache-HttpClient/4.5.14 (Java/17.0.9)[\r][\n]"
23:08:06.369 [pool-2-thread-9] DEBUG org.apache.http.wire -- http-outgoing-231 >> "Accept-Encoding: gzip,deflate[\r][\n]"
23:08:06.369 [pool-2-thread-9] DEBUG org.apache.http.wire -- http-outgoing-231 >> "[\r][\n]"
23:08:06.370 [pool-2-thread-9] DEBUG org.apache.http.wire -- http-outgoing-231 >> "{"email":"testit@gmail.com","password":"Password123"}"
23:08:06.385 [pool-2-thread-27] DEBUG org.apache.http.wire -- http-outgoing-212 << "HTTP/1.1 200 OK[\r][\n]"
23:08:06.385 [pool-2-thread-27] DEBUG org.apache.http.wire -- http-outgoing-212 << "X-Powered-By: Express[\r][\n]"
23:08:06.385 [pool-2-thread-27] DEBUG org.apache.http.wire -- http-outgoing-212 << "Access-Control-Allow-Origin: *[\r][\n]"
23:08:06.385 [pool-2-thread-27] DEBUG org.apache.http.wire -- http-outgoing-212 << "Content-Type: application/json; charset=utf-8[\r][\n]"
23:08:06.385 [pool-2-thread-27] DEBUG org.apache.http.wire -- http-outgoing-212 << "Content-Length: 605[\r][\n]"
23:08:06.385 [pool-2-thread-27] DEBUG org.apache.http.wire -- http-outgoing-212 << "ETag: W/"25d-Cf0Sjy3uEotEBU49PODRekrflE0"[\r][\n]"
23:08:06.385 [pool-2-thread-27] DEBUG org.apache.http.wire -- http-outgoing-212 << "Date: Sun, 22 Jun 2025 16:08:06 GMT[\r][\n]"
23:08:06.385 [pool-2-thread-27] DEBUG org.apache.http.wire -- http-outgoing-212 << "Connection: keep-alive[\r][\n]"
23:08:06.385 [pool-2-thread-27] DEBUG org.apache.http.wire -- http-outgoing-212 << "Keep-Alive: timeout=5[\r][\n]"
23:08:06.385 [pool-2-thread-27] DEBUG org.apache.http.wire -- http-outgoing-212 << "[\r][\n]"
23:08:06.385 [pool-2-thread-27] DEBUG org.apache.http.wire -- http-outgoing-212 << "{"access_token":"eyJhbGciOiJIUzI1NiIsInR5cCI6IkpXVCJ9.eyJzdWIiOiI2NTBjZTFlZC1hYWNhLTQzOGYtOTk4OC0xZjA1OGFiNWFhMWEiLCJ1c2VybmFtZSI6ImpvaG5kb2UyNSIsInJvbGUiOjAsImlhdCI6MTc1MDYwODQ4NiwiZXhwIjoxNzUwNjEyMDg2fQ.mX6SlTNtSk4dpHzpavkDhvDlM6msNgNgmEGTpznhYSQ","refresh_token":"acae2c56769f8d83006f4a06048cf8fd0bea1c4ecdf76b8efc9654e1159c0c9a","user":{"id":"650ce1ed-aaca-438f-9988-1f058ab5aa1a","email":"testit3@gmail.com","username":"johndoe25","name":"John Doe","phoneNumber":"0123456713","profilePic":null,"bio":null,"private":false,"verified":false,"role":0,"followersCount":0,"followingCount":0,"postCount":0}}"
23:08:06.385 [pool-2-thread-27] DEBUG org.apache.http.headers -- http-outgoing-212 << HTTP/1.1 200 OK
23:08:06.385 [pool-2-thread-27] DEBUG org.apache.http.headers -- http-outgoing-212 << X-Powered-By: Express
23:08:06.385 [pool-2-thread-27] DEBUG org.apache.http.headers -- http-outgoing-212 << Access-Control-Allow-Origin: *
23:08:06.385 [pool-2-thread-27] DEBUG org.apache.http.headers -- http-outgoing-212 << Content-Type: application/json; charset=utf-8
23:08:06.385 [pool-2-thread-27] DEBUG org.apache.http.headers -- http-outgoing-212 << Content-Length: 605
23:08:06.385 [pool-2-thread-27] DEBUG org.apache.http.headers -- http-outgoing-212 << ETag: W/"25d-Cf0Sjy3uEotEBU49PODRekrflE0"
23:08:06.385 [pool-2-thread-27] DEBUG org.apache.http.headers -- http-outgoing-212 << Date: Sun, 22 Jun 2025 16:08:06 GMT
23:08:06.385 [pool-2-thread-27] DEBUG org.apache.http.headers -- http-outgoing-212 << Connection: keep-alive
23:08:06.385 [pool-2-thread-27] DEBUG org.apache.http.headers -- http-outgoing-212 << Keep-Alive: timeout=5
23:08:06.385 [pool-2-thread-27] DEBUG org.apache.http.impl.execchain.MainClientExec -- Connection can be kept alive for 5000 MILLISECONDS
23:08:06.385 [pool-2-thread-27] DEBUG org.apache.http.impl.conn.PoolingHttpClientConnectionManager -- Connection [id: 211][route: {}->http://localhost:3000] can be kept alive for 5.0 seconds
23:08:06.385 [pool-2-thread-27] DEBUG org.apache.http.impl.conn.DefaultManagedHttpClientConnection -- http-outgoing-212: set socket timeout to 0
23:08:06.385 [pool-2-thread-27] DEBUG org.apache.http.impl.conn.PoolingHttpClientConnectionManager -- Connection released: [id: 211][route: {}->http://localhost:3000][total available: 1; route allocated: 1 of 5; total allocated: 1 of 10]
23:08:06.385 [pool-2-thread-27] DEBUG org.apache.http.impl.conn.PoolingHttpClientConnectionManager -- Connection manager is shutting down
23:08:06.385 [pool-2-thread-27] DEBUG org.apache.http.impl.conn.DefaultManagedHttpClientConnection -- http-outgoing-212: Close connection
23:08:06.385 [pool-2-thread-27] DEBUG org.apache.http.impl.conn.PoolingHttpClientConnectionManager -- Connection manager shut down
23:08:06.385 [pool-2-thread-27] DEBUG com.intuit.karate -- response time in milliseconds: 2148
8 < 200
8 < X-Powered-By: Express
8 < Access-Control-Allow-Origin: *
8 < Content-Type: application/json; charset=utf-8
8 < Content-Length: 605
8 < ETag: W/"25d-Cf0Sjy3uEotEBU49PODRekrflE0"
8 < Date: Sun, 22 Jun 2025 16:08:06 GMT
8 < Connection: keep-alive
8 < Keep-Alive: timeout=5
{"access_token":"eyJhbGciOiJIUzI1NiIsInR5cCI6IkpXVCJ9.eyJzdWIiOiI2NTBjZTFlZC1hYWNhLTQzOGYtOTk4OC0xZjA1OGFiNWFhMWEiLCJ1c2VybmFtZSI6ImpvaG5kb2UyNSIsInJvbGUiOjAsImlhdCI6MTc1MDYwODQ4NiwiZXhwIjoxNzUwNjEyMDg2fQ.mX6SlTNtSk4dpHzpavkDhvDlM6msNgNgmEGTpznhYSQ","refresh_token":"acae2c56769f8d83006f4a06048cf8fd0bea1c4ecdf76b8efc9654e1159c0c9a","user":{"id":"650ce1ed-aaca-438f-9988-1f058ab5aa1a","email":"testit3@gmail.com","username":"johndoe25","name":"John Doe","phoneNumber":"0123456713","profilePic":null,"bio":null,"private":false,"verified":false,"role":0,"followersCount":0,"followingCount":0,"postCount":0}}

23:08:06.386 [pool-2-thread-27] INFO com.intuit.karate -- [print] Call 8 completed, status: 200 
23:08:06.387 [pool-2-thread-27] INFO com.intuit.karate -- [print] *** API CALL 9 *** 
23:08:06.388 [pool-2-thread-27] DEBUG org.apache.http.client.protocol.RequestAddCookies -- CookieSpec selected: karate
23:08:06.388 [pool-2-thread-27] DEBUG org.apache.http.client.protocol.RequestAuthCache -- Auth cache not set in the context
23:08:06.388 [pool-2-thread-27] DEBUG com.intuit.karate -- request:
9 > POST http://localhost:3000/auth/login
9 > Content-Type: application/json; charset=UTF-8
9 > Content-Length: 54
9 > Host: localhost:3000
9 > Connection: Keep-Alive
9 > User-Agent: Apache-HttpClient/4.5.14 (Java/17.0.9)
9 > Accept-Encoding: gzip,deflate
{"email":"testit3@gmail.com","password":"Password123"}

23:08:06.388 [pool-2-thread-27] DEBUG org.apache.http.impl.conn.PoolingHttpClientConnectionManager -- Connection request: [route: {}->http://localhost:3000][total available: 0; route allocated: 0 of 5; total allocated: 0 of 10]
23:08:06.388 [pool-2-thread-27] DEBUG org.apache.http.impl.conn.PoolingHttpClientConnectionManager -- Connection leased: [id: 232][route: {}->http://localhost:3000][total available: 0; route allocated: 1 of 5; total allocated: 1 of 10]
23:08:06.388 [pool-2-thread-27] DEBUG org.apache.http.impl.execchain.MainClientExec -- Opening connection {}->http://localhost:3000
23:08:06.390 [pool-2-thread-27] DEBUG org.apache.http.impl.conn.DefaultHttpClientConnectionOperator -- Connecting to localhost/127.0.0.1:3000
23:08:06.390 [pool-2-thread-27] DEBUG org.apache.http.impl.conn.DefaultHttpClientConnectionOperator -- Connection established 127.0.0.1:52900<->127.0.0.1:3000
23:08:06.390 [pool-2-thread-27] DEBUG org.apache.http.impl.conn.DefaultManagedHttpClientConnection -- http-outgoing-232: set socket timeout to 30000
23:08:06.390 [pool-2-thread-27] DEBUG org.apache.http.impl.execchain.MainClientExec -- Executing request POST /auth/login HTTP/1.1
23:08:06.390 [pool-2-thread-27] DEBUG org.apache.http.impl.execchain.MainClientExec -- Target auth state: UNCHALLENGED
23:08:06.390 [pool-2-thread-27] DEBUG org.apache.http.impl.execchain.MainClientExec -- Proxy auth state: UNCHALLENGED
23:08:06.390 [pool-2-thread-27] DEBUG org.apache.http.headers -- http-outgoing-232 >> POST /auth/login HTTP/1.1
23:08:06.390 [pool-2-thread-27] DEBUG org.apache.http.headers -- http-outgoing-232 >> Content-Type: application/json; charset=UTF-8
23:08:06.390 [pool-2-thread-27] DEBUG org.apache.http.headers -- http-outgoing-232 >> Content-Length: 54
23:08:06.390 [pool-2-thread-27] DEBUG org.apache.http.headers -- http-outgoing-232 >> Host: localhost:3000
23:08:06.390 [pool-2-thread-27] DEBUG org.apache.http.headers -- http-outgoing-232 >> Connection: Keep-Alive
23:08:06.390 [pool-2-thread-27] DEBUG org.apache.http.headers -- http-outgoing-232 >> User-Agent: Apache-HttpClient/4.5.14 (Java/17.0.9)
23:08:06.390 [pool-2-thread-27] DEBUG org.apache.http.headers -- http-outgoing-232 >> Accept-Encoding: gzip,deflate
23:08:06.390 [pool-2-thread-27] DEBUG org.apache.http.wire -- http-outgoing-232 >> "POST /auth/login HTTP/1.1[\r][\n]"
23:08:06.390 [pool-2-thread-27] DEBUG org.apache.http.wire -- http-outgoing-232 >> "Content-Type: application/json; charset=UTF-8[\r][\n]"
23:08:06.390 [pool-2-thread-27] DEBUG org.apache.http.wire -- http-outgoing-232 >> "Content-Length: 54[\r][\n]"
23:08:06.390 [pool-2-thread-27] DEBUG org.apache.http.wire -- http-outgoing-232 >> "Host: localhost:3000[\r][\n]"
23:08:06.390 [pool-2-thread-27] DEBUG org.apache.http.wire -- http-outgoing-232 >> "Connection: Keep-Alive[\r][\n]"
23:08:06.390 [pool-2-thread-27] DEBUG org.apache.http.wire -- http-outgoing-232 >> "User-Agent: Apache-HttpClient/4.5.14 (Java/17.0.9)[\r][\n]"
23:08:06.390 [pool-2-thread-27] DEBUG org.apache.http.wire -- http-outgoing-232 >> "Accept-Encoding: gzip,deflate[\r][\n]"
23:08:06.390 [pool-2-thread-27] DEBUG org.apache.http.wire -- http-outgoing-232 >> "[\r][\n]"
23:08:06.390 [pool-2-thread-27] DEBUG org.apache.http.wire -- http-outgoing-232 >> "{"email":"testit3@gmail.com","password":"Password123"}"
23:08:06.410 [pool-2-thread-28] DEBUG org.apache.http.wire -- http-outgoing-211 << "HTTP/1.1 200 OK[\r][\n]"
23:08:06.410 [pool-2-thread-28] DEBUG org.apache.http.wire -- http-outgoing-211 << "X-Powered-By: Express[\r][\n]"
23:08:06.410 [pool-2-thread-28] DEBUG org.apache.http.wire -- http-outgoing-211 << "Access-Control-Allow-Origin: *[\r][\n]"
23:08:06.410 [pool-2-thread-28] DEBUG org.apache.http.wire -- http-outgoing-211 << "Content-Type: application/json; charset=utf-8[\r][\n]"
23:08:06.410 [pool-2-thread-28] DEBUG org.apache.http.wire -- http-outgoing-211 << "Content-Length: 609[\r][\n]"
23:08:06.410 [pool-2-thread-28] DEBUG org.apache.http.wire -- http-outgoing-211 << "ETag: W/"261-28SIUdsExDRYSuwmFzZDF7HbiqM"[\r][\n]"
23:08:06.410 [pool-2-thread-28] DEBUG org.apache.http.wire -- http-outgoing-211 << "Date: Sun, 22 Jun 2025 16:08:06 GMT[\r][\n]"
23:08:06.410 [pool-2-thread-28] DEBUG org.apache.http.wire -- http-outgoing-211 << "Connection: keep-alive[\r][\n]"
23:08:06.410 [pool-2-thread-28] DEBUG org.apache.http.wire -- http-outgoing-211 << "Keep-Alive: timeout=5[\r][\n]"
23:08:06.410 [pool-2-thread-28] DEBUG org.apache.http.wire -- http-outgoing-211 << "[\r][\n]"
23:08:06.410 [pool-2-thread-28] DEBUG org.apache.http.wire -- http-outgoing-211 << "{"access_token":"eyJhbGciOiJIUzI1NiIsInR5cCI6IkpXVCJ9.eyJzdWIiOiIyNzJmNmI1NS01MTc5LTRhZTMtODU2My1iNGVjMTBmNzY3MTUiLCJ1c2VybmFtZSI6ImpvaG5kb2UyZDVkIiwicm9sZSI6MCwiaWF0IjoxNzUwNjA4NDg2LCJleHAiOjE3NTA2MTIwODZ9.GU8i9X6m22aPHMkckcE3PCag_ybgYaYV-lw8_yfMHHk","refresh_token":"5784fe1780c38bfc9cde790194b8e0bd9416152f82a4ee60e037b953b65e81ca","user":{"id":"272f6b55-5179-4ae3-8563-b4ec10f76715","email":"testit5@gmail.com","username":"johndoe2d5d","name":"John Doe","phoneNumber":"0123456132","profilePic":null,"bio":null,"private":false,"verified":false,"role":0,"followersCount":0,"followingCount":0,"postCount":0}}"
23:08:06.410 [pool-2-thread-28] DEBUG org.apache.http.headers -- http-outgoing-211 << HTTP/1.1 200 OK
23:08:06.410 [pool-2-thread-28] DEBUG org.apache.http.headers -- http-outgoing-211 << X-Powered-By: Express
23:08:06.410 [pool-2-thread-28] DEBUG org.apache.http.headers -- http-outgoing-211 << Access-Control-Allow-Origin: *
23:08:06.410 [pool-2-thread-28] DEBUG org.apache.http.headers -- http-outgoing-211 << Content-Type: application/json; charset=utf-8
23:08:06.410 [pool-2-thread-28] DEBUG org.apache.http.headers -- http-outgoing-211 << Content-Length: 609
23:08:06.410 [pool-2-thread-28] DEBUG org.apache.http.headers -- http-outgoing-211 << ETag: W/"261-28SIUdsExDRYSuwmFzZDF7HbiqM"
23:08:06.410 [pool-2-thread-28] DEBUG org.apache.http.headers -- http-outgoing-211 << Date: Sun, 22 Jun 2025 16:08:06 GMT
23:08:06.410 [pool-2-thread-28] DEBUG org.apache.http.headers -- http-outgoing-211 << Connection: keep-alive
23:08:06.410 [pool-2-thread-28] DEBUG org.apache.http.headers -- http-outgoing-211 << Keep-Alive: timeout=5
23:08:06.410 [pool-2-thread-28] DEBUG org.apache.http.impl.execchain.MainClientExec -- Connection can be kept alive for 5000 MILLISECONDS
23:08:06.410 [pool-2-thread-28] DEBUG org.apache.http.impl.conn.PoolingHttpClientConnectionManager -- Connection [id: 212][route: {}->http://localhost:3000] can be kept alive for 5.0 seconds
23:08:06.410 [pool-2-thread-6] DEBUG org.apache.http.wire -- http-outgoing-213 << "HTTP/1.1 200 OK[\r][\n]"
23:08:06.410 [pool-2-thread-28] DEBUG org.apache.http.impl.conn.DefaultManagedHttpClientConnection -- http-outgoing-211: set socket timeout to 0
23:08:06.410 [pool-2-thread-6] DEBUG org.apache.http.wire -- http-outgoing-213 << "X-Powered-By: Express[\r][\n]"
23:08:06.410 [pool-2-thread-6] DEBUG org.apache.http.wire -- http-outgoing-213 << "Access-Control-Allow-Origin: *[\r][\n]"
23:08:06.410 [pool-2-thread-6] DEBUG org.apache.http.wire -- http-outgoing-213 << "Content-Type: application/json; charset=utf-8[\r][\n]"
23:08:06.410 [pool-2-thread-6] DEBUG org.apache.http.wire -- http-outgoing-213 << "Content-Length: 607[\r][\n]"
23:08:06.410 [pool-2-thread-6] DEBUG org.apache.http.wire -- http-outgoing-213 << "ETag: W/"25f-zYmOiDYkm0NKWGnCxjfpXZ4uLVs"[\r][\n]"
23:08:06.410 [pool-2-thread-6] DEBUG org.apache.http.wire -- http-outgoing-213 << "Date: Sun, 22 Jun 2025 16:08:06 GMT[\r][\n]"
23:08:06.410 [pool-2-thread-6] DEBUG org.apache.http.wire -- http-outgoing-213 << "Connection: keep-alive[\r][\n]"
23:08:06.410 [pool-2-thread-6] DEBUG org.apache.http.wire -- http-outgoing-213 << "Keep-Alive: timeout=5[\r][\n]"
23:08:06.410 [pool-2-thread-6] DEBUG org.apache.http.wire -- http-outgoing-213 << "[\r][\n]"
23:08:06.410 [pool-2-thread-28] DEBUG org.apache.http.impl.conn.PoolingHttpClientConnectionManager -- Connection released: [id: 212][route: {}->http://localhost:3000][total available: 1; route allocated: 1 of 5; total allocated: 1 of 10]
23:08:06.410 [pool-2-thread-6] DEBUG org.apache.http.wire -- http-outgoing-213 << "{"access_token":"eyJhbGciOiJIUzI1NiIsInR5cCI6IkpXVCJ9.eyJzdWIiOiI5YTI2OTc2Yy0xNTMyLTRkZjMtYTE2ZS03NjMxNTI1Yzg1MDIiLCJ1c2VybmFtZSI6ImpvaG5kb2UyZDUiLCJyb2xlIjowLCJpYXQiOjE3NTA2MDg0ODYsImV4cCI6MTc1MDYxMjA4Nn0.qEkcuUPO4YNm7wb9Z3EsbO6QudpMIP7Kw9UuvAYCZ5k","refresh_token":"a493842994a8de9da104b275772a00fa9107c38553380b778fed022542693a1b","user":{"id":"9a26976c-1532-4df3-a16e-7631525c8502","email":"testit4@gmail.com","username":"johndoe2d5","name":"John Doe","phoneNumber":"0123456212","profilePic":null,"bio":null,"private":false,"verified":false,"role":0,"followersCount":0,"followingCount":0,"postCount":0}}"
23:08:06.410 [pool-2-thread-28] DEBUG org.apache.http.impl.conn.PoolingHttpClientConnectionManager -- Connection manager is shutting down
23:08:06.410 [pool-2-thread-28] DEBUG org.apache.http.impl.conn.DefaultManagedHttpClientConnection -- http-outgoing-211: Close connection
23:08:06.410 [pool-2-thread-6] DEBUG org.apache.http.headers -- http-outgoing-213 << HTTP/1.1 200 OK
23:08:06.410 [pool-2-thread-6] DEBUG org.apache.http.headers -- http-outgoing-213 << X-Powered-By: Express
23:08:06.410 [pool-2-thread-6] DEBUG org.apache.http.headers -- http-outgoing-213 << Access-Control-Allow-Origin: *
23:08:06.410 [pool-2-thread-6] DEBUG org.apache.http.headers -- http-outgoing-213 << Content-Type: application/json; charset=utf-8
23:08:06.410 [pool-2-thread-6] DEBUG org.apache.http.headers -- http-outgoing-213 << Content-Length: 607
23:08:06.410 [pool-2-thread-6] DEBUG org.apache.http.headers -- http-outgoing-213 << ETag: W/"25f-zYmOiDYkm0NKWGnCxjfpXZ4uLVs"
23:08:06.410 [pool-2-thread-6] DEBUG org.apache.http.headers -- http-outgoing-213 << Date: Sun, 22 Jun 2025 16:08:06 GMT
23:08:06.410 [pool-2-thread-6] DEBUG org.apache.http.headers -- http-outgoing-213 << Connection: keep-alive
23:08:06.410 [pool-2-thread-6] DEBUG org.apache.http.headers -- http-outgoing-213 << Keep-Alive: timeout=5
23:08:06.410 [pool-2-thread-6] DEBUG org.apache.http.impl.execchain.MainClientExec -- Connection can be kept alive for 5000 MILLISECONDS
23:08:06.410 [pool-2-thread-28] DEBUG org.apache.http.impl.conn.PoolingHttpClientConnectionManager -- Connection manager shut down
23:08:06.411 [pool-2-thread-6] DEBUG org.apache.http.impl.conn.PoolingHttpClientConnectionManager -- Connection [id: 213][route: {}->http://localhost:3000] can be kept alive for 5.0 seconds
23:08:06.411 [pool-2-thread-6] DEBUG org.apache.http.impl.conn.DefaultManagedHttpClientConnection -- http-outgoing-213: set socket timeout to 0
23:08:06.411 [pool-2-thread-6] DEBUG org.apache.http.impl.conn.PoolingHttpClientConnectionManager -- Connection released: [id: 213][route: {}->http://localhost:3000][total available: 1; route allocated: 1 of 5; total allocated: 1 of 10]
23:08:06.411 [pool-2-thread-6] DEBUG org.apache.http.impl.conn.PoolingHttpClientConnectionManager -- Connection manager is shutting down
23:08:06.411 [pool-2-thread-6] DEBUG org.apache.http.impl.conn.DefaultManagedHttpClientConnection -- http-outgoing-213: Close connection
23:08:06.411 [pool-2-thread-28] DEBUG com.intuit.karate -- response time in milliseconds: 2173
7 < 200
7 < X-Powered-By: Express
7 < Access-Control-Allow-Origin: *
7 < Content-Type: application/json; charset=utf-8
7 < Content-Length: 609
7 < ETag: W/"261-28SIUdsExDRYSuwmFzZDF7HbiqM"
7 < Date: Sun, 22 Jun 2025 16:08:06 GMT
7 < Connection: keep-alive
7 < Keep-Alive: timeout=5
{"access_token":"eyJhbGciOiJIUzI1NiIsInR5cCI6IkpXVCJ9.eyJzdWIiOiIyNzJmNmI1NS01MTc5LTRhZTMtODU2My1iNGVjMTBmNzY3MTUiLCJ1c2VybmFtZSI6ImpvaG5kb2UyZDVkIiwicm9sZSI6MCwiaWF0IjoxNzUwNjA4NDg2LCJleHAiOjE3NTA2MTIwODZ9.GU8i9X6m22aPHMkckcE3PCag_ybgYaYV-lw8_yfMHHk","refresh_token":"5784fe1780c38bfc9cde790194b8e0bd9416152f82a4ee60e037b953b65e81ca","user":{"id":"272f6b55-5179-4ae3-8563-b4ec10f76715","email":"testit5@gmail.com","username":"johndoe2d5d","name":"John Doe","phoneNumber":"0123456132","profilePic":null,"bio":null,"private":false,"verified":false,"role":0,"followersCount":0,"followingCount":0,"postCount":0}}

23:08:06.411 [pool-2-thread-6] DEBUG org.apache.http.impl.conn.PoolingHttpClientConnectionManager -- Connection manager shut down
23:08:06.411 [pool-2-thread-6] DEBUG com.intuit.karate -- response time in milliseconds: 2137
10 < 200
10 < X-Powered-By: Express
10 < Access-Control-Allow-Origin: *
10 < Content-Type: application/json; charset=utf-8
10 < Content-Length: 607
10 < ETag: W/"25f-zYmOiDYkm0NKWGnCxjfpXZ4uLVs"
10 < Date: Sun, 22 Jun 2025 16:08:06 GMT
10 < Connection: keep-alive
10 < Keep-Alive: timeout=5
{"access_token":"eyJhbGciOiJIUzI1NiIsInR5cCI6IkpXVCJ9.eyJzdWIiOiI5YTI2OTc2Yy0xNTMyLTRkZjMtYTE2ZS03NjMxNTI1Yzg1MDIiLCJ1c2VybmFtZSI6ImpvaG5kb2UyZDUiLCJyb2xlIjowLCJpYXQiOjE3NTA2MDg0ODYsImV4cCI6MTc1MDYxMjA4Nn0.qEkcuUPO4YNm7wb9Z3EsbO6QudpMIP7Kw9UuvAYCZ5k","refresh_token":"a493842994a8de9da104b275772a00fa9107c38553380b778fed022542693a1b","user":{"id":"9a26976c-1532-4df3-a16e-7631525c8502","email":"testit4@gmail.com","username":"johndoe2d5","name":"John Doe","phoneNumber":"0123456212","profilePic":null,"bio":null,"private":false,"verified":false,"role":0,"followersCount":0,"followingCount":0,"postCount":0}}

23:08:06.412 [pool-2-thread-6] INFO com.intuit.karate -- [print] Call 10 completed, status: 200 
23:08:06.412 [pool-2-thread-28] INFO com.intuit.karate -- [print] Call 7 completed, status: 200 
23:08:06.412 [pool-2-thread-28] INFO com.intuit.karate -- [print] *** API CALL 8 *** 
23:08:06.412 [pool-2-thread-6] INFO com.intuit.karate -- [print] === COMPLETED 10 API CALLS for user: testit4@gmail.com === 
23:08:06.413 [pool-2-thread-28] DEBUG org.apache.http.client.protocol.RequestAddCookies -- CookieSpec selected: karate
23:08:06.413 [pool-2-thread-28] DEBUG org.apache.http.client.protocol.RequestAuthCache -- Auth cache not set in the context
23:08:06.413 [pool-2-thread-28] DEBUG com.intuit.karate -- request:
8 > POST http://localhost:3000/auth/login
8 > Content-Type: application/json; charset=UTF-8
8 > Content-Length: 54
8 > Host: localhost:3000
8 > Connection: Keep-Alive
8 > User-Agent: Apache-HttpClient/4.5.14 (Java/17.0.9)
8 > Accept-Encoding: gzip,deflate
{"email":"testit5@gmail.com","password":"Password123"}

23:08:06.413 [pool-2-thread-28] DEBUG org.apache.http.impl.conn.PoolingHttpClientConnectionManager -- Connection request: [route: {}->http://localhost:3000][total available: 0; route allocated: 0 of 5; total allocated: 0 of 10]
23:08:06.414 [pool-2-thread-28] DEBUG org.apache.http.impl.conn.PoolingHttpClientConnectionManager -- Connection leased: [id: 233][route: {}->http://localhost:3000][total available: 0; route allocated: 1 of 5; total allocated: 1 of 10]
23:08:06.414 [pool-2-thread-28] DEBUG org.apache.http.impl.execchain.MainClientExec -- Opening connection {}->http://localhost:3000
23:08:06.414 [pool-2-thread-28] DEBUG org.apache.http.impl.conn.DefaultHttpClientConnectionOperator -- Connecting to localhost/127.0.0.1:3000
23:08:06.414 [pool-2-thread-28] DEBUG org.apache.http.impl.conn.DefaultHttpClientConnectionOperator -- Connection established 127.0.0.1:52901<->127.0.0.1:3000
23:08:06.414 [pool-2-thread-28] DEBUG org.apache.http.impl.conn.DefaultManagedHttpClientConnection -- http-outgoing-233: set socket timeout to 30000
23:08:06.414 [pool-2-thread-28] DEBUG org.apache.http.impl.execchain.MainClientExec -- Executing request POST /auth/login HTTP/1.1
23:08:06.414 [pool-2-thread-28] DEBUG org.apache.http.impl.execchain.MainClientExec -- Target auth state: UNCHALLENGED
23:08:06.414 [pool-2-thread-28] DEBUG org.apache.http.impl.execchain.MainClientExec -- Proxy auth state: UNCHALLENGED
23:08:06.414 [pool-2-thread-28] DEBUG org.apache.http.headers -- http-outgoing-233 >> POST /auth/login HTTP/1.1
23:08:06.414 [pool-2-thread-28] DEBUG org.apache.http.headers -- http-outgoing-233 >> Content-Type: application/json; charset=UTF-8
23:08:06.414 [pool-2-thread-28] DEBUG org.apache.http.headers -- http-outgoing-233 >> Content-Length: 54
23:08:06.414 [pool-2-thread-28] DEBUG org.apache.http.headers -- http-outgoing-233 >> Host: localhost:3000
23:08:06.414 [pool-2-thread-28] DEBUG org.apache.http.headers -- http-outgoing-233 >> Connection: Keep-Alive
23:08:06.414 [pool-2-thread-28] DEBUG org.apache.http.headers -- http-outgoing-233 >> User-Agent: Apache-HttpClient/4.5.14 (Java/17.0.9)
23:08:06.414 [pool-2-thread-28] DEBUG org.apache.http.headers -- http-outgoing-233 >> Accept-Encoding: gzip,deflate
23:08:06.414 [pool-2-thread-28] DEBUG org.apache.http.wire -- http-outgoing-233 >> "POST /auth/login HTTP/1.1[\r][\n]"
23:08:06.414 [pool-2-thread-28] DEBUG org.apache.http.wire -- http-outgoing-233 >> "Content-Type: application/json; charset=UTF-8[\r][\n]"
23:08:06.414 [pool-2-thread-28] DEBUG org.apache.http.wire -- http-outgoing-233 >> "Content-Length: 54[\r][\n]"
23:08:06.414 [pool-2-thread-28] DEBUG org.apache.http.wire -- http-outgoing-233 >> "Host: localhost:3000[\r][\n]"
23:08:06.414 [pool-2-thread-28] DEBUG org.apache.http.wire -- http-outgoing-233 >> "Connection: Keep-Alive[\r][\n]"
23:08:06.414 [pool-2-thread-28] DEBUG org.apache.http.wire -- http-outgoing-233 >> "User-Agent: Apache-HttpClient/4.5.14 (Java/17.0.9)[\r][\n]"
23:08:06.414 [pool-2-thread-28] DEBUG org.apache.http.wire -- http-outgoing-233 >> "Accept-Encoding: gzip,deflate[\r][\n]"
23:08:06.414 [pool-2-thread-28] DEBUG org.apache.http.wire -- http-outgoing-233 >> "[\r][\n]"
23:08:06.414 [pool-2-thread-28] DEBUG org.apache.http.wire -- http-outgoing-233 >> "{"email":"testit5@gmail.com","password":"Password123"}"
23:08:06.444 [pool-2-thread-10] DEBUG org.apache.http.wire -- http-outgoing-214 << "HTTP/1.1 200 OK[\r][\n]"
23:08:06.444 [pool-2-thread-10] DEBUG org.apache.http.wire -- http-outgoing-214 << "X-Powered-By: Express[\r][\n]"
23:08:06.444 [pool-2-thread-10] DEBUG org.apache.http.wire -- http-outgoing-214 << "Access-Control-Allow-Origin: *[\r][\n]"
23:08:06.444 [pool-2-thread-10] DEBUG org.apache.http.wire -- http-outgoing-214 << "Content-Type: application/json; charset=utf-8[\r][\n]"
23:08:06.444 [pool-2-thread-10] DEBUG org.apache.http.wire -- http-outgoing-214 << "Content-Length: 605[\r][\n]"
23:08:06.444 [pool-2-thread-10] DEBUG org.apache.http.wire -- http-outgoing-214 << "ETag: W/"25d-yJtTtr1h6+0cSgGDfmr3HsHML2Y"[\r][\n]"
23:08:06.444 [pool-2-thread-10] DEBUG org.apache.http.wire -- http-outgoing-214 << "Date: Sun, 22 Jun 2025 16:08:06 GMT[\r][\n]"
23:08:06.444 [pool-2-thread-10] DEBUG org.apache.http.wire -- http-outgoing-214 << "Connection: keep-alive[\r][\n]"
23:08:06.444 [pool-2-thread-10] DEBUG org.apache.http.wire -- http-outgoing-214 << "Keep-Alive: timeout=5[\r][\n]"
23:08:06.444 [pool-2-thread-10] DEBUG org.apache.http.wire -- http-outgoing-214 << "[\r][\n]"
23:08:06.444 [pool-2-thread-10] DEBUG org.apache.http.wire -- http-outgoing-214 << "{"access_token":"eyJhbGciOiJIUzI1NiIsInR5cCI6IkpXVCJ9.eyJzdWIiOiIwYTM3ZWY0My1mZWU4LTQxZDMtYTY4Ni04YWIwODY5NDg2OTUiLCJ1c2VybmFtZSI6ImpvaG5kb2UyMSIsInJvbGUiOjAsImlhdCI6MTc1MDYwODQ4NiwiZXhwIjoxNzUwNjEyMDg2fQ.KUoxHwJH5wzuD6RxNOSPhc9KudnVit_oMKTf6FAZG4k","refresh_token":"5bf6a9ac5c1814e74a3f724a2d78f328ece59ba94db375c8c47c0ff388c6622a","user":{"id":"0a37ef43-fee8-41d3-a686-8ab086948695","email":"testit2@gmail.com","username":"johndoe21","name":"John Doe","phoneNumber":"0123456712","profilePic":null,"bio":null,"private":false,"verified":false,"role":0,"followersCount":0,"followingCount":0,"postCount":0}}"
23:08:06.444 [pool-2-thread-10] DEBUG org.apache.http.headers -- http-outgoing-214 << HTTP/1.1 200 OK
23:08:06.444 [pool-2-thread-10] DEBUG org.apache.http.headers -- http-outgoing-214 << X-Powered-By: Express
23:08:06.444 [pool-2-thread-10] DEBUG org.apache.http.headers -- http-outgoing-214 << Access-Control-Allow-Origin: *
23:08:06.444 [pool-2-thread-10] DEBUG org.apache.http.headers -- http-outgoing-214 << Content-Type: application/json; charset=utf-8
23:08:06.444 [pool-2-thread-10] DEBUG org.apache.http.headers -- http-outgoing-214 << Content-Length: 605
23:08:06.444 [pool-2-thread-10] DEBUG org.apache.http.headers -- http-outgoing-214 << ETag: W/"25d-yJtTtr1h6+0cSgGDfmr3HsHML2Y"
23:08:06.444 [pool-2-thread-10] DEBUG org.apache.http.headers -- http-outgoing-214 << Date: Sun, 22 Jun 2025 16:08:06 GMT
23:08:06.444 [pool-2-thread-10] DEBUG org.apache.http.headers -- http-outgoing-214 << Connection: keep-alive
23:08:06.444 [pool-2-thread-10] DEBUG org.apache.http.headers -- http-outgoing-214 << Keep-Alive: timeout=5
23:08:06.444 [pool-2-thread-10] DEBUG org.apache.http.impl.execchain.MainClientExec -- Connection can be kept alive for 5000 MILLISECONDS
23:08:06.444 [pool-2-thread-10] DEBUG org.apache.http.impl.conn.PoolingHttpClientConnectionManager -- Connection [id: 214][route: {}->http://localhost:3000] can be kept alive for 5.0 seconds
23:08:06.444 [pool-2-thread-10] DEBUG org.apache.http.impl.conn.DefaultManagedHttpClientConnection -- http-outgoing-214: set socket timeout to 0
23:08:06.444 [pool-2-thread-10] DEBUG org.apache.http.impl.conn.PoolingHttpClientConnectionManager -- Connection released: [id: 214][route: {}->http://localhost:3000][total available: 1; route allocated: 1 of 5; total allocated: 1 of 10]
23:08:06.444 [pool-2-thread-10] DEBUG org.apache.http.impl.conn.PoolingHttpClientConnectionManager -- Connection manager is shutting down
23:08:06.444 [pool-2-thread-10] DEBUG org.apache.http.impl.conn.DefaultManagedHttpClientConnection -- http-outgoing-214: Close connection
23:08:06.446 [pool-2-thread-10] DEBUG org.apache.http.impl.conn.PoolingHttpClientConnectionManager -- Connection manager shut down
23:08:06.446 [pool-2-thread-10] DEBUG com.intuit.karate -- response time in milliseconds: 2150
8 < 200
8 < X-Powered-By: Express
8 < Access-Control-Allow-Origin: *
8 < Content-Type: application/json; charset=utf-8
8 < Content-Length: 605
8 < ETag: W/"25d-yJtTtr1h6+0cSgGDfmr3HsHML2Y"
8 < Date: Sun, 22 Jun 2025 16:08:06 GMT
8 < Connection: keep-alive
8 < Keep-Alive: timeout=5
{"access_token":"eyJhbGciOiJIUzI1NiIsInR5cCI6IkpXVCJ9.eyJzdWIiOiIwYTM3ZWY0My1mZWU4LTQxZDMtYTY4Ni04YWIwODY5NDg2OTUiLCJ1c2VybmFtZSI6ImpvaG5kb2UyMSIsInJvbGUiOjAsImlhdCI6MTc1MDYwODQ4NiwiZXhwIjoxNzUwNjEyMDg2fQ.KUoxHwJH5wzuD6RxNOSPhc9KudnVit_oMKTf6FAZG4k","refresh_token":"5bf6a9ac5c1814e74a3f724a2d78f328ece59ba94db375c8c47c0ff388c6622a","user":{"id":"0a37ef43-fee8-41d3-a686-8ab086948695","email":"testit2@gmail.com","username":"johndoe21","name":"John Doe","phoneNumber":"0123456712","profilePic":null,"bio":null,"private":false,"verified":false,"role":0,"followersCount":0,"followingCount":0,"postCount":0}}

23:08:06.447 [pool-2-thread-10] INFO com.intuit.karate -- [print] Call 8 completed, status: 200 
23:08:06.447 [pool-2-thread-10] INFO com.intuit.karate -- [print] *** API CALL 9 *** 
23:08:06.448 [pool-2-thread-10] DEBUG org.apache.http.client.protocol.RequestAddCookies -- CookieSpec selected: karate
23:08:06.448 [pool-2-thread-10] DEBUG org.apache.http.client.protocol.RequestAuthCache -- Auth cache not set in the context
23:08:06.448 [pool-2-thread-10] DEBUG com.intuit.karate -- request:
9 > POST http://localhost:3000/auth/login
9 > Content-Type: application/json; charset=UTF-8
9 > Content-Length: 54
9 > Host: localhost:3000
9 > Connection: Keep-Alive
9 > User-Agent: Apache-HttpClient/4.5.14 (Java/17.0.9)
9 > Accept-Encoding: gzip,deflate
{"email":"testit2@gmail.com","password":"Password123"}

23:08:06.448 [pool-2-thread-10] DEBUG org.apache.http.impl.conn.PoolingHttpClientConnectionManager -- Connection request: [route: {}->http://localhost:3000][total available: 0; route allocated: 0 of 5; total allocated: 0 of 10]
23:08:06.449 [pool-2-thread-10] DEBUG org.apache.http.impl.conn.PoolingHttpClientConnectionManager -- Connection leased: [id: 234][route: {}->http://localhost:3000][total available: 0; route allocated: 1 of 5; total allocated: 1 of 10]
23:08:06.449 [pool-2-thread-10] DEBUG org.apache.http.impl.execchain.MainClientExec -- Opening connection {}->http://localhost:3000
23:08:06.449 [pool-2-thread-10] DEBUG org.apache.http.impl.conn.DefaultHttpClientConnectionOperator -- Connecting to localhost/127.0.0.1:3000
23:08:06.449 [pool-2-thread-10] DEBUG org.apache.http.impl.conn.DefaultHttpClientConnectionOperator -- Connection established 127.0.0.1:52902<->127.0.0.1:3000
23:08:06.449 [pool-2-thread-10] DEBUG org.apache.http.impl.conn.DefaultManagedHttpClientConnection -- http-outgoing-234: set socket timeout to 30000
23:08:06.449 [pool-2-thread-10] DEBUG org.apache.http.impl.execchain.MainClientExec -- Executing request POST /auth/login HTTP/1.1
23:08:06.449 [pool-2-thread-10] DEBUG org.apache.http.impl.execchain.MainClientExec -- Target auth state: UNCHALLENGED
23:08:06.449 [pool-2-thread-10] DEBUG org.apache.http.impl.execchain.MainClientExec -- Proxy auth state: UNCHALLENGED
23:08:06.450 [pool-2-thread-10] DEBUG org.apache.http.headers -- http-outgoing-234 >> POST /auth/login HTTP/1.1
23:08:06.450 [pool-2-thread-10] DEBUG org.apache.http.headers -- http-outgoing-234 >> Content-Type: application/json; charset=UTF-8
23:08:06.450 [pool-2-thread-10] DEBUG org.apache.http.headers -- http-outgoing-234 >> Content-Length: 54
23:08:06.450 [pool-2-thread-10] DEBUG org.apache.http.headers -- http-outgoing-234 >> Host: localhost:3000
23:08:06.450 [pool-2-thread-10] DEBUG org.apache.http.headers -- http-outgoing-234 >> Connection: Keep-Alive
23:08:06.450 [pool-2-thread-10] DEBUG org.apache.http.headers -- http-outgoing-234 >> User-Agent: Apache-HttpClient/4.5.14 (Java/17.0.9)
23:08:06.450 [pool-2-thread-10] DEBUG org.apache.http.headers -- http-outgoing-234 >> Accept-Encoding: gzip,deflate
23:08:06.450 [pool-2-thread-10] DEBUG org.apache.http.wire -- http-outgoing-234 >> "POST /auth/login HTTP/1.1[\r][\n]"
23:08:06.450 [pool-2-thread-10] DEBUG org.apache.http.wire -- http-outgoing-234 >> "Content-Type: application/json; charset=UTF-8[\r][\n]"
23:08:06.450 [pool-2-thread-10] DEBUG org.apache.http.wire -- http-outgoing-234 >> "Content-Length: 54[\r][\n]"
23:08:06.450 [pool-2-thread-10] DEBUG org.apache.http.wire -- http-outgoing-234 >> "Host: localhost:3000[\r][\n]"
23:08:06.450 [pool-2-thread-10] DEBUG org.apache.http.wire -- http-outgoing-234 >> "Connection: Keep-Alive[\r][\n]"
23:08:06.450 [pool-2-thread-10] DEBUG org.apache.http.wire -- http-outgoing-234 >> "User-Agent: Apache-HttpClient/4.5.14 (Java/17.0.9)[\r][\n]"
23:08:06.450 [pool-2-thread-10] DEBUG org.apache.http.wire -- http-outgoing-234 >> "Accept-Encoding: gzip,deflate[\r][\n]"
23:08:06.450 [pool-2-thread-10] DEBUG org.apache.http.wire -- http-outgoing-234 >> "[\r][\n]"
23:08:06.450 [pool-2-thread-10] DEBUG org.apache.http.wire -- http-outgoing-234 >> "{"email":"testit2@gmail.com","password":"Password123"}"
23:08:07.158 [pool-2-thread-3] DEBUG org.apache.http.wire -- http-outgoing-222 << "HTTP/1.1 200 OK[\r][\n]"
23:08:07.158 [pool-2-thread-3] DEBUG org.apache.http.wire -- http-outgoing-222 << "X-Powered-By: Express[\r][\n]"
23:08:07.158 [pool-2-thread-3] DEBUG org.apache.http.wire -- http-outgoing-222 << "Access-Control-Allow-Origin: *[\r][\n]"
23:08:07.158 [pool-2-thread-3] DEBUG org.apache.http.wire -- http-outgoing-222 << "Content-Type: application/json; charset=utf-8[\r][\n]"
23:08:07.158 [pool-2-thread-3] DEBUG org.apache.http.wire -- http-outgoing-222 << "Content-Length: 599[\r][\n]"
23:08:07.158 [pool-2-thread-3] DEBUG org.apache.http.wire -- http-outgoing-222 << "ETag: W/"257-+thQ6YeNUMERUVe+cYsjGHko7ss"[\r][\n]"
23:08:07.158 [pool-2-thread-3] DEBUG org.apache.http.wire -- http-outgoing-222 << "Date: Sun, 22 Jun 2025 16:08:07 GMT[\r][\n]"
23:08:07.158 [pool-2-thread-3] DEBUG org.apache.http.wire -- http-outgoing-222 << "Connection: keep-alive[\r][\n]"
23:08:07.158 [pool-2-thread-3] DEBUG org.apache.http.wire -- http-outgoing-222 << "Keep-Alive: timeout=5[\r][\n]"
23:08:07.158 [pool-2-thread-3] DEBUG org.apache.http.wire -- http-outgoing-222 << "[\r][\n]"
23:08:07.158 [pool-2-thread-3] DEBUG org.apache.http.wire -- http-outgoing-222 << "{"access_token":"eyJhbGciOiJIUzI1NiIsInR5cCI6IkpXVCJ9.eyJzdWIiOiIyZGRhMDQzOS01MTgwLTQ1YWEtOTE3Zi1lNjMyZTQ1YThlNDEiLCJ1c2VybmFtZSI6ImpvaG5kb2UiLCJyb2xlIjowLCJpYXQiOjE3NTA2MDg0ODYsImV4cCI6MTc1MDYxMjA4Nn0.40KTHnWcyd5KXu8ocbpPDUHe3JHmZKyKOdUBNqG7l-E","refresh_token":"4bdaa46dd1e8b5b1f29aa043cd12639b9fb306e831293788575663fe4bc603b7","user":{"id":"2dda0439-5180-45aa-917f-e632e45a8e41","email":"test@example.com","username":"johndoe","name":"John Doe","phoneNumber":"0987654321","profilePic":null,"bio":null,"private":false,"verified":false,"role":0,"followersCount":0,"followingCount":0,"postCount":0}}"
23:08:07.158 [pool-2-thread-3] DEBUG org.apache.http.headers -- http-outgoing-222 << HTTP/1.1 200 OK
23:08:07.158 [pool-2-thread-3] DEBUG org.apache.http.headers -- http-outgoing-222 << X-Powered-By: Express
23:08:07.158 [pool-2-thread-3] DEBUG org.apache.http.headers -- http-outgoing-222 << Access-Control-Allow-Origin: *
23:08:07.158 [pool-2-thread-3] DEBUG org.apache.http.headers -- http-outgoing-222 << Content-Type: application/json; charset=utf-8
23:08:07.158 [pool-2-thread-3] DEBUG org.apache.http.headers -- http-outgoing-222 << Content-Length: 599
23:08:07.158 [pool-2-thread-3] DEBUG org.apache.http.headers -- http-outgoing-222 << ETag: W/"257-+thQ6YeNUMERUVe+cYsjGHko7ss"
23:08:07.158 [pool-2-thread-3] DEBUG org.apache.http.headers -- http-outgoing-222 << Date: Sun, 22 Jun 2025 16:08:07 GMT
23:08:07.158 [pool-2-thread-3] DEBUG org.apache.http.headers -- http-outgoing-222 << Connection: keep-alive
23:08:07.158 [pool-2-thread-3] DEBUG org.apache.http.headers -- http-outgoing-222 << Keep-Alive: timeout=5
23:08:07.160 [pool-2-thread-3] DEBUG org.apache.http.impl.execchain.MainClientExec -- Connection can be kept alive for 5000 MILLISECONDS
23:08:07.160 [pool-2-thread-3] DEBUG org.apache.http.impl.conn.PoolingHttpClientConnectionManager -- Connection [id: 222][route: {}->http://localhost:3000] can be kept alive for 5.0 seconds
23:08:07.160 [pool-2-thread-3] DEBUG org.apache.http.impl.conn.DefaultManagedHttpClientConnection -- http-outgoing-222: set socket timeout to 0
23:08:07.160 [pool-2-thread-3] DEBUG org.apache.http.impl.conn.PoolingHttpClientConnectionManager -- Connection released: [id: 222][route: {}->http://localhost:3000][total available: 1; route allocated: 1 of 5; total allocated: 1 of 10]
23:08:07.160 [pool-2-thread-3] DEBUG org.apache.http.impl.conn.PoolingHttpClientConnectionManager -- Connection manager is shutting down
23:08:07.160 [pool-2-thread-3] DEBUG org.apache.http.impl.conn.DefaultManagedHttpClientConnection -- http-outgoing-222: Close connection
23:08:07.160 [pool-2-thread-3] DEBUG org.apache.http.impl.conn.PoolingHttpClientConnectionManager -- Connection manager shut down
23:08:07.160 [pool-2-thread-3] DEBUG com.intuit.karate -- response time in milliseconds: 1925
10 < 200
10 < X-Powered-By: Express
10 < Access-Control-Allow-Origin: *
10 < Content-Type: application/json; charset=utf-8
10 < Content-Length: 599
10 < ETag: W/"257-+thQ6YeNUMERUVe+cYsjGHko7ss"
10 < Date: Sun, 22 Jun 2025 16:08:07 GMT
10 < Connection: keep-alive
10 < Keep-Alive: timeout=5
{"access_token":"eyJhbGciOiJIUzI1NiIsInR5cCI6IkpXVCJ9.eyJzdWIiOiIyZGRhMDQzOS01MTgwLTQ1YWEtOTE3Zi1lNjMyZTQ1YThlNDEiLCJ1c2VybmFtZSI6ImpvaG5kb2UiLCJyb2xlIjowLCJpYXQiOjE3NTA2MDg0ODYsImV4cCI6MTc1MDYxMjA4Nn0.40KTHnWcyd5KXu8ocbpPDUHe3JHmZKyKOdUBNqG7l-E","refresh_token":"4bdaa46dd1e8b5b1f29aa043cd12639b9fb306e831293788575663fe4bc603b7","user":{"id":"2dda0439-5180-45aa-917f-e632e45a8e41","email":"test@example.com","username":"johndoe","name":"John Doe","phoneNumber":"0987654321","profilePic":null,"bio":null,"private":false,"verified":false,"role":0,"followersCount":0,"followingCount":0,"postCount":0}}

23:08:07.161 [pool-2-thread-3] INFO com.intuit.karate -- [print] Call 10 completed, status: 200 
23:08:07.161 [pool-2-thread-3] INFO com.intuit.karate -- [print] === COMPLETED 10 API CALLS for user: test@example.com === 
23:08:07.230 [pool-2-thread-5] DEBUG org.apache.http.wire -- http-outgoing-215 << "HTTP/1.1 200 OK[\r][\n]"
23:08:07.230 [pool-2-thread-5] DEBUG org.apache.http.wire -- http-outgoing-215 << "X-Powered-By: Express[\r][\n]"
23:08:07.230 [pool-2-thread-5] DEBUG org.apache.http.wire -- http-outgoing-215 << "Access-Control-Allow-Origin: *[\r][\n]"
23:08:07.230 [pool-2-thread-5] DEBUG org.apache.http.wire -- http-outgoing-215 << "Content-Type: application/json; charset=utf-8[\r][\n]"
23:08:07.230 [pool-2-thread-5] DEBUG org.apache.http.wire -- http-outgoing-215 << "Content-Length: 607[\r][\n]"
23:08:07.230 [pool-2-thread-5] DEBUG org.apache.http.wire -- http-outgoing-215 << "ETag: W/"25f-BUXMWt3S3Urkn7LrKXjwxro1Z6A"[\r][\n]"
23:08:07.230 [pool-2-thread-5] DEBUG org.apache.http.wire -- http-outgoing-215 << "Date: Sun, 22 Jun 2025 16:08:07 GMT[\r][\n]"
23:08:07.230 [pool-2-thread-5] DEBUG org.apache.http.wire -- http-outgoing-215 << "Connection: keep-alive[\r][\n]"
23:08:07.230 [pool-2-thread-5] DEBUG org.apache.http.wire -- http-outgoing-215 << "Keep-Alive: timeout=5[\r][\n]"
23:08:07.230 [pool-2-thread-5] DEBUG org.apache.http.wire -- http-outgoing-215 << "[\r][\n]"
23:08:07.230 [pool-2-thread-5] DEBUG org.apache.http.wire -- http-outgoing-215 << "{"access_token":"eyJhbGciOiJIUzI1NiIsInR5cCI6IkpXVCJ9.eyJzdWIiOiJjMjE0MjJkZi1jY2VjLTQ0MGUtOWE0Mi1jMWI4MmFiZjczM2QiLCJ1c2VybmFtZSI6ImpvaG5kb2UyOCIsInJvbGUiOjAsImlhdCI6MTc1MDYwODQ4NiwiZXhwIjoxNzUwNjEyMDg2fQ.x2RR97inEqEopU0h9NQTsZY6-rBM4BhVkzhn3DliRWo","refresh_token":"45022b6734cc11797f0b928178e3281f869ec71778c82bc818b60a2497f8b0d3","user":{"id":"c21422df-ccec-440e-9a42-c1b82abf733d","email":"test28@example.com","username":"johndoe28","name":"John Doe","phoneNumber":"84987654321","profilePic":null,"bio":null,"private":false,"verified":false,"role":0,"followersCount":0,"followingCount":0,"postCount":0}}"
23:08:07.230 [pool-2-thread-5] DEBUG org.apache.http.headers -- http-outgoing-215 << HTTP/1.1 200 OK
23:08:07.230 [pool-2-thread-5] DEBUG org.apache.http.headers -- http-outgoing-215 << X-Powered-By: Express
23:08:07.230 [pool-2-thread-5] DEBUG org.apache.http.headers -- http-outgoing-215 << Access-Control-Allow-Origin: *
23:08:07.230 [pool-2-thread-5] DEBUG org.apache.http.headers -- http-outgoing-215 << Content-Type: application/json; charset=utf-8
23:08:07.230 [pool-2-thread-5] DEBUG org.apache.http.headers -- http-outgoing-215 << Content-Length: 607
23:08:07.230 [pool-2-thread-5] DEBUG org.apache.http.headers -- http-outgoing-215 << ETag: W/"25f-BUXMWt3S3Urkn7LrKXjwxro1Z6A"
23:08:07.230 [pool-2-thread-5] DEBUG org.apache.http.headers -- http-outgoing-215 << Date: Sun, 22 Jun 2025 16:08:07 GMT
23:08:07.230 [pool-2-thread-5] DEBUG org.apache.http.headers -- http-outgoing-215 << Connection: keep-alive
23:08:07.230 [pool-2-thread-5] DEBUG org.apache.http.headers -- http-outgoing-215 << Keep-Alive: timeout=5
23:08:07.230 [pool-2-thread-5] DEBUG org.apache.http.impl.execchain.MainClientExec -- Connection can be kept alive for 5000 MILLISECONDS
23:08:07.230 [pool-2-thread-5] DEBUG org.apache.http.impl.conn.PoolingHttpClientConnectionManager -- Connection [id: 215][route: {}->http://localhost:3000] can be kept alive for 5.0 seconds
23:08:07.230 [pool-2-thread-5] DEBUG org.apache.http.impl.conn.DefaultManagedHttpClientConnection -- http-outgoing-215: set socket timeout to 0
23:08:07.231 [pool-2-thread-5] DEBUG org.apache.http.impl.conn.PoolingHttpClientConnectionManager -- Connection released: [id: 215][route: {}->http://localhost:3000][total available: 1; route allocated: 1 of 5; total allocated: 1 of 10]
23:08:07.231 [pool-2-thread-5] DEBUG org.apache.http.impl.conn.PoolingHttpClientConnectionManager -- Connection manager is shutting down
23:08:07.231 [pool-2-thread-5] DEBUG org.apache.http.impl.conn.DefaultManagedHttpClientConnection -- http-outgoing-215: Close connection
23:08:07.231 [pool-2-thread-5] DEBUG org.apache.http.impl.conn.PoolingHttpClientConnectionManager -- Connection manager shut down
23:08:07.231 [pool-2-thread-5] DEBUG com.intuit.karate -- response time in milliseconds: 2821
10 < 200
10 < X-Powered-By: Express
10 < Access-Control-Allow-Origin: *
10 < Content-Type: application/json; charset=utf-8
10 < Content-Length: 607
10 < ETag: W/"25f-BUXMWt3S3Urkn7LrKXjwxro1Z6A"
10 < Date: Sun, 22 Jun 2025 16:08:07 GMT
10 < Connection: keep-alive
10 < Keep-Alive: timeout=5
{"access_token":"eyJhbGciOiJIUzI1NiIsInR5cCI6IkpXVCJ9.eyJzdWIiOiJjMjE0MjJkZi1jY2VjLTQ0MGUtOWE0Mi1jMWI4MmFiZjczM2QiLCJ1c2VybmFtZSI6ImpvaG5kb2UyOCIsInJvbGUiOjAsImlhdCI6MTc1MDYwODQ4NiwiZXhwIjoxNzUwNjEyMDg2fQ.x2RR97inEqEopU0h9NQTsZY6-rBM4BhVkzhn3DliRWo","refresh_token":"45022b6734cc11797f0b928178e3281f869ec71778c82bc818b60a2497f8b0d3","user":{"id":"c21422df-ccec-440e-9a42-c1b82abf733d","email":"test28@example.com","username":"johndoe28","name":"John Doe","phoneNumber":"84987654321","profilePic":null,"bio":null,"private":false,"verified":false,"role":0,"followersCount":0,"followingCount":0,"postCount":0}}

23:08:07.232 [pool-2-thread-5] INFO com.intuit.karate -- [print] Call 10 completed, status: 200 
23:08:07.232 [pool-2-thread-5] INFO com.intuit.karate -- [print] === COMPLETED 10 API CALLS for user: test28@example.com === 
23:08:07.278 [pool-2-thread-12] DEBUG org.apache.http.wire -- http-outgoing-216 << "HTTP/1.1 200 OK[\r][\n]"
23:08:07.278 [pool-2-thread-12] DEBUG org.apache.http.wire -- http-outgoing-216 << "X-Powered-By: Express[\r][\n]"
23:08:07.278 [pool-2-thread-12] DEBUG org.apache.http.wire -- http-outgoing-216 << "Access-Control-Allow-Origin: *[\r][\n]"
23:08:07.278 [pool-2-thread-12] DEBUG org.apache.http.wire -- http-outgoing-216 << "Content-Type: application/json; charset=utf-8[\r][\n]"
23:08:07.278 [pool-2-thread-12] DEBUG org.apache.http.wire -- http-outgoing-216 << "Content-Length: 715[\r][\n]"
23:08:07.278 [pool-2-thread-12] DEBUG org.apache.http.wire -- http-outgoing-216 << "ETag: W/"2cb-85m+42uh5NCx6t5ctcGP86u5jII"[\r][\n]"
23:08:07.278 [pool-2-thread-12] DEBUG org.apache.http.wire -- http-outgoing-216 << "Date: Sun, 22 Jun 2025 16:08:07 GMT[\r][\n]"
23:08:07.278 [pool-2-thread-12] DEBUG org.apache.http.wire -- http-outgoing-216 << "Connection: keep-alive[\r][\n]"
23:08:07.278 [pool-2-thread-12] DEBUG org.apache.http.wire -- http-outgoing-216 << "Keep-Alive: timeout=5[\r][\n]"
23:08:07.278 [pool-2-thread-12] DEBUG org.apache.http.wire -- http-outgoing-216 << "[\r][\n]"
23:08:07.278 [pool-2-thread-12] DEBUG org.apache.http.wire -- http-outgoing-216 << "{"access_token":"eyJhbGciOiJIUzI1NiIsInR5cCI6IkpXVCJ9.eyJzdWIiOiIyYjg0YWEyNC02NjhhLTQwZTItYWYxYy1hZDRmYzRmYTVhNmYiLCJ1c2VybmFtZSI6InF1YW5nMSIsInJvbGUiOjAsImlhdCI6MTc1MDYwODQ4NiwiZXhwIjoxNzUwNjEyMDg2fQ.TnYckLhox8pTFrGN6lXmi2jVxNicD_xQLmhfN_B15cI","refresh_token":"18bb26d33660ae3be13e66f3a7e2e390c60a783910e1e5dabefbc4f66be52b93","user":{"id":"2b84aa24-668a-40e2-af1c-ad4fc4fa5a6f","email":"quang1@gmail.com","username":"quang1","name":"quang1","phoneNumber":"09874563210","profilePic":"https://res.cloudinary.com/dizcvrefo/image/upload/v1749027586/nestjs_uploads/xehairydt9rzlbmbmv4c.jpg","bio":"Thang Nam Lao Vua Thoi","private":false,"verified":false,"role":0,"followersCount":2,"followingCount":3,"postCount":2}}"
23:08:07.278 [pool-2-thread-12] DEBUG org.apache.http.headers -- http-outgoing-216 << HTTP/1.1 200 OK
23:08:07.278 [pool-2-thread-12] DEBUG org.apache.http.headers -- http-outgoing-216 << X-Powered-By: Express
23:08:07.278 [pool-2-thread-12] DEBUG org.apache.http.headers -- http-outgoing-216 << Access-Control-Allow-Origin: *
23:08:07.278 [pool-2-thread-12] DEBUG org.apache.http.headers -- http-outgoing-216 << Content-Type: application/json; charset=utf-8
23:08:07.278 [pool-2-thread-12] DEBUG org.apache.http.headers -- http-outgoing-216 << Content-Length: 715
23:08:07.278 [pool-2-thread-12] DEBUG org.apache.http.headers -- http-outgoing-216 << ETag: W/"2cb-85m+42uh5NCx6t5ctcGP86u5jII"
23:08:07.278 [pool-2-thread-12] DEBUG org.apache.http.headers -- http-outgoing-216 << Date: Sun, 22 Jun 2025 16:08:07 GMT
23:08:07.278 [pool-2-thread-12] DEBUG org.apache.http.headers -- http-outgoing-216 << Connection: keep-alive
23:08:07.278 [pool-2-thread-12] DEBUG org.apache.http.headers -- http-outgoing-216 << Keep-Alive: timeout=5
23:08:07.278 [pool-2-thread-12] DEBUG org.apache.http.impl.execchain.MainClientExec -- Connection can be kept alive for 5000 MILLISECONDS
23:08:07.278 [pool-2-thread-12] DEBUG org.apache.http.impl.conn.PoolingHttpClientConnectionManager -- Connection [id: 216][route: {}->http://localhost:3000] can be kept alive for 5.0 seconds
23:08:07.278 [pool-2-thread-12] DEBUG org.apache.http.impl.conn.DefaultManagedHttpClientConnection -- http-outgoing-216: set socket timeout to 0
23:08:07.278 [pool-2-thread-12] DEBUG org.apache.http.impl.conn.PoolingHttpClientConnectionManager -- Connection released: [id: 216][route: {}->http://localhost:3000][total available: 1; route allocated: 1 of 5; total allocated: 1 of 10]
23:08:07.278 [pool-2-thread-12] DEBUG org.apache.http.impl.conn.PoolingHttpClientConnectionManager -- Connection manager is shutting down
23:08:07.278 [pool-2-thread-12] DEBUG org.apache.http.impl.conn.DefaultManagedHttpClientConnection -- http-outgoing-216: Close connection
23:08:07.279 [pool-2-thread-12] DEBUG org.apache.http.impl.conn.PoolingHttpClientConnectionManager -- Connection manager shut down
23:08:07.279 [pool-2-thread-12] DEBUG com.intuit.karate -- response time in milliseconds: 2847
8 < 200
8 < X-Powered-By: Express
8 < Access-Control-Allow-Origin: *
8 < Content-Type: application/json; charset=utf-8
8 < Content-Length: 715
8 < ETag: W/"2cb-85m+42uh5NCx6t5ctcGP86u5jII"
8 < Date: Sun, 22 Jun 2025 16:08:07 GMT
8 < Connection: keep-alive
8 < Keep-Alive: timeout=5
{"access_token":"eyJhbGciOiJIUzI1NiIsInR5cCI6IkpXVCJ9.eyJzdWIiOiIyYjg0YWEyNC02NjhhLTQwZTItYWYxYy1hZDRmYzRmYTVhNmYiLCJ1c2VybmFtZSI6InF1YW5nMSIsInJvbGUiOjAsImlhdCI6MTc1MDYwODQ4NiwiZXhwIjoxNzUwNjEyMDg2fQ.TnYckLhox8pTFrGN6lXmi2jVxNicD_xQLmhfN_B15cI","refresh_token":"18bb26d33660ae3be13e66f3a7e2e390c60a783910e1e5dabefbc4f66be52b93","user":{"id":"2b84aa24-668a-40e2-af1c-ad4fc4fa5a6f","email":"quang1@gmail.com","username":"quang1","name":"quang1","phoneNumber":"09874563210","profilePic":"https://res.cloudinary.com/dizcvrefo/image/upload/v1749027586/nestjs_uploads/xehairydt9rzlbmbmv4c.jpg","bio":"Thang Nam Lao Vua Thoi","private":false,"verified":false,"role":0,"followersCount":2,"followingCount":3,"postCount":2}}

23:08:07.281 [pool-2-thread-12] INFO com.intuit.karate -- [print] Call 8 completed, status: 200 
23:08:07.281 [pool-2-thread-12] INFO com.intuit.karate -- [print] *** API CALL 9 *** 
23:08:07.283 [pool-2-thread-12] DEBUG org.apache.http.client.protocol.RequestAddCookies -- CookieSpec selected: karate
23:08:07.283 [pool-2-thread-12] DEBUG org.apache.http.client.protocol.RequestAuthCache -- Auth cache not set in the context
23:08:07.283 [pool-2-thread-12] DEBUG com.intuit.karate -- request:
9 > POST http://localhost:3000/auth/login
9 > Content-Type: application/json; charset=UTF-8
9 > Content-Length: 48
9 > Host: localhost:3000
9 > Connection: Keep-Alive
9 > User-Agent: Apache-HttpClient/4.5.14 (Java/17.0.9)
9 > Accept-Encoding: gzip,deflate
{"email":"quang1@gmail.com","password":"quang1"}

23:08:07.283 [pool-2-thread-12] DEBUG org.apache.http.impl.conn.PoolingHttpClientConnectionManager -- Connection request: [route: {}->http://localhost:3000][total available: 0; route allocated: 0 of 5; total allocated: 0 of 10]
23:08:07.283 [pool-2-thread-12] DEBUG org.apache.http.impl.conn.PoolingHttpClientConnectionManager -- Connection leased: [id: 235][route: {}->http://localhost:3000][total available: 0; route allocated: 1 of 5; total allocated: 1 of 10]
23:08:07.283 [pool-2-thread-12] DEBUG org.apache.http.impl.execchain.MainClientExec -- Opening connection {}->http://localhost:3000
23:08:07.283 [pool-2-thread-12] DEBUG org.apache.http.impl.conn.DefaultHttpClientConnectionOperator -- Connecting to localhost/127.0.0.1:3000
23:08:07.283 [pool-2-thread-12] DEBUG org.apache.http.impl.conn.DefaultHttpClientConnectionOperator -- Connection established 127.0.0.1:52903<->127.0.0.1:3000
23:08:07.283 [pool-2-thread-12] DEBUG org.apache.http.impl.conn.DefaultManagedHttpClientConnection -- http-outgoing-235: set socket timeout to 30000
23:08:07.283 [pool-2-thread-12] DEBUG org.apache.http.impl.execchain.MainClientExec -- Executing request POST /auth/login HTTP/1.1
23:08:07.283 [pool-2-thread-12] DEBUG org.apache.http.impl.execchain.MainClientExec -- Target auth state: UNCHALLENGED
23:08:07.283 [pool-2-thread-12] DEBUG org.apache.http.impl.execchain.MainClientExec -- Proxy auth state: UNCHALLENGED
23:08:07.283 [pool-2-thread-12] DEBUG org.apache.http.headers -- http-outgoing-235 >> POST /auth/login HTTP/1.1
23:08:07.283 [pool-2-thread-12] DEBUG org.apache.http.headers -- http-outgoing-235 >> Content-Type: application/json; charset=UTF-8
23:08:07.283 [pool-2-thread-12] DEBUG org.apache.http.headers -- http-outgoing-235 >> Content-Length: 48
23:08:07.283 [pool-2-thread-12] DEBUG org.apache.http.headers -- http-outgoing-235 >> Host: localhost:3000
23:08:07.283 [pool-2-thread-12] DEBUG org.apache.http.headers -- http-outgoing-235 >> Connection: Keep-Alive
23:08:07.283 [pool-2-thread-12] DEBUG org.apache.http.headers -- http-outgoing-235 >> User-Agent: Apache-HttpClient/4.5.14 (Java/17.0.9)
23:08:07.283 [pool-2-thread-12] DEBUG org.apache.http.headers -- http-outgoing-235 >> Accept-Encoding: gzip,deflate
23:08:07.283 [pool-2-thread-12] DEBUG org.apache.http.wire -- http-outgoing-235 >> "POST /auth/login HTTP/1.1[\r][\n]"
23:08:07.283 [pool-2-thread-12] DEBUG org.apache.http.wire -- http-outgoing-235 >> "Content-Type: application/json; charset=UTF-8[\r][\n]"
23:08:07.283 [pool-2-thread-12] DEBUG org.apache.http.wire -- http-outgoing-235 >> "Content-Length: 48[\r][\n]"
23:08:07.283 [pool-2-thread-12] DEBUG org.apache.http.wire -- http-outgoing-235 >> "Host: localhost:3000[\r][\n]"
23:08:07.283 [pool-2-thread-12] DEBUG org.apache.http.wire -- http-outgoing-235 >> "Connection: Keep-Alive[\r][\n]"
23:08:07.283 [pool-2-thread-12] DEBUG org.apache.http.wire -- http-outgoing-235 >> "User-Agent: Apache-HttpClient/4.5.14 (Java/17.0.9)[\r][\n]"
23:08:07.283 [pool-2-thread-12] DEBUG org.apache.http.wire -- http-outgoing-235 >> "Accept-Encoding: gzip,deflate[\r][\n]"
23:08:07.283 [pool-2-thread-12] DEBUG org.apache.http.wire -- http-outgoing-235 >> "[\r][\n]"
23:08:07.283 [pool-2-thread-12] DEBUG org.apache.http.wire -- http-outgoing-235 >> "{"email":"quang1@gmail.com","password":"quang1"}"
23:08:07.293 [pool-2-thread-24] DEBUG org.apache.http.wire -- http-outgoing-217 << "HTTP/1.1 200 OK[\r][\n]"
23:08:07.293 [pool-2-thread-24] DEBUG org.apache.http.wire -- http-outgoing-217 << "X-Powered-By: Express[\r][\n]"
23:08:07.293 [pool-2-thread-24] DEBUG org.apache.http.wire -- http-outgoing-217 << "Access-Control-Allow-Origin: *[\r][\n]"
23:08:07.293 [pool-2-thread-24] DEBUG org.apache.http.wire -- http-outgoing-217 << "Content-Type: application/json; charset=utf-8[\r][\n]"
23:08:07.293 [pool-2-thread-24] DEBUG org.apache.http.wire -- http-outgoing-217 << "Content-Length: 608[\r][\n]"
23:08:07.293 [pool-2-thread-24] DEBUG org.apache.http.wire -- http-outgoing-217 << "ETag: W/"260-QjBFoHCkmo3OiEMaaKylAQ98mvM"[\r][\n]"
23:08:07.293 [pool-2-thread-24] DEBUG org.apache.http.wire -- http-outgoing-217 << "Date: Sun, 22 Jun 2025 16:08:07 GMT[\r][\n]"
23:08:07.293 [pool-2-thread-24] DEBUG org.apache.http.wire -- http-outgoing-217 << "Connection: keep-alive[\r][\n]"
23:08:07.293 [pool-2-thread-24] DEBUG org.apache.http.wire -- http-outgoing-217 << "Keep-Alive: timeout=5[\r][\n]"
23:08:07.293 [pool-2-thread-24] DEBUG org.apache.http.wire -- http-outgoing-217 << "[\r][\n]"
23:08:07.293 [pool-2-thread-24] DEBUG org.apache.http.wire -- http-outgoing-217 << "{"access_token":"eyJhbGciOiJIUzI1NiIsInR5cCI6IkpXVCJ9.eyJzdWIiOiI4YTI0NzQ2MS01YzA0LTQyMWQtOThmNS1mYTljNzM0ZmFlYTUiLCJ1c2VybmFtZSI6ImphbmVzbWl0aCIsInJvbGUiOjAsImlhdCI6MTc1MDYwODQ4NywiZXhwIjoxNzUwNjEyMDg3fQ.uPLh-V8Nj5ugXjafnylSvb7jCxFtXMAB3U5Aba6Lr_4","refresh_token":"2926fdd137df046381b36a1715a52118a8a333792a5b542f6aea230791b9d944","user":{"id":"8a247461-5c04-421d-98f5-fa9c734faea5","email":"test2@example.com","username":"janesmith","name":"Jane Smith","phoneNumber":"01234567890","profilePic":null,"bio":null,"private":false,"verified":false,"role":0,"followersCount":0,"followingCount":0,"postCount":0}}"
23:08:07.294 [pool-2-thread-24] DEBUG org.apache.http.headers -- http-outgoing-217 << HTTP/1.1 200 OK
23:08:07.294 [pool-2-thread-24] DEBUG org.apache.http.headers -- http-outgoing-217 << X-Powered-By: Express
23:08:07.294 [pool-2-thread-24] DEBUG org.apache.http.headers -- http-outgoing-217 << Access-Control-Allow-Origin: *
23:08:07.294 [pool-2-thread-24] DEBUG org.apache.http.headers -- http-outgoing-217 << Content-Type: application/json; charset=utf-8
23:08:07.294 [pool-2-thread-24] DEBUG org.apache.http.headers -- http-outgoing-217 << Content-Length: 608
23:08:07.294 [pool-2-thread-24] DEBUG org.apache.http.headers -- http-outgoing-217 << ETag: W/"260-QjBFoHCkmo3OiEMaaKylAQ98mvM"
23:08:07.294 [pool-2-thread-24] DEBUG org.apache.http.headers -- http-outgoing-217 << Date: Sun, 22 Jun 2025 16:08:07 GMT
23:08:07.294 [pool-2-thread-24] DEBUG org.apache.http.headers -- http-outgoing-217 << Connection: keep-alive
23:08:07.294 [pool-2-thread-24] DEBUG org.apache.http.headers -- http-outgoing-217 << Keep-Alive: timeout=5
23:08:07.294 [pool-2-thread-24] DEBUG org.apache.http.impl.execchain.MainClientExec -- Connection can be kept alive for 5000 MILLISECONDS
23:08:07.294 [pool-2-thread-24] DEBUG org.apache.http.impl.conn.PoolingHttpClientConnectionManager -- Connection [id: 217][route: {}->http://localhost:3000] can be kept alive for 5.0 seconds
23:08:07.294 [pool-2-thread-24] DEBUG org.apache.http.impl.conn.DefaultManagedHttpClientConnection -- http-outgoing-217: set socket timeout to 0
23:08:07.294 [pool-2-thread-24] DEBUG org.apache.http.impl.conn.PoolingHttpClientConnectionManager -- Connection released: [id: 217][route: {}->http://localhost:3000][total available: 1; route allocated: 1 of 5; total allocated: 1 of 10]
23:08:07.294 [pool-2-thread-24] DEBUG org.apache.http.impl.conn.PoolingHttpClientConnectionManager -- Connection manager is shutting down
23:08:07.294 [pool-2-thread-24] DEBUG org.apache.http.impl.conn.DefaultManagedHttpClientConnection -- http-outgoing-217: Close connection
23:08:07.294 [pool-2-thread-24] DEBUG org.apache.http.impl.conn.PoolingHttpClientConnectionManager -- Connection manager shut down
23:08:07.294 [pool-2-thread-24] DEBUG com.intuit.karate -- response time in milliseconds: 2115
10 < 200
10 < X-Powered-By: Express
10 < Access-Control-Allow-Origin: *
10 < Content-Type: application/json; charset=utf-8
10 < Content-Length: 608
10 < ETag: W/"260-QjBFoHCkmo3OiEMaaKylAQ98mvM"
10 < Date: Sun, 22 Jun 2025 16:08:07 GMT
10 < Connection: keep-alive
10 < Keep-Alive: timeout=5
{"access_token":"eyJhbGciOiJIUzI1NiIsInR5cCI6IkpXVCJ9.eyJzdWIiOiI4YTI0NzQ2MS01YzA0LTQyMWQtOThmNS1mYTljNzM0ZmFlYTUiLCJ1c2VybmFtZSI6ImphbmVzbWl0aCIsInJvbGUiOjAsImlhdCI6MTc1MDYwODQ4NywiZXhwIjoxNzUwNjEyMDg3fQ.uPLh-V8Nj5ugXjafnylSvb7jCxFtXMAB3U5Aba6Lr_4","refresh_token":"2926fdd137df046381b36a1715a52118a8a333792a5b542f6aea230791b9d944","user":{"id":"8a247461-5c04-421d-98f5-fa9c734faea5","email":"test2@example.com","username":"janesmith","name":"Jane Smith","phoneNumber":"01234567890","profilePic":null,"bio":null,"private":false,"verified":false,"role":0,"followersCount":0,"followingCount":0,"postCount":0}}

23:08:07.295 [pool-2-thread-24] INFO com.intuit.karate -- [print] Call 10 completed, status: 200 
23:08:07.296 [pool-2-thread-24] INFO com.intuit.karate -- [print] === COMPLETED 10 API CALLS for user: test2@example.com === 
23:08:07.299 [pool-2-thread-19] DEBUG org.apache.http.wire -- http-outgoing-223 << "HTTP/1.1 200 OK[\r][\n]"
23:08:07.299 [pool-2-thread-19] DEBUG org.apache.http.wire -- http-outgoing-223 << "X-Powered-By: Express[\r][\n]"
23:08:07.299 [pool-2-thread-19] DEBUG org.apache.http.wire -- http-outgoing-223 << "Access-Control-Allow-Origin: *[\r][\n]"
23:08:07.299 [pool-2-thread-19] DEBUG org.apache.http.wire -- http-outgoing-223 << "Content-Type: application/json; charset=utf-8[\r][\n]"
23:08:07.299 [pool-2-thread-19] DEBUG org.apache.http.wire -- http-outgoing-223 << "Content-Length: 604[\r][\n]"
23:08:07.299 [pool-2-thread-19] DEBUG org.apache.http.wire -- http-outgoing-223 << "ETag: W/"25c-+jGAsMYwPzWdDzXbeuqpY2YVHMQ"[\r][\n]"
23:08:07.299 [pool-2-thread-19] DEBUG org.apache.http.wire -- http-outgoing-223 << "Date: Sun, 22 Jun 2025 16:08:07 GMT[\r][\n]"
23:08:07.299 [pool-2-thread-19] DEBUG org.apache.http.wire -- http-outgoing-223 << "Connection: keep-alive[\r][\n]"
23:08:07.299 [pool-2-thread-19] DEBUG org.apache.http.wire -- http-outgoing-223 << "Keep-Alive: timeout=5[\r][\n]"
23:08:07.299 [pool-2-thread-19] DEBUG org.apache.http.wire -- http-outgoing-223 << "[\r][\n]"
23:08:07.299 [pool-2-thread-19] DEBUG org.apache.http.wire -- http-outgoing-223 << "{"access_token":"eyJhbGciOiJIUzI1NiIsInR5cCI6IkpXVCJ9.eyJzdWIiOiJkZjZmMDkxOS1hMjNkLTQ0YzktYTkyNS00ZWE4YmU1MjVkMTAiLCJ1c2VybmFtZSI6ImpvaG5kb2UyMyIsInJvbGUiOjAsImlhdCI6MTc1MDYwODQ4NywiZXhwIjoxNzUwNjEyMDg3fQ.LthtboQI5Pg-bb7wYjYrPc3r5WN-bp7E4R8TOKFGz-I","refresh_token":"6edfa7f702161d2e55208ac144422eb88c1c018a408e63658aa41e6e9bb7cdf6","user":{"id":"df6f0919-a23d-44c9-a925-4ea8be525d10","email":"testit@gmail.com","username":"johndoe23","name":"John Doe","phoneNumber":"0123456788","profilePic":null,"bio":null,"private":false,"verified":false,"role":0,"followersCount":0,"followingCount":0,"postCount":0}}"
23:08:07.299 [pool-2-thread-19] DEBUG org.apache.http.headers -- http-outgoing-223 << HTTP/1.1 200 OK
23:08:07.299 [pool-2-thread-19] DEBUG org.apache.http.headers -- http-outgoing-223 << X-Powered-By: Express
23:08:07.299 [pool-2-thread-19] DEBUG org.apache.http.headers -- http-outgoing-223 << Access-Control-Allow-Origin: *
23:08:07.299 [pool-2-thread-19] DEBUG org.apache.http.headers -- http-outgoing-223 << Content-Type: application/json; charset=utf-8
23:08:07.299 [pool-2-thread-19] DEBUG org.apache.http.headers -- http-outgoing-223 << Content-Length: 604
23:08:07.299 [pool-2-thread-19] DEBUG org.apache.http.headers -- http-outgoing-223 << ETag: W/"25c-+jGAsMYwPzWdDzXbeuqpY2YVHMQ"
23:08:07.299 [pool-2-thread-19] DEBUG org.apache.http.headers -- http-outgoing-223 << Date: Sun, 22 Jun 2025 16:08:07 GMT
23:08:07.299 [pool-2-thread-19] DEBUG org.apache.http.headers -- http-outgoing-223 << Connection: keep-alive
23:08:07.299 [pool-2-thread-19] DEBUG org.apache.http.headers -- http-outgoing-223 << Keep-Alive: timeout=5
23:08:07.299 [pool-2-thread-19] DEBUG org.apache.http.impl.execchain.MainClientExec -- Connection can be kept alive for 5000 MILLISECONDS
23:08:07.299 [pool-2-thread-8] DEBUG org.apache.http.wire -- http-outgoing-224 << "HTTP/1.1 200 OK[\r][\n]"
23:08:07.299 [pool-2-thread-8] DEBUG org.apache.http.wire -- http-outgoing-224 << "X-Powered-By: Express[\r][\n]"
23:08:07.299 [pool-2-thread-8] DEBUG org.apache.http.wire -- http-outgoing-224 << "Access-Control-Allow-Origin: *[\r][\n]"
23:08:07.299 [pool-2-thread-8] DEBUG org.apache.http.wire -- http-outgoing-224 << "Content-Type: application/json; charset=utf-8[\r][\n]"
23:08:07.299 [pool-2-thread-8] DEBUG org.apache.http.wire -- http-outgoing-224 << "Content-Length: 609[\r][\n]"
23:08:07.299 [pool-2-thread-8] DEBUG org.apache.http.wire -- http-outgoing-224 << "ETag: W/"261-Xnj2c+TllILDcpb+1k5YM0mQyvc"[\r][\n]"
23:08:07.299 [pool-2-thread-8] DEBUG org.apache.http.wire -- http-outgoing-224 << "Date: Sun, 22 Jun 2025 16:08:07 GMT[\r][\n]"
23:08:07.299 [pool-2-thread-8] DEBUG org.apache.http.wire -- http-outgoing-224 << "Connection: keep-alive[\r][\n]"
23:08:07.299 [pool-2-thread-8] DEBUG org.apache.http.wire -- http-outgoing-224 << "Keep-Alive: timeout=5[\r][\n]"
23:08:07.299 [pool-2-thread-8] DEBUG org.apache.http.wire -- http-outgoing-224 << "[\r][\n]"
23:08:07.299 [pool-2-thread-8] DEBUG org.apache.http.wire -- http-outgoing-224 << "{"access_token":"eyJhbGciOiJIUzI1NiIsInR5cCI6IkpXVCJ9.eyJzdWIiOiIyNzJmNmI1NS01MTc5LTRhZTMtODU2My1iNGVjMTBmNzY3MTUiLCJ1c2VybmFtZSI6ImpvaG5kb2UyZDVkIiwicm9sZSI6MCwiaWF0IjoxNzUwNjA4NDg3LCJleHAiOjE3NTA2MTIwODd9.VIt9KD0BnqXGxvYC7YyBXxD0Q5-ylJVNTnDXVTnZzac","refresh_token":"d1beb016e96a3f3e7dba7b4d0a7d4bb33e0400c64acdeaa805578c26e10c029a","user":{"id":"272f6b55-5179-4ae3-8563-b4ec10f76715","email":"testit5@gmail.com","username":"johndoe2d5d","name":"John Doe","phoneNumber":"0123456132","profilePic":null,"bio":null,"private":false,"verified":false,"role":0,"followersCount":0,"followingCount":0,"postCount":0}}"
23:08:07.299 [pool-2-thread-19] DEBUG org.apache.http.impl.conn.PoolingHttpClientConnectionManager -- Connection [id: 223][route: {}->http://localhost:3000] can be kept alive for 5.0 seconds
23:08:07.299 [pool-2-thread-19] DEBUG org.apache.http.impl.conn.DefaultManagedHttpClientConnection -- http-outgoing-223: set socket timeout to 0
23:08:07.299 [pool-2-thread-8] DEBUG org.apache.http.headers -- http-outgoing-224 << HTTP/1.1 200 OK
23:08:07.299 [pool-2-thread-8] DEBUG org.apache.http.headers -- http-outgoing-224 << X-Powered-By: Express
23:08:07.299 [pool-2-thread-8] DEBUG org.apache.http.headers -- http-outgoing-224 << Access-Control-Allow-Origin: *
23:08:07.299 [pool-2-thread-8] DEBUG org.apache.http.headers -- http-outgoing-224 << Content-Type: application/json; charset=utf-8
23:08:07.299 [pool-2-thread-8] DEBUG org.apache.http.headers -- http-outgoing-224 << Content-Length: 609
23:08:07.299 [pool-2-thread-8] DEBUG org.apache.http.headers -- http-outgoing-224 << ETag: W/"261-Xnj2c+TllILDcpb+1k5YM0mQyvc"
23:08:07.299 [pool-2-thread-8] DEBUG org.apache.http.headers -- http-outgoing-224 << Date: Sun, 22 Jun 2025 16:08:07 GMT
23:08:07.299 [pool-2-thread-8] DEBUG org.apache.http.headers -- http-outgoing-224 << Connection: keep-alive
23:08:07.299 [pool-2-thread-19] DEBUG org.apache.http.impl.conn.PoolingHttpClientConnectionManager -- Connection released: [id: 223][route: {}->http://localhost:3000][total available: 1; route allocated: 1 of 5; total allocated: 1 of 10]
23:08:07.299 [pool-2-thread-8] DEBUG org.apache.http.headers -- http-outgoing-224 << Keep-Alive: timeout=5
23:08:07.299 [pool-2-thread-19] DEBUG org.apache.http.impl.conn.PoolingHttpClientConnectionManager -- Connection manager is shutting down
23:08:07.299 [pool-2-thread-19] DEBUG org.apache.http.impl.conn.DefaultManagedHttpClientConnection -- http-outgoing-223: Close connection
23:08:07.299 [pool-2-thread-8] DEBUG org.apache.http.impl.execchain.MainClientExec -- Connection can be kept alive for 5000 MILLISECONDS
23:08:07.299 [pool-2-thread-8] DEBUG org.apache.http.impl.conn.PoolingHttpClientConnectionManager -- Connection [id: 224][route: {}->http://localhost:3000] can be kept alive for 5.0 seconds
23:08:07.299 [pool-2-thread-8] DEBUG org.apache.http.impl.conn.DefaultManagedHttpClientConnection -- http-outgoing-224: set socket timeout to 0
23:08:07.299 [pool-2-thread-8] DEBUG org.apache.http.impl.conn.PoolingHttpClientConnectionManager -- Connection released: [id: 224][route: {}->http://localhost:3000][total available: 1; route allocated: 1 of 5; total allocated: 1 of 10]
23:08:07.299 [pool-2-thread-8] DEBUG org.apache.http.impl.conn.PoolingHttpClientConnectionManager -- Connection manager is shutting down
23:08:07.299 [pool-2-thread-8] DEBUG org.apache.http.impl.conn.DefaultManagedHttpClientConnection -- http-outgoing-224: Close connection
23:08:07.299 [pool-2-thread-19] DEBUG org.apache.http.impl.conn.PoolingHttpClientConnectionManager -- Connection manager shut down
23:08:07.299 [pool-2-thread-8] DEBUG org.apache.http.impl.conn.PoolingHttpClientConnectionManager -- Connection manager shut down
23:08:07.299 [pool-2-thread-7] DEBUG org.apache.http.wire -- http-outgoing-218 << "HTTP/1.1 200 OK[\r][\n]"
23:08:07.299 [pool-2-thread-7] DEBUG org.apache.http.wire -- http-outgoing-218 << "X-Powered-By: Express[\r][\n]"
23:08:07.299 [pool-2-thread-7] DEBUG org.apache.http.wire -- http-outgoing-218 << "Access-Control-Allow-Origin: *[\r][\n]"
23:08:07.299 [pool-2-thread-7] DEBUG org.apache.http.wire -- http-outgoing-218 << "Content-Type: application/json; charset=utf-8[\r][\n]"
23:08:07.299 [pool-2-thread-7] DEBUG org.apache.http.wire -- http-outgoing-218 << "Content-Length: 605[\r][\n]"
23:08:07.299 [pool-2-thread-7] DEBUG org.apache.http.wire -- http-outgoing-218 << "ETag: W/"25d-6KjLgC14Ai0oJFWxqGD2W2g3bMo"[\r][\n]"
23:08:07.299 [pool-2-thread-7] DEBUG org.apache.http.wire -- http-outgoing-218 << "Date: Sun, 22 Jun 2025 16:08:07 GMT[\r][\n]"
23:08:07.299 [pool-2-thread-7] DEBUG org.apache.http.wire -- http-outgoing-218 << "Connection: keep-alive[\r][\n]"
23:08:07.299 [pool-2-thread-7] DEBUG org.apache.http.wire -- http-outgoing-218 << "Keep-Alive: timeout=5[\r][\n]"
23:08:07.299 [pool-2-thread-7] DEBUG org.apache.http.wire -- http-outgoing-218 << "[\r][\n]"
23:08:07.299 [pool-2-thread-7] DEBUG org.apache.http.wire -- http-outgoing-218 << "{"access_token":"eyJhbGciOiJIUzI1NiIsInR5cCI6IkpXVCJ9.eyJzdWIiOiI2NTBjZTFlZC1hYWNhLTQzOGYtOTk4OC0xZjA1OGFiNWFhMWEiLCJ1c2VybmFtZSI6ImpvaG5kb2UyNSIsInJvbGUiOjAsImlhdCI6MTc1MDYwODQ4NywiZXhwIjoxNzUwNjEyMDg3fQ.yIbwqENEeDd1ayOluPv1KehKOOv8QJ1LVzqQGIvylmQ","refresh_token":"be92c972d065b78679967f8c0398a3be9bd52d33191ea162720a0ac99375c4e7","user":{"id":"650ce1ed-aaca-438f-9988-1f058ab5aa1a","email":"testit3@gmail.com","username":"johndoe25","name":"John Doe","phoneNumber":"0123456713","profilePic":null,"bio":null,"private":false,"verified":false,"role":0,"followersCount":0,"followingCount":0,"postCount":0}}"
23:08:07.299 [pool-2-thread-8] DEBUG com.intuit.karate -- response time in milliseconds: 1871
9 < 200
9 < X-Powered-By: Express
9 < Access-Control-Allow-Origin: *
9 < Content-Type: application/json; charset=utf-8
9 < Content-Length: 609
9 < ETag: W/"261-Xnj2c+TllILDcpb+1k5YM0mQyvc"
9 < Date: Sun, 22 Jun 2025 16:08:07 GMT
9 < Connection: keep-alive
9 < Keep-Alive: timeout=5
{"access_token":"eyJhbGciOiJIUzI1NiIsInR5cCI6IkpXVCJ9.eyJzdWIiOiIyNzJmNmI1NS01MTc5LTRhZTMtODU2My1iNGVjMTBmNzY3MTUiLCJ1c2VybmFtZSI6ImpvaG5kb2UyZDVkIiwicm9sZSI6MCwiaWF0IjoxNzUwNjA4NDg3LCJleHAiOjE3NTA2MTIwODd9.VIt9KD0BnqXGxvYC7YyBXxD0Q5-ylJVNTnDXVTnZzac","refresh_token":"d1beb016e96a3f3e7dba7b4d0a7d4bb33e0400c64acdeaa805578c26e10c029a","user":{"id":"272f6b55-5179-4ae3-8563-b4ec10f76715","email":"testit5@gmail.com","username":"johndoe2d5d","name":"John Doe","phoneNumber":"0123456132","profilePic":null,"bio":null,"private":false,"verified":false,"role":0,"followersCount":0,"followingCount":0,"postCount":0}}

23:08:07.299 [pool-2-thread-19] DEBUG com.intuit.karate -- response time in milliseconds: 1886
8 < 200
8 < X-Powered-By: Express
8 < Access-Control-Allow-Origin: *
8 < Content-Type: application/json; charset=utf-8
8 < Content-Length: 604
8 < ETag: W/"25c-+jGAsMYwPzWdDzXbeuqpY2YVHMQ"
8 < Date: Sun, 22 Jun 2025 16:08:07 GMT
8 < Connection: keep-alive
8 < Keep-Alive: timeout=5
{"access_token":"eyJhbGciOiJIUzI1NiIsInR5cCI6IkpXVCJ9.eyJzdWIiOiJkZjZmMDkxOS1hMjNkLTQ0YzktYTkyNS00ZWE4YmU1MjVkMTAiLCJ1c2VybmFtZSI6ImpvaG5kb2UyMyIsInJvbGUiOjAsImlhdCI6MTc1MDYwODQ4NywiZXhwIjoxNzUwNjEyMDg3fQ.LthtboQI5Pg-bb7wYjYrPc3r5WN-bp7E4R8TOKFGz-I","refresh_token":"6edfa7f702161d2e55208ac144422eb88c1c018a408e63658aa41e6e9bb7cdf6","user":{"id":"df6f0919-a23d-44c9-a925-4ea8be525d10","email":"testit@gmail.com","username":"johndoe23","name":"John Doe","phoneNumber":"0123456788","profilePic":null,"bio":null,"private":false,"verified":false,"role":0,"followersCount":0,"followingCount":0,"postCount":0}}

23:08:07.299 [pool-2-thread-7] DEBUG org.apache.http.headers -- http-outgoing-218 << HTTP/1.1 200 OK
23:08:07.299 [pool-2-thread-7] DEBUG org.apache.http.headers -- http-outgoing-218 << X-Powered-By: Express
23:08:07.299 [pool-2-thread-7] DEBUG org.apache.http.headers -- http-outgoing-218 << Access-Control-Allow-Origin: *
23:08:07.299 [pool-2-thread-7] DEBUG org.apache.http.headers -- http-outgoing-218 << Content-Type: application/json; charset=utf-8
23:08:07.299 [pool-2-thread-7] DEBUG org.apache.http.headers -- http-outgoing-218 << Content-Length: 605
23:08:07.299 [pool-2-thread-7] DEBUG org.apache.http.headers -- http-outgoing-218 << ETag: W/"25d-6KjLgC14Ai0oJFWxqGD2W2g3bMo"
23:08:07.299 [pool-2-thread-7] DEBUG org.apache.http.headers -- http-outgoing-218 << Date: Sun, 22 Jun 2025 16:08:07 GMT
23:08:07.299 [pool-2-thread-7] DEBUG org.apache.http.headers -- http-outgoing-218 << Connection: keep-alive
23:08:07.299 [pool-2-thread-7] DEBUG org.apache.http.headers -- http-outgoing-218 << Keep-Alive: timeout=5
23:08:07.299 [pool-2-thread-7] DEBUG org.apache.http.impl.execchain.MainClientExec -- Connection can be kept alive for 5000 MILLISECONDS
23:08:07.300 [pool-2-thread-7] DEBUG org.apache.http.impl.conn.PoolingHttpClientConnectionManager -- Connection [id: 218][route: {}->http://localhost:3000] can be kept alive for 5.0 seconds
23:08:07.300 [pool-2-thread-7] DEBUG org.apache.http.impl.conn.DefaultManagedHttpClientConnection -- http-outgoing-218: set socket timeout to 0
23:08:07.300 [pool-2-thread-7] DEBUG org.apache.http.impl.conn.PoolingHttpClientConnectionManager -- Connection released: [id: 218][route: {}->http://localhost:3000][total available: 1; route allocated: 1 of 5; total allocated: 1 of 10]
23:08:07.300 [pool-2-thread-7] DEBUG org.apache.http.impl.conn.PoolingHttpClientConnectionManager -- Connection manager is shutting down
23:08:07.300 [pool-2-thread-7] DEBUG org.apache.http.impl.conn.DefaultManagedHttpClientConnection -- http-outgoing-218: Close connection
23:08:07.300 [pool-2-thread-7] DEBUG org.apache.http.impl.conn.PoolingHttpClientConnectionManager -- Connection manager shut down
23:08:07.300 [pool-2-thread-7] DEBUG com.intuit.karate -- response time in milliseconds: 2106
9 < 200
9 < X-Powered-By: Express
9 < Access-Control-Allow-Origin: *
9 < Content-Type: application/json; charset=utf-8
9 < Content-Length: 605
9 < ETag: W/"25d-6KjLgC14Ai0oJFWxqGD2W2g3bMo"
9 < Date: Sun, 22 Jun 2025 16:08:07 GMT
9 < Connection: keep-alive
9 < Keep-Alive: timeout=5
{"access_token":"eyJhbGciOiJIUzI1NiIsInR5cCI6IkpXVCJ9.eyJzdWIiOiI2NTBjZTFlZC1hYWNhLTQzOGYtOTk4OC0xZjA1OGFiNWFhMWEiLCJ1c2VybmFtZSI6ImpvaG5kb2UyNSIsInJvbGUiOjAsImlhdCI6MTc1MDYwODQ4NywiZXhwIjoxNzUwNjEyMDg3fQ.yIbwqENEeDd1ayOluPv1KehKOOv8QJ1LVzqQGIvylmQ","refresh_token":"be92c972d065b78679967f8c0398a3be9bd52d33191ea162720a0ac99375c4e7","user":{"id":"650ce1ed-aaca-438f-9988-1f058ab5aa1a","email":"testit3@gmail.com","username":"johndoe25","name":"John Doe","phoneNumber":"0123456713","profilePic":null,"bio":null,"private":false,"verified":false,"role":0,"followersCount":0,"followingCount":0,"postCount":0}}

23:08:07.300 [pool-2-thread-19] INFO com.intuit.karate -- [print] Call 8 completed, status: 200 
23:08:07.300 [pool-2-thread-8] INFO com.intuit.karate -- [print] Call 9 completed, status: 200 
23:08:07.300 [pool-2-thread-7] INFO com.intuit.karate -- [print] Call 9 completed, status: 200 
23:08:07.300 [pool-2-thread-19] INFO com.intuit.karate -- [print] *** API CALL 9 *** 
23:08:07.300 [pool-2-thread-7] INFO com.intuit.karate -- [print] *** API CALL 10 *** 
23:08:07.300 [pool-2-thread-8] INFO com.intuit.karate -- [print] *** API CALL 10 *** 
23:08:07.302 [pool-2-thread-19] DEBUG org.apache.http.client.protocol.RequestAddCookies -- CookieSpec selected: karate
23:08:07.302 [pool-2-thread-7] DEBUG org.apache.http.client.protocol.RequestAddCookies -- CookieSpec selected: karate
23:08:07.302 [pool-2-thread-8] DEBUG org.apache.http.client.protocol.RequestAddCookies -- CookieSpec selected: karate
23:08:07.302 [pool-2-thread-19] DEBUG org.apache.http.client.protocol.RequestAuthCache -- Auth cache not set in the context
23:08:07.302 [pool-2-thread-8] DEBUG org.apache.http.client.protocol.RequestAuthCache -- Auth cache not set in the context
23:08:07.302 [pool-2-thread-19] DEBUG com.intuit.karate -- request:
9 > POST http://localhost:3000/auth/login
9 > Content-Type: application/json; charset=UTF-8
9 > Content-Length: 53
9 > Host: localhost:3000
9 > Connection: Keep-Alive
9 > User-Agent: Apache-HttpClient/4.5.14 (Java/17.0.9)
9 > Accept-Encoding: gzip,deflate
{"email":"testit@gmail.com","password":"Password123"}

23:08:07.302 [pool-2-thread-7] DEBUG org.apache.http.client.protocol.RequestAuthCache -- Auth cache not set in the context
23:08:07.302 [pool-2-thread-8] DEBUG com.intuit.karate -- request:
10 > POST http://localhost:3000/auth/login
10 > Content-Type: application/json; charset=UTF-8
10 > Content-Length: 54
10 > Host: localhost:3000
10 > Connection: Keep-Alive
10 > User-Agent: Apache-HttpClient/4.5.14 (Java/17.0.9)
10 > Accept-Encoding: gzip,deflate
{"email":"testit5@gmail.com","password":"Password123"}

23:08:07.302 [pool-2-thread-7] DEBUG com.intuit.karate -- request:
10 > POST http://localhost:3000/auth/login
10 > Content-Type: application/json; charset=UTF-8
10 > Content-Length: 54
10 > Host: localhost:3000
10 > Connection: Keep-Alive
10 > User-Agent: Apache-HttpClient/4.5.14 (Java/17.0.9)
10 > Accept-Encoding: gzip,deflate
{"email":"testit3@gmail.com","password":"Password123"}

23:08:07.302 [pool-2-thread-8] DEBUG org.apache.http.impl.conn.PoolingHttpClientConnectionManager -- Connection request: [route: {}->http://localhost:3000][total available: 0; route allocated: 0 of 5; total allocated: 0 of 10]
23:08:07.302 [pool-2-thread-19] DEBUG org.apache.http.impl.conn.PoolingHttpClientConnectionManager -- Connection request: [route: {}->http://localhost:3000][total available: 0; route allocated: 0 of 5; total allocated: 0 of 10]
23:08:07.302 [pool-2-thread-7] DEBUG org.apache.http.impl.conn.PoolingHttpClientConnectionManager -- Connection request: [route: {}->http://localhost:3000][total available: 0; route allocated: 0 of 5; total allocated: 0 of 10]
23:08:07.302 [pool-2-thread-8] DEBUG org.apache.http.impl.conn.PoolingHttpClientConnectionManager -- Connection leased: [id: 237][route: {}->http://localhost:3000][total available: 0; route allocated: 1 of 5; total allocated: 1 of 10]
23:08:07.302 [pool-2-thread-8] DEBUG org.apache.http.impl.execchain.MainClientExec -- Opening connection {}->http://localhost:3000
23:08:07.302 [pool-2-thread-19] DEBUG org.apache.http.impl.conn.PoolingHttpClientConnectionManager -- Connection leased: [id: 236][route: {}->http://localhost:3000][total available: 0; route allocated: 1 of 5; total allocated: 1 of 10]
23:08:07.302 [pool-2-thread-19] DEBUG org.apache.http.impl.execchain.MainClientExec -- Opening connection {}->http://localhost:3000
23:08:07.302 [pool-2-thread-8] DEBUG org.apache.http.impl.conn.DefaultHttpClientConnectionOperator -- Connecting to localhost/127.0.0.1:3000
23:08:07.302 [pool-2-thread-19] DEBUG org.apache.http.impl.conn.DefaultHttpClientConnectionOperator -- Connecting to localhost/127.0.0.1:3000
23:08:07.302 [pool-2-thread-7] DEBUG org.apache.http.impl.conn.PoolingHttpClientConnectionManager -- Connection leased: [id: 238][route: {}->http://localhost:3000][total available: 0; route allocated: 1 of 5; total allocated: 1 of 10]
23:08:07.302 [pool-2-thread-7] DEBUG org.apache.http.impl.execchain.MainClientExec -- Opening connection {}->http://localhost:3000
23:08:07.302 [pool-2-thread-7] DEBUG org.apache.http.impl.conn.DefaultHttpClientConnectionOperator -- Connecting to localhost/127.0.0.1:3000
23:08:07.302 [pool-2-thread-19] DEBUG org.apache.http.impl.conn.DefaultHttpClientConnectionOperator -- Connection established 127.0.0.1:52904<->127.0.0.1:3000
23:08:07.302 [pool-2-thread-8] DEBUG org.apache.http.impl.conn.DefaultHttpClientConnectionOperator -- Connection established 127.0.0.1:52905<->127.0.0.1:3000
23:08:07.302 [pool-2-thread-19] DEBUG org.apache.http.impl.conn.DefaultManagedHttpClientConnection -- http-outgoing-236: set socket timeout to 30000
23:08:07.302 [pool-2-thread-19] DEBUG org.apache.http.impl.execchain.MainClientExec -- Executing request POST /auth/login HTTP/1.1
23:08:07.302 [pool-2-thread-19] DEBUG org.apache.http.impl.execchain.MainClientExec -- Target auth state: UNCHALLENGED
23:08:07.302 [pool-2-thread-8] DEBUG org.apache.http.impl.conn.DefaultManagedHttpClientConnection -- http-outgoing-237: set socket timeout to 30000
23:08:07.302 [pool-2-thread-19] DEBUG org.apache.http.impl.execchain.MainClientExec -- Proxy auth state: UNCHALLENGED
23:08:07.302 [pool-2-thread-8] DEBUG org.apache.http.impl.execchain.MainClientExec -- Executing request POST /auth/login HTTP/1.1
23:08:07.302 [pool-2-thread-8] DEBUG org.apache.http.impl.execchain.MainClientExec -- Target auth state: UNCHALLENGED
23:08:07.302 [pool-2-thread-8] DEBUG org.apache.http.impl.execchain.MainClientExec -- Proxy auth state: UNCHALLENGED
23:08:07.302 [pool-2-thread-7] DEBUG org.apache.http.impl.conn.DefaultHttpClientConnectionOperator -- Connection established 127.0.0.1:52906<->127.0.0.1:3000
23:08:07.302 [pool-2-thread-8] DEBUG org.apache.http.headers -- http-outgoing-237 >> POST /auth/login HTTP/1.1
23:08:07.302 [pool-2-thread-19] DEBUG org.apache.http.headers -- http-outgoing-236 >> POST /auth/login HTTP/1.1
23:08:07.302 [pool-2-thread-8] DEBUG org.apache.http.headers -- http-outgoing-237 >> Content-Type: application/json; charset=UTF-8
23:08:07.302 [pool-2-thread-19] DEBUG org.apache.http.headers -- http-outgoing-236 >> Content-Type: application/json; charset=UTF-8
23:08:07.302 [pool-2-thread-8] DEBUG org.apache.http.headers -- http-outgoing-237 >> Content-Length: 54
23:08:07.302 [pool-2-thread-7] DEBUG org.apache.http.impl.conn.DefaultManagedHttpClientConnection -- http-outgoing-238: set socket timeout to 30000
23:08:07.302 [pool-2-thread-8] DEBUG org.apache.http.headers -- http-outgoing-237 >> Host: localhost:3000
23:08:07.302 [pool-2-thread-7] DEBUG org.apache.http.impl.execchain.MainClientExec -- Executing request POST /auth/login HTTP/1.1
23:08:07.302 [pool-2-thread-7] DEBUG org.apache.http.impl.execchain.MainClientExec -- Target auth state: UNCHALLENGED
23:08:07.302 [pool-2-thread-7] DEBUG org.apache.http.impl.execchain.MainClientExec -- Proxy auth state: UNCHALLENGED
23:08:07.302 [pool-2-thread-19] DEBUG org.apache.http.headers -- http-outgoing-236 >> Content-Length: 53
23:08:07.302 [pool-2-thread-19] DEBUG org.apache.http.headers -- http-outgoing-236 >> Host: localhost:3000
23:08:07.302 [pool-2-thread-8] DEBUG org.apache.http.headers -- http-outgoing-237 >> Connection: Keep-Alive
23:08:07.303 [pool-2-thread-19] DEBUG org.apache.http.headers -- http-outgoing-236 >> Connection: Keep-Alive
23:08:07.303 [pool-2-thread-19] DEBUG org.apache.http.headers -- http-outgoing-236 >> User-Agent: Apache-HttpClient/4.5.14 (Java/17.0.9)
23:08:07.303 [pool-2-thread-19] DEBUG org.apache.http.headers -- http-outgoing-236 >> Accept-Encoding: gzip,deflate
23:08:07.303 [pool-2-thread-8] DEBUG org.apache.http.headers -- http-outgoing-237 >> User-Agent: Apache-HttpClient/4.5.14 (Java/17.0.9)
23:08:07.303 [pool-2-thread-7] DEBUG org.apache.http.headers -- http-outgoing-238 >> POST /auth/login HTTP/1.1
23:08:07.303 [pool-2-thread-8] DEBUG org.apache.http.headers -- http-outgoing-237 >> Accept-Encoding: gzip,deflate
23:08:07.303 [pool-2-thread-7] DEBUG org.apache.http.headers -- http-outgoing-238 >> Content-Type: application/json; charset=UTF-8
23:08:07.303 [pool-2-thread-7] DEBUG org.apache.http.headers -- http-outgoing-238 >> Content-Length: 54
23:08:07.303 [pool-2-thread-7] DEBUG org.apache.http.headers -- http-outgoing-238 >> Host: localhost:3000
23:08:07.303 [pool-2-thread-7] DEBUG org.apache.http.headers -- http-outgoing-238 >> Connection: Keep-Alive
23:08:07.303 [pool-2-thread-7] DEBUG org.apache.http.headers -- http-outgoing-238 >> User-Agent: Apache-HttpClient/4.5.14 (Java/17.0.9)
23:08:07.303 [pool-2-thread-8] DEBUG org.apache.http.wire -- http-outgoing-237 >> "POST /auth/login HTTP/1.1[\r][\n]"
23:08:07.303 [pool-2-thread-7] DEBUG org.apache.http.headers -- http-outgoing-238 >> Accept-Encoding: gzip,deflate
23:08:07.303 [pool-2-thread-8] DEBUG org.apache.http.wire -- http-outgoing-237 >> "Content-Type: application/json; charset=UTF-8[\r][\n]"
23:08:07.303 [pool-2-thread-8] DEBUG org.apache.http.wire -- http-outgoing-237 >> "Content-Length: 54[\r][\n]"
23:08:07.303 [pool-2-thread-8] DEBUG org.apache.http.wire -- http-outgoing-237 >> "Host: localhost:3000[\r][\n]"
23:08:07.303 [pool-2-thread-8] DEBUG org.apache.http.wire -- http-outgoing-237 >> "Connection: Keep-Alive[\r][\n]"
23:08:07.303 [pool-2-thread-8] DEBUG org.apache.http.wire -- http-outgoing-237 >> "User-Agent: Apache-HttpClient/4.5.14 (Java/17.0.9)[\r][\n]"
23:08:07.303 [pool-2-thread-7] DEBUG org.apache.http.wire -- http-outgoing-238 >> "POST /auth/login HTTP/1.1[\r][\n]"
23:08:07.303 [pool-2-thread-19] DEBUG org.apache.http.wire -- http-outgoing-236 >> "POST /auth/login HTTP/1.1[\r][\n]"
23:08:07.303 [pool-2-thread-19] DEBUG org.apache.http.wire -- http-outgoing-236 >> "Content-Type: application/json; charset=UTF-8[\r][\n]"
23:08:07.303 [pool-2-thread-19] DEBUG org.apache.http.wire -- http-outgoing-236 >> "Content-Length: 53[\r][\n]"
23:08:07.303 [pool-2-thread-19] DEBUG org.apache.http.wire -- http-outgoing-236 >> "Host: localhost:3000[\r][\n]"
23:08:07.303 [pool-2-thread-19] DEBUG org.apache.http.wire -- http-outgoing-236 >> "Connection: Keep-Alive[\r][\n]"
23:08:07.303 [pool-2-thread-19] DEBUG org.apache.http.wire -- http-outgoing-236 >> "User-Agent: Apache-HttpClient/4.5.14 (Java/17.0.9)[\r][\n]"
23:08:07.303 [pool-2-thread-19] DEBUG org.apache.http.wire -- http-outgoing-236 >> "Accept-Encoding: gzip,deflate[\r][\n]"
23:08:07.303 [pool-2-thread-8] DEBUG org.apache.http.wire -- http-outgoing-237 >> "Accept-Encoding: gzip,deflate[\r][\n]"
23:08:07.303 [pool-2-thread-19] DEBUG org.apache.http.wire -- http-outgoing-236 >> "[\r][\n]"
23:08:07.303 [pool-2-thread-19] DEBUG org.apache.http.wire -- http-outgoing-236 >> "{"email":"testit@gmail.com","password":"Password123"}"
23:08:07.303 [pool-2-thread-7] DEBUG org.apache.http.wire -- http-outgoing-238 >> "Content-Type: application/json; charset=UTF-8[\r][\n]"
23:08:07.303 [pool-2-thread-8] DEBUG org.apache.http.wire -- http-outgoing-237 >> "[\r][\n]"
23:08:07.303 [pool-2-thread-7] DEBUG org.apache.http.wire -- http-outgoing-238 >> "Content-Length: 54[\r][\n]"
23:08:07.303 [pool-2-thread-7] DEBUG org.apache.http.wire -- http-outgoing-238 >> "Host: localhost:3000[\r][\n]"
23:08:07.303 [pool-2-thread-7] DEBUG org.apache.http.wire -- http-outgoing-238 >> "Connection: Keep-Alive[\r][\n]"
23:08:07.303 [pool-2-thread-7] DEBUG org.apache.http.wire -- http-outgoing-238 >> "User-Agent: Apache-HttpClient/4.5.14 (Java/17.0.9)[\r][\n]"
23:08:07.303 [pool-2-thread-7] DEBUG org.apache.http.wire -- http-outgoing-238 >> "Accept-Encoding: gzip,deflate[\r][\n]"
23:08:07.303 [pool-2-thread-7] DEBUG org.apache.http.wire -- http-outgoing-238 >> "[\r][\n]"
23:08:07.303 [pool-2-thread-8] DEBUG org.apache.http.wire -- http-outgoing-237 >> "{"email":"testit5@gmail.com","password":"Password123"}"
23:08:07.303 [pool-2-thread-7] DEBUG org.apache.http.wire -- http-outgoing-238 >> "{"email":"testit3@gmail.com","password":"Password123"}"
23:08:07.318 [pool-2-thread-30] DEBUG org.apache.http.wire -- http-outgoing-221 << "HTTP/1.1 200 OK[\r][\n]"
23:08:07.318 [pool-2-thread-30] DEBUG org.apache.http.wire -- http-outgoing-221 << "X-Powered-By: Express[\r][\n]"
23:08:07.318 [pool-2-thread-30] DEBUG org.apache.http.wire -- http-outgoing-221 << "Access-Control-Allow-Origin: *[\r][\n]"
23:08:07.318 [pool-2-thread-30] DEBUG org.apache.http.wire -- http-outgoing-221 << "Content-Type: application/json; charset=utf-8[\r][\n]"
23:08:07.318 [pool-2-thread-30] DEBUG org.apache.http.wire -- http-outgoing-221 << "Content-Length: 605[\r][\n]"
23:08:07.318 [pool-2-thread-30] DEBUG org.apache.http.wire -- http-outgoing-221 << "ETag: W/"25d-wPQcBpXwzWwAGwJpnkrGIhYM6QA"[\r][\n]"
23:08:07.318 [pool-2-thread-30] DEBUG org.apache.http.wire -- http-outgoing-221 << "Date: Sun, 22 Jun 2025 16:08:07 GMT[\r][\n]"
23:08:07.318 [pool-2-thread-30] DEBUG org.apache.http.wire -- http-outgoing-221 << "Connection: keep-alive[\r][\n]"
23:08:07.318 [pool-2-thread-30] DEBUG org.apache.http.wire -- http-outgoing-221 << "Keep-Alive: timeout=5[\r][\n]"
23:08:07.318 [pool-2-thread-30] DEBUG org.apache.http.wire -- http-outgoing-221 << "[\r][\n]"
23:08:07.318 [pool-2-thread-30] DEBUG org.apache.http.wire -- http-outgoing-221 << "{"access_token":"eyJhbGciOiJIUzI1NiIsInR5cCI6IkpXVCJ9.eyJzdWIiOiIwYTM3ZWY0My1mZWU4LTQxZDMtYTY4Ni04YWIwODY5NDg2OTUiLCJ1c2VybmFtZSI6ImpvaG5kb2UyMSIsInJvbGUiOjAsImlhdCI6MTc1MDYwODQ4NywiZXhwIjoxNzUwNjEyMDg3fQ.VudPlces_vSQCD-m5aCbN9U8NMSzi7pnNWGw-pw2KhE","refresh_token":"8ae2ed3904f547ba6ee86f2f85aad6c8080214e07db399a3a4deb3b789da7082","user":{"id":"0a37ef43-fee8-41d3-a686-8ab086948695","email":"testit2@gmail.com","username":"johndoe21","name":"John Doe","phoneNumber":"0123456712","profilePic":null,"bio":null,"private":false,"verified":false,"role":0,"followersCount":0,"followingCount":0,"postCount":0}}"
23:08:07.318 [pool-2-thread-30] DEBUG org.apache.http.headers -- http-outgoing-221 << HTTP/1.1 200 OK
23:08:07.318 [pool-2-thread-30] DEBUG org.apache.http.headers -- http-outgoing-221 << X-Powered-By: Express
23:08:07.318 [pool-2-thread-30] DEBUG org.apache.http.headers -- http-outgoing-221 << Access-Control-Allow-Origin: *
23:08:07.318 [pool-2-thread-30] DEBUG org.apache.http.headers -- http-outgoing-221 << Content-Type: application/json; charset=utf-8
23:08:07.318 [pool-2-thread-30] DEBUG org.apache.http.headers -- http-outgoing-221 << Content-Length: 605
23:08:07.318 [pool-2-thread-30] DEBUG org.apache.http.headers -- http-outgoing-221 << ETag: W/"25d-wPQcBpXwzWwAGwJpnkrGIhYM6QA"
23:08:07.318 [pool-2-thread-30] DEBUG org.apache.http.headers -- http-outgoing-221 << Date: Sun, 22 Jun 2025 16:08:07 GMT
23:08:07.318 [pool-2-thread-30] DEBUG org.apache.http.headers -- http-outgoing-221 << Connection: keep-alive
23:08:07.318 [pool-2-thread-30] DEBUG org.apache.http.headers -- http-outgoing-221 << Keep-Alive: timeout=5
23:08:07.318 [pool-2-thread-30] DEBUG org.apache.http.impl.execchain.MainClientExec -- Connection can be kept alive for 5000 MILLISECONDS
23:08:07.318 [pool-2-thread-30] DEBUG org.apache.http.impl.conn.PoolingHttpClientConnectionManager -- Connection [id: 221][route: {}->http://localhost:3000] can be kept alive for 5.0 seconds
23:08:07.318 [pool-2-thread-30] DEBUG org.apache.http.impl.conn.DefaultManagedHttpClientConnection -- http-outgoing-221: set socket timeout to 0
23:08:07.320 [pool-2-thread-30] DEBUG org.apache.http.impl.conn.PoolingHttpClientConnectionManager -- Connection released: [id: 221][route: {}->http://localhost:3000][total available: 1; route allocated: 1 of 5; total allocated: 1 of 10]
23:08:07.320 [pool-2-thread-30] DEBUG org.apache.http.impl.conn.PoolingHttpClientConnectionManager -- Connection manager is shutting down
23:08:07.320 [pool-2-thread-30] DEBUG org.apache.http.impl.conn.DefaultManagedHttpClientConnection -- http-outgoing-221: Close connection
23:08:07.320 [pool-2-thread-30] DEBUG org.apache.http.impl.conn.PoolingHttpClientConnectionManager -- Connection manager shut down
23:08:07.320 [pool-2-thread-30] DEBUG com.intuit.karate -- response time in milliseconds: 2085
8 < 200
8 < X-Powered-By: Express
8 < Access-Control-Allow-Origin: *
8 < Content-Type: application/json; charset=utf-8
8 < Content-Length: 605
8 < ETag: W/"25d-wPQcBpXwzWwAGwJpnkrGIhYM6QA"
8 < Date: Sun, 22 Jun 2025 16:08:07 GMT
8 < Connection: keep-alive
8 < Keep-Alive: timeout=5
{"access_token":"eyJhbGciOiJIUzI1NiIsInR5cCI6IkpXVCJ9.eyJzdWIiOiIwYTM3ZWY0My1mZWU4LTQxZDMtYTY4Ni04YWIwODY5NDg2OTUiLCJ1c2VybmFtZSI6ImpvaG5kb2UyMSIsInJvbGUiOjAsImlhdCI6MTc1MDYwODQ4NywiZXhwIjoxNzUwNjEyMDg3fQ.VudPlces_vSQCD-m5aCbN9U8NMSzi7pnNWGw-pw2KhE","refresh_token":"8ae2ed3904f547ba6ee86f2f85aad6c8080214e07db399a3a4deb3b789da7082","user":{"id":"0a37ef43-fee8-41d3-a686-8ab086948695","email":"testit2@gmail.com","username":"johndoe21","name":"John Doe","phoneNumber":"0123456712","profilePic":null,"bio":null,"private":false,"verified":false,"role":0,"followersCount":0,"followingCount":0,"postCount":0}}

23:08:07.320 [pool-2-thread-30] INFO com.intuit.karate -- [print] Call 8 completed, status: 200 
23:08:07.321 [pool-2-thread-30] INFO com.intuit.karate -- [print] *** API CALL 9 *** 
23:08:07.322 [pool-2-thread-30] DEBUG org.apache.http.client.protocol.RequestAddCookies -- CookieSpec selected: karate
23:08:07.322 [pool-2-thread-30] DEBUG org.apache.http.client.protocol.RequestAuthCache -- Auth cache not set in the context
23:08:07.322 [pool-2-thread-30] DEBUG com.intuit.karate -- request:
9 > POST http://localhost:3000/auth/login
9 > Content-Type: application/json; charset=UTF-8
9 > Content-Length: 54
9 > Host: localhost:3000
9 > Connection: Keep-Alive
9 > User-Agent: Apache-HttpClient/4.5.14 (Java/17.0.9)
9 > Accept-Encoding: gzip,deflate
{"email":"testit2@gmail.com","password":"Password123"}

23:08:07.322 [pool-2-thread-30] DEBUG org.apache.http.impl.conn.PoolingHttpClientConnectionManager -- Connection request: [route: {}->http://localhost:3000][total available: 0; route allocated: 0 of 5; total allocated: 0 of 10]
23:08:07.322 [pool-2-thread-30] DEBUG org.apache.http.impl.conn.PoolingHttpClientConnectionManager -- Connection leased: [id: 239][route: {}->http://localhost:3000][total available: 0; route allocated: 1 of 5; total allocated: 1 of 10]
23:08:07.322 [pool-2-thread-30] DEBUG org.apache.http.impl.execchain.MainClientExec -- Opening connection {}->http://localhost:3000
23:08:07.322 [pool-2-thread-30] DEBUG org.apache.http.impl.conn.DefaultHttpClientConnectionOperator -- Connecting to localhost/127.0.0.1:3000
23:08:07.322 [pool-2-thread-30] DEBUG org.apache.http.impl.conn.DefaultHttpClientConnectionOperator -- Connection established 127.0.0.1:52907<->127.0.0.1:3000
23:08:07.322 [pool-2-thread-30] DEBUG org.apache.http.impl.conn.DefaultManagedHttpClientConnection -- http-outgoing-239: set socket timeout to 30000
23:08:07.322 [pool-2-thread-30] DEBUG org.apache.http.impl.execchain.MainClientExec -- Executing request POST /auth/login HTTP/1.1
23:08:07.322 [pool-2-thread-30] DEBUG org.apache.http.impl.execchain.MainClientExec -- Target auth state: UNCHALLENGED
23:08:07.322 [pool-2-thread-30] DEBUG org.apache.http.impl.execchain.MainClientExec -- Proxy auth state: UNCHALLENGED
23:08:07.322 [pool-2-thread-30] DEBUG org.apache.http.headers -- http-outgoing-239 >> POST /auth/login HTTP/1.1
23:08:07.322 [pool-2-thread-30] DEBUG org.apache.http.headers -- http-outgoing-239 >> Content-Type: application/json; charset=UTF-8
23:08:07.322 [pool-2-thread-30] DEBUG org.apache.http.headers -- http-outgoing-239 >> Content-Length: 54
23:08:07.322 [pool-2-thread-30] DEBUG org.apache.http.headers -- http-outgoing-239 >> Host: localhost:3000
23:08:07.322 [pool-2-thread-30] DEBUG org.apache.http.headers -- http-outgoing-239 >> Connection: Keep-Alive
23:08:07.322 [pool-2-thread-30] DEBUG org.apache.http.headers -- http-outgoing-239 >> User-Agent: Apache-HttpClient/4.5.14 (Java/17.0.9)
23:08:07.322 [pool-2-thread-30] DEBUG org.apache.http.headers -- http-outgoing-239 >> Accept-Encoding: gzip,deflate
23:08:07.322 [pool-2-thread-30] DEBUG org.apache.http.wire -- http-outgoing-239 >> "POST /auth/login HTTP/1.1[\r][\n]"
23:08:07.322 [pool-2-thread-30] DEBUG org.apache.http.wire -- http-outgoing-239 >> "Content-Type: application/json; charset=UTF-8[\r][\n]"
23:08:07.322 [pool-2-thread-30] DEBUG org.apache.http.wire -- http-outgoing-239 >> "Content-Length: 54[\r][\n]"
23:08:07.322 [pool-2-thread-30] DEBUG org.apache.http.wire -- http-outgoing-239 >> "Host: localhost:3000[\r][\n]"
23:08:07.322 [pool-2-thread-30] DEBUG org.apache.http.wire -- http-outgoing-239 >> "Connection: Keep-Alive[\r][\n]"
23:08:07.322 [pool-2-thread-30] DEBUG org.apache.http.wire -- http-outgoing-239 >> "User-Agent: Apache-HttpClient/4.5.14 (Java/17.0.9)[\r][\n]"
23:08:07.322 [pool-2-thread-30] DEBUG org.apache.http.wire -- http-outgoing-239 >> "Accept-Encoding: gzip,deflate[\r][\n]"
23:08:07.322 [pool-2-thread-30] DEBUG org.apache.http.wire -- http-outgoing-239 >> "[\r][\n]"
23:08:07.322 [pool-2-thread-30] DEBUG org.apache.http.wire -- http-outgoing-239 >> "{"email":"testit2@gmail.com","password":"Password123"}"
23:08:07.440 [pool-2-thread-4] DEBUG org.apache.http.wire -- http-outgoing-228 << "HTTP/1.1 200 OK[\r][\n]"
23:08:07.440 [pool-2-thread-4] DEBUG org.apache.http.wire -- http-outgoing-228 << "X-Powered-By: Express[\r][\n]"
23:08:07.440 [pool-2-thread-4] DEBUG org.apache.http.wire -- http-outgoing-228 << "Access-Control-Allow-Origin: *[\r][\n]"
23:08:07.440 [pool-2-thread-4] DEBUG org.apache.http.wire -- http-outgoing-228 << "Content-Type: application/json; charset=utf-8[\r][\n]"
23:08:07.440 [pool-2-thread-4] DEBUG org.apache.http.wire -- http-outgoing-228 << "Content-Length: 608[\r][\n]"
23:08:07.440 [pool-2-thread-4] DEBUG org.apache.http.wire -- http-outgoing-228 << "ETag: W/"260-Td7hTXJ2oi9z39K2slj64mOjYN0"[\r][\n]"
23:08:07.440 [pool-2-thread-4] DEBUG org.apache.http.wire -- http-outgoing-228 << "Date: Sun, 22 Jun 2025 16:08:07 GMT[\r][\n]"
23:08:07.440 [pool-2-thread-4] DEBUG org.apache.http.wire -- http-outgoing-228 << "Connection: keep-alive[\r][\n]"
23:08:07.440 [pool-2-thread-4] DEBUG org.apache.http.wire -- http-outgoing-228 << "Keep-Alive: timeout=5[\r][\n]"
23:08:07.440 [pool-2-thread-4] DEBUG org.apache.http.wire -- http-outgoing-228 << "[\r][\n]"
23:08:07.440 [pool-2-thread-4] DEBUG org.apache.http.wire -- http-outgoing-228 << "{"access_token":"eyJhbGciOiJIUzI1NiIsInR5cCI6IkpXVCJ9.eyJzdWIiOiI4YTI0NzQ2MS01YzA0LTQyMWQtOThmNS1mYTljNzM0ZmFlYTUiLCJ1c2VybmFtZSI6ImphbmVzbWl0aCIsInJvbGUiOjAsImlhdCI6MTc1MDYwODQ4NywiZXhwIjoxNzUwNjEyMDg3fQ.uPLh-V8Nj5ugXjafnylSvb7jCxFtXMAB3U5Aba6Lr_4","refresh_token":"585cc899405bc7debe7ea42d7f008ba4fb55fbfcd280c93257a9d508a03b7217","user":{"id":"8a247461-5c04-421d-98f5-fa9c734faea5","email":"test2@example.com","username":"janesmith","name":"Jane Smith","phoneNumber":"01234567890","profilePic":null,"bio":null,"private":false,"verified":false,"role":0,"followersCount":0,"followingCount":0,"postCount":0}}"
23:08:07.440 [pool-2-thread-4] DEBUG org.apache.http.headers -- http-outgoing-228 << HTTP/1.1 200 OK
23:08:07.440 [pool-2-thread-4] DEBUG org.apache.http.headers -- http-outgoing-228 << X-Powered-By: Express
23:08:07.440 [pool-2-thread-4] DEBUG org.apache.http.headers -- http-outgoing-228 << Access-Control-Allow-Origin: *
23:08:07.440 [pool-2-thread-4] DEBUG org.apache.http.headers -- http-outgoing-228 << Content-Type: application/json; charset=utf-8
23:08:07.440 [pool-2-thread-4] DEBUG org.apache.http.headers -- http-outgoing-228 << Content-Length: 608
23:08:07.440 [pool-2-thread-4] DEBUG org.apache.http.headers -- http-outgoing-228 << ETag: W/"260-Td7hTXJ2oi9z39K2slj64mOjYN0"
23:08:07.440 [pool-2-thread-4] DEBUG org.apache.http.headers -- http-outgoing-228 << Date: Sun, 22 Jun 2025 16:08:07 GMT
23:08:07.440 [pool-2-thread-4] DEBUG org.apache.http.headers -- http-outgoing-228 << Connection: keep-alive
23:08:07.440 [pool-2-thread-4] DEBUG org.apache.http.headers -- http-outgoing-228 << Keep-Alive: timeout=5
23:08:07.440 [pool-2-thread-4] DEBUG org.apache.http.impl.execchain.MainClientExec -- Connection can be kept alive for 5000 MILLISECONDS
23:08:07.440 [pool-2-thread-4] DEBUG org.apache.http.impl.conn.PoolingHttpClientConnectionManager -- Connection [id: 228][route: {}->http://localhost:3000] can be kept alive for 5.0 seconds
23:08:07.440 [pool-2-thread-4] DEBUG org.apache.http.impl.conn.DefaultManagedHttpClientConnection -- http-outgoing-228: set socket timeout to 0
23:08:07.440 [pool-2-thread-4] DEBUG org.apache.http.impl.conn.PoolingHttpClientConnectionManager -- Connection released: [id: 228][route: {}->http://localhost:3000][total available: 1; route allocated: 1 of 5; total allocated: 1 of 10]
23:08:07.440 [pool-2-thread-4] DEBUG org.apache.http.impl.conn.PoolingHttpClientConnectionManager -- Connection manager is shutting down
23:08:07.440 [pool-2-thread-4] DEBUG org.apache.http.impl.conn.DefaultManagedHttpClientConnection -- http-outgoing-228: Close connection
23:08:07.440 [pool-2-thread-4] DEBUG org.apache.http.impl.conn.PoolingHttpClientConnectionManager -- Connection manager shut down
23:08:07.440 [pool-2-thread-4] DEBUG com.intuit.karate -- response time in milliseconds: 1163
10 < 200
10 < X-Powered-By: Express
10 < Access-Control-Allow-Origin: *
10 < Content-Type: application/json; charset=utf-8
10 < Content-Length: 608
10 < ETag: W/"260-Td7hTXJ2oi9z39K2slj64mOjYN0"
10 < Date: Sun, 22 Jun 2025 16:08:07 GMT
10 < Connection: keep-alive
10 < Keep-Alive: timeout=5
{"access_token":"eyJhbGciOiJIUzI1NiIsInR5cCI6IkpXVCJ9.eyJzdWIiOiI4YTI0NzQ2MS01YzA0LTQyMWQtOThmNS1mYTljNzM0ZmFlYTUiLCJ1c2VybmFtZSI6ImphbmVzbWl0aCIsInJvbGUiOjAsImlhdCI6MTc1MDYwODQ4NywiZXhwIjoxNzUwNjEyMDg3fQ.uPLh-V8Nj5ugXjafnylSvb7jCxFtXMAB3U5Aba6Lr_4","refresh_token":"585cc899405bc7debe7ea42d7f008ba4fb55fbfcd280c93257a9d508a03b7217","user":{"id":"8a247461-5c04-421d-98f5-fa9c734faea5","email":"test2@example.com","username":"janesmith","name":"Jane Smith","phoneNumber":"01234567890","profilePic":null,"bio":null,"private":false,"verified":false,"role":0,"followersCount":0,"followingCount":0,"postCount":0}}

23:08:07.441 [pool-2-thread-4] INFO com.intuit.karate -- [print] Call 10 completed, status: 200 
23:08:07.441 [pool-2-thread-4] INFO com.intuit.karate -- [print] === COMPLETED 10 API CALLS for user: test2@example.com === 
23:08:08.155 [pool-2-thread-27] DEBUG org.apache.http.wire -- http-outgoing-232 << "HTTP/1.1 200 OK[\r][\n]"
23:08:08.155 [pool-2-thread-27] DEBUG org.apache.http.wire -- http-outgoing-232 << "X-Powered-By: Express[\r][\n]"
23:08:08.155 [pool-2-thread-27] DEBUG org.apache.http.wire -- http-outgoing-232 << "Access-Control-Allow-Origin: *[\r][\n]"
23:08:08.155 [pool-2-thread-27] DEBUG org.apache.http.wire -- http-outgoing-232 << "Content-Type: application/json; charset=utf-8[\r][\n]"
23:08:08.155 [pool-2-thread-27] DEBUG org.apache.http.wire -- http-outgoing-232 << "Content-Length: 605[\r][\n]"
23:08:08.155 [pool-2-thread-27] DEBUG org.apache.http.wire -- http-outgoing-232 << "ETag: W/"25d-QX39PcFMl11hUigDtm0Xkv+kNPE"[\r][\n]"
23:08:08.155 [pool-2-thread-27] DEBUG org.apache.http.wire -- http-outgoing-232 << "Date: Sun, 22 Jun 2025 16:08:08 GMT[\r][\n]"
23:08:08.155 [pool-2-thread-27] DEBUG org.apache.http.wire -- http-outgoing-232 << "Connection: keep-alive[\r][\n]"
23:08:08.155 [pool-2-thread-27] DEBUG org.apache.http.wire -- http-outgoing-232 << "Keep-Alive: timeout=5[\r][\n]"
23:08:08.155 [pool-2-thread-27] DEBUG org.apache.http.wire -- http-outgoing-232 << "[\r][\n]"
23:08:08.155 [pool-2-thread-27] DEBUG org.apache.http.wire -- http-outgoing-232 << "{"access_token":"eyJhbGciOiJIUzI1NiIsInR5cCI6IkpXVCJ9.eyJzdWIiOiI2NTBjZTFlZC1hYWNhLTQzOGYtOTk4OC0xZjA1OGFiNWFhMWEiLCJ1c2VybmFtZSI6ImpvaG5kb2UyNSIsInJvbGUiOjAsImlhdCI6MTc1MDYwODQ4NywiZXhwIjoxNzUwNjEyMDg3fQ.yIbwqENEeDd1ayOluPv1KehKOOv8QJ1LVzqQGIvylmQ","refresh_token":"f5f600fd32f94b0d4a9d20fd868630a712b6f26aac8869ada5b7551a3aa37664","user":{"id":"650ce1ed-aaca-438f-9988-1f058ab5aa1a","email":"testit3@gmail.com","username":"johndoe25","name":"John Doe","phoneNumber":"0123456713","profilePic":null,"bio":null,"private":false,"verified":false,"role":0,"followersCount":0,"followingCount":0,"postCount":0}}"
23:08:08.157 [pool-2-thread-27] DEBUG org.apache.http.headers -- http-outgoing-232 << HTTP/1.1 200 OK
23:08:08.157 [pool-2-thread-27] DEBUG org.apache.http.headers -- http-outgoing-232 << X-Powered-By: Express
23:08:08.157 [pool-2-thread-27] DEBUG org.apache.http.headers -- http-outgoing-232 << Access-Control-Allow-Origin: *
23:08:08.157 [pool-2-thread-27] DEBUG org.apache.http.headers -- http-outgoing-232 << Content-Type: application/json; charset=utf-8
23:08:08.157 [pool-2-thread-27] DEBUG org.apache.http.headers -- http-outgoing-232 << Content-Length: 605
23:08:08.157 [pool-2-thread-27] DEBUG org.apache.http.headers -- http-outgoing-232 << ETag: W/"25d-QX39PcFMl11hUigDtm0Xkv+kNPE"
23:08:08.157 [pool-2-thread-27] DEBUG org.apache.http.headers -- http-outgoing-232 << Date: Sun, 22 Jun 2025 16:08:08 GMT
23:08:08.157 [pool-2-thread-27] DEBUG org.apache.http.headers -- http-outgoing-232 << Connection: keep-alive
23:08:08.157 [pool-2-thread-27] DEBUG org.apache.http.headers -- http-outgoing-232 << Keep-Alive: timeout=5
23:08:08.157 [pool-2-thread-27] DEBUG org.apache.http.impl.execchain.MainClientExec -- Connection can be kept alive for 5000 MILLISECONDS
23:08:08.157 [pool-2-thread-27] DEBUG org.apache.http.impl.conn.PoolingHttpClientConnectionManager -- Connection [id: 232][route: {}->http://localhost:3000] can be kept alive for 5.0 seconds
23:08:08.157 [pool-2-thread-27] DEBUG org.apache.http.impl.conn.DefaultManagedHttpClientConnection -- http-outgoing-232: set socket timeout to 0
23:08:08.157 [pool-2-thread-27] DEBUG org.apache.http.impl.conn.PoolingHttpClientConnectionManager -- Connection released: [id: 232][route: {}->http://localhost:3000][total available: 1; route allocated: 1 of 5; total allocated: 1 of 10]
23:08:08.157 [pool-2-thread-27] DEBUG org.apache.http.impl.conn.PoolingHttpClientConnectionManager -- Connection manager is shutting down
23:08:08.157 [pool-2-thread-27] DEBUG org.apache.http.impl.conn.DefaultManagedHttpClientConnection -- http-outgoing-232: Close connection
23:08:08.157 [pool-2-thread-27] DEBUG org.apache.http.impl.conn.PoolingHttpClientConnectionManager -- Connection manager shut down
23:08:08.157 [pool-2-thread-27] DEBUG com.intuit.karate -- response time in milliseconds: 1769
9 < 200
9 < X-Powered-By: Express
9 < Access-Control-Allow-Origin: *
9 < Content-Type: application/json; charset=utf-8
9 < Content-Length: 605
9 < ETag: W/"25d-QX39PcFMl11hUigDtm0Xkv+kNPE"
9 < Date: Sun, 22 Jun 2025 16:08:08 GMT
9 < Connection: keep-alive
9 < Keep-Alive: timeout=5
{"access_token":"eyJhbGciOiJIUzI1NiIsInR5cCI6IkpXVCJ9.eyJzdWIiOiI2NTBjZTFlZC1hYWNhLTQzOGYtOTk4OC0xZjA1OGFiNWFhMWEiLCJ1c2VybmFtZSI6ImpvaG5kb2UyNSIsInJvbGUiOjAsImlhdCI6MTc1MDYwODQ4NywiZXhwIjoxNzUwNjEyMDg3fQ.yIbwqENEeDd1ayOluPv1KehKOOv8QJ1LVzqQGIvylmQ","refresh_token":"f5f600fd32f94b0d4a9d20fd868630a712b6f26aac8869ada5b7551a3aa37664","user":{"id":"650ce1ed-aaca-438f-9988-1f058ab5aa1a","email":"testit3@gmail.com","username":"johndoe25","name":"John Doe","phoneNumber":"0123456713","profilePic":null,"bio":null,"private":false,"verified":false,"role":0,"followersCount":0,"followingCount":0,"postCount":0}}

23:08:08.158 [pool-2-thread-27] INFO com.intuit.karate -- [print] Call 9 completed, status: 200 
23:08:08.158 [pool-2-thread-27] INFO com.intuit.karate -- [print] *** API CALL 10 *** 
23:08:08.160 [pool-2-thread-27] DEBUG org.apache.http.client.protocol.RequestAddCookies -- CookieSpec selected: karate
23:08:08.160 [pool-2-thread-27] DEBUG org.apache.http.client.protocol.RequestAuthCache -- Auth cache not set in the context
23:08:08.160 [pool-2-thread-27] DEBUG com.intuit.karate -- request:
10 > POST http://localhost:3000/auth/login
10 > Content-Type: application/json; charset=UTF-8
10 > Content-Length: 54
10 > Host: localhost:3000
10 > Connection: Keep-Alive
10 > User-Agent: Apache-HttpClient/4.5.14 (Java/17.0.9)
10 > Accept-Encoding: gzip,deflate
{"email":"testit3@gmail.com","password":"Password123"}

23:08:08.160 [pool-2-thread-27] DEBUG org.apache.http.impl.conn.PoolingHttpClientConnectionManager -- Connection request: [route: {}->http://localhost:3000][total available: 0; route allocated: 0 of 5; total allocated: 0 of 10]
23:08:08.160 [pool-2-thread-27] DEBUG org.apache.http.impl.conn.PoolingHttpClientConnectionManager -- Connection leased: [id: 240][route: {}->http://localhost:3000][total available: 0; route allocated: 1 of 5; total allocated: 1 of 10]
23:08:08.160 [pool-2-thread-27] DEBUG org.apache.http.impl.execchain.MainClientExec -- Opening connection {}->http://localhost:3000
23:08:08.160 [pool-2-thread-27] DEBUG org.apache.http.impl.conn.DefaultHttpClientConnectionOperator -- Connecting to localhost/127.0.0.1:3000
23:08:08.160 [pool-2-thread-27] DEBUG org.apache.http.impl.conn.DefaultHttpClientConnectionOperator -- Connection established 127.0.0.1:52908<->127.0.0.1:3000
23:08:08.160 [pool-2-thread-27] DEBUG org.apache.http.impl.conn.DefaultManagedHttpClientConnection -- http-outgoing-240: set socket timeout to 30000
23:08:08.160 [pool-2-thread-27] DEBUG org.apache.http.impl.execchain.MainClientExec -- Executing request POST /auth/login HTTP/1.1
23:08:08.160 [pool-2-thread-27] DEBUG org.apache.http.impl.execchain.MainClientExec -- Target auth state: UNCHALLENGED
23:08:08.160 [pool-2-thread-27] DEBUG org.apache.http.impl.execchain.MainClientExec -- Proxy auth state: UNCHALLENGED
23:08:08.160 [pool-2-thread-27] DEBUG org.apache.http.headers -- http-outgoing-240 >> POST /auth/login HTTP/1.1
23:08:08.160 [pool-2-thread-27] DEBUG org.apache.http.headers -- http-outgoing-240 >> Content-Type: application/json; charset=UTF-8
23:08:08.160 [pool-2-thread-27] DEBUG org.apache.http.headers -- http-outgoing-240 >> Content-Length: 54
23:08:08.160 [pool-2-thread-27] DEBUG org.apache.http.headers -- http-outgoing-240 >> Host: localhost:3000
23:08:08.160 [pool-2-thread-27] DEBUG org.apache.http.headers -- http-outgoing-240 >> Connection: Keep-Alive
23:08:08.160 [pool-2-thread-27] DEBUG org.apache.http.headers -- http-outgoing-240 >> User-Agent: Apache-HttpClient/4.5.14 (Java/17.0.9)
23:08:08.160 [pool-2-thread-27] DEBUG org.apache.http.headers -- http-outgoing-240 >> Accept-Encoding: gzip,deflate
23:08:08.160 [pool-2-thread-27] DEBUG org.apache.http.wire -- http-outgoing-240 >> "POST /auth/login HTTP/1.1[\r][\n]"
23:08:08.160 [pool-2-thread-27] DEBUG org.apache.http.wire -- http-outgoing-240 >> "Content-Type: application/json; charset=UTF-8[\r][\n]"
23:08:08.160 [pool-2-thread-27] DEBUG org.apache.http.wire -- http-outgoing-240 >> "Content-Length: 54[\r][\n]"
23:08:08.160 [pool-2-thread-27] DEBUG org.apache.http.wire -- http-outgoing-240 >> "Host: localhost:3000[\r][\n]"
23:08:08.160 [pool-2-thread-27] DEBUG org.apache.http.wire -- http-outgoing-240 >> "Connection: Keep-Alive[\r][\n]"
23:08:08.160 [pool-2-thread-27] DEBUG org.apache.http.wire -- http-outgoing-240 >> "User-Agent: Apache-HttpClient/4.5.14 (Java/17.0.9)[\r][\n]"
23:08:08.160 [pool-2-thread-27] DEBUG org.apache.http.wire -- http-outgoing-240 >> "Accept-Encoding: gzip,deflate[\r][\n]"
23:08:08.160 [pool-2-thread-27] DEBUG org.apache.http.wire -- http-outgoing-240 >> "[\r][\n]"
23:08:08.160 [pool-2-thread-27] DEBUG org.apache.http.wire -- http-outgoing-240 >> "{"email":"testit3@gmail.com","password":"Password123"}"
23:08:08.172 [pool-2-thread-18] DEBUG org.apache.http.wire -- http-outgoing-220 << "HTTP/1.1 200 OK[\r][\n]"
23:08:08.172 [pool-2-thread-18] DEBUG org.apache.http.wire -- http-outgoing-220 << "X-Powered-By: Express[\r][\n]"
23:08:08.172 [pool-2-thread-18] DEBUG org.apache.http.wire -- http-outgoing-220 << "Access-Control-Allow-Origin: *[\r][\n]"
23:08:08.172 [pool-2-thread-18] DEBUG org.apache.http.wire -- http-outgoing-220 << "Content-Type: application/json; charset=utf-8[\r][\n]"
23:08:08.172 [pool-2-thread-18] DEBUG org.apache.http.wire -- http-outgoing-220 << "Content-Length: 609[\r][\n]"
23:08:08.172 [pool-2-thread-18] DEBUG org.apache.http.wire -- http-outgoing-220 << "ETag: W/"261-2sbNe2EnMuUAd7uM2pyR+vVAEO8"[\r][\n]"
23:08:08.172 [pool-2-thread-18] DEBUG org.apache.http.wire -- http-outgoing-220 << "Date: Sun, 22 Jun 2025 16:08:08 GMT[\r][\n]"
23:08:08.172 [pool-2-thread-18] DEBUG org.apache.http.wire -- http-outgoing-220 << "Connection: keep-alive[\r][\n]"
23:08:08.172 [pool-2-thread-18] DEBUG org.apache.http.wire -- http-outgoing-220 << "Keep-Alive: timeout=5[\r][\n]"
23:08:08.172 [pool-2-thread-18] DEBUG org.apache.http.wire -- http-outgoing-220 << "[\r][\n]"
23:08:08.172 [pool-2-thread-18] DEBUG org.apache.http.wire -- http-outgoing-220 << "{"access_token":"eyJhbGciOiJIUzI1NiIsInR5cCI6IkpXVCJ9.eyJzdWIiOiIyNzJmNmI1NS01MTc5LTRhZTMtODU2My1iNGVjMTBmNzY3MTUiLCJ1c2VybmFtZSI6ImpvaG5kb2UyZDVkIiwicm9sZSI6MCwiaWF0IjoxNzUwNjA4NDg3LCJleHAiOjE3NTA2MTIwODd9.VIt9KD0BnqXGxvYC7YyBXxD0Q5-ylJVNTnDXVTnZzac","refresh_token":"9993436525ff509f185fe97a30561a29c0305f914e8ab89896d534078edc771b","user":{"id":"272f6b55-5179-4ae3-8563-b4ec10f76715","email":"testit5@gmail.com","username":"johndoe2d5d","name":"John Doe","phoneNumber":"0123456132","profilePic":null,"bio":null,"private":false,"verified":false,"role":0,"followersCount":0,"followingCount":0,"postCount":0}}"
23:08:08.172 [pool-2-thread-18] DEBUG org.apache.http.headers -- http-outgoing-220 << HTTP/1.1 200 OK
23:08:08.172 [pool-2-thread-18] DEBUG org.apache.http.headers -- http-outgoing-220 << X-Powered-By: Express
23:08:08.172 [pool-2-thread-18] DEBUG org.apache.http.headers -- http-outgoing-220 << Access-Control-Allow-Origin: *
23:08:08.172 [pool-2-thread-18] DEBUG org.apache.http.headers -- http-outgoing-220 << Content-Type: application/json; charset=utf-8
23:08:08.172 [pool-2-thread-18] DEBUG org.apache.http.headers -- http-outgoing-220 << Content-Length: 609
23:08:08.172 [pool-2-thread-18] DEBUG org.apache.http.headers -- http-outgoing-220 << ETag: W/"261-2sbNe2EnMuUAd7uM2pyR+vVAEO8"
23:08:08.172 [pool-2-thread-18] DEBUG org.apache.http.headers -- http-outgoing-220 << Date: Sun, 22 Jun 2025 16:08:08 GMT
23:08:08.172 [pool-2-thread-18] DEBUG org.apache.http.headers -- http-outgoing-220 << Connection: keep-alive
23:08:08.172 [pool-2-thread-18] DEBUG org.apache.http.headers -- http-outgoing-220 << Keep-Alive: timeout=5
23:08:08.172 [pool-2-thread-18] DEBUG org.apache.http.impl.execchain.MainClientExec -- Connection can be kept alive for 5000 MILLISECONDS
23:08:08.172 [pool-2-thread-29] DEBUG org.apache.http.wire -- http-outgoing-219 << "HTTP/1.1 200 OK[\r][\n]"
23:08:08.172 [pool-2-thread-29] DEBUG org.apache.http.wire -- http-outgoing-219 << "X-Powered-By: Express[\r][\n]"
23:08:08.172 [pool-2-thread-29] DEBUG org.apache.http.wire -- http-outgoing-219 << "Access-Control-Allow-Origin: *[\r][\n]"
23:08:08.172 [pool-2-thread-29] DEBUG org.apache.http.wire -- http-outgoing-219 << "Content-Type: application/json; charset=utf-8[\r][\n]"
23:08:08.172 [pool-2-thread-29] DEBUG org.apache.http.wire -- http-outgoing-219 << "Content-Length: 604[\r][\n]"
23:08:08.172 [pool-2-thread-29] DEBUG org.apache.http.wire -- http-outgoing-219 << "ETag: W/"25c-Ur1NBtAf6T0lb9Wm81z3Bg0O6h4"[\r][\n]"
23:08:08.172 [pool-2-thread-18] DEBUG org.apache.http.impl.conn.PoolingHttpClientConnectionManager -- Connection [id: 220][route: {}->http://localhost:3000] can be kept alive for 5.0 seconds
23:08:08.172 [pool-2-thread-29] DEBUG org.apache.http.wire -- http-outgoing-219 << "Date: Sun, 22 Jun 2025 16:08:08 GMT[\r][\n]"
23:08:08.172 [pool-2-thread-18] DEBUG org.apache.http.impl.conn.DefaultManagedHttpClientConnection -- http-outgoing-220: set socket timeout to 0
23:08:08.172 [pool-2-thread-29] DEBUG org.apache.http.wire -- http-outgoing-219 << "Connection: keep-alive[\r][\n]"
23:08:08.172 [pool-2-thread-29] DEBUG org.apache.http.wire -- http-outgoing-219 << "Keep-Alive: timeout=5[\r][\n]"
23:08:08.172 [pool-2-thread-29] DEBUG org.apache.http.wire -- http-outgoing-219 << "[\r][\n]"
23:08:08.172 [pool-2-thread-29] DEBUG org.apache.http.wire -- http-outgoing-219 << "{"access_token":"eyJhbGciOiJIUzI1NiIsInR5cCI6IkpXVCJ9.eyJzdWIiOiJkZjZmMDkxOS1hMjNkLTQ0YzktYTkyNS00ZWE4YmU1MjVkMTAiLCJ1c2VybmFtZSI6ImpvaG5kb2UyMyIsInJvbGUiOjAsImlhdCI6MTc1MDYwODQ4NywiZXhwIjoxNzUwNjEyMDg3fQ.LthtboQI5Pg-bb7wYjYrPc3r5WN-bp7E4R8TOKFGz-I","refresh_token":"15e6e09f838ddb57d41efd7ed543dcca1e535e7fa9fac21ef2c31dbe72df764a","user":{"id":"df6f0919-a23d-44c9-a925-4ea8be525d10","email":"testit@gmail.com","username":"johndoe23","name":"John Doe","phoneNumber":"0123456788","profilePic":null,"bio":null,"private":false,"verified":false,"role":0,"followersCount":0,"followingCount":0,"postCount":0}}"
23:08:08.172 [pool-2-thread-18] DEBUG org.apache.http.impl.conn.PoolingHttpClientConnectionManager -- Connection released: [id: 220][route: {}->http://localhost:3000][total available: 1; route allocated: 1 of 5; total allocated: 1 of 10]
23:08:08.172 [pool-2-thread-29] DEBUG org.apache.http.headers -- http-outgoing-219 << HTTP/1.1 200 OK
23:08:08.172 [pool-2-thread-29] DEBUG org.apache.http.headers -- http-outgoing-219 << X-Powered-By: Express
23:08:08.172 [pool-2-thread-29] DEBUG org.apache.http.headers -- http-outgoing-219 << Access-Control-Allow-Origin: *
23:08:08.172 [pool-2-thread-29] DEBUG org.apache.http.headers -- http-outgoing-219 << Content-Type: application/json; charset=utf-8
23:08:08.172 [pool-2-thread-29] DEBUG org.apache.http.headers -- http-outgoing-219 << Content-Length: 604
23:08:08.172 [pool-2-thread-29] DEBUG org.apache.http.headers -- http-outgoing-219 << ETag: W/"25c-Ur1NBtAf6T0lb9Wm81z3Bg0O6h4"
23:08:08.172 [pool-2-thread-29] DEBUG org.apache.http.headers -- http-outgoing-219 << Date: Sun, 22 Jun 2025 16:08:08 GMT
23:08:08.172 [pool-2-thread-18] DEBUG org.apache.http.impl.conn.PoolingHttpClientConnectionManager -- Connection manager is shutting down
23:08:08.172 [pool-2-thread-29] DEBUG org.apache.http.headers -- http-outgoing-219 << Connection: keep-alive
23:08:08.172 [pool-2-thread-29] DEBUG org.apache.http.headers -- http-outgoing-219 << Keep-Alive: timeout=5
23:08:08.172 [pool-2-thread-18] DEBUG org.apache.http.impl.conn.DefaultManagedHttpClientConnection -- http-outgoing-220: Close connection
23:08:08.172 [pool-2-thread-29] DEBUG org.apache.http.impl.execchain.MainClientExec -- Connection can be kept alive for 5000 MILLISECONDS
23:08:08.172 [pool-2-thread-18] DEBUG org.apache.http.impl.conn.PoolingHttpClientConnectionManager -- Connection manager shut down
23:08:08.172 [pool-2-thread-29] DEBUG org.apache.http.impl.conn.PoolingHttpClientConnectionManager -- Connection [id: 219][route: {}->http://localhost:3000] can be kept alive for 5.0 seconds
23:08:08.172 [pool-2-thread-29] DEBUG org.apache.http.impl.conn.DefaultManagedHttpClientConnection -- http-outgoing-219: set socket timeout to 0
23:08:08.172 [pool-2-thread-29] DEBUG org.apache.http.impl.conn.PoolingHttpClientConnectionManager -- Connection released: [id: 219][route: {}->http://localhost:3000][total available: 1; route allocated: 1 of 5; total allocated: 1 of 10]
23:08:08.172 [pool-2-thread-29] DEBUG org.apache.http.impl.conn.PoolingHttpClientConnectionManager -- Connection manager is shutting down
23:08:08.172 [pool-2-thread-29] DEBUG org.apache.http.impl.conn.DefaultManagedHttpClientConnection -- http-outgoing-219: Close connection
23:08:08.172 [pool-2-thread-22] DEBUG org.apache.http.wire -- http-outgoing-230 << "HTTP/1.1 200 OK[\r][\n]"
23:08:08.172 [pool-2-thread-22] DEBUG org.apache.http.wire -- http-outgoing-230 << "X-Powered-By: Express[\r][\n]"
23:08:08.172 [pool-2-thread-22] DEBUG org.apache.http.wire -- http-outgoing-230 << "Access-Control-Allow-Origin: *[\r][\n]"
23:08:08.172 [pool-2-thread-22] DEBUG org.apache.http.wire -- http-outgoing-230 << "Content-Type: application/json; charset=utf-8[\r][\n]"
23:08:08.172 [pool-2-thread-22] DEBUG org.apache.http.wire -- http-outgoing-230 << "Content-Length: 715[\r][\n]"
23:08:08.172 [pool-2-thread-22] DEBUG org.apache.http.wire -- http-outgoing-230 << "ETag: W/"2cb-Ec2z1EsbC///JRyGzUieona5B5M"[\r][\n]"
23:08:08.172 [pool-2-thread-22] DEBUG org.apache.http.wire -- http-outgoing-230 << "Date: Sun, 22 Jun 2025 16:08:08 GMT[\r][\n]"
23:08:08.172 [pool-2-thread-18] DEBUG com.intuit.karate -- response time in milliseconds: 2969
9 < 200
9 < X-Powered-By: Express
9 < Access-Control-Allow-Origin: *
9 < Content-Type: application/json; charset=utf-8
9 < Content-Length: 609
9 < ETag: W/"261-2sbNe2EnMuUAd7uM2pyR+vVAEO8"
9 < Date: Sun, 22 Jun 2025 16:08:08 GMT
9 < Connection: keep-alive
9 < Keep-Alive: timeout=5
{"access_token":"eyJhbGciOiJIUzI1NiIsInR5cCI6IkpXVCJ9.eyJzdWIiOiIyNzJmNmI1NS01MTc5LTRhZTMtODU2My1iNGVjMTBmNzY3MTUiLCJ1c2VybmFtZSI6ImpvaG5kb2UyZDVkIiwicm9sZSI6MCwiaWF0IjoxNzUwNjA4NDg3LCJleHAiOjE3NTA2MTIwODd9.VIt9KD0BnqXGxvYC7YyBXxD0Q5-ylJVNTnDXVTnZzac","refresh_token":"9993436525ff509f185fe97a30561a29c0305f914e8ab89896d534078edc771b","user":{"id":"272f6b55-5179-4ae3-8563-b4ec10f76715","email":"testit5@gmail.com","username":"johndoe2d5d","name":"John Doe","phoneNumber":"0123456132","profilePic":null,"bio":null,"private":false,"verified":false,"role":0,"followersCount":0,"followingCount":0,"postCount":0}}

23:08:08.172 [pool-2-thread-22] DEBUG org.apache.http.wire -- http-outgoing-230 << "Connection: keep-alive[\r][\n]"
23:08:08.172 [pool-2-thread-22] DEBUG org.apache.http.wire -- http-outgoing-230 << "Keep-Alive: timeout=5[\r][\n]"
23:08:08.172 [pool-2-thread-22] DEBUG org.apache.http.wire -- http-outgoing-230 << "[\r][\n]"
23:08:08.172 [pool-2-thread-22] DEBUG org.apache.http.wire -- http-outgoing-230 << "{"access_token":"eyJhbGciOiJIUzI1NiIsInR5cCI6IkpXVCJ9.eyJzdWIiOiIyYjg0YWEyNC02NjhhLTQwZTItYWYxYy1hZDRmYzRmYTVhNmYiLCJ1c2VybmFtZSI6InF1YW5nMSIsInJvbGUiOjAsImlhdCI6MTc1MDYwODQ4NywiZXhwIjoxNzUwNjEyMDg3fQ.tFx_GsibVjxQmUHpCMLcUIuIVNMAJQq-gsstku_P_o0","refresh_token":"747f4c9c3c05aecd1aa98082944eefbf7ece916adc3ff79ffdeff64f48084988","user":{"id":"2b84aa24-668a-40e2-af1c-ad4fc4fa5a6f","email":"quang1@gmail.com","username":"quang1","name":"quang1","phoneNumber":"09874563210","profilePic":"https://res.cloudinary.com/dizcvrefo/image/upload/v1749027586/nestjs_uploads/xehairydt9rzlbmbmv4c.jpg","bio":"Thang Nam Lao Vua Thoi","private":false,"verified":false,"role":0,"followersCount":2,"followingCount":3,"postCount":2}}"
23:08:08.172 [pool-2-thread-29] DEBUG org.apache.http.impl.conn.PoolingHttpClientConnectionManager -- Connection manager shut down
23:08:08.172 [pool-2-thread-22] DEBUG org.apache.http.headers -- http-outgoing-230 << HTTP/1.1 200 OK
23:08:08.172 [pool-2-thread-22] DEBUG org.apache.http.headers -- http-outgoing-230 << X-Powered-By: Express
23:08:08.172 [pool-2-thread-22] DEBUG org.apache.http.headers -- http-outgoing-230 << Access-Control-Allow-Origin: *
23:08:08.172 [pool-2-thread-22] DEBUG org.apache.http.headers -- http-outgoing-230 << Content-Type: application/json; charset=utf-8
23:08:08.172 [pool-2-thread-22] DEBUG org.apache.http.headers -- http-outgoing-230 << Content-Length: 715
23:08:08.172 [pool-2-thread-22] DEBUG org.apache.http.headers -- http-outgoing-230 << ETag: W/"2cb-Ec2z1EsbC///JRyGzUieona5B5M"
23:08:08.172 [pool-2-thread-22] DEBUG org.apache.http.headers -- http-outgoing-230 << Date: Sun, 22 Jun 2025 16:08:08 GMT
23:08:08.172 [pool-2-thread-22] DEBUG org.apache.http.headers -- http-outgoing-230 << Connection: keep-alive
23:08:08.172 [pool-2-thread-22] DEBUG org.apache.http.headers -- http-outgoing-230 << Keep-Alive: timeout=5
23:08:08.172 [pool-2-thread-29] DEBUG com.intuit.karate -- response time in milliseconds: 2978
9 < 200
9 < X-Powered-By: Express
9 < Access-Control-Allow-Origin: *
9 < Content-Type: application/json; charset=utf-8
9 < Content-Length: 604
9 < ETag: W/"25c-Ur1NBtAf6T0lb9Wm81z3Bg0O6h4"
9 < Date: Sun, 22 Jun 2025 16:08:08 GMT
9 < Connection: keep-alive
9 < Keep-Alive: timeout=5
{"access_token":"eyJhbGciOiJIUzI1NiIsInR5cCI6IkpXVCJ9.eyJzdWIiOiJkZjZmMDkxOS1hMjNkLTQ0YzktYTkyNS00ZWE4YmU1MjVkMTAiLCJ1c2VybmFtZSI6ImpvaG5kb2UyMyIsInJvbGUiOjAsImlhdCI6MTc1MDYwODQ4NywiZXhwIjoxNzUwNjEyMDg3fQ.LthtboQI5Pg-bb7wYjYrPc3r5WN-bp7E4R8TOKFGz-I","refresh_token":"15e6e09f838ddb57d41efd7ed543dcca1e535e7fa9fac21ef2c31dbe72df764a","user":{"id":"df6f0919-a23d-44c9-a925-4ea8be525d10","email":"testit@gmail.com","username":"johndoe23","name":"John Doe","phoneNumber":"0123456788","profilePic":null,"bio":null,"private":false,"verified":false,"role":0,"followersCount":0,"followingCount":0,"postCount":0}}

23:08:08.172 [pool-2-thread-22] DEBUG org.apache.http.impl.execchain.MainClientExec -- Connection can be kept alive for 5000 MILLISECONDS
23:08:08.172 [pool-2-thread-22] DEBUG org.apache.http.impl.conn.PoolingHttpClientConnectionManager -- Connection [id: 230][route: {}->http://localhost:3000] can be kept alive for 5.0 seconds
23:08:08.172 [pool-2-thread-22] DEBUG org.apache.http.impl.conn.DefaultManagedHttpClientConnection -- http-outgoing-230: set socket timeout to 0
23:08:08.172 [pool-2-thread-22] DEBUG org.apache.http.impl.conn.PoolingHttpClientConnectionManager -- Connection released: [id: 230][route: {}->http://localhost:3000][total available: 1; route allocated: 1 of 5; total allocated: 1 of 10]
23:08:08.172 [pool-2-thread-22] DEBUG org.apache.http.impl.conn.PoolingHttpClientConnectionManager -- Connection manager is shutting down
23:08:08.172 [pool-2-thread-22] DEBUG org.apache.http.impl.conn.DefaultManagedHttpClientConnection -- http-outgoing-230: Close connection
23:08:08.172 [pool-2-thread-22] DEBUG org.apache.http.impl.conn.PoolingHttpClientConnectionManager -- Connection manager shut down
23:08:08.173 [pool-2-thread-22] DEBUG com.intuit.karate -- response time in milliseconds: 1837
10 < 200
10 < X-Powered-By: Express
10 < Access-Control-Allow-Origin: *
10 < Content-Type: application/json; charset=utf-8
10 < Content-Length: 715
10 < ETag: W/"2cb-Ec2z1EsbC///JRyGzUieona5B5M"
10 < Date: Sun, 22 Jun 2025 16:08:08 GMT
10 < Connection: keep-alive
10 < Keep-Alive: timeout=5
{"access_token":"eyJhbGciOiJIUzI1NiIsInR5cCI6IkpXVCJ9.eyJzdWIiOiIyYjg0YWEyNC02NjhhLTQwZTItYWYxYy1hZDRmYzRmYTVhNmYiLCJ1c2VybmFtZSI6InF1YW5nMSIsInJvbGUiOjAsImlhdCI6MTc1MDYwODQ4NywiZXhwIjoxNzUwNjEyMDg3fQ.tFx_GsibVjxQmUHpCMLcUIuIVNMAJQq-gsstku_P_o0","refresh_token":"747f4c9c3c05aecd1aa98082944eefbf7ece916adc3ff79ffdeff64f48084988","user":{"id":"2b84aa24-668a-40e2-af1c-ad4fc4fa5a6f","email":"quang1@gmail.com","username":"quang1","name":"quang1","phoneNumber":"09874563210","profilePic":"https://res.cloudinary.com/dizcvrefo/image/upload/v1749027586/nestjs_uploads/xehairydt9rzlbmbmv4c.jpg","bio":"Thang Nam Lao Vua Thoi","private":false,"verified":false,"role":0,"followersCount":2,"followingCount":3,"postCount":2}}

23:08:08.173 [pool-2-thread-23] DEBUG org.apache.http.wire -- http-outgoing-229 << "HTTP/1.1 200 OK[\r][\n]"
23:08:08.173 [pool-2-thread-23] DEBUG org.apache.http.wire -- http-outgoing-229 << "X-Powered-By: Express[\r][\n]"
23:08:08.173 [pool-2-thread-23] DEBUG org.apache.http.wire -- http-outgoing-229 << "Access-Control-Allow-Origin: *[\r][\n]"
23:08:08.173 [pool-2-thread-23] DEBUG org.apache.http.wire -- http-outgoing-229 << "Content-Type: application/json; charset=utf-8[\r][\n]"
23:08:08.173 [pool-2-thread-23] DEBUG org.apache.http.wire -- http-outgoing-229 << "Content-Length: 599[\r][\n]"
23:08:08.173 [pool-2-thread-23] DEBUG org.apache.http.wire -- http-outgoing-229 << "ETag: W/"257-HtuGxOjKse52UW5UHOySu0aNlDM"[\r][\n]"
23:08:08.173 [pool-2-thread-23] DEBUG org.apache.http.wire -- http-outgoing-229 << "Date: Sun, 22 Jun 2025 16:08:08 GMT[\r][\n]"
23:08:08.173 [pool-2-thread-23] DEBUG org.apache.http.wire -- http-outgoing-229 << "Connection: keep-alive[\r][\n]"
23:08:08.173 [pool-2-thread-23] DEBUG org.apache.http.wire -- http-outgoing-229 << "Keep-Alive: timeout=5[\r][\n]"
23:08:08.173 [pool-2-thread-23] DEBUG org.apache.http.wire -- http-outgoing-229 << "[\r][\n]"
23:08:08.173 [pool-2-thread-23] DEBUG org.apache.http.wire -- http-outgoing-229 << "{"access_token":"eyJhbGciOiJIUzI1NiIsInR5cCI6IkpXVCJ9.eyJzdWIiOiIyZGRhMDQzOS01MTgwLTQ1YWEtOTE3Zi1lNjMyZTQ1YThlNDEiLCJ1c2VybmFtZSI6ImpvaG5kb2UiLCJyb2xlIjowLCJpYXQiOjE3NTA2MDg0ODcsImV4cCI6MTc1MDYxMjA4N30.twnsQfhRSqmgSP9MwihvB0CoAWKPLDjaoQg3qnGnSMM","refresh_token":"2495fc0d81cf85f1fe218d842b78303a414dcbbf63fa5b0e7e983b76cd0ceb17","user":{"id":"2dda0439-5180-45aa-917f-e632e45a8e41","email":"test@example.com","username":"johndoe","name":"John Doe","phoneNumber":"0987654321","profilePic":null,"bio":null,"private":false,"verified":false,"role":0,"followersCount":0,"followingCount":0,"postCount":0}}"
23:08:08.173 [pool-2-thread-23] DEBUG org.apache.http.headers -- http-outgoing-229 << HTTP/1.1 200 OK
23:08:08.173 [pool-2-thread-23] DEBUG org.apache.http.headers -- http-outgoing-229 << X-Powered-By: Express
23:08:08.173 [pool-2-thread-23] DEBUG org.apache.http.headers -- http-outgoing-229 << Access-Control-Allow-Origin: *
23:08:08.173 [pool-2-thread-23] DEBUG org.apache.http.headers -- http-outgoing-229 << Content-Type: application/json; charset=utf-8
23:08:08.173 [pool-2-thread-23] DEBUG org.apache.http.headers -- http-outgoing-229 << Content-Length: 599
23:08:08.173 [pool-2-thread-23] DEBUG org.apache.http.headers -- http-outgoing-229 << ETag: W/"257-HtuGxOjKse52UW5UHOySu0aNlDM"
23:08:08.173 [pool-2-thread-23] DEBUG org.apache.http.headers -- http-outgoing-229 << Date: Sun, 22 Jun 2025 16:08:08 GMT
23:08:08.173 [pool-2-thread-23] DEBUG org.apache.http.headers -- http-outgoing-229 << Connection: keep-alive
23:08:08.173 [pool-2-thread-23] DEBUG org.apache.http.headers -- http-outgoing-229 << Keep-Alive: timeout=5
23:08:08.173 [pool-2-thread-23] DEBUG org.apache.http.impl.execchain.MainClientExec -- Connection can be kept alive for 5000 MILLISECONDS
23:08:08.173 [pool-2-thread-23] DEBUG org.apache.http.impl.conn.PoolingHttpClientConnectionManager -- Connection [id: 229][route: {}->http://localhost:3000] can be kept alive for 5.0 seconds
23:08:08.173 [pool-2-thread-23] DEBUG org.apache.http.impl.conn.DefaultManagedHttpClientConnection -- http-outgoing-229: set socket timeout to 0
23:08:08.173 [pool-2-thread-23] DEBUG org.apache.http.impl.conn.PoolingHttpClientConnectionManager -- Connection released: [id: 229][route: {}->http://localhost:3000][total available: 1; route allocated: 1 of 5; total allocated: 1 of 10]
23:08:08.173 [pool-2-thread-23] DEBUG org.apache.http.impl.conn.PoolingHttpClientConnectionManager -- Connection manager is shutting down
23:08:08.173 [pool-2-thread-23] DEBUG org.apache.http.impl.conn.DefaultManagedHttpClientConnection -- http-outgoing-229: Close connection
23:08:08.173 [pool-2-thread-23] DEBUG org.apache.http.impl.conn.PoolingHttpClientConnectionManager -- Connection manager shut down
23:08:08.173 [pool-2-thread-23] DEBUG com.intuit.karate -- response time in milliseconds: 1866
10 < 200
10 < X-Powered-By: Express
10 < Access-Control-Allow-Origin: *
10 < Content-Type: application/json; charset=utf-8
10 < Content-Length: 599
10 < ETag: W/"257-HtuGxOjKse52UW5UHOySu0aNlDM"
10 < Date: Sun, 22 Jun 2025 16:08:08 GMT
10 < Connection: keep-alive
10 < Keep-Alive: timeout=5
{"access_token":"eyJhbGciOiJIUzI1NiIsInR5cCI6IkpXVCJ9.eyJzdWIiOiIyZGRhMDQzOS01MTgwLTQ1YWEtOTE3Zi1lNjMyZTQ1YThlNDEiLCJ1c2VybmFtZSI6ImpvaG5kb2UiLCJyb2xlIjowLCJpYXQiOjE3NTA2MDg0ODcsImV4cCI6MTc1MDYxMjA4N30.twnsQfhRSqmgSP9MwihvB0CoAWKPLDjaoQg3qnGnSMM","refresh_token":"2495fc0d81cf85f1fe218d842b78303a414dcbbf63fa5b0e7e983b76cd0ceb17","user":{"id":"2dda0439-5180-45aa-917f-e632e45a8e41","email":"test@example.com","username":"johndoe","name":"John Doe","phoneNumber":"0987654321","profilePic":null,"bio":null,"private":false,"verified":false,"role":0,"followersCount":0,"followingCount":0,"postCount":0}}

23:08:08.173 [pool-2-thread-22] INFO com.intuit.karate -- [print] Call 10 completed, status: 200 
23:08:08.173 [pool-2-thread-18] INFO com.intuit.karate -- [print] Call 9 completed, status: 200 
23:08:08.173 [pool-2-thread-29] INFO com.intuit.karate -- [print] Call 9 completed, status: 200 
23:08:08.173 [pool-2-thread-23] INFO com.intuit.karate -- [print] Call 10 completed, status: 200 
23:08:08.173 [pool-2-thread-29] INFO com.intuit.karate -- [print] *** API CALL 10 *** 
23:08:08.173 [pool-2-thread-18] INFO com.intuit.karate -- [print] *** API CALL 10 *** 
23:08:08.173 [pool-2-thread-23] INFO com.intuit.karate -- [print] === COMPLETED 10 API CALLS for user: test@example.com === 
23:08:08.173 [pool-2-thread-22] INFO com.intuit.karate -- [print] === COMPLETED 10 API CALLS for user: quang1@gmail.com === 
23:08:08.175 [pool-2-thread-18] DEBUG org.apache.http.client.protocol.RequestAddCookies -- CookieSpec selected: karate
23:08:08.175 [pool-2-thread-29] DEBUG org.apache.http.client.protocol.RequestAddCookies -- CookieSpec selected: karate
23:08:08.175 [pool-2-thread-18] DEBUG org.apache.http.client.protocol.RequestAuthCache -- Auth cache not set in the context
23:08:08.175 [pool-2-thread-18] DEBUG com.intuit.karate -- request:
10 > POST http://localhost:3000/auth/login
10 > Content-Type: application/json; charset=UTF-8
10 > Content-Length: 54
10 > Host: localhost:3000
10 > Connection: Keep-Alive
10 > User-Agent: Apache-HttpClient/4.5.14 (Java/17.0.9)
10 > Accept-Encoding: gzip,deflate
{"email":"testit5@gmail.com","password":"Password123"}

23:08:08.175 [pool-2-thread-29] DEBUG org.apache.http.client.protocol.RequestAuthCache -- Auth cache not set in the context
23:08:08.175 [pool-2-thread-18] DEBUG org.apache.http.impl.conn.PoolingHttpClientConnectionManager -- Connection request: [route: {}->http://localhost:3000][total available: 0; route allocated: 0 of 5; total allocated: 0 of 10]
23:08:08.175 [pool-2-thread-29] DEBUG com.intuit.karate -- request:
10 > POST http://localhost:3000/auth/login
10 > Content-Type: application/json; charset=UTF-8
10 > Content-Length: 53
10 > Host: localhost:3000
10 > Connection: Keep-Alive
10 > User-Agent: Apache-HttpClient/4.5.14 (Java/17.0.9)
10 > Accept-Encoding: gzip,deflate
{"email":"testit@gmail.com","password":"Password123"}

23:08:08.175 [pool-2-thread-29] DEBUG org.apache.http.impl.conn.PoolingHttpClientConnectionManager -- Connection request: [route: {}->http://localhost:3000][total available: 0; route allocated: 0 of 5; total allocated: 0 of 10]
23:08:08.175 [pool-2-thread-29] DEBUG org.apache.http.impl.conn.PoolingHttpClientConnectionManager -- Connection leased: [id: 242][route: {}->http://localhost:3000][total available: 0; route allocated: 1 of 5; total allocated: 1 of 10]
23:08:08.175 [pool-2-thread-18] DEBUG org.apache.http.impl.conn.PoolingHttpClientConnectionManager -- Connection leased: [id: 241][route: {}->http://localhost:3000][total available: 0; route allocated: 1 of 5; total allocated: 1 of 10]
23:08:08.175 [pool-2-thread-18] DEBUG org.apache.http.impl.execchain.MainClientExec -- Opening connection {}->http://localhost:3000
23:08:08.175 [pool-2-thread-29] DEBUG org.apache.http.impl.execchain.MainClientExec -- Opening connection {}->http://localhost:3000
23:08:08.175 [pool-2-thread-18] DEBUG org.apache.http.impl.conn.DefaultHttpClientConnectionOperator -- Connecting to localhost/127.0.0.1:3000
23:08:08.175 [pool-2-thread-29] DEBUG org.apache.http.impl.conn.DefaultHttpClientConnectionOperator -- Connecting to localhost/127.0.0.1:3000
23:08:08.175 [pool-2-thread-29] DEBUG org.apache.http.impl.conn.DefaultHttpClientConnectionOperator -- Connection established 127.0.0.1:52909<->127.0.0.1:3000
23:08:08.175 [pool-2-thread-18] DEBUG org.apache.http.impl.conn.DefaultHttpClientConnectionOperator -- Connection established 127.0.0.1:52910<->127.0.0.1:3000
23:08:08.175 [pool-2-thread-29] DEBUG org.apache.http.impl.conn.DefaultManagedHttpClientConnection -- http-outgoing-242: set socket timeout to 30000
23:08:08.175 [pool-2-thread-29] DEBUG org.apache.http.impl.execchain.MainClientExec -- Executing request POST /auth/login HTTP/1.1
23:08:08.175 [pool-2-thread-29] DEBUG org.apache.http.impl.execchain.MainClientExec -- Target auth state: UNCHALLENGED
23:08:08.175 [pool-2-thread-29] DEBUG org.apache.http.impl.execchain.MainClientExec -- Proxy auth state: UNCHALLENGED
23:08:08.175 [pool-2-thread-18] DEBUG org.apache.http.impl.conn.DefaultManagedHttpClientConnection -- http-outgoing-241: set socket timeout to 30000
23:08:08.175 [pool-2-thread-18] DEBUG org.apache.http.impl.execchain.MainClientExec -- Executing request POST /auth/login HTTP/1.1
23:08:08.175 [pool-2-thread-18] DEBUG org.apache.http.impl.execchain.MainClientExec -- Target auth state: UNCHALLENGED
23:08:08.175 [pool-2-thread-18] DEBUG org.apache.http.impl.execchain.MainClientExec -- Proxy auth state: UNCHALLENGED
23:08:08.175 [pool-2-thread-18] DEBUG org.apache.http.headers -- http-outgoing-241 >> POST /auth/login HTTP/1.1
23:08:08.175 [pool-2-thread-18] DEBUG org.apache.http.headers -- http-outgoing-241 >> Content-Type: application/json; charset=UTF-8
23:08:08.175 [pool-2-thread-18] DEBUG org.apache.http.headers -- http-outgoing-241 >> Content-Length: 54
23:08:08.175 [pool-2-thread-18] DEBUG org.apache.http.headers -- http-outgoing-241 >> Host: localhost:3000
23:08:08.175 [pool-2-thread-18] DEBUG org.apache.http.headers -- http-outgoing-241 >> Connection: Keep-Alive
23:08:08.175 [pool-2-thread-18] DEBUG org.apache.http.headers -- http-outgoing-241 >> User-Agent: Apache-HttpClient/4.5.14 (Java/17.0.9)
23:08:08.175 [pool-2-thread-29] DEBUG org.apache.http.headers -- http-outgoing-242 >> POST /auth/login HTTP/1.1
23:08:08.175 [pool-2-thread-18] DEBUG org.apache.http.headers -- http-outgoing-241 >> Accept-Encoding: gzip,deflate
23:08:08.175 [pool-2-thread-29] DEBUG org.apache.http.headers -- http-outgoing-242 >> Content-Type: application/json; charset=UTF-8
23:08:08.175 [pool-2-thread-29] DEBUG org.apache.http.headers -- http-outgoing-242 >> Content-Length: 53
23:08:08.175 [pool-2-thread-29] DEBUG org.apache.http.headers -- http-outgoing-242 >> Host: localhost:3000
23:08:08.175 [pool-2-thread-29] DEBUG org.apache.http.headers -- http-outgoing-242 >> Connection: Keep-Alive
23:08:08.175 [pool-2-thread-29] DEBUG org.apache.http.headers -- http-outgoing-242 >> User-Agent: Apache-HttpClient/4.5.14 (Java/17.0.9)
23:08:08.175 [pool-2-thread-29] DEBUG org.apache.http.headers -- http-outgoing-242 >> Accept-Encoding: gzip,deflate
23:08:08.175 [pool-2-thread-18] DEBUG org.apache.http.wire -- http-outgoing-241 >> "POST /auth/login HTTP/1.1[\r][\n]"
23:08:08.175 [pool-2-thread-29] DEBUG org.apache.http.wire -- http-outgoing-242 >> "POST /auth/login HTTP/1.1[\r][\n]"
23:08:08.175 [pool-2-thread-18] DEBUG org.apache.http.wire -- http-outgoing-241 >> "Content-Type: application/json; charset=UTF-8[\r][\n]"
23:08:08.175 [pool-2-thread-29] DEBUG org.apache.http.wire -- http-outgoing-242 >> "Content-Type: application/json; charset=UTF-8[\r][\n]"
23:08:08.175 [pool-2-thread-29] DEBUG org.apache.http.wire -- http-outgoing-242 >> "Content-Length: 53[\r][\n]"
23:08:08.175 [pool-2-thread-18] DEBUG org.apache.http.wire -- http-outgoing-241 >> "Content-Length: 54[\r][\n]"
23:08:08.175 [pool-2-thread-29] DEBUG org.apache.http.wire -- http-outgoing-242 >> "Host: localhost:3000[\r][\n]"
23:08:08.175 [pool-2-thread-29] DEBUG org.apache.http.wire -- http-outgoing-242 >> "Connection: Keep-Alive[\r][\n]"
23:08:08.175 [pool-2-thread-18] DEBUG org.apache.http.wire -- http-outgoing-241 >> "Host: localhost:3000[\r][\n]"
23:08:08.175 [pool-2-thread-29] DEBUG org.apache.http.wire -- http-outgoing-242 >> "User-Agent: Apache-HttpClient/4.5.14 (Java/17.0.9)[\r][\n]"
23:08:08.175 [pool-2-thread-18] DEBUG org.apache.http.wire -- http-outgoing-241 >> "Connection: Keep-Alive[\r][\n]"
23:08:08.175 [pool-2-thread-29] DEBUG org.apache.http.wire -- http-outgoing-242 >> "Accept-Encoding: gzip,deflate[\r][\n]"
23:08:08.175 [pool-2-thread-18] DEBUG org.apache.http.wire -- http-outgoing-241 >> "User-Agent: Apache-HttpClient/4.5.14 (Java/17.0.9)[\r][\n]"
23:08:08.175 [pool-2-thread-18] DEBUG org.apache.http.wire -- http-outgoing-241 >> "Accept-Encoding: gzip,deflate[\r][\n]"
23:08:08.175 [pool-2-thread-29] DEBUG org.apache.http.wire -- http-outgoing-242 >> "[\r][\n]"
23:08:08.175 [pool-2-thread-18] DEBUG org.apache.http.wire -- http-outgoing-241 >> "[\r][\n]"
23:08:08.175 [pool-2-thread-18] DEBUG org.apache.http.wire -- http-outgoing-241 >> "{"email":"testit5@gmail.com","password":"Password123"}"
23:08:08.175 [pool-2-thread-29] DEBUG org.apache.http.wire -- http-outgoing-242 >> "{"email":"testit@gmail.com","password":"Password123"}"
23:08:08.240 [pool-2-thread-10] DEBUG org.apache.http.wire -- http-outgoing-234 << "HTTP/1.1 200 OK[\r][\n]"
23:08:08.240 [pool-2-thread-10] DEBUG org.apache.http.wire -- http-outgoing-234 << "X-Powered-By: Express[\r][\n]"
23:08:08.240 [pool-2-thread-10] DEBUG org.apache.http.wire -- http-outgoing-234 << "Access-Control-Allow-Origin: *[\r][\n]"
23:08:08.240 [pool-2-thread-10] DEBUG org.apache.http.wire -- http-outgoing-234 << "Content-Type: application/json; charset=utf-8[\r][\n]"
23:08:08.240 [pool-2-thread-10] DEBUG org.apache.http.wire -- http-outgoing-234 << "Content-Length: 605[\r][\n]"
23:08:08.240 [pool-2-thread-10] DEBUG org.apache.http.wire -- http-outgoing-234 << "ETag: W/"25d-wGuy/N77Re1AQEhShjSvfnHxa0g"[\r][\n]"
23:08:08.240 [pool-2-thread-10] DEBUG org.apache.http.wire -- http-outgoing-234 << "Date: Sun, 22 Jun 2025 16:08:08 GMT[\r][\n]"
23:08:08.240 [pool-2-thread-10] DEBUG org.apache.http.wire -- http-outgoing-234 << "Connection: keep-alive[\r][\n]"
23:08:08.240 [pool-2-thread-10] DEBUG org.apache.http.wire -- http-outgoing-234 << "Keep-Alive: timeout=5[\r][\n]"
23:08:08.240 [pool-2-thread-10] DEBUG org.apache.http.wire -- http-outgoing-234 << "[\r][\n]"
23:08:08.240 [pool-2-thread-10] DEBUG org.apache.http.wire -- http-outgoing-234 << "{"access_token":"eyJhbGciOiJIUzI1NiIsInR5cCI6IkpXVCJ9.eyJzdWIiOiIwYTM3ZWY0My1mZWU4LTQxZDMtYTY4Ni04YWIwODY5NDg2OTUiLCJ1c2VybmFtZSI6ImpvaG5kb2UyMSIsInJvbGUiOjAsImlhdCI6MTc1MDYwODQ4NywiZXhwIjoxNzUwNjEyMDg3fQ.VudPlces_vSQCD-m5aCbN9U8NMSzi7pnNWGw-pw2KhE","refresh_token":"7b2d9bfbb55382626e78810abf7f0c1bae98ba1ae387ebf62e9dc1fea1ffaf8d","user":{"id":"0a37ef43-fee8-41d3-a686-8ab086948695","email":"testit2@gmail.com","username":"johndoe21","name":"John Doe","phoneNumber":"0123456712","profilePic":null,"bio":null,"private":false,"verified":false,"role":0,"followersCount":0,"followingCount":0,"postCount":0}}"
23:08:08.240 [pool-2-thread-10] DEBUG org.apache.http.headers -- http-outgoing-234 << HTTP/1.1 200 OK
23:08:08.240 [pool-2-thread-10] DEBUG org.apache.http.headers -- http-outgoing-234 << X-Powered-By: Express
23:08:08.240 [pool-2-thread-10] DEBUG org.apache.http.headers -- http-outgoing-234 << Access-Control-Allow-Origin: *
23:08:08.240 [pool-2-thread-10] DEBUG org.apache.http.headers -- http-outgoing-234 << Content-Type: application/json; charset=utf-8
23:08:08.240 [pool-2-thread-10] DEBUG org.apache.http.headers -- http-outgoing-234 << Content-Length: 605
23:08:08.240 [pool-2-thread-10] DEBUG org.apache.http.headers -- http-outgoing-234 << ETag: W/"25d-wGuy/N77Re1AQEhShjSvfnHxa0g"
23:08:08.240 [pool-2-thread-10] DEBUG org.apache.http.headers -- http-outgoing-234 << Date: Sun, 22 Jun 2025 16:08:08 GMT
23:08:08.240 [pool-2-thread-10] DEBUG org.apache.http.headers -- http-outgoing-234 << Connection: keep-alive
23:08:08.240 [pool-2-thread-10] DEBUG org.apache.http.headers -- http-outgoing-234 << Keep-Alive: timeout=5
23:08:08.240 [pool-2-thread-10] DEBUG org.apache.http.impl.execchain.MainClientExec -- Connection can be kept alive for 5000 MILLISECONDS
23:08:08.240 [pool-2-thread-10] DEBUG org.apache.http.impl.conn.PoolingHttpClientConnectionManager -- Connection [id: 234][route: {}->http://localhost:3000] can be kept alive for 5.0 seconds
23:08:08.240 [pool-2-thread-10] DEBUG org.apache.http.impl.conn.DefaultManagedHttpClientConnection -- http-outgoing-234: set socket timeout to 0
23:08:08.240 [pool-2-thread-10] DEBUG org.apache.http.impl.conn.PoolingHttpClientConnectionManager -- Connection released: [id: 234][route: {}->http://localhost:3000][total available: 1; route allocated: 1 of 5; total allocated: 1 of 10]
23:08:08.240 [pool-2-thread-10] DEBUG org.apache.http.impl.conn.PoolingHttpClientConnectionManager -- Connection manager is shutting down
23:08:08.240 [pool-2-thread-10] DEBUG org.apache.http.impl.conn.DefaultManagedHttpClientConnection -- http-outgoing-234: Close connection
23:08:08.240 [pool-2-thread-10] DEBUG org.apache.http.impl.conn.PoolingHttpClientConnectionManager -- Connection manager shut down
23:08:08.240 [pool-2-thread-10] DEBUG com.intuit.karate -- response time in milliseconds: 1792
9 < 200
9 < X-Powered-By: Express
9 < Access-Control-Allow-Origin: *
9 < Content-Type: application/json; charset=utf-8
9 < Content-Length: 605
9 < ETag: W/"25d-wGuy/N77Re1AQEhShjSvfnHxa0g"
9 < Date: Sun, 22 Jun 2025 16:08:08 GMT
9 < Connection: keep-alive
9 < Keep-Alive: timeout=5
{"access_token":"eyJhbGciOiJIUzI1NiIsInR5cCI6IkpXVCJ9.eyJzdWIiOiIwYTM3ZWY0My1mZWU4LTQxZDMtYTY4Ni04YWIwODY5NDg2OTUiLCJ1c2VybmFtZSI6ImpvaG5kb2UyMSIsInJvbGUiOjAsImlhdCI6MTc1MDYwODQ4NywiZXhwIjoxNzUwNjEyMDg3fQ.VudPlces_vSQCD-m5aCbN9U8NMSzi7pnNWGw-pw2KhE","refresh_token":"7b2d9bfbb55382626e78810abf7f0c1bae98ba1ae387ebf62e9dc1fea1ffaf8d","user":{"id":"0a37ef43-fee8-41d3-a686-8ab086948695","email":"testit2@gmail.com","username":"johndoe21","name":"John Doe","phoneNumber":"0123456712","profilePic":null,"bio":null,"private":false,"verified":false,"role":0,"followersCount":0,"followingCount":0,"postCount":0}}

23:08:08.241 [pool-2-thread-10] INFO com.intuit.karate -- [print] Call 9 completed, status: 200 
23:08:08.241 [pool-2-thread-10] INFO com.intuit.karate -- [print] *** API CALL 10 *** 
23:08:08.242 [pool-2-thread-10] DEBUG org.apache.http.client.protocol.RequestAddCookies -- CookieSpec selected: karate
23:08:08.242 [pool-2-thread-10] DEBUG org.apache.http.client.protocol.RequestAuthCache -- Auth cache not set in the context
23:08:08.242 [pool-2-thread-10] DEBUG com.intuit.karate -- request:
10 > POST http://localhost:3000/auth/login
10 > Content-Type: application/json; charset=UTF-8
10 > Content-Length: 54
10 > Host: localhost:3000
10 > Connection: Keep-Alive
10 > User-Agent: Apache-HttpClient/4.5.14 (Java/17.0.9)
10 > Accept-Encoding: gzip,deflate
{"email":"testit2@gmail.com","password":"Password123"}

23:08:08.242 [pool-2-thread-10] DEBUG org.apache.http.impl.conn.PoolingHttpClientConnectionManager -- Connection request: [route: {}->http://localhost:3000][total available: 0; route allocated: 0 of 5; total allocated: 0 of 10]
23:08:08.242 [pool-2-thread-10] DEBUG org.apache.http.impl.conn.PoolingHttpClientConnectionManager -- Connection leased: [id: 243][route: {}->http://localhost:3000][total available: 0; route allocated: 1 of 5; total allocated: 1 of 10]
23:08:08.242 [pool-2-thread-10] DEBUG org.apache.http.impl.execchain.MainClientExec -- Opening connection {}->http://localhost:3000
23:08:08.242 [pool-2-thread-10] DEBUG org.apache.http.impl.conn.DefaultHttpClientConnectionOperator -- Connecting to localhost/127.0.0.1:3000
23:08:08.242 [pool-2-thread-10] DEBUG org.apache.http.impl.conn.DefaultHttpClientConnectionOperator -- Connection established 127.0.0.1:52911<->127.0.0.1:3000
23:08:08.242 [pool-2-thread-10] DEBUG org.apache.http.impl.conn.DefaultManagedHttpClientConnection -- http-outgoing-243: set socket timeout to 30000
23:08:08.242 [pool-2-thread-10] DEBUG org.apache.http.impl.execchain.MainClientExec -- Executing request POST /auth/login HTTP/1.1
23:08:08.242 [pool-2-thread-10] DEBUG org.apache.http.impl.execchain.MainClientExec -- Target auth state: UNCHALLENGED
23:08:08.242 [pool-2-thread-10] DEBUG org.apache.http.impl.execchain.MainClientExec -- Proxy auth state: UNCHALLENGED
23:08:08.242 [pool-2-thread-10] DEBUG org.apache.http.headers -- http-outgoing-243 >> POST /auth/login HTTP/1.1
23:08:08.242 [pool-2-thread-10] DEBUG org.apache.http.headers -- http-outgoing-243 >> Content-Type: application/json; charset=UTF-8
23:08:08.242 [pool-2-thread-10] DEBUG org.apache.http.headers -- http-outgoing-243 >> Content-Length: 54
23:08:08.242 [pool-2-thread-10] DEBUG org.apache.http.headers -- http-outgoing-243 >> Host: localhost:3000
23:08:08.242 [pool-2-thread-10] DEBUG org.apache.http.headers -- http-outgoing-243 >> Connection: Keep-Alive
23:08:08.242 [pool-2-thread-10] DEBUG org.apache.http.headers -- http-outgoing-243 >> User-Agent: Apache-HttpClient/4.5.14 (Java/17.0.9)
23:08:08.242 [pool-2-thread-10] DEBUG org.apache.http.headers -- http-outgoing-243 >> Accept-Encoding: gzip,deflate
23:08:08.242 [pool-2-thread-10] DEBUG org.apache.http.wire -- http-outgoing-243 >> "POST /auth/login HTTP/1.1[\r][\n]"
23:08:08.242 [pool-2-thread-10] DEBUG org.apache.http.wire -- http-outgoing-243 >> "Content-Type: application/json; charset=UTF-8[\r][\n]"
23:08:08.242 [pool-2-thread-10] DEBUG org.apache.http.wire -- http-outgoing-243 >> "Content-Length: 54[\r][\n]"
23:08:08.242 [pool-2-thread-10] DEBUG org.apache.http.wire -- http-outgoing-243 >> "Host: localhost:3000[\r][\n]"
23:08:08.242 [pool-2-thread-10] DEBUG org.apache.http.wire -- http-outgoing-243 >> "Connection: Keep-Alive[\r][\n]"
23:08:08.242 [pool-2-thread-10] DEBUG org.apache.http.wire -- http-outgoing-243 >> "User-Agent: Apache-HttpClient/4.5.14 (Java/17.0.9)[\r][\n]"
23:08:08.242 [pool-2-thread-10] DEBUG org.apache.http.wire -- http-outgoing-243 >> "Accept-Encoding: gzip,deflate[\r][\n]"
23:08:08.242 [pool-2-thread-10] DEBUG org.apache.http.wire -- http-outgoing-243 >> "[\r][\n]"
23:08:08.242 [pool-2-thread-10] DEBUG org.apache.http.wire -- http-outgoing-243 >> "{"email":"testit2@gmail.com","password":"Password123"}"
23:08:08.286 [pool-2-thread-9] DEBUG org.apache.http.wire -- http-outgoing-231 << "HTTP/1.1 200 OK[\r][\n]"
23:08:08.286 [pool-2-thread-9] DEBUG org.apache.http.wire -- http-outgoing-231 << "X-Powered-By: Express[\r][\n]"
23:08:08.286 [pool-2-thread-9] DEBUG org.apache.http.wire -- http-outgoing-231 << "Access-Control-Allow-Origin: *[\r][\n]"
23:08:08.286 [pool-2-thread-9] DEBUG org.apache.http.wire -- http-outgoing-231 << "Content-Type: application/json; charset=utf-8[\r][\n]"
23:08:08.286 [pool-2-thread-9] DEBUG org.apache.http.wire -- http-outgoing-231 << "Content-Length: 604[\r][\n]"
23:08:08.286 [pool-2-thread-9] DEBUG org.apache.http.wire -- http-outgoing-231 << "ETag: W/"25c-96MKI16hP80PwLbqRYbDzMYMlmw"[\r][\n]"
23:08:08.286 [pool-2-thread-9] DEBUG org.apache.http.wire -- http-outgoing-231 << "Date: Sun, 22 Jun 2025 16:08:08 GMT[\r][\n]"
23:08:08.286 [pool-2-thread-9] DEBUG org.apache.http.wire -- http-outgoing-231 << "Connection: keep-alive[\r][\n]"
23:08:08.286 [pool-2-thread-9] DEBUG org.apache.http.wire -- http-outgoing-231 << "Keep-Alive: timeout=5[\r][\n]"
23:08:08.286 [pool-2-thread-9] DEBUG org.apache.http.wire -- http-outgoing-231 << "[\r][\n]"
23:08:08.286 [pool-2-thread-9] DEBUG org.apache.http.wire -- http-outgoing-231 << "{"access_token":"eyJhbGciOiJIUzI1NiIsInR5cCI6IkpXVCJ9.eyJzdWIiOiJkZjZmMDkxOS1hMjNkLTQ0YzktYTkyNS00ZWE4YmU1MjVkMTAiLCJ1c2VybmFtZSI6ImpvaG5kb2UyMyIsInJvbGUiOjAsImlhdCI6MTc1MDYwODQ4OCwiZXhwIjoxNzUwNjEyMDg4fQ.46dx2H6ECPGbOYDL6wUgTACZBF0BeiCI-6I_12ayXW0","refresh_token":"e99185a114bc504323fbe73e3dec11e5d3925865025a9032ec1eb5eb461bfa95","user":{"id":"df6f0919-a23d-44c9-a925-4ea8be525d10","email":"testit@gmail.com","username":"johndoe23","name":"John Doe","phoneNumber":"0123456788","profilePic":null,"bio":null,"private":false,"verified":false,"role":0,"followersCount":0,"followingCount":0,"postCount":0}}"
23:08:08.286 [pool-2-thread-9] DEBUG org.apache.http.headers -- http-outgoing-231 << HTTP/1.1 200 OK
23:08:08.286 [pool-2-thread-9] DEBUG org.apache.http.headers -- http-outgoing-231 << X-Powered-By: Express
23:08:08.286 [pool-2-thread-9] DEBUG org.apache.http.headers -- http-outgoing-231 << Access-Control-Allow-Origin: *
23:08:08.286 [pool-2-thread-9] DEBUG org.apache.http.headers -- http-outgoing-231 << Content-Type: application/json; charset=utf-8
23:08:08.286 [pool-2-thread-9] DEBUG org.apache.http.headers -- http-outgoing-231 << Content-Length: 604
23:08:08.286 [pool-2-thread-9] DEBUG org.apache.http.headers -- http-outgoing-231 << ETag: W/"25c-96MKI16hP80PwLbqRYbDzMYMlmw"
23:08:08.286 [pool-2-thread-9] DEBUG org.apache.http.headers -- http-outgoing-231 << Date: Sun, 22 Jun 2025 16:08:08 GMT
23:08:08.286 [pool-2-thread-9] DEBUG org.apache.http.headers -- http-outgoing-231 << Connection: keep-alive
23:08:08.286 [pool-2-thread-9] DEBUG org.apache.http.headers -- http-outgoing-231 << Keep-Alive: timeout=5
23:08:08.286 [pool-2-thread-9] DEBUG org.apache.http.impl.execchain.MainClientExec -- Connection can be kept alive for 5000 MILLISECONDS
23:08:08.286 [pool-2-thread-9] DEBUG org.apache.http.impl.conn.PoolingHttpClientConnectionManager -- Connection [id: 231][route: {}->http://localhost:3000] can be kept alive for 5.0 seconds
23:08:08.286 [pool-2-thread-9] DEBUG org.apache.http.impl.conn.DefaultManagedHttpClientConnection -- http-outgoing-231: set socket timeout to 0
23:08:08.286 [pool-2-thread-9] DEBUG org.apache.http.impl.conn.PoolingHttpClientConnectionManager -- Connection released: [id: 231][route: {}->http://localhost:3000][total available: 1; route allocated: 1 of 5; total allocated: 1 of 10]
23:08:08.286 [pool-2-thread-9] DEBUG org.apache.http.impl.conn.PoolingHttpClientConnectionManager -- Connection manager is shutting down
23:08:08.286 [pool-2-thread-9] DEBUG org.apache.http.impl.conn.DefaultManagedHttpClientConnection -- http-outgoing-231: Close connection
23:08:08.286 [pool-2-thread-9] DEBUG org.apache.http.impl.conn.PoolingHttpClientConnectionManager -- Connection manager shut down
23:08:08.288 [pool-2-thread-9] DEBUG com.intuit.karate -- response time in milliseconds: 1918
9 < 200
9 < X-Powered-By: Express
9 < Access-Control-Allow-Origin: *
9 < Content-Type: application/json; charset=utf-8
9 < Content-Length: 604
9 < ETag: W/"25c-96MKI16hP80PwLbqRYbDzMYMlmw"
9 < Date: Sun, 22 Jun 2025 16:08:08 GMT
9 < Connection: keep-alive
9 < Keep-Alive: timeout=5
{"access_token":"eyJhbGciOiJIUzI1NiIsInR5cCI6IkpXVCJ9.eyJzdWIiOiJkZjZmMDkxOS1hMjNkLTQ0YzktYTkyNS00ZWE4YmU1MjVkMTAiLCJ1c2VybmFtZSI6ImpvaG5kb2UyMyIsInJvbGUiOjAsImlhdCI6MTc1MDYwODQ4OCwiZXhwIjoxNzUwNjEyMDg4fQ.46dx2H6ECPGbOYDL6wUgTACZBF0BeiCI-6I_12ayXW0","refresh_token":"e99185a114bc504323fbe73e3dec11e5d3925865025a9032ec1eb5eb461bfa95","user":{"id":"df6f0919-a23d-44c9-a925-4ea8be525d10","email":"testit@gmail.com","username":"johndoe23","name":"John Doe","phoneNumber":"0123456788","profilePic":null,"bio":null,"private":false,"verified":false,"role":0,"followersCount":0,"followingCount":0,"postCount":0}}

23:08:08.289 [pool-2-thread-9] INFO com.intuit.karate -- [print] Call 9 completed, status: 200 
23:08:08.289 [pool-2-thread-9] INFO com.intuit.karate -- [print] *** API CALL 10 *** 
23:08:08.291 [pool-2-thread-9] DEBUG org.apache.http.client.protocol.RequestAddCookies -- CookieSpec selected: karate
23:08:08.291 [pool-2-thread-9] DEBUG org.apache.http.client.protocol.RequestAuthCache -- Auth cache not set in the context
23:08:08.291 [pool-2-thread-9] DEBUG com.intuit.karate -- request:
10 > POST http://localhost:3000/auth/login
10 > Content-Type: application/json; charset=UTF-8
10 > Content-Length: 53
10 > Host: localhost:3000
10 > Connection: Keep-Alive
10 > User-Agent: Apache-HttpClient/4.5.14 (Java/17.0.9)
10 > Accept-Encoding: gzip,deflate
{"email":"testit@gmail.com","password":"Password123"}

23:08:08.291 [pool-2-thread-9] DEBUG org.apache.http.impl.conn.PoolingHttpClientConnectionManager -- Connection request: [route: {}->http://localhost:3000][total available: 0; route allocated: 0 of 5; total allocated: 0 of 10]
23:08:08.291 [pool-2-thread-9] DEBUG org.apache.http.impl.conn.PoolingHttpClientConnectionManager -- Connection leased: [id: 244][route: {}->http://localhost:3000][total available: 0; route allocated: 1 of 5; total allocated: 1 of 10]
23:08:08.291 [pool-2-thread-9] DEBUG org.apache.http.impl.execchain.MainClientExec -- Opening connection {}->http://localhost:3000
23:08:08.291 [pool-2-thread-9] DEBUG org.apache.http.impl.conn.DefaultHttpClientConnectionOperator -- Connecting to localhost/127.0.0.1:3000
23:08:08.291 [pool-2-thread-9] DEBUG org.apache.http.impl.conn.DefaultHttpClientConnectionOperator -- Connection established 127.0.0.1:52912<->127.0.0.1:3000
23:08:08.292 [pool-2-thread-9] DEBUG org.apache.http.impl.conn.DefaultManagedHttpClientConnection -- http-outgoing-244: set socket timeout to 30000
23:08:08.292 [pool-2-thread-9] DEBUG org.apache.http.impl.execchain.MainClientExec -- Executing request POST /auth/login HTTP/1.1
23:08:08.292 [pool-2-thread-9] DEBUG org.apache.http.impl.execchain.MainClientExec -- Target auth state: UNCHALLENGED
23:08:08.292 [pool-2-thread-9] DEBUG org.apache.http.impl.execchain.MainClientExec -- Proxy auth state: UNCHALLENGED
23:08:08.292 [pool-2-thread-9] DEBUG org.apache.http.headers -- http-outgoing-244 >> POST /auth/login HTTP/1.1
23:08:08.292 [pool-2-thread-9] DEBUG org.apache.http.headers -- http-outgoing-244 >> Content-Type: application/json; charset=UTF-8
23:08:08.292 [pool-2-thread-9] DEBUG org.apache.http.headers -- http-outgoing-244 >> Content-Length: 53
23:08:08.292 [pool-2-thread-9] DEBUG org.apache.http.headers -- http-outgoing-244 >> Host: localhost:3000
23:08:08.292 [pool-2-thread-9] DEBUG org.apache.http.headers -- http-outgoing-244 >> Connection: Keep-Alive
23:08:08.292 [pool-2-thread-9] DEBUG org.apache.http.headers -- http-outgoing-244 >> User-Agent: Apache-HttpClient/4.5.14 (Java/17.0.9)
23:08:08.292 [pool-2-thread-9] DEBUG org.apache.http.headers -- http-outgoing-244 >> Accept-Encoding: gzip,deflate
23:08:08.292 [pool-2-thread-9] DEBUG org.apache.http.wire -- http-outgoing-244 >> "POST /auth/login HTTP/1.1[\r][\n]"
23:08:08.292 [pool-2-thread-9] DEBUG org.apache.http.wire -- http-outgoing-244 >> "Content-Type: application/json; charset=UTF-8[\r][\n]"
23:08:08.292 [pool-2-thread-9] DEBUG org.apache.http.wire -- http-outgoing-244 >> "Content-Length: 53[\r][\n]"
23:08:08.292 [pool-2-thread-9] DEBUG org.apache.http.wire -- http-outgoing-244 >> "Host: localhost:3000[\r][\n]"
23:08:08.292 [pool-2-thread-9] DEBUG org.apache.http.wire -- http-outgoing-244 >> "Connection: Keep-Alive[\r][\n]"
23:08:08.292 [pool-2-thread-9] DEBUG org.apache.http.wire -- http-outgoing-244 >> "User-Agent: Apache-HttpClient/4.5.14 (Java/17.0.9)[\r][\n]"
23:08:08.292 [pool-2-thread-9] DEBUG org.apache.http.wire -- http-outgoing-244 >> "Accept-Encoding: gzip,deflate[\r][\n]"
23:08:08.292 [pool-2-thread-9] DEBUG org.apache.http.wire -- http-outgoing-244 >> "[\r][\n]"
23:08:08.292 [pool-2-thread-9] DEBUG org.apache.http.wire -- http-outgoing-244 >> "{"email":"testit@gmail.com","password":"Password123"}"
23:08:08.313 [pool-2-thread-2] DEBUG org.apache.http.wire -- http-outgoing-225 << "HTTP/1.1 200 OK[\r][\n]"
23:08:08.313 [pool-2-thread-2] DEBUG org.apache.http.wire -- http-outgoing-225 << "X-Powered-By: Express[\r][\n]"
23:08:08.313 [pool-2-thread-2] DEBUG org.apache.http.wire -- http-outgoing-225 << "Access-Control-Allow-Origin: *[\r][\n]"
23:08:08.313 [pool-2-thread-2] DEBUG org.apache.http.wire -- http-outgoing-225 << "Content-Type: application/json; charset=utf-8[\r][\n]"
23:08:08.313 [pool-2-thread-2] DEBUG org.apache.http.wire -- http-outgoing-225 << "Content-Length: 715[\r][\n]"
23:08:08.313 [pool-2-thread-2] DEBUG org.apache.http.wire -- http-outgoing-225 << "ETag: W/"2cb-ysNVFyWEwtr1w22w7Xbuc3UuJg4"[\r][\n]"
23:08:08.313 [pool-2-thread-2] DEBUG org.apache.http.wire -- http-outgoing-225 << "Date: Sun, 22 Jun 2025 16:08:08 GMT[\r][\n]"
23:08:08.313 [pool-2-thread-2] DEBUG org.apache.http.wire -- http-outgoing-225 << "Connection: keep-alive[\r][\n]"
23:08:08.313 [pool-2-thread-2] DEBUG org.apache.http.wire -- http-outgoing-225 << "Keep-Alive: timeout=5[\r][\n]"
23:08:08.313 [pool-2-thread-2] DEBUG org.apache.http.wire -- http-outgoing-225 << "[\r][\n]"
23:08:08.313 [pool-2-thread-2] DEBUG org.apache.http.wire -- http-outgoing-225 << "{"access_token":"eyJhbGciOiJIUzI1NiIsInR5cCI6IkpXVCJ9.eyJzdWIiOiIyYjg0YWEyNC02NjhhLTQwZTItYWYxYy1hZDRmYzRmYTVhNmYiLCJ1c2VybmFtZSI6InF1YW5nMSIsInJvbGUiOjAsImlhdCI6MTc1MDYwODQ4OCwiZXhwIjoxNzUwNjEyMDg4fQ.YmPIxaz04k2XcA5qd4e3bq1k7Wj4Y2uv20j9IeM73mA","refresh_token":"64372859734f2b70c0ad6c88e801c3ceb3fa91446f7a2121f48ca67776dc01a9","user":{"id":"2b84aa24-668a-40e2-af1c-ad4fc4fa5a6f","email":"quang1@gmail.com","username":"quang1","name":"quang1","phoneNumber":"09874563210","profilePic":"https://res.cloudinary.com/dizcvrefo/image/upload/v1749027586/nestjs_uploads/xehairydt9rzlbmbmv4c.jpg","bio":"Thang Nam Lao Vua Thoi","private":false,"verified":false,"role":0,"followersCount":2,"followingCount":3,"postCount":2}}"
23:08:08.313 [pool-2-thread-2] DEBUG org.apache.http.headers -- http-outgoing-225 << HTTP/1.1 200 OK
23:08:08.313 [pool-2-thread-2] DEBUG org.apache.http.headers -- http-outgoing-225 << X-Powered-By: Express
23:08:08.313 [pool-2-thread-2] DEBUG org.apache.http.headers -- http-outgoing-225 << Access-Control-Allow-Origin: *
23:08:08.313 [pool-2-thread-2] DEBUG org.apache.http.headers -- http-outgoing-225 << Content-Type: application/json; charset=utf-8
23:08:08.313 [pool-2-thread-2] DEBUG org.apache.http.headers -- http-outgoing-225 << Content-Length: 715
23:08:08.313 [pool-2-thread-2] DEBUG org.apache.http.headers -- http-outgoing-225 << ETag: W/"2cb-ysNVFyWEwtr1w22w7Xbuc3UuJg4"
23:08:08.313 [pool-2-thread-2] DEBUG org.apache.http.headers -- http-outgoing-225 << Date: Sun, 22 Jun 2025 16:08:08 GMT
23:08:08.313 [pool-2-thread-2] DEBUG org.apache.http.headers -- http-outgoing-225 << Connection: keep-alive
23:08:08.313 [pool-2-thread-2] DEBUG org.apache.http.headers -- http-outgoing-225 << Keep-Alive: timeout=5
23:08:08.313 [pool-2-thread-28] DEBUG org.apache.http.wire -- http-outgoing-233 << "HTTP/1.1 200 OK[\r][\n]"
23:08:08.313 [pool-2-thread-28] DEBUG org.apache.http.wire -- http-outgoing-233 << "X-Powered-By: Express[\r][\n]"
23:08:08.313 [pool-2-thread-28] DEBUG org.apache.http.wire -- http-outgoing-233 << "Access-Control-Allow-Origin: *[\r][\n]"
23:08:08.313 [pool-2-thread-28] DEBUG org.apache.http.wire -- http-outgoing-233 << "Content-Type: application/json; charset=utf-8[\r][\n]"
23:08:08.313 [pool-2-thread-28] DEBUG org.apache.http.wire -- http-outgoing-233 << "Content-Length: 609[\r][\n]"
23:08:08.313 [pool-2-thread-28] DEBUG org.apache.http.wire -- http-outgoing-233 << "ETag: W/"261-TAO1d1gE6dssYuydK4v/GjKWVrU"[\r][\n]"
23:08:08.313 [pool-2-thread-28] DEBUG org.apache.http.wire -- http-outgoing-233 << "Date: Sun, 22 Jun 2025 16:08:08 GMT[\r][\n]"
23:08:08.313 [pool-2-thread-28] DEBUG org.apache.http.wire -- http-outgoing-233 << "Connection: keep-alive[\r][\n]"
23:08:08.313 [pool-2-thread-2] DEBUG org.apache.http.impl.execchain.MainClientExec -- Connection can be kept alive for 5000 MILLISECONDS
23:08:08.313 [pool-2-thread-28] DEBUG org.apache.http.wire -- http-outgoing-233 << "Keep-Alive: timeout=5[\r][\n]"
23:08:08.313 [pool-2-thread-28] DEBUG org.apache.http.wire -- http-outgoing-233 << "[\r][\n]"
23:08:08.313 [pool-2-thread-28] DEBUG org.apache.http.wire -- http-outgoing-233 << "{"access_token":"eyJhbGciOiJIUzI1NiIsInR5cCI6IkpXVCJ9.eyJzdWIiOiIyNzJmNmI1NS01MTc5LTRhZTMtODU2My1iNGVjMTBmNzY3MTUiLCJ1c2VybmFtZSI6ImpvaG5kb2UyZDVkIiwicm9sZSI6MCwiaWF0IjoxNzUwNjA4NDg4LCJleHAiOjE3NTA2MTIwODh9.QUAE_jfRO3j5q8ax3M0GsckDFBcgWHAZ4EfRfVPdW3Y","refresh_token":"04fdb22d581d422b49d5707db152a2b0c3af511f8540b1d1cf35e9d9632f814a","user":{"id":"272f6b55-5179-4ae3-8563-b4ec10f76715","email":"testit5@gmail.com","username":"johndoe2d5d","name":"John Doe","phoneNumber":"0123456132","profilePic":null,"bio":null,"private":false,"verified":false,"role":0,"followersCount":0,"followingCount":0,"postCount":0}}"
23:08:08.313 [pool-2-thread-28] DEBUG org.apache.http.headers -- http-outgoing-233 << HTTP/1.1 200 OK
23:08:08.313 [pool-2-thread-28] DEBUG org.apache.http.headers -- http-outgoing-233 << X-Powered-By: Express
23:08:08.313 [pool-2-thread-28] DEBUG org.apache.http.headers -- http-outgoing-233 << Access-Control-Allow-Origin: *
23:08:08.313 [pool-2-thread-28] DEBUG org.apache.http.headers -- http-outgoing-233 << Content-Type: application/json; charset=utf-8
23:08:08.313 [pool-2-thread-28] DEBUG org.apache.http.headers -- http-outgoing-233 << Content-Length: 609
23:08:08.313 [pool-2-thread-28] DEBUG org.apache.http.headers -- http-outgoing-233 << ETag: W/"261-TAO1d1gE6dssYuydK4v/GjKWVrU"
23:08:08.313 [pool-2-thread-28] DEBUG org.apache.http.headers -- http-outgoing-233 << Date: Sun, 22 Jun 2025 16:08:08 GMT
23:08:08.313 [pool-2-thread-28] DEBUG org.apache.http.headers -- http-outgoing-233 << Connection: keep-alive
23:08:08.313 [pool-2-thread-28] DEBUG org.apache.http.headers -- http-outgoing-233 << Keep-Alive: timeout=5
23:08:08.313 [pool-2-thread-28] DEBUG org.apache.http.impl.execchain.MainClientExec -- Connection can be kept alive for 5000 MILLISECONDS
23:08:08.313 [pool-2-thread-2] DEBUG org.apache.http.impl.conn.PoolingHttpClientConnectionManager -- Connection [id: 225][route: {}->http://localhost:3000] can be kept alive for 5.0 seconds
23:08:08.313 [pool-2-thread-2] DEBUG org.apache.http.impl.conn.DefaultManagedHttpClientConnection -- http-outgoing-225: set socket timeout to 0
23:08:08.313 [pool-2-thread-2] DEBUG org.apache.http.impl.conn.PoolingHttpClientConnectionManager -- Connection released: [id: 225][route: {}->http://localhost:3000][total available: 1; route allocated: 1 of 5; total allocated: 1 of 10]
23:08:08.313 [pool-2-thread-28] DEBUG org.apache.http.impl.conn.PoolingHttpClientConnectionManager -- Connection [id: 233][route: {}->http://localhost:3000] can be kept alive for 5.0 seconds
23:08:08.313 [pool-2-thread-28] DEBUG org.apache.http.impl.conn.DefaultManagedHttpClientConnection -- http-outgoing-233: set socket timeout to 0
23:08:08.313 [pool-2-thread-2] DEBUG org.apache.http.impl.conn.PoolingHttpClientConnectionManager -- Connection manager is shutting down
23:08:08.313 [pool-2-thread-28] DEBUG org.apache.http.impl.conn.PoolingHttpClientConnectionManager -- Connection released: [id: 233][route: {}->http://localhost:3000][total available: 1; route allocated: 1 of 5; total allocated: 1 of 10]
23:08:08.313 [pool-2-thread-2] DEBUG org.apache.http.impl.conn.DefaultManagedHttpClientConnection -- http-outgoing-225: Close connection
23:08:08.313 [pool-2-thread-28] DEBUG org.apache.http.impl.conn.PoolingHttpClientConnectionManager -- Connection manager is shutting down
23:08:08.313 [pool-2-thread-28] DEBUG org.apache.http.impl.conn.DefaultManagedHttpClientConnection -- http-outgoing-233: Close connection
23:08:08.313 [pool-2-thread-17] DEBUG org.apache.http.wire -- http-outgoing-226 << "HTTP/1.1 200 OK[\r][\n]"
23:08:08.313 [pool-2-thread-17] DEBUG org.apache.http.wire -- http-outgoing-226 << "X-Powered-By: Express[\r][\n]"
23:08:08.313 [pool-2-thread-17] DEBUG org.apache.http.wire -- http-outgoing-226 << "Access-Control-Allow-Origin: *[\r][\n]"
23:08:08.313 [pool-2-thread-17] DEBUG org.apache.http.wire -- http-outgoing-226 << "Content-Type: application/json; charset=utf-8[\r][\n]"
23:08:08.313 [pool-2-thread-17] DEBUG org.apache.http.wire -- http-outgoing-226 << "Content-Length: 605[\r][\n]"
23:08:08.313 [pool-2-thread-17] DEBUG org.apache.http.wire -- http-outgoing-226 << "ETag: W/"25d-6ome/5nh6ccK2+wmdXdlTfFfDBM"[\r][\n]"
23:08:08.313 [pool-2-thread-17] DEBUG org.apache.http.wire -- http-outgoing-226 << "Date: Sun, 22 Jun 2025 16:08:08 GMT[\r][\n]"
23:08:08.313 [pool-2-thread-2] DEBUG org.apache.http.impl.conn.PoolingHttpClientConnectionManager -- Connection manager shut down
23:08:08.313 [pool-2-thread-17] DEBUG org.apache.http.wire -- http-outgoing-226 << "Connection: keep-alive[\r][\n]"
23:08:08.313 [pool-2-thread-17] DEBUG org.apache.http.wire -- http-outgoing-226 << "Keep-Alive: timeout=5[\r][\n]"
23:08:08.313 [pool-2-thread-17] DEBUG org.apache.http.wire -- http-outgoing-226 << "[\r][\n]"
23:08:08.313 [pool-2-thread-17] DEBUG org.apache.http.wire -- http-outgoing-226 << "{"access_token":"eyJhbGciOiJIUzI1NiIsInR5cCI6IkpXVCJ9.eyJzdWIiOiI2NTBjZTFlZC1hYWNhLTQzOGYtOTk4OC0xZjA1OGFiNWFhMWEiLCJ1c2VybmFtZSI6ImpvaG5kb2UyNSIsInJvbGUiOjAsImlhdCI6MTc1MDYwODQ4OCwiZXhwIjoxNzUwNjEyMDg4fQ.GuxgEmcc1BaqlxRf37WyadCIlEDSgTBUaqRPyTZnxZQ","refresh_token":"2b41ec66381f1060a60989d0a9e1d8170961a5bee26032e236ace1cbf08c59c4","user":{"id":"650ce1ed-aaca-438f-9988-1f058ab5aa1a","email":"testit3@gmail.com","username":"johndoe25","name":"John Doe","phoneNumber":"0123456713","profilePic":null,"bio":null,"private":false,"verified":false,"role":0,"followersCount":0,"followingCount":0,"postCount":0}}"
23:08:08.313 [pool-2-thread-28] DEBUG org.apache.http.impl.conn.PoolingHttpClientConnectionManager -- Connection manager shut down
23:08:08.313 [pool-2-thread-17] DEBUG org.apache.http.headers -- http-outgoing-226 << HTTP/1.1 200 OK
23:08:08.313 [pool-2-thread-17] DEBUG org.apache.http.headers -- http-outgoing-226 << X-Powered-By: Express
23:08:08.313 [pool-2-thread-17] DEBUG org.apache.http.headers -- http-outgoing-226 << Access-Control-Allow-Origin: *
23:08:08.313 [pool-2-thread-17] DEBUG org.apache.http.headers -- http-outgoing-226 << Content-Type: application/json; charset=utf-8
23:08:08.314 [pool-2-thread-17] DEBUG org.apache.http.headers -- http-outgoing-226 << Content-Length: 605
23:08:08.314 [pool-2-thread-17] DEBUG org.apache.http.headers -- http-outgoing-226 << ETag: W/"25d-6ome/5nh6ccK2+wmdXdlTfFfDBM"
23:08:08.314 [pool-2-thread-17] DEBUG org.apache.http.headers -- http-outgoing-226 << Date: Sun, 22 Jun 2025 16:08:08 GMT
23:08:08.314 [pool-2-thread-17] DEBUG org.apache.http.headers -- http-outgoing-226 << Connection: keep-alive
23:08:08.314 [pool-2-thread-17] DEBUG org.apache.http.headers -- http-outgoing-226 << Keep-Alive: timeout=5
23:08:08.314 [pool-2-thread-28] DEBUG com.intuit.karate -- response time in milliseconds: 1900
8 < 200
8 < X-Powered-By: Express
8 < Access-Control-Allow-Origin: *
8 < Content-Type: application/json; charset=utf-8
8 < Content-Length: 609
8 < ETag: W/"261-TAO1d1gE6dssYuydK4v/GjKWVrU"
8 < Date: Sun, 22 Jun 2025 16:08:08 GMT
8 < Connection: keep-alive
8 < Keep-Alive: timeout=5
{"access_token":"eyJhbGciOiJIUzI1NiIsInR5cCI6IkpXVCJ9.eyJzdWIiOiIyNzJmNmI1NS01MTc5LTRhZTMtODU2My1iNGVjMTBmNzY3MTUiLCJ1c2VybmFtZSI6ImpvaG5kb2UyZDVkIiwicm9sZSI6MCwiaWF0IjoxNzUwNjA4NDg4LCJleHAiOjE3NTA2MTIwODh9.QUAE_jfRO3j5q8ax3M0GsckDFBcgWHAZ4EfRfVPdW3Y","refresh_token":"04fdb22d581d422b49d5707db152a2b0c3af511f8540b1d1cf35e9d9632f814a","user":{"id":"272f6b55-5179-4ae3-8563-b4ec10f76715","email":"testit5@gmail.com","username":"johndoe2d5d","name":"John Doe","phoneNumber":"0123456132","profilePic":null,"bio":null,"private":false,"verified":false,"role":0,"followersCount":0,"followingCount":0,"postCount":0}}

23:08:08.314 [pool-2-thread-17] DEBUG org.apache.http.impl.execchain.MainClientExec -- Connection can be kept alive for 5000 MILLISECONDS
23:08:08.314 [pool-2-thread-2] DEBUG com.intuit.karate -- response time in milliseconds: 2861
8 < 200
8 < X-Powered-By: Express
8 < Access-Control-Allow-Origin: *
8 < Content-Type: application/json; charset=utf-8
8 < Content-Length: 715
8 < ETag: W/"2cb-ysNVFyWEwtr1w22w7Xbuc3UuJg4"
8 < Date: Sun, 22 Jun 2025 16:08:08 GMT
8 < Connection: keep-alive
8 < Keep-Alive: timeout=5
{"access_token":"eyJhbGciOiJIUzI1NiIsInR5cCI6IkpXVCJ9.eyJzdWIiOiIyYjg0YWEyNC02NjhhLTQwZTItYWYxYy1hZDRmYzRmYTVhNmYiLCJ1c2VybmFtZSI6InF1YW5nMSIsInJvbGUiOjAsImlhdCI6MTc1MDYwODQ4OCwiZXhwIjoxNzUwNjEyMDg4fQ.YmPIxaz04k2XcA5qd4e3bq1k7Wj4Y2uv20j9IeM73mA","refresh_token":"64372859734f2b70c0ad6c88e801c3ceb3fa91446f7a2121f48ca67776dc01a9","user":{"id":"2b84aa24-668a-40e2-af1c-ad4fc4fa5a6f","email":"quang1@gmail.com","username":"quang1","name":"quang1","phoneNumber":"09874563210","profilePic":"https://res.cloudinary.com/dizcvrefo/image/upload/v1749027586/nestjs_uploads/xehairydt9rzlbmbmv4c.jpg","bio":"Thang Nam Lao Vua Thoi","private":false,"verified":false,"role":0,"followersCount":2,"followingCount":3,"postCount":2}}

23:08:08.314 [pool-2-thread-17] DEBUG org.apache.http.impl.conn.PoolingHttpClientConnectionManager -- Connection [id: 226][route: {}->http://localhost:3000] can be kept alive for 5.0 seconds
23:08:08.314 [pool-2-thread-17] DEBUG org.apache.http.impl.conn.DefaultManagedHttpClientConnection -- http-outgoing-226: set socket timeout to 0
23:08:08.314 [pool-2-thread-17] DEBUG org.apache.http.impl.conn.PoolingHttpClientConnectionManager -- Connection released: [id: 226][route: {}->http://localhost:3000][total available: 1; route allocated: 1 of 5; total allocated: 1 of 10]
23:08:08.314 [pool-2-thread-17] DEBUG org.apache.http.impl.conn.PoolingHttpClientConnectionManager -- Connection manager is shutting down
23:08:08.314 [pool-2-thread-17] DEBUG org.apache.http.impl.conn.DefaultManagedHttpClientConnection -- http-outgoing-226: Close connection
23:08:08.314 [pool-2-thread-17] DEBUG org.apache.http.impl.conn.PoolingHttpClientConnectionManager -- Connection manager shut down
23:08:08.314 [pool-2-thread-17] DEBUG com.intuit.karate -- response time in milliseconds: 2148
8 < 200
8 < X-Powered-By: Express
8 < Access-Control-Allow-Origin: *
8 < Content-Type: application/json; charset=utf-8
8 < Content-Length: 605
8 < ETag: W/"25d-6ome/5nh6ccK2+wmdXdlTfFfDBM"
8 < Date: Sun, 22 Jun 2025 16:08:08 GMT
8 < Connection: keep-alive
8 < Keep-Alive: timeout=5
{"access_token":"eyJhbGciOiJIUzI1NiIsInR5cCI6IkpXVCJ9.eyJzdWIiOiI2NTBjZTFlZC1hYWNhLTQzOGYtOTk4OC0xZjA1OGFiNWFhMWEiLCJ1c2VybmFtZSI6ImpvaG5kb2UyNSIsInJvbGUiOjAsImlhdCI6MTc1MDYwODQ4OCwiZXhwIjoxNzUwNjEyMDg4fQ.GuxgEmcc1BaqlxRf37WyadCIlEDSgTBUaqRPyTZnxZQ","refresh_token":"2b41ec66381f1060a60989d0a9e1d8170961a5bee26032e236ace1cbf08c59c4","user":{"id":"650ce1ed-aaca-438f-9988-1f058ab5aa1a","email":"testit3@gmail.com","username":"johndoe25","name":"John Doe","phoneNumber":"0123456713","profilePic":null,"bio":null,"private":false,"verified":false,"role":0,"followersCount":0,"followingCount":0,"postCount":0}}

23:08:08.314 [pool-2-thread-28] INFO com.intuit.karate -- [print] Call 8 completed, status: 200 
23:08:08.314 [pool-2-thread-17] INFO com.intuit.karate -- [print] Call 8 completed, status: 200 
23:08:08.314 [pool-2-thread-2] INFO com.intuit.karate -- [print] Call 8 completed, status: 200 
23:08:08.314 [pool-2-thread-17] INFO com.intuit.karate -- [print] *** API CALL 9 *** 
23:08:08.315 [pool-2-thread-28] INFO com.intuit.karate -- [print] *** API CALL 9 *** 
23:08:08.315 [pool-2-thread-2] INFO com.intuit.karate -- [print] *** API CALL 9 *** 
23:08:08.316 [pool-2-thread-2] DEBUG org.apache.http.client.protocol.RequestAddCookies -- CookieSpec selected: karate
23:08:08.316 [pool-2-thread-17] DEBUG org.apache.http.client.protocol.RequestAddCookies -- CookieSpec selected: karate
23:08:08.316 [pool-2-thread-28] DEBUG org.apache.http.client.protocol.RequestAddCookies -- CookieSpec selected: karate
23:08:08.316 [pool-2-thread-28] DEBUG org.apache.http.client.protocol.RequestAuthCache -- Auth cache not set in the context
23:08:08.316 [pool-2-thread-17] DEBUG org.apache.http.client.protocol.RequestAuthCache -- Auth cache not set in the context
23:08:08.316 [pool-2-thread-2] DEBUG org.apache.http.client.protocol.RequestAuthCache -- Auth cache not set in the context
23:08:08.316 [pool-2-thread-28] DEBUG com.intuit.karate -- request:
9 > POST http://localhost:3000/auth/login
9 > Content-Type: application/json; charset=UTF-8
9 > Content-Length: 54
9 > Host: localhost:3000
9 > Connection: Keep-Alive
9 > User-Agent: Apache-HttpClient/4.5.14 (Java/17.0.9)
9 > Accept-Encoding: gzip,deflate
{"email":"testit5@gmail.com","password":"Password123"}

23:08:08.316 [pool-2-thread-2] DEBUG com.intuit.karate -- request:
9 > POST http://localhost:3000/auth/login
9 > Content-Type: application/json; charset=UTF-8
9 > Content-Length: 48
9 > Host: localhost:3000
9 > Connection: Keep-Alive
9 > User-Agent: Apache-HttpClient/4.5.14 (Java/17.0.9)
9 > Accept-Encoding: gzip,deflate
{"email":"quang1@gmail.com","password":"quang1"}

23:08:08.316 [pool-2-thread-17] DEBUG com.intuit.karate -- request:
9 > POST http://localhost:3000/auth/login
9 > Content-Type: application/json; charset=UTF-8
9 > Content-Length: 54
9 > Host: localhost:3000
9 > Connection: Keep-Alive
9 > User-Agent: Apache-HttpClient/4.5.14 (Java/17.0.9)
9 > Accept-Encoding: gzip,deflate
{"email":"testit3@gmail.com","password":"Password123"}

23:08:08.316 [pool-2-thread-2] DEBUG org.apache.http.impl.conn.PoolingHttpClientConnectionManager -- Connection request: [route: {}->http://localhost:3000][total available: 0; route allocated: 0 of 5; total allocated: 0 of 10]
23:08:08.316 [pool-2-thread-28] DEBUG org.apache.http.impl.conn.PoolingHttpClientConnectionManager -- Connection request: [route: {}->http://localhost:3000][total available: 0; route allocated: 0 of 5; total allocated: 0 of 10]
23:08:08.316 [pool-2-thread-17] DEBUG org.apache.http.impl.conn.PoolingHttpClientConnectionManager -- Connection request: [route: {}->http://localhost:3000][total available: 0; route allocated: 0 of 5; total allocated: 0 of 10]
23:08:08.316 [pool-2-thread-2] DEBUG org.apache.http.impl.conn.PoolingHttpClientConnectionManager -- Connection leased: [id: 246][route: {}->http://localhost:3000][total available: 0; route allocated: 1 of 5; total allocated: 1 of 10]
23:08:08.316 [pool-2-thread-28] DEBUG org.apache.http.impl.conn.PoolingHttpClientConnectionManager -- Connection leased: [id: 245][route: {}->http://localhost:3000][total available: 0; route allocated: 1 of 5; total allocated: 1 of 10]
23:08:08.316 [pool-2-thread-2] DEBUG org.apache.http.impl.execchain.MainClientExec -- Opening connection {}->http://localhost:3000
23:08:08.316 [pool-2-thread-17] DEBUG org.apache.http.impl.conn.PoolingHttpClientConnectionManager -- Connection leased: [id: 247][route: {}->http://localhost:3000][total available: 0; route allocated: 1 of 5; total allocated: 1 of 10]
23:08:08.316 [pool-2-thread-28] DEBUG org.apache.http.impl.execchain.MainClientExec -- Opening connection {}->http://localhost:3000
23:08:08.316 [pool-2-thread-17] DEBUG org.apache.http.impl.execchain.MainClientExec -- Opening connection {}->http://localhost:3000
23:08:08.316 [pool-2-thread-28] DEBUG org.apache.http.impl.conn.DefaultHttpClientConnectionOperator -- Connecting to localhost/127.0.0.1:3000
23:08:08.316 [pool-2-thread-17] DEBUG org.apache.http.impl.conn.DefaultHttpClientConnectionOperator -- Connecting to localhost/127.0.0.1:3000
23:08:08.316 [pool-2-thread-2] DEBUG org.apache.http.impl.conn.DefaultHttpClientConnectionOperator -- Connecting to localhost/127.0.0.1:3000
23:08:08.316 [pool-2-thread-28] DEBUG org.apache.http.impl.conn.DefaultHttpClientConnectionOperator -- Connection established 127.0.0.1:52914<->127.0.0.1:3000
23:08:08.316 [pool-2-thread-17] DEBUG org.apache.http.impl.conn.DefaultHttpClientConnectionOperator -- Connection established 127.0.0.1:52913<->127.0.0.1:3000
23:08:08.316 [pool-2-thread-28] DEBUG org.apache.http.impl.conn.DefaultManagedHttpClientConnection -- http-outgoing-246: set socket timeout to 30000
23:08:08.316 [pool-2-thread-17] DEBUG org.apache.http.impl.conn.DefaultManagedHttpClientConnection -- http-outgoing-245: set socket timeout to 30000
23:08:08.316 [pool-2-thread-2] DEBUG org.apache.http.impl.conn.DefaultHttpClientConnectionOperator -- Connection established 127.0.0.1:52915<->127.0.0.1:3000
23:08:08.318 [pool-2-thread-17] DEBUG org.apache.http.impl.execchain.MainClientExec -- Executing request POST /auth/login HTTP/1.1
23:08:08.318 [pool-2-thread-28] DEBUG org.apache.http.impl.execchain.MainClientExec -- Executing request POST /auth/login HTTP/1.1
23:08:08.318 [pool-2-thread-2] DEBUG org.apache.http.impl.conn.DefaultManagedHttpClientConnection -- http-outgoing-247: set socket timeout to 30000
23:08:08.318 [pool-2-thread-17] DEBUG org.apache.http.impl.execchain.MainClientExec -- Target auth state: UNCHALLENGED
23:08:08.318 [pool-2-thread-2] DEBUG org.apache.http.impl.execchain.MainClientExec -- Executing request POST /auth/login HTTP/1.1
23:08:08.318 [pool-2-thread-28] DEBUG org.apache.http.impl.execchain.MainClientExec -- Target auth state: UNCHALLENGED
23:08:08.318 [pool-2-thread-28] DEBUG org.apache.http.impl.execchain.MainClientExec -- Proxy auth state: UNCHALLENGED
23:08:08.318 [pool-2-thread-2] DEBUG org.apache.http.impl.execchain.MainClientExec -- Target auth state: UNCHALLENGED
23:08:08.318 [pool-2-thread-17] DEBUG org.apache.http.impl.execchain.MainClientExec -- Proxy auth state: UNCHALLENGED
23:08:08.318 [pool-2-thread-17] DEBUG org.apache.http.headers -- http-outgoing-245 >> POST /auth/login HTTP/1.1
23:08:08.318 [pool-2-thread-17] DEBUG org.apache.http.headers -- http-outgoing-245 >> Content-Type: application/json; charset=UTF-8
23:08:08.318 [pool-2-thread-17] DEBUG org.apache.http.headers -- http-outgoing-245 >> Content-Length: 54
23:08:08.318 [pool-2-thread-17] DEBUG org.apache.http.headers -- http-outgoing-245 >> Host: localhost:3000
23:08:08.318 [pool-2-thread-17] DEBUG org.apache.http.headers -- http-outgoing-245 >> Connection: Keep-Alive
23:08:08.318 [pool-2-thread-17] DEBUG org.apache.http.headers -- http-outgoing-245 >> User-Agent: Apache-HttpClient/4.5.14 (Java/17.0.9)
23:08:08.318 [pool-2-thread-17] DEBUG org.apache.http.headers -- http-outgoing-245 >> Accept-Encoding: gzip,deflate
23:08:08.318 [pool-2-thread-2] DEBUG org.apache.http.impl.execchain.MainClientExec -- Proxy auth state: UNCHALLENGED
23:08:08.318 [pool-2-thread-28] DEBUG org.apache.http.headers -- http-outgoing-246 >> POST /auth/login HTTP/1.1
23:08:08.318 [pool-2-thread-28] DEBUG org.apache.http.headers -- http-outgoing-246 >> Content-Type: application/json; charset=UTF-8
23:08:08.318 [pool-2-thread-28] DEBUG org.apache.http.headers -- http-outgoing-246 >> Content-Length: 54
23:08:08.318 [pool-2-thread-28] DEBUG org.apache.http.headers -- http-outgoing-246 >> Host: localhost:3000
23:08:08.318 [pool-2-thread-28] DEBUG org.apache.http.headers -- http-outgoing-246 >> Connection: Keep-Alive
23:08:08.318 [pool-2-thread-28] DEBUG org.apache.http.headers -- http-outgoing-246 >> User-Agent: Apache-HttpClient/4.5.14 (Java/17.0.9)
23:08:08.318 [pool-2-thread-28] DEBUG org.apache.http.headers -- http-outgoing-246 >> Accept-Encoding: gzip,deflate
23:08:08.318 [pool-2-thread-17] DEBUG org.apache.http.wire -- http-outgoing-245 >> "POST /auth/login HTTP/1.1[\r][\n]"
23:08:08.318 [pool-2-thread-17] DEBUG org.apache.http.wire -- http-outgoing-245 >> "Content-Type: application/json; charset=UTF-8[\r][\n]"
23:08:08.318 [pool-2-thread-28] DEBUG org.apache.http.wire -- http-outgoing-246 >> "POST /auth/login HTTP/1.1[\r][\n]"
23:08:08.318 [pool-2-thread-2] DEBUG org.apache.http.headers -- http-outgoing-247 >> POST /auth/login HTTP/1.1
23:08:08.318 [pool-2-thread-28] DEBUG org.apache.http.wire -- http-outgoing-246 >> "Content-Type: application/json; charset=UTF-8[\r][\n]"
23:08:08.318 [pool-2-thread-28] DEBUG org.apache.http.wire -- http-outgoing-246 >> "Content-Length: 54[\r][\n]"
23:08:08.318 [pool-2-thread-28] DEBUG org.apache.http.wire -- http-outgoing-246 >> "Host: localhost:3000[\r][\n]"
23:08:08.318 [pool-2-thread-28] DEBUG org.apache.http.wire -- http-outgoing-246 >> "Connection: Keep-Alive[\r][\n]"
23:08:08.318 [pool-2-thread-2] DEBUG org.apache.http.headers -- http-outgoing-247 >> Content-Type: application/json; charset=UTF-8
23:08:08.318 [pool-2-thread-2] DEBUG org.apache.http.headers -- http-outgoing-247 >> Content-Length: 48
23:08:08.318 [pool-2-thread-2] DEBUG org.apache.http.headers -- http-outgoing-247 >> Host: localhost:3000
23:08:08.318 [pool-2-thread-2] DEBUG org.apache.http.headers -- http-outgoing-247 >> Connection: Keep-Alive
23:08:08.318 [pool-2-thread-2] DEBUG org.apache.http.headers -- http-outgoing-247 >> User-Agent: Apache-HttpClient/4.5.14 (Java/17.0.9)
23:08:08.318 [pool-2-thread-2] DEBUG org.apache.http.headers -- http-outgoing-247 >> Accept-Encoding: gzip,deflate
23:08:08.318 [pool-2-thread-2] DEBUG org.apache.http.wire -- http-outgoing-247 >> "POST /auth/login HTTP/1.1[\r][\n]"
23:08:08.318 [pool-2-thread-2] DEBUG org.apache.http.wire -- http-outgoing-247 >> "Content-Type: application/json; charset=UTF-8[\r][\n]"
23:08:08.318 [pool-2-thread-17] DEBUG org.apache.http.wire -- http-outgoing-245 >> "Content-Length: 54[\r][\n]"
23:08:08.318 [pool-2-thread-28] DEBUG org.apache.http.wire -- http-outgoing-246 >> "User-Agent: Apache-HttpClient/4.5.14 (Java/17.0.9)[\r][\n]"
23:08:08.318 [pool-2-thread-17] DEBUG org.apache.http.wire -- http-outgoing-245 >> "Host: localhost:3000[\r][\n]"
23:08:08.318 [pool-2-thread-17] DEBUG org.apache.http.wire -- http-outgoing-245 >> "Connection: Keep-Alive[\r][\n]"
23:08:08.318 [pool-2-thread-17] DEBUG org.apache.http.wire -- http-outgoing-245 >> "User-Agent: Apache-HttpClient/4.5.14 (Java/17.0.9)[\r][\n]"
23:08:08.318 [pool-2-thread-17] DEBUG org.apache.http.wire -- http-outgoing-245 >> "Accept-Encoding: gzip,deflate[\r][\n]"
23:08:08.318 [pool-2-thread-17] DEBUG org.apache.http.wire -- http-outgoing-245 >> "[\r][\n]"
23:08:08.318 [pool-2-thread-2] DEBUG org.apache.http.wire -- http-outgoing-247 >> "Content-Length: 48[\r][\n]"
23:08:08.318 [pool-2-thread-17] DEBUG org.apache.http.wire -- http-outgoing-245 >> "{"email":"testit3@gmail.com","password":"Password123"}"
23:08:08.318 [pool-2-thread-2] DEBUG org.apache.http.wire -- http-outgoing-247 >> "Host: localhost:3000[\r][\n]"
23:08:08.318 [pool-2-thread-2] DEBUG org.apache.http.wire -- http-outgoing-247 >> "Connection: Keep-Alive[\r][\n]"
23:08:08.318 [pool-2-thread-28] DEBUG org.apache.http.wire -- http-outgoing-246 >> "Accept-Encoding: gzip,deflate[\r][\n]"
23:08:08.318 [pool-2-thread-28] DEBUG org.apache.http.wire -- http-outgoing-246 >> "[\r][\n]"
23:08:08.318 [pool-2-thread-28] DEBUG org.apache.http.wire -- http-outgoing-246 >> "{"email":"testit5@gmail.com","password":"Password123"}"
23:08:08.318 [pool-2-thread-2] DEBUG org.apache.http.wire -- http-outgoing-247 >> "User-Agent: Apache-HttpClient/4.5.14 (Java/17.0.9)[\r][\n]"
23:08:08.318 [pool-2-thread-2] DEBUG org.apache.http.wire -- http-outgoing-247 >> "Accept-Encoding: gzip,deflate[\r][\n]"
23:08:08.318 [pool-2-thread-2] DEBUG org.apache.http.wire -- http-outgoing-247 >> "[\r][\n]"
23:08:08.318 [pool-2-thread-2] DEBUG org.apache.http.wire -- http-outgoing-247 >> "{"email":"quang1@gmail.com","password":"quang1"}"
23:08:08.381 [pool-2-thread-20] DEBUG org.apache.http.wire -- http-outgoing-227 << "HTTP/1.1 200 OK[\r][\n]"
23:08:08.381 [pool-2-thread-20] DEBUG org.apache.http.wire -- http-outgoing-227 << "X-Powered-By: Express[\r][\n]"
23:08:08.381 [pool-2-thread-20] DEBUG org.apache.http.wire -- http-outgoing-227 << "Access-Control-Allow-Origin: *[\r][\n]"
23:08:08.381 [pool-2-thread-20] DEBUG org.apache.http.wire -- http-outgoing-227 << "Content-Type: application/json; charset=utf-8[\r][\n]"
23:08:08.381 [pool-2-thread-20] DEBUG org.apache.http.wire -- http-outgoing-227 << "Content-Length: 605[\r][\n]"
23:08:08.381 [pool-2-thread-20] DEBUG org.apache.http.wire -- http-outgoing-227 << "ETag: W/"25d-4ZvAWb5II4TdupsBKl/tUwoetTY"[\r][\n]"
23:08:08.381 [pool-2-thread-20] DEBUG org.apache.http.wire -- http-outgoing-227 << "Date: Sun, 22 Jun 2025 16:08:08 GMT[\r][\n]"
23:08:08.381 [pool-2-thread-20] DEBUG org.apache.http.wire -- http-outgoing-227 << "Connection: keep-alive[\r][\n]"
23:08:08.381 [pool-2-thread-20] DEBUG org.apache.http.wire -- http-outgoing-227 << "Keep-Alive: timeout=5[\r][\n]"
23:08:08.381 [pool-2-thread-20] DEBUG org.apache.http.wire -- http-outgoing-227 << "[\r][\n]"
23:08:08.381 [pool-2-thread-20] DEBUG org.apache.http.wire -- http-outgoing-227 << "{"access_token":"eyJhbGciOiJIUzI1NiIsInR5cCI6IkpXVCJ9.eyJzdWIiOiIwYTM3ZWY0My1mZWU4LTQxZDMtYTY4Ni04YWIwODY5NDg2OTUiLCJ1c2VybmFtZSI6ImpvaG5kb2UyMSIsInJvbGUiOjAsImlhdCI6MTc1MDYwODQ4OCwiZXhwIjoxNzUwNjEyMDg4fQ.myyAG0zBG3RiJ4hvTrmiK3O2OfqlQKdAwFAC0XNAIDs","refresh_token":"6caeb0155531e0d202b531dc1a2ebe4e7e0ae353735ef94872f3ec3b21b9e7ce","user":{"id":"0a37ef43-fee8-41d3-a686-8ab086948695","email":"testit2@gmail.com","username":"johndoe21","name":"John Doe","phoneNumber":"0123456712","profilePic":null,"bio":null,"private":false,"verified":false,"role":0,"followersCount":0,"followingCount":0,"postCount":0}}"
23:08:08.381 [pool-2-thread-20] DEBUG org.apache.http.headers -- http-outgoing-227 << HTTP/1.1 200 OK
23:08:08.381 [pool-2-thread-20] DEBUG org.apache.http.headers -- http-outgoing-227 << X-Powered-By: Express
23:08:08.381 [pool-2-thread-20] DEBUG org.apache.http.headers -- http-outgoing-227 << Access-Control-Allow-Origin: *
23:08:08.381 [pool-2-thread-20] DEBUG org.apache.http.headers -- http-outgoing-227 << Content-Type: application/json; charset=utf-8
23:08:08.381 [pool-2-thread-20] DEBUG org.apache.http.headers -- http-outgoing-227 << Content-Length: 605
23:08:08.381 [pool-2-thread-20] DEBUG org.apache.http.headers -- http-outgoing-227 << ETag: W/"25d-4ZvAWb5II4TdupsBKl/tUwoetTY"
23:08:08.381 [pool-2-thread-20] DEBUG org.apache.http.headers -- http-outgoing-227 << Date: Sun, 22 Jun 2025 16:08:08 GMT
23:08:08.381 [pool-2-thread-20] DEBUG org.apache.http.headers -- http-outgoing-227 << Connection: keep-alive
23:08:08.381 [pool-2-thread-20] DEBUG org.apache.http.headers -- http-outgoing-227 << Keep-Alive: timeout=5
23:08:08.381 [pool-2-thread-20] DEBUG org.apache.http.impl.execchain.MainClientExec -- Connection can be kept alive for 5000 MILLISECONDS
23:08:08.381 [pool-2-thread-20] DEBUG org.apache.http.impl.conn.PoolingHttpClientConnectionManager -- Connection [id: 227][route: {}->http://localhost:3000] can be kept alive for 5.0 seconds
23:08:08.381 [pool-2-thread-20] DEBUG org.apache.http.impl.conn.DefaultManagedHttpClientConnection -- http-outgoing-227: set socket timeout to 0
23:08:08.381 [pool-2-thread-20] DEBUG org.apache.http.impl.conn.PoolingHttpClientConnectionManager -- Connection released: [id: 227][route: {}->http://localhost:3000][total available: 1; route allocated: 1 of 5; total allocated: 1 of 10]
23:08:08.381 [pool-2-thread-20] DEBUG org.apache.http.impl.conn.PoolingHttpClientConnectionManager -- Connection manager is shutting down
23:08:08.381 [pool-2-thread-20] DEBUG org.apache.http.impl.conn.DefaultManagedHttpClientConnection -- http-outgoing-227: Close connection
23:08:08.381 [pool-2-thread-20] DEBUG org.apache.http.impl.conn.PoolingHttpClientConnectionManager -- Connection manager shut down
23:08:08.381 [pool-2-thread-20] DEBUG com.intuit.karate -- response time in milliseconds: 2111
9 < 200
9 < X-Powered-By: Express
9 < Access-Control-Allow-Origin: *
9 < Content-Type: application/json; charset=utf-8
9 < Content-Length: 605
9 < ETag: W/"25d-4ZvAWb5II4TdupsBKl/tUwoetTY"
9 < Date: Sun, 22 Jun 2025 16:08:08 GMT
9 < Connection: keep-alive
9 < Keep-Alive: timeout=5
{"access_token":"eyJhbGciOiJIUzI1NiIsInR5cCI6IkpXVCJ9.eyJzdWIiOiIwYTM3ZWY0My1mZWU4LTQxZDMtYTY4Ni04YWIwODY5NDg2OTUiLCJ1c2VybmFtZSI6ImpvaG5kb2UyMSIsInJvbGUiOjAsImlhdCI6MTc1MDYwODQ4OCwiZXhwIjoxNzUwNjEyMDg4fQ.myyAG0zBG3RiJ4hvTrmiK3O2OfqlQKdAwFAC0XNAIDs","refresh_token":"6caeb0155531e0d202b531dc1a2ebe4e7e0ae353735ef94872f3ec3b21b9e7ce","user":{"id":"0a37ef43-fee8-41d3-a686-8ab086948695","email":"testit2@gmail.com","username":"johndoe21","name":"John Doe","phoneNumber":"0123456712","profilePic":null,"bio":null,"private":false,"verified":false,"role":0,"followersCount":0,"followingCount":0,"postCount":0}}

23:08:08.382 [pool-2-thread-20] INFO com.intuit.karate -- [print] Call 9 completed, status: 200 
23:08:08.382 [pool-2-thread-20] INFO com.intuit.karate -- [print] *** API CALL 10 *** 
23:08:08.383 [pool-2-thread-20] DEBUG org.apache.http.client.protocol.RequestAddCookies -- CookieSpec selected: karate
23:08:08.383 [pool-2-thread-20] DEBUG org.apache.http.client.protocol.RequestAuthCache -- Auth cache not set in the context
23:08:08.383 [pool-2-thread-20] DEBUG com.intuit.karate -- request:
10 > POST http://localhost:3000/auth/login
10 > Content-Type: application/json; charset=UTF-8
10 > Content-Length: 54
10 > Host: localhost:3000
10 > Connection: Keep-Alive
10 > User-Agent: Apache-HttpClient/4.5.14 (Java/17.0.9)
10 > Accept-Encoding: gzip,deflate
{"email":"testit2@gmail.com","password":"Password123"}

23:08:08.383 [pool-2-thread-20] DEBUG org.apache.http.impl.conn.PoolingHttpClientConnectionManager -- Connection request: [route: {}->http://localhost:3000][total available: 0; route allocated: 0 of 5; total allocated: 0 of 10]
23:08:08.383 [pool-2-thread-20] DEBUG org.apache.http.impl.conn.PoolingHttpClientConnectionManager -- Connection leased: [id: 248][route: {}->http://localhost:3000][total available: 0; route allocated: 1 of 5; total allocated: 1 of 10]
23:08:08.383 [pool-2-thread-20] DEBUG org.apache.http.impl.execchain.MainClientExec -- Opening connection {}->http://localhost:3000
23:08:08.383 [pool-2-thread-20] DEBUG org.apache.http.impl.conn.DefaultHttpClientConnectionOperator -- Connecting to localhost/127.0.0.1:3000
23:08:08.383 [pool-2-thread-20] DEBUG org.apache.http.impl.conn.DefaultHttpClientConnectionOperator -- Connection established 127.0.0.1:52916<->127.0.0.1:3000
23:08:08.383 [pool-2-thread-20] DEBUG org.apache.http.impl.conn.DefaultManagedHttpClientConnection -- http-outgoing-248: set socket timeout to 30000
23:08:08.383 [pool-2-thread-20] DEBUG org.apache.http.impl.execchain.MainClientExec -- Executing request POST /auth/login HTTP/1.1
23:08:08.383 [pool-2-thread-20] DEBUG org.apache.http.impl.execchain.MainClientExec -- Target auth state: UNCHALLENGED
23:08:08.383 [pool-2-thread-20] DEBUG org.apache.http.impl.execchain.MainClientExec -- Proxy auth state: UNCHALLENGED
23:08:08.384 [pool-2-thread-20] DEBUG org.apache.http.headers -- http-outgoing-248 >> POST /auth/login HTTP/1.1
23:08:08.384 [pool-2-thread-20] DEBUG org.apache.http.headers -- http-outgoing-248 >> Content-Type: application/json; charset=UTF-8
23:08:08.384 [pool-2-thread-20] DEBUG org.apache.http.headers -- http-outgoing-248 >> Content-Length: 54
23:08:08.384 [pool-2-thread-20] DEBUG org.apache.http.headers -- http-outgoing-248 >> Host: localhost:3000
23:08:08.384 [pool-2-thread-20] DEBUG org.apache.http.headers -- http-outgoing-248 >> Connection: Keep-Alive
23:08:08.384 [pool-2-thread-20] DEBUG org.apache.http.headers -- http-outgoing-248 >> User-Agent: Apache-HttpClient/4.5.14 (Java/17.0.9)
23:08:08.384 [pool-2-thread-20] DEBUG org.apache.http.headers -- http-outgoing-248 >> Accept-Encoding: gzip,deflate
23:08:08.384 [pool-2-thread-20] DEBUG org.apache.http.wire -- http-outgoing-248 >> "POST /auth/login HTTP/1.1[\r][\n]"
23:08:08.384 [pool-2-thread-20] DEBUG org.apache.http.wire -- http-outgoing-248 >> "Content-Type: application/json; charset=UTF-8[\r][\n]"
23:08:08.384 [pool-2-thread-20] DEBUG org.apache.http.wire -- http-outgoing-248 >> "Content-Length: 54[\r][\n]"
23:08:08.384 [pool-2-thread-20] DEBUG org.apache.http.wire -- http-outgoing-248 >> "Host: localhost:3000[\r][\n]"
23:08:08.384 [pool-2-thread-20] DEBUG org.apache.http.wire -- http-outgoing-248 >> "Connection: Keep-Alive[\r][\n]"
23:08:08.384 [pool-2-thread-20] DEBUG org.apache.http.wire -- http-outgoing-248 >> "User-Agent: Apache-HttpClient/4.5.14 (Java/17.0.9)[\r][\n]"
23:08:08.384 [pool-2-thread-20] DEBUG org.apache.http.wire -- http-outgoing-248 >> "Accept-Encoding: gzip,deflate[\r][\n]"
23:08:08.384 [pool-2-thread-20] DEBUG org.apache.http.wire -- http-outgoing-248 >> "[\r][\n]"
23:08:08.384 [pool-2-thread-20] DEBUG org.apache.http.wire -- http-outgoing-248 >> "{"email":"testit2@gmail.com","password":"Password123"}"
23:08:08.454 [pool-2-thread-7] DEBUG org.apache.http.wire -- http-outgoing-238 << "HTTP/1.1 200 OK[\r][\n]"
23:08:08.454 [pool-2-thread-7] DEBUG org.apache.http.wire -- http-outgoing-238 << "X-Powered-By: Express[\r][\n]"
23:08:08.454 [pool-2-thread-7] DEBUG org.apache.http.wire -- http-outgoing-238 << "Access-Control-Allow-Origin: *[\r][\n]"
23:08:08.454 [pool-2-thread-7] DEBUG org.apache.http.wire -- http-outgoing-238 << "Content-Type: application/json; charset=utf-8[\r][\n]"
23:08:08.454 [pool-2-thread-7] DEBUG org.apache.http.wire -- http-outgoing-238 << "Content-Length: 605[\r][\n]"
23:08:08.454 [pool-2-thread-7] DEBUG org.apache.http.wire -- http-outgoing-238 << "ETag: W/"25d-Kho7GjgJoWzY2Mthzw5mxyThuSk"[\r][\n]"
23:08:08.454 [pool-2-thread-7] DEBUG org.apache.http.wire -- http-outgoing-238 << "Date: Sun, 22 Jun 2025 16:08:08 GMT[\r][\n]"
23:08:08.454 [pool-2-thread-7] DEBUG org.apache.http.wire -- http-outgoing-238 << "Connection: keep-alive[\r][\n]"
23:08:08.454 [pool-2-thread-7] DEBUG org.apache.http.wire -- http-outgoing-238 << "Keep-Alive: timeout=5[\r][\n]"
23:08:08.454 [pool-2-thread-7] DEBUG org.apache.http.wire -- http-outgoing-238 << "[\r][\n]"
23:08:08.454 [pool-2-thread-7] DEBUG org.apache.http.wire -- http-outgoing-238 << "{"access_token":"eyJhbGciOiJIUzI1NiIsInR5cCI6IkpXVCJ9.eyJzdWIiOiI2NTBjZTFlZC1hYWNhLTQzOGYtOTk4OC0xZjA1OGFiNWFhMWEiLCJ1c2VybmFtZSI6ImpvaG5kb2UyNSIsInJvbGUiOjAsImlhdCI6MTc1MDYwODQ4OCwiZXhwIjoxNzUwNjEyMDg4fQ.GuxgEmcc1BaqlxRf37WyadCIlEDSgTBUaqRPyTZnxZQ","refresh_token":"768dda12575f4987f26abcdf70b808b1f88160177541edd41155813c5028156e","user":{"id":"650ce1ed-aaca-438f-9988-1f058ab5aa1a","email":"testit3@gmail.com","username":"johndoe25","name":"John Doe","phoneNumber":"0123456713","profilePic":null,"bio":null,"private":false,"verified":false,"role":0,"followersCount":0,"followingCount":0,"postCount":0}}"
23:08:08.454 [pool-2-thread-7] DEBUG org.apache.http.headers -- http-outgoing-238 << HTTP/1.1 200 OK
23:08:08.454 [pool-2-thread-7] DEBUG org.apache.http.headers -- http-outgoing-238 << X-Powered-By: Express
23:08:08.454 [pool-2-thread-7] DEBUG org.apache.http.headers -- http-outgoing-238 << Access-Control-Allow-Origin: *
23:08:08.454 [pool-2-thread-7] DEBUG org.apache.http.headers -- http-outgoing-238 << Content-Type: application/json; charset=utf-8
23:08:08.454 [pool-2-thread-7] DEBUG org.apache.http.headers -- http-outgoing-238 << Content-Length: 605
23:08:08.454 [pool-2-thread-7] DEBUG org.apache.http.headers -- http-outgoing-238 << ETag: W/"25d-Kho7GjgJoWzY2Mthzw5mxyThuSk"
23:08:08.454 [pool-2-thread-7] DEBUG org.apache.http.headers -- http-outgoing-238 << Date: Sun, 22 Jun 2025 16:08:08 GMT
23:08:08.454 [pool-2-thread-7] DEBUG org.apache.http.headers -- http-outgoing-238 << Connection: keep-alive
23:08:08.454 [pool-2-thread-7] DEBUG org.apache.http.headers -- http-outgoing-238 << Keep-Alive: timeout=5
23:08:08.454 [pool-2-thread-7] DEBUG org.apache.http.impl.execchain.MainClientExec -- Connection can be kept alive for 5000 MILLISECONDS
23:08:08.455 [pool-2-thread-7] DEBUG org.apache.http.impl.conn.PoolingHttpClientConnectionManager -- Connection [id: 238][route: {}->http://localhost:3000] can be kept alive for 5.0 seconds
23:08:08.455 [pool-2-thread-7] DEBUG org.apache.http.impl.conn.DefaultManagedHttpClientConnection -- http-outgoing-238: set socket timeout to 0
23:08:08.455 [pool-2-thread-7] DEBUG org.apache.http.impl.conn.PoolingHttpClientConnectionManager -- Connection released: [id: 238][route: {}->http://localhost:3000][total available: 1; route allocated: 1 of 5; total allocated: 1 of 10]
23:08:08.455 [pool-2-thread-7] DEBUG org.apache.http.impl.conn.PoolingHttpClientConnectionManager -- Connection manager is shutting down
23:08:08.455 [pool-2-thread-7] DEBUG org.apache.http.impl.conn.DefaultManagedHttpClientConnection -- http-outgoing-238: Close connection
23:08:08.455 [pool-2-thread-7] DEBUG org.apache.http.impl.conn.PoolingHttpClientConnectionManager -- Connection manager shut down
23:08:08.455 [pool-2-thread-7] DEBUG com.intuit.karate -- response time in milliseconds: 1153
10 < 200
10 < X-Powered-By: Express
10 < Access-Control-Allow-Origin: *
10 < Content-Type: application/json; charset=utf-8
10 < Content-Length: 605
10 < ETag: W/"25d-Kho7GjgJoWzY2Mthzw5mxyThuSk"
10 < Date: Sun, 22 Jun 2025 16:08:08 GMT
10 < Connection: keep-alive
10 < Keep-Alive: timeout=5
{"access_token":"eyJhbGciOiJIUzI1NiIsInR5cCI6IkpXVCJ9.eyJzdWIiOiI2NTBjZTFlZC1hYWNhLTQzOGYtOTk4OC0xZjA1OGFiNWFhMWEiLCJ1c2VybmFtZSI6ImpvaG5kb2UyNSIsInJvbGUiOjAsImlhdCI6MTc1MDYwODQ4OCwiZXhwIjoxNzUwNjEyMDg4fQ.GuxgEmcc1BaqlxRf37WyadCIlEDSgTBUaqRPyTZnxZQ","refresh_token":"768dda12575f4987f26abcdf70b808b1f88160177541edd41155813c5028156e","user":{"id":"650ce1ed-aaca-438f-9988-1f058ab5aa1a","email":"testit3@gmail.com","username":"johndoe25","name":"John Doe","phoneNumber":"0123456713","profilePic":null,"bio":null,"private":false,"verified":false,"role":0,"followersCount":0,"followingCount":0,"postCount":0}}

23:08:08.456 [pool-2-thread-7] INFO com.intuit.karate -- [print] Call 10 completed, status: 200 
23:08:08.456 [pool-2-thread-7] INFO com.intuit.karate -- [print] === COMPLETED 10 API CALLS for user: testit3@gmail.com === 
23:08:09.161 [pool-2-thread-12] DEBUG org.apache.http.wire -- http-outgoing-235 << "HTTP/1.1 200 OK[\r][\n]"
23:08:09.161 [pool-2-thread-12] DEBUG org.apache.http.wire -- http-outgoing-235 << "X-Powered-By: Express[\r][\n]"
23:08:09.161 [pool-2-thread-12] DEBUG org.apache.http.wire -- http-outgoing-235 << "Access-Control-Allow-Origin: *[\r][\n]"
23:08:09.161 [pool-2-thread-12] DEBUG org.apache.http.wire -- http-outgoing-235 << "Content-Type: application/json; charset=utf-8[\r][\n]"
23:08:09.161 [pool-2-thread-12] DEBUG org.apache.http.wire -- http-outgoing-235 << "Content-Length: 715[\r][\n]"
23:08:09.161 [pool-2-thread-12] DEBUG org.apache.http.wire -- http-outgoing-235 << "ETag: W/"2cb-P08Uoz9t/YrA8LCYb/T7RFma27M"[\r][\n]"
23:08:09.161 [pool-2-thread-12] DEBUG org.apache.http.wire -- http-outgoing-235 << "Date: Sun, 22 Jun 2025 16:08:09 GMT[\r][\n]"
23:08:09.161 [pool-2-thread-12] DEBUG org.apache.http.wire -- http-outgoing-235 << "Connection: keep-alive[\r][\n]"
23:08:09.161 [pool-2-thread-12] DEBUG org.apache.http.wire -- http-outgoing-235 << "Keep-Alive: timeout=5[\r][\n]"
23:08:09.161 [pool-2-thread-12] DEBUG org.apache.http.wire -- http-outgoing-235 << "[\r][\n]"
23:08:09.161 [pool-2-thread-12] DEBUG org.apache.http.wire -- http-outgoing-235 << "{"access_token":"eyJhbGciOiJIUzI1NiIsInR5cCI6IkpXVCJ9.eyJzdWIiOiIyYjg0YWEyNC02NjhhLTQwZTItYWYxYy1hZDRmYzRmYTVhNmYiLCJ1c2VybmFtZSI6InF1YW5nMSIsInJvbGUiOjAsImlhdCI6MTc1MDYwODQ4OCwiZXhwIjoxNzUwNjEyMDg4fQ.YmPIxaz04k2XcA5qd4e3bq1k7Wj4Y2uv20j9IeM73mA","refresh_token":"2a399b06ab572423ca756fdad21c279d19528343abf26ee96c1a1508229808da","user":{"id":"2b84aa24-668a-40e2-af1c-ad4fc4fa5a6f","email":"quang1@gmail.com","username":"quang1","name":"quang1","phoneNumber":"09874563210","profilePic":"https://res.cloudinary.com/dizcvrefo/image/upload/v1749027586/nestjs_uploads/xehairydt9rzlbmbmv4c.jpg","bio":"Thang Nam Lao Vua Thoi","private":false,"verified":false,"role":0,"followersCount":2,"followingCount":3,"postCount":2}}"
23:08:09.161 [pool-2-thread-12] DEBUG org.apache.http.headers -- http-outgoing-235 << HTTP/1.1 200 OK
23:08:09.161 [pool-2-thread-12] DEBUG org.apache.http.headers -- http-outgoing-235 << X-Powered-By: Express
23:08:09.161 [pool-2-thread-12] DEBUG org.apache.http.headers -- http-outgoing-235 << Access-Control-Allow-Origin: *
23:08:09.161 [pool-2-thread-12] DEBUG org.apache.http.headers -- http-outgoing-235 << Content-Type: application/json; charset=utf-8
23:08:09.161 [pool-2-thread-12] DEBUG org.apache.http.headers -- http-outgoing-235 << Content-Length: 715
23:08:09.161 [pool-2-thread-12] DEBUG org.apache.http.headers -- http-outgoing-235 << ETag: W/"2cb-P08Uoz9t/YrA8LCYb/T7RFma27M"
23:08:09.161 [pool-2-thread-12] DEBUG org.apache.http.headers -- http-outgoing-235 << Date: Sun, 22 Jun 2025 16:08:09 GMT
23:08:09.161 [pool-2-thread-12] DEBUG org.apache.http.headers -- http-outgoing-235 << Connection: keep-alive
23:08:09.161 [pool-2-thread-12] DEBUG org.apache.http.headers -- http-outgoing-235 << Keep-Alive: timeout=5
23:08:09.161 [pool-2-thread-12] DEBUG org.apache.http.impl.execchain.MainClientExec -- Connection can be kept alive for 5000 MILLISECONDS
23:08:09.161 [pool-2-thread-12] DEBUG org.apache.http.impl.conn.PoolingHttpClientConnectionManager -- Connection [id: 235][route: {}->http://localhost:3000] can be kept alive for 5.0 seconds
23:08:09.161 [pool-2-thread-12] DEBUG org.apache.http.impl.conn.DefaultManagedHttpClientConnection -- http-outgoing-235: set socket timeout to 0
23:08:09.161 [pool-2-thread-30] DEBUG org.apache.http.wire -- http-outgoing-239 << "HTTP/1.1 200 OK[\r][\n]"
23:08:09.161 [pool-2-thread-12] DEBUG org.apache.http.impl.conn.PoolingHttpClientConnectionManager -- Connection released: [id: 235][route: {}->http://localhost:3000][total available: 1; route allocated: 1 of 5; total allocated: 1 of 10]
23:08:09.161 [pool-2-thread-30] DEBUG org.apache.http.wire -- http-outgoing-239 << "X-Powered-By: Express[\r][\n]"
23:08:09.161 [pool-2-thread-30] DEBUG org.apache.http.wire -- http-outgoing-239 << "Access-Control-Allow-Origin: *[\r][\n]"
23:08:09.161 [pool-2-thread-30] DEBUG org.apache.http.wire -- http-outgoing-239 << "Content-Type: application/json; charset=utf-8[\r][\n]"
23:08:09.161 [pool-2-thread-30] DEBUG org.apache.http.wire -- http-outgoing-239 << "Content-Length: 605[\r][\n]"
23:08:09.161 [pool-2-thread-30] DEBUG org.apache.http.wire -- http-outgoing-239 << "ETag: W/"25d-ipdu8kpysQyZM7EUPj5AMOiL7+w"[\r][\n]"
23:08:09.161 [pool-2-thread-30] DEBUG org.apache.http.wire -- http-outgoing-239 << "Date: Sun, 22 Jun 2025 16:08:09 GMT[\r][\n]"
23:08:09.161 [pool-2-thread-30] DEBUG org.apache.http.wire -- http-outgoing-239 << "Connection: keep-alive[\r][\n]"
23:08:09.161 [pool-2-thread-30] DEBUG org.apache.http.wire -- http-outgoing-239 << "Keep-Alive: timeout=5[\r][\n]"
23:08:09.161 [pool-2-thread-30] DEBUG org.apache.http.wire -- http-outgoing-239 << "[\r][\n]"
23:08:09.161 [pool-2-thread-12] DEBUG org.apache.http.impl.conn.PoolingHttpClientConnectionManager -- Connection manager is shutting down
23:08:09.161 [pool-2-thread-30] DEBUG org.apache.http.wire -- http-outgoing-239 << "{"access_token":"eyJhbGciOiJIUzI1NiIsInR5cCI6IkpXVCJ9.eyJzdWIiOiIwYTM3ZWY0My1mZWU4LTQxZDMtYTY4Ni04YWIwODY5NDg2OTUiLCJ1c2VybmFtZSI6ImpvaG5kb2UyMSIsInJvbGUiOjAsImlhdCI6MTc1MDYwODQ4OCwiZXhwIjoxNzUwNjEyMDg4fQ.myyAG0zBG3RiJ4hvTrmiK3O2OfqlQKdAwFAC0XNAIDs","refresh_token":"d7acb691183d8bedae836fdda95a8e52775bb87c539939daed352eb8546165c9","user":{"id":"0a37ef43-fee8-41d3-a686-8ab086948695","email":"testit2@gmail.com","username":"johndoe21","name":"John Doe","phoneNumber":"0123456712","profilePic":null,"bio":null,"private":false,"verified":false,"role":0,"followersCount":0,"followingCount":0,"postCount":0}}"
23:08:09.161 [pool-2-thread-12] DEBUG org.apache.http.impl.conn.DefaultManagedHttpClientConnection -- http-outgoing-235: Close connection
23:08:09.161 [pool-2-thread-30] DEBUG org.apache.http.headers -- http-outgoing-239 << HTTP/1.1 200 OK
23:08:09.161 [pool-2-thread-30] DEBUG org.apache.http.headers -- http-outgoing-239 << X-Powered-By: Express
23:08:09.161 [pool-2-thread-30] DEBUG org.apache.http.headers -- http-outgoing-239 << Access-Control-Allow-Origin: *
23:08:09.161 [pool-2-thread-30] DEBUG org.apache.http.headers -- http-outgoing-239 << Content-Type: application/json; charset=utf-8
23:08:09.161 [pool-2-thread-30] DEBUG org.apache.http.headers -- http-outgoing-239 << Content-Length: 605
23:08:09.161 [pool-2-thread-30] DEBUG org.apache.http.headers -- http-outgoing-239 << ETag: W/"25d-ipdu8kpysQyZM7EUPj5AMOiL7+w"
23:08:09.161 [pool-2-thread-30] DEBUG org.apache.http.headers -- http-outgoing-239 << Date: Sun, 22 Jun 2025 16:08:09 GMT
23:08:09.161 [pool-2-thread-30] DEBUG org.apache.http.headers -- http-outgoing-239 << Connection: keep-alive
23:08:09.161 [pool-2-thread-30] DEBUG org.apache.http.headers -- http-outgoing-239 << Keep-Alive: timeout=5
23:08:09.161 [pool-2-thread-30] DEBUG org.apache.http.impl.execchain.MainClientExec -- Connection can be kept alive for 5000 MILLISECONDS
23:08:09.161 [pool-2-thread-12] DEBUG org.apache.http.impl.conn.PoolingHttpClientConnectionManager -- Connection manager shut down
23:08:09.161 [pool-2-thread-30] DEBUG org.apache.http.impl.conn.PoolingHttpClientConnectionManager -- Connection [id: 239][route: {}->http://localhost:3000] can be kept alive for 5.0 seconds
23:08:09.161 [pool-2-thread-30] DEBUG org.apache.http.impl.conn.DefaultManagedHttpClientConnection -- http-outgoing-239: set socket timeout to 0
23:08:09.161 [pool-2-thread-30] DEBUG org.apache.http.impl.conn.PoolingHttpClientConnectionManager -- Connection released: [id: 239][route: {}->http://localhost:3000][total available: 1; route allocated: 1 of 5; total allocated: 1 of 10]
23:08:09.161 [pool-2-thread-30] DEBUG org.apache.http.impl.conn.PoolingHttpClientConnectionManager -- Connection manager is shutting down
23:08:09.161 [pool-2-thread-30] DEBUG org.apache.http.impl.conn.DefaultManagedHttpClientConnection -- http-outgoing-239: Close connection
23:08:09.161 [pool-2-thread-12] DEBUG com.intuit.karate -- response time in milliseconds: 1878
9 < 200
9 < X-Powered-By: Express
9 < Access-Control-Allow-Origin: *
9 < Content-Type: application/json; charset=utf-8
9 < Content-Length: 715
9 < ETag: W/"2cb-P08Uoz9t/YrA8LCYb/T7RFma27M"
9 < Date: Sun, 22 Jun 2025 16:08:09 GMT
9 < Connection: keep-alive
9 < Keep-Alive: timeout=5
{"access_token":"eyJhbGciOiJIUzI1NiIsInR5cCI6IkpXVCJ9.eyJzdWIiOiIyYjg0YWEyNC02NjhhLTQwZTItYWYxYy1hZDRmYzRmYTVhNmYiLCJ1c2VybmFtZSI6InF1YW5nMSIsInJvbGUiOjAsImlhdCI6MTc1MDYwODQ4OCwiZXhwIjoxNzUwNjEyMDg4fQ.YmPIxaz04k2XcA5qd4e3bq1k7Wj4Y2uv20j9IeM73mA","refresh_token":"2a399b06ab572423ca756fdad21c279d19528343abf26ee96c1a1508229808da","user":{"id":"2b84aa24-668a-40e2-af1c-ad4fc4fa5a6f","email":"quang1@gmail.com","username":"quang1","name":"quang1","phoneNumber":"09874563210","profilePic":"https://res.cloudinary.com/dizcvrefo/image/upload/v1749027586/nestjs_uploads/xehairydt9rzlbmbmv4c.jpg","bio":"Thang Nam Lao Vua Thoi","private":false,"verified":false,"role":0,"followersCount":2,"followingCount":3,"postCount":2}}

23:08:09.161 [pool-2-thread-8] DEBUG org.apache.http.wire -- http-outgoing-237 << "HTTP/1.1 200 OK[\r][\n]"
23:08:09.161 [pool-2-thread-8] DEBUG org.apache.http.wire -- http-outgoing-237 << "X-Powered-By: Express[\r][\n]"
23:08:09.161 [pool-2-thread-8] DEBUG org.apache.http.wire -- http-outgoing-237 << "Access-Control-Allow-Origin: *[\r][\n]"
23:08:09.161 [pool-2-thread-8] DEBUG org.apache.http.wire -- http-outgoing-237 << "Content-Type: application/json; charset=utf-8[\r][\n]"
23:08:09.161 [pool-2-thread-30] DEBUG org.apache.http.impl.conn.PoolingHttpClientConnectionManager -- Connection manager shut down
23:08:09.161 [pool-2-thread-8] DEBUG org.apache.http.wire -- http-outgoing-237 << "Content-Length: 609[\r][\n]"
23:08:09.161 [pool-2-thread-8] DEBUG org.apache.http.wire -- http-outgoing-237 << "ETag: W/"261-iB4HtOgRYWNsEtr15u5Q3HPEofg"[\r][\n]"
23:08:09.161 [pool-2-thread-8] DEBUG org.apache.http.wire -- http-outgoing-237 << "Date: Sun, 22 Jun 2025 16:08:09 GMT[\r][\n]"
23:08:09.161 [pool-2-thread-8] DEBUG org.apache.http.wire -- http-outgoing-237 << "Connection: keep-alive[\r][\n]"
23:08:09.161 [pool-2-thread-8] DEBUG org.apache.http.wire -- http-outgoing-237 << "Keep-Alive: timeout=5[\r][\n]"
23:08:09.161 [pool-2-thread-8] DEBUG org.apache.http.wire -- http-outgoing-237 << "[\r][\n]"
23:08:09.161 [pool-2-thread-8] DEBUG org.apache.http.wire -- http-outgoing-237 << "{"access_token":"eyJhbGciOiJIUzI1NiIsInR5cCI6IkpXVCJ9.eyJzdWIiOiIyNzJmNmI1NS01MTc5LTRhZTMtODU2My1iNGVjMTBmNzY3MTUiLCJ1c2VybmFtZSI6ImpvaG5kb2UyZDVkIiwicm9sZSI6MCwiaWF0IjoxNzUwNjA4NDg4LCJleHAiOjE3NTA2MTIwODh9.QUAE_jfRO3j5q8ax3M0GsckDFBcgWHAZ4EfRfVPdW3Y","refresh_token":"79fd19f1a846d383667280ca63329f166f041a224ef03ca5b2a04956b9f33cc6","user":{"id":"272f6b55-5179-4ae3-8563-b4ec10f76715","email":"testit5@gmail.com","username":"johndoe2d5d","name":"John Doe","phoneNumber":"0123456132","profilePic":null,"bio":null,"private":false,"verified":false,"role":0,"followersCount":0,"followingCount":0,"postCount":0}}"
23:08:09.161 [pool-2-thread-30] DEBUG com.intuit.karate -- response time in milliseconds: 1839
9 < 200
9 < X-Powered-By: Express
9 < Access-Control-Allow-Origin: *
9 < Content-Type: application/json; charset=utf-8
9 < Content-Length: 605
9 < ETag: W/"25d-ipdu8kpysQyZM7EUPj5AMOiL7+w"
9 < Date: Sun, 22 Jun 2025 16:08:09 GMT
9 < Connection: keep-alive
9 < Keep-Alive: timeout=5
{"access_token":"eyJhbGciOiJIUzI1NiIsInR5cCI6IkpXVCJ9.eyJzdWIiOiIwYTM3ZWY0My1mZWU4LTQxZDMtYTY4Ni04YWIwODY5NDg2OTUiLCJ1c2VybmFtZSI6ImpvaG5kb2UyMSIsInJvbGUiOjAsImlhdCI6MTc1MDYwODQ4OCwiZXhwIjoxNzUwNjEyMDg4fQ.myyAG0zBG3RiJ4hvTrmiK3O2OfqlQKdAwFAC0XNAIDs","refresh_token":"d7acb691183d8bedae836fdda95a8e52775bb87c539939daed352eb8546165c9","user":{"id":"0a37ef43-fee8-41d3-a686-8ab086948695","email":"testit2@gmail.com","username":"johndoe21","name":"John Doe","phoneNumber":"0123456712","profilePic":null,"bio":null,"private":false,"verified":false,"role":0,"followersCount":0,"followingCount":0,"postCount":0}}

23:08:09.161 [pool-2-thread-8] DEBUG org.apache.http.headers -- http-outgoing-237 << HTTP/1.1 200 OK
23:08:09.161 [pool-2-thread-8] DEBUG org.apache.http.headers -- http-outgoing-237 << X-Powered-By: Express
23:08:09.161 [pool-2-thread-8] DEBUG org.apache.http.headers -- http-outgoing-237 << Access-Control-Allow-Origin: *
23:08:09.161 [pool-2-thread-8] DEBUG org.apache.http.headers -- http-outgoing-237 << Content-Type: application/json; charset=utf-8
23:08:09.161 [pool-2-thread-8] DEBUG org.apache.http.headers -- http-outgoing-237 << Content-Length: 609
23:08:09.161 [pool-2-thread-8] DEBUG org.apache.http.headers -- http-outgoing-237 << ETag: W/"261-iB4HtOgRYWNsEtr15u5Q3HPEofg"
23:08:09.161 [pool-2-thread-8] DEBUG org.apache.http.headers -- http-outgoing-237 << Date: Sun, 22 Jun 2025 16:08:09 GMT
23:08:09.161 [pool-2-thread-8] DEBUG org.apache.http.headers -- http-outgoing-237 << Connection: keep-alive
23:08:09.161 [pool-2-thread-8] DEBUG org.apache.http.headers -- http-outgoing-237 << Keep-Alive: timeout=5
23:08:09.161 [pool-2-thread-8] DEBUG org.apache.http.impl.execchain.MainClientExec -- Connection can be kept alive for 5000 MILLISECONDS
23:08:09.161 [pool-2-thread-8] DEBUG org.apache.http.impl.conn.PoolingHttpClientConnectionManager -- Connection [id: 237][route: {}->http://localhost:3000] can be kept alive for 5.0 seconds
23:08:09.161 [pool-2-thread-8] DEBUG org.apache.http.impl.conn.DefaultManagedHttpClientConnection -- http-outgoing-237: set socket timeout to 0
23:08:09.163 [pool-2-thread-8] DEBUG org.apache.http.impl.conn.PoolingHttpClientConnectionManager -- Connection released: [id: 237][route: {}->http://localhost:3000][total available: 1; route allocated: 1 of 5; total allocated: 1 of 10]
23:08:09.163 [pool-2-thread-8] DEBUG org.apache.http.impl.conn.PoolingHttpClientConnectionManager -- Connection manager is shutting down
23:08:09.163 [pool-2-thread-8] DEBUG org.apache.http.impl.conn.DefaultManagedHttpClientConnection -- http-outgoing-237: Close connection
23:08:09.163 [pool-2-thread-8] DEBUG org.apache.http.impl.conn.PoolingHttpClientConnectionManager -- Connection manager shut down
23:08:09.163 [pool-2-thread-8] DEBUG com.intuit.karate -- response time in milliseconds: 1861
10 < 200
10 < X-Powered-By: Express
10 < Access-Control-Allow-Origin: *
10 < Content-Type: application/json; charset=utf-8
10 < Content-Length: 609
10 < ETag: W/"261-iB4HtOgRYWNsEtr15u5Q3HPEofg"
10 < Date: Sun, 22 Jun 2025 16:08:09 GMT
10 < Connection: keep-alive
10 < Keep-Alive: timeout=5
{"access_token":"eyJhbGciOiJIUzI1NiIsInR5cCI6IkpXVCJ9.eyJzdWIiOiIyNzJmNmI1NS01MTc5LTRhZTMtODU2My1iNGVjMTBmNzY3MTUiLCJ1c2VybmFtZSI6ImpvaG5kb2UyZDVkIiwicm9sZSI6MCwiaWF0IjoxNzUwNjA4NDg4LCJleHAiOjE3NTA2MTIwODh9.QUAE_jfRO3j5q8ax3M0GsckDFBcgWHAZ4EfRfVPdW3Y","refresh_token":"79fd19f1a846d383667280ca63329f166f041a224ef03ca5b2a04956b9f33cc6","user":{"id":"272f6b55-5179-4ae3-8563-b4ec10f76715","email":"testit5@gmail.com","username":"johndoe2d5d","name":"John Doe","phoneNumber":"0123456132","profilePic":null,"bio":null,"private":false,"verified":false,"role":0,"followersCount":0,"followingCount":0,"postCount":0}}

23:08:09.163 [pool-2-thread-12] INFO com.intuit.karate -- [print] Call 9 completed, status: 200 
23:08:09.163 [pool-2-thread-8] INFO com.intuit.karate -- [print] Call 10 completed, status: 200 
23:08:09.163 [pool-2-thread-30] INFO com.intuit.karate -- [print] Call 9 completed, status: 200 
23:08:09.163 [pool-2-thread-12] INFO com.intuit.karate -- [print] *** API CALL 10 *** 
23:08:09.163 [pool-2-thread-30] INFO com.intuit.karate -- [print] *** API CALL 10 *** 
23:08:09.163 [pool-2-thread-8] INFO com.intuit.karate -- [print] === COMPLETED 10 API CALLS for user: testit5@gmail.com === 
23:08:09.164 [pool-2-thread-12] DEBUG org.apache.http.client.protocol.RequestAddCookies -- CookieSpec selected: karate
23:08:09.164 [pool-2-thread-30] DEBUG org.apache.http.client.protocol.RequestAddCookies -- CookieSpec selected: karate
23:08:09.164 [pool-2-thread-12] DEBUG org.apache.http.client.protocol.RequestAuthCache -- Auth cache not set in the context
23:08:09.164 [pool-2-thread-30] DEBUG org.apache.http.client.protocol.RequestAuthCache -- Auth cache not set in the context
23:08:09.164 [pool-2-thread-12] DEBUG com.intuit.karate -- request:
10 > POST http://localhost:3000/auth/login
10 > Content-Type: application/json; charset=UTF-8
10 > Content-Length: 48
10 > Host: localhost:3000
10 > Connection: Keep-Alive
10 > User-Agent: Apache-HttpClient/4.5.14 (Java/17.0.9)
10 > Accept-Encoding: gzip,deflate
{"email":"quang1@gmail.com","password":"quang1"}

23:08:09.164 [pool-2-thread-30] DEBUG com.intuit.karate -- request:
10 > POST http://localhost:3000/auth/login
10 > Content-Type: application/json; charset=UTF-8
10 > Content-Length: 54
10 > Host: localhost:3000
10 > Connection: Keep-Alive
10 > User-Agent: Apache-HttpClient/4.5.14 (Java/17.0.9)
10 > Accept-Encoding: gzip,deflate
{"email":"testit2@gmail.com","password":"Password123"}

23:08:09.164 [pool-2-thread-12] DEBUG org.apache.http.impl.conn.PoolingHttpClientConnectionManager -- Connection request: [route: {}->http://localhost:3000][total available: 0; route allocated: 0 of 5; total allocated: 0 of 10]
23:08:09.164 [pool-2-thread-30] DEBUG org.apache.http.impl.conn.PoolingHttpClientConnectionManager -- Connection request: [route: {}->http://localhost:3000][total available: 0; route allocated: 0 of 5; total allocated: 0 of 10]
23:08:09.164 [pool-2-thread-12] DEBUG org.apache.http.impl.conn.PoolingHttpClientConnectionManager -- Connection leased: [id: 250][route: {}->http://localhost:3000][total available: 0; route allocated: 1 of 5; total allocated: 1 of 10]
23:08:09.164 [pool-2-thread-30] DEBUG org.apache.http.impl.conn.PoolingHttpClientConnectionManager -- Connection leased: [id: 249][route: {}->http://localhost:3000][total available: 0; route allocated: 1 of 5; total allocated: 1 of 10]
23:08:09.164 [pool-2-thread-12] DEBUG org.apache.http.impl.execchain.MainClientExec -- Opening connection {}->http://localhost:3000
23:08:09.164 [pool-2-thread-30] DEBUG org.apache.http.impl.execchain.MainClientExec -- Opening connection {}->http://localhost:3000
23:08:09.164 [pool-2-thread-12] DEBUG org.apache.http.impl.conn.DefaultHttpClientConnectionOperator -- Connecting to localhost/127.0.0.1:3000
23:08:09.164 [pool-2-thread-30] DEBUG org.apache.http.impl.conn.DefaultHttpClientConnectionOperator -- Connecting to localhost/127.0.0.1:3000
23:08:09.165 [pool-2-thread-30] DEBUG org.apache.http.impl.conn.DefaultHttpClientConnectionOperator -- Connection established 127.0.0.1:52918<->127.0.0.1:3000
23:08:09.165 [pool-2-thread-12] DEBUG org.apache.http.impl.conn.DefaultHttpClientConnectionOperator -- Connection established 127.0.0.1:52917<->127.0.0.1:3000
23:08:09.165 [pool-2-thread-30] DEBUG org.apache.http.impl.conn.DefaultManagedHttpClientConnection -- http-outgoing-250: set socket timeout to 30000
23:08:09.165 [pool-2-thread-30] DEBUG org.apache.http.impl.execchain.MainClientExec -- Executing request POST /auth/login HTTP/1.1
23:08:09.165 [pool-2-thread-12] DEBUG org.apache.http.impl.conn.DefaultManagedHttpClientConnection -- http-outgoing-249: set socket timeout to 30000
23:08:09.165 [pool-2-thread-30] DEBUG org.apache.http.impl.execchain.MainClientExec -- Target auth state: UNCHALLENGED
23:08:09.165 [pool-2-thread-12] DEBUG org.apache.http.impl.execchain.MainClientExec -- Executing request POST /auth/login HTTP/1.1
23:08:09.165 [pool-2-thread-30] DEBUG org.apache.http.impl.execchain.MainClientExec -- Proxy auth state: UNCHALLENGED
23:08:09.165 [pool-2-thread-12] DEBUG org.apache.http.impl.execchain.MainClientExec -- Target auth state: UNCHALLENGED
23:08:09.165 [pool-2-thread-12] DEBUG org.apache.http.impl.execchain.MainClientExec -- Proxy auth state: UNCHALLENGED
23:08:09.165 [pool-2-thread-12] DEBUG org.apache.http.headers -- http-outgoing-249 >> POST /auth/login HTTP/1.1
23:08:09.165 [pool-2-thread-30] DEBUG org.apache.http.headers -- http-outgoing-250 >> POST /auth/login HTTP/1.1
23:08:09.165 [pool-2-thread-12] DEBUG org.apache.http.headers -- http-outgoing-249 >> Content-Type: application/json; charset=UTF-8
23:08:09.165 [pool-2-thread-30] DEBUG org.apache.http.headers -- http-outgoing-250 >> Content-Type: application/json; charset=UTF-8
23:08:09.165 [pool-2-thread-12] DEBUG org.apache.http.headers -- http-outgoing-249 >> Content-Length: 48
23:08:09.165 [pool-2-thread-30] DEBUG org.apache.http.headers -- http-outgoing-250 >> Content-Length: 54
23:08:09.165 [pool-2-thread-12] DEBUG org.apache.http.headers -- http-outgoing-249 >> Host: localhost:3000
23:08:09.165 [pool-2-thread-30] DEBUG org.apache.http.headers -- http-outgoing-250 >> Host: localhost:3000
23:08:09.165 [pool-2-thread-12] DEBUG org.apache.http.headers -- http-outgoing-249 >> Connection: Keep-Alive
23:08:09.165 [pool-2-thread-12] DEBUG org.apache.http.headers -- http-outgoing-249 >> User-Agent: Apache-HttpClient/4.5.14 (Java/17.0.9)
23:08:09.165 [pool-2-thread-12] DEBUG org.apache.http.headers -- http-outgoing-249 >> Accept-Encoding: gzip,deflate
23:08:09.165 [pool-2-thread-30] DEBUG org.apache.http.headers -- http-outgoing-250 >> Connection: Keep-Alive
23:08:09.165 [pool-2-thread-30] DEBUG org.apache.http.headers -- http-outgoing-250 >> User-Agent: Apache-HttpClient/4.5.14 (Java/17.0.9)
23:08:09.165 [pool-2-thread-30] DEBUG org.apache.http.headers -- http-outgoing-250 >> Accept-Encoding: gzip,deflate
23:08:09.165 [pool-2-thread-12] DEBUG org.apache.http.wire -- http-outgoing-249 >> "POST /auth/login HTTP/1.1[\r][\n]"
23:08:09.165 [pool-2-thread-12] DEBUG org.apache.http.wire -- http-outgoing-249 >> "Content-Type: application/json; charset=UTF-8[\r][\n]"
23:08:09.165 [pool-2-thread-12] DEBUG org.apache.http.wire -- http-outgoing-249 >> "Content-Length: 48[\r][\n]"
23:08:09.165 [pool-2-thread-12] DEBUG org.apache.http.wire -- http-outgoing-249 >> "Host: localhost:3000[\r][\n]"
23:08:09.165 [pool-2-thread-12] DEBUG org.apache.http.wire -- http-outgoing-249 >> "Connection: Keep-Alive[\r][\n]"
23:08:09.165 [pool-2-thread-12] DEBUG org.apache.http.wire -- http-outgoing-249 >> "User-Agent: Apache-HttpClient/4.5.14 (Java/17.0.9)[\r][\n]"
23:08:09.165 [pool-2-thread-30] DEBUG org.apache.http.wire -- http-outgoing-250 >> "POST /auth/login HTTP/1.1[\r][\n]"
23:08:09.165 [pool-2-thread-30] DEBUG org.apache.http.wire -- http-outgoing-250 >> "Content-Type: application/json; charset=UTF-8[\r][\n]"
23:08:09.165 [pool-2-thread-12] DEBUG org.apache.http.wire -- http-outgoing-249 >> "Accept-Encoding: gzip,deflate[\r][\n]"
23:08:09.165 [pool-2-thread-12] DEBUG org.apache.http.wire -- http-outgoing-249 >> "[\r][\n]"
23:08:09.165 [pool-2-thread-30] DEBUG org.apache.http.wire -- http-outgoing-250 >> "Content-Length: 54[\r][\n]"
23:08:09.165 [pool-2-thread-30] DEBUG org.apache.http.wire -- http-outgoing-250 >> "Host: localhost:3000[\r][\n]"
23:08:09.165 [pool-2-thread-30] DEBUG org.apache.http.wire -- http-outgoing-250 >> "Connection: Keep-Alive[\r][\n]"
23:08:09.165 [pool-2-thread-30] DEBUG org.apache.http.wire -- http-outgoing-250 >> "User-Agent: Apache-HttpClient/4.5.14 (Java/17.0.9)[\r][\n]"
23:08:09.165 [pool-2-thread-30] DEBUG org.apache.http.wire -- http-outgoing-250 >> "Accept-Encoding: gzip,deflate[\r][\n]"
23:08:09.165 [pool-2-thread-30] DEBUG org.apache.http.wire -- http-outgoing-250 >> "[\r][\n]"
23:08:09.165 [pool-2-thread-12] DEBUG org.apache.http.wire -- http-outgoing-249 >> "{"email":"quang1@gmail.com","password":"quang1"}"
23:08:09.165 [pool-2-thread-30] DEBUG org.apache.http.wire -- http-outgoing-250 >> "{"email":"testit2@gmail.com","password":"Password123"}"
23:08:09.193 [pool-2-thread-19] DEBUG org.apache.http.wire -- http-outgoing-236 << "HTTP/1.1 200 OK[\r][\n]"
23:08:09.193 [pool-2-thread-19] DEBUG org.apache.http.wire -- http-outgoing-236 << "X-Powered-By: Express[\r][\n]"
23:08:09.193 [pool-2-thread-19] DEBUG org.apache.http.wire -- http-outgoing-236 << "Access-Control-Allow-Origin: *[\r][\n]"
23:08:09.193 [pool-2-thread-19] DEBUG org.apache.http.wire -- http-outgoing-236 << "Content-Type: application/json; charset=utf-8[\r][\n]"
23:08:09.193 [pool-2-thread-19] DEBUG org.apache.http.wire -- http-outgoing-236 << "Content-Length: 604[\r][\n]"
23:08:09.193 [pool-2-thread-19] DEBUG org.apache.http.wire -- http-outgoing-236 << "ETag: W/"25c-qVf2eM7+KtJtX/pqiENl7+A3FoM"[\r][\n]"
23:08:09.193 [pool-2-thread-19] DEBUG org.apache.http.wire -- http-outgoing-236 << "Date: Sun, 22 Jun 2025 16:08:09 GMT[\r][\n]"
23:08:09.193 [pool-2-thread-19] DEBUG org.apache.http.wire -- http-outgoing-236 << "Connection: keep-alive[\r][\n]"
23:08:09.193 [pool-2-thread-19] DEBUG org.apache.http.wire -- http-outgoing-236 << "Keep-Alive: timeout=5[\r][\n]"
23:08:09.193 [pool-2-thread-19] DEBUG org.apache.http.wire -- http-outgoing-236 << "[\r][\n]"
23:08:09.193 [pool-2-thread-19] DEBUG org.apache.http.wire -- http-outgoing-236 << "{"access_token":"eyJhbGciOiJIUzI1NiIsInR5cCI6IkpXVCJ9.eyJzdWIiOiJkZjZmMDkxOS1hMjNkLTQ0YzktYTkyNS00ZWE4YmU1MjVkMTAiLCJ1c2VybmFtZSI6ImpvaG5kb2UyMyIsInJvbGUiOjAsImlhdCI6MTc1MDYwODQ4OCwiZXhwIjoxNzUwNjEyMDg4fQ.46dx2H6ECPGbOYDL6wUgTACZBF0BeiCI-6I_12ayXW0","refresh_token":"07fedd6244ea08d3a33f76366750416f15b6bb861c65c02aa1a8d4ae2fea58c9","user":{"id":"df6f0919-a23d-44c9-a925-4ea8be525d10","email":"testit@gmail.com","username":"johndoe23","name":"John Doe","phoneNumber":"0123456788","profilePic":null,"bio":null,"private":false,"verified":false,"role":0,"followersCount":0,"followingCount":0,"postCount":0}}"
23:08:09.193 [pool-2-thread-19] DEBUG org.apache.http.headers -- http-outgoing-236 << HTTP/1.1 200 OK
23:08:09.193 [pool-2-thread-19] DEBUG org.apache.http.headers -- http-outgoing-236 << X-Powered-By: Express
23:08:09.193 [pool-2-thread-19] DEBUG org.apache.http.headers -- http-outgoing-236 << Access-Control-Allow-Origin: *
23:08:09.193 [pool-2-thread-19] DEBUG org.apache.http.headers -- http-outgoing-236 << Content-Type: application/json; charset=utf-8
23:08:09.193 [pool-2-thread-19] DEBUG org.apache.http.headers -- http-outgoing-236 << Content-Length: 604
23:08:09.193 [pool-2-thread-19] DEBUG org.apache.http.headers -- http-outgoing-236 << ETag: W/"25c-qVf2eM7+KtJtX/pqiENl7+A3FoM"
23:08:09.193 [pool-2-thread-19] DEBUG org.apache.http.headers -- http-outgoing-236 << Date: Sun, 22 Jun 2025 16:08:09 GMT
23:08:09.193 [pool-2-thread-19] DEBUG org.apache.http.headers -- http-outgoing-236 << Connection: keep-alive
23:08:09.193 [pool-2-thread-19] DEBUG org.apache.http.headers -- http-outgoing-236 << Keep-Alive: timeout=5
23:08:09.193 [pool-2-thread-19] DEBUG org.apache.http.impl.execchain.MainClientExec -- Connection can be kept alive for 5000 MILLISECONDS
23:08:09.193 [pool-2-thread-19] DEBUG org.apache.http.impl.conn.PoolingHttpClientConnectionManager -- Connection [id: 236][route: {}->http://localhost:3000] can be kept alive for 5.0 seconds
23:08:09.194 [pool-2-thread-19] DEBUG org.apache.http.impl.conn.DefaultManagedHttpClientConnection -- http-outgoing-236: set socket timeout to 0
23:08:09.194 [pool-2-thread-19] DEBUG org.apache.http.impl.conn.PoolingHttpClientConnectionManager -- Connection released: [id: 236][route: {}->http://localhost:3000][total available: 1; route allocated: 1 of 5; total allocated: 1 of 10]
23:08:09.194 [pool-2-thread-19] DEBUG org.apache.http.impl.conn.PoolingHttpClientConnectionManager -- Connection manager is shutting down
23:08:09.194 [pool-2-thread-19] DEBUG org.apache.http.impl.conn.DefaultManagedHttpClientConnection -- http-outgoing-236: Close connection
23:08:09.194 [pool-2-thread-19] DEBUG org.apache.http.impl.conn.PoolingHttpClientConnectionManager -- Connection manager shut down
23:08:09.194 [pool-2-thread-19] DEBUG com.intuit.karate -- response time in milliseconds: 1892
9 < 200
9 < X-Powered-By: Express
9 < Access-Control-Allow-Origin: *
9 < Content-Type: application/json; charset=utf-8
9 < Content-Length: 604
9 < ETag: W/"25c-qVf2eM7+KtJtX/pqiENl7+A3FoM"
9 < Date: Sun, 22 Jun 2025 16:08:09 GMT
9 < Connection: keep-alive
9 < Keep-Alive: timeout=5
{"access_token":"eyJhbGciOiJIUzI1NiIsInR5cCI6IkpXVCJ9.eyJzdWIiOiJkZjZmMDkxOS1hMjNkLTQ0YzktYTkyNS00ZWE4YmU1MjVkMTAiLCJ1c2VybmFtZSI6ImpvaG5kb2UyMyIsInJvbGUiOjAsImlhdCI6MTc1MDYwODQ4OCwiZXhwIjoxNzUwNjEyMDg4fQ.46dx2H6ECPGbOYDL6wUgTACZBF0BeiCI-6I_12ayXW0","refresh_token":"07fedd6244ea08d3a33f76366750416f15b6bb861c65c02aa1a8d4ae2fea58c9","user":{"id":"df6f0919-a23d-44c9-a925-4ea8be525d10","email":"testit@gmail.com","username":"johndoe23","name":"John Doe","phoneNumber":"0123456788","profilePic":null,"bio":null,"private":false,"verified":false,"role":0,"followersCount":0,"followingCount":0,"postCount":0}}

23:08:09.194 [pool-2-thread-19] INFO com.intuit.karate -- [print] Call 9 completed, status: 200 
23:08:09.196 [pool-2-thread-19] INFO com.intuit.karate -- [print] *** API CALL 10 *** 
23:08:09.197 [pool-2-thread-19] DEBUG org.apache.http.client.protocol.RequestAddCookies -- CookieSpec selected: karate
23:08:09.197 [pool-2-thread-19] DEBUG org.apache.http.client.protocol.RequestAuthCache -- Auth cache not set in the context
23:08:09.197 [pool-2-thread-19] DEBUG com.intuit.karate -- request:
10 > POST http://localhost:3000/auth/login
10 > Content-Type: application/json; charset=UTF-8
10 > Content-Length: 53
10 > Host: localhost:3000
10 > Connection: Keep-Alive
10 > User-Agent: Apache-HttpClient/4.5.14 (Java/17.0.9)
10 > Accept-Encoding: gzip,deflate
{"email":"testit@gmail.com","password":"Password123"}

23:08:09.197 [pool-2-thread-19] DEBUG org.apache.http.impl.conn.PoolingHttpClientConnectionManager -- Connection request: [route: {}->http://localhost:3000][total available: 0; route allocated: 0 of 5; total allocated: 0 of 10]
23:08:09.197 [pool-2-thread-19] DEBUG org.apache.http.impl.conn.PoolingHttpClientConnectionManager -- Connection leased: [id: 251][route: {}->http://localhost:3000][total available: 0; route allocated: 1 of 5; total allocated: 1 of 10]
23:08:09.197 [pool-2-thread-19] DEBUG org.apache.http.impl.execchain.MainClientExec -- Opening connection {}->http://localhost:3000
23:08:09.197 [pool-2-thread-19] DEBUG org.apache.http.impl.conn.DefaultHttpClientConnectionOperator -- Connecting to localhost/127.0.0.1:3000
23:08:09.197 [pool-2-thread-19] DEBUG org.apache.http.impl.conn.DefaultHttpClientConnectionOperator -- Connection established 127.0.0.1:52919<->127.0.0.1:3000
23:08:09.197 [pool-2-thread-19] DEBUG org.apache.http.impl.conn.DefaultManagedHttpClientConnection -- http-outgoing-251: set socket timeout to 30000
23:08:09.197 [pool-2-thread-19] DEBUG org.apache.http.impl.execchain.MainClientExec -- Executing request POST /auth/login HTTP/1.1
23:08:09.197 [pool-2-thread-19] DEBUG org.apache.http.impl.execchain.MainClientExec -- Target auth state: UNCHALLENGED
23:08:09.197 [pool-2-thread-19] DEBUG org.apache.http.impl.execchain.MainClientExec -- Proxy auth state: UNCHALLENGED
23:08:09.198 [pool-2-thread-19] DEBUG org.apache.http.headers -- http-outgoing-251 >> POST /auth/login HTTP/1.1
23:08:09.198 [pool-2-thread-19] DEBUG org.apache.http.headers -- http-outgoing-251 >> Content-Type: application/json; charset=UTF-8
23:08:09.198 [pool-2-thread-19] DEBUG org.apache.http.headers -- http-outgoing-251 >> Content-Length: 53
23:08:09.198 [pool-2-thread-19] DEBUG org.apache.http.headers -- http-outgoing-251 >> Host: localhost:3000
23:08:09.198 [pool-2-thread-19] DEBUG org.apache.http.headers -- http-outgoing-251 >> Connection: Keep-Alive
23:08:09.198 [pool-2-thread-19] DEBUG org.apache.http.headers -- http-outgoing-251 >> User-Agent: Apache-HttpClient/4.5.14 (Java/17.0.9)
23:08:09.198 [pool-2-thread-19] DEBUG org.apache.http.headers -- http-outgoing-251 >> Accept-Encoding: gzip,deflate
23:08:09.198 [pool-2-thread-19] DEBUG org.apache.http.wire -- http-outgoing-251 >> "POST /auth/login HTTP/1.1[\r][\n]"
23:08:09.198 [pool-2-thread-19] DEBUG org.apache.http.wire -- http-outgoing-251 >> "Content-Type: application/json; charset=UTF-8[\r][\n]"
23:08:09.198 [pool-2-thread-19] DEBUG org.apache.http.wire -- http-outgoing-251 >> "Content-Length: 53[\r][\n]"
23:08:09.198 [pool-2-thread-19] DEBUG org.apache.http.wire -- http-outgoing-251 >> "Host: localhost:3000[\r][\n]"
23:08:09.198 [pool-2-thread-19] DEBUG org.apache.http.wire -- http-outgoing-251 >> "Connection: Keep-Alive[\r][\n]"
23:08:09.198 [pool-2-thread-19] DEBUG org.apache.http.wire -- http-outgoing-251 >> "User-Agent: Apache-HttpClient/4.5.14 (Java/17.0.9)[\r][\n]"
23:08:09.198 [pool-2-thread-19] DEBUG org.apache.http.wire -- http-outgoing-251 >> "Accept-Encoding: gzip,deflate[\r][\n]"
23:08:09.198 [pool-2-thread-19] DEBUG org.apache.http.wire -- http-outgoing-251 >> "[\r][\n]"
23:08:09.198 [pool-2-thread-19] DEBUG org.apache.http.wire -- http-outgoing-251 >> "{"email":"testit@gmail.com","password":"Password123"}"
23:08:09.260 [pool-2-thread-27] DEBUG org.apache.http.wire -- http-outgoing-240 << "HTTP/1.1 200 OK[\r][\n]"
23:08:09.260 [pool-2-thread-27] DEBUG org.apache.http.wire -- http-outgoing-240 << "X-Powered-By: Express[\r][\n]"
23:08:09.260 [pool-2-thread-27] DEBUG org.apache.http.wire -- http-outgoing-240 << "Access-Control-Allow-Origin: *[\r][\n]"
23:08:09.260 [pool-2-thread-27] DEBUG org.apache.http.wire -- http-outgoing-240 << "Content-Type: application/json; charset=utf-8[\r][\n]"
23:08:09.260 [pool-2-thread-27] DEBUG org.apache.http.wire -- http-outgoing-240 << "Content-Length: 605[\r][\n]"
23:08:09.260 [pool-2-thread-27] DEBUG org.apache.http.wire -- http-outgoing-240 << "ETag: W/"25d-ut97aGBHDs3Kbesr8VM1FY/XxWg"[\r][\n]"
23:08:09.260 [pool-2-thread-27] DEBUG org.apache.http.wire -- http-outgoing-240 << "Date: Sun, 22 Jun 2025 16:08:09 GMT[\r][\n]"
23:08:09.260 [pool-2-thread-27] DEBUG org.apache.http.wire -- http-outgoing-240 << "Connection: keep-alive[\r][\n]"
23:08:09.260 [pool-2-thread-27] DEBUG org.apache.http.wire -- http-outgoing-240 << "Keep-Alive: timeout=5[\r][\n]"
23:08:09.260 [pool-2-thread-27] DEBUG org.apache.http.wire -- http-outgoing-240 << "[\r][\n]"
23:08:09.260 [pool-2-thread-27] DEBUG org.apache.http.wire -- http-outgoing-240 << "{"access_token":"eyJhbGciOiJIUzI1NiIsInR5cCI6IkpXVCJ9.eyJzdWIiOiI2NTBjZTFlZC1hYWNhLTQzOGYtOTk4OC0xZjA1OGFiNWFhMWEiLCJ1c2VybmFtZSI6ImpvaG5kb2UyNSIsInJvbGUiOjAsImlhdCI6MTc1MDYwODQ4OSwiZXhwIjoxNzUwNjEyMDg5fQ.bpq8VXVXMs55bFoKB6i2V9vnI5OEpp7WavedBC15CDY","refresh_token":"b4082ddc378770bf854a6f3b4324f843dbba754ee1767d435f483e8358e5d60a","user":{"id":"650ce1ed-aaca-438f-9988-1f058ab5aa1a","email":"testit3@gmail.com","username":"johndoe25","name":"John Doe","phoneNumber":"0123456713","profilePic":null,"bio":null,"private":false,"verified":false,"role":0,"followersCount":0,"followingCount":0,"postCount":0}}"
23:08:09.260 [pool-2-thread-27] DEBUG org.apache.http.headers -- http-outgoing-240 << HTTP/1.1 200 OK
23:08:09.260 [pool-2-thread-27] DEBUG org.apache.http.headers -- http-outgoing-240 << X-Powered-By: Express
23:08:09.260 [pool-2-thread-27] DEBUG org.apache.http.headers -- http-outgoing-240 << Access-Control-Allow-Origin: *
23:08:09.260 [pool-2-thread-27] DEBUG org.apache.http.headers -- http-outgoing-240 << Content-Type: application/json; charset=utf-8
23:08:09.260 [pool-2-thread-27] DEBUG org.apache.http.headers -- http-outgoing-240 << Content-Length: 605
23:08:09.260 [pool-2-thread-27] DEBUG org.apache.http.headers -- http-outgoing-240 << ETag: W/"25d-ut97aGBHDs3Kbesr8VM1FY/XxWg"
23:08:09.260 [pool-2-thread-27] DEBUG org.apache.http.headers -- http-outgoing-240 << Date: Sun, 22 Jun 2025 16:08:09 GMT
23:08:09.260 [pool-2-thread-27] DEBUG org.apache.http.headers -- http-outgoing-240 << Connection: keep-alive
23:08:09.260 [pool-2-thread-27] DEBUG org.apache.http.headers -- http-outgoing-240 << Keep-Alive: timeout=5
23:08:09.260 [pool-2-thread-27] DEBUG org.apache.http.impl.execchain.MainClientExec -- Connection can be kept alive for 5000 MILLISECONDS
23:08:09.260 [pool-2-thread-27] DEBUG org.apache.http.impl.conn.PoolingHttpClientConnectionManager -- Connection [id: 240][route: {}->http://localhost:3000] can be kept alive for 5.0 seconds
23:08:09.260 [pool-2-thread-27] DEBUG org.apache.http.impl.conn.DefaultManagedHttpClientConnection -- http-outgoing-240: set socket timeout to 0
23:08:09.260 [pool-2-thread-27] DEBUG org.apache.http.impl.conn.PoolingHttpClientConnectionManager -- Connection released: [id: 240][route: {}->http://localhost:3000][total available: 1; route allocated: 1 of 5; total allocated: 1 of 10]
23:08:09.260 [pool-2-thread-27] DEBUG org.apache.http.impl.conn.PoolingHttpClientConnectionManager -- Connection manager is shutting down
23:08:09.260 [pool-2-thread-27] DEBUG org.apache.http.impl.conn.DefaultManagedHttpClientConnection -- http-outgoing-240: Close connection
23:08:09.261 [pool-2-thread-27] DEBUG org.apache.http.impl.conn.PoolingHttpClientConnectionManager -- Connection manager shut down
23:08:09.261 [pool-2-thread-27] DEBUG com.intuit.karate -- response time in milliseconds: 1100
10 < 200
10 < X-Powered-By: Express
10 < Access-Control-Allow-Origin: *
10 < Content-Type: application/json; charset=utf-8
10 < Content-Length: 605
10 < ETag: W/"25d-ut97aGBHDs3Kbesr8VM1FY/XxWg"
10 < Date: Sun, 22 Jun 2025 16:08:09 GMT
10 < Connection: keep-alive
10 < Keep-Alive: timeout=5
{"access_token":"eyJhbGciOiJIUzI1NiIsInR5cCI6IkpXVCJ9.eyJzdWIiOiI2NTBjZTFlZC1hYWNhLTQzOGYtOTk4OC0xZjA1OGFiNWFhMWEiLCJ1c2VybmFtZSI6ImpvaG5kb2UyNSIsInJvbGUiOjAsImlhdCI6MTc1MDYwODQ4OSwiZXhwIjoxNzUwNjEyMDg5fQ.bpq8VXVXMs55bFoKB6i2V9vnI5OEpp7WavedBC15CDY","refresh_token":"b4082ddc378770bf854a6f3b4324f843dbba754ee1767d435f483e8358e5d60a","user":{"id":"650ce1ed-aaca-438f-9988-1f058ab5aa1a","email":"testit3@gmail.com","username":"johndoe25","name":"John Doe","phoneNumber":"0123456713","profilePic":null,"bio":null,"private":false,"verified":false,"role":0,"followersCount":0,"followingCount":0,"postCount":0}}

23:08:09.262 [pool-2-thread-27] INFO com.intuit.karate -- [print] Call 10 completed, status: 200 
23:08:09.262 [pool-2-thread-27] INFO com.intuit.karate -- [print] === COMPLETED 10 API CALLS for user: testit3@gmail.com === 
23:08:09.286 [pool-2-thread-29] DEBUG org.apache.http.wire -- http-outgoing-242 << "HTTP/1.1 200 OK[\r][\n]"
23:08:09.286 [pool-2-thread-29] DEBUG org.apache.http.wire -- http-outgoing-242 << "X-Powered-By: Express[\r][\n]"
23:08:09.286 [pool-2-thread-29] DEBUG org.apache.http.wire -- http-outgoing-242 << "Access-Control-Allow-Origin: *[\r][\n]"
23:08:09.286 [pool-2-thread-29] DEBUG org.apache.http.wire -- http-outgoing-242 << "Content-Type: application/json; charset=utf-8[\r][\n]"
23:08:09.286 [pool-2-thread-29] DEBUG org.apache.http.wire -- http-outgoing-242 << "Content-Length: 604[\r][\n]"
23:08:09.286 [pool-2-thread-29] DEBUG org.apache.http.wire -- http-outgoing-242 << "ETag: W/"25c-cqBFuL6tXObG+bu3Gahtlkxtcg4"[\r][\n]"
23:08:09.286 [pool-2-thread-29] DEBUG org.apache.http.wire -- http-outgoing-242 << "Date: Sun, 22 Jun 2025 16:08:09 GMT[\r][\n]"
23:08:09.286 [pool-2-thread-29] DEBUG org.apache.http.wire -- http-outgoing-242 << "Connection: keep-alive[\r][\n]"
23:08:09.286 [pool-2-thread-29] DEBUG org.apache.http.wire -- http-outgoing-242 << "Keep-Alive: timeout=5[\r][\n]"
23:08:09.286 [pool-2-thread-29] DEBUG org.apache.http.wire -- http-outgoing-242 << "[\r][\n]"
23:08:09.286 [pool-2-thread-29] DEBUG org.apache.http.wire -- http-outgoing-242 << "{"access_token":"eyJhbGciOiJIUzI1NiIsInR5cCI6IkpXVCJ9.eyJzdWIiOiJkZjZmMDkxOS1hMjNkLTQ0YzktYTkyNS00ZWE4YmU1MjVkMTAiLCJ1c2VybmFtZSI6ImpvaG5kb2UyMyIsInJvbGUiOjAsImlhdCI6MTc1MDYwODQ4OSwiZXhwIjoxNzUwNjEyMDg5fQ.qRrcBGwCANYQWRVCAERHQ_kGZgg4oIu0a9S7GYLFMlo","refresh_token":"9c90145116d54f989f4d3d740286b6e6db6f3dee42cdbe8a72da91a63377faf4","user":{"id":"df6f0919-a23d-44c9-a925-4ea8be525d10","email":"testit@gmail.com","username":"johndoe23","name":"John Doe","phoneNumber":"0123456788","profilePic":null,"bio":null,"private":false,"verified":false,"role":0,"followersCount":0,"followingCount":0,"postCount":0}}"
23:08:09.286 [pool-2-thread-29] DEBUG org.apache.http.headers -- http-outgoing-242 << HTTP/1.1 200 OK
23:08:09.286 [pool-2-thread-29] DEBUG org.apache.http.headers -- http-outgoing-242 << X-Powered-By: Express
23:08:09.286 [pool-2-thread-29] DEBUG org.apache.http.headers -- http-outgoing-242 << Access-Control-Allow-Origin: *
23:08:09.286 [pool-2-thread-29] DEBUG org.apache.http.headers -- http-outgoing-242 << Content-Type: application/json; charset=utf-8
23:08:09.286 [pool-2-thread-29] DEBUG org.apache.http.headers -- http-outgoing-242 << Content-Length: 604
23:08:09.286 [pool-2-thread-29] DEBUG org.apache.http.headers -- http-outgoing-242 << ETag: W/"25c-cqBFuL6tXObG+bu3Gahtlkxtcg4"
23:08:09.286 [pool-2-thread-29] DEBUG org.apache.http.headers -- http-outgoing-242 << Date: Sun, 22 Jun 2025 16:08:09 GMT
23:08:09.286 [pool-2-thread-29] DEBUG org.apache.http.headers -- http-outgoing-242 << Connection: keep-alive
23:08:09.286 [pool-2-thread-29] DEBUG org.apache.http.headers -- http-outgoing-242 << Keep-Alive: timeout=5
23:08:09.286 [pool-2-thread-29] DEBUG org.apache.http.impl.execchain.MainClientExec -- Connection can be kept alive for 5000 MILLISECONDS
23:08:09.286 [pool-2-thread-29] DEBUG org.apache.http.impl.conn.PoolingHttpClientConnectionManager -- Connection [id: 242][route: {}->http://localhost:3000] can be kept alive for 5.0 seconds
23:08:09.286 [pool-2-thread-29] DEBUG org.apache.http.impl.conn.DefaultManagedHttpClientConnection -- http-outgoing-242: set socket timeout to 0
23:08:09.286 [pool-2-thread-29] DEBUG org.apache.http.impl.conn.PoolingHttpClientConnectionManager -- Connection released: [id: 242][route: {}->http://localhost:3000][total available: 1; route allocated: 1 of 5; total allocated: 1 of 10]
23:08:09.286 [pool-2-thread-29] DEBUG org.apache.http.impl.conn.PoolingHttpClientConnectionManager -- Connection manager is shutting down
23:08:09.286 [pool-2-thread-29] DEBUG org.apache.http.impl.conn.DefaultManagedHttpClientConnection -- http-outgoing-242: Close connection
23:08:09.286 [pool-2-thread-29] DEBUG org.apache.http.impl.conn.PoolingHttpClientConnectionManager -- Connection manager shut down
23:08:09.286 [pool-2-thread-29] DEBUG com.intuit.karate -- response time in milliseconds: 1111
10 < 200
10 < X-Powered-By: Express
10 < Access-Control-Allow-Origin: *
10 < Content-Type: application/json; charset=utf-8
10 < Content-Length: 604
10 < ETag: W/"25c-cqBFuL6tXObG+bu3Gahtlkxtcg4"
10 < Date: Sun, 22 Jun 2025 16:08:09 GMT
10 < Connection: keep-alive
10 < Keep-Alive: timeout=5
{"access_token":"eyJhbGciOiJIUzI1NiIsInR5cCI6IkpXVCJ9.eyJzdWIiOiJkZjZmMDkxOS1hMjNkLTQ0YzktYTkyNS00ZWE4YmU1MjVkMTAiLCJ1c2VybmFtZSI6ImpvaG5kb2UyMyIsInJvbGUiOjAsImlhdCI6MTc1MDYwODQ4OSwiZXhwIjoxNzUwNjEyMDg5fQ.qRrcBGwCANYQWRVCAERHQ_kGZgg4oIu0a9S7GYLFMlo","refresh_token":"9c90145116d54f989f4d3d740286b6e6db6f3dee42cdbe8a72da91a63377faf4","user":{"id":"df6f0919-a23d-44c9-a925-4ea8be525d10","email":"testit@gmail.com","username":"johndoe23","name":"John Doe","phoneNumber":"0123456788","profilePic":null,"bio":null,"private":false,"verified":false,"role":0,"followersCount":0,"followingCount":0,"postCount":0}}

23:08:09.287 [pool-2-thread-29] INFO com.intuit.karate -- [print] Call 10 completed, status: 200 
23:08:09.287 [pool-2-thread-29] INFO com.intuit.karate -- [print] === COMPLETED 10 API CALLS for user: testit@gmail.com === 
23:08:09.318 [pool-2-thread-2] DEBUG org.apache.http.wire -- http-outgoing-247 << "HTTP/1.1 200 OK[\r][\n]"
23:08:09.318 [pool-2-thread-2] DEBUG org.apache.http.wire -- http-outgoing-247 << "X-Powered-By: Express[\r][\n]"
23:08:09.318 [pool-2-thread-2] DEBUG org.apache.http.wire -- http-outgoing-247 << "Access-Control-Allow-Origin: *[\r][\n]"
23:08:09.318 [pool-2-thread-2] DEBUG org.apache.http.wire -- http-outgoing-247 << "Content-Type: application/json; charset=utf-8[\r][\n]"
23:08:09.318 [pool-2-thread-2] DEBUG org.apache.http.wire -- http-outgoing-247 << "Content-Length: 715[\r][\n]"
23:08:09.318 [pool-2-thread-2] DEBUG org.apache.http.wire -- http-outgoing-247 << "ETag: W/"2cb-/lRhkOMlWTYdJsxj61LtBszaNLQ"[\r][\n]"
23:08:09.318 [pool-2-thread-2] DEBUG org.apache.http.wire -- http-outgoing-247 << "Date: Sun, 22 Jun 2025 16:08:09 GMT[\r][\n]"
23:08:09.318 [pool-2-thread-2] DEBUG org.apache.http.wire -- http-outgoing-247 << "Connection: keep-alive[\r][\n]"
23:08:09.318 [pool-2-thread-2] DEBUG org.apache.http.wire -- http-outgoing-247 << "Keep-Alive: timeout=5[\r][\n]"
23:08:09.318 [pool-2-thread-2] DEBUG org.apache.http.wire -- http-outgoing-247 << "[\r][\n]"
23:08:09.318 [pool-2-thread-2] DEBUG org.apache.http.wire -- http-outgoing-247 << "{"access_token":"eyJhbGciOiJIUzI1NiIsInR5cCI6IkpXVCJ9.eyJzdWIiOiIyYjg0YWEyNC02NjhhLTQwZTItYWYxYy1hZDRmYzRmYTVhNmYiLCJ1c2VybmFtZSI6InF1YW5nMSIsInJvbGUiOjAsImlhdCI6MTc1MDYwODQ4OSwiZXhwIjoxNzUwNjEyMDg5fQ.K75deQuG_aQ0tUwcFSzVyLyfBB_JGEEzPPXAcmtDE4w","refresh_token":"cd5b4affbaa030bf51c470bc12372d1f7ac69a406085b0a63da6225da193cd55","user":{"id":"2b84aa24-668a-40e2-af1c-ad4fc4fa5a6f","email":"quang1@gmail.com","username":"quang1","name":"quang1","phoneNumber":"09874563210","profilePic":"https://res.cloudinary.com/dizcvrefo/image/upload/v1749027586/nestjs_uploads/xehairydt9rzlbmbmv4c.jpg","bio":"Thang Nam Lao Vua Thoi","private":false,"verified":false,"role":0,"followersCount":2,"followingCount":3,"postCount":2}}"
23:08:09.318 [pool-2-thread-2] DEBUG org.apache.http.headers -- http-outgoing-247 << HTTP/1.1 200 OK
23:08:09.318 [pool-2-thread-2] DEBUG org.apache.http.headers -- http-outgoing-247 << X-Powered-By: Express
23:08:09.318 [pool-2-thread-2] DEBUG org.apache.http.headers -- http-outgoing-247 << Access-Control-Allow-Origin: *
23:08:09.318 [pool-2-thread-2] DEBUG org.apache.http.headers -- http-outgoing-247 << Content-Type: application/json; charset=utf-8
23:08:09.318 [pool-2-thread-2] DEBUG org.apache.http.headers -- http-outgoing-247 << Content-Length: 715
23:08:09.318 [pool-2-thread-2] DEBUG org.apache.http.headers -- http-outgoing-247 << ETag: W/"2cb-/lRhkOMlWTYdJsxj61LtBszaNLQ"
23:08:09.318 [pool-2-thread-2] DEBUG org.apache.http.headers -- http-outgoing-247 << Date: Sun, 22 Jun 2025 16:08:09 GMT
23:08:09.318 [pool-2-thread-2] DEBUG org.apache.http.headers -- http-outgoing-247 << Connection: keep-alive
23:08:09.318 [pool-2-thread-2] DEBUG org.apache.http.headers -- http-outgoing-247 << Keep-Alive: timeout=5
23:08:09.318 [pool-2-thread-2] DEBUG org.apache.http.impl.execchain.MainClientExec -- Connection can be kept alive for 5000 MILLISECONDS
23:08:09.319 [pool-2-thread-2] DEBUG org.apache.http.impl.conn.PoolingHttpClientConnectionManager -- Connection [id: 246][route: {}->http://localhost:3000] can be kept alive for 5.0 seconds
23:08:09.319 [pool-2-thread-2] DEBUG org.apache.http.impl.conn.DefaultManagedHttpClientConnection -- http-outgoing-247: set socket timeout to 0
23:08:09.319 [pool-2-thread-2] DEBUG org.apache.http.impl.conn.PoolingHttpClientConnectionManager -- Connection released: [id: 246][route: {}->http://localhost:3000][total available: 1; route allocated: 1 of 5; total allocated: 1 of 10]
23:08:09.319 [pool-2-thread-2] DEBUG org.apache.http.impl.conn.PoolingHttpClientConnectionManager -- Connection manager is shutting down
23:08:09.319 [pool-2-thread-2] DEBUG org.apache.http.impl.conn.DefaultManagedHttpClientConnection -- http-outgoing-247: Close connection
23:08:09.319 [pool-2-thread-2] DEBUG org.apache.http.impl.conn.PoolingHttpClientConnectionManager -- Connection manager shut down
23:08:09.319 [pool-2-thread-2] DEBUG com.intuit.karate -- response time in milliseconds: 1003
9 < 200
9 < X-Powered-By: Express
9 < Access-Control-Allow-Origin: *
9 < Content-Type: application/json; charset=utf-8
9 < Content-Length: 715
9 < ETag: W/"2cb-/lRhkOMlWTYdJsxj61LtBszaNLQ"
9 < Date: Sun, 22 Jun 2025 16:08:09 GMT
9 < Connection: keep-alive
9 < Keep-Alive: timeout=5
{"access_token":"eyJhbGciOiJIUzI1NiIsInR5cCI6IkpXVCJ9.eyJzdWIiOiIyYjg0YWEyNC02NjhhLTQwZTItYWYxYy1hZDRmYzRmYTVhNmYiLCJ1c2VybmFtZSI6InF1YW5nMSIsInJvbGUiOjAsImlhdCI6MTc1MDYwODQ4OSwiZXhwIjoxNzUwNjEyMDg5fQ.K75deQuG_aQ0tUwcFSzVyLyfBB_JGEEzPPXAcmtDE4w","refresh_token":"cd5b4affbaa030bf51c470bc12372d1f7ac69a406085b0a63da6225da193cd55","user":{"id":"2b84aa24-668a-40e2-af1c-ad4fc4fa5a6f","email":"quang1@gmail.com","username":"quang1","name":"quang1","phoneNumber":"09874563210","profilePic":"https://res.cloudinary.com/dizcvrefo/image/upload/v1749027586/nestjs_uploads/xehairydt9rzlbmbmv4c.jpg","bio":"Thang Nam Lao Vua Thoi","private":false,"verified":false,"role":0,"followersCount":2,"followingCount":3,"postCount":2}}

23:08:09.319 [pool-2-thread-2] INFO com.intuit.karate -- [print] Call 9 completed, status: 200 
23:08:09.320 [pool-2-thread-2] INFO com.intuit.karate -- [print] *** API CALL 10 *** 
23:08:09.322 [pool-2-thread-2] DEBUG org.apache.http.client.protocol.RequestAddCookies -- CookieSpec selected: karate
23:08:09.322 [pool-2-thread-2] DEBUG org.apache.http.client.protocol.RequestAuthCache -- Auth cache not set in the context
23:08:09.322 [pool-2-thread-2] DEBUG com.intuit.karate -- request:
10 > POST http://localhost:3000/auth/login
10 > Content-Type: application/json; charset=UTF-8
10 > Content-Length: 48
10 > Host: localhost:3000
10 > Connection: Keep-Alive
10 > User-Agent: Apache-HttpClient/4.5.14 (Java/17.0.9)
10 > Accept-Encoding: gzip,deflate
{"email":"quang1@gmail.com","password":"quang1"}

23:08:09.322 [pool-2-thread-2] DEBUG org.apache.http.impl.conn.PoolingHttpClientConnectionManager -- Connection request: [route: {}->http://localhost:3000][total available: 0; route allocated: 0 of 5; total allocated: 0 of 10]
23:08:09.322 [pool-2-thread-2] DEBUG org.apache.http.impl.conn.PoolingHttpClientConnectionManager -- Connection leased: [id: 252][route: {}->http://localhost:3000][total available: 0; route allocated: 1 of 5; total allocated: 1 of 10]
23:08:09.322 [pool-2-thread-2] DEBUG org.apache.http.impl.execchain.MainClientExec -- Opening connection {}->http://localhost:3000
23:08:09.323 [pool-2-thread-2] DEBUG org.apache.http.impl.conn.DefaultHttpClientConnectionOperator -- Connecting to localhost/127.0.0.1:3000
23:08:09.323 [pool-2-thread-2] DEBUG org.apache.http.impl.conn.DefaultHttpClientConnectionOperator -- Connection established 127.0.0.1:52920<->127.0.0.1:3000
23:08:09.323 [pool-2-thread-2] DEBUG org.apache.http.impl.conn.DefaultManagedHttpClientConnection -- http-outgoing-252: set socket timeout to 30000
23:08:09.323 [pool-2-thread-2] DEBUG org.apache.http.impl.execchain.MainClientExec -- Executing request POST /auth/login HTTP/1.1
23:08:09.323 [pool-2-thread-2] DEBUG org.apache.http.impl.execchain.MainClientExec -- Target auth state: UNCHALLENGED
23:08:09.323 [pool-2-thread-2] DEBUG org.apache.http.impl.execchain.MainClientExec -- Proxy auth state: UNCHALLENGED
23:08:09.323 [pool-2-thread-2] DEBUG org.apache.http.headers -- http-outgoing-252 >> POST /auth/login HTTP/1.1
23:08:09.323 [pool-2-thread-2] DEBUG org.apache.http.headers -- http-outgoing-252 >> Content-Type: application/json; charset=UTF-8
23:08:09.323 [pool-2-thread-2] DEBUG org.apache.http.headers -- http-outgoing-252 >> Content-Length: 48
23:08:09.323 [pool-2-thread-2] DEBUG org.apache.http.headers -- http-outgoing-252 >> Host: localhost:3000
23:08:09.323 [pool-2-thread-2] DEBUG org.apache.http.headers -- http-outgoing-252 >> Connection: Keep-Alive
23:08:09.323 [pool-2-thread-2] DEBUG org.apache.http.headers -- http-outgoing-252 >> User-Agent: Apache-HttpClient/4.5.14 (Java/17.0.9)
23:08:09.323 [pool-2-thread-2] DEBUG org.apache.http.headers -- http-outgoing-252 >> Accept-Encoding: gzip,deflate
23:08:09.323 [pool-2-thread-2] DEBUG org.apache.http.wire -- http-outgoing-252 >> "POST /auth/login HTTP/1.1[\r][\n]"
23:08:09.323 [pool-2-thread-2] DEBUG org.apache.http.wire -- http-outgoing-252 >> "Content-Type: application/json; charset=UTF-8[\r][\n]"
23:08:09.323 [pool-2-thread-2] DEBUG org.apache.http.wire -- http-outgoing-252 >> "Content-Length: 48[\r][\n]"
23:08:09.323 [pool-2-thread-2] DEBUG org.apache.http.wire -- http-outgoing-252 >> "Host: localhost:3000[\r][\n]"
23:08:09.323 [pool-2-thread-2] DEBUG org.apache.http.wire -- http-outgoing-252 >> "Connection: Keep-Alive[\r][\n]"
23:08:09.323 [pool-2-thread-2] DEBUG org.apache.http.wire -- http-outgoing-252 >> "User-Agent: Apache-HttpClient/4.5.14 (Java/17.0.9)[\r][\n]"
23:08:09.323 [pool-2-thread-2] DEBUG org.apache.http.wire -- http-outgoing-252 >> "Accept-Encoding: gzip,deflate[\r][\n]"
23:08:09.323 [pool-2-thread-2] DEBUG org.apache.http.wire -- http-outgoing-252 >> "[\r][\n]"
23:08:09.323 [pool-2-thread-2] DEBUG org.apache.http.wire -- http-outgoing-252 >> "{"email":"quang1@gmail.com","password":"quang1"}"
23:08:09.334 [pool-2-thread-10] DEBUG org.apache.http.wire -- http-outgoing-243 << "HTTP/1.1 200 OK[\r][\n]"
23:08:09.335 [pool-2-thread-10] DEBUG org.apache.http.wire -- http-outgoing-243 << "X-Powered-By: Express[\r][\n]"
23:08:09.335 [pool-2-thread-10] DEBUG org.apache.http.wire -- http-outgoing-243 << "Access-Control-Allow-Origin: *[\r][\n]"
23:08:09.335 [pool-2-thread-10] DEBUG org.apache.http.wire -- http-outgoing-243 << "Content-Type: application/json; charset=utf-8[\r][\n]"
23:08:09.335 [pool-2-thread-10] DEBUG org.apache.http.wire -- http-outgoing-243 << "Content-Length: 605[\r][\n]"
23:08:09.335 [pool-2-thread-10] DEBUG org.apache.http.wire -- http-outgoing-243 << "ETag: W/"25d-MdQq2V7akeTBvVXm9z/3N0xyHow"[\r][\n]"
23:08:09.335 [pool-2-thread-10] DEBUG org.apache.http.wire -- http-outgoing-243 << "Date: Sun, 22 Jun 2025 16:08:09 GMT[\r][\n]"
23:08:09.335 [pool-2-thread-10] DEBUG org.apache.http.wire -- http-outgoing-243 << "Connection: keep-alive[\r][\n]"
23:08:09.335 [pool-2-thread-10] DEBUG org.apache.http.wire -- http-outgoing-243 << "Keep-Alive: timeout=5[\r][\n]"
23:08:09.335 [pool-2-thread-10] DEBUG org.apache.http.wire -- http-outgoing-243 << "[\r][\n]"
23:08:09.335 [pool-2-thread-10] DEBUG org.apache.http.wire -- http-outgoing-243 << "{"access_token":"eyJhbGciOiJIUzI1NiIsInR5cCI6IkpXVCJ9.eyJzdWIiOiIwYTM3ZWY0My1mZWU4LTQxZDMtYTY4Ni04YWIwODY5NDg2OTUiLCJ1c2VybmFtZSI6ImpvaG5kb2UyMSIsInJvbGUiOjAsImlhdCI6MTc1MDYwODQ4OSwiZXhwIjoxNzUwNjEyMDg5fQ.eLDh1Prhq1-BGz1r34CHpStitr4x0cKs5Ofck3-nCJw","refresh_token":"4b14f5a83669a09cf2d43e07e4adbabd221a95917852c3e58659bd02fe7d6047","user":{"id":"0a37ef43-fee8-41d3-a686-8ab086948695","email":"testit2@gmail.com","username":"johndoe21","name":"John Doe","phoneNumber":"0123456712","profilePic":null,"bio":null,"private":false,"verified":false,"role":0,"followersCount":0,"followingCount":0,"postCount":0}}"
23:08:09.335 [pool-2-thread-10] DEBUG org.apache.http.headers -- http-outgoing-243 << HTTP/1.1 200 OK
23:08:09.335 [pool-2-thread-10] DEBUG org.apache.http.headers -- http-outgoing-243 << X-Powered-By: Express
23:08:09.335 [pool-2-thread-10] DEBUG org.apache.http.headers -- http-outgoing-243 << Access-Control-Allow-Origin: *
23:08:09.335 [pool-2-thread-10] DEBUG org.apache.http.headers -- http-outgoing-243 << Content-Type: application/json; charset=utf-8
23:08:09.335 [pool-2-thread-10] DEBUG org.apache.http.headers -- http-outgoing-243 << Content-Length: 605
23:08:09.335 [pool-2-thread-10] DEBUG org.apache.http.headers -- http-outgoing-243 << ETag: W/"25d-MdQq2V7akeTBvVXm9z/3N0xyHow"
23:08:09.335 [pool-2-thread-10] DEBUG org.apache.http.headers -- http-outgoing-243 << Date: Sun, 22 Jun 2025 16:08:09 GMT
23:08:09.335 [pool-2-thread-10] DEBUG org.apache.http.headers -- http-outgoing-243 << Connection: keep-alive
23:08:09.335 [pool-2-thread-10] DEBUG org.apache.http.headers -- http-outgoing-243 << Keep-Alive: timeout=5
23:08:09.335 [pool-2-thread-10] DEBUG org.apache.http.impl.execchain.MainClientExec -- Connection can be kept alive for 5000 MILLISECONDS
23:08:09.335 [pool-2-thread-10] DEBUG org.apache.http.impl.conn.PoolingHttpClientConnectionManager -- Connection [id: 243][route: {}->http://localhost:3000] can be kept alive for 5.0 seconds
23:08:09.335 [pool-2-thread-10] DEBUG org.apache.http.impl.conn.DefaultManagedHttpClientConnection -- http-outgoing-243: set socket timeout to 0
23:08:09.335 [pool-2-thread-10] DEBUG org.apache.http.impl.conn.PoolingHttpClientConnectionManager -- Connection released: [id: 243][route: {}->http://localhost:3000][total available: 1; route allocated: 1 of 5; total allocated: 1 of 10]
23:08:09.335 [pool-2-thread-10] DEBUG org.apache.http.impl.conn.PoolingHttpClientConnectionManager -- Connection manager is shutting down
23:08:09.335 [pool-2-thread-10] DEBUG org.apache.http.impl.conn.DefaultManagedHttpClientConnection -- http-outgoing-243: Close connection
23:08:09.335 [pool-2-thread-10] DEBUG org.apache.http.impl.conn.PoolingHttpClientConnectionManager -- Connection manager shut down
23:08:09.335 [pool-2-thread-10] DEBUG com.intuit.karate -- response time in milliseconds: 1093
10 < 200
10 < X-Powered-By: Express
10 < Access-Control-Allow-Origin: *
10 < Content-Type: application/json; charset=utf-8
10 < Content-Length: 605
10 < ETag: W/"25d-MdQq2V7akeTBvVXm9z/3N0xyHow"
10 < Date: Sun, 22 Jun 2025 16:08:09 GMT
10 < Connection: keep-alive
10 < Keep-Alive: timeout=5
{"access_token":"eyJhbGciOiJIUzI1NiIsInR5cCI6IkpXVCJ9.eyJzdWIiOiIwYTM3ZWY0My1mZWU4LTQxZDMtYTY4Ni04YWIwODY5NDg2OTUiLCJ1c2VybmFtZSI6ImpvaG5kb2UyMSIsInJvbGUiOjAsImlhdCI6MTc1MDYwODQ4OSwiZXhwIjoxNzUwNjEyMDg5fQ.eLDh1Prhq1-BGz1r34CHpStitr4x0cKs5Ofck3-nCJw","refresh_token":"4b14f5a83669a09cf2d43e07e4adbabd221a95917852c3e58659bd02fe7d6047","user":{"id":"0a37ef43-fee8-41d3-a686-8ab086948695","email":"testit2@gmail.com","username":"johndoe21","name":"John Doe","phoneNumber":"0123456712","profilePic":null,"bio":null,"private":false,"verified":false,"role":0,"followersCount":0,"followingCount":0,"postCount":0}}

23:08:09.339 [pool-2-thread-10] INFO com.intuit.karate -- [print] Call 10 completed, status: 200 
23:08:09.340 [pool-2-thread-10] INFO com.intuit.karate -- [print] === COMPLETED 10 API CALLS for user: testit2@gmail.com === 
23:08:09.340 [pool-2-thread-18] DEBUG org.apache.http.wire -- http-outgoing-241 << "HTTP/1.1 200 OK[\r][\n]"
23:08:09.340 [pool-2-thread-18] DEBUG org.apache.http.wire -- http-outgoing-241 << "X-Powered-By: Express[\r][\n]"
23:08:09.340 [pool-2-thread-18] DEBUG org.apache.http.wire -- http-outgoing-241 << "Access-Control-Allow-Origin: *[\r][\n]"
23:08:09.340 [pool-2-thread-18] DEBUG org.apache.http.wire -- http-outgoing-241 << "Content-Type: application/json; charset=utf-8[\r][\n]"
23:08:09.340 [pool-2-thread-18] DEBUG org.apache.http.wire -- http-outgoing-241 << "Content-Length: 609[\r][\n]"
23:08:09.340 [pool-2-thread-18] DEBUG org.apache.http.wire -- http-outgoing-241 << "ETag: W/"261-6egkeomQaBt6yOUSIasL+GYO3mo"[\r][\n]"
23:08:09.340 [pool-2-thread-18] DEBUG org.apache.http.wire -- http-outgoing-241 << "Date: Sun, 22 Jun 2025 16:08:09 GMT[\r][\n]"
23:08:09.340 [pool-2-thread-18] DEBUG org.apache.http.wire -- http-outgoing-241 << "Connection: keep-alive[\r][\n]"
23:08:09.340 [pool-2-thread-18] DEBUG org.apache.http.wire -- http-outgoing-241 << "Keep-Alive: timeout=5[\r][\n]"
23:08:09.340 [pool-2-thread-18] DEBUG org.apache.http.wire -- http-outgoing-241 << "[\r][\n]"
23:08:09.340 [pool-2-thread-18] DEBUG org.apache.http.wire -- http-outgoing-241 << "{"access_token":"eyJhbGciOiJIUzI1NiIsInR5cCI6IkpXVCJ9.eyJzdWIiOiIyNzJmNmI1NS01MTc5LTRhZTMtODU2My1iNGVjMTBmNzY3MTUiLCJ1c2VybmFtZSI6ImpvaG5kb2UyZDVkIiwicm9sZSI6MCwiaWF0IjoxNzUwNjA4NDg5LCJleHAiOjE3NTA2MTIwODl9.4eBBSvVmGX_VnNPG-wVPE8o7qjUZe4abTFpyKypRf4s","refresh_token":"14c463504a44e579cd3853913b4dcb80badb63326a09e8ad2738136162af8611","user":{"id":"272f6b55-5179-4ae3-8563-b4ec10f76715","email":"testit5@gmail.com","username":"johndoe2d5d","name":"John Doe","phoneNumber":"0123456132","profilePic":null,"bio":null,"private":false,"verified":false,"role":0,"followersCount":0,"followingCount":0,"postCount":0}}"
23:08:09.340 [pool-2-thread-18] DEBUG org.apache.http.headers -- http-outgoing-241 << HTTP/1.1 200 OK
23:08:09.340 [pool-2-thread-18] DEBUG org.apache.http.headers -- http-outgoing-241 << X-Powered-By: Express
23:08:09.340 [pool-2-thread-18] DEBUG org.apache.http.headers -- http-outgoing-241 << Access-Control-Allow-Origin: *
23:08:09.340 [pool-2-thread-18] DEBUG org.apache.http.headers -- http-outgoing-241 << Content-Type: application/json; charset=utf-8
23:08:09.340 [pool-2-thread-18] DEBUG org.apache.http.headers -- http-outgoing-241 << Content-Length: 609
23:08:09.340 [pool-2-thread-18] DEBUG org.apache.http.headers -- http-outgoing-241 << ETag: W/"261-6egkeomQaBt6yOUSIasL+GYO3mo"
23:08:09.340 [pool-2-thread-18] DEBUG org.apache.http.headers -- http-outgoing-241 << Date: Sun, 22 Jun 2025 16:08:09 GMT
23:08:09.340 [pool-2-thread-18] DEBUG org.apache.http.headers -- http-outgoing-241 << Connection: keep-alive
23:08:09.340 [pool-2-thread-18] DEBUG org.apache.http.headers -- http-outgoing-241 << Keep-Alive: timeout=5
23:08:09.340 [pool-2-thread-18] DEBUG org.apache.http.impl.execchain.MainClientExec -- Connection can be kept alive for 5000 MILLISECONDS
23:08:09.340 [pool-2-thread-18] DEBUG org.apache.http.impl.conn.PoolingHttpClientConnectionManager -- Connection [id: 241][route: {}->http://localhost:3000] can be kept alive for 5.0 seconds
23:08:09.340 [pool-2-thread-18] DEBUG org.apache.http.impl.conn.DefaultManagedHttpClientConnection -- http-outgoing-241: set socket timeout to 0
23:08:09.340 [pool-2-thread-18] DEBUG org.apache.http.impl.conn.PoolingHttpClientConnectionManager -- Connection released: [id: 241][route: {}->http://localhost:3000][total available: 1; route allocated: 1 of 5; total allocated: 1 of 10]
23:08:09.340 [pool-2-thread-18] DEBUG org.apache.http.impl.conn.PoolingHttpClientConnectionManager -- Connection manager is shutting down
23:08:09.340 [pool-2-thread-18] DEBUG org.apache.http.impl.conn.DefaultManagedHttpClientConnection -- http-outgoing-241: Close connection
23:08:09.341 [pool-2-thread-18] DEBUG org.apache.http.impl.conn.PoolingHttpClientConnectionManager -- Connection manager shut down
23:08:09.341 [pool-2-thread-18] DEBUG com.intuit.karate -- response time in milliseconds: 1165
10 < 200
10 < X-Powered-By: Express
10 < Access-Control-Allow-Origin: *
10 < Content-Type: application/json; charset=utf-8
10 < Content-Length: 609
10 < ETag: W/"261-6egkeomQaBt6yOUSIasL+GYO3mo"
10 < Date: Sun, 22 Jun 2025 16:08:09 GMT
10 < Connection: keep-alive
10 < Keep-Alive: timeout=5
{"access_token":"eyJhbGciOiJIUzI1NiIsInR5cCI6IkpXVCJ9.eyJzdWIiOiIyNzJmNmI1NS01MTc5LTRhZTMtODU2My1iNGVjMTBmNzY3MTUiLCJ1c2VybmFtZSI6ImpvaG5kb2UyZDVkIiwicm9sZSI6MCwiaWF0IjoxNzUwNjA4NDg5LCJleHAiOjE3NTA2MTIwODl9.4eBBSvVmGX_VnNPG-wVPE8o7qjUZe4abTFpyKypRf4s","refresh_token":"14c463504a44e579cd3853913b4dcb80badb63326a09e8ad2738136162af8611","user":{"id":"272f6b55-5179-4ae3-8563-b4ec10f76715","email":"testit5@gmail.com","username":"johndoe2d5d","name":"John Doe","phoneNumber":"0123456132","profilePic":null,"bio":null,"private":false,"verified":false,"role":0,"followersCount":0,"followingCount":0,"postCount":0}}

23:08:09.342 [pool-2-thread-18] INFO com.intuit.karate -- [print] Call 10 completed, status: 200 
23:08:09.343 [pool-2-thread-18] INFO com.intuit.karate -- [print] === COMPLETED 10 API CALLS for user: testit5@gmail.com === 
23:08:09.413 [pool-2-thread-17] DEBUG org.apache.http.wire -- http-outgoing-245 << "HTTP/1.1 200 OK[\r][\n]"
23:08:09.413 [pool-2-thread-17] DEBUG org.apache.http.wire -- http-outgoing-245 << "X-Powered-By: Express[\r][\n]"
23:08:09.413 [pool-2-thread-17] DEBUG org.apache.http.wire -- http-outgoing-245 << "Access-Control-Allow-Origin: *[\r][\n]"
23:08:09.413 [pool-2-thread-17] DEBUG org.apache.http.wire -- http-outgoing-245 << "Content-Type: application/json; charset=utf-8[\r][\n]"
23:08:09.413 [pool-2-thread-17] DEBUG org.apache.http.wire -- http-outgoing-245 << "Content-Length: 605[\r][\n]"
23:08:09.413 [pool-2-thread-17] DEBUG org.apache.http.wire -- http-outgoing-245 << "ETag: W/"25d-FtyByj/qqxb4MebIfInZl5fZzdE"[\r][\n]"
23:08:09.413 [pool-2-thread-17] DEBUG org.apache.http.wire -- http-outgoing-245 << "Date: Sun, 22 Jun 2025 16:08:09 GMT[\r][\n]"
23:08:09.413 [pool-2-thread-17] DEBUG org.apache.http.wire -- http-outgoing-245 << "Connection: keep-alive[\r][\n]"
23:08:09.413 [pool-2-thread-17] DEBUG org.apache.http.wire -- http-outgoing-245 << "Keep-Alive: timeout=5[\r][\n]"
23:08:09.413 [pool-2-thread-17] DEBUG org.apache.http.wire -- http-outgoing-245 << "[\r][\n]"
23:08:09.413 [pool-2-thread-17] DEBUG org.apache.http.wire -- http-outgoing-245 << "{"access_token":"eyJhbGciOiJIUzI1NiIsInR5cCI6IkpXVCJ9.eyJzdWIiOiI2NTBjZTFlZC1hYWNhLTQzOGYtOTk4OC0xZjA1OGFiNWFhMWEiLCJ1c2VybmFtZSI6ImpvaG5kb2UyNSIsInJvbGUiOjAsImlhdCI6MTc1MDYwODQ4OSwiZXhwIjoxNzUwNjEyMDg5fQ.bpq8VXVXMs55bFoKB6i2V9vnI5OEpp7WavedBC15CDY","refresh_token":"45421480e2b56d7c1ed3aa425cc382af40bb8460579c35724eab507155024eea","user":{"id":"650ce1ed-aaca-438f-9988-1f058ab5aa1a","email":"testit3@gmail.com","username":"johndoe25","name":"John Doe","phoneNumber":"0123456713","profilePic":null,"bio":null,"private":false,"verified":false,"role":0,"followersCount":0,"followingCount":0,"postCount":0}}"
23:08:09.413 [pool-2-thread-17] DEBUG org.apache.http.headers -- http-outgoing-245 << HTTP/1.1 200 OK
23:08:09.413 [pool-2-thread-17] DEBUG org.apache.http.headers -- http-outgoing-245 << X-Powered-By: Express
23:08:09.413 [pool-2-thread-17] DEBUG org.apache.http.headers -- http-outgoing-245 << Access-Control-Allow-Origin: *
23:08:09.413 [pool-2-thread-17] DEBUG org.apache.http.headers -- http-outgoing-245 << Content-Type: application/json; charset=utf-8
23:08:09.413 [pool-2-thread-17] DEBUG org.apache.http.headers -- http-outgoing-245 << Content-Length: 605
23:08:09.413 [pool-2-thread-17] DEBUG org.apache.http.headers -- http-outgoing-245 << ETag: W/"25d-FtyByj/qqxb4MebIfInZl5fZzdE"
23:08:09.413 [pool-2-thread-17] DEBUG org.apache.http.headers -- http-outgoing-245 << Date: Sun, 22 Jun 2025 16:08:09 GMT
23:08:09.415 [pool-2-thread-17] DEBUG org.apache.http.headers -- http-outgoing-245 << Connection: keep-alive
23:08:09.415 [pool-2-thread-17] DEBUG org.apache.http.headers -- http-outgoing-245 << Keep-Alive: timeout=5
23:08:09.415 [pool-2-thread-17] DEBUG org.apache.http.impl.execchain.MainClientExec -- Connection can be kept alive for 5000 MILLISECONDS
23:08:09.415 [pool-2-thread-17] DEBUG org.apache.http.impl.conn.PoolingHttpClientConnectionManager -- Connection [id: 247][route: {}->http://localhost:3000] can be kept alive for 5.0 seconds
23:08:09.415 [pool-2-thread-17] DEBUG org.apache.http.impl.conn.DefaultManagedHttpClientConnection -- http-outgoing-245: set socket timeout to 0
23:08:09.415 [pool-2-thread-17] DEBUG org.apache.http.impl.conn.PoolingHttpClientConnectionManager -- Connection released: [id: 247][route: {}->http://localhost:3000][total available: 1; route allocated: 1 of 5; total allocated: 1 of 10]
23:08:09.415 [pool-2-thread-17] DEBUG org.apache.http.impl.conn.PoolingHttpClientConnectionManager -- Connection manager is shutting down
23:08:09.415 [pool-2-thread-17] DEBUG org.apache.http.impl.conn.DefaultManagedHttpClientConnection -- http-outgoing-245: Close connection
23:08:09.415 [pool-2-thread-17] DEBUG org.apache.http.impl.conn.PoolingHttpClientConnectionManager -- Connection manager shut down
23:08:09.415 [pool-2-thread-17] DEBUG com.intuit.karate -- response time in milliseconds: 1099
9 < 200
9 < X-Powered-By: Express
9 < Access-Control-Allow-Origin: *
9 < Content-Type: application/json; charset=utf-8
9 < Content-Length: 605
9 < ETag: W/"25d-FtyByj/qqxb4MebIfInZl5fZzdE"
9 < Date: Sun, 22 Jun 2025 16:08:09 GMT
9 < Connection: keep-alive
9 < Keep-Alive: timeout=5
{"access_token":"eyJhbGciOiJIUzI1NiIsInR5cCI6IkpXVCJ9.eyJzdWIiOiI2NTBjZTFlZC1hYWNhLTQzOGYtOTk4OC0xZjA1OGFiNWFhMWEiLCJ1c2VybmFtZSI6ImpvaG5kb2UyNSIsInJvbGUiOjAsImlhdCI6MTc1MDYwODQ4OSwiZXhwIjoxNzUwNjEyMDg5fQ.bpq8VXVXMs55bFoKB6i2V9vnI5OEpp7WavedBC15CDY","refresh_token":"45421480e2b56d7c1ed3aa425cc382af40bb8460579c35724eab507155024eea","user":{"id":"650ce1ed-aaca-438f-9988-1f058ab5aa1a","email":"testit3@gmail.com","username":"johndoe25","name":"John Doe","phoneNumber":"0123456713","profilePic":null,"bio":null,"private":false,"verified":false,"role":0,"followersCount":0,"followingCount":0,"postCount":0}}

23:08:09.416 [pool-2-thread-17] INFO com.intuit.karate -- [print] Call 9 completed, status: 200 
23:08:09.417 [pool-2-thread-17] INFO com.intuit.karate -- [print] *** API CALL 10 *** 
23:08:09.418 [pool-2-thread-17] DEBUG org.apache.http.client.protocol.RequestAddCookies -- CookieSpec selected: karate
23:08:09.419 [pool-2-thread-17] DEBUG org.apache.http.client.protocol.RequestAuthCache -- Auth cache not set in the context
23:08:09.419 [pool-2-thread-17] DEBUG com.intuit.karate -- request:
10 > POST http://localhost:3000/auth/login
10 > Content-Type: application/json; charset=UTF-8
10 > Content-Length: 54
10 > Host: localhost:3000
10 > Connection: Keep-Alive
10 > User-Agent: Apache-HttpClient/4.5.14 (Java/17.0.9)
10 > Accept-Encoding: gzip,deflate
{"email":"testit3@gmail.com","password":"Password123"}

23:08:09.419 [pool-2-thread-17] DEBUG org.apache.http.impl.conn.PoolingHttpClientConnectionManager -- Connection request: [route: {}->http://localhost:3000][total available: 0; route allocated: 0 of 5; total allocated: 0 of 10]
23:08:09.419 [pool-2-thread-17] DEBUG org.apache.http.impl.conn.PoolingHttpClientConnectionManager -- Connection leased: [id: 253][route: {}->http://localhost:3000][total available: 0; route allocated: 1 of 5; total allocated: 1 of 10]
23:08:09.419 [pool-2-thread-17] DEBUG org.apache.http.impl.execchain.MainClientExec -- Opening connection {}->http://localhost:3000
23:08:09.419 [pool-2-thread-17] DEBUG org.apache.http.impl.conn.DefaultHttpClientConnectionOperator -- Connecting to localhost/127.0.0.1:3000
23:08:09.420 [pool-2-thread-17] DEBUG org.apache.http.impl.conn.DefaultHttpClientConnectionOperator -- Connection established 127.0.0.1:52921<->127.0.0.1:3000
23:08:09.420 [pool-2-thread-17] DEBUG org.apache.http.impl.conn.DefaultManagedHttpClientConnection -- http-outgoing-253: set socket timeout to 30000
23:08:09.420 [pool-2-thread-17] DEBUG org.apache.http.impl.execchain.MainClientExec -- Executing request POST /auth/login HTTP/1.1
23:08:09.420 [pool-2-thread-17] DEBUG org.apache.http.impl.execchain.MainClientExec -- Target auth state: UNCHALLENGED
23:08:09.420 [pool-2-thread-17] DEBUG org.apache.http.impl.execchain.MainClientExec -- Proxy auth state: UNCHALLENGED
23:08:09.420 [pool-2-thread-17] DEBUG org.apache.http.headers -- http-outgoing-253 >> POST /auth/login HTTP/1.1
23:08:09.420 [pool-2-thread-17] DEBUG org.apache.http.headers -- http-outgoing-253 >> Content-Type: application/json; charset=UTF-8
23:08:09.420 [pool-2-thread-17] DEBUG org.apache.http.headers -- http-outgoing-253 >> Content-Length: 54
23:08:09.420 [pool-2-thread-17] DEBUG org.apache.http.headers -- http-outgoing-253 >> Host: localhost:3000
23:08:09.420 [pool-2-thread-17] DEBUG org.apache.http.headers -- http-outgoing-253 >> Connection: Keep-Alive
23:08:09.420 [pool-2-thread-17] DEBUG org.apache.http.headers -- http-outgoing-253 >> User-Agent: Apache-HttpClient/4.5.14 (Java/17.0.9)
23:08:09.420 [pool-2-thread-17] DEBUG org.apache.http.headers -- http-outgoing-253 >> Accept-Encoding: gzip,deflate
23:08:09.420 [pool-2-thread-17] DEBUG org.apache.http.wire -- http-outgoing-253 >> "POST /auth/login HTTP/1.1[\r][\n]"
23:08:09.420 [pool-2-thread-17] DEBUG org.apache.http.wire -- http-outgoing-253 >> "Content-Type: application/json; charset=UTF-8[\r][\n]"
23:08:09.420 [pool-2-thread-17] DEBUG org.apache.http.wire -- http-outgoing-253 >> "Content-Length: 54[\r][\n]"
23:08:09.420 [pool-2-thread-17] DEBUG org.apache.http.wire -- http-outgoing-253 >> "Host: localhost:3000[\r][\n]"
23:08:09.420 [pool-2-thread-17] DEBUG org.apache.http.wire -- http-outgoing-253 >> "Connection: Keep-Alive[\r][\n]"
23:08:09.420 [pool-2-thread-17] DEBUG org.apache.http.wire -- http-outgoing-253 >> "User-Agent: Apache-HttpClient/4.5.14 (Java/17.0.9)[\r][\n]"
23:08:09.420 [pool-2-thread-17] DEBUG org.apache.http.wire -- http-outgoing-253 >> "Accept-Encoding: gzip,deflate[\r][\n]"
23:08:09.420 [pool-2-thread-17] DEBUG org.apache.http.wire -- http-outgoing-253 >> "[\r][\n]"
23:08:09.420 [pool-2-thread-17] DEBUG org.apache.http.wire -- http-outgoing-253 >> "{"email":"testit3@gmail.com","password":"Password123"}"
23:08:09.448 [pool-2-thread-9] DEBUG org.apache.http.wire -- http-outgoing-244 << "HTTP/1.1 200 OK[\r][\n]"
23:08:09.448 [pool-2-thread-9] DEBUG org.apache.http.wire -- http-outgoing-244 << "X-Powered-By: Express[\r][\n]"
23:08:09.448 [pool-2-thread-9] DEBUG org.apache.http.wire -- http-outgoing-244 << "Access-Control-Allow-Origin: *[\r][\n]"
23:08:09.448 [pool-2-thread-9] DEBUG org.apache.http.wire -- http-outgoing-244 << "Content-Type: application/json; charset=utf-8[\r][\n]"
23:08:09.448 [pool-2-thread-9] DEBUG org.apache.http.wire -- http-outgoing-244 << "Content-Length: 604[\r][\n]"
23:08:09.448 [pool-2-thread-9] DEBUG org.apache.http.wire -- http-outgoing-244 << "ETag: W/"25c-C8RKZDtaAYHu5o6k7rEMiQ2pKR4"[\r][\n]"
23:08:09.448 [pool-2-thread-9] DEBUG org.apache.http.wire -- http-outgoing-244 << "Date: Sun, 22 Jun 2025 16:08:09 GMT[\r][\n]"
23:08:09.448 [pool-2-thread-9] DEBUG org.apache.http.wire -- http-outgoing-244 << "Connection: keep-alive[\r][\n]"
23:08:09.448 [pool-2-thread-9] DEBUG org.apache.http.wire -- http-outgoing-244 << "Keep-Alive: timeout=5[\r][\n]"
23:08:09.448 [pool-2-thread-9] DEBUG org.apache.http.wire -- http-outgoing-244 << "[\r][\n]"
23:08:09.448 [pool-2-thread-9] DEBUG org.apache.http.wire -- http-outgoing-244 << "{"access_token":"eyJhbGciOiJIUzI1NiIsInR5cCI6IkpXVCJ9.eyJzdWIiOiJkZjZmMDkxOS1hMjNkLTQ0YzktYTkyNS00ZWE4YmU1MjVkMTAiLCJ1c2VybmFtZSI6ImpvaG5kb2UyMyIsInJvbGUiOjAsImlhdCI6MTc1MDYwODQ4OSwiZXhwIjoxNzUwNjEyMDg5fQ.qRrcBGwCANYQWRVCAERHQ_kGZgg4oIu0a9S7GYLFMlo","refresh_token":"fa924dc90b47299a755c7ff3124eed9aa1a7bb0817880728fcde8913cc517913","user":{"id":"df6f0919-a23d-44c9-a925-4ea8be525d10","email":"testit@gmail.com","username":"johndoe23","name":"John Doe","phoneNumber":"0123456788","profilePic":null,"bio":null,"private":false,"verified":false,"role":0,"followersCount":0,"followingCount":0,"postCount":0}}"
23:08:09.448 [pool-2-thread-9] DEBUG org.apache.http.headers -- http-outgoing-244 << HTTP/1.1 200 OK
23:08:09.448 [pool-2-thread-9] DEBUG org.apache.http.headers -- http-outgoing-244 << X-Powered-By: Express
23:08:09.448 [pool-2-thread-9] DEBUG org.apache.http.headers -- http-outgoing-244 << Access-Control-Allow-Origin: *
23:08:09.448 [pool-2-thread-9] DEBUG org.apache.http.headers -- http-outgoing-244 << Content-Type: application/json; charset=utf-8
23:08:09.448 [pool-2-thread-9] DEBUG org.apache.http.headers -- http-outgoing-244 << Content-Length: 604
23:08:09.448 [pool-2-thread-9] DEBUG org.apache.http.headers -- http-outgoing-244 << ETag: W/"25c-C8RKZDtaAYHu5o6k7rEMiQ2pKR4"
23:08:09.448 [pool-2-thread-9] DEBUG org.apache.http.headers -- http-outgoing-244 << Date: Sun, 22 Jun 2025 16:08:09 GMT
23:08:09.448 [pool-2-thread-9] DEBUG org.apache.http.headers -- http-outgoing-244 << Connection: keep-alive
23:08:09.448 [pool-2-thread-9] DEBUG org.apache.http.headers -- http-outgoing-244 << Keep-Alive: timeout=5
23:08:09.448 [pool-2-thread-9] DEBUG org.apache.http.impl.execchain.MainClientExec -- Connection can be kept alive for 5000 MILLISECONDS
23:08:09.448 [pool-2-thread-9] DEBUG org.apache.http.impl.conn.PoolingHttpClientConnectionManager -- Connection [id: 244][route: {}->http://localhost:3000] can be kept alive for 5.0 seconds
23:08:09.448 [pool-2-thread-9] DEBUG org.apache.http.impl.conn.DefaultManagedHttpClientConnection -- http-outgoing-244: set socket timeout to 0
23:08:09.448 [pool-2-thread-9] DEBUG org.apache.http.impl.conn.PoolingHttpClientConnectionManager -- Connection released: [id: 244][route: {}->http://localhost:3000][total available: 1; route allocated: 1 of 5; total allocated: 1 of 10]
23:08:09.448 [pool-2-thread-9] DEBUG org.apache.http.impl.conn.PoolingHttpClientConnectionManager -- Connection manager is shutting down
23:08:09.448 [pool-2-thread-9] DEBUG org.apache.http.impl.conn.DefaultManagedHttpClientConnection -- http-outgoing-244: Close connection
23:08:09.449 [pool-2-thread-9] DEBUG org.apache.http.impl.conn.PoolingHttpClientConnectionManager -- Connection manager shut down
23:08:09.449 [pool-2-thread-20] DEBUG org.apache.http.wire -- http-outgoing-248 << "HTTP/1.1 200 OK[\r][\n]"
23:08:09.449 [pool-2-thread-20] DEBUG org.apache.http.wire -- http-outgoing-248 << "X-Powered-By: Express[\r][\n]"
23:08:09.449 [pool-2-thread-20] DEBUG org.apache.http.wire -- http-outgoing-248 << "Access-Control-Allow-Origin: *[\r][\n]"
23:08:09.449 [pool-2-thread-20] DEBUG org.apache.http.wire -- http-outgoing-248 << "Content-Type: application/json; charset=utf-8[\r][\n]"
23:08:09.449 [pool-2-thread-20] DEBUG org.apache.http.wire -- http-outgoing-248 << "Content-Length: 605[\r][\n]"
23:08:09.449 [pool-2-thread-20] DEBUG org.apache.http.wire -- http-outgoing-248 << "ETag: W/"25d-8p7b6KL4JskUd/iV/8+6dhsntH4"[\r][\n]"
23:08:09.449 [pool-2-thread-20] DEBUG org.apache.http.wire -- http-outgoing-248 << "Date: Sun, 22 Jun 2025 16:08:09 GMT[\r][\n]"
23:08:09.449 [pool-2-thread-20] DEBUG org.apache.http.wire -- http-outgoing-248 << "Connection: keep-alive[\r][\n]"
23:08:09.449 [pool-2-thread-20] DEBUG org.apache.http.wire -- http-outgoing-248 << "Keep-Alive: timeout=5[\r][\n]"
23:08:09.449 [pool-2-thread-20] DEBUG org.apache.http.wire -- http-outgoing-248 << "[\r][\n]"
23:08:09.449 [pool-2-thread-20] DEBUG org.apache.http.wire -- http-outgoing-248 << "{"access_token":"eyJhbGciOiJIUzI1NiIsInR5cCI6IkpXVCJ9.eyJzdWIiOiIwYTM3ZWY0My1mZWU4LTQxZDMtYTY4Ni04YWIwODY5NDg2OTUiLCJ1c2VybmFtZSI6ImpvaG5kb2UyMSIsInJvbGUiOjAsImlhdCI6MTc1MDYwODQ4OSwiZXhwIjoxNzUwNjEyMDg5fQ.eLDh1Prhq1-BGz1r34CHpStitr4x0cKs5Ofck3-nCJw","refresh_token":"6adf63b877ecb230c9adcf812593b49ae4fa12e67c6c54d97ed13c0fcccca5ba","user":{"id":"0a37ef43-fee8-41d3-a686-8ab086948695","email":"testit2@gmail.com","username":"johndoe21","name":"John Doe","phoneNumber":"0123456712","profilePic":null,"bio":null,"private":false,"verified":false,"role":0,"followersCount":0,"followingCount":0,"postCount":0}}"
23:08:09.449 [pool-2-thread-20] DEBUG org.apache.http.headers -- http-outgoing-248 << HTTP/1.1 200 OK
23:08:09.449 [pool-2-thread-20] DEBUG org.apache.http.headers -- http-outgoing-248 << X-Powered-By: Express
23:08:09.449 [pool-2-thread-20] DEBUG org.apache.http.headers -- http-outgoing-248 << Access-Control-Allow-Origin: *
23:08:09.449 [pool-2-thread-20] DEBUG org.apache.http.headers -- http-outgoing-248 << Content-Type: application/json; charset=utf-8
23:08:09.449 [pool-2-thread-20] DEBUG org.apache.http.headers -- http-outgoing-248 << Content-Length: 605
23:08:09.449 [pool-2-thread-9] DEBUG com.intuit.karate -- response time in milliseconds: 1157
10 < 200
10 < X-Powered-By: Express
10 < Access-Control-Allow-Origin: *
10 < Content-Type: application/json; charset=utf-8
10 < Content-Length: 604
10 < ETag: W/"25c-C8RKZDtaAYHu5o6k7rEMiQ2pKR4"
10 < Date: Sun, 22 Jun 2025 16:08:09 GMT
10 < Connection: keep-alive
10 < Keep-Alive: timeout=5
{"access_token":"eyJhbGciOiJIUzI1NiIsInR5cCI6IkpXVCJ9.eyJzdWIiOiJkZjZmMDkxOS1hMjNkLTQ0YzktYTkyNS00ZWE4YmU1MjVkMTAiLCJ1c2VybmFtZSI6ImpvaG5kb2UyMyIsInJvbGUiOjAsImlhdCI6MTc1MDYwODQ4OSwiZXhwIjoxNzUwNjEyMDg5fQ.qRrcBGwCANYQWRVCAERHQ_kGZgg4oIu0a9S7GYLFMlo","refresh_token":"fa924dc90b47299a755c7ff3124eed9aa1a7bb0817880728fcde8913cc517913","user":{"id":"df6f0919-a23d-44c9-a925-4ea8be525d10","email":"testit@gmail.com","username":"johndoe23","name":"John Doe","phoneNumber":"0123456788","profilePic":null,"bio":null,"private":false,"verified":false,"role":0,"followersCount":0,"followingCount":0,"postCount":0}}

23:08:09.449 [pool-2-thread-20] DEBUG org.apache.http.headers -- http-outgoing-248 << ETag: W/"25d-8p7b6KL4JskUd/iV/8+6dhsntH4"
23:08:09.449 [pool-2-thread-20] DEBUG org.apache.http.headers -- http-outgoing-248 << Date: Sun, 22 Jun 2025 16:08:09 GMT
23:08:09.449 [pool-2-thread-20] DEBUG org.apache.http.headers -- http-outgoing-248 << Connection: keep-alive
23:08:09.449 [pool-2-thread-20] DEBUG org.apache.http.headers -- http-outgoing-248 << Keep-Alive: timeout=5
23:08:09.449 [pool-2-thread-20] DEBUG org.apache.http.impl.execchain.MainClientExec -- Connection can be kept alive for 5000 MILLISECONDS
23:08:09.449 [pool-2-thread-20] DEBUG org.apache.http.impl.conn.PoolingHttpClientConnectionManager -- Connection [id: 248][route: {}->http://localhost:3000] can be kept alive for 5.0 seconds
23:08:09.449 [pool-2-thread-20] DEBUG org.apache.http.impl.conn.DefaultManagedHttpClientConnection -- http-outgoing-248: set socket timeout to 0
23:08:09.449 [pool-2-thread-20] DEBUG org.apache.http.impl.conn.PoolingHttpClientConnectionManager -- Connection released: [id: 248][route: {}->http://localhost:3000][total available: 1; route allocated: 1 of 5; total allocated: 1 of 10]
23:08:09.449 [pool-2-thread-20] DEBUG org.apache.http.impl.conn.PoolingHttpClientConnectionManager -- Connection manager is shutting down
23:08:09.449 [pool-2-thread-20] DEBUG org.apache.http.impl.conn.DefaultManagedHttpClientConnection -- http-outgoing-248: Close connection
23:08:09.449 [pool-2-thread-20] DEBUG org.apache.http.impl.conn.PoolingHttpClientConnectionManager -- Connection manager shut down
23:08:09.449 [pool-2-thread-20] DEBUG com.intuit.karate -- response time in milliseconds: 1066
10 < 200
10 < X-Powered-By: Express
10 < Access-Control-Allow-Origin: *
10 < Content-Type: application/json; charset=utf-8
10 < Content-Length: 605
10 < ETag: W/"25d-8p7b6KL4JskUd/iV/8+6dhsntH4"
10 < Date: Sun, 22 Jun 2025 16:08:09 GMT
10 < Connection: keep-alive
10 < Keep-Alive: timeout=5
{"access_token":"eyJhbGciOiJIUzI1NiIsInR5cCI6IkpXVCJ9.eyJzdWIiOiIwYTM3ZWY0My1mZWU4LTQxZDMtYTY4Ni04YWIwODY5NDg2OTUiLCJ1c2VybmFtZSI6ImpvaG5kb2UyMSIsInJvbGUiOjAsImlhdCI6MTc1MDYwODQ4OSwiZXhwIjoxNzUwNjEyMDg5fQ.eLDh1Prhq1-BGz1r34CHpStitr4x0cKs5Ofck3-nCJw","refresh_token":"6adf63b877ecb230c9adcf812593b49ae4fa12e67c6c54d97ed13c0fcccca5ba","user":{"id":"0a37ef43-fee8-41d3-a686-8ab086948695","email":"testit2@gmail.com","username":"johndoe21","name":"John Doe","phoneNumber":"0123456712","profilePic":null,"bio":null,"private":false,"verified":false,"role":0,"followersCount":0,"followingCount":0,"postCount":0}}

23:08:09.450 [pool-2-thread-9] INFO com.intuit.karate -- [print] Call 10 completed, status: 200 
23:08:09.450 [pool-2-thread-20] INFO com.intuit.karate -- [print] Call 10 completed, status: 200 
23:08:09.451 [pool-2-thread-20] INFO com.intuit.karate -- [print] === COMPLETED 10 API CALLS for user: testit2@gmail.com === 
23:08:09.451 [pool-2-thread-9] INFO com.intuit.karate -- [print] === COMPLETED 10 API CALLS for user: testit@gmail.com === 
23:08:09.469 [pool-2-thread-12] DEBUG org.apache.http.wire -- http-outgoing-249 << "HTTP/1.1 200 OK[\r][\n]"
23:08:09.470 [pool-2-thread-12] DEBUG org.apache.http.wire -- http-outgoing-249 << "X-Powered-By: Express[\r][\n]"
23:08:09.470 [pool-2-thread-12] DEBUG org.apache.http.wire -- http-outgoing-249 << "Access-Control-Allow-Origin: *[\r][\n]"
23:08:09.470 [pool-2-thread-12] DEBUG org.apache.http.wire -- http-outgoing-249 << "Content-Type: application/json; charset=utf-8[\r][\n]"
23:08:09.470 [pool-2-thread-12] DEBUG org.apache.http.wire -- http-outgoing-249 << "Content-Length: 715[\r][\n]"
23:08:09.470 [pool-2-thread-12] DEBUG org.apache.http.wire -- http-outgoing-249 << "ETag: W/"2cb-f3FDaSBX2zeowWzHcbTRfb7pLas"[\r][\n]"
23:08:09.470 [pool-2-thread-12] DEBUG org.apache.http.wire -- http-outgoing-249 << "Date: Sun, 22 Jun 2025 16:08:09 GMT[\r][\n]"
23:08:09.470 [pool-2-thread-12] DEBUG org.apache.http.wire -- http-outgoing-249 << "Connection: keep-alive[\r][\n]"
23:08:09.470 [pool-2-thread-12] DEBUG org.apache.http.wire -- http-outgoing-249 << "Keep-Alive: timeout=5[\r][\n]"
23:08:09.470 [pool-2-thread-12] DEBUG org.apache.http.wire -- http-outgoing-249 << "[\r][\n]"
23:08:09.470 [pool-2-thread-12] DEBUG org.apache.http.wire -- http-outgoing-249 << "{"access_token":"eyJhbGciOiJIUzI1NiIsInR5cCI6IkpXVCJ9.eyJzdWIiOiIyYjg0YWEyNC02NjhhLTQwZTItYWYxYy1hZDRmYzRmYTVhNmYiLCJ1c2VybmFtZSI6InF1YW5nMSIsInJvbGUiOjAsImlhdCI6MTc1MDYwODQ4OSwiZXhwIjoxNzUwNjEyMDg5fQ.K75deQuG_aQ0tUwcFSzVyLyfBB_JGEEzPPXAcmtDE4w","refresh_token":"d635b99cff11e67a10af9d76f53afad0f327704da81cc37fc535c19435abf8a7","user":{"id":"2b84aa24-668a-40e2-af1c-ad4fc4fa5a6f","email":"quang1@gmail.com","username":"quang1","name":"quang1","phoneNumber":"09874563210","profilePic":"https://res.cloudinary.com/dizcvrefo/image/upload/v1749027586/nestjs_uploads/xehairydt9rzlbmbmv4c.jpg","bio":"Thang Nam Lao Vua Thoi","private":false,"verified":false,"role":0,"followersCount":2,"followingCount":3,"postCount":2}}"
23:08:09.470 [pool-2-thread-12] DEBUG org.apache.http.headers -- http-outgoing-249 << HTTP/1.1 200 OK
23:08:09.470 [pool-2-thread-12] DEBUG org.apache.http.headers -- http-outgoing-249 << X-Powered-By: Express
23:08:09.470 [pool-2-thread-12] DEBUG org.apache.http.headers -- http-outgoing-249 << Access-Control-Allow-Origin: *
23:08:09.470 [pool-2-thread-12] DEBUG org.apache.http.headers -- http-outgoing-249 << Content-Type: application/json; charset=utf-8
23:08:09.470 [pool-2-thread-12] DEBUG org.apache.http.headers -- http-outgoing-249 << Content-Length: 715
23:08:09.470 [pool-2-thread-12] DEBUG org.apache.http.headers -- http-outgoing-249 << ETag: W/"2cb-f3FDaSBX2zeowWzHcbTRfb7pLas"
23:08:09.470 [pool-2-thread-12] DEBUG org.apache.http.headers -- http-outgoing-249 << Date: Sun, 22 Jun 2025 16:08:09 GMT
23:08:09.470 [pool-2-thread-12] DEBUG org.apache.http.headers -- http-outgoing-249 << Connection: keep-alive
23:08:09.470 [pool-2-thread-12] DEBUG org.apache.http.headers -- http-outgoing-249 << Keep-Alive: timeout=5
23:08:09.470 [pool-2-thread-12] DEBUG org.apache.http.impl.execchain.MainClientExec -- Connection can be kept alive for 5000 MILLISECONDS
23:08:09.470 [pool-2-thread-12] DEBUG org.apache.http.impl.conn.PoolingHttpClientConnectionManager -- Connection [id: 250][route: {}->http://localhost:3000] can be kept alive for 5.0 seconds
23:08:09.470 [pool-2-thread-12] DEBUG org.apache.http.impl.conn.DefaultManagedHttpClientConnection -- http-outgoing-249: set socket timeout to 0
23:08:09.470 [pool-2-thread-12] DEBUG org.apache.http.impl.conn.PoolingHttpClientConnectionManager -- Connection released: [id: 250][route: {}->http://localhost:3000][total available: 1; route allocated: 1 of 5; total allocated: 1 of 10]
23:08:09.470 [pool-2-thread-12] DEBUG org.apache.http.impl.conn.PoolingHttpClientConnectionManager -- Connection manager is shutting down
23:08:09.470 [pool-2-thread-12] DEBUG org.apache.http.impl.conn.DefaultManagedHttpClientConnection -- http-outgoing-249: Close connection
23:08:09.470 [pool-2-thread-12] DEBUG org.apache.http.impl.conn.PoolingHttpClientConnectionManager -- Connection manager shut down
23:08:09.470 [pool-2-thread-12] DEBUG com.intuit.karate -- response time in milliseconds: 306
10 < 200
10 < X-Powered-By: Express
10 < Access-Control-Allow-Origin: *
10 < Content-Type: application/json; charset=utf-8
10 < Content-Length: 715
10 < ETag: W/"2cb-f3FDaSBX2zeowWzHcbTRfb7pLas"
10 < Date: Sun, 22 Jun 2025 16:08:09 GMT
10 < Connection: keep-alive
10 < Keep-Alive: timeout=5
{"access_token":"eyJhbGciOiJIUzI1NiIsInR5cCI6IkpXVCJ9.eyJzdWIiOiIyYjg0YWEyNC02NjhhLTQwZTItYWYxYy1hZDRmYzRmYTVhNmYiLCJ1c2VybmFtZSI6InF1YW5nMSIsInJvbGUiOjAsImlhdCI6MTc1MDYwODQ4OSwiZXhwIjoxNzUwNjEyMDg5fQ.K75deQuG_aQ0tUwcFSzVyLyfBB_JGEEzPPXAcmtDE4w","refresh_token":"d635b99cff11e67a10af9d76f53afad0f327704da81cc37fc535c19435abf8a7","user":{"id":"2b84aa24-668a-40e2-af1c-ad4fc4fa5a6f","email":"quang1@gmail.com","username":"quang1","name":"quang1","phoneNumber":"09874563210","profilePic":"https://res.cloudinary.com/dizcvrefo/image/upload/v1749027586/nestjs_uploads/xehairydt9rzlbmbmv4c.jpg","bio":"Thang Nam Lao Vua Thoi","private":false,"verified":false,"role":0,"followersCount":2,"followingCount":3,"postCount":2}}

23:08:09.471 [pool-2-thread-12] INFO com.intuit.karate -- [print] Call 10 completed, status: 200 
23:08:09.471 [pool-2-thread-12] INFO com.intuit.karate -- [print] === COMPLETED 10 API CALLS for user: quang1@gmail.com === 
23:08:10.157 [pool-2-thread-28] DEBUG org.apache.http.wire -- http-outgoing-246 << "HTTP/1.1 200 OK[\r][\n]"
23:08:10.157 [pool-2-thread-28] DEBUG org.apache.http.wire -- http-outgoing-246 << "X-Powered-By: Express[\r][\n]"
23:08:10.157 [pool-2-thread-28] DEBUG org.apache.http.wire -- http-outgoing-246 << "Access-Control-Allow-Origin: *[\r][\n]"
23:08:10.157 [pool-2-thread-28] DEBUG org.apache.http.wire -- http-outgoing-246 << "Content-Type: application/json; charset=utf-8[\r][\n]"
23:08:10.157 [pool-2-thread-28] DEBUG org.apache.http.wire -- http-outgoing-246 << "Content-Length: 609[\r][\n]"
23:08:10.157 [pool-2-thread-28] DEBUG org.apache.http.wire -- http-outgoing-246 << "ETag: W/"261-rRomapASRL9OzLQ1Dpd9/GrAtUQ"[\r][\n]"
23:08:10.157 [pool-2-thread-28] DEBUG org.apache.http.wire -- http-outgoing-246 << "Date: Sun, 22 Jun 2025 16:08:10 GMT[\r][\n]"
23:08:10.157 [pool-2-thread-28] DEBUG org.apache.http.wire -- http-outgoing-246 << "Connection: keep-alive[\r][\n]"
23:08:10.157 [pool-2-thread-28] DEBUG org.apache.http.wire -- http-outgoing-246 << "Keep-Alive: timeout=5[\r][\n]"
23:08:10.157 [pool-2-thread-28] DEBUG org.apache.http.wire -- http-outgoing-246 << "[\r][\n]"
23:08:10.157 [pool-2-thread-28] DEBUG org.apache.http.wire -- http-outgoing-246 << "{"access_token":"eyJhbGciOiJIUzI1NiIsInR5cCI6IkpXVCJ9.eyJzdWIiOiIyNzJmNmI1NS01MTc5LTRhZTMtODU2My1iNGVjMTBmNzY3MTUiLCJ1c2VybmFtZSI6ImpvaG5kb2UyZDVkIiwicm9sZSI6MCwiaWF0IjoxNzUwNjA4NDg5LCJleHAiOjE3NTA2MTIwODl9.4eBBSvVmGX_VnNPG-wVPE8o7qjUZe4abTFpyKypRf4s","refresh_token":"b919e1eca56563588966a2966d01b4e9289c1b770a1a62ac8b52635fbc7f4fd9","user":{"id":"272f6b55-5179-4ae3-8563-b4ec10f76715","email":"testit5@gmail.com","username":"johndoe2d5d","name":"John Doe","phoneNumber":"0123456132","profilePic":null,"bio":null,"private":false,"verified":false,"role":0,"followersCount":0,"followingCount":0,"postCount":0}}"
23:08:10.157 [pool-2-thread-28] DEBUG org.apache.http.headers -- http-outgoing-246 << HTTP/1.1 200 OK
23:08:10.157 [pool-2-thread-28] DEBUG org.apache.http.headers -- http-outgoing-246 << X-Powered-By: Express
23:08:10.157 [pool-2-thread-28] DEBUG org.apache.http.headers -- http-outgoing-246 << Access-Control-Allow-Origin: *
23:08:10.157 [pool-2-thread-28] DEBUG org.apache.http.headers -- http-outgoing-246 << Content-Type: application/json; charset=utf-8
23:08:10.157 [pool-2-thread-28] DEBUG org.apache.http.headers -- http-outgoing-246 << Content-Length: 609
23:08:10.157 [pool-2-thread-28] DEBUG org.apache.http.headers -- http-outgoing-246 << ETag: W/"261-rRomapASRL9OzLQ1Dpd9/GrAtUQ"
23:08:10.157 [pool-2-thread-28] DEBUG org.apache.http.headers -- http-outgoing-246 << Date: Sun, 22 Jun 2025 16:08:10 GMT
23:08:10.157 [pool-2-thread-28] DEBUG org.apache.http.headers -- http-outgoing-246 << Connection: keep-alive
23:08:10.157 [pool-2-thread-28] DEBUG org.apache.http.headers -- http-outgoing-246 << Keep-Alive: timeout=5
23:08:10.157 [pool-2-thread-28] DEBUG org.apache.http.impl.execchain.MainClientExec -- Connection can be kept alive for 5000 MILLISECONDS
23:08:10.157 [pool-2-thread-28] DEBUG org.apache.http.impl.conn.PoolingHttpClientConnectionManager -- Connection [id: 245][route: {}->http://localhost:3000] can be kept alive for 5.0 seconds
23:08:10.157 [pool-2-thread-28] DEBUG org.apache.http.impl.conn.DefaultManagedHttpClientConnection -- http-outgoing-246: set socket timeout to 0
23:08:10.158 [pool-2-thread-28] DEBUG org.apache.http.impl.conn.PoolingHttpClientConnectionManager -- Connection released: [id: 245][route: {}->http://localhost:3000][total available: 1; route allocated: 1 of 5; total allocated: 1 of 10]
23:08:10.158 [pool-2-thread-28] DEBUG org.apache.http.impl.conn.PoolingHttpClientConnectionManager -- Connection manager is shutting down
23:08:10.158 [pool-2-thread-28] DEBUG org.apache.http.impl.conn.DefaultManagedHttpClientConnection -- http-outgoing-246: Close connection
23:08:10.158 [pool-2-thread-28] DEBUG org.apache.http.impl.conn.PoolingHttpClientConnectionManager -- Connection manager shut down
23:08:10.158 [pool-2-thread-28] DEBUG com.intuit.karate -- response time in milliseconds: 1842
9 < 200
9 < X-Powered-By: Express
9 < Access-Control-Allow-Origin: *
9 < Content-Type: application/json; charset=utf-8
9 < Content-Length: 609
9 < ETag: W/"261-rRomapASRL9OzLQ1Dpd9/GrAtUQ"
9 < Date: Sun, 22 Jun 2025 16:08:10 GMT
9 < Connection: keep-alive
9 < Keep-Alive: timeout=5
{"access_token":"eyJhbGciOiJIUzI1NiIsInR5cCI6IkpXVCJ9.eyJzdWIiOiIyNzJmNmI1NS01MTc5LTRhZTMtODU2My1iNGVjMTBmNzY3MTUiLCJ1c2VybmFtZSI6ImpvaG5kb2UyZDVkIiwicm9sZSI6MCwiaWF0IjoxNzUwNjA4NDg5LCJleHAiOjE3NTA2MTIwODl9.4eBBSvVmGX_VnNPG-wVPE8o7qjUZe4abTFpyKypRf4s","refresh_token":"b919e1eca56563588966a2966d01b4e9289c1b770a1a62ac8b52635fbc7f4fd9","user":{"id":"272f6b55-5179-4ae3-8563-b4ec10f76715","email":"testit5@gmail.com","username":"johndoe2d5d","name":"John Doe","phoneNumber":"0123456132","profilePic":null,"bio":null,"private":false,"verified":false,"role":0,"followersCount":0,"followingCount":0,"postCount":0}}

23:08:10.159 [pool-2-thread-28] INFO com.intuit.karate -- [print] Call 9 completed, status: 200 
23:08:10.159 [pool-2-thread-28] INFO com.intuit.karate -- [print] *** API CALL 10 *** 
23:08:10.159 [pool-2-thread-28] DEBUG org.apache.http.client.protocol.RequestAddCookies -- CookieSpec selected: karate
23:08:10.159 [pool-2-thread-28] DEBUG org.apache.http.client.protocol.RequestAuthCache -- Auth cache not set in the context
23:08:10.159 [pool-2-thread-28] DEBUG com.intuit.karate -- request:
10 > POST http://localhost:3000/auth/login
10 > Content-Type: application/json; charset=UTF-8
10 > Content-Length: 54
10 > Host: localhost:3000
10 > Connection: Keep-Alive
10 > User-Agent: Apache-HttpClient/4.5.14 (Java/17.0.9)
10 > Accept-Encoding: gzip,deflate
{"email":"testit5@gmail.com","password":"Password123"}

23:08:10.159 [pool-2-thread-28] DEBUG org.apache.http.impl.conn.PoolingHttpClientConnectionManager -- Connection request: [route: {}->http://localhost:3000][total available: 0; route allocated: 0 of 5; total allocated: 0 of 10]
23:08:10.160 [pool-2-thread-28] DEBUG org.apache.http.impl.conn.PoolingHttpClientConnectionManager -- Connection leased: [id: 254][route: {}->http://localhost:3000][total available: 0; route allocated: 1 of 5; total allocated: 1 of 10]
23:08:10.160 [pool-2-thread-28] DEBUG org.apache.http.impl.execchain.MainClientExec -- Opening connection {}->http://localhost:3000
23:08:10.160 [pool-2-thread-28] DEBUG org.apache.http.impl.conn.DefaultHttpClientConnectionOperator -- Connecting to localhost/127.0.0.1:3000
23:08:10.160 [pool-2-thread-28] DEBUG org.apache.http.impl.conn.DefaultHttpClientConnectionOperator -- Connection established 127.0.0.1:52922<->127.0.0.1:3000
23:08:10.160 [pool-2-thread-28] DEBUG org.apache.http.impl.conn.DefaultManagedHttpClientConnection -- http-outgoing-254: set socket timeout to 30000
23:08:10.160 [pool-2-thread-28] DEBUG org.apache.http.impl.execchain.MainClientExec -- Executing request POST /auth/login HTTP/1.1
23:08:10.160 [pool-2-thread-28] DEBUG org.apache.http.impl.execchain.MainClientExec -- Target auth state: UNCHALLENGED
23:08:10.160 [pool-2-thread-28] DEBUG org.apache.http.impl.execchain.MainClientExec -- Proxy auth state: UNCHALLENGED
23:08:10.160 [pool-2-thread-28] DEBUG org.apache.http.headers -- http-outgoing-254 >> POST /auth/login HTTP/1.1
23:08:10.160 [pool-2-thread-28] DEBUG org.apache.http.headers -- http-outgoing-254 >> Content-Type: application/json; charset=UTF-8
23:08:10.160 [pool-2-thread-28] DEBUG org.apache.http.headers -- http-outgoing-254 >> Content-Length: 54
23:08:10.160 [pool-2-thread-28] DEBUG org.apache.http.headers -- http-outgoing-254 >> Host: localhost:3000
23:08:10.160 [pool-2-thread-28] DEBUG org.apache.http.headers -- http-outgoing-254 >> Connection: Keep-Alive
23:08:10.160 [pool-2-thread-28] DEBUG org.apache.http.headers -- http-outgoing-254 >> User-Agent: Apache-HttpClient/4.5.14 (Java/17.0.9)
23:08:10.160 [pool-2-thread-28] DEBUG org.apache.http.headers -- http-outgoing-254 >> Accept-Encoding: gzip,deflate
23:08:10.160 [pool-2-thread-28] DEBUG org.apache.http.wire -- http-outgoing-254 >> "POST /auth/login HTTP/1.1[\r][\n]"
23:08:10.160 [pool-2-thread-28] DEBUG org.apache.http.wire -- http-outgoing-254 >> "Content-Type: application/json; charset=UTF-8[\r][\n]"
23:08:10.160 [pool-2-thread-28] DEBUG org.apache.http.wire -- http-outgoing-254 >> "Content-Length: 54[\r][\n]"
23:08:10.160 [pool-2-thread-28] DEBUG org.apache.http.wire -- http-outgoing-254 >> "Host: localhost:3000[\r][\n]"
23:08:10.160 [pool-2-thread-28] DEBUG org.apache.http.wire -- http-outgoing-254 >> "Connection: Keep-Alive[\r][\n]"
23:08:10.160 [pool-2-thread-28] DEBUG org.apache.http.wire -- http-outgoing-254 >> "User-Agent: Apache-HttpClient/4.5.14 (Java/17.0.9)[\r][\n]"
23:08:10.160 [pool-2-thread-28] DEBUG org.apache.http.wire -- http-outgoing-254 >> "Accept-Encoding: gzip,deflate[\r][\n]"
23:08:10.160 [pool-2-thread-28] DEBUG org.apache.http.wire -- http-outgoing-254 >> "[\r][\n]"
23:08:10.160 [pool-2-thread-28] DEBUG org.apache.http.wire -- http-outgoing-254 >> "{"email":"testit5@gmail.com","password":"Password123"}"
23:08:10.188 [pool-2-thread-19] DEBUG org.apache.http.wire -- http-outgoing-251 << "HTTP/1.1 200 OK[\r][\n]"
23:08:10.188 [pool-2-thread-19] DEBUG org.apache.http.wire -- http-outgoing-251 << "X-Powered-By: Express[\r][\n]"
23:08:10.188 [pool-2-thread-19] DEBUG org.apache.http.wire -- http-outgoing-251 << "Access-Control-Allow-Origin: *[\r][\n]"
23:08:10.188 [pool-2-thread-19] DEBUG org.apache.http.wire -- http-outgoing-251 << "Content-Type: application/json; charset=utf-8[\r][\n]"
23:08:10.188 [pool-2-thread-19] DEBUG org.apache.http.wire -- http-outgoing-251 << "Content-Length: 604[\r][\n]"
23:08:10.188 [pool-2-thread-19] DEBUG org.apache.http.wire -- http-outgoing-251 << "ETag: W/"25c-LTWgjoQ7JygODgA5hNk34jPkqFg"[\r][\n]"
23:08:10.188 [pool-2-thread-19] DEBUG org.apache.http.wire -- http-outgoing-251 << "Date: Sun, 22 Jun 2025 16:08:10 GMT[\r][\n]"
23:08:10.188 [pool-2-thread-19] DEBUG org.apache.http.wire -- http-outgoing-251 << "Connection: keep-alive[\r][\n]"
23:08:10.188 [pool-2-thread-19] DEBUG org.apache.http.wire -- http-outgoing-251 << "Keep-Alive: timeout=5[\r][\n]"
23:08:10.188 [pool-2-thread-19] DEBUG org.apache.http.wire -- http-outgoing-251 << "[\r][\n]"
23:08:10.188 [pool-2-thread-19] DEBUG org.apache.http.wire -- http-outgoing-251 << "{"access_token":"eyJhbGciOiJIUzI1NiIsInR5cCI6IkpXVCJ9.eyJzdWIiOiJkZjZmMDkxOS1hMjNkLTQ0YzktYTkyNS00ZWE4YmU1MjVkMTAiLCJ1c2VybmFtZSI6ImpvaG5kb2UyMyIsInJvbGUiOjAsImlhdCI6MTc1MDYwODQ4OSwiZXhwIjoxNzUwNjEyMDg5fQ.qRrcBGwCANYQWRVCAERHQ_kGZgg4oIu0a9S7GYLFMlo","refresh_token":"c7e0a980328065987163deec3ca02bc18c55586f7ebecdd5f11f69e48a29a558","user":{"id":"df6f0919-a23d-44c9-a925-4ea8be525d10","email":"testit@gmail.com","username":"johndoe23","name":"John Doe","phoneNumber":"0123456788","profilePic":null,"bio":null,"private":false,"verified":false,"role":0,"followersCount":0,"followingCount":0,"postCount":0}}"
23:08:10.188 [pool-2-thread-19] DEBUG org.apache.http.headers -- http-outgoing-251 << HTTP/1.1 200 OK
23:08:10.188 [pool-2-thread-19] DEBUG org.apache.http.headers -- http-outgoing-251 << X-Powered-By: Express
23:08:10.188 [pool-2-thread-19] DEBUG org.apache.http.headers -- http-outgoing-251 << Access-Control-Allow-Origin: *
23:08:10.188 [pool-2-thread-19] DEBUG org.apache.http.headers -- http-outgoing-251 << Content-Type: application/json; charset=utf-8
23:08:10.188 [pool-2-thread-19] DEBUG org.apache.http.headers -- http-outgoing-251 << Content-Length: 604
23:08:10.188 [pool-2-thread-19] DEBUG org.apache.http.headers -- http-outgoing-251 << ETag: W/"25c-LTWgjoQ7JygODgA5hNk34jPkqFg"
23:08:10.188 [pool-2-thread-19] DEBUG org.apache.http.headers -- http-outgoing-251 << Date: Sun, 22 Jun 2025 16:08:10 GMT
23:08:10.188 [pool-2-thread-19] DEBUG org.apache.http.headers -- http-outgoing-251 << Connection: keep-alive
23:08:10.188 [pool-2-thread-19] DEBUG org.apache.http.headers -- http-outgoing-251 << Keep-Alive: timeout=5
23:08:10.188 [pool-2-thread-19] DEBUG org.apache.http.impl.execchain.MainClientExec -- Connection can be kept alive for 5000 MILLISECONDS
23:08:10.188 [pool-2-thread-19] DEBUG org.apache.http.impl.conn.PoolingHttpClientConnectionManager -- Connection [id: 251][route: {}->http://localhost:3000] can be kept alive for 5.0 seconds
23:08:10.188 [pool-2-thread-19] DEBUG org.apache.http.impl.conn.DefaultManagedHttpClientConnection -- http-outgoing-251: set socket timeout to 0
23:08:10.188 [pool-2-thread-19] DEBUG org.apache.http.impl.conn.PoolingHttpClientConnectionManager -- Connection released: [id: 251][route: {}->http://localhost:3000][total available: 1; route allocated: 1 of 5; total allocated: 1 of 10]
23:08:10.188 [pool-2-thread-19] DEBUG org.apache.http.impl.conn.PoolingHttpClientConnectionManager -- Connection manager is shutting down
23:08:10.188 [pool-2-thread-19] DEBUG org.apache.http.impl.conn.DefaultManagedHttpClientConnection -- http-outgoing-251: Close connection
23:08:10.188 [pool-2-thread-19] DEBUG org.apache.http.impl.conn.PoolingHttpClientConnectionManager -- Connection manager shut down
23:08:10.188 [pool-2-thread-19] DEBUG com.intuit.karate -- response time in milliseconds: 991
10 < 200
10 < X-Powered-By: Express
10 < Access-Control-Allow-Origin: *
10 < Content-Type: application/json; charset=utf-8
10 < Content-Length: 604
10 < ETag: W/"25c-LTWgjoQ7JygODgA5hNk34jPkqFg"
10 < Date: Sun, 22 Jun 2025 16:08:10 GMT
10 < Connection: keep-alive
10 < Keep-Alive: timeout=5
{"access_token":"eyJhbGciOiJIUzI1NiIsInR5cCI6IkpXVCJ9.eyJzdWIiOiJkZjZmMDkxOS1hMjNkLTQ0YzktYTkyNS00ZWE4YmU1MjVkMTAiLCJ1c2VybmFtZSI6ImpvaG5kb2UyMyIsInJvbGUiOjAsImlhdCI6MTc1MDYwODQ4OSwiZXhwIjoxNzUwNjEyMDg5fQ.qRrcBGwCANYQWRVCAERHQ_kGZgg4oIu0a9S7GYLFMlo","refresh_token":"c7e0a980328065987163deec3ca02bc18c55586f7ebecdd5f11f69e48a29a558","user":{"id":"df6f0919-a23d-44c9-a925-4ea8be525d10","email":"testit@gmail.com","username":"johndoe23","name":"John Doe","phoneNumber":"0123456788","profilePic":null,"bio":null,"private":false,"verified":false,"role":0,"followersCount":0,"followingCount":0,"postCount":0}}

23:08:10.190 [pool-2-thread-19] INFO com.intuit.karate -- [print] Call 10 completed, status: 200 
23:08:10.190 [pool-2-thread-19] INFO com.intuit.karate -- [print] === COMPLETED 10 API CALLS for user: testit@gmail.com === 
23:08:10.223 [pool-2-thread-30] DEBUG org.apache.http.wire -- http-outgoing-250 << "HTTP/1.1 200 OK[\r][\n]"
23:08:10.223 [pool-2-thread-30] DEBUG org.apache.http.wire -- http-outgoing-250 << "X-Powered-By: Express[\r][\n]"
23:08:10.223 [pool-2-thread-30] DEBUG org.apache.http.wire -- http-outgoing-250 << "Access-Control-Allow-Origin: *[\r][\n]"
23:08:10.223 [pool-2-thread-30] DEBUG org.apache.http.wire -- http-outgoing-250 << "Content-Type: application/json; charset=utf-8[\r][\n]"
23:08:10.223 [pool-2-thread-30] DEBUG org.apache.http.wire -- http-outgoing-250 << "Content-Length: 605[\r][\n]"
23:08:10.223 [pool-2-thread-30] DEBUG org.apache.http.wire -- http-outgoing-250 << "ETag: W/"25d-9tKpkGBxZbwEG9Aaho+wXO6mXBA"[\r][\n]"
23:08:10.223 [pool-2-thread-30] DEBUG org.apache.http.wire -- http-outgoing-250 << "Date: Sun, 22 Jun 2025 16:08:10 GMT[\r][\n]"
23:08:10.223 [pool-2-thread-30] DEBUG org.apache.http.wire -- http-outgoing-250 << "Connection: keep-alive[\r][\n]"
23:08:10.223 [pool-2-thread-30] DEBUG org.apache.http.wire -- http-outgoing-250 << "Keep-Alive: timeout=5[\r][\n]"
23:08:10.223 [pool-2-thread-30] DEBUG org.apache.http.wire -- http-outgoing-250 << "[\r][\n]"
23:08:10.223 [pool-2-thread-30] DEBUG org.apache.http.wire -- http-outgoing-250 << "{"access_token":"eyJhbGciOiJIUzI1NiIsInR5cCI6IkpXVCJ9.eyJzdWIiOiIwYTM3ZWY0My1mZWU4LTQxZDMtYTY4Ni04YWIwODY5NDg2OTUiLCJ1c2VybmFtZSI6ImpvaG5kb2UyMSIsInJvbGUiOjAsImlhdCI6MTc1MDYwODQ5MCwiZXhwIjoxNzUwNjEyMDkwfQ.utNXrHRSAL_rUQAfWtAUZyoteGXSwuC_NkWAFxX0Zf0","refresh_token":"2227d9a1b3baca9b017edf68abd879af9669e77d3dd92f654c0645e6604d4dcb","user":{"id":"0a37ef43-fee8-41d3-a686-8ab086948695","email":"testit2@gmail.com","username":"johndoe21","name":"John Doe","phoneNumber":"0123456712","profilePic":null,"bio":null,"private":false,"verified":false,"role":0,"followersCount":0,"followingCount":0,"postCount":0}}"
23:08:10.223 [pool-2-thread-30] DEBUG org.apache.http.headers -- http-outgoing-250 << HTTP/1.1 200 OK
23:08:10.223 [pool-2-thread-30] DEBUG org.apache.http.headers -- http-outgoing-250 << X-Powered-By: Express
23:08:10.223 [pool-2-thread-30] DEBUG org.apache.http.headers -- http-outgoing-250 << Access-Control-Allow-Origin: *
23:08:10.223 [pool-2-thread-30] DEBUG org.apache.http.headers -- http-outgoing-250 << Content-Type: application/json; charset=utf-8
23:08:10.223 [pool-2-thread-30] DEBUG org.apache.http.headers -- http-outgoing-250 << Content-Length: 605
23:08:10.223 [pool-2-thread-30] DEBUG org.apache.http.headers -- http-outgoing-250 << ETag: W/"25d-9tKpkGBxZbwEG9Aaho+wXO6mXBA"
23:08:10.223 [pool-2-thread-30] DEBUG org.apache.http.headers -- http-outgoing-250 << Date: Sun, 22 Jun 2025 16:08:10 GMT
23:08:10.223 [pool-2-thread-30] DEBUG org.apache.http.headers -- http-outgoing-250 << Connection: keep-alive
23:08:10.223 [pool-2-thread-30] DEBUG org.apache.http.headers -- http-outgoing-250 << Keep-Alive: timeout=5
23:08:10.223 [pool-2-thread-30] DEBUG org.apache.http.impl.execchain.MainClientExec -- Connection can be kept alive for 5000 MILLISECONDS
23:08:10.223 [pool-2-thread-30] DEBUG org.apache.http.impl.conn.PoolingHttpClientConnectionManager -- Connection [id: 249][route: {}->http://localhost:3000] can be kept alive for 5.0 seconds
23:08:10.223 [pool-2-thread-30] DEBUG org.apache.http.impl.conn.DefaultManagedHttpClientConnection -- http-outgoing-250: set socket timeout to 0
23:08:10.223 [pool-2-thread-30] DEBUG org.apache.http.impl.conn.PoolingHttpClientConnectionManager -- Connection released: [id: 249][route: {}->http://localhost:3000][total available: 1; route allocated: 1 of 5; total allocated: 1 of 10]
23:08:10.223 [pool-2-thread-30] DEBUG org.apache.http.impl.conn.PoolingHttpClientConnectionManager -- Connection manager is shutting down
23:08:10.223 [pool-2-thread-30] DEBUG org.apache.http.impl.conn.DefaultManagedHttpClientConnection -- http-outgoing-250: Close connection
23:08:10.223 [pool-2-thread-30] DEBUG org.apache.http.impl.conn.PoolingHttpClientConnectionManager -- Connection manager shut down
23:08:10.224 [pool-2-thread-30] DEBUG com.intuit.karate -- response time in milliseconds: 1059
10 < 200
10 < X-Powered-By: Express
10 < Access-Control-Allow-Origin: *
10 < Content-Type: application/json; charset=utf-8
10 < Content-Length: 605
10 < ETag: W/"25d-9tKpkGBxZbwEG9Aaho+wXO6mXBA"
10 < Date: Sun, 22 Jun 2025 16:08:10 GMT
10 < Connection: keep-alive
10 < Keep-Alive: timeout=5
{"access_token":"eyJhbGciOiJIUzI1NiIsInR5cCI6IkpXVCJ9.eyJzdWIiOiIwYTM3ZWY0My1mZWU4LTQxZDMtYTY4Ni04YWIwODY5NDg2OTUiLCJ1c2VybmFtZSI6ImpvaG5kb2UyMSIsInJvbGUiOjAsImlhdCI6MTc1MDYwODQ5MCwiZXhwIjoxNzUwNjEyMDkwfQ.utNXrHRSAL_rUQAfWtAUZyoteGXSwuC_NkWAFxX0Zf0","refresh_token":"2227d9a1b3baca9b017edf68abd879af9669e77d3dd92f654c0645e6604d4dcb","user":{"id":"0a37ef43-fee8-41d3-a686-8ab086948695","email":"testit2@gmail.com","username":"johndoe21","name":"John Doe","phoneNumber":"0123456712","profilePic":null,"bio":null,"private":false,"verified":false,"role":0,"followersCount":0,"followingCount":0,"postCount":0}}

23:08:10.224 [pool-2-thread-30] INFO com.intuit.karate -- [print] Call 10 completed, status: 200 
23:08:10.224 [pool-2-thread-30] INFO com.intuit.karate -- [print] === COMPLETED 10 API CALLS for user: testit2@gmail.com === 
23:08:10.256 [pool-2-thread-2] DEBUG org.apache.http.wire -- http-outgoing-252 << "HTTP/1.1 200 OK[\r][\n]"
23:08:10.256 [pool-2-thread-2] DEBUG org.apache.http.wire -- http-outgoing-252 << "X-Powered-By: Express[\r][\n]"
23:08:10.256 [pool-2-thread-2] DEBUG org.apache.http.wire -- http-outgoing-252 << "Access-Control-Allow-Origin: *[\r][\n]"
23:08:10.256 [pool-2-thread-2] DEBUG org.apache.http.wire -- http-outgoing-252 << "Content-Type: application/json; charset=utf-8[\r][\n]"
23:08:10.256 [pool-2-thread-2] DEBUG org.apache.http.wire -- http-outgoing-252 << "Content-Length: 715[\r][\n]"
23:08:10.256 [pool-2-thread-2] DEBUG org.apache.http.wire -- http-outgoing-252 << "ETag: W/"2cb-thGvux73HeunedK7KPyuBtlj5UI"[\r][\n]"
23:08:10.256 [pool-2-thread-2] DEBUG org.apache.http.wire -- http-outgoing-252 << "Date: Sun, 22 Jun 2025 16:08:10 GMT[\r][\n]"
23:08:10.256 [pool-2-thread-2] DEBUG org.apache.http.wire -- http-outgoing-252 << "Connection: keep-alive[\r][\n]"
23:08:10.256 [pool-2-thread-2] DEBUG org.apache.http.wire -- http-outgoing-252 << "Keep-Alive: timeout=5[\r][\n]"
23:08:10.256 [pool-2-thread-2] DEBUG org.apache.http.wire -- http-outgoing-252 << "[\r][\n]"
23:08:10.256 [pool-2-thread-2] DEBUG org.apache.http.wire -- http-outgoing-252 << "{"access_token":"eyJhbGciOiJIUzI1NiIsInR5cCI6IkpXVCJ9.eyJzdWIiOiIyYjg0YWEyNC02NjhhLTQwZTItYWYxYy1hZDRmYzRmYTVhNmYiLCJ1c2VybmFtZSI6InF1YW5nMSIsInJvbGUiOjAsImlhdCI6MTc1MDYwODQ5MCwiZXhwIjoxNzUwNjEyMDkwfQ.OJ_ZV4lHLQQKdb8Yjvpz5qQAoqxin55xrnP0i19Wero","refresh_token":"3a34312d392713ba7978936504371fa66cb93bbf5a065563056b8ea441954063","user":{"id":"2b84aa24-668a-40e2-af1c-ad4fc4fa5a6f","email":"quang1@gmail.com","username":"quang1","name":"quang1","phoneNumber":"09874563210","profilePic":"https://res.cloudinary.com/dizcvrefo/image/upload/v1749027586/nestjs_uploads/xehairydt9rzlbmbmv4c.jpg","bio":"Thang Nam Lao Vua Thoi","private":false,"verified":false,"role":0,"followersCount":2,"followingCount":3,"postCount":2}}"
23:08:10.256 [pool-2-thread-2] DEBUG org.apache.http.headers -- http-outgoing-252 << HTTP/1.1 200 OK
23:08:10.256 [pool-2-thread-2] DEBUG org.apache.http.headers -- http-outgoing-252 << X-Powered-By: Express
23:08:10.256 [pool-2-thread-2] DEBUG org.apache.http.headers -- http-outgoing-252 << Access-Control-Allow-Origin: *
23:08:10.256 [pool-2-thread-2] DEBUG org.apache.http.headers -- http-outgoing-252 << Content-Type: application/json; charset=utf-8
23:08:10.256 [pool-2-thread-2] DEBUG org.apache.http.headers -- http-outgoing-252 << Content-Length: 715
23:08:10.256 [pool-2-thread-2] DEBUG org.apache.http.headers -- http-outgoing-252 << ETag: W/"2cb-thGvux73HeunedK7KPyuBtlj5UI"
23:08:10.256 [pool-2-thread-2] DEBUG org.apache.http.headers -- http-outgoing-252 << Date: Sun, 22 Jun 2025 16:08:10 GMT
23:08:10.256 [pool-2-thread-2] DEBUG org.apache.http.headers -- http-outgoing-252 << Connection: keep-alive
23:08:10.256 [pool-2-thread-2] DEBUG org.apache.http.headers -- http-outgoing-252 << Keep-Alive: timeout=5
23:08:10.256 [pool-2-thread-2] DEBUG org.apache.http.impl.execchain.MainClientExec -- Connection can be kept alive for 5000 MILLISECONDS
23:08:10.256 [pool-2-thread-2] DEBUG org.apache.http.impl.conn.PoolingHttpClientConnectionManager -- Connection [id: 252][route: {}->http://localhost:3000] can be kept alive for 5.0 seconds
23:08:10.256 [pool-2-thread-2] DEBUG org.apache.http.impl.conn.DefaultManagedHttpClientConnection -- http-outgoing-252: set socket timeout to 0
23:08:10.256 [pool-2-thread-2] DEBUG org.apache.http.impl.conn.PoolingHttpClientConnectionManager -- Connection released: [id: 252][route: {}->http://localhost:3000][total available: 1; route allocated: 1 of 5; total allocated: 1 of 10]
23:08:10.256 [pool-2-thread-2] DEBUG org.apache.http.impl.conn.PoolingHttpClientConnectionManager -- Connection manager is shutting down
23:08:10.256 [pool-2-thread-2] DEBUG org.apache.http.impl.conn.DefaultManagedHttpClientConnection -- http-outgoing-252: Close connection
23:08:10.256 [pool-2-thread-2] DEBUG org.apache.http.impl.conn.PoolingHttpClientConnectionManager -- Connection manager shut down
23:08:10.257 [pool-2-thread-2] DEBUG com.intuit.karate -- response time in milliseconds: 934
10 < 200
10 < X-Powered-By: Express
10 < Access-Control-Allow-Origin: *
10 < Content-Type: application/json; charset=utf-8
10 < Content-Length: 715
10 < ETag: W/"2cb-thGvux73HeunedK7KPyuBtlj5UI"
10 < Date: Sun, 22 Jun 2025 16:08:10 GMT
10 < Connection: keep-alive
10 < Keep-Alive: timeout=5
{"access_token":"eyJhbGciOiJIUzI1NiIsInR5cCI6IkpXVCJ9.eyJzdWIiOiIyYjg0YWEyNC02NjhhLTQwZTItYWYxYy1hZDRmYzRmYTVhNmYiLCJ1c2VybmFtZSI6InF1YW5nMSIsInJvbGUiOjAsImlhdCI6MTc1MDYwODQ5MCwiZXhwIjoxNzUwNjEyMDkwfQ.OJ_ZV4lHLQQKdb8Yjvpz5qQAoqxin55xrnP0i19Wero","refresh_token":"3a34312d392713ba7978936504371fa66cb93bbf5a065563056b8ea441954063","user":{"id":"2b84aa24-668a-40e2-af1c-ad4fc4fa5a6f","email":"quang1@gmail.com","username":"quang1","name":"quang1","phoneNumber":"09874563210","profilePic":"https://res.cloudinary.com/dizcvrefo/image/upload/v1749027586/nestjs_uploads/xehairydt9rzlbmbmv4c.jpg","bio":"Thang Nam Lao Vua Thoi","private":false,"verified":false,"role":0,"followersCount":2,"followingCount":3,"postCount":2}}

23:08:10.257 [pool-2-thread-2] INFO com.intuit.karate -- [print] Call 10 completed, status: 200 
23:08:10.257 [pool-2-thread-2] INFO com.intuit.karate -- [print] === COMPLETED 10 API CALLS for user: quang1@gmail.com === 
23:08:10.303 [pool-2-thread-17] DEBUG org.apache.http.wire -- http-outgoing-253 << "HTTP/1.1 200 OK[\r][\n]"
23:08:10.303 [pool-2-thread-17] DEBUG org.apache.http.wire -- http-outgoing-253 << "X-Powered-By: Express[\r][\n]"
23:08:10.303 [pool-2-thread-17] DEBUG org.apache.http.wire -- http-outgoing-253 << "Access-Control-Allow-Origin: *[\r][\n]"
23:08:10.303 [pool-2-thread-17] DEBUG org.apache.http.wire -- http-outgoing-253 << "Content-Type: application/json; charset=utf-8[\r][\n]"
23:08:10.303 [pool-2-thread-17] DEBUG org.apache.http.wire -- http-outgoing-253 << "Content-Length: 605[\r][\n]"
23:08:10.303 [pool-2-thread-17] DEBUG org.apache.http.wire -- http-outgoing-253 << "ETag: W/"25d-4cw4/UH5x3mapTtn7JDYOn0eODk"[\r][\n]"
23:08:10.303 [pool-2-thread-17] DEBUG org.apache.http.wire -- http-outgoing-253 << "Date: Sun, 22 Jun 2025 16:08:10 GMT[\r][\n]"
23:08:10.303 [pool-2-thread-17] DEBUG org.apache.http.wire -- http-outgoing-253 << "Connection: keep-alive[\r][\n]"
23:08:10.303 [pool-2-thread-17] DEBUG org.apache.http.wire -- http-outgoing-253 << "Keep-Alive: timeout=5[\r][\n]"
23:08:10.303 [pool-2-thread-17] DEBUG org.apache.http.wire -- http-outgoing-253 << "[\r][\n]"
23:08:10.303 [pool-2-thread-17] DEBUG org.apache.http.wire -- http-outgoing-253 << "{"access_token":"eyJhbGciOiJIUzI1NiIsInR5cCI6IkpXVCJ9.eyJzdWIiOiI2NTBjZTFlZC1hYWNhLTQzOGYtOTk4OC0xZjA1OGFiNWFhMWEiLCJ1c2VybmFtZSI6ImpvaG5kb2UyNSIsInJvbGUiOjAsImlhdCI6MTc1MDYwODQ5MCwiZXhwIjoxNzUwNjEyMDkwfQ.WcvJ5KYumCER5jTOM4H2KY5zNhpcTvL8E1sei3iujKo","refresh_token":"aedca6764998890f3c87cc4f6b30c210c499edeeadb0c1050afbbffd81082b41","user":{"id":"650ce1ed-aaca-438f-9988-1f058ab5aa1a","email":"testit3@gmail.com","username":"johndoe25","name":"John Doe","phoneNumber":"0123456713","profilePic":null,"bio":null,"private":false,"verified":false,"role":0,"followersCount":0,"followingCount":0,"postCount":0}}"
23:08:10.304 [pool-2-thread-17] DEBUG org.apache.http.headers -- http-outgoing-253 << HTTP/1.1 200 OK
23:08:10.304 [pool-2-thread-17] DEBUG org.apache.http.headers -- http-outgoing-253 << X-Powered-By: Express
23:08:10.304 [pool-2-thread-17] DEBUG org.apache.http.headers -- http-outgoing-253 << Access-Control-Allow-Origin: *
23:08:10.304 [pool-2-thread-17] DEBUG org.apache.http.headers -- http-outgoing-253 << Content-Type: application/json; charset=utf-8
23:08:10.304 [pool-2-thread-17] DEBUG org.apache.http.headers -- http-outgoing-253 << Content-Length: 605
23:08:10.304 [pool-2-thread-17] DEBUG org.apache.http.headers -- http-outgoing-253 << ETag: W/"25d-4cw4/UH5x3mapTtn7JDYOn0eODk"
23:08:10.304 [pool-2-thread-17] DEBUG org.apache.http.headers -- http-outgoing-253 << Date: Sun, 22 Jun 2025 16:08:10 GMT
23:08:10.304 [pool-2-thread-17] DEBUG org.apache.http.headers -- http-outgoing-253 << Connection: keep-alive
23:08:10.304 [pool-2-thread-17] DEBUG org.apache.http.headers -- http-outgoing-253 << Keep-Alive: timeout=5
23:08:10.304 [pool-2-thread-17] DEBUG org.apache.http.impl.execchain.MainClientExec -- Connection can be kept alive for 5000 MILLISECONDS
23:08:10.304 [pool-2-thread-17] DEBUG org.apache.http.impl.conn.PoolingHttpClientConnectionManager -- Connection [id: 253][route: {}->http://localhost:3000] can be kept alive for 5.0 seconds
23:08:10.304 [pool-2-thread-17] DEBUG org.apache.http.impl.conn.DefaultManagedHttpClientConnection -- http-outgoing-253: set socket timeout to 0
23:08:10.304 [pool-2-thread-17] DEBUG org.apache.http.impl.conn.PoolingHttpClientConnectionManager -- Connection released: [id: 253][route: {}->http://localhost:3000][total available: 1; route allocated: 1 of 5; total allocated: 1 of 10]
23:08:10.304 [pool-2-thread-17] DEBUG org.apache.http.impl.conn.PoolingHttpClientConnectionManager -- Connection manager is shutting down
23:08:10.304 [pool-2-thread-17] DEBUG org.apache.http.impl.conn.DefaultManagedHttpClientConnection -- http-outgoing-253: Close connection
23:08:10.304 [pool-2-thread-17] DEBUG org.apache.http.impl.conn.PoolingHttpClientConnectionManager -- Connection manager shut down
23:08:10.304 [pool-2-thread-17] DEBUG com.intuit.karate -- response time in milliseconds: 885
10 < 200
10 < X-Powered-By: Express
10 < Access-Control-Allow-Origin: *
10 < Content-Type: application/json; charset=utf-8
10 < Content-Length: 605
10 < ETag: W/"25d-4cw4/UH5x3mapTtn7JDYOn0eODk"
10 < Date: Sun, 22 Jun 2025 16:08:10 GMT
10 < Connection: keep-alive
10 < Keep-Alive: timeout=5
{"access_token":"eyJhbGciOiJIUzI1NiIsInR5cCI6IkpXVCJ9.eyJzdWIiOiI2NTBjZTFlZC1hYWNhLTQzOGYtOTk4OC0xZjA1OGFiNWFhMWEiLCJ1c2VybmFtZSI6ImpvaG5kb2UyNSIsInJvbGUiOjAsImlhdCI6MTc1MDYwODQ5MCwiZXhwIjoxNzUwNjEyMDkwfQ.WcvJ5KYumCER5jTOM4H2KY5zNhpcTvL8E1sei3iujKo","refresh_token":"aedca6764998890f3c87cc4f6b30c210c499edeeadb0c1050afbbffd81082b41","user":{"id":"650ce1ed-aaca-438f-9988-1f058ab5aa1a","email":"testit3@gmail.com","username":"johndoe25","name":"John Doe","phoneNumber":"0123456713","profilePic":null,"bio":null,"private":false,"verified":false,"role":0,"followersCount":0,"followingCount":0,"postCount":0}}

23:08:10.305 [pool-2-thread-17] INFO com.intuit.karate -- [print] Call 10 completed, status: 200 
23:08:10.305 [pool-2-thread-17] INFO com.intuit.karate -- [print] === COMPLETED 10 API CALLS for user: testit3@gmail.com === 
23:08:10.427 [pool-2-thread-28] DEBUG org.apache.http.wire -- http-outgoing-254 << "HTTP/1.1 200 OK[\r][\n]"
23:08:10.427 [pool-2-thread-28] DEBUG org.apache.http.wire -- http-outgoing-254 << "X-Powered-By: Express[\r][\n]"
23:08:10.427 [pool-2-thread-28] DEBUG org.apache.http.wire -- http-outgoing-254 << "Access-Control-Allow-Origin: *[\r][\n]"
23:08:10.427 [pool-2-thread-28] DEBUG org.apache.http.wire -- http-outgoing-254 << "Content-Type: application/json; charset=utf-8[\r][\n]"
23:08:10.427 [pool-2-thread-28] DEBUG org.apache.http.wire -- http-outgoing-254 << "Content-Length: 609[\r][\n]"
23:08:10.427 [pool-2-thread-28] DEBUG org.apache.http.wire -- http-outgoing-254 << "ETag: W/"261-J+5p0UBeUNzi2xQflzos8CtsTtk"[\r][\n]"
23:08:10.427 [pool-2-thread-28] DEBUG org.apache.http.wire -- http-outgoing-254 << "Date: Sun, 22 Jun 2025 16:08:10 GMT[\r][\n]"
23:08:10.427 [pool-2-thread-28] DEBUG org.apache.http.wire -- http-outgoing-254 << "Connection: keep-alive[\r][\n]"
23:08:10.427 [pool-2-thread-28] DEBUG org.apache.http.wire -- http-outgoing-254 << "Keep-Alive: timeout=5[\r][\n]"
23:08:10.427 [pool-2-thread-28] DEBUG org.apache.http.wire -- http-outgoing-254 << "[\r][\n]"
23:08:10.427 [pool-2-thread-28] DEBUG org.apache.http.wire -- http-outgoing-254 << "{"access_token":"eyJhbGciOiJIUzI1NiIsInR5cCI6IkpXVCJ9.eyJzdWIiOiIyNzJmNmI1NS01MTc5LTRhZTMtODU2My1iNGVjMTBmNzY3MTUiLCJ1c2VybmFtZSI6ImpvaG5kb2UyZDVkIiwicm9sZSI6MCwiaWF0IjoxNzUwNjA4NDkwLCJleHAiOjE3NTA2MTIwOTB9.7rxUXXJtjXguBlHSmpYfnoDBxOVRj3ks_8HhtJcTRHc","refresh_token":"34406faa14d8cb1d664c6a45eaf6e972893664d5046b4a08f403ae8b5476ed17","user":{"id":"272f6b55-5179-4ae3-8563-b4ec10f76715","email":"testit5@gmail.com","username":"johndoe2d5d","name":"John Doe","phoneNumber":"0123456132","profilePic":null,"bio":null,"private":false,"verified":false,"role":0,"followersCount":0,"followingCount":0,"postCount":0}}"
23:08:10.427 [pool-2-thread-28] DEBUG org.apache.http.headers -- http-outgoing-254 << HTTP/1.1 200 OK
23:08:10.427 [pool-2-thread-28] DEBUG org.apache.http.headers -- http-outgoing-254 << X-Powered-By: Express
23:08:10.427 [pool-2-thread-28] DEBUG org.apache.http.headers -- http-outgoing-254 << Access-Control-Allow-Origin: *
23:08:10.427 [pool-2-thread-28] DEBUG org.apache.http.headers -- http-outgoing-254 << Content-Type: application/json; charset=utf-8
23:08:10.427 [pool-2-thread-28] DEBUG org.apache.http.headers -- http-outgoing-254 << Content-Length: 609
23:08:10.427 [pool-2-thread-28] DEBUG org.apache.http.headers -- http-outgoing-254 << ETag: W/"261-J+5p0UBeUNzi2xQflzos8CtsTtk"
23:08:10.427 [pool-2-thread-28] DEBUG org.apache.http.headers -- http-outgoing-254 << Date: Sun, 22 Jun 2025 16:08:10 GMT
23:08:10.427 [pool-2-thread-28] DEBUG org.apache.http.headers -- http-outgoing-254 << Connection: keep-alive
23:08:10.427 [pool-2-thread-28] DEBUG org.apache.http.headers -- http-outgoing-254 << Keep-Alive: timeout=5
23:08:10.427 [pool-2-thread-28] DEBUG org.apache.http.impl.execchain.MainClientExec -- Connection can be kept alive for 5000 MILLISECONDS
23:08:10.427 [pool-2-thread-28] DEBUG org.apache.http.impl.conn.PoolingHttpClientConnectionManager -- Connection [id: 254][route: {}->http://localhost:3000] can be kept alive for 5.0 seconds
23:08:10.427 [pool-2-thread-28] DEBUG org.apache.http.impl.conn.DefaultManagedHttpClientConnection -- http-outgoing-254: set socket timeout to 0
23:08:10.427 [pool-2-thread-28] DEBUG org.apache.http.impl.conn.PoolingHttpClientConnectionManager -- Connection released: [id: 254][route: {}->http://localhost:3000][total available: 1; route allocated: 1 of 5; total allocated: 1 of 10]
23:08:10.427 [pool-2-thread-28] DEBUG org.apache.http.impl.conn.PoolingHttpClientConnectionManager -- Connection manager is shutting down
23:08:10.427 [pool-2-thread-28] DEBUG org.apache.http.impl.conn.DefaultManagedHttpClientConnection -- http-outgoing-254: Close connection
23:08:10.427 [pool-2-thread-28] DEBUG org.apache.http.impl.conn.PoolingHttpClientConnectionManager -- Connection manager shut down
23:08:10.427 [pool-2-thread-28] DEBUG com.intuit.karate -- response time in milliseconds: 268
10 < 200
10 < X-Powered-By: Express
10 < Access-Control-Allow-Origin: *
10 < Content-Type: application/json; charset=utf-8
10 < Content-Length: 609
10 < ETag: W/"261-J+5p0UBeUNzi2xQflzos8CtsTtk"
10 < Date: Sun, 22 Jun 2025 16:08:10 GMT
10 < Connection: keep-alive
10 < Keep-Alive: timeout=5
{"access_token":"eyJhbGciOiJIUzI1NiIsInR5cCI6IkpXVCJ9.eyJzdWIiOiIyNzJmNmI1NS01MTc5LTRhZTMtODU2My1iNGVjMTBmNzY3MTUiLCJ1c2VybmFtZSI6ImpvaG5kb2UyZDVkIiwicm9sZSI6MCwiaWF0IjoxNzUwNjA4NDkwLCJleHAiOjE3NTA2MTIwOTB9.7rxUXXJtjXguBlHSmpYfnoDBxOVRj3ks_8HhtJcTRHc","refresh_token":"34406faa14d8cb1d664c6a45eaf6e972893664d5046b4a08f403ae8b5476ed17","user":{"id":"272f6b55-5179-4ae3-8563-b4ec10f76715","email":"testit5@gmail.com","username":"johndoe2d5d","name":"John Doe","phoneNumber":"0123456132","profilePic":null,"bio":null,"private":false,"verified":false,"role":0,"followersCount":0,"followingCount":0,"postCount":0}}

23:08:10.428 [pool-2-thread-28] INFO com.intuit.karate -- [print] Call 10 completed, status: 200 
23:08:10.428 [pool-2-thread-28] INFO com.intuit.karate -- [print] === COMPLETED 10 API CALLS for user: testit5@gmail.com === 
23:08:10.517 [pool-3-thread-1] DEBUG org.thymeleaf.TemplateEngine -- [THYMELEAF] INITIALIZING TEMPLATE ENGINE
23:08:10.662 [pool-3-thread-1] DEBUG org.thymeleaf.TemplateEngine.CONFIG -- Initializing Thymeleaf Template engine configuration...
[THYMELEAF] TEMPLATE ENGINE CONFIGURATION:
[THYMELEAF] * Thymeleaf version: 3.1.2.RELEASE (built 2023-07-30T19:25:50+0000)
[THYMELEAF] * Cache Manager implementation: org.thymeleaf.cache.StandardCacheManager
[THYMELEAF] * Template resolvers:
[THYMELEAF]     * [1] com.intuit.karate.template.ResourceHtmlTemplateResolver
[THYMELEAF] * Message resolvers:
[THYMELEAF]     * org.thymeleaf.messageresolver.StandardMessageResolver
[THYMELEAF] * Link builders:
[THYMELEAF]     * org.thymeleaf.linkbuilder.StandardLinkBuilder
[THYMELEAF] * Dialect [1 of 2]: Standard (com.intuit.karate.template.KarateStandardDialect)
[THYMELEAF]     * Prefix: "th"
[THYMELEAF]     * Processors for Template Mode: HTML
[THYMELEAF]         * Element Tag Processors by [matching element and attribute name] [precedence]:
[THYMELEAF]             * [* {th:include,data-th-include}] [100]: org.thymeleaf.standard.processor.StandardIncludeTagProcessor
[THYMELEAF]             * [* {th:insert,data-th-insert}] [100]: org.thymeleaf.standard.processor.StandardInsertTagProcessor
[THYMELEAF]             * [* {th:replace,data-th-replace}] [100]: org.thymeleaf.standard.processor.StandardReplaceTagProcessor
[THYMELEAF]             * [* {th:each,data-th-each}] [200]: com.intuit.karate.template.KarateEachTagProcessor
[THYMELEAF]             * [* {th:switch,data-th-switch}] [250]: org.thymeleaf.standard.processor.StandardSwitchTagProcessor
[THYMELEAF]             * [* {th:case,data-th-case}] [275]: org.thymeleaf.standard.processor.StandardCaseTagProcessor
[THYMELEAF]             * [* {th:if,data-th-if}] [300]: org.thymeleaf.standard.processor.StandardIfTagProcessor
[THYMELEAF]             * [* {th:unless,data-th-unless}] [400]: org.thymeleaf.standard.processor.StandardUnlessTagProcessor
[THYMELEAF]             * [* {th:object,data-th-object}] [500]: org.thymeleaf.standard.processor.StandardObjectTagProcessor
[THYMELEAF]             * [* {th:with,data-th-with}] [600]: com.intuit.karate.template.KarateWithTagProcessor
[THYMELEAF]             * [* {th:attr,data-th-attr}] [700]: com.intuit.karate.template.KarateAttributeTagProcessor.KarateAttrTagProcessor
[THYMELEAF]             * [* {th:attrappend,data-th-attrappend}] [900]: com.intuit.karate.template.KarateAttributeTagProcessor.KarateAttrappendTagProcessor
[THYMELEAF]             * [* {th:attrprepend,data-th-attrprepend}] [900]: com.intuit.karate.template.KarateAttributeTagProcessor.KarateAttrprependTagProcessor
[THYMELEAF]             * [* {th:alt-title,data-th-alt-title}] [990]: org.thymeleaf.standard.processor.StandardAltTitleTagProcessor
[THYMELEAF]             * [* {th:lang-xmllang,data-th-lang-xmllang}] [990]: org.thymeleaf.standard.processor.StandardLangXmlLangTagProcessor
[THYMELEAF]             * [* {th:action,data-th-action}] [1000]: org.thymeleaf.standard.processor.StandardActionTagProcessor
[THYMELEAF]             * [* {th:checked,data-th-checked}] [1000]: org.thymeleaf.standard.processor.StandardConditionalFixedValueTagProcessor
[THYMELEAF]             * [* {th:readonly,data-th-readonly}] [1000]: org.thymeleaf.standard.processor.StandardConditionalFixedValueTagProcessor
[THYMELEAF]             * [* {th:disabled,data-th-disabled}] [1000]: org.thymeleaf.standard.processor.StandardConditionalFixedValueTagProcessor
[THYMELEAF]             * [* {th:reversed,data-th-reversed}] [1000]: org.thymeleaf.standard.processor.StandardConditionalFixedValueTagProcessor
[THYMELEAF]             * [* {th:formnovalidate,data-th-formnovalidate}] [1000]: org.thymeleaf.standard.processor.StandardConditionalFixedValueTagProcessor
[THYMELEAF]             * [* {th:default,data-th-default}] [1000]: org.thymeleaf.standard.processor.StandardConditionalFixedValueTagProcessor
[THYMELEAF]             * [* {th:pubdate,data-th-pubdate}] [1000]: org.thymeleaf.standard.processor.StandardConditionalFixedValueTagProcessor
[THYMELEAF]             * [* {th:declare,data-th-declare}] [1000]: org.thymeleaf.standard.processor.StandardConditionalFixedValueTagProcessor
[THYMELEAF]             * [* {th:autoplay,data-th-autoplay}] [1000]: org.thymeleaf.standard.processor.StandardConditionalFixedValueTagProcessor
[THYMELEAF]             * [* {th:controls,data-th-controls}] [1000]: org.thymeleaf.standard.processor.StandardConditionalFixedValueTagProcessor
[THYMELEAF]             * [* {th:novalidate,data-th-novalidate}] [1000]: org.thymeleaf.standard.processor.StandardConditionalFixedValueTagProcessor
[THYMELEAF]             * [* {th:autofocus,data-th-autofocus}] [1000]: org.thymeleaf.standard.processor.StandardConditionalFixedValueTagProcessor
[THYMELEAF]             * [* {th:scoped,data-th-scoped}] [1000]: org.thymeleaf.standard.processor.StandardConditionalFixedValueTagProcessor
[THYMELEAF]             * [* {th:required,data-th-required}] [1000]: org.thymeleaf.standard.processor.StandardConditionalFixedValueTagProcessor
[THYMELEAF]             * [* {th:loop,data-th-loop}] [1000]: org.thymeleaf.standard.processor.StandardConditionalFixedValueTagProcessor
[THYMELEAF]             * [* {th:ismap,data-th-ismap}] [1000]: org.thymeleaf.standard.processor.StandardConditionalFixedValueTagProcessor
[THYMELEAF]             * [* {th:multiple,data-th-multiple}] [1000]: org.thymeleaf.standard.processor.StandardConditionalFixedValueTagProcessor
[THYMELEAF]             * [* {th:open,data-th-open}] [1000]: org.thymeleaf.standard.processor.StandardConditionalFixedValueTagProcessor
[THYMELEAF]             * [* {th:nowrap,data-th-nowrap}] [1000]: org.thymeleaf.standard.processor.StandardConditionalFixedValueTagProcessor
[THYMELEAF]             * [* {th:async,data-th-async}] [1000]: org.thymeleaf.standard.processor.StandardConditionalFixedValueTagProcessor
[THYMELEAF]             * [* {th:selected,data-th-selected}] [1000]: org.thymeleaf.standard.processor.StandardConditionalFixedValueTagProcessor
[THYMELEAF]             * [* {th:hidden,data-th-hidden}] [1000]: org.thymeleaf.standard.processor.StandardConditionalFixedValueTagProcessor
[THYMELEAF]             * [* {th:seamless,data-th-seamless}] [1000]: org.thymeleaf.standard.processor.StandardConditionalFixedValueTagProcessor
[THYMELEAF]             * [* {th:defer,data-th-defer}] [1000]: org.thymeleaf.standard.processor.StandardConditionalFixedValueTagProcessor
[THYMELEAF]             * [* {th:onkeypress,data-th-onkeypress}] [1000]: org.thymeleaf.standard.processor.StandardDOMEventAttributeTagProcessor
[THYMELEAF]             * [* {th:ondurationchange,data-th-ondurationchange}] [1000]: org.thymeleaf.standard.processor.StandardDOMEventAttributeTagProcessor
[THYMELEAF]             * [* {th:onloadeddata,data-th-onloadeddata}] [1000]: org.thymeleaf.standard.processor.StandardDOMEventAttributeTagProcessor
[THYMELEAF]             * [* {th:onsuspend,data-th-onsuspend}] [1000]: org.thymeleaf.standard.processor.StandardDOMEventAttributeTagProcessor
[THYMELEAF]             * [* {th:oncanplaythrough,data-th-oncanplaythrough}] [1000]: org.thymeleaf.standard.processor.StandardDOMEventAttributeTagProcessor
[THYMELEAF]             * [* {th:onseeking,data-th-onseeking}] [1000]: org.thymeleaf.standard.processor.StandardDOMEventAttributeTagProcessor
[THYMELEAF]             * [* {th:onreset,data-th-onreset}] [1000]: org.thymeleaf.standard.processor.StandardDOMEventAttributeTagProcessor
[THYMELEAF]             * [* {th:onresize,data-th-onresize}] [1000]: org.thymeleaf.standard.processor.StandardDOMEventAttributeTagProcessor
[THYMELEAF]             * [* {th:onkeydown,data-th-onkeydown}] [1000]: org.thymeleaf.standard.processor.StandardDOMEventAttributeTagProcessor
[THYMELEAF]             * [* {th:oninput,data-th-oninput}] [1000]: org.thymeleaf.standard.processor.StandardDOMEventAttributeTagProcessor
[THYMELEAF]             * [* {th:onplaying,data-th-onplaying}] [1000]: org.thymeleaf.standard.processor.StandardDOMEventAttributeTagProcessor
[THYMELEAF]             * [* {th:onabort,data-th-onabort}] [1000]: org.thymeleaf.standard.processor.StandardDOMEventAttributeTagProcessor
[THYMELEAF]             * [* {th:onmouseover,data-th-onmouseover}] [1000]: org.thymeleaf.standard.processor.StandardDOMEventAttributeTagProcessor
[THYMELEAF]             * [* {th:ondblclick,data-th-ondblclick}] [1000]: org.thymeleaf.standard.processor.StandardDOMEventAttributeTagProcessor
[THYMELEAF]             * [* {th:onpause,data-th-onpause}] [1000]: org.thymeleaf.standard.processor.StandardDOMEventAttributeTagProcessor
[THYMELEAF]             * [* {th:onselect,data-th-onselect}] [1000]: org.thymeleaf.standard.processor.StandardDOMEventAttributeTagProcessor
[THYMELEAF]             * [* {th:onfocus,data-th-onfocus}] [1000]: org.thymeleaf.standard.processor.StandardDOMEventAttributeTagProcessor
[THYMELEAF]             * [* {th:onblur,data-th-onblur}] [1000]: org.thymeleaf.standard.processor.StandardDOMEventAttributeTagProcessor
[THYMELEAF]             * [* {th:onloadedmetadata,data-th-onloadedmetadata}] [1000]: org.thymeleaf.standard.processor.StandardDOMEventAttributeTagProcessor
[THYMELEAF]             * [* {th:onwaiting,data-th-onwaiting}] [1000]: org.thymeleaf.standard.processor.StandardDOMEventAttributeTagProcessor
[THYMELEAF]             * [* {th:ondrop,data-th-ondrop}] [1000]: org.thymeleaf.standard.processor.StandardDOMEventAttributeTagProcessor
[THYMELEAF]             * [* {th:ondragleave,data-th-ondragleave}] [1000]: org.thymeleaf.standard.processor.StandardDOMEventAttributeTagProcessor
[THYMELEAF]             * [* {th:oncontextmenu,data-th-oncontextmenu}] [1000]: org.thymeleaf.standard.processor.StandardDOMEventAttributeTagProcessor
[THYMELEAF]             * [* {th:onmessage,data-th-onmessage}] [1000]: org.thymeleaf.standard.processor.StandardDOMEventAttributeTagProcessor
[THYMELEAF]             * [* {th:onforminput,data-th-onforminput}] [1000]: org.thymeleaf.standard.processor.StandardDOMEventAttributeTagProcessor
[THYMELEAF]             * [* {th:onformchange,data-th-onformchange}] [1000]: org.thymeleaf.standard.processor.StandardDOMEventAttributeTagProcessor
[THYMELEAF]             * [* {th:onafterprint,data-th-onafterprint}] [1000]: org.thymeleaf.standard.processor.StandardDOMEventAttributeTagProcessor
[THYMELEAF]             * [* {th:ondrag,data-th-ondrag}] [1000]: org.thymeleaf.standard.processor.StandardDOMEventAttributeTagProcessor
[THYMELEAF]             * [* {th:onmouseup,data-th-onmouseup}] [1000]: org.thymeleaf.standard.processor.StandardDOMEventAttributeTagProcessor
[THYMELEAF]             * [* {th:onmouseout,data-th-onmouseout}] [1000]: org.thymeleaf.standard.processor.StandardDOMEventAttributeTagProcessor
[THYMELEAF]             * [* {th:onundo,data-th-onundo}] [1000]: org.thymeleaf.standard.processor.StandardDOMEventAttributeTagProcessor
[THYMELEAF]             * [* {th:onbeforeprint,data-th-onbeforeprint}] [1000]: org.thymeleaf.standard.processor.StandardDOMEventAttributeTagProcessor
[THYMELEAF]             * [* {th:onratechange,data-th-onratechange}] [1000]: org.thymeleaf.standard.processor.StandardDOMEventAttributeTagProcessor
[THYMELEAF]             * [* {th:onemptied,data-th-onemptied}] [1000]: org.thymeleaf.standard.processor.StandardDOMEventAttributeTagProcessor
[THYMELEAF]             * [* {th:onredo,data-th-onredo}] [1000]: org.thymeleaf.standard.processor.StandardDOMEventAttributeTagProcessor
[THYMELEAF]             * [* {th:onmousewheel,data-th-onmousewheel}] [1000]: org.thymeleaf.standard.processor.StandardDOMEventAttributeTagProcessor
[THYMELEAF]             * [* {th:onsubmit,data-th-onsubmit}] [1000]: org.thymeleaf.standard.processor.StandardDOMEventAttributeTagProcessor
[THYMELEAF]             * [* {th:onkeyup,data-th-onkeyup}] [1000]: org.thymeleaf.standard.processor.StandardDOMEventAttributeTagProcessor
[THYMELEAF]             * [* {th:onunload,data-th-onunload}] [1000]: org.thymeleaf.standard.processor.StandardDOMEventAttributeTagProcessor
[THYMELEAF]             * [* {th:onclick,data-th-onclick}] [1000]: org.thymeleaf.standard.processor.StandardDOMEventAttributeTagProcessor
[THYMELEAF]             * [* {th:ondragover,data-th-ondragover}] [1000]: org.thymeleaf.standard.processor.StandardDOMEventAttributeTagProcessor
[THYMELEAF]             * [* {th:onbeforeunload,data-th-onbeforeunload}] [1000]: org.thymeleaf.standard.processor.StandardDOMEventAttributeTagProcessor
[THYMELEAF]             * [* {th:onmousemove,data-th-onmousemove}] [1000]: org.thymeleaf.standard.processor.StandardDOMEventAttributeTagProcessor
[THYMELEAF]             * [* {th:ononline,data-th-ononline}] [1000]: org.thymeleaf.standard.processor.StandardDOMEventAttributeTagProcessor
[THYMELEAF]             * [* {th:onpopstate,data-th-onpopstate}] [1000]: org.thymeleaf.standard.processor.StandardDOMEventAttributeTagProcessor
[THYMELEAF]             * [* {th:onmousedown,data-th-onmousedown}] [1000]: org.thymeleaf.standard.processor.StandardDOMEventAttributeTagProcessor
[THYMELEAF]             * [* {th:onstorage,data-th-onstorage}] [1000]: org.thymeleaf.standard.processor.StandardDOMEventAttributeTagProcessor
[THYMELEAF]             * [* {th:onchange,data-th-onchange}] [1000]: org.thymeleaf.standard.processor.StandardDOMEventAttributeTagProcessor
[THYMELEAF]             * [* {th:onreadystatechange,data-th-onreadystatechange}] [1000]: org.thymeleaf.standard.processor.StandardDOMEventAttributeTagProcessor
[THYMELEAF]             * [* {th:ondragenter,data-th-ondragenter}] [1000]: org.thymeleaf.standard.processor.StandardDOMEventAttributeTagProcessor
[THYMELEAF]             * [* {th:onplay,data-th-onplay}] [1000]: org.thymeleaf.standard.processor.StandardDOMEventAttributeTagProcessor
[THYMELEAF]             * [* {th:onseeked,data-th-onseeked}] [1000]: org.thymeleaf.standard.processor.StandardDOMEventAttributeTagProcessor
[THYMELEAF]             * [* {th:onstalled,data-th-onstalled}] [1000]: org.thymeleaf.standard.processor.StandardDOMEventAttributeTagProcessor
[THYMELEAF]             * [* {th:onhashchange,data-th-onhashchange}] [1000]: org.thymeleaf.standard.processor.StandardDOMEventAttributeTagProcessor
[THYMELEAF]             * [* {th:onerror,data-th-onerror}] [1000]: org.thymeleaf.standard.processor.StandardDOMEventAttributeTagProcessor
[THYMELEAF]             * [* {th:onended,data-th-onended}] [1000]: org.thymeleaf.standard.processor.StandardDOMEventAttributeTagProcessor
[THYMELEAF]             * [* {th:onoffline,data-th-onoffline}] [1000]: org.thymeleaf.standard.processor.StandardDOMEventAttributeTagProcessor
[THYMELEAF]             * [* {th:oncanplay,data-th-oncanplay}] [1000]: org.thymeleaf.standard.processor.StandardDOMEventAttributeTagProcessor
[THYMELEAF]             * [* {th:oninvalid,data-th-oninvalid}] [1000]: org.thymeleaf.standard.processor.StandardDOMEventAttributeTagProcessor
[THYMELEAF]             * [* {th:ontimeupdate,data-th-ontimeupdate}] [1000]: org.thymeleaf.standard.processor.StandardDOMEventAttributeTagProcessor
[THYMELEAF]             * [* {th:ondragstart,data-th-ondragstart}] [1000]: org.thymeleaf.standard.processor.StandardDOMEventAttributeTagProcessor
[THYMELEAF]             * [* {th:onload,data-th-onload}] [1000]: org.thymeleaf.standard.processor.StandardDOMEventAttributeTagProcessor
[THYMELEAF]             * [* {th:ondragend,data-th-ondragend}] [1000]: org.thymeleaf.standard.processor.StandardDOMEventAttributeTagProcessor
[THYMELEAF]             * [* {th:onshow,data-th-onshow}] [1000]: org.thymeleaf.standard.processor.StandardDOMEventAttributeTagProcessor
[THYMELEAF]             * [* {th:onloadstart,data-th-onloadstart}] [1000]: org.thymeleaf.standard.processor.StandardDOMEventAttributeTagProcessor
[THYMELEAF]             * [* {th:onprogress,data-th-onprogress}] [1000]: org.thymeleaf.standard.processor.StandardDOMEventAttributeTagProcessor
[THYMELEAF]             * [* {th:onvolumechange,data-th-onvolumechange}] [1000]: org.thymeleaf.standard.processor.StandardDOMEventAttributeTagProcessor
[THYMELEAF]             * [* {th:onscroll,data-th-onscroll}] [1000]: org.thymeleaf.standard.processor.StandardDOMEventAttributeTagProcessor
[THYMELEAF]             * [* {th:href,data-th-href}] [1000]: org.thymeleaf.standard.processor.StandardHrefTagProcessor
[THYMELEAF]             * [* {th:inline,data-th-inline}] [1000]: org.thymeleaf.standard.processor.StandardInlineHTMLTagProcessor
[THYMELEAF]             * [* {th:method,data-th-method}] [1000]: org.thymeleaf.standard.processor.StandardMethodTagProcessor
[THYMELEAF]             * [* {th:type,data-th-type}] [1000]: org.thymeleaf.standard.processor.StandardNonRemovableAttributeTagProcessor
[THYMELEAF]             * [* {th:name,data-th-name}] [1000]: org.thymeleaf.standard.processor.StandardNonRemovableAttributeTagProcessor
[THYMELEAF]             * [* {th:datetime,data-th-datetime}] [1000]: org.thymeleaf.standard.processor.StandardRemovableAttributeTagProcessor
[THYMELEAF]             * [* {th:valuetype,data-th-valuetype}] [1000]: org.thymeleaf.standard.processor.StandardRemovableAttributeTagProcessor
[THYMELEAF]             * [* {th:high,data-th-high}] [1000]: org.thymeleaf.standard.processor.StandardRemovableAttributeTagProcessor
[THYMELEAF]             * [* {th:formmethod,data-th-formmethod}] [1000]: org.thymeleaf.standard.processor.StandardRemovableAttributeTagProcessor
[THYMELEAF]             * [* {th:srclang,data-th-srclang}] [1000]: org.thymeleaf.standard.processor.StandardRemovableAttributeTagProcessor
[THYMELEAF]             * [* {th:accesskey,data-th-accesskey}] [1000]: org.thymeleaf.standard.processor.StandardRemovableAttributeTagProcessor
[THYMELEAF]             * [* {th:longdesc,data-th-longdesc}] [1000]: org.thymeleaf.standard.processor.StandardRemovableAttributeTagProcessor
[THYMELEAF]             * [* {th:contenteditable,data-th-contenteditable}] [1000]: org.thymeleaf.standard.processor.StandardRemovableAttributeTagProcessor
[THYMELEAF]             * [* {th:target,data-th-target}] [1000]: org.thymeleaf.standard.processor.StandardRemovableAttributeTagProcessor
[THYMELEAF]             * [* {th:hspace,data-th-hspace}] [1000]: org.thymeleaf.standard.processor.StandardRemovableAttributeTagProcessor
[THYMELEAF]             * [* {th:autocomplete,data-th-autocomplete}] [1000]: org.thymeleaf.standard.processor.StandardRemovableAttributeTagProcessor
[THYMELEAF]             * [* {th:cellspacing,data-th-cellspacing}] [1000]: org.thymeleaf.standard.processor.StandardRemovableAttributeTagProcessor
[THYMELEAF]             * [* {th:cite,data-th-cite}] [1000]: org.thymeleaf.standard.processor.StandardRemovableAttributeTagProcessor
[THYMELEAF]             * [* {th:http-equiv,data-th-http-equiv}] [1000]: org.thymeleaf.standard.processor.StandardRemovableAttributeTagProcessor
[THYMELEAF]             * [* {th:archive,data-th-archive}] [1000]: org.thymeleaf.standard.processor.StandardRemovableAttributeTagProcessor
[THYMELEAF]             * [* {th:placeholder,data-th-placeholder}] [1000]: org.thymeleaf.standard.processor.StandardRemovableAttributeTagProcessor
[THYMELEAF]             * [* {th:headers,data-th-headers}] [1000]: org.thymeleaf.standard.processor.StandardRemovableAttributeTagProcessor
[THYMELEAF]             * [* {th:alt,data-th-alt}] [1000]: org.thymeleaf.standard.processor.StandardRemovableAttributeTagProcessor
[THYMELEAF]             * [* {th:rowspan,data-th-rowspan}] [1000]: org.thymeleaf.standard.processor.StandardRemovableAttributeTagProcessor
[THYMELEAF]             * [* {th:start,data-th-start}] [1000]: org.thymeleaf.standard.processor.StandardRemovableAttributeTagProcessor
[THYMELEAF]             * [* {th:optimum,data-th-optimum}] [1000]: org.thymeleaf.standard.processor.StandardRemovableAttributeTagProcessor
[THYMELEAF]             * [* {th:poster,data-th-poster}] [1000]: org.thymeleaf.standard.processor.StandardRemovableAttributeTagProcessor
[THYMELEAF]             * [* {th:background,data-th-background}] [1000]: org.thymeleaf.standard.processor.StandardRemovableAttributeTagProcessor
[THYMELEAF]             * [* {th:formaction,data-th-formaction}] [1000]: org.thymeleaf.standard.processor.StandardRemovableAttributeTagProcessor
[THYMELEAF]             * [* {th:lang,data-th-lang}] [1000]: org.thymeleaf.standard.processor.StandardRemovableAttributeTagProcessor
[THYMELEAF]             * [* {th:media,data-th-media}] [1000]: org.thymeleaf.standard.processor.StandardRemovableAttributeTagProcessor
[THYMELEAF]             * [* {th:bgcolor,data-th-bgcolor}] [1000]: org.thymeleaf.standard.processor.StandardRemovableAttributeTagProcessor
[THYMELEAF]             * [* {th:rev,data-th-rev}] [1000]: org.thymeleaf.standard.processor.StandardRemovableAttributeTagProcessor
[THYMELEAF]             * [* {th:title,data-th-title}] [1000]: org.thymeleaf.standard.processor.StandardRemovableAttributeTagProcessor
[THYMELEAF]             * [* {th:cols,data-th-cols}] [1000]: org.thymeleaf.standard.processor.StandardRemovableAttributeTagProcessor
[THYMELEAF]             * [* {th:usemap,data-th-usemap}] [1000]: org.thymeleaf.standard.processor.StandardRemovableAttributeTagProcessor
[THYMELEAF]             * [* {th:border,data-th-border}] [1000]: org.thymeleaf.standard.processor.StandardRemovableAttributeTagProcessor
[THYMELEAF]             * [* {th:axis,data-th-axis}] [1000]: org.thymeleaf.standard.processor.StandardRemovableAttributeTagProcessor
[THYMELEAF]             * [* {th:height,data-th-height}] [1000]: org.thymeleaf.standard.processor.StandardRemovableAttributeTagProcessor
[THYMELEAF]             * [* {th:radiogroup,data-th-radiogroup}] [1000]: org.thymeleaf.standard.processor.StandardRemovableAttributeTagProcessor
[THYMELEAF]             * [* {th:dir,data-th-dir}] [1000]: org.thymeleaf.standard.processor.StandardRemovableAttributeTagProcessor
[THYMELEAF]             * [* {th:icon,data-th-icon}] [1000]: org.thymeleaf.standard.processor.StandardRemovableAttributeTagProcessor
[THYMELEAF]             * [* {th:formenctype,data-th-formenctype}] [1000]: org.thymeleaf.standard.processor.StandardRemovableAttributeTagProcessor
[THYMELEAF]             * [* {th:codebase,data-th-codebase}] [1000]: org.thymeleaf.standard.processor.StandardRemovableAttributeTagProcessor
[THYMELEAF]             * [* {th:low,data-th-low}] [1000]: org.thymeleaf.standard.processor.StandardRemovableAttributeTagProcessor
[THYMELEAF]             * [* {th:step,data-th-step}] [1000]: org.thymeleaf.standard.processor.StandardRemovableAttributeTagProcessor
[THYMELEAF]             * [* {th:colspan,data-th-colspan}] [1000]: org.thymeleaf.standard.processor.StandardRemovableAttributeTagProcessor
[THYMELEAF]             * [* {th:compact,data-th-compact}] [1000]: org.thymeleaf.standard.processor.StandardRemovableAttributeTagProcessor
[THYMELEAF]             * [* {th:hreflang,data-th-hreflang}] [1000]: org.thymeleaf.standard.processor.StandardRemovableAttributeTagProcessor
[THYMELEAF]             * [* {th:formtarget,data-th-formtarget}] [1000]: org.thymeleaf.standard.processor.StandardRemovableAttributeTagProcessor
[THYMELEAF]             * [* {th:style,data-th-style}] [1000]: org.thymeleaf.standard.processor.StandardRemovableAttributeTagProcessor
[THYMELEAF]             * [* {th:accept-charset,data-th-accept-charset}] [1000]: org.thymeleaf.standard.processor.StandardRemovableAttributeTagProcessor
[THYMELEAF]             * [* {th:data,data-th-data}] [1000]: org.thymeleaf.standard.processor.StandardRemovableAttributeTagProcessor
[THYMELEAF]             * [* {th:frameborder,data-th-frameborder}] [1000]: org.thymeleaf.standard.processor.StandardRemovableAttributeTagProcessor
[THYMELEAF]             * [* {th:accept,data-th-accept}] [1000]: org.thymeleaf.standard.processor.StandardRemovableAttributeTagProcessor
[THYMELEAF]             * [* {th:summary,data-th-summary}] [1000]: org.thymeleaf.standard.processor.StandardRemovableAttributeTagProcessor
[THYMELEAF]             * [* {th:scheme,data-th-scheme}] [1000]: org.thymeleaf.standard.processor.StandardRemovableAttributeTagProcessor
[THYMELEAF]             * [* {th:id,data-th-id}] [1000]: org.thymeleaf.standard.processor.StandardRemovableAttributeTagProcessor
[THYMELEAF]             * [* {th:wrap,data-th-wrap}] [1000]: org.thymeleaf.standard.processor.StandardRemovableAttributeTagProcessor
[THYMELEAF]             * [* {th:vspace,data-th-vspace}] [1000]: org.thymeleaf.standard.processor.StandardRemovableAttributeTagProcessor
[THYMELEAF]             * [* {th:challenge,data-th-challenge}] [1000]: org.thymeleaf.standard.processor.StandardRemovableAttributeTagProcessor
[THYMELEAF]             * [* {th:sizes,data-th-sizes}] [1000]: org.thymeleaf.standard.processor.StandardRemovableAttributeTagProcessor
[THYMELEAF]             * [* {th:class,data-th-class}] [1000]: org.thymeleaf.standard.processor.StandardRemovableAttributeTagProcessor
[THYMELEAF]             * [* {th:rel,data-th-rel}] [1000]: org.thymeleaf.standard.processor.StandardRemovableAttributeTagProcessor
[THYMELEAF]             * [* {th:scrolling,data-th-scrolling}] [1000]: org.thymeleaf.standard.processor.StandardRemovableAttributeTagProcessor
[THYMELEAF]             * [* {th:rules,data-th-rules}] [1000]: org.thymeleaf.standard.processor.StandardRemovableAttributeTagProcessor
[THYMELEAF]             * [* {th:maxlength,data-th-maxlength}] [1000]: org.thymeleaf.standard.processor.StandardRemovableAttributeTagProcessor
[THYMELEAF]             * [* {th:form,data-th-form}] [1000]: org.thymeleaf.standard.processor.StandardRemovableAttributeTagProcessor
[THYMELEAF]             * [* {th:classid,data-th-classid}] [1000]: org.thymeleaf.standard.processor.StandardRemovableAttributeTagProcessor
[THYMELEAF]             * [* {th:draggable,data-th-draggable}] [1000]: org.thymeleaf.standard.processor.StandardRemovableAttributeTagProcessor
[THYMELEAF]             * [* {th:dropzone,data-th-dropzone}] [1000]: org.thymeleaf.standard.processor.StandardRemovableAttributeTagProcessor
[THYMELEAF]             * [* {th:list,data-th-list}] [1000]: org.thymeleaf.standard.processor.StandardRemovableAttributeTagProcessor
[THYMELEAF]             * [* {th:charset,data-th-charset}] [1000]: org.thymeleaf.standard.processor.StandardRemovableAttributeTagProcessor
[THYMELEAF]             * [* {th:rows,data-th-rows}] [1000]: org.thymeleaf.standard.processor.StandardRemovableAttributeTagProcessor
[THYMELEAF]             * [* {th:for,data-th-for}] [1000]: org.thymeleaf.standard.processor.StandardRemovableAttributeTagProcessor
[THYMELEAF]             * [* {th:sandbox,data-th-sandbox}] [1000]: org.thymeleaf.standard.processor.StandardRemovableAttributeTagProcessor
[THYMELEAF]             * [* {th:content,data-th-content}] [1000]: org.thymeleaf.standard.processor.StandardRemovableAttributeTagProcessor
[THYMELEAF]             * [* {th:size,data-th-size}] [1000]: org.thymeleaf.standard.processor.StandardRemovableAttributeTagProcessor
[THYMELEAF]             * [* {th:abbr,data-th-abbr}] [1000]: org.thymeleaf.standard.processor.StandardRemovableAttributeTagProcessor
[THYMELEAF]             * [* {th:audio,data-th-audio}] [1000]: org.thymeleaf.standard.processor.StandardRemovableAttributeTagProcessor
[THYMELEAF]             * [* {th:codetype,data-th-codetype}] [1000]: org.thymeleaf.standard.processor.StandardRemovableAttributeTagProcessor
[THYMELEAF]             * [* {th:span,data-th-span}] [1000]: org.thymeleaf.standard.processor.StandardRemovableAttributeTagProcessor
[THYMELEAF]             * [* {th:max,data-th-max}] [1000]: org.thymeleaf.standard.processor.StandardRemovableAttributeTagProcessor
[THYMELEAF]             * [* {th:width,data-th-width}] [1000]: org.thymeleaf.standard.processor.StandardRemovableAttributeTagProcessor
[THYMELEAF]             * [* {th:keytype,data-th-keytype}] [1000]: org.thymeleaf.standard.processor.StandardRemovableAttributeTagProcessor
[THYMELEAF]             * [* {th:align,data-th-align}] [1000]: org.thymeleaf.standard.processor.StandardRemovableAttributeTagProcessor
[THYMELEAF]             * [* {th:manifest,data-th-manifest}] [1000]: org.thymeleaf.standard.processor.StandardRemovableAttributeTagProcessor
[THYMELEAF]             * [* {th:label,data-th-label}] [1000]: org.thymeleaf.standard.processor.StandardRemovableAttributeTagProcessor
[THYMELEAF]             * [* {th:frame,data-th-frame}] [1000]: org.thymeleaf.standard.processor.StandardRemovableAttributeTagProcessor
[THYMELEAF]             * [* {th:kind,data-th-kind}] [1000]: org.thymeleaf.standard.processor.StandardRemovableAttributeTagProcessor
[THYMELEAF]             * [* {th:contextmenu,data-th-contextmenu}] [1000]: org.thymeleaf.standard.processor.StandardRemovableAttributeTagProcessor
[THYMELEAF]             * [* {th:tabindex,data-th-tabindex}] [1000]: org.thymeleaf.standard.processor.StandardRemovableAttributeTagProcessor
[THYMELEAF]             * [* {th:marginheight,data-th-marginheight}] [1000]: org.thymeleaf.standard.processor.StandardRemovableAttributeTagProcessor
[THYMELEAF]             * [* {th:preload,data-th-preload}] [1000]: org.thymeleaf.standard.processor.StandardRemovableAttributeTagProcessor
[THYMELEAF]             * [* {th:standby,data-th-standby}] [1000]: org.thymeleaf.standard.processor.StandardRemovableAttributeTagProcessor
[THYMELEAF]             * [* {th:cellpadding,data-th-cellpadding}] [1000]: org.thymeleaf.standard.processor.StandardRemovableAttributeTagProcessor
[THYMELEAF]             * [* {th:enctype,data-th-enctype}] [1000]: org.thymeleaf.standard.processor.StandardRemovableAttributeTagProcessor
[THYMELEAF]             * [* {th:marginwidth,data-th-marginwidth}] [1000]: org.thymeleaf.standard.processor.StandardRemovableAttributeTagProcessor
[THYMELEAF]             * [* {th:min,data-th-min}] [1000]: org.thymeleaf.standard.processor.StandardRemovableAttributeTagProcessor
[THYMELEAF]             * [* {th:scope,data-th-scope}] [1000]: org.thymeleaf.standard.processor.StandardRemovableAttributeTagProcessor
[THYMELEAF]             * [* {th:spellcheck,data-th-spellcheck}] [1000]: org.thymeleaf.standard.processor.StandardRemovableAttributeTagProcessor
[THYMELEAF]             * [* {th:pattern,data-th-pattern}] [1000]: org.thymeleaf.standard.processor.StandardRemovableAttributeTagProcessor
[THYMELEAF]             * [* {th:src,data-th-src}] [1000]: org.thymeleaf.standard.processor.StandardSrcTagProcessor
[THYMELEAF]             * [* {th:value,data-th-value}] [1000]: org.thymeleaf.standard.processor.StandardValueTagProcessor
[THYMELEAF]             * [* {th:xmlbase,data-th-xmlbase}] [1000]: org.thymeleaf.standard.processor.StandardXmlBaseTagProcessor
[THYMELEAF]             * [* {th:xmllang,data-th-xmllang}] [1000]: org.thymeleaf.standard.processor.StandardXmlLangTagProcessor
[THYMELEAF]             * [* {xmlns:th}] [1000]: org.thymeleaf.standard.processor.StandardXmlNsTagProcessor
[THYMELEAF]             * [* {th:xmlspace,data-th-xmlspace}] [1000]: org.thymeleaf.standard.processor.StandardXmlSpaceTagProcessor
[THYMELEAF]             * [* {th:classappend,data-th-classappend}] [1100]: org.thymeleaf.standard.processor.StandardClassappendTagProcessor
[THYMELEAF]             * [* {th:styleappend,data-th-styleappend}] [1100]: org.thymeleaf.standard.processor.StandardStyleappendTagProcessor
[THYMELEAF]             * [* {th:text,data-th-text}] [1300]: org.thymeleaf.standard.processor.StandardTextTagProcessor
[THYMELEAF]             * [* {th:utext,data-th-utext}] [1400]: org.thymeleaf.standard.processor.StandardUtextTagProcessor
[THYMELEAF]             * [* {th:fragment,data-th-fragment}] [1500]: org.thymeleaf.standard.processor.StandardFragmentTagProcessor
[THYMELEAF]             * [* {th:assert,data-th-assert}] [1550]: org.thymeleaf.standard.processor.StandardAssertTagProcessor
[THYMELEAF]             * [* {th:remove,data-th-remove}] [1600]: org.thymeleaf.standard.processor.StandardRemoveTagProcessor
[THYMELEAF]             * [* {th:ref,data-th-ref}] [10000]: org.thymeleaf.standard.processor.StandardRefAttributeTagProcessor
[THYMELEAF]             * [{th:block,th-block} *] [100000]: org.thymeleaf.standard.processor.StandardBlockTagProcessor
[THYMELEAF]             * [* th:*] [2147483647]: org.thymeleaf.standard.processor.StandardDefaultAttributesTagProcessor
[THYMELEAF]         * Text Processors by [precedence]:
[THYMELEAF]             * [1000]: org.thymeleaf.standard.processor.StandardInliningTextProcessor
[THYMELEAF]         * DOCTYPE Processors by [precedence]:
[THYMELEAF]             * [1000]: org.thymeleaf.standard.processor.StandardTranslationDocTypeProcessor
[THYMELEAF]         * CDATA Section Processors by [precedence]:
[THYMELEAF]             * [1000]: org.thymeleaf.standard.processor.StandardInliningCDATASectionProcessor
[THYMELEAF]         * Comment Processors by [precedence]:
[THYMELEAF]             * [1000]: org.thymeleaf.standard.processor.StandardInliningCommentProcessor
[THYMELEAF]             * [1100]: org.thymeleaf.standard.processor.StandardConditionalCommentProcessor
[THYMELEAF]     * Processors for Template Mode: XML
[THYMELEAF]         * Element Tag Processors by [matching element and attribute name] [precedence]:
[THYMELEAF]             * [* {th:include}] [100]: org.thymeleaf.standard.processor.StandardIncludeTagProcessor
[THYMELEAF]             * [* {th:insert}] [100]: org.thymeleaf.standard.processor.StandardInsertTagProcessor
[THYMELEAF]             * [* {th:replace}] [100]: org.thymeleaf.standard.processor.StandardReplaceTagProcessor
[THYMELEAF]             * [* {th:each}] [200]: com.intuit.karate.template.KarateEachTagProcessor
[THYMELEAF]             * [* {th:switch}] [250]: org.thymeleaf.standard.processor.StandardSwitchTagProcessor
[THYMELEAF]             * [* {th:case}] [275]: org.thymeleaf.standard.processor.StandardCaseTagProcessor
[THYMELEAF]             * [* {th:if}] [300]: org.thymeleaf.standard.processor.StandardIfTagProcessor
[THYMELEAF]             * [* {th:unless}] [400]: org.thymeleaf.standard.processor.StandardUnlessTagProcessor
[THYMELEAF]             * [* {th:object}] [500]: org.thymeleaf.standard.processor.StandardObjectTagProcessor
[THYMELEAF]             * [* {th:with}] [600]: com.intuit.karate.template.KarateWithTagProcessor
[THYMELEAF]             * [* {th:attr}] [700]: com.intuit.karate.template.KarateAttributeTagProcessor.KarateAttrTagProcessor
[THYMELEAF]             * [* {th:attrappend}] [900]: com.intuit.karate.template.KarateAttributeTagProcessor.KarateAttrappendTagProcessor
[THYMELEAF]             * [* {th:attrprepend}] [900]: com.intuit.karate.template.KarateAttributeTagProcessor.KarateAttrprependTagProcessor
[THYMELEAF]             * [* {th:inline}] [1000]: org.thymeleaf.standard.processor.StandardInlineXMLTagProcessor
[THYMELEAF]             * [* {xmlns:th}] [1000]: org.thymeleaf.standard.processor.StandardXmlNsTagProcessor
[THYMELEAF]             * [* {th:text}] [1300]: org.thymeleaf.standard.processor.StandardTextTagProcessor
[THYMELEAF]             * [* {th:utext}] [1400]: org.thymeleaf.standard.processor.StandardUtextTagProcessor
[THYMELEAF]             * [* {th:fragment}] [1500]: org.thymeleaf.standard.processor.StandardFragmentTagProcessor
[THYMELEAF]             * [* {th:assert}] [1550]: org.thymeleaf.standard.processor.StandardAssertTagProcessor
[THYMELEAF]             * [* {th:remove}] [1600]: org.thymeleaf.standard.processor.StandardRemoveTagProcessor
[THYMELEAF]             * [* {th:ref}] [10000]: org.thymeleaf.standard.processor.StandardRefAttributeTagProcessor
[THYMELEAF]             * [{th:block} *] [100000]: org.thymeleaf.standard.processor.StandardBlockTagProcessor
[THYMELEAF]             * [* th:*] [2147483647]: org.thymeleaf.standard.processor.StandardDefaultAttributesTagProcessor
[THYMELEAF]         * Text Processors by [precedence]:
[THYMELEAF]             * [1000]: org.thymeleaf.standard.processor.StandardInliningTextProcessor
[THYMELEAF]         * CDATA Section Processors by [precedence]:
[THYMELEAF]             * [1000]: org.thymeleaf.standard.processor.StandardInliningCDATASectionProcessor
[THYMELEAF]         * Comment Processors by [precedence]:
[THYMELEAF]             * [1000]: org.thymeleaf.standard.processor.StandardInliningCommentProcessor
[THYMELEAF]     * Processors for Template Mode: TEXT
[THYMELEAF]         * Element Tag Processors by [matching element and attribute name] [precedence]:
[THYMELEAF]             * [* {th:insert}] [100]: org.thymeleaf.standard.processor.StandardInsertTagProcessor
[THYMELEAF]             * [* {th:replace}] [100]: org.thymeleaf.standard.processor.StandardReplaceTagProcessor
[THYMELEAF]             * [* {th:each}] [200]: com.intuit.karate.template.KarateEachTagProcessor
[THYMELEAF]             * [* {th:switch}] [250]: org.thymeleaf.standard.processor.StandardSwitchTagProcessor
[THYMELEAF]             * [* {th:case}] [275]: org.thymeleaf.standard.processor.StandardCaseTagProcessor
[THYMELEAF]             * [* {th:if}] [300]: org.thymeleaf.standard.processor.StandardIfTagProcessor
[THYMELEAF]             * [* {th:unless}] [400]: org.thymeleaf.standard.processor.StandardUnlessTagProcessor
[THYMELEAF]             * [* {th:object}] [500]: org.thymeleaf.standard.processor.StandardObjectTagProcessor
[THYMELEAF]             * [* {th:with}] [600]: com.intuit.karate.template.KarateWithTagProcessor
[THYMELEAF]             * [* {th:inline}] [1000]: org.thymeleaf.standard.processor.StandardInlineTextualTagProcessor
[THYMELEAF]             * [* {th:text}] [1300]: org.thymeleaf.standard.processor.StandardTextTagProcessor
[THYMELEAF]             * [* {th:utext}] [1400]: org.thymeleaf.standard.processor.StandardUtextTagProcessor
[THYMELEAF]             * [* {th:assert}] [1550]: org.thymeleaf.standard.processor.StandardAssertTagProcessor
[THYMELEAF]             * [* {th:remove}] [1600]: org.thymeleaf.standard.processor.StandardRemoveTagProcessor
[THYMELEAF]             * [* 100000] [org.thymeleaf.standard.processor.StandardBlockTagProcessor]: {}
[THYMELEAF]             * [{th:block} *] [100000]: org.thymeleaf.standard.processor.StandardBlockTagProcessor
[THYMELEAF]         * Text Processors by [precedence]:
[THYMELEAF]             * [1000]: org.thymeleaf.standard.processor.StandardInliningTextProcessor
[THYMELEAF]     * Processors for Template Mode: JAVASCRIPT
[THYMELEAF]         * Element Tag Processors by [matching element and attribute name] [precedence]:
[THYMELEAF]             * [* {th:insert}] [100]: org.thymeleaf.standard.processor.StandardInsertTagProcessor
[THYMELEAF]             * [* {th:replace}] [100]: org.thymeleaf.standard.processor.StandardReplaceTagProcessor
[THYMELEAF]             * [* {th:each}] [200]: com.intuit.karate.template.KarateEachTagProcessor
[THYMELEAF]             * [* {th:switch}] [250]: org.thymeleaf.standard.processor.StandardSwitchTagProcessor
[THYMELEAF]             * [* {th:case}] [275]: org.thymeleaf.standard.processor.StandardCaseTagProcessor
[THYMELEAF]             * [* {th:if}] [300]: org.thymeleaf.standard.processor.StandardIfTagProcessor
[THYMELEAF]             * [* {th:unless}] [400]: org.thymeleaf.standard.processor.StandardUnlessTagProcessor
[THYMELEAF]             * [* {th:object}] [500]: org.thymeleaf.standard.processor.StandardObjectTagProcessor
[THYMELEAF]             * [* {th:with}] [600]: com.intuit.karate.template.KarateWithTagProcessor
[THYMELEAF]             * [* {th:inline}] [1000]: org.thymeleaf.standard.processor.StandardInlineTextualTagProcessor
[THYMELEAF]             * [* {th:text}] [1300]: org.thymeleaf.standard.processor.StandardTextTagProcessor
[THYMELEAF]             * [* {th:utext}] [1400]: org.thymeleaf.standard.processor.StandardUtextTagProcessor
[THYMELEAF]             * [* {th:assert}] [1550]: org.thymeleaf.standard.processor.StandardAssertTagProcessor
[THYMELEAF]             * [* {th:remove}] [1600]: org.thymeleaf.standard.processor.StandardRemoveTagProcessor
[THYMELEAF]             * [{th:block} *] [100000]: org.thymeleaf.standard.processor.StandardBlockTagProcessor
[THYMELEAF]             * [* 100000] [org.thymeleaf.standard.processor.StandardBlockTagProcessor]: {}
[THYMELEAF]         * Text Processors by [precedence]:
[THYMELEAF]             * [1000]: org.thymeleaf.standard.processor.StandardInliningTextProcessor
[THYMELEAF]     * Processors for Template Mode: CSS
[THYMELEAF]         * Element Tag Processors by [matching element and attribute name] [precedence]:
[THYMELEAF]             * [* {th:insert}] [100]: org.thymeleaf.standard.processor.StandardInsertTagProcessor
[THYMELEAF]             * [* {th:replace}] [100]: org.thymeleaf.standard.processor.StandardReplaceTagProcessor
[THYMELEAF]             * [* {th:each}] [200]: com.intuit.karate.template.KarateEachTagProcessor
[THYMELEAF]             * [* {th:switch}] [250]: org.thymeleaf.standard.processor.StandardSwitchTagProcessor
[THYMELEAF]             * [* {th:case}] [275]: org.thymeleaf.standard.processor.StandardCaseTagProcessor
[THYMELEAF]             * [* {th:if}] [300]: org.thymeleaf.standard.processor.StandardIfTagProcessor
[THYMELEAF]             * [* {th:unless}] [400]: org.thymeleaf.standard.processor.StandardUnlessTagProcessor
[THYMELEAF]             * [* {th:object}] [500]: org.thymeleaf.standard.processor.StandardObjectTagProcessor
[THYMELEAF]             * [* {th:with}] [600]: com.intuit.karate.template.KarateWithTagProcessor
[THYMELEAF]             * [* {th:inline}] [1000]: org.thymeleaf.standard.processor.StandardInlineTextualTagProcessor
[THYMELEAF]             * [* {th:text}] [1300]: org.thymeleaf.standard.processor.StandardTextTagProcessor
[THYMELEAF]             * [* {th:utext}] [1400]: org.thymeleaf.standard.processor.StandardUtextTagProcessor
[THYMELEAF]             * [* {th:assert}] [1550]: org.thymeleaf.standard.processor.StandardAssertTagProcessor
[THYMELEAF]             * [* {th:remove}] [1600]: org.thymeleaf.standard.processor.StandardRemoveTagProcessor
[THYMELEAF]             * [* 100000] [org.thymeleaf.standard.processor.StandardBlockTagProcessor]: {}
[THYMELEAF]             * [{th:block} *] [100000]: org.thymeleaf.standard.processor.StandardBlockTagProcessor
[THYMELEAF]         * Text Processors by [precedence]:
[THYMELEAF]             * [1000]: org.thymeleaf.standard.processor.StandardInliningTextProcessor
[THYMELEAF]     * Expression Objects:
[THYMELEAF]         * #ctx
[THYMELEAF]         * #root
[THYMELEAF]         * #vars
[THYMELEAF]         * #object
[THYMELEAF]         * #locale
[THYMELEAF]         * #conversions
[THYMELEAF]         * #uris
[THYMELEAF]         * #temporals
[THYMELEAF]         * #calendars
[THYMELEAF]         * #dates
[THYMELEAF]         * #bools
[THYMELEAF]         * #numbers
[THYMELEAF]         * #objects
[THYMELEAF]         * #strings
[THYMELEAF]         * #arrays
[THYMELEAF]         * #lists
[THYMELEAF]         * #sets
[THYMELEAF]         * #maps
[THYMELEAF]         * #aggregates
[THYMELEAF]         * #messages
[THYMELEAF]         * #ids
[THYMELEAF]         * #execInfo
[THYMELEAF]         * #request
[THYMELEAF]         * #response
[THYMELEAF]         * #session
[THYMELEAF]         * #servletContext
[THYMELEAF]     * Execution Attributes:
[THYMELEAF]         * "StandardExpressionParser": com.intuit.karate.template.KarateStandardDialect@39297285
[THYMELEAF]         * "StandardJavaScriptSerializer": org.thymeleaf.standard.serializer.StandardJavaScriptSerializer@318cd147
[THYMELEAF]         * "StandardCSSSerializer": org.thymeleaf.standard.serializer.StandardCSSSerializer@2f78da44
[THYMELEAF]         * "StandardVariableExpressionEvaluator": com.intuit.karate.template.KarateStandardDialect@39297285
[THYMELEAF]         * "StandardConversionService": org.thymeleaf.standard.expression.StandardConversionService@937ac39
[THYMELEAF] * Dialect [2 of 2]: karate (com.intuit.karate.template.KarateScriptDialect)
[THYMELEAF]     * Prefix: "ka"
[THYMELEAF]     * Processors for Template Mode: HTML
[THYMELEAF]         * Element Tag Processors by [matching element and attribute name] [precedence]:
[THYMELEAF]             * [* {src}] [1000]: com.intuit.karate.template.KaScriptAttrProcessor
[THYMELEAF]         * Element Model Processors by [matching element and attribute name] [precedence]:
[THYMELEAF]             * [{script} {ka:scope,data-ka-scope}] [1000]: com.intuit.karate.template.KaScriptElemProcessor
[THYMELEAF]             * [* {ka:set,data-ka-set}] [1000]: com.intuit.karate.template.KaSetElemProcessor
[THYMELEAF] TEMPLATE ENGINE CONFIGURED OK
23:08:10.663 [pool-3-thread-1] DEBUG org.thymeleaf.TemplateEngine -- [THYMELEAF] TEMPLATE ENGINE INITIALIZED
---------------------------------------------------------
feature: classpath:features/performance/login-performance.feature
scenarios: 30 | passed: 25 | failed:  5 | time: 579.1040
---------------------------------------------------------

23:08:13.626 [pool-3-thread-1] INFO com.intuit.karate.Suite -- <<fail>> feature 1 of 1 (0 remaining) classpath:features/performance/login-performance.feature
Karate version: 1.4.1
======================================================
elapsed:  30.17 | threads:  100 | thread time: 579.10 
features:     1 | skipped:    0 | efficiency: 0.19
scenarios:   30 | passed:    25 | failed: 5
======================================================
>>> failed features:
status code was: 401, expected: 200, response time in milliseconds: 705, url: http://localhost:3000/auth/login, response: 
{"success":false,"statusCode":401,"message":"Thông tin đăng nhập không hợp lệ","path":"/auth/login","timestamp":"2025-06-22T16:07:46.773Z"}
classpath:features/performance/login-performance.feature:15
status code was: 401, expected: 200, response time in milliseconds: 212, url: http://localhost:3000/auth/login, response: 
{"success":false,"statusCode":401,"message":"Thông tin đăng nhập không hợp lệ","path":"/auth/login","timestamp":"2025-06-22T16:07:46.270Z"}
classpath:features/performance/login-performance.feature:15
status code was: 401, expected: 200, response time in milliseconds: 492, url: http://localhost:3000/auth/login, response: 
{"success":false,"statusCode":401,"message":"Thông tin đăng nhập không hợp lệ","path":"/auth/login","timestamp":"2025-06-22T16:07:46.560Z"}
classpath:features/performance/login-performance.feature:15
status code was: 401, expected: 200, response time in milliseconds: 644, url: http://localhost:3000/auth/login, response: 
{"success":false,"statusCode":401,"message":"Thông tin đăng nhập không hợp lệ","path":"/auth/login","timestamp":"2025-06-22T16:07:46.713Z"}
classpath:features/performance/login-performance.feature:15
status code was: 401, expected: 200, response time in milliseconds: 246, url: http://localhost:3000/auth/login, response: 
{"success":false,"statusCode":401,"message":"Thông tin đăng nhập không hợp lệ","path":"/auth/login","timestamp":"2025-06-22T16:07:46.314Z"}
classpath:features/performance/login-performance.feature:15
<<<
23:08:13.771 [main] DEBUG org.thymeleaf.TemplateEngine -- [THYMELEAF] INITIALIZING TEMPLATE ENGINE
23:08:13.794 [main] DEBUG org.thymeleaf.TemplateEngine.CONFIG -- Initializing Thymeleaf Template engine configuration...
[THYMELEAF] TEMPLATE ENGINE CONFIGURATION:
[THYMELEAF] * Thymeleaf version: 3.1.2.RELEASE (built 2023-07-30T19:25:50+0000)
[THYMELEAF] * Cache Manager implementation: org.thymeleaf.cache.StandardCacheManager
[THYMELEAF] * Template resolvers:
[THYMELEAF]     * [1] com.intuit.karate.template.ResourceHtmlTemplateResolver
[THYMELEAF] * Message resolvers:
[THYMELEAF]     * org.thymeleaf.messageresolver.StandardMessageResolver
[THYMELEAF] * Link builders:
[THYMELEAF]     * org.thymeleaf.linkbuilder.StandardLinkBuilder
[THYMELEAF] * Dialect [1 of 2]: Standard (com.intuit.karate.template.KarateStandardDialect)
[THYMELEAF]     * Prefix: "th"
[THYMELEAF]     * Processors for Template Mode: HTML
[THYMELEAF]         * Element Tag Processors by [matching element and attribute name] [precedence]:
[THYMELEAF]             * [* {th:include,data-th-include}] [100]: org.thymeleaf.standard.processor.StandardIncludeTagProcessor
[THYMELEAF]             * [* {th:insert,data-th-insert}] [100]: org.thymeleaf.standard.processor.StandardInsertTagProcessor
[THYMELEAF]             * [* {th:replace,data-th-replace}] [100]: org.thymeleaf.standard.processor.StandardReplaceTagProcessor
[THYMELEAF]             * [* {th:each,data-th-each}] [200]: com.intuit.karate.template.KarateEachTagProcessor
[THYMELEAF]             * [* {th:switch,data-th-switch}] [250]: org.thymeleaf.standard.processor.StandardSwitchTagProcessor
[THYMELEAF]             * [* {th:case,data-th-case}] [275]: org.thymeleaf.standard.processor.StandardCaseTagProcessor
[THYMELEAF]             * [* {th:if,data-th-if}] [300]: org.thymeleaf.standard.processor.StandardIfTagProcessor
[THYMELEAF]             * [* {th:unless,data-th-unless}] [400]: org.thymeleaf.standard.processor.StandardUnlessTagProcessor
[THYMELEAF]             * [* {th:object,data-th-object}] [500]: org.thymeleaf.standard.processor.StandardObjectTagProcessor
[THYMELEAF]             * [* {th:with,data-th-with}] [600]: com.intuit.karate.template.KarateWithTagProcessor
[THYMELEAF]             * [* {th:attr,data-th-attr}] [700]: com.intuit.karate.template.KarateAttributeTagProcessor.KarateAttrTagProcessor
[THYMELEAF]             * [* {th:attrappend,data-th-attrappend}] [900]: com.intuit.karate.template.KarateAttributeTagProcessor.KarateAttrappendTagProcessor
[THYMELEAF]             * [* {th:attrprepend,data-th-attrprepend}] [900]: com.intuit.karate.template.KarateAttributeTagProcessor.KarateAttrprependTagProcessor
[THYMELEAF]             * [* {th:alt-title,data-th-alt-title}] [990]: org.thymeleaf.standard.processor.StandardAltTitleTagProcessor
[THYMELEAF]             * [* {th:lang-xmllang,data-th-lang-xmllang}] [990]: org.thymeleaf.standard.processor.StandardLangXmlLangTagProcessor
[THYMELEAF]             * [* {th:action,data-th-action}] [1000]: org.thymeleaf.standard.processor.StandardActionTagProcessor
[THYMELEAF]             * [* {th:autofocus,data-th-autofocus}] [1000]: org.thymeleaf.standard.processor.StandardConditionalFixedValueTagProcessor
[THYMELEAF]             * [* {th:open,data-th-open}] [1000]: org.thymeleaf.standard.processor.StandardConditionalFixedValueTagProcessor
[THYMELEAF]             * [* {th:readonly,data-th-readonly}] [1000]: org.thymeleaf.standard.processor.StandardConditionalFixedValueTagProcessor
[THYMELEAF]             * [* {th:defer,data-th-defer}] [1000]: org.thymeleaf.standard.processor.StandardConditionalFixedValueTagProcessor
[THYMELEAF]             * [* {th:ismap,data-th-ismap}] [1000]: org.thymeleaf.standard.processor.StandardConditionalFixedValueTagProcessor
[THYMELEAF]             * [* {th:pubdate,data-th-pubdate}] [1000]: org.thymeleaf.standard.processor.StandardConditionalFixedValueTagProcessor
[THYMELEAF]             * [* {th:async,data-th-async}] [1000]: org.thymeleaf.standard.processor.StandardConditionalFixedValueTagProcessor
[THYMELEAF]             * [* {th:required,data-th-required}] [1000]: org.thymeleaf.standard.processor.StandardConditionalFixedValueTagProcessor
[THYMELEAF]             * [* {th:multiple,data-th-multiple}] [1000]: org.thymeleaf.standard.processor.StandardConditionalFixedValueTagProcessor
[THYMELEAF]             * [* {th:novalidate,data-th-novalidate}] [1000]: org.thymeleaf.standard.processor.StandardConditionalFixedValueTagProcessor
[THYMELEAF]             * [* {th:selected,data-th-selected}] [1000]: org.thymeleaf.standard.processor.StandardConditionalFixedValueTagProcessor
[THYMELEAF]             * [* {th:seamless,data-th-seamless}] [1000]: org.thymeleaf.standard.processor.StandardConditionalFixedValueTagProcessor
[THYMELEAF]             * [* {th:autoplay,data-th-autoplay}] [1000]: org.thymeleaf.standard.processor.StandardConditionalFixedValueTagProcessor
[THYMELEAF]             * [* {th:reversed,data-th-reversed}] [1000]: org.thymeleaf.standard.processor.StandardConditionalFixedValueTagProcessor
[THYMELEAF]             * [* {th:checked,data-th-checked}] [1000]: org.thymeleaf.standard.processor.StandardConditionalFixedValueTagProcessor
[THYMELEAF]             * [* {th:formnovalidate,data-th-formnovalidate}] [1000]: org.thymeleaf.standard.processor.StandardConditionalFixedValueTagProcessor
[THYMELEAF]             * [* {th:loop,data-th-loop}] [1000]: org.thymeleaf.standard.processor.StandardConditionalFixedValueTagProcessor
[THYMELEAF]             * [* {th:controls,data-th-controls}] [1000]: org.thymeleaf.standard.processor.StandardConditionalFixedValueTagProcessor
[THYMELEAF]             * [* {th:scoped,data-th-scoped}] [1000]: org.thymeleaf.standard.processor.StandardConditionalFixedValueTagProcessor
[THYMELEAF]             * [* {th:declare,data-th-declare}] [1000]: org.thymeleaf.standard.processor.StandardConditionalFixedValueTagProcessor
[THYMELEAF]             * [* {th:disabled,data-th-disabled}] [1000]: org.thymeleaf.standard.processor.StandardConditionalFixedValueTagProcessor
[THYMELEAF]             * [* {th:hidden,data-th-hidden}] [1000]: org.thymeleaf.standard.processor.StandardConditionalFixedValueTagProcessor
[THYMELEAF]             * [* {th:default,data-th-default}] [1000]: org.thymeleaf.standard.processor.StandardConditionalFixedValueTagProcessor
[THYMELEAF]             * [* {th:nowrap,data-th-nowrap}] [1000]: org.thymeleaf.standard.processor.StandardConditionalFixedValueTagProcessor
[THYMELEAF]             * [* {th:onbeforeunload,data-th-onbeforeunload}] [1000]: org.thymeleaf.standard.processor.StandardDOMEventAttributeTagProcessor
[THYMELEAF]             * [* {th:oninput,data-th-oninput}] [1000]: org.thymeleaf.standard.processor.StandardDOMEventAttributeTagProcessor
[THYMELEAF]             * [* {th:onended,data-th-onended}] [1000]: org.thymeleaf.standard.processor.StandardDOMEventAttributeTagProcessor
[THYMELEAF]             * [* {th:ontimeupdate,data-th-ontimeupdate}] [1000]: org.thymeleaf.standard.processor.StandardDOMEventAttributeTagProcessor
[THYMELEAF]             * [* {th:onwaiting,data-th-onwaiting}] [1000]: org.thymeleaf.standard.processor.StandardDOMEventAttributeTagProcessor
[THYMELEAF]             * [* {th:onsubmit,data-th-onsubmit}] [1000]: org.thymeleaf.standard.processor.StandardDOMEventAttributeTagProcessor
[THYMELEAF]             * [* {th:onmessage,data-th-onmessage}] [1000]: org.thymeleaf.standard.processor.StandardDOMEventAttributeTagProcessor
[THYMELEAF]             * [* {th:onemptied,data-th-onemptied}] [1000]: org.thymeleaf.standard.processor.StandardDOMEventAttributeTagProcessor
[THYMELEAF]             * [* {th:onseeking,data-th-onseeking}] [1000]: org.thymeleaf.standard.processor.StandardDOMEventAttributeTagProcessor
[THYMELEAF]             * [* {th:onbeforeprint,data-th-onbeforeprint}] [1000]: org.thymeleaf.standard.processor.StandardDOMEventAttributeTagProcessor
[THYMELEAF]             * [* {th:oninvalid,data-th-oninvalid}] [1000]: org.thymeleaf.standard.processor.StandardDOMEventAttributeTagProcessor
[THYMELEAF]             * [* {th:onloadedmetadata,data-th-onloadedmetadata}] [1000]: org.thymeleaf.standard.processor.StandardDOMEventAttributeTagProcessor
[THYMELEAF]             * [* {th:onkeydown,data-th-onkeydown}] [1000]: org.thymeleaf.standard.processor.StandardDOMEventAttributeTagProcessor
[THYMELEAF]             * [* {th:ondblclick,data-th-ondblclick}] [1000]: org.thymeleaf.standard.processor.StandardDOMEventAttributeTagProcessor
[THYMELEAF]             * [* {th:onkeypress,data-th-onkeypress}] [1000]: org.thymeleaf.standard.processor.StandardDOMEventAttributeTagProcessor
[THYMELEAF]             * [* {th:ondragstart,data-th-ondragstart}] [1000]: org.thymeleaf.standard.processor.StandardDOMEventAttributeTagProcessor
[THYMELEAF]             * [* {th:onafterprint,data-th-onafterprint}] [1000]: org.thymeleaf.standard.processor.StandardDOMEventAttributeTagProcessor
[THYMELEAF]             * [* {th:oncanplaythrough,data-th-oncanplaythrough}] [1000]: org.thymeleaf.standard.processor.StandardDOMEventAttributeTagProcessor
[THYMELEAF]             * [* {th:onselect,data-th-onselect}] [1000]: org.thymeleaf.standard.processor.StandardDOMEventAttributeTagProcessor
[THYMELEAF]             * [* {th:onchange,data-th-onchange}] [1000]: org.thymeleaf.standard.processor.StandardDOMEventAttributeTagProcessor
[THYMELEAF]             * [* {th:onreset,data-th-onreset}] [1000]: org.thymeleaf.standard.processor.StandardDOMEventAttributeTagProcessor
[THYMELEAF]             * [* {th:ondragend,data-th-ondragend}] [1000]: org.thymeleaf.standard.processor.StandardDOMEventAttributeTagProcessor
[THYMELEAF]             * [* {th:onmousemove,data-th-onmousemove}] [1000]: org.thymeleaf.standard.processor.StandardDOMEventAttributeTagProcessor
[THYMELEAF]             * [* {th:onvolumechange,data-th-onvolumechange}] [1000]: org.thymeleaf.standard.processor.StandardDOMEventAttributeTagProcessor
[THYMELEAF]             * [* {th:onmouseover,data-th-onmouseover}] [1000]: org.thymeleaf.standard.processor.StandardDOMEventAttributeTagProcessor
[THYMELEAF]             * [* {th:onloadstart,data-th-onloadstart}] [1000]: org.thymeleaf.standard.processor.StandardDOMEventAttributeTagProcessor
[THYMELEAF]             * [* {th:onstorage,data-th-onstorage}] [1000]: org.thymeleaf.standard.processor.StandardDOMEventAttributeTagProcessor
[THYMELEAF]             * [* {th:onforminput,data-th-onforminput}] [1000]: org.thymeleaf.standard.processor.StandardDOMEventAttributeTagProcessor
[THYMELEAF]             * [* {th:onkeyup,data-th-onkeyup}] [1000]: org.thymeleaf.standard.processor.StandardDOMEventAttributeTagProcessor
[THYMELEAF]             * [* {th:onpause,data-th-onpause}] [1000]: org.thymeleaf.standard.processor.StandardDOMEventAttributeTagProcessor
[THYMELEAF]             * [* {th:onratechange,data-th-onratechange}] [1000]: org.thymeleaf.standard.processor.StandardDOMEventAttributeTagProcessor
[THYMELEAF]             * [* {th:oncanplay,data-th-oncanplay}] [1000]: org.thymeleaf.standard.processor.StandardDOMEventAttributeTagProcessor
[THYMELEAF]             * [* {th:onshow,data-th-onshow}] [1000]: org.thymeleaf.standard.processor.StandardDOMEventAttributeTagProcessor
[THYMELEAF]             * [* {th:onhashchange,data-th-onhashchange}] [1000]: org.thymeleaf.standard.processor.StandardDOMEventAttributeTagProcessor
[THYMELEAF]             * [* {th:onresize,data-th-onresize}] [1000]: org.thymeleaf.standard.processor.StandardDOMEventAttributeTagProcessor
[THYMELEAF]             * [* {th:onmousewheel,data-th-onmousewheel}] [1000]: org.thymeleaf.standard.processor.StandardDOMEventAttributeTagProcessor
[THYMELEAF]             * [* {th:onblur,data-th-onblur}] [1000]: org.thymeleaf.standard.processor.StandardDOMEventAttributeTagProcessor
[THYMELEAF]             * [* {th:onsuspend,data-th-onsuspend}] [1000]: org.thymeleaf.standard.processor.StandardDOMEventAttributeTagProcessor
[THYMELEAF]             * [* {th:onloadeddata,data-th-onloadeddata}] [1000]: org.thymeleaf.standard.processor.StandardDOMEventAttributeTagProcessor
[THYMELEAF]             * [* {th:onpopstate,data-th-onpopstate}] [1000]: org.thymeleaf.standard.processor.StandardDOMEventAttributeTagProcessor
[THYMELEAF]             * [* {th:onload,data-th-onload}] [1000]: org.thymeleaf.standard.processor.StandardDOMEventAttributeTagProcessor
[THYMELEAF]             * [* {th:ondragenter,data-th-ondragenter}] [1000]: org.thymeleaf.standard.processor.StandardDOMEventAttributeTagProcessor
[THYMELEAF]             * [* {th:ondrop,data-th-ondrop}] [1000]: org.thymeleaf.standard.processor.StandardDOMEventAttributeTagProcessor
[THYMELEAF]             * [* {th:onerror,data-th-onerror}] [1000]: org.thymeleaf.standard.processor.StandardDOMEventAttributeTagProcessor
[THYMELEAF]             * [* {th:onstalled,data-th-onstalled}] [1000]: org.thymeleaf.standard.processor.StandardDOMEventAttributeTagProcessor
[THYMELEAF]             * [* {th:onundo,data-th-onundo}] [1000]: org.thymeleaf.standard.processor.StandardDOMEventAttributeTagProcessor
[THYMELEAF]             * [* {th:onredo,data-th-onredo}] [1000]: org.thymeleaf.standard.processor.StandardDOMEventAttributeTagProcessor
[THYMELEAF]             * [* {th:onclick,data-th-onclick}] [1000]: org.thymeleaf.standard.processor.StandardDOMEventAttributeTagProcessor
[THYMELEAF]             * [* {th:onmousedown,data-th-onmousedown}] [1000]: org.thymeleaf.standard.processor.StandardDOMEventAttributeTagProcessor
[THYMELEAF]             * [* {th:onunload,data-th-onunload}] [1000]: org.thymeleaf.standard.processor.StandardDOMEventAttributeTagProcessor
[THYMELEAF]             * [* {th:onmouseup,data-th-onmouseup}] [1000]: org.thymeleaf.standard.processor.StandardDOMEventAttributeTagProcessor
[THYMELEAF]             * [* {th:onformchange,data-th-onformchange}] [1000]: org.thymeleaf.standard.processor.StandardDOMEventAttributeTagProcessor
[THYMELEAF]             * [* {th:onplay,data-th-onplay}] [1000]: org.thymeleaf.standard.processor.StandardDOMEventAttributeTagProcessor
[THYMELEAF]             * [* {th:onscroll,data-th-onscroll}] [1000]: org.thymeleaf.standard.processor.StandardDOMEventAttributeTagProcessor
[THYMELEAF]             * [* {th:ondragover,data-th-ondragover}] [1000]: org.thymeleaf.standard.processor.StandardDOMEventAttributeTagProcessor
[THYMELEAF]             * [* {th:onoffline,data-th-onoffline}] [1000]: org.thymeleaf.standard.processor.StandardDOMEventAttributeTagProcessor
[THYMELEAF]             * [* {th:onplaying,data-th-onplaying}] [1000]: org.thymeleaf.standard.processor.StandardDOMEventAttributeTagProcessor
[THYMELEAF]             * [* {th:onfocus,data-th-onfocus}] [1000]: org.thymeleaf.standard.processor.StandardDOMEventAttributeTagProcessor
[THYMELEAF]             * [* {th:onreadystatechange,data-th-onreadystatechange}] [1000]: org.thymeleaf.standard.processor.StandardDOMEventAttributeTagProcessor
[THYMELEAF]             * [* {th:ondragleave,data-th-ondragleave}] [1000]: org.thymeleaf.standard.processor.StandardDOMEventAttributeTagProcessor
[THYMELEAF]             * [* {th:oncontextmenu,data-th-oncontextmenu}] [1000]: org.thymeleaf.standard.processor.StandardDOMEventAttributeTagProcessor
[THYMELEAF]             * [* {th:ononline,data-th-ononline}] [1000]: org.thymeleaf.standard.processor.StandardDOMEventAttributeTagProcessor
[THYMELEAF]             * [* {th:onprogress,data-th-onprogress}] [1000]: org.thymeleaf.standard.processor.StandardDOMEventAttributeTagProcessor
[THYMELEAF]             * [* {th:onseeked,data-th-onseeked}] [1000]: org.thymeleaf.standard.processor.StandardDOMEventAttributeTagProcessor
[THYMELEAF]             * [* {th:ondurationchange,data-th-ondurationchange}] [1000]: org.thymeleaf.standard.processor.StandardDOMEventAttributeTagProcessor
[THYMELEAF]             * [* {th:onmouseout,data-th-onmouseout}] [1000]: org.thymeleaf.standard.processor.StandardDOMEventAttributeTagProcessor
[THYMELEAF]             * [* {th:ondrag,data-th-ondrag}] [1000]: org.thymeleaf.standard.processor.StandardDOMEventAttributeTagProcessor
[THYMELEAF]             * [* {th:onabort,data-th-onabort}] [1000]: org.thymeleaf.standard.processor.StandardDOMEventAttributeTagProcessor
[THYMELEAF]             * [* {th:href,data-th-href}] [1000]: org.thymeleaf.standard.processor.StandardHrefTagProcessor
[THYMELEAF]             * [* {th:inline,data-th-inline}] [1000]: org.thymeleaf.standard.processor.StandardInlineHTMLTagProcessor
[THYMELEAF]             * [* {th:method,data-th-method}] [1000]: org.thymeleaf.standard.processor.StandardMethodTagProcessor
[THYMELEAF]             * [* {th:name,data-th-name}] [1000]: org.thymeleaf.standard.processor.StandardNonRemovableAttributeTagProcessor
[THYMELEAF]             * [* {th:type,data-th-type}] [1000]: org.thymeleaf.standard.processor.StandardNonRemovableAttributeTagProcessor
[THYMELEAF]             * [* {th:step,data-th-step}] [1000]: org.thymeleaf.standard.processor.StandardRemovableAttributeTagProcessor
[THYMELEAF]             * [* {th:sandbox,data-th-sandbox}] [1000]: org.thymeleaf.standard.processor.StandardRemovableAttributeTagProcessor
[THYMELEAF]             * [* {th:scope,data-th-scope}] [1000]: org.thymeleaf.standard.processor.StandardRemovableAttributeTagProcessor
[THYMELEAF]             * [* {th:longdesc,data-th-longdesc}] [1000]: org.thymeleaf.standard.processor.StandardRemovableAttributeTagProcessor
[THYMELEAF]             * [* {th:headers,data-th-headers}] [1000]: org.thymeleaf.standard.processor.StandardRemovableAttributeTagProcessor
[THYMELEAF]             * [* {th:manifest,data-th-manifest}] [1000]: org.thymeleaf.standard.processor.StandardRemovableAttributeTagProcessor
[THYMELEAF]             * [* {th:form,data-th-form}] [1000]: org.thymeleaf.standard.processor.StandardRemovableAttributeTagProcessor
[THYMELEAF]             * [* {th:cellspacing,data-th-cellspacing}] [1000]: org.thymeleaf.standard.processor.StandardRemovableAttributeTagProcessor
[THYMELEAF]             * [* {th:codetype,data-th-codetype}] [1000]: org.thymeleaf.standard.processor.StandardRemovableAttributeTagProcessor
[THYMELEAF]             * [* {th:optimum,data-th-optimum}] [1000]: org.thymeleaf.standard.processor.StandardRemovableAttributeTagProcessor
[THYMELEAF]             * [* {th:frame,data-th-frame}] [1000]: org.thymeleaf.standard.processor.StandardRemovableAttributeTagProcessor
[THYMELEAF]             * [* {th:archive,data-th-archive}] [1000]: org.thymeleaf.standard.processor.StandardRemovableAttributeTagProcessor
[THYMELEAF]             * [* {th:high,data-th-high}] [1000]: org.thymeleaf.standard.processor.StandardRemovableAttributeTagProcessor
[THYMELEAF]             * [* {th:usemap,data-th-usemap}] [1000]: org.thymeleaf.standard.processor.StandardRemovableAttributeTagProcessor
[THYMELEAF]             * [* {th:rules,data-th-rules}] [1000]: org.thymeleaf.standard.processor.StandardRemovableAttributeTagProcessor
[THYMELEAF]             * [* {th:pattern,data-th-pattern}] [1000]: org.thymeleaf.standard.processor.StandardRemovableAttributeTagProcessor
[THYMELEAF]             * [* {th:start,data-th-start}] [1000]: org.thymeleaf.standard.processor.StandardRemovableAttributeTagProcessor
[THYMELEAF]             * [* {th:frameborder,data-th-frameborder}] [1000]: org.thymeleaf.standard.processor.StandardRemovableAttributeTagProcessor
[THYMELEAF]             * [* {th:title,data-th-title}] [1000]: org.thymeleaf.standard.processor.StandardRemovableAttributeTagProcessor
[THYMELEAF]             * [* {th:accept,data-th-accept}] [1000]: org.thymeleaf.standard.processor.StandardRemovableAttributeTagProcessor
[THYMELEAF]             * [* {th:dir,data-th-dir}] [1000]: org.thymeleaf.standard.processor.StandardRemovableAttributeTagProcessor
[THYMELEAF]             * [* {th:rows,data-th-rows}] [1000]: org.thymeleaf.standard.processor.StandardRemovableAttributeTagProcessor
[THYMELEAF]             * [* {th:border,data-th-border}] [1000]: org.thymeleaf.standard.processor.StandardRemovableAttributeTagProcessor
[THYMELEAF]             * [* {th:alt,data-th-alt}] [1000]: org.thymeleaf.standard.processor.StandardRemovableAttributeTagProcessor
[THYMELEAF]             * [* {th:autocomplete,data-th-autocomplete}] [1000]: org.thymeleaf.standard.processor.StandardRemovableAttributeTagProcessor
[THYMELEAF]             * [* {th:poster,data-th-poster}] [1000]: org.thymeleaf.standard.processor.StandardRemovableAttributeTagProcessor
[THYMELEAF]             * [* {th:challenge,data-th-challenge}] [1000]: org.thymeleaf.standard.processor.StandardRemovableAttributeTagProcessor
[THYMELEAF]             * [* {th:srclang,data-th-srclang}] [1000]: org.thymeleaf.standard.processor.StandardRemovableAttributeTagProcessor
[THYMELEAF]             * [* {th:width,data-th-width}] [1000]: org.thymeleaf.standard.processor.StandardRemovableAttributeTagProcessor
[THYMELEAF]             * [* {th:label,data-th-label}] [1000]: org.thymeleaf.standard.processor.StandardRemovableAttributeTagProcessor
[THYMELEAF]             * [* {th:target,data-th-target}] [1000]: org.thymeleaf.standard.processor.StandardRemovableAttributeTagProcessor
[THYMELEAF]             * [* {th:hspace,data-th-hspace}] [1000]: org.thymeleaf.standard.processor.StandardRemovableAttributeTagProcessor
[THYMELEAF]             * [* {th:lang,data-th-lang}] [1000]: org.thymeleaf.standard.processor.StandardRemovableAttributeTagProcessor
[THYMELEAF]             * [* {th:span,data-th-span}] [1000]: org.thymeleaf.standard.processor.StandardRemovableAttributeTagProcessor
[THYMELEAF]             * [* {th:colspan,data-th-colspan}] [1000]: org.thymeleaf.standard.processor.StandardRemovableAttributeTagProcessor
[THYMELEAF]             * [* {th:class,data-th-class}] [1000]: org.thymeleaf.standard.processor.StandardRemovableAttributeTagProcessor
[THYMELEAF]             * [* {th:formtarget,data-th-formtarget}] [1000]: org.thymeleaf.standard.processor.StandardRemovableAttributeTagProcessor
[THYMELEAF]             * [* {th:media,data-th-media}] [1000]: org.thymeleaf.standard.processor.StandardRemovableAttributeTagProcessor
[THYMELEAF]             * [* {th:scrolling,data-th-scrolling}] [1000]: org.thymeleaf.standard.processor.StandardRemovableAttributeTagProcessor
[THYMELEAF]             * [* {th:icon,data-th-icon}] [1000]: org.thymeleaf.standard.processor.StandardRemovableAttributeTagProcessor
[THYMELEAF]             * [* {th:maxlength,data-th-maxlength}] [1000]: org.thymeleaf.standard.processor.StandardRemovableAttributeTagProcessor
[THYMELEAF]             * [* {th:spellcheck,data-th-spellcheck}] [1000]: org.thymeleaf.standard.processor.StandardRemovableAttributeTagProcessor
[THYMELEAF]             * [* {th:rel,data-th-rel}] [1000]: org.thymeleaf.standard.processor.StandardRemovableAttributeTagProcessor
[THYMELEAF]             * [* {th:accept-charset,data-th-accept-charset}] [1000]: org.thymeleaf.standard.processor.StandardRemovableAttributeTagProcessor
[THYMELEAF]             * [* {th:align,data-th-align}] [1000]: org.thymeleaf.standard.processor.StandardRemovableAttributeTagProcessor
[THYMELEAF]             * [* {th:background,data-th-background}] [1000]: org.thymeleaf.standard.processor.StandardRemovableAttributeTagProcessor
[THYMELEAF]             * [* {th:rev,data-th-rev}] [1000]: org.thymeleaf.standard.processor.StandardRemovableAttributeTagProcessor
[THYMELEAF]             * [* {th:content,data-th-content}] [1000]: org.thymeleaf.standard.processor.StandardRemovableAttributeTagProcessor
[THYMELEAF]             * [* {th:sizes,data-th-sizes}] [1000]: org.thymeleaf.standard.processor.StandardRemovableAttributeTagProcessor
[THYMELEAF]             * [* {th:preload,data-th-preload}] [1000]: org.thymeleaf.standard.processor.StandardRemovableAttributeTagProcessor
[THYMELEAF]             * [* {th:classid,data-th-classid}] [1000]: org.thymeleaf.standard.processor.StandardRemovableAttributeTagProcessor
[THYMELEAF]             * [* {th:audio,data-th-audio}] [1000]: org.thymeleaf.standard.processor.StandardRemovableAttributeTagProcessor
[THYMELEAF]             * [* {th:cols,data-th-cols}] [1000]: org.thymeleaf.standard.processor.StandardRemovableAttributeTagProcessor
[THYMELEAF]             * [* {th:radiogroup,data-th-radiogroup}] [1000]: org.thymeleaf.standard.processor.StandardRemovableAttributeTagProcessor
[THYMELEAF]             * [* {th:compact,data-th-compact}] [1000]: org.thymeleaf.standard.processor.StandardRemovableAttributeTagProcessor
[THYMELEAF]             * [* {th:formenctype,data-th-formenctype}] [1000]: org.thymeleaf.standard.processor.StandardRemovableAttributeTagProcessor
[THYMELEAF]             * [* {th:contextmenu,data-th-contextmenu}] [1000]: org.thymeleaf.standard.processor.StandardRemovableAttributeTagProcessor
[THYMELEAF]             * [* {th:min,data-th-min}] [1000]: org.thymeleaf.standard.processor.StandardRemovableAttributeTagProcessor
[THYMELEAF]             * [* {th:codebase,data-th-codebase}] [1000]: org.thymeleaf.standard.processor.StandardRemovableAttributeTagProcessor
[THYMELEAF]             * [* {th:summary,data-th-summary}] [1000]: org.thymeleaf.standard.processor.StandardRemovableAttributeTagProcessor
[THYMELEAF]             * [* {th:max,data-th-max}] [1000]: org.thymeleaf.standard.processor.StandardRemovableAttributeTagProcessor
[THYMELEAF]             * [* {th:formmethod,data-th-formmethod}] [1000]: org.thymeleaf.standard.processor.StandardRemovableAttributeTagProcessor
[THYMELEAF]             * [* {th:abbr,data-th-abbr}] [1000]: org.thymeleaf.standard.processor.StandardRemovableAttributeTagProcessor
[THYMELEAF]             * [* {th:standby,data-th-standby}] [1000]: org.thymeleaf.standard.processor.StandardRemovableAttributeTagProcessor
[THYMELEAF]             * [* {th:valuetype,data-th-valuetype}] [1000]: org.thymeleaf.standard.processor.StandardRemovableAttributeTagProcessor
[THYMELEAF]             * [* {th:dropzone,data-th-dropzone}] [1000]: org.thymeleaf.standard.processor.StandardRemovableAttributeTagProcessor
[THYMELEAF]             * [* {th:marginwidth,data-th-marginwidth}] [1000]: org.thymeleaf.standard.processor.StandardRemovableAttributeTagProcessor
[THYMELEAF]             * [* {th:formaction,data-th-formaction}] [1000]: org.thymeleaf.standard.processor.StandardRemovableAttributeTagProcessor
[THYMELEAF]             * [* {th:wrap,data-th-wrap}] [1000]: org.thymeleaf.standard.processor.StandardRemovableAttributeTagProcessor
[THYMELEAF]             * [* {th:low,data-th-low}] [1000]: org.thymeleaf.standard.processor.StandardRemovableAttributeTagProcessor
[THYMELEAF]             * [* {th:hreflang,data-th-hreflang}] [1000]: org.thymeleaf.standard.processor.StandardRemovableAttributeTagProcessor
[THYMELEAF]             * [* {th:axis,data-th-axis}] [1000]: org.thymeleaf.standard.processor.StandardRemovableAttributeTagProcessor
[THYMELEAF]             * [* {th:enctype,data-th-enctype}] [1000]: org.thymeleaf.standard.processor.StandardRemovableAttributeTagProcessor
[THYMELEAF]             * [* {th:marginheight,data-th-marginheight}] [1000]: org.thymeleaf.standard.processor.StandardRemovableAttributeTagProcessor
[THYMELEAF]             * [* {th:contenteditable,data-th-contenteditable}] [1000]: org.thymeleaf.standard.processor.StandardRemovableAttributeTagProcessor
[THYMELEAF]             * [* {th:tabindex,data-th-tabindex}] [1000]: org.thymeleaf.standard.processor.StandardRemovableAttributeTagProcessor
[THYMELEAF]             * [* {th:kind,data-th-kind}] [1000]: org.thymeleaf.standard.processor.StandardRemovableAttributeTagProcessor
[THYMELEAF]             * [* {th:cite,data-th-cite}] [1000]: org.thymeleaf.standard.processor.StandardRemovableAttributeTagProcessor
[THYMELEAF]             * [* {th:style,data-th-style}] [1000]: org.thymeleaf.standard.processor.StandardRemovableAttributeTagProcessor
[THYMELEAF]             * [* {th:accesskey,data-th-accesskey}] [1000]: org.thymeleaf.standard.processor.StandardRemovableAttributeTagProcessor
[THYMELEAF]             * [* {th:scheme,data-th-scheme}] [1000]: org.thymeleaf.standard.processor.StandardRemovableAttributeTagProcessor
[THYMELEAF]             * [* {th:size,data-th-size}] [1000]: org.thymeleaf.standard.processor.StandardRemovableAttributeTagProcessor
[THYMELEAF]             * [* {th:data,data-th-data}] [1000]: org.thymeleaf.standard.processor.StandardRemovableAttributeTagProcessor
[THYMELEAF]             * [* {th:vspace,data-th-vspace}] [1000]: org.thymeleaf.standard.processor.StandardRemovableAttributeTagProcessor
[THYMELEAF]             * [* {th:for,data-th-for}] [1000]: org.thymeleaf.standard.processor.StandardRemovableAttributeTagProcessor
[THYMELEAF]             * [* {th:cellpadding,data-th-cellpadding}] [1000]: org.thymeleaf.standard.processor.StandardRemovableAttributeTagProcessor
[THYMELEAF]             * [* {th:id,data-th-id}] [1000]: org.thymeleaf.standard.processor.StandardRemovableAttributeTagProcessor
[THYMELEAF]             * [* {th:http-equiv,data-th-http-equiv}] [1000]: org.thymeleaf.standard.processor.StandardRemovableAttributeTagProcessor
[THYMELEAF]             * [* {th:charset,data-th-charset}] [1000]: org.thymeleaf.standard.processor.StandardRemovableAttributeTagProcessor
[THYMELEAF]             * [* {th:rowspan,data-th-rowspan}] [1000]: org.thymeleaf.standard.processor.StandardRemovableAttributeTagProcessor
[THYMELEAF]             * [* {th:keytype,data-th-keytype}] [1000]: org.thymeleaf.standard.processor.StandardRemovableAttributeTagProcessor
[THYMELEAF]             * [* {th:datetime,data-th-datetime}] [1000]: org.thymeleaf.standard.processor.StandardRemovableAttributeTagProcessor
[THYMELEAF]             * [* {th:placeholder,data-th-placeholder}] [1000]: org.thymeleaf.standard.processor.StandardRemovableAttributeTagProcessor
[THYMELEAF]             * [* {th:list,data-th-list}] [1000]: org.thymeleaf.standard.processor.StandardRemovableAttributeTagProcessor
[THYMELEAF]             * [* {th:draggable,data-th-draggable}] [1000]: org.thymeleaf.standard.processor.StandardRemovableAttributeTagProcessor
[THYMELEAF]             * [* {th:bgcolor,data-th-bgcolor}] [1000]: org.thymeleaf.standard.processor.StandardRemovableAttributeTagProcessor
[THYMELEAF]             * [* {th:height,data-th-height}] [1000]: org.thymeleaf.standard.processor.StandardRemovableAttributeTagProcessor
[THYMELEAF]             * [* {th:src,data-th-src}] [1000]: org.thymeleaf.standard.processor.StandardSrcTagProcessor
[THYMELEAF]             * [* {th:value,data-th-value}] [1000]: org.thymeleaf.standard.processor.StandardValueTagProcessor
[THYMELEAF]             * [* {th:xmlbase,data-th-xmlbase}] [1000]: org.thymeleaf.standard.processor.StandardXmlBaseTagProcessor
[THYMELEAF]             * [* {th:xmllang,data-th-xmllang}] [1000]: org.thymeleaf.standard.processor.StandardXmlLangTagProcessor
[THYMELEAF]             * [* {xmlns:th}] [1000]: org.thymeleaf.standard.processor.StandardXmlNsTagProcessor
[THYMELEAF]             * [* {th:xmlspace,data-th-xmlspace}] [1000]: org.thymeleaf.standard.processor.StandardXmlSpaceTagProcessor
[THYMELEAF]             * [* {th:classappend,data-th-classappend}] [1100]: org.thymeleaf.standard.processor.StandardClassappendTagProcessor
[THYMELEAF]             * [* {th:styleappend,data-th-styleappend}] [1100]: org.thymeleaf.standard.processor.StandardStyleappendTagProcessor
[THYMELEAF]             * [* {th:text,data-th-text}] [1300]: org.thymeleaf.standard.processor.StandardTextTagProcessor
[THYMELEAF]             * [* {th:utext,data-th-utext}] [1400]: org.thymeleaf.standard.processor.StandardUtextTagProcessor
[THYMELEAF]             * [* {th:fragment,data-th-fragment}] [1500]: org.thymeleaf.standard.processor.StandardFragmentTagProcessor
[THYMELEAF]             * [* {th:assert,data-th-assert}] [1550]: org.thymeleaf.standard.processor.StandardAssertTagProcessor
[THYMELEAF]             * [* {th:remove,data-th-remove}] [1600]: org.thymeleaf.standard.processor.StandardRemoveTagProcessor
[THYMELEAF]             * [* {th:ref,data-th-ref}] [10000]: org.thymeleaf.standard.processor.StandardRefAttributeTagProcessor
[THYMELEAF]             * [{th:block,th-block} *] [100000]: org.thymeleaf.standard.processor.StandardBlockTagProcessor
[THYMELEAF]             * [* th:*] [2147483647]: org.thymeleaf.standard.processor.StandardDefaultAttributesTagProcessor
[THYMELEAF]         * Text Processors by [precedence]:
[THYMELEAF]             * [1000]: org.thymeleaf.standard.processor.StandardInliningTextProcessor
[THYMELEAF]         * DOCTYPE Processors by [precedence]:
[THYMELEAF]             * [1000]: org.thymeleaf.standard.processor.StandardTranslationDocTypeProcessor
[THYMELEAF]         * CDATA Section Processors by [precedence]:
[THYMELEAF]             * [1000]: org.thymeleaf.standard.processor.StandardInliningCDATASectionProcessor
[THYMELEAF]         * Comment Processors by [precedence]:
[THYMELEAF]             * [1000]: org.thymeleaf.standard.processor.StandardInliningCommentProcessor
[THYMELEAF]             * [1100]: org.thymeleaf.standard.processor.StandardConditionalCommentProcessor
[THYMELEAF]     * Processors for Template Mode: XML
[THYMELEAF]         * Element Tag Processors by [matching element and attribute name] [precedence]:
[THYMELEAF]             * [* {th:include}] [100]: org.thymeleaf.standard.processor.StandardIncludeTagProcessor
[THYMELEAF]             * [* {th:insert}] [100]: org.thymeleaf.standard.processor.StandardInsertTagProcessor
[THYMELEAF]             * [* {th:replace}] [100]: org.thymeleaf.standard.processor.StandardReplaceTagProcessor
[THYMELEAF]             * [* {th:each}] [200]: com.intuit.karate.template.KarateEachTagProcessor
[THYMELEAF]             * [* {th:switch}] [250]: org.thymeleaf.standard.processor.StandardSwitchTagProcessor
[THYMELEAF]             * [* {th:case}] [275]: org.thymeleaf.standard.processor.StandardCaseTagProcessor
[THYMELEAF]             * [* {th:if}] [300]: org.thymeleaf.standard.processor.StandardIfTagProcessor
[THYMELEAF]             * [* {th:unless}] [400]: org.thymeleaf.standard.processor.StandardUnlessTagProcessor
[THYMELEAF]             * [* {th:object}] [500]: org.thymeleaf.standard.processor.StandardObjectTagProcessor
[THYMELEAF]             * [* {th:with}] [600]: com.intuit.karate.template.KarateWithTagProcessor
[THYMELEAF]             * [* {th:attr}] [700]: com.intuit.karate.template.KarateAttributeTagProcessor.KarateAttrTagProcessor
[THYMELEAF]             * [* {th:attrappend}] [900]: com.intuit.karate.template.KarateAttributeTagProcessor.KarateAttrappendTagProcessor
[THYMELEAF]             * [* {th:attrprepend}] [900]: com.intuit.karate.template.KarateAttributeTagProcessor.KarateAttrprependTagProcessor
[THYMELEAF]             * [* {th:inline}] [1000]: org.thymeleaf.standard.processor.StandardInlineXMLTagProcessor
[THYMELEAF]             * [* {xmlns:th}] [1000]: org.thymeleaf.standard.processor.StandardXmlNsTagProcessor
[THYMELEAF]             * [* {th:text}] [1300]: org.thymeleaf.standard.processor.StandardTextTagProcessor
[THYMELEAF]             * [* {th:utext}] [1400]: org.thymeleaf.standard.processor.StandardUtextTagProcessor
[THYMELEAF]             * [* {th:fragment}] [1500]: org.thymeleaf.standard.processor.StandardFragmentTagProcessor
[THYMELEAF]             * [* {th:assert}] [1550]: org.thymeleaf.standard.processor.StandardAssertTagProcessor
[THYMELEAF]             * [* {th:remove}] [1600]: org.thymeleaf.standard.processor.StandardRemoveTagProcessor
[THYMELEAF]             * [* {th:ref}] [10000]: org.thymeleaf.standard.processor.StandardRefAttributeTagProcessor
[THYMELEAF]             * [{th:block} *] [100000]: org.thymeleaf.standard.processor.StandardBlockTagProcessor
[THYMELEAF]             * [* th:*] [2147483647]: org.thymeleaf.standard.processor.StandardDefaultAttributesTagProcessor
[THYMELEAF]         * Text Processors by [precedence]:
[THYMELEAF]             * [1000]: org.thymeleaf.standard.processor.StandardInliningTextProcessor
[THYMELEAF]         * CDATA Section Processors by [precedence]:
[THYMELEAF]             * [1000]: org.thymeleaf.standard.processor.StandardInliningCDATASectionProcessor
[THYMELEAF]         * Comment Processors by [precedence]:
[THYMELEAF]             * [1000]: org.thymeleaf.standard.processor.StandardInliningCommentProcessor
[THYMELEAF]     * Processors for Template Mode: TEXT
[THYMELEAF]         * Element Tag Processors by [matching element and attribute name] [precedence]:
[THYMELEAF]             * [* {th:insert}] [100]: org.thymeleaf.standard.processor.StandardInsertTagProcessor
[THYMELEAF]             * [* {th:replace}] [100]: org.thymeleaf.standard.processor.StandardReplaceTagProcessor
[THYMELEAF]             * [* {th:each}] [200]: com.intuit.karate.template.KarateEachTagProcessor
[THYMELEAF]             * [* {th:switch}] [250]: org.thymeleaf.standard.processor.StandardSwitchTagProcessor
[THYMELEAF]             * [* {th:case}] [275]: org.thymeleaf.standard.processor.StandardCaseTagProcessor
[THYMELEAF]             * [* {th:if}] [300]: org.thymeleaf.standard.processor.StandardIfTagProcessor
[THYMELEAF]             * [* {th:unless}] [400]: org.thymeleaf.standard.processor.StandardUnlessTagProcessor
[THYMELEAF]             * [* {th:object}] [500]: org.thymeleaf.standard.processor.StandardObjectTagProcessor
[THYMELEAF]             * [* {th:with}] [600]: com.intuit.karate.template.KarateWithTagProcessor
[THYMELEAF]             * [* {th:inline}] [1000]: org.thymeleaf.standard.processor.StandardInlineTextualTagProcessor
[THYMELEAF]             * [* {th:text}] [1300]: org.thymeleaf.standard.processor.StandardTextTagProcessor
[THYMELEAF]             * [* {th:utext}] [1400]: org.thymeleaf.standard.processor.StandardUtextTagProcessor
[THYMELEAF]             * [* {th:assert}] [1550]: org.thymeleaf.standard.processor.StandardAssertTagProcessor
[THYMELEAF]             * [* {th:remove}] [1600]: org.thymeleaf.standard.processor.StandardRemoveTagProcessor
[THYMELEAF]             * [{th:block} *] [100000]: org.thymeleaf.standard.processor.StandardBlockTagProcessor
[THYMELEAF]             * [* 100000] [org.thymeleaf.standard.processor.StandardBlockTagProcessor]: {}
[THYMELEAF]         * Text Processors by [precedence]:
[THYMELEAF]             * [1000]: org.thymeleaf.standard.processor.StandardInliningTextProcessor
[THYMELEAF]     * Processors for Template Mode: JAVASCRIPT
[THYMELEAF]         * Element Tag Processors by [matching element and attribute name] [precedence]:
[THYMELEAF]             * [* {th:insert}] [100]: org.thymeleaf.standard.processor.StandardInsertTagProcessor
[THYMELEAF]             * [* {th:replace}] [100]: org.thymeleaf.standard.processor.StandardReplaceTagProcessor
[THYMELEAF]             * [* {th:each}] [200]: com.intuit.karate.template.KarateEachTagProcessor
[THYMELEAF]             * [* {th:switch}] [250]: org.thymeleaf.standard.processor.StandardSwitchTagProcessor
[THYMELEAF]             * [* {th:case}] [275]: org.thymeleaf.standard.processor.StandardCaseTagProcessor
[THYMELEAF]             * [* {th:if}] [300]: org.thymeleaf.standard.processor.StandardIfTagProcessor
[THYMELEAF]             * [* {th:unless}] [400]: org.thymeleaf.standard.processor.StandardUnlessTagProcessor
[THYMELEAF]             * [* {th:object}] [500]: org.thymeleaf.standard.processor.StandardObjectTagProcessor
[THYMELEAF]             * [* {th:with}] [600]: com.intuit.karate.template.KarateWithTagProcessor
[THYMELEAF]             * [* {th:inline}] [1000]: org.thymeleaf.standard.processor.StandardInlineTextualTagProcessor
[THYMELEAF]             * [* {th:text}] [1300]: org.thymeleaf.standard.processor.StandardTextTagProcessor
[THYMELEAF]             * [* {th:utext}] [1400]: org.thymeleaf.standard.processor.StandardUtextTagProcessor
[THYMELEAF]             * [* {th:assert}] [1550]: org.thymeleaf.standard.processor.StandardAssertTagProcessor
[THYMELEAF]             * [* {th:remove}] [1600]: org.thymeleaf.standard.processor.StandardRemoveTagProcessor
[THYMELEAF]             * [* 100000] [org.thymeleaf.standard.processor.StandardBlockTagProcessor]: {}
[THYMELEAF]             * [{th:block} *] [100000]: org.thymeleaf.standard.processor.StandardBlockTagProcessor
[THYMELEAF]         * Text Processors by [precedence]:
[THYMELEAF]             * [1000]: org.thymeleaf.standard.processor.StandardInliningTextProcessor
[THYMELEAF]     * Processors for Template Mode: CSS
[THYMELEAF]         * Element Tag Processors by [matching element and attribute name] [precedence]:
[THYMELEAF]             * [* {th:insert}] [100]: org.thymeleaf.standard.processor.StandardInsertTagProcessor
[THYMELEAF]             * [* {th:replace}] [100]: org.thymeleaf.standard.processor.StandardReplaceTagProcessor
[THYMELEAF]             * [* {th:each}] [200]: com.intuit.karate.template.KarateEachTagProcessor
[THYMELEAF]             * [* {th:switch}] [250]: org.thymeleaf.standard.processor.StandardSwitchTagProcessor
[THYMELEAF]             * [* {th:case}] [275]: org.thymeleaf.standard.processor.StandardCaseTagProcessor
[THYMELEAF]             * [* {th:if}] [300]: org.thymeleaf.standard.processor.StandardIfTagProcessor
[THYMELEAF]             * [* {th:unless}] [400]: org.thymeleaf.standard.processor.StandardUnlessTagProcessor
[THYMELEAF]             * [* {th:object}] [500]: org.thymeleaf.standard.processor.StandardObjectTagProcessor
[THYMELEAF]             * [* {th:with}] [600]: com.intuit.karate.template.KarateWithTagProcessor
[THYMELEAF]             * [* {th:inline}] [1000]: org.thymeleaf.standard.processor.StandardInlineTextualTagProcessor
[THYMELEAF]             * [* {th:text}] [1300]: org.thymeleaf.standard.processor.StandardTextTagProcessor
[THYMELEAF]             * [* {th:utext}] [1400]: org.thymeleaf.standard.processor.StandardUtextTagProcessor
[THYMELEAF]             * [* {th:assert}] [1550]: org.thymeleaf.standard.processor.StandardAssertTagProcessor
[THYMELEAF]             * [* {th:remove}] [1600]: org.thymeleaf.standard.processor.StandardRemoveTagProcessor
[THYMELEAF]             * [{th:block} *] [100000]: org.thymeleaf.standard.processor.StandardBlockTagProcessor
[THYMELEAF]             * [* 100000] [org.thymeleaf.standard.processor.StandardBlockTagProcessor]: {}
[THYMELEAF]         * Text Processors by [precedence]:
[THYMELEAF]             * [1000]: org.thymeleaf.standard.processor.StandardInliningTextProcessor
[THYMELEAF]     * Expression Objects:
[THYMELEAF]         * #ctx
[THYMELEAF]         * #root
[THYMELEAF]         * #vars
[THYMELEAF]         * #object
[THYMELEAF]         * #locale
[THYMELEAF]         * #conversions
[THYMELEAF]         * #uris
[THYMELEAF]         * #temporals
[THYMELEAF]         * #calendars
[THYMELEAF]         * #dates
[THYMELEAF]         * #bools
[THYMELEAF]         * #numbers
[THYMELEAF]         * #objects
[THYMELEAF]         * #strings
[THYMELEAF]         * #arrays
[THYMELEAF]         * #lists
[THYMELEAF]         * #sets
[THYMELEAF]         * #maps
[THYMELEAF]         * #aggregates
[THYMELEAF]         * #messages
[THYMELEAF]         * #ids
[THYMELEAF]         * #execInfo
[THYMELEAF]         * #request
[THYMELEAF]         * #response
[THYMELEAF]         * #session
[THYMELEAF]         * #servletContext
[THYMELEAF]     * Execution Attributes:
[THYMELEAF]         * "StandardExpressionParser": com.intuit.karate.template.KarateStandardDialect@60d1a32f
[THYMELEAF]         * "StandardJavaScriptSerializer": org.thymeleaf.standard.serializer.StandardJavaScriptSerializer@7876d598
[THYMELEAF]         * "StandardCSSSerializer": org.thymeleaf.standard.serializer.StandardCSSSerializer@4a3e3e8b
[THYMELEAF]         * "StandardVariableExpressionEvaluator": com.intuit.karate.template.KarateStandardDialect@60d1a32f
[THYMELEAF]         * "StandardConversionService": org.thymeleaf.standard.expression.StandardConversionService@5af28b27
[THYMELEAF] * Dialect [2 of 2]: karate (com.intuit.karate.template.KarateScriptDialect)
[THYMELEAF]     * Prefix: "ka"
[THYMELEAF]     * Processors for Template Mode: HTML
[THYMELEAF]         * Element Tag Processors by [matching element and attribute name] [precedence]:
[THYMELEAF]             * [* {src}] [1000]: com.intuit.karate.template.KaScriptAttrProcessor
[THYMELEAF]         * Element Model Processors by [matching element and attribute name] [precedence]:
[THYMELEAF]             * [{script} {ka:scope,data-ka-scope}] [1000]: com.intuit.karate.template.KaScriptElemProcessor
[THYMELEAF]             * [* {ka:set,data-ka-set}] [1000]: com.intuit.karate.template.KaSetElemProcessor
[THYMELEAF] TEMPLATE ENGINE CONFIGURED OK
23:08:13.794 [main] DEBUG org.thymeleaf.TemplateEngine -- [THYMELEAF] TEMPLATE ENGINE INITIALIZED
23:08:13.807 [main] DEBUG org.thymeleaf.TemplateEngine -- [THYMELEAF] INITIALIZING TEMPLATE ENGINE
23:08:13.826 [main] DEBUG org.thymeleaf.TemplateEngine.CONFIG -- Initializing Thymeleaf Template engine configuration...
[THYMELEAF] TEMPLATE ENGINE CONFIGURATION:
[THYMELEAF] * Thymeleaf version: 3.1.2.RELEASE (built 2023-07-30T19:25:50+0000)
[THYMELEAF] * Cache Manager implementation: org.thymeleaf.cache.StandardCacheManager
[THYMELEAF] * Template resolvers:
[THYMELEAF]     * [1] com.intuit.karate.template.ResourceHtmlTemplateResolver
[THYMELEAF] * Message resolvers:
[THYMELEAF]     * org.thymeleaf.messageresolver.StandardMessageResolver
[THYMELEAF] * Link builders:
[THYMELEAF]     * org.thymeleaf.linkbuilder.StandardLinkBuilder
[THYMELEAF] * Dialect [1 of 2]: Standard (com.intuit.karate.template.KarateStandardDialect)
[THYMELEAF]     * Prefix: "th"
[THYMELEAF]     * Processors for Template Mode: HTML
[THYMELEAF]         * Element Tag Processors by [matching element and attribute name] [precedence]:
[THYMELEAF]             * [* {th:include,data-th-include}] [100]: org.thymeleaf.standard.processor.StandardIncludeTagProcessor
[THYMELEAF]             * [* {th:insert,data-th-insert}] [100]: org.thymeleaf.standard.processor.StandardInsertTagProcessor
[THYMELEAF]             * [* {th:replace,data-th-replace}] [100]: org.thymeleaf.standard.processor.StandardReplaceTagProcessor
[THYMELEAF]             * [* {th:each,data-th-each}] [200]: com.intuit.karate.template.KarateEachTagProcessor
[THYMELEAF]             * [* {th:switch,data-th-switch}] [250]: org.thymeleaf.standard.processor.StandardSwitchTagProcessor
[THYMELEAF]             * [* {th:case,data-th-case}] [275]: org.thymeleaf.standard.processor.StandardCaseTagProcessor
[THYMELEAF]             * [* {th:if,data-th-if}] [300]: org.thymeleaf.standard.processor.StandardIfTagProcessor
[THYMELEAF]             * [* {th:unless,data-th-unless}] [400]: org.thymeleaf.standard.processor.StandardUnlessTagProcessor
[THYMELEAF]             * [* {th:object,data-th-object}] [500]: org.thymeleaf.standard.processor.StandardObjectTagProcessor
[THYMELEAF]             * [* {th:with,data-th-with}] [600]: com.intuit.karate.template.KarateWithTagProcessor
[THYMELEAF]             * [* {th:attr,data-th-attr}] [700]: com.intuit.karate.template.KarateAttributeTagProcessor.KarateAttrTagProcessor
[THYMELEAF]             * [* {th:attrappend,data-th-attrappend}] [900]: com.intuit.karate.template.KarateAttributeTagProcessor.KarateAttrappendTagProcessor
[THYMELEAF]             * [* {th:attrprepend,data-th-attrprepend}] [900]: com.intuit.karate.template.KarateAttributeTagProcessor.KarateAttrprependTagProcessor
[THYMELEAF]             * [* {th:alt-title,data-th-alt-title}] [990]: org.thymeleaf.standard.processor.StandardAltTitleTagProcessor
[THYMELEAF]             * [* {th:lang-xmllang,data-th-lang-xmllang}] [990]: org.thymeleaf.standard.processor.StandardLangXmlLangTagProcessor
[THYMELEAF]             * [* {th:action,data-th-action}] [1000]: org.thymeleaf.standard.processor.StandardActionTagProcessor
[THYMELEAF]             * [* {th:disabled,data-th-disabled}] [1000]: org.thymeleaf.standard.processor.StandardConditionalFixedValueTagProcessor
[THYMELEAF]             * [* {th:defer,data-th-defer}] [1000]: org.thymeleaf.standard.processor.StandardConditionalFixedValueTagProcessor
[THYMELEAF]             * [* {th:declare,data-th-declare}] [1000]: org.thymeleaf.standard.processor.StandardConditionalFixedValueTagProcessor
[THYMELEAF]             * [* {th:controls,data-th-controls}] [1000]: org.thymeleaf.standard.processor.StandardConditionalFixedValueTagProcessor
[THYMELEAF]             * [* {th:readonly,data-th-readonly}] [1000]: org.thymeleaf.standard.processor.StandardConditionalFixedValueTagProcessor
[THYMELEAF]             * [* {th:formnovalidate,data-th-formnovalidate}] [1000]: org.thymeleaf.standard.processor.StandardConditionalFixedValueTagProcessor
[THYMELEAF]             * [* {th:pubdate,data-th-pubdate}] [1000]: org.thymeleaf.standard.processor.StandardConditionalFixedValueTagProcessor
[THYMELEAF]             * [* {th:ismap,data-th-ismap}] [1000]: org.thymeleaf.standard.processor.StandardConditionalFixedValueTagProcessor
[THYMELEAF]             * [* {th:autoplay,data-th-autoplay}] [1000]: org.thymeleaf.standard.processor.StandardConditionalFixedValueTagProcessor
[THYMELEAF]             * [* {th:reversed,data-th-reversed}] [1000]: org.thymeleaf.standard.processor.StandardConditionalFixedValueTagProcessor
[THYMELEAF]             * [* {th:async,data-th-async}] [1000]: org.thymeleaf.standard.processor.StandardConditionalFixedValueTagProcessor
[THYMELEAF]             * [* {th:default,data-th-default}] [1000]: org.thymeleaf.standard.processor.StandardConditionalFixedValueTagProcessor
[THYMELEAF]             * [* {th:loop,data-th-loop}] [1000]: org.thymeleaf.standard.processor.StandardConditionalFixedValueTagProcessor
[THYMELEAF]             * [* {th:hidden,data-th-hidden}] [1000]: org.thymeleaf.standard.processor.StandardConditionalFixedValueTagProcessor
[THYMELEAF]             * [* {th:checked,data-th-checked}] [1000]: org.thymeleaf.standard.processor.StandardConditionalFixedValueTagProcessor
[THYMELEAF]             * [* {th:open,data-th-open}] [1000]: org.thymeleaf.standard.processor.StandardConditionalFixedValueTagProcessor
[THYMELEAF]             * [* {th:required,data-th-required}] [1000]: org.thymeleaf.standard.processor.StandardConditionalFixedValueTagProcessor
[THYMELEAF]             * [* {th:multiple,data-th-multiple}] [1000]: org.thymeleaf.standard.processor.StandardConditionalFixedValueTagProcessor
[THYMELEAF]             * [* {th:seamless,data-th-seamless}] [1000]: org.thymeleaf.standard.processor.StandardConditionalFixedValueTagProcessor
[THYMELEAF]             * [* {th:autofocus,data-th-autofocus}] [1000]: org.thymeleaf.standard.processor.StandardConditionalFixedValueTagProcessor
[THYMELEAF]             * [* {th:novalidate,data-th-novalidate}] [1000]: org.thymeleaf.standard.processor.StandardConditionalFixedValueTagProcessor
[THYMELEAF]             * [* {th:nowrap,data-th-nowrap}] [1000]: org.thymeleaf.standard.processor.StandardConditionalFixedValueTagProcessor
[THYMELEAF]             * [* {th:scoped,data-th-scoped}] [1000]: org.thymeleaf.standard.processor.StandardConditionalFixedValueTagProcessor
[THYMELEAF]             * [* {th:selected,data-th-selected}] [1000]: org.thymeleaf.standard.processor.StandardConditionalFixedValueTagProcessor
[THYMELEAF]             * [* {th:onratechange,data-th-onratechange}] [1000]: org.thymeleaf.standard.processor.StandardDOMEventAttributeTagProcessor
[THYMELEAF]             * [* {th:onmousewheel,data-th-onmousewheel}] [1000]: org.thymeleaf.standard.processor.StandardDOMEventAttributeTagProcessor
[THYMELEAF]             * [* {th:onfocus,data-th-onfocus}] [1000]: org.thymeleaf.standard.processor.StandardDOMEventAttributeTagProcessor
[THYMELEAF]             * [* {th:oninput,data-th-oninput}] [1000]: org.thymeleaf.standard.processor.StandardDOMEventAttributeTagProcessor
[THYMELEAF]             * [* {th:onsuspend,data-th-onsuspend}] [1000]: org.thymeleaf.standard.processor.StandardDOMEventAttributeTagProcessor
[THYMELEAF]             * [* {th:ononline,data-th-ononline}] [1000]: org.thymeleaf.standard.processor.StandardDOMEventAttributeTagProcessor
[THYMELEAF]             * [* {th:onplaying,data-th-onplaying}] [1000]: org.thymeleaf.standard.processor.StandardDOMEventAttributeTagProcessor
[THYMELEAF]             * [* {th:ontimeupdate,data-th-ontimeupdate}] [1000]: org.thymeleaf.standard.processor.StandardDOMEventAttributeTagProcessor
[THYMELEAF]             * [* {th:onload,data-th-onload}] [1000]: org.thymeleaf.standard.processor.StandardDOMEventAttributeTagProcessor
[THYMELEAF]             * [* {th:oncanplay,data-th-oncanplay}] [1000]: org.thymeleaf.standard.processor.StandardDOMEventAttributeTagProcessor
[THYMELEAF]             * [* {th:onshow,data-th-onshow}] [1000]: org.thymeleaf.standard.processor.StandardDOMEventAttributeTagProcessor
[THYMELEAF]             * [* {th:onstorage,data-th-onstorage}] [1000]: org.thymeleaf.standard.processor.StandardDOMEventAttributeTagProcessor
[THYMELEAF]             * [* {th:onchange,data-th-onchange}] [1000]: org.thymeleaf.standard.processor.StandardDOMEventAttributeTagProcessor
[THYMELEAF]             * [* {th:ondragstart,data-th-ondragstart}] [1000]: org.thymeleaf.standard.processor.StandardDOMEventAttributeTagProcessor
[THYMELEAF]             * [* {th:ondragenter,data-th-ondragenter}] [1000]: org.thymeleaf.standard.processor.StandardDOMEventAttributeTagProcessor
[THYMELEAF]             * [* {th:ondrag,data-th-ondrag}] [1000]: org.thymeleaf.standard.processor.StandardDOMEventAttributeTagProcessor
[THYMELEAF]             * [* {th:onended,data-th-onended}] [1000]: org.thymeleaf.standard.processor.StandardDOMEventAttributeTagProcessor
[THYMELEAF]             * [* {th:onkeyup,data-th-onkeyup}] [1000]: org.thymeleaf.standard.processor.StandardDOMEventAttributeTagProcessor
[THYMELEAF]             * [* {th:onplay,data-th-onplay}] [1000]: org.thymeleaf.standard.processor.StandardDOMEventAttributeTagProcessor
[THYMELEAF]             * [* {th:onresize,data-th-onresize}] [1000]: org.thymeleaf.standard.processor.StandardDOMEventAttributeTagProcessor
[THYMELEAF]             * [* {th:onmouseover,data-th-onmouseover}] [1000]: org.thymeleaf.standard.processor.StandardDOMEventAttributeTagProcessor
[THYMELEAF]             * [* {th:onafterprint,data-th-onafterprint}] [1000]: org.thymeleaf.standard.processor.StandardDOMEventAttributeTagProcessor
[THYMELEAF]             * [* {th:ondragleave,data-th-ondragleave}] [1000]: org.thymeleaf.standard.processor.StandardDOMEventAttributeTagProcessor
[THYMELEAF]             * [* {th:onprogress,data-th-onprogress}] [1000]: org.thymeleaf.standard.processor.StandardDOMEventAttributeTagProcessor
[THYMELEAF]             * [* {th:onhashchange,data-th-onhashchange}] [1000]: org.thymeleaf.standard.processor.StandardDOMEventAttributeTagProcessor
[THYMELEAF]             * [* {th:onoffline,data-th-onoffline}] [1000]: org.thymeleaf.standard.processor.StandardDOMEventAttributeTagProcessor
[THYMELEAF]             * [* {th:onkeypress,data-th-onkeypress}] [1000]: org.thymeleaf.standard.processor.StandardDOMEventAttributeTagProcessor
[THYMELEAF]             * [* {th:onmouseout,data-th-onmouseout}] [1000]: org.thymeleaf.standard.processor.StandardDOMEventAttributeTagProcessor
[THYMELEAF]             * [* {th:onmousedown,data-th-onmousedown}] [1000]: org.thymeleaf.standard.processor.StandardDOMEventAttributeTagProcessor
[THYMELEAF]             * [* {th:onmessage,data-th-onmessage}] [1000]: org.thymeleaf.standard.processor.StandardDOMEventAttributeTagProcessor
[THYMELEAF]             * [* {th:onbeforeunload,data-th-onbeforeunload}] [1000]: org.thymeleaf.standard.processor.StandardDOMEventAttributeTagProcessor
[THYMELEAF]             * [* {th:onclick,data-th-onclick}] [1000]: org.thymeleaf.standard.processor.StandardDOMEventAttributeTagProcessor
[THYMELEAF]             * [* {th:ondragend,data-th-ondragend}] [1000]: org.thymeleaf.standard.processor.StandardDOMEventAttributeTagProcessor
[THYMELEAF]             * [* {th:onscroll,data-th-onscroll}] [1000]: org.thymeleaf.standard.processor.StandardDOMEventAttributeTagProcessor
[THYMELEAF]             * [* {th:onredo,data-th-onredo}] [1000]: org.thymeleaf.standard.processor.StandardDOMEventAttributeTagProcessor
[THYMELEAF]             * [* {th:onundo,data-th-onundo}] [1000]: org.thymeleaf.standard.processor.StandardDOMEventAttributeTagProcessor
[THYMELEAF]             * [* {th:onwaiting,data-th-onwaiting}] [1000]: org.thymeleaf.standard.processor.StandardDOMEventAttributeTagProcessor
[THYMELEAF]             * [* {th:ondblclick,data-th-ondblclick}] [1000]: org.thymeleaf.standard.processor.StandardDOMEventAttributeTagProcessor
[THYMELEAF]             * [* {th:onmousemove,data-th-onmousemove}] [1000]: org.thymeleaf.standard.processor.StandardDOMEventAttributeTagProcessor
[THYMELEAF]             * [* {th:oninvalid,data-th-oninvalid}] [1000]: org.thymeleaf.standard.processor.StandardDOMEventAttributeTagProcessor
[THYMELEAF]             * [* {th:onseeked,data-th-onseeked}] [1000]: org.thymeleaf.standard.processor.StandardDOMEventAttributeTagProcessor
[THYMELEAF]             * [* {th:onsubmit,data-th-onsubmit}] [1000]: org.thymeleaf.standard.processor.StandardDOMEventAttributeTagProcessor
[THYMELEAF]             * [* {th:onemptied,data-th-onemptied}] [1000]: org.thymeleaf.standard.processor.StandardDOMEventAttributeTagProcessor
[THYMELEAF]             * [* {th:onreset,data-th-onreset}] [1000]: org.thymeleaf.standard.processor.StandardDOMEventAttributeTagProcessor
[THYMELEAF]             * [* {th:onselect,data-th-onselect}] [1000]: org.thymeleaf.standard.processor.StandardDOMEventAttributeTagProcessor
[THYMELEAF]             * [* {th:onloadedmetadata,data-th-onloadedmetadata}] [1000]: org.thymeleaf.standard.processor.StandardDOMEventAttributeTagProcessor
[THYMELEAF]             * [* {th:oncanplaythrough,data-th-oncanplaythrough}] [1000]: org.thymeleaf.standard.processor.StandardDOMEventAttributeTagProcessor
[THYMELEAF]             * [* {th:onloadstart,data-th-onloadstart}] [1000]: org.thymeleaf.standard.processor.StandardDOMEventAttributeTagProcessor
[THYMELEAF]             * [* {th:onblur,data-th-onblur}] [1000]: org.thymeleaf.standard.processor.StandardDOMEventAttributeTagProcessor
[THYMELEAF]             * [* {th:oncontextmenu,data-th-oncontextmenu}] [1000]: org.thymeleaf.standard.processor.StandardDOMEventAttributeTagProcessor
[THYMELEAF]             * [* {th:onforminput,data-th-onforminput}] [1000]: org.thymeleaf.standard.processor.StandardDOMEventAttributeTagProcessor
[THYMELEAF]             * [* {th:onvolumechange,data-th-onvolumechange}] [1000]: org.thymeleaf.standard.processor.StandardDOMEventAttributeTagProcessor
[THYMELEAF]             * [* {th:onformchange,data-th-onformchange}] [1000]: org.thymeleaf.standard.processor.StandardDOMEventAttributeTagProcessor
[THYMELEAF]             * [* {th:onabort,data-th-onabort}] [1000]: org.thymeleaf.standard.processor.StandardDOMEventAttributeTagProcessor
[THYMELEAF]             * [* {th:onstalled,data-th-onstalled}] [1000]: org.thymeleaf.standard.processor.StandardDOMEventAttributeTagProcessor
[THYMELEAF]             * [* {th:onunload,data-th-onunload}] [1000]: org.thymeleaf.standard.processor.StandardDOMEventAttributeTagProcessor
[THYMELEAF]             * [* {th:onbeforeprint,data-th-onbeforeprint}] [1000]: org.thymeleaf.standard.processor.StandardDOMEventAttributeTagProcessor
[THYMELEAF]             * [* {th:ondurationchange,data-th-ondurationchange}] [1000]: org.thymeleaf.standard.processor.StandardDOMEventAttributeTagProcessor
[THYMELEAF]             * [* {th:onloadeddata,data-th-onloadeddata}] [1000]: org.thymeleaf.standard.processor.StandardDOMEventAttributeTagProcessor
[THYMELEAF]             * [* {th:ondragover,data-th-ondragover}] [1000]: org.thymeleaf.standard.processor.StandardDOMEventAttributeTagProcessor
[THYMELEAF]             * [* {th:onpause,data-th-onpause}] [1000]: org.thymeleaf.standard.processor.StandardDOMEventAttributeTagProcessor
[THYMELEAF]             * [* {th:onkeydown,data-th-onkeydown}] [1000]: org.thymeleaf.standard.processor.StandardDOMEventAttributeTagProcessor
[THYMELEAF]             * [* {th:onerror,data-th-onerror}] [1000]: org.thymeleaf.standard.processor.StandardDOMEventAttributeTagProcessor
[THYMELEAF]             * [* {th:onmouseup,data-th-onmouseup}] [1000]: org.thymeleaf.standard.processor.StandardDOMEventAttributeTagProcessor
[THYMELEAF]             * [* {th:onseeking,data-th-onseeking}] [1000]: org.thymeleaf.standard.processor.StandardDOMEventAttributeTagProcessor
[THYMELEAF]             * [* {th:ondrop,data-th-ondrop}] [1000]: org.thymeleaf.standard.processor.StandardDOMEventAttributeTagProcessor
[THYMELEAF]             * [* {th:onreadystatechange,data-th-onreadystatechange}] [1000]: org.thymeleaf.standard.processor.StandardDOMEventAttributeTagProcessor
[THYMELEAF]             * [* {th:onpopstate,data-th-onpopstate}] [1000]: org.thymeleaf.standard.processor.StandardDOMEventAttributeTagProcessor
[THYMELEAF]             * [* {th:href,data-th-href}] [1000]: org.thymeleaf.standard.processor.StandardHrefTagProcessor
[THYMELEAF]             * [* {th:inline,data-th-inline}] [1000]: org.thymeleaf.standard.processor.StandardInlineHTMLTagProcessor
[THYMELEAF]             * [* {th:method,data-th-method}] [1000]: org.thymeleaf.standard.processor.StandardMethodTagProcessor
[THYMELEAF]             * [* {th:type,data-th-type}] [1000]: org.thymeleaf.standard.processor.StandardNonRemovableAttributeTagProcessor
[THYMELEAF]             * [* {th:name,data-th-name}] [1000]: org.thymeleaf.standard.processor.StandardNonRemovableAttributeTagProcessor
[THYMELEAF]             * [* {th:step,data-th-step}] [1000]: org.thymeleaf.standard.processor.StandardRemovableAttributeTagProcessor
[THYMELEAF]             * [* {th:placeholder,data-th-placeholder}] [1000]: org.thymeleaf.standard.processor.StandardRemovableAttributeTagProcessor
[THYMELEAF]             * [* {th:pattern,data-th-pattern}] [1000]: org.thymeleaf.standard.processor.StandardRemovableAttributeTagProcessor
[THYMELEAF]             * [* {th:icon,data-th-icon}] [1000]: org.thymeleaf.standard.processor.StandardRemovableAttributeTagProcessor
[THYMELEAF]             * [* {th:scope,data-th-scope}] [1000]: org.thymeleaf.standard.processor.StandardRemovableAttributeTagProcessor
[THYMELEAF]             * [* {th:enctype,data-th-enctype}] [1000]: org.thymeleaf.standard.processor.StandardRemovableAttributeTagProcessor
[THYMELEAF]             * [* {th:draggable,data-th-draggable}] [1000]: org.thymeleaf.standard.processor.StandardRemovableAttributeTagProcessor
[THYMELEAF]             * [* {th:size,data-th-size}] [1000]: org.thymeleaf.standard.processor.StandardRemovableAttributeTagProcessor
[THYMELEAF]             * [* {th:media,data-th-media}] [1000]: org.thymeleaf.standard.processor.StandardRemovableAttributeTagProcessor
[THYMELEAF]             * [* {th:colspan,data-th-colspan}] [1000]: org.thymeleaf.standard.processor.StandardRemovableAttributeTagProcessor
[THYMELEAF]             * [* {th:high,data-th-high}] [1000]: org.thymeleaf.standard.processor.StandardRemovableAttributeTagProcessor
[THYMELEAF]             * [* {th:formtarget,data-th-formtarget}] [1000]: org.thymeleaf.standard.processor.StandardRemovableAttributeTagProcessor
[THYMELEAF]             * [* {th:background,data-th-background}] [1000]: org.thymeleaf.standard.processor.StandardRemovableAttributeTagProcessor
[THYMELEAF]             * [* {th:abbr,data-th-abbr}] [1000]: org.thymeleaf.standard.processor.StandardRemovableAttributeTagProcessor
[THYMELEAF]             * [* {th:formmethod,data-th-formmethod}] [1000]: org.thymeleaf.standard.processor.StandardRemovableAttributeTagProcessor
[THYMELEAF]             * [* {th:max,data-th-max}] [1000]: org.thymeleaf.standard.processor.StandardRemovableAttributeTagProcessor
[THYMELEAF]             * [* {th:target,data-th-target}] [1000]: org.thymeleaf.standard.processor.StandardRemovableAttributeTagProcessor
[THYMELEAF]             * [* {th:hspace,data-th-hspace}] [1000]: org.thymeleaf.standard.processor.StandardRemovableAttributeTagProcessor
[THYMELEAF]             * [* {th:radiogroup,data-th-radiogroup}] [1000]: org.thymeleaf.standard.processor.StandardRemovableAttributeTagProcessor
[THYMELEAF]             * [* {th:optimum,data-th-optimum}] [1000]: org.thymeleaf.standard.processor.StandardRemovableAttributeTagProcessor
[THYMELEAF]             * [* {th:codetype,data-th-codetype}] [1000]: org.thymeleaf.standard.processor.StandardRemovableAttributeTagProcessor
[THYMELEAF]             * [* {th:for,data-th-for}] [1000]: org.thymeleaf.standard.processor.StandardRemovableAttributeTagProcessor
[THYMELEAF]             * [* {th:frame,data-th-frame}] [1000]: org.thymeleaf.standard.processor.StandardRemovableAttributeTagProcessor
[THYMELEAF]             * [* {th:cite,data-th-cite}] [1000]: org.thymeleaf.standard.processor.StandardRemovableAttributeTagProcessor
[THYMELEAF]             * [* {th:vspace,data-th-vspace}] [1000]: org.thymeleaf.standard.processor.StandardRemovableAttributeTagProcessor
[THYMELEAF]             * [* {th:style,data-th-style}] [1000]: org.thymeleaf.standard.processor.StandardRemovableAttributeTagProcessor
[THYMELEAF]             * [* {th:formenctype,data-th-formenctype}] [1000]: org.thymeleaf.standard.processor.StandardRemovableAttributeTagProcessor
[THYMELEAF]             * [* {th:preload,data-th-preload}] [1000]: org.thymeleaf.standard.processor.StandardRemovableAttributeTagProcessor
[THYMELEAF]             * [* {th:charset,data-th-charset}] [1000]: org.thymeleaf.standard.processor.StandardRemovableAttributeTagProcessor
[THYMELEAF]             * [* {th:archive,data-th-archive}] [1000]: org.thymeleaf.standard.processor.StandardRemovableAttributeTagProcessor
[THYMELEAF]             * [* {th:span,data-th-span}] [1000]: org.thymeleaf.standard.processor.StandardRemovableAttributeTagProcessor
[THYMELEAF]             * [* {th:scrolling,data-th-scrolling}] [1000]: org.thymeleaf.standard.processor.StandardRemovableAttributeTagProcessor
[THYMELEAF]             * [* {th:class,data-th-class}] [1000]: org.thymeleaf.standard.processor.StandardRemovableAttributeTagProcessor
[THYMELEAF]             * [* {th:maxlength,data-th-maxlength}] [1000]: org.thymeleaf.standard.processor.StandardRemovableAttributeTagProcessor
[THYMELEAF]             * [* {th:compact,data-th-compact}] [1000]: org.thymeleaf.standard.processor.StandardRemovableAttributeTagProcessor
[THYMELEAF]             * [* {th:border,data-th-border}] [1000]: org.thymeleaf.standard.processor.StandardRemovableAttributeTagProcessor
[THYMELEAF]             * [* {th:http-equiv,data-th-http-equiv}] [1000]: org.thymeleaf.standard.processor.StandardRemovableAttributeTagProcessor
[THYMELEAF]             * [* {th:wrap,data-th-wrap}] [1000]: org.thymeleaf.standard.processor.StandardRemovableAttributeTagProcessor
[THYMELEAF]             * [* {th:rowspan,data-th-rowspan}] [1000]: org.thymeleaf.standard.processor.StandardRemovableAttributeTagProcessor
[THYMELEAF]             * [* {th:min,data-th-min}] [1000]: org.thymeleaf.standard.processor.StandardRemovableAttributeTagProcessor
[THYMELEAF]             * [* {th:dir,data-th-dir}] [1000]: org.thymeleaf.standard.processor.StandardRemovableAttributeTagProcessor
[THYMELEAF]             * [* {th:spellcheck,data-th-spellcheck}] [1000]: org.thymeleaf.standard.processor.StandardRemovableAttributeTagProcessor
[THYMELEAF]             * [* {th:data,data-th-data}] [1000]: org.thymeleaf.standard.processor.StandardRemovableAttributeTagProcessor
[THYMELEAF]             * [* {th:longdesc,data-th-longdesc}] [1000]: org.thymeleaf.standard.processor.StandardRemovableAttributeTagProcessor
[THYMELEAF]             * [* {th:sandbox,data-th-sandbox}] [1000]: org.thymeleaf.standard.processor.StandardRemovableAttributeTagProcessor
[THYMELEAF]             * [* {th:cellpadding,data-th-cellpadding}] [1000]: org.thymeleaf.standard.processor.StandardRemovableAttributeTagProcessor
[THYMELEAF]             * [* {th:classid,data-th-classid}] [1000]: org.thymeleaf.standard.processor.StandardRemovableAttributeTagProcessor
[THYMELEAF]             * [* {th:cols,data-th-cols}] [1000]: org.thymeleaf.standard.processor.StandardRemovableAttributeTagProcessor
[THYMELEAF]             * [* {th:accept,data-th-accept}] [1000]: org.thymeleaf.standard.processor.StandardRemovableAttributeTagProcessor
[THYMELEAF]             * [* {th:tabindex,data-th-tabindex}] [1000]: org.thymeleaf.standard.processor.StandardRemovableAttributeTagProcessor
[THYMELEAF]             * [* {th:codebase,data-th-codebase}] [1000]: org.thymeleaf.standard.processor.StandardRemovableAttributeTagProcessor
[THYMELEAF]             * [* {th:sizes,data-th-sizes}] [1000]: org.thymeleaf.standard.processor.StandardRemovableAttributeTagProcessor
[THYMELEAF]             * [* {th:marginwidth,data-th-marginwidth}] [1000]: org.thymeleaf.standard.processor.StandardRemovableAttributeTagProcessor
[THYMELEAF]             * [* {th:id,data-th-id}] [1000]: org.thymeleaf.standard.processor.StandardRemovableAttributeTagProcessor
[THYMELEAF]             * [* {th:srclang,data-th-srclang}] [1000]: org.thymeleaf.standard.processor.StandardRemovableAttributeTagProcessor
[THYMELEAF]             * [* {th:alt,data-th-alt}] [1000]: org.thymeleaf.standard.processor.StandardRemovableAttributeTagProcessor
[THYMELEAF]             * [* {th:bgcolor,data-th-bgcolor}] [1000]: org.thymeleaf.standard.processor.StandardRemovableAttributeTagProcessor
[THYMELEAF]             * [* {th:axis,data-th-axis}] [1000]: org.thymeleaf.standard.processor.StandardRemovableAttributeTagProcessor
[THYMELEAF]             * [* {th:manifest,data-th-manifest}] [1000]: org.thymeleaf.standard.processor.StandardRemovableAttributeTagProcessor
[THYMELEAF]             * [* {th:width,data-th-width}] [1000]: org.thymeleaf.standard.processor.StandardRemovableAttributeTagProcessor
[THYMELEAF]             * [* {th:valuetype,data-th-valuetype}] [1000]: org.thymeleaf.standard.processor.StandardRemovableAttributeTagProcessor
[THYMELEAF]             * [* {th:hreflang,data-th-hreflang}] [1000]: org.thymeleaf.standard.processor.StandardRemovableAttributeTagProcessor
[THYMELEAF]             * [* {th:poster,data-th-poster}] [1000]: org.thymeleaf.standard.processor.StandardRemovableAttributeTagProcessor
[THYMELEAF]             * [* {th:contextmenu,data-th-contextmenu}] [1000]: org.thymeleaf.standard.processor.StandardRemovableAttributeTagProcessor
[THYMELEAF]             * [* {th:rel,data-th-rel}] [1000]: org.thymeleaf.standard.processor.StandardRemovableAttributeTagProcessor
[THYMELEAF]             * [* {th:label,data-th-label}] [1000]: org.thymeleaf.standard.processor.StandardRemovableAttributeTagProcessor
[THYMELEAF]             * [* {th:rows,data-th-rows}] [1000]: org.thymeleaf.standard.processor.StandardRemovableAttributeTagProcessor
[THYMELEAF]             * [* {th:headers,data-th-headers}] [1000]: org.thymeleaf.standard.processor.StandardRemovableAttributeTagProcessor
[THYMELEAF]             * [* {th:usemap,data-th-usemap}] [1000]: org.thymeleaf.standard.processor.StandardRemovableAttributeTagProcessor
[THYMELEAF]             * [* {th:cellspacing,data-th-cellspacing}] [1000]: org.thymeleaf.standard.processor.StandardRemovableAttributeTagProcessor
[THYMELEAF]             * [* {th:scheme,data-th-scheme}] [1000]: org.thymeleaf.standard.processor.StandardRemovableAttributeTagProcessor
[THYMELEAF]             * [* {th:formaction,data-th-formaction}] [1000]: org.thymeleaf.standard.processor.StandardRemovableAttributeTagProcessor
[THYMELEAF]             * [* {th:marginheight,data-th-marginheight}] [1000]: org.thymeleaf.standard.processor.StandardRemovableAttributeTagProcessor
[THYMELEAF]             * [* {th:autocomplete,data-th-autocomplete}] [1000]: org.thymeleaf.standard.processor.StandardRemovableAttributeTagProcessor
[THYMELEAF]             * [* {th:accesskey,data-th-accesskey}] [1000]: org.thymeleaf.standard.processor.StandardRemovableAttributeTagProcessor
[THYMELEAF]             * [* {th:datetime,data-th-datetime}] [1000]: org.thymeleaf.standard.processor.StandardRemovableAttributeTagProcessor
[THYMELEAF]             * [* {th:height,data-th-height}] [1000]: org.thymeleaf.standard.processor.StandardRemovableAttributeTagProcessor
[THYMELEAF]             * [* {th:form,data-th-form}] [1000]: org.thymeleaf.standard.processor.StandardRemovableAttributeTagProcessor
[THYMELEAF]             * [* {th:content,data-th-content}] [1000]: org.thymeleaf.standard.processor.StandardRemovableAttributeTagProcessor
[THYMELEAF]             * [* {th:rev,data-th-rev}] [1000]: org.thymeleaf.standard.processor.StandardRemovableAttributeTagProcessor
[THYMELEAF]             * [* {th:keytype,data-th-keytype}] [1000]: org.thymeleaf.standard.processor.StandardRemovableAttributeTagProcessor
[THYMELEAF]             * [* {th:audio,data-th-audio}] [1000]: org.thymeleaf.standard.processor.StandardRemovableAttributeTagProcessor
[THYMELEAF]             * [* {th:title,data-th-title}] [1000]: org.thymeleaf.standard.processor.StandardRemovableAttributeTagProcessor
[THYMELEAF]             * [* {th:standby,data-th-standby}] [1000]: org.thymeleaf.standard.processor.StandardRemovableAttributeTagProcessor
[THYMELEAF]             * [* {th:list,data-th-list}] [1000]: org.thymeleaf.standard.processor.StandardRemovableAttributeTagProcessor
[THYMELEAF]             * [* {th:rules,data-th-rules}] [1000]: org.thymeleaf.standard.processor.StandardRemovableAttributeTagProcessor
[THYMELEAF]             * [* {th:low,data-th-low}] [1000]: org.thymeleaf.standard.processor.StandardRemovableAttributeTagProcessor
[THYMELEAF]             * [* {th:dropzone,data-th-dropzone}] [1000]: org.thymeleaf.standard.processor.StandardRemovableAttributeTagProcessor
[THYMELEAF]             * [* {th:summary,data-th-summary}] [1000]: org.thymeleaf.standard.processor.StandardRemovableAttributeTagProcessor
[THYMELEAF]             * [* {th:kind,data-th-kind}] [1000]: org.thymeleaf.standard.processor.StandardRemovableAttributeTagProcessor
[THYMELEAF]             * [* {th:accept-charset,data-th-accept-charset}] [1000]: org.thymeleaf.standard.processor.StandardRemovableAttributeTagProcessor
[THYMELEAF]             * [* {th:lang,data-th-lang}] [1000]: org.thymeleaf.standard.processor.StandardRemovableAttributeTagProcessor
[THYMELEAF]             * [* {th:frameborder,data-th-frameborder}] [1000]: org.thymeleaf.standard.processor.StandardRemovableAttributeTagProcessor
[THYMELEAF]             * [* {th:contenteditable,data-th-contenteditable}] [1000]: org.thymeleaf.standard.processor.StandardRemovableAttributeTagProcessor
[THYMELEAF]             * [* {th:challenge,data-th-challenge}] [1000]: org.thymeleaf.standard.processor.StandardRemovableAttributeTagProcessor
[THYMELEAF]             * [* {th:align,data-th-align}] [1000]: org.thymeleaf.standard.processor.StandardRemovableAttributeTagProcessor
[THYMELEAF]             * [* {th:start,data-th-start}] [1000]: org.thymeleaf.standard.processor.StandardRemovableAttributeTagProcessor
[THYMELEAF]             * [* {th:src,data-th-src}] [1000]: org.thymeleaf.standard.processor.StandardSrcTagProcessor
[THYMELEAF]             * [* {th:value,data-th-value}] [1000]: org.thymeleaf.standard.processor.StandardValueTagProcessor
[THYMELEAF]             * [* {th:xmlbase,data-th-xmlbase}] [1000]: org.thymeleaf.standard.processor.StandardXmlBaseTagProcessor
[THYMELEAF]             * [* {th:xmllang,data-th-xmllang}] [1000]: org.thymeleaf.standard.processor.StandardXmlLangTagProcessor
[THYMELEAF]             * [* {xmlns:th}] [1000]: org.thymeleaf.standard.processor.StandardXmlNsTagProcessor
[THYMELEAF]             * [* {th:xmlspace,data-th-xmlspace}] [1000]: org.thymeleaf.standard.processor.StandardXmlSpaceTagProcessor
[THYMELEAF]             * [* {th:classappend,data-th-classappend}] [1100]: org.thymeleaf.standard.processor.StandardClassappendTagProcessor
[THYMELEAF]             * [* {th:styleappend,data-th-styleappend}] [1100]: org.thymeleaf.standard.processor.StandardStyleappendTagProcessor
[THYMELEAF]             * [* {th:text,data-th-text}] [1300]: org.thymeleaf.standard.processor.StandardTextTagProcessor
[THYMELEAF]             * [* {th:utext,data-th-utext}] [1400]: org.thymeleaf.standard.processor.StandardUtextTagProcessor
[THYMELEAF]             * [* {th:fragment,data-th-fragment}] [1500]: org.thymeleaf.standard.processor.StandardFragmentTagProcessor
[THYMELEAF]             * [* {th:assert,data-th-assert}] [1550]: org.thymeleaf.standard.processor.StandardAssertTagProcessor
[THYMELEAF]             * [* {th:remove,data-th-remove}] [1600]: org.thymeleaf.standard.processor.StandardRemoveTagProcessor
[THYMELEAF]             * [* {th:ref,data-th-ref}] [10000]: org.thymeleaf.standard.processor.StandardRefAttributeTagProcessor
[THYMELEAF]             * [{th:block,th-block} *] [100000]: org.thymeleaf.standard.processor.StandardBlockTagProcessor
[THYMELEAF]             * [* th:*] [2147483647]: org.thymeleaf.standard.processor.StandardDefaultAttributesTagProcessor
[THYMELEAF]         * Text Processors by [precedence]:
[THYMELEAF]             * [1000]: org.thymeleaf.standard.processor.StandardInliningTextProcessor
[THYMELEAF]         * DOCTYPE Processors by [precedence]:
[THYMELEAF]             * [1000]: org.thymeleaf.standard.processor.StandardTranslationDocTypeProcessor
[THYMELEAF]         * CDATA Section Processors by [precedence]:
[THYMELEAF]             * [1000]: org.thymeleaf.standard.processor.StandardInliningCDATASectionProcessor
[THYMELEAF]         * Comment Processors by [precedence]:
[THYMELEAF]             * [1000]: org.thymeleaf.standard.processor.StandardInliningCommentProcessor
[THYMELEAF]             * [1100]: org.thymeleaf.standard.processor.StandardConditionalCommentProcessor
[THYMELEAF]     * Processors for Template Mode: XML
[THYMELEAF]         * Element Tag Processors by [matching element and attribute name] [precedence]:
[THYMELEAF]             * [* {th:include}] [100]: org.thymeleaf.standard.processor.StandardIncludeTagProcessor
[THYMELEAF]             * [* {th:insert}] [100]: org.thymeleaf.standard.processor.StandardInsertTagProcessor
[THYMELEAF]             * [* {th:replace}] [100]: org.thymeleaf.standard.processor.StandardReplaceTagProcessor
[THYMELEAF]             * [* {th:each}] [200]: com.intuit.karate.template.KarateEachTagProcessor
[THYMELEAF]             * [* {th:switch}] [250]: org.thymeleaf.standard.processor.StandardSwitchTagProcessor
[THYMELEAF]             * [* {th:case}] [275]: org.thymeleaf.standard.processor.StandardCaseTagProcessor
[THYMELEAF]             * [* {th:if}] [300]: org.thymeleaf.standard.processor.StandardIfTagProcessor
[THYMELEAF]             * [* {th:unless}] [400]: org.thymeleaf.standard.processor.StandardUnlessTagProcessor
[THYMELEAF]             * [* {th:object}] [500]: org.thymeleaf.standard.processor.StandardObjectTagProcessor
[THYMELEAF]             * [* {th:with}] [600]: com.intuit.karate.template.KarateWithTagProcessor
[THYMELEAF]             * [* {th:attr}] [700]: com.intuit.karate.template.KarateAttributeTagProcessor.KarateAttrTagProcessor
[THYMELEAF]             * [* {th:attrappend}] [900]: com.intuit.karate.template.KarateAttributeTagProcessor.KarateAttrappendTagProcessor
[THYMELEAF]             * [* {th:attrprepend}] [900]: com.intuit.karate.template.KarateAttributeTagProcessor.KarateAttrprependTagProcessor
[THYMELEAF]             * [* {th:inline}] [1000]: org.thymeleaf.standard.processor.StandardInlineXMLTagProcessor
[THYMELEAF]             * [* {xmlns:th}] [1000]: org.thymeleaf.standard.processor.StandardXmlNsTagProcessor
[THYMELEAF]             * [* {th:text}] [1300]: org.thymeleaf.standard.processor.StandardTextTagProcessor
[THYMELEAF]             * [* {th:utext}] [1400]: org.thymeleaf.standard.processor.StandardUtextTagProcessor
[THYMELEAF]             * [* {th:fragment}] [1500]: org.thymeleaf.standard.processor.StandardFragmentTagProcessor
[THYMELEAF]             * [* {th:assert}] [1550]: org.thymeleaf.standard.processor.StandardAssertTagProcessor
[THYMELEAF]             * [* {th:remove}] [1600]: org.thymeleaf.standard.processor.StandardRemoveTagProcessor
[THYMELEAF]             * [* {th:ref}] [10000]: org.thymeleaf.standard.processor.StandardRefAttributeTagProcessor
[THYMELEAF]             * [{th:block} *] [100000]: org.thymeleaf.standard.processor.StandardBlockTagProcessor
[THYMELEAF]             * [* th:*] [2147483647]: org.thymeleaf.standard.processor.StandardDefaultAttributesTagProcessor
[THYMELEAF]         * Text Processors by [precedence]:
[THYMELEAF]             * [1000]: org.thymeleaf.standard.processor.StandardInliningTextProcessor
[THYMELEAF]         * CDATA Section Processors by [precedence]:
[THYMELEAF]             * [1000]: org.thymeleaf.standard.processor.StandardInliningCDATASectionProcessor
[THYMELEAF]         * Comment Processors by [precedence]:
[THYMELEAF]             * [1000]: org.thymeleaf.standard.processor.StandardInliningCommentProcessor
[THYMELEAF]     * Processors for Template Mode: TEXT
[THYMELEAF]         * Element Tag Processors by [matching element and attribute name] [precedence]:
[THYMELEAF]             * [* {th:insert}] [100]: org.thymeleaf.standard.processor.StandardInsertTagProcessor
[THYMELEAF]             * [* {th:replace}] [100]: org.thymeleaf.standard.processor.StandardReplaceTagProcessor
[THYMELEAF]             * [* {th:each}] [200]: com.intuit.karate.template.KarateEachTagProcessor
[THYMELEAF]             * [* {th:switch}] [250]: org.thymeleaf.standard.processor.StandardSwitchTagProcessor
[THYMELEAF]             * [* {th:case}] [275]: org.thymeleaf.standard.processor.StandardCaseTagProcessor
[THYMELEAF]             * [* {th:if}] [300]: org.thymeleaf.standard.processor.StandardIfTagProcessor
[THYMELEAF]             * [* {th:unless}] [400]: org.thymeleaf.standard.processor.StandardUnlessTagProcessor
[THYMELEAF]             * [* {th:object}] [500]: org.thymeleaf.standard.processor.StandardObjectTagProcessor
[THYMELEAF]             * [* {th:with}] [600]: com.intuit.karate.template.KarateWithTagProcessor
[THYMELEAF]             * [* {th:inline}] [1000]: org.thymeleaf.standard.processor.StandardInlineTextualTagProcessor
[THYMELEAF]             * [* {th:text}] [1300]: org.thymeleaf.standard.processor.StandardTextTagProcessor
[THYMELEAF]             * [* {th:utext}] [1400]: org.thymeleaf.standard.processor.StandardUtextTagProcessor
[THYMELEAF]             * [* {th:assert}] [1550]: org.thymeleaf.standard.processor.StandardAssertTagProcessor
[THYMELEAF]             * [* {th:remove}] [1600]: org.thymeleaf.standard.processor.StandardRemoveTagProcessor
[THYMELEAF]             * [{th:block} *] [100000]: org.thymeleaf.standard.processor.StandardBlockTagProcessor
[THYMELEAF]             * [* 100000] [org.thymeleaf.standard.processor.StandardBlockTagProcessor]: {}
[THYMELEAF]         * Text Processors by [precedence]:
[THYMELEAF]             * [1000]: org.thymeleaf.standard.processor.StandardInliningTextProcessor
[THYMELEAF]     * Processors for Template Mode: JAVASCRIPT
[THYMELEAF]         * Element Tag Processors by [matching element and attribute name] [precedence]:
[THYMELEAF]             * [* {th:insert}] [100]: org.thymeleaf.standard.processor.StandardInsertTagProcessor
[THYMELEAF]             * [* {th:replace}] [100]: org.thymeleaf.standard.processor.StandardReplaceTagProcessor
[THYMELEAF]             * [* {th:each}] [200]: com.intuit.karate.template.KarateEachTagProcessor
[THYMELEAF]             * [* {th:switch}] [250]: org.thymeleaf.standard.processor.StandardSwitchTagProcessor
[THYMELEAF]             * [* {th:case}] [275]: org.thymeleaf.standard.processor.StandardCaseTagProcessor
[THYMELEAF]             * [* {th:if}] [300]: org.thymeleaf.standard.processor.StandardIfTagProcessor
[THYMELEAF]             * [* {th:unless}] [400]: org.thymeleaf.standard.processor.StandardUnlessTagProcessor
[THYMELEAF]             * [* {th:object}] [500]: org.thymeleaf.standard.processor.StandardObjectTagProcessor
[THYMELEAF]             * [* {th:with}] [600]: com.intuit.karate.template.KarateWithTagProcessor
[THYMELEAF]             * [* {th:inline}] [1000]: org.thymeleaf.standard.processor.StandardInlineTextualTagProcessor
[THYMELEAF]             * [* {th:text}] [1300]: org.thymeleaf.standard.processor.StandardTextTagProcessor
[THYMELEAF]             * [* {th:utext}] [1400]: org.thymeleaf.standard.processor.StandardUtextTagProcessor
[THYMELEAF]             * [* {th:assert}] [1550]: org.thymeleaf.standard.processor.StandardAssertTagProcessor
[THYMELEAF]             * [* {th:remove}] [1600]: org.thymeleaf.standard.processor.StandardRemoveTagProcessor
[THYMELEAF]             * [{th:block} *] [100000]: org.thymeleaf.standard.processor.StandardBlockTagProcessor
[THYMELEAF]             * [* 100000] [org.thymeleaf.standard.processor.StandardBlockTagProcessor]: {}
[THYMELEAF]         * Text Processors by [precedence]:
[THYMELEAF]             * [1000]: org.thymeleaf.standard.processor.StandardInliningTextProcessor
[THYMELEAF]     * Processors for Template Mode: CSS
[THYMELEAF]         * Element Tag Processors by [matching element and attribute name] [precedence]:
[THYMELEAF]             * [* {th:insert}] [100]: org.thymeleaf.standard.processor.StandardInsertTagProcessor
[THYMELEAF]             * [* {th:replace}] [100]: org.thymeleaf.standard.processor.StandardReplaceTagProcessor
[THYMELEAF]             * [* {th:each}] [200]: com.intuit.karate.template.KarateEachTagProcessor
[THYMELEAF]             * [* {th:switch}] [250]: org.thymeleaf.standard.processor.StandardSwitchTagProcessor
[THYMELEAF]             * [* {th:case}] [275]: org.thymeleaf.standard.processor.StandardCaseTagProcessor
[THYMELEAF]             * [* {th:if}] [300]: org.thymeleaf.standard.processor.StandardIfTagProcessor
[THYMELEAF]             * [* {th:unless}] [400]: org.thymeleaf.standard.processor.StandardUnlessTagProcessor
[THYMELEAF]             * [* {th:object}] [500]: org.thymeleaf.standard.processor.StandardObjectTagProcessor
[THYMELEAF]             * [* {th:with}] [600]: com.intuit.karate.template.KarateWithTagProcessor
[THYMELEAF]             * [* {th:inline}] [1000]: org.thymeleaf.standard.processor.StandardInlineTextualTagProcessor
[THYMELEAF]             * [* {th:text}] [1300]: org.thymeleaf.standard.processor.StandardTextTagProcessor
[THYMELEAF]             * [* {th:utext}] [1400]: org.thymeleaf.standard.processor.StandardUtextTagProcessor
[THYMELEAF]             * [* {th:assert}] [1550]: org.thymeleaf.standard.processor.StandardAssertTagProcessor
[THYMELEAF]             * [* {th:remove}] [1600]: org.thymeleaf.standard.processor.StandardRemoveTagProcessor
[THYMELEAF]             * [{th:block} *] [100000]: org.thymeleaf.standard.processor.StandardBlockTagProcessor
[THYMELEAF]             * [* 100000] [org.thymeleaf.standard.processor.StandardBlockTagProcessor]: {}
[THYMELEAF]         * Text Processors by [precedence]:
[THYMELEAF]             * [1000]: org.thymeleaf.standard.processor.StandardInliningTextProcessor
[THYMELEAF]     * Expression Objects:
[THYMELEAF]         * #ctx
[THYMELEAF]         * #root
[THYMELEAF]         * #vars
[THYMELEAF]         * #object
[THYMELEAF]         * #locale
[THYMELEAF]         * #conversions
[THYMELEAF]         * #uris
[THYMELEAF]         * #temporals
[THYMELEAF]         * #calendars
[THYMELEAF]         * #dates
[THYMELEAF]         * #bools
[THYMELEAF]         * #numbers
[THYMELEAF]         * #objects
[THYMELEAF]         * #strings
[THYMELEAF]         * #arrays
[THYMELEAF]         * #lists
[THYMELEAF]         * #sets
[THYMELEAF]         * #maps
[THYMELEAF]         * #aggregates
[THYMELEAF]         * #messages
[THYMELEAF]         * #ids
[THYMELEAF]         * #execInfo
[THYMELEAF]         * #request
[THYMELEAF]         * #response
[THYMELEAF]         * #session
[THYMELEAF]         * #servletContext
[THYMELEAF]     * Execution Attributes:
[THYMELEAF]         * "StandardExpressionParser": com.intuit.karate.template.KarateStandardDialect@4628b1d3
[THYMELEAF]         * "StandardJavaScriptSerializer": org.thymeleaf.standard.serializer.StandardJavaScriptSerializer@553f3b6e
[THYMELEAF]         * "StandardCSSSerializer": org.thymeleaf.standard.serializer.StandardCSSSerializer@4c7a078
[THYMELEAF]         * "StandardVariableExpressionEvaluator": com.intuit.karate.template.KarateStandardDialect@4628b1d3
[THYMELEAF]         * "StandardConversionService": org.thymeleaf.standard.expression.StandardConversionService@4e406694
[THYMELEAF] * Dialect [2 of 2]: karate (com.intuit.karate.template.KarateScriptDialect)
[THYMELEAF]     * Prefix: "ka"
[THYMELEAF]     * Processors for Template Mode: HTML
[THYMELEAF]         * Element Tag Processors by [matching element and attribute name] [precedence]:
[THYMELEAF]             * [* {src}] [1000]: com.intuit.karate.template.KaScriptAttrProcessor
[THYMELEAF]         * Element Model Processors by [matching element and attribute name] [precedence]:
[THYMELEAF]             * [{script} {ka:scope,data-ka-scope}] [1000]: com.intuit.karate.template.KaScriptElemProcessor
[THYMELEAF]             * [* {ka:set,data-ka-set}] [1000]: com.intuit.karate.template.KaSetElemProcessor
[THYMELEAF] TEMPLATE ENGINE CONFIGURED OK
23:08:13.828 [main] DEBUG org.thymeleaf.TemplateEngine -- [THYMELEAF] TEMPLATE ENGINE INITIALIZED
23:08:13.866 [main] DEBUG org.thymeleaf.TemplateEngine -- [THYMELEAF] INITIALIZING TEMPLATE ENGINE
23:08:13.888 [main] DEBUG org.thymeleaf.TemplateEngine.CONFIG -- Initializing Thymeleaf Template engine configuration...
[THYMELEAF] TEMPLATE ENGINE CONFIGURATION:
[THYMELEAF] * Thymeleaf version: 3.1.2.RELEASE (built 2023-07-30T19:25:50+0000)
[THYMELEAF] * Cache Manager implementation: org.thymeleaf.cache.StandardCacheManager
[THYMELEAF] * Template resolvers:
[THYMELEAF]     * [1] com.intuit.karate.template.ResourceHtmlTemplateResolver
[THYMELEAF] * Message resolvers:
[THYMELEAF]     * org.thymeleaf.messageresolver.StandardMessageResolver
[THYMELEAF] * Link builders:
[THYMELEAF]     * org.thymeleaf.linkbuilder.StandardLinkBuilder
[THYMELEAF] * Dialect [1 of 2]: Standard (com.intuit.karate.template.KarateStandardDialect)
[THYMELEAF]     * Prefix: "th"
[THYMELEAF]     * Processors for Template Mode: HTML
[THYMELEAF]         * Element Tag Processors by [matching element and attribute name] [precedence]:
[THYMELEAF]             * [* {th:include,data-th-include}] [100]: org.thymeleaf.standard.processor.StandardIncludeTagProcessor
[THYMELEAF]             * [* {th:insert,data-th-insert}] [100]: org.thymeleaf.standard.processor.StandardInsertTagProcessor
[THYMELEAF]             * [* {th:replace,data-th-replace}] [100]: org.thymeleaf.standard.processor.StandardReplaceTagProcessor
[THYMELEAF]             * [* {th:each,data-th-each}] [200]: com.intuit.karate.template.KarateEachTagProcessor
[THYMELEAF]             * [* {th:switch,data-th-switch}] [250]: org.thymeleaf.standard.processor.StandardSwitchTagProcessor
[THYMELEAF]             * [* {th:case,data-th-case}] [275]: org.thymeleaf.standard.processor.StandardCaseTagProcessor
[THYMELEAF]             * [* {th:if,data-th-if}] [300]: org.thymeleaf.standard.processor.StandardIfTagProcessor
[THYMELEAF]             * [* {th:unless,data-th-unless}] [400]: org.thymeleaf.standard.processor.StandardUnlessTagProcessor
[THYMELEAF]             * [* {th:object,data-th-object}] [500]: org.thymeleaf.standard.processor.StandardObjectTagProcessor
[THYMELEAF]             * [* {th:with,data-th-with}] [600]: com.intuit.karate.template.KarateWithTagProcessor
[THYMELEAF]             * [* {th:attr,data-th-attr}] [700]: com.intuit.karate.template.KarateAttributeTagProcessor.KarateAttrTagProcessor
[THYMELEAF]             * [* {th:attrappend,data-th-attrappend}] [900]: com.intuit.karate.template.KarateAttributeTagProcessor.KarateAttrappendTagProcessor
[THYMELEAF]             * [* {th:attrprepend,data-th-attrprepend}] [900]: com.intuit.karate.template.KarateAttributeTagProcessor.KarateAttrprependTagProcessor
[THYMELEAF]             * [* {th:alt-title,data-th-alt-title}] [990]: org.thymeleaf.standard.processor.StandardAltTitleTagProcessor
[THYMELEAF]             * [* {th:lang-xmllang,data-th-lang-xmllang}] [990]: org.thymeleaf.standard.processor.StandardLangXmlLangTagProcessor
[THYMELEAF]             * [* {th:action,data-th-action}] [1000]: org.thymeleaf.standard.processor.StandardActionTagProcessor
[THYMELEAF]             * [* {th:defer,data-th-defer}] [1000]: org.thymeleaf.standard.processor.StandardConditionalFixedValueTagProcessor
[THYMELEAF]             * [* {th:nowrap,data-th-nowrap}] [1000]: org.thymeleaf.standard.processor.StandardConditionalFixedValueTagProcessor
[THYMELEAF]             * [* {th:formnovalidate,data-th-formnovalidate}] [1000]: org.thymeleaf.standard.processor.StandardConditionalFixedValueTagProcessor
[THYMELEAF]             * [* {th:scoped,data-th-scoped}] [1000]: org.thymeleaf.standard.processor.StandardConditionalFixedValueTagProcessor
[THYMELEAF]             * [* {th:controls,data-th-controls}] [1000]: org.thymeleaf.standard.processor.StandardConditionalFixedValueTagProcessor
[THYMELEAF]             * [* {th:required,data-th-required}] [1000]: org.thymeleaf.standard.processor.StandardConditionalFixedValueTagProcessor
[THYMELEAF]             * [* {th:pubdate,data-th-pubdate}] [1000]: org.thymeleaf.standard.processor.StandardConditionalFixedValueTagProcessor
[THYMELEAF]             * [* {th:seamless,data-th-seamless}] [1000]: org.thymeleaf.standard.processor.StandardConditionalFixedValueTagProcessor
[THYMELEAF]             * [* {th:default,data-th-default}] [1000]: org.thymeleaf.standard.processor.StandardConditionalFixedValueTagProcessor
[THYMELEAF]             * [* {th:novalidate,data-th-novalidate}] [1000]: org.thymeleaf.standard.processor.StandardConditionalFixedValueTagProcessor
[THYMELEAF]             * [* {th:selected,data-th-selected}] [1000]: org.thymeleaf.standard.processor.StandardConditionalFixedValueTagProcessor
[THYMELEAF]             * [* {th:loop,data-th-loop}] [1000]: org.thymeleaf.standard.processor.StandardConditionalFixedValueTagProcessor
[THYMELEAF]             * [* {th:readonly,data-th-readonly}] [1000]: org.thymeleaf.standard.processor.StandardConditionalFixedValueTagProcessor
[THYMELEAF]             * [* {th:open,data-th-open}] [1000]: org.thymeleaf.standard.processor.StandardConditionalFixedValueTagProcessor
[THYMELEAF]             * [* {th:disabled,data-th-disabled}] [1000]: org.thymeleaf.standard.processor.StandardConditionalFixedValueTagProcessor
[THYMELEAF]             * [* {th:autoplay,data-th-autoplay}] [1000]: org.thymeleaf.standard.processor.StandardConditionalFixedValueTagProcessor
[THYMELEAF]             * [* {th:checked,data-th-checked}] [1000]: org.thymeleaf.standard.processor.StandardConditionalFixedValueTagProcessor
[THYMELEAF]             * [* {th:multiple,data-th-multiple}] [1000]: org.thymeleaf.standard.processor.StandardConditionalFixedValueTagProcessor
[THYMELEAF]             * [* {th:declare,data-th-declare}] [1000]: org.thymeleaf.standard.processor.StandardConditionalFixedValueTagProcessor
[THYMELEAF]             * [* {th:reversed,data-th-reversed}] [1000]: org.thymeleaf.standard.processor.StandardConditionalFixedValueTagProcessor
[THYMELEAF]             * [* {th:ismap,data-th-ismap}] [1000]: org.thymeleaf.standard.processor.StandardConditionalFixedValueTagProcessor
[THYMELEAF]             * [* {th:hidden,data-th-hidden}] [1000]: org.thymeleaf.standard.processor.StandardConditionalFixedValueTagProcessor
[THYMELEAF]             * [* {th:autofocus,data-th-autofocus}] [1000]: org.thymeleaf.standard.processor.StandardConditionalFixedValueTagProcessor
[THYMELEAF]             * [* {th:async,data-th-async}] [1000]: org.thymeleaf.standard.processor.StandardConditionalFixedValueTagProcessor
[THYMELEAF]             * [* {th:onloadedmetadata,data-th-onloadedmetadata}] [1000]: org.thymeleaf.standard.processor.StandardDOMEventAttributeTagProcessor
[THYMELEAF]             * [* {th:onplay,data-th-onplay}] [1000]: org.thymeleaf.standard.processor.StandardDOMEventAttributeTagProcessor
[THYMELEAF]             * [* {th:onbeforeunload,data-th-onbeforeunload}] [1000]: org.thymeleaf.standard.processor.StandardDOMEventAttributeTagProcessor
[THYMELEAF]             * [* {th:onclick,data-th-onclick}] [1000]: org.thymeleaf.standard.processor.StandardDOMEventAttributeTagProcessor
[THYMELEAF]             * [* {th:onseeking,data-th-onseeking}] [1000]: org.thymeleaf.standard.processor.StandardDOMEventAttributeTagProcessor
[THYMELEAF]             * [* {th:onmouseover,data-th-onmouseover}] [1000]: org.thymeleaf.standard.processor.StandardDOMEventAttributeTagProcessor
[THYMELEAF]             * [* {th:onwaiting,data-th-onwaiting}] [1000]: org.thymeleaf.standard.processor.StandardDOMEventAttributeTagProcessor
[THYMELEAF]             * [* {th:onbeforeprint,data-th-onbeforeprint}] [1000]: org.thymeleaf.standard.processor.StandardDOMEventAttributeTagProcessor
[THYMELEAF]             * [* {th:onunload,data-th-onunload}] [1000]: org.thymeleaf.standard.processor.StandardDOMEventAttributeTagProcessor
[THYMELEAF]             * [* {th:onhashchange,data-th-onhashchange}] [1000]: org.thymeleaf.standard.processor.StandardDOMEventAttributeTagProcessor
[THYMELEAF]             * [* {th:onload,data-th-onload}] [1000]: org.thymeleaf.standard.processor.StandardDOMEventAttributeTagProcessor
[THYMELEAF]             * [* {th:onseeked,data-th-onseeked}] [1000]: org.thymeleaf.standard.processor.StandardDOMEventAttributeTagProcessor
[THYMELEAF]             * [* {th:onstalled,data-th-onstalled}] [1000]: org.thymeleaf.standard.processor.StandardDOMEventAttributeTagProcessor
[THYMELEAF]             * [* {th:onkeyup,data-th-onkeyup}] [1000]: org.thymeleaf.standard.processor.StandardDOMEventAttributeTagProcessor
[THYMELEAF]             * [* {th:onselect,data-th-onselect}] [1000]: org.thymeleaf.standard.processor.StandardDOMEventAttributeTagProcessor
[THYMELEAF]             * [* {th:onmouseup,data-th-onmouseup}] [1000]: org.thymeleaf.standard.processor.StandardDOMEventAttributeTagProcessor
[THYMELEAF]             * [* {th:ontimeupdate,data-th-ontimeupdate}] [1000]: org.thymeleaf.standard.processor.StandardDOMEventAttributeTagProcessor
[THYMELEAF]             * [* {th:onreadystatechange,data-th-onreadystatechange}] [1000]: org.thymeleaf.standard.processor.StandardDOMEventAttributeTagProcessor
[THYMELEAF]             * [* {th:onmousemove,data-th-onmousemove}] [1000]: org.thymeleaf.standard.processor.StandardDOMEventAttributeTagProcessor
[THYMELEAF]             * [* {th:onoffline,data-th-onoffline}] [1000]: org.thymeleaf.standard.processor.StandardDOMEventAttributeTagProcessor
[THYMELEAF]             * [* {th:oncontextmenu,data-th-oncontextmenu}] [1000]: org.thymeleaf.standard.processor.StandardDOMEventAttributeTagProcessor
[THYMELEAF]             * [* {th:onforminput,data-th-onforminput}] [1000]: org.thymeleaf.standard.processor.StandardDOMEventAttributeTagProcessor
[THYMELEAF]             * [* {th:onchange,data-th-onchange}] [1000]: org.thymeleaf.standard.processor.StandardDOMEventAttributeTagProcessor
[THYMELEAF]             * [* {th:onemptied,data-th-onemptied}] [1000]: org.thymeleaf.standard.processor.StandardDOMEventAttributeTagProcessor
[THYMELEAF]             * [* {th:onshow,data-th-onshow}] [1000]: org.thymeleaf.standard.processor.StandardDOMEventAttributeTagProcessor
[THYMELEAF]             * [* {th:ondblclick,data-th-ondblclick}] [1000]: org.thymeleaf.standard.processor.StandardDOMEventAttributeTagProcessor
[THYMELEAF]             * [* {th:onabort,data-th-onabort}] [1000]: org.thymeleaf.standard.processor.StandardDOMEventAttributeTagProcessor
[THYMELEAF]             * [* {th:ondragover,data-th-ondragover}] [1000]: org.thymeleaf.standard.processor.StandardDOMEventAttributeTagProcessor
[THYMELEAF]             * [* {th:onformchange,data-th-onformchange}] [1000]: org.thymeleaf.standard.processor.StandardDOMEventAttributeTagProcessor
[THYMELEAF]             * [* {th:ondragenter,data-th-ondragenter}] [1000]: org.thymeleaf.standard.processor.StandardDOMEventAttributeTagProcessor
[THYMELEAF]             * [* {th:onkeydown,data-th-onkeydown}] [1000]: org.thymeleaf.standard.processor.StandardDOMEventAttributeTagProcessor
[THYMELEAF]             * [* {th:ondrop,data-th-ondrop}] [1000]: org.thymeleaf.standard.processor.StandardDOMEventAttributeTagProcessor
[THYMELEAF]             * [* {th:onstorage,data-th-onstorage}] [1000]: org.thymeleaf.standard.processor.StandardDOMEventAttributeTagProcessor
[THYMELEAF]             * [* {th:onmessage,data-th-onmessage}] [1000]: org.thymeleaf.standard.processor.StandardDOMEventAttributeTagProcessor
[THYMELEAF]             * [* {th:onsubmit,data-th-onsubmit}] [1000]: org.thymeleaf.standard.processor.StandardDOMEventAttributeTagProcessor
[THYMELEAF]             * [* {th:oncanplay,data-th-oncanplay}] [1000]: org.thymeleaf.standard.processor.StandardDOMEventAttributeTagProcessor
[THYMELEAF]             * [* {th:onscroll,data-th-onscroll}] [1000]: org.thymeleaf.standard.processor.StandardDOMEventAttributeTagProcessor
[THYMELEAF]             * [* {th:onkeypress,data-th-onkeypress}] [1000]: org.thymeleaf.standard.processor.StandardDOMEventAttributeTagProcessor
[THYMELEAF]             * [* {th:onfocus,data-th-onfocus}] [1000]: org.thymeleaf.standard.processor.StandardDOMEventAttributeTagProcessor
[THYMELEAF]             * [* {th:oninvalid,data-th-oninvalid}] [1000]: org.thymeleaf.standard.processor.StandardDOMEventAttributeTagProcessor
[THYMELEAF]             * [* {th:onvolumechange,data-th-onvolumechange}] [1000]: org.thymeleaf.standard.processor.StandardDOMEventAttributeTagProcessor
[THYMELEAF]             * [* {th:onended,data-th-onended}] [1000]: org.thymeleaf.standard.processor.StandardDOMEventAttributeTagProcessor
[THYMELEAF]             * [* {th:onprogress,data-th-onprogress}] [1000]: org.thymeleaf.standard.processor.StandardDOMEventAttributeTagProcessor
[THYMELEAF]             * [* {th:onpopstate,data-th-onpopstate}] [1000]: org.thymeleaf.standard.processor.StandardDOMEventAttributeTagProcessor
[THYMELEAF]             * [* {th:onreset,data-th-onreset}] [1000]: org.thymeleaf.standard.processor.StandardDOMEventAttributeTagProcessor
[THYMELEAF]             * [* {th:onmouseout,data-th-onmouseout}] [1000]: org.thymeleaf.standard.processor.StandardDOMEventAttributeTagProcessor
[THYMELEAF]             * [* {th:ononline,data-th-ononline}] [1000]: org.thymeleaf.standard.processor.StandardDOMEventAttributeTagProcessor
[THYMELEAF]             * [* {th:onafterprint,data-th-onafterprint}] [1000]: org.thymeleaf.standard.processor.StandardDOMEventAttributeTagProcessor
[THYMELEAF]             * [* {th:onresize,data-th-onresize}] [1000]: org.thymeleaf.standard.processor.StandardDOMEventAttributeTagProcessor
[THYMELEAF]             * [* {th:onpause,data-th-onpause}] [1000]: org.thymeleaf.standard.processor.StandardDOMEventAttributeTagProcessor
[THYMELEAF]             * [* {th:onundo,data-th-onundo}] [1000]: org.thymeleaf.standard.processor.StandardDOMEventAttributeTagProcessor
[THYMELEAF]             * [* {th:onblur,data-th-onblur}] [1000]: org.thymeleaf.standard.processor.StandardDOMEventAttributeTagProcessor
[THYMELEAF]             * [* {th:onloadeddata,data-th-onloadeddata}] [1000]: org.thymeleaf.standard.processor.StandardDOMEventAttributeTagProcessor
[THYMELEAF]             * [* {th:onloadstart,data-th-onloadstart}] [1000]: org.thymeleaf.standard.processor.StandardDOMEventAttributeTagProcessor
[THYMELEAF]             * [* {th:onratechange,data-th-onratechange}] [1000]: org.thymeleaf.standard.processor.StandardDOMEventAttributeTagProcessor
[THYMELEAF]             * [* {th:onredo,data-th-onredo}] [1000]: org.thymeleaf.standard.processor.StandardDOMEventAttributeTagProcessor
[THYMELEAF]             * [* {th:onmousedown,data-th-onmousedown}] [1000]: org.thymeleaf.standard.processor.StandardDOMEventAttributeTagProcessor
[THYMELEAF]             * [* {th:ondragstart,data-th-ondragstart}] [1000]: org.thymeleaf.standard.processor.StandardDOMEventAttributeTagProcessor
[THYMELEAF]             * [* {th:ondragleave,data-th-ondragleave}] [1000]: org.thymeleaf.standard.processor.StandardDOMEventAttributeTagProcessor
[THYMELEAF]             * [* {th:onplaying,data-th-onplaying}] [1000]: org.thymeleaf.standard.processor.StandardDOMEventAttributeTagProcessor
[THYMELEAF]             * [* {th:onerror,data-th-onerror}] [1000]: org.thymeleaf.standard.processor.StandardDOMEventAttributeTagProcessor
[THYMELEAF]             * [* {th:ondrag,data-th-ondrag}] [1000]: org.thymeleaf.standard.processor.StandardDOMEventAttributeTagProcessor
[THYMELEAF]             * [* {th:onmousewheel,data-th-onmousewheel}] [1000]: org.thymeleaf.standard.processor.StandardDOMEventAttributeTagProcessor
[THYMELEAF]             * [* {th:oncanplaythrough,data-th-oncanplaythrough}] [1000]: org.thymeleaf.standard.processor.StandardDOMEventAttributeTagProcessor
[THYMELEAF]             * [* {th:ondragend,data-th-ondragend}] [1000]: org.thymeleaf.standard.processor.StandardDOMEventAttributeTagProcessor
[THYMELEAF]             * [* {th:ondurationchange,data-th-ondurationchange}] [1000]: org.thymeleaf.standard.processor.StandardDOMEventAttributeTagProcessor
[THYMELEAF]             * [* {th:oninput,data-th-oninput}] [1000]: org.thymeleaf.standard.processor.StandardDOMEventAttributeTagProcessor
[THYMELEAF]             * [* {th:onsuspend,data-th-onsuspend}] [1000]: org.thymeleaf.standard.processor.StandardDOMEventAttributeTagProcessor
[THYMELEAF]             * [* {th:href,data-th-href}] [1000]: org.thymeleaf.standard.processor.StandardHrefTagProcessor
[THYMELEAF]             * [* {th:inline,data-th-inline}] [1000]: org.thymeleaf.standard.processor.StandardInlineHTMLTagProcessor
[THYMELEAF]             * [* {th:method,data-th-method}] [1000]: org.thymeleaf.standard.processor.StandardMethodTagProcessor
[THYMELEAF]             * [* {th:name,data-th-name}] [1000]: org.thymeleaf.standard.processor.StandardNonRemovableAttributeTagProcessor
[THYMELEAF]             * [* {th:type,data-th-type}] [1000]: org.thymeleaf.standard.processor.StandardNonRemovableAttributeTagProcessor
[THYMELEAF]             * [* {th:audio,data-th-audio}] [1000]: org.thymeleaf.standard.processor.StandardRemovableAttributeTagProcessor
[THYMELEAF]             * [* {th:archive,data-th-archive}] [1000]: org.thymeleaf.standard.processor.StandardRemovableAttributeTagProcessor
[THYMELEAF]             * [* {th:formaction,data-th-formaction}] [1000]: org.thymeleaf.standard.processor.StandardRemovableAttributeTagProcessor
[THYMELEAF]             * [* {th:title,data-th-title}] [1000]: org.thymeleaf.standard.processor.StandardRemovableAttributeTagProcessor
[THYMELEAF]             * [* {th:accesskey,data-th-accesskey}] [1000]: org.thymeleaf.standard.processor.StandardRemovableAttributeTagProcessor
[THYMELEAF]             * [* {th:dir,data-th-dir}] [1000]: org.thymeleaf.standard.processor.StandardRemovableAttributeTagProcessor
[THYMELEAF]             * [* {th:hspace,data-th-hspace}] [1000]: org.thymeleaf.standard.processor.StandardRemovableAttributeTagProcessor
[THYMELEAF]             * [* {th:autocomplete,data-th-autocomplete}] [1000]: org.thymeleaf.standard.processor.StandardRemovableAttributeTagProcessor
[THYMELEAF]             * [* {th:rows,data-th-rows}] [1000]: org.thymeleaf.standard.processor.StandardRemovableAttributeTagProcessor
[THYMELEAF]             * [* {th:accept,data-th-accept}] [1000]: org.thymeleaf.standard.processor.StandardRemovableAttributeTagProcessor
[THYMELEAF]             * [* {th:challenge,data-th-challenge}] [1000]: org.thymeleaf.standard.processor.StandardRemovableAttributeTagProcessor
[THYMELEAF]             * [* {th:radiogroup,data-th-radiogroup}] [1000]: org.thymeleaf.standard.processor.StandardRemovableAttributeTagProcessor
[THYMELEAF]             * [* {th:formenctype,data-th-formenctype}] [1000]: org.thymeleaf.standard.processor.StandardRemovableAttributeTagProcessor
[THYMELEAF]             * [* {th:min,data-th-min}] [1000]: org.thymeleaf.standard.processor.StandardRemovableAttributeTagProcessor
[THYMELEAF]             * [* {th:pattern,data-th-pattern}] [1000]: org.thymeleaf.standard.processor.StandardRemovableAttributeTagProcessor
[THYMELEAF]             * [* {th:step,data-th-step}] [1000]: org.thymeleaf.standard.processor.StandardRemovableAttributeTagProcessor
[THYMELEAF]             * [* {th:dropzone,data-th-dropzone}] [1000]: org.thymeleaf.standard.processor.StandardRemovableAttributeTagProcessor
[THYMELEAF]             * [* {th:content,data-th-content}] [1000]: org.thymeleaf.standard.processor.StandardRemovableAttributeTagProcessor
[THYMELEAF]             * [* {th:manifest,data-th-manifest}] [1000]: org.thymeleaf.standard.processor.StandardRemovableAttributeTagProcessor
[THYMELEAF]             * [* {th:kind,data-th-kind}] [1000]: org.thymeleaf.standard.processor.StandardRemovableAttributeTagProcessor
[THYMELEAF]             * [* {th:span,data-th-span}] [1000]: org.thymeleaf.standard.processor.StandardRemovableAttributeTagProcessor
[THYMELEAF]             * [* {th:height,data-th-height}] [1000]: org.thymeleaf.standard.processor.StandardRemovableAttributeTagProcessor
[THYMELEAF]             * [* {th:usemap,data-th-usemap}] [1000]: org.thymeleaf.standard.processor.StandardRemovableAttributeTagProcessor
[THYMELEAF]             * [* {th:sandbox,data-th-sandbox}] [1000]: org.thymeleaf.standard.processor.StandardRemovableAttributeTagProcessor
[THYMELEAF]             * [* {th:rules,data-th-rules}] [1000]: org.thymeleaf.standard.processor.StandardRemovableAttributeTagProcessor
[THYMELEAF]             * [* {th:target,data-th-target}] [1000]: org.thymeleaf.standard.processor.StandardRemovableAttributeTagProcessor
[THYMELEAF]             * [* {th:style,data-th-style}] [1000]: org.thymeleaf.standard.processor.StandardRemovableAttributeTagProcessor
[THYMELEAF]             * [* {th:high,data-th-high}] [1000]: org.thymeleaf.standard.processor.StandardRemovableAttributeTagProcessor
[THYMELEAF]             * [* {th:preload,data-th-preload}] [1000]: org.thymeleaf.standard.processor.StandardRemovableAttributeTagProcessor
[THYMELEAF]             * [* {th:background,data-th-background}] [1000]: org.thymeleaf.standard.processor.StandardRemovableAttributeTagProcessor
[THYMELEAF]             * [* {th:datetime,data-th-datetime}] [1000]: org.thymeleaf.standard.processor.StandardRemovableAttributeTagProcessor
[THYMELEAF]             * [* {th:charset,data-th-charset}] [1000]: org.thymeleaf.standard.processor.StandardRemovableAttributeTagProcessor
[THYMELEAF]             * [* {th:standby,data-th-standby}] [1000]: org.thymeleaf.standard.processor.StandardRemovableAttributeTagProcessor
[THYMELEAF]             * [* {th:abbr,data-th-abbr}] [1000]: org.thymeleaf.standard.processor.StandardRemovableAttributeTagProcessor
[THYMELEAF]             * [* {th:data,data-th-data}] [1000]: org.thymeleaf.standard.processor.StandardRemovableAttributeTagProcessor
[THYMELEAF]             * [* {th:low,data-th-low}] [1000]: org.thymeleaf.standard.processor.StandardRemovableAttributeTagProcessor
[THYMELEAF]             * [* {th:align,data-th-align}] [1000]: org.thymeleaf.standard.processor.StandardRemovableAttributeTagProcessor
[THYMELEAF]             * [* {th:keytype,data-th-keytype}] [1000]: org.thymeleaf.standard.processor.StandardRemovableAttributeTagProcessor
[THYMELEAF]             * [* {th:start,data-th-start}] [1000]: org.thymeleaf.standard.processor.StandardRemovableAttributeTagProcessor
[THYMELEAF]             * [* {th:frameborder,data-th-frameborder}] [1000]: org.thymeleaf.standard.processor.StandardRemovableAttributeTagProcessor
[THYMELEAF]             * [* {th:valuetype,data-th-valuetype}] [1000]: org.thymeleaf.standard.processor.StandardRemovableAttributeTagProcessor
[THYMELEAF]             * [* {th:compact,data-th-compact}] [1000]: org.thymeleaf.standard.processor.StandardRemovableAttributeTagProcessor
[THYMELEAF]             * [* {th:cellpadding,data-th-cellpadding}] [1000]: org.thymeleaf.standard.processor.StandardRemovableAttributeTagProcessor
[THYMELEAF]             * [* {th:border,data-th-border}] [1000]: org.thymeleaf.standard.processor.StandardRemovableAttributeTagProcessor
[THYMELEAF]             * [* {th:poster,data-th-poster}] [1000]: org.thymeleaf.standard.processor.StandardRemovableAttributeTagProcessor
[THYMELEAF]             * [* {th:scrolling,data-th-scrolling}] [1000]: org.thymeleaf.standard.processor.StandardRemovableAttributeTagProcessor
[THYMELEAF]             * [* {th:classid,data-th-classid}] [1000]: org.thymeleaf.standard.processor.StandardRemovableAttributeTagProcessor
[THYMELEAF]             * [* {th:cols,data-th-cols}] [1000]: org.thymeleaf.standard.processor.StandardRemovableAttributeTagProcessor
[THYMELEAF]             * [* {th:bgcolor,data-th-bgcolor}] [1000]: org.thymeleaf.standard.processor.StandardRemovableAttributeTagProcessor
[THYMELEAF]             * [* {th:list,data-th-list}] [1000]: org.thymeleaf.standard.processor.StandardRemovableAttributeTagProcessor
[THYMELEAF]             * [* {th:marginwidth,data-th-marginwidth}] [1000]: org.thymeleaf.standard.processor.StandardRemovableAttributeTagProcessor
[THYMELEAF]             * [* {th:label,data-th-label}] [1000]: org.thymeleaf.standard.processor.StandardRemovableAttributeTagProcessor
[THYMELEAF]             * [* {th:maxlength,data-th-maxlength}] [1000]: org.thymeleaf.standard.processor.StandardRemovableAttributeTagProcessor
[THYMELEAF]             * [* {th:optimum,data-th-optimum}] [1000]: org.thymeleaf.standard.processor.StandardRemovableAttributeTagProcessor
[THYMELEAF]             * [* {th:formmethod,data-th-formmethod}] [1000]: org.thymeleaf.standard.processor.StandardRemovableAttributeTagProcessor
[THYMELEAF]             * [* {th:colspan,data-th-colspan}] [1000]: org.thymeleaf.standard.processor.StandardRemovableAttributeTagProcessor
[THYMELEAF]             * [* {th:tabindex,data-th-tabindex}] [1000]: org.thymeleaf.standard.processor.StandardRemovableAttributeTagProcessor
[THYMELEAF]             * [* {th:class,data-th-class}] [1000]: org.thymeleaf.standard.processor.StandardRemovableAttributeTagProcessor
[THYMELEAF]             * [* {th:contenteditable,data-th-contenteditable}] [1000]: org.thymeleaf.standard.processor.StandardRemovableAttributeTagProcessor
[THYMELEAF]             * [* {th:http-equiv,data-th-http-equiv}] [1000]: org.thymeleaf.standard.processor.StandardRemovableAttributeTagProcessor
[THYMELEAF]             * [* {th:formtarget,data-th-formtarget}] [1000]: org.thymeleaf.standard.processor.StandardRemovableAttributeTagProcessor
[THYMELEAF]             * [* {th:size,data-th-size}] [1000]: org.thymeleaf.standard.processor.StandardRemovableAttributeTagProcessor
[THYMELEAF]             * [* {th:wrap,data-th-wrap}] [1000]: org.thymeleaf.standard.processor.StandardRemovableAttributeTagProcessor
[THYMELEAF]             * [* {th:scope,data-th-scope}] [1000]: org.thymeleaf.standard.processor.StandardRemovableAttributeTagProcessor
[THYMELEAF]             * [* {th:width,data-th-width}] [1000]: org.thymeleaf.standard.processor.StandardRemovableAttributeTagProcessor
[THYMELEAF]             * [* {th:sizes,data-th-sizes}] [1000]: org.thymeleaf.standard.processor.StandardRemovableAttributeTagProcessor
[THYMELEAF]             * [* {th:form,data-th-form}] [1000]: org.thymeleaf.standard.processor.StandardRemovableAttributeTagProcessor
[THYMELEAF]             * [* {th:lang,data-th-lang}] [1000]: org.thymeleaf.standard.processor.StandardRemovableAttributeTagProcessor
[THYMELEAF]             * [* {th:max,data-th-max}] [1000]: org.thymeleaf.standard.processor.StandardRemovableAttributeTagProcessor
[THYMELEAF]             * [* {th:media,data-th-media}] [1000]: org.thymeleaf.standard.processor.StandardRemovableAttributeTagProcessor
[THYMELEAF]             * [* {th:cellspacing,data-th-cellspacing}] [1000]: org.thymeleaf.standard.processor.StandardRemovableAttributeTagProcessor
[THYMELEAF]             * [* {th:icon,data-th-icon}] [1000]: org.thymeleaf.standard.processor.StandardRemovableAttributeTagProcessor
[THYMELEAF]             * [* {th:enctype,data-th-enctype}] [1000]: org.thymeleaf.standard.processor.StandardRemovableAttributeTagProcessor
[THYMELEAF]             * [* {th:scheme,data-th-scheme}] [1000]: org.thymeleaf.standard.processor.StandardRemovableAttributeTagProcessor
[THYMELEAF]             * [* {th:rowspan,data-th-rowspan}] [1000]: org.thymeleaf.standard.processor.StandardRemovableAttributeTagProcessor
[THYMELEAF]             * [* {th:codetype,data-th-codetype}] [1000]: org.thymeleaf.standard.processor.StandardRemovableAttributeTagProcessor
[THYMELEAF]             * [* {th:placeholder,data-th-placeholder}] [1000]: org.thymeleaf.standard.processor.StandardRemovableAttributeTagProcessor
[THYMELEAF]             * [* {th:contextmenu,data-th-contextmenu}] [1000]: org.thymeleaf.standard.processor.StandardRemovableAttributeTagProcessor
[THYMELEAF]             * [* {th:codebase,data-th-codebase}] [1000]: org.thymeleaf.standard.processor.StandardRemovableAttributeTagProcessor
[THYMELEAF]             * [* {th:summary,data-th-summary}] [1000]: org.thymeleaf.standard.processor.StandardRemovableAttributeTagProcessor
[THYMELEAF]             * [* {th:headers,data-th-headers}] [1000]: org.thymeleaf.standard.processor.StandardRemovableAttributeTagProcessor
[THYMELEAF]             * [* {th:axis,data-th-axis}] [1000]: org.thymeleaf.standard.processor.StandardRemovableAttributeTagProcessor
[THYMELEAF]             * [* {th:rel,data-th-rel}] [1000]: org.thymeleaf.standard.processor.StandardRemovableAttributeTagProcessor
[THYMELEAF]             * [* {th:cite,data-th-cite}] [1000]: org.thymeleaf.standard.processor.StandardRemovableAttributeTagProcessor
[THYMELEAF]             * [* {th:draggable,data-th-draggable}] [1000]: org.thymeleaf.standard.processor.StandardRemovableAttributeTagProcessor
[THYMELEAF]             * [* {th:for,data-th-for}] [1000]: org.thymeleaf.standard.processor.StandardRemovableAttributeTagProcessor
[THYMELEAF]             * [* {th:longdesc,data-th-longdesc}] [1000]: org.thymeleaf.standard.processor.StandardRemovableAttributeTagProcessor
[THYMELEAF]             * [* {th:rev,data-th-rev}] [1000]: org.thymeleaf.standard.processor.StandardRemovableAttributeTagProcessor
[THYMELEAF]             * [* {th:spellcheck,data-th-spellcheck}] [1000]: org.thymeleaf.standard.processor.StandardRemovableAttributeTagProcessor
[THYMELEAF]             * [* {th:vspace,data-th-vspace}] [1000]: org.thymeleaf.standard.processor.StandardRemovableAttributeTagProcessor
[THYMELEAF]             * [* {th:hreflang,data-th-hreflang}] [1000]: org.thymeleaf.standard.processor.StandardRemovableAttributeTagProcessor
[THYMELEAF]             * [* {th:alt,data-th-alt}] [1000]: org.thymeleaf.standard.processor.StandardRemovableAttributeTagProcessor
[THYMELEAF]             * [* {th:frame,data-th-frame}] [1000]: org.thymeleaf.standard.processor.StandardRemovableAttributeTagProcessor
[THYMELEAF]             * [* {th:marginheight,data-th-marginheight}] [1000]: org.thymeleaf.standard.processor.StandardRemovableAttributeTagProcessor
[THYMELEAF]             * [* {th:accept-charset,data-th-accept-charset}] [1000]: org.thymeleaf.standard.processor.StandardRemovableAttributeTagProcessor
[THYMELEAF]             * [* {th:srclang,data-th-srclang}] [1000]: org.thymeleaf.standard.processor.StandardRemovableAttributeTagProcessor
[THYMELEAF]             * [* {th:id,data-th-id}] [1000]: org.thymeleaf.standard.processor.StandardRemovableAttributeTagProcessor
[THYMELEAF]             * [* {th:src,data-th-src}] [1000]: org.thymeleaf.standard.processor.StandardSrcTagProcessor
[THYMELEAF]             * [* {th:value,data-th-value}] [1000]: org.thymeleaf.standard.processor.StandardValueTagProcessor
[THYMELEAF]             * [* {th:xmlbase,data-th-xmlbase}] [1000]: org.thymeleaf.standard.processor.StandardXmlBaseTagProcessor
[THYMELEAF]             * [* {th:xmllang,data-th-xmllang}] [1000]: org.thymeleaf.standard.processor.StandardXmlLangTagProcessor
[THYMELEAF]             * [* {xmlns:th}] [1000]: org.thymeleaf.standard.processor.StandardXmlNsTagProcessor
[THYMELEAF]             * [* {th:xmlspace,data-th-xmlspace}] [1000]: org.thymeleaf.standard.processor.StandardXmlSpaceTagProcessor
[THYMELEAF]             * [* {th:classappend,data-th-classappend}] [1100]: org.thymeleaf.standard.processor.StandardClassappendTagProcessor
[THYMELEAF]             * [* {th:styleappend,data-th-styleappend}] [1100]: org.thymeleaf.standard.processor.StandardStyleappendTagProcessor
[THYMELEAF]             * [* {th:text,data-th-text}] [1300]: org.thymeleaf.standard.processor.StandardTextTagProcessor
[THYMELEAF]             * [* {th:utext,data-th-utext}] [1400]: org.thymeleaf.standard.processor.StandardUtextTagProcessor
[THYMELEAF]             * [* {th:fragment,data-th-fragment}] [1500]: org.thymeleaf.standard.processor.StandardFragmentTagProcessor
[THYMELEAF]             * [* {th:assert,data-th-assert}] [1550]: org.thymeleaf.standard.processor.StandardAssertTagProcessor
[THYMELEAF]             * [* {th:remove,data-th-remove}] [1600]: org.thymeleaf.standard.processor.StandardRemoveTagProcessor
[THYMELEAF]             * [* {th:ref,data-th-ref}] [10000]: org.thymeleaf.standard.processor.StandardRefAttributeTagProcessor
[THYMELEAF]             * [{th:block,th-block} *] [100000]: org.thymeleaf.standard.processor.StandardBlockTagProcessor
[THYMELEAF]             * [* th:*] [2147483647]: org.thymeleaf.standard.processor.StandardDefaultAttributesTagProcessor
[THYMELEAF]         * Text Processors by [precedence]:
[THYMELEAF]             * [1000]: org.thymeleaf.standard.processor.StandardInliningTextProcessor
[THYMELEAF]         * DOCTYPE Processors by [precedence]:
[THYMELEAF]             * [1000]: org.thymeleaf.standard.processor.StandardTranslationDocTypeProcessor
[THYMELEAF]         * CDATA Section Processors by [precedence]:
[THYMELEAF]             * [1000]: org.thymeleaf.standard.processor.StandardInliningCDATASectionProcessor
[THYMELEAF]         * Comment Processors by [precedence]:
[THYMELEAF]             * [1000]: org.thymeleaf.standard.processor.StandardInliningCommentProcessor
[THYMELEAF]             * [1100]: org.thymeleaf.standard.processor.StandardConditionalCommentProcessor
[THYMELEAF]     * Processors for Template Mode: XML
[THYMELEAF]         * Element Tag Processors by [matching element and attribute name] [precedence]:
[THYMELEAF]             * [* {th:include}] [100]: org.thymeleaf.standard.processor.StandardIncludeTagProcessor
[THYMELEAF]             * [* {th:insert}] [100]: org.thymeleaf.standard.processor.StandardInsertTagProcessor
[THYMELEAF]             * [* {th:replace}] [100]: org.thymeleaf.standard.processor.StandardReplaceTagProcessor
[THYMELEAF]             * [* {th:each}] [200]: com.intuit.karate.template.KarateEachTagProcessor
[THYMELEAF]             * [* {th:switch}] [250]: org.thymeleaf.standard.processor.StandardSwitchTagProcessor
[THYMELEAF]             * [* {th:case}] [275]: org.thymeleaf.standard.processor.StandardCaseTagProcessor
[THYMELEAF]             * [* {th:if}] [300]: org.thymeleaf.standard.processor.StandardIfTagProcessor
[THYMELEAF]             * [* {th:unless}] [400]: org.thymeleaf.standard.processor.StandardUnlessTagProcessor
[THYMELEAF]             * [* {th:object}] [500]: org.thymeleaf.standard.processor.StandardObjectTagProcessor
[THYMELEAF]             * [* {th:with}] [600]: com.intuit.karate.template.KarateWithTagProcessor
[THYMELEAF]             * [* {th:attr}] [700]: com.intuit.karate.template.KarateAttributeTagProcessor.KarateAttrTagProcessor
[THYMELEAF]             * [* {th:attrappend}] [900]: com.intuit.karate.template.KarateAttributeTagProcessor.KarateAttrappendTagProcessor
[THYMELEAF]             * [* {th:attrprepend}] [900]: com.intuit.karate.template.KarateAttributeTagProcessor.KarateAttrprependTagProcessor
[THYMELEAF]             * [* {th:inline}] [1000]: org.thymeleaf.standard.processor.StandardInlineXMLTagProcessor
[THYMELEAF]             * [* {xmlns:th}] [1000]: org.thymeleaf.standard.processor.StandardXmlNsTagProcessor
[THYMELEAF]             * [* {th:text}] [1300]: org.thymeleaf.standard.processor.StandardTextTagProcessor
[THYMELEAF]             * [* {th:utext}] [1400]: org.thymeleaf.standard.processor.StandardUtextTagProcessor
[THYMELEAF]             * [* {th:fragment}] [1500]: org.thymeleaf.standard.processor.StandardFragmentTagProcessor
[THYMELEAF]             * [* {th:assert}] [1550]: org.thymeleaf.standard.processor.StandardAssertTagProcessor
[THYMELEAF]             * [* {th:remove}] [1600]: org.thymeleaf.standard.processor.StandardRemoveTagProcessor
[THYMELEAF]             * [* {th:ref}] [10000]: org.thymeleaf.standard.processor.StandardRefAttributeTagProcessor
[THYMELEAF]             * [{th:block} *] [100000]: org.thymeleaf.standard.processor.StandardBlockTagProcessor
[THYMELEAF]             * [* th:*] [2147483647]: org.thymeleaf.standard.processor.StandardDefaultAttributesTagProcessor
[THYMELEAF]         * Text Processors by [precedence]:
[THYMELEAF]             * [1000]: org.thymeleaf.standard.processor.StandardInliningTextProcessor
[THYMELEAF]         * CDATA Section Processors by [precedence]:
[THYMELEAF]             * [1000]: org.thymeleaf.standard.processor.StandardInliningCDATASectionProcessor
[THYMELEAF]         * Comment Processors by [precedence]:
[THYMELEAF]             * [1000]: org.thymeleaf.standard.processor.StandardInliningCommentProcessor
[THYMELEAF]     * Processors for Template Mode: TEXT
[THYMELEAF]         * Element Tag Processors by [matching element and attribute name] [precedence]:
[THYMELEAF]             * [* {th:insert}] [100]: org.thymeleaf.standard.processor.StandardInsertTagProcessor
[THYMELEAF]             * [* {th:replace}] [100]: org.thymeleaf.standard.processor.StandardReplaceTagProcessor
[THYMELEAF]             * [* {th:each}] [200]: com.intuit.karate.template.KarateEachTagProcessor
[THYMELEAF]             * [* {th:switch}] [250]: org.thymeleaf.standard.processor.StandardSwitchTagProcessor
[THYMELEAF]             * [* {th:case}] [275]: org.thymeleaf.standard.processor.StandardCaseTagProcessor
[THYMELEAF]             * [* {th:if}] [300]: org.thymeleaf.standard.processor.StandardIfTagProcessor
[THYMELEAF]             * [* {th:unless}] [400]: org.thymeleaf.standard.processor.StandardUnlessTagProcessor
[THYMELEAF]             * [* {th:object}] [500]: org.thymeleaf.standard.processor.StandardObjectTagProcessor
[THYMELEAF]             * [* {th:with}] [600]: com.intuit.karate.template.KarateWithTagProcessor
[THYMELEAF]             * [* {th:inline}] [1000]: org.thymeleaf.standard.processor.StandardInlineTextualTagProcessor
[THYMELEAF]             * [* {th:text}] [1300]: org.thymeleaf.standard.processor.StandardTextTagProcessor
[THYMELEAF]             * [* {th:utext}] [1400]: org.thymeleaf.standard.processor.StandardUtextTagProcessor
[THYMELEAF]             * [* {th:assert}] [1550]: org.thymeleaf.standard.processor.StandardAssertTagProcessor
[THYMELEAF]             * [* {th:remove}] [1600]: org.thymeleaf.standard.processor.StandardRemoveTagProcessor
[THYMELEAF]             * [{th:block} *] [100000]: org.thymeleaf.standard.processor.StandardBlockTagProcessor
[THYMELEAF]             * [* 100000] [org.thymeleaf.standard.processor.StandardBlockTagProcessor]: {}
[THYMELEAF]         * Text Processors by [precedence]:
[THYMELEAF]             * [1000]: org.thymeleaf.standard.processor.StandardInliningTextProcessor
[THYMELEAF]     * Processors for Template Mode: JAVASCRIPT
[THYMELEAF]         * Element Tag Processors by [matching element and attribute name] [precedence]:
[THYMELEAF]             * [* {th:insert}] [100]: org.thymeleaf.standard.processor.StandardInsertTagProcessor
[THYMELEAF]             * [* {th:replace}] [100]: org.thymeleaf.standard.processor.StandardReplaceTagProcessor
[THYMELEAF]             * [* {th:each}] [200]: com.intuit.karate.template.KarateEachTagProcessor
[THYMELEAF]             * [* {th:switch}] [250]: org.thymeleaf.standard.processor.StandardSwitchTagProcessor
[THYMELEAF]             * [* {th:case}] [275]: org.thymeleaf.standard.processor.StandardCaseTagProcessor
[THYMELEAF]             * [* {th:if}] [300]: org.thymeleaf.standard.processor.StandardIfTagProcessor
[THYMELEAF]             * [* {th:unless}] [400]: org.thymeleaf.standard.processor.StandardUnlessTagProcessor
[THYMELEAF]             * [* {th:object}] [500]: org.thymeleaf.standard.processor.StandardObjectTagProcessor
[THYMELEAF]             * [* {th:with}] [600]: com.intuit.karate.template.KarateWithTagProcessor
[THYMELEAF]             * [* {th:inline}] [1000]: org.thymeleaf.standard.processor.StandardInlineTextualTagProcessor
[THYMELEAF]             * [* {th:text}] [1300]: org.thymeleaf.standard.processor.StandardTextTagProcessor
[THYMELEAF]             * [* {th:utext}] [1400]: org.thymeleaf.standard.processor.StandardUtextTagProcessor
[THYMELEAF]             * [* {th:assert}] [1550]: org.thymeleaf.standard.processor.StandardAssertTagProcessor
[THYMELEAF]             * [* {th:remove}] [1600]: org.thymeleaf.standard.processor.StandardRemoveTagProcessor
[THYMELEAF]             * [* 100000] [org.thymeleaf.standard.processor.StandardBlockTagProcessor]: {}
[THYMELEAF]             * [{th:block} *] [100000]: org.thymeleaf.standard.processor.StandardBlockTagProcessor
[THYMELEAF]         * Text Processors by [precedence]:
[THYMELEAF]             * [1000]: org.thymeleaf.standard.processor.StandardInliningTextProcessor
[THYMELEAF]     * Processors for Template Mode: CSS
[THYMELEAF]         * Element Tag Processors by [matching element and attribute name] [precedence]:
[THYMELEAF]             * [* {th:insert}] [100]: org.thymeleaf.standard.processor.StandardInsertTagProcessor
[THYMELEAF]             * [* {th:replace}] [100]: org.thymeleaf.standard.processor.StandardReplaceTagProcessor
[THYMELEAF]             * [* {th:each}] [200]: com.intuit.karate.template.KarateEachTagProcessor
[THYMELEAF]             * [* {th:switch}] [250]: org.thymeleaf.standard.processor.StandardSwitchTagProcessor
[THYMELEAF]             * [* {th:case}] [275]: org.thymeleaf.standard.processor.StandardCaseTagProcessor
[THYMELEAF]             * [* {th:if}] [300]: org.thymeleaf.standard.processor.StandardIfTagProcessor
[THYMELEAF]             * [* {th:unless}] [400]: org.thymeleaf.standard.processor.StandardUnlessTagProcessor
[THYMELEAF]             * [* {th:object}] [500]: org.thymeleaf.standard.processor.StandardObjectTagProcessor
[THYMELEAF]             * [* {th:with}] [600]: com.intuit.karate.template.KarateWithTagProcessor
[THYMELEAF]             * [* {th:inline}] [1000]: org.thymeleaf.standard.processor.StandardInlineTextualTagProcessor
[THYMELEAF]             * [* {th:text}] [1300]: org.thymeleaf.standard.processor.StandardTextTagProcessor
[THYMELEAF]             * [* {th:utext}] [1400]: org.thymeleaf.standard.processor.StandardUtextTagProcessor
[THYMELEAF]             * [* {th:assert}] [1550]: org.thymeleaf.standard.processor.StandardAssertTagProcessor
[THYMELEAF]             * [* {th:remove}] [1600]: org.thymeleaf.standard.processor.StandardRemoveTagProcessor
[THYMELEAF]             * [* 100000] [org.thymeleaf.standard.processor.StandardBlockTagProcessor]: {}
[THYMELEAF]             * [{th:block} *] [100000]: org.thymeleaf.standard.processor.StandardBlockTagProcessor
[THYMELEAF]         * Text Processors by [precedence]:
[THYMELEAF]             * [1000]: org.thymeleaf.standard.processor.StandardInliningTextProcessor
[THYMELEAF]     * Expression Objects:
[THYMELEAF]         * #ctx
[THYMELEAF]         * #root
[THYMELEAF]         * #vars
[THYMELEAF]         * #object
[THYMELEAF]         * #locale
[THYMELEAF]         * #conversions
[THYMELEAF]         * #uris
[THYMELEAF]         * #temporals
[THYMELEAF]         * #calendars
[THYMELEAF]         * #dates
[THYMELEAF]         * #bools
[THYMELEAF]         * #numbers
[THYMELEAF]         * #objects
[THYMELEAF]         * #strings
[THYMELEAF]         * #arrays
[THYMELEAF]         * #lists
[THYMELEAF]         * #sets
[THYMELEAF]         * #maps
[THYMELEAF]         * #aggregates
[THYMELEAF]         * #messages
[THYMELEAF]         * #ids
[THYMELEAF]         * #execInfo
[THYMELEAF]         * #request
[THYMELEAF]         * #response
[THYMELEAF]         * #session
[THYMELEAF]         * #servletContext
[THYMELEAF]     * Execution Attributes:
[THYMELEAF]         * "StandardExpressionParser": com.intuit.karate.template.KarateStandardDialect@4beddc56
[THYMELEAF]         * "StandardJavaScriptSerializer": org.thymeleaf.standard.serializer.StandardJavaScriptSerializer@6050462a
[THYMELEAF]         * "StandardCSSSerializer": org.thymeleaf.standard.serializer.StandardCSSSerializer@4c0884e8
[THYMELEAF]         * "StandardVariableExpressionEvaluator": com.intuit.karate.template.KarateStandardDialect@4beddc56
[THYMELEAF]         * "StandardConversionService": org.thymeleaf.standard.expression.StandardConversionService@231baf51
[THYMELEAF] * Dialect [2 of 2]: karate (com.intuit.karate.template.KarateScriptDialect)
[THYMELEAF]     * Prefix: "ka"
[THYMELEAF]     * Processors for Template Mode: HTML
[THYMELEAF]         * Element Tag Processors by [matching element and attribute name] [precedence]:
[THYMELEAF]             * [* {src}] [1000]: com.intuit.karate.template.KaScriptAttrProcessor
[THYMELEAF]         * Element Model Processors by [matching element and attribute name] [precedence]:
[THYMELEAF]             * [{script} {ka:scope,data-ka-scope}] [1000]: com.intuit.karate.template.KaScriptElemProcessor
[THYMELEAF]             * [* {ka:set,data-ka-set}] [1000]: com.intuit.karate.template.KaSetElemProcessor
[THYMELEAF] TEMPLATE ENGINE CONFIGURED OK
23:08:13.889 [main] DEBUG org.thymeleaf.TemplateEngine -- [THYMELEAF] TEMPLATE ENGINE INITIALIZED

HTML report: (paste into browser to view) | Karate version: 1.4.1
file:///C:/Users/monst/karate-tests/target/karate-reports/karate-summary.html
===================================================================


=====================================================
Performance Test Results:
- Total Time: 30657 ms
- Average Time Per Request: 306.57 ms
- Requests Per Second: 3.26
- Report saved to: C:\Users\monst\karate-tests\target\performance-reports\performance-report-2025-06-22_23-08-13.md
=====================================================

]]></system-out>
  </testcase>
</testsuite>